00 09:17:44:720 Fichero de log abierto PID 14112

02 09:17:44:722 Intentando abrir fichero v10.ini
02 09:17:44:727 Cargando driver v10oracle funcion damedriveroracle
02 09:17:45:051 Conectado a base de datos
02 09:17:45:052 Proceso ACTSTKORIGEN encontrado en tabla VDPROCESOS
02 09:17:45:052 Proceso ACTSTKORIGEN cargado con función vdbuscamovst (Librería VDKERNEL.DLL) direccion 6C001560
02 09:17:45:053 Proceso ACTSTKDESTINO encontrado en tabla VDPROCESOS
02 09:17:45:053 Proceso ACTSTKDESTINO cargado con función vdbuscamovst (Librería VDKERNEL.DLL) direccion 6C001560
02 09:17:45:053 Proceso ACTSTKORIGEN2 encontrado en tabla VDPROCESOS
02 09:17:45:053 Proceso ACTSTKORIGEN2 cargado con función vdbuscamovst (Librería VDKERNEL.DLL) direccion 6C001560
02 09:17:45:055 PLSQL: INICIALIZADO PAQUETE DE LOG EL DIA 28-06-2022
02 09:17:45:062 Actualizado SID 136 SERIAL 16597 del proceso con PID 14112
02 09:36:42:343 Ejecucion número 10001 del proceso ACTSTKORIGEN total 66330
02 09:36:42:697 Ejecucion número 10001 del proceso ACTSTKDESTINO total 66350
02 09:36:42:812 Ejecucion número 10001 del proceso ACTSTKORIGEN2 total 66357

00 09:39:20:131 Fichero de log cerrado.

00 09:39:35:368 Fichero de log abierto PID 15452

02 09:39:35:372 Intentando abrir fichero v10.ini
02 09:39:35:380 Cargando driver v10oracle funcion damedriveroracle
02 09:39:35:952 Conectado a base de datos
02 09:39:35:952 Proceso ACTSTKORIGEN encontrado en tabla VDPROCESOS
02 09:39:35:952 Proceso ACTSTKORIGEN cargado con función vdbuscamovst (Librería VDKERNEL.DLL) direccion 6C001560
02 09:39:35:952 Proceso ACTSTKDESTINO encontrado en tabla VDPROCESOS
02 09:39:35:953 Proceso ACTSTKDESTINO cargado con función vdbuscamovst (Librería VDKERNEL.DLL) direccion 6C001560
02 09:39:35:953 Proceso ACTSTKORIGEN2 encontrado en tabla VDPROCESOS
02 09:39:35:953 Proceso ACTSTKORIGEN2 cargado con función vdbuscamovst (Librería VDKERNEL.DLL) direccion 6C001560
02 09:39:35:956 PLSQL: INICIALIZADO PAQUETE DE LOG EL DIA 28-06-2022
02 09:39:35:967 Actualizado SID 506 SERIAL 26286 del proceso con PID 15452
02 09:58:38:061 Ejecucion número 10001 del proceso ACTSTKORIGEN total 67230
02 09:58:38:172 Ejecucion número 10001 del proceso ACTSTKDESTINO total 67236
02 09:58:38:172 Ejecucion número 10001 del proceso ACTSTKORIGEN2 total 67236
02 10:17:41:892 Ejecucion número 20001 del proceso ACTSTKORIGEN total 134505
02 10:17:42:010 Ejecucion número 20001 del proceso ACTSTKDESTINO total 134512
02 10:17:42:242 Ejecucion número 20001 del proceso ACTSTKORIGEN2 total 134526
02 10:36:43:330 Ejecucion número 30001 del proceso ACTSTKORIGEN total 201760
02 10:36:43:681 Ejecucion número 30001 del proceso ACTSTKDESTINO total 201781
02 10:36:44:267 Ejecucion número 30001 del proceso ACTSTKORIGEN2 total 201816
02 11:18:26:663 Ejecucion número 40001 del proceso ACTSTKORIGEN total 269118
02 11:18:27:112 Ejecucion número 40001 del proceso ACTSTKDESTINO total 269144
02 11:18:27:900 Ejecucion número 40001 del proceso ACTSTKORIGEN2 total 269189
02 11:37:08:470 Ejecucion número 50001 del proceso ACTSTKORIGEN total 337213
02 11:37:09:036 Ejecucion número 50001 del proceso ACTSTKDESTINO total 337246
02 11:37:09:841 Ejecucion número 50001 del proceso ACTSTKORIGEN2 total 337293
02 11:56:11:937 Ejecucion número 60001 del proceso ACTSTKORIGEN total 404342
02 11:56:12:739 Ejecucion número 60001 del proceso ACTSTKDESTINO total 404389
02 11:56:13:659 Ejecucion número 60001 del proceso ACTSTKORIGEN2 total 404443

00 12:12:08:720 Fichero de log cerrado.

00 12:12:22:075 Fichero de log abierto PID 5592

02 12:12:22:077 Intentando abrir fichero v10.ini
02 12:12:22:082 Cargando driver v10oracle funcion damedriveroracle
02 12:12:22:655 Conectado a base de datos
02 12:12:22:657 Proceso ACTSTKORIGEN encontrado en tabla VDPROCESOS
02 12:12:22:659 Proceso ACTSTKORIGEN cargado con función vdbuscamovst (Librería VDKERNEL.DLL) direccion 6C001560
02 12:12:22:659 Proceso ACTSTKDESTINO encontrado en tabla VDPROCESOS
02 12:12:22:659 Proceso ACTSTKDESTINO cargado con función vdbuscamovst (Librería VDKERNEL.DLL) direccion 6C001560
02 12:12:22:659 Proceso ACTSTKORIGEN2 encontrado en tabla VDPROCESOS
02 12:12:22:659 Proceso ACTSTKORIGEN2 cargado con función vdbuscamovst (Librería VDKERNEL.DLL) direccion 6C001560
02 12:12:22:660 PLSQL: INICIALIZADO PAQUETE DE LOG EL DIA 28-06-2022
02 12:12:22:669 Actualizado SID 8 SERIAL 45925 del proceso con PID 5592

00 12:17:16:447 Fichero de log cerrado.

00 12:17:33:749 Fichero de log abierto PID 4316

02 12:17:33:750 Intentando abrir fichero v10.ini
02 12:17:33:757 Cargando driver v10oracle funcion damedriveroracle
02 12:17:34:452 Conectado a base de datos
02 12:17:34:455 Proceso ACTSTKORIGEN encontrado en tabla VDPROCESOS
02 12:17:34:455 Proceso ACTSTKORIGEN cargado con función vdbuscamovst (Librería VDKERNEL.DLL) direccion 6C001560
02 12:17:34:455 Proceso ACTSTKDESTINO encontrado en tabla VDPROCESOS
02 12:17:34:455 Proceso ACTSTKDESTINO cargado con función vdbuscamovst (Librería VDKERNEL.DLL) direccion 6C001560
02 12:17:34:455 Proceso ACTSTKORIGEN2 encontrado en tabla VDPROCESOS
02 12:17:34:455 Proceso ACTSTKORIGEN2 cargado con función vdbuscamovst (Librería VDKERNEL.DLL) direccion 6C001560
02 12:17:34:458 PLSQL: INICIALIZADO PAQUETE DE LOG EL DIA 28-06-2022
02 12:17:34:469 Actualizado SID 624 SERIAL 48506 del proceso con PID 4316

00 12:42:30:060 Fichero de log cerrado.

00 12:42:45:742 Fichero de log abierto PID 14692

02 12:42:45:785 Intentando abrir fichero v10.ini
02 12:42:45:799 Cargando driver v10oracle funcion damedriveroracle
02 12:42:46:452 Conectado a base de datos
02 12:42:46:454 Proceso ACTSTKORIGEN encontrado en tabla VDPROCESOS
02 12:42:46:454 Proceso ACTSTKORIGEN cargado con función vdbuscamovst (Librería VDKERNEL.DLL) direccion 6C001560
02 12:42:46:454 Proceso ACTSTKDESTINO encontrado en tabla VDPROCESOS
02 12:42:46:454 Proceso ACTSTKDESTINO cargado con función vdbuscamovst (Librería VDKERNEL.DLL) direccion 6C001560
02 12:42:46:454 Proceso ACTSTKORIGEN2 encontrado en tabla VDPROCESOS
02 12:42:46:455 Proceso ACTSTKORIGEN2 cargado con función vdbuscamovst (Librería VDKERNEL.DLL) direccion 6C001560
02 12:42:46:457 PLSQL: INICIALIZADO PAQUETE DE LOG EL DIA 28-06-2022
02 12:42:46:467 Actualizado SID 376 SERIAL 28412 del proceso con PID 14692
02 13:00:52:337 Ejecucion número 10001 del proceso ACTSTKORIGEN total 62043
02 13:00:52:567 Ejecucion número 10001 del proceso ACTSTKDESTINO total 62056
02 13:00:52:680 Ejecucion número 10001 del proceso ACTSTKORIGEN2 total 62063
02 13:19:01:892 Ejecucion número 20001 del proceso ACTSTKORIGEN total 124172
02 13:19:02:109 Ejecucion número 20001 del proceso ACTSTKDESTINO total 124184
02 13:19:02:440 Ejecucion número 20001 del proceso ACTSTKORIGEN2 total 124204

00 13:34:12:799 Fichero de log cerrado.

00 13:34:40:030 Fichero de log abierto PID 5696

02 13:34:40:032 Intentando abrir fichero v10.ini
02 13:34:40:039 Cargando driver v10oracle funcion damedriveroracle
02 13:34:40:662 Conectado a base de datos
02 13:34:40:664 Proceso ACTSTKORIGEN encontrado en tabla VDPROCESOS
02 13:34:40:664 Proceso ACTSTKORIGEN cargado con función vdbuscamovst (Librería VDKERNEL.DLL) direccion 6C001560
02 13:34:40:665 Proceso ACTSTKDESTINO encontrado en tabla VDPROCESOS
02 13:34:40:665 Proceso ACTSTKDESTINO cargado con función vdbuscamovst (Librería VDKERNEL.DLL) direccion 6C001560
02 13:34:40:665 Proceso ACTSTKORIGEN2 encontrado en tabla VDPROCESOS
02 13:34:40:665 Proceso ACTSTKORIGEN2 cargado con función vdbuscamovst (Librería VDKERNEL.DLL) direccion 6C001560
02 13:34:40:666 PLSQL: INICIALIZADO PAQUETE DE LOG EL DIA 28-06-2022
02 13:34:40:677 Actualizado SID 385 SERIAL 61120 del proceso con PID 5696

00 13:35:55:742 Fichero de log cerrado.

00 13:36:00:222 Fichero de log abierto PID 5208

02 13:36:00:222 Intentando abrir fichero v10.ini
02 13:36:00:230 Cargando driver v10oracle funcion damedriveroracle
02 13:36:00:944 Conectado a base de datos
02 13:36:00:945 Proceso ACTSTKORIGEN encontrado en tabla VDPROCESOS
02 13:36:00:947 Proceso ACTSTKORIGEN cargado con función vdbuscamovst (Librería VDKERNEL.DLL) direccion 6C001560
02 13:36:00:947 Proceso ACTSTKDESTINO encontrado en tabla VDPROCESOS
02 13:36:00:947 Proceso ACTSTKDESTINO cargado con función vdbuscamovst (Librería VDKERNEL.DLL) direccion 6C001560
02 13:36:00:947 Proceso ACTSTKORIGEN2 encontrado en tabla VDPROCESOS
02 13:36:00:947 Proceso ACTSTKORIGEN2 cargado con función vdbuscamovst (Librería VDKERNEL.DLL) direccion 6C001560
02 13:36:00:949 PLSQL: INICIALIZADO PAQUETE DE LOG EL DIA 28-06-2022
02 13:36:00:960 Actualizado SID 384 SERIAL 19644 del proceso con PID 5208

00 13:36:42:907 Fichero de log cerrado.

00 13:44:14:552 Fichero de log abierto PID 15428

02 13:44:14:555 Intentando abrir fichero v10.ini
02 13:44:14:560 Cargando driver v10oracle funcion damedriveroracle
02 13:44:15:020 Conectado a base de datos
02 13:44:15:024 Proceso ACTSTKORIGEN encontrado en tabla VDPROCESOS
02 13:44:15:025 Proceso ACTSTKORIGEN cargado con función vdbuscamovst (Librería VDKERNEL.DLL) direccion 6C001560
02 13:44:15:025 Proceso ACTSTKDESTINO encontrado en tabla VDPROCESOS
02 13:44:15:025 Proceso ACTSTKDESTINO cargado con función vdbuscamovst (Librería VDKERNEL.DLL) direccion 6C001560
02 13:44:15:025 Proceso ACTSTKORIGEN2 encontrado en tabla VDPROCESOS
02 13:44:15:025 Proceso ACTSTKORIGEN2 cargado con función vdbuscamovst (Librería VDKERNEL.DLL) direccion 6C001560
02 13:44:15:027 PLSQL: INICIALIZADO PAQUETE DE LOG EL DIA 28-06-2022
02 13:44:15:035 Actualizado SID 257 SERIAL 56917 del proceso con PID 15428
02 14:03:05:862 Ejecucion número 10001 del proceso ACTSTKORIGEN total 67266
02 14:03:05:862 Ejecucion número 10001 del proceso ACTSTKDESTINO total 67266
02 14:03:05:970 Ejecucion número 10001 del proceso ACTSTKORIGEN2 total 67273
02 14:22:03:699 Ejecucion número 20001 del proceso ACTSTKORIGEN total 133934
02 14:22:03:815 Ejecucion número 20001 del proceso ACTSTKDESTINO total 133941
02 14:22:04:167 Ejecucion número 20001 del proceso ACTSTKORIGEN2 total 133962
02 14:40:59:617 Ejecucion número 30001 del proceso ACTSTKORIGEN total 200827
02 14:41:00:304 Ejecucion número 30001 del proceso ACTSTKDESTINO total 200867
02 14:41:00:655 Ejecucion número 30001 del proceso ACTSTKORIGEN2 total 200888

00 14:45:59:840 Fichero de log cerrado.

00 14:46:22:759 Fichero de log abierto PID 7004

02 14:46:22:760 Intentando abrir fichero v10.ini
02 14:46:22:765 Cargando driver v10oracle funcion damedriveroracle
02 14:46:23:390 Conectado a base de datos
02 14:46:23:395 Proceso ACTSTKORIGEN encontrado en tabla VDPROCESOS
02 14:46:23:395 Proceso ACTSTKORIGEN cargado con función vdbuscamovst (Librería VDKERNEL.DLL) direccion 6C001560
02 14:46:23:395 Proceso ACTSTKDESTINO encontrado en tabla VDPROCESOS
02 14:46:23:395 Proceso ACTSTKDESTINO cargado con función vdbuscamovst (Librería VDKERNEL.DLL) direccion 6C001560
02 14:46:23:395 Proceso ACTSTKORIGEN2 encontrado en tabla VDPROCESOS
02 14:46:23:395 Proceso ACTSTKORIGEN2 cargado con función vdbuscamovst (Librería VDKERNEL.DLL) direccion 6C001560
02 14:46:23:398 PLSQL: INICIALIZADO PAQUETE DE LOG EL DIA 28-06-2022
02 14:46:23:407 Actualizado SID 20 SERIAL 58726 del proceso con PID 7004
02 15:05:19:960 Ejecucion número 10001 del proceso ACTSTKORIGEN total 66535
02 15:05:20:195 Ejecucion número 10001 del proceso ACTSTKDESTINO total 66549
02 15:05:20:529 Ejecucion número 10001 del proceso ACTSTKORIGEN2 total 66569
02 15:57:11:582 Ejecucion número 20001 del proceso ACTSTKORIGEN total 134268
02 15:57:11:829 Ejecucion número 20001 del proceso ACTSTKDESTINO total 134283
02 15:57:12:152 Ejecucion número 20001 del proceso ACTSTKORIGEN2 total 134302
02 16:15:28:635 Ejecucion número 30001 del proceso ACTSTKORIGEN total 203199
02 16:15:29:087 Ejecucion número 30001 del proceso ACTSTKDESTINO total 203224
02 16:15:29:537 Ejecucion número 30001 del proceso ACTSTKORIGEN2 total 203251
02 16:34:15:950 Ejecucion número 40001 del proceso ACTSTKORIGEN total 270387
02 16:34:16:845 Ejecucion número 40001 del proceso ACTSTKDESTINO total 270438
02 16:34:17:635 Ejecucion número 40001 del proceso ACTSTKORIGEN2 total 270485
02 16:53:15:990 Ejecucion número 50001 del proceso ACTSTKORIGEN total 337349
02 16:53:16:895 Ejecucion número 50001 del proceso ACTSTKDESTINO total 337401
02 16:53:17:674 Ejecucion número 50001 del proceso ACTSTKORIGEN2 total 337446
02 17:12:10:330 Ejecucion número 60001 del proceso ACTSTKORIGEN total 404708
02 17:12:11:479 Ejecucion número 60001 del proceso ACTSTKDESTINO total 404776
02 17:12:12:499 Ejecucion número 60001 del proceso ACTSTKORIGEN2 total 404837
02 17:31:01:192 Ejecucion número 70001 del proceso ACTSTKORIGEN total 471878
02 17:31:02:427 Ejecucion número 70001 del proceso ACTSTKDESTINO total 471951
02 17:31:03:645 Ejecucion número 70001 del proceso ACTSTKORIGEN2 total 472022
02 17:49:50:375 Ejecucion número 80001 del proceso ACTSTKORIGEN total 539387
02 17:49:51:870 Ejecucion número 80001 del proceso ACTSTKDESTINO total 539474
02 17:49:53:200 Ejecucion número 80001 del proceso ACTSTKORIGEN2 total 539553

00 17:58:49:100 Fichero de log cerrado.

