00 17:11:02:979 Fichero de log abierto PID 16520

02 17:11:02:980 Intentando abrir fichero v10.ini
02 17:11:02:980 Cargando driver v10oracle funcion damedriveroracle
02 17:11:03:040 Conectado a base de datos
02 17:11:03:095 Proceso ACTSTKORIGEN encontrado en tabla VDPROCESOS
02 17:11:03:095 Proceso ACTSTKORIGEN cargado con función vdbuscamovst (Librería VDKERNEL.DLL) direccion 5F781560
02 17:11:03:095 Proceso ACTSTKORIGEN2 encontrado en tabla VDPROCESOS
02 17:11:03:097 Proceso ACTSTKORIGEN2 cargado con función vdbuscamovst (Librería VDKERNEL.DLL) direccion 5F781560
02 17:11:03:097 Proceso ACTSTKDESTINO encontrado en tabla VDPROCESOS
02 17:11:03:097 Proceso ACTSTKDESTINO cargado con función vdbuscamovst (Librería VDKERNEL.DLL) direccion 5F781560
02 17:11:03:117 PLSQL: INICIALIZADO PAQUETE DE LOG EL DIA 06-05-2020
02 17:11:03:234 vdbuscamovst: Procesando movimiento 16814 
02 17:11:03:905 PLSQL: actstkdest :  Procesando movimiento 16814 ...
00 17:11:04:422 PLSQL: CREASTKMOV :  BUSCANDO MATRICULA 384202005040000003
00 17:11:04:422 PLSQL: CREASTKMOV :  ENCONTRADA MATRICULA 384202005040000003
02 17:11:04:754 PLSQL: ACTSTOCKBULTOS :  MOVIMIENTO  16814 ACTUALIZADO SIN BULTOS ASOCIADOS
02 17:11:04:768 PLSQL: actstkdest :  Movimiento 16814 procesado correctamente
02 17:11:04:780 PLSQL: ACTSTOCKBULTOS :  MOVIMIENTO  16814 ACTUALIZADO SIN BULTOS ASOCIADOS
02 17:11:04:790 vdbuscamovst: Procesando movimiento 16815 
02 17:11:04:796 PLSQL: actstkdest :  Procesando movimiento 16815 ...
00 17:11:04:797 PLSQL: CREASTKMOV :  BUSCANDO MATRICULA 384202005040000001
00 17:11:04:797 PLSQL: CREASTKMOV :  ENCONTRADA MATRICULA 384202005040000001
02 17:11:04:797 PLSQL: ACTSTOCKBULTOS :  MOVIMIENTO  16815 ACTUALIZADO SIN BULTOS ASOCIADOS
02 17:11:04:797 PLSQL: actstkdest :  Movimiento 16815 procesado correctamente
02 17:11:04:811 PLSQL: ACTSTOCKBULTOS :  MOVIMIENTO  16815 ACTUALIZADO SIN BULTOS ASOCIADOS
02 17:11:04:817 vdbuscamovst: Procesando movimiento 16816 
02 17:11:04:823 PLSQL: actstkdest :  Procesando movimiento 16816 ...
00 17:11:04:824 PLSQL: CREASTKMOV :  BUSCANDO MATRICULA 384202005040000002
00 17:11:04:824 PLSQL: CREASTKMOV :  ENCONTRADA MATRICULA 384202005040000002
02 17:11:04:824 PLSQL: ACTSTOCKBULTOS :  MOVIMIENTO  16816 ACTUALIZADO SIN BULTOS ASOCIADOS
02 17:11:04:824 PLSQL: actstkdest :  Movimiento 16816 procesado correctamente
02 17:11:04:837 PLSQL: ACTSTOCKBULTOS :  MOVIMIENTO  16816 ACTUALIZADO SIN BULTOS ASOCIADOS
02 17:29:49:412 Ejecucion número 10001 del proceso ACTSTKORIGEN total 59524
02 17:29:49:632 Ejecucion número 10001 del proceso ACTSTKORIGEN2 total 59535
02 17:29:49:740 Ejecucion número 10001 del proceso ACTSTKDESTINO total 59541
02 17:38:57:717 vdbuscamovst: Procesando movimiento 16822 
02 17:38:57:720 PLSQL: actstkdest :  Procesando movimiento 16822 ...
00 17:38:57:726 PLSQL: CREASTKMOV :  BUSCANDO MATRICULA 384100000010000001
00 17:38:57:726 PLSQL: CREASTKMOV :  ENCONTRADA MATRICULA 384100000010000001
02 17:38:57:727 PLSQL: ACTSTOCKBULTOS :  MOVIMIENTO  16822 ACTUALIZADO SIN BULTOS ASOCIADOS
02 17:38:57:727 PLSQL: actstkdest :  Movimiento 16822 procesado correctamente
02 17:38:57:730 PLSQL: ACTSTOCKBULTOS :  MOVIMIENTO  16822 ACTUALIZADO SIN BULTOS ASOCIADOS
02 17:39:31:417 vdbuscamovst: Procesando movimiento 16823 
02 17:39:31:422 PLSQL: actstkdest :  Procesando movimiento 16823 ...
00 17:39:31:422 PLSQL: CREASTKMOV :  BUSCANDO MATRICULA 384100000010000002
00 17:39:31:422 PLSQL: CREASTKMOV :  ENCONTRADA MATRICULA 384100000010000002
02 17:39:31:422 PLSQL: ACTSTOCKBULTOS :  MOVIMIENTO  16823 ACTUALIZADO SIN BULTOS ASOCIADOS
02 17:39:31:422 PLSQL: actstkdest :  Movimiento 16823 procesado correctamente
02 17:39:31:429 PLSQL: ACTSTOCKBULTOS :  MOVIMIENTO  16823 ACTUALIZADO SIN BULTOS ASOCIADOS
02 17:48:34:162 Ejecucion número 20001 del proceso ACTSTKORIGEN total 119165
02 17:48:34:397 Ejecucion número 20001 del proceso ACTSTKORIGEN2 total 119178
02 17:48:35:070 Ejecucion número 20001 del proceso ACTSTKDESTINO total 119214

00 18:05:02:295 Fichero de log cerrado.

