00 09:08:31:900 Fichero de log abierto PID 764

02 09:08:31:901 Intentando abrir fichero v10.ini
02 09:08:31:910 Cargando driver v10oracle funcion damedriveroracle
02 09:08:32:638 Conectado a base de datos
02 09:08:32:640 Proceso ACTSTKORIGEN encontrado en tabla VDPROCESOS
02 09:08:32:641 Proceso ACTSTKORIGEN cargado con función vdbuscamovst (Librería VDKERNEL.DLL) direccion 6FF61560
02 09:08:32:641 Proceso ACTSTKDESTINO encontrado en tabla VDPROCESOS
02 09:08:32:641 Proceso ACTSTKDESTINO cargado con función vdbuscamovst (Librería VDKERNEL.DLL) direccion 6FF61560
02 09:08:32:642 Proceso ACTSTKORIGEN2 encontrado en tabla VDPROCESOS
02 09:08:32:642 Proceso ACTSTKORIGEN2 cargado con función vdbuscamovst (Librería VDKERNEL.DLL) direccion 6FF61560
02 09:08:32:643 PLSQL: INICIALIZADO PAQUETE DE LOG EL DIA 28-03-2022
02 09:08:32:651 Actualizado SID 746 SERIAL 19799 del proceso con PID 764
02 09:26:43:960 Ejecucion número 10001 del proceso ACTSTKORIGEN total 69754
02 09:26:43:961 Ejecucion número 10001 del proceso ACTSTKDESTINO total 69754
02 09:26:43:962 Ejecucion número 10001 del proceso ACTSTKORIGEN2 total 69754
02 09:44:49:657 Ejecucion número 20001 del proceso ACTSTKORIGEN total 139730
02 09:44:49:657 Ejecucion número 20001 del proceso ACTSTKDESTINO total 139730
02 09:44:49:657 Ejecucion número 20001 del proceso ACTSTKORIGEN2 total 139730
02 10:02:56:483 Ejecucion número 30001 del proceso ACTSTKORIGEN total 209722
02 10:02:56:483 Ejecucion número 30001 del proceso ACTSTKDESTINO total 209722
02 10:02:56:485 Ejecucion número 30001 del proceso ACTSTKORIGEN2 total 209722
02 10:21:03:210 Ejecucion número 40001 del proceso ACTSTKORIGEN total 279714
02 10:21:03:210 Ejecucion número 40001 del proceso ACTSTKDESTINO total 279714
02 10:21:03:211 Ejecucion número 40001 del proceso ACTSTKORIGEN2 total 279714
02 10:39:09:643 Ejecucion número 50001 del proceso ACTSTKORIGEN total 349697
02 10:39:09:643 Ejecucion número 50001 del proceso ACTSTKDESTINO total 349697
02 10:39:09:645 Ejecucion número 50001 del proceso ACTSTKORIGEN2 total 349697
02 10:57:16:255 Ejecucion número 60001 del proceso ACTSTKORIGEN total 419683
02 10:57:16:256 Ejecucion número 60001 del proceso ACTSTKDESTINO total 419683
02 10:57:16:256 Ejecucion número 60001 del proceso ACTSTKORIGEN2 total 419683
02 11:15:23:268 Ejecucion número 70001 del proceso ACTSTKORIGEN total 489668
02 11:15:23:270 Ejecucion número 70001 del proceso ACTSTKDESTINO total 489668
02 11:15:23:287 Ejecucion número 70001 del proceso ACTSTKORIGEN2 total 489669
02 11:33:35:577 Ejecucion número 80001 del proceso ACTSTKORIGEN total 559649
02 11:33:35:577 Ejecucion número 80001 del proceso ACTSTKDESTINO total 559649
02 11:33:35:577 Ejecucion número 80001 del proceso ACTSTKORIGEN2 total 559649
02 11:51:46:069 Ejecucion número 90001 del proceso ACTSTKORIGEN total 629622
02 11:51:46:070 Ejecucion número 90001 del proceso ACTSTKDESTINO total 629622
02 11:51:46:070 Ejecucion número 90001 del proceso ACTSTKORIGEN2 total 629622
02 12:09:56:480 Ejecucion número 100001 del proceso ACTSTKORIGEN total 699612
02 12:09:56:480 Ejecucion número 100001 del proceso ACTSTKDESTINO total 699612
02 12:09:56:480 Ejecucion número 100001 del proceso ACTSTKORIGEN2 total 699612
02 12:28:07:325 Ejecucion número 110001 del proceso ACTSTKORIGEN total 769600
02 12:28:07:325 Ejecucion número 110001 del proceso ACTSTKDESTINO total 769600
02 12:28:07:327 Ejecucion número 110001 del proceso ACTSTKORIGEN2 total 769600
02 12:46:17:315 Ejecucion número 120001 del proceso ACTSTKORIGEN total 839582
02 12:46:17:315 Ejecucion número 120001 del proceso ACTSTKDESTINO total 839582
02 12:46:17:315 Ejecucion número 120001 del proceso ACTSTKORIGEN2 total 839582
02 13:04:26:707 Ejecucion número 130001 del proceso ACTSTKORIGEN total 909559
02 13:04:26:707 Ejecucion número 130001 del proceso ACTSTKDESTINO total 909559
02 13:04:26:707 Ejecucion número 130001 del proceso ACTSTKORIGEN2 total 909559
02 13:22:32:057 Ejecucion número 140001 del proceso ACTSTKORIGEN total 979547
02 13:22:32:057 Ejecucion número 140001 del proceso ACTSTKDESTINO total 979547
02 13:22:32:059 Ejecucion número 140001 del proceso ACTSTKORIGEN2 total 979547
02 13:40:30:365 Ejecucion número 150001 del proceso ACTSTKORIGEN total 1049525
02 13:40:30:367 Ejecucion número 150001 del proceso ACTSTKDESTINO total 1049525
02 13:40:30:385 Ejecucion número 150001 del proceso ACTSTKORIGEN2 total 1049526
02 13:58:27:132 Ejecucion número 160001 del proceso ACTSTKORIGEN total 1119508
02 13:58:27:132 Ejecucion número 160001 del proceso ACTSTKDESTINO total 1119508
02 13:58:27:150 Ejecucion número 160001 del proceso ACTSTKORIGEN2 total 1119509
02 14:16:21:584 Ejecucion número 170001 del proceso ACTSTKORIGEN total 1189486
02 14:16:21:615 Ejecucion número 170001 del proceso ACTSTKDESTINO total 1189488
02 14:16:21:634 Ejecucion número 170001 del proceso ACTSTKORIGEN2 total 1189489
02 14:34:17:195 Ejecucion número 180001 del proceso ACTSTKORIGEN total 1259471
02 14:34:17:215 Ejecucion número 180001 del proceso ACTSTKDESTINO total 1259472
02 14:34:17:215 Ejecucion número 180001 del proceso ACTSTKORIGEN2 total 1259472
02 14:52:12:217 Ejecucion número 190001 del proceso ACTSTKORIGEN total 1329464
02 14:52:12:237 Ejecucion número 190001 del proceso ACTSTKDESTINO total 1329465
02 14:52:12:237 Ejecucion número 190001 del proceso ACTSTKORIGEN2 total 1329465
02 15:10:07:152 Ejecucion número 200001 del proceso ACTSTKORIGEN total 1399457
02 15:10:07:154 Ejecucion número 200001 del proceso ACTSTKDESTINO total 1399457
02 15:10:07:154 Ejecucion número 200001 del proceso ACTSTKORIGEN2 total 1399457

00 15:19:41:782 Fichero de log cerrado.

00 15:19:48:440 Fichero de log abierto PID 8508

02 15:19:48:444 Intentando abrir fichero v10.ini
02 15:19:48:450 Cargando driver v10oracle funcion damedriveroracle
02 15:19:49:380 Conectado a base de datos
02 15:19:49:382 Proceso ACTSTKORIGEN encontrado en tabla VDPROCESOS
02 15:19:49:384 Proceso ACTSTKORIGEN cargado con función vdbuscamovst (Librería VDKERNEL.DLL) direccion 6FF61560
02 15:19:49:384 Proceso ACTSTKDESTINO encontrado en tabla VDPROCESOS
02 15:19:49:384 Proceso ACTSTKDESTINO cargado con función vdbuscamovst (Librería VDKERNEL.DLL) direccion 6FF61560
02 15:19:49:385 Proceso ACTSTKORIGEN2 encontrado en tabla VDPROCESOS
02 15:19:49:385 Proceso ACTSTKORIGEN2 cargado con función vdbuscamovst (Librería VDKERNEL.DLL) direccion 6FF61560
02 15:19:49:387 PLSQL: INICIALIZADO PAQUETE DE LOG EL DIA 28-03-2022
02 15:19:49:397 Actualizado SID 862 SERIAL 1746 del proceso con PID 8508
02 15:37:57:437 Ejecucion número 10001 del proceso ACTSTKORIGEN total 69977
02 15:37:57:440 Ejecucion número 10001 del proceso ACTSTKDESTINO total 69977
02 15:37:57:440 Ejecucion número 10001 del proceso ACTSTKORIGEN2 total 69977
02 15:56:06:574 Ejecucion número 20001 del proceso ACTSTKORIGEN total 139787
02 15:56:06:574 Ejecucion número 20001 del proceso ACTSTKDESTINO total 139787
02 15:56:06:575 Ejecucion número 20001 del proceso ACTSTKORIGEN2 total 139787

00 16:06:05:725 Fichero de log cerrado.

00 16:06:20:955 Fichero de log abierto PID 6256

02 16:06:20:957 Intentando abrir fichero v10.ini
02 16:06:20:964 Cargando driver v10oracle funcion damedriveroracle
02 16:06:21:797 Conectado a base de datos
02 16:06:21:800 Proceso ACTSTKORIGEN encontrado en tabla VDPROCESOS
02 16:06:21:800 Proceso ACTSTKORIGEN cargado con función vdbuscamovst (Librería VDKERNEL.DLL) direccion 6FF61560
02 16:06:21:802 Proceso ACTSTKDESTINO encontrado en tabla VDPROCESOS
02 16:06:21:802 Proceso ACTSTKDESTINO cargado con función vdbuscamovst (Librería VDKERNEL.DLL) direccion 6FF61560
02 16:06:21:802 Proceso ACTSTKORIGEN2 encontrado en tabla VDPROCESOS
02 16:06:21:802 Proceso ACTSTKORIGEN2 cargado con función vdbuscamovst (Librería VDKERNEL.DLL) direccion 6FF61560
02 16:06:21:804 PLSQL: INICIALIZADO PAQUETE DE LOG EL DIA 28-03-2022
02 16:06:21:814 Actualizado SID 623 SERIAL 47342 del proceso con PID 6256
02 16:24:27:437 Ejecucion número 10001 del proceso ACTSTKORIGEN total 69991
02 16:24:27:439 Ejecucion número 10001 del proceso ACTSTKDESTINO total 69991
02 16:24:27:439 Ejecucion número 10001 del proceso ACTSTKORIGEN2 total 69991
02 16:42:34:297 Ejecucion número 20001 del proceso ACTSTKORIGEN total 139980
02 16:42:34:297 Ejecucion número 20001 del proceso ACTSTKDESTINO total 139980
02 16:42:34:299 Ejecucion número 20001 del proceso ACTSTKORIGEN2 total 139980
02 17:00:40:410 Ejecucion número 30001 del proceso ACTSTKORIGEN total 209945
02 17:00:40:412 Ejecucion número 30001 del proceso ACTSTKDESTINO total 209945
02 17:00:40:412 Ejecucion número 30001 del proceso ACTSTKORIGEN2 total 209945
02 17:18:48:602 Ejecucion número 40001 del proceso ACTSTKORIGEN total 279909
02 17:18:48:712 Ejecucion número 40001 del proceso ACTSTKDESTINO total 279916
02 17:18:48:715 Ejecucion número 40001 del proceso ACTSTKORIGEN2 total 279916
02 17:36:57:385 Ejecucion número 50001 del proceso ACTSTKORIGEN total 349902
02 17:36:57:495 Ejecucion número 50001 del proceso ACTSTKDESTINO total 349909
02 17:36:57:497 Ejecucion número 50001 del proceso ACTSTKORIGEN2 total 349909
02 17:55:05:867 Ejecucion número 60001 del proceso ACTSTKORIGEN total 419893
02 17:55:05:979 Ejecucion número 60001 del proceso ACTSTKDESTINO total 419900
02 17:55:05:980 Ejecucion número 60001 del proceso ACTSTKORIGEN2 total 419900

00 17:59:49:285 Fichero de log cerrado.

