00 11:41:47:069 Fichero de log abierto PID 14416

02 11:41:47:069 Intentando abrir fichero v10.ini
02 11:41:47:075 Cargando driver v10oracle funcion damedriveroracle
02 11:41:47:665 Conectado a base de datos
02 11:41:47:667 Proceso ACTSTKORIGEN encontrado en tabla VDPROCESOS
02 11:41:47:670 Proceso ACTSTKORIGEN cargado con función vdbuscamovst (Librería VDKERNEL.DLL) direccion 6F3D1560
02 11:41:47:670 Proceso ACTSTKDESTINO encontrado en tabla VDPROCESOS
02 11:41:47:670 Proceso ACTSTKDESTINO cargado con función vdbuscamovst (Librería VDKERNEL.DLL) direccion 6F3D1560
02 11:41:47:670 Proceso ACTSTKORIGEN2 encontrado en tabla VDPROCESOS
02 11:41:47:670 Proceso ACTSTKORIGEN2 cargado con función vdbuscamovst (Librería VDKERNEL.DLL) direccion 6F3D1560
02 11:41:47:672 PLSQL: INICIALIZADO PAQUETE DE LOG EL DIA 04-07-2022
02 11:41:47:679 Actualizado SID 862 SERIAL 15816 del proceso con PID 14416
02 12:00:36:925 Ejecucion número 10001 del proceso ACTSTKORIGEN total 67276
02 12:00:37:032 Ejecucion número 10001 del proceso ACTSTKDESTINO total 67282
02 12:00:37:154 Ejecucion número 10001 del proceso ACTSTKORIGEN2 total 67289
02 12:19:29:749 Ejecucion número 20001 del proceso ACTSTKORIGEN total 134867
02 12:19:30:200 Ejecucion número 20001 del proceso ACTSTKDESTINO total 134894
02 12:19:30:312 Ejecucion número 20001 del proceso ACTSTKORIGEN2 total 134901
02 12:38:27:437 Ejecucion número 30001 del proceso ACTSTKORIGEN total 202375
02 12:38:28:337 Ejecucion número 30001 del proceso ACTSTKDESTINO total 202428
02 12:38:28:570 Ejecucion número 30001 del proceso ACTSTKORIGEN2 total 202442
02 12:56:43:319 Ejecucion número 40001 del proceso ACTSTKORIGEN total 271991
02 12:56:44:194 Ejecucion número 40001 del proceso ACTSTKDESTINO total 272047
02 12:56:44:414 Ejecucion número 40001 del proceso ACTSTKORIGEN2 total 272061
02 13:15:00:745 Ejecucion número 50001 del proceso ACTSTKORIGEN total 341984
02 13:15:01:625 Ejecucion número 50001 del proceso ACTSTKDESTINO total 342040
02 13:15:01:845 Ejecucion número 50001 del proceso ACTSTKORIGEN2 total 342054
02 13:33:18:982 Ejecucion número 60001 del proceso ACTSTKORIGEN total 411962
02 13:33:19:907 Ejecucion número 60001 del proceso ACTSTKDESTINO total 412021
02 13:33:20:127 Ejecucion número 60001 del proceso ACTSTKORIGEN2 total 412035
02 13:59:41:127 Ejecucion número 70001 del proceso ACTSTKORIGEN total 481938
02 13:59:42:117 Ejecucion número 70001 del proceso ACTSTKDESTINO total 482001
02 13:59:42:335 Ejecucion número 70001 del proceso ACTSTKORIGEN2 total 482015
02 14:18:01:374 Ejecucion número 80001 del proceso ACTSTKORIGEN total 551931
02 14:18:02:370 Ejecucion número 80001 del proceso ACTSTKDESTINO total 551994
02 14:18:02:590 Ejecucion número 80001 del proceso ACTSTKORIGEN2 total 552008
02 14:36:19:007 Ejecucion número 90001 del proceso ACTSTKORIGEN total 621917
02 14:36:19:997 Ejecucion número 90001 del proceso ACTSTKDESTINO total 621980
02 14:36:20:342 Ejecucion número 90001 del proceso ACTSTKORIGEN2 total 622002
02 14:54:38:587 Ejecucion número 100001 del proceso ACTSTKORIGEN total 691906
02 14:54:39:574 Ejecucion número 100001 del proceso ACTSTKDESTINO total 691969
02 14:54:39:935 Ejecucion número 100001 del proceso ACTSTKORIGEN2 total 691992
02 16:03:34:324 Ejecucion número 110001 del proceso ACTSTKORIGEN total 761886
02 16:03:35:307 Ejecucion número 110001 del proceso ACTSTKDESTINO total 761949
02 16:03:35:742 Ejecucion número 110001 del proceso ACTSTKORIGEN2 total 761977
02 16:21:43:662 Ejecucion número 120001 del proceso ACTSTKORIGEN total 831879
02 16:21:44:644 Ejecucion número 120001 del proceso ACTSTKDESTINO total 831942
02 16:21:45:080 Ejecucion número 120001 del proceso ACTSTKORIGEN2 total 831970

00 16:28:21:849 Fichero de log cerrado.

00 16:28:33:185 Fichero de log abierto PID 17152

02 16:28:33:187 Intentando abrir fichero v10.ini
02 16:28:33:194 Cargando driver v10oracle funcion damedriveroracle
02 16:28:33:917 Conectado a base de datos
02 16:28:33:919 Proceso ACTSTKORIGEN encontrado en tabla VDPROCESOS
02 16:28:33:920 Proceso ACTSTKORIGEN cargado con función vdbuscamovst (Librería VDKERNEL.DLL) direccion 6F3D1560
02 16:28:33:920 Proceso ACTSTKDESTINO encontrado en tabla VDPROCESOS
02 16:28:33:920 Proceso ACTSTKDESTINO cargado con función vdbuscamovst (Librería VDKERNEL.DLL) direccion 6F3D1560
02 16:28:33:920 Proceso ACTSTKORIGEN2 encontrado en tabla VDPROCESOS
02 16:28:33:920 Proceso ACTSTKORIGEN2 cargado con función vdbuscamovst (Librería VDKERNEL.DLL) direccion 6F3D1560
02 16:28:33:922 PLSQL: INICIALIZADO PAQUETE DE LOG EL DIA 04-07-2022
02 16:28:33:932 Actualizado SID 745 SERIAL 9932 del proceso con PID 17152
02 16:46:40:162 Ejecucion número 10001 del proceso ACTSTKORIGEN total 69994
02 16:46:40:162 Ejecucion número 10001 del proceso ACTSTKDESTINO total 69994
02 16:46:40:164 Ejecucion número 10001 del proceso ACTSTKORIGEN2 total 69994
02 17:04:46:332 Ejecucion número 20001 del proceso ACTSTKORIGEN total 139979
02 17:04:46:332 Ejecucion número 20001 del proceso ACTSTKDESTINO total 139979
02 17:04:46:334 Ejecucion número 20001 del proceso ACTSTKORIGEN2 total 139979
02 17:22:52:307 Ejecucion número 30001 del proceso ACTSTKORIGEN total 209940
02 17:22:52:307 Ejecucion número 30001 del proceso ACTSTKDESTINO total 209940
02 17:22:52:307 Ejecucion número 30001 del proceso ACTSTKORIGEN2 total 209940
02 17:40:59:054 Ejecucion número 40001 del proceso ACTSTKORIGEN total 279929
02 17:40:59:055 Ejecucion número 40001 del proceso ACTSTKDESTINO total 279929
02 17:40:59:055 Ejecucion número 40001 del proceso ACTSTKORIGEN2 total 279929

00 17:57:33:832 Fichero de log cerrado.

