00 09:08:33:110 Fichero de log abierto PID 3924

02 09:08:33:112 Intentando abrir fichero v10.ini
02 09:08:33:117 Cargando driver v10oracle funcion damedriveroracle
02 09:08:33:512 Conectado a base de datos
02 09:08:33:513 Proceso ACTSTKORIGEN encontrado en tabla VDPROCESOS
02 09:08:33:513 Proceso ACTSTKORIGEN cargado con función vdbuscamovst (Librería VDKERNEL.DLL) direccion 6E791560
02 09:08:33:513 Proceso ACTSTKDESTINO encontrado en tabla VDPROCESOS
02 09:08:33:513 Proceso ACTSTKDESTINO cargado con función vdbuscamovst (Librería VDKERNEL.DLL) direccion 6E791560
02 09:08:33:513 Proceso ACTSTKORIGEN2 encontrado en tabla VDPROCESOS
02 09:08:33:517 Proceso ACTSTKORIGEN2 cargado con función vdbuscamovst (Librería VDKERNEL.DLL) direccion 6E791560
02 09:08:33:519 PLSQL: INICIALIZADO PAQUETE DE LOG EL DIA 01-04-2022
02 09:08:33:527 Actualizado SID 10 SERIAL 48620 del proceso con PID 3924
02 09:26:43:955 Ejecucion número 10001 del proceso ACTSTKORIGEN total 69497
02 09:26:43:956 Ejecucion número 10001 del proceso ACTSTKDESTINO total 69497
02 09:26:44:065 Ejecucion número 10001 del proceso ACTSTKORIGEN2 total 69504
02 09:44:53:343 Ejecucion número 20001 del proceso ACTSTKORIGEN total 139475
02 09:44:53:452 Ejecucion número 20001 del proceso ACTSTKDESTINO total 139482
02 09:44:53:562 Ejecucion número 20001 del proceso ACTSTKORIGEN2 total 139489
02 10:03:02:842 Ejecucion número 30001 del proceso ACTSTKORIGEN total 209466
02 10:03:02:952 Ejecucion número 30001 del proceso ACTSTKDESTINO total 209473
02 10:03:03:062 Ejecucion número 30001 del proceso ACTSTKORIGEN2 total 209480
02 10:21:12:577 Ejecucion número 40001 del proceso ACTSTKORIGEN total 279459
02 10:21:12:687 Ejecucion número 40001 del proceso ACTSTKDESTINO total 279466
02 10:21:12:796 Ejecucion número 40001 del proceso ACTSTKORIGEN2 total 279473
02 10:39:22:607 Ejecucion número 50001 del proceso ACTSTKORIGEN total 349445
02 10:39:22:718 Ejecucion número 50001 del proceso ACTSTKDESTINO total 349452
02 10:39:22:831 Ejecucion número 50001 del proceso ACTSTKORIGEN2 total 349459

00 10:41:41:291 Fichero de log cerrado.

00 10:42:00:948 Fichero de log abierto PID 6164

02 10:42:00:951 Intentando abrir fichero v10.ini
02 10:42:00:957 Cargando driver v10oracle funcion damedriveroracle
02 10:42:01:737 Conectado a base de datos
02 10:42:01:738 Proceso ACTSTKORIGEN encontrado en tabla VDPROCESOS
02 10:42:01:740 Proceso ACTSTKORIGEN cargado con función vdbuscamovst (Librería VDKERNEL.DLL) direccion 6E791560
02 10:42:01:740 Proceso ACTSTKDESTINO encontrado en tabla VDPROCESOS
02 10:42:01:740 Proceso ACTSTKDESTINO cargado con función vdbuscamovst (Librería VDKERNEL.DLL) direccion 6E791560
02 10:42:01:740 Proceso ACTSTKORIGEN2 encontrado en tabla VDPROCESOS
02 10:42:01:740 Proceso ACTSTKORIGEN2 cargado con función vdbuscamovst (Librería VDKERNEL.DLL) direccion 6E791560
02 10:42:01:743 PLSQL: INICIALIZADO PAQUETE DE LOG EL DIA 01-04-2022
02 10:42:01:762 Actualizado SID 253 SERIAL 34070 del proceso con PID 6164
02 11:00:07:750 Ejecucion número 10001 del proceso ACTSTKORIGEN total 69991
02 11:00:07:750 Ejecucion número 10001 del proceso ACTSTKDESTINO total 69991
02 11:00:07:751 Ejecucion número 10001 del proceso ACTSTKORIGEN2 total 69991
02 11:18:13:555 Ejecucion número 20001 del proceso ACTSTKORIGEN total 139982
02 11:18:13:556 Ejecucion número 20001 del proceso ACTSTKDESTINO total 139982
02 11:18:13:586 Ejecucion número 20001 del proceso ACTSTKORIGEN2 total 139984
02 11:52:35:784 Ejecucion número 30001 del proceso ACTSTKORIGEN total 209967
02 11:52:35:784 Ejecucion número 30001 del proceso ACTSTKDESTINO total 209967
02 11:52:35:785 Ejecucion número 30001 del proceso ACTSTKORIGEN2 total 209967
02 12:10:40:742 Ejecucion número 40001 del proceso ACTSTKORIGEN total 279958
02 12:10:40:742 Ejecucion número 40001 del proceso ACTSTKDESTINO total 279958
02 12:10:40:744 Ejecucion número 40001 del proceso ACTSTKORIGEN2 total 279958

00 12:15:10:340 Fichero de log cerrado.

00 12:15:19:082 Fichero de log abierto PID 7600

02 12:15:19:084 Intentando abrir fichero v10.ini
02 12:15:19:092 Cargando driver v10oracle funcion damedriveroracle
02 12:15:19:980 Conectado a base de datos
02 12:15:19:982 Proceso ACTSTKORIGEN encontrado en tabla VDPROCESOS
02 12:15:19:982 Proceso ACTSTKORIGEN cargado con función vdbuscamovst (Librería VDKERNEL.DLL) direccion 6E791560
02 12:15:19:982 Proceso ACTSTKDESTINO encontrado en tabla VDPROCESOS
02 12:15:19:982 Proceso ACTSTKDESTINO cargado con función vdbuscamovst (Librería VDKERNEL.DLL) direccion 6E791560
02 12:15:19:982 Proceso ACTSTKORIGEN2 encontrado en tabla VDPROCESOS
02 12:15:19:982 Proceso ACTSTKORIGEN2 cargado con función vdbuscamovst (Librería VDKERNEL.DLL) direccion 6E791560
02 12:15:19:986 PLSQL: INICIALIZADO PAQUETE DE LOG EL DIA 01-04-2022
02 12:15:19:997 Actualizado SID 15 SERIAL 13027 del proceso con PID 7600
02 12:33:26:572 Ejecucion número 10001 del proceso ACTSTKORIGEN total 69994
02 12:33:26:572 Ejecucion número 10001 del proceso ACTSTKDESTINO total 69994
02 12:33:26:572 Ejecucion número 10001 del proceso ACTSTKORIGEN2 total 69994
02 12:51:33:034 Ejecucion número 20001 del proceso ACTSTKORIGEN total 139844
02 12:51:33:035 Ejecucion número 20001 del proceso ACTSTKDESTINO total 139844
02 12:51:33:035 Ejecucion número 20001 del proceso ACTSTKORIGEN2 total 139844
02 13:09:38:877 Ejecucion número 30001 del proceso ACTSTKORIGEN total 209826
02 13:09:38:877 Ejecucion número 30001 del proceso ACTSTKDESTINO total 209826
02 13:09:38:879 Ejecucion número 30001 del proceso ACTSTKORIGEN2 total 209826

00 13:10:54:649 Fichero de log cerrado.

00 13:11:07:380 Fichero de log abierto PID 876

02 13:11:07:382 Intentando abrir fichero v10.ini
02 13:11:07:390 Cargando driver v10oracle funcion damedriveroracle
02 13:11:08:302 Conectado a base de datos
02 13:11:08:305 Proceso ACTSTKORIGEN encontrado en tabla VDPROCESOS
02 13:11:08:305 Proceso ACTSTKORIGEN cargado con función vdbuscamovst (Librería VDKERNEL.DLL) direccion 6E791560
02 13:11:08:305 Proceso ACTSTKDESTINO encontrado en tabla VDPROCESOS
02 13:11:08:305 Proceso ACTSTKDESTINO cargado con función vdbuscamovst (Librería VDKERNEL.DLL) direccion 6E791560
02 13:11:08:305 Proceso ACTSTKORIGEN2 encontrado en tabla VDPROCESOS
02 13:11:08:305 Proceso ACTSTKORIGEN2 cargado con función vdbuscamovst (Librería VDKERNEL.DLL) direccion 6E791560
02 13:11:08:308 PLSQL: INICIALIZADO PAQUETE DE LOG EL DIA 01-04-2022
02 13:11:08:317 Actualizado SID 871 SERIAL 1079 del proceso con PID 876
02 13:29:15:407 Ejecucion número 10001 del proceso ACTSTKORIGEN total 69985
02 13:29:15:407 Ejecucion número 10001 del proceso ACTSTKDESTINO total 69985
02 13:29:15:407 Ejecucion número 10001 del proceso ACTSTKORIGEN2 total 69985

00 13:31:06:365 Fichero de log cerrado.

00 13:31:13:827 Fichero de log abierto PID 8784

02 13:31:13:830 Intentando abrir fichero v10.ini
02 13:31:13:837 Cargando driver v10oracle funcion damedriveroracle
02 13:31:14:645 Conectado a base de datos
02 13:31:14:647 Proceso ACTSTKORIGEN encontrado en tabla VDPROCESOS
02 13:31:14:647 Proceso ACTSTKORIGEN cargado con función vdbuscamovst (Librería VDKERNEL.DLL) direccion 6E791560
02 13:31:14:647 Proceso ACTSTKDESTINO encontrado en tabla VDPROCESOS
02 13:31:14:647 Proceso ACTSTKDESTINO cargado con función vdbuscamovst (Librería VDKERNEL.DLL) direccion 6E791560
02 13:31:14:647 Proceso ACTSTKORIGEN2 encontrado en tabla VDPROCESOS
02 13:31:14:649 Proceso ACTSTKORIGEN2 cargado con función vdbuscamovst (Librería VDKERNEL.DLL) direccion 6E791560
02 13:31:14:650 PLSQL: INICIALIZADO PAQUETE DE LOG EL DIA 01-04-2022
02 13:31:14:659 Actualizado SID 381 SERIAL 10724 del proceso con PID 8784

00 13:39:34:107 Fichero de log cerrado.

00 13:39:48:350 Fichero de log abierto PID 9364

02 13:39:48:352 Intentando abrir fichero v10.ini
02 13:39:48:360 Cargando driver v10oracle funcion damedriveroracle
02 13:39:48:760 Conectado a base de datos
02 13:39:48:762 Proceso ACTSTKORIGEN encontrado en tabla VDPROCESOS
02 13:39:48:762 Proceso ACTSTKORIGEN cargado con función vdbuscamovst (Librería VDKERNEL.DLL) direccion 6E791560
02 13:39:48:762 Proceso ACTSTKDESTINO encontrado en tabla VDPROCESOS
02 13:39:48:762 Proceso ACTSTKDESTINO cargado con función vdbuscamovst (Librería VDKERNEL.DLL) direccion 6E791560
02 13:39:48:762 Proceso ACTSTKORIGEN2 encontrado en tabla VDPROCESOS
02 13:39:48:762 Proceso ACTSTKORIGEN2 cargado con función vdbuscamovst (Librería VDKERNEL.DLL) direccion 6E791560
02 13:39:48:765 PLSQL: INICIALIZADO PAQUETE DE LOG EL DIA 01-04-2022
02 13:39:48:777 Actualizado SID 253 SERIAL 9927 del proceso con PID 9364

00 13:41:22:215 Fichero de log cerrado.

00 13:41:28:969 Fichero de log abierto PID 448

02 13:41:28:970 Intentando abrir fichero v10.ini
02 13:41:28:979 Cargando driver v10oracle funcion damedriveroracle
02 13:41:29:582 Conectado a base de datos
02 13:41:29:585 Proceso ACTSTKORIGEN encontrado en tabla VDPROCESOS
02 13:41:29:585 Proceso ACTSTKORIGEN cargado con función vdbuscamovst (Librería VDKERNEL.DLL) direccion 6E791560
02 13:41:29:585 Proceso ACTSTKDESTINO encontrado en tabla VDPROCESOS
02 13:41:29:585 Proceso ACTSTKDESTINO cargado con función vdbuscamovst (Librería VDKERNEL.DLL) direccion 6E791560
02 13:41:29:585 Proceso ACTSTKORIGEN2 encontrado en tabla VDPROCESOS
02 13:41:29:585 Proceso ACTSTKORIGEN2 cargado con función vdbuscamovst (Librería VDKERNEL.DLL) direccion 6E791560
02 13:41:29:588 PLSQL: INICIALIZADO PAQUETE DE LOG EL DIA 01-04-2022
02 13:41:29:599 Actualizado SID 506 SERIAL 15357 del proceso con PID 448

00 13:58:39:755 Fichero de log cerrado.

