00 15:49:15:294 Fichero de log abierto PID 7536

02 15:49:15:294 Intentando abrir fichero v10.ini
02 15:49:15:294 Cargando driver v10oracle funcion damedriveroracle
02 15:49:15:347 Conectado a base de datos
02 15:49:15:347 Proceso ACTSTKORIGEN encontrado en tabla VDPROCESOS
02 15:49:15:347 Proceso ACTSTKORIGEN cargado con función vdbuscamovst (Librería VDKERNEL.DLL) direccion 5BF31560
02 15:49:15:347 Proceso ACTSTKORIGEN2 encontrado en tabla VDPROCESOS
02 15:49:15:347 Proceso ACTSTKORIGEN2 cargado con función vdbuscamovst (Librería VDKERNEL.DLL) direccion 5BF31560
02 15:49:15:347 Proceso ACTSTKDESTINO encontrado en tabla VDPROCESOS
02 15:49:15:347 Proceso ACTSTKDESTINO cargado con función vdbuscamovst (Librería VDKERNEL.DLL) direccion 5BF31560
02 15:49:15:378 PLSQL: INICIALIZADO PAQUETE DE LOG EL DIA 28-07-2020
02 15:49:15:540 vdbuscamovst: Procesando movimiento 16850 
02 15:49:16:765 PLSQL:
 actstkori :  Procesando movimiento 16850 ...
 CONGELA :  CONGELANDO MOVIMIENTO 16850
 VDFOTOSTK.DISPONIBLE :  MOVTO PASADO 16850 NO ESTÁ ENTRE LOS PENDIENTES DE LA UBICACIÓN Y MATRICULA:  EXPN1415 - 357070362000691416 
 CONGELA :  NO SE HA ENCONTRADO STOCK ALGUNO PARA CONGELAR MOVTO 16850
 actstkori :  ERROR CONGELANDO MOVTO 16850

00 15:49:16:765 EXECalgoritmos: Error ejecutando algoritmo ACTSTKORIGEN1 con funcion vdstockori y parametros ENUBIINTER
00 15:49:16:949 vdbuscamovst: ERROR 0 procesando movimiento 16850 
02 15:49:17:265 PLSQL: 6435724#1
02 15:49:17:288 PLSQL: 6435724#2
02 15:49:17:290 PLSQL: 6435724#3
02 15:49:17:298 PLSQL: 6435724#4
02 15:49:17:300 PLSQL: 6435724#5
02 15:49:17:301 PLSQL: 6435724#6
02 15:49:50:817 vdbuscamovst: Procesando movimiento 16850 
02 15:49:50:817 PLSQL:
 actstkori :  Procesando movimiento 16850 ...
 CONGELA :  CONGELANDO MOVIMIENTO 16850
 VDFOTOSTK.DISPONIBLE :  MOVTO PASADO 16850 NO ESTÁ ENTRE LOS PENDIENTES DE LA UBICACIÓN Y MATRICULA:  EXPN1415 - 357070362000691416 
 CONGELA :  NO SE HA ENCONTRADO STOCK ALGUNO PARA CONGELAR MOVTO 16850
 actstkori :  ERROR CONGELANDO MOVTO 16850

00 15:49:50:817 EXECalgoritmos: Error ejecutando algoritmo ACTSTKORIGEN1 con funcion vdstockori y parametros ENUBIINTER
00 15:49:50:817 vdbuscamovst: ERROR 0 procesando movimiento 16850 
02 15:49:50:818 PLSQL: 6435724#7
02 15:49:50:818 PLSQL: 6435724#8
02 15:49:50:818 PLSQL: 6435724#9
02 15:49:50:818 PLSQL: 6435724#10
02 15:49:50:818 PLSQL: 6435724#11
02 15:49:50:818 PLSQL: 6435724#12
02 15:50:13:290 vdbuscamovst: Procesando movimiento 16850 
02 15:50:13:290 PLSQL:
 actstkori :  Procesando movimiento 16850 ...
 CONGELA :  CONGELANDO MOVIMIENTO 16850
 VDFOTOSTK.DISPONIBLE :  MOVTO PASADO 16850 NO ESTÁ ENTRE LOS PENDIENTES DE LA UBICACIÓN Y MATRICULA:  EXPN1415 - 357070362000691416 
 CONGELA :  NO SE HA ENCONTRADO STOCK ALGUNO PARA CONGELAR MOVTO 16850
 actstkori :  ERROR CONGELANDO MOVTO 16850

00 15:50:13:290 EXECalgoritmos: Error ejecutando algoritmo ACTSTKORIGEN1 con funcion vdstockori y parametros ENUBIINTER
00 15:50:13:305 vdbuscamovst: ERROR 0 procesando movimiento 16850 
02 15:50:13:306 PLSQL: 6435724#13
02 15:50:13:306 PLSQL: 6435724#14
02 15:50:13:306 PLSQL: 6435724#15
02 15:50:13:306 PLSQL: 6435724#16
02 15:50:13:306 PLSQL: 6435724#17
02 15:50:13:306 PLSQL: 6435724#18
02 15:50:16:295 vdbuscamovst: Procesando movimiento 16850 
02 15:50:16:295 PLSQL:
 actstkori :  Procesando movimiento 16850 ...
 CONGELA :  CONGELANDO MOVIMIENTO 16850
 VDFOTOSTK.DISPONIBLE :  MOVTO PASADO 16850 NO ESTÁ ENTRE LOS PENDIENTES DE LA UBICACIÓN Y MATRICULA:  EXPN1415 - 357070362000691416 
 CONGELA :  NO SE HA ENCONTRADO STOCK ALGUNO PARA CONGELAR MOVTO 16850
 actstkori :  ERROR CONGELANDO MOVTO 16850

00 15:50:16:295 EXECalgoritmos: Error ejecutando algoritmo ACTSTKORIGEN1 con funcion vdstockori y parametros ENUBIINTER
00 15:50:16:295 vdbuscamovst: ERROR 0 procesando movimiento 16850 
02 15:50:16:296 PLSQL: 6435724#19
02 15:50:16:296 PLSQL: 6435724#20
02 15:50:16:296 PLSQL: 6435724#21
02 15:50:16:296 PLSQL: 6435724#22
02 15:50:16:296 PLSQL: 6435724#23
02 15:50:16:296 PLSQL: 6435724#24
02 15:54:41:145 vdbuscamovst: Procesando movimiento 16850 
02 15:54:41:145 PLSQL:
 actstkori :  Procesando movimiento 16850 ...
 CONGELA :  CONGELANDO MOVIMIENTO 16850
 VDFOTOSTK.DISPONIBLE :  MOVTO PASADO 16850 NO ESTÁ ENTRE LOS PENDIENTES DE LA UBICACIÓN Y MATRICULA:  EXPN1415 - 357070362000691416 
 CONGELA :  NO SE HA ENCONTRADO STOCK ALGUNO PARA CONGELAR MOVTO 16850
 actstkori :  ERROR CONGELANDO MOVTO 16850

00 15:54:41:145 EXECalgoritmos: Error ejecutando algoritmo ACTSTKORIGEN1 con funcion vdstockori y parametros ENUBIINTER
00 15:54:41:162 vdbuscamovst: ERROR 0 procesando movimiento 16850 
02 15:54:41:162 PLSQL: 6435724#25
02 15:54:41:162 PLSQL: 6435724#26
02 15:54:41:162 PLSQL: 6435724#27
02 15:54:41:162 PLSQL: 6435724#28
02 15:54:41:162 PLSQL: 6435724#29
02 15:54:41:162 PLSQL: 6435724#30
02 15:54:42:600 vdbuscamovst: Procesando movimiento 16850 
02 15:54:42:605 PLSQL:
 actstkori :  Procesando movimiento 16850 ...
 CONGELA :  CONGELANDO MOVIMIENTO 16850
 VDFOTOSTK.DISPONIBLE :  MOVTO PASADO 16850 NO ESTÁ ENTRE LOS PENDIENTES DE LA UBICACIÓN Y MATRICULA:  EXPN1415 - 357070362000691416 
 CONGELA :  NO SE HA ENCONTRADO STOCK ALGUNO PARA CONGELAR MOVTO 16850
 actstkori :  ERROR CONGELANDO MOVTO 16850

00 15:54:42:605 EXECalgoritmos: Error ejecutando algoritmo ACTSTKORIGEN1 con funcion vdstockori y parametros ENUBIINTER
00 15:54:42:609 vdbuscamovst: ERROR 0 procesando movimiento 16850 
02 15:54:42:610 PLSQL: 6435724#31
02 15:54:42:612 PLSQL: 6435724#32
02 15:54:42:613 PLSQL: 6435724#33
02 15:54:42:614 PLSQL: 6435724#34
02 15:54:42:615 PLSQL: 6435724#35
02 15:54:42:617 PLSQL: 6435724#36
02 15:55:59:229 vdbuscamovst: Procesando movimiento 16850 
02 15:55:59:244 PLSQL:
 actstkori :  Procesando movimiento 16850 ...
 CONGELA :  CONGELANDO MOVIMIENTO 16850
 VDFOTOSTK.DISPONIBLE :  MOVTO PASADO 16850 NO ESTÁ ENTRE LOS PENDIENTES DE LA UBICACIÓN Y MATRICULA:  EXPN1415 - 357070362000691416 
 CONGELA :  NO SE HA ENCONTRADO STOCK ALGUNO PARA CONGELAR MOVTO 16850
 actstkori :  ERROR CONGELANDO MOVTO 16850

00 15:55:59:244 EXECalgoritmos: Error ejecutando algoritmo ACTSTKORIGEN1 con funcion vdstockori y parametros ENUBIINTER
00 15:55:59:244 vdbuscamovst: ERROR 0 procesando movimiento 16850 
02 15:55:59:250 PLSQL: 6435724#37
02 15:55:59:250 PLSQL: 6435724#38
02 15:55:59:250 PLSQL: 6435724#39
02 15:55:59:250 PLSQL: 6435724#40
02 15:55:59:250 PLSQL: 6435724#41
02 15:55:59:250 PLSQL: 6435724#42
02 15:56:39:342 vdbuscamovst: Procesando movimiento 16850 
02 15:56:39:342 PLSQL:
 actstkori :  Procesando movimiento 16850 ...
 CONGELA :  CONGELANDO MOVIMIENTO 16850
 VDFOTOSTK.DISPONIBLE :  MOVTO PASADO 16850 NO ESTÁ ENTRE LOS PENDIENTES DE LA UBICACIÓN Y MATRICULA:  EXPN1415 - 357070362000691416 
 CONGELA :  NO SE HA ENCONTRADO STOCK ALGUNO PARA CONGELAR MOVTO 16850
 actstkori :  ERROR CONGELANDO MOVTO 16850

00 15:56:39:342 EXECalgoritmos: Error ejecutando algoritmo ACTSTKORIGEN1 con funcion vdstockori y parametros ENUBIINTER
00 15:56:39:357 vdbuscamovst: ERROR 0 procesando movimiento 16850 
02 15:56:39:358 PLSQL: 6435724#43
02 15:56:39:358 PLSQL: 6435724#44
02 15:56:39:358 PLSQL: 6435724#45
02 15:56:39:358 PLSQL: 6435724#46
02 15:56:39:358 PLSQL: 6435724#47
02 15:56:39:358 PLSQL: 6435724#48
02 15:56:44:372 vdbuscamovst: Procesando movimiento 16850 
02 15:56:44:387 PLSQL:
 actstkori :  Procesando movimiento 16850 ...
 CONGELA :  CONGELANDO MOVIMIENTO 16850
 VDFOTOSTK.DISPONIBLE :  MOVTO PASADO 16850 NO ESTÁ ENTRE LOS PENDIENTES DE LA UBICACIÓN Y MATRICULA:  EXPN1415 - 357070362000691416 
 CONGELA :  NO SE HA ENCONTRADO STOCK ALGUNO PARA CONGELAR MOVTO 16850
 actstkori :  ERROR CONGELANDO MOVTO 16850

00 15:56:44:387 EXECalgoritmos: Error ejecutando algoritmo ACTSTKORIGEN1 con funcion vdstockori y parametros ENUBIINTER
00 15:56:44:387 vdbuscamovst: ERROR 0 procesando movimiento 16850 

00 15:57:20:954 Fichero de log cerrado.

