00 09:10:30:623 Fichero de log abierto PID 12476

02 09:10:30:623 Intentando abrir fichero v10.ini
02 09:10:30:633 Cargando driver v10oracle funcion damedriveroracle
02 09:10:31:130 Conectado a base de datos
02 09:10:31:132 Proceso ACTSTKORIGEN encontrado en tabla VDPROCESOS
02 09:10:31:132 Proceso ACTSTKORIGEN cargado con función vdbuscamovst (Librería VDKERNEL.DLL) direccion 6F891560
02 09:10:31:132 Proceso ACTSTKDESTINO encontrado en tabla VDPROCESOS
02 09:10:31:132 Proceso ACTSTKDESTINO cargado con función vdbuscamovst (Librería VDKERNEL.DLL) direccion 6F891560
02 09:10:31:132 Proceso ACTSTKORIGEN2 encontrado en tabla VDPROCESOS
02 09:10:31:132 Proceso ACTSTKORIGEN2 cargado con función vdbuscamovst (Librería VDKERNEL.DLL) direccion 6F891560
02 09:10:31:135 PLSQL: INICIALIZADO PAQUETE DE LOG EL DIA 06-04-2022
02 09:10:31:147 Actualizado SID 878 SERIAL 13199 del proceso con PID 12476
02 09:28:47:201 Ejecucion número 10001 del proceso ACTSTKORIGEN total 69529
02 09:28:47:202 Ejecucion número 10001 del proceso ACTSTKDESTINO total 69529
02 09:28:47:313 Ejecucion número 10001 del proceso ACTSTKORIGEN2 total 69536
02 09:46:59:007 Ejecucion número 20001 del proceso ACTSTKORIGEN total 139519
02 09:46:59:007 Ejecucion número 20001 del proceso ACTSTKDESTINO total 139519
02 09:46:59:117 Ejecucion número 20001 del proceso ACTSTKORIGEN2 total 139526

00 09:52:22:433 Fichero de log cerrado.

00 09:52:39:482 Fichero de log abierto PID 12960

02 09:52:39:483 Intentando abrir fichero v10.ini
02 09:52:39:491 Cargando driver v10oracle funcion damedriveroracle
02 09:52:40:401 Conectado a base de datos
02 09:52:40:402 Proceso ACTSTKORIGEN encontrado en tabla VDPROCESOS
02 09:52:40:402 Proceso ACTSTKORIGEN cargado con función vdbuscamovst (Librería VDKERNEL.DLL) direccion 6F891560
02 09:52:40:402 Proceso ACTSTKDESTINO encontrado en tabla VDPROCESOS
02 09:52:40:402 Proceso ACTSTKDESTINO cargado con función vdbuscamovst (Librería VDKERNEL.DLL) direccion 6F891560
02 09:52:40:402 Proceso ACTSTKORIGEN2 encontrado en tabla VDPROCESOS
02 09:52:40:403 Proceso ACTSTKORIGEN2 cargado con función vdbuscamovst (Librería VDKERNEL.DLL) direccion 6F891560
02 09:52:40:405 PLSQL: INICIALIZADO PAQUETE DE LOG EL DIA 06-04-2022
02 09:52:40:416 Actualizado SID 133 SERIAL 27328 del proceso con PID 12960
02 10:10:47:255 Ejecucion número 10001 del proceso ACTSTKORIGEN total 69991
02 10:10:47:255 Ejecucion número 10001 del proceso ACTSTKDESTINO total 69991
02 10:10:47:257 Ejecucion número 10001 del proceso ACTSTKORIGEN2 total 69991
02 10:28:51:782 Ejecucion número 20001 del proceso ACTSTKORIGEN total 139980
02 10:28:51:783 Ejecucion número 20001 del proceso ACTSTKDESTINO total 139980
02 10:28:51:785 Ejecucion número 20001 del proceso ACTSTKORIGEN2 total 139980
02 10:46:58:936 Ejecucion número 30001 del proceso ACTSTKORIGEN total 209926
02 10:46:58:937 Ejecucion número 30001 del proceso ACTSTKDESTINO total 209926
02 10:46:58:937 Ejecucion número 30001 del proceso ACTSTKORIGEN2 total 209926
02 11:05:07:101 Ejecucion número 40001 del proceso ACTSTKORIGEN total 279906
02 11:05:07:102 Ejecucion número 40001 del proceso ACTSTKDESTINO total 279906
02 11:05:07:102 Ejecucion número 40001 del proceso ACTSTKORIGEN2 total 279906
02 11:42:40:195 Ejecucion número 50001 del proceso ACTSTKORIGEN total 349894
02 11:42:40:195 Ejecucion número 50001 del proceso ACTSTKDESTINO total 349894
02 11:42:40:212 Ejecucion número 50001 del proceso ACTSTKORIGEN2 total 349895
02 12:00:50:490 Ejecucion número 60001 del proceso ACTSTKORIGEN total 419870
02 12:00:50:490 Ejecucion número 60001 del proceso ACTSTKDESTINO total 419870
02 12:00:50:490 Ejecucion número 60001 del proceso ACTSTKORIGEN2 total 419870
02 12:19:00:442 Ejecucion número 70001 del proceso ACTSTKORIGEN total 489855
02 12:19:00:442 Ejecucion número 70001 del proceso ACTSTKDESTINO total 489855
02 12:19:00:474 Ejecucion número 70001 del proceso ACTSTKORIGEN2 total 489857
02 12:37:10:064 Ejecucion número 80001 del proceso ACTSTKORIGEN total 559828
02 12:37:10:064 Ejecucion número 80001 del proceso ACTSTKDESTINO total 559828
02 12:37:10:064 Ejecucion número 80001 del proceso ACTSTKORIGEN2 total 559828
02 12:55:19:670 Ejecucion número 90001 del proceso ACTSTKORIGEN total 629818
02 12:55:19:672 Ejecucion número 90001 del proceso ACTSTKDESTINO total 629818
02 12:55:19:672 Ejecucion número 90001 del proceso ACTSTKORIGEN2 total 629818
02 13:13:28:952 Ejecucion número 100001 del proceso ACTSTKORIGEN total 699806
02 13:13:28:952 Ejecucion número 100001 del proceso ACTSTKDESTINO total 699806
02 13:13:28:969 Ejecucion número 100001 del proceso ACTSTKORIGEN2 total 699807
02 13:31:38:117 Ejecucion número 110001 del proceso ACTSTKORIGEN total 769795
02 13:31:38:119 Ejecucion número 110001 del proceso ACTSTKDESTINO total 769795
02 13:31:38:120 Ejecucion número 110001 del proceso ACTSTKORIGEN2 total 769795
02 13:49:45:157 Ejecucion número 120001 del proceso ACTSTKORIGEN total 839660
02 13:49:45:157 Ejecucion número 120001 del proceso ACTSTKDESTINO total 839660
02 13:49:45:187 Ejecucion número 120001 del proceso ACTSTKORIGEN2 total 839662
02 14:07:50:837 Ejecucion número 130001 del proceso ACTSTKORIGEN total 909642
02 14:07:50:837 Ejecucion número 130001 del proceso ACTSTKDESTINO total 909642
02 14:07:50:837 Ejecucion número 130001 del proceso ACTSTKORIGEN2 total 909642
02 14:25:56:042 Ejecucion número 140001 del proceso ACTSTKORIGEN total 979629
02 14:25:56:042 Ejecucion número 140001 del proceso ACTSTKDESTINO total 979629
02 14:25:56:042 Ejecucion número 140001 del proceso ACTSTKORIGEN2 total 979629
02 14:44:02:330 Ejecucion número 150001 del proceso ACTSTKORIGEN total 1049609
02 14:44:02:330 Ejecucion número 150001 del proceso ACTSTKDESTINO total 1049609
02 14:44:02:330 Ejecucion número 150001 del proceso ACTSTKORIGEN2 total 1049609
02 16:00:04:147 Ejecucion número 160001 del proceso ACTSTKORIGEN total 1119567
02 16:00:04:192 Ejecucion número 160001 del proceso ACTSTKDESTINO total 1119570
02 16:00:04:194 Ejecucion número 160001 del proceso ACTSTKORIGEN2 total 1119570
02 16:18:12:322 Ejecucion número 170001 del proceso ACTSTKORIGEN total 1189548
02 16:18:12:430 Ejecucion número 170001 del proceso ACTSTKDESTINO total 1189555
02 16:18:12:430 Ejecucion número 170001 del proceso ACTSTKORIGEN2 total 1189555
02 16:36:21:087 Ejecucion número 180001 del proceso ACTSTKORIGEN total 1259531
02 16:36:21:197 Ejecucion número 180001 del proceso ACTSTKDESTINO total 1259538
02 16:36:21:197 Ejecucion número 180001 del proceso ACTSTKORIGEN2 total 1259538
02 16:54:31:367 Ejecucion número 190001 del proceso ACTSTKORIGEN total 1329507
02 16:54:31:479 Ejecucion número 190001 del proceso ACTSTKDESTINO total 1329514
02 16:54:31:480 Ejecucion número 190001 del proceso ACTSTKORIGEN2 total 1329514
02 17:12:42:955 Ejecucion número 200001 del proceso ACTSTKORIGEN total 1399491
02 17:12:43:064 Ejecucion número 200001 del proceso ACTSTKDESTINO total 1399498
02 17:12:43:082 Ejecucion número 200001 del proceso ACTSTKORIGEN2 total 1399499
02 17:30:51:185 Ejecucion número 210001 del proceso ACTSTKORIGEN total 1469473
02 17:30:51:295 Ejecucion número 210001 del proceso ACTSTKDESTINO total 1469480
02 17:30:51:295 Ejecucion número 210001 del proceso ACTSTKORIGEN2 total 1469480
02 17:48:58:470 Ejecucion número 220001 del proceso ACTSTKORIGEN total 1539453
02 17:48:58:579 Ejecucion número 220001 del proceso ACTSTKDESTINO total 1539460
02 17:48:58:580 Ejecucion número 220001 del proceso ACTSTKORIGEN2 total 1539460

00 17:56:19:852 Fichero de log cerrado.

