00 09:09:26:340 Fichero de log abierto PID 1220

02 09:09:26:342 Intentando abrir fichero v10.ini
02 09:09:26:346 Cargando driver v10oracle funcion damedriveroracle
02 09:09:26:948 Conectado a base de datos
02 09:09:26:951 Proceso ACTSTKORIGEN encontrado en tabla VDPROCESOS
02 09:09:26:951 Proceso ACTSTKORIGEN cargado con función vdbuscamovst (Librería VDKERNEL.DLL) direccion 6FF51560
02 09:09:26:952 Proceso ACTSTKDESTINO encontrado en tabla VDPROCESOS
02 09:09:26:952 Proceso ACTSTKDESTINO cargado con función vdbuscamovst (Librería VDKERNEL.DLL) direccion 6FF51560
02 09:09:26:952 Proceso ACTSTKORIGEN2 encontrado en tabla VDPROCESOS
02 09:09:26:952 Proceso ACTSTKORIGEN2 cargado con función vdbuscamovst (Librería VDKERNEL.DLL) direccion 6FF51560
02 09:09:26:953 PLSQL: INICIALIZADO PAQUETE DE LOG EL DIA 29-03-2022
02 09:09:26:962 Actualizado SID 137 SERIAL 56933 del proceso con PID 1220
02 09:27:34:952 Ejecucion número 10001 del proceso ACTSTKORIGEN total 69994
02 09:27:34:955 Ejecucion número 10001 del proceso ACTSTKDESTINO total 69994
02 09:27:34:956 Ejecucion número 10001 del proceso ACTSTKORIGEN2 total 69994
02 09:45:43:197 Ejecucion número 20001 del proceso ACTSTKORIGEN total 139988
02 09:45:43:200 Ejecucion número 20001 del proceso ACTSTKDESTINO total 139988
02 09:45:43:200 Ejecucion número 20001 del proceso ACTSTKORIGEN2 total 139988
02 10:03:51:706 Ejecucion número 30001 del proceso ACTSTKORIGEN total 209978
02 10:03:51:706 Ejecucion número 30001 del proceso ACTSTKDESTINO total 209978
02 10:03:51:707 Ejecucion número 30001 del proceso ACTSTKORIGEN2 total 209978
02 10:21:59:903 Ejecucion número 40001 del proceso ACTSTKORIGEN total 279969
02 10:21:59:903 Ejecucion número 40001 del proceso ACTSTKDESTINO total 279969
02 10:21:59:903 Ejecucion número 40001 del proceso ACTSTKORIGEN2 total 279969
02 10:40:06:057 Ejecucion número 50001 del proceso ACTSTKORIGEN total 349946
02 10:40:06:060 Ejecucion número 50001 del proceso ACTSTKDESTINO total 349946
02 10:40:06:061 Ejecucion número 50001 del proceso ACTSTKORIGEN2 total 349946
02 10:58:14:032 Ejecucion número 60001 del proceso ACTSTKORIGEN total 419934
02 10:58:14:032 Ejecucion número 60001 del proceso ACTSTKDESTINO total 419934
02 10:58:14:035 Ejecucion número 60001 del proceso ACTSTKORIGEN2 total 419934
02 11:16:29:237 Ejecucion número 70001 del proceso ACTSTKORIGEN total 489909
02 11:16:29:238 Ejecucion número 70001 del proceso ACTSTKDESTINO total 489909
02 11:16:29:241 Ejecucion número 70001 del proceso ACTSTKORIGEN2 total 489909
02 11:34:37:206 Ejecucion número 80001 del proceso ACTSTKORIGEN total 559883
02 11:34:37:301 Ejecucion número 80001 del proceso ACTSTKDESTINO total 559889
02 11:34:37:302 Ejecucion número 80001 del proceso ACTSTKORIGEN2 total 559889
02 11:52:45:589 Ejecucion número 90001 del proceso ACTSTKORIGEN total 629865
02 11:52:45:699 Ejecucion número 90001 del proceso ACTSTKDESTINO total 629872
02 11:52:45:700 Ejecucion número 90001 del proceso ACTSTKORIGEN2 total 629872
02 12:10:53:984 Ejecucion número 100001 del proceso ACTSTKORIGEN total 699851
02 12:10:54:092 Ejecucion número 100001 del proceso ACTSTKDESTINO total 699858
02 12:10:54:094 Ejecucion número 100001 del proceso ACTSTKORIGEN2 total 699858
02 12:29:02:780 Ejecucion número 110001 del proceso ACTSTKORIGEN total 769829
02 12:29:02:892 Ejecucion número 110001 del proceso ACTSTKDESTINO total 769836
02 12:29:02:894 Ejecucion número 110001 del proceso ACTSTKORIGEN2 total 769836
02 12:47:11:627 Ejecucion número 120001 del proceso ACTSTKORIGEN total 839714
02 12:47:11:739 Ejecucion número 120001 del proceso ACTSTKDESTINO total 839721
02 12:47:11:740 Ejecucion número 120001 del proceso ACTSTKORIGEN2 total 839721
02 13:05:19:755 Ejecucion número 130001 del proceso ACTSTKORIGEN total 909700
02 13:05:19:957 Ejecucion número 130001 del proceso ACTSTKDESTINO total 909713
02 13:05:19:959 Ejecucion número 130001 del proceso ACTSTKORIGEN2 total 909713
02 13:23:27:885 Ejecucion número 140001 del proceso ACTSTKORIGEN total 979689
02 13:23:28:087 Ejecucion número 140001 del proceso ACTSTKDESTINO total 979702
02 13:23:28:090 Ejecucion número 140001 del proceso ACTSTKORIGEN2 total 979702
02 13:41:36:687 Ejecucion número 150001 del proceso ACTSTKORIGEN total 1049682
02 13:41:36:887 Ejecucion número 150001 del proceso ACTSTKDESTINO total 1049695
02 13:41:36:889 Ejecucion número 150001 del proceso ACTSTKORIGEN2 total 1049695

00 13:50:25:450 Fichero de log cerrado.

00 13:50:30:100 Fichero de log abierto PID 17288

02 13:50:30:102 Intentando abrir fichero v10.ini
02 13:50:30:112 Cargando driver v10oracle funcion damedriveroracle
02 13:50:30:660 Conectado a base de datos
02 13:50:30:662 Proceso ACTSTKORIGEN encontrado en tabla VDPROCESOS
02 13:50:30:662 Proceso ACTSTKORIGEN cargado con función vdbuscamovst (Librería VDKERNEL.DLL) direccion 70361560
02 13:50:30:662 Proceso ACTSTKDESTINO encontrado en tabla VDPROCESOS
02 13:50:30:662 Proceso ACTSTKDESTINO cargado con función vdbuscamovst (Librería VDKERNEL.DLL) direccion 70361560
02 13:50:30:662 Proceso ACTSTKORIGEN2 encontrado en tabla VDPROCESOS
02 13:50:30:662 Proceso ACTSTKORIGEN2 cargado con función vdbuscamovst (Librería VDKERNEL.DLL) direccion 70361560
02 13:50:30:665 PLSQL: INICIALIZADO PAQUETE DE LOG EL DIA 29-03-2022
02 13:50:30:675 Actualizado SID 626 SERIAL 53052 del proceso con PID 17288

00 13:56:42:810 Fichero de log cerrado.

00 13:56:46:257 Fichero de log abierto PID 3644

02 13:56:46:259 Intentando abrir fichero v10.ini
02 13:56:46:264 Cargando driver v10oracle funcion damedriveroracle
02 13:56:46:942 Conectado a base de datos
02 13:56:46:945 Proceso ACTSTKORIGEN encontrado en tabla VDPROCESOS
02 13:56:46:945 Proceso ACTSTKORIGEN cargado con función vdbuscamovst (Librería VDKERNEL.DLL) direccion 70361560
02 13:56:46:945 Proceso ACTSTKDESTINO encontrado en tabla VDPROCESOS
02 13:56:46:945 Proceso ACTSTKDESTINO cargado con función vdbuscamovst (Librería VDKERNEL.DLL) direccion 70361560
02 13:56:46:945 Proceso ACTSTKORIGEN2 encontrado en tabla VDPROCESOS
02 13:56:46:945 Proceso ACTSTKORIGEN2 cargado con función vdbuscamovst (Librería VDKERNEL.DLL) direccion 70361560
02 13:56:46:948 PLSQL: INICIALIZADO PAQUETE DE LOG EL DIA 29-03-2022
02 13:56:46:957 Actualizado SID 385 SERIAL 15830 del proceso con PID 3644
02 14:14:55:190 Ejecucion número 10001 del proceso ACTSTKORIGEN total 69985
02 14:14:55:300 Ejecucion número 10001 del proceso ACTSTKDESTINO total 69992
02 14:14:55:300 Ejecucion número 10001 del proceso ACTSTKORIGEN2 total 69992
02 14:33:01:149 Ejecucion número 20001 del proceso ACTSTKORIGEN total 139976
02 14:33:01:255 Ejecucion número 20001 del proceso ACTSTKDESTINO total 139983
02 14:33:01:257 Ejecucion número 20001 del proceso ACTSTKORIGEN2 total 139983

00 15:32:15:834 Fichero de log cerrado.

00 15:32:21:542 Fichero de log abierto PID 12816

02 15:32:21:545 Intentando abrir fichero v10.ini
02 15:32:21:552 Cargando driver v10oracle funcion damedriveroracle
02 15:32:22:464 Conectado a base de datos
02 15:32:22:465 Proceso ACTSTKORIGEN encontrado en tabla VDPROCESOS
02 15:32:22:467 Proceso ACTSTKORIGEN cargado con función vdbuscamovst (Librería VDKERNEL.DLL) direccion 70361560
02 15:32:22:467 Proceso ACTSTKDESTINO encontrado en tabla VDPROCESOS
02 15:32:22:467 Proceso ACTSTKDESTINO cargado con función vdbuscamovst (Librería VDKERNEL.DLL) direccion 70361560
02 15:32:22:467 Proceso ACTSTKORIGEN2 encontrado en tabla VDPROCESOS
02 15:32:22:467 Proceso ACTSTKORIGEN2 cargado con función vdbuscamovst (Librería VDKERNEL.DLL) direccion 70361560
02 15:32:22:470 PLSQL: INICIALIZADO PAQUETE DE LOG EL DIA 29-03-2022
02 15:32:22:477 Actualizado SID 258 SERIAL 61904 del proceso con PID 12816
02 15:50:29:507 Ejecucion número 10001 del proceso ACTSTKORIGEN total 69993
02 15:50:29:510 Ejecucion número 10001 del proceso ACTSTKDESTINO total 69993
02 15:50:29:510 Ejecucion número 10001 del proceso ACTSTKORIGEN2 total 69993
02 16:08:34:785 Ejecucion número 20001 del proceso ACTSTKORIGEN total 139986
02 16:08:34:785 Ejecucion número 20001 del proceso ACTSTKDESTINO total 139986
02 16:08:34:785 Ejecucion número 20001 del proceso ACTSTKORIGEN2 total 139986
02 16:26:39:854 Ejecucion número 30001 del proceso ACTSTKORIGEN total 209976
02 16:26:39:854 Ejecucion número 30001 del proceso ACTSTKDESTINO total 209976
02 16:26:39:855 Ejecucion número 30001 del proceso ACTSTKORIGEN2 total 209976
02 16:44:45:310 Ejecucion número 40001 del proceso ACTSTKORIGEN total 279949
02 16:44:45:310 Ejecucion número 40001 del proceso ACTSTKDESTINO total 279949
02 16:44:45:310 Ejecucion número 40001 del proceso ACTSTKORIGEN2 total 279949
02 17:02:50:685 Ejecucion número 50001 del proceso ACTSTKORIGEN total 349937
02 17:02:50:702 Ejecucion número 50001 del proceso ACTSTKDESTINO total 349938
02 17:02:50:702 Ejecucion número 50001 del proceso ACTSTKORIGEN2 total 349938
02 17:20:56:882 Ejecucion número 60001 del proceso ACTSTKORIGEN total 419930
02 17:20:56:899 Ejecucion número 60001 del proceso ACTSTKDESTINO total 419931
02 17:20:56:899 Ejecucion número 60001 del proceso ACTSTKORIGEN2 total 419931
02 17:39:02:585 Ejecucion número 70001 del proceso ACTSTKORIGEN total 489917
02 17:39:02:585 Ejecucion número 70001 del proceso ACTSTKDESTINO total 489917
02 17:39:02:585 Ejecucion número 70001 del proceso ACTSTKORIGEN2 total 489917

00 17:42:37:152 Fichero de log cerrado.

00 17:42:47:870 Fichero de log abierto PID 444

02 17:42:47:872 Intentando abrir fichero v10.ini
02 17:42:47:880 Cargando driver v10oracle funcion damedriveroracle
02 17:42:48:777 Conectado a base de datos
02 17:42:48:780 Proceso ACTSTKORIGEN encontrado en tabla VDPROCESOS
02 17:42:48:780 Proceso ACTSTKORIGEN cargado con función vdbuscamovst (Librería VDKERNEL.DLL) direccion 70361560
02 17:42:48:780 Proceso ACTSTKDESTINO encontrado en tabla VDPROCESOS
02 17:42:48:780 Proceso ACTSTKDESTINO cargado con función vdbuscamovst (Librería VDKERNEL.DLL) direccion 70361560
02 17:42:48:780 Proceso ACTSTKORIGEN2 encontrado en tabla VDPROCESOS
02 17:42:48:780 Proceso ACTSTKORIGEN2 cargado con función vdbuscamovst (Librería VDKERNEL.DLL) direccion 70361560
02 17:42:48:783 PLSQL: INICIALIZADO PAQUETE DE LOG EL DIA 29-03-2022
02 17:42:48:794 Actualizado SID 506 SERIAL 17880 del proceso con PID 444

00 17:45:26:707 Fichero de log cerrado.

00 17:45:32:737 Fichero de log abierto PID 16756

02 17:45:32:742 Intentando abrir fichero v10.ini
02 17:45:32:752 Cargando driver v10oracle funcion damedriveroracle
02 17:45:34:042 Conectado a base de datos
02 17:45:34:049 Proceso ACTSTKORIGEN encontrado en tabla VDPROCESOS
02 17:45:34:050 Proceso ACTSTKORIGEN cargado con función vdbuscamovst (Librería VDKERNEL.DLL) direccion 70361560
02 17:45:34:052 Proceso ACTSTKDESTINO encontrado en tabla VDPROCESOS
02 17:45:34:052 Proceso ACTSTKDESTINO cargado con función vdbuscamovst (Librería VDKERNEL.DLL) direccion 70361560
02 17:45:34:052 Proceso ACTSTKORIGEN2 encontrado en tabla VDPROCESOS
02 17:45:34:052 Proceso ACTSTKORIGEN2 cargado con función vdbuscamovst (Librería VDKERNEL.DLL) direccion 70361560
02 17:45:34:060 PLSQL: INICIALIZADO PAQUETE DE LOG EL DIA 29-03-2022
02 17:45:34:094 Actualizado SID 751 SERIAL 19934 del proceso con PID 16756

00 17:58:58:372 Fichero de log cerrado.

