00 09:13:58:280 Fichero de log abierto PID 15364

02 09:13:58:282 Intentando abrir fichero v10.ini
02 09:13:58:287 Cargando driver v10oracle funcion damedriveroracle
02 09:13:58:968 Conectado a base de datos
02 09:13:58:971 Proceso ACTSTKORIGEN encontrado en tabla VDPROCESOS
02 09:13:58:971 Proceso ACTSTKORIGEN cargado con función vdbuscamovst (Librería VDKERNEL.DLL) direccion 6D431560
02 09:13:58:971 Proceso ACTSTKDESTINO encontrado en tabla VDPROCESOS
02 09:13:58:972 Proceso ACTSTKDESTINO cargado con función vdbuscamovst (Librería VDKERNEL.DLL) direccion 6D431560
02 09:13:58:972 Proceso ACTSTKORIGEN2 encontrado en tabla VDPROCESOS
02 09:13:58:972 Proceso ACTSTKORIGEN2 cargado con función vdbuscamovst (Librería VDKERNEL.DLL) direccion 6D431560
02 09:13:58:974 PLSQL: INICIALIZADO PAQUETE DE LOG EL DIA 11-04-2022
02 09:13:58:982 Actualizado SID 745 SERIAL 63637 del proceso con PID 15364
02 09:32:06:751 Ejecucion número 10001 del proceso ACTSTKORIGEN total 69966
02 09:32:06:752 Ejecucion número 10001 del proceso ACTSTKDESTINO total 69966
02 09:32:06:752 Ejecucion número 10001 del proceso ACTSTKORIGEN2 total 69966
02 09:50:16:906 Ejecucion número 20001 del proceso ACTSTKORIGEN total 139946
02 09:50:16:906 Ejecucion número 20001 del proceso ACTSTKDESTINO total 139946
02 09:50:16:907 Ejecucion número 20001 del proceso ACTSTKORIGEN2 total 139946
02 10:08:23:387 Ejecucion número 30001 del proceso ACTSTKORIGEN total 209925
02 10:08:23:388 Ejecucion número 30001 del proceso ACTSTKDESTINO total 209925
02 10:08:23:390 Ejecucion número 30001 del proceso ACTSTKORIGEN2 total 209925
02 10:26:24:446 Ejecucion número 40001 del proceso ACTSTKORIGEN total 279896
02 10:26:24:446 Ejecucion número 40001 del proceso ACTSTKDESTINO total 279896
02 10:26:24:446 Ejecucion número 40001 del proceso ACTSTKORIGEN2 total 279896
02 10:44:33:455 Ejecucion número 50001 del proceso ACTSTKORIGEN total 349883
02 10:44:33:455 Ejecucion número 50001 del proceso ACTSTKDESTINO total 349883
02 10:44:33:456 Ejecucion número 50001 del proceso ACTSTKORIGEN2 total 349883
02 11:02:42:925 Ejecucion número 60001 del proceso ACTSTKORIGEN total 419830
02 11:02:42:926 Ejecucion número 60001 del proceso ACTSTKDESTINO total 419830
02 11:02:42:927 Ejecucion número 60001 del proceso ACTSTKORIGEN2 total 419830
02 11:20:52:002 Ejecucion número 70001 del proceso ACTSTKORIGEN total 489815
02 11:20:52:002 Ejecucion número 70001 del proceso ACTSTKDESTINO total 489815
02 11:20:52:003 Ejecucion número 70001 del proceso ACTSTKORIGEN2 total 489815
02 11:39:01:492 Ejecucion número 80001 del proceso ACTSTKORIGEN total 559795
02 11:39:01:493 Ejecucion número 80001 del proceso ACTSTKDESTINO total 559795
02 11:39:01:495 Ejecucion número 80001 del proceso ACTSTKORIGEN2 total 559795
02 11:57:09:777 Ejecucion número 90001 del proceso ACTSTKORIGEN total 629782
02 11:57:09:780 Ejecucion número 90001 del proceso ACTSTKDESTINO total 629782
02 11:57:09:782 Ejecucion número 90001 del proceso ACTSTKORIGEN2 total 629782
02 12:15:18:514 Ejecucion número 100001 del proceso ACTSTKORIGEN total 699768
02 12:15:18:515 Ejecucion número 100001 del proceso ACTSTKDESTINO total 699768
02 12:15:18:515 Ejecucion número 100001 del proceso ACTSTKORIGEN2 total 699768
02 12:33:26:557 Ejecucion número 110001 del proceso ACTSTKORIGEN total 769745
02 12:33:26:559 Ejecucion número 110001 del proceso ACTSTKDESTINO total 769745
02 12:33:26:559 Ejecucion número 110001 del proceso ACTSTKORIGEN2 total 769745
02 12:51:32:732 Ejecucion número 120001 del proceso ACTSTKORIGEN total 839717
02 12:51:32:732 Ejecucion número 120001 del proceso ACTSTKDESTINO total 839717
02 12:51:32:734 Ejecucion número 120001 del proceso ACTSTKORIGEN2 total 839717
02 13:09:40:995 Ejecucion número 130001 del proceso ACTSTKORIGEN total 909704
02 13:09:40:997 Ejecucion número 130001 del proceso ACTSTKDESTINO total 909704
02 13:09:40:997 Ejecucion número 130001 del proceso ACTSTKORIGEN2 total 909704
02 13:27:49:372 Ejecucion número 140001 del proceso ACTSTKORIGEN total 979695
02 13:27:49:372 Ejecucion número 140001 del proceso ACTSTKDESTINO total 979695
02 13:27:49:372 Ejecucion número 140001 del proceso ACTSTKORIGEN2 total 979695
02 13:45:58:537 Ejecucion número 150001 del proceso ACTSTKORIGEN total 1049671
02 13:45:58:539 Ejecucion número 150001 del proceso ACTSTKDESTINO total 1049671
02 13:45:58:539 Ejecucion número 150001 del proceso ACTSTKORIGEN2 total 1049671
02 14:04:07:877 Ejecucion número 160001 del proceso ACTSTKORIGEN total 1119655
02 14:04:07:877 Ejecucion número 160001 del proceso ACTSTKDESTINO total 1119655
02 14:04:07:880 Ejecucion número 160001 del proceso ACTSTKORIGEN2 total 1119655
02 14:22:16:057 Ejecucion número 170001 del proceso ACTSTKORIGEN total 1189640
02 14:22:16:072 Ejecucion número 170001 del proceso ACTSTKDESTINO total 1189641
02 14:22:16:074 Ejecucion número 170001 del proceso ACTSTKORIGEN2 total 1189641
02 14:40:22:832 Ejecucion número 180001 del proceso ACTSTKORIGEN total 1259623
02 14:40:22:862 Ejecucion número 180001 del proceso ACTSTKDESTINO total 1259625
02 14:40:22:862 Ejecucion número 180001 del proceso ACTSTKORIGEN2 total 1259625
02 14:58:31:579 Ejecucion número 190001 del proceso ACTSTKORIGEN total 1329608
02 14:58:31:670 Ejecucion número 190001 del proceso ACTSTKDESTINO total 1329614
02 14:58:31:672 Ejecucion número 190001 del proceso ACTSTKORIGEN2 total 1329614
02 15:16:42:462 Ejecucion número 200001 del proceso ACTSTKORIGEN total 1399586
02 15:16:42:570 Ejecucion número 200001 del proceso ACTSTKDESTINO total 1399593
02 15:16:42:572 Ejecucion número 200001 del proceso ACTSTKORIGEN2 total 1399593
02 15:34:53:590 Ejecucion número 210001 del proceso ACTSTKORIGEN total 1469576
02 15:34:53:700 Ejecucion número 210001 del proceso ACTSTKDESTINO total 1469583
02 15:34:53:700 Ejecucion número 210001 del proceso ACTSTKORIGEN2 total 1469583
02 16:11:41:305 Ejecucion número 220001 del proceso ACTSTKORIGEN total 1539527
02 16:11:41:415 Ejecucion número 220001 del proceso ACTSTKDESTINO total 1539534
02 16:11:41:415 Ejecucion número 220001 del proceso ACTSTKORIGEN2 total 1539534
02 16:29:49:560 Ejecucion número 230001 del proceso ACTSTKORIGEN total 1609516
02 16:29:49:672 Ejecucion número 230001 del proceso ACTSTKDESTINO total 1609523
02 16:29:49:674 Ejecucion número 230001 del proceso ACTSTKORIGEN2 total 1609523
02 16:47:56:682 Ejecucion número 240001 del proceso ACTSTKORIGEN total 1679505
02 16:47:56:790 Ejecucion número 240001 del proceso ACTSTKDESTINO total 1679512
02 16:47:56:790 Ejecucion número 240001 del proceso ACTSTKORIGEN2 total 1679512
02 17:06:02:535 Ejecucion número 250001 del proceso ACTSTKORIGEN total 1749478
02 17:06:02:645 Ejecucion número 250001 del proceso ACTSTKDESTINO total 1749485
02 17:06:02:645 Ejecucion número 250001 del proceso ACTSTKORIGEN2 total 1749485
02 17:24:11:395 Ejecucion número 260001 del proceso ACTSTKORIGEN total 1819471
02 17:24:11:502 Ejecucion número 260001 del proceso ACTSTKDESTINO total 1819478
02 17:24:11:505 Ejecucion número 260001 del proceso ACTSTKORIGEN2 total 1819478
02 17:42:20:035 Ejecucion número 270001 del proceso ACTSTKORIGEN total 1889457
02 17:42:20:145 Ejecucion número 270001 del proceso ACTSTKDESTINO total 1889464
02 17:42:20:147 Ejecucion número 270001 del proceso ACTSTKORIGEN2 total 1889464

00 17:57:51:360 Fichero de log cerrado.

