00 09:05:28:091 Fichero de log abierto PID 10236

02 09:05:28:092 Intentando abrir fichero v10.ini
02 09:05:28:097 Cargando driver v10oracle funcion damedriveroracle
02 09:05:28:707 Conectado a base de datos
02 09:05:28:708 Proceso ACTSTKORIGEN encontrado en tabla VDPROCESOS
02 09:05:28:710 Proceso ACTSTKORIGEN cargado con función vdbuscamovst (Librería VDKERNEL.DLL) direccion 6FFE1560
02 09:05:28:710 Proceso ACTSTKDESTINO encontrado en tabla VDPROCESOS
02 09:05:28:710 Proceso ACTSTKDESTINO cargado con función vdbuscamovst (Librería VDKERNEL.DLL) direccion 6FFE1560
02 09:05:28:710 Proceso ACTSTKORIGEN2 encontrado en tabla VDPROCESOS
02 09:05:28:710 Proceso ACTSTKORIGEN2 cargado con función vdbuscamovst (Librería VDKERNEL.DLL) direccion 6FFE1560
02 09:05:28:712 PLSQL: INICIALIZADO PAQUETE DE LOG EL DIA 21-03-2022
02 09:05:28:721 Actualizado SID 257 SERIAL 33615 del proceso con PID 10236
02 09:23:30:523 Ejecucion número 10001 del proceso ACTSTKORIGEN total 59800
02 09:23:30:525 Ejecucion número 10001 del proceso ACTSTKDESTINO total 59800
02 09:23:30:627 Ejecucion número 10001 del proceso ACTSTKORIGEN2 total 59805
02 09:41:33:161 Ejecucion número 20001 del proceso ACTSTKORIGEN total 128191
02 09:41:33:161 Ejecucion número 20001 del proceso ACTSTKDESTINO total 128191
02 09:41:33:271 Ejecucion número 20001 del proceso ACTSTKORIGEN2 total 128198
02 09:59:37:092 Ejecucion número 30001 del proceso ACTSTKORIGEN total 198184
02 09:59:37:093 Ejecucion número 30001 del proceso ACTSTKDESTINO total 198184
02 09:59:37:202 Ejecucion número 30001 del proceso ACTSTKORIGEN2 total 198191
02 10:17:41:847 Ejecucion número 40001 del proceso ACTSTKORIGEN total 268169
02 10:17:41:847 Ejecucion número 40001 del proceso ACTSTKDESTINO total 268169
02 10:17:42:047 Ejecucion número 40001 del proceso ACTSTKORIGEN2 total 268182
02 10:35:46:992 Ejecucion número 50001 del proceso ACTSTKORIGEN total 338160
02 10:35:46:992 Ejecucion número 50001 del proceso ACTSTKDESTINO total 338160
02 10:35:47:192 Ejecucion número 50001 del proceso ACTSTKORIGEN2 total 338173
02 10:53:51:887 Ejecucion número 60001 del proceso ACTSTKORIGEN total 408152
02 10:53:51:887 Ejecucion número 60001 del proceso ACTSTKDESTINO total 408152
02 10:53:52:090 Ejecucion número 60001 del proceso ACTSTKORIGEN2 total 408165
02 11:11:52:580 Ejecucion número 70001 del proceso ACTSTKORIGEN total 478138
02 11:11:52:580 Ejecucion número 70001 del proceso ACTSTKDESTINO total 478138
02 11:11:52:780 Ejecucion número 70001 del proceso ACTSTKORIGEN2 total 478151
02 11:29:57:512 Ejecucion número 80001 del proceso ACTSTKORIGEN total 548131
02 11:29:57:512 Ejecucion número 80001 del proceso ACTSTKDESTINO total 548131
02 11:29:57:716 Ejecucion número 80001 del proceso ACTSTKORIGEN2 total 548144
02 11:48:02:310 Ejecucion número 90001 del proceso ACTSTKORIGEN total 618123
02 11:48:02:312 Ejecucion número 90001 del proceso ACTSTKDESTINO total 618123
02 11:48:02:482 Ejecucion número 90001 del proceso ACTSTKORIGEN2 total 618134
02 12:06:04:065 Ejecucion número 100001 del proceso ACTSTKORIGEN total 683285
02 12:06:04:170 Ejecucion número 100001 del proceso ACTSTKDESTINO total 683291
02 12:06:04:389 Ejecucion número 100001 del proceso ACTSTKORIGEN2 total 683304
02 12:44:34:887 Ejecucion número 110001 del proceso ACTSTKORIGEN total 740661
02 12:44:35:094 Ejecucion número 110001 del proceso ACTSTKDESTINO total 740671
02 12:44:35:299 Ejecucion número 110001 del proceso ACTSTKORIGEN2 total 740681
02 13:02:25:492 Ejecucion número 120001 del proceso ACTSTKORIGEN total 798429
02 13:02:25:699 Ejecucion número 120001 del proceso ACTSTKDESTINO total 798439
02 13:02:25:902 Ejecucion número 120001 del proceso ACTSTKORIGEN2 total 798449
02 13:20:18:575 Ejecucion número 130001 del proceso ACTSTKORIGEN total 856058
02 13:20:18:882 Ejecucion número 130001 del proceso ACTSTKDESTINO total 856073
02 13:20:19:190 Ejecucion número 130001 del proceso ACTSTKORIGEN2 total 856088
02 13:38:26:572 Ejecucion número 140001 del proceso ACTSTKORIGEN total 919579
02 13:38:27:005 Ejecucion número 140001 del proceso ACTSTKDESTINO total 919607
02 13:38:27:440 Ejecucion número 140001 del proceso ACTSTKORIGEN2 total 919635
02 13:56:32:862 Ejecucion número 150001 del proceso ACTSTKORIGEN total 989569
02 13:56:33:295 Ejecucion número 150001 del proceso ACTSTKDESTINO total 989597
02 13:56:33:745 Ejecucion número 150001 del proceso ACTSTKORIGEN2 total 989626
02 14:14:38:825 Ejecucion número 160001 del proceso ACTSTKORIGEN total 1059562
02 14:14:39:260 Ejecucion número 160001 del proceso ACTSTKDESTINO total 1059590
02 14:14:39:695 Ejecucion número 160001 del proceso ACTSTKORIGEN2 total 1059618
02 14:32:44:515 Ejecucion número 170001 del proceso ACTSTKORIGEN total 1129551
02 14:32:44:949 Ejecucion número 170001 del proceso ACTSTKDESTINO total 1129579
02 14:32:45:384 Ejecucion número 170001 del proceso ACTSTKORIGEN2 total 1129607
02 15:39:05:644 Ejecucion número 180001 del proceso ACTSTKORIGEN total 1199529
02 15:39:06:080 Ejecucion número 180001 del proceso ACTSTKDESTINO total 1199557
02 15:39:06:514 Ejecucion número 180001 del proceso ACTSTKORIGEN2 total 1199585
02 15:57:10:637 Ejecucion número 190001 del proceso ACTSTKORIGEN total 1269522
02 15:57:11:072 Ejecucion número 190001 del proceso ACTSTKDESTINO total 1269550
02 15:57:11:510 Ejecucion número 190001 del proceso ACTSTKORIGEN2 total 1269578
02 16:15:16:662 Ejecucion número 200001 del proceso ACTSTKORIGEN total 1339510
02 16:15:17:097 Ejecucion número 200001 del proceso ACTSTKDESTINO total 1339538
02 16:15:17:532 Ejecucion número 200001 del proceso ACTSTKORIGEN2 total 1339566
02 16:33:22:242 Ejecucion número 210001 del proceso ACTSTKORIGEN total 1409502
02 16:33:22:674 Ejecucion número 210001 del proceso ACTSTKDESTINO total 1409530
02 16:33:23:107 Ejecucion número 210001 del proceso ACTSTKORIGEN2 total 1409558
02 16:51:28:537 Ejecucion número 220001 del proceso ACTSTKORIGEN total 1479493
02 16:51:28:972 Ejecucion número 220001 del proceso ACTSTKDESTINO total 1479521
02 16:51:29:422 Ejecucion número 220001 del proceso ACTSTKORIGEN2 total 1479550
02 17:09:37:562 Ejecucion número 230001 del proceso ACTSTKORIGEN total 1549483
02 17:09:37:997 Ejecucion número 230001 del proceso ACTSTKDESTINO total 1549511
02 17:09:38:432 Ejecucion número 230001 del proceso ACTSTKORIGEN2 total 1549539
02 17:27:45:924 Ejecucion número 240001 del proceso ACTSTKORIGEN total 1610465
02 17:27:46:594 Ejecucion número 240001 del proceso ACTSTKDESTINO total 1610505
02 17:27:47:495 Ejecucion número 240001 del proceso ACTSTKORIGEN2 total 1610558
02 17:45:52:099 Ejecucion número 250001 del proceso ACTSTKORIGEN total 1670497
02 17:45:52:782 Ejecucion número 250001 del proceso ACTSTKDESTINO total 1670538
02 17:45:53:885 Ejecucion número 250001 del proceso ACTSTKORIGEN2 total 1670603

00 17:53:19:347 Fichero de log cerrado.

00 17:53:20:514 Fichero de log abierto PID 6124

02 17:53:20:519 Intentando abrir fichero v10.ini
02 17:53:20:700 Cargando driver v10oracle funcion damedriveroracle
02 17:53:22:495 Conectado a base de datos
02 17:53:22:500 Proceso ACTSTKORIGEN encontrado en tabla VDPROCESOS
02 17:53:22:502 Proceso ACTSTKORIGEN cargado con función vdbuscamovst (Librería VDKERNEL.DLL) direccion 6FFE1560
02 17:53:22:502 Proceso ACTSTKDESTINO encontrado en tabla VDPROCESOS
02 17:53:22:502 Proceso ACTSTKDESTINO cargado con función vdbuscamovst (Librería VDKERNEL.DLL) direccion 6FFE1560
02 17:53:22:502 Proceso ACTSTKORIGEN2 encontrado en tabla VDPROCESOS
02 17:53:22:502 Proceso ACTSTKORIGEN2 cargado con función vdbuscamovst (Librería VDKERNEL.DLL) direccion 6FFE1560
02 17:53:22:508 PLSQL: INICIALIZADO PAQUETE DE LOG EL DIA 21-03-2022
02 17:53:22:532 Actualizado SID 503 SERIAL 48677 del proceso con PID 6124

00 17:53:25:010 Fichero de log cerrado.

