00 09:04:44:550 Fichero de log abierto PID 15208

02 09:04:44:553 Intentando abrir fichero v10.ini
02 09:04:44:562 Cargando driver v10oracle funcion damedriveroracle
02 09:04:45:467 Conectado a base de datos
02 09:04:45:470 Proceso ACTSTKORIGEN encontrado en tabla VDPROCESOS
02 09:04:45:470 Proceso ACTSTKORIGEN cargado con función vdbuscamovst (Librería VDKERNEL.DLL) direccion 6E691560
02 09:04:45:470 Proceso ACTSTKDESTINO encontrado en tabla VDPROCESOS
02 09:04:45:470 Proceso ACTSTKDESTINO cargado con función vdbuscamovst (Librería VDKERNEL.DLL) direccion 6E691560
02 09:04:45:471 Proceso ACTSTKORIGEN2 encontrado en tabla VDPROCESOS
02 09:04:45:471 Proceso ACTSTKORIGEN2 cargado con función vdbuscamovst (Librería VDKERNEL.DLL) direccion 6E691560
02 09:04:45:473 PLSQL: INICIALIZADO PAQUETE DE LOG EL DIA 25-03-2022
02 09:04:45:481 Actualizado SID 262 SERIAL 17389 del proceso con PID 15208
02 09:22:53:690 Ejecucion número 10001 del proceso ACTSTKORIGEN total 68251
02 09:22:53:691 Ejecucion número 10001 del proceso ACTSTKDESTINO total 68251
02 09:22:53:911 Ejecucion número 10001 del proceso ACTSTKORIGEN2 total 68265

00 09:37:54:927 Fichero de log cerrado.

00 09:38:20:081 Fichero de log abierto PID 14664

02 09:38:20:082 Intentando abrir fichero v10.ini
02 09:38:20:090 Cargando driver v10oracle funcion damedriveroracle
02 09:38:20:555 Conectado a base de datos
02 09:38:20:556 Proceso ACTSTKORIGEN encontrado en tabla VDPROCESOS
02 09:38:20:557 Proceso ACTSTKORIGEN cargado con función vdbuscamovst (Librería VDKERNEL.DLL) direccion 705F1560
02 09:38:20:557 Proceso ACTSTKDESTINO encontrado en tabla VDPROCESOS
02 09:38:20:557 Proceso ACTSTKDESTINO cargado con función vdbuscamovst (Librería VDKERNEL.DLL) direccion 705F1560
02 09:38:20:557 Proceso ACTSTKORIGEN2 encontrado en tabla VDPROCESOS
02 09:38:20:557 Proceso ACTSTKORIGEN2 cargado con función vdbuscamovst (Librería VDKERNEL.DLL) direccion 705F1560
02 09:38:20:561 PLSQL: INICIALIZADO PAQUETE DE LOG EL DIA 25-03-2022
02 09:38:20:570 Actualizado SID 862 SERIAL 2447 del proceso con PID 14664
02 09:56:27:233 Ejecucion número 10001 del proceso ACTSTKORIGEN total 69993
02 09:56:27:233 Ejecucion número 10001 del proceso ACTSTKDESTINO total 69993
02 09:56:27:236 Ejecucion número 10001 del proceso ACTSTKORIGEN2 total 69993
02 10:14:33:537 Ejecucion número 20001 del proceso ACTSTKORIGEN total 139977
02 10:14:33:537 Ejecucion número 20001 del proceso ACTSTKDESTINO total 139977
02 10:14:33:538 Ejecucion número 20001 del proceso ACTSTKORIGEN2 total 139977
02 10:32:41:923 Ejecucion número 30001 del proceso ACTSTKORIGEN total 209957
02 10:32:41:923 Ejecucion número 30001 del proceso ACTSTKDESTINO total 209957
02 10:32:41:925 Ejecucion número 30001 del proceso ACTSTKORIGEN2 total 209957
02 10:50:51:373 Ejecucion número 40001 del proceso ACTSTKORIGEN total 279942
02 10:50:51:373 Ejecucion número 40001 del proceso ACTSTKDESTINO total 279942
02 10:50:51:373 Ejecucion número 40001 del proceso ACTSTKORIGEN2 total 279942
02 11:09:00:826 Ejecucion número 50001 del proceso ACTSTKORIGEN total 349925
02 11:09:00:826 Ejecucion número 50001 del proceso ACTSTKDESTINO total 349925
02 11:09:00:827 Ejecucion número 50001 del proceso ACTSTKORIGEN2 total 349925
02 11:27:16:087 Ejecucion número 60001 del proceso ACTSTKORIGEN total 419898
02 11:27:16:088 Ejecucion número 60001 del proceso ACTSTKDESTINO total 419898
02 11:27:16:088 Ejecucion número 60001 del proceso ACTSTKORIGEN2 total 419898
02 12:20:52:002 Ejecucion número 70001 del proceso ACTSTKORIGEN total 489869
02 12:20:52:004 Ejecucion número 70001 del proceso ACTSTKDESTINO total 489869
02 12:20:52:004 Ejecucion número 70001 del proceso ACTSTKORIGEN2 total 489869
02 12:39:01:935 Ejecucion número 80001 del proceso ACTSTKORIGEN total 559847
02 12:39:01:935 Ejecucion número 80001 del proceso ACTSTKDESTINO total 559847
02 12:39:01:935 Ejecucion número 80001 del proceso ACTSTKORIGEN2 total 559847

00 12:57:00:244 Fichero de log cerrado.

00 12:57:20:554 Fichero de log abierto PID 15640

02 12:57:20:555 Intentando abrir fichero v10.ini
02 12:57:20:562 Cargando driver v10oracle funcion damedriveroracle
02 12:57:21:050 Conectado a base de datos
02 12:57:21:052 Proceso ACTSTKORIGEN encontrado en tabla VDPROCESOS
02 12:57:21:052 Proceso ACTSTKORIGEN cargado con función vdbuscamovst (Librería VDKERNEL.DLL) direccion 705F1560
02 12:57:21:052 Proceso ACTSTKDESTINO encontrado en tabla VDPROCESOS
02 12:57:21:052 Proceso ACTSTKDESTINO cargado con función vdbuscamovst (Librería VDKERNEL.DLL) direccion 705F1560
02 12:57:21:052 Proceso ACTSTKORIGEN2 encontrado en tabla VDPROCESOS
02 12:57:21:052 Proceso ACTSTKORIGEN2 cargado con función vdbuscamovst (Librería VDKERNEL.DLL) direccion 705F1560
02 12:57:21:055 PLSQL: INICIALIZADO PAQUETE DE LOG EL DIA 25-03-2022
02 12:57:21:065 Actualizado SID 749 SERIAL 53060 del proceso con PID 15640
02 13:15:27:475 Ejecucion número 10001 del proceso ACTSTKORIGEN total 69987
02 13:15:27:475 Ejecucion número 10001 del proceso ACTSTKDESTINO total 69987
02 13:15:27:475 Ejecucion número 10001 del proceso ACTSTKORIGEN2 total 69987
02 13:33:33:799 Ejecucion número 20001 del proceso ACTSTKORIGEN total 139969
02 13:33:33:829 Ejecucion número 20001 del proceso ACTSTKDESTINO total 139971
02 13:33:33:829 Ejecucion número 20001 del proceso ACTSTKORIGEN2 total 139971
02 13:51:39:207 Ejecucion número 30001 del proceso ACTSTKORIGEN total 209956
02 13:51:39:239 Ejecucion número 30001 del proceso ACTSTKDESTINO total 209958
02 13:51:39:239 Ejecucion número 30001 del proceso ACTSTKORIGEN2 total 209958

00 13:58:46:912 Fichero de log cerrado.

