00 09:09:35:415 Fichero de log abierto PID 4908

02 09:09:35:417 Intentando abrir fichero v10.ini
02 09:09:35:422 Cargando driver v10oracle funcion damedriveroracle
02 09:09:36:047 Conectado a base de datos
02 09:09:36:050 Proceso ACTSTKORIGEN encontrado en tabla VDPROCESOS
02 09:09:36:050 Proceso ACTSTKORIGEN cargado con función vdbuscamovst (Librería VDKERNEL.DLL) direccion 6FE01560
02 09:09:36:051 Proceso ACTSTKDESTINO encontrado en tabla VDPROCESOS
02 09:09:36:051 Proceso ACTSTKDESTINO cargado con función vdbuscamovst (Librería VDKERNEL.DLL) direccion 6FE01560
02 09:09:36:051 Proceso ACTSTKORIGEN2 encontrado en tabla VDPROCESOS
02 09:09:36:051 Proceso ACTSTKORIGEN2 cargado con función vdbuscamovst (Librería VDKERNEL.DLL) direccion 6FE01560
02 09:09:36:053 PLSQL: INICIALIZADO PAQUETE DE LOG EL DIA 05-04-2022
02 09:09:36:062 Actualizado SID 263 SERIAL 49296 del proceso con PID 4908
02 09:27:49:283 Ejecucion número 10001 del proceso ACTSTKORIGEN total 69543
02 09:27:49:283 Ejecucion número 10001 del proceso ACTSTKDESTINO total 69543
02 09:27:49:283 Ejecucion número 10001 del proceso ACTSTKORIGEN2 total 69543
02 09:46:08:510 Ejecucion número 20001 del proceso ACTSTKORIGEN total 139520
02 09:46:08:511 Ejecucion número 20001 del proceso ACTSTKDESTINO total 139520
02 09:46:08:511 Ejecucion número 20001 del proceso ACTSTKORIGEN2 total 139520

00 09:57:03:187 Fichero de log cerrado.

00 09:57:16:497 Fichero de log abierto PID 4228

02 09:57:16:511 Intentando abrir fichero v10.ini
02 09:57:16:517 Cargando driver v10oracle funcion damedriveroracle
02 09:57:17:361 Conectado a base de datos
02 09:57:17:362 Proceso ACTSTKORIGEN encontrado en tabla VDPROCESOS
02 09:57:17:363 Proceso ACTSTKORIGEN cargado con función vdbuscamovst (Librería VDKERNEL.DLL) direccion 6FE01560
02 09:57:17:363 Proceso ACTSTKDESTINO encontrado en tabla VDPROCESOS
02 09:57:17:363 Proceso ACTSTKDESTINO cargado con función vdbuscamovst (Librería VDKERNEL.DLL) direccion 6FE01560
02 09:57:17:363 Proceso ACTSTKORIGEN2 encontrado en tabla VDPROCESOS
02 09:57:17:363 Proceso ACTSTKORIGEN2 cargado con función vdbuscamovst (Librería VDKERNEL.DLL) direccion 6FE01560
02 09:57:17:367 PLSQL: INICIALIZADO PAQUETE DE LOG EL DIA 05-04-2022
02 09:57:17:377 Actualizado SID 508 SERIAL 47535 del proceso con PID 4228

00 10:01:40:407 Fichero de log cerrado.

00 10:03:38:671 Fichero de log abierto PID 3640

02 10:03:38:672 Intentando abrir fichero v10.ini
02 10:03:38:680 Cargando driver v10oracle funcion damedriveroracle
02 10:03:39:257 Conectado a base de datos
02 10:03:39:261 Proceso ACTSTKORIGEN encontrado en tabla VDPROCESOS
02 10:03:39:262 Proceso ACTSTKORIGEN cargado con función vdbuscamovst (Librería VDKERNEL.DLL) direccion 6E091560
02 10:03:39:262 Proceso ACTSTKDESTINO encontrado en tabla VDPROCESOS
02 10:03:39:262 Proceso ACTSTKDESTINO cargado con función vdbuscamovst (Librería VDKERNEL.DLL) direccion 6E091560
02 10:03:39:262 Proceso ACTSTKORIGEN2 encontrado en tabla VDPROCESOS
02 10:03:39:262 Proceso ACTSTKORIGEN2 cargado con función vdbuscamovst (Librería VDKERNEL.DLL) direccion 6E091560
02 10:03:39:264 PLSQL: INICIALIZADO PAQUETE DE LOG EL DIA 05-04-2022
02 10:03:39:276 Actualizado SID 870 SERIAL 48231 del proceso con PID 3640
02 10:21:54:866 Ejecucion número 10001 del proceso ACTSTKORIGEN total 68787
02 10:21:54:866 Ejecucion número 10001 del proceso ACTSTKDESTINO total 68787
02 10:21:54:867 Ejecucion número 10001 del proceso ACTSTKORIGEN2 total 68787
02 10:40:04:242 Ejecucion número 20001 del proceso ACTSTKORIGEN total 138768
02 10:40:04:258 Ejecucion número 20001 del proceso ACTSTKDESTINO total 138769
02 10:40:04:260 Ejecucion número 20001 del proceso ACTSTKORIGEN2 total 138769
02 10:58:14:336 Ejecucion número 30001 del proceso ACTSTKORIGEN total 208759
02 10:58:14:353 Ejecucion número 30001 del proceso ACTSTKDESTINO total 208760
02 10:58:14:355 Ejecucion número 30001 del proceso ACTSTKORIGEN2 total 208760
02 11:42:18:770 Ejecucion número 40001 del proceso ACTSTKORIGEN total 278745
02 11:42:18:772 Ejecucion número 40001 del proceso ACTSTKDESTINO total 278745
02 11:42:18:772 Ejecucion número 40001 del proceso ACTSTKORIGEN2 total 278745
02 12:00:35:375 Ejecucion número 50001 del proceso ACTSTKORIGEN total 348732
02 12:00:35:377 Ejecucion número 50001 del proceso ACTSTKDESTINO total 348732
02 12:00:35:377 Ejecucion número 50001 del proceso ACTSTKORIGEN2 total 348732
02 12:18:49:920 Ejecucion número 60001 del proceso ACTSTKORIGEN total 418713
02 12:18:50:029 Ejecucion número 60001 del proceso ACTSTKDESTINO total 418720
02 12:18:50:030 Ejecucion número 60001 del proceso ACTSTKORIGEN2 total 418720
02 12:37:01:897 Ejecucion número 70001 del proceso ACTSTKORIGEN total 488690
02 12:37:02:100 Ejecucion número 70001 del proceso ACTSTKDESTINO total 488703
02 12:37:02:100 Ejecucion número 70001 del proceso ACTSTKORIGEN2 total 488703
02 12:55:14:624 Ejecucion número 80001 del proceso ACTSTKORIGEN total 558666
02 12:55:14:840 Ejecucion número 80001 del proceso ACTSTKDESTINO total 558680
02 12:55:14:842 Ejecucion número 80001 del proceso ACTSTKORIGEN2 total 558680
02 13:13:27:100 Ejecucion número 90001 del proceso ACTSTKORIGEN total 628629
02 13:13:27:320 Ejecucion número 90001 del proceso ACTSTKDESTINO total 628643
02 13:13:27:322 Ejecucion número 90001 del proceso ACTSTKORIGEN2 total 628643
02 13:31:38:270 Ejecucion número 100001 del proceso ACTSTKORIGEN total 698594
02 13:31:38:489 Ejecucion número 100001 del proceso ACTSTKDESTINO total 698608
02 13:31:38:490 Ejecucion número 100001 del proceso ACTSTKORIGEN2 total 698608
02 13:49:47:937 Ejecucion número 110001 del proceso ACTSTKORIGEN total 768568
02 13:49:48:160 Ejecucion número 110001 del proceso ACTSTKDESTINO total 768582
02 13:49:48:160 Ejecucion número 110001 del proceso ACTSTKORIGEN2 total 768582
02 14:07:57:950 Ejecucion número 120001 del proceso ACTSTKORIGEN total 838539
02 14:07:58:169 Ejecucion número 120001 del proceso ACTSTKDESTINO total 838553
02 14:07:58:170 Ejecucion número 120001 del proceso ACTSTKORIGEN2 total 838553
02 14:26:08:242 Ejecucion número 130001 del proceso ACTSTKORIGEN total 908524
02 14:26:08:460 Ejecucion número 130001 del proceso ACTSTKDESTINO total 908538
02 14:26:08:462 Ejecucion número 130001 del proceso ACTSTKORIGEN2 total 908538
02 14:44:19:924 Ejecucion número 140001 del proceso ACTSTKORIGEN total 978511
02 14:44:20:144 Ejecucion número 140001 del proceso ACTSTKDESTINO total 978525
02 14:44:20:144 Ejecucion número 140001 del proceso ACTSTKORIGEN2 total 978525
02 15:51:12:675 Ejecucion número 150001 del proceso ACTSTKORIGEN total 1048482
02 15:51:12:895 Ejecucion número 150001 del proceso ACTSTKDESTINO total 1048496
02 15:51:12:895 Ejecucion número 150001 del proceso ACTSTKORIGEN2 total 1048496
02 16:09:25:127 Ejecucion número 160001 del proceso ACTSTKORIGEN total 1118460
02 16:09:25:345 Ejecucion número 160001 del proceso ACTSTKDESTINO total 1118474
02 16:09:25:347 Ejecucion número 160001 del proceso ACTSTKORIGEN2 total 1118474

00 16:14:51:320 Fichero de log cerrado.

00 16:15:02:307 Fichero de log abierto PID 14188

02 16:15:02:310 Intentando abrir fichero v10.ini
02 16:15:02:319 Cargando driver v10oracle funcion damedriveroracle
02 16:15:04:255 Conectado a base de datos
02 16:15:04:262 Proceso ACTSTKORIGEN encontrado en tabla VDPROCESOS
02 16:15:04:265 Proceso ACTSTKORIGEN cargado con función vdbuscamovst (Librería VDKERNEL.DLL) direccion 6E091560
02 16:15:04:265 Proceso ACTSTKDESTINO encontrado en tabla VDPROCESOS
02 16:15:04:265 Proceso ACTSTKDESTINO cargado con función vdbuscamovst (Librería VDKERNEL.DLL) direccion 6E091560
02 16:15:04:265 Proceso ACTSTKORIGEN2 encontrado en tabla VDPROCESOS
02 16:15:04:265 Proceso ACTSTKORIGEN2 cargado con función vdbuscamovst (Librería VDKERNEL.DLL) direccion 6E091560
02 16:15:04:274 PLSQL: INICIALIZADO PAQUETE DE LOG EL DIA 05-04-2022
02 16:15:04:305 Actualizado SID 378 SERIAL 7453 del proceso con PID 14188
02 16:33:14:764 Ejecucion número 10001 del proceso ACTSTKORIGEN total 69983
02 16:33:14:764 Ejecucion número 10001 del proceso ACTSTKDESTINO total 69983
02 16:33:14:782 Ejecucion número 10001 del proceso ACTSTKORIGEN2 total 69984
02 16:51:22:697 Ejecucion número 20001 del proceso ACTSTKORIGEN total 139962
02 16:51:22:697 Ejecucion número 20001 del proceso ACTSTKDESTINO total 139962
02 16:51:22:697 Ejecucion número 20001 del proceso ACTSTKORIGEN2 total 139962
02 17:09:33:522 Ejecucion número 30001 del proceso ACTSTKORIGEN total 209943
02 17:09:33:522 Ejecucion número 30001 del proceso ACTSTKDESTINO total 209943
02 17:09:33:525 Ejecucion número 30001 del proceso ACTSTKORIGEN2 total 209943
02 17:27:41:227 Ejecucion número 40001 del proceso ACTSTKORIGEN total 279933
02 17:27:41:227 Ejecucion número 40001 del proceso ACTSTKDESTINO total 279933
02 17:27:41:227 Ejecucion número 40001 del proceso ACTSTKORIGEN2 total 279933
02 17:45:51:535 Ejecucion número 50001 del proceso ACTSTKORIGEN total 349906
02 17:45:51:537 Ejecucion número 50001 del proceso ACTSTKDESTINO total 349906
02 17:45:51:537 Ejecucion número 50001 del proceso ACTSTKORIGEN2 total 349906

00 17:58:46:537 Fichero de log cerrado.

