00 08:59:49:102 Fichero de log abierto PID 14464

02 08:59:49:103 Intentando abrir fichero v10.ini
02 08:59:49:107 Cargando driver v10oracle funcion damedriveroracle
02 08:59:49:633 Conectado a base de datos
02 08:59:49:636 Proceso ACTSTKORIGEN encontrado en tabla VDPROCESOS
02 08:59:49:637 Proceso ACTSTKORIGEN cargado con función vdbuscamovst (Librería VDKERNEL.DLL) direccion 70041560
02 08:59:49:637 Proceso ACTSTKDESTINO encontrado en tabla VDPROCESOS
02 08:59:49:637 Proceso ACTSTKDESTINO cargado con función vdbuscamovst (Librería VDKERNEL.DLL) direccion 70041560
02 08:59:49:637 Proceso ACTSTKORIGEN2 encontrado en tabla VDPROCESOS
02 08:59:49:637 Proceso ACTSTKORIGEN2 cargado con función vdbuscamovst (Librería VDKERNEL.DLL) direccion 70041560
02 08:59:49:639 PLSQL: INICIALIZADO PAQUETE DE LOG EL DIA 27-06-2022
02 08:59:49:651 Actualizado SID 623 SERIAL 2613 del proceso con PID 14464
02 09:18:30:158 Ejecucion número 10001 del proceso ACTSTKORIGEN total 68063
02 09:18:30:511 Ejecucion número 10001 del proceso ACTSTKDESTINO total 68084
02 09:18:30:743 Ejecucion número 10001 del proceso ACTSTKORIGEN2 total 68098
02 09:37:22:058 Ejecucion número 20001 del proceso ACTSTKORIGEN total 135500
02 09:37:22:413 Ejecucion número 20001 del proceso ACTSTKDESTINO total 135521
02 09:37:22:747 Ejecucion número 20001 del proceso ACTSTKORIGEN2 total 135541
02 09:56:14:470 Ejecucion número 30001 del proceso ACTSTKORIGEN total 203097
02 09:56:14:822 Ejecucion número 30001 del proceso ACTSTKDESTINO total 203117
02 09:56:15:171 Ejecucion número 30001 del proceso ACTSTKORIGEN2 total 203138
02 10:15:06:887 Ejecucion número 40001 del proceso ACTSTKORIGEN total 270342
02 10:15:07:341 Ejecucion número 40001 del proceso ACTSTKDESTINO total 270369
02 10:15:07:907 Ejecucion número 40001 del proceso ACTSTKORIGEN2 total 270403
02 10:33:58:487 Ejecucion número 50001 del proceso ACTSTKORIGEN total 337767
02 10:33:59:152 Ejecucion número 50001 del proceso ACTSTKDESTINO total 337806
02 10:33:59:846 Ejecucion número 50001 del proceso ACTSTKORIGEN2 total 337846
02 11:01:11:976 Ejecucion número 60001 del proceso ACTSTKORIGEN total 405607
02 11:01:12:736 Ejecucion número 60001 del proceso ACTSTKDESTINO total 405656
02 11:01:13:391 Ejecucion número 60001 del proceso ACTSTKORIGEN2 total 405698
02 11:19:56:001 Ejecucion número 70001 del proceso ACTSTKORIGEN total 473262
02 11:19:57:053 Ejecucion número 70001 del proceso ACTSTKDESTINO total 473325
02 11:19:57:755 Ejecucion número 70001 del proceso ACTSTKORIGEN2 total 473365
02 11:38:49:467 Ejecucion número 80001 del proceso ACTSTKORIGEN total 540946
02 11:38:50:638 Ejecucion número 80001 del proceso ACTSTKDESTINO total 541016
02 11:38:51:341 Ejecucion número 80001 del proceso ACTSTKORIGEN2 total 541057
02 11:57:40:442 Ejecucion número 90001 del proceso ACTSTKORIGEN total 608327
02 11:57:41:975 Ejecucion número 90001 del proceso ACTSTKDESTINO total 608422
02 11:57:42:735 Ejecucion número 90001 del proceso ACTSTKORIGEN2 total 608471
02 12:16:24:919 Ejecucion número 100001 del proceso ACTSTKORIGEN total 676349
02 12:16:26:885 Ejecucion número 100001 del proceso ACTSTKDESTINO total 676466
02 12:16:27:689 Ejecucion número 100001 del proceso ACTSTKORIGEN2 total 676512
02 12:35:25:339 Ejecucion número 110001 del proceso ACTSTKORIGEN total 743962
02 12:35:27:545 Ejecucion número 110001 del proceso ACTSTKDESTINO total 744091
02 12:35:28:344 Ejecucion número 110001 del proceso ACTSTKORIGEN2 total 744138
02 12:54:16:652 Ejecucion número 120001 del proceso ACTSTKORIGEN total 811703
02 12:54:18:825 Ejecucion número 120001 del proceso ACTSTKDESTINO total 811830
02 12:54:19:944 Ejecucion número 120001 del proceso ACTSTKORIGEN2 total 811897
02 13:13:16:859 Ejecucion número 130001 del proceso ACTSTKORIGEN total 879163
02 13:13:19:147 Ejecucion número 130001 del proceso ACTSTKDESTINO total 879310
02 13:13:20:812 Ejecucion número 130001 del proceso ACTSTKORIGEN2 total 879415
02 13:32:15:239 Ejecucion número 140001 del proceso ACTSTKORIGEN total 946671
02 13:32:17:979 Ejecucion número 140001 del proceso ACTSTKDESTINO total 946832
02 13:32:19:912 Ejecucion número 140001 del proceso ACTSTKORIGEN2 total 946947
02 13:51:01:910 Ejecucion número 150001 del proceso ACTSTKORIGEN total 1014912
02 13:51:04:732 Ejecucion número 150001 del proceso ACTSTKDESTINO total 1015076
02 13:51:06:637 Ejecucion número 150001 del proceso ACTSTKORIGEN2 total 1015189
02 14:09:55:074 Ejecucion número 160001 del proceso ACTSTKORIGEN total 1082339
02 14:09:58:097 Ejecucion número 160001 del proceso ACTSTKDESTINO total 1082521
02 14:10:00:370 Ejecucion número 160001 del proceso ACTSTKORIGEN2 total 1082656
02 14:28:51:777 Ejecucion número 170001 del proceso ACTSTKORIGEN total 1149647
02 14:28:55:007 Ejecucion número 170001 del proceso ACTSTKDESTINO total 1149849
02 14:28:57:650 Ejecucion número 170001 del proceso ACTSTKORIGEN2 total 1150004
02 14:47:46:719 Ejecucion número 180001 del proceso ACTSTKORIGEN total 1217089
02 14:47:50:479 Ejecucion número 180001 del proceso ACTSTKDESTINO total 1217311
02 14:47:53:215 Ejecucion número 180001 del proceso ACTSTKORIGEN2 total 1217472
02 15:06:40:480 Ejecucion número 190001 del proceso ACTSTKORIGEN total 1284703
02 15:06:44:260 Ejecucion número 190001 del proceso ACTSTKDESTINO total 1284927
02 15:06:47:365 Ejecucion número 190001 del proceso ACTSTKORIGEN2 total 1285112
02 16:23:21:145 Ejecucion número 200001 del proceso ACTSTKORIGEN total 1352015
02 16:23:25:177 Ejecucion número 200001 del proceso ACTSTKDESTINO total 1352253
02 16:23:28:664 Ejecucion número 200001 del proceso ACTSTKORIGEN2 total 1352458
02 16:42:22:737 Ejecucion número 210001 del proceso ACTSTKORIGEN total 1419604
02 16:42:26:995 Ejecucion número 210001 del proceso ACTSTKDESTINO total 1419858
02 16:42:30:519 Ejecucion número 210001 del proceso ACTSTKORIGEN2 total 1420064
02 17:01:18:955 Ejecucion número 220001 del proceso ACTSTKORIGEN total 1487102
02 17:01:23:580 Ejecucion número 220001 del proceso ACTSTKDESTINO total 1487387
02 17:01:27:432 Ejecucion número 220001 del proceso ACTSTKORIGEN2 total 1487626
02 17:19:58:759 Ejecucion número 230001 del proceso ACTSTKORIGEN total 1555511
02 17:20:03:247 Ejecucion número 230001 del proceso ACTSTKDESTINO total 1555800
02 17:20:07:022 Ejecucion número 230001 del proceso ACTSTKORIGEN2 total 1556045
02 17:38:53:065 Ejecucion número 240001 del proceso ACTSTKORIGEN total 1623307
02 17:38:58:004 Ejecucion número 240001 del proceso ACTSTKDESTINO total 1623599
02 17:39:02:145 Ejecucion número 240001 del proceso ACTSTKORIGEN2 total 1623842

00 17:47:53:384 Fichero de log cerrado.

00 17:48:08:504 Fichero de log abierto PID 13112

02 17:48:08:504 Intentando abrir fichero v10.ini
02 17:48:08:510 Cargando driver v10oracle funcion damedriveroracle
02 17:48:09:200 Conectado a base de datos
02 17:48:09:202 Proceso ACTSTKORIGEN encontrado en tabla VDPROCESOS
02 17:48:09:202 Proceso ACTSTKORIGEN cargado con función vdbuscamovst (Librería VDKERNEL.DLL) direccion 70041560
02 17:48:09:202 Proceso ACTSTKDESTINO encontrado en tabla VDPROCESOS
02 17:48:09:202 Proceso ACTSTKDESTINO cargado con función vdbuscamovst (Librería VDKERNEL.DLL) direccion 70041560
02 17:48:09:202 Proceso ACTSTKORIGEN2 encontrado en tabla VDPROCESOS
02 17:48:09:202 Proceso ACTSTKORIGEN2 cargado con función vdbuscamovst (Librería VDKERNEL.DLL) direccion 70041560
02 17:48:09:205 PLSQL: INICIALIZADO PAQUETE DE LOG EL DIA 27-06-2022
02 17:48:09:217 Actualizado SID 752 SERIAL 12876 del proceso con PID 13112

00 17:57:06:537 Fichero de log cerrado.

