00 09:14:07:193 Fichero de log abierto PID 11808

02 09:14:07:196 Intentando abrir fichero v10.ini
02 09:14:07:202 Cargando driver v10oracle funcion damedriveroracle
02 09:14:07:820 Conectado a base de datos
02 09:14:07:822 Proceso ACTSTKORIGEN encontrado en tabla VDPROCESOS
02 09:14:07:822 Proceso ACTSTKORIGEN cargado con función vdbuscamovst (Librería VDKERNEL.DLL) direccion 6C011560
02 09:14:07:822 Proceso ACTSTKDESTINO encontrado en tabla VDPROCESOS
02 09:14:07:822 Proceso ACTSTKDESTINO cargado con función vdbuscamovst (Librería VDKERNEL.DLL) direccion 6C011560
02 09:14:07:822 Proceso ACTSTKORIGEN2 encontrado en tabla VDPROCESOS
02 09:14:07:822 Proceso ACTSTKORIGEN2 cargado con función vdbuscamovst (Librería VDKERNEL.DLL) direccion 6C011560
02 09:14:07:824 PLSQL: INICIALIZADO PAQUETE DE LOG EL DIA 29-06-2022
02 09:14:07:833 Actualizado SID 871 SERIAL 47419 del proceso con PID 11808
02 09:32:20:520 Ejecucion número 10001 del proceso ACTSTKORIGEN total 75414
02 09:32:20:738 Ejecucion número 10001 del proceso ACTSTKDESTINO total 75430
02 09:32:20:738 Ejecucion número 10001 del proceso ACTSTKORIGEN2 total 75430
02 09:50:33:818 Ejecucion número 20001 del proceso ACTSTKORIGEN total 150744
02 09:50:34:253 Ejecucion número 20001 del proceso ACTSTKDESTINO total 150774
02 09:50:34:587 Ejecucion número 20001 del proceso ACTSTKORIGEN2 total 150795
02 10:09:30:785 Ejecucion número 30001 del proceso ACTSTKORIGEN total 219268
02 10:09:31:450 Ejecucion número 30001 del proceso ACTSTKDESTINO total 219308
02 10:09:31:900 Ejecucion número 30001 del proceso ACTSTKORIGEN2 total 219335
02 10:28:32:302 Ejecucion número 40001 del proceso ACTSTKORIGEN total 286712
02 10:28:33:191 Ejecucion número 40001 del proceso ACTSTKDESTINO total 286763
02 10:28:33:643 Ejecucion número 40001 del proceso ACTSTKORIGEN2 total 286790
02 10:47:30:067 Ejecucion número 50001 del proceso ACTSTKORIGEN total 353987
02 10:47:31:061 Ejecucion número 50001 del proceso ACTSTKDESTINO total 354055
02 10:47:31:747 Ejecucion número 50001 del proceso ACTSTKORIGEN2 total 354104

00 11:17:59:492 Fichero de log cerrado.

00 11:18:11:268 Fichero de log abierto PID 7824

02 11:18:11:271 Intentando abrir fichero v10.ini
02 11:18:11:276 Cargando driver v10oracle funcion damedriveroracle
02 11:18:11:823 Conectado a base de datos
02 11:18:11:826 Proceso ACTSTKORIGEN encontrado en tabla VDPROCESOS
02 11:18:11:827 Proceso ACTSTKORIGEN cargado con función vdbuscamovst (Librería VDKERNEL.DLL) direccion 6C011560
02 11:18:11:827 Proceso ACTSTKDESTINO encontrado en tabla VDPROCESOS
02 11:18:11:827 Proceso ACTSTKDESTINO cargado con función vdbuscamovst (Librería VDKERNEL.DLL) direccion 6C011560
02 11:18:11:827 Proceso ACTSTKORIGEN2 encontrado en tabla VDPROCESOS
02 11:18:11:827 Proceso ACTSTKORIGEN2 cargado con función vdbuscamovst (Librería VDKERNEL.DLL) direccion 6C011560
02 11:18:11:828 PLSQL: INICIALIZADO PAQUETE DE LOG EL DIA 29-06-2022
02 11:18:11:838 Actualizado SID 259 SERIAL 30526 del proceso con PID 7824
02 11:36:33:597 Ejecucion número 10001 del proceso ACTSTKORIGEN total 62114
02 11:36:33:707 Ejecucion número 10001 del proceso ACTSTKDESTINO total 62120
02 11:36:33:915 Ejecucion número 10001 del proceso ACTSTKORIGEN2 total 62132

00 11:42:13:490 Fichero de log cerrado.

00 13:46:18:629 Fichero de log abierto PID 10388

02 13:46:18:630 Intentando abrir fichero v10.ini
02 13:46:18:637 Cargando driver v10oracle funcion damedriveroracle
02 13:46:19:239 Conectado a base de datos
02 13:46:19:240 Proceso ACTSTKORIGEN encontrado en tabla VDPROCESOS
02 13:46:19:240 Proceso ACTSTKORIGEN cargado con función vdbuscamovst (Librería VDKERNEL.DLL) direccion 6C011560
02 13:46:19:240 Proceso ACTSTKDESTINO encontrado en tabla VDPROCESOS
02 13:46:19:242 Proceso ACTSTKDESTINO cargado con función vdbuscamovst (Librería VDKERNEL.DLL) direccion 6C011560
02 13:46:19:242 Proceso ACTSTKORIGEN2 encontrado en tabla VDPROCESOS
02 13:46:19:242 Proceso ACTSTKORIGEN2 cargado con función vdbuscamovst (Librería VDKERNEL.DLL) direccion 6C011560
02 13:46:19:250 PLSQL: INICIALIZADO PAQUETE DE LOG EL DIA 29-06-2022
02 13:46:19:259 Actualizado SID 751 SERIAL 20802 del proceso con PID 10388

00 13:50:10:250 Fichero de log cerrado.

00 17:03:13:140 Fichero de log abierto PID 13284

02 17:03:13:140 Intentando abrir fichero v10.ini
02 17:03:13:145 Cargando driver v10oracle funcion damedriveroracle
02 17:03:13:689 Conectado a base de datos
02 17:03:13:690 Proceso ACTSTKORIGEN encontrado en tabla VDPROCESOS
02 17:03:13:692 Proceso ACTSTKORIGEN cargado con función vdbuscamovst (Librería VDKERNEL.DLL) direccion 6C011560
02 17:03:13:692 Proceso ACTSTKDESTINO encontrado en tabla VDPROCESOS
02 17:03:13:692 Proceso ACTSTKDESTINO cargado con función vdbuscamovst (Librería VDKERNEL.DLL) direccion 6C011560
02 17:03:13:692 Proceso ACTSTKORIGEN2 encontrado en tabla VDPROCESOS
02 17:03:13:692 Proceso ACTSTKORIGEN2 cargado con función vdbuscamovst (Librería VDKERNEL.DLL) direccion 6C011560
02 17:03:13:694 PLSQL: INICIALIZADO PAQUETE DE LOG EL DIA 29-06-2022
02 17:03:13:702 Actualizado SID 14 SERIAL 21608 del proceso con PID 13284
02 17:21:35:330 Ejecucion número 10001 del proceso ACTSTKORIGEN total 62045
02 17:21:35:552 Ejecucion número 10001 del proceso ACTSTKDESTINO total 62058
02 17:21:35:667 Ejecucion número 10001 del proceso ACTSTKORIGEN2 total 62064
02 17:39:34:015 Ejecucion número 20001 del proceso ACTSTKORIGEN total 120679
02 17:39:34:355 Ejecucion número 20001 del proceso ACTSTKDESTINO total 120699
02 17:39:34:685 Ejecucion número 20001 del proceso ACTSTKORIGEN2 total 120718

00 17:57:09:029 Fichero de log cerrado.

