00 10:16:34:617 Fichero de log abierto PID 3132

02 10:16:34:620 Intentando abrir fichero v10.ini
02 10:16:34:626 Cargando driver v10oracle funcion damedriveroracle
02 10:16:35:377 Conectado a base de datos
02 10:16:35:380 Proceso ACTSTKORIGEN encontrado en tabla VDPROCESOS
02 10:16:35:381 Proceso ACTSTKORIGEN cargado con función vdbuscamovst (Librería VDKERNEL.DLL) direccion 705E1560
02 10:16:35:381 Proceso ACTSTKDESTINO encontrado en tabla VDPROCESOS
02 10:16:35:381 Proceso ACTSTKDESTINO cargado con función vdbuscamovst (Librería VDKERNEL.DLL) direccion 705E1560
02 10:16:35:381 Proceso ACTSTKORIGEN2 encontrado en tabla VDPROCESOS
02 10:16:35:381 Proceso ACTSTKORIGEN2 cargado con función vdbuscamovst (Librería VDKERNEL.DLL) direccion 705E1560
02 10:16:35:382 PLSQL: INICIALIZADO PAQUETE DE LOG EL DIA 30-03-2022
02 10:16:35:392 Actualizado SID 752 SERIAL 54288 del proceso con PID 3132
02 10:34:42:505 Ejecucion número 10001 del proceso ACTSTKORIGEN total 69991
02 10:34:42:507 Ejecucion número 10001 del proceso ACTSTKDESTINO total 69991
02 10:34:42:507 Ejecucion número 10001 del proceso ACTSTKORIGEN2 total 69991
02 10:52:50:860 Ejecucion número 20001 del proceso ACTSTKORIGEN total 139984
02 10:52:50:862 Ejecucion número 20001 del proceso ACTSTKDESTINO total 139984
02 10:52:50:862 Ejecucion número 20001 del proceso ACTSTKORIGEN2 total 139984
02 11:27:18:337 Ejecucion número 30001 del proceso ACTSTKORIGEN total 209962
02 11:27:18:338 Ejecucion número 30001 del proceso ACTSTKDESTINO total 209962
02 11:27:18:341 Ejecucion número 30001 del proceso ACTSTKORIGEN2 total 209962
02 11:45:26:157 Ejecucion número 40001 del proceso ACTSTKORIGEN total 279954
02 11:45:26:159 Ejecucion número 40001 del proceso ACTSTKDESTINO total 279954
02 11:45:26:177 Ejecucion número 40001 del proceso ACTSTKORIGEN2 total 279955
02 12:03:34:307 Ejecucion número 50001 del proceso ACTSTKORIGEN total 349943
02 12:03:34:310 Ejecucion número 50001 del proceso ACTSTKDESTINO total 349943
02 12:03:34:369 Ejecucion número 50001 del proceso ACTSTKORIGEN2 total 349947
02 12:21:42:152 Ejecucion número 60001 del proceso ACTSTKORIGEN total 419933
02 12:21:42:182 Ejecucion número 60001 del proceso ACTSTKDESTINO total 419935
02 12:21:42:230 Ejecucion número 60001 del proceso ACTSTKORIGEN2 total 419938
02 12:39:51:477 Ejecucion número 70001 del proceso ACTSTKORIGEN total 489919
02 12:39:51:507 Ejecucion número 70001 del proceso ACTSTKDESTINO total 489921
02 12:39:51:587 Ejecucion número 70001 del proceso ACTSTKORIGEN2 total 489926
02 12:58:11:330 Ejecucion número 80001 del proceso ACTSTKORIGEN total 559902
02 12:58:11:330 Ejecucion número 80001 del proceso ACTSTKDESTINO total 559902
02 12:58:11:442 Ejecucion número 80001 del proceso ACTSTKORIGEN2 total 559909
02 13:16:31:130 Ejecucion número 90001 del proceso ACTSTKORIGEN total 629892
02 13:16:31:132 Ejecucion número 90001 del proceso ACTSTKDESTINO total 629892
02 13:16:31:239 Ejecucion número 90001 del proceso ACTSTKORIGEN2 total 629899
02 13:34:39:672 Ejecucion número 100001 del proceso ACTSTKORIGEN total 699874
02 13:34:39:674 Ejecucion número 100001 del proceso ACTSTKDESTINO total 699874
02 13:34:39:782 Ejecucion número 100001 del proceso ACTSTKORIGEN2 total 699881

00 13:42:33:554 Fichero de log cerrado.

00 13:42:39:720 Fichero de log abierto PID 11304

02 13:42:39:724 Intentando abrir fichero v10.ini
02 13:42:39:732 Cargando driver v10oracle funcion damedriveroracle
02 13:42:40:360 Conectado a base de datos
02 13:42:40:362 Proceso ACTSTKORIGEN encontrado en tabla VDPROCESOS
02 13:42:40:362 Proceso ACTSTKORIGEN cargado con función vdbuscamovst (Librería VDKERNEL.DLL) direccion 705E1560
02 13:42:40:362 Proceso ACTSTKDESTINO encontrado en tabla VDPROCESOS
02 13:42:40:364 Proceso ACTSTKDESTINO cargado con función vdbuscamovst (Librería VDKERNEL.DLL) direccion 705E1560
02 13:42:40:364 Proceso ACTSTKORIGEN2 encontrado en tabla VDPROCESOS
02 13:42:40:364 Proceso ACTSTKORIGEN2 cargado con función vdbuscamovst (Librería VDKERNEL.DLL) direccion 705E1560
02 13:42:40:366 PLSQL: INICIALIZADO PAQUETE DE LOG EL DIA 30-03-2022
02 13:42:40:375 Actualizado SID 862 SERIAL 64739 del proceso con PID 11304
02 14:00:48:777 Ejecucion número 10001 del proceso ACTSTKORIGEN total 69986
02 14:00:48:777 Ejecucion número 10001 del proceso ACTSTKDESTINO total 69986
02 14:00:48:777 Ejecucion número 10001 del proceso ACTSTKORIGEN2 total 69986
02 14:18:56:529 Ejecucion número 20001 del proceso ACTSTKORIGEN total 139974
02 14:18:56:529 Ejecucion número 20001 del proceso ACTSTKDESTINO total 139974
02 14:18:56:560 Ejecucion número 20001 del proceso ACTSTKORIGEN2 total 139976

00 15:19:56:207 Fichero de log cerrado.

00 15:20:00:134 Fichero de log abierto PID 14956

02 15:20:00:192 Intentando abrir fichero v10.ini
02 15:20:00:200 Cargando driver v10oracle funcion damedriveroracle
02 15:20:01:312 Conectado a base de datos
02 15:20:01:315 Proceso ACTSTKORIGEN encontrado en tabla VDPROCESOS
02 15:20:01:317 Proceso ACTSTKORIGEN cargado con función vdbuscamovst (Librería VDKERNEL.DLL) direccion 705E1560
02 15:20:01:317 Proceso ACTSTKDESTINO encontrado en tabla VDPROCESOS
02 15:20:01:317 Proceso ACTSTKDESTINO cargado con función vdbuscamovst (Librería VDKERNEL.DLL) direccion 705E1560
02 15:20:01:317 Proceso ACTSTKORIGEN2 encontrado en tabla VDPROCESOS
02 15:20:01:317 Proceso ACTSTKORIGEN2 cargado con función vdbuscamovst (Librería VDKERNEL.DLL) direccion 705E1560
02 15:20:01:319 PLSQL: INICIALIZADO PAQUETE DE LOG EL DIA 30-03-2022
02 15:20:01:330 Actualizado SID 265 SERIAL 28429 del proceso con PID 14956
02 15:38:07:594 Ejecucion número 10001 del proceso ACTSTKORIGEN total 69993
02 15:38:07:595 Ejecucion número 10001 del proceso ACTSTKDESTINO total 69993
02 15:38:07:595 Ejecucion número 10001 del proceso ACTSTKORIGEN2 total 69993
02 15:56:15:425 Ejecucion número 20001 del proceso ACTSTKORIGEN total 139975
02 15:56:15:427 Ejecucion número 20001 del proceso ACTSTKDESTINO total 139975
02 15:56:15:517 Ejecucion número 20001 del proceso ACTSTKORIGEN2 total 139981

00 16:07:52:439 Fichero de log cerrado.

00 16:08:00:984 Fichero de log abierto PID 17880

02 16:08:00:989 Intentando abrir fichero v10.ini
02 16:08:01:007 Cargando driver v10oracle funcion damedriveroracle
02 16:08:03:019 Conectado a base de datos
02 16:08:03:024 Proceso ACTSTKORIGEN encontrado en tabla VDPROCESOS
02 16:08:03:025 Proceso ACTSTKORIGEN cargado con función vdbuscamovst (Librería VDKERNEL.DLL) direccion 705E1560
02 16:08:03:025 Proceso ACTSTKDESTINO encontrado en tabla VDPROCESOS
02 16:08:03:025 Proceso ACTSTKDESTINO cargado con función vdbuscamovst (Librería VDKERNEL.DLL) direccion 705E1560
02 16:08:03:027 Proceso ACTSTKORIGEN2 encontrado en tabla VDPROCESOS
02 16:08:03:027 Proceso ACTSTKORIGEN2 cargado con función vdbuscamovst (Librería VDKERNEL.DLL) direccion 705E1560
02 16:08:03:031 PLSQL: INICIALIZADO PAQUETE DE LOG EL DIA 30-03-2022
02 16:08:03:057 Actualizado SID 502 SERIAL 43791 del proceso con PID 17880
02 16:26:09:847 Ejecucion número 10001 del proceso ACTSTKORIGEN total 69994
02 16:26:09:847 Ejecucion número 10001 del proceso ACTSTKDESTINO total 69994
02 16:26:09:847 Ejecucion número 10001 del proceso ACTSTKORIGEN2 total 69994
02 16:44:16:717 Ejecucion número 20001 del proceso ACTSTKORIGEN total 139985
02 16:44:16:717 Ejecucion número 20001 del proceso ACTSTKDESTINO total 139985
02 16:44:16:719 Ejecucion número 20001 del proceso ACTSTKORIGEN2 total 139985
02 17:02:23:615 Ejecucion número 30001 del proceso ACTSTKORIGEN total 209974
02 17:02:23:615 Ejecucion número 30001 del proceso ACTSTKDESTINO total 209974
02 17:02:23:617 Ejecucion número 30001 del proceso ACTSTKORIGEN2 total 209974

00 17:18:02:692 Fichero de log cerrado.

00 17:18:06:652 Fichero de log abierto PID 18876

02 17:18:06:657 Intentando abrir fichero v10.ini
02 17:18:06:674 Cargando driver v10oracle funcion damedriveroracle
02 17:18:08:620 Conectado a base de datos
02 17:18:08:625 Proceso ACTSTKORIGEN encontrado en tabla VDPROCESOS
02 17:18:08:627 Proceso ACTSTKORIGEN cargado con función vdbuscamovst (Librería VDKERNEL.DLL) direccion 705E1560
02 17:18:08:629 Proceso ACTSTKDESTINO encontrado en tabla VDPROCESOS
02 17:18:08:629 Proceso ACTSTKDESTINO cargado con función vdbuscamovst (Librería VDKERNEL.DLL) direccion 705E1560
02 17:18:08:629 Proceso ACTSTKORIGEN2 encontrado en tabla VDPROCESOS
02 17:18:08:629 Proceso ACTSTKORIGEN2 cargado con función vdbuscamovst (Librería VDKERNEL.DLL) direccion 705E1560
02 17:18:08:633 PLSQL: INICIALIZADO PAQUETE DE LOG EL DIA 30-03-2022
02 17:18:08:662 Actualizado SID 15 SERIAL 47 del proceso con PID 18876
02 17:36:17:889 Ejecucion número 10001 del proceso ACTSTKORIGEN total 69992
02 17:36:17:889 Ejecucion número 10001 del proceso ACTSTKDESTINO total 69992
02 17:36:17:890 Ejecucion número 10001 del proceso ACTSTKORIGEN2 total 69992
02 17:54:29:822 Ejecucion número 20001 del proceso ACTSTKORIGEN total 139985
02 17:54:29:822 Ejecucion número 20001 del proceso ACTSTKDESTINO total 139985
02 17:54:29:824 Ejecucion número 20001 del proceso ACTSTKORIGEN2 total 139985

00 17:59:17:452 Fichero de log cerrado.

