00 09:43:02:722 Fichero de log abierto PID 9284

02 09:43:02:725 Intentando abrir fichero v10.ini
02 09:43:02:730 Cargando driver v10oracle funcion damedriveroracle
02 09:43:03:551 Conectado a base de datos
02 09:43:03:552 Proceso ACTSTKORIGEN encontrado en tabla VDPROCESOS
02 09:43:03:552 Proceso ACTSTKORIGEN cargado con función vdbuscamovst (Librería VDKERNEL.DLL) direccion 70491560
02 09:43:03:552 Proceso ACTSTKDESTINO encontrado en tabla VDPROCESOS
02 09:43:03:552 Proceso ACTSTKDESTINO cargado con función vdbuscamovst (Librería VDKERNEL.DLL) direccion 70491560
02 09:43:03:553 Proceso ACTSTKORIGEN2 encontrado en tabla VDPROCESOS
02 09:43:03:553 Proceso ACTSTKORIGEN2 cargado con función vdbuscamovst (Librería VDKERNEL.DLL) direccion 70491560
02 09:43:03:556 PLSQL: INICIALIZADO PAQUETE DE LOG EL DIA 31-03-2022
02 09:43:03:563 Actualizado SID 382 SERIAL 44571 del proceso con PID 9284
02 10:02:07:403 Ejecucion número 10001 del proceso ACTSTKORIGEN total 67839
02 10:02:07:521 Ejecucion número 10001 del proceso ACTSTKDESTINO total 67846
02 10:02:07:757 Ejecucion número 10001 del proceso ACTSTKORIGEN2 total 67860
02 10:21:08:825 Ejecucion número 20001 del proceso ACTSTKORIGEN total 135569
02 10:21:08:936 Ejecucion número 20001 del proceso ACTSTKDESTINO total 135576
02 10:21:09:262 Ejecucion número 20001 del proceso ACTSTKORIGEN2 total 135596
02 10:40:06:392 Ejecucion número 30001 del proceso ACTSTKORIGEN total 203353
02 10:40:06:515 Ejecucion número 30001 del proceso ACTSTKDESTINO total 203360
02 10:40:06:962 Ejecucion número 30001 del proceso ACTSTKORIGEN2 total 203387
02 10:59:07:248 Ejecucion número 40001 del proceso ACTSTKORIGEN total 271077
02 10:59:07:481 Ejecucion número 40001 del proceso ACTSTKDESTINO total 271091
02 10:59:08:160 Ejecucion número 40001 del proceso ACTSTKORIGEN2 total 271132
02 11:29:21:886 Ejecucion número 50001 del proceso ACTSTKORIGEN total 338785
02 11:29:22:355 Ejecucion número 50001 del proceso ACTSTKDESTINO total 338813
02 11:29:23:035 Ejecucion número 50001 del proceso ACTSTKORIGEN2 total 338854
02 11:48:28:957 Ejecucion número 60001 del proceso ACTSTKORIGEN total 406885
02 11:48:29:544 Ejecucion número 60001 del proceso ACTSTKDESTINO total 406920
02 11:48:30:239 Ejecucion número 60001 del proceso ACTSTKORIGEN2 total 406962
02 12:07:36:755 Ejecucion número 70001 del proceso ACTSTKORIGEN total 474748
02 12:07:37:342 Ejecucion número 70001 del proceso ACTSTKDESTINO total 474782
02 12:07:38:144 Ejecucion número 70001 del proceso ACTSTKORIGEN2 total 474829
02 12:26:43:117 Ejecucion número 80001 del proceso ACTSTKORIGEN total 542447
02 12:26:44:022 Ejecucion número 80001 del proceso ACTSTKDESTINO total 542501
02 12:26:44:837 Ejecucion número 80001 del proceso ACTSTKORIGEN2 total 542549
02 12:45:41:194 Ejecucion número 90001 del proceso ACTSTKORIGEN total 609853
02 12:45:42:465 Ejecucion número 90001 del proceso ACTSTKDESTINO total 609928
02 12:45:43:230 Ejecucion número 90001 del proceso ACTSTKORIGEN2 total 609974
02 13:04:48:117 Ejecucion número 100001 del proceso ACTSTKORIGEN total 678036
02 13:04:49:479 Ejecucion número 100001 del proceso ACTSTKDESTINO total 678115
02 13:04:50:295 Ejecucion número 100001 del proceso ACTSTKORIGEN2 total 678164
02 13:23:49:120 Ejecucion número 110001 del proceso ACTSTKORIGEN total 746113
02 13:23:50:722 Ejecucion número 110001 del proceso ACTSTKDESTINO total 746208
02 13:23:51:765 Ejecucion número 110001 del proceso ACTSTKORIGEN2 total 746270
02 13:42:52:245 Ejecucion número 120001 del proceso ACTSTKORIGEN total 814087
02 13:42:53:922 Ejecucion número 120001 del proceso ACTSTKDESTINO total 814187
02 13:42:55:122 Ejecucion número 120001 del proceso ACTSTKORIGEN2 total 814262
02 14:01:45:720 Ejecucion número 130001 del proceso ACTSTKORIGEN total 881255
02 14:01:47:425 Ejecucion número 130001 del proceso ACTSTKDESTINO total 881356
02 14:01:48:895 Ejecucion número 130001 del proceso ACTSTKORIGEN2 total 881441

00 14:17:57:459 Fichero de log cerrado.

00 14:18:05:849 Fichero de log abierto PID 3316

02 14:18:05:852 Intentando abrir fichero v10.ini
02 14:18:05:857 Cargando driver v10oracle funcion damedriveroracle
02 14:18:06:695 Conectado a base de datos
02 14:18:06:697 Proceso ACTSTKORIGEN encontrado en tabla VDPROCESOS
02 14:18:06:697 Proceso ACTSTKORIGEN cargado con función vdbuscamovst (Librería VDKERNEL.DLL) direccion 70491560
02 14:18:06:699 Proceso ACTSTKDESTINO encontrado en tabla VDPROCESOS
02 14:18:06:699 Proceso ACTSTKDESTINO cargado con función vdbuscamovst (Librería VDKERNEL.DLL) direccion 70491560
02 14:18:06:699 Proceso ACTSTKORIGEN2 encontrado en tabla VDPROCESOS
02 14:18:06:699 Proceso ACTSTKORIGEN2 cargado con función vdbuscamovst (Librería VDKERNEL.DLL) direccion 70491560
02 14:18:06:702 PLSQL: INICIALIZADO PAQUETE DE LOG EL DIA 31-03-2022
02 14:18:06:714 Actualizado SID 8 SERIAL 32978 del proceso con PID 3316
02 15:29:50:779 Ejecucion número 10001 del proceso ACTSTKORIGEN total 69978
02 15:29:50:887 Ejecucion número 10001 del proceso ACTSTKDESTINO total 69985
02 15:29:50:887 Ejecucion número 10001 del proceso ACTSTKORIGEN2 total 69985
02 15:48:08:062 Ejecucion número 20001 del proceso ACTSTKORIGEN total 139963
02 15:48:08:172 Ejecucion número 20001 del proceso ACTSTKDESTINO total 139970
02 15:48:08:172 Ejecucion número 20001 del proceso ACTSTKORIGEN2 total 139970
02 16:06:18:482 Ejecucion número 30001 del proceso ACTSTKORIGEN total 209944
02 16:06:18:684 Ejecucion número 30001 del proceso ACTSTKDESTINO total 209957
02 16:06:18:684 Ejecucion número 30001 del proceso ACTSTKORIGEN2 total 209957
02 16:24:29:970 Ejecucion número 40001 del proceso ACTSTKORIGEN total 279936
02 16:24:30:157 Ejecucion número 40001 del proceso ACTSTKDESTINO total 279948
02 16:24:30:157 Ejecucion número 40001 del proceso ACTSTKORIGEN2 total 279948
02 16:42:42:714 Ejecucion número 50001 del proceso ACTSTKORIGEN total 349924
02 16:42:42:887 Ejecucion número 50001 del proceso ACTSTKDESTINO total 349935
02 16:42:42:889 Ejecucion número 50001 del proceso ACTSTKORIGEN2 total 349935
02 17:00:56:325 Ejecucion número 60001 del proceso ACTSTKORIGEN total 419913
02 17:00:56:495 Ejecucion número 60001 del proceso ACTSTKDESTINO total 419924
02 17:00:56:497 Ejecucion número 60001 del proceso ACTSTKORIGEN2 total 419924
02 17:19:07:594 Ejecucion número 70001 del proceso ACTSTKORIGEN total 489906
02 17:19:07:765 Ejecucion número 70001 del proceso ACTSTKDESTINO total 489917
02 17:19:07:765 Ejecucion número 70001 del proceso ACTSTKORIGEN2 total 489917
02 17:37:19:424 Ejecucion número 80001 del proceso ACTSTKORIGEN total 559895
02 17:37:19:534 Ejecucion número 80001 del proceso ACTSTKDESTINO total 559902
02 17:37:19:535 Ejecucion número 80001 del proceso ACTSTKORIGEN2 total 559902
02 17:55:31:562 Ejecucion número 90001 del proceso ACTSTKORIGEN total 629887
02 17:55:31:670 Ejecucion número 90001 del proceso ACTSTKDESTINO total 629894
02 17:55:31:687 Ejecucion número 90001 del proceso ACTSTKORIGEN2 total 629895

00 17:58:44:719 Fichero de log cerrado.

