00 11:32:35:121 Fichero de log abierto PID 7464

02 11:32:35:121 Intentando abrir fichero v10.ini
02 11:32:35:121 Cargando driver v10oracle funcion damedriveroracle
02 11:32:35:173 Conectado a base de datos
02 11:32:35:173 Proceso ACTSTKORIGEN encontrado en tabla VDPROCESOS
02 11:32:35:173 Proceso ACTSTKORIGEN cargado con función vdbuscamovst (Librería VDKERNEL.DLL) direccion 5FB61560
02 11:32:35:173 Proceso ACTSTKORIGEN2 encontrado en tabla VDPROCESOS
02 11:32:35:173 Proceso ACTSTKORIGEN2 cargado con función vdbuscamovst (Librería VDKERNEL.DLL) direccion 5FB61560
02 11:32:35:173 Proceso ACTSTKDESTINO encontrado en tabla VDPROCESOS
02 11:32:35:173 Proceso ACTSTKDESTINO cargado con función vdbuscamovst (Librería VDKERNEL.DLL) direccion 5FB61560
02 11:32:35:190 PLSQL: INICIALIZADO PAQUETE DE LOG EL DIA 07-05-2020
02 11:51:35:337 Ejecucion número 10001 del proceso ACTSTKORIGEN total 77472
02 11:51:35:570 Ejecucion número 10001 del proceso ACTSTKORIGEN2 total 77484
02 11:51:35:570 Ejecucion número 10001 del proceso ACTSTKDESTINO total 77484
02 12:09:31:910 Ejecucion número 20001 del proceso ACTSTKORIGEN total 193386
02 12:09:32:265 Ejecucion número 20001 del proceso ACTSTKORIGEN2 total 193444
02 12:09:32:820 Ejecucion número 20001 del proceso ACTSTKDESTINO total 193535
02 12:26:51:004 Ejecucion número 30001 del proceso ACTSTKORIGEN total 365622
02 12:26:51:405 Ejecucion número 30001 del proceso ACTSTKORIGEN2 total 365688
02 12:26:51:924 Ejecucion número 30001 del proceso ACTSTKDESTINO total 365772
02 12:44:09:664 Ejecucion número 40001 del proceso ACTSTKORIGEN total 539796
02 12:44:09:980 Ejecucion número 40001 del proceso ACTSTKORIGEN2 total 539848
02 12:44:10:502 Ejecucion número 40001 del proceso ACTSTKDESTINO total 539934
02 13:01:27:394 Ejecucion número 50001 del proceso ACTSTKORIGEN total 714018
02 13:01:27:882 Ejecucion número 50001 del proceso ACTSTKORIGEN2 total 714100
02 13:01:28:597 Ejecucion número 50001 del proceso ACTSTKDESTINO total 714220
02 13:18:46:274 Ejecucion número 60001 del proceso ACTSTKORIGEN total 887865
02 13:18:46:792 Ejecucion número 60001 del proceso ACTSTKORIGEN2 total 887949
02 13:18:47:525 Ejecucion número 60001 del proceso ACTSTKDESTINO total 888069
02 13:30:55:657 vdbuscamovst: Procesando movimiento 16839 
02 13:30:55:669 PLSQL: actstkdest :  Procesando movimiento 16839 ...
00 13:30:55:673 PLSQL: CREASTKMOV :  BUSCANDO MATRICULA 384100000010000005
00 13:30:55:673 PLSQL: CREASTKMOV :  ENCONTRADA MATRICULA 384100000010000005
02 13:30:55:675 PLSQL: ACTSTOCKBULTOS :  MOVIMIENTO  16839 ACTUALIZADO SIN BULTOS ASOCIADOS
02 13:30:55:675 PLSQL: actstkdest :  Movimiento 16839 procesado correctamente
02 13:30:55:677 PLSQL: ACTSTOCKBULTOS :  MOVIMIENTO  16839 ACTUALIZADO SIN BULTOS ASOCIADOS
02 13:36:08:599 Ejecucion número 70001 del proceso ACTSTKORIGEN total 1058583
02 13:36:09:122 Ejecucion número 70001 del proceso ACTSTKORIGEN2 total 1058667
02 13:36:09:960 Ejecucion número 70001 del proceso ACTSTKDESTINO total 1058803
02 13:53:30:239 Ejecucion número 80001 del proceso ACTSTKORIGEN total 1229196
02 13:53:30:765 Ejecucion número 80001 del proceso ACTSTKORIGEN2 total 1229280
02 13:53:31:605 Ejecucion número 80001 del proceso ACTSTKDESTINO total 1229415
02 14:10:53:932 Ejecucion número 90001 del proceso ACTSTKORIGEN total 1399639
02 14:10:54:470 Ejecucion número 90001 del proceso ACTSTKORIGEN2 total 1399725
02 14:10:55:305 Ejecucion número 90001 del proceso ACTSTKDESTINO total 1399860
02 14:28:37:902 Ejecucion número 100001 del proceso ACTSTKORIGEN total 1553628
02 14:28:38:482 Ejecucion número 100001 del proceso ACTSTKORIGEN2 total 1553663
02 14:28:39:432 Ejecucion número 100001 del proceso ACTSTKDESTINO total 1553719

00 14:33:59:955 Fichero de log cerrado.

