00 09:05:36:072 Fichero de log abierto PID 144

02 09:05:36:072 Intentando abrir fichero v10.ini
02 09:05:36:077 Cargando driver v10oracle funcion damedriveroracle
02 09:05:36:886 Conectado a base de datos
02 09:05:36:887 Proceso ACTSTKORIGEN encontrado en tabla VDPROCESOS
02 09:05:36:887 Proceso ACTSTKORIGEN cargado con función vdbuscamovst (Librería VDKERNEL.DLL) direccion 705F1560
02 09:05:36:887 Proceso ACTSTKDESTINO encontrado en tabla VDPROCESOS
02 09:05:36:887 Proceso ACTSTKDESTINO cargado con función vdbuscamovst (Librería VDKERNEL.DLL) direccion 705F1560
02 09:05:36:887 Proceso ACTSTKORIGEN2 encontrado en tabla VDPROCESOS
02 09:05:36:887 Proceso ACTSTKORIGEN2 cargado con función vdbuscamovst (Librería VDKERNEL.DLL) direccion 705F1560
02 09:05:36:890 PLSQL: INICIALIZADO PAQUETE DE LOG EL DIA 24-03-2022
02 09:05:36:898 Actualizado SID 129 SERIAL 35465 del proceso con PID 144
02 09:23:47:406 Ejecucion número 10001 del proceso ACTSTKORIGEN total 69615
02 09:23:47:407 Ejecucion número 10001 del proceso ACTSTKDESTINO total 69615
02 09:23:47:408 Ejecucion número 10001 del proceso ACTSTKORIGEN2 total 69615
02 09:41:56:252 Ejecucion número 20001 del proceso ACTSTKORIGEN total 139607
02 09:41:56:255 Ejecucion número 20001 del proceso ACTSTKDESTINO total 139607
02 09:41:56:256 Ejecucion número 20001 del proceso ACTSTKORIGEN2 total 139607
02 10:00:04:785 Ejecucion número 30001 del proceso ACTSTKORIGEN total 209600
02 10:00:04:787 Ejecucion número 30001 del proceso ACTSTKDESTINO total 209600
02 10:00:04:788 Ejecucion número 30001 del proceso ACTSTKORIGEN2 total 209600
02 10:18:11:317 Ejecucion número 40001 del proceso ACTSTKORIGEN total 279592
02 10:18:11:318 Ejecucion número 40001 del proceso ACTSTKDESTINO total 279592
02 10:18:11:318 Ejecucion número 40001 del proceso ACTSTKORIGEN2 total 279592

00 10:23:49:042 Fichero de log cerrado.

00 10:23:56:312 Fichero de log abierto PID 12812

02 10:23:56:315 Intentando abrir fichero v10.ini
02 10:23:56:321 Cargando driver v10oracle funcion damedriveroracle
02 10:23:56:806 Conectado a base de datos
02 10:23:56:808 Proceso ACTSTKORIGEN encontrado en tabla VDPROCESOS
02 10:23:56:810 Proceso ACTSTKORIGEN cargado con función vdbuscamovst (Librería VDKERNEL.DLL) direccion 705F1560
02 10:23:56:810 Proceso ACTSTKDESTINO encontrado en tabla VDPROCESOS
02 10:23:56:810 Proceso ACTSTKDESTINO cargado con función vdbuscamovst (Librería VDKERNEL.DLL) direccion 705F1560
02 10:23:56:810 Proceso ACTSTKORIGEN2 encontrado en tabla VDPROCESOS
02 10:23:56:810 Proceso ACTSTKORIGEN2 cargado con función vdbuscamovst (Librería VDKERNEL.DLL) direccion 705F1560
02 10:23:56:813 PLSQL: INICIALIZADO PAQUETE DE LOG EL DIA 24-03-2022
02 10:23:56:825 Actualizado SID 16 SERIAL 23919 del proceso con PID 12812
02 10:42:05:146 Ejecucion número 10001 del proceso ACTSTKORIGEN total 69990
02 10:42:05:165 Ejecucion número 10001 del proceso ACTSTKDESTINO total 69991
02 10:42:05:167 Ejecucion número 10001 del proceso ACTSTKORIGEN2 total 69991
02 11:00:13:563 Ejecucion número 20001 del proceso ACTSTKORIGEN total 139982
02 11:00:13:567 Ejecucion número 20001 del proceso ACTSTKDESTINO total 139982
02 11:00:13:567 Ejecucion número 20001 del proceso ACTSTKORIGEN2 total 139982
02 11:18:21:827 Ejecucion número 30001 del proceso ACTSTKORIGEN total 209765
02 11:18:21:828 Ejecucion número 30001 del proceso ACTSTKDESTINO total 209765
02 11:18:21:847 Ejecucion número 30001 del proceso ACTSTKORIGEN2 total 209766
02 11:36:32:097 Ejecucion número 40001 del proceso ACTSTKORIGEN total 279757
02 11:36:32:100 Ejecucion número 40001 del proceso ACTSTKDESTINO total 279757
02 11:36:32:102 Ejecucion número 40001 del proceso ACTSTKORIGEN2 total 279757
02 12:15:32:167 Ejecucion número 50001 del proceso ACTSTKORIGEN total 349724
02 12:15:32:170 Ejecucion número 50001 del proceso ACTSTKDESTINO total 349724
02 12:15:32:170 Ejecucion número 50001 del proceso ACTSTKORIGEN2 total 349724
02 12:33:39:569 Ejecucion número 60001 del proceso ACTSTKORIGEN total 419715
02 12:33:39:570 Ejecucion número 60001 del proceso ACTSTKDESTINO total 419715
02 12:33:39:572 Ejecucion número 60001 del proceso ACTSTKORIGEN2 total 419715
02 12:51:47:167 Ejecucion número 70001 del proceso ACTSTKORIGEN total 489708
02 12:51:47:167 Ejecucion número 70001 del proceso ACTSTKDESTINO total 489708
02 12:51:47:169 Ejecucion número 70001 del proceso ACTSTKORIGEN2 total 489708
02 13:09:54:445 Ejecucion número 80001 del proceso ACTSTKORIGEN total 559701
02 13:09:54:447 Ejecucion número 80001 del proceso ACTSTKDESTINO total 559701
02 13:09:54:450 Ejecucion número 80001 del proceso ACTSTKORIGEN2 total 559701
02 13:28:01:872 Ejecucion número 90001 del proceso ACTSTKORIGEN total 629693
02 13:28:01:874 Ejecucion número 90001 del proceso ACTSTKDESTINO total 629693
02 13:28:01:875 Ejecucion número 90001 del proceso ACTSTKORIGEN2 total 629693
02 13:46:09:422 Ejecucion número 100001 del proceso ACTSTKORIGEN total 699684
02 13:46:09:424 Ejecucion número 100001 del proceso ACTSTKDESTINO total 699684
02 13:46:09:425 Ejecucion número 100001 del proceso ACTSTKORIGEN2 total 699684
02 14:04:36:890 Ejecucion número 110001 del proceso ACTSTKORIGEN total 768834
02 14:04:37:225 Ejecucion número 110001 del proceso ACTSTKDESTINO total 768854
02 14:04:37:225 Ejecucion número 110001 del proceso ACTSTKORIGEN2 total 768854
02 14:23:36:220 Ejecucion número 120001 del proceso ACTSTKORIGEN total 836744
02 14:23:36:807 Ejecucion número 120001 del proceso ACTSTKDESTINO total 836779
02 14:23:36:915 Ejecucion número 120001 del proceso ACTSTKORIGEN2 total 836785
02 14:42:38:022 Ejecucion número 130001 del proceso ACTSTKORIGEN total 904456
02 14:42:38:647 Ejecucion número 130001 del proceso ACTSTKDESTINO total 904493
02 14:42:38:757 Ejecucion número 130001 del proceso ACTSTKORIGEN2 total 904499
02 15:56:44:575 Ejecucion número 140001 del proceso ACTSTKORIGEN total 973225
02 15:56:45:122 Ejecucion número 140001 del proceso ACTSTKDESTINO total 973260
02 15:56:45:450 Ejecucion número 140001 del proceso ACTSTKORIGEN2 total 973281
02 16:14:52:870 Ejecucion número 150001 del proceso ACTSTKORIGEN total 1043215
02 16:14:53:415 Ejecucion número 150001 del proceso ACTSTKDESTINO total 1043250
02 16:14:53:742 Ejecucion número 150001 del proceso ACTSTKORIGEN2 total 1043271
02 16:33:01:039 Ejecucion número 160001 del proceso ACTSTKORIGEN total 1113198
02 16:33:01:587 Ejecucion número 160001 del proceso ACTSTKDESTINO total 1113233
02 16:33:01:917 Ejecucion número 160001 del proceso ACTSTKORIGEN2 total 1113254
02 16:51:09:420 Ejecucion número 170001 del proceso ACTSTKORIGEN total 1183171
02 16:51:10:077 Ejecucion número 170001 del proceso ACTSTKDESTINO total 1183213
02 16:51:10:400 Ejecucion número 170001 del proceso ACTSTKORIGEN2 total 1183233
02 17:09:18:615 Ejecucion número 180001 del proceso ACTSTKORIGEN total 1253156
02 17:09:19:267 Ejecucion número 180001 del proceso ACTSTKDESTINO total 1253198
02 17:09:19:597 Ejecucion número 180001 del proceso ACTSTKORIGEN2 total 1253219
02 17:27:27:482 Ejecucion número 190001 del proceso ACTSTKORIGEN total 1323148
02 17:27:28:139 Ejecucion número 190001 del proceso ACTSTKDESTINO total 1323190
02 17:27:28:465 Ejecucion número 190001 del proceso ACTSTKORIGEN2 total 1323211
02 17:45:35:567 Ejecucion número 200001 del proceso ACTSTKORIGEN total 1393136
02 17:45:36:217 Ejecucion número 200001 del proceso ACTSTKDESTINO total 1393178
02 17:45:36:547 Ejecucion número 200001 del proceso ACTSTKORIGEN2 total 1393199

00 17:58:50:005 Fichero de log cerrado.

