00 09:11:09:357 Fichero de log abierto PID 9324

02 09:11:09:358 Intentando abrir fichero v10.ini
02 09:11:09:367 Cargando driver v10oracle funcion damedriveroracle
02 09:11:09:920 Conectado a base de datos
02 09:11:09:921 Proceso ACTSTKORIGEN encontrado en tabla VDPROCESOS
02 09:11:09:922 Proceso ACTSTKORIGEN cargado con función vdbuscamovst (Librería VDKERNEL.DLL) direccion 6E031560
02 09:11:09:922 Proceso ACTSTKDESTINO encontrado en tabla VDPROCESOS
02 09:11:09:922 Proceso ACTSTKDESTINO cargado con función vdbuscamovst (Librería VDKERNEL.DLL) direccion 6E031560
02 09:11:09:922 Proceso ACTSTKORIGEN2 encontrado en tabla VDPROCESOS
02 09:11:09:922 Proceso ACTSTKORIGEN2 cargado con función vdbuscamovst (Librería VDKERNEL.DLL) direccion 6E031560
02 09:11:09:925 PLSQL: INICIALIZADO PAQUETE DE LOG EL DIA 04-04-2022
02 09:11:09:935 Actualizado SID 868 SERIAL 47508 del proceso con PID 9324
02 09:29:15:007 Ejecucion número 10001 del proceso ACTSTKORIGEN total 69993
02 09:29:15:007 Ejecucion número 10001 del proceso ACTSTKDESTINO total 69993
02 09:29:15:007 Ejecucion número 10001 del proceso ACTSTKORIGEN2 total 69993
02 09:47:24:021 Ejecucion número 20001 del proceso ACTSTKORIGEN total 139975
02 09:47:24:021 Ejecucion número 20001 del proceso ACTSTKDESTINO total 139975
02 09:47:24:022 Ejecucion número 20001 del proceso ACTSTKORIGEN2 total 139975
02 10:05:34:248 Ejecucion número 30001 del proceso ACTSTKORIGEN total 209961
02 10:05:34:248 Ejecucion número 30001 del proceso ACTSTKDESTINO total 209961
02 10:05:34:250 Ejecucion número 30001 del proceso ACTSTKORIGEN2 total 209961

00 10:22:53:436 Fichero de log cerrado.

00 10:23:02:215 Fichero de log abierto PID 820

02 10:23:02:217 Intentando abrir fichero v10.ini
02 10:23:02:222 Cargando driver v10oracle funcion damedriveroracle
02 10:23:03:007 Conectado a base de datos
02 10:23:03:010 Proceso ACTSTKORIGEN encontrado en tabla VDPROCESOS
02 10:23:03:010 Proceso ACTSTKORIGEN cargado con función vdbuscamovst (Librería VDKERNEL.DLL) direccion 6E031560
02 10:23:03:010 Proceso ACTSTKDESTINO encontrado en tabla VDPROCESOS
02 10:23:03:010 Proceso ACTSTKDESTINO cargado con función vdbuscamovst (Librería VDKERNEL.DLL) direccion 6E031560
02 10:23:03:011 Proceso ACTSTKORIGEN2 encontrado en tabla VDPROCESOS
02 10:23:03:011 Proceso ACTSTKORIGEN2 cargado con función vdbuscamovst (Librería VDKERNEL.DLL) direccion 6E031560
02 10:23:03:013 PLSQL: INICIALIZADO PAQUETE DE LOG EL DIA 04-04-2022
02 10:23:03:026 Actualizado SID 502 SERIAL 13258 del proceso con PID 820

00 10:38:58:296 Fichero de log cerrado.

00 10:39:08:463 Fichero de log abierto PID 13920

02 10:39:08:486 Intentando abrir fichero v10.ini
02 10:39:08:503 Cargando driver v10oracle funcion damedriveroracle
02 10:39:09:125 Conectado a base de datos
02 10:39:09:127 Proceso ACTSTKORIGEN encontrado en tabla VDPROCESOS
02 10:39:09:127 Proceso ACTSTKORIGEN cargado con función vdbuscamovst (Librería VDKERNEL.DLL) direccion 6E031560
02 10:39:09:127 Proceso ACTSTKDESTINO encontrado en tabla VDPROCESOS
02 10:39:09:127 Proceso ACTSTKDESTINO cargado con función vdbuscamovst (Librería VDKERNEL.DLL) direccion 6E031560
02 10:39:09:127 Proceso ACTSTKORIGEN2 encontrado en tabla VDPROCESOS
02 10:39:09:127 Proceso ACTSTKORIGEN2 cargado con función vdbuscamovst (Librería VDKERNEL.DLL) direccion 6E031560
02 10:39:09:130 PLSQL: INICIALIZADO PAQUETE DE LOG EL DIA 04-04-2022
02 10:39:09:140 Actualizado SID 256 SERIAL 8722 del proceso con PID 13920
02 10:57:15:991 Ejecucion número 10001 del proceso ACTSTKORIGEN total 69993
02 10:57:15:991 Ejecucion número 10001 del proceso ACTSTKDESTINO total 69993
02 10:57:15:991 Ejecucion número 10001 del proceso ACTSTKORIGEN2 total 69993
02 11:15:21:312 Ejecucion número 20001 del proceso ACTSTKORIGEN total 139975
02 11:15:21:313 Ejecucion número 20001 del proceso ACTSTKDESTINO total 139975
02 11:15:21:313 Ejecucion número 20001 del proceso ACTSTKORIGEN2 total 139975
02 11:34:55:681 Ejecucion número 30001 del proceso ACTSTKORIGEN total 209924
02 11:34:55:790 Ejecucion número 30001 del proceso ACTSTKDESTINO total 209931
02 11:34:55:790 Ejecucion número 30001 del proceso ACTSTKORIGEN2 total 209931
02 11:53:03:755 Ejecucion número 40001 del proceso ACTSTKORIGEN total 279915
02 11:53:03:864 Ejecucion número 40001 del proceso ACTSTKDESTINO total 279922
02 11:53:03:865 Ejecucion número 40001 del proceso ACTSTKORIGEN2 total 279922
02 12:11:12:172 Ejecucion número 50001 del proceso ACTSTKORIGEN total 349902
02 12:11:12:294 Ejecucion número 50001 del proceso ACTSTKDESTINO total 349910
02 12:11:12:295 Ejecucion número 50001 del proceso ACTSTKORIGEN2 total 349910

00 12:14:33:880 Fichero de log cerrado.

00 12:14:45:534 Fichero de log abierto PID 15756

02 12:14:45:535 Intentando abrir fichero v10.ini
02 12:14:45:542 Cargando driver v10oracle funcion damedriveroracle
02 12:14:46:362 Conectado a base de datos
02 12:14:46:364 Proceso ACTSTKORIGEN encontrado en tabla VDPROCESOS
02 12:14:46:364 Proceso ACTSTKORIGEN cargado con función vdbuscamovst (Librería VDKERNEL.DLL) direccion 6E031560
02 12:14:46:364 Proceso ACTSTKDESTINO encontrado en tabla VDPROCESOS
02 12:14:46:364 Proceso ACTSTKDESTINO cargado con función vdbuscamovst (Librería VDKERNEL.DLL) direccion 6E031560
02 12:14:46:365 Proceso ACTSTKORIGEN2 encontrado en tabla VDPROCESOS
02 12:14:46:365 Proceso ACTSTKORIGEN2 cargado con función vdbuscamovst (Librería VDKERNEL.DLL) direccion 6E031560
02 12:14:46:367 PLSQL: INICIALIZADO PAQUETE DE LOG EL DIA 04-04-2022
02 12:14:46:377 Actualizado SID 390 SERIAL 62276 del proceso con PID 15756
02 12:32:54:305 Ejecucion número 10001 del proceso ACTSTKORIGEN total 69980
02 12:32:54:337 Ejecucion número 10001 del proceso ACTSTKDESTINO total 69982
02 12:32:54:337 Ejecucion número 10001 del proceso ACTSTKORIGEN2 total 69982

00 12:39:53:230 Fichero de log cerrado.

00 12:39:57:342 Fichero de log abierto PID 8680

02 12:39:57:345 Intentando abrir fichero v10.ini
02 12:39:57:365 Cargando driver v10oracle funcion damedriveroracle
02 12:39:58:095 Conectado a base de datos
02 12:39:58:097 Proceso ACTSTKORIGEN encontrado en tabla VDPROCESOS
02 12:39:58:099 Proceso ACTSTKORIGEN cargado con función vdbuscamovst (Librería VDKERNEL.DLL) direccion 6E031560
02 12:39:58:099 Proceso ACTSTKDESTINO encontrado en tabla VDPROCESOS
02 12:39:58:099 Proceso ACTSTKDESTINO cargado con función vdbuscamovst (Librería VDKERNEL.DLL) direccion 6E031560
02 12:39:58:099 Proceso ACTSTKORIGEN2 encontrado en tabla VDPROCESOS
02 12:39:58:099 Proceso ACTSTKORIGEN2 cargado con función vdbuscamovst (Librería VDKERNEL.DLL) direccion 6E031560
02 12:39:58:101 PLSQL: INICIALIZADO PAQUETE DE LOG EL DIA 04-04-2022
02 12:39:58:124 Actualizado SID 377 SERIAL 41885 del proceso con PID 8680

00 12:40:52:377 Fichero de log cerrado.

00 12:40:57:807 Fichero de log abierto PID 12392

02 12:40:57:809 Intentando abrir fichero v10.ini
02 12:40:57:815 Cargando driver v10oracle funcion damedriveroracle
02 12:40:58:522 Conectado a base de datos
02 12:40:58:522 Proceso ACTSTKORIGEN encontrado en tabla VDPROCESOS
02 12:40:58:524 Proceso ACTSTKORIGEN cargado con función vdbuscamovst (Librería VDKERNEL.DLL) direccion 6E031560
02 12:40:58:524 Proceso ACTSTKDESTINO encontrado en tabla VDPROCESOS
02 12:40:58:524 Proceso ACTSTKDESTINO cargado con función vdbuscamovst (Librería VDKERNEL.DLL) direccion 6E031560
02 12:40:58:524 Proceso ACTSTKORIGEN2 encontrado en tabla VDPROCESOS
02 12:40:58:524 Proceso ACTSTKORIGEN2 cargado con función vdbuscamovst (Librería VDKERNEL.DLL) direccion 6E031560
02 12:40:58:526 PLSQL: INICIALIZADO PAQUETE DE LOG EL DIA 04-04-2022
02 12:40:58:535 Actualizado SID 261 SERIAL 59218 del proceso con PID 12392
02 12:59:05:920 Ejecucion número 10001 del proceso ACTSTKORIGEN total 69992
02 12:59:05:935 Ejecucion número 10001 del proceso ACTSTKDESTINO total 69993
02 12:59:05:937 Ejecucion número 10001 del proceso ACTSTKORIGEN2 total 69993
02 13:17:13:385 Ejecucion número 20001 del proceso ACTSTKORIGEN total 139977
02 13:17:13:385 Ejecucion número 20001 del proceso ACTSTKDESTINO total 139977
02 13:17:13:385 Ejecucion número 20001 del proceso ACTSTKORIGEN2 total 139977
02 13:35:21:367 Ejecucion número 30001 del proceso ACTSTKORIGEN total 209967
02 13:35:21:369 Ejecucion número 30001 del proceso ACTSTKDESTINO total 209967
02 13:35:21:370 Ejecucion número 30001 del proceso ACTSTKORIGEN2 total 209967
02 13:53:29:940 Ejecucion número 40001 del proceso ACTSTKORIGEN total 279957
02 13:53:29:959 Ejecucion número 40001 del proceso ACTSTKDESTINO total 279958
02 13:53:29:960 Ejecucion número 40001 del proceso ACTSTKORIGEN2 total 279958
02 14:11:38:352 Ejecucion número 50001 del proceso ACTSTKORIGEN total 349941
02 14:11:38:460 Ejecucion número 50001 del proceso ACTSTKDESTINO total 349948
02 14:11:38:462 Ejecucion número 50001 del proceso ACTSTKORIGEN2 total 349948
02 14:29:43:344 Ejecucion número 60001 del proceso ACTSTKORIGEN total 416260
02 14:29:43:450 Ejecucion número 60001 del proceso ACTSTKDESTINO total 416267
02 14:29:43:452 Ejecucion número 60001 del proceso ACTSTKORIGEN2 total 416267
02 14:47:52:012 Ejecucion número 70001 del proceso ACTSTKORIGEN total 486251
02 14:47:52:122 Ejecucion número 70001 del proceso ACTSTKDESTINO total 486258
02 14:47:52:122 Ejecucion número 70001 del proceso ACTSTKORIGEN2 total 486258
02 15:59:29:262 Ejecucion número 80001 del proceso ACTSTKORIGEN total 556211
02 15:59:29:482 Ejecucion número 80001 del proceso ACTSTKDESTINO total 556225
02 15:59:29:482 Ejecucion número 80001 del proceso ACTSTKORIGEN2 total 556225
02 16:17:37:752 Ejecucion número 90001 del proceso ACTSTKORIGEN total 626202
02 16:17:37:970 Ejecucion número 90001 del proceso ACTSTKDESTINO total 626216
02 16:17:37:970 Ejecucion número 90001 del proceso ACTSTKORIGEN2 total 626216
02 16:35:46:547 Ejecucion número 100001 del proceso ACTSTKORIGEN total 696190
02 16:35:46:767 Ejecucion número 100001 del proceso ACTSTKDESTINO total 696204
02 16:35:46:769 Ejecucion número 100001 del proceso ACTSTKORIGEN2 total 696204
02 16:53:55:220 Ejecucion número 110001 del proceso ACTSTKORIGEN total 766183
02 16:53:55:439 Ejecucion número 110001 del proceso ACTSTKDESTINO total 766197
02 16:53:55:440 Ejecucion número 110001 del proceso ACTSTKORIGEN2 total 766197
02 17:12:04:572 Ejecucion número 120001 del proceso ACTSTKORIGEN total 836157
02 17:12:04:790 Ejecucion número 120001 del proceso ACTSTKDESTINO total 836171
02 17:12:04:790 Ejecucion número 120001 del proceso ACTSTKORIGEN2 total 836171

00 17:13:21:680 Fichero de log cerrado.

00 17:13:27:087 Fichero de log abierto PID 4892

02 17:13:27:089 Intentando abrir fichero v10.ini
02 17:13:27:095 Cargando driver v10oracle funcion damedriveroracle
02 17:13:27:870 Conectado a base de datos
02 17:13:27:872 Proceso ACTSTKORIGEN encontrado en tabla VDPROCESOS
02 17:13:27:872 Proceso ACTSTKORIGEN cargado con función vdbuscamovst (Librería VDKERNEL.DLL) direccion 6E031560
02 17:13:27:874 Proceso ACTSTKDESTINO encontrado en tabla VDPROCESOS
02 17:13:27:874 Proceso ACTSTKDESTINO cargado con función vdbuscamovst (Librería VDKERNEL.DLL) direccion 6E031560
02 17:13:27:874 Proceso ACTSTKORIGEN2 encontrado en tabla VDPROCESOS
02 17:13:27:874 Proceso ACTSTKORIGEN2 cargado con función vdbuscamovst (Librería VDKERNEL.DLL) direccion 6E031560
02 17:13:27:876 PLSQL: INICIALIZADO PAQUETE DE LOG EL DIA 04-04-2022
02 17:13:27:887 Actualizado SID 377 SERIAL 8347 del proceso con PID 4892
02 17:31:34:497 Ejecucion número 10001 del proceso ACTSTKORIGEN total 69988
02 17:31:34:497 Ejecucion número 10001 del proceso ACTSTKDESTINO total 69988
02 17:31:34:499 Ejecucion número 10001 del proceso ACTSTKORIGEN2 total 69988
02 17:49:42:942 Ejecucion número 20001 del proceso ACTSTKORIGEN total 139977
02 17:49:42:942 Ejecucion número 20001 del proceso ACTSTKDESTINO total 139977
02 17:49:42:942 Ejecucion número 20001 del proceso ACTSTKORIGEN2 total 139977

00 17:58:21:367 Fichero de log cerrado.

