00 09:09:35:445 Fichero de log abierto PID 13488

02 09:09:35:447 Intentando abrir fichero v10.ini
02 09:09:35:452 Cargando driver v10oracle funcion damedriveroracle
02 09:09:36:357 Conectado a base de datos
02 09:09:36:360 Proceso ASIGNAGENCIA encontrado en tabla VDPROCESOS
02 09:09:36:361 Proceso ASIGNAGENCIA cargado con función vdprocesapedst (Librería VDPEDIDOS.DLL) direccion 062EA500
02 09:09:36:362 Proceso ASIGNATRACKING encontrado en tabla VDPROCESOS
02 09:09:36:362 Proceso ASIGNATRACKING cargado con función procesoperiodico (Librería VDKERNEL.DLL) direccion 6FE02D10
02 09:09:36:364 PLSQL: INICIALIZADO PAQUETE DE LOG EL DIA 05-04-2022
02 09:09:36:372 Actualizado SID 871 SERIAL 38842 del proceso con PID 13488
02 09:09:36:418 Analizado cursor CASIGNATRACK
02 09:09:36:418 Leidos 1 cursores

00 09:57:03:202 Fichero de log cerrado.

00 09:57:16:622 Fichero de log abierto PID 6060

02 09:57:16:623 Intentando abrir fichero v10.ini
02 09:57:16:632 Cargando driver v10oracle funcion damedriveroracle
02 09:57:17:423 Conectado a base de datos
02 09:57:17:426 Proceso ASIGNAGENCIA encontrado en tabla VDPROCESOS
02 09:57:17:427 Proceso ASIGNAGENCIA cargado con función vdprocesapedst (Librería VDPEDIDOS.DLL) direccion 05B3A500
02 09:57:17:427 Proceso ASIGNATRACKING encontrado en tabla VDPROCESOS
02 09:57:17:427 Proceso ASIGNATRACKING cargado con función procesoperiodico (Librería VDKERNEL.DLL) direccion 6FE02D10
02 09:57:17:431 PLSQL: INICIALIZADO PAQUETE DE LOG EL DIA 05-04-2022
02 09:57:17:440 Actualizado SID 751 SERIAL 25264 del proceso con PID 6060
02 09:57:17:481 Analizado cursor CASIGNATRACK
02 09:57:17:481 Leidos 1 cursores

00 10:01:40:410 Fichero de log cerrado.

00 10:03:38:590 Fichero de log abierto PID 13032

02 10:03:38:592 Intentando abrir fichero v10.ini
02 10:03:38:597 Cargando driver v10oracle funcion damedriveroracle
02 10:03:38:807 Conectado a base de datos
02 10:03:38:811 Proceso ASIGNAGENCIA encontrado en tabla VDPROCESOS
02 10:03:38:833 Proceso ASIGNAGENCIA cargado con función vdprocesapedst (Librería VDPEDIDOS.DLL) direccion 0642A500
02 10:03:38:835 Proceso ASIGNATRACKING encontrado en tabla VDPROCESOS
02 10:03:38:835 Proceso ASIGNATRACKING cargado con función procesoperiodico (Librería VDKERNEL.DLL) direccion 6E092D10
02 10:03:38:837 PLSQL: INICIALIZADO PAQUETE DE LOG EL DIA 05-04-2022
02 10:03:38:845 Actualizado SID 869 SERIAL 63986 del proceso con PID 13032
02 10:03:38:932 Analizado cursor CASIGNATRACK
02 10:03:38:932 Leidos 1 cursores
02 13:17:47:332 Ejecucion número 10001 del proceso ASIGNAGENCIA total 645368
02 13:17:50:990 Ejecucion número 10001 del proceso ASIGNATRACKING total 645602

00 16:14:51:332 Fichero de log cerrado.

00 16:15:02:200 Fichero de log abierto PID 6680

02 16:15:02:202 Intentando abrir fichero v10.ini
02 16:15:02:210 Cargando driver v10oracle funcion damedriveroracle
02 16:15:03:510 Conectado a base de datos
02 16:15:03:517 Proceso ASIGNAGENCIA encontrado en tabla VDPROCESOS
02 16:15:03:520 Proceso ASIGNAGENCIA cargado con función vdprocesapedst (Librería VDPEDIDOS.DLL) direccion 065DA500
02 16:15:03:522 Proceso ASIGNATRACKING encontrado en tabla VDPROCESOS
02 16:15:03:522 Proceso ASIGNATRACKING cargado con función procesoperiodico (Librería VDKERNEL.DLL) direccion 6E092D10
02 16:15:03:527 PLSQL: INICIALIZADO PAQUETE DE LOG EL DIA 05-04-2022
02 16:15:03:547 Actualizado SID 258 SERIAL 26689 del proceso con PID 6680
02 16:15:03:700 Analizado cursor CASIGNATRACK
02 16:15:03:700 Leidos 1 cursores

00 17:58:46:537 Fichero de log cerrado.

