00 08:59:49:261 Fichero de log abierto PID 4604

02 08:59:49:262 Intentando abrir fichero v10.ini
02 08:59:49:265 Cargando driver v10oracle funcion damedriveroracle
02 08:59:49:971 Conectado a base de datos
02 08:59:49:972 Proceso ASIGNAGENCIA encontrado en tabla VDPROCESOS
02 08:59:49:973 Proceso ASIGNAGENCIA cargado con función vdprocesapedst (Librería VDPEDIDOS.DLL) direccion 05F8A500
02 08:59:49:975 Proceso ASIGNATRACKING encontrado en tabla VDPROCESOS
02 08:59:49:975 Proceso ASIGNATRACKING cargado con función procesoperiodico (Librería VDKERNEL.DLL) direccion 70042D10
02 08:59:49:977 PLSQL: INICIALIZADO PAQUETE DE LOG EL DIA 27-06-2022
02 08:59:49:986 Actualizado SID 384 SERIAL 52766 del proceso con PID 4604
02 08:59:50:033 Analizado cursor CASIGNATRACK
02 08:59:50:033 Leidos 1 cursores
02 11:55:59:860 Ejecucion número 10001 del proceso ASIGNAGENCIA total 602306
02 11:56:29:970 Ejecucion número 10001 del proceso ASIGNATRACKING total 604085
02 14:44:00:590 Ejecucion número 20001 del proceso ASIGNAGENCIA total 1203689
02 14:45:02:012 Ejecucion número 20001 del proceso ASIGNATRACKING total 1207440

00 17:47:53:385 Fichero de log cerrado.

00 17:48:08:497 Fichero de log abierto PID 15868

02 17:48:08:499 Intentando abrir fichero v10.ini
02 17:48:08:504 Cargando driver v10oracle funcion damedriveroracle
02 17:48:09:149 Conectado a base de datos
02 17:48:09:152 Proceso ASIGNAGENCIA encontrado en tabla VDPROCESOS
02 17:48:09:152 Proceso ASIGNAGENCIA cargado con función vdprocesapedst (Librería VDPEDIDOS.DLL) direccion 057EA500
02 17:48:09:152 Proceso ASIGNATRACKING encontrado en tabla VDPROCESOS
02 17:48:09:152 Proceso ASIGNATRACKING cargado con función procesoperiodico (Librería VDKERNEL.DLL) direccion 70042D10
02 17:48:09:156 PLSQL: INICIALIZADO PAQUETE DE LOG EL DIA 27-06-2022
02 17:48:09:164 Actualizado SID 624 SERIAL 16286 del proceso con PID 15868
02 17:48:09:217 Analizado cursor CASIGNATRACK
02 17:48:09:217 Leidos 1 cursores

00 17:57:06:535 Fichero de log cerrado.

