00 09:43:02:605 Fichero de log abierto PID 11096

02 09:43:02:607 Intentando abrir fichero v10.ini
02 09:43:02:658 Cargando driver v10oracle funcion damedriveroracle
02 09:43:03:590 Conectado a base de datos
02 09:43:03:592 Proceso ASIGNAGENCIA encontrado en tabla VDPROCESOS
02 09:43:03:592 Proceso ASIGNAGENCIA cargado con función vdprocesapedst (Librería VDPEDIDOS.DLL) direccion 0638A500
02 09:43:03:592 Proceso ASIGNATRACKING encontrado en tabla VDPROCESOS
02 09:43:03:592 Proceso ASIGNATRACKING cargado con función procesoperiodico (Librería VDKERNEL.DLL) direccion 70492D10
02 09:43:03:595 PLSQL: INICIALIZADO PAQUETE DE LOG EL DIA 31-03-2022
02 09:43:03:603 Actualizado SID 10 SERIAL 10612 del proceso con PID 11096
02 09:43:03:650 Analizado cursor CASIGNATRACK
02 09:43:03:650 Leidos 1 cursores
02 12:42:06:685 Ejecucion número 10001 del proceso ASIGNAGENCIA total 597192
02 12:42:47:770 Ejecucion número 10001 del proceso ASIGNATRACKING total 599626

00 14:17:57:459 Fichero de log cerrado.

00 14:18:05:995 Fichero de log abierto PID 10952

02 14:18:05:997 Intentando abrir fichero v10.ini
02 14:18:06:005 Cargando driver v10oracle funcion damedriveroracle
02 14:18:06:777 Conectado a base de datos
02 14:18:06:779 Proceso ASIGNAGENCIA encontrado en tabla VDPROCESOS
02 14:18:06:780 Proceso ASIGNAGENCIA cargado con función vdprocesapedst (Librería VDPEDIDOS.DLL) direccion 0664A500
02 14:18:06:780 Proceso ASIGNATRACKING encontrado en tabla VDPROCESOS
02 14:18:06:780 Proceso ASIGNATRACKING cargado con función procesoperiodico (Librería VDKERNEL.DLL) direccion 70492D10
02 14:18:06:783 PLSQL: INICIALIZADO PAQUETE DE LOG EL DIA 31-03-2022
02 14:18:06:792 Actualizado SID 625 SERIAL 26737 del proceso con PID 10952
02 14:18:06:864 Analizado cursor CASIGNATRACK
02 14:18:06:864 Leidos 1 cursores

00 17:58:44:720 Fichero de log cerrado.

