00 11:41:47:145 Fichero de log abierto PID 8404

02 11:41:47:174 Intentando abrir fichero v10.ini
02 11:41:47:179 Cargando driver v10oracle funcion damedriveroracle
02 11:41:47:807 Conectado a base de datos
02 11:41:47:807 Proceso ASIGNAGENCIA encontrado en tabla VDPROCESOS
02 11:41:48:565 Proceso ASIGNAGENCIA cargado con función vdprocesapedst (Librería VDPEDIDOS.DLL) direccion 065DA500
02 11:41:48:565 Proceso ASIGNATRACKING encontrado en tabla VDPROCESOS
02 11:41:48:565 Proceso ASIGNATRACKING cargado con función procesoperiodico (Librería VDKERNEL.DLL) direccion 6F3D2D10
02 11:41:48:569 PLSQL: INICIALIZADO PAQUETE DE LOG EL DIA 04-07-2022
02 11:41:48:585 Actualizado SID 873 SERIAL 34014 del proceso con PID 8404
02 11:41:48:645 Analizado cursor CASIGNATRACK
02 11:41:48:645 Leidos 1 cursores
02 14:37:47:285 Ejecucion número 10001 del proceso ASIGNAGENCIA total 627561
02 14:38:00:420 Ejecucion número 10001 del proceso ASIGNATRACKING total 628402

00 16:28:21:849 Fichero de log cerrado.

00 16:28:33:182 Fichero de log abierto PID 3088

02 16:28:33:184 Intentando abrir fichero v10.ini
02 16:28:33:190 Cargando driver v10oracle funcion damedriveroracle
02 16:28:33:782 Conectado a base de datos
02 16:28:33:785 Proceso ASIGNAGENCIA encontrado en tabla VDPROCESOS
02 16:28:33:785 Proceso ASIGNAGENCIA cargado con función vdprocesapedst (Librería VDPEDIDOS.DLL) direccion 04F6A500
02 16:28:33:785 Proceso ASIGNATRACKING encontrado en tabla VDPROCESOS
02 16:28:33:785 Proceso ASIGNATRACKING cargado con función procesoperiodico (Librería VDKERNEL.DLL) direccion 6F3D2D10
02 16:28:33:789 PLSQL: INICIALIZADO PAQUETE DE LOG EL DIA 04-07-2022
02 16:28:33:799 Actualizado SID 384 SERIAL 56818 del proceso con PID 3088
02 16:28:33:850 Analizado cursor CASIGNATRACK
02 16:28:33:850 Leidos 1 cursores

00 17:57:33:832 Fichero de log cerrado.

