00 09:08:31:783 Fichero de log abierto PID 12496

02 09:08:31:786 Intentando abrir fichero v10.ini
02 09:08:31:792 Cargando driver v10oracle funcion damedriveroracle
02 09:08:32:407 Conectado a base de datos
02 09:08:32:408 Proceso ASIGNAGENCIA encontrado en tabla VDPROCESOS
02 09:08:32:411 Proceso ASIGNAGENCIA cargado con función vdprocesapedst (Librería VDPEDIDOS.DLL) direccion 06CCA500
02 09:08:32:411 Proceso ASIGNATRACKING encontrado en tabla VDPROCESOS
02 09:08:32:411 Proceso ASIGNATRACKING cargado con función procesoperiodico (Librería VDKERNEL.DLL) direccion 6FF62D10
02 09:08:32:413 PLSQL: INICIALIZADO PAQUETE DE LOG EL DIA 28-03-2022
02 09:08:32:422 Actualizado SID 261 SERIAL 22056 del proceso con PID 12496
02 09:08:32:467 Analizado cursor CASIGNATRACK
02 09:08:32:467 Leidos 1 cursores
02 11:56:43:987 Ejecucion número 10001 del proceso ASIGNAGENCIA total 648793
02 11:56:45:482 Ejecucion número 10001 del proceso ASIGNATRACKING total 648888
02 14:45:08:885 Ejecucion número 20001 del proceso ASIGNAGENCIA total 1301944
02 14:45:12:775 Ejecucion número 20001 del proceso ASIGNATRACKING total 1302198

00 15:19:41:784 Fichero de log cerrado.

00 15:19:48:590 Fichero de log abierto PID 15420

02 15:19:48:592 Intentando abrir fichero v10.ini
02 15:19:48:599 Cargando driver v10oracle funcion damedriveroracle
02 15:19:49:560 Conectado a base de datos
02 15:19:49:562 Proceso ASIGNAGENCIA encontrado en tabla VDPROCESOS
02 15:19:49:565 Proceso ASIGNAGENCIA cargado con función vdprocesapedst (Librería VDPEDIDOS.DLL) direccion 0617A500
02 15:19:49:565 Proceso ASIGNATRACKING encontrado en tabla VDPROCESOS
02 15:19:49:565 Proceso ASIGNATRACKING cargado con función procesoperiodico (Librería VDKERNEL.DLL) direccion 6FF62D10
02 15:19:49:568 PLSQL: INICIALIZADO PAQUETE DE LOG EL DIA 28-03-2022
02 15:19:49:579 Actualizado SID 623 SERIAL 31046 del proceso con PID 15420
02 15:19:49:632 Analizado cursor CASIGNATRACK
02 15:19:49:632 Leidos 1 cursores

00 16:06:05:725 Fichero de log cerrado.

00 16:06:21:417 Fichero de log abierto PID 7520

02 16:06:21:419 Intentando abrir fichero v10.ini
02 16:06:21:425 Cargando driver v10oracle funcion damedriveroracle
02 16:06:22:185 Conectado a base de datos
02 16:06:22:185 Proceso ASIGNAGENCIA encontrado en tabla VDPROCESOS
02 16:06:22:187 Proceso ASIGNAGENCIA cargado con función vdprocesapedst (Librería VDPEDIDOS.DLL) direccion 0599A500
02 16:06:22:187 Proceso ASIGNATRACKING encontrado en tabla VDPROCESOS
02 16:06:22:187 Proceso ASIGNATRACKING cargado con función procesoperiodico (Librería VDKERNEL.DLL) direccion 6FF62D10
02 16:06:22:190 PLSQL: INICIALIZADO PAQUETE DE LOG EL DIA 28-03-2022
02 16:06:22:197 Actualizado SID 132 SERIAL 31289 del proceso con PID 7520
02 16:06:22:239 Analizado cursor CASIGNATRACK
02 16:06:22:239 Leidos 1 cursores

00 17:59:49:285 Fichero de log cerrado.

