00 11:54:47:622 Fichero de log abierto PID 14920

02 11:54:47:624 Intentando abrir fichero v10.ini
02 11:54:47:629 Cargando driver v10oracle funcion damedriveroracle
02 11:54:48:185 Conectado a base de datos
02 11:54:48:187 Proceso ASIGNAGENCIA encontrado en tabla VDPROCESOS
02 11:54:48:312 Proceso ASIGNAGENCIA cargado con función vdprocesapedst (Librería VDPEDIDOS.DLL) direccion 07C5A500
02 11:54:48:312 Proceso ASIGNATRACKING encontrado en tabla VDPROCESOS
02 11:54:48:312 Proceso ASIGNATRACKING cargado con función procesoperiodico (Librería VDKERNEL.DLL) direccion 614C2D10
02 11:54:48:315 PLSQL: INICIALIZADO PAQUETE DE LOG EL DIA 30-06-2022
02 11:54:48:334 Actualizado SID 627 SERIAL 1412 del proceso con PID 14920
02 11:54:48:380 Analizado cursor CASIGNATRACK
02 11:54:48:380 Leidos 1 cursores

00 12:04:30:242 Fichero de log cerrado.

00 12:04:43:097 Fichero de log abierto PID 15672

02 12:04:43:099 Intentando abrir fichero v10.ini
02 12:04:43:105 Cargando driver v10oracle funcion damedriveroracle
02 12:04:43:757 Conectado a base de datos
02 12:04:43:759 Proceso ASIGNAGENCIA encontrado en tabla VDPROCESOS
02 12:04:43:760 Proceso ASIGNAGENCIA cargado con función vdprocesapedst (Librería VDPEDIDOS.DLL) direccion 0663A500
02 12:04:43:760 Proceso ASIGNATRACKING encontrado en tabla VDPROCESOS
02 12:04:43:760 Proceso ASIGNATRACKING cargado con función procesoperiodico (Librería VDKERNEL.DLL) direccion 614C2D10
02 12:04:43:762 PLSQL: INICIALIZADO PAQUETE DE LOG EL DIA 30-06-2022
02 12:04:43:772 Actualizado SID 137 SERIAL 4975 del proceso con PID 15672
02 12:04:43:812 Analizado cursor CASIGNATRACK
02 12:04:43:812 Leidos 1 cursores

00 12:05:30:429 Fichero de log cerrado.

00 12:07:06:580 Fichero de log abierto PID 7740

02 12:07:06:582 Intentando abrir fichero v10.ini
02 12:07:06:620 Cargando driver v10oracle funcion damedriveroracle
02 12:07:07:244 Conectado a base de datos
02 12:07:07:245 Proceso ASIGNAGENCIA encontrado en tabla VDPROCESOS
02 12:07:07:247 Proceso ASIGNAGENCIA cargado con función vdprocesapedst (Librería VDPEDIDOS.DLL) direccion 07EEA500
02 12:07:07:247 Proceso ASIGNATRACKING encontrado en tabla VDPROCESOS
02 12:07:07:247 Proceso ASIGNATRACKING cargado con función procesoperiodico (Librería VDKERNEL.DLL) direccion 614C2D10
02 12:07:07:249 PLSQL: INICIALIZADO PAQUETE DE LOG EL DIA 30-06-2022
02 12:07:07:260 Actualizado SID 136 SERIAL 62783 del proceso con PID 7740
02 12:07:07:292 Analizado cursor CASIGNATRACK
02 12:07:07:292 Leidos 1 cursores

00 13:58:50:710 Fichero de log cerrado.

00 13:59:07:637 Fichero de log abierto PID 2476

02 13:59:07:637 Intentando abrir fichero v10.ini
02 13:59:07:644 Cargando driver v10oracle funcion damedriveroracle
02 13:59:08:365 Conectado a base de datos
02 13:59:08:367 Proceso ASIGNAGENCIA encontrado en tabla VDPROCESOS
02 13:59:08:369 Proceso ASIGNAGENCIA cargado con función vdprocesapedst (Librería VDPEDIDOS.DLL) direccion 037FA500
02 13:59:08:369 Proceso ASIGNATRACKING encontrado en tabla VDPROCESOS
02 13:59:08:369 Proceso ASIGNATRACKING cargado con función procesoperiodico (Librería VDKERNEL.DLL) direccion 614C2D10
02 13:59:08:370 PLSQL: INICIALIZADO PAQUETE DE LOG EL DIA 30-06-2022
02 13:59:08:380 Actualizado SID 257 SERIAL 476 del proceso con PID 2476
02 13:59:08:425 Analizado cursor CASIGNATRACK
02 13:59:08:425 Leidos 1 cursores
02 16:47:05:707 Ejecucion número 10001 del proceso ASIGNAGENCIA total 588236
02 16:47:38:465 Ejecucion número 10001 del proceso ASIGNATRACKING total 590172

00 17:31:35:285 Fichero de log cerrado.

00 17:31:48:212 Fichero de log abierto PID 14216

02 17:31:48:212 Intentando abrir fichero v10.ini
02 17:31:48:220 Cargando driver v10oracle funcion damedriveroracle
02 17:31:48:865 Conectado a base de datos
02 17:31:48:867 Proceso ASIGNAGENCIA encontrado en tabla VDPROCESOS
02 17:31:48:869 Proceso ASIGNAGENCIA cargado con función vdprocesapedst (Librería VDPEDIDOS.DLL) direccion 067BA500
02 17:31:48:869 Proceso ASIGNATRACKING encontrado en tabla VDPROCESOS
02 17:31:48:869 Proceso ASIGNATRACKING cargado con función procesoperiodico (Librería VDKERNEL.DLL) direccion 614C2D10
02 17:31:48:871 PLSQL: INICIALIZADO PAQUETE DE LOG EL DIA 30-06-2022
02 17:31:48:880 Actualizado SID 387 SERIAL 41902 del proceso con PID 14216
02 17:31:48:919 Analizado cursor CASIGNATRACK
02 17:31:48:919 Leidos 1 cursores

00 17:46:21:449 Fichero de log cerrado.

00 17:46:33:972 Fichero de log abierto PID 8008

02 17:46:33:975 Intentando abrir fichero v10.ini
02 17:46:33:979 Cargando driver v10oracle funcion damedriveroracle
02 17:46:34:620 Conectado a base de datos
02 17:46:34:622 Proceso ASIGNAGENCIA encontrado en tabla VDPROCESOS
02 17:46:34:624 Proceso ASIGNAGENCIA cargado con función vdprocesapedst (Librería VDPEDIDOS.DLL) direccion 0578A500
02 17:46:34:624 Proceso ASIGNATRACKING encontrado en tabla VDPROCESOS
02 17:46:34:624 Proceso ASIGNATRACKING cargado con función procesoperiodico (Librería VDKERNEL.DLL) direccion 614C2D10
02 17:46:34:626 PLSQL: INICIALIZADO PAQUETE DE LOG EL DIA 30-06-2022
02 17:46:34:635 Actualizado SID 259 SERIAL 52673 del proceso con PID 8008
02 17:46:34:677 Analizado cursor CASIGNATRACK
02 17:46:34:677 Leidos 1 cursores

00 17:49:57:507 Fichero de log cerrado.

00 17:51:15:090 Fichero de log abierto PID 12328

02 17:51:15:092 Intentando abrir fichero v10.ini
02 17:51:15:097 Cargando driver v10oracle funcion damedriveroracle
02 17:51:15:557 Conectado a base de datos
02 17:51:15:560 Proceso ASIGNAGENCIA encontrado en tabla VDPROCESOS
02 17:51:15:560 Proceso ASIGNAGENCIA cargado con función vdprocesapedst (Librería VDPEDIDOS.DLL) direccion 0448A500
02 17:51:15:560 Proceso ASIGNATRACKING encontrado en tabla VDPROCESOS
02 17:51:15:560 Proceso ASIGNATRACKING cargado con función procesoperiodico (Librería VDKERNEL.DLL) direccion 70042D10
02 17:51:15:563 PLSQL: INICIALIZADO PAQUETE DE LOG EL DIA 30-06-2022
02 17:51:15:575 Actualizado SID 507 SERIAL 10450 del proceso con PID 12328
02 17:51:15:639 Analizado cursor CASIGNATRACK
02 17:51:15:639 Leidos 1 cursores

00 17:52:14:372 Fichero de log cerrado.

