00 09:04:44:805 Fichero de log abierto PID 11236

02 09:04:44:807 Intentando abrir fichero v10.ini
02 09:04:44:811 Cargando driver v10oracle funcion damedriveroracle
02 09:04:45:767 Conectado a base de datos
02 09:04:45:767 Proceso ASIGNAGENCIA encontrado en tabla VDPROCESOS
02 09:04:45:767 Proceso ASIGNAGENCIA cargado con función vdprocesapedst (Librería VDPEDIDOS.DLL) direccion 0651A500
02 09:04:45:767 Proceso ASIGNATRACKING encontrado en tabla VDPROCESOS
02 09:04:45:767 Proceso ASIGNATRACKING cargado con función procesoperiodico (Librería VDKERNEL.DLL) direccion 6E692D10
02 09:04:45:772 PLSQL: INICIALIZADO PAQUETE DE LOG EL DIA 25-03-2022
02 09:04:45:782 Actualizado SID 875 SERIAL 37427 del proceso con PID 11236
02 09:04:45:832 Analizado cursor CASIGNATRACK
02 09:04:45:832 Leidos 1 cursores

00 09:37:54:927 Fichero de log cerrado.

00 09:38:20:137 Fichero de log abierto PID 14524

02 09:38:20:140 Intentando abrir fichero v10.ini
02 09:38:20:147 Cargando driver v10oracle funcion damedriveroracle
02 09:38:20:850 Conectado a base de datos
02 09:38:20:852 Proceso ASIGNAGENCIA encontrado en tabla VDPROCESOS
02 09:38:20:853 Proceso ASIGNAGENCIA cargado con función vdprocesapedst (Librería VDPEDIDOS.DLL) direccion 05ABA500
02 09:38:20:853 Proceso ASIGNATRACKING encontrado en tabla VDPROCESOS
02 09:38:20:853 Proceso ASIGNATRACKING cargado con función procesoperiodico (Librería VDKERNEL.DLL) direccion 705F2D10
02 09:38:20:856 PLSQL: INICIALIZADO PAQUETE DE LOG EL DIA 25-03-2022
02 09:38:20:868 Actualizado SID 752 SERIAL 15831 del proceso con PID 14524
02 09:38:20:922 Analizado cursor CASIGNATRACK
02 09:38:20:922 Leidos 1 cursores

00 12:57:00:247 Fichero de log cerrado.

00 12:57:20:387 Fichero de log abierto PID 10628

02 12:57:20:392 Intentando abrir fichero v10.ini
02 12:57:20:399 Cargando driver v10oracle funcion damedriveroracle
02 12:57:21:192 Conectado a base de datos
02 12:57:21:195 Proceso ASIGNAGENCIA encontrado en tabla VDPROCESOS
02 12:57:21:195 Proceso ASIGNAGENCIA cargado con función vdprocesapedst (Librería VDPEDIDOS.DLL) direccion 067DA500
02 12:57:21:195 Proceso ASIGNATRACKING encontrado en tabla VDPROCESOS
02 12:57:21:195 Proceso ASIGNATRACKING cargado con función procesoperiodico (Librería VDKERNEL.DLL) direccion 705F2D10
02 12:57:21:199 PLSQL: INICIALIZADO PAQUETE DE LOG EL DIA 25-03-2022
02 12:57:21:209 Actualizado SID 9 SERIAL 30742 del proceso con PID 10628
02 12:57:21:262 Analizado cursor CASIGNATRACK
02 12:57:21:264 Leidos 1 cursores

00 13:58:46:912 Fichero de log cerrado.

