00 09:05:28:072 Fichero de log abierto PID 4088

02 09:05:28:075 Intentando abrir fichero v10.ini
02 09:05:28:080 Cargando driver v10oracle funcion damedriveroracle
02 09:05:28:586 Conectado a base de datos
02 09:05:28:587 Proceso ASIGNAGENCIA encontrado en tabla VDPROCESOS
02 09:05:28:597 Proceso ASIGNAGENCIA cargado con función vdprocesapedst (Librería VDPEDIDOS.DLL) direccion 04DDA500
02 09:05:28:597 Proceso ASIGNATRACKING encontrado en tabla VDPROCESOS
02 09:05:28:597 Proceso ASIGNATRACKING cargado con función procesoperiodico (Librería VDKERNEL.DLL) direccion 6FFE2D10
02 09:05:28:598 PLSQL: INICIALIZADO PAQUETE DE LOG EL DIA 21-03-2022
02 09:05:28:611 Actualizado SID 503 SERIAL 41499 del proceso con PID 4088
02 09:05:28:666 Analizado cursor CASIGNATRACK
02 09:05:28:666 Leidos 1 cursores
02 11:53:16:819 Ejecucion número 10001 del proceso ASIGNAGENCIA total 638432
02 11:53:18:179 Ejecucion número 10001 del proceso ASIGNATRACKING total 638520
02 15:50:05:637 Ejecucion número 20001 del proceso ASIGNAGENCIA total 1242137
02 15:50:10:760 Ejecucion número 20001 del proceso ASIGNATRACKING total 1242468

00 17:53:19:377 Fichero de log cerrado.

00 17:53:20:462 Fichero de log abierto PID 6304

02 17:53:20:465 Intentando abrir fichero v10.ini
02 17:53:20:495 Cargando driver v10oracle funcion damedriveroracle
02 17:53:22:200 Conectado a base de datos
02 17:53:22:205 Proceso ASIGNAGENCIA encontrado en tabla VDPROCESOS
02 17:53:22:209 Proceso ASIGNAGENCIA cargado con función vdprocesapedst (Librería VDPEDIDOS.DLL) direccion 0596A500
02 17:53:22:209 Proceso ASIGNATRACKING encontrado en tabla VDPROCESOS
02 17:53:22:210 Proceso ASIGNATRACKING cargado con función procesoperiodico (Librería VDKERNEL.DLL) direccion 6FFE2D10
02 17:53:22:214 PLSQL: INICIALIZADO PAQUETE DE LOG EL DIA 21-03-2022
02 17:53:22:235 Actualizado SID 127 SERIAL 36293 del proceso con PID 6304
02 17:53:23:022 Analizado cursor CASIGNATRACK
02 17:53:23:022 Leidos 1 cursores

00 17:53:25:012 Fichero de log cerrado.

