00 09:14:07:246 Fichero de log abierto PID 15396

02 09:14:07:247 Intentando abrir fichero v10.ini
02 09:14:07:252 Cargando driver v10oracle funcion damedriveroracle
02 09:14:07:886 Conectado a base de datos
02 09:14:07:887 Proceso ASIGNAGENCIA encontrado en tabla VDPROCESOS
02 09:14:09:120 Proceso ASIGNAGENCIA cargado con función vdprocesapedst (Librería VDPEDIDOS.DLL) direccion 07BDA500
02 09:14:09:120 Proceso ASIGNATRACKING encontrado en tabla VDPROCESOS
02 09:14:09:120 Proceso ASIGNATRACKING cargado con función procesoperiodico (Librería VDKERNEL.DLL) direccion 6C012D10
02 09:14:09:122 PLSQL: INICIALIZADO PAQUETE DE LOG EL DIA 29-06-2022
02 09:14:09:145 Actualizado SID 384 SERIAL 38637 del proceso con PID 15396
02 09:14:09:187 Analizado cursor CASIGNATRACK
02 09:14:09:187 Leidos 1 cursores

00 11:17:59:492 Fichero de log cerrado.

00 11:18:11:453 Fichero de log abierto PID 11448

02 11:18:11:455 Intentando abrir fichero v10.ini
02 11:18:11:460 Cargando driver v10oracle funcion damedriveroracle
02 11:18:12:207 Conectado a base de datos
02 11:18:12:207 Proceso ASIGNAGENCIA encontrado en tabla VDPROCESOS
02 11:18:12:208 Proceso ASIGNAGENCIA cargado con función vdprocesapedst (Librería VDPEDIDOS.DLL) direccion 065FA500
02 11:18:12:208 Proceso ASIGNATRACKING encontrado en tabla VDPROCESOS
02 11:18:12:208 Proceso ASIGNATRACKING cargado con función procesoperiodico (Librería VDKERNEL.DLL) direccion 6C012D10
02 11:18:12:212 PLSQL: INICIALIZADO PAQUETE DE LOG EL DIA 29-06-2022
02 11:18:12:220 Actualizado SID 747 SERIAL 1735 del proceso con PID 11448
02 11:18:12:261 Analizado cursor CASIGNATRACK
02 11:18:12:261 Leidos 1 cursores

00 11:42:13:492 Fichero de log cerrado.

00 13:46:18:694 Fichero de log abierto PID 14284

02 13:46:18:695 Intentando abrir fichero v10.ini
02 13:46:18:700 Cargando driver v10oracle funcion damedriveroracle
02 13:46:19:080 Conectado a base de datos
02 13:46:19:082 Proceso ASIGNAGENCIA encontrado en tabla VDPROCESOS
02 13:46:19:085 Proceso ASIGNAGENCIA cargado con función vdprocesapedst (Librería VDPEDIDOS.DLL) direccion 068CA500
02 13:46:19:085 Proceso ASIGNATRACKING encontrado en tabla VDPROCESOS
02 13:46:19:085 Proceso ASIGNATRACKING cargado con función procesoperiodico (Librería VDKERNEL.DLL) direccion 6C012D10
02 13:46:19:087 PLSQL: INICIALIZADO PAQUETE DE LOG EL DIA 29-06-2022
02 13:46:19:100 Actualizado SID 14 SERIAL 22027 del proceso con PID 14284
02 13:46:19:154 Analizado cursor CASIGNATRACK
02 13:46:19:154 Leidos 1 cursores

00 13:50:10:250 Fichero de log cerrado.

00 17:03:13:462 Fichero de log abierto PID 6800

02 17:03:13:462 Intentando abrir fichero v10.ini
02 17:03:13:467 Cargando driver v10oracle funcion damedriveroracle
02 17:03:13:997 Conectado a base de datos
02 17:03:14:000 Proceso ASIGNAGENCIA encontrado en tabla VDPROCESOS
02 17:03:14:000 Proceso ASIGNAGENCIA cargado con función vdprocesapedst (Librería VDPEDIDOS.DLL) direccion 0682A500
02 17:03:14:000 Proceso ASIGNATRACKING encontrado en tabla VDPROCESOS
02 17:03:14:000 Proceso ASIGNATRACKING cargado con función procesoperiodico (Librería VDKERNEL.DLL) direccion 6C012D10
02 17:03:14:004 PLSQL: INICIALIZADO PAQUETE DE LOG EL DIA 29-06-2022
02 17:03:14:014 Actualizado SID 379 SERIAL 43802 del proceso con PID 6800
02 17:03:14:054 Analizado cursor CASIGNATRACK
02 17:03:14:054 Leidos 1 cursores

00 17:57:09:025 Fichero de log cerrado.

