00 09:03:10:047 Fichero de log abierto PID 6072

02 09:03:10:048 Intentando abrir fichero v10.ini
02 09:03:10:055 Cargando driver v10oracle funcion damedriveroracle
02 09:03:10:620 Conectado a base de datos
02 09:03:10:622 Proceso ASIGNAGENCIA encontrado en tabla VDPROCESOS
02 09:03:10:625 Proceso ASIGNAGENCIA cargado con función vdprocesapedst (Librería VDPEDIDOS.DLL) direccion 06DDA500
02 09:03:10:625 Proceso ASIGNATRACKING encontrado en tabla VDPROCESOS
02 09:03:10:625 Proceso ASIGNATRACKING cargado con función procesoperiodico (Librería VDKERNEL.DLL) direccion 6FFE2D10
02 09:03:10:627 PLSQL: INICIALIZADO PAQUETE DE LOG EL DIA 18-03-2022
02 09:03:10:636 Actualizado SID 752 SERIAL 17417 del proceso con PID 6072
02 09:03:10:687 Analizado cursor CASIGNATRACK
02 09:03:10:687 Leidos 1 cursores
02 12:10:42:585 Ejecucion número 10001 del proceso ASIGNAGENCIA total 645103
02 12:10:44:505 Ejecucion número 10001 del proceso ASIGNATRACKING total 645226

00 13:58:12:302 Fichero de log cerrado.

00 13:58:13:007 Fichero de log abierto PID 10804

02 13:58:13:010 Intentando abrir fichero v10.ini
02 13:58:13:020 Cargando driver v10oracle funcion damedriveroracle
02 13:58:13:684 Conectado a base de datos
02 13:58:13:685 Proceso ASIGNAGENCIA encontrado en tabla VDPROCESOS
02 13:58:13:687 Proceso ASIGNAGENCIA cargado con función vdprocesapedst (Librería VDPEDIDOS.DLL) direccion 0465A500
02 13:58:13:687 Proceso ASIGNATRACKING encontrado en tabla VDPROCESOS
02 13:58:13:687 Proceso ASIGNATRACKING cargado con función procesoperiodico (Librería VDKERNEL.DLL) direccion 6FFE2D10
02 13:58:13:690 PLSQL: INICIALIZADO PAQUETE DE LOG EL DIA 18-03-2022
02 13:58:13:697 Actualizado SID 384 SERIAL 26182 del proceso con PID 10804
02 13:58:13:722 Analizado cursor CASIGNATRACK
02 13:58:13:722 Leidos 1 cursores

00 13:59:55:960 Fichero de log cerrado.

