00 09:05:36:037 Fichero de log abierto PID 14504

02 09:05:36:042 Intentando abrir fichero v10.ini
02 09:05:36:067 Cargando driver v10oracle funcion damedriveroracle
02 09:05:36:621 Conectado a base de datos
02 09:05:36:622 Proceso ASIGNAGENCIA encontrado en tabla VDPROCESOS
02 09:05:36:622 Proceso ASIGNAGENCIA cargado con función vdprocesapedst (Librería VDPEDIDOS.DLL) direccion 0577A500
02 09:05:36:622 Proceso ASIGNATRACKING encontrado en tabla VDPROCESOS
02 09:05:36:622 Proceso ASIGNATRACKING cargado con función procesoperiodico (Librería VDKERNEL.DLL) direccion 705F2D10
02 09:05:36:625 PLSQL: INICIALIZADO PAQUETE DE LOG EL DIA 24-03-2022
02 09:05:36:635 Actualizado SID 876 SERIAL 11491 del proceso con PID 14504
02 09:05:36:715 Analizado cursor CASIGNATRACK
02 09:05:36:715 Leidos 1 cursores

00 10:23:49:043 Fichero de log cerrado.

00 10:23:56:465 Fichero de log abierto PID 1784

02 10:23:56:467 Intentando abrir fichero v10.ini
02 10:23:56:472 Cargando driver v10oracle funcion damedriveroracle
02 10:23:57:052 Conectado a base de datos
02 10:23:57:055 Proceso ASIGNAGENCIA encontrado en tabla VDPROCESOS
02 10:23:57:056 Proceso ASIGNAGENCIA cargado con función vdprocesapedst (Librería VDPEDIDOS.DLL) direccion 0698A500
02 10:23:57:057 Proceso ASIGNATRACKING encontrado en tabla VDPROCESOS
02 10:23:57:057 Proceso ASIGNATRACKING cargado con función procesoperiodico (Librería VDKERNEL.DLL) direccion 705F2D10
02 10:23:57:059 PLSQL: INICIALIZADO PAQUETE DE LOG EL DIA 24-03-2022
02 10:23:57:068 Actualizado SID 258 SERIAL 44682 del proceso con PID 1784
02 10:23:57:116 Analizado cursor CASIGNATRACK
02 10:23:57:116 Leidos 1 cursores
02 13:33:06:259 Ejecucion número 10001 del proceso ASIGNAGENCIA total 649292
02 13:33:07:640 Ejecucion número 10001 del proceso ASIGNATRACKING total 649380
02 17:16:53:222 Ejecucion número 20001 del proceso ASIGNAGENCIA total 1282415
02 17:17:08:627 Ejecucion número 20001 del proceso ASIGNATRACKING total 1283406

00 17:58:50:004 Fichero de log cerrado.

