00 09:23:03:950 Fichero de log abierto PID 15792

02 09:23:04:011 Intentando abrir fichero v10.ini
02 09:23:04:017 Cargando driver v10oracle funcion damedriveroracle
02 09:23:04:816 Conectado a base de datos
02 09:23:04:817 Proceso ASIGNAGENCIA encontrado en tabla VDPROCESOS
02 09:23:05:642 Proceso ASIGNAGENCIA cargado con función vdprocesapedst (Librería VDPEDIDOS.DLL) direccion 061FA500
02 09:23:05:642 Proceso ASIGNATRACKING encontrado en tabla VDPROCESOS
02 09:23:05:642 Proceso ASIGNATRACKING cargado con función procesoperiodico (Librería VDKERNEL.DLL) direccion 70032D10
02 09:23:05:645 PLSQL: INICIALIZADO PAQUETE DE LOG EL DIA 05-07-2022
02 09:23:05:667 Actualizado SID 12 SERIAL 46379 del proceso con PID 15792
02 09:23:05:775 Analizado cursor CASIGNATRACK
02 09:23:05:775 Leidos 1 cursores
02 12:40:47:462 Ejecucion número 10001 del proceso ASIGNAGENCIA total 648982
02 12:40:49:717 Ejecucion número 10001 del proceso ASIGNATRACKING total 649127

00 13:36:35:289 Fichero de log cerrado.

00 13:36:39:432 Fichero de log abierto PID 7580

02 13:36:39:432 Intentando abrir fichero v10.ini
02 13:36:39:439 Cargando driver v10oracle funcion damedriveroracle
02 13:36:40:292 Conectado a base de datos
02 13:36:40:292 Proceso ASIGNAGENCIA encontrado en tabla VDPROCESOS
02 13:36:40:294 Proceso ASIGNAGENCIA cargado con función vdprocesapedst (Librería VDPEDIDOS.DLL) direccion 01C7A500
02 13:36:40:294 Proceso ASIGNATRACKING encontrado en tabla VDPROCESOS
02 13:36:40:294 Proceso ASIGNATRACKING cargado con función procesoperiodico (Librería VDKERNEL.DLL) direccion 70032D10
02 13:36:40:295 PLSQL: INICIALIZADO PAQUETE DE LOG EL DIA 05-07-2022
02 13:36:40:302 Actualizado SID 141 SERIAL 31233 del proceso con PID 7580
02 13:36:40:329 Analizado cursor CASIGNATRACK
02 13:36:40:329 Leidos 1 cursores

00 13:58:57:517 Fichero de log cerrado.

00 13:59:20:432 Fichero de log abierto PID 14128

02 13:59:20:435 Intentando abrir fichero v10.ini
02 13:59:20:440 Cargando driver v10oracle funcion damedriveroracle
02 13:59:21:215 Conectado a base de datos
02 13:59:21:217 Proceso ASIGNAGENCIA encontrado en tabla VDPROCESOS
02 13:59:21:219 Proceso ASIGNAGENCIA cargado con función vdprocesapedst (Librería VDPEDIDOS.DLL) direccion 06CAA500
02 13:59:21:219 Proceso ASIGNATRACKING encontrado en tabla VDPROCESOS
02 13:59:21:219 Proceso ASIGNATRACKING cargado con función procesoperiodico (Librería VDKERNEL.DLL) direccion 70032D10
02 13:59:21:221 PLSQL: INICIALIZADO PAQUETE DE LOG EL DIA 05-07-2022
02 13:59:21:230 Actualizado SID 753 SERIAL 48771 del proceso con PID 14128
02 13:59:21:275 Analizado cursor CASIGNATRACK
02 13:59:21:275 Leidos 1 cursores

00 14:52:23:035 Fichero de log cerrado.

00 14:52:50:267 Fichero de log abierto PID 17092

02 14:52:50:270 Intentando abrir fichero v10.ini
02 14:52:50:277 Cargando driver v10oracle funcion damedriveroracle
02 14:52:51:312 Conectado a base de datos
02 14:52:51:314 Proceso ASIGNAGENCIA encontrado en tabla VDPROCESOS
02 14:52:51:315 Proceso ASIGNAGENCIA cargado con función vdprocesapedst (Librería VDPEDIDOS.DLL) direccion 0632A500
02 14:52:51:315 Proceso ASIGNATRACKING encontrado en tabla VDPROCESOS
02 14:52:51:315 Proceso ASIGNATRACKING cargado con función procesoperiodico (Librería VDKERNEL.DLL) direccion 70032D10
02 14:52:51:318 PLSQL: INICIALIZADO PAQUETE DE LOG EL DIA 05-07-2022
02 14:52:51:327 Actualizado SID 508 SERIAL 46248 del proceso con PID 17092
02 14:52:51:370 Analizado cursor CASIGNATRACK
02 14:52:51:370 Leidos 1 cursores

00 14:54:38:089 Fichero de log cerrado.

00 14:54:43:172 Fichero de log abierto PID 16604

02 14:54:43:172 Intentando abrir fichero v10.ini
02 14:54:43:180 Cargando driver v10oracle funcion damedriveroracle
02 14:54:44:040 Conectado a base de datos
02 14:54:44:042 Proceso ASIGNAGENCIA encontrado en tabla VDPROCESOS
02 14:54:44:042 Proceso ASIGNAGENCIA cargado con función vdprocesapedst (Librería VDPEDIDOS.DLL) direccion 062FA500
02 14:54:44:042 Proceso ASIGNATRACKING encontrado en tabla VDPROCESOS
02 14:54:44:042 Proceso ASIGNATRACKING cargado con función procesoperiodico (Librería VDKERNEL.DLL) direccion 70032D10
02 14:54:44:045 PLSQL: INICIALIZADO PAQUETE DE LOG EL DIA 05-07-2022
02 14:54:44:050 Actualizado SID 749 SERIAL 44781 del proceso con PID 16604
02 14:54:44:077 Analizado cursor CASIGNATRACK
02 14:54:44:077 Leidos 1 cursores

00 17:55:06:142 Fichero de log cerrado.

