00 09:17:44:847 Fichero de log abierto PID 12124

02 09:17:44:847 Intentando abrir fichero v10.ini
02 09:17:44:847 Cargando driver v10oracle funcion damedriveroracle
02 09:17:45:487 Conectado a base de datos
02 09:17:45:487 Proceso ASIGNAGENCIA encontrado en tabla VDPROCESOS
02 09:17:46:027 Proceso ASIGNAGENCIA cargado con función vdprocesapedst (Librería VDPEDIDOS.DLL) direccion 0563A500
02 09:17:46:030 Proceso ASIGNATRACKING encontrado en tabla VDPROCESOS
02 09:17:46:030 Proceso ASIGNATRACKING cargado con función procesoperiodico (Librería VDKERNEL.DLL) direccion 6C002D10
02 09:17:46:033 PLSQL: INICIALIZADO PAQUETE DE LOG EL DIA 28-06-2022
02 09:17:46:051 Actualizado SID 384 SERIAL 12659 del proceso con PID 12124
02 09:17:46:092 Analizado cursor CASIGNATRACK
02 09:17:46:092 Leidos 1 cursores

00 09:39:20:132 Fichero de log cerrado.

00 09:39:35:587 Fichero de log abierto PID 14572

02 09:39:35:590 Intentando abrir fichero v10.ini
02 09:39:35:595 Cargando driver v10oracle funcion damedriveroracle
02 09:39:36:267 Conectado a base de datos
02 09:39:36:270 Proceso ASIGNAGENCIA encontrado en tabla VDPROCESOS
02 09:39:36:271 Proceso ASIGNAGENCIA cargado con función vdprocesapedst (Librería VDPEDIDOS.DLL) direccion 0429A500
02 09:39:36:271 Proceso ASIGNATRACKING encontrado en tabla VDPROCESOS
02 09:39:36:271 Proceso ASIGNATRACKING cargado con función procesoperiodico (Librería VDKERNEL.DLL) direccion 6C002D10
02 09:39:36:273 PLSQL: INICIALIZADO PAQUETE DE LOG EL DIA 28-06-2022
02 09:39:36:282 Actualizado SID 630 SERIAL 49324 del proceso con PID 14572
02 09:39:36:327 Analizado cursor CASIGNATRACK
02 09:39:36:327 Leidos 1 cursores

00 12:12:08:737 Fichero de log cerrado.

00 12:12:22:215 Fichero de log abierto PID 10964

02 12:12:22:217 Intentando abrir fichero v10.ini
02 12:12:22:222 Cargando driver v10oracle funcion damedriveroracle
02 12:12:22:860 Conectado a base de datos
02 12:12:22:862 Proceso ASIGNAGENCIA encontrado en tabla VDPROCESOS
02 12:12:22:864 Proceso ASIGNAGENCIA cargado con función vdprocesapedst (Librería VDPEDIDOS.DLL) direccion 03A4A500
02 12:12:22:864 Proceso ASIGNATRACKING encontrado en tabla VDPROCESOS
02 12:12:22:864 Proceso ASIGNATRACKING cargado con función procesoperiodico (Librería VDKERNEL.DLL) direccion 6C002D10
02 12:12:22:866 PLSQL: INICIALIZADO PAQUETE DE LOG EL DIA 28-06-2022
02 12:12:22:874 Actualizado SID 134 SERIAL 23973 del proceso con PID 10964
02 12:12:22:922 Analizado cursor CASIGNATRACK
02 12:12:22:922 Leidos 1 cursores

00 12:17:16:449 Fichero de log cerrado.

00 12:17:33:994 Fichero de log abierto PID 12188

02 12:17:33:995 Intentando abrir fichero v10.ini
02 12:17:34:002 Cargando driver v10oracle funcion damedriveroracle
02 12:17:34:682 Conectado a base de datos
02 12:17:34:684 Proceso ASIGNAGENCIA encontrado en tabla VDPROCESOS
02 12:17:34:685 Proceso ASIGNAGENCIA cargado con función vdprocesapedst (Librería VDPEDIDOS.DLL) direccion 05D5A500
02 12:17:34:685 Proceso ASIGNATRACKING encontrado en tabla VDPROCESOS
02 12:17:34:685 Proceso ASIGNATRACKING cargado con función procesoperiodico (Librería VDKERNEL.DLL) direccion 6C002D10
02 12:17:34:688 PLSQL: INICIALIZADO PAQUETE DE LOG EL DIA 28-06-2022
02 12:17:34:695 Actualizado SID 748 SERIAL 44899 del proceso con PID 12188
02 12:17:34:740 Analizado cursor CASIGNATRACK
02 12:17:34:740 Leidos 1 cursores

00 12:42:30:060 Fichero de log cerrado.

00 12:42:45:900 Fichero de log abierto PID 15096

02 12:42:45:902 Intentando abrir fichero v10.ini
02 12:42:45:907 Cargando driver v10oracle funcion damedriveroracle
02 12:42:46:355 Conectado a base de datos
02 12:42:46:357 Proceso ASIGNAGENCIA encontrado en tabla VDPROCESOS
02 12:42:46:357 Proceso ASIGNAGENCIA cargado con función vdprocesapedst (Librería VDPEDIDOS.DLL) direccion 062CA500
02 12:42:46:357 Proceso ASIGNATRACKING encontrado en tabla VDPROCESOS
02 12:42:46:357 Proceso ASIGNATRACKING cargado con función procesoperiodico (Librería VDKERNEL.DLL) direccion 6C002D10
02 12:42:46:359 PLSQL: INICIALIZADO PAQUETE DE LOG EL DIA 28-06-2022
02 12:42:46:370 Actualizado SID 747 SERIAL 25675 del proceso con PID 15096
02 12:42:46:417 Analizado cursor CASIGNATRACK
02 12:42:46:417 Leidos 1 cursores

00 13:34:12:825 Fichero de log cerrado.

00 13:34:40:114 Fichero de log abierto PID 10236

02 13:34:40:115 Intentando abrir fichero v10.ini
02 13:34:40:120 Cargando driver v10oracle funcion damedriveroracle
02 13:34:40:522 Conectado a base de datos
02 13:34:40:525 Proceso ASIGNAGENCIA encontrado en tabla VDPROCESOS
02 13:34:40:527 Proceso ASIGNAGENCIA cargado con función vdprocesapedst (Librería VDPEDIDOS.DLL) direccion 069CA500
02 13:34:40:527 Proceso ASIGNATRACKING encontrado en tabla VDPROCESOS
02 13:34:40:527 Proceso ASIGNATRACKING cargado con función procesoperiodico (Librería VDKERNEL.DLL) direccion 6C002D10
02 13:34:40:530 PLSQL: INICIALIZADO PAQUETE DE LOG EL DIA 28-06-2022
02 13:34:40:540 Actualizado SID 747 SERIAL 57546 del proceso con PID 10236
02 13:34:40:585 Analizado cursor CASIGNATRACK
02 13:34:40:585 Leidos 1 cursores

00 13:35:55:742 Fichero de log cerrado.

00 13:36:00:259 Fichero de log abierto PID 12812

02 13:36:00:260 Intentando abrir fichero v10.ini
02 13:36:00:265 Cargando driver v10oracle funcion damedriveroracle
02 13:36:01:155 Conectado a base de datos
02 13:36:01:157 Proceso ASIGNAGENCIA encontrado en tabla VDPROCESOS
02 13:36:01:157 Proceso ASIGNAGENCIA cargado con función vdprocesapedst (Librería VDPEDIDOS.DLL) direccion 0607A500
02 13:36:01:159 Proceso ASIGNATRACKING encontrado en tabla VDPROCESOS
02 13:36:01:159 Proceso ASIGNATRACKING cargado con función procesoperiodico (Librería VDKERNEL.DLL) direccion 6C002D10
02 13:36:01:159 PLSQL: INICIALIZADO PAQUETE DE LOG EL DIA 28-06-2022
02 13:36:01:170 Actualizado SID 7 SERIAL 21803 del proceso con PID 12812
02 13:36:01:230 Analizado cursor CASIGNATRACK
02 13:36:01:230 Leidos 1 cursores

00 13:36:42:907 Fichero de log cerrado.

00 13:44:14:670 Fichero de log abierto PID 10828

02 13:44:14:670 Intentando abrir fichero v10.ini
02 13:44:14:677 Cargando driver v10oracle funcion damedriveroracle
02 13:44:15:215 Conectado a base de datos
02 13:44:15:217 Proceso ASIGNAGENCIA encontrado en tabla VDPROCESOS
02 13:44:15:219 Proceso ASIGNAGENCIA cargado con función vdprocesapedst (Librería VDPEDIDOS.DLL) direccion 0544A500
02 13:44:15:219 Proceso ASIGNATRACKING encontrado en tabla VDPROCESOS
02 13:44:15:219 Proceso ASIGNATRACKING cargado con función procesoperiodico (Librería VDKERNEL.DLL) direccion 6C002D10
02 13:44:15:221 PLSQL: INICIALIZADO PAQUETE DE LOG EL DIA 28-06-2022
02 13:44:15:245 Actualizado SID 874 SERIAL 62314 del proceso con PID 10828
02 13:44:15:287 Analizado cursor CASIGNATRACK
02 13:44:15:287 Leidos 1 cursores

00 14:45:59:840 Fichero de log cerrado.

00 14:46:22:759 Fichero de log abierto PID 9688

02 14:46:22:812 Intentando abrir fichero v10.ini
02 14:46:22:819 Cargando driver v10oracle funcion damedriveroracle
02 14:46:23:582 Conectado a base de datos
02 14:46:23:584 Proceso ASIGNAGENCIA encontrado en tabla VDPROCESOS
02 14:46:23:585 Proceso ASIGNAGENCIA cargado con función vdprocesapedst (Librería VDPEDIDOS.DLL) direccion 0457A500
02 14:46:23:585 Proceso ASIGNATRACKING encontrado en tabla VDPROCESOS
02 14:46:23:585 Proceso ASIGNATRACKING cargado con función procesoperiodico (Librería VDKERNEL.DLL) direccion 6C002D10
02 14:46:23:587 PLSQL: INICIALIZADO PAQUETE DE LOG EL DIA 28-06-2022
02 14:46:23:595 Actualizado SID 633 SERIAL 35912 del proceso con PID 9688
02 14:46:23:640 Analizado cursor CASIGNATRACK
02 14:46:23:640 Leidos 1 cursores

00 17:58:49:097 Fichero de log cerrado.

