00 09:08:33:151 Fichero de log abierto PID 5852

02 09:08:33:151 Intentando abrir fichero v10.ini
02 09:08:33:157 Cargando driver v10oracle funcion damedriveroracle
02 09:08:33:978 Conectado a base de datos
02 09:08:33:981 Proceso CARGA_PROVEES encontrado en tabla VDPROCESOS
02 09:08:33:981 Proceso CARGA_PROVEES cargado con función procesoperiodico (Librería VDKERNEL.DLL) direccion 6E792D10
02 09:08:33:983 PLSQL: INICIALIZADO PAQUETE DE LOG EL DIA 01-04-2022
02 09:08:33:992 Actualizado SID 509 SERIAL 6732 del proceso con PID 5852
02 09:08:33:997 Analizado cursor CCARGAPROVEES
02 09:08:33:997 Leidos 1 cursores
01 09:08:33:998 PLSQL: INICIANDO CARGA DE PROVEES EN  V10INTERIN_RDRP
01 09:08:34:000 PLSQL: ERROR CARGANDO PROVEES
01 09:18:34:005 PLSQL: INICIANDO CARGA DE PROVEES EN  V10INTERIN_RDRP
01 09:18:34:006 PLSQL: ERROR CARGANDO PROVEES
01 09:28:34:009 PLSQL: INICIANDO CARGA DE PROVEES EN  V10INTERIN_RDRP
01 09:28:34:011 PLSQL: ERROR CARGANDO PROVEES
01 09:38:34:020 PLSQL: INICIANDO CARGA DE PROVEES EN  V10INTERIN_RDRP
01 09:38:34:023 PLSQL: ERROR CARGANDO PROVEES
01 09:48:34:025 PLSQL: INICIANDO CARGA DE PROVEES EN  V10INTERIN_RDRP
01 09:48:34:027 PLSQL: ERROR CARGANDO PROVEES
01 09:58:34:034 PLSQL: INICIANDO CARGA DE PROVEES EN  V10INTERIN_RDRP
01 09:58:34:036 PLSQL: ERROR CARGANDO PROVEES
01 10:08:34:039 PLSQL: INICIANDO CARGA DE PROVEES EN  V10INTERIN_RDRP
01 10:08:34:040 PLSQL: ERROR CARGANDO PROVEES
01 10:18:34:064 PLSQL: INICIANDO CARGA DE PROVEES EN  V10INTERIN_RDRP
01 10:18:34:082 PLSQL: ERROR CARGANDO PROVEES
01 10:28:34:085 PLSQL: INICIANDO CARGA DE PROVEES EN  V10INTERIN_RDRP
01 10:28:34:087 PLSQL: ERROR CARGANDO PROVEES
01 10:38:34:102 PLSQL: INICIANDO CARGA DE PROVEES EN  V10INTERIN_RDRP
01 10:38:34:105 PLSQL: ERROR CARGANDO PROVEES

00 10:41:41:277 Fichero de log cerrado.

00 10:42:00:461 Fichero de log abierto PID 16924

02 10:42:00:462 Intentando abrir fichero v10.ini
02 10:42:00:468 Cargando driver v10oracle funcion damedriveroracle
02 10:42:01:427 Conectado a base de datos
02 10:42:01:430 Proceso CARGA_PROVEES encontrado en tabla VDPROCESOS
02 10:42:01:431 Proceso CARGA_PROVEES cargado con función procesoperiodico (Librería VDKERNEL.DLL) direccion 6E792D10
02 10:42:01:432 PLSQL: INICIALIZADO PAQUETE DE LOG EL DIA 01-04-2022
02 10:42:01:445 Actualizado SID 140 SERIAL 61986 del proceso con PID 16924
02 10:42:01:446 Analizado cursor CCARGAPROVEES
02 10:42:01:446 Leidos 1 cursores
01 10:42:01:447 PLSQL: INICIANDO CARGA DE PROVEES EN  V10INTERIN_RDRP
01 10:42:01:448 PLSQL: ERROR CARGANDO PROVEES
01 10:52:01:454 PLSQL: INICIANDO CARGA DE PROVEES EN  V10INTERIN_RDRP
01 10:52:01:456 PLSQL: ERROR CARGANDO PROVEES
01 11:02:01:465 PLSQL: INICIANDO CARGA DE PROVEES EN  V10INTERIN_RDRP
01 11:02:01:466 PLSQL: ERROR CARGANDO PROVEES
01 11:12:01:481 PLSQL: INICIANDO CARGA DE PROVEES EN  V10INTERIN_RDRP
01 11:12:01:482 PLSQL: ERROR CARGANDO PROVEES
01 11:22:01:492 PLSQL: INICIANDO CARGA DE PROVEES EN  V10INTERIN_RDRP
01 11:22:01:493 PLSQL: ERROR CARGANDO PROVEES
01 11:47:07:454 PLSQL: INICIANDO CARGA DE PROVEES EN  V10INTERIN_RDRP
01 11:47:07:463 PLSQL: ERROR CARGANDO PROVEES
01 11:57:07:470 PLSQL: INICIANDO CARGA DE PROVEES EN  V10INTERIN_RDRP
01 11:57:07:471 PLSQL: ERROR CARGANDO PROVEES
01 12:07:07:474 PLSQL: INICIANDO CARGA DE PROVEES EN  V10INTERIN_RDRP
01 12:07:07:475 PLSQL: ERROR CARGANDO PROVEES

00 12:15:10:325 Fichero de log cerrado.

00 12:15:19:104 Fichero de log abierto PID 13688

02 12:15:19:105 Intentando abrir fichero v10.ini
02 12:15:19:112 Cargando driver v10oracle funcion damedriveroracle
02 12:15:20:045 Conectado a base de datos
02 12:15:20:047 Proceso CARGA_PROVEES encontrado en tabla VDPROCESOS
02 12:15:20:047 Proceso CARGA_PROVEES cargado con función procesoperiodico (Librería VDKERNEL.DLL) direccion 6E792D10
02 12:15:20:050 PLSQL: INICIALIZADO PAQUETE DE LOG EL DIA 01-04-2022
02 12:15:20:065 Actualizado SID 752 SERIAL 46521 del proceso con PID 13688
02 12:15:20:065 Analizado cursor CCARGAPROVEES
02 12:15:20:065 Leidos 1 cursores
01 12:15:20:067 PLSQL: INICIANDO CARGA DE PROVEES EN  V10INTERIN_RDRP
01 12:15:20:069 PLSQL: ERROR CARGANDO PROVEES
01 12:25:20:082 PLSQL: INICIANDO CARGA DE PROVEES EN  V10INTERIN_RDRP
01 12:25:20:084 PLSQL: ERROR CARGANDO PROVEES
01 12:35:20:089 PLSQL: INICIANDO CARGA DE PROVEES EN  V10INTERIN_RDRP
01 12:35:20:091 PLSQL: ERROR CARGANDO PROVEES
01 12:45:20:108 PLSQL: INICIANDO CARGA DE PROVEES EN  V10INTERIN_RDRP
01 12:45:20:109 PLSQL: ERROR CARGANDO PROVEES
01 12:55:20:126 PLSQL: INICIANDO CARGA DE PROVEES EN  V10INTERIN_RDRP
01 12:55:20:128 PLSQL: ERROR CARGANDO PROVEES
01 13:05:20:135 PLSQL: INICIANDO CARGA DE PROVEES EN  V10INTERIN_RDRP
01 13:05:20:136 PLSQL: ERROR CARGANDO PROVEES

00 13:10:54:654 Fichero de log cerrado.

00 13:11:07:190 Fichero de log abierto PID 11796

02 13:11:07:197 Intentando abrir fichero v10.ini
02 13:11:07:205 Cargando driver v10oracle funcion damedriveroracle
02 13:11:07:717 Conectado a base de datos
02 13:11:07:720 Proceso CARGA_PROVEES encontrado en tabla VDPROCESOS
02 13:11:07:720 Proceso CARGA_PROVEES cargado con función procesoperiodico (Librería VDKERNEL.DLL) direccion 6E792D10
02 13:11:07:730 PLSQL: INICIALIZADO PAQUETE DE LOG EL DIA 01-04-2022
02 13:11:07:742 Actualizado SID 870 SERIAL 4672 del proceso con PID 11796
02 13:11:07:742 Analizado cursor CCARGAPROVEES
02 13:11:07:742 Leidos 1 cursores
01 13:11:07:744 PLSQL: INICIANDO CARGA DE PROVEES EN  V10INTERIN_RDRP
01 13:11:07:746 PLSQL: ERROR CARGANDO PROVEES
01 13:21:07:754 PLSQL: INICIANDO CARGA DE PROVEES EN  V10INTERIN_RDRP
01 13:21:07:755 PLSQL: ERROR CARGANDO PROVEES

00 13:31:06:372 Fichero de log cerrado.

00 13:31:13:360 Fichero de log abierto PID 3664

02 13:31:13:362 Intentando abrir fichero v10.ini
02 13:31:13:370 Cargando driver v10oracle funcion damedriveroracle
02 13:31:14:122 Conectado a base de datos
02 13:31:14:124 Proceso CARGA_PROVEES encontrado en tabla VDPROCESOS
02 13:31:14:125 Proceso CARGA_PROVEES cargado con función procesoperiodico (Librería VDKERNEL.DLL) direccion 6E792D10
02 13:31:14:127 PLSQL: INICIALIZADO PAQUETE DE LOG EL DIA 01-04-2022
02 13:31:14:140 Actualizado SID 255 SERIAL 25101 del proceso con PID 3664
02 13:31:14:140 Analizado cursor CCARGAPROVEES
02 13:31:14:140 Leidos 1 cursores
01 13:31:14:141 PLSQL: INICIANDO CARGA DE PROVEES EN  V10INTERIN_RDRP
01 13:31:14:144 PLSQL: ERROR CARGANDO PROVEES

00 13:39:34:107 Fichero de log cerrado.

00 13:39:47:929 Fichero de log abierto PID 12560

02 13:39:47:930 Intentando abrir fichero v10.ini
02 13:39:47:937 Cargando driver v10oracle funcion damedriveroracle
02 13:39:48:647 Conectado a base de datos
02 13:39:48:650 Proceso CARGA_PROVEES encontrado en tabla VDPROCESOS
02 13:39:48:650 Proceso CARGA_PROVEES cargado con función procesoperiodico (Librería VDKERNEL.DLL) direccion 6E792D10
02 13:39:48:652 PLSQL: INICIALIZADO PAQUETE DE LOG EL DIA 01-04-2022
02 13:39:48:664 Actualizado SID 133 SERIAL 36709 del proceso con PID 12560
02 13:39:48:665 Analizado cursor CCARGAPROVEES
02 13:39:48:665 Leidos 1 cursores
01 13:39:48:666 PLSQL: INICIANDO CARGA DE PROVEES EN  V10INTERIN_RDRP
01 13:39:48:668 PLSQL: ERROR CARGANDO PROVEES

00 13:41:22:215 Fichero de log cerrado.

00 13:41:28:917 Fichero de log abierto PID 7848

02 13:41:28:917 Intentando abrir fichero v10.ini
02 13:41:28:925 Cargando driver v10oracle funcion damedriveroracle
02 13:41:29:445 Conectado a base de datos
02 13:41:29:447 Proceso CARGA_PROVEES encontrado en tabla VDPROCESOS
02 13:41:29:447 Proceso CARGA_PROVEES cargado con función procesoperiodico (Librería VDKERNEL.DLL) direccion 6E792D10
02 13:41:29:449 PLSQL: INICIALIZADO PAQUETE DE LOG EL DIA 01-04-2022
02 13:41:29:460 Actualizado SID 18 SERIAL 33558 del proceso con PID 7848
02 13:41:29:462 Analizado cursor CCARGAPROVEES
02 13:41:29:462 Leidos 1 cursores
01 13:41:29:463 PLSQL: INICIANDO CARGA DE PROVEES EN  V10INTERIN_RDRP
01 13:41:29:464 PLSQL: ERROR CARGANDO PROVEES
01 13:51:29:473 PLSQL: INICIANDO CARGA DE PROVEES EN  V10INTERIN_RDRP
01 13:51:29:476 PLSQL: ERROR CARGANDO PROVEES

00 13:58:39:757 Fichero de log cerrado.

