00 09:10:30:530 Fichero de log abierto PID 1676

02 09:10:30:531 Intentando abrir fichero v10.ini
02 09:10:30:536 Cargando driver v10oracle funcion damedriveroracle
02 09:10:30:962 Conectado a base de datos
02 09:10:30:965 Proceso CARGA_CP encontrado en tabla VDPROCESOS
02 09:10:30:967 Proceso CARGA_CP cargado con función procesoperiodico (Librería VDKERNEL.DLL) direccion 6F892D10
02 09:10:30:967 PLSQL: INICIALIZADO PAQUETE DE LOG EL DIA 06-04-2022
02 09:10:30:980 Actualizado SID 136 SERIAL 11694 del proceso con PID 1676
00 09:10:30:986 Error al abrir fichero inter_codigos_postales.vsq

00 09:52:22:417 Fichero de log cerrado.

00 09:52:38:985 Fichero de log abierto PID 15220

02 09:52:38:987 Intentando abrir fichero v10.ini
02 09:52:38:995 Cargando driver v10oracle funcion damedriveroracle
02 09:52:40:251 Conectado a base de datos
02 09:52:40:252 Proceso CARGA_CP encontrado en tabla VDPROCESOS
02 09:52:40:253 Proceso CARGA_CP cargado con función procesoperiodico (Librería VDKERNEL.DLL) direccion 6F892D10
02 09:52:40:257 PLSQL: INICIALIZADO PAQUETE DE LOG EL DIA 06-04-2022
02 09:52:40:272 Actualizado SID 135 SERIAL 58296 del proceso con PID 15220
00 09:52:40:282 Error al abrir fichero inter_codigos_postales.vsq

00 12:00:01:372 Fichero de log cerrado.

