00 09:22:31:562 Fichero de log abierto PID 7944

02 09:22:31:567 Intentando abrir fichero v10.ini
02 09:22:31:572 Cargando driver v10oracle funcion damedriveroracle
02 09:22:32:066 Conectado a base de datos
02 09:22:32:066 Proceso CARGA_PROVEES encontrado en tabla VDPROCESOS
02 09:22:32:068 Proceso CARGA_PROVEES cargado con función procesoperiodico (Librería VDKERNEL.DLL) direccion 67BB2D10
02 09:22:32:070 PLSQL: INICIALIZADO PAQUETE DE LOG EL DIA 01-07-2022
02 09:22:32:080 Actualizado SID 627 SERIAL 26167 del proceso con PID 7944
02 09:22:32:222 Analizado cursor CCARGAPROVEES
02 09:22:32:223 Leidos 1 cursores
01 09:22:32:225 PLSQL: INICIANDO CARGA DE PROVEES EN  V10INTERIN_RDRP
01 09:22:32:226 PLSQL: ERROR CARGANDO PROVEES
01 09:32:32:238 PLSQL: INICIANDO CARGA DE PROVEES EN  V10INTERIN_RDRP
01 09:32:32:238 PLSQL: ERROR CARGANDO PROVEES
01 09:42:32:263 PLSQL: INICIANDO CARGA DE PROVEES EN  V10INTERIN_RDRP
01 09:42:32:264 PLSQL: ERROR CARGANDO PROVEES
01 09:52:32:278 PLSQL: INICIANDO CARGA DE PROVEES EN  V10INTERIN_RDRP
01 09:52:32:278 PLSQL: ERROR CARGANDO PROVEES
01 10:02:32:290 PLSQL: INICIANDO CARGA DE PROVEES EN  V10INTERIN_RDRP
01 10:02:32:290 PLSQL: ERROR CARGANDO PROVEES
01 10:12:32:311 PLSQL: INICIANDO CARGA DE PROVEES EN  V10INTERIN_RDRP
01 10:12:32:311 PLSQL: ERROR CARGANDO PROVEES
01 10:22:32:319 PLSQL: INICIANDO CARGA DE PROVEES EN  V10INTERIN_RDRP
01 10:22:32:319 PLSQL: ERROR CARGANDO PROVEES
01 10:32:32:332 PLSQL: INICIANDO CARGA DE PROVEES EN  V10INTERIN_RDRP
01 10:32:32:334 PLSQL: ERROR CARGANDO PROVEES
01 10:42:32:348 PLSQL: INICIANDO CARGA DE PROVEES EN  V10INTERIN_RDRP
01 10:42:32:348 PLSQL: ERROR CARGANDO PROVEES
01 10:52:32:367 PLSQL: INICIANDO CARGA DE PROVEES EN  V10INTERIN_RDRP
01 10:52:32:367 PLSQL: ERROR CARGANDO PROVEES
01 11:02:32:382 PLSQL: INICIANDO CARGA DE PROVEES EN  V10INTERIN_RDRP
01 11:02:32:382 PLSQL: ERROR CARGANDO PROVEES
01 11:12:32:389 PLSQL: INICIANDO CARGA DE PROVEES EN  V10INTERIN_RDRP
01 11:12:32:390 PLSQL: ERROR CARGANDO PROVEES
01 11:34:23:187 PLSQL: INICIANDO CARGA DE PROVEES EN  V10INTERIN_RDRP
01 11:34:23:223 PLSQL: ERROR CARGANDO PROVEES
01 11:44:23:249 PLSQL: INICIANDO CARGA DE PROVEES EN  V10INTERIN_RDRP
01 11:44:23:249 PLSQL: ERROR CARGANDO PROVEES
01 11:54:23:267 PLSQL: INICIANDO CARGA DE PROVEES EN  V10INTERIN_RDRP
01 11:54:23:267 PLSQL: ERROR CARGANDO PROVEES
01 12:04:23:274 PLSQL: INICIANDO CARGA DE PROVEES EN  V10INTERIN_RDRP
01 12:04:23:274 PLSQL: ERROR CARGANDO PROVEES
01 12:14:23:316 PLSQL: INICIANDO CARGA DE PROVEES EN  V10INTERIN_RDRP
01 12:14:23:335 PLSQL: ERROR CARGANDO PROVEES
01 12:24:23:363 PLSQL: INICIANDO CARGA DE PROVEES EN  V10INTERIN_RDRP
01 12:24:23:363 PLSQL: ERROR CARGANDO PROVEES
01 12:34:23:391 PLSQL: INICIANDO CARGA DE PROVEES EN  V10INTERIN_RDRP
01 12:34:23:392 PLSQL: ERROR CARGANDO PROVEES
01 12:44:23:426 PLSQL: INICIANDO CARGA DE PROVEES EN  V10INTERIN_RDRP
01 12:44:23:426 PLSQL: ERROR CARGANDO PROVEES
01 12:54:23:446 PLSQL: INICIANDO CARGA DE PROVEES EN  V10INTERIN_RDRP
01 12:54:23:447 PLSQL: ERROR CARGANDO PROVEES
01 13:04:23:456 PLSQL: INICIANDO CARGA DE PROVEES EN  V10INTERIN_RDRP
01 13:04:23:457 PLSQL: ERROR CARGANDO PROVEES

00 13:10:20:345 Fichero de log cerrado.

