00 08:59:48:991 Fichero de log abierto PID 9020

02 08:59:48:992 Intentando abrir fichero v10.ini
02 08:59:48:997 Cargando driver v10oracle funcion damedriveroracle
02 08:59:49:500 Conectado a base de datos
02 08:59:49:501 Proceso CARGA_CLIENTES encontrado en tabla VDPROCESOS
02 08:59:49:502 Proceso CARGA_CLIENTES cargado con función procesoperiodico (Librería VDKERNEL.DLL) direccion 70042D10
02 08:59:49:504 PLSQL: INICIALIZADO PAQUETE DE LOG EL DIA 27-06-2022
02 08:59:49:513 Actualizado SID 136 SERIAL 46345 del proceso con PID 9020
02 08:59:49:515 Analizado cursor CCARGACLIENTES
02 08:59:49:515 Leidos 1 cursores
01 08:59:49:515 PLSQL: INICIANDO CARGA DE CLIENTES EN  V10INTERIN_RDRP
01 08:59:49:517 PLSQL: ERROR CARGANDO CLIENTES
01 09:09:49:533 PLSQL: INICIANDO CARGA DE CLIENTES EN  V10INTERIN_RDRP
01 09:09:49:533 PLSQL: ERROR CARGANDO CLIENTES
01 09:19:49:557 PLSQL: INICIANDO CARGA DE CLIENTES EN  V10INTERIN_RDRP
01 09:19:49:576 PLSQL: ERROR CARGANDO CLIENTES
01 09:29:49:591 PLSQL: INICIANDO CARGA DE CLIENTES EN  V10INTERIN_RDRP
01 09:29:49:593 PLSQL: ERROR CARGANDO CLIENTES
01 09:39:49:606 PLSQL: INICIANDO CARGA DE CLIENTES EN  V10INTERIN_RDRP
01 09:39:49:606 PLSQL: ERROR CARGANDO CLIENTES
01 09:49:49:620 PLSQL: INICIANDO CARGA DE CLIENTES EN  V10INTERIN_RDRP
01 09:49:49:623 PLSQL: ERROR CARGANDO CLIENTES
01 09:59:49:642 PLSQL: INICIANDO CARGA DE CLIENTES EN  V10INTERIN_RDRP
01 09:59:49:642 PLSQL: ERROR CARGANDO CLIENTES
01 10:09:49:676 PLSQL: INICIANDO CARGA DE CLIENTES EN  V10INTERIN_RDRP
01 10:09:49:676 PLSQL: ERROR CARGANDO CLIENTES
01 10:19:48:570 PLSQL: INICIANDO CARGA DE CLIENTES EN  V10INTERIN_RDRP
01 10:19:48:570 PLSQL: ERROR CARGANDO CLIENTES
01 10:29:48:580 PLSQL: INICIANDO CARGA DE CLIENTES EN  V10INTERIN_RDRP
01 10:29:48:581 PLSQL: ERROR CARGANDO CLIENTES
01 10:39:48:598 PLSQL: INICIANDO CARGA DE CLIENTES EN  V10INTERIN_RDRP
01 10:39:48:598 PLSQL: ERROR CARGANDO CLIENTES
01 10:49:48:609 PLSQL: INICIANDO CARGA DE CLIENTES EN  V10INTERIN_RDRP
01 10:49:48:609 PLSQL: ERROR CARGANDO CLIENTES
01 11:00:27:226 PLSQL: INICIANDO CARGA DE CLIENTES EN  V10INTERIN_RDRP
01 11:00:27:236 PLSQL: ERROR CARGANDO CLIENTES
01 11:10:27:242 PLSQL: INICIANDO CARGA DE CLIENTES EN  V10INTERIN_RDRP
01 11:10:27:260 PLSQL: ERROR CARGANDO CLIENTES
01 11:20:27:272 PLSQL: INICIANDO CARGA DE CLIENTES EN  V10INTERIN_RDRP
01 11:20:27:294 PLSQL: ERROR CARGANDO CLIENTES
01 11:30:27:309 PLSQL: INICIANDO CARGA DE CLIENTES EN  V10INTERIN_RDRP
01 11:30:27:326 PLSQL: ERROR CARGANDO CLIENTES
01 11:40:27:345 PLSQL: INICIANDO CARGA DE CLIENTES EN  V10INTERIN_RDRP
01 11:40:27:361 PLSQL: ERROR CARGANDO CLIENTES
01 11:50:27:380 PLSQL: INICIANDO CARGA DE CLIENTES EN  V10INTERIN_RDRP
01 11:50:27:381 PLSQL: ERROR CARGANDO CLIENTES
01 12:00:27:400 PLSQL: INICIANDO CARGA DE CLIENTES EN  V10INTERIN_RDRP
01 12:00:27:417 PLSQL: ERROR CARGANDO CLIENTES
01 12:10:27:429 PLSQL: INICIANDO CARGA DE CLIENTES EN  V10INTERIN_RDRP
01 12:10:27:429 PLSQL: ERROR CARGANDO CLIENTES
01 12:20:27:451 PLSQL: INICIANDO CARGA DE CLIENTES EN  V10INTERIN_RDRP
01 12:20:27:451 PLSQL: ERROR CARGANDO CLIENTES
01 12:30:27:486 PLSQL: INICIANDO CARGA DE CLIENTES EN  V10INTERIN_RDRP
01 12:30:27:504 PLSQL: ERROR CARGANDO CLIENTES
01 12:40:27:515 PLSQL: INICIANDO CARGA DE CLIENTES EN  V10INTERIN_RDRP
01 12:40:27:516 PLSQL: ERROR CARGANDO CLIENTES
01 12:50:27:521 PLSQL: INICIANDO CARGA DE CLIENTES EN  V10INTERIN_RDRP
01 12:50:27:522 PLSQL: ERROR CARGANDO CLIENTES
01 13:00:27:534 PLSQL: INICIANDO CARGA DE CLIENTES EN  V10INTERIN_RDRP
01 13:00:27:534 PLSQL: ERROR CARGANDO CLIENTES
01 13:10:27:546 PLSQL: INICIANDO CARGA DE CLIENTES EN  V10INTERIN_RDRP
01 13:10:27:550 PLSQL: ERROR CARGANDO CLIENTES
01 13:20:27:565 PLSQL: INICIANDO CARGA DE CLIENTES EN  V10INTERIN_RDRP
01 13:20:27:565 PLSQL: ERROR CARGANDO CLIENTES
01 13:30:27:573 PLSQL: INICIANDO CARGA DE CLIENTES EN  V10INTERIN_RDRP
01 13:30:27:573 PLSQL: ERROR CARGANDO CLIENTES
01 13:40:27:597 PLSQL: INICIANDO CARGA DE CLIENTES EN  V10INTERIN_RDRP
01 13:40:27:597 PLSQL: ERROR CARGANDO CLIENTES
01 13:50:27:604 PLSQL: INICIANDO CARGA DE CLIENTES EN  V10INTERIN_RDRP
01 13:50:27:604 PLSQL: ERROR CARGANDO CLIENTES
01 14:00:27:614 PLSQL: INICIANDO CARGA DE CLIENTES EN  V10INTERIN_RDRP
01 14:00:27:614 PLSQL: ERROR CARGANDO CLIENTES
01 14:10:27:627 PLSQL: INICIANDO CARGA DE CLIENTES EN  V10INTERIN_RDRP
01 14:10:27:627 PLSQL: ERROR CARGANDO CLIENTES
01 14:20:27:653 PLSQL: INICIANDO CARGA DE CLIENTES EN  V10INTERIN_RDRP
01 14:20:27:654 PLSQL: ERROR CARGANDO CLIENTES
01 14:30:27:663 PLSQL: INICIANDO CARGA DE CLIENTES EN  V10INTERIN_RDRP
01 14:30:27:663 PLSQL: ERROR CARGANDO CLIENTES
01 14:40:27:680 PLSQL: INICIANDO CARGA DE CLIENTES EN  V10INTERIN_RDRP
01 14:40:27:680 PLSQL: ERROR CARGANDO CLIENTES
01 14:50:27:687 PLSQL: INICIANDO CARGA DE CLIENTES EN  V10INTERIN_RDRP
01 14:50:27:688 PLSQL: ERROR CARGANDO CLIENTES
01 15:00:27:699 PLSQL: INICIANDO CARGA DE CLIENTES EN  V10INTERIN_RDRP
01 15:00:27:699 PLSQL: ERROR CARGANDO CLIENTES
01 15:10:27:706 PLSQL: INICIANDO CARGA DE CLIENTES EN  V10INTERIN_RDRP
01 15:10:27:709 PLSQL: ERROR CARGANDO CLIENTES
01 16:09:06:009 PLSQL: INICIANDO CARGA DE CLIENTES EN  V10INTERIN_RDRP
01 16:09:06:009 PLSQL: ERROR CARGANDO CLIENTES
01 16:19:06:021 PLSQL: INICIANDO CARGA DE CLIENTES EN  V10INTERIN_RDRP
01 16:19:06:022 PLSQL: ERROR CARGANDO CLIENTES
01 16:29:06:046 PLSQL: INICIANDO CARGA DE CLIENTES EN  V10INTERIN_RDRP
01 16:29:06:047 PLSQL: ERROR CARGANDO CLIENTES
01 16:39:06:080 PLSQL: INICIANDO CARGA DE CLIENTES EN  V10INTERIN_RDRP
01 16:39:06:080 PLSQL: ERROR CARGANDO CLIENTES
01 16:49:06:091 PLSQL: INICIANDO CARGA DE CLIENTES EN  V10INTERIN_RDRP
01 16:49:06:092 PLSQL: ERROR CARGANDO CLIENTES
01 16:59:06:108 PLSQL: INICIANDO CARGA DE CLIENTES EN  V10INTERIN_RDRP
01 16:59:06:109 PLSQL: ERROR CARGANDO CLIENTES
01 17:09:06:119 PLSQL: INICIANDO CARGA DE CLIENTES EN  V10INTERIN_RDRP
01 17:09:06:121 PLSQL: ERROR CARGANDO CLIENTES
01 17:19:06:138 PLSQL: INICIANDO CARGA DE CLIENTES EN  V10INTERIN_RDRP
01 17:19:06:138 PLSQL: ERROR CARGANDO CLIENTES
01 17:29:06:179 PLSQL: INICIANDO CARGA DE CLIENTES EN  V10INTERIN_RDRP
01 17:29:06:181 PLSQL: ERROR CARGANDO CLIENTES
01 17:39:06:194 PLSQL: INICIANDO CARGA DE CLIENTES EN  V10INTERIN_RDRP
01 17:39:06:195 PLSQL: ERROR CARGANDO CLIENTES

00 17:47:53:380 Fichero de log cerrado.

00 17:48:08:184 Fichero de log abierto PID 5980

02 17:48:08:187 Intentando abrir fichero v10.ini
02 17:48:08:192 Cargando driver v10oracle funcion damedriveroracle
02 17:48:08:720 Conectado a base de datos
02 17:48:08:720 Proceso CARGA_CLIENTES encontrado en tabla VDPROCESOS
02 17:48:08:722 Proceso CARGA_CLIENTES cargado con función procesoperiodico (Librería VDKERNEL.DLL) direccion 70042D10
02 17:48:08:725 PLSQL: INICIALIZADO PAQUETE DE LOG EL DIA 27-06-2022
02 17:48:08:732 Actualizado SID 623 SERIAL 57328 del proceso con PID 5980
02 17:48:08:740 Analizado cursor CCARGACLIENTES
02 17:48:08:740 Leidos 1 cursores
01 17:48:08:742 PLSQL: INICIANDO CARGA DE CLIENTES EN  V10INTERIN_RDRP
01 17:48:08:743 PLSQL: ERROR CARGANDO CLIENTES

00 17:57:06:537 Fichero de log cerrado.

