00 09:17:44:502 Fichero de log abierto PID 12628

02 09:17:44:502 Intentando abrir fichero v10.ini
02 09:17:44:508 Cargando driver v10oracle funcion damedriveroracle
02 09:17:45:072 Conectado a base de datos
02 09:17:45:072 Proceso CARGA_ARTICULOS encontrado en tabla VDPROCESOS
02 09:17:45:073 Proceso CARGA_ARTICULOS cargado con función procesoperiodico (Librería VDKERNEL.DLL) direccion 6C002D10
02 09:17:45:076 PLSQL: INICIALIZADO PAQUETE DE LOG EL DIA 28-06-2022
02 09:17:45:093 Actualizado SID 746 SERIAL 7751 del proceso con PID 12628
02 09:17:45:100 Analizado cursor CCARGAARTICULOS
02 09:17:45:101 Leidos 1 cursores
01 09:17:45:101 PLSQL: INICIANDO CARGA DE ARTICULOS EN  V10INTERIN_RDRP
01 09:17:45:103 PLSQL: ERROR CARGANDO ARTICULOS
01 09:27:45:118 PLSQL: INICIANDO CARGA DE ARTICULOS EN  V10INTERIN_RDRP
01 09:27:45:119 PLSQL: ERROR CARGANDO ARTICULOS
01 09:37:45:141 PLSQL: INICIANDO CARGA DE ARTICULOS EN  V10INTERIN_RDRP
01 09:37:45:141 PLSQL: ERROR CARGANDO ARTICULOS
00 09:39:35:055 Fichero de log abierto PID 12872

02 09:39:35:057 Intentando abrir fichero v10.ini
02 09:39:35:062 Cargando driver v10oracle funcion damedriveroracle
02 09:39:35:822 Conectado a base de datos
02 09:39:35:823 Proceso CARGA_ARTICULOS encontrado en tabla VDPROCESOS
02 09:39:35:825 Proceso CARGA_ARTICULOS cargado con función procesoperiodico (Librería VDKERNEL.DLL) direccion 6C002D10
02 09:39:35:826 PLSQL: INICIALIZADO PAQUETE DE LOG EL DIA 28-06-2022
02 09:39:35:836 Actualizado SID 633 SERIAL 9980 del proceso con PID 12872
02 09:39:35:837 Analizado cursor CCARGAARTICULOS
02 09:39:35:837 Leidos 1 cursores
01 09:39:35:838 PLSQL: INICIANDO CARGA DE ARTICULOS EN  V10INTERIN_RDRP
01 09:39:35:839 PLSQL: ERROR CARGANDO ARTICULOS
01 09:47:45:160 PLSQL: INICIANDO CARGA DE ARTICULOS EN  V10INTERIN_RDRP
01 09:47:45:160 PLSQL: ERROR CARGANDO ARTICULOS
01 09:49:35:846 PLSQL: INICIANDO CARGA DE ARTICULOS EN  V10INTERIN_RDRP
01 09:49:35:846 PLSQL: ERROR CARGANDO ARTICULOS
01 09:57:45:177 PLSQL: INICIANDO CARGA DE ARTICULOS EN  V10INTERIN_RDRP
01 09:57:45:177 PLSQL: ERROR CARGANDO ARTICULOS
01 09:59:35:860 PLSQL: INICIANDO CARGA DE ARTICULOS EN  V10INTERIN_RDRP
01 09:59:35:860 PLSQL: ERROR CARGANDO ARTICULOS
01 10:07:45:189 PLSQL: INICIANDO CARGA DE ARTICULOS EN  V10INTERIN_RDRP
01 10:07:45:189 PLSQL: ERROR CARGANDO ARTICULOS
01 10:09:35:871 PLSQL: INICIANDO CARGA DE ARTICULOS EN  V10INTERIN_RDRP
01 10:09:35:871 PLSQL: ERROR CARGANDO ARTICULOS
01 10:17:45:201 PLSQL: INICIANDO CARGA DE ARTICULOS EN  V10INTERIN_RDRP
01 10:17:45:201 PLSQL: ERROR CARGANDO ARTICULOS
01 10:19:35:880 PLSQL: INICIANDO CARGA DE ARTICULOS EN  V10INTERIN_RDRP
01 10:19:35:880 PLSQL: ERROR CARGANDO ARTICULOS
01 10:27:45:219 PLSQL: INICIANDO CARGA DE ARTICULOS EN  V10INTERIN_RDRP
01 10:27:45:219 PLSQL: ERROR CARGANDO ARTICULOS
01 10:29:35:899 PLSQL: INICIANDO CARGA DE ARTICULOS EN  V10INTERIN_RDRP
01 10:29:35:899 PLSQL: ERROR CARGANDO ARTICULOS
01 10:37:45:235 PLSQL: INICIANDO CARGA DE ARTICULOS EN  V10INTERIN_RDRP
01 10:37:45:235 PLSQL: ERROR CARGANDO ARTICULOS
01 10:39:35:910 PLSQL: INICIANDO CARGA DE ARTICULOS EN  V10INTERIN_RDRP
01 10:39:35:910 PLSQL: ERROR CARGANDO ARTICULOS
01 10:47:45:246 PLSQL: INICIANDO CARGA DE ARTICULOS EN  V10INTERIN_RDRP
01 10:47:45:246 PLSQL: ERROR CARGANDO ARTICULOS
01 11:10:26:526 PLSQL: INICIANDO CARGA DE ARTICULOS EN  V10INTERIN_RDRP
01 11:10:26:528 PLSQL: ERROR CARGANDO ARTICULOS
01 11:10:26:537 PLSQL: INICIANDO CARGA DE ARTICULOS EN  V10INTERIN_RDRP
01 11:10:26:580 PLSQL: ERROR CARGANDO ARTICULOS
01 11:20:26:539 PLSQL: INICIANDO CARGA DE ARTICULOS EN  V10INTERIN_RDRP
01 11:20:26:539 PLSQL: ERROR CARGANDO ARTICULOS
01 11:20:26:585 PLSQL: INICIANDO CARGA DE ARTICULOS EN  V10INTERIN_RDRP
01 11:20:26:586 PLSQL: ERROR CARGANDO ARTICULOS
01 11:30:26:559 PLSQL: INICIANDO CARGA DE ARTICULOS EN  V10INTERIN_RDRP
01 11:30:26:559 PLSQL: ERROR CARGANDO ARTICULOS
01 11:30:26:593 PLSQL: INICIANDO CARGA DE ARTICULOS EN  V10INTERIN_RDRP
01 11:30:26:595 PLSQL: ERROR CARGANDO ARTICULOS
01 11:40:26:590 PLSQL: INICIANDO CARGA DE ARTICULOS EN  V10INTERIN_RDRP
01 11:40:26:590 PLSQL: ERROR CARGANDO ARTICULOS
01 11:40:26:607 PLSQL: INICIANDO CARGA DE ARTICULOS EN  V10INTERIN_RDRP
01 11:40:26:608 PLSQL: ERROR CARGANDO ARTICULOS
01 11:50:26:610 PLSQL: INICIANDO CARGA DE ARTICULOS EN  V10INTERIN_RDRP
01 11:50:26:612 PLSQL: ERROR CARGANDO ARTICULOS
01 11:50:26:629 PLSQL: INICIANDO CARGA DE ARTICULOS EN  V10INTERIN_RDRP
01 11:50:26:629 PLSQL: ERROR CARGANDO ARTICULOS
01 12:00:26:637 PLSQL: INICIANDO CARGA DE ARTICULOS EN  V10INTERIN_RDRP
01 12:00:26:637 PLSQL: ERROR CARGANDO ARTICULOS
01 12:00:26:637 PLSQL: INICIANDO CARGA DE ARTICULOS EN  V10INTERIN_RDRP
01 12:00:26:653 PLSQL: ERROR CARGANDO ARTICULOS
01 12:10:26:656 PLSQL: INICIANDO CARGA DE ARTICULOS EN  V10INTERIN_RDRP
01 12:10:26:656 PLSQL: ERROR CARGANDO ARTICULOS
01 12:10:26:673 PLSQL: INICIANDO CARGA DE ARTICULOS EN  V10INTERIN_RDRP
01 12:10:26:673 PLSQL: ERROR CARGANDO ARTICULOS

00 12:12:08:724 Fichero de log cerrado.

00 12:12:21:879 Fichero de log abierto PID 12356

02 12:12:21:880 Intentando abrir fichero v10.ini
02 12:12:21:885 Cargando driver v10oracle funcion damedriveroracle
02 12:12:22:537 Conectado a base de datos
02 12:12:22:539 Proceso CARGA_ARTICULOS encontrado en tabla VDPROCESOS
02 12:12:22:539 Proceso CARGA_ARTICULOS cargado con función procesoperiodico (Librería VDKERNEL.DLL) direccion 6C002D10
02 12:12:22:541 PLSQL: INICIALIZADO PAQUETE DE LOG EL DIA 28-06-2022
02 12:12:22:550 Actualizado SID 870 SERIAL 56030 del proceso con PID 12356
02 12:12:22:550 Analizado cursor CCARGAARTICULOS
02 12:12:22:550 Leidos 1 cursores
01 12:12:22:552 PLSQL: INICIANDO CARGA DE ARTICULOS EN  V10INTERIN_RDRP
01 12:12:22:554 PLSQL: ERROR CARGANDO ARTICULOS

00 12:17:16:447 Fichero de log cerrado.

00 12:17:33:527 Fichero de log abierto PID 2228

02 12:17:33:527 Intentando abrir fichero v10.ini
02 12:17:33:535 Cargando driver v10oracle funcion damedriveroracle
02 12:17:34:319 Conectado a base de datos
02 12:17:34:322 Proceso CARGA_ARTICULOS encontrado en tabla VDPROCESOS
02 12:17:34:322 Proceso CARGA_ARTICULOS cargado con función procesoperiodico (Librería VDKERNEL.DLL) direccion 6C002D10
02 12:17:34:324 PLSQL: INICIALIZADO PAQUETE DE LOG EL DIA 28-06-2022
02 12:17:34:335 Actualizado SID 633 SERIAL 25144 del proceso con PID 2228
02 12:17:34:335 Analizado cursor CCARGAARTICULOS
02 12:17:34:335 Leidos 1 cursores
01 12:17:34:336 PLSQL: INICIANDO CARGA DE ARTICULOS EN  V10INTERIN_RDRP
01 12:17:34:337 PLSQL: ERROR CARGANDO ARTICULOS
01 12:20:26:687 PLSQL: INICIANDO CARGA DE ARTICULOS EN  V10INTERIN_RDRP
01 12:20:26:689 PLSQL: ERROR CARGANDO ARTICULOS
01 12:27:34:355 PLSQL: INICIANDO CARGA DE ARTICULOS EN  V10INTERIN_RDRP
01 12:27:34:355 PLSQL: ERROR CARGANDO ARTICULOS
01 12:30:26:704 PLSQL: INICIANDO CARGA DE ARTICULOS EN  V10INTERIN_RDRP
01 12:30:26:704 PLSQL: ERROR CARGANDO ARTICULOS
01 12:41:29:216 PLSQL: INICIANDO CARGA DE ARTICULOS EN  V10INTERIN_RDRP
01 12:41:29:216 PLSQL: ERROR CARGANDO ARTICULOS
01 12:41:29:216 PLSQL: INICIANDO CARGA DE ARTICULOS EN  V10INTERIN_RDRP
01 12:41:29:246 PLSQL: ERROR CARGANDO ARTICULOS

00 12:42:30:060 Fichero de log cerrado.

00 12:42:45:350 Fichero de log abierto PID 15688

02 12:42:45:352 Intentando abrir fichero v10.ini
02 12:42:45:359 Cargando driver v10oracle funcion damedriveroracle
02 12:42:45:915 Conectado a base de datos
02 12:42:45:915 Proceso CARGA_ARTICULOS encontrado en tabla VDPROCESOS
02 12:42:45:917 Proceso CARGA_ARTICULOS cargado con función procesoperiodico (Librería VDKERNEL.DLL) direccion 6C002D10
02 12:42:45:918 PLSQL: INICIALIZADO PAQUETE DE LOG EL DIA 28-06-2022
02 12:42:45:927 Actualizado SID 869 SERIAL 56806 del proceso con PID 15688
02 12:42:45:929 Analizado cursor CCARGAARTICULOS
02 12:42:45:929 Leidos 1 cursores
01 12:42:45:929 PLSQL: INICIANDO CARGA DE ARTICULOS EN  V10INTERIN_RDRP
01 12:42:45:931 PLSQL: ERROR CARGANDO ARTICULOS
01 12:51:29:233 PLSQL: INICIANDO CARGA DE ARTICULOS EN  V10INTERIN_RDRP
01 12:51:29:235 PLSQL: ERROR CARGANDO ARTICULOS
01 12:52:45:938 PLSQL: INICIANDO CARGA DE ARTICULOS EN  V10INTERIN_RDRP
01 12:52:45:939 PLSQL: ERROR CARGANDO ARTICULOS
01 13:01:29:247 PLSQL: INICIANDO CARGA DE ARTICULOS EN  V10INTERIN_RDRP
01 13:01:29:248 PLSQL: ERROR CARGANDO ARTICULOS
01 13:02:45:948 PLSQL: INICIANDO CARGA DE ARTICULOS EN  V10INTERIN_RDRP
01 13:02:45:948 PLSQL: ERROR CARGANDO ARTICULOS
01 13:11:29:252 PLSQL: INICIANDO CARGA DE ARTICULOS EN  V10INTERIN_RDRP
01 13:11:29:254 PLSQL: ERROR CARGANDO ARTICULOS
01 13:12:45:952 PLSQL: INICIANDO CARGA DE ARTICULOS EN  V10INTERIN_RDRP
01 13:12:45:954 PLSQL: ERROR CARGANDO ARTICULOS
01 13:21:29:257 PLSQL: INICIANDO CARGA DE ARTICULOS EN  V10INTERIN_RDRP
01 13:21:29:257 PLSQL: ERROR CARGANDO ARTICULOS
01 13:22:45:968 PLSQL: INICIANDO CARGA DE ARTICULOS EN  V10INTERIN_RDRP
01 13:22:45:969 PLSQL: ERROR CARGANDO ARTICULOS
01 13:31:29:276 PLSQL: INICIANDO CARGA DE ARTICULOS EN  V10INTERIN_RDRP
01 13:31:29:276 PLSQL: ERROR CARGANDO ARTICULOS
01 13:32:45:974 PLSQL: INICIANDO CARGA DE ARTICULOS EN  V10INTERIN_RDRP
01 13:32:45:975 PLSQL: ERROR CARGANDO ARTICULOS

00 13:34:12:797 Fichero de log cerrado.

00 13:34:39:559 Fichero de log abierto PID 15444

02 13:34:39:560 Intentando abrir fichero v10.ini
02 13:34:39:567 Cargando driver v10oracle funcion damedriveroracle
02 13:34:40:489 Conectado a base de datos
02 13:34:40:490 Proceso CARGA_ARTICULOS encontrado en tabla VDPROCESOS
02 13:34:40:492 Proceso CARGA_ARTICULOS cargado con función procesoperiodico (Librería VDKERNEL.DLL) direccion 6C002D10
02 13:34:40:494 PLSQL: INICIALIZADO PAQUETE DE LOG EL DIA 28-06-2022
02 13:34:40:505 Actualizado SID 128 SERIAL 58147 del proceso con PID 15444
02 13:34:40:505 Analizado cursor CCARGAARTICULOS
02 13:34:40:505 Leidos 1 cursores
01 13:34:40:507 PLSQL: INICIANDO CARGA DE ARTICULOS EN  V10INTERIN_RDRP
01 13:34:40:509 PLSQL: ERROR CARGANDO ARTICULOS

00 13:35:55:742 Fichero de log cerrado.

00 13:36:00:182 Fichero de log abierto PID 6036

02 13:36:00:185 Intentando abrir fichero v10.ini
02 13:36:00:190 Cargando driver v10oracle funcion damedriveroracle
02 13:36:01:139 Conectado a base de datos
02 13:36:01:140 Proceso CARGA_ARTICULOS encontrado en tabla VDPROCESOS
02 13:36:01:142 Proceso CARGA_ARTICULOS cargado con función procesoperiodico (Librería VDKERNEL.DLL) direccion 6C002D10
02 13:36:01:142 PLSQL: INICIALIZADO PAQUETE DE LOG EL DIA 28-06-2022
02 13:36:01:154 Actualizado SID 870 SERIAL 4025 del proceso con PID 6036
02 13:36:01:155 Analizado cursor CCARGAARTICULOS
02 13:36:01:155 Leidos 1 cursores
01 13:36:01:155 PLSQL: INICIANDO CARGA DE ARTICULOS EN  V10INTERIN_RDRP
01 13:36:01:157 PLSQL: ERROR CARGANDO ARTICULOS

00 13:36:42:907 Fichero de log cerrado.

01 13:41:29:290 PLSQL: INICIANDO CARGA DE ARTICULOS EN  V10INTERIN_RDRP
01 13:41:29:292 PLSQL: ERROR CARGANDO ARTICULOS
00 13:44:14:309 Fichero de log abierto PID 11284

02 13:44:14:310 Intentando abrir fichero v10.ini
02 13:44:14:315 Cargando driver v10oracle funcion damedriveroracle
02 13:44:14:989 Conectado a base de datos
02 13:44:14:992 Proceso CARGA_ARTICULOS encontrado en tabla VDPROCESOS
02 13:44:14:992 Proceso CARGA_ARTICULOS cargado con función procesoperiodico (Librería VDKERNEL.DLL) direccion 6C002D10
02 13:44:14:995 PLSQL: INICIALIZADO PAQUETE DE LOG EL DIA 28-06-2022
02 13:44:15:005 Actualizado SID 261 SERIAL 1797 del proceso con PID 11284
02 13:44:15:005 Analizado cursor CCARGAARTICULOS
02 13:44:15:005 Leidos 1 cursores
01 13:44:15:007 PLSQL: INICIANDO CARGA DE ARTICULOS EN  V10INTERIN_RDRP
01 13:44:15:009 PLSQL: ERROR CARGANDO ARTICULOS
01 13:51:29:310 PLSQL: INICIANDO CARGA DE ARTICULOS EN  V10INTERIN_RDRP
01 13:51:29:310 PLSQL: ERROR CARGANDO ARTICULOS
01 13:54:15:014 PLSQL: INICIANDO CARGA DE ARTICULOS EN  V10INTERIN_RDRP
01 13:54:15:014 PLSQL: ERROR CARGANDO ARTICULOS
01 14:01:29:329 PLSQL: INICIANDO CARGA DE ARTICULOS EN  V10INTERIN_RDRP
01 14:01:29:329 PLSQL: ERROR CARGANDO ARTICULOS
01 14:04:15:023 PLSQL: INICIANDO CARGA DE ARTICULOS EN  V10INTERIN_RDRP
01 14:04:15:023 PLSQL: ERROR CARGANDO ARTICULOS
01 14:11:29:344 PLSQL: INICIANDO CARGA DE ARTICULOS EN  V10INTERIN_RDRP
01 14:11:29:344 PLSQL: ERROR CARGANDO ARTICULOS
01 14:14:15:042 PLSQL: INICIANDO CARGA DE ARTICULOS EN  V10INTERIN_RDRP
01 14:14:15:042 PLSQL: ERROR CARGANDO ARTICULOS
01 14:21:29:354 PLSQL: INICIANDO CARGA DE ARTICULOS EN  V10INTERIN_RDRP
01 14:21:29:354 PLSQL: ERROR CARGANDO ARTICULOS
01 14:24:15:062 PLSQL: INICIANDO CARGA DE ARTICULOS EN  V10INTERIN_RDRP
01 14:24:15:062 PLSQL: ERROR CARGANDO ARTICULOS
01 14:31:29:368 PLSQL: INICIANDO CARGA DE ARTICULOS EN  V10INTERIN_RDRP
01 14:31:29:370 PLSQL: ERROR CARGANDO ARTICULOS
01 14:34:15:083 PLSQL: INICIANDO CARGA DE ARTICULOS EN  V10INTERIN_RDRP
01 14:34:15:083 PLSQL: ERROR CARGANDO ARTICULOS
01 14:41:29:377 PLSQL: INICIANDO CARGA DE ARTICULOS EN  V10INTERIN_RDRP
01 14:41:29:378 PLSQL: ERROR CARGANDO ARTICULOS
01 14:44:15:097 PLSQL: INICIANDO CARGA DE ARTICULOS EN  V10INTERIN_RDRP
01 14:44:15:097 PLSQL: ERROR CARGANDO ARTICULOS

00 14:45:59:844 Fichero de log cerrado.

00 14:46:22:780 Fichero de log abierto PID 8036

02 14:46:22:782 Intentando abrir fichero v10.ini
02 14:46:22:789 Cargando driver v10oracle funcion damedriveroracle
02 14:46:23:574 Conectado a base de datos
02 14:46:23:574 Proceso CARGA_ARTICULOS encontrado en tabla VDPROCESOS
02 14:46:23:577 Proceso CARGA_ARTICULOS cargado con función procesoperiodico (Librería VDKERNEL.DLL) direccion 6C002D10
02 14:46:23:578 PLSQL: INICIALIZADO PAQUETE DE LOG EL DIA 28-06-2022
02 14:46:23:589 Actualizado SID 868 SERIAL 49734 del proceso con PID 8036
02 14:46:23:590 Analizado cursor CCARGAARTICULOS
02 14:46:23:590 Leidos 1 cursores
01 14:46:23:590 PLSQL: INICIANDO CARGA DE ARTICULOS EN  V10INTERIN_RDRP
01 14:46:23:592 PLSQL: ERROR CARGANDO ARTICULOS
01 14:51:29:399 PLSQL: INICIANDO CARGA DE ARTICULOS EN  V10INTERIN_RDRP
01 14:51:29:399 PLSQL: ERROR CARGANDO ARTICULOS
01 14:56:23:599 PLSQL: INICIANDO CARGA DE ARTICULOS EN  V10INTERIN_RDRP
01 14:56:23:599 PLSQL: ERROR CARGANDO ARTICULOS
01 15:01:29:416 PLSQL: INICIANDO CARGA DE ARTICULOS EN  V10INTERIN_RDRP
01 15:01:29:417 PLSQL: ERROR CARGANDO ARTICULOS
01 15:06:23:618 PLSQL: INICIANDO CARGA DE ARTICULOS EN  V10INTERIN_RDRP
01 15:06:23:618 PLSQL: ERROR CARGANDO ARTICULOS
01 15:11:29:434 PLSQL: INICIANDO CARGA DE ARTICULOS EN  V10INTERIN_RDRP
01 15:11:29:434 PLSQL: ERROR CARGANDO ARTICULOS
01 15:16:23:646 PLSQL: INICIANDO CARGA DE ARTICULOS EN  V10INTERIN_RDRP
01 15:16:23:647 PLSQL: ERROR CARGANDO ARTICULOS
01 15:51:50:813 PLSQL: INICIANDO CARGA DE ARTICULOS EN  V10INTERIN_RDRP
01 15:51:50:815 PLSQL: ERROR CARGANDO ARTICULOS
01 15:51:50:815 PLSQL: INICIANDO CARGA DE ARTICULOS EN  V10INTERIN_RDRP
01 15:51:50:825 PLSQL: ERROR CARGANDO ARTICULOS
01 16:01:50:833 PLSQL: INICIANDO CARGA DE ARTICULOS EN  V10INTERIN_RDRP
01 16:01:50:833 PLSQL: ERROR CARGANDO ARTICULOS
01 16:01:50:833 PLSQL: INICIANDO CARGA DE ARTICULOS EN  V10INTERIN_RDRP
01 16:01:50:833 PLSQL: ERROR CARGANDO ARTICULOS
01 16:11:50:837 PLSQL: INICIANDO CARGA DE ARTICULOS EN  V10INTERIN_RDRP
01 16:11:50:840 PLSQL: ERROR CARGANDO ARTICULOS
01 16:11:50:854 PLSQL: INICIANDO CARGA DE ARTICULOS EN  V10INTERIN_RDRP
01 16:11:50:855 PLSQL: ERROR CARGANDO ARTICULOS
01 16:21:50:849 PLSQL: INICIANDO CARGA DE ARTICULOS EN  V10INTERIN_RDRP
01 16:21:50:851 PLSQL: ERROR CARGANDO ARTICULOS
01 16:21:50:880 PLSQL: INICIANDO CARGA DE ARTICULOS EN  V10INTERIN_RDRP
01 16:21:50:881 PLSQL: ERROR CARGANDO ARTICULOS
01 16:31:50:864 PLSQL: INICIANDO CARGA DE ARTICULOS EN  V10INTERIN_RDRP
01 16:31:50:864 PLSQL: ERROR CARGANDO ARTICULOS
01 16:31:50:898 PLSQL: INICIANDO CARGA DE ARTICULOS EN  V10INTERIN_RDRP
01 16:31:50:898 PLSQL: ERROR CARGANDO ARTICULOS
01 16:41:50:874 PLSQL: INICIANDO CARGA DE ARTICULOS EN  V10INTERIN_RDRP
01 16:41:50:874 PLSQL: ERROR CARGANDO ARTICULOS
01 16:41:50:907 PLSQL: INICIANDO CARGA DE ARTICULOS EN  V10INTERIN_RDRP
01 16:41:50:907 PLSQL: ERROR CARGANDO ARTICULOS
01 16:51:50:889 PLSQL: INICIANDO CARGA DE ARTICULOS EN  V10INTERIN_RDRP
01 16:51:50:891 PLSQL: ERROR CARGANDO ARTICULOS
01 16:51:50:913 PLSQL: INICIANDO CARGA DE ARTICULOS EN  V10INTERIN_RDRP
01 16:51:50:916 PLSQL: ERROR CARGANDO ARTICULOS
01 17:01:50:894 PLSQL: INICIANDO CARGA DE ARTICULOS EN  V10INTERIN_RDRP
01 17:01:50:896 PLSQL: ERROR CARGANDO ARTICULOS
01 17:01:50:929 PLSQL: INICIANDO CARGA DE ARTICULOS EN  V10INTERIN_RDRP
01 17:01:50:929 PLSQL: ERROR CARGANDO ARTICULOS
01 17:11:50:911 PLSQL: INICIANDO CARGA DE ARTICULOS EN  V10INTERIN_RDRP
01 17:11:50:911 PLSQL: ERROR CARGANDO ARTICULOS
01 17:11:50:946 PLSQL: INICIANDO CARGA DE ARTICULOS EN  V10INTERIN_RDRP
01 17:11:50:946 PLSQL: ERROR CARGANDO ARTICULOS
01 17:21:50:927 PLSQL: INICIANDO CARGA DE ARTICULOS EN  V10INTERIN_RDRP
01 17:21:50:927 PLSQL: ERROR CARGANDO ARTICULOS
01 17:21:50:965 PLSQL: INICIANDO CARGA DE ARTICULOS EN  V10INTERIN_RDRP
01 17:21:50:965 PLSQL: ERROR CARGANDO ARTICULOS
01 17:31:50:933 PLSQL: INICIANDO CARGA DE ARTICULOS EN  V10INTERIN_RDRP
01 17:31:50:933 PLSQL: ERROR CARGANDO ARTICULOS
01 17:31:50:986 PLSQL: INICIANDO CARGA DE ARTICULOS EN  V10INTERIN_RDRP
01 17:31:50:990 PLSQL: ERROR CARGANDO ARTICULOS
01 17:41:50:942 PLSQL: INICIANDO CARGA DE ARTICULOS EN  V10INTERIN_RDRP
01 17:41:50:942 PLSQL: ERROR CARGANDO ARTICULOS
01 17:41:51:009 PLSQL: INICIANDO CARGA DE ARTICULOS EN  V10INTERIN_RDRP
01 17:41:51:009 PLSQL: ERROR CARGANDO ARTICULOS
01 17:51:50:947 PLSQL: INICIANDO CARGA DE ARTICULOS EN  V10INTERIN_RDRP
01 17:51:50:948 PLSQL: ERROR CARGANDO ARTICULOS
01 17:51:51:023 PLSQL: INICIANDO CARGA DE ARTICULOS EN  V10INTERIN_RDRP
01 17:51:51:026 PLSQL: ERROR CARGANDO ARTICULOS

00 17:58:49:100 Fichero de log cerrado.


00 17:58:53:192 Fichero de log cerrado.

