00 09:05:27:583 Fichero de log abierto PID 15508

02 09:05:27:586 Intentando abrir fichero v10.ini
02 09:05:27:595 Cargando driver v10oracle funcion damedriveroracle
02 09:05:28:482 Conectado a base de datos
02 09:05:28:485 Proceso CARGA_ARTICULOS encontrado en tabla VDPROCESOS
02 09:05:28:485 Proceso CARGA_ARTICULOS cargado con función procesoperiodico (Librería VDKERNEL.DLL) direccion 6FFE2D10
02 09:05:28:487 PLSQL: INICIALIZADO PAQUETE DE LOG EL DIA 21-03-2022
02 09:05:28:497 Actualizado SID 135 SERIAL 9913 del proceso con PID 15508
02 09:05:28:503 Analizado cursor CCARGAARTICULOS
02 09:05:28:503 Leidos 1 cursores
01 09:05:28:505 PLSQL: INICIANDO CARGA DE ARTICULOS EN  V10INTERIN_RDRP
01 09:05:28:506 PLSQL: ERROR CARGANDO ARTICULOS
01 09:15:28:516 PLSQL: INICIANDO CARGA DE ARTICULOS EN  V10INTERIN_RDRP
01 09:15:28:516 PLSQL: ERROR CARGANDO ARTICULOS
01 09:25:28:534 PLSQL: INICIANDO CARGA DE ARTICULOS EN  V10INTERIN_RDRP
01 09:25:28:534 PLSQL: ERROR CARGANDO ARTICULOS
01 09:35:28:543 PLSQL: INICIANDO CARGA DE ARTICULOS EN  V10INTERIN_RDRP
01 09:35:28:545 PLSQL: ERROR CARGANDO ARTICULOS
01 09:45:28:558 PLSQL: INICIANDO CARGA DE ARTICULOS EN  V10INTERIN_RDRP
01 09:45:28:560 PLSQL: ERROR CARGANDO ARTICULOS
01 09:55:28:576 PLSQL: INICIANDO CARGA DE ARTICULOS EN  V10INTERIN_RDRP
01 09:55:28:578 PLSQL: ERROR CARGANDO ARTICULOS
01 10:05:28:592 PLSQL: INICIANDO CARGA DE ARTICULOS EN  V10INTERIN_RDRP
01 10:05:28:593 PLSQL: ERROR CARGANDO ARTICULOS
01 10:15:28:601 PLSQL: INICIANDO CARGA DE ARTICULOS EN  V10INTERIN_RDRP
01 10:15:28:602 PLSQL: ERROR CARGANDO ARTICULOS
01 10:25:28:610 PLSQL: INICIANDO CARGA DE ARTICULOS EN  V10INTERIN_RDRP
01 10:25:28:611 PLSQL: ERROR CARGANDO ARTICULOS
01 10:35:28:613 PLSQL: INICIANDO CARGA DE ARTICULOS EN  V10INTERIN_RDRP
01 10:35:28:615 PLSQL: ERROR CARGANDO ARTICULOS
01 10:45:28:627 PLSQL: INICIANDO CARGA DE ARTICULOS EN  V10INTERIN_RDRP
01 10:45:28:628 PLSQL: ERROR CARGANDO ARTICULOS
01 10:55:28:634 PLSQL: INICIANDO CARGA DE ARTICULOS EN  V10INTERIN_RDRP
01 10:55:28:636 PLSQL: ERROR CARGANDO ARTICULOS
01 11:05:24:177 PLSQL: INICIANDO CARGA DE ARTICULOS EN  V10INTERIN_RDRP
01 11:05:24:178 PLSQL: ERROR CARGANDO ARTICULOS
01 11:15:24:192 PLSQL: INICIANDO CARGA DE ARTICULOS EN  V10INTERIN_RDRP
01 11:15:24:194 PLSQL: ERROR CARGANDO ARTICULOS
01 11:25:24:209 PLSQL: INICIANDO CARGA DE ARTICULOS EN  V10INTERIN_RDRP
01 11:25:24:211 PLSQL: ERROR CARGANDO ARTICULOS
01 11:35:24:224 PLSQL: INICIANDO CARGA DE ARTICULOS EN  V10INTERIN_RDRP
01 11:35:24:226 PLSQL: ERROR CARGANDO ARTICULOS
01 11:45:24:229 PLSQL: INICIANDO CARGA DE ARTICULOS EN  V10INTERIN_RDRP
01 11:45:24:245 PLSQL: ERROR CARGANDO ARTICULOS
01 11:55:24:263 PLSQL: INICIANDO CARGA DE ARTICULOS EN  V10INTERIN_RDRP
01 11:55:24:265 PLSQL: ERROR CARGANDO ARTICULOS
01 12:05:24:268 PLSQL: INICIANDO CARGA DE ARTICULOS EN  V10INTERIN_RDRP
01 12:05:24:270 PLSQL: ERROR CARGANDO ARTICULOS
01 12:29:59:706 PLSQL: INICIANDO CARGA DE ARTICULOS EN  V10INTERIN_RDRP
01 12:29:59:706 PLSQL: ERROR CARGANDO ARTICULOS
01 12:39:59:732 PLSQL: INICIANDO CARGA DE ARTICULOS EN  V10INTERIN_RDRP
01 12:39:59:733 PLSQL: ERROR CARGANDO ARTICULOS
01 12:49:59:749 PLSQL: INICIANDO CARGA DE ARTICULOS EN  V10INTERIN_RDRP
01 12:49:59:749 PLSQL: ERROR CARGANDO ARTICULOS
01 12:59:59:764 PLSQL: INICIANDO CARGA DE ARTICULOS EN  V10INTERIN_RDRP
01 12:59:59:764 PLSQL: ERROR CARGANDO ARTICULOS
01 13:09:59:772 PLSQL: INICIANDO CARGA DE ARTICULOS EN  V10INTERIN_RDRP
01 13:09:59:774 PLSQL: ERROR CARGANDO ARTICULOS
01 13:19:59:779 PLSQL: INICIANDO CARGA DE ARTICULOS EN  V10INTERIN_RDRP
01 13:19:59:781 PLSQL: ERROR CARGANDO ARTICULOS
01 13:29:59:801 PLSQL: INICIANDO CARGA DE ARTICULOS EN  V10INTERIN_RDRP
01 13:29:59:804 PLSQL: ERROR CARGANDO ARTICULOS
01 13:39:59:815 PLSQL: INICIANDO CARGA DE ARTICULOS EN  V10INTERIN_RDRP
01 13:39:59:818 PLSQL: ERROR CARGANDO ARTICULOS
01 13:49:59:820 PLSQL: INICIANDO CARGA DE ARTICULOS EN  V10INTERIN_RDRP
01 13:49:59:821 PLSQL: ERROR CARGANDO ARTICULOS
01 13:59:59:829 PLSQL: INICIANDO CARGA DE ARTICULOS EN  V10INTERIN_RDRP
01 13:59:59:831 PLSQL: ERROR CARGANDO ARTICULOS
01 14:09:59:838 PLSQL: INICIANDO CARGA DE ARTICULOS EN  V10INTERIN_RDRP
01 14:09:59:841 PLSQL: ERROR CARGANDO ARTICULOS
01 14:19:59:846 PLSQL: INICIANDO CARGA DE ARTICULOS EN  V10INTERIN_RDRP
01 14:19:59:847 PLSQL: ERROR CARGANDO ARTICULOS
01 14:29:59:853 PLSQL: INICIANDO CARGA DE ARTICULOS EN  V10INTERIN_RDRP
01 14:29:59:854 PLSQL: ERROR CARGANDO ARTICULOS
01 15:28:02:784 PLSQL: INICIANDO CARGA DE ARTICULOS EN  V10INTERIN_RDRP
01 15:28:02:785 PLSQL: ERROR CARGANDO ARTICULOS
01 15:38:02:801 PLSQL: INICIANDO CARGA DE ARTICULOS EN  V10INTERIN_RDRP
01 15:38:02:802 PLSQL: ERROR CARGANDO ARTICULOS
01 15:48:02:825 PLSQL: INICIANDO CARGA DE ARTICULOS EN  V10INTERIN_RDRP
01 15:48:02:841 PLSQL: ERROR CARGANDO ARTICULOS
01 15:58:02:866 PLSQL: INICIANDO CARGA DE ARTICULOS EN  V10INTERIN_RDRP
01 15:58:02:882 PLSQL: ERROR CARGANDO ARTICULOS
01 16:08:02:909 PLSQL: INICIANDO CARGA DE ARTICULOS EN  V10INTERIN_RDRP
01 16:08:02:910 PLSQL: ERROR CARGANDO ARTICULOS
01 16:18:02:945 PLSQL: INICIANDO CARGA DE ARTICULOS EN  V10INTERIN_RDRP
01 16:18:02:948 PLSQL: ERROR CARGANDO ARTICULOS
01 16:28:02:957 PLSQL: INICIANDO CARGA DE ARTICULOS EN  V10INTERIN_RDRP
01 16:28:02:959 PLSQL: ERROR CARGANDO ARTICULOS
01 16:38:02:974 PLSQL: INICIANDO CARGA DE ARTICULOS EN  V10INTERIN_RDRP
01 16:38:02:975 PLSQL: ERROR CARGANDO ARTICULOS
01 16:48:02:986 PLSQL: INICIANDO CARGA DE ARTICULOS EN  V10INTERIN_RDRP
01 16:48:02:988 PLSQL: ERROR CARGANDO ARTICULOS
01 16:58:02:994 PLSQL: INICIANDO CARGA DE ARTICULOS EN  V10INTERIN_RDRP
01 16:58:02:995 PLSQL: ERROR CARGANDO ARTICULOS
01 17:08:03:010 PLSQL: INICIANDO CARGA DE ARTICULOS EN  V10INTERIN_RDRP
01 17:08:03:011 PLSQL: ERROR CARGANDO ARTICULOS
01 17:18:03:027 PLSQL: INICIANDO CARGA DE ARTICULOS EN  V10INTERIN_RDRP
01 17:18:03:047 PLSQL: ERROR CARGANDO ARTICULOS
01 17:28:03:054 PLSQL: INICIANDO CARGA DE ARTICULOS EN  V10INTERIN_RDRP
01 17:28:03:054 PLSQL: ERROR CARGANDO ARTICULOS
01 17:38:03:085 PLSQL: INICIANDO CARGA DE ARTICULOS EN  V10INTERIN_RDRP
01 17:38:03:107 PLSQL: ERROR CARGANDO ARTICULOS
01 17:48:03:124 PLSQL: INICIANDO CARGA DE ARTICULOS EN  V10INTERIN_RDRP
01 17:48:03:142 PLSQL: ERROR CARGANDO ARTICULOS

00 17:53:19:355 Fichero de log cerrado.

00 17:53:20:672 Fichero de log abierto PID 3348

02 17:53:20:675 Intentando abrir fichero v10.ini
02 17:53:20:690 Cargando driver v10oracle funcion damedriveroracle
02 17:53:22:815 Conectado a base de datos
02 17:53:22:820 Proceso CARGA_ARTICULOS encontrado en tabla VDPROCESOS
02 17:53:22:822 Proceso CARGA_ARTICULOS cargado con función procesoperiodico (Librería VDKERNEL.DLL) direccion 6FFE2D10
02 17:53:22:829 PLSQL: INICIALIZADO PAQUETE DE LOG EL DIA 21-03-2022
02 17:53:22:857 Actualizado SID 257 SERIAL 23801 del proceso con PID 3348
02 17:53:22:900 Analizado cursor CCARGAARTICULOS
02 17:53:22:900 Leidos 1 cursores
01 17:53:22:903 PLSQL: INICIANDO CARGA DE ARTICULOS EN  V10INTERIN_RDRP
01 17:53:22:909 PLSQL: ERROR CARGANDO ARTICULOS

00 17:53:25:012 Fichero de log cerrado.

