00 11:54:47:322 Fichero de log abierto PID 11732

02 11:54:47:325 Intentando abrir fichero v10.ini
02 11:54:47:330 Cargando driver v10oracle funcion damedriveroracle
02 11:54:47:822 Conectado a base de datos
02 11:54:47:822 Proceso CARGA_CLIENTES encontrado en tabla VDPROCESOS
02 11:54:47:824 Proceso CARGA_CLIENTES cargado con función procesoperiodico (Librería VDKERNEL.DLL) direccion 614C2D10
02 11:54:47:826 PLSQL: INICIALIZADO PAQUETE DE LOG EL DIA 30-06-2022
02 11:54:47:835 Actualizado SID 10 SERIAL 9026 del proceso con PID 11732
02 11:54:47:842 Analizado cursor CCARGACLIENTES
02 11:54:47:842 Leidos 1 cursores
01 11:54:47:845 PLSQL: INICIANDO CARGA DE CLIENTES EN  V10INTERIN_RDRP
01 11:54:47:846 PLSQL: ERROR CARGANDO CLIENTES

00 12:04:30:227 Fichero de log cerrado.

00 12:04:42:857 Fichero de log abierto PID 14348

02 12:04:42:859 Intentando abrir fichero v10.ini
02 12:04:42:865 Cargando driver v10oracle funcion damedriveroracle
02 12:04:43:314 Conectado a base de datos
02 12:04:43:315 Proceso CARGA_CLIENTES encontrado en tabla VDPROCESOS
02 12:04:43:317 Proceso CARGA_CLIENTES cargado con función procesoperiodico (Librería VDKERNEL.DLL) direccion 614C2D10
02 12:04:43:319 PLSQL: INICIALIZADO PAQUETE DE LOG EL DIA 30-06-2022
02 12:04:43:327 Actualizado SID 136 SERIAL 34048 del proceso con PID 14348
02 12:04:43:329 Analizado cursor CCARGACLIENTES
02 12:04:43:329 Leidos 1 cursores
01 12:04:43:330 PLSQL: INICIANDO CARGA DE CLIENTES EN  V10INTERIN_RDRP
01 12:04:43:331 PLSQL: ERROR CARGANDO CLIENTES

00 12:05:30:412 Fichero de log cerrado.

00 12:07:06:205 Fichero de log abierto PID 12168

02 12:07:06:205 Intentando abrir fichero v10.ini
02 12:07:06:212 Cargando driver v10oracle funcion damedriveroracle
02 12:07:07:025 Conectado a base de datos
02 12:07:07:034 Proceso CARGA_CLIENTES encontrado en tabla VDPROCESOS
02 12:07:07:035 Proceso CARGA_CLIENTES cargado con función procesoperiodico (Librería VDKERNEL.DLL) direccion 614C2D10
02 12:07:07:036 PLSQL: INICIALIZADO PAQUETE DE LOG EL DIA 30-06-2022
02 12:07:07:047 Actualizado SID 139 SERIAL 33680 del proceso con PID 12168
02 12:07:07:047 Analizado cursor CCARGACLIENTES
02 12:07:07:047 Leidos 1 cursores
01 12:07:07:048 PLSQL: INICIANDO CARGA DE CLIENTES EN  V10INTERIN_RDRP
01 12:07:07:051 PLSQL: ERROR CARGANDO CLIENTES
01 12:17:05:849 PLSQL: INICIANDO CARGA DE CLIENTES EN  V10INTERIN_RDRP
01 12:17:05:849 PLSQL: ERROR CARGANDO CLIENTES
01 12:27:05:857 PLSQL: INICIANDO CARGA DE CLIENTES EN  V10INTERIN_RDRP
01 12:27:05:859 PLSQL: ERROR CARGANDO CLIENTES
01 12:37:05:867 PLSQL: INICIANDO CARGA DE CLIENTES EN  V10INTERIN_RDRP
01 12:37:05:867 PLSQL: ERROR CARGANDO CLIENTES
01 12:47:05:884 PLSQL: INICIANDO CARGA DE CLIENTES EN  V10INTERIN_RDRP
01 12:47:05:884 PLSQL: ERROR CARGANDO CLIENTES
01 12:57:05:890 PLSQL: INICIANDO CARGA DE CLIENTES EN  V10INTERIN_RDRP
01 12:57:05:890 PLSQL: ERROR CARGANDO CLIENTES
01 13:07:05:902 PLSQL: INICIANDO CARGA DE CLIENTES EN  V10INTERIN_RDRP
01 13:07:05:903 PLSQL: ERROR CARGANDO CLIENTES
01 13:17:05:917 PLSQL: INICIANDO CARGA DE CLIENTES EN  V10INTERIN_RDRP
01 13:17:05:917 PLSQL: ERROR CARGANDO CLIENTES
01 13:27:05:933 PLSQL: INICIANDO CARGA DE CLIENTES EN  V10INTERIN_RDRP
01 13:27:05:933 PLSQL: ERROR CARGANDO CLIENTES
01 13:37:05:948 PLSQL: INICIANDO CARGA DE CLIENTES EN  V10INTERIN_RDRP
01 13:37:05:948 PLSQL: ERROR CARGANDO CLIENTES
01 13:47:05:960 PLSQL: INICIANDO CARGA DE CLIENTES EN  V10INTERIN_RDRP
01 13:47:05:960 PLSQL: ERROR CARGANDO CLIENTES
01 13:57:05:969 PLSQL: INICIANDO CARGA DE CLIENTES EN  V10INTERIN_RDRP
01 13:57:05:970 PLSQL: ERROR CARGANDO CLIENTES

00 13:58:50:670 Fichero de log cerrado.

00 13:59:07:317 Fichero de log abierto PID 3388

02 13:59:07:320 Intentando abrir fichero v10.ini
02 13:59:07:325 Cargando driver v10oracle funcion damedriveroracle
02 13:59:07:957 Conectado a base de datos
02 13:59:07:959 Proceso CARGA_CLIENTES encontrado en tabla VDPROCESOS
02 13:59:07:959 Proceso CARGA_CLIENTES cargado con función procesoperiodico (Librería VDKERNEL.DLL) direccion 614C2D10
02 13:59:07:961 PLSQL: INICIALIZADO PAQUETE DE LOG EL DIA 30-06-2022
02 13:59:07:972 Actualizado SID 749 SERIAL 36813 del proceso con PID 3388
02 13:59:07:972 Analizado cursor CCARGACLIENTES
02 13:59:07:972 Leidos 1 cursores
01 13:59:07:973 PLSQL: INICIANDO CARGA DE CLIENTES EN  V10INTERIN_RDRP
01 13:59:07:975 PLSQL: ERROR CARGANDO CLIENTES
01 14:09:07:990 PLSQL: INICIANDO CARGA DE CLIENTES EN  V10INTERIN_RDRP
01 14:09:07:990 PLSQL: ERROR CARGANDO CLIENTES
01 14:19:08:004 PLSQL: INICIANDO CARGA DE CLIENTES EN  V10INTERIN_RDRP
01 14:19:08:004 PLSQL: ERROR CARGANDO CLIENTES
01 14:29:08:018 PLSQL: INICIANDO CARGA DE CLIENTES EN  V10INTERIN_RDRP
01 14:29:08:020 PLSQL: ERROR CARGANDO CLIENTES
01 14:39:08:037 PLSQL: INICIANDO CARGA DE CLIENTES EN  V10INTERIN_RDRP
01 14:39:08:040 PLSQL: ERROR CARGANDO CLIENTES
01 14:49:08:046 PLSQL: INICIANDO CARGA DE CLIENTES EN  V10INTERIN_RDRP
01 14:49:08:046 PLSQL: ERROR CARGANDO CLIENTES
01 14:59:08:069 PLSQL: INICIANDO CARGA DE CLIENTES EN  V10INTERIN_RDRP
01 14:59:08:069 PLSQL: ERROR CARGANDO CLIENTES
01 15:09:08:091 PLSQL: INICIANDO CARGA DE CLIENTES EN  V10INTERIN_RDRP
01 15:09:08:091 PLSQL: ERROR CARGANDO CLIENTES
01 15:19:08:108 PLSQL: INICIANDO CARGA DE CLIENTES EN  V10INTERIN_RDRP
01 15:19:08:109 PLSQL: ERROR CARGANDO CLIENTES
01 15:29:08:120 PLSQL: INICIANDO CARGA DE CLIENTES EN  V10INTERIN_RDRP
01 15:29:08:120 PLSQL: ERROR CARGANDO CLIENTES
01 15:39:08:137 PLSQL: INICIANDO CARGA DE CLIENTES EN  V10INTERIN_RDRP
01 15:39:08:137 PLSQL: ERROR CARGANDO CLIENTES
01 15:49:08:146 PLSQL: INICIANDO CARGA DE CLIENTES EN  V10INTERIN_RDRP
01 15:49:08:146 PLSQL: ERROR CARGANDO CLIENTES
01 15:59:08:163 PLSQL: INICIANDO CARGA DE CLIENTES EN  V10INTERIN_RDRP
01 15:59:08:164 PLSQL: ERROR CARGANDO CLIENTES
01 16:09:08:179 PLSQL: INICIANDO CARGA DE CLIENTES EN  V10INTERIN_RDRP
01 16:09:08:180 PLSQL: ERROR CARGANDO CLIENTES
01 16:19:08:192 PLSQL: INICIANDO CARGA DE CLIENTES EN  V10INTERIN_RDRP
01 16:19:08:192 PLSQL: ERROR CARGANDO CLIENTES
01 16:29:08:221 PLSQL: INICIANDO CARGA DE CLIENTES EN  V10INTERIN_RDRP
01 16:29:08:221 PLSQL: ERROR CARGANDO CLIENTES
01 16:39:08:240 PLSQL: INICIANDO CARGA DE CLIENTES EN  V10INTERIN_RDRP
01 16:39:08:240 PLSQL: ERROR CARGANDO CLIENTES
01 16:49:08:253 PLSQL: INICIANDO CARGA DE CLIENTES EN  V10INTERIN_RDRP
01 16:49:08:253 PLSQL: ERROR CARGANDO CLIENTES
01 16:59:08:269 PLSQL: INICIANDO CARGA DE CLIENTES EN  V10INTERIN_RDRP
01 16:59:08:269 PLSQL: ERROR CARGANDO CLIENTES
01 17:09:08:282 PLSQL: INICIANDO CARGA DE CLIENTES EN  V10INTERIN_RDRP
01 17:09:08:285 PLSQL: ERROR CARGANDO CLIENTES
01 17:19:08:300 PLSQL: INICIANDO CARGA DE CLIENTES EN  V10INTERIN_RDRP
01 17:19:08:300 PLSQL: ERROR CARGANDO CLIENTES
01 17:29:08:317 PLSQL: INICIANDO CARGA DE CLIENTES EN  V10INTERIN_RDRP
01 17:29:08:317 PLSQL: ERROR CARGANDO CLIENTES

00 17:31:35:259 Fichero de log cerrado.

00 17:31:47:940 Fichero de log abierto PID 14572

02 17:31:47:940 Intentando abrir fichero v10.ini
02 17:31:47:944 Cargando driver v10oracle funcion damedriveroracle
02 17:31:48:635 Conectado a base de datos
02 17:31:48:635 Proceso CARGA_CLIENTES encontrado en tabla VDPROCESOS
02 17:31:48:635 Proceso CARGA_CLIENTES cargado con función procesoperiodico (Librería VDKERNEL.DLL) direccion 614C2D10
02 17:31:48:636 PLSQL: INICIALIZADO PAQUETE DE LOG EL DIA 30-06-2022
02 17:31:48:650 Actualizado SID 756 SERIAL 36604 del proceso con PID 14572
02 17:31:48:650 Analizado cursor CCARGACLIENTES
02 17:31:48:650 Leidos 1 cursores
01 17:31:48:652 PLSQL: INICIANDO CARGA DE CLIENTES EN  V10INTERIN_RDRP
01 17:31:48:653 PLSQL: ERROR CARGANDO CLIENTES
01 17:41:48:658 PLSQL: INICIANDO CARGA DE CLIENTES EN  V10INTERIN_RDRP
01 17:41:48:658 PLSQL: ERROR CARGANDO CLIENTES

00 17:46:21:449 Fichero de log cerrado.

00 17:46:33:462 Fichero de log abierto PID 14032

02 17:46:33:464 Intentando abrir fichero v10.ini
02 17:46:33:470 Cargando driver v10oracle funcion damedriveroracle
02 17:46:34:209 Conectado a base de datos
02 17:46:34:210 Proceso CARGA_CLIENTES encontrado en tabla VDPROCESOS
02 17:46:34:210 Proceso CARGA_CLIENTES cargado con función procesoperiodico (Librería VDKERNEL.DLL) direccion 614C2D10
02 17:46:34:213 PLSQL: INICIALIZADO PAQUETE DE LOG EL DIA 30-06-2022
02 17:46:34:224 Actualizado SID 501 SERIAL 40860 del proceso con PID 14032
02 17:46:34:225 Analizado cursor CCARGACLIENTES
02 17:46:34:225 Leidos 1 cursores
01 17:46:34:225 PLSQL: INICIANDO CARGA DE CLIENTES EN  V10INTERIN_RDRP
01 17:46:34:226 PLSQL: ERROR CARGANDO CLIENTES

00 17:49:57:490 Fichero de log cerrado.

00 17:51:14:794 Fichero de log abierto PID 10816

02 17:51:14:797 Intentando abrir fichero v10.ini
02 17:51:14:802 Cargando driver v10oracle funcion damedriveroracle
02 17:51:15:494 Conectado a base de datos
02 17:51:15:495 Proceso CARGA_CLIENTES encontrado en tabla VDPROCESOS
02 17:51:15:497 Proceso CARGA_CLIENTES cargado con función procesoperiodico (Librería VDKERNEL.DLL) direccion 70042D10
02 17:51:15:498 PLSQL: INICIALIZADO PAQUETE DE LOG EL DIA 30-06-2022
02 17:51:15:507 Actualizado SID 870 SERIAL 10382 del proceso con PID 10816
02 17:51:15:507 Analizado cursor CCARGACLIENTES
02 17:51:15:507 Leidos 1 cursores
01 17:51:15:509 PLSQL: INICIANDO CARGA DE CLIENTES EN  V10INTERIN_RDRP
01 17:51:15:510 PLSQL: ERROR CARGANDO CLIENTES

00 17:52:14:352 Fichero de log cerrado.

