00 09:05:47:126 Fichero de log abierto PID 11628

02 09:05:47:128 Intentando abrir fichero v10.ini
02 09:05:47:136 Cargando driver v10oracle funcion damedriveroracle
02 09:05:47:706 Conectado a base de datos
02 09:05:47:707 Proceso CARGA_ARTICULOS encontrado en tabla VDPROCESOS
02 09:05:47:707 Proceso CARGA_ARTICULOS cargado con función procesoperiodico (Librería VDKERNEL.DLL) direccion 705F2D10
02 09:05:47:779 PLSQL: INICIALIZADO PAQUETE DE LOG EL DIA 23-03-2022
02 09:05:47:792 Actualizado SID 500 SERIAL 15671 del proceso con PID 11628
02 09:05:47:800 Analizado cursor CCARGAARTICULOS
02 09:05:47:800 Leidos 1 cursores
01 09:05:47:800 PLSQL: INICIANDO CARGA DE ARTICULOS EN  V10INTERIN_RDRP
01 09:05:47:802 PLSQL: ERROR CARGANDO ARTICULOS
01 09:15:47:809 PLSQL: INICIANDO CARGA DE ARTICULOS EN  V10INTERIN_RDRP
01 09:15:47:811 PLSQL: ERROR CARGANDO ARTICULOS
01 09:25:47:827 PLSQL: INICIANDO CARGA DE ARTICULOS EN  V10INTERIN_RDRP
01 09:25:47:828 PLSQL: ERROR CARGANDO ARTICULOS
01 09:35:47:834 PLSQL: INICIANDO CARGA DE ARTICULOS EN  V10INTERIN_RDRP
01 09:35:47:838 PLSQL: ERROR CARGANDO ARTICULOS
01 09:45:47:850 PLSQL: INICIANDO CARGA DE ARTICULOS EN  V10INTERIN_RDRP
01 09:45:47:853 PLSQL: ERROR CARGANDO ARTICULOS
01 09:55:47:870 PLSQL: INICIANDO CARGA DE ARTICULOS EN  V10INTERIN_RDRP
01 09:55:47:871 PLSQL: ERROR CARGANDO ARTICULOS
01 10:05:47:877 PLSQL: INICIANDO CARGA DE ARTICULOS EN  V10INTERIN_RDRP
01 10:05:47:878 PLSQL: ERROR CARGANDO ARTICULOS
01 10:15:47:892 PLSQL: INICIANDO CARGA DE ARTICULOS EN  V10INTERIN_RDRP
01 10:15:47:915 PLSQL: ERROR CARGANDO ARTICULOS
01 10:25:47:924 PLSQL: INICIANDO CARGA DE ARTICULOS EN  V10INTERIN_RDRP
01 10:25:47:925 PLSQL: ERROR CARGANDO ARTICULOS
01 10:35:47:930 PLSQL: INICIANDO CARGA DE ARTICULOS EN  V10INTERIN_RDRP
01 10:35:47:932 PLSQL: ERROR CARGANDO ARTICULOS
01 10:45:47:949 PLSQL: INICIANDO CARGA DE ARTICULOS EN  V10INTERIN_RDRP
01 10:45:47:951 PLSQL: ERROR CARGANDO ARTICULOS
01 10:55:46:178 PLSQL: INICIANDO CARGA DE ARTICULOS EN  V10INTERIN_RDRP
01 10:55:46:180 PLSQL: ERROR CARGANDO ARTICULOS
01 11:05:46:188 PLSQL: INICIANDO CARGA DE ARTICULOS EN  V10INTERIN_RDRP
01 11:05:46:190 PLSQL: ERROR CARGANDO ARTICULOS
01 11:15:46:193 PLSQL: INICIANDO CARGA DE ARTICULOS EN  V10INTERIN_RDRP
01 11:15:46:196 PLSQL: ERROR CARGANDO ARTICULOS
01 11:25:46:198 PLSQL: INICIANDO CARGA DE ARTICULOS EN  V10INTERIN_RDRP
01 11:25:46:229 PLSQL: ERROR CARGANDO ARTICULOS
01 11:35:46:240 PLSQL: INICIANDO CARGA DE ARTICULOS EN  V10INTERIN_RDRP
01 11:35:46:243 PLSQL: ERROR CARGANDO ARTICULOS
01 11:45:46:255 PLSQL: INICIANDO CARGA DE ARTICULOS EN  V10INTERIN_RDRP
01 11:45:46:257 PLSQL: ERROR CARGANDO ARTICULOS
01 12:06:16:469 PLSQL: INICIANDO CARGA DE ARTICULOS EN  V10INTERIN_RDRP
01 12:06:16:473 PLSQL: ERROR CARGANDO ARTICULOS
01 12:16:16:514 PLSQL: INICIANDO CARGA DE ARTICULOS EN  V10INTERIN_RDRP
01 12:16:16:514 PLSQL: ERROR CARGANDO ARTICULOS
01 12:26:16:535 PLSQL: INICIANDO CARGA DE ARTICULOS EN  V10INTERIN_RDRP
01 12:26:16:536 PLSQL: ERROR CARGANDO ARTICULOS
01 12:36:16:546 PLSQL: INICIANDO CARGA DE ARTICULOS EN  V10INTERIN_RDRP
01 12:36:16:547 PLSQL: ERROR CARGANDO ARTICULOS
01 12:46:16:549 PLSQL: INICIANDO CARGA DE ARTICULOS EN  V10INTERIN_RDRP
01 12:46:16:550 PLSQL: ERROR CARGANDO ARTICULOS
01 12:56:16:564 PLSQL: INICIANDO CARGA DE ARTICULOS EN  V10INTERIN_RDRP
01 12:56:16:565 PLSQL: ERROR CARGANDO ARTICULOS
01 13:06:16:575 PLSQL: INICIANDO CARGA DE ARTICULOS EN  V10INTERIN_RDRP
01 13:06:16:577 PLSQL: ERROR CARGANDO ARTICULOS
01 13:16:16:584 PLSQL: INICIANDO CARGA DE ARTICULOS EN  V10INTERIN_RDRP
01 13:16:16:585 PLSQL: ERROR CARGANDO ARTICULOS
01 13:26:16:589 PLSQL: INICIANDO CARGA DE ARTICULOS EN  V10INTERIN_RDRP
01 13:26:16:590 PLSQL: ERROR CARGANDO ARTICULOS
01 13:36:16:598 PLSQL: INICIANDO CARGA DE ARTICULOS EN  V10INTERIN_RDRP
01 13:36:16:601 PLSQL: ERROR CARGANDO ARTICULOS
01 13:46:16:616 PLSQL: INICIANDO CARGA DE ARTICULOS EN  V10INTERIN_RDRP
01 13:46:16:617 PLSQL: ERROR CARGANDO ARTICULOS
01 13:56:16:624 PLSQL: INICIANDO CARGA DE ARTICULOS EN  V10INTERIN_RDRP
01 13:56:16:628 PLSQL: ERROR CARGANDO ARTICULOS
01 14:06:16:641 PLSQL: INICIANDO CARGA DE ARTICULOS EN  V10INTERIN_RDRP
01 14:06:16:643 PLSQL: ERROR CARGANDO ARTICULOS
01 14:16:16:658 PLSQL: INICIANDO CARGA DE ARTICULOS EN  V10INTERIN_RDRP
01 14:16:16:661 PLSQL: ERROR CARGANDO ARTICULOS
01 14:26:16:680 PLSQL: INICIANDO CARGA DE ARTICULOS EN  V10INTERIN_RDRP
01 14:26:16:684 PLSQL: ERROR CARGANDO ARTICULOS
01 14:36:16:701 PLSQL: INICIANDO CARGA DE ARTICULOS EN  V10INTERIN_RDRP
01 14:36:16:704 PLSQL: ERROR CARGANDO ARTICULOS
01 14:46:16:711 PLSQL: INICIANDO CARGA DE ARTICULOS EN  V10INTERIN_RDRP
01 14:46:16:716 PLSQL: ERROR CARGANDO ARTICULOS
01 15:45:15:628 PLSQL: INICIANDO CARGA DE ARTICULOS EN  V10INTERIN_RDRP
01 15:45:15:702 PLSQL: ERROR CARGANDO ARTICULOS
01 15:55:16:401 PLSQL: INICIANDO CARGA DE ARTICULOS EN  V10INTERIN_RDRP
01 15:55:16:402 PLSQL: ERROR CARGANDO ARTICULOS
01 16:05:16:407 PLSQL: INICIANDO CARGA DE ARTICULOS EN  V10INTERIN_RDRP
01 16:05:16:409 PLSQL: ERROR CARGANDO ARTICULOS
01 16:15:16:421 PLSQL: INICIANDO CARGA DE ARTICULOS EN  V10INTERIN_RDRP
01 16:15:16:425 PLSQL: ERROR CARGANDO ARTICULOS
01 16:25:16:441 PLSQL: INICIANDO CARGA DE ARTICULOS EN  V10INTERIN_RDRP
01 16:25:16:446 PLSQL: ERROR CARGANDO ARTICULOS
01 16:35:16:458 PLSQL: INICIANDO CARGA DE ARTICULOS EN  V10INTERIN_RDRP
01 16:35:16:459 PLSQL: ERROR CARGANDO ARTICULOS
01 16:45:16:462 PLSQL: INICIANDO CARGA DE ARTICULOS EN  V10INTERIN_RDRP
01 16:45:16:467 PLSQL: ERROR CARGANDO ARTICULOS
01 16:55:16:475 PLSQL: INICIANDO CARGA DE ARTICULOS EN  V10INTERIN_RDRP
01 16:55:16:479 PLSQL: ERROR CARGANDO ARTICULOS
01 17:05:16:485 PLSQL: INICIANDO CARGA DE ARTICULOS EN  V10INTERIN_RDRP
01 17:05:16:490 PLSQL: ERROR CARGANDO ARTICULOS
01 17:15:16:503 PLSQL: INICIANDO CARGA DE ARTICULOS EN  V10INTERIN_RDRP
01 17:15:16:507 PLSQL: ERROR CARGANDO ARTICULOS
01 17:25:16:522 PLSQL: INICIANDO CARGA DE ARTICULOS EN  V10INTERIN_RDRP
01 17:25:16:527 PLSQL: ERROR CARGANDO ARTICULOS
01 17:35:16:543 PLSQL: INICIANDO CARGA DE ARTICULOS EN  V10INTERIN_RDRP
01 17:35:16:543 PLSQL: ERROR CARGANDO ARTICULOS
01 17:45:16:549 PLSQL: INICIANDO CARGA DE ARTICULOS EN  V10INTERIN_RDRP
01 17:45:16:554 PLSQL: ERROR CARGANDO ARTICULOS
01 17:55:16:563 PLSQL: INICIANDO CARGA DE ARTICULOS EN  V10INTERIN_RDRP
01 17:55:16:564 PLSQL: ERROR CARGANDO ARTICULOS

00 17:56:09:080 Fichero de log cerrado.

