00 09:05:35:610 Fichero de log abierto PID 12988

02 09:05:35:612 Intentando abrir fichero v10.ini
02 09:05:35:617 Cargando driver v10oracle funcion damedriveroracle
02 09:05:36:167 Conectado a base de datos
02 09:05:36:170 Proceso CARGA_ARTICULOS encontrado en tabla VDPROCESOS
02 09:05:36:171 Proceso CARGA_ARTICULOS cargado con función procesoperiodico (Librería VDKERNEL.DLL) direccion 705F2D10
02 09:05:36:172 PLSQL: INICIALIZADO PAQUETE DE LOG EL DIA 24-03-2022
02 09:05:36:227 Actualizado SID 7 SERIAL 53416 del proceso con PID 12988
02 09:05:36:233 Analizado cursor CCARGAARTICULOS
02 09:05:36:235 Leidos 1 cursores
01 09:05:36:235 PLSQL: INICIANDO CARGA DE ARTICULOS EN  V10INTERIN_RDRP
01 09:05:36:237 PLSQL: ERROR CARGANDO ARTICULOS
01 09:15:36:247 PLSQL: INICIANDO CARGA DE ARTICULOS EN  V10INTERIN_RDRP
01 09:15:36:251 PLSQL: ERROR CARGANDO ARTICULOS
01 09:25:36:262 PLSQL: INICIANDO CARGA DE ARTICULOS EN  V10INTERIN_RDRP
01 09:25:36:265 PLSQL: ERROR CARGANDO ARTICULOS
01 09:35:36:284 PLSQL: INICIANDO CARGA DE ARTICULOS EN  V10INTERIN_RDRP
01 09:35:36:287 PLSQL: ERROR CARGANDO ARTICULOS
01 09:45:36:293 PLSQL: INICIANDO CARGA DE ARTICULOS EN  V10INTERIN_RDRP
01 09:45:36:297 PLSQL: ERROR CARGANDO ARTICULOS
01 09:55:36:299 PLSQL: INICIANDO CARGA DE ARTICULOS EN  V10INTERIN_RDRP
01 09:55:36:303 PLSQL: ERROR CARGANDO ARTICULOS
01 10:05:36:312 PLSQL: INICIANDO CARGA DE ARTICULOS EN  V10INTERIN_RDRP
01 10:05:36:315 PLSQL: ERROR CARGANDO ARTICULOS
01 10:15:36:332 PLSQL: INICIANDO CARGA DE ARTICULOS EN  V10INTERIN_RDRP
01 10:15:36:334 PLSQL: ERROR CARGANDO ARTICULOS

00 10:23:52:863 Fichero de log cerrado.

00 10:23:55:977 Fichero de log abierto PID 1500

02 10:23:55:978 Intentando abrir fichero v10.ini
02 10:23:55:985 Cargando driver v10oracle funcion damedriveroracle
02 10:23:56:746 Conectado a base de datos
02 10:23:56:747 Proceso CARGA_ARTICULOS encontrado en tabla VDPROCESOS
02 10:23:56:748 Proceso CARGA_ARTICULOS cargado con función procesoperiodico (Librería VDKERNEL.DLL) direccion 705F2D10
02 10:23:56:750 PLSQL: INICIALIZADO PAQUETE DE LOG EL DIA 24-03-2022
02 10:23:56:762 Actualizado SID 378 SERIAL 20513 del proceso con PID 1500
02 10:23:56:762 Analizado cursor CCARGAARTICULOS
02 10:23:56:762 Leidos 1 cursores
01 10:23:56:764 PLSQL: INICIANDO CARGA DE ARTICULOS EN  V10INTERIN_RDRP
01 10:23:56:766 PLSQL: ERROR CARGANDO ARTICULOS
01 10:33:56:780 PLSQL: INICIANDO CARGA DE ARTICULOS EN  V10INTERIN_RDRP
01 10:33:56:784 PLSQL: ERROR CARGANDO ARTICULOS
01 10:43:56:799 PLSQL: INICIANDO CARGA DE ARTICULOS EN  V10INTERIN_RDRP
01 10:43:56:801 PLSQL: ERROR CARGANDO ARTICULOS
01 10:53:56:814 PLSQL: INICIANDO CARGA DE ARTICULOS EN  V10INTERIN_RDRP
01 10:53:56:816 PLSQL: ERROR CARGANDO ARTICULOS
01 11:03:55:125 PLSQL: INICIANDO CARGA DE ARTICULOS EN  V10INTERIN_RDRP
01 11:03:55:126 PLSQL: ERROR CARGANDO ARTICULOS
01 11:13:55:134 PLSQL: INICIANDO CARGA DE ARTICULOS EN  V10INTERIN_RDRP
01 11:13:55:139 PLSQL: ERROR CARGANDO ARTICULOS
01 11:23:55:149 PLSQL: INICIANDO CARGA DE ARTICULOS EN  V10INTERIN_RDRP
01 11:23:55:150 PLSQL: ERROR CARGANDO ARTICULOS
01 11:33:55:163 PLSQL: INICIANDO CARGA DE ARTICULOS EN  V10INTERIN_RDRP
01 11:33:55:164 PLSQL: ERROR CARGANDO ARTICULOS
01 11:57:25:510 PLSQL: INICIANDO CARGA DE ARTICULOS EN  V10INTERIN_RDRP
01 11:57:25:528 PLSQL: ERROR CARGANDO ARTICULOS
01 12:07:25:538 PLSQL: INICIANDO CARGA DE ARTICULOS EN  V10INTERIN_RDRP
01 12:07:25:541 PLSQL: ERROR CARGANDO ARTICULOS
01 12:17:25:552 PLSQL: INICIANDO CARGA DE ARTICULOS EN  V10INTERIN_RDRP
01 12:17:25:558 PLSQL: ERROR CARGANDO ARTICULOS
01 12:27:25:565 PLSQL: INICIANDO CARGA DE ARTICULOS EN  V10INTERIN_RDRP
01 12:27:25:569 PLSQL: ERROR CARGANDO ARTICULOS
01 12:37:25:583 PLSQL: INICIANDO CARGA DE ARTICULOS EN  V10INTERIN_RDRP
01 12:37:25:588 PLSQL: ERROR CARGANDO ARTICULOS
01 12:47:25:602 PLSQL: INICIANDO CARGA DE ARTICULOS EN  V10INTERIN_RDRP
01 12:47:25:604 PLSQL: ERROR CARGANDO ARTICULOS
01 12:57:25:611 PLSQL: INICIANDO CARGA DE ARTICULOS EN  V10INTERIN_RDRP
01 12:57:25:613 PLSQL: ERROR CARGANDO ARTICULOS
01 13:07:25:617 PLSQL: INICIANDO CARGA DE ARTICULOS EN  V10INTERIN_RDRP
01 13:07:25:632 PLSQL: ERROR CARGANDO ARTICULOS
01 13:17:25:639 PLSQL: INICIANDO CARGA DE ARTICULOS EN  V10INTERIN_RDRP
01 13:17:25:642 PLSQL: ERROR CARGANDO ARTICULOS
01 13:27:25:655 PLSQL: INICIANDO CARGA DE ARTICULOS EN  V10INTERIN_RDRP
01 13:27:25:658 PLSQL: ERROR CARGANDO ARTICULOS
01 13:37:25:672 PLSQL: INICIANDO CARGA DE ARTICULOS EN  V10INTERIN_RDRP
01 13:37:25:674 PLSQL: ERROR CARGANDO ARTICULOS
01 13:47:25:678 PLSQL: INICIANDO CARGA DE ARTICULOS EN  V10INTERIN_RDRP
01 13:47:25:679 PLSQL: ERROR CARGANDO ARTICULOS
01 13:57:25:700 PLSQL: INICIANDO CARGA DE ARTICULOS EN  V10INTERIN_RDRP
01 13:57:25:702 PLSQL: ERROR CARGANDO ARTICULOS
01 14:07:25:709 PLSQL: INICIANDO CARGA DE ARTICULOS EN  V10INTERIN_RDRP
01 14:07:25:709 PLSQL: ERROR CARGANDO ARTICULOS
01 14:17:25:727 PLSQL: INICIANDO CARGA DE ARTICULOS EN  V10INTERIN_RDRP
01 14:17:25:727 PLSQL: ERROR CARGANDO ARTICULOS
01 14:27:25:749 PLSQL: INICIANDO CARGA DE ARTICULOS EN  V10INTERIN_RDRP
01 14:27:25:749 PLSQL: ERROR CARGANDO ARTICULOS
01 14:37:25:755 PLSQL: INICIANDO CARGA DE ARTICULOS EN  V10INTERIN_RDRP
01 14:37:25:755 PLSQL: ERROR CARGANDO ARTICULOS
01 14:47:25:786 PLSQL: INICIANDO CARGA DE ARTICULOS EN  V10INTERIN_RDRP
01 14:47:25:786 PLSQL: ERROR CARGANDO ARTICULOS
01 15:43:56:073 PLSQL: INICIANDO CARGA DE ARTICULOS EN  V10INTERIN_RDRP
01 15:43:56:073 PLSQL: ERROR CARGANDO ARTICULOS
01 15:53:56:752 PLSQL: INICIANDO CARGA DE ARTICULOS EN  V10INTERIN_RDRP
01 15:53:56:752 PLSQL: ERROR CARGANDO ARTICULOS
01 16:03:56:784 PLSQL: INICIANDO CARGA DE ARTICULOS EN  V10INTERIN_RDRP
01 16:03:56:785 PLSQL: ERROR CARGANDO ARTICULOS
01 16:13:56:806 PLSQL: INICIANDO CARGA DE ARTICULOS EN  V10INTERIN_RDRP
01 16:13:56:810 PLSQL: ERROR CARGANDO ARTICULOS
01 16:23:56:821 PLSQL: INICIANDO CARGA DE ARTICULOS EN  V10INTERIN_RDRP
01 16:23:56:823 PLSQL: ERROR CARGANDO ARTICULOS
01 16:33:56:839 PLSQL: INICIANDO CARGA DE ARTICULOS EN  V10INTERIN_RDRP
01 16:33:56:841 PLSQL: ERROR CARGANDO ARTICULOS
01 16:43:56:858 PLSQL: INICIANDO CARGA DE ARTICULOS EN  V10INTERIN_RDRP
01 16:43:56:863 PLSQL: ERROR CARGANDO ARTICULOS
01 16:53:56:870 PLSQL: INICIANDO CARGA DE ARTICULOS EN  V10INTERIN_RDRP
01 16:53:56:873 PLSQL: ERROR CARGANDO ARTICULOS
01 17:03:56:880 PLSQL: INICIANDO CARGA DE ARTICULOS EN  V10INTERIN_RDRP
01 17:03:56:885 PLSQL: ERROR CARGANDO ARTICULOS
01 17:13:56:893 PLSQL: INICIANDO CARGA DE ARTICULOS EN  V10INTERIN_RDRP
01 17:13:56:894 PLSQL: ERROR CARGANDO ARTICULOS
01 17:23:56:910 PLSQL: INICIANDO CARGA DE ARTICULOS EN  V10INTERIN_RDRP
01 17:23:56:914 PLSQL: ERROR CARGANDO ARTICULOS
01 17:33:56:923 PLSQL: INICIANDO CARGA DE ARTICULOS EN  V10INTERIN_RDRP
01 17:33:56:928 PLSQL: ERROR CARGANDO ARTICULOS
01 17:43:56:933 PLSQL: INICIANDO CARGA DE ARTICULOS EN  V10INTERIN_RDRP
01 17:43:56:935 PLSQL: ERROR CARGANDO ARTICULOS
01 17:53:56:941 PLSQL: INICIANDO CARGA DE ARTICULOS EN  V10INTERIN_RDRP
01 17:53:56:944 PLSQL: ERROR CARGANDO ARTICULOS

00 17:58:50:005 Fichero de log cerrado.

