00 09:08:32:737 Fichero de log abierto PID 13292

02 09:08:32:770 Intentando abrir fichero v10.ini
02 09:08:32:790 Cargando driver v10oracle funcion damedriveroracle
02 09:08:33:447 Conectado a base de datos
02 09:08:33:448 Proceso CARGA_CODARTALT encontrado en tabla VDPROCESOS
02 09:08:33:450 Proceso CARGA_CODARTALT cargado con función procesoperiodico (Librería VDKERNEL.DLL) direccion 6E792D10
02 09:08:33:452 PLSQL: INICIALIZADO PAQUETE DE LOG EL DIA 01-04-2022
02 09:08:33:461 Actualizado SID 502 SERIAL 52588 del proceso con PID 13292
02 09:08:33:467 Analizado cursor CCARGAARTICULOS
02 09:08:33:467 Leidos 1 cursores
01 09:08:33:468 PLSQL: INICIANDO CARGA DE CODARTALT EN  V10INTERIN_RDRP
01 09:08:33:470 PLSQL: ERROR CARGANDO CODARTALT
01 09:18:33:477 PLSQL: INICIANDO CARGA DE CODARTALT EN  V10INTERIN_RDRP
01 09:18:33:478 PLSQL: ERROR CARGANDO CODARTALT
01 09:28:33:493 PLSQL: INICIANDO CARGA DE CODARTALT EN  V10INTERIN_RDRP
01 09:28:33:495 PLSQL: ERROR CARGANDO CODARTALT
01 09:38:33:510 PLSQL: INICIANDO CARGA DE CODARTALT EN  V10INTERIN_RDRP
01 09:38:33:513 PLSQL: ERROR CARGANDO CODARTALT
01 09:48:33:526 PLSQL: INICIANDO CARGA DE CODARTALT EN  V10INTERIN_RDRP
01 09:48:33:527 PLSQL: ERROR CARGANDO CODARTALT
01 09:58:33:535 PLSQL: INICIANDO CARGA DE CODARTALT EN  V10INTERIN_RDRP
01 09:58:33:537 PLSQL: ERROR CARGANDO CODARTALT
01 10:08:33:542 PLSQL: INICIANDO CARGA DE CODARTALT EN  V10INTERIN_RDRP
01 10:08:33:543 PLSQL: ERROR CARGANDO CODARTALT
01 10:18:33:551 PLSQL: INICIANDO CARGA DE CODARTALT EN  V10INTERIN_RDRP
01 10:18:33:553 PLSQL: ERROR CARGANDO CODARTALT
01 10:28:33:570 PLSQL: INICIANDO CARGA DE CODARTALT EN  V10INTERIN_RDRP
01 10:28:33:571 PLSQL: ERROR CARGANDO CODARTALT
01 10:38:33:586 PLSQL: INICIANDO CARGA DE CODARTALT EN  V10INTERIN_RDRP
01 10:38:33:589 PLSQL: ERROR CARGANDO CODARTALT

00 10:41:41:295 Fichero de log cerrado.

00 10:42:00:863 Fichero de log abierto PID 9296

02 10:42:00:867 Intentando abrir fichero v10.ini
02 10:42:00:873 Cargando driver v10oracle funcion damedriveroracle
02 10:42:01:708 Conectado a base de datos
02 10:42:01:711 Proceso CARGA_CODARTALT encontrado en tabla VDPROCESOS
02 10:42:01:712 Proceso CARGA_CODARTALT cargado con función procesoperiodico (Librería VDKERNEL.DLL) direccion 6E792D10
02 10:42:01:714 PLSQL: INICIALIZADO PAQUETE DE LOG EL DIA 01-04-2022
02 10:42:01:726 Actualizado SID 752 SERIAL 56858 del proceso con PID 9296
02 10:42:01:727 Analizado cursor CCARGAARTICULOS
02 10:42:01:727 Leidos 1 cursores
01 10:42:01:728 PLSQL: INICIANDO CARGA DE CODARTALT EN  V10INTERIN_RDRP
01 10:42:01:730 PLSQL: ERROR CARGANDO CODARTALT
01 10:52:01:733 PLSQL: INICIANDO CARGA DE CODARTALT EN  V10INTERIN_RDRP
01 10:52:01:735 PLSQL: ERROR CARGANDO CODARTALT
01 11:02:01:746 PLSQL: INICIANDO CARGA DE CODARTALT EN  V10INTERIN_RDRP
01 11:02:01:748 PLSQL: ERROR CARGANDO CODARTALT
01 11:12:01:759 PLSQL: INICIANDO CARGA DE CODARTALT EN  V10INTERIN_RDRP
01 11:12:01:761 PLSQL: ERROR CARGANDO CODARTALT
01 11:22:01:770 PLSQL: INICIANDO CARGA DE CODARTALT EN  V10INTERIN_RDRP
01 11:22:01:771 PLSQL: ERROR CARGANDO CODARTALT
01 11:47:07:459 PLSQL: INICIANDO CARGA DE CODARTALT EN  V10INTERIN_RDRP
01 11:47:07:468 PLSQL: ERROR CARGANDO CODARTALT
01 11:57:07:502 PLSQL: INICIANDO CARGA DE CODARTALT EN  V10INTERIN_RDRP
01 11:57:07:503 PLSQL: ERROR CARGANDO CODARTALT
01 12:07:07:505 PLSQL: INICIANDO CARGA DE CODARTALT EN  V10INTERIN_RDRP
01 12:07:07:506 PLSQL: ERROR CARGANDO CODARTALT

00 12:15:10:325 Fichero de log cerrado.

00 12:15:18:615 Fichero de log abierto PID 3476

02 12:15:18:620 Intentando abrir fichero v10.ini
02 12:15:18:629 Cargando driver v10oracle funcion damedriveroracle
02 12:15:19:352 Conectado a base de datos
02 12:15:19:355 Proceso CARGA_CODARTALT encontrado en tabla VDPROCESOS
02 12:15:19:355 Proceso CARGA_CODARTALT cargado con función procesoperiodico (Librería VDKERNEL.DLL) direccion 6E792D10
02 12:15:19:359 PLSQL: INICIALIZADO PAQUETE DE LOG EL DIA 01-04-2022
02 12:15:19:372 Actualizado SID 509 SERIAL 39718 del proceso con PID 3476
02 12:15:19:375 Analizado cursor CCARGAARTICULOS
02 12:15:19:375 Leidos 1 cursores
01 12:15:19:376 PLSQL: INICIANDO CARGA DE CODARTALT EN  V10INTERIN_RDRP
01 12:15:19:378 PLSQL: ERROR CARGANDO CODARTALT
01 12:25:19:383 PLSQL: INICIANDO CARGA DE CODARTALT EN  V10INTERIN_RDRP
01 12:25:19:384 PLSQL: ERROR CARGANDO CODARTALT
01 12:35:19:391 PLSQL: INICIANDO CARGA DE CODARTALT EN  V10INTERIN_RDRP
01 12:35:19:392 PLSQL: ERROR CARGANDO CODARTALT
01 12:45:19:396 PLSQL: INICIANDO CARGA DE CODARTALT EN  V10INTERIN_RDRP
01 12:45:19:397 PLSQL: ERROR CARGANDO CODARTALT
01 12:55:19:414 PLSQL: INICIANDO CARGA DE CODARTALT EN  V10INTERIN_RDRP
01 12:55:19:415 PLSQL: ERROR CARGANDO CODARTALT
01 13:05:19:420 PLSQL: INICIANDO CARGA DE CODARTALT EN  V10INTERIN_RDRP
01 13:05:19:422 PLSQL: ERROR CARGANDO CODARTALT

00 13:10:54:649 Fichero de log cerrado.

00 13:11:06:957 Fichero de log abierto PID 1000

02 13:11:06:960 Intentando abrir fichero v10.ini
02 13:11:06:967 Cargando driver v10oracle funcion damedriveroracle
02 13:11:07:817 Conectado a base de datos
02 13:11:07:819 Proceso CARGA_CODARTALT encontrado en tabla VDPROCESOS
02 13:11:07:820 Proceso CARGA_CODARTALT cargado con función procesoperiodico (Librería VDKERNEL.DLL) direccion 6E792D10
02 13:11:07:822 PLSQL: INICIALIZADO PAQUETE DE LOG EL DIA 01-04-2022
02 13:11:07:847 Actualizado SID 140 SERIAL 15039 del proceso con PID 1000
02 13:11:07:849 Analizado cursor CCARGAARTICULOS
02 13:11:07:849 Leidos 1 cursores
01 13:11:07:849 PLSQL: INICIANDO CARGA DE CODARTALT EN  V10INTERIN_RDRP
01 13:11:07:852 PLSQL: ERROR CARGANDO CODARTALT
01 13:21:07:861 PLSQL: INICIANDO CARGA DE CODARTALT EN  V10INTERIN_RDRP
01 13:21:07:863 PLSQL: ERROR CARGANDO CODARTALT

00 13:31:06:367 Fichero de log cerrado.

00 13:31:13:354 Fichero de log abierto PID 16564

02 13:31:13:357 Intentando abrir fichero v10.ini
02 13:31:13:367 Cargando driver v10oracle funcion damedriveroracle
02 13:31:14:119 Conectado a base de datos
02 13:31:14:122 Proceso CARGA_CODARTALT encontrado en tabla VDPROCESOS
02 13:31:14:122 Proceso CARGA_CODARTALT cargado con función procesoperiodico (Librería VDKERNEL.DLL) direccion 6E792D10
02 13:31:14:124 PLSQL: INICIALIZADO PAQUETE DE LOG EL DIA 01-04-2022
02 13:31:14:137 Actualizado SID 383 SERIAL 24548 del proceso con PID 16564
02 13:31:14:137 Analizado cursor CCARGAARTICULOS
02 13:31:14:137 Leidos 1 cursores
01 13:31:14:139 PLSQL: INICIANDO CARGA DE CODARTALT EN  V10INTERIN_RDRP
01 13:31:14:141 PLSQL: ERROR CARGANDO CODARTALT

00 13:39:34:107 Fichero de log cerrado.

00 13:39:47:842 Fichero de log abierto PID 3004

02 13:39:47:845 Intentando abrir fichero v10.ini
02 13:39:47:852 Cargando driver v10oracle funcion damedriveroracle
02 13:39:48:627 Conectado a base de datos
02 13:39:48:630 Proceso CARGA_CODARTALT encontrado en tabla VDPROCESOS
02 13:39:48:630 Proceso CARGA_CODARTALT cargado con función procesoperiodico (Librería VDKERNEL.DLL) direccion 6E792D10
02 13:39:48:633 PLSQL: INICIALIZADO PAQUETE DE LOG EL DIA 01-04-2022
02 13:39:48:645 Actualizado SID 502 SERIAL 41737 del proceso con PID 3004
02 13:39:48:645 Analizado cursor CCARGAARTICULOS
02 13:39:48:645 Leidos 1 cursores
01 13:39:48:646 PLSQL: INICIANDO CARGA DE CODARTALT EN  V10INTERIN_RDRP
01 13:39:48:649 PLSQL: ERROR CARGANDO CODARTALT

00 13:41:22:215 Fichero de log cerrado.

00 13:41:28:944 Fichero de log abierto PID 7896

02 13:41:28:947 Intentando abrir fichero v10.ini
02 13:41:28:987 Cargando driver v10oracle funcion damedriveroracle
02 13:41:29:827 Conectado a base de datos
02 13:41:29:829 Proceso CARGA_CODARTALT encontrado en tabla VDPROCESOS
02 13:41:29:830 Proceso CARGA_CODARTALT cargado con función procesoperiodico (Librería VDKERNEL.DLL) direccion 6E792D10
02 13:41:29:831 PLSQL: INICIALIZADO PAQUETE DE LOG EL DIA 01-04-2022
02 13:41:29:842 Actualizado SID 130 SERIAL 19838 del proceso con PID 7896
02 13:41:29:844 Analizado cursor CCARGAARTICULOS
02 13:41:29:844 Leidos 1 cursores
01 13:41:29:845 PLSQL: INICIANDO CARGA DE CODARTALT EN  V10INTERIN_RDRP
01 13:41:29:846 PLSQL: ERROR CARGANDO CODARTALT
01 13:51:29:863 PLSQL: INICIANDO CARGA DE CODARTALT EN  V10INTERIN_RDRP
01 13:51:29:865 PLSQL: ERROR CARGANDO CODARTALT

00 13:58:39:759 Fichero de log cerrado.

