00 09:17:44:737 Fichero de log abierto PID 13696

02 09:17:44:740 Intentando abrir fichero v10.ini
02 09:17:44:745 Cargando driver v10oracle funcion damedriveroracle
02 09:17:45:226 Conectado a base de datos
02 09:17:45:227 Proceso CARGA_PEDIDOS encontrado en tabla VDPROCESOS
02 09:17:45:227 Proceso CARGA_PEDIDOS cargado con función procesoperiodico (Librería VDKERNEL.DLL) direccion 6C002D10
02 09:17:45:230 PLSQL: INICIALIZADO PAQUETE DE LOG EL DIA 28-06-2022
02 09:17:45:247 Actualizado SID 507 SERIAL 65333 del proceso con PID 13696
02 09:17:45:253 Analizado cursor CCARGAPEDIDOS
02 09:17:45:253 Leidos 1 cursores
01 09:17:45:255 PLSQL: INICIANDO CARGA DE PEDIDOS EN  V10INTERIN_RDRP
01 09:17:45:256 PLSQL: ERROR CARGANDO PEDIDOS
01 09:22:45:265 PLSQL: INICIANDO CARGA DE PEDIDOS EN  V10INTERIN_RDRP
01 09:22:45:265 PLSQL: ERROR CARGANDO PEDIDOS
01 09:27:45:283 PLSQL: INICIANDO CARGA DE PEDIDOS EN  V10INTERIN_RDRP
01 09:27:45:285 PLSQL: ERROR CARGANDO PEDIDOS
01 09:32:45:298 PLSQL: INICIANDO CARGA DE PEDIDOS EN  V10INTERIN_RDRP
01 09:32:45:298 PLSQL: ERROR CARGANDO PEDIDOS
01 09:37:45:313 PLSQL: INICIANDO CARGA DE PEDIDOS EN  V10INTERIN_RDRP
01 09:37:45:329 PLSQL: ERROR CARGANDO PEDIDOS

00 09:39:20:131 Fichero de log cerrado.

00 09:39:35:442 Fichero de log abierto PID 14092

02 09:39:35:445 Intentando abrir fichero v10.ini
02 09:39:35:451 Cargando driver v10oracle funcion damedriveroracle
02 09:39:36:117 Conectado a base de datos
02 09:39:36:117 Proceso CARGA_PEDIDOS encontrado en tabla VDPROCESOS
02 09:39:36:118 Proceso CARGA_PEDIDOS cargado con función procesoperiodico (Librería VDKERNEL.DLL) direccion 6C002D10
02 09:39:36:121 PLSQL: INICIALIZADO PAQUETE DE LOG EL DIA 28-06-2022
02 09:39:36:128 Actualizado SID 258 SERIAL 4704 del proceso con PID 14092
02 09:39:36:130 Analizado cursor CCARGAPEDIDOS
02 09:39:36:130 Leidos 1 cursores
01 09:39:36:131 PLSQL: INICIANDO CARGA DE PEDIDOS EN  V10INTERIN_RDRP
01 09:39:36:132 PLSQL: ERROR CARGANDO PEDIDOS
01 09:44:36:144 PLSQL: INICIANDO CARGA DE PEDIDOS EN  V10INTERIN_RDRP
01 09:44:36:144 PLSQL: ERROR CARGANDO PEDIDOS
01 09:49:36:162 PLSQL: INICIANDO CARGA DE PEDIDOS EN  V10INTERIN_RDRP
01 09:49:36:162 PLSQL: ERROR CARGANDO PEDIDOS
01 09:54:36:176 PLSQL: INICIANDO CARGA DE PEDIDOS EN  V10INTERIN_RDRP
01 09:54:36:176 PLSQL: ERROR CARGANDO PEDIDOS
01 09:59:36:193 PLSQL: INICIANDO CARGA DE PEDIDOS EN  V10INTERIN_RDRP
01 09:59:36:193 PLSQL: ERROR CARGANDO PEDIDOS
01 10:04:36:202 PLSQL: INICIANDO CARGA DE PEDIDOS EN  V10INTERIN_RDRP
01 10:04:36:203 PLSQL: ERROR CARGANDO PEDIDOS
01 10:09:36:221 PLSQL: INICIANDO CARGA DE PEDIDOS EN  V10INTERIN_RDRP
01 10:09:36:221 PLSQL: ERROR CARGANDO PEDIDOS
01 10:14:36:230 PLSQL: INICIANDO CARGA DE PEDIDOS EN  V10INTERIN_RDRP
01 10:14:36:230 PLSQL: ERROR CARGANDO PEDIDOS
01 10:19:36:248 PLSQL: INICIANDO CARGA DE PEDIDOS EN  V10INTERIN_RDRP
01 10:19:36:248 PLSQL: ERROR CARGANDO PEDIDOS
01 10:24:36:271 PLSQL: INICIANDO CARGA DE PEDIDOS EN  V10INTERIN_RDRP
01 10:24:36:271 PLSQL: ERROR CARGANDO PEDIDOS
01 10:29:36:282 PLSQL: INICIANDO CARGA DE PEDIDOS EN  V10INTERIN_RDRP
01 10:29:36:282 PLSQL: ERROR CARGANDO PEDIDOS
01 10:34:36:294 PLSQL: INICIANDO CARGA DE PEDIDOS EN  V10INTERIN_RDRP
01 10:34:36:294 PLSQL: ERROR CARGANDO PEDIDOS
01 10:39:36:303 PLSQL: INICIANDO CARGA DE PEDIDOS EN  V10INTERIN_RDRP
01 10:39:36:303 PLSQL: ERROR CARGANDO PEDIDOS
01 10:44:36:322 PLSQL: INICIANDO CARGA DE PEDIDOS EN  V10INTERIN_RDRP
01 10:44:36:322 PLSQL: ERROR CARGANDO PEDIDOS
01 11:10:26:526 PLSQL: INICIANDO CARGA DE PEDIDOS EN  V10INTERIN_RDRP
01 11:10:26:580 PLSQL: ERROR CARGANDO PEDIDOS
01 11:15:26:595 PLSQL: INICIANDO CARGA DE PEDIDOS EN  V10INTERIN_RDRP
01 11:15:26:595 PLSQL: ERROR CARGANDO PEDIDOS
01 11:20:26:600 PLSQL: INICIANDO CARGA DE PEDIDOS EN  V10INTERIN_RDRP
01 11:20:26:602 PLSQL: ERROR CARGANDO PEDIDOS
01 11:25:26:607 PLSQL: INICIANDO CARGA DE PEDIDOS EN  V10INTERIN_RDRP
01 11:25:26:609 PLSQL: ERROR CARGANDO PEDIDOS
01 11:30:26:611 PLSQL: INICIANDO CARGA DE PEDIDOS EN  V10INTERIN_RDRP
01 11:30:26:611 PLSQL: ERROR CARGANDO PEDIDOS
01 11:35:26:616 PLSQL: INICIANDO CARGA DE PEDIDOS EN  V10INTERIN_RDRP
01 11:35:26:616 PLSQL: ERROR CARGANDO PEDIDOS
01 11:40:26:626 PLSQL: INICIANDO CARGA DE PEDIDOS EN  V10INTERIN_RDRP
01 11:40:26:643 PLSQL: ERROR CARGANDO PEDIDOS
01 11:45:26:660 PLSQL: INICIANDO CARGA DE PEDIDOS EN  V10INTERIN_RDRP
01 11:45:26:662 PLSQL: ERROR CARGANDO PEDIDOS
01 11:50:26:680 PLSQL: INICIANDO CARGA DE PEDIDOS EN  V10INTERIN_RDRP
01 11:50:26:681 PLSQL: ERROR CARGANDO PEDIDOS
01 11:55:26:697 PLSQL: INICIANDO CARGA DE PEDIDOS EN  V10INTERIN_RDRP
01 11:55:26:697 PLSQL: ERROR CARGANDO PEDIDOS
01 12:00:26:709 PLSQL: INICIANDO CARGA DE PEDIDOS EN  V10INTERIN_RDRP
01 12:00:26:709 PLSQL: ERROR CARGANDO PEDIDOS
01 12:05:26:715 PLSQL: INICIANDO CARGA DE PEDIDOS EN  V10INTERIN_RDRP
01 12:05:26:715 PLSQL: ERROR CARGANDO PEDIDOS
01 12:10:26:724 PLSQL: INICIANDO CARGA DE PEDIDOS EN  V10INTERIN_RDRP
01 12:10:26:724 PLSQL: ERROR CARGANDO PEDIDOS

00 12:12:08:720 Fichero de log cerrado.

00 12:12:22:035 Fichero de log abierto PID 6932

02 12:12:22:037 Intentando abrir fichero v10.ini
02 12:12:22:042 Cargando driver v10oracle funcion damedriveroracle
02 12:12:22:609 Conectado a base de datos
02 12:12:22:610 Proceso CARGA_PEDIDOS encontrado en tabla VDPROCESOS
02 12:12:22:610 Proceso CARGA_PEDIDOS cargado con función procesoperiodico (Librería VDKERNEL.DLL) direccion 6C002D10
02 12:12:22:614 PLSQL: INICIALIZADO PAQUETE DE LOG EL DIA 28-06-2022
02 12:12:22:625 Actualizado SID 385 SERIAL 19675 del proceso con PID 6932
02 12:12:22:625 Analizado cursor CCARGAPEDIDOS
02 12:12:22:625 Leidos 1 cursores
01 12:12:22:627 PLSQL: INICIANDO CARGA DE PEDIDOS EN  V10INTERIN_RDRP
01 12:12:22:628 PLSQL: ERROR CARGANDO PEDIDOS

00 12:17:16:447 Fichero de log cerrado.

00 12:17:33:530 Fichero de log abierto PID 15712

02 12:17:33:532 Intentando abrir fichero v10.ini
02 12:17:33:539 Cargando driver v10oracle funcion damedriveroracle
02 12:17:34:552 Conectado a base de datos
02 12:17:34:555 Proceso CARGA_PEDIDOS encontrado en tabla VDPROCESOS
02 12:17:34:555 Proceso CARGA_PEDIDOS cargado con función procesoperiodico (Librería VDKERNEL.DLL) direccion 6C002D10
02 12:17:34:558 PLSQL: INICIALIZADO PAQUETE DE LOG EL DIA 28-06-2022
02 12:17:34:572 Actualizado SID 257 SERIAL 51190 del proceso con PID 15712
02 12:17:34:574 Analizado cursor CCARGAPEDIDOS
02 12:17:34:574 Leidos 1 cursores
01 12:17:34:575 PLSQL: INICIANDO CARGA DE PEDIDOS EN  V10INTERIN_RDRP
01 12:17:34:576 PLSQL: ERROR CARGANDO PEDIDOS
01 12:22:34:582 PLSQL: INICIANDO CARGA DE PEDIDOS EN  V10INTERIN_RDRP
01 12:22:34:582 PLSQL: ERROR CARGANDO PEDIDOS
01 12:27:34:592 PLSQL: INICIANDO CARGA DE PEDIDOS EN  V10INTERIN_RDRP
01 12:27:34:594 PLSQL: ERROR CARGANDO PEDIDOS
01 12:32:34:597 PLSQL: INICIANDO CARGA DE PEDIDOS EN  V10INTERIN_RDRP
01 12:32:34:597 PLSQL: ERROR CARGANDO PEDIDOS
01 12:41:29:216 PLSQL: INICIANDO CARGA DE PEDIDOS EN  V10INTERIN_RDRP
01 12:41:29:216 PLSQL: ERROR CARGANDO PEDIDOS

00 12:42:30:060 Fichero de log cerrado.

00 12:42:45:472 Fichero de log abierto PID 1208

02 12:42:45:474 Intentando abrir fichero v10.ini
02 12:42:45:480 Cargando driver v10oracle funcion damedriveroracle
02 12:42:46:162 Conectado a base de datos
02 12:42:46:164 Proceso CARGA_PEDIDOS encontrado en tabla VDPROCESOS
02 12:42:46:164 Proceso CARGA_PEDIDOS cargado con función procesoperiodico (Librería VDKERNEL.DLL) direccion 6C002D10
02 12:42:46:166 PLSQL: INICIALIZADO PAQUETE DE LOG EL DIA 28-06-2022
02 12:42:46:177 Actualizado SID 633 SERIAL 33802 del proceso con PID 1208
02 12:42:46:177 Analizado cursor CCARGAPEDIDOS
02 12:42:46:177 Leidos 1 cursores
01 12:42:46:177 PLSQL: INICIANDO CARGA DE PEDIDOS EN  V10INTERIN_RDRP
01 12:42:46:179 PLSQL: ERROR CARGANDO PEDIDOS
01 12:47:46:194 PLSQL: INICIANDO CARGA DE PEDIDOS EN  V10INTERIN_RDRP
01 12:47:46:194 PLSQL: ERROR CARGANDO PEDIDOS
01 12:52:46:207 PLSQL: INICIANDO CARGA DE PEDIDOS EN  V10INTERIN_RDRP
01 12:52:46:208 PLSQL: ERROR CARGANDO PEDIDOS
01 12:57:46:220 PLSQL: INICIANDO CARGA DE PEDIDOS EN  V10INTERIN_RDRP
01 12:57:46:220 PLSQL: ERROR CARGANDO PEDIDOS
01 13:02:46:232 PLSQL: INICIANDO CARGA DE PEDIDOS EN  V10INTERIN_RDRP
01 13:02:46:232 PLSQL: ERROR CARGANDO PEDIDOS
01 13:07:46:243 PLSQL: INICIANDO CARGA DE PEDIDOS EN  V10INTERIN_RDRP
01 13:07:46:243 PLSQL: ERROR CARGANDO PEDIDOS
01 13:12:46:261 PLSQL: INICIANDO CARGA DE PEDIDOS EN  V10INTERIN_RDRP
01 13:12:46:263 PLSQL: ERROR CARGANDO PEDIDOS
01 13:17:46:271 PLSQL: INICIANDO CARGA DE PEDIDOS EN  V10INTERIN_RDRP
01 13:17:46:273 PLSQL: ERROR CARGANDO PEDIDOS
01 13:22:46:283 PLSQL: INICIANDO CARGA DE PEDIDOS EN  V10INTERIN_RDRP
01 13:22:46:283 PLSQL: ERROR CARGANDO PEDIDOS
01 13:27:46:302 PLSQL: INICIANDO CARGA DE PEDIDOS EN  V10INTERIN_RDRP
01 13:27:46:302 PLSQL: ERROR CARGANDO PEDIDOS
01 13:32:46:311 PLSQL: INICIANDO CARGA DE PEDIDOS EN  V10INTERIN_RDRP
01 13:32:46:312 PLSQL: ERROR CARGANDO PEDIDOS

00 13:34:12:797 Fichero de log cerrado.

00 13:34:39:705 Fichero de log abierto PID 540

02 13:34:39:707 Intentando abrir fichero v10.ini
02 13:34:39:714 Cargando driver v10oracle funcion damedriveroracle
02 13:34:40:352 Conectado a base de datos
02 13:34:40:352 Proceso CARGA_PEDIDOS encontrado en tabla VDPROCESOS
02 13:34:40:354 Proceso CARGA_PEDIDOS cargado con función procesoperiodico (Librería VDKERNEL.DLL) direccion 6C002D10
02 13:34:40:356 PLSQL: INICIALIZADO PAQUETE DE LOG EL DIA 28-06-2022
02 13:34:40:367 Actualizado SID 261 SERIAL 58073 del proceso con PID 540
02 13:34:40:367 Analizado cursor CCARGAPEDIDOS
02 13:34:40:367 Leidos 1 cursores
01 13:34:40:369 PLSQL: INICIANDO CARGA DE PEDIDOS EN  V10INTERIN_RDRP
01 13:34:40:371 PLSQL: ERROR CARGANDO PEDIDOS

00 13:35:55:742 Fichero de log cerrado.

00 13:36:00:222 Fichero de log abierto PID 8044

02 13:36:00:222 Intentando abrir fichero v10.ini
02 13:36:00:230 Cargando driver v10oracle funcion damedriveroracle
02 13:36:00:772 Conectado a base de datos
02 13:36:00:775 Proceso CARGA_PEDIDOS encontrado en tabla VDPROCESOS
02 13:36:00:775 Proceso CARGA_PEDIDOS cargado con función procesoperiodico (Librería VDKERNEL.DLL) direccion 6C002D10
02 13:36:00:778 PLSQL: INICIALIZADO PAQUETE DE LOG EL DIA 28-06-2022
02 13:36:00:787 Actualizado SID 135 SERIAL 49958 del proceso con PID 8044
02 13:36:00:790 Analizado cursor CCARGAPEDIDOS
02 13:36:00:790 Leidos 1 cursores
01 13:36:00:790 PLSQL: INICIANDO CARGA DE PEDIDOS EN  V10INTERIN_RDRP
01 13:36:00:792 PLSQL: ERROR CARGANDO PEDIDOS

00 13:36:42:907 Fichero de log cerrado.

00 13:44:14:285 Fichero de log abierto PID 14128

02 13:44:14:287 Intentando abrir fichero v10.ini
02 13:44:14:292 Cargando driver v10oracle funcion damedriveroracle
02 13:44:14:532 Conectado a base de datos
02 13:44:14:535 Proceso CARGA_PEDIDOS encontrado en tabla VDPROCESOS
02 13:44:14:535 Proceso CARGA_PEDIDOS cargado con función procesoperiodico (Librería VDKERNEL.DLL) direccion 6C002D10
02 13:44:14:538 PLSQL: INICIALIZADO PAQUETE DE LOG EL DIA 28-06-2022
02 13:44:14:622 Actualizado SID 259 SERIAL 9245 del proceso con PID 14128
02 13:44:14:622 Analizado cursor CCARGAPEDIDOS
02 13:44:14:624 Leidos 1 cursores
01 13:44:14:624 PLSQL: INICIANDO CARGA DE PEDIDOS EN  V10INTERIN_RDRP
01 13:44:14:626 PLSQL: ERROR CARGANDO PEDIDOS
01 13:49:14:627 PLSQL: INICIANDO CARGA DE PEDIDOS EN  V10INTERIN_RDRP
01 13:49:14:627 PLSQL: ERROR CARGANDO PEDIDOS
01 13:54:14:644 PLSQL: INICIANDO CARGA DE PEDIDOS EN  V10INTERIN_RDRP
01 13:54:14:644 PLSQL: ERROR CARGANDO PEDIDOS
01 13:59:14:662 PLSQL: INICIANDO CARGA DE PEDIDOS EN  V10INTERIN_RDRP
01 13:59:14:662 PLSQL: ERROR CARGANDO PEDIDOS
01 14:04:14:671 PLSQL: INICIANDO CARGA DE PEDIDOS EN  V10INTERIN_RDRP
01 14:04:14:671 PLSQL: ERROR CARGANDO PEDIDOS
01 14:09:14:696 PLSQL: INICIANDO CARGA DE PEDIDOS EN  V10INTERIN_RDRP
01 14:09:14:696 PLSQL: ERROR CARGANDO PEDIDOS
01 14:14:14:706 PLSQL: INICIANDO CARGA DE PEDIDOS EN  V10INTERIN_RDRP
01 14:14:14:706 PLSQL: ERROR CARGANDO PEDIDOS
01 14:19:14:716 PLSQL: INICIANDO CARGA DE PEDIDOS EN  V10INTERIN_RDRP
01 14:19:14:716 PLSQL: ERROR CARGANDO PEDIDOS
01 14:24:14:728 PLSQL: INICIANDO CARGA DE PEDIDOS EN  V10INTERIN_RDRP
01 14:24:14:731 PLSQL: ERROR CARGANDO PEDIDOS
01 14:29:14:742 PLSQL: INICIANDO CARGA DE PEDIDOS EN  V10INTERIN_RDRP
01 14:29:14:742 PLSQL: ERROR CARGANDO PEDIDOS
01 14:34:14:747 PLSQL: INICIANDO CARGA DE PEDIDOS EN  V10INTERIN_RDRP
01 14:34:14:748 PLSQL: ERROR CARGANDO PEDIDOS
01 14:39:14:763 PLSQL: INICIANDO CARGA DE PEDIDOS EN  V10INTERIN_RDRP
01 14:39:14:763 PLSQL: ERROR CARGANDO PEDIDOS
01 14:44:14:776 PLSQL: INICIANDO CARGA DE PEDIDOS EN  V10INTERIN_RDRP
01 14:44:14:777 PLSQL: ERROR CARGANDO PEDIDOS

00 14:45:59:842 Fichero de log cerrado.

00 14:46:22:635 Fichero de log abierto PID 6572

02 14:46:22:645 Intentando abrir fichero v10.ini
02 14:46:22:667 Cargando driver v10oracle funcion damedriveroracle
02 14:46:23:192 Conectado a base de datos
02 14:46:23:192 Proceso CARGA_PEDIDOS encontrado en tabla VDPROCESOS
02 14:46:23:195 Proceso CARGA_PEDIDOS cargado con función procesoperiodico (Librería VDKERNEL.DLL) direccion 6C002D10
02 14:46:23:197 PLSQL: INICIALIZADO PAQUETE DE LOG EL DIA 28-06-2022
02 14:46:23:207 Actualizado SID 631 SERIAL 53107 del proceso con PID 6572
02 14:46:23:209 Analizado cursor CCARGAPEDIDOS
02 14:46:23:209 Leidos 1 cursores
01 14:46:23:209 PLSQL: INICIANDO CARGA DE PEDIDOS EN  V10INTERIN_RDRP
01 14:46:23:211 PLSQL: ERROR CARGANDO PEDIDOS
01 14:51:23:221 PLSQL: INICIANDO CARGA DE PEDIDOS EN  V10INTERIN_RDRP
01 14:51:23:221 PLSQL: ERROR CARGANDO PEDIDOS
01 14:56:23:231 PLSQL: INICIANDO CARGA DE PEDIDOS EN  V10INTERIN_RDRP
01 14:56:23:231 PLSQL: ERROR CARGANDO PEDIDOS
01 15:01:23:238 PLSQL: INICIANDO CARGA DE PEDIDOS EN  V10INTERIN_RDRP
01 15:01:23:238 PLSQL: ERROR CARGANDO PEDIDOS
01 15:06:23:251 PLSQL: INICIANDO CARGA DE PEDIDOS EN  V10INTERIN_RDRP
01 15:06:23:251 PLSQL: ERROR CARGANDO PEDIDOS
01 15:11:23:258 PLSQL: INICIANDO CARGA DE PEDIDOS EN  V10INTERIN_RDRP
01 15:11:23:258 PLSQL: ERROR CARGANDO PEDIDOS
01 15:16:23:279 PLSQL: INICIANDO CARGA DE PEDIDOS EN  V10INTERIN_RDRP
01 15:16:23:279 PLSQL: ERROR CARGANDO PEDIDOS
01 15:51:50:815 PLSQL: INICIANDO CARGA DE PEDIDOS EN  V10INTERIN_RDRP
01 15:51:50:815 PLSQL: ERROR CARGANDO PEDIDOS
01 15:56:50:824 PLSQL: INICIANDO CARGA DE PEDIDOS EN  V10INTERIN_RDRP
01 15:56:50:826 PLSQL: ERROR CARGANDO PEDIDOS
01 16:01:50:833 PLSQL: INICIANDO CARGA DE PEDIDOS EN  V10INTERIN_RDRP
01 16:01:50:833 PLSQL: ERROR CARGANDO PEDIDOS
01 16:06:50:860 PLSQL: INICIANDO CARGA DE PEDIDOS EN  V10INTERIN_RDRP
01 16:06:50:863 PLSQL: ERROR CARGANDO PEDIDOS
01 16:11:50:870 PLSQL: INICIANDO CARGA DE PEDIDOS EN  V10INTERIN_RDRP
01 16:11:50:870 PLSQL: ERROR CARGANDO PEDIDOS
01 16:16:50:873 PLSQL: INICIANDO CARGA DE PEDIDOS EN  V10INTERIN_RDRP
01 16:16:50:875 PLSQL: ERROR CARGANDO PEDIDOS
01 16:21:50:880 PLSQL: INICIANDO CARGA DE PEDIDOS EN  V10INTERIN_RDRP
01 16:21:50:895 PLSQL: ERROR CARGANDO PEDIDOS
01 16:26:50:917 PLSQL: INICIANDO CARGA DE PEDIDOS EN  V10INTERIN_RDRP
01 16:26:50:917 PLSQL: ERROR CARGANDO PEDIDOS
01 16:31:50:932 PLSQL: INICIANDO CARGA DE PEDIDOS EN  V10INTERIN_RDRP
01 16:31:50:932 PLSQL: ERROR CARGANDO PEDIDOS
01 16:36:50:950 PLSQL: INICIANDO CARGA DE PEDIDOS EN  V10INTERIN_RDRP
01 16:36:50:950 PLSQL: ERROR CARGANDO PEDIDOS
01 16:41:50:958 PLSQL: INICIANDO CARGA DE PEDIDOS EN  V10INTERIN_RDRP
01 16:41:50:958 PLSQL: ERROR CARGANDO PEDIDOS
01 16:46:50:963 PLSQL: INICIANDO CARGA DE PEDIDOS EN  V10INTERIN_RDRP
01 16:46:50:963 PLSQL: ERROR CARGANDO PEDIDOS
01 16:51:50:976 PLSQL: INICIANDO CARGA DE PEDIDOS EN  V10INTERIN_RDRP
01 16:51:50:977 PLSQL: ERROR CARGANDO PEDIDOS
01 16:56:50:984 PLSQL: INICIANDO CARGA DE PEDIDOS EN  V10INTERIN_RDRP
01 16:56:50:984 PLSQL: ERROR CARGANDO PEDIDOS
01 17:01:50:994 PLSQL: INICIANDO CARGA DE PEDIDOS EN  V10INTERIN_RDRP
01 17:01:50:996 PLSQL: ERROR CARGANDO PEDIDOS
01 17:06:51:010 PLSQL: INICIANDO CARGA DE PEDIDOS EN  V10INTERIN_RDRP
01 17:06:51:010 PLSQL: ERROR CARGANDO PEDIDOS
01 17:11:51:014 PLSQL: INICIANDO CARGA DE PEDIDOS EN  V10INTERIN_RDRP
01 17:11:51:014 PLSQL: ERROR CARGANDO PEDIDOS
01 17:16:51:020 PLSQL: INICIANDO CARGA DE PEDIDOS EN  V10INTERIN_RDRP
01 17:16:51:020 PLSQL: ERROR CARGANDO PEDIDOS
01 17:21:51:029 PLSQL: INICIANDO CARGA DE PEDIDOS EN  V10INTERIN_RDRP
01 17:21:51:030 PLSQL: ERROR CARGANDO PEDIDOS
01 17:26:51:040 PLSQL: INICIANDO CARGA DE PEDIDOS EN  V10INTERIN_RDRP
01 17:26:51:042 PLSQL: ERROR CARGANDO PEDIDOS
01 17:31:51:052 PLSQL: INICIANDO CARGA DE PEDIDOS EN  V10INTERIN_RDRP
01 17:31:51:053 PLSQL: ERROR CARGANDO PEDIDOS
01 17:36:51:060 PLSQL: INICIANDO CARGA DE PEDIDOS EN  V10INTERIN_RDRP
01 17:36:51:062 PLSQL: ERROR CARGANDO PEDIDOS
01 17:41:51:072 PLSQL: INICIANDO CARGA DE PEDIDOS EN  V10INTERIN_RDRP
01 17:41:51:072 PLSQL: ERROR CARGANDO PEDIDOS
01 17:46:51:087 PLSQL: INICIANDO CARGA DE PEDIDOS EN  V10INTERIN_RDRP
01 17:46:51:087 PLSQL: ERROR CARGANDO PEDIDOS
01 17:51:51:101 PLSQL: INICIANDO CARGA DE PEDIDOS EN  V10INTERIN_RDRP
01 17:51:51:104 PLSQL: ERROR CARGANDO PEDIDOS
01 17:56:51:117 PLSQL: INICIANDO CARGA DE PEDIDOS EN  V10INTERIN_RDRP
01 17:56:51:117 PLSQL: ERROR CARGANDO PEDIDOS

00 17:58:49:100 Fichero de log cerrado.

