00 09:13:09:772 Fichero de log abierto PID 11968

02 09:13:09:773 Intentando abrir fichero v10.ini
02 09:13:09:778 Cargando driver v10oracle funcion damedriveroracle
02 09:13:10:426 Conectado a base de datos
02 09:13:10:427 Proceso CARGA_CODARTALT encontrado en tabla VDPROCESOS
02 09:13:10:428 Proceso CARGA_CODARTALT cargado con función procesoperiodico (Librería VDKERNEL.DLL) direccion 6F882D10
02 09:13:10:430 PLSQL: INICIALIZADO PAQUETE DE LOG EL DIA 13-04-2022
02 09:13:10:438 Actualizado SID 757 SERIAL 29563 del proceso con PID 11968
02 09:13:10:440 Analizado cursor CCARGAARTICULOS
02 09:13:10:441 Leidos 1 cursores
01 09:13:10:441 PLSQL: INICIANDO CARGA DE CODARTALT EN  V10INTERIN_RDRP
01 09:13:10:443 PLSQL: ERROR CARGANDO CODARTALT
01 09:23:10:459 PLSQL: INICIANDO CARGA DE CODARTALT EN  V10INTERIN_RDRP
01 09:23:10:461 PLSQL: ERROR CARGANDO CODARTALT
01 09:33:10:463 PLSQL: INICIANDO CARGA DE CODARTALT EN  V10INTERIN_RDRP
01 09:33:10:464 PLSQL: ERROR CARGANDO CODARTALT
01 09:43:10:479 PLSQL: INICIANDO CARGA DE CODARTALT EN  V10INTERIN_RDRP
01 09:43:10:481 PLSQL: ERROR CARGANDO CODARTALT
01 09:53:10:488 PLSQL: INICIANDO CARGA DE CODARTALT EN  V10INTERIN_RDRP
01 09:53:10:489 PLSQL: ERROR CARGANDO CODARTALT
01 10:03:09:112 PLSQL: INICIANDO CARGA DE CODARTALT EN  V10INTERIN_RDRP
01 10:03:09:114 PLSQL: ERROR CARGANDO CODARTALT
01 10:13:09:126 PLSQL: INICIANDO CARGA DE CODARTALT EN  V10INTERIN_RDRP
01 10:13:09:127 PLSQL: ERROR CARGANDO CODARTALT
01 10:23:09:142 PLSQL: INICIANDO CARGA DE CODARTALT EN  V10INTERIN_RDRP
01 10:23:09:143 PLSQL: ERROR CARGANDO CODARTALT
01 10:33:09:151 PLSQL: INICIANDO CARGA DE CODARTALT EN  V10INTERIN_RDRP
01 10:33:09:152 PLSQL: ERROR CARGANDO CODARTALT
01 10:43:09:164 PLSQL: INICIANDO CARGA DE CODARTALT EN  V10INTERIN_RDRP
01 10:43:09:166 PLSQL: ERROR CARGANDO CODARTALT
01 10:53:09:180 PLSQL: INICIANDO CARGA DE CODARTALT EN  V10INTERIN_RDRP
01 10:53:09:182 PLSQL: ERROR CARGANDO CODARTALT
01 11:03:09:193 PLSQL: INICIANDO CARGA DE CODARTALT EN  V10INTERIN_RDRP
01 11:03:09:195 PLSQL: ERROR CARGANDO CODARTALT
01 11:31:04:115 PLSQL: INICIANDO CARGA DE CODARTALT EN  V10INTERIN_RDRP
01 11:31:04:115 PLSQL: ERROR CARGANDO CODARTALT
01 11:41:04:132 PLSQL: INICIANDO CARGA DE CODARTALT EN  V10INTERIN_RDRP
01 11:41:04:133 PLSQL: ERROR CARGANDO CODARTALT
01 11:51:04:141 PLSQL: INICIANDO CARGA DE CODARTALT EN  V10INTERIN_RDRP
01 11:51:04:143 PLSQL: ERROR CARGANDO CODARTALT
01 12:01:04:159 PLSQL: INICIANDO CARGA DE CODARTALT EN  V10INTERIN_RDRP
01 12:01:04:160 PLSQL: ERROR CARGANDO CODARTALT
01 12:11:04:174 PLSQL: INICIANDO CARGA DE CODARTALT EN  V10INTERIN_RDRP
01 12:11:04:177 PLSQL: ERROR CARGANDO CODARTALT
01 12:21:04:189 PLSQL: INICIANDO CARGA DE CODARTALT EN  V10INTERIN_RDRP
01 12:21:04:190 PLSQL: ERROR CARGANDO CODARTALT
01 12:31:04:193 PLSQL: INICIANDO CARGA DE CODARTALT EN  V10INTERIN_RDRP
01 12:31:04:195 PLSQL: ERROR CARGANDO CODARTALT
01 12:41:04:205 PLSQL: INICIANDO CARGA DE CODARTALT EN  V10INTERIN_RDRP
01 12:41:04:207 PLSQL: ERROR CARGANDO CODARTALT
01 12:51:04:216 PLSQL: INICIANDO CARGA DE CODARTALT EN  V10INTERIN_RDRP
01 12:51:04:220 PLSQL: ERROR CARGANDO CODARTALT
01 13:01:04:227 PLSQL: INICIANDO CARGA DE CODARTALT EN  V10INTERIN_RDRP
01 13:01:04:229 PLSQL: ERROR CARGANDO CODARTALT
01 13:11:04:233 PLSQL: INICIANDO CARGA DE CODARTALT EN  V10INTERIN_RDRP
01 13:11:04:235 PLSQL: ERROR CARGANDO CODARTALT
01 13:21:04:246 PLSQL: INICIANDO CARGA DE CODARTALT EN  V10INTERIN_RDRP
01 13:21:04:248 PLSQL: ERROR CARGANDO CODARTALT
01 13:31:04:253 PLSQL: INICIANDO CARGA DE CODARTALT EN  V10INTERIN_RDRP
01 13:31:04:255 PLSQL: ERROR CARGANDO CODARTALT
01 13:41:04:260 PLSQL: INICIANDO CARGA DE CODARTALT EN  V10INTERIN_RDRP
01 13:41:04:262 PLSQL: ERROR CARGANDO CODARTALT
01 13:51:04:271 PLSQL: INICIANDO CARGA DE CODARTALT EN  V10INTERIN_RDRP
01 13:51:04:274 PLSQL: ERROR CARGANDO CODARTALT
01 14:01:04:282 PLSQL: INICIANDO CARGA DE CODARTALT EN  V10INTERIN_RDRP
01 14:01:04:283 PLSQL: ERROR CARGANDO CODARTALT
01 14:11:04:300 PLSQL: INICIANDO CARGA DE CODARTALT EN  V10INTERIN_RDRP
01 14:11:04:302 PLSQL: ERROR CARGANDO CODARTALT
01 14:21:04:304 PLSQL: INICIANDO CARGA DE CODARTALT EN  V10INTERIN_RDRP
01 14:21:04:307 PLSQL: ERROR CARGANDO CODARTALT
01 14:31:04:314 PLSQL: INICIANDO CARGA DE CODARTALT EN  V10INTERIN_RDRP
01 14:31:04:339 PLSQL: ERROR CARGANDO CODARTALT
01 14:41:04:347 PLSQL: INICIANDO CARGA DE CODARTALT EN  V10INTERIN_RDRP
01 14:41:04:348 PLSQL: ERROR CARGANDO CODARTALT
01 14:51:04:354 PLSQL: INICIANDO CARGA DE CODARTALT EN  V10INTERIN_RDRP
01 14:51:04:379 PLSQL: ERROR CARGANDO CODARTALT
01 15:01:04:385 PLSQL: INICIANDO CARGA DE CODARTALT EN  V10INTERIN_RDRP
01 15:01:04:387 PLSQL: ERROR CARGANDO CODARTALT
01 15:59:32:754 PLSQL: INICIANDO CARGA DE CODARTALT EN  V10INTERIN_RDRP
01 15:59:32:756 PLSQL: ERROR CARGANDO CODARTALT
01 16:09:32:765 PLSQL: INICIANDO CARGA DE CODARTALT EN  V10INTERIN_RDRP
01 16:09:32:766 PLSQL: ERROR CARGANDO CODARTALT
01 16:19:32:779 PLSQL: INICIANDO CARGA DE CODARTALT EN  V10INTERIN_RDRP
01 16:19:32:780 PLSQL: ERROR CARGANDO CODARTALT
01 16:29:32:797 PLSQL: INICIANDO CARGA DE CODARTALT EN  V10INTERIN_RDRP
01 16:29:32:798 PLSQL: ERROR CARGANDO CODARTALT
01 16:39:32:817 PLSQL: INICIANDO CARGA DE CODARTALT EN  V10INTERIN_RDRP
01 16:39:32:836 PLSQL: ERROR CARGANDO CODARTALT
01 16:49:32:847 PLSQL: INICIANDO CARGA DE CODARTALT EN  V10INTERIN_RDRP
01 16:49:32:849 PLSQL: ERROR CARGANDO CODARTALT
01 16:59:32:863 PLSQL: INICIANDO CARGA DE CODARTALT EN  V10INTERIN_RDRP
01 16:59:32:865 PLSQL: ERROR CARGANDO CODARTALT
01 17:09:32:874 PLSQL: INICIANDO CARGA DE CODARTALT EN  V10INTERIN_RDRP
01 17:09:32:876 PLSQL: ERROR CARGANDO CODARTALT
01 17:19:32:884 PLSQL: INICIANDO CARGA DE CODARTALT EN  V10INTERIN_RDRP
01 17:19:32:885 PLSQL: ERROR CARGANDO CODARTALT
01 17:29:32:912 PLSQL: INICIANDO CARGA DE CODARTALT EN  V10INTERIN_RDRP
01 17:29:32:915 PLSQL: ERROR CARGANDO CODARTALT
01 17:39:32:922 PLSQL: INICIANDO CARGA DE CODARTALT EN  V10INTERIN_RDRP
01 17:39:32:930 PLSQL: ERROR CARGANDO CODARTALT
01 17:49:32:932 PLSQL: INICIANDO CARGA DE CODARTALT EN  V10INTERIN_RDRP
01 17:49:32:950 PLSQL: ERROR CARGANDO CODARTALT

00 17:54:53:305 Fichero de log cerrado.

