00 09:23:03:533 Fichero de log abierto PID 1508

02 09:23:03:537 Intentando abrir fichero v10.ini
02 09:23:03:543 Cargando driver v10oracle funcion damedriveroracle
02 09:23:03:892 Conectado a base de datos
02 09:23:03:901 Proceso CARGA_ARTICULOS encontrado en tabla VDPROCESOS
02 09:23:03:901 Proceso CARGA_ARTICULOS cargado con función procesoperiodico (Librería VDKERNEL.DLL) direccion 70032D10
02 09:23:03:905 PLSQL: INICIALIZADO PAQUETE DE LOG EL DIA 05-07-2022
02 09:23:04:081 Actualizado SID 136 SERIAL 12390 del proceso con PID 1508
02 09:23:04:087 Analizado cursor CCARGAARTICULOS
02 09:23:04:088 Leidos 1 cursores
01 09:23:04:090 PLSQL: INICIANDO CARGA DE ARTICULOS EN  V10INTERIN_RDRP
01 09:23:04:092 PLSQL: ERROR CARGANDO ARTICULOS
01 09:33:04:106 PLSQL: INICIANDO CARGA DE ARTICULOS EN  V10INTERIN_RDRP
01 09:33:04:109 PLSQL: ERROR CARGANDO ARTICULOS
01 09:43:04:116 PLSQL: INICIANDO CARGA DE ARTICULOS EN  V10INTERIN_RDRP
01 09:43:04:120 PLSQL: ERROR CARGANDO ARTICULOS
01 09:53:04:139 PLSQL: INICIANDO CARGA DE ARTICULOS EN  V10INTERIN_RDRP
01 09:53:04:140 PLSQL: ERROR CARGANDO ARTICULOS
01 10:03:04:151 PLSQL: INICIANDO CARGA DE ARTICULOS EN  V10INTERIN_RDRP
01 10:03:04:152 PLSQL: ERROR CARGANDO ARTICULOS
01 10:13:04:157 PLSQL: INICIANDO CARGA DE ARTICULOS EN  V10INTERIN_RDRP
01 10:13:04:160 PLSQL: ERROR CARGANDO ARTICULOS
01 10:23:04:174 PLSQL: INICIANDO CARGA DE ARTICULOS EN  V10INTERIN_RDRP
01 10:23:04:175 PLSQL: ERROR CARGANDO ARTICULOS
01 10:33:04:190 PLSQL: INICIANDO CARGA DE ARTICULOS EN  V10INTERIN_RDRP
01 10:33:04:193 PLSQL: ERROR CARGANDO ARTICULOS
01 10:43:04:207 PLSQL: INICIANDO CARGA DE ARTICULOS EN  V10INTERIN_RDRP
01 10:43:04:210 PLSQL: ERROR CARGANDO ARTICULOS
01 11:12:54:439 PLSQL: INICIANDO CARGA DE ARTICULOS EN  V10INTERIN_RDRP
01 11:12:54:465 PLSQL: ERROR CARGANDO ARTICULOS
01 11:22:55:312 PLSQL: INICIANDO CARGA DE ARTICULOS EN  V10INTERIN_RDRP
01 11:22:55:313 PLSQL: ERROR CARGANDO ARTICULOS
01 11:32:55:319 PLSQL: INICIANDO CARGA DE ARTICULOS EN  V10INTERIN_RDRP
01 11:32:55:322 PLSQL: ERROR CARGANDO ARTICULOS
01 11:42:55:338 PLSQL: INICIANDO CARGA DE ARTICULOS EN  V10INTERIN_RDRP
01 11:42:55:339 PLSQL: ERROR CARGANDO ARTICULOS
01 11:52:55:344 PLSQL: INICIANDO CARGA DE ARTICULOS EN  V10INTERIN_RDRP
01 11:52:55:345 PLSQL: ERROR CARGANDO ARTICULOS
01 12:02:55:358 PLSQL: INICIANDO CARGA DE ARTICULOS EN  V10INTERIN_RDRP
01 12:02:55:358 PLSQL: ERROR CARGANDO ARTICULOS
01 12:12:55:370 PLSQL: INICIANDO CARGA DE ARTICULOS EN  V10INTERIN_RDRP
01 12:12:55:371 PLSQL: ERROR CARGANDO ARTICULOS
01 12:22:55:379 PLSQL: INICIANDO CARGA DE ARTICULOS EN  V10INTERIN_RDRP
01 12:22:55:382 PLSQL: ERROR CARGANDO ARTICULOS
01 12:32:55:392 PLSQL: INICIANDO CARGA DE ARTICULOS EN  V10INTERIN_RDRP
01 12:32:55:393 PLSQL: ERROR CARGANDO ARTICULOS
01 12:42:55:407 PLSQL: INICIANDO CARGA DE ARTICULOS EN  V10INTERIN_RDRP
01 12:42:55:411 PLSQL: ERROR CARGANDO ARTICULOS
01 12:52:55:417 PLSQL: INICIANDO CARGA DE ARTICULOS EN  V10INTERIN_RDRP
01 12:52:55:419 PLSQL: ERROR CARGANDO ARTICULOS
01 13:02:55:431 PLSQL: INICIANDO CARGA DE ARTICULOS EN  V10INTERIN_RDRP
01 13:02:55:432 PLSQL: ERROR CARGANDO ARTICULOS
01 13:12:55:441 PLSQL: INICIANDO CARGA DE ARTICULOS EN  V10INTERIN_RDRP
01 13:12:55:443 PLSQL: ERROR CARGANDO ARTICULOS
01 13:22:55:458 PLSQL: INICIANDO CARGA DE ARTICULOS EN  V10INTERIN_RDRP
01 13:22:55:461 PLSQL: ERROR CARGANDO ARTICULOS
01 13:32:55:470 PLSQL: INICIANDO CARGA DE ARTICULOS EN  V10INTERIN_RDRP
01 13:32:55:471 PLSQL: ERROR CARGANDO ARTICULOS

00 13:36:35:290 Fichero de log cerrado.

00 13:36:38:770 Fichero de log abierto PID 13012

02 13:36:38:772 Intentando abrir fichero v10.ini
02 13:36:38:780 Cargando driver v10oracle funcion damedriveroracle
02 13:36:39:572 Conectado a base de datos
02 13:36:39:575 Proceso CARGA_ARTICULOS encontrado en tabla VDPROCESOS
02 13:36:39:575 Proceso CARGA_ARTICULOS cargado con función procesoperiodico (Librería VDKERNEL.DLL) direccion 70032D10
02 13:36:39:578 PLSQL: INICIALIZADO PAQUETE DE LOG EL DIA 05-07-2022
02 13:36:39:589 Actualizado SID 13 SERIAL 37055 del proceso con PID 13012
02 13:36:39:595 Analizado cursor CCARGAARTICULOS
02 13:36:39:595 Leidos 1 cursores
01 13:36:39:597 PLSQL: INICIANDO CARGA DE ARTICULOS EN  V10INTERIN_RDRP
01 13:36:39:598 PLSQL: ERROR CARGANDO ARTICULOS
01 13:57:58:555 PLSQL: INICIANDO CARGA DE ARTICULOS EN  V10INTERIN_RDRP
01 13:57:58:609 PLSQL: ERROR CARGANDO ARTICULOS

00 13:58:57:502 Fichero de log cerrado.

00 13:59:20:205 Fichero de log abierto PID 4188

02 13:59:20:207 Intentando abrir fichero v10.ini
02 13:59:20:232 Cargando driver v10oracle funcion damedriveroracle
02 13:59:20:885 Conectado a base de datos
02 13:59:20:887 Proceso CARGA_ARTICULOS encontrado en tabla VDPROCESOS
02 13:59:20:887 Proceso CARGA_ARTICULOS cargado con función procesoperiodico (Librería VDKERNEL.DLL) direccion 70032D10
02 13:59:20:889 PLSQL: INICIALIZADO PAQUETE DE LOG EL DIA 05-07-2022
02 13:59:20:900 Actualizado SID 10 SERIAL 35758 del proceso con PID 4188
02 13:59:20:900 Analizado cursor CCARGAARTICULOS
02 13:59:20:900 Leidos 1 cursores
01 13:59:20:901 PLSQL: INICIANDO CARGA DE ARTICULOS EN  V10INTERIN_RDRP
01 13:59:20:903 PLSQL: ERROR CARGANDO ARTICULOS
01 14:09:20:909 PLSQL: INICIANDO CARGA DE ARTICULOS EN  V10INTERIN_RDRP
01 14:09:20:910 PLSQL: ERROR CARGANDO ARTICULOS
01 14:19:20:914 PLSQL: INICIANDO CARGA DE ARTICULOS EN  V10INTERIN_RDRP
01 14:19:20:916 PLSQL: ERROR CARGANDO ARTICULOS
01 14:29:20:927 PLSQL: INICIANDO CARGA DE ARTICULOS EN  V10INTERIN_RDRP
01 14:29:20:932 PLSQL: ERROR CARGANDO ARTICULOS
01 14:39:20:942 PLSQL: INICIANDO CARGA DE ARTICULOS EN  V10INTERIN_RDRP
01 14:39:21:011 PLSQL: ERROR CARGANDO ARTICULOS
01 14:49:21:017 PLSQL: INICIANDO CARGA DE ARTICULOS EN  V10INTERIN_RDRP
01 14:49:21:020 PLSQL: ERROR CARGANDO ARTICULOS

00 14:52:23:002 Fichero de log cerrado.

00 14:52:50:240 Fichero de log abierto PID 4604

02 14:52:50:242 Intentando abrir fichero v10.ini
02 14:52:50:247 Cargando driver v10oracle funcion damedriveroracle
02 14:52:51:244 Conectado a base de datos
02 14:52:51:245 Proceso CARGA_ARTICULOS encontrado en tabla VDPROCESOS
02 14:52:51:245 Proceso CARGA_ARTICULOS cargado con función procesoperiodico (Librería VDKERNEL.DLL) direccion 70032D10
02 14:52:51:248 PLSQL: INICIALIZADO PAQUETE DE LOG EL DIA 05-07-2022
02 14:52:51:257 Actualizado SID 749 SERIAL 22883 del proceso con PID 4604
02 14:52:51:257 Analizado cursor CCARGAARTICULOS
02 14:52:51:257 Leidos 1 cursores
01 14:52:51:259 PLSQL: INICIANDO CARGA DE ARTICULOS EN  V10INTERIN_RDRP
01 14:52:51:260 PLSQL: ERROR CARGANDO ARTICULOS

00 14:54:38:074 Fichero de log cerrado.

00 14:54:42:654 Fichero de log abierto PID 4308

02 14:54:42:655 Intentando abrir fichero v10.ini
02 14:54:42:662 Cargando driver v10oracle funcion damedriveroracle
02 14:54:43:279 Conectado a base de datos
02 14:54:43:280 Proceso CARGA_ARTICULOS encontrado en tabla VDPROCESOS
02 14:54:43:282 Proceso CARGA_ARTICULOS cargado con función procesoperiodico (Librería VDKERNEL.DLL) direccion 70032D10
02 14:54:43:284 PLSQL: INICIALIZADO PAQUETE DE LOG EL DIA 05-07-2022
02 14:54:43:294 Actualizado SID 379 SERIAL 12633 del proceso con PID 4308
02 14:54:43:295 Analizado cursor CCARGAARTICULOS
02 14:54:43:295 Leidos 1 cursores
01 14:54:43:296 PLSQL: INICIANDO CARGA DE ARTICULOS EN  V10INTERIN_RDRP
01 14:54:43:298 PLSQL: ERROR CARGANDO ARTICULOS
01 15:04:43:300 PLSQL: INICIANDO CARGA DE ARTICULOS EN  V10INTERIN_RDRP
01 15:04:43:301 PLSQL: ERROR CARGANDO ARTICULOS
01 15:14:43:303 PLSQL: INICIANDO CARGA DE ARTICULOS EN  V10INTERIN_RDRP
01 15:14:43:304 PLSQL: ERROR CARGANDO ARTICULOS
01 15:24:43:315 PLSQL: INICIANDO CARGA DE ARTICULOS EN  V10INTERIN_RDRP
01 15:24:43:318 PLSQL: ERROR CARGANDO ARTICULOS
01 15:34:43:322 PLSQL: INICIANDO CARGA DE ARTICULOS EN  V10INTERIN_RDRP
01 15:34:43:324 PLSQL: ERROR CARGANDO ARTICULOS
01 15:54:24:195 PLSQL: INICIANDO CARGA DE ARTICULOS EN  V10INTERIN_RDRP
01 15:54:24:196 PLSQL: ERROR CARGANDO ARTICULOS
01 16:04:24:207 PLSQL: INICIANDO CARGA DE ARTICULOS EN  V10INTERIN_RDRP
01 16:04:24:207 PLSQL: ERROR CARGANDO ARTICULOS
01 16:14:24:226 PLSQL: INICIANDO CARGA DE ARTICULOS EN  V10INTERIN_RDRP
01 16:14:24:242 PLSQL: ERROR CARGANDO ARTICULOS
01 16:24:24:253 PLSQL: INICIANDO CARGA DE ARTICULOS EN  V10INTERIN_RDRP
01 16:24:24:254 PLSQL: ERROR CARGANDO ARTICULOS
01 16:34:24:272 PLSQL: INICIANDO CARGA DE ARTICULOS EN  V10INTERIN_RDRP
01 16:34:24:275 PLSQL: ERROR CARGANDO ARTICULOS
01 16:44:24:290 PLSQL: INICIANDO CARGA DE ARTICULOS EN  V10INTERIN_RDRP
01 16:44:24:291 PLSQL: ERROR CARGANDO ARTICULOS
01 16:54:24:294 PLSQL: INICIANDO CARGA DE ARTICULOS EN  V10INTERIN_RDRP
01 16:54:24:296 PLSQL: ERROR CARGANDO ARTICULOS
01 17:04:24:299 PLSQL: INICIANDO CARGA DE ARTICULOS EN  V10INTERIN_RDRP
01 17:04:24:300 PLSQL: ERROR CARGANDO ARTICULOS
01 17:14:24:307 PLSQL: INICIANDO CARGA DE ARTICULOS EN  V10INTERIN_RDRP
01 17:14:24:308 PLSQL: ERROR CARGANDO ARTICULOS
01 17:24:24:320 PLSQL: INICIANDO CARGA DE ARTICULOS EN  V10INTERIN_RDRP
01 17:24:24:321 PLSQL: ERROR CARGANDO ARTICULOS
01 17:34:24:332 PLSQL: INICIANDO CARGA DE ARTICULOS EN  V10INTERIN_RDRP
01 17:34:24:333 PLSQL: ERROR CARGANDO ARTICULOS
01 17:46:48:487 PLSQL: INICIANDO CARGA DE ARTICULOS EN  V10INTERIN_RDRP
01 17:46:48:494 PLSQL: ERROR CARGANDO ARTICULOS

00 17:55:06:112 Fichero de log cerrado.

