00 09:13:09:792 Fichero de log abierto PID 14268

02 09:13:09:793 Intentando abrir fichero v10.ini
02 09:13:09:798 Cargando driver v10oracle funcion damedriveroracle
02 09:13:10:290 Conectado a base de datos
02 09:13:10:292 Proceso CARGA_CLIENTES encontrado en tabla VDPROCESOS
02 09:13:10:292 Proceso CARGA_CLIENTES cargado con función procesoperiodico (Librería VDKERNEL.DLL) direccion 6F882D10
02 09:13:10:294 PLSQL: INICIALIZADO PAQUETE DE LOG EL DIA 13-04-2022
02 09:13:10:357 Actualizado SID 142 SERIAL 42565 del proceso con PID 14268
02 09:13:10:358 Analizado cursor CCARGACLIENTES
02 09:13:10:358 Leidos 1 cursores
01 09:13:10:359 PLSQL: INICIANDO CARGA DE CLIENTES EN  V10INTERIN_RDRP
01 09:13:10:361 PLSQL: ERROR CARGANDO CLIENTES
01 09:23:10:365 PLSQL: INICIANDO CARGA DE CLIENTES EN  V10INTERIN_RDRP
01 09:23:10:366 PLSQL: ERROR CARGANDO CLIENTES
01 09:33:10:370 PLSQL: INICIANDO CARGA DE CLIENTES EN  V10INTERIN_RDRP
01 09:33:10:371 PLSQL: ERROR CARGANDO CLIENTES
01 09:43:10:386 PLSQL: INICIANDO CARGA DE CLIENTES EN  V10INTERIN_RDRP
01 09:43:10:388 PLSQL: ERROR CARGANDO CLIENTES
01 09:53:10:394 PLSQL: INICIANDO CARGA DE CLIENTES EN  V10INTERIN_RDRP
01 09:53:10:395 PLSQL: ERROR CARGANDO CLIENTES
01 10:03:09:019 PLSQL: INICIANDO CARGA DE CLIENTES EN  V10INTERIN_RDRP
01 10:03:09:020 PLSQL: ERROR CARGANDO CLIENTES
01 10:13:09:033 PLSQL: INICIANDO CARGA DE CLIENTES EN  V10INTERIN_RDRP
01 10:13:09:040 PLSQL: ERROR CARGANDO CLIENTES
01 10:23:09:080 PLSQL: INICIANDO CARGA DE CLIENTES EN  V10INTERIN_RDRP
01 10:23:09:082 PLSQL: ERROR CARGANDO CLIENTES
01 10:33:09:087 PLSQL: INICIANDO CARGA DE CLIENTES EN  V10INTERIN_RDRP
01 10:33:09:089 PLSQL: ERROR CARGANDO CLIENTES
01 10:43:09:101 PLSQL: INICIANDO CARGA DE CLIENTES EN  V10INTERIN_RDRP
01 10:43:09:103 PLSQL: ERROR CARGANDO CLIENTES
01 10:53:09:117 PLSQL: INICIANDO CARGA DE CLIENTES EN  V10INTERIN_RDRP
01 10:53:09:119 PLSQL: ERROR CARGANDO CLIENTES
01 11:03:09:130 PLSQL: INICIANDO CARGA DE CLIENTES EN  V10INTERIN_RDRP
01 11:03:09:132 PLSQL: ERROR CARGANDO CLIENTES
01 11:31:04:114 PLSQL: INICIANDO CARGA DE CLIENTES EN  V10INTERIN_RDRP
01 11:31:04:115 PLSQL: ERROR CARGANDO CLIENTES
01 11:41:04:132 PLSQL: INICIANDO CARGA DE CLIENTES EN  V10INTERIN_RDRP
01 11:41:04:132 PLSQL: ERROR CARGANDO CLIENTES
01 11:51:04:157 PLSQL: INICIANDO CARGA DE CLIENTES EN  V10INTERIN_RDRP
01 11:51:04:159 PLSQL: ERROR CARGANDO CLIENTES
01 12:01:04:174 PLSQL: INICIANDO CARGA DE CLIENTES EN  V10INTERIN_RDRP
01 12:01:04:177 PLSQL: ERROR CARGANDO CLIENTES
01 12:11:04:189 PLSQL: INICIANDO CARGA DE CLIENTES EN  V10INTERIN_RDRP
01 12:11:04:191 PLSQL: ERROR CARGANDO CLIENTES
01 12:21:04:204 PLSQL: INICIANDO CARGA DE CLIENTES EN  V10INTERIN_RDRP
01 12:21:04:206 PLSQL: ERROR CARGANDO CLIENTES
01 12:31:04:209 PLSQL: INICIANDO CARGA DE CLIENTES EN  V10INTERIN_RDRP
01 12:31:04:210 PLSQL: ERROR CARGANDO CLIENTES
01 12:41:04:221 PLSQL: INICIANDO CARGA DE CLIENTES EN  V10INTERIN_RDRP
01 12:41:04:224 PLSQL: ERROR CARGANDO CLIENTES
01 12:51:04:232 PLSQL: INICIANDO CARGA DE CLIENTES EN  V10INTERIN_RDRP
01 12:51:04:235 PLSQL: ERROR CARGANDO CLIENTES
01 13:01:04:242 PLSQL: INICIANDO CARGA DE CLIENTES EN  V10INTERIN_RDRP
01 13:01:04:244 PLSQL: ERROR CARGANDO CLIENTES
01 13:11:04:249 PLSQL: INICIANDO CARGA DE CLIENTES EN  V10INTERIN_RDRP
01 13:11:04:251 PLSQL: ERROR CARGANDO CLIENTES
01 13:21:04:262 PLSQL: INICIANDO CARGA DE CLIENTES EN  V10INTERIN_RDRP
01 13:21:04:263 PLSQL: ERROR CARGANDO CLIENTES
01 13:31:04:269 PLSQL: INICIANDO CARGA DE CLIENTES EN  V10INTERIN_RDRP
01 13:31:04:270 PLSQL: ERROR CARGANDO CLIENTES
01 13:41:04:275 PLSQL: INICIANDO CARGA DE CLIENTES EN  V10INTERIN_RDRP
01 13:41:04:278 PLSQL: ERROR CARGANDO CLIENTES
01 13:51:04:287 PLSQL: INICIANDO CARGA DE CLIENTES EN  V10INTERIN_RDRP
01 13:51:04:291 PLSQL: ERROR CARGANDO CLIENTES
01 14:01:04:297 PLSQL: INICIANDO CARGA DE CLIENTES EN  V10INTERIN_RDRP
01 14:01:04:299 PLSQL: ERROR CARGANDO CLIENTES
01 14:11:04:315 PLSQL: INICIANDO CARGA DE CLIENTES EN  V10INTERIN_RDRP
01 14:11:04:316 PLSQL: ERROR CARGANDO CLIENTES
01 14:21:04:335 PLSQL: INICIANDO CARGA DE CLIENTES EN  V10INTERIN_RDRP
01 14:21:04:337 PLSQL: ERROR CARGANDO CLIENTES
01 14:31:04:346 PLSQL: INICIANDO CARGA DE CLIENTES EN  V10INTERIN_RDRP
01 14:31:04:347 PLSQL: ERROR CARGANDO CLIENTES
01 14:41:04:364 PLSQL: INICIANDO CARGA DE CLIENTES EN  V10INTERIN_RDRP
01 14:41:04:364 PLSQL: ERROR CARGANDO CLIENTES
01 14:51:04:385 PLSQL: INICIANDO CARGA DE CLIENTES EN  V10INTERIN_RDRP
01 14:51:04:386 PLSQL: ERROR CARGANDO CLIENTES
01 15:01:04:401 PLSQL: INICIANDO CARGA DE CLIENTES EN  V10INTERIN_RDRP
01 15:01:04:402 PLSQL: ERROR CARGANDO CLIENTES
01 15:59:32:757 PLSQL: INICIANDO CARGA DE CLIENTES EN  V10INTERIN_RDRP
01 15:59:32:759 PLSQL: ERROR CARGANDO CLIENTES
01 16:09:32:765 PLSQL: INICIANDO CARGA DE CLIENTES EN  V10INTERIN_RDRP
01 16:09:32:765 PLSQL: ERROR CARGANDO CLIENTES
01 16:19:32:794 PLSQL: INICIANDO CARGA DE CLIENTES EN  V10INTERIN_RDRP
01 16:19:32:796 PLSQL: ERROR CARGANDO CLIENTES
01 16:29:32:813 PLSQL: INICIANDO CARGA DE CLIENTES EN  V10INTERIN_RDRP
01 16:29:32:815 PLSQL: ERROR CARGANDO CLIENTES
01 16:39:32:817 PLSQL: INICIANDO CARGA DE CLIENTES EN  V10INTERIN_RDRP
01 16:39:32:834 PLSQL: ERROR CARGANDO CLIENTES
01 16:49:32:863 PLSQL: INICIANDO CARGA DE CLIENTES EN  V10INTERIN_RDRP
01 16:49:32:865 PLSQL: ERROR CARGANDO CLIENTES
01 16:59:32:878 PLSQL: INICIANDO CARGA DE CLIENTES EN  V10INTERIN_RDRP
01 16:59:32:881 PLSQL: ERROR CARGANDO CLIENTES
01 17:09:32:889 PLSQL: INICIANDO CARGA DE CLIENTES EN  V10INTERIN_RDRP
01 17:09:32:891 PLSQL: ERROR CARGANDO CLIENTES
01 17:19:32:900 PLSQL: INICIANDO CARGA DE CLIENTES EN  V10INTERIN_RDRP
01 17:19:32:902 PLSQL: ERROR CARGANDO CLIENTES
01 17:29:32:913 PLSQL: INICIANDO CARGA DE CLIENTES EN  V10INTERIN_RDRP
01 17:29:32:932 PLSQL: ERROR CARGANDO CLIENTES
01 17:39:32:937 PLSQL: INICIANDO CARGA DE CLIENTES EN  V10INTERIN_RDRP
01 17:39:32:939 PLSQL: ERROR CARGANDO CLIENTES
01 17:49:32:948 PLSQL: INICIANDO CARGA DE CLIENTES EN  V10INTERIN_RDRP
01 17:49:32:950 PLSQL: ERROR CARGANDO CLIENTES

00 17:54:53:300 Fichero de log cerrado.

