00 09:17:44:737 Fichero de log abierto PID 8188

02 09:17:44:740 Intentando abrir fichero v10.ini
02 09:17:44:745 Cargando driver v10oracle funcion damedriveroracle
02 09:17:45:082 Conectado a base de datos
02 09:17:45:085 Proceso CARGA_CODARTALT encontrado en tabla VDPROCESOS
02 09:17:45:086 Proceso CARGA_CODARTALT cargado con función procesoperiodico (Librería VDKERNEL.DLL) direccion 6C002D10
02 09:17:45:088 PLSQL: INICIALIZADO PAQUETE DE LOG EL DIA 28-06-2022
02 09:17:45:097 Actualizado SID 376 SERIAL 44500 del proceso con PID 8188
02 09:17:45:105 Analizado cursor CCARGAARTICULOS
02 09:17:45:105 Leidos 1 cursores
01 09:17:45:106 PLSQL: INICIANDO CARGA DE CODARTALT EN  V10INTERIN_RDRP
01 09:17:45:108 PLSQL: ERROR CARGANDO CODARTALT
01 09:27:45:118 PLSQL: INICIANDO CARGA DE CODARTALT EN  V10INTERIN_RDRP
01 09:27:45:120 PLSQL: ERROR CARGANDO CODARTALT
01 09:37:45:125 PLSQL: INICIANDO CARGA DE CODARTALT EN  V10INTERIN_RDRP
01 09:37:45:125 PLSQL: ERROR CARGANDO CODARTALT

00 09:39:20:132 Fichero de log cerrado.

00 09:39:35:371 Fichero de log abierto PID 764

02 09:39:35:372 Intentando abrir fichero v10.ini
02 09:39:35:377 Cargando driver v10oracle funcion damedriveroracle
02 09:39:35:931 Conectado a base de datos
02 09:39:35:932 Proceso CARGA_CODARTALT encontrado en tabla VDPROCESOS
02 09:39:35:932 Proceso CARGA_CODARTALT cargado con función procesoperiodico (Librería VDKERNEL.DLL) direccion 6C002D10
02 09:39:35:935 PLSQL: INICIALIZADO PAQUETE DE LOG EL DIA 28-06-2022
02 09:39:35:945 Actualizado SID 261 SERIAL 55893 del proceso con PID 764
02 09:39:35:961 Analizado cursor CCARGAARTICULOS
02 09:39:35:962 Leidos 1 cursores
01 09:39:35:964 PLSQL: INICIANDO CARGA DE CODARTALT EN  V10INTERIN_RDRP
01 09:39:35:966 PLSQL: ERROR CARGANDO CODARTALT
01 09:49:35:977 PLSQL: INICIANDO CARGA DE CODARTALT EN  V10INTERIN_RDRP
01 09:49:35:977 PLSQL: ERROR CARGANDO CODARTALT
01 09:59:35:995 PLSQL: INICIANDO CARGA DE CODARTALT EN  V10INTERIN_RDRP
01 09:59:35:995 PLSQL: ERROR CARGANDO CODARTALT
01 10:09:36:004 PLSQL: INICIANDO CARGA DE CODARTALT EN  V10INTERIN_RDRP
01 10:09:36:004 PLSQL: ERROR CARGANDO CODARTALT
01 10:19:36:016 PLSQL: INICIANDO CARGA DE CODARTALT EN  V10INTERIN_RDRP
01 10:19:36:016 PLSQL: ERROR CARGANDO CODARTALT
01 10:29:36:034 PLSQL: INICIANDO CARGA DE CODARTALT EN  V10INTERIN_RDRP
01 10:29:36:034 PLSQL: ERROR CARGANDO CODARTALT
01 10:39:36:042 PLSQL: INICIANDO CARGA DE CODARTALT EN  V10INTERIN_RDRP
01 10:39:36:042 PLSQL: ERROR CARGANDO CODARTALT
01 11:10:26:536 PLSQL: INICIANDO CARGA DE CODARTALT EN  V10INTERIN_RDRP
01 11:10:26:554 PLSQL: ERROR CARGANDO CODARTALT
01 11:20:26:570 PLSQL: INICIANDO CARGA DE CODARTALT EN  V10INTERIN_RDRP
01 11:20:26:571 PLSQL: ERROR CARGANDO CODARTALT
01 11:30:26:593 PLSQL: INICIANDO CARGA DE CODARTALT EN  V10INTERIN_RDRP
01 11:30:26:594 PLSQL: ERROR CARGANDO CODARTALT
01 11:40:26:625 PLSQL: INICIANDO CARGA DE CODARTALT EN  V10INTERIN_RDRP
01 11:40:26:626 PLSQL: ERROR CARGANDO CODARTALT
01 11:50:26:646 PLSQL: INICIANDO CARGA DE CODARTALT EN  V10INTERIN_RDRP
01 11:50:26:647 PLSQL: ERROR CARGANDO CODARTALT
01 12:00:26:653 PLSQL: INICIANDO CARGA DE CODARTALT EN  V10INTERIN_RDRP
01 12:00:26:677 PLSQL: ERROR CARGANDO CODARTALT
01 12:10:26:690 PLSQL: INICIANDO CARGA DE CODARTALT EN  V10INTERIN_RDRP
01 12:10:26:690 PLSQL: ERROR CARGANDO CODARTALT

00 12:12:08:720 Fichero de log cerrado.

00 12:12:21:949 Fichero de log abierto PID 12316

02 12:12:21:954 Intentando abrir fichero v10.ini
02 12:12:21:960 Cargando driver v10oracle funcion damedriveroracle
02 12:12:22:517 Conectado a base de datos
02 12:12:22:520 Proceso CARGA_CODARTALT encontrado en tabla VDPROCESOS
02 12:12:22:520 Proceso CARGA_CODARTALT cargado con función procesoperiodico (Librería VDKERNEL.DLL) direccion 6C002D10
02 12:12:22:522 PLSQL: INICIALIZADO PAQUETE DE LOG EL DIA 28-06-2022
02 12:12:22:530 Actualizado SID 259 SERIAL 35045 del proceso con PID 12316
02 12:12:22:532 Analizado cursor CCARGAARTICULOS
02 12:12:22:532 Leidos 1 cursores
01 12:12:22:532 PLSQL: INICIANDO CARGA DE CODARTALT EN  V10INTERIN_RDRP
01 12:12:22:532 PLSQL: ERROR CARGANDO CODARTALT

00 12:17:16:450 Fichero de log cerrado.

00 12:17:33:525 Fichero de log abierto PID 14168

02 12:17:33:527 Intentando abrir fichero v10.ini
02 12:17:33:532 Cargando driver v10oracle funcion damedriveroracle
02 12:17:34:312 Conectado a base de datos
02 12:17:34:312 Proceso CARGA_CODARTALT encontrado en tabla VDPROCESOS
02 12:17:34:315 Proceso CARGA_CODARTALT cargado con función procesoperiodico (Librería VDKERNEL.DLL) direccion 6C002D10
02 12:17:34:316 PLSQL: INICIALIZADO PAQUETE DE LOG EL DIA 28-06-2022
02 12:17:34:327 Actualizado SID 870 SERIAL 29169 del proceso con PID 14168
02 12:17:34:327 Analizado cursor CCARGAARTICULOS
02 12:17:34:327 Leidos 1 cursores
01 12:17:34:329 PLSQL: INICIANDO CARGA DE CODARTALT EN  V10INTERIN_RDRP
01 12:17:34:331 PLSQL: ERROR CARGANDO CODARTALT
01 12:27:34:338 PLSQL: INICIANDO CARGA DE CODARTALT EN  V10INTERIN_RDRP
01 12:27:34:338 PLSQL: ERROR CARGANDO CODARTALT
01 12:41:29:216 PLSQL: INICIANDO CARGA DE CODARTALT EN  V10INTERIN_RDRP
01 12:41:29:216 PLSQL: ERROR CARGANDO CODARTALT

00 12:42:30:062 Fichero de log cerrado.

00 12:42:45:480 Fichero de log abierto PID 8696

02 12:42:45:482 Intentando abrir fichero v10.ini
02 12:42:45:490 Cargando driver v10oracle funcion damedriveroracle
02 12:42:46:107 Conectado a base de datos
02 12:42:46:110 Proceso CARGA_CODARTALT encontrado en tabla VDPROCESOS
02 12:42:46:110 Proceso CARGA_CODARTALT cargado con función procesoperiodico (Librería VDKERNEL.DLL) direccion 6C002D10
02 12:42:46:111 PLSQL: INICIALIZADO PAQUETE DE LOG EL DIA 28-06-2022
02 12:42:46:125 Actualizado SID 262 SERIAL 27683 del proceso con PID 8696
02 12:42:46:125 Analizado cursor CCARGAARTICULOS
02 12:42:46:125 Leidos 1 cursores
01 12:42:46:126 PLSQL: INICIANDO CARGA DE CODARTALT EN  V10INTERIN_RDRP
01 12:42:46:128 PLSQL: ERROR CARGANDO CODARTALT
01 12:52:46:139 PLSQL: INICIANDO CARGA DE CODARTALT EN  V10INTERIN_RDRP
01 12:52:46:140 PLSQL: ERROR CARGANDO CODARTALT
01 13:02:46:149 PLSQL: INICIANDO CARGA DE CODARTALT EN  V10INTERIN_RDRP
01 13:02:46:149 PLSQL: ERROR CARGANDO CODARTALT
01 13:12:46:158 PLSQL: INICIANDO CARGA DE CODARTALT EN  V10INTERIN_RDRP
01 13:12:46:159 PLSQL: ERROR CARGANDO CODARTALT
01 13:22:46:168 PLSQL: INICIANDO CARGA DE CODARTALT EN  V10INTERIN_RDRP
01 13:22:46:168 PLSQL: ERROR CARGANDO CODARTALT
01 13:32:46:178 PLSQL: INICIANDO CARGA DE CODARTALT EN  V10INTERIN_RDRP
01 13:32:46:179 PLSQL: ERROR CARGANDO CODARTALT

00 13:34:12:797 Fichero de log cerrado.

00 13:34:39:847 Fichero de log abierto PID 7124

02 13:34:39:850 Intentando abrir fichero v10.ini
02 13:34:39:855 Cargando driver v10oracle funcion damedriveroracle
02 13:34:40:699 Conectado a base de datos
02 13:34:40:702 Proceso CARGA_CODARTALT encontrado en tabla VDPROCESOS
02 13:34:40:704 Proceso CARGA_CODARTALT cargado con función procesoperiodico (Librería VDKERNEL.DLL) direccion 6C002D10
02 13:34:40:706 PLSQL: INICIALIZADO PAQUETE DE LOG EL DIA 28-06-2022
02 13:34:40:717 Actualizado SID 630 SERIAL 22233 del proceso con PID 7124
02 13:34:40:717 Analizado cursor CCARGAARTICULOS
02 13:34:40:717 Leidos 1 cursores
01 13:34:40:719 PLSQL: INICIANDO CARGA DE CODARTALT EN  V10INTERIN_RDRP
01 13:34:40:720 PLSQL: ERROR CARGANDO CODARTALT

00 13:35:55:740 Fichero de log cerrado.

00 13:36:00:002 Fichero de log abierto PID 16020

02 13:36:00:005 Intentando abrir fichero v10.ini
02 13:36:00:012 Cargando driver v10oracle funcion damedriveroracle
02 13:36:00:757 Conectado a base de datos
02 13:36:00:757 Proceso CARGA_CODARTALT encontrado en tabla VDPROCESOS
02 13:36:00:757 Proceso CARGA_CODARTALT cargado con función procesoperiodico (Librería VDKERNEL.DLL) direccion 6C002D10
02 13:36:00:762 PLSQL: INICIALIZADO PAQUETE DE LOG EL DIA 28-06-2022
02 13:36:00:772 Actualizado SID 261 SERIAL 63525 del proceso con PID 16020
02 13:36:00:772 Analizado cursor CCARGAARTICULOS
02 13:36:00:772 Leidos 1 cursores
01 13:36:00:774 PLSQL: INICIANDO CARGA DE CODARTALT EN  V10INTERIN_RDRP
01 13:36:00:776 PLSQL: ERROR CARGANDO CODARTALT

00 13:36:42:907 Fichero de log cerrado.

00 13:44:14:312 Fichero de log abierto PID 14112

02 13:44:14:312 Intentando abrir fichero v10.ini
02 13:44:14:319 Cargando driver v10oracle funcion damedriveroracle
02 13:44:14:910 Conectado a base de datos
02 13:44:14:912 Proceso CARGA_CODARTALT encontrado en tabla VDPROCESOS
02 13:44:14:912 Proceso CARGA_CODARTALT cargado con función procesoperiodico (Librería VDKERNEL.DLL) direccion 6C002D10
02 13:44:14:915 PLSQL: INICIALIZADO PAQUETE DE LOG EL DIA 28-06-2022
02 13:44:14:925 Actualizado SID 134 SERIAL 58549 del proceso con PID 14112
02 13:44:14:925 Analizado cursor CCARGAARTICULOS
02 13:44:14:925 Leidos 1 cursores
01 13:44:14:928 PLSQL: INICIANDO CARGA DE CODARTALT EN  V10INTERIN_RDRP
01 13:44:14:930 PLSQL: ERROR CARGANDO CODARTALT
01 13:54:14:934 PLSQL: INICIANDO CARGA DE CODARTALT EN  V10INTERIN_RDRP
01 13:54:14:934 PLSQL: ERROR CARGANDO CODARTALT
01 14:04:14:939 PLSQL: INICIANDO CARGA DE CODARTALT EN  V10INTERIN_RDRP
01 14:04:14:939 PLSQL: ERROR CARGANDO CODARTALT
01 14:14:14:964 PLSQL: INICIANDO CARGA DE CODARTALT EN  V10INTERIN_RDRP
01 14:14:14:964 PLSQL: ERROR CARGANDO CODARTALT
01 14:24:14:976 PLSQL: INICIANDO CARGA DE CODARTALT EN  V10INTERIN_RDRP
01 14:24:14:976 PLSQL: ERROR CARGANDO CODARTALT
01 14:34:14:982 PLSQL: INICIANDO CARGA DE CODARTALT EN  V10INTERIN_RDRP
01 14:34:14:982 PLSQL: ERROR CARGANDO CODARTALT
01 14:44:14:997 PLSQL: INICIANDO CARGA DE CODARTALT EN  V10INTERIN_RDRP
01 14:44:14:997 PLSQL: ERROR CARGANDO CODARTALT

00 14:45:59:842 Fichero de log cerrado.

00 14:46:22:400 Fichero de log abierto PID 10252

02 14:46:22:402 Intentando abrir fichero v10.ini
02 14:46:22:407 Cargando driver v10oracle funcion damedriveroracle
02 14:46:22:905 Conectado a base de datos
02 14:46:22:909 Proceso CARGA_CODARTALT encontrado en tabla VDPROCESOS
02 14:46:22:909 Proceso CARGA_CODARTALT cargado con función procesoperiodico (Librería VDKERNEL.DLL) direccion 6C002D10
02 14:46:22:911 PLSQL: INICIALIZADO PAQUETE DE LOG EL DIA 28-06-2022
02 14:46:23:002 Actualizado SID 501 SERIAL 12296 del proceso con PID 10252
02 14:46:23:004 Analizado cursor CCARGAARTICULOS
02 14:46:23:004 Leidos 1 cursores
01 14:46:23:004 PLSQL: INICIANDO CARGA DE CODARTALT EN  V10INTERIN_RDRP
01 14:46:23:004 PLSQL: ERROR CARGANDO CODARTALT
01 14:56:23:014 PLSQL: INICIANDO CARGA DE CODARTALT EN  V10INTERIN_RDRP
01 14:56:23:015 PLSQL: ERROR CARGANDO CODARTALT
01 15:06:23:035 PLSQL: INICIANDO CARGA DE CODARTALT EN  V10INTERIN_RDRP
01 15:06:23:035 PLSQL: ERROR CARGANDO CODARTALT
01 15:16:23:045 PLSQL: INICIANDO CARGA DE CODARTALT EN  V10INTERIN_RDRP
01 15:16:23:045 PLSQL: ERROR CARGANDO CODARTALT
01 15:51:50:815 PLSQL: INICIANDO CARGA DE CODARTALT EN  V10INTERIN_RDRP
01 15:51:50:815 PLSQL: ERROR CARGANDO CODARTALT
01 16:01:50:879 PLSQL: INICIANDO CARGA DE CODARTALT EN  V10INTERIN_RDRP
01 16:01:50:879 PLSQL: ERROR CARGANDO CODARTALT
01 16:11:50:901 PLSQL: INICIANDO CARGA DE CODARTALT EN  V10INTERIN_RDRP
01 16:11:50:902 PLSQL: ERROR CARGANDO CODARTALT
01 16:21:50:910 PLSQL: INICIANDO CARGA DE CODARTALT EN  V10INTERIN_RDRP
01 16:21:50:911 PLSQL: ERROR CARGANDO CODARTALT
01 16:31:50:915 PLSQL: INICIANDO CARGA DE CODARTALT EN  V10INTERIN_RDRP
01 16:31:50:915 PLSQL: ERROR CARGANDO CODARTALT
01 16:41:50:942 PLSQL: INICIANDO CARGA DE CODARTALT EN  V10INTERIN_RDRP
01 16:41:50:942 PLSQL: ERROR CARGANDO CODARTALT
01 16:51:50:961 PLSQL: INICIANDO CARGA DE CODARTALT EN  V10INTERIN_RDRP
01 16:51:50:962 PLSQL: ERROR CARGANDO CODARTALT
01 17:01:50:978 PLSQL: INICIANDO CARGA DE CODARTALT EN  V10INTERIN_RDRP
01 17:01:50:978 PLSQL: ERROR CARGANDO CODARTALT
01 17:11:50:997 PLSQL: INICIANDO CARGA DE CODARTALT EN  V10INTERIN_RDRP
01 17:11:50:998 PLSQL: ERROR CARGANDO CODARTALT
01 17:21:51:012 PLSQL: INICIANDO CARGA DE CODARTALT EN  V10INTERIN_RDRP
01 17:21:51:012 PLSQL: ERROR CARGANDO CODARTALT
01 17:31:51:030 PLSQL: INICIANDO CARGA DE CODARTALT EN  V10INTERIN_RDRP
01 17:31:51:031 PLSQL: ERROR CARGANDO CODARTALT
01 17:41:51:038 PLSQL: INICIANDO CARGA DE CODARTALT EN  V10INTERIN_RDRP
01 17:41:51:039 PLSQL: ERROR CARGANDO CODARTALT
01 17:51:51:055 PLSQL: INICIANDO CARGA DE CODARTALT EN  V10INTERIN_RDRP
01 17:51:51:056 PLSQL: ERROR CARGANDO CODARTALT

00 17:58:49:100 Fichero de log cerrado.

