00 11:54:47:622 Fichero de log abierto PID 12756

02 11:54:47:624 Intentando abrir fichero v10.ini
02 11:54:47:629 Cargando driver v10oracle funcion damedriveroracle
02 11:54:48:150 Conectado a base de datos
02 11:54:48:150 Proceso CARGA_CODARTALT encontrado en tabla VDPROCESOS
02 11:54:48:150 Proceso CARGA_CODARTALT cargado con función procesoperiodico (Librería VDKERNEL.DLL) direccion 614C2D10
02 11:54:48:154 PLSQL: INICIALIZADO PAQUETE DE LOG EL DIA 30-06-2022
02 11:54:48:167 Actualizado SID 136 SERIAL 40819 del proceso con PID 12756
02 11:54:48:174 Analizado cursor CCARGAARTICULOS
02 11:54:48:174 Leidos 1 cursores
01 11:54:48:175 PLSQL: INICIANDO CARGA DE CODARTALT EN  V10INTERIN_RDRP
01 11:54:48:176 PLSQL: ERROR CARGANDO CODARTALT

00 12:04:30:227 Fichero de log cerrado.

00 12:04:42:805 Fichero de log abierto PID 3304

02 12:04:42:807 Intentando abrir fichero v10.ini
02 12:04:42:814 Cargando driver v10oracle funcion damedriveroracle
02 12:04:43:430 Conectado a base de datos
02 12:04:43:432 Proceso CARGA_CODARTALT encontrado en tabla VDPROCESOS
02 12:04:43:434 Proceso CARGA_CODARTALT cargado con función procesoperiodico (Librería VDKERNEL.DLL) direccion 614C2D10
02 12:04:43:436 PLSQL: INICIALIZADO PAQUETE DE LOG EL DIA 30-06-2022
02 12:04:43:445 Actualizado SID 14 SERIAL 62806 del proceso con PID 3304
02 12:04:43:447 Analizado cursor CCARGAARTICULOS
02 12:04:43:447 Leidos 1 cursores
01 12:04:43:449 PLSQL: INICIANDO CARGA DE CODARTALT EN  V10INTERIN_RDRP
01 12:04:43:450 PLSQL: ERROR CARGANDO CODARTALT

00 12:05:30:412 Fichero de log cerrado.

00 12:07:06:200 Fichero de log abierto PID 15712

02 12:07:06:202 Intentando abrir fichero v10.ini
02 12:07:06:205 Cargando driver v10oracle funcion damedriveroracle
02 12:07:06:832 Conectado a base de datos
02 12:07:06:835 Proceso CARGA_CODARTALT encontrado en tabla VDPROCESOS
02 12:07:06:835 Proceso CARGA_CODARTALT cargado con función procesoperiodico (Librería VDKERNEL.DLL) direccion 614C2D10
02 12:07:06:837 PLSQL: INICIALIZADO PAQUETE DE LOG EL DIA 30-06-2022
02 12:07:06:847 Actualizado SID 20 SERIAL 55874 del proceso con PID 15712
02 12:07:06:847 Analizado cursor CCARGAARTICULOS
02 12:07:06:847 Leidos 1 cursores
01 12:07:06:847 PLSQL: INICIANDO CARGA DE CODARTALT EN  V10INTERIN_RDRP
01 12:07:06:851 PLSQL: ERROR CARGANDO CODARTALT
01 12:17:05:648 PLSQL: INICIANDO CARGA DE CODARTALT EN  V10INTERIN_RDRP
01 12:17:05:648 PLSQL: ERROR CARGANDO CODARTALT
01 12:27:05:657 PLSQL: INICIANDO CARGA DE CODARTALT EN  V10INTERIN_RDRP
01 12:27:05:659 PLSQL: ERROR CARGANDO CODARTALT
01 12:37:05:669 PLSQL: INICIANDO CARGA DE CODARTALT EN  V10INTERIN_RDRP
01 12:37:05:669 PLSQL: ERROR CARGANDO CODARTALT
01 12:47:05:684 PLSQL: INICIANDO CARGA DE CODARTALT EN  V10INTERIN_RDRP
01 12:47:05:752 PLSQL: ERROR CARGANDO CODARTALT
01 12:57:05:758 PLSQL: INICIANDO CARGA DE CODARTALT EN  V10INTERIN_RDRP
01 12:57:05:758 PLSQL: ERROR CARGANDO CODARTALT
01 13:07:05:769 PLSQL: INICIANDO CARGA DE CODARTALT EN  V10INTERIN_RDRP
01 13:07:05:769 PLSQL: ERROR CARGANDO CODARTALT
01 13:17:05:785 PLSQL: INICIANDO CARGA DE CODARTALT EN  V10INTERIN_RDRP
01 13:17:05:786 PLSQL: ERROR CARGANDO CODARTALT
01 13:27:05:790 PLSQL: INICIANDO CARGA DE CODARTALT EN  V10INTERIN_RDRP
01 13:27:05:792 PLSQL: ERROR CARGANDO CODARTALT
01 13:37:05:810 PLSQL: INICIANDO CARGA DE CODARTALT EN  V10INTERIN_RDRP
01 13:37:05:811 PLSQL: ERROR CARGANDO CODARTALT
01 13:47:05:829 PLSQL: INICIANDO CARGA DE CODARTALT EN  V10INTERIN_RDRP
01 13:47:05:829 PLSQL: ERROR CARGANDO CODARTALT
01 13:57:05:836 PLSQL: INICIANDO CARGA DE CODARTALT EN  V10INTERIN_RDRP
01 13:57:05:836 PLSQL: ERROR CARGANDO CODARTALT

00 13:58:50:670 Fichero de log cerrado.

00 13:59:07:317 Fichero de log abierto PID 1512

02 13:59:07:320 Intentando abrir fichero v10.ini
02 13:59:07:325 Cargando driver v10oracle funcion damedriveroracle
02 13:59:08:117 Conectado a base de datos
02 13:59:08:120 Proceso CARGA_CODARTALT encontrado en tabla VDPROCESOS
02 13:59:08:120 Proceso CARGA_CODARTALT cargado con función procesoperiodico (Librería VDKERNEL.DLL) direccion 614C2D10
02 13:59:08:123 PLSQL: INICIALIZADO PAQUETE DE LOG EL DIA 30-06-2022
02 13:59:08:134 Actualizado SID 14 SERIAL 16601 del proceso con PID 1512
02 13:59:08:139 Analizado cursor CCARGAARTICULOS
02 13:59:08:139 Leidos 1 cursores
01 13:59:08:139 PLSQL: INICIANDO CARGA DE CODARTALT EN  V10INTERIN_RDRP
01 13:59:08:141 PLSQL: ERROR CARGANDO CODARTALT
01 14:09:08:148 PLSQL: INICIANDO CARGA DE CODARTALT EN  V10INTERIN_RDRP
01 14:09:08:148 PLSQL: ERROR CARGANDO CODARTALT
01 14:19:08:171 PLSQL: INICIANDO CARGA DE CODARTALT EN  V10INTERIN_RDRP
01 14:19:08:172 PLSQL: ERROR CARGANDO CODARTALT
01 14:29:08:186 PLSQL: INICIANDO CARGA DE CODARTALT EN  V10INTERIN_RDRP
01 14:29:08:186 PLSQL: ERROR CARGANDO CODARTALT
01 14:39:08:205 PLSQL: INICIANDO CARGA DE CODARTALT EN  V10INTERIN_RDRP
01 14:39:08:205 PLSQL: ERROR CARGANDO CODARTALT
01 14:49:08:220 PLSQL: INICIANDO CARGA DE CODARTALT EN  V10INTERIN_RDRP
01 14:49:08:223 PLSQL: ERROR CARGANDO CODARTALT
01 14:59:08:234 PLSQL: INICIANDO CARGA DE CODARTALT EN  V10INTERIN_RDRP
01 14:59:08:234 PLSQL: ERROR CARGANDO CODARTALT
01 15:09:08:256 PLSQL: INICIANDO CARGA DE CODARTALT EN  V10INTERIN_RDRP
01 15:09:08:256 PLSQL: ERROR CARGANDO CODARTALT
01 15:19:08:273 PLSQL: INICIANDO CARGA DE CODARTALT EN  V10INTERIN_RDRP
01 15:19:08:274 PLSQL: ERROR CARGANDO CODARTALT
01 15:29:08:282 PLSQL: INICIANDO CARGA DE CODARTALT EN  V10INTERIN_RDRP
01 15:29:08:302 PLSQL: ERROR CARGANDO CODARTALT
01 15:39:08:306 PLSQL: INICIANDO CARGA DE CODARTALT EN  V10INTERIN_RDRP
01 15:39:08:306 PLSQL: ERROR CARGANDO CODARTALT
01 15:49:08:314 PLSQL: INICIANDO CARGA DE CODARTALT EN  V10INTERIN_RDRP
01 15:49:08:314 PLSQL: ERROR CARGANDO CODARTALT
01 15:59:08:332 PLSQL: INICIANDO CARGA DE CODARTALT EN  V10INTERIN_RDRP
01 15:59:08:332 PLSQL: ERROR CARGANDO CODARTALT
01 16:09:08:345 PLSQL: INICIANDO CARGA DE CODARTALT EN  V10INTERIN_RDRP
01 16:09:08:345 PLSQL: ERROR CARGANDO CODARTALT
01 16:19:08:356 PLSQL: INICIANDO CARGA DE CODARTALT EN  V10INTERIN_RDRP
01 16:19:08:356 PLSQL: ERROR CARGANDO CODARTALT
01 16:29:08:374 PLSQL: INICIANDO CARGA DE CODARTALT EN  V10INTERIN_RDRP
01 16:29:08:374 PLSQL: ERROR CARGANDO CODARTALT
01 16:39:08:392 PLSQL: INICIANDO CARGA DE CODARTALT EN  V10INTERIN_RDRP
01 16:39:08:392 PLSQL: ERROR CARGANDO CODARTALT
01 16:49:08:399 PLSQL: INICIANDO CARGA DE CODARTALT EN  V10INTERIN_RDRP
01 16:49:08:399 PLSQL: ERROR CARGANDO CODARTALT
01 16:59:08:417 PLSQL: INICIANDO CARGA DE CODARTALT EN  V10INTERIN_RDRP
01 16:59:08:417 PLSQL: ERROR CARGANDO CODARTALT
01 17:09:08:433 PLSQL: INICIANDO CARGA DE CODARTALT EN  V10INTERIN_RDRP
01 17:09:08:433 PLSQL: ERROR CARGANDO CODARTALT
01 17:19:08:454 PLSQL: INICIANDO CARGA DE CODARTALT EN  V10INTERIN_RDRP
01 17:19:08:454 PLSQL: ERROR CARGANDO CODARTALT
01 17:29:08:466 PLSQL: INICIANDO CARGA DE CODARTALT EN  V10INTERIN_RDRP
01 17:29:08:466 PLSQL: ERROR CARGANDO CODARTALT

00 17:31:35:259 Fichero de log cerrado.

00 17:31:47:939 Fichero de log abierto PID 15336

02 17:31:47:949 Intentando abrir fichero v10.ini
02 17:31:47:957 Cargando driver v10oracle funcion damedriveroracle
02 17:31:48:422 Conectado a base de datos
02 17:31:48:424 Proceso CARGA_CODARTALT encontrado en tabla VDPROCESOS
02 17:31:48:425 Proceso CARGA_CODARTALT cargado con función procesoperiodico (Librería VDKERNEL.DLL) direccion 614C2D10
02 17:31:48:426 PLSQL: INICIALIZADO PAQUETE DE LOG EL DIA 30-06-2022
02 17:31:48:477 Actualizado SID 872 SERIAL 42050 del proceso con PID 15336
02 17:31:48:477 Analizado cursor CCARGAARTICULOS
02 17:31:48:477 Leidos 1 cursores
01 17:31:48:479 PLSQL: INICIANDO CARGA DE CODARTALT EN  V10INTERIN_RDRP
01 17:31:48:480 PLSQL: ERROR CARGANDO CODARTALT
01 17:41:48:496 PLSQL: INICIANDO CARGA DE CODARTALT EN  V10INTERIN_RDRP
01 17:41:48:496 PLSQL: ERROR CARGANDO CODARTALT

00 17:46:21:449 Fichero de log cerrado.

00 17:46:33:637 Fichero de log abierto PID 4680

02 17:46:33:640 Intentando abrir fichero v10.ini
02 17:46:33:647 Cargando driver v10oracle funcion damedriveroracle
02 17:46:34:242 Conectado a base de datos
02 17:46:34:245 Proceso CARGA_CODARTALT encontrado en tabla VDPROCESOS
02 17:46:34:245 Proceso CARGA_CODARTALT cargado con función procesoperiodico (Librería VDKERNEL.DLL) direccion 614C2D10
02 17:46:34:247 PLSQL: INICIALIZADO PAQUETE DE LOG EL DIA 30-06-2022
02 17:46:34:257 Actualizado SID 257 SERIAL 33021 del proceso con PID 4680
02 17:46:34:257 Analizado cursor CCARGAARTICULOS
02 17:46:34:257 Leidos 1 cursores
01 17:46:34:259 PLSQL: INICIANDO CARGA DE CODARTALT EN  V10INTERIN_RDRP
01 17:46:34:260 PLSQL: ERROR CARGANDO CODARTALT

00 17:49:57:492 Fichero de log cerrado.

00 17:51:14:744 Fichero de log abierto PID 12072

02 17:51:14:744 Intentando abrir fichero v10.ini
02 17:51:14:750 Cargando driver v10oracle funcion damedriveroracle
02 17:51:15:555 Conectado a base de datos
02 17:51:15:557 Proceso CARGA_CODARTALT encontrado en tabla VDPROCESOS
02 17:51:15:559 Proceso CARGA_CODARTALT cargado con función procesoperiodico (Librería VDKERNEL.DLL) direccion 70042D10
02 17:51:15:560 PLSQL: INICIALIZADO PAQUETE DE LOG EL DIA 30-06-2022
02 17:51:15:574 Actualizado SID 12 SERIAL 8741 del proceso con PID 12072
02 17:51:15:575 Analizado cursor CCARGAARTICULOS
02 17:51:15:575 Leidos 1 cursores
01 17:51:15:576 PLSQL: INICIANDO CARGA DE CODARTALT EN  V10INTERIN_RDRP
01 17:51:15:577 PLSQL: ERROR CARGANDO CODARTALT

00 17:52:14:352 Fichero de log cerrado.

