00 09:05:27:708 Fichero de log abierto PID 14592

02 09:05:27:711 Intentando abrir fichero v10.ini
02 09:05:27:718 Cargando driver v10oracle funcion damedriveroracle
02 09:05:28:271 Conectado a base de datos
02 09:05:28:272 Proceso CARGA_PEDIDOS encontrado en tabla VDPROCESOS
02 09:05:28:273 Proceso CARGA_PEDIDOS cargado con función procesoperiodico (Librería VDKERNEL.DLL) direccion 6FFE2D10
02 09:05:28:276 PLSQL: INICIALIZADO PAQUETE DE LOG EL DIA 21-03-2022
02 09:05:28:287 Actualizado SID 263 SERIAL 29465 del proceso con PID 14592
02 09:05:28:303 Analizado cursor CCARGAPEDIDOS
02 09:05:28:305 Leidos 1 cursores
01 09:05:28:306 PLSQL: INICIANDO CARGA DE PEDIDOS EN  V10INTERIN_RDRP
01 09:05:28:308 PLSQL: ERROR CARGANDO PEDIDOS
01 09:10:28:313 PLSQL: INICIANDO CARGA DE PEDIDOS EN  V10INTERIN_RDRP
01 09:10:28:315 PLSQL: ERROR CARGANDO PEDIDOS
01 09:15:28:333 PLSQL: INICIANDO CARGA DE PEDIDOS EN  V10INTERIN_RDRP
01 09:15:28:333 PLSQL: ERROR CARGANDO PEDIDOS
01 09:20:28:336 PLSQL: INICIANDO CARGA DE PEDIDOS EN  V10INTERIN_RDRP
01 09:20:28:336 PLSQL: ERROR CARGANDO PEDIDOS
01 09:25:28:350 PLSQL: INICIANDO CARGA DE PEDIDOS EN  V10INTERIN_RDRP
01 09:25:28:352 PLSQL: ERROR CARGANDO PEDIDOS
01 09:30:28:358 PLSQL: INICIANDO CARGA DE PEDIDOS EN  V10INTERIN_RDRP
01 09:30:28:359 PLSQL: ERROR CARGANDO PEDIDOS
01 09:35:28:372 PLSQL: INICIANDO CARGA DE PEDIDOS EN  V10INTERIN_RDRP
01 09:35:28:373 PLSQL: ERROR CARGANDO PEDIDOS
01 09:40:28:390 PLSQL: INICIANDO CARGA DE PEDIDOS EN  V10INTERIN_RDRP
01 09:40:28:391 PLSQL: ERROR CARGANDO PEDIDOS
01 09:45:28:404 PLSQL: INICIANDO CARGA DE PEDIDOS EN  V10INTERIN_RDRP
01 09:45:28:405 PLSQL: ERROR CARGANDO PEDIDOS
01 09:50:28:420 PLSQL: INICIANDO CARGA DE PEDIDOS EN  V10INTERIN_RDRP
01 09:50:28:421 PLSQL: ERROR CARGANDO PEDIDOS
01 09:55:28:436 PLSQL: INICIANDO CARGA DE PEDIDOS EN  V10INTERIN_RDRP
01 09:55:28:438 PLSQL: ERROR CARGANDO PEDIDOS
01 10:00:28:453 PLSQL: INICIANDO CARGA DE PEDIDOS EN  V10INTERIN_RDRP
01 10:00:28:454 PLSQL: ERROR CARGANDO PEDIDOS
01 10:05:28:468 PLSQL: INICIANDO CARGA DE PEDIDOS EN  V10INTERIN_RDRP
01 10:05:28:471 PLSQL: ERROR CARGANDO PEDIDOS
01 10:10:28:477 PLSQL: INICIANDO CARGA DE PEDIDOS EN  V10INTERIN_RDRP
01 10:10:28:477 PLSQL: ERROR CARGANDO PEDIDOS
01 10:15:28:491 PLSQL: INICIANDO CARGA DE PEDIDOS EN  V10INTERIN_RDRP
01 10:15:28:492 PLSQL: ERROR CARGANDO PEDIDOS
01 10:20:28:500 PLSQL: INICIANDO CARGA DE PEDIDOS EN  V10INTERIN_RDRP
01 10:20:28:503 PLSQL: ERROR CARGANDO PEDIDOS
01 10:25:28:516 PLSQL: INICIANDO CARGA DE PEDIDOS EN  V10INTERIN_RDRP
01 10:25:28:519 PLSQL: ERROR CARGANDO PEDIDOS
01 10:30:28:526 PLSQL: INICIANDO CARGA DE PEDIDOS EN  V10INTERIN_RDRP
01 10:30:28:526 PLSQL: ERROR CARGANDO PEDIDOS
01 10:35:28:535 PLSQL: INICIANDO CARGA DE PEDIDOS EN  V10INTERIN_RDRP
01 10:35:28:536 PLSQL: ERROR CARGANDO PEDIDOS
01 10:40:28:542 PLSQL: INICIANDO CARGA DE PEDIDOS EN  V10INTERIN_RDRP
01 10:40:28:544 PLSQL: ERROR CARGANDO PEDIDOS
01 10:45:28:550 PLSQL: INICIANDO CARGA DE PEDIDOS EN  V10INTERIN_RDRP
01 10:45:28:554 PLSQL: ERROR CARGANDO PEDIDOS
01 10:50:28:570 PLSQL: INICIANDO CARGA DE PEDIDOS EN  V10INTERIN_RDRP
01 10:50:28:570 PLSQL: ERROR CARGANDO PEDIDOS
01 10:55:28:573 PLSQL: INICIANDO CARGA DE PEDIDOS EN  V10INTERIN_RDRP
01 10:55:28:574 PLSQL: ERROR CARGANDO PEDIDOS
01 11:00:24:118 PLSQL: INICIANDO CARGA DE PEDIDOS EN  V10INTERIN_RDRP
01 11:00:24:120 PLSQL: ERROR CARGANDO PEDIDOS
01 11:05:24:131 PLSQL: INICIANDO CARGA DE PEDIDOS EN  V10INTERIN_RDRP
01 11:05:24:148 PLSQL: ERROR CARGANDO PEDIDOS
01 11:10:24:150 PLSQL: INICIANDO CARGA DE PEDIDOS EN  V10INTERIN_RDRP
01 11:10:24:152 PLSQL: ERROR CARGANDO PEDIDOS
01 11:15:24:161 PLSQL: INICIANDO CARGA DE PEDIDOS EN  V10INTERIN_RDRP
01 11:15:24:162 PLSQL: ERROR CARGANDO PEDIDOS
01 11:20:24:165 PLSQL: INICIANDO CARGA DE PEDIDOS EN  V10INTERIN_RDRP
01 11:20:24:166 PLSQL: ERROR CARGANDO PEDIDOS
01 11:25:24:179 PLSQL: INICIANDO CARGA DE PEDIDOS EN  V10INTERIN_RDRP
01 11:25:24:181 PLSQL: ERROR CARGANDO PEDIDOS
01 11:30:24:194 PLSQL: INICIANDO CARGA DE PEDIDOS EN  V10INTERIN_RDRP
01 11:30:24:195 PLSQL: ERROR CARGANDO PEDIDOS
01 11:35:24:209 PLSQL: INICIANDO CARGA DE PEDIDOS EN  V10INTERIN_RDRP
01 11:35:24:210 PLSQL: ERROR CARGANDO PEDIDOS
01 11:40:24:221 PLSQL: INICIANDO CARGA DE PEDIDOS EN  V10INTERIN_RDRP
01 11:40:24:222 PLSQL: ERROR CARGANDO PEDIDOS
01 11:45:24:229 PLSQL: INICIANDO CARGA DE PEDIDOS EN  V10INTERIN_RDRP
01 11:45:24:229 PLSQL: ERROR CARGANDO PEDIDOS
01 11:50:24:239 PLSQL: INICIANDO CARGA DE PEDIDOS EN  V10INTERIN_RDRP
01 11:50:24:242 PLSQL: ERROR CARGANDO PEDIDOS
01 11:55:24:247 PLSQL: INICIANDO CARGA DE PEDIDOS EN  V10INTERIN_RDRP
01 11:55:24:249 PLSQL: ERROR CARGANDO PEDIDOS
01 12:00:24:255 PLSQL: INICIANDO CARGA DE PEDIDOS EN  V10INTERIN_RDRP
01 12:00:24:255 PLSQL: ERROR CARGANDO PEDIDOS
01 12:05:24:268 PLSQL: INICIANDO CARGA DE PEDIDOS EN  V10INTERIN_RDRP
01 12:05:24:291 PLSQL: ERROR CARGANDO PEDIDOS
01 12:29:59:706 PLSQL: INICIANDO CARGA DE PEDIDOS EN  V10INTERIN_RDRP
01 12:29:59:706 PLSQL: ERROR CARGANDO PEDIDOS
01 12:34:59:736 PLSQL: INICIANDO CARGA DE PEDIDOS EN  V10INTERIN_RDRP
01 12:34:59:738 PLSQL: ERROR CARGANDO PEDIDOS
01 12:39:59:753 PLSQL: INICIANDO CARGA DE PEDIDOS EN  V10INTERIN_RDRP
01 12:39:59:775 PLSQL: ERROR CARGANDO PEDIDOS
01 12:44:59:780 PLSQL: INICIANDO CARGA DE PEDIDOS EN  V10INTERIN_RDRP
01 12:44:59:782 PLSQL: ERROR CARGANDO PEDIDOS
01 12:49:59:791 PLSQL: INICIANDO CARGA DE PEDIDOS EN  V10INTERIN_RDRP
01 12:49:59:793 PLSQL: ERROR CARGANDO PEDIDOS
01 12:54:59:796 PLSQL: INICIANDO CARGA DE PEDIDOS EN  V10INTERIN_RDRP
01 12:54:59:796 PLSQL: ERROR CARGANDO PEDIDOS
01 12:59:59:799 PLSQL: INICIANDO CARGA DE PEDIDOS EN  V10INTERIN_RDRP
01 12:59:59:817 PLSQL: ERROR CARGANDO PEDIDOS
01 13:04:59:821 PLSQL: INICIANDO CARGA DE PEDIDOS EN  V10INTERIN_RDRP
01 13:04:59:822 PLSQL: ERROR CARGANDO PEDIDOS
01 13:09:59:833 PLSQL: INICIANDO CARGA DE PEDIDOS EN  V10INTERIN_RDRP
01 13:09:59:833 PLSQL: ERROR CARGANDO PEDIDOS
01 13:14:59:851 PLSQL: INICIANDO CARGA DE PEDIDOS EN  V10INTERIN_RDRP
01 13:14:59:852 PLSQL: ERROR CARGANDO PEDIDOS
01 13:19:59:861 PLSQL: INICIANDO CARGA DE PEDIDOS EN  V10INTERIN_RDRP
01 13:19:59:861 PLSQL: ERROR CARGANDO PEDIDOS
01 13:24:59:885 PLSQL: INICIANDO CARGA DE PEDIDOS EN  V10INTERIN_RDRP
01 13:24:59:887 PLSQL: ERROR CARGANDO PEDIDOS
01 13:29:59:903 PLSQL: INICIANDO CARGA DE PEDIDOS EN  V10INTERIN_RDRP
01 13:29:59:903 PLSQL: ERROR CARGANDO PEDIDOS
01 13:34:59:907 PLSQL: INICIANDO CARGA DE PEDIDOS EN  V10INTERIN_RDRP
01 13:34:59:910 PLSQL: ERROR CARGANDO PEDIDOS
01 13:39:59:924 PLSQL: INICIANDO CARGA DE PEDIDOS EN  V10INTERIN_RDRP
01 13:39:59:925 PLSQL: ERROR CARGANDO PEDIDOS
01 13:44:59:929 PLSQL: INICIANDO CARGA DE PEDIDOS EN  V10INTERIN_RDRP
01 13:44:59:930 PLSQL: ERROR CARGANDO PEDIDOS
01 13:49:59:945 PLSQL: INICIANDO CARGA DE PEDIDOS EN  V10INTERIN_RDRP
01 13:49:59:947 PLSQL: ERROR CARGANDO PEDIDOS
01 13:54:59:956 PLSQL: INICIANDO CARGA DE PEDIDOS EN  V10INTERIN_RDRP
01 13:54:59:958 PLSQL: ERROR CARGANDO PEDIDOS
01 13:59:59:969 PLSQL: INICIANDO CARGA DE PEDIDOS EN  V10INTERIN_RDRP
01 13:59:59:971 PLSQL: ERROR CARGANDO PEDIDOS
01 14:04:59:976 PLSQL: INICIANDO CARGA DE PEDIDOS EN  V10INTERIN_RDRP
01 14:04:59:978 PLSQL: ERROR CARGANDO PEDIDOS
01 14:09:59:994 PLSQL: INICIANDO CARGA DE PEDIDOS EN  V10INTERIN_RDRP
01 14:09:59:995 PLSQL: ERROR CARGANDO PEDIDOS
01 14:15:00:008 PLSQL: INICIANDO CARGA DE PEDIDOS EN  V10INTERIN_RDRP
01 14:15:00:009 PLSQL: ERROR CARGANDO PEDIDOS
01 14:20:00:017 PLSQL: INICIANDO CARGA DE PEDIDOS EN  V10INTERIN_RDRP
01 14:20:00:020 PLSQL: ERROR CARGANDO PEDIDOS
01 14:25:00:027 PLSQL: INICIANDO CARGA DE PEDIDOS EN  V10INTERIN_RDRP
01 14:25:00:029 PLSQL: ERROR CARGANDO PEDIDOS
01 14:30:00:041 PLSQL: INICIANDO CARGA DE PEDIDOS EN  V10INTERIN_RDRP
01 14:30:00:042 PLSQL: ERROR CARGANDO PEDIDOS
01 14:35:00:058 PLSQL: INICIANDO CARGA DE PEDIDOS EN  V10INTERIN_RDRP
01 14:35:00:060 PLSQL: ERROR CARGANDO PEDIDOS
01 15:28:02:784 PLSQL: INICIANDO CARGA DE PEDIDOS EN  V10INTERIN_RDRP
01 15:28:02:785 PLSQL: ERROR CARGANDO PEDIDOS
01 15:33:02:794 PLSQL: INICIANDO CARGA DE PEDIDOS EN  V10INTERIN_RDRP
01 15:33:02:795 PLSQL: ERROR CARGANDO PEDIDOS
01 15:38:02:801 PLSQL: INICIANDO CARGA DE PEDIDOS EN  V10INTERIN_RDRP
01 15:38:02:802 PLSQL: ERROR CARGANDO PEDIDOS
01 15:43:02:817 PLSQL: INICIANDO CARGA DE PEDIDOS EN  V10INTERIN_RDRP
01 15:43:02:819 PLSQL: ERROR CARGANDO PEDIDOS
01 15:48:02:824 PLSQL: INICIANDO CARGA DE PEDIDOS EN  V10INTERIN_RDRP
01 15:48:02:825 PLSQL: ERROR CARGANDO PEDIDOS
01 15:53:02:829 PLSQL: INICIANDO CARGA DE PEDIDOS EN  V10INTERIN_RDRP
01 15:53:02:830 PLSQL: ERROR CARGANDO PEDIDOS
01 15:58:02:835 PLSQL: INICIANDO CARGA DE PEDIDOS EN  V10INTERIN_RDRP
01 15:58:02:835 PLSQL: ERROR CARGANDO PEDIDOS
01 16:03:02:844 PLSQL: INICIANDO CARGA DE PEDIDOS EN  V10INTERIN_RDRP
01 16:03:02:845 PLSQL: ERROR CARGANDO PEDIDOS
01 16:08:02:861 PLSQL: INICIANDO CARGA DE PEDIDOS EN  V10INTERIN_RDRP
01 16:08:02:863 PLSQL: ERROR CARGANDO PEDIDOS
01 16:13:02:866 PLSQL: INICIANDO CARGA DE PEDIDOS EN  V10INTERIN_RDRP
01 16:13:02:868 PLSQL: ERROR CARGANDO PEDIDOS
01 16:18:02:883 PLSQL: INICIANDO CARGA DE PEDIDOS EN  V10INTERIN_RDRP
01 16:18:02:885 PLSQL: ERROR CARGANDO PEDIDOS
01 16:23:02:890 PLSQL: INICIANDO CARGA DE PEDIDOS EN  V10INTERIN_RDRP
01 16:23:02:892 PLSQL: ERROR CARGANDO PEDIDOS
01 16:28:02:894 PLSQL: INICIANDO CARGA DE PEDIDOS EN  V10INTERIN_RDRP
01 16:28:02:895 PLSQL: ERROR CARGANDO PEDIDOS
01 16:33:02:907 PLSQL: INICIANDO CARGA DE PEDIDOS EN  V10INTERIN_RDRP
01 16:33:02:909 PLSQL: ERROR CARGANDO PEDIDOS
01 16:38:02:910 PLSQL: INICIANDO CARGA DE PEDIDOS EN  V10INTERIN_RDRP
01 16:38:02:914 PLSQL: ERROR CARGANDO PEDIDOS
01 16:43:02:916 PLSQL: INICIANDO CARGA DE PEDIDOS EN  V10INTERIN_RDRP
01 16:43:02:917 PLSQL: ERROR CARGANDO PEDIDOS
01 16:48:02:923 PLSQL: INICIANDO CARGA DE PEDIDOS EN  V10INTERIN_RDRP
01 16:48:02:924 PLSQL: ERROR CARGANDO PEDIDOS
01 16:53:02:930 PLSQL: INICIANDO CARGA DE PEDIDOS EN  V10INTERIN_RDRP
01 16:53:02:932 PLSQL: ERROR CARGANDO PEDIDOS
01 16:58:02:948 PLSQL: INICIANDO CARGA DE PEDIDOS EN  V10INTERIN_RDRP
01 16:58:02:948 PLSQL: ERROR CARGANDO PEDIDOS
01 17:03:02:975 PLSQL: INICIANDO CARGA DE PEDIDOS EN  V10INTERIN_RDRP
01 17:03:02:975 PLSQL: ERROR CARGANDO PEDIDOS
01 17:08:02:979 PLSQL: INICIANDO CARGA DE PEDIDOS EN  V10INTERIN_RDRP
01 17:08:02:981 PLSQL: ERROR CARGANDO PEDIDOS
01 17:13:02:983 PLSQL: INICIANDO CARGA DE PEDIDOS EN  V10INTERIN_RDRP
01 17:13:02:983 PLSQL: ERROR CARGANDO PEDIDOS
01 17:18:03:007 PLSQL: INICIANDO CARGA DE PEDIDOS EN  V10INTERIN_RDRP
01 17:18:03:008 PLSQL: ERROR CARGANDO PEDIDOS
01 17:23:03:020 PLSQL: INICIANDO CARGA DE PEDIDOS EN  V10INTERIN_RDRP
01 17:23:03:020 PLSQL: ERROR CARGANDO PEDIDOS
01 17:28:03:034 PLSQL: INICIANDO CARGA DE PEDIDOS EN  V10INTERIN_RDRP
01 17:28:03:036 PLSQL: ERROR CARGANDO PEDIDOS
01 17:33:03:053 PLSQL: INICIANDO CARGA DE PEDIDOS EN  V10INTERIN_RDRP
01 17:33:03:053 PLSQL: ERROR CARGANDO PEDIDOS
01 17:38:03:065 PLSQL: INICIANDO CARGA DE PEDIDOS EN  V10INTERIN_RDRP
01 17:38:03:085 PLSQL: ERROR CARGANDO PEDIDOS
01 17:43:03:120 PLSQL: INICIANDO CARGA DE PEDIDOS EN  V10INTERIN_RDRP
01 17:43:03:120 PLSQL: ERROR CARGANDO PEDIDOS
01 17:48:03:124 PLSQL: INICIANDO CARGA DE PEDIDOS EN  V10INTERIN_RDRP
01 17:48:03:125 PLSQL: ERROR CARGANDO PEDIDOS
01 17:53:03:137 PLSQL: INICIANDO CARGA DE PEDIDOS EN  V10INTERIN_RDRP
01 17:53:03:139 PLSQL: ERROR CARGANDO PEDIDOS

00 17:53:19:355 Fichero de log cerrado.

00 17:53:20:457 Fichero de log abierto PID 7984

02 17:53:20:462 Intentando abrir fichero v10.ini
02 17:53:20:477 Cargando driver v10oracle funcion damedriveroracle
02 17:53:22:315 Conectado a base de datos
02 17:53:22:327 Proceso CARGA_PEDIDOS encontrado en tabla VDPROCESOS
02 17:53:22:327 Proceso CARGA_PEDIDOS cargado con función procesoperiodico (Librería VDKERNEL.DLL) direccion 6FFE2D10
02 17:53:22:333 PLSQL: INICIALIZADO PAQUETE DE LOG EL DIA 21-03-2022
02 17:53:22:355 Actualizado SID 504 SERIAL 52764 del proceso con PID 7984
02 17:53:23:125 Analizado cursor CCARGAPEDIDOS
02 17:53:23:125 Leidos 1 cursores
01 17:53:23:127 PLSQL: INICIANDO CARGA DE PEDIDOS EN  V10INTERIN_RDRP
01 17:53:23:132 PLSQL: ERROR CARGANDO PEDIDOS

00 17:53:25:012 Fichero de log cerrado.

