00 09:14:07:023 Fichero de log abierto PID 3612

02 09:14:07:026 Intentando abrir fichero v10.ini
02 09:14:07:031 Cargando driver v10oracle funcion damedriveroracle
02 09:14:07:462 Conectado a base de datos
02 09:14:07:465 Proceso CARGA_ARTICULOS encontrado en tabla VDPROCESOS
02 09:14:07:465 Proceso CARGA_ARTICULOS cargado con función procesoperiodico (Librería VDKERNEL.DLL) direccion 6C012D10
02 09:14:07:467 PLSQL: INICIALIZADO PAQUETE DE LOG EL DIA 29-06-2022
02 09:14:07:481 Actualizado SID 377 SERIAL 36717 del proceso con PID 3612
02 09:14:07:487 Analizado cursor CCARGAARTICULOS
02 09:14:07:487 Leidos 1 cursores
01 09:14:07:489 PLSQL: INICIANDO CARGA DE ARTICULOS EN  V10INTERIN_RDRP
01 09:14:07:490 PLSQL: ERROR CARGANDO ARTICULOS
01 09:24:07:502 PLSQL: INICIANDO CARGA DE ARTICULOS EN  V10INTERIN_RDRP
01 09:24:07:502 PLSQL: ERROR CARGANDO ARTICULOS
01 09:34:07:510 PLSQL: INICIANDO CARGA DE ARTICULOS EN  V10INTERIN_RDRP
01 09:34:07:510 PLSQL: ERROR CARGANDO ARTICULOS
01 09:44:07:529 PLSQL: INICIANDO CARGA DE ARTICULOS EN  V10INTERIN_RDRP
01 09:44:07:529 PLSQL: ERROR CARGANDO ARTICULOS
01 09:54:07:546 PLSQL: INICIANDO CARGA DE ARTICULOS EN  V10INTERIN_RDRP
01 09:54:07:546 PLSQL: ERROR CARGANDO ARTICULOS
01 10:04:07:567 PLSQL: INICIANDO CARGA DE ARTICULOS EN  V10INTERIN_RDRP
01 10:04:07:569 PLSQL: ERROR CARGANDO ARTICULOS
01 10:14:07:599 PLSQL: INICIANDO CARGA DE ARTICULOS EN  V10INTERIN_RDRP
01 10:14:07:599 PLSQL: ERROR CARGANDO ARTICULOS
01 10:24:07:606 PLSQL: INICIANDO CARGA DE ARTICULOS EN  V10INTERIN_RDRP
01 10:24:07:606 PLSQL: ERROR CARGANDO ARTICULOS
01 10:34:07:613 PLSQL: INICIANDO CARGA DE ARTICULOS EN  V10INTERIN_RDRP
01 10:34:07:613 PLSQL: ERROR CARGANDO ARTICULOS
01 10:44:07:650 PLSQL: INICIANDO CARGA DE ARTICULOS EN  V10INTERIN_RDRP
01 10:44:07:650 PLSQL: ERROR CARGANDO ARTICULOS
01 10:54:07:671 PLSQL: INICIANDO CARGA DE ARTICULOS EN  V10INTERIN_RDRP
01 10:54:07:671 PLSQL: ERROR CARGANDO ARTICULOS
01 11:12:44:641 PLSQL: INICIANDO CARGA DE ARTICULOS EN  V10INTERIN_RDRP
01 11:12:44:641 PLSQL: ERROR CARGANDO ARTICULOS
00 11:18:11:285 Fichero de log abierto PID 8444

02 11:18:11:287 Intentando abrir fichero v10.ini
02 11:18:11:293 Cargando driver v10oracle funcion damedriveroracle
02 11:18:12:042 Conectado a base de datos
02 11:18:12:045 Proceso CARGA_ARTICULOS encontrado en tabla VDPROCESOS
02 11:18:12:045 Proceso CARGA_ARTICULOS cargado con función procesoperiodico (Librería VDKERNEL.DLL) direccion 6C012D10
02 11:18:12:047 PLSQL: INICIALIZADO PAQUETE DE LOG EL DIA 29-06-2022
02 11:18:12:057 Actualizado SID 628 SERIAL 18964 del proceso con PID 8444
02 11:18:12:057 Analizado cursor CCARGAARTICULOS
02 11:18:12:057 Leidos 1 cursores
01 11:18:12:058 PLSQL: INICIANDO CARGA DE ARTICULOS EN  V10INTERIN_RDRP
01 11:18:12:060 PLSQL: ERROR CARGANDO ARTICULOS
01 11:22:44:658 PLSQL: INICIANDO CARGA DE ARTICULOS EN  V10INTERIN_RDRP
01 11:22:44:659 PLSQL: ERROR CARGANDO ARTICULOS
01 11:28:12:066 PLSQL: INICIANDO CARGA DE ARTICULOS EN  V10INTERIN_RDRP
01 11:28:12:066 PLSQL: ERROR CARGANDO ARTICULOS
01 11:32:44:661 PLSQL: INICIANDO CARGA DE ARTICULOS EN  V10INTERIN_RDRP
01 11:32:44:662 PLSQL: ERROR CARGANDO ARTICULOS
01 11:38:12:073 PLSQL: INICIANDO CARGA DE ARTICULOS EN  V10INTERIN_RDRP
01 11:38:12:074 PLSQL: ERROR CARGANDO ARTICULOS

00 11:42:21:205 Fichero de log cerrado.


00 11:42:22:822 Fichero de log cerrado.

00 13:46:18:295 Fichero de log abierto PID 2832

02 13:46:18:322 Intentando abrir fichero v10.ini
02 13:46:18:352 Cargando driver v10oracle funcion damedriveroracle
02 13:46:19:202 Conectado a base de datos
02 13:46:19:204 Proceso CARGA_ARTICULOS encontrado en tabla VDPROCESOS
02 13:46:19:205 Proceso CARGA_ARTICULOS cargado con función procesoperiodico (Librería VDKERNEL.DLL) direccion 6C012D10
02 13:46:19:206 PLSQL: INICIALIZADO PAQUETE DE LOG EL DIA 29-06-2022
02 13:46:19:217 Actualizado SID 379 SERIAL 3243 del proceso con PID 2832
02 13:46:19:224 Analizado cursor CCARGAARTICULOS
02 13:46:19:224 Leidos 1 cursores
01 13:46:19:225 PLSQL: INICIANDO CARGA DE ARTICULOS EN  V10INTERIN_RDRP
01 13:46:19:227 PLSQL: ERROR CARGANDO ARTICULOS

00 13:50:10:252 Fichero de log cerrado.

00 17:03:13:027 Fichero de log abierto PID 15180

02 17:03:13:029 Intentando abrir fichero v10.ini
02 17:03:13:034 Cargando driver v10oracle funcion damedriveroracle
02 17:03:13:720 Conectado a base de datos
02 17:03:13:720 Proceso CARGA_ARTICULOS encontrado en tabla VDPROCESOS
02 17:03:13:722 Proceso CARGA_ARTICULOS cargado con función procesoperiodico (Librería VDKERNEL.DLL) direccion 6C012D10
02 17:03:13:724 PLSQL: INICIALIZADO PAQUETE DE LOG EL DIA 29-06-2022
02 17:03:13:734 Actualizado SID 625 SERIAL 63487 del proceso con PID 15180
02 17:03:13:735 Analizado cursor CCARGAARTICULOS
02 17:03:13:735 Leidos 1 cursores
01 17:03:13:735 PLSQL: INICIANDO CARGA DE ARTICULOS EN  V10INTERIN_RDRP
01 17:03:13:737 PLSQL: ERROR CARGANDO ARTICULOS
01 17:13:13:740 PLSQL: INICIANDO CARGA DE ARTICULOS EN  V10INTERIN_RDRP
01 17:13:13:741 PLSQL: ERROR CARGANDO ARTICULOS
01 17:23:13:756 PLSQL: INICIANDO CARGA DE ARTICULOS EN  V10INTERIN_RDRP
01 17:23:13:756 PLSQL: ERROR CARGANDO ARTICULOS
01 17:33:13:760 PLSQL: INICIANDO CARGA DE ARTICULOS EN  V10INTERIN_RDRP
01 17:33:13:761 PLSQL: ERROR CARGANDO ARTICULOS
01 17:43:13:778 PLSQL: INICIANDO CARGA DE ARTICULOS EN  V10INTERIN_RDRP
01 17:43:13:778 PLSQL: ERROR CARGANDO ARTICULOS
01 17:53:13:806 PLSQL: INICIANDO CARGA DE ARTICULOS EN  V10INTERIN_RDRP
01 17:53:13:807 PLSQL: ERROR CARGANDO ARTICULOS

00 17:57:09:010 Fichero de log cerrado.

