00 09:23:03:921 Fichero de log abierto PID 17380

02 09:23:03:962 Intentando abrir fichero v10.ini
02 09:23:03:976 Cargando driver v10oracle funcion damedriveroracle
02 09:23:04:817 Conectado a base de datos
02 09:23:04:820 Proceso CARGA_PROVEES encontrado en tabla VDPROCESOS
02 09:23:04:821 Proceso CARGA_PROVEES cargado con función procesoperiodico (Librería VDKERNEL.DLL) direccion 70032D10
02 09:23:04:823 PLSQL: INICIALIZADO PAQUETE DE LOG EL DIA 05-07-2022
02 09:23:04:832 Actualizado SID 501 SERIAL 12214 del proceso con PID 17380
02 09:23:04:887 Analizado cursor CCARGAPROVEES
02 09:23:04:888 Leidos 1 cursores
01 09:23:04:891 PLSQL: INICIANDO CARGA DE PROVEES EN  V10INTERIN_RDRP
01 09:23:04:892 PLSQL: ERROR CARGANDO PROVEES
01 09:33:04:896 PLSQL: INICIANDO CARGA DE PROVEES EN  V10INTERIN_RDRP
01 09:33:04:897 PLSQL: ERROR CARGANDO PROVEES
01 09:43:04:900 PLSQL: INICIANDO CARGA DE PROVEES EN  V10INTERIN_RDRP
01 09:43:04:902 PLSQL: ERROR CARGANDO PROVEES
01 09:53:04:914 PLSQL: INICIANDO CARGA DE PROVEES EN  V10INTERIN_RDRP
01 09:53:04:918 PLSQL: ERROR CARGANDO PROVEES
01 10:03:04:926 PLSQL: INICIANDO CARGA DE PROVEES EN  V10INTERIN_RDRP
01 10:03:04:929 PLSQL: ERROR CARGANDO PROVEES
01 10:13:04:935 PLSQL: INICIANDO CARGA DE PROVEES EN  V10INTERIN_RDRP
01 10:13:04:938 PLSQL: ERROR CARGANDO PROVEES
01 10:23:04:942 PLSQL: INICIANDO CARGA DE PROVEES EN  V10INTERIN_RDRP
01 10:23:04:945 PLSQL: ERROR CARGANDO PROVEES
01 10:33:04:951 PLSQL: INICIANDO CARGA DE PROVEES EN  V10INTERIN_RDRP
01 10:33:04:953 PLSQL: ERROR CARGANDO PROVEES
01 10:43:04:968 PLSQL: INICIANDO CARGA DE PROVEES EN  V10INTERIN_RDRP
01 10:43:04:969 PLSQL: ERROR CARGANDO PROVEES
01 11:12:54:411 PLSQL: INICIANDO CARGA DE PROVEES EN  V10INTERIN_RDRP
01 11:12:54:413 PLSQL: ERROR CARGANDO PROVEES
01 11:22:54:425 PLSQL: INICIANDO CARGA DE PROVEES EN  V10INTERIN_RDRP
01 11:22:54:426 PLSQL: ERROR CARGANDO PROVEES
01 11:32:54:432 PLSQL: INICIANDO CARGA DE PROVEES EN  V10INTERIN_RDRP
01 11:32:54:436 PLSQL: ERROR CARGANDO PROVEES
01 11:42:54:437 PLSQL: INICIANDO CARGA DE PROVEES EN  V10INTERIN_RDRP
01 11:42:54:439 PLSQL: ERROR CARGANDO PROVEES
01 11:52:54:450 PLSQL: INICIANDO CARGA DE PROVEES EN  V10INTERIN_RDRP
01 11:52:54:452 PLSQL: ERROR CARGANDO PROVEES
01 12:02:54:462 PLSQL: INICIANDO CARGA DE PROVEES EN  V10INTERIN_RDRP
01 12:02:54:465 PLSQL: ERROR CARGANDO PROVEES
01 12:12:54:469 PLSQL: INICIANDO CARGA DE PROVEES EN  V10INTERIN_RDRP
01 12:12:54:472 PLSQL: ERROR CARGANDO PROVEES
01 12:22:54:479 PLSQL: INICIANDO CARGA DE PROVEES EN  V10INTERIN_RDRP
01 12:22:54:482 PLSQL: ERROR CARGANDO PROVEES
01 12:32:54:493 PLSQL: INICIANDO CARGA DE PROVEES EN  V10INTERIN_RDRP
01 12:32:54:496 PLSQL: ERROR CARGANDO PROVEES
01 12:42:54:500 PLSQL: INICIANDO CARGA DE PROVEES EN  V10INTERIN_RDRP
01 12:42:54:501 PLSQL: ERROR CARGANDO PROVEES
01 12:52:54:525 PLSQL: INICIANDO CARGA DE PROVEES EN  V10INTERIN_RDRP
01 12:52:54:530 PLSQL: ERROR CARGANDO PROVEES
01 13:02:54:545 PLSQL: INICIANDO CARGA DE PROVEES EN  V10INTERIN_RDRP
01 13:02:54:547 PLSQL: ERROR CARGANDO PROVEES
01 13:12:54:552 PLSQL: INICIANDO CARGA DE PROVEES EN  V10INTERIN_RDRP
01 13:12:54:556 PLSQL: ERROR CARGANDO PROVEES
01 13:22:54:558 PLSQL: INICIANDO CARGA DE PROVEES EN  V10INTERIN_RDRP
01 13:22:54:559 PLSQL: ERROR CARGANDO PROVEES
01 13:32:54:567 PLSQL: INICIANDO CARGA DE PROVEES EN  V10INTERIN_RDRP
01 13:32:54:571 PLSQL: ERROR CARGANDO PROVEES

00 13:36:35:290 Fichero de log cerrado.

00 13:36:39:242 Fichero de log abierto PID 10292

02 13:36:39:247 Intentando abrir fichero v10.ini
02 13:36:39:252 Cargando driver v10oracle funcion damedriveroracle
02 13:36:39:797 Conectado a base de datos
02 13:36:39:800 Proceso CARGA_PROVEES encontrado en tabla VDPROCESOS
02 13:36:39:800 Proceso CARGA_PROVEES cargado con función procesoperiodico (Librería VDKERNEL.DLL) direccion 70032D10
02 13:36:39:803 PLSQL: INICIALIZADO PAQUETE DE LOG EL DIA 05-07-2022
02 13:36:39:812 Actualizado SID 379 SERIAL 54685 del proceso con PID 10292
02 13:36:39:819 Analizado cursor CCARGAPROVEES
02 13:36:39:819 Leidos 1 cursores
01 13:36:39:820 PLSQL: INICIANDO CARGA DE PROVEES EN  V10INTERIN_RDRP
01 13:36:39:821 PLSQL: ERROR CARGANDO PROVEES
01 13:57:58:553 PLSQL: INICIANDO CARGA DE PROVEES EN  V10INTERIN_RDRP
01 13:57:58:555 PLSQL: ERROR CARGANDO PROVEES

00 13:58:57:502 Fichero de log cerrado.

00 13:59:20:399 Fichero de log abierto PID 1720

02 13:59:20:400 Intentando abrir fichero v10.ini
02 13:59:20:422 Cargando driver v10oracle funcion damedriveroracle
02 13:59:20:937 Conectado a base de datos
02 13:59:20:940 Proceso CARGA_PROVEES encontrado en tabla VDPROCESOS
02 13:59:20:940 Proceso CARGA_PROVEES cargado con función procesoperiodico (Librería VDKERNEL.DLL) direccion 70032D10
02 13:59:20:944 PLSQL: INICIALIZADO PAQUETE DE LOG EL DIA 05-07-2022
02 13:59:20:952 Actualizado SID 256 SERIAL 14955 del proceso con PID 1720
02 13:59:20:954 Analizado cursor CCARGAPROVEES
02 13:59:20:954 Leidos 1 cursores
01 13:59:20:954 PLSQL: INICIANDO CARGA DE PROVEES EN  V10INTERIN_RDRP
01 13:59:20:955 PLSQL: ERROR CARGANDO PROVEES
01 14:09:20:971 PLSQL: INICIANDO CARGA DE PROVEES EN  V10INTERIN_RDRP
01 14:09:20:974 PLSQL: ERROR CARGANDO PROVEES
01 14:19:20:990 PLSQL: INICIANDO CARGA DE PROVEES EN  V10INTERIN_RDRP
01 14:19:20:992 PLSQL: ERROR CARGANDO PROVEES
01 14:29:21:005 PLSQL: INICIANDO CARGA DE PROVEES EN  V10INTERIN_RDRP
01 14:29:21:007 PLSQL: ERROR CARGANDO PROVEES
01 14:39:21:020 PLSQL: INICIANDO CARGA DE PROVEES EN  V10INTERIN_RDRP
01 14:39:21:022 PLSQL: ERROR CARGANDO PROVEES
01 14:49:21:032 PLSQL: INICIANDO CARGA DE PROVEES EN  V10INTERIN_RDRP
01 14:49:21:034 PLSQL: ERROR CARGANDO PROVEES

00 14:52:23:005 Fichero de log cerrado.

00 14:52:50:267 Fichero de log abierto PID 17192

02 14:52:50:307 Intentando abrir fichero v10.ini
02 14:52:50:314 Cargando driver v10oracle funcion damedriveroracle
02 14:52:50:767 Conectado a base de datos
02 14:52:50:770 Proceso CARGA_PROVEES encontrado en tabla VDPROCESOS
02 14:52:50:770 Proceso CARGA_PROVEES cargado con función procesoperiodico (Librería VDKERNEL.DLL) direccion 70032D10
02 14:52:50:772 PLSQL: INICIALIZADO PAQUETE DE LOG EL DIA 05-07-2022
02 14:52:50:780 Actualizado SID 878 SERIAL 13065 del proceso con PID 17192
02 14:52:50:782 Analizado cursor CCARGAPROVEES
02 14:52:50:782 Leidos 1 cursores
01 14:52:50:783 PLSQL: INICIANDO CARGA DE PROVEES EN  V10INTERIN_RDRP
01 14:52:50:785 PLSQL: ERROR CARGANDO PROVEES

00 14:54:38:074 Fichero de log cerrado.

00 14:54:43:022 Fichero de log abierto PID 1156

02 14:54:43:052 Intentando abrir fichero v10.ini
02 14:54:43:057 Cargando driver v10oracle funcion damedriveroracle
02 14:54:43:774 Conectado a base de datos
02 14:54:43:775 Proceso CARGA_PROVEES encontrado en tabla VDPROCESOS
02 14:54:43:777 Proceso CARGA_PROVEES cargado con función procesoperiodico (Librería VDKERNEL.DLL) direccion 70032D10
02 14:54:43:779 PLSQL: INICIALIZADO PAQUETE DE LOG EL DIA 05-07-2022
02 14:54:43:789 Actualizado SID 256 SERIAL 14301 del proceso con PID 1156
02 14:54:43:790 Analizado cursor CCARGAPROVEES
02 14:54:43:790 Leidos 1 cursores
01 14:54:43:790 PLSQL: INICIANDO CARGA DE PROVEES EN  V10INTERIN_RDRP
01 14:54:43:793 PLSQL: ERROR CARGANDO PROVEES
01 15:04:43:795 PLSQL: INICIANDO CARGA DE PROVEES EN  V10INTERIN_RDRP
01 15:04:43:796 PLSQL: ERROR CARGANDO PROVEES
01 15:14:43:800 PLSQL: INICIANDO CARGA DE PROVEES EN  V10INTERIN_RDRP
01 15:14:43:802 PLSQL: ERROR CARGANDO PROVEES
01 15:24:43:814 PLSQL: INICIANDO CARGA DE PROVEES EN  V10INTERIN_RDRP
01 15:24:43:816 PLSQL: ERROR CARGANDO PROVEES
01 15:34:43:819 PLSQL: INICIANDO CARGA DE PROVEES EN  V10INTERIN_RDRP
01 15:34:43:821 PLSQL: ERROR CARGANDO PROVEES
01 15:54:24:178 PLSQL: INICIANDO CARGA DE PROVEES EN  V10INTERIN_RDRP
01 15:54:24:185 PLSQL: ERROR CARGANDO PROVEES
01 16:04:24:192 PLSQL: INICIANDO CARGA DE PROVEES EN  V10INTERIN_RDRP
01 16:04:24:197 PLSQL: ERROR CARGANDO PROVEES
01 16:14:24:211 PLSQL: INICIANDO CARGA DE PROVEES EN  V10INTERIN_RDRP
01 16:14:24:216 PLSQL: ERROR CARGANDO PROVEES
01 16:24:24:222 PLSQL: INICIANDO CARGA DE PROVEES EN  V10INTERIN_RDRP
01 16:24:24:225 PLSQL: ERROR CARGANDO PROVEES
01 16:34:24:240 PLSQL: INICIANDO CARGA DE PROVEES EN  V10INTERIN_RDRP
01 16:34:24:241 PLSQL: ERROR CARGANDO PROVEES
01 16:44:24:243 PLSQL: INICIANDO CARGA DE PROVEES EN  V10INTERIN_RDRP
01 16:44:24:245 PLSQL: ERROR CARGANDO PROVEES
01 16:54:24:262 PLSQL: INICIANDO CARGA DE PROVEES EN  V10INTERIN_RDRP
01 16:54:24:264 PLSQL: ERROR CARGANDO PROVEES
01 17:04:24:269 PLSQL: INICIANDO CARGA DE PROVEES EN  V10INTERIN_RDRP
01 17:04:24:270 PLSQL: ERROR CARGANDO PROVEES
01 17:14:24:277 PLSQL: INICIANDO CARGA DE PROVEES EN  V10INTERIN_RDRP
01 17:14:24:279 PLSQL: ERROR CARGANDO PROVEES
01 17:24:24:290 PLSQL: INICIANDO CARGA DE PROVEES EN  V10INTERIN_RDRP
01 17:24:24:291 PLSQL: ERROR CARGANDO PROVEES
01 17:34:24:301 PLSQL: INICIANDO CARGA DE PROVEES EN  V10INTERIN_RDRP
01 17:34:24:302 PLSQL: ERROR CARGANDO PROVEES
01 17:46:48:523 PLSQL: INICIANDO CARGA DE PROVEES EN  V10INTERIN_RDRP
01 17:46:48:525 PLSQL: ERROR CARGANDO PROVEES

00 17:55:06:112 Fichero de log cerrado.

