00 11:54:47:682 Fichero de log abierto PID 5928

02 11:54:47:684 Intentando abrir fichero v10.ini
02 11:54:47:690 Cargando driver v10oracle funcion damedriveroracle
02 11:54:48:209 Conectado a base de datos
02 11:54:48:209 Proceso CARGA_PROVEES encontrado en tabla VDPROCESOS
02 11:54:48:209 Proceso CARGA_PROVEES cargado con función procesoperiodico (Librería VDKERNEL.DLL) direccion 614C2D10
02 11:54:48:219 PLSQL: INICIALIZADO PAQUETE DE LOG EL DIA 30-06-2022
02 11:54:48:220 Actualizado SID 20 SERIAL 22544 del proceso con PID 5928
02 11:54:48:230 Analizado cursor CCARGAPROVEES
02 11:54:48:230 Leidos 1 cursores
01 11:54:48:231 PLSQL: INICIANDO CARGA DE PROVEES EN  V10INTERIN_RDRP
01 11:54:48:231 PLSQL: ERROR CARGANDO PROVEES

00 12:04:30:227 Fichero de log cerrado.

00 12:04:43:100 Fichero de log abierto PID 11608

02 12:04:43:107 Intentando abrir fichero v10.ini
02 12:04:43:114 Cargando driver v10oracle funcion damedriveroracle
02 12:04:43:597 Conectado a base de datos
02 12:04:43:599 Proceso CARGA_PROVEES encontrado en tabla VDPROCESOS
02 12:04:43:599 Proceso CARGA_PROVEES cargado con función procesoperiodico (Librería VDKERNEL.DLL) direccion 614C2D10
02 12:04:43:601 PLSQL: INICIALIZADO PAQUETE DE LOG EL DIA 30-06-2022
02 12:04:43:634 Actualizado SID 867 SERIAL 29748 del proceso con PID 11608
02 12:04:43:634 Analizado cursor CCARGAPROVEES
02 12:04:43:634 Leidos 1 cursores
01 12:04:43:635 PLSQL: INICIANDO CARGA DE PROVEES EN  V10INTERIN_RDRP
01 12:04:43:637 PLSQL: ERROR CARGANDO PROVEES

00 12:05:30:412 Fichero de log cerrado.

00 12:07:06:265 Fichero de log abierto PID 6600

02 12:07:06:267 Intentando abrir fichero v10.ini
02 12:07:06:272 Cargando driver v10oracle funcion damedriveroracle
02 12:07:06:955 Conectado a base de datos
02 12:07:06:957 Proceso CARGA_PROVEES encontrado en tabla VDPROCESOS
02 12:07:06:957 Proceso CARGA_PROVEES cargado con función procesoperiodico (Librería VDKERNEL.DLL) direccion 614C2D10
02 12:07:06:960 PLSQL: INICIALIZADO PAQUETE DE LOG EL DIA 30-06-2022
02 12:07:06:969 Actualizado SID 749 SERIAL 48180 del proceso con PID 6600
02 12:07:06:970 Analizado cursor CCARGAPROVEES
02 12:07:06:970 Leidos 1 cursores
01 12:07:06:971 PLSQL: INICIANDO CARGA DE PROVEES EN  V10INTERIN_RDRP
01 12:07:06:972 PLSQL: ERROR CARGANDO PROVEES
01 12:17:05:765 PLSQL: INICIANDO CARGA DE PROVEES EN  V10INTERIN_RDRP
01 12:17:05:765 PLSQL: ERROR CARGANDO PROVEES
01 12:27:05:779 PLSQL: INICIANDO CARGA DE PROVEES EN  V10INTERIN_RDRP
01 12:27:05:781 PLSQL: ERROR CARGANDO PROVEES
01 12:37:05:796 PLSQL: INICIANDO CARGA DE PROVEES EN  V10INTERIN_RDRP
01 12:37:05:799 PLSQL: ERROR CARGANDO PROVEES
01 12:47:05:815 PLSQL: INICIANDO CARGA DE PROVEES EN  V10INTERIN_RDRP
01 12:47:05:815 PLSQL: ERROR CARGANDO PROVEES
01 12:57:05:823 PLSQL: INICIANDO CARGA DE PROVEES EN  V10INTERIN_RDRP
01 12:57:05:823 PLSQL: ERROR CARGANDO PROVEES
01 13:07:05:833 PLSQL: INICIANDO CARGA DE PROVEES EN  V10INTERIN_RDRP
01 13:07:05:833 PLSQL: ERROR CARGANDO PROVEES
01 13:17:05:849 PLSQL: INICIANDO CARGA DE PROVEES EN  V10INTERIN_RDRP
01 13:17:05:849 PLSQL: ERROR CARGANDO PROVEES
01 13:27:05:868 PLSQL: INICIANDO CARGA DE PROVEES EN  V10INTERIN_RDRP
01 13:27:05:870 PLSQL: ERROR CARGANDO PROVEES
01 13:37:05:874 PLSQL: INICIANDO CARGA DE PROVEES EN  V10INTERIN_RDRP
01 13:37:05:891 PLSQL: ERROR CARGANDO PROVEES
01 13:47:05:893 PLSQL: INICIANDO CARGA DE PROVEES EN  V10INTERIN_RDRP
01 13:47:05:893 PLSQL: ERROR CARGANDO PROVEES
01 13:57:05:905 PLSQL: INICIANDO CARGA DE PROVEES EN  V10INTERIN_RDRP
01 13:57:05:905 PLSQL: ERROR CARGANDO PROVEES

00 13:58:50:712 Fichero de log cerrado.

00 13:59:07:620 Fichero de log abierto PID 1696

02 13:59:07:622 Intentando abrir fichero v10.ini
02 13:59:07:627 Cargando driver v10oracle funcion damedriveroracle
02 13:59:08:447 Conectado a base de datos
02 13:59:08:449 Proceso CARGA_PROVEES encontrado en tabla VDPROCESOS
02 13:59:08:450 Proceso CARGA_PROVEES cargado con función procesoperiodico (Librería VDKERNEL.DLL) direccion 614C2D10
02 13:59:08:452 PLSQL: INICIALIZADO PAQUETE DE LOG EL DIA 30-06-2022
02 13:59:08:460 Actualizado SID 625 SERIAL 53598 del proceso con PID 1696
02 13:59:08:462 Analizado cursor CCARGAPROVEES
02 13:59:08:462 Leidos 1 cursores
01 13:59:08:462 PLSQL: INICIANDO CARGA DE PROVEES EN  V10INTERIN_RDRP
01 13:59:08:462 PLSQL: ERROR CARGANDO PROVEES
01 14:09:08:465 PLSQL: INICIANDO CARGA DE PROVEES EN  V10INTERIN_RDRP
01 14:09:08:465 PLSQL: ERROR CARGANDO PROVEES
01 14:19:08:488 PLSQL: INICIANDO CARGA DE PROVEES EN  V10INTERIN_RDRP
01 14:19:08:488 PLSQL: ERROR CARGANDO PROVEES
01 14:29:08:500 PLSQL: INICIANDO CARGA DE PROVEES EN  V10INTERIN_RDRP
01 14:29:08:500 PLSQL: ERROR CARGANDO PROVEES
01 14:39:08:504 PLSQL: INICIANDO CARGA DE PROVEES EN  V10INTERIN_RDRP
01 14:39:08:504 PLSQL: ERROR CARGANDO PROVEES
01 14:49:08:516 PLSQL: INICIANDO CARGA DE PROVEES EN  V10INTERIN_RDRP
01 14:49:08:516 PLSQL: ERROR CARGANDO PROVEES
01 14:59:08:526 PLSQL: INICIANDO CARGA DE PROVEES EN  V10INTERIN_RDRP
01 14:59:08:527 PLSQL: ERROR CARGANDO PROVEES
01 15:09:08:541 PLSQL: INICIANDO CARGA DE PROVEES EN  V10INTERIN_RDRP
01 15:09:08:541 PLSQL: ERROR CARGANDO PROVEES
01 15:19:08:558 PLSQL: INICIANDO CARGA DE PROVEES EN  V10INTERIN_RDRP
01 15:19:08:558 PLSQL: ERROR CARGANDO PROVEES
01 15:29:08:567 PLSQL: INICIANDO CARGA DE PROVEES EN  V10INTERIN_RDRP
01 15:29:08:567 PLSQL: ERROR CARGANDO PROVEES
01 15:39:08:574 PLSQL: INICIANDO CARGA DE PROVEES EN  V10INTERIN_RDRP
01 15:39:08:574 PLSQL: ERROR CARGANDO PROVEES
01 15:49:08:582 PLSQL: INICIANDO CARGA DE PROVEES EN  V10INTERIN_RDRP
01 15:49:08:582 PLSQL: ERROR CARGANDO PROVEES
01 15:59:08:595 PLSQL: INICIANDO CARGA DE PROVEES EN  V10INTERIN_RDRP
01 15:59:08:596 PLSQL: ERROR CARGANDO PROVEES
01 16:09:08:603 PLSQL: INICIANDO CARGA DE PROVEES EN  V10INTERIN_RDRP
01 16:09:08:603 PLSQL: ERROR CARGANDO PROVEES
01 16:19:08:625 PLSQL: INICIANDO CARGA DE PROVEES EN  V10INTERIN_RDRP
01 16:19:08:625 PLSQL: ERROR CARGANDO PROVEES
01 16:29:08:643 PLSQL: INICIANDO CARGA DE PROVEES EN  V10INTERIN_RDRP
01 16:29:08:643 PLSQL: ERROR CARGANDO PROVEES
01 16:39:08:657 PLSQL: INICIANDO CARGA DE PROVEES EN  V10INTERIN_RDRP
01 16:39:08:660 PLSQL: ERROR CARGANDO PROVEES
01 16:49:08:667 PLSQL: INICIANDO CARGA DE PROVEES EN  V10INTERIN_RDRP
01 16:49:08:667 PLSQL: ERROR CARGANDO PROVEES
01 16:59:08:687 PLSQL: INICIANDO CARGA DE PROVEES EN  V10INTERIN_RDRP
01 16:59:08:687 PLSQL: ERROR CARGANDO PROVEES
01 17:09:08:703 PLSQL: INICIANDO CARGA DE PROVEES EN  V10INTERIN_RDRP
01 17:09:08:706 PLSQL: ERROR CARGANDO PROVEES
01 17:19:08:721 PLSQL: INICIANDO CARGA DE PROVEES EN  V10INTERIN_RDRP
01 17:19:08:723 PLSQL: ERROR CARGANDO PROVEES
01 17:29:08:736 PLSQL: INICIANDO CARGA DE PROVEES EN  V10INTERIN_RDRP
01 17:29:08:740 PLSQL: ERROR CARGANDO PROVEES

00 17:31:35:259 Fichero de log cerrado.

00 17:31:48:209 Fichero de log abierto PID 16228

02 17:31:48:210 Intentando abrir fichero v10.ini
02 17:31:48:212 Cargando driver v10oracle funcion damedriveroracle
02 17:31:48:924 Conectado a base de datos
02 17:31:48:927 Proceso CARGA_PROVEES encontrado en tabla VDPROCESOS
02 17:31:48:927 Proceso CARGA_PROVEES cargado con función procesoperiodico (Librería VDKERNEL.DLL) direccion 614C2D10
02 17:31:48:929 PLSQL: INICIALIZADO PAQUETE DE LOG EL DIA 30-06-2022
02 17:31:48:940 Actualizado SID 20 SERIAL 16741 del proceso con PID 16228
02 17:31:48:940 Analizado cursor CCARGAPROVEES
02 17:31:48:940 Leidos 1 cursores
01 17:31:48:941 PLSQL: INICIANDO CARGA DE PROVEES EN  V10INTERIN_RDRP
01 17:31:48:944 PLSQL: ERROR CARGANDO PROVEES
01 17:41:48:959 PLSQL: INICIANDO CARGA DE PROVEES EN  V10INTERIN_RDRP
01 17:41:48:959 PLSQL: ERROR CARGANDO PROVEES

00 17:46:21:449 Fichero de log cerrado.

00 17:46:33:822 Fichero de log abierto PID 8856

02 17:46:33:825 Intentando abrir fichero v10.ini
02 17:46:33:830 Cargando driver v10oracle funcion damedriveroracle
02 17:46:34:299 Conectado a base de datos
02 17:46:34:300 Proceso CARGA_PROVEES encontrado en tabla VDPROCESOS
02 17:46:34:300 Proceso CARGA_PROVEES cargado con función procesoperiodico (Librería VDKERNEL.DLL) direccion 614C2D10
02 17:46:34:304 PLSQL: INICIALIZADO PAQUETE DE LOG EL DIA 30-06-2022
02 17:46:34:315 Actualizado SID 508 SERIAL 51555 del proceso con PID 8856
02 17:46:34:315 Analizado cursor CCARGAPROVEES
02 17:46:34:315 Leidos 1 cursores
01 17:46:34:316 PLSQL: INICIANDO CARGA DE PROVEES EN  V10INTERIN_RDRP
01 17:46:34:318 PLSQL: ERROR CARGANDO PROVEES

00 17:49:57:492 Fichero de log cerrado.

00 17:51:15:372 Fichero de log abierto PID 15568

02 17:51:15:374 Intentando abrir fichero v10.ini
02 17:51:15:379 Cargando driver v10oracle funcion damedriveroracle
02 17:51:16:030 Conectado a base de datos
02 17:51:16:032 Proceso CARGA_PROVEES encontrado en tabla VDPROCESOS
02 17:51:16:034 Proceso CARGA_PROVEES cargado con función procesoperiodico (Librería VDKERNEL.DLL) direccion 70042D10
02 17:51:16:035 PLSQL: INICIALIZADO PAQUETE DE LOG EL DIA 30-06-2022
02 17:51:16:042 Actualizado SID 257 SERIAL 14771 del proceso con PID 15568
02 17:51:16:042 Analizado cursor CCARGAPROVEES
02 17:51:16:042 Leidos 1 cursores
01 17:51:16:043 PLSQL: INICIANDO CARGA DE PROVEES EN  V10INTERIN_RDRP
01 17:51:16:047 PLSQL: ERROR CARGANDO PROVEES

00 17:52:14:352 Fichero de log cerrado.

