00 09:23:04:092 Fichero de log abierto PID 7532

02 09:23:04:095 Intentando abrir fichero v10.ini
02 09:23:04:100 Cargando driver v10oracle funcion damedriveroracle
02 09:23:04:747 Conectado a base de datos
02 09:23:04:748 Proceso CARGA_PEDIDOS encontrado en tabla VDPROCESOS
02 09:23:04:748 Proceso CARGA_PEDIDOS cargado con función procesoperiodico (Librería VDKERNEL.DLL) direccion 70032D10
02 09:23:04:752 PLSQL: INICIALIZADO PAQUETE DE LOG EL DIA 05-07-2022
02 09:23:04:762 Actualizado SID 256 SERIAL 49697 del proceso con PID 7532
02 09:23:04:855 Analizado cursor CCARGAPEDIDOS
02 09:23:04:862 Leidos 1 cursores
01 09:23:04:863 PLSQL: INICIANDO CARGA DE PEDIDOS EN  V10INTERIN_RDRP
01 09:23:04:863 PLSQL: ERROR CARGANDO PEDIDOS
01 09:28:04:923 PLSQL: INICIANDO CARGA DE PEDIDOS EN  V10INTERIN_RDRP
01 09:28:04:926 PLSQL: ERROR CARGANDO PEDIDOS
01 09:33:04:941 PLSQL: INICIANDO CARGA DE PEDIDOS EN  V10INTERIN_RDRP
01 09:33:04:943 PLSQL: ERROR CARGANDO PEDIDOS
01 09:38:04:956 PLSQL: INICIANDO CARGA DE PEDIDOS EN  V10INTERIN_RDRP
01 09:38:04:959 PLSQL: ERROR CARGANDO PEDIDOS
01 09:43:04:962 PLSQL: INICIANDO CARGA DE PEDIDOS EN  V10INTERIN_RDRP
01 09:43:04:966 PLSQL: ERROR CARGANDO PEDIDOS
01 09:48:04:974 PLSQL: INICIANDO CARGA DE PEDIDOS EN  V10INTERIN_RDRP
01 09:48:04:977 PLSQL: ERROR CARGANDO PEDIDOS
01 09:53:04:992 PLSQL: INICIANDO CARGA DE PEDIDOS EN  V10INTERIN_RDRP
01 09:53:04:993 PLSQL: ERROR CARGANDO PEDIDOS
01 09:58:05:010 PLSQL: INICIANDO CARGA DE PEDIDOS EN  V10INTERIN_RDRP
01 09:58:05:014 PLSQL: ERROR CARGANDO PEDIDOS
01 10:03:05:021 PLSQL: INICIANDO CARGA DE PEDIDOS EN  V10INTERIN_RDRP
01 10:03:05:022 PLSQL: ERROR CARGANDO PEDIDOS
01 10:08:05:038 PLSQL: INICIANDO CARGA DE PEDIDOS EN  V10INTERIN_RDRP
01 10:08:05:041 PLSQL: ERROR CARGANDO PEDIDOS
01 10:13:05:045 PLSQL: INICIANDO CARGA DE PEDIDOS EN  V10INTERIN_RDRP
01 10:13:05:047 PLSQL: ERROR CARGANDO PEDIDOS
01 10:18:05:065 PLSQL: INICIANDO CARGA DE PEDIDOS EN  V10INTERIN_RDRP
01 10:18:05:068 PLSQL: ERROR CARGANDO PEDIDOS
01 10:23:05:086 PLSQL: INICIANDO CARGA DE PEDIDOS EN  V10INTERIN_RDRP
01 10:23:05:089 PLSQL: ERROR CARGANDO PEDIDOS
01 10:28:05:105 PLSQL: INICIANDO CARGA DE PEDIDOS EN  V10INTERIN_RDRP
01 10:28:05:108 PLSQL: ERROR CARGANDO PEDIDOS
01 10:33:05:122 PLSQL: INICIANDO CARGA DE PEDIDOS EN  V10INTERIN_RDRP
01 10:33:05:127 PLSQL: ERROR CARGANDO PEDIDOS
01 10:38:05:139 PLSQL: INICIANDO CARGA DE PEDIDOS EN  V10INTERIN_RDRP
01 10:38:05:141 PLSQL: ERROR CARGANDO PEDIDOS
01 10:43:05:157 PLSQL: INICIANDO CARGA DE PEDIDOS EN  V10INTERIN_RDRP
01 10:43:05:160 PLSQL: ERROR CARGANDO PEDIDOS
01 11:12:54:415 PLSQL: INICIANDO CARGA DE PEDIDOS EN  V10INTERIN_RDRP
01 11:12:54:417 PLSQL: ERROR CARGANDO PEDIDOS
01 11:17:54:432 PLSQL: INICIANDO CARGA DE PEDIDOS EN  V10INTERIN_RDRP
01 11:17:54:434 PLSQL: ERROR CARGANDO PEDIDOS
01 11:22:54:440 PLSQL: INICIANDO CARGA DE PEDIDOS EN  V10INTERIN_RDRP
01 11:22:54:457 PLSQL: ERROR CARGANDO PEDIDOS
01 11:27:54:469 PLSQL: INICIANDO CARGA DE PEDIDOS EN  V10INTERIN_RDRP
01 11:27:54:470 PLSQL: ERROR CARGANDO PEDIDOS
01 11:32:54:480 PLSQL: INICIANDO CARGA DE PEDIDOS EN  V10INTERIN_RDRP
01 11:32:54:480 PLSQL: ERROR CARGANDO PEDIDOS
01 11:37:54:502 PLSQL: INICIANDO CARGA DE PEDIDOS EN  V10INTERIN_RDRP
01 11:37:54:504 PLSQL: ERROR CARGANDO PEDIDOS
01 11:42:54:515 PLSQL: INICIANDO CARGA DE PEDIDOS EN  V10INTERIN_RDRP
01 11:42:54:516 PLSQL: ERROR CARGANDO PEDIDOS
01 11:47:54:521 PLSQL: INICIANDO CARGA DE PEDIDOS EN  V10INTERIN_RDRP
01 11:47:54:522 PLSQL: ERROR CARGANDO PEDIDOS
01 11:52:54:528 PLSQL: INICIANDO CARGA DE PEDIDOS EN  V10INTERIN_RDRP
01 11:52:54:529 PLSQL: ERROR CARGANDO PEDIDOS
01 11:57:54:546 PLSQL: INICIANDO CARGA DE PEDIDOS EN  V10INTERIN_RDRP
01 11:57:54:548 PLSQL: ERROR CARGANDO PEDIDOS
01 12:02:54:554 PLSQL: INICIANDO CARGA DE PEDIDOS EN  V10INTERIN_RDRP
01 12:02:54:556 PLSQL: ERROR CARGANDO PEDIDOS
01 12:07:54:560 PLSQL: INICIANDO CARGA DE PEDIDOS EN  V10INTERIN_RDRP
01 12:07:54:562 PLSQL: ERROR CARGANDO PEDIDOS
01 12:12:54:577 PLSQL: INICIANDO CARGA DE PEDIDOS EN  V10INTERIN_RDRP
01 12:12:54:578 PLSQL: ERROR CARGANDO PEDIDOS
01 12:17:54:595 PLSQL: INICIANDO CARGA DE PEDIDOS EN  V10INTERIN_RDRP
01 12:17:54:599 PLSQL: ERROR CARGANDO PEDIDOS
01 12:22:54:604 PLSQL: INICIANDO CARGA DE PEDIDOS EN  V10INTERIN_RDRP
01 12:22:54:606 PLSQL: ERROR CARGANDO PEDIDOS
01 12:27:54:618 PLSQL: INICIANDO CARGA DE PEDIDOS EN  V10INTERIN_RDRP
01 12:27:54:620 PLSQL: ERROR CARGANDO PEDIDOS
01 12:32:54:632 PLSQL: INICIANDO CARGA DE PEDIDOS EN  V10INTERIN_RDRP
01 12:32:54:633 PLSQL: ERROR CARGANDO PEDIDOS
01 12:37:54:645 PLSQL: INICIANDO CARGA DE PEDIDOS EN  V10INTERIN_RDRP
01 12:37:54:649 PLSQL: ERROR CARGANDO PEDIDOS
01 12:42:54:656 PLSQL: INICIANDO CARGA DE PEDIDOS EN  V10INTERIN_RDRP
01 12:42:54:657 PLSQL: ERROR CARGANDO PEDIDOS
01 12:47:54:670 PLSQL: INICIANDO CARGA DE PEDIDOS EN  V10INTERIN_RDRP
01 12:47:54:671 PLSQL: ERROR CARGANDO PEDIDOS
01 12:52:54:687 PLSQL: INICIANDO CARGA DE PEDIDOS EN  V10INTERIN_RDRP
01 12:52:54:690 PLSQL: ERROR CARGANDO PEDIDOS
01 12:57:54:698 PLSQL: INICIANDO CARGA DE PEDIDOS EN  V10INTERIN_RDRP
01 12:57:54:702 PLSQL: ERROR CARGANDO PEDIDOS
01 13:02:54:716 PLSQL: INICIANDO CARGA DE PEDIDOS EN  V10INTERIN_RDRP
01 13:02:54:719 PLSQL: ERROR CARGANDO PEDIDOS
01 13:07:54:730 PLSQL: INICIANDO CARGA DE PEDIDOS EN  V10INTERIN_RDRP
01 13:07:54:733 PLSQL: ERROR CARGANDO PEDIDOS
01 13:12:54:739 PLSQL: INICIANDO CARGA DE PEDIDOS EN  V10INTERIN_RDRP
01 13:12:54:741 PLSQL: ERROR CARGANDO PEDIDOS
01 13:17:54:749 PLSQL: INICIANDO CARGA DE PEDIDOS EN  V10INTERIN_RDRP
01 13:17:54:751 PLSQL: ERROR CARGANDO PEDIDOS
01 13:22:54:759 PLSQL: INICIANDO CARGA DE PEDIDOS EN  V10INTERIN_RDRP
01 13:22:54:763 PLSQL: ERROR CARGANDO PEDIDOS
01 13:27:54:767 PLSQL: INICIANDO CARGA DE PEDIDOS EN  V10INTERIN_RDRP
01 13:27:54:769 PLSQL: ERROR CARGANDO PEDIDOS
01 13:32:54:785 PLSQL: INICIANDO CARGA DE PEDIDOS EN  V10INTERIN_RDRP
01 13:32:54:788 PLSQL: ERROR CARGANDO PEDIDOS

00 13:36:35:289 Fichero de log cerrado.

00 13:36:39:237 Fichero de log abierto PID 11888

02 13:36:39:240 Intentando abrir fichero v10.ini
02 13:36:39:245 Cargando driver v10oracle funcion damedriveroracle
02 13:36:39:832 Conectado a base de datos
02 13:36:39:834 Proceso CARGA_PEDIDOS encontrado en tabla VDPROCESOS
02 13:36:39:835 Proceso CARGA_PEDIDOS cargado con función procesoperiodico (Librería VDKERNEL.DLL) direccion 70032D10
02 13:36:39:837 PLSQL: INICIALIZADO PAQUETE DE LOG EL DIA 05-07-2022
02 13:36:39:847 Actualizado SID 745 SERIAL 65052 del proceso con PID 11888
02 13:36:39:854 Analizado cursor CCARGAPEDIDOS
02 13:36:39:855 Leidos 1 cursores
01 13:36:39:855 PLSQL: INICIANDO CARGA DE PEDIDOS EN  V10INTERIN_RDRP
01 13:36:39:857 PLSQL: ERROR CARGANDO PEDIDOS
01 13:41:39:867 PLSQL: INICIANDO CARGA DE PEDIDOS EN  V10INTERIN_RDRP
01 13:41:39:871 PLSQL: ERROR CARGANDO PEDIDOS
01 13:57:58:555 PLSQL: INICIANDO CARGA DE PEDIDOS EN  V10INTERIN_RDRP
01 13:57:58:557 PLSQL: ERROR CARGANDO PEDIDOS

00 13:58:57:502 Fichero de log cerrado.

00 13:59:20:397 Fichero de log abierto PID 12860

02 13:59:20:402 Intentando abrir fichero v10.ini
02 13:59:20:407 Cargando driver v10oracle funcion damedriveroracle
02 13:59:21:212 Conectado a base de datos
02 13:59:21:214 Proceso CARGA_PEDIDOS encontrado en tabla VDPROCESOS
02 13:59:21:215 Proceso CARGA_PEDIDOS cargado con función procesoperiodico (Librería VDKERNEL.DLL) direccion 70032D10
02 13:59:21:218 PLSQL: INICIALIZADO PAQUETE DE LOG EL DIA 05-07-2022
02 13:59:21:227 Actualizado SID 628 SERIAL 34792 del proceso con PID 12860
02 13:59:21:229 Analizado cursor CCARGAPEDIDOS
02 13:59:21:229 Leidos 1 cursores
01 13:59:21:229 PLSQL: INICIANDO CARGA DE PEDIDOS EN  V10INTERIN_RDRP
01 13:59:21:230 PLSQL: ERROR CARGANDO PEDIDOS
01 14:04:21:245 PLSQL: INICIANDO CARGA DE PEDIDOS EN  V10INTERIN_RDRP
01 14:04:21:248 PLSQL: ERROR CARGANDO PEDIDOS
01 14:09:21:265 PLSQL: INICIANDO CARGA DE PEDIDOS EN  V10INTERIN_RDRP
01 14:09:21:267 PLSQL: ERROR CARGANDO PEDIDOS
01 14:14:21:275 PLSQL: INICIANDO CARGA DE PEDIDOS EN  V10INTERIN_RDRP
01 14:14:21:278 PLSQL: ERROR CARGANDO PEDIDOS
01 14:19:21:286 PLSQL: INICIANDO CARGA DE PEDIDOS EN  V10INTERIN_RDRP
01 14:19:21:288 PLSQL: ERROR CARGANDO PEDIDOS
01 14:24:21:299 PLSQL: INICIANDO CARGA DE PEDIDOS EN  V10INTERIN_RDRP
01 14:24:21:301 PLSQL: ERROR CARGANDO PEDIDOS
01 14:29:21:314 PLSQL: INICIANDO CARGA DE PEDIDOS EN  V10INTERIN_RDRP
01 14:29:21:315 PLSQL: ERROR CARGANDO PEDIDOS
01 14:34:21:323 PLSQL: INICIANDO CARGA DE PEDIDOS EN  V10INTERIN_RDRP
01 14:34:21:376 PLSQL: ERROR CARGANDO PEDIDOS
01 14:39:21:390 PLSQL: INICIANDO CARGA DE PEDIDOS EN  V10INTERIN_RDRP
01 14:39:21:394 PLSQL: ERROR CARGANDO PEDIDOS
01 14:44:21:421 PLSQL: INICIANDO CARGA DE PEDIDOS EN  V10INTERIN_RDRP
01 14:44:21:500 PLSQL: ERROR CARGANDO PEDIDOS
01 14:49:21:511 PLSQL: INICIANDO CARGA DE PEDIDOS EN  V10INTERIN_RDRP
01 14:49:21:514 PLSQL: ERROR CARGANDO PEDIDOS

00 14:52:23:005 Fichero de log cerrado.

00 14:52:50:240 Fichero de log abierto PID 16484

02 14:52:50:332 Intentando abrir fichero v10.ini
02 14:52:50:339 Cargando driver v10oracle funcion damedriveroracle
02 14:52:51:275 Conectado a base de datos
02 14:52:51:277 Proceso CARGA_PEDIDOS encontrado en tabla VDPROCESOS
02 14:52:51:277 Proceso CARGA_PEDIDOS cargado con función procesoperiodico (Librería VDKERNEL.DLL) direccion 70032D10
02 14:52:51:279 PLSQL: INICIALIZADO PAQUETE DE LOG EL DIA 05-07-2022
02 14:52:51:289 Actualizado SID 141 SERIAL 24020 del proceso con PID 16484
02 14:52:51:289 Analizado cursor CCARGAPEDIDOS
02 14:52:51:290 Leidos 1 cursores
01 14:52:51:290 PLSQL: INICIANDO CARGA DE PEDIDOS EN  V10INTERIN_RDRP
01 14:52:51:292 PLSQL: ERROR CARGANDO PEDIDOS

00 14:54:38:074 Fichero de log cerrado.

00 14:54:42:969 Fichero de log abierto PID 10828

02 14:54:42:970 Intentando abrir fichero v10.ini
02 14:54:42:977 Cargando driver v10oracle funcion damedriveroracle
02 14:54:43:655 Conectado a base de datos
02 14:54:43:657 Proceso CARGA_PEDIDOS encontrado en tabla VDPROCESOS
02 14:54:43:657 Proceso CARGA_PEDIDOS cargado con función procesoperiodico (Librería VDKERNEL.DLL) direccion 70032D10
02 14:54:43:661 PLSQL: INICIALIZADO PAQUETE DE LOG EL DIA 05-07-2022
02 14:54:43:672 Actualizado SID 131 SERIAL 13253 del proceso con PID 10828
02 14:54:43:672 Analizado cursor CCARGAPEDIDOS
02 14:54:43:672 Leidos 1 cursores
01 14:54:43:673 PLSQL: INICIANDO CARGA DE PEDIDOS EN  V10INTERIN_RDRP
01 14:54:43:674 PLSQL: ERROR CARGANDO PEDIDOS
01 14:59:43:685 PLSQL: INICIANDO CARGA DE PEDIDOS EN  V10INTERIN_RDRP
01 14:59:43:689 PLSQL: ERROR CARGANDO PEDIDOS
01 15:04:43:704 PLSQL: INICIANDO CARGA DE PEDIDOS EN  V10INTERIN_RDRP
01 15:04:43:705 PLSQL: ERROR CARGANDO PEDIDOS
01 15:09:43:717 PLSQL: INICIANDO CARGA DE PEDIDOS EN  V10INTERIN_RDRP
01 15:09:43:719 PLSQL: ERROR CARGANDO PEDIDOS
01 15:14:43:722 PLSQL: INICIANDO CARGA DE PEDIDOS EN  V10INTERIN_RDRP
01 15:14:43:724 PLSQL: ERROR CARGANDO PEDIDOS
01 15:19:43:734 PLSQL: INICIANDO CARGA DE PEDIDOS EN  V10INTERIN_RDRP
01 15:19:43:735 PLSQL: ERROR CARGANDO PEDIDOS
01 15:24:43:751 PLSQL: INICIANDO CARGA DE PEDIDOS EN  V10INTERIN_RDRP
01 15:24:43:753 PLSQL: ERROR CARGANDO PEDIDOS
01 15:29:43:768 PLSQL: INICIANDO CARGA DE PEDIDOS EN  V10INTERIN_RDRP
01 15:29:43:770 PLSQL: ERROR CARGANDO PEDIDOS
01 15:34:43:772 PLSQL: INICIANDO CARGA DE PEDIDOS EN  V10INTERIN_RDRP
01 15:34:43:774 PLSQL: ERROR CARGANDO PEDIDOS
01 15:54:24:177 PLSQL: INICIANDO CARGA DE PEDIDOS EN  V10INTERIN_RDRP
01 15:54:24:185 PLSQL: ERROR CARGANDO PEDIDOS
01 15:59:24:201 PLSQL: INICIANDO CARGA DE PEDIDOS EN  V10INTERIN_RDRP
01 15:59:24:202 PLSQL: ERROR CARGANDO PEDIDOS
01 16:04:24:207 PLSQL: INICIANDO CARGA DE PEDIDOS EN  V10INTERIN_RDRP
01 16:04:24:209 PLSQL: ERROR CARGANDO PEDIDOS
01 16:09:24:216 PLSQL: INICIANDO CARGA DE PEDIDOS EN  V10INTERIN_RDRP
01 16:09:24:219 PLSQL: ERROR CARGANDO PEDIDOS
01 16:14:24:226 PLSQL: INICIANDO CARGA DE PEDIDOS EN  V10INTERIN_RDRP
01 16:14:24:227 PLSQL: ERROR CARGANDO PEDIDOS
01 16:19:24:244 PLSQL: INICIANDO CARGA DE PEDIDOS EN  V10INTERIN_RDRP
01 16:19:24:245 PLSQL: ERROR CARGANDO PEDIDOS
01 16:24:24:253 PLSQL: INICIANDO CARGA DE PEDIDOS EN  V10INTERIN_RDRP
01 16:24:24:269 PLSQL: ERROR CARGANDO PEDIDOS
01 16:29:24:287 PLSQL: INICIANDO CARGA DE PEDIDOS EN  V10INTERIN_RDRP
01 16:29:24:289 PLSQL: ERROR CARGANDO PEDIDOS
01 16:34:24:303 PLSQL: INICIANDO CARGA DE PEDIDOS EN  V10INTERIN_RDRP
01 16:34:24:305 PLSQL: ERROR CARGANDO PEDIDOS
01 16:39:24:318 PLSQL: INICIANDO CARGA DE PEDIDOS EN  V10INTERIN_RDRP
01 16:39:24:319 PLSQL: ERROR CARGANDO PEDIDOS
01 16:44:24:336 PLSQL: INICIANDO CARGA DE PEDIDOS EN  V10INTERIN_RDRP
01 16:44:24:339 PLSQL: ERROR CARGANDO PEDIDOS
01 16:49:24:354 PLSQL: INICIANDO CARGA DE PEDIDOS EN  V10INTERIN_RDRP
01 16:49:24:357 PLSQL: ERROR CARGANDO PEDIDOS
01 16:54:24:371 PLSQL: INICIANDO CARGA DE PEDIDOS EN  V10INTERIN_RDRP
01 16:54:24:373 PLSQL: ERROR CARGANDO PEDIDOS
01 16:59:24:388 PLSQL: INICIANDO CARGA DE PEDIDOS EN  V10INTERIN_RDRP
01 16:59:24:394 PLSQL: ERROR CARGANDO PEDIDOS
01 17:04:24:409 PLSQL: INICIANDO CARGA DE PEDIDOS EN  V10INTERIN_RDRP
01 17:04:24:411 PLSQL: ERROR CARGANDO PEDIDOS
01 17:09:24:416 PLSQL: INICIANDO CARGA DE PEDIDOS EN  V10INTERIN_RDRP
01 17:09:24:418 PLSQL: ERROR CARGANDO PEDIDOS
01 17:14:24:430 PLSQL: INICIANDO CARGA DE PEDIDOS EN  V10INTERIN_RDRP
01 17:14:24:433 PLSQL: ERROR CARGANDO PEDIDOS
01 17:19:24:445 PLSQL: INICIANDO CARGA DE PEDIDOS EN  V10INTERIN_RDRP
01 17:19:24:448 PLSQL: ERROR CARGANDO PEDIDOS
01 17:24:24:461 PLSQL: INICIANDO CARGA DE PEDIDOS EN  V10INTERIN_RDRP
01 17:24:24:463 PLSQL: ERROR CARGANDO PEDIDOS
01 17:29:24:471 PLSQL: INICIANDO CARGA DE PEDIDOS EN  V10INTERIN_RDRP
01 17:29:24:473 PLSQL: ERROR CARGANDO PEDIDOS
01 17:34:24:487 PLSQL: INICIANDO CARGA DE PEDIDOS EN  V10INTERIN_RDRP
01 17:34:24:492 PLSQL: ERROR CARGANDO PEDIDOS
01 17:39:24:505 PLSQL: INICIANDO CARGA DE PEDIDOS EN  V10INTERIN_RDRP
01 17:39:24:509 PLSQL: ERROR CARGANDO PEDIDOS
01 17:46:48:489 PLSQL: INICIANDO CARGA DE PEDIDOS EN  V10INTERIN_RDRP
01 17:46:48:490 PLSQL: ERROR CARGANDO PEDIDOS
01 17:51:48:509 PLSQL: INICIANDO CARGA DE PEDIDOS EN  V10INTERIN_RDRP
01 17:51:48:512 PLSQL: ERROR CARGANDO PEDIDOS

00 17:55:06:112 Fichero de log cerrado.

