00 08:59:48:967 Fichero de log abierto PID 6036

02 08:59:48:968 Intentando abrir fichero v10.ini
02 08:59:48:973 Cargando driver v10oracle funcion damedriveroracle
02 08:59:49:521 Conectado a base de datos
02 08:59:49:522 Proceso CARGA_PEDIDOS encontrado en tabla VDPROCESOS
02 08:59:49:523 Proceso CARGA_PEDIDOS cargado con función procesoperiodico (Librería VDKERNEL.DLL) direccion 70042D10
02 08:59:49:525 PLSQL: INICIALIZADO PAQUETE DE LOG EL DIA 27-06-2022
02 08:59:49:535 Actualizado SID 624 SERIAL 21416 del proceso con PID 6036
02 08:59:49:536 Analizado cursor CCARGAPEDIDOS
02 08:59:49:536 Leidos 1 cursores
01 08:59:49:537 PLSQL: INICIANDO CARGA DE PEDIDOS EN  V10INTERIN_RDRP
01 08:59:49:539 PLSQL: ERROR CARGANDO PEDIDOS
01 09:04:49:543 PLSQL: INICIANDO CARGA DE PEDIDOS EN  V10INTERIN_RDRP
01 09:04:49:543 PLSQL: ERROR CARGANDO PEDIDOS
01 09:09:49:550 PLSQL: INICIANDO CARGA DE PEDIDOS EN  V10INTERIN_RDRP
01 09:09:49:550 PLSQL: ERROR CARGANDO PEDIDOS
01 09:14:49:561 PLSQL: INICIANDO CARGA DE PEDIDOS EN  V10INTERIN_RDRP
01 09:14:49:561 PLSQL: ERROR CARGANDO PEDIDOS
01 09:19:49:574 PLSQL: INICIANDO CARGA DE PEDIDOS EN  V10INTERIN_RDRP
01 09:19:49:592 PLSQL: ERROR CARGANDO PEDIDOS
01 09:24:49:596 PLSQL: INICIANDO CARGA DE PEDIDOS EN  V10INTERIN_RDRP
01 09:24:49:596 PLSQL: ERROR CARGANDO PEDIDOS
01 09:29:49:609 PLSQL: INICIANDO CARGA DE PEDIDOS EN  V10INTERIN_RDRP
01 09:29:49:609 PLSQL: ERROR CARGANDO PEDIDOS
01 09:34:49:622 PLSQL: INICIANDO CARGA DE PEDIDOS EN  V10INTERIN_RDRP
01 09:34:49:622 PLSQL: ERROR CARGANDO PEDIDOS
01 09:39:49:638 PLSQL: INICIANDO CARGA DE PEDIDOS EN  V10INTERIN_RDRP
01 09:39:49:638 PLSQL: ERROR CARGANDO PEDIDOS
01 09:44:49:642 PLSQL: INICIANDO CARGA DE PEDIDOS EN  V10INTERIN_RDRP
01 09:44:49:642 PLSQL: ERROR CARGANDO PEDIDOS
01 09:49:49:649 PLSQL: INICIANDO CARGA DE PEDIDOS EN  V10INTERIN_RDRP
01 09:49:49:650 PLSQL: ERROR CARGANDO PEDIDOS
01 09:54:49:653 PLSQL: INICIANDO CARGA DE PEDIDOS EN  V10INTERIN_RDRP
01 09:54:49:654 PLSQL: ERROR CARGANDO PEDIDOS
01 09:59:49:659 PLSQL: INICIANDO CARGA DE PEDIDOS EN  V10INTERIN_RDRP
01 09:59:49:659 PLSQL: ERROR CARGANDO PEDIDOS
01 10:04:49:670 PLSQL: INICIANDO CARGA DE PEDIDOS EN  V10INTERIN_RDRP
01 10:04:49:670 PLSQL: ERROR CARGANDO PEDIDOS
01 10:09:49:691 PLSQL: INICIANDO CARGA DE PEDIDOS EN  V10INTERIN_RDRP
01 10:09:49:691 PLSQL: ERROR CARGANDO PEDIDOS
01 10:14:48:580 PLSQL: INICIANDO CARGA DE PEDIDOS EN  V10INTERIN_RDRP
01 10:14:48:580 PLSQL: ERROR CARGANDO PEDIDOS
01 10:19:48:585 PLSQL: INICIANDO CARGA DE PEDIDOS EN  V10INTERIN_RDRP
01 10:19:48:585 PLSQL: ERROR CARGANDO PEDIDOS
01 10:24:48:599 PLSQL: INICIANDO CARGA DE PEDIDOS EN  V10INTERIN_RDRP
01 10:24:48:599 PLSQL: ERROR CARGANDO PEDIDOS
01 10:29:48:613 PLSQL: INICIANDO CARGA DE PEDIDOS EN  V10INTERIN_RDRP
01 10:29:48:613 PLSQL: ERROR CARGANDO PEDIDOS
01 10:34:48:632 PLSQL: INICIANDO CARGA DE PEDIDOS EN  V10INTERIN_RDRP
01 10:34:48:632 PLSQL: ERROR CARGANDO PEDIDOS
01 10:39:48:646 PLSQL: INICIANDO CARGA DE PEDIDOS EN  V10INTERIN_RDRP
01 10:39:48:646 PLSQL: ERROR CARGANDO PEDIDOS
01 10:44:48:663 PLSQL: INICIANDO CARGA DE PEDIDOS EN  V10INTERIN_RDRP
01 10:44:48:663 PLSQL: ERROR CARGANDO PEDIDOS
01 10:49:48:674 PLSQL: INICIANDO CARGA DE PEDIDOS EN  V10INTERIN_RDRP
01 10:49:48:674 PLSQL: ERROR CARGANDO PEDIDOS
01 11:00:27:207 PLSQL: INICIANDO CARGA DE PEDIDOS EN  V10INTERIN_RDRP
01 11:00:27:209 PLSQL: ERROR CARGANDO PEDIDOS
01 11:05:27:215 PLSQL: INICIANDO CARGA DE PEDIDOS EN  V10INTERIN_RDRP
01 11:05:27:215 PLSQL: ERROR CARGANDO PEDIDOS
01 11:10:27:225 PLSQL: INICIANDO CARGA DE PEDIDOS EN  V10INTERIN_RDRP
01 11:10:27:226 PLSQL: ERROR CARGANDO PEDIDOS
01 11:15:27:235 PLSQL: INICIANDO CARGA DE PEDIDOS EN  V10INTERIN_RDRP
01 11:15:27:235 PLSQL: ERROR CARGANDO PEDIDOS
01 11:20:27:255 PLSQL: INICIANDO CARGA DE PEDIDOS EN  V10INTERIN_RDRP
01 11:20:27:273 PLSQL: ERROR CARGANDO PEDIDOS
01 11:25:27:279 PLSQL: INICIANDO CARGA DE PEDIDOS EN  V10INTERIN_RDRP
01 11:25:27:279 PLSQL: ERROR CARGANDO PEDIDOS
01 11:30:27:291 PLSQL: INICIANDO CARGA DE PEDIDOS EN  V10INTERIN_RDRP
01 11:30:27:291 PLSQL: ERROR CARGANDO PEDIDOS
01 11:35:27:302 PLSQL: INICIANDO CARGA DE PEDIDOS EN  V10INTERIN_RDRP
01 11:35:27:302 PLSQL: ERROR CARGANDO PEDIDOS
01 11:40:27:316 PLSQL: INICIANDO CARGA DE PEDIDOS EN  V10INTERIN_RDRP
01 11:40:27:347 PLSQL: ERROR CARGANDO PEDIDOS
01 11:45:27:361 PLSQL: INICIANDO CARGA DE PEDIDOS EN  V10INTERIN_RDRP
01 11:45:27:361 PLSQL: ERROR CARGANDO PEDIDOS
01 11:50:27:380 PLSQL: INICIANDO CARGA DE PEDIDOS EN  V10INTERIN_RDRP
01 11:50:27:381 PLSQL: ERROR CARGANDO PEDIDOS
01 11:55:27:392 PLSQL: INICIANDO CARGA DE PEDIDOS EN  V10INTERIN_RDRP
01 11:55:27:392 PLSQL: ERROR CARGANDO PEDIDOS
01 12:00:27:400 PLSQL: INICIANDO CARGA DE PEDIDOS EN  V10INTERIN_RDRP
01 12:00:27:400 PLSQL: ERROR CARGANDO PEDIDOS
01 12:05:27:405 PLSQL: INICIANDO CARGA DE PEDIDOS EN  V10INTERIN_RDRP
01 12:05:27:405 PLSQL: ERROR CARGANDO PEDIDOS
01 12:10:27:413 PLSQL: INICIANDO CARGA DE PEDIDOS EN  V10INTERIN_RDRP
01 12:10:27:413 PLSQL: ERROR CARGANDO PEDIDOS
01 12:15:27:428 PLSQL: INICIANDO CARGA DE PEDIDOS EN  V10INTERIN_RDRP
01 12:15:27:428 PLSQL: ERROR CARGANDO PEDIDOS
01 12:20:27:451 PLSQL: INICIANDO CARGA DE PEDIDOS EN  V10INTERIN_RDRP
01 12:20:27:451 PLSQL: ERROR CARGANDO PEDIDOS
01 12:25:27:471 PLSQL: INICIANDO CARGA DE PEDIDOS EN  V10INTERIN_RDRP
01 12:25:27:471 PLSQL: ERROR CARGANDO PEDIDOS
01 12:30:27:486 PLSQL: INICIANDO CARGA DE PEDIDOS EN  V10INTERIN_RDRP
01 12:30:27:487 PLSQL: ERROR CARGANDO PEDIDOS
01 12:35:27:497 PLSQL: INICIANDO CARGA DE PEDIDOS EN  V10INTERIN_RDRP
01 12:35:27:497 PLSQL: ERROR CARGANDO PEDIDOS
01 12:40:27:515 PLSQL: INICIANDO CARGA DE PEDIDOS EN  V10INTERIN_RDRP
01 12:40:27:533 PLSQL: ERROR CARGANDO PEDIDOS
01 12:45:27:540 PLSQL: INICIANDO CARGA DE PEDIDOS EN  V10INTERIN_RDRP
01 12:45:27:540 PLSQL: ERROR CARGANDO PEDIDOS
01 12:50:27:555 PLSQL: INICIANDO CARGA DE PEDIDOS EN  V10INTERIN_RDRP
01 12:50:27:555 PLSQL: ERROR CARGANDO PEDIDOS
01 12:55:27:571 PLSQL: INICIANDO CARGA DE PEDIDOS EN  V10INTERIN_RDRP
01 12:55:27:571 PLSQL: ERROR CARGANDO PEDIDOS
01 13:00:27:587 PLSQL: INICIANDO CARGA DE PEDIDOS EN  V10INTERIN_RDRP
01 13:00:27:587 PLSQL: ERROR CARGANDO PEDIDOS
01 13:05:27:594 PLSQL: INICIANDO CARGA DE PEDIDOS EN  V10INTERIN_RDRP
01 13:05:27:594 PLSQL: ERROR CARGANDO PEDIDOS
01 13:10:27:607 PLSQL: INICIANDO CARGA DE PEDIDOS EN  V10INTERIN_RDRP
01 13:10:27:607 PLSQL: ERROR CARGANDO PEDIDOS
01 13:15:27:624 PLSQL: INICIANDO CARGA DE PEDIDOS EN  V10INTERIN_RDRP
01 13:15:27:624 PLSQL: ERROR CARGANDO PEDIDOS
01 13:20:27:633 PLSQL: INICIANDO CARGA DE PEDIDOS EN  V10INTERIN_RDRP
01 13:20:27:634 PLSQL: ERROR CARGANDO PEDIDOS
01 13:25:27:641 PLSQL: INICIANDO CARGA DE PEDIDOS EN  V10INTERIN_RDRP
01 13:25:27:641 PLSQL: ERROR CARGANDO PEDIDOS
01 13:30:27:658 PLSQL: INICIANDO CARGA DE PEDIDOS EN  V10INTERIN_RDRP
01 13:30:27:659 PLSQL: ERROR CARGANDO PEDIDOS
01 13:35:27:676 PLSQL: INICIANDO CARGA DE PEDIDOS EN  V10INTERIN_RDRP
01 13:35:27:677 PLSQL: ERROR CARGANDO PEDIDOS
01 13:40:27:682 PLSQL: INICIANDO CARGA DE PEDIDOS EN  V10INTERIN_RDRP
01 13:40:27:682 PLSQL: ERROR CARGANDO PEDIDOS
01 13:45:27:687 PLSQL: INICIANDO CARGA DE PEDIDOS EN  V10INTERIN_RDRP
01 13:45:27:691 PLSQL: ERROR CARGANDO PEDIDOS
01 13:50:27:701 PLSQL: INICIANDO CARGA DE PEDIDOS EN  V10INTERIN_RDRP
01 13:50:27:701 PLSQL: ERROR CARGANDO PEDIDOS
01 13:55:27:720 PLSQL: INICIANDO CARGA DE PEDIDOS EN  V10INTERIN_RDRP
01 13:55:27:720 PLSQL: ERROR CARGANDO PEDIDOS
01 14:00:27:740 PLSQL: INICIANDO CARGA DE PEDIDOS EN  V10INTERIN_RDRP
01 14:00:27:743 PLSQL: ERROR CARGANDO PEDIDOS
01 14:05:27:755 PLSQL: INICIANDO CARGA DE PEDIDOS EN  V10INTERIN_RDRP
01 14:05:27:755 PLSQL: ERROR CARGANDO PEDIDOS
01 14:10:27:775 PLSQL: INICIANDO CARGA DE PEDIDOS EN  V10INTERIN_RDRP
01 14:10:27:776 PLSQL: ERROR CARGANDO PEDIDOS
01 14:15:27:793 PLSQL: INICIANDO CARGA DE PEDIDOS EN  V10INTERIN_RDRP
01 14:15:27:793 PLSQL: ERROR CARGANDO PEDIDOS
01 14:20:27:812 PLSQL: INICIANDO CARGA DE PEDIDOS EN  V10INTERIN_RDRP
01 14:20:27:812 PLSQL: ERROR CARGANDO PEDIDOS
01 14:25:27:829 PLSQL: INICIANDO CARGA DE PEDIDOS EN  V10INTERIN_RDRP
01 14:25:27:829 PLSQL: ERROR CARGANDO PEDIDOS
01 14:30:27:843 PLSQL: INICIANDO CARGA DE PEDIDOS EN  V10INTERIN_RDRP
01 14:30:27:843 PLSQL: ERROR CARGANDO PEDIDOS
01 14:35:27:850 PLSQL: INICIANDO CARGA DE PEDIDOS EN  V10INTERIN_RDRP
01 14:35:27:850 PLSQL: ERROR CARGANDO PEDIDOS
01 14:40:27:866 PLSQL: INICIANDO CARGA DE PEDIDOS EN  V10INTERIN_RDRP
01 14:40:27:866 PLSQL: ERROR CARGANDO PEDIDOS
01 14:45:27:877 PLSQL: INICIANDO CARGA DE PEDIDOS EN  V10INTERIN_RDRP
01 14:45:27:877 PLSQL: ERROR CARGANDO PEDIDOS
01 14:50:27:888 PLSQL: INICIANDO CARGA DE PEDIDOS EN  V10INTERIN_RDRP
01 14:50:27:888 PLSQL: ERROR CARGANDO PEDIDOS
01 14:55:27:899 PLSQL: INICIANDO CARGA DE PEDIDOS EN  V10INTERIN_RDRP
01 14:55:27:899 PLSQL: ERROR CARGANDO PEDIDOS
01 15:00:27:917 PLSQL: INICIANDO CARGA DE PEDIDOS EN  V10INTERIN_RDRP
01 15:00:27:917 PLSQL: ERROR CARGANDO PEDIDOS
01 15:05:27:937 PLSQL: INICIANDO CARGA DE PEDIDOS EN  V10INTERIN_RDRP
01 15:05:27:937 PLSQL: ERROR CARGANDO PEDIDOS
01 15:10:27:957 PLSQL: INICIANDO CARGA DE PEDIDOS EN  V10INTERIN_RDRP
01 15:10:27:957 PLSQL: ERROR CARGANDO PEDIDOS
01 16:09:06:049 PLSQL: INICIANDO CARGA DE PEDIDOS EN  V10INTERIN_RDRP
01 16:09:06:061 PLSQL: ERROR CARGANDO PEDIDOS
01 16:14:06:845 PLSQL: INICIANDO CARGA DE PEDIDOS EN  V10INTERIN_RDRP
01 16:14:06:848 PLSQL: ERROR CARGANDO PEDIDOS
01 16:19:06:857 PLSQL: INICIANDO CARGA DE PEDIDOS EN  V10INTERIN_RDRP
01 16:19:06:857 PLSQL: ERROR CARGANDO PEDIDOS
01 16:24:06:864 PLSQL: INICIANDO CARGA DE PEDIDOS EN  V10INTERIN_RDRP
01 16:24:06:864 PLSQL: ERROR CARGANDO PEDIDOS
01 16:29:06:886 PLSQL: INICIANDO CARGA DE PEDIDOS EN  V10INTERIN_RDRP
01 16:29:06:886 PLSQL: ERROR CARGANDO PEDIDOS
01 16:34:06:912 PLSQL: INICIANDO CARGA DE PEDIDOS EN  V10INTERIN_RDRP
01 16:34:06:912 PLSQL: ERROR CARGANDO PEDIDOS
01 16:39:06:944 PLSQL: INICIANDO CARGA DE PEDIDOS EN  V10INTERIN_RDRP
01 16:39:06:950 PLSQL: ERROR CARGANDO PEDIDOS
01 16:44:06:962 PLSQL: INICIANDO CARGA DE PEDIDOS EN  V10INTERIN_RDRP
01 16:44:06:965 PLSQL: ERROR CARGANDO PEDIDOS
01 16:49:06:969 PLSQL: INICIANDO CARGA DE PEDIDOS EN  V10INTERIN_RDRP
01 16:49:06:969 PLSQL: ERROR CARGANDO PEDIDOS
01 16:54:06:990 PLSQL: INICIANDO CARGA DE PEDIDOS EN  V10INTERIN_RDRP
01 16:54:06:990 PLSQL: ERROR CARGANDO PEDIDOS
01 16:59:07:005 PLSQL: INICIANDO CARGA DE PEDIDOS EN  V10INTERIN_RDRP
01 16:59:07:008 PLSQL: ERROR CARGANDO PEDIDOS
01 17:04:07:016 PLSQL: INICIANDO CARGA DE PEDIDOS EN  V10INTERIN_RDRP
01 17:04:07:017 PLSQL: ERROR CARGANDO PEDIDOS
01 17:09:07:038 PLSQL: INICIANDO CARGA DE PEDIDOS EN  V10INTERIN_RDRP
01 17:09:07:038 PLSQL: ERROR CARGANDO PEDIDOS
01 17:14:07:045 PLSQL: INICIANDO CARGA DE PEDIDOS EN  V10INTERIN_RDRP
01 17:14:07:045 PLSQL: ERROR CARGANDO PEDIDOS
01 17:19:07:063 PLSQL: INICIANDO CARGA DE PEDIDOS EN  V10INTERIN_RDRP
01 17:19:07:063 PLSQL: ERROR CARGANDO PEDIDOS
01 17:24:07:077 PLSQL: INICIANDO CARGA DE PEDIDOS EN  V10INTERIN_RDRP
01 17:24:07:077 PLSQL: ERROR CARGANDO PEDIDOS
01 17:29:07:098 PLSQL: INICIANDO CARGA DE PEDIDOS EN  V10INTERIN_RDRP
01 17:29:07:100 PLSQL: ERROR CARGANDO PEDIDOS
01 17:34:07:113 PLSQL: INICIANDO CARGA DE PEDIDOS EN  V10INTERIN_RDRP
01 17:34:07:113 PLSQL: ERROR CARGANDO PEDIDOS
01 17:39:07:134 PLSQL: INICIANDO CARGA DE PEDIDOS EN  V10INTERIN_RDRP
01 17:39:07:135 PLSQL: ERROR CARGANDO PEDIDOS
01 17:44:07:139 PLSQL: INICIANDO CARGA DE PEDIDOS EN  V10INTERIN_RDRP
01 17:44:07:140 PLSQL: ERROR CARGANDO PEDIDOS

00 17:47:53:380 Fichero de log cerrado.

00 17:48:08:277 Fichero de log abierto PID 5608

02 17:48:08:277 Intentando abrir fichero v10.ini
02 17:48:08:285 Cargando driver v10oracle funcion damedriveroracle
02 17:48:08:870 Conectado a base de datos
02 17:48:08:872 Proceso CARGA_PEDIDOS encontrado en tabla VDPROCESOS
02 17:48:08:872 Proceso CARGA_PEDIDOS cargado con función procesoperiodico (Librería VDKERNEL.DLL) direccion 70042D10
02 17:48:08:875 PLSQL: INICIALIZADO PAQUETE DE LOG EL DIA 27-06-2022
02 17:48:08:884 Actualizado SID 746 SERIAL 7109 del proceso con PID 5608
02 17:48:08:892 Analizado cursor CCARGAPEDIDOS
02 17:48:08:892 Leidos 1 cursores
01 17:48:08:893 PLSQL: INICIANDO CARGA DE PEDIDOS EN  V10INTERIN_RDRP
01 17:48:08:895 PLSQL: ERROR CARGANDO PEDIDOS
01 17:53:08:898 PLSQL: INICIANDO CARGA DE PEDIDOS EN  V10INTERIN_RDRP
01 17:53:08:898 PLSQL: ERROR CARGANDO PEDIDOS

00 17:57:06:537 Fichero de log cerrado.

