00 09:09:35:322 Fichero de log abierto PID 10984

02 09:09:35:322 Intentando abrir fichero v10.ini
02 09:09:35:328 Cargando driver v10oracle funcion damedriveroracle
02 09:09:35:737 Conectado a base de datos
02 09:09:35:740 Proceso CARGA_PROVEES encontrado en tabla VDPROCESOS
02 09:09:35:741 Proceso CARGA_PROVEES cargado con función procesoperiodico (Librería VDKERNEL.DLL) direccion 6FE02D10
02 09:09:35:743 PLSQL: INICIALIZADO PAQUETE DE LOG EL DIA 05-04-2022
02 09:09:35:752 Actualizado SID 137 SERIAL 37104 del proceso con PID 10984
02 09:09:35:757 Analizado cursor CCARGAPROVEES
02 09:09:35:757 Leidos 1 cursores
01 09:09:35:758 PLSQL: INICIANDO CARGA DE PROVEES EN  V10INTERIN_RDRP
01 09:09:35:760 PLSQL: ERROR CARGANDO PROVEES
01 09:19:35:773 PLSQL: INICIANDO CARGA DE PROVEES EN  V10INTERIN_RDRP
01 09:19:35:774 PLSQL: ERROR CARGANDO PROVEES
01 09:29:35:790 PLSQL: INICIANDO CARGA DE PROVEES EN  V10INTERIN_RDRP
01 09:29:35:791 PLSQL: ERROR CARGANDO PROVEES
01 09:39:35:803 PLSQL: INICIANDO CARGA DE PROVEES EN  V10INTERIN_RDRP
01 09:39:35:805 PLSQL: ERROR CARGANDO PROVEES
01 09:49:35:815 PLSQL: INICIANDO CARGA DE PROVEES EN  V10INTERIN_RDRP
01 09:49:35:818 PLSQL: ERROR CARGANDO PROVEES

00 09:57:03:187 Fichero de log cerrado.

00 09:57:16:187 Fichero de log abierto PID 3032

02 09:57:16:190 Intentando abrir fichero v10.ini
02 09:57:16:196 Cargando driver v10oracle funcion damedriveroracle
02 09:57:17:061 Conectado a base de datos
02 09:57:17:062 Proceso CARGA_PROVEES encontrado en tabla VDPROCESOS
02 09:57:17:062 Proceso CARGA_PROVEES cargado con función procesoperiodico (Librería VDKERNEL.DLL) direccion 6FE02D10
02 09:57:17:066 PLSQL: INICIALIZADO PAQUETE DE LOG EL DIA 05-04-2022
02 09:57:17:086 Actualizado SID 384 SERIAL 22777 del proceso con PID 3032
02 09:57:17:087 Analizado cursor CCARGAPROVEES
02 09:57:17:087 Leidos 1 cursores
01 09:57:17:087 PLSQL: INICIANDO CARGA DE PROVEES EN  V10INTERIN_RDRP
01 09:57:17:089 PLSQL: ERROR CARGANDO PROVEES

00 10:01:40:410 Fichero de log cerrado.

00 10:03:38:205 Fichero de log abierto PID 7564

02 10:03:38:206 Intentando abrir fichero v10.ini
02 10:03:38:212 Cargando driver v10oracle funcion damedriveroracle
02 10:03:38:892 Conectado a base de datos
02 10:03:38:895 Proceso CARGA_PROVEES encontrado en tabla VDPROCESOS
02 10:03:38:906 Proceso CARGA_PROVEES cargado con función procesoperiodico (Librería VDKERNEL.DLL) direccion 6E092D10
02 10:03:38:908 PLSQL: INICIALIZADO PAQUETE DE LOG EL DIA 05-04-2022
02 10:03:38:921 Actualizado SID 747 SERIAL 3668 del proceso con PID 7564
02 10:03:38:927 Analizado cursor CCARGAPROVEES
02 10:03:38:927 Leidos 1 cursores
01 10:03:38:931 PLSQL: INICIANDO CARGA DE PROVEES EN  V10INTERIN_RDRP
01 10:03:38:933 PLSQL: ERROR CARGANDO PROVEES
01 10:13:38:944 PLSQL: INICIANDO CARGA DE PROVEES EN  V10INTERIN_RDRP
01 10:13:38:945 PLSQL: ERROR CARGANDO PROVEES
01 10:23:38:948 PLSQL: INICIANDO CARGA DE PROVEES EN  V10INTERIN_RDRP
01 10:23:38:950 PLSQL: ERROR CARGANDO PROVEES
01 10:33:38:952 PLSQL: INICIANDO CARGA DE PROVEES EN  V10INTERIN_RDRP
01 10:33:38:954 PLSQL: ERROR CARGANDO PROVEES
01 10:43:38:971 PLSQL: INICIANDO CARGA DE PROVEES EN  V10INTERIN_RDRP
01 10:43:38:973 PLSQL: ERROR CARGANDO PROVEES
01 10:53:38:982 PLSQL: INICIANDO CARGA DE PROVEES EN  V10INTERIN_RDRP
01 10:53:38:983 PLSQL: ERROR CARGANDO PROVEES
01 11:03:38:992 PLSQL: INICIANDO CARGA DE PROVEES EN  V10INTERIN_RDRP
01 11:03:38:993 PLSQL: ERROR CARGANDO PROVEES
01 11:32:04:125 PLSQL: INICIANDO CARGA DE PROVEES EN  V10INTERIN_RDRP
01 11:32:04:128 PLSQL: ERROR CARGANDO PROVEES
01 11:42:04:132 PLSQL: INICIANDO CARGA DE PROVEES EN  V10INTERIN_RDRP
01 11:42:04:132 PLSQL: ERROR CARGANDO PROVEES
01 11:52:04:161 PLSQL: INICIANDO CARGA DE PROVEES EN  V10INTERIN_RDRP
01 11:52:04:177 PLSQL: ERROR CARGANDO PROVEES
01 12:02:04:207 PLSQL: INICIANDO CARGA DE PROVEES EN  V10INTERIN_RDRP
01 12:02:04:207 PLSQL: ERROR CARGANDO PROVEES
01 12:12:04:238 PLSQL: INICIANDO CARGA DE PROVEES EN  V10INTERIN_RDRP
01 12:12:04:259 PLSQL: ERROR CARGANDO PROVEES
01 12:22:04:268 PLSQL: INICIANDO CARGA DE PROVEES EN  V10INTERIN_RDRP
01 12:22:04:269 PLSQL: ERROR CARGANDO PROVEES
01 12:32:04:296 PLSQL: INICIANDO CARGA DE PROVEES EN  V10INTERIN_RDRP
01 12:32:04:298 PLSQL: ERROR CARGANDO PROVEES
01 12:42:04:305 PLSQL: INICIANDO CARGA DE PROVEES EN  V10INTERIN_RDRP
01 12:42:04:308 PLSQL: ERROR CARGANDO PROVEES
01 12:52:04:314 PLSQL: INICIANDO CARGA DE PROVEES EN  V10INTERIN_RDRP
01 12:52:04:430 PLSQL: ERROR CARGANDO PROVEES
01 13:02:04:470 PLSQL: INICIANDO CARGA DE PROVEES EN  V10INTERIN_RDRP
01 13:02:04:470 PLSQL: ERROR CARGANDO PROVEES
01 13:12:04:500 PLSQL: INICIANDO CARGA DE PROVEES EN  V10INTERIN_RDRP
01 13:12:04:520 PLSQL: ERROR CARGANDO PROVEES
01 13:22:04:532 PLSQL: INICIANDO CARGA DE PROVEES EN  V10INTERIN_RDRP
01 13:22:04:535 PLSQL: ERROR CARGANDO PROVEES
01 13:32:04:540 PLSQL: INICIANDO CARGA DE PROVEES EN  V10INTERIN_RDRP
01 13:32:04:557 PLSQL: ERROR CARGANDO PROVEES
01 13:42:04:560 PLSQL: INICIANDO CARGA DE PROVEES EN  V10INTERIN_RDRP
01 13:42:04:562 PLSQL: ERROR CARGANDO PROVEES
01 13:52:04:571 PLSQL: INICIANDO CARGA DE PROVEES EN  V10INTERIN_RDRP
01 13:52:04:573 PLSQL: ERROR CARGANDO PROVEES
01 14:02:04:586 PLSQL: INICIANDO CARGA DE PROVEES EN  V10INTERIN_RDRP
01 14:02:04:588 PLSQL: ERROR CARGANDO PROVEES
01 14:12:04:590 PLSQL: INICIANDO CARGA DE PROVEES EN  V10INTERIN_RDRP
01 14:12:04:592 PLSQL: ERROR CARGANDO PROVEES
01 14:22:04:596 PLSQL: INICIANDO CARGA DE PROVEES EN  V10INTERIN_RDRP
01 14:22:04:597 PLSQL: ERROR CARGANDO PROVEES
01 14:32:04:612 PLSQL: INICIANDO CARGA DE PROVEES EN  V10INTERIN_RDRP
01 14:32:04:613 PLSQL: ERROR CARGANDO PROVEES
01 14:42:04:621 PLSQL: INICIANDO CARGA DE PROVEES EN  V10INTERIN_RDRP
01 14:42:04:623 PLSQL: ERROR CARGANDO PROVEES
01 14:52:04:628 PLSQL: INICIANDO CARGA DE PROVEES EN  V10INTERIN_RDRP
01 14:52:04:630 PLSQL: ERROR CARGANDO PROVEES
01 15:46:31:874 PLSQL: INICIANDO CARGA DE PROVEES EN  V10INTERIN_RDRP
01 15:46:31:879 PLSQL: ERROR CARGANDO PROVEES
01 15:56:31:895 PLSQL: INICIANDO CARGA DE PROVEES EN  V10INTERIN_RDRP
01 15:56:31:909 PLSQL: ERROR CARGANDO PROVEES
01 16:06:31:939 PLSQL: INICIANDO CARGA DE PROVEES EN  V10INTERIN_RDRP
01 16:06:31:943 PLSQL: ERROR CARGANDO PROVEES

00 16:14:51:319 Fichero de log cerrado.

00 16:15:01:817 Fichero de log abierto PID 5804

02 16:15:01:820 Intentando abrir fichero v10.ini
02 16:15:01:830 Cargando driver v10oracle funcion damedriveroracle
02 16:15:02:502 Conectado a base de datos
02 16:15:02:505 Proceso CARGA_PROVEES encontrado en tabla VDPROCESOS
02 16:15:02:507 Proceso CARGA_PROVEES cargado con función procesoperiodico (Librería VDKERNEL.DLL) direccion 6E092D10
02 16:15:02:510 PLSQL: INICIALIZADO PAQUETE DE LOG EL DIA 05-04-2022
02 16:15:02:530 Actualizado SID 634 SERIAL 64964 del proceso con PID 5804
02 16:15:02:539 Analizado cursor CCARGAPROVEES
02 16:15:02:539 Leidos 1 cursores
01 16:15:02:541 PLSQL: INICIANDO CARGA DE PROVEES EN  V10INTERIN_RDRP
01 16:15:02:544 PLSQL: ERROR CARGANDO PROVEES
01 16:25:02:561 PLSQL: INICIANDO CARGA DE PROVEES EN  V10INTERIN_RDRP
01 16:25:02:564 PLSQL: ERROR CARGANDO PROVEES
01 16:35:02:572 PLSQL: INICIANDO CARGA DE PROVEES EN  V10INTERIN_RDRP
01 16:35:02:574 PLSQL: ERROR CARGANDO PROVEES
01 16:45:02:583 PLSQL: INICIANDO CARGA DE PROVEES EN  V10INTERIN_RDRP
01 16:45:02:584 PLSQL: ERROR CARGANDO PROVEES
01 16:55:02:591 PLSQL: INICIANDO CARGA DE PROVEES EN  V10INTERIN_RDRP
01 16:55:02:593 PLSQL: ERROR CARGANDO PROVEES
01 17:05:02:600 PLSQL: INICIANDO CARGA DE PROVEES EN  V10INTERIN_RDRP
01 17:05:02:606 PLSQL: ERROR CARGANDO PROVEES
01 17:15:02:612 PLSQL: INICIANDO CARGA DE PROVEES EN  V10INTERIN_RDRP
01 17:15:02:628 PLSQL: ERROR CARGANDO PROVEES
01 17:25:02:642 PLSQL: INICIANDO CARGA DE PROVEES EN  V10INTERIN_RDRP
01 17:25:02:644 PLSQL: ERROR CARGANDO PROVEES
01 17:35:02:653 PLSQL: INICIANDO CARGA DE PROVEES EN  V10INTERIN_RDRP
01 17:35:02:678 PLSQL: ERROR CARGANDO PROVEES
01 17:45:02:689 PLSQL: INICIANDO CARGA DE PROVEES EN  V10INTERIN_RDRP
01 17:45:02:723 PLSQL: ERROR CARGANDO PROVEES
01 17:55:02:727 PLSQL: INICIANDO CARGA DE PROVEES EN  V10INTERIN_RDRP
01 17:55:02:728 PLSQL: ERROR CARGANDO PROVEES

00 17:58:46:505 Fichero de log cerrado.

