00 09:09:48:541 Fichero de log abierto PID 15340

02 09:09:48:542 Intentando abrir fichero v10.ini
02 09:09:48:547 Cargando driver v10oracle funcion damedriveroracle
02 09:09:49:306 Conectado a base de datos
02 09:09:49:307 Proceso CARGA_ARTICULOS encontrado en tabla VDPROCESOS
02 09:09:49:307 Proceso CARGA_ARTICULOS cargado con función procesoperiodico (Librería VDKERNEL.DLL) direccion 6E312D10
02 09:09:49:310 PLSQL: INICIALIZADO PAQUETE DE LOG EL DIA 12-04-2022
02 09:09:49:373 Actualizado SID 6 SERIAL 6839 del proceso con PID 15340
02 09:09:49:380 Analizado cursor CCARGAARTICULOS
02 09:09:49:380 Leidos 1 cursores
01 09:09:49:381 PLSQL: INICIANDO CARGA DE ARTICULOS EN  V10INTERIN_RDRP
01 09:09:49:382 PLSQL: ERROR CARGANDO ARTICULOS
01 09:19:49:397 PLSQL: INICIANDO CARGA DE ARTICULOS EN  V10INTERIN_RDRP
01 09:19:49:422 PLSQL: ERROR CARGANDO ARTICULOS
01 09:29:49:424 PLSQL: INICIANDO CARGA DE ARTICULOS EN  V10INTERIN_RDRP
01 09:29:49:425 PLSQL: ERROR CARGANDO ARTICULOS
01 09:39:49:435 PLSQL: INICIANDO CARGA DE ARTICULOS EN  V10INTERIN_RDRP
01 09:39:49:436 PLSQL: ERROR CARGANDO ARTICULOS
01 09:49:49:444 PLSQL: INICIANDO CARGA DE ARTICULOS EN  V10INTERIN_RDRP
01 09:49:49:445 PLSQL: ERROR CARGANDO ARTICULOS
01 09:59:49:452 PLSQL: INICIANDO CARGA DE ARTICULOS EN  V10INTERIN_RDRP
01 09:59:49:453 PLSQL: ERROR CARGANDO ARTICULOS
01 10:09:49:458 PLSQL: INICIANDO CARGA DE ARTICULOS EN  V10INTERIN_RDRP
01 10:09:49:460 PLSQL: ERROR CARGANDO ARTICULOS
01 10:19:49:469 PLSQL: INICIANDO CARGA DE ARTICULOS EN  V10INTERIN_RDRP
01 10:19:49:473 PLSQL: ERROR CARGANDO ARTICULOS
01 10:29:49:489 PLSQL: INICIANDO CARGA DE ARTICULOS EN  V10INTERIN_RDRP
01 10:29:49:490 PLSQL: ERROR CARGANDO ARTICULOS
01 10:39:49:499 PLSQL: INICIANDO CARGA DE ARTICULOS EN  V10INTERIN_RDRP
01 10:39:49:502 PLSQL: ERROR CARGANDO ARTICULOS
01 10:49:49:514 PLSQL: INICIANDO CARGA DE ARTICULOS EN  V10INTERIN_RDRP
01 10:49:49:534 PLSQL: ERROR CARGANDO ARTICULOS
01 10:59:49:543 PLSQL: INICIANDO CARGA DE ARTICULOS EN  V10INTERIN_RDRP
01 10:59:49:545 PLSQL: ERROR CARGANDO ARTICULOS
01 11:27:16:302 PLSQL: INICIANDO CARGA DE ARTICULOS EN  V10INTERIN_RDRP
01 11:27:16:304 PLSQL: ERROR CARGANDO ARTICULOS
01 11:37:16:310 PLSQL: INICIANDO CARGA DE ARTICULOS EN  V10INTERIN_RDRP
01 11:37:16:310 PLSQL: ERROR CARGANDO ARTICULOS
01 11:47:16:338 PLSQL: INICIANDO CARGA DE ARTICULOS EN  V10INTERIN_RDRP
01 11:47:16:340 PLSQL: ERROR CARGANDO ARTICULOS
01 11:57:16:351 PLSQL: INICIANDO CARGA DE ARTICULOS EN  V10INTERIN_RDRP
01 11:57:16:358 PLSQL: ERROR CARGANDO ARTICULOS
01 12:07:16:386 PLSQL: INICIANDO CARGA DE ARTICULOS EN  V10INTERIN_RDRP
01 12:07:16:411 PLSQL: ERROR CARGANDO ARTICULOS
01 12:17:16:448 PLSQL: INICIANDO CARGA DE ARTICULOS EN  V10INTERIN_RDRP
01 12:17:16:450 PLSQL: ERROR CARGANDO ARTICULOS
01 12:27:16:457 PLSQL: INICIANDO CARGA DE ARTICULOS EN  V10INTERIN_RDRP
01 12:27:16:461 PLSQL: ERROR CARGANDO ARTICULOS
01 12:37:16:476 PLSQL: INICIANDO CARGA DE ARTICULOS EN  V10INTERIN_RDRP
01 12:37:16:480 PLSQL: ERROR CARGANDO ARTICULOS
01 12:47:16:490 PLSQL: INICIANDO CARGA DE ARTICULOS EN  V10INTERIN_RDRP
01 12:47:16:494 PLSQL: ERROR CARGANDO ARTICULOS
01 12:57:16:498 PLSQL: INICIANDO CARGA DE ARTICULOS EN  V10INTERIN_RDRP
01 12:57:16:501 PLSQL: ERROR CARGANDO ARTICULOS
01 13:07:16:506 PLSQL: INICIANDO CARGA DE ARTICULOS EN  V10INTERIN_RDRP
01 13:07:16:512 PLSQL: ERROR CARGANDO ARTICULOS
01 13:17:16:526 PLSQL: INICIANDO CARGA DE ARTICULOS EN  V10INTERIN_RDRP
01 13:17:16:528 PLSQL: ERROR CARGANDO ARTICULOS
01 13:27:16:542 PLSQL: INICIANDO CARGA DE ARTICULOS EN  V10INTERIN_RDRP
01 13:27:16:545 PLSQL: ERROR CARGANDO ARTICULOS
01 13:37:16:549 PLSQL: INICIANDO CARGA DE ARTICULOS EN  V10INTERIN_RDRP
01 13:37:16:570 PLSQL: ERROR CARGANDO ARTICULOS
01 13:47:16:576 PLSQL: INICIANDO CARGA DE ARTICULOS EN  V10INTERIN_RDRP
01 13:47:16:579 PLSQL: ERROR CARGANDO ARTICULOS
01 13:57:16:587 PLSQL: INICIANDO CARGA DE ARTICULOS EN  V10INTERIN_RDRP
01 13:57:16:588 PLSQL: ERROR CARGANDO ARTICULOS
01 14:07:16:592 PLSQL: INICIANDO CARGA DE ARTICULOS EN  V10INTERIN_RDRP
01 14:07:16:594 PLSQL: ERROR CARGANDO ARTICULOS
01 14:17:16:603 PLSQL: INICIANDO CARGA DE ARTICULOS EN  V10INTERIN_RDRP
01 14:17:16:625 PLSQL: ERROR CARGANDO ARTICULOS
01 14:27:16:628 PLSQL: INICIANDO CARGA DE ARTICULOS EN  V10INTERIN_RDRP
01 14:27:16:630 PLSQL: ERROR CARGANDO ARTICULOS
01 14:37:16:646 PLSQL: INICIANDO CARGA DE ARTICULOS EN  V10INTERIN_RDRP
01 14:37:16:646 PLSQL: ERROR CARGANDO ARTICULOS
01 14:47:16:654 PLSQL: INICIANDO CARGA DE ARTICULOS EN  V10INTERIN_RDRP
01 14:47:16:656 PLSQL: ERROR CARGANDO ARTICULOS
01 14:57:16:660 PLSQL: INICIANDO CARGA DE ARTICULOS EN  V10INTERIN_RDRP
01 14:57:16:661 PLSQL: ERROR CARGANDO ARTICULOS
01 16:00:11:510 PLSQL: INICIANDO CARGA DE ARTICULOS EN  V10INTERIN_RDRP
01 16:00:11:515 PLSQL: ERROR CARGANDO ARTICULOS
01 16:10:11:516 PLSQL: INICIANDO CARGA DE ARTICULOS EN  V10INTERIN_RDRP
01 16:10:11:517 PLSQL: ERROR CARGANDO ARTICULOS
01 16:20:11:535 PLSQL: INICIANDO CARGA DE ARTICULOS EN  V10INTERIN_RDRP
01 16:20:11:558 PLSQL: ERROR CARGANDO ARTICULOS
01 16:30:11:575 PLSQL: INICIANDO CARGA DE ARTICULOS EN  V10INTERIN_RDRP
01 16:30:11:595 PLSQL: ERROR CARGANDO ARTICULOS
01 16:40:11:609 PLSQL: INICIANDO CARGA DE ARTICULOS EN  V10INTERIN_RDRP
01 16:40:11:613 PLSQL: ERROR CARGANDO ARTICULOS
01 16:50:11:624 PLSQL: INICIANDO CARGA DE ARTICULOS EN  V10INTERIN_RDRP
01 16:50:11:625 PLSQL: ERROR CARGANDO ARTICULOS
01 17:00:11:639 PLSQL: INICIANDO CARGA DE ARTICULOS EN  V10INTERIN_RDRP
01 17:00:11:641 PLSQL: ERROR CARGANDO ARTICULOS
01 17:10:11:647 PLSQL: INICIANDO CARGA DE ARTICULOS EN  V10INTERIN_RDRP
01 17:10:11:648 PLSQL: ERROR CARGANDO ARTICULOS
01 17:20:11:656 PLSQL: INICIANDO CARGA DE ARTICULOS EN  V10INTERIN_RDRP
01 17:20:11:657 PLSQL: ERROR CARGANDO ARTICULOS
01 17:30:11:664 PLSQL: INICIANDO CARGA DE ARTICULOS EN  V10INTERIN_RDRP
01 17:30:11:665 PLSQL: ERROR CARGANDO ARTICULOS
01 17:40:11:672 PLSQL: INICIANDO CARGA DE ARTICULOS EN  V10INTERIN_RDRP
01 17:40:11:676 PLSQL: ERROR CARGANDO ARTICULOS
01 17:50:11:683 PLSQL: INICIANDO CARGA DE ARTICULOS EN  V10INTERIN_RDRP
01 17:50:11:685 PLSQL: ERROR CARGANDO ARTICULOS

00 17:57:43:684 Fichero de log cerrado.

