00 09:04:44:433 Fichero de log abierto PID 9312

02 09:04:44:436 Intentando abrir fichero v10.ini
02 09:04:44:441 Cargando driver v10oracle funcion damedriveroracle
02 09:04:45:243 Conectado a base de datos
02 09:04:45:246 Proceso CARGA_ARTICULOS encontrado en tabla VDPROCESOS
02 09:04:45:247 Proceso CARGA_ARTICULOS cargado con función procesoperiodico (Librería VDKERNEL.DLL) direccion 6E692D10
02 09:04:45:248 PLSQL: INICIALIZADO PAQUETE DE LOG EL DIA 25-03-2022
02 09:04:45:262 Actualizado SID 259 SERIAL 4696 del proceso con PID 9312
02 09:04:45:267 Analizado cursor CCARGAARTICULOS
02 09:04:45:267 Leidos 1 cursores
01 09:04:45:269 PLSQL: INICIANDO CARGA DE ARTICULOS EN  V10INTERIN_RDRP
01 09:04:45:270 PLSQL: ERROR CARGANDO ARTICULOS
01 09:14:45:283 PLSQL: INICIANDO CARGA DE ARTICULOS EN  V10INTERIN_RDRP
01 09:14:45:285 PLSQL: ERROR CARGANDO ARTICULOS
01 09:24:45:292 PLSQL: INICIANDO CARGA DE ARTICULOS EN  V10INTERIN_RDRP
01 09:24:45:293 PLSQL: ERROR CARGANDO ARTICULOS
01 09:34:45:309 PLSQL: INICIANDO CARGA DE ARTICULOS EN  V10INTERIN_RDRP
01 09:34:45:312 PLSQL: ERROR CARGANDO ARTICULOS

00 09:37:58:745 Fichero de log cerrado.

00 09:38:19:637 Fichero de log abierto PID 16320

02 09:38:19:640 Intentando abrir fichero v10.ini
02 09:38:19:651 Cargando driver v10oracle funcion damedriveroracle
02 09:38:20:443 Conectado a base de datos
02 09:38:20:446 Proceso CARGA_ARTICULOS encontrado en tabla VDPROCESOS
02 09:38:20:446 Proceso CARGA_ARTICULOS cargado con función procesoperiodico (Librería VDKERNEL.DLL) direccion 705F2D10
02 09:38:20:449 PLSQL: INICIALIZADO PAQUETE DE LOG EL DIA 25-03-2022
02 09:38:20:462 Actualizado SID 261 SERIAL 62136 del proceso con PID 16320
02 09:38:20:462 Analizado cursor CCARGAARTICULOS
02 09:38:20:462 Leidos 1 cursores
01 09:38:20:464 PLSQL: INICIANDO CARGA DE ARTICULOS EN  V10INTERIN_RDRP
01 09:38:20:466 PLSQL: ERROR CARGANDO ARTICULOS
01 09:48:20:476 PLSQL: INICIANDO CARGA DE ARTICULOS EN  V10INTERIN_RDRP
01 09:48:20:478 PLSQL: ERROR CARGANDO ARTICULOS
01 09:58:20:487 PLSQL: INICIANDO CARGA DE ARTICULOS EN  V10INTERIN_RDRP
01 09:58:20:488 PLSQL: ERROR CARGANDO ARTICULOS
01 10:08:20:505 PLSQL: INICIANDO CARGA DE ARTICULOS EN  V10INTERIN_RDRP
01 10:08:20:507 PLSQL: ERROR CARGANDO ARTICULOS
01 10:18:20:520 PLSQL: INICIANDO CARGA DE ARTICULOS EN  V10INTERIN_RDRP
01 10:18:20:521 PLSQL: ERROR CARGANDO ARTICULOS
01 10:28:20:534 PLSQL: INICIANDO CARGA DE ARTICULOS EN  V10INTERIN_RDRP
01 10:28:20:536 PLSQL: ERROR CARGANDO ARTICULOS
01 10:38:20:541 PLSQL: INICIANDO CARGA DE ARTICULOS EN  V10INTERIN_RDRP
01 10:38:20:543 PLSQL: ERROR CARGANDO ARTICULOS
01 10:48:20:557 PLSQL: INICIANDO CARGA DE ARTICULOS EN  V10INTERIN_RDRP
01 10:48:20:559 PLSQL: ERROR CARGANDO ARTICULOS
01 10:58:20:567 PLSQL: INICIANDO CARGA DE ARTICULOS EN  V10INTERIN_RDRP
01 10:58:20:569 PLSQL: ERROR CARGANDO ARTICULOS
01 11:08:20:575 PLSQL: INICIANDO CARGA DE ARTICULOS EN  V10INTERIN_RDRP
01 11:08:20:578 PLSQL: ERROR CARGANDO ARTICULOS
01 11:18:20:586 PLSQL: INICIANDO CARGA DE ARTICULOS EN  V10INTERIN_RDRP
01 11:18:20:588 PLSQL: ERROR CARGANDO ARTICULOS
01 12:02:47:073 PLSQL: INICIANDO CARGA DE ARTICULOS EN  V10INTERIN_RDRP
01 12:02:47:076 PLSQL: ERROR CARGANDO ARTICULOS
01 12:12:47:082 PLSQL: INICIANDO CARGA DE ARTICULOS EN  V10INTERIN_RDRP
01 12:12:47:084 PLSQL: ERROR CARGANDO ARTICULOS
01 12:22:47:098 PLSQL: INICIANDO CARGA DE ARTICULOS EN  V10INTERIN_RDRP
01 12:22:47:101 PLSQL: ERROR CARGANDO ARTICULOS
01 12:32:47:113 PLSQL: INICIANDO CARGA DE ARTICULOS EN  V10INTERIN_RDRP
01 12:32:47:146 PLSQL: ERROR CARGANDO ARTICULOS
01 12:42:47:164 PLSQL: INICIANDO CARGA DE ARTICULOS EN  V10INTERIN_RDRP
01 12:42:47:192 PLSQL: ERROR CARGANDO ARTICULOS
01 12:52:47:203 PLSQL: INICIANDO CARGA DE ARTICULOS EN  V10INTERIN_RDRP
01 12:52:47:237 PLSQL: ERROR CARGANDO ARTICULOS

00 12:57:00:260 Fichero de log cerrado.

00 12:57:20:397 Fichero de log abierto PID 13328

02 12:57:20:462 Intentando abrir fichero v10.ini
02 12:57:20:469 Cargando driver v10oracle funcion damedriveroracle
02 12:57:21:227 Conectado a base de datos
02 12:57:21:230 Proceso CARGA_ARTICULOS encontrado en tabla VDPROCESOS
02 12:57:21:230 Proceso CARGA_ARTICULOS cargado con función procesoperiodico (Librería VDKERNEL.DLL) direccion 705F2D10
02 12:57:21:232 PLSQL: INICIALIZADO PAQUETE DE LOG EL DIA 25-03-2022
02 12:57:21:242 Actualizado SID 623 SERIAL 17966 del proceso con PID 13328
02 12:57:21:245 Analizado cursor CCARGAARTICULOS
02 12:57:21:245 Leidos 1 cursores
01 12:57:21:245 PLSQL: INICIANDO CARGA DE ARTICULOS EN  V10INTERIN_RDRP
01 12:57:21:247 PLSQL: ERROR CARGANDO ARTICULOS
01 13:07:21:261 PLSQL: INICIANDO CARGA DE ARTICULOS EN  V10INTERIN_RDRP
01 13:07:21:261 PLSQL: ERROR CARGANDO ARTICULOS
01 13:17:21:278 PLSQL: INICIANDO CARGA DE ARTICULOS EN  V10INTERIN_RDRP
01 13:17:21:278 PLSQL: ERROR CARGANDO ARTICULOS
01 13:27:21:298 PLSQL: INICIANDO CARGA DE ARTICULOS EN  V10INTERIN_RDRP
01 13:27:21:301 PLSQL: ERROR CARGANDO ARTICULOS
01 13:37:21:302 PLSQL: INICIANDO CARGA DE ARTICULOS EN  V10INTERIN_RDRP
01 13:37:21:302 PLSQL: ERROR CARGANDO ARTICULOS
01 13:47:21:328 PLSQL: INICIANDO CARGA DE ARTICULOS EN  V10INTERIN_RDRP
01 13:47:21:332 PLSQL: ERROR CARGANDO ARTICULOS
01 13:57:21:349 PLSQL: INICIANDO CARGA DE ARTICULOS EN  V10INTERIN_RDRP
01 13:57:21:366 PLSQL: ERROR CARGANDO ARTICULOS

00 13:58:46:912 Fichero de log cerrado.

