00 09:08:31:382 Fichero de log abierto PID 14516

02 09:08:31:382 Intentando abrir fichero v10.ini
02 09:08:31:390 Cargando driver v10oracle funcion damedriveroracle
02 09:08:31:921 Conectado a base de datos
02 09:08:31:926 Proceso CARGA_ARTICULOS encontrado en tabla VDPROCESOS
02 09:08:31:927 Proceso CARGA_ARTICULOS cargado con función procesoperiodico (Librería VDKERNEL.DLL) direccion 6FF62D10
02 09:08:31:928 PLSQL: INICIALIZADO PAQUETE DE LOG EL DIA 28-03-2022
02 09:08:31:973 Actualizado SID 7 SERIAL 8143 del proceso con PID 14516
02 09:08:31:981 Analizado cursor CCARGAARTICULOS
02 09:08:31:981 Leidos 1 cursores
01 09:08:31:983 PLSQL: INICIANDO CARGA DE ARTICULOS EN  V10INTERIN_RDRP
01 09:08:31:984 PLSQL: ERROR CARGANDO ARTICULOS
01 09:18:31:996 PLSQL: INICIANDO CARGA DE ARTICULOS EN  V10INTERIN_RDRP
01 09:18:31:996 PLSQL: ERROR CARGANDO ARTICULOS
01 09:28:32:027 PLSQL: INICIANDO CARGA DE ARTICULOS EN  V10INTERIN_RDRP
01 09:28:32:028 PLSQL: ERROR CARGANDO ARTICULOS
01 09:38:32:036 PLSQL: INICIANDO CARGA DE ARTICULOS EN  V10INTERIN_RDRP
01 09:38:32:037 PLSQL: ERROR CARGANDO ARTICULOS
01 09:48:32:039 PLSQL: INICIANDO CARGA DE ARTICULOS EN  V10INTERIN_RDRP
01 09:48:32:040 PLSQL: ERROR CARGANDO ARTICULOS
01 09:58:32:050 PLSQL: INICIANDO CARGA DE ARTICULOS EN  V10INTERIN_RDRP
01 09:58:32:051 PLSQL: ERROR CARGANDO ARTICULOS
01 10:08:32:065 PLSQL: INICIANDO CARGA DE ARTICULOS EN  V10INTERIN_RDRP
01 10:08:32:066 PLSQL: ERROR CARGANDO ARTICULOS
01 10:18:32:078 PLSQL: INICIANDO CARGA DE ARTICULOS EN  V10INTERIN_RDRP
01 10:18:32:081 PLSQL: ERROR CARGANDO ARTICULOS
01 10:28:32:091 PLSQL: INICIANDO CARGA DE ARTICULOS EN  V10INTERIN_RDRP
01 10:28:32:092 PLSQL: ERROR CARGANDO ARTICULOS
01 10:38:32:101 PLSQL: INICIANDO CARGA DE ARTICULOS EN  V10INTERIN_RDRP
01 10:38:32:105 PLSQL: ERROR CARGANDO ARTICULOS
01 10:48:32:119 PLSQL: INICIANDO CARGA DE ARTICULOS EN  V10INTERIN_RDRP
01 10:48:32:121 PLSQL: ERROR CARGANDO ARTICULOS
01 10:58:32:130 PLSQL: INICIANDO CARGA DE ARTICULOS EN  V10INTERIN_RDRP
01 10:58:32:133 PLSQL: ERROR CARGANDO ARTICULOS
01 11:08:32:147 PLSQL: INICIANDO CARGA DE ARTICULOS EN  V10INTERIN_RDRP
01 11:08:32:150 PLSQL: ERROR CARGANDO ARTICULOS
01 11:18:27:934 PLSQL: INICIANDO CARGA DE ARTICULOS EN  V10INTERIN_RDRP
01 11:18:27:935 PLSQL: ERROR CARGANDO ARTICULOS
01 11:28:27:952 PLSQL: INICIANDO CARGA DE ARTICULOS EN  V10INTERIN_RDRP
01 11:28:27:954 PLSQL: ERROR CARGANDO ARTICULOS
01 11:38:27:962 PLSQL: INICIANDO CARGA DE ARTICULOS EN  V10INTERIN_RDRP
01 11:38:27:965 PLSQL: ERROR CARGANDO ARTICULOS
01 11:48:27:979 PLSQL: INICIANDO CARGA DE ARTICULOS EN  V10INTERIN_RDRP
01 11:48:27:981 PLSQL: ERROR CARGANDO ARTICULOS
01 11:58:27:987 PLSQL: INICIANDO CARGA DE ARTICULOS EN  V10INTERIN_RDRP
01 11:58:27:989 PLSQL: ERROR CARGANDO ARTICULOS
01 12:08:28:003 PLSQL: INICIANDO CARGA DE ARTICULOS EN  V10INTERIN_RDRP
01 12:08:28:004 PLSQL: ERROR CARGANDO ARTICULOS
01 12:18:28:015 PLSQL: INICIANDO CARGA DE ARTICULOS EN  V10INTERIN_RDRP
01 12:18:28:017 PLSQL: ERROR CARGANDO ARTICULOS
01 12:28:28:022 PLSQL: INICIANDO CARGA DE ARTICULOS EN  V10INTERIN_RDRP
01 12:28:28:025 PLSQL: ERROR CARGANDO ARTICULOS
01 12:38:28:034 PLSQL: INICIANDO CARGA DE ARTICULOS EN  V10INTERIN_RDRP
01 12:38:28:036 PLSQL: ERROR CARGANDO ARTICULOS
01 12:48:28:046 PLSQL: INICIANDO CARGA DE ARTICULOS EN  V10INTERIN_RDRP
01 12:48:28:047 PLSQL: ERROR CARGANDO ARTICULOS
01 12:58:28:051 PLSQL: INICIANDO CARGA DE ARTICULOS EN  V10INTERIN_RDRP
01 12:58:28:054 PLSQL: ERROR CARGANDO ARTICULOS
01 13:08:28:069 PLSQL: INICIANDO CARGA DE ARTICULOS EN  V10INTERIN_RDRP
01 13:08:28:071 PLSQL: ERROR CARGANDO ARTICULOS
01 13:18:28:086 PLSQL: INICIANDO CARGA DE ARTICULOS EN  V10INTERIN_RDRP
01 13:18:28:090 PLSQL: ERROR CARGANDO ARTICULOS
01 13:28:28:106 PLSQL: INICIANDO CARGA DE ARTICULOS EN  V10INTERIN_RDRP
01 13:28:28:109 PLSQL: ERROR CARGANDO ARTICULOS
01 13:38:28:120 PLSQL: INICIANDO CARGA DE ARTICULOS EN  V10INTERIN_RDRP
01 13:38:28:126 PLSQL: ERROR CARGANDO ARTICULOS
01 13:48:28:137 PLSQL: INICIANDO CARGA DE ARTICULOS EN  V10INTERIN_RDRP
01 13:48:28:140 PLSQL: ERROR CARGANDO ARTICULOS
01 13:58:28:146 PLSQL: INICIANDO CARGA DE ARTICULOS EN  V10INTERIN_RDRP
01 13:58:28:150 PLSQL: ERROR CARGANDO ARTICULOS
01 14:08:28:165 PLSQL: INICIANDO CARGA DE ARTICULOS EN  V10INTERIN_RDRP
01 14:08:28:230 PLSQL: ERROR CARGANDO ARTICULOS
01 14:18:28:252 PLSQL: INICIANDO CARGA DE ARTICULOS EN  V10INTERIN_RDRP
01 14:18:28:254 PLSQL: ERROR CARGANDO ARTICULOS
01 14:28:28:271 PLSQL: INICIANDO CARGA DE ARTICULOS EN  V10INTERIN_RDRP
01 14:28:28:289 PLSQL: ERROR CARGANDO ARTICULOS
01 14:38:28:292 PLSQL: INICIANDO CARGA DE ARTICULOS EN  V10INTERIN_RDRP
01 14:38:28:297 PLSQL: ERROR CARGANDO ARTICULOS
01 14:48:28:307 PLSQL: INICIANDO CARGA DE ARTICULOS EN  V10INTERIN_RDRP
01 14:48:28:311 PLSQL: ERROR CARGANDO ARTICULOS
01 14:58:28:315 PLSQL: INICIANDO CARGA DE ARTICULOS EN  V10INTERIN_RDRP
01 14:58:28:318 PLSQL: ERROR CARGANDO ARTICULOS
01 15:08:28:322 PLSQL: INICIANDO CARGA DE ARTICULOS EN  V10INTERIN_RDRP
01 15:08:28:325 PLSQL: ERROR CARGANDO ARTICULOS
01 15:18:28:328 PLSQL: INICIANDO CARGA DE ARTICULOS EN  V10INTERIN_RDRP
01 15:18:28:330 PLSQL: ERROR CARGANDO ARTICULOS

00 15:19:41:767 Fichero de log cerrado.

00 15:19:48:437 Fichero de log abierto PID 10032

02 15:19:48:440 Intentando abrir fichero v10.ini
02 15:19:48:445 Cargando driver v10oracle funcion damedriveroracle
02 15:19:49:315 Conectado a base de datos
02 15:19:49:317 Proceso CARGA_ARTICULOS encontrado en tabla VDPROCESOS
02 15:19:49:319 Proceso CARGA_ARTICULOS cargado con función procesoperiodico (Librería VDKERNEL.DLL) direccion 6FF62D10
02 15:19:49:321 PLSQL: INICIALIZADO PAQUETE DE LOG EL DIA 28-03-2022
02 15:19:49:332 Actualizado SID 507 SERIAL 62700 del proceso con PID 10032
02 15:19:49:332 Analizado cursor CCARGAARTICULOS
02 15:19:49:332 Leidos 1 cursores
01 15:19:49:334 PLSQL: INICIANDO CARGA DE ARTICULOS EN  V10INTERIN_RDRP
01 15:19:49:336 PLSQL: ERROR CARGANDO ARTICULOS
01 15:29:49:350 PLSQL: INICIANDO CARGA DE ARTICULOS EN  V10INTERIN_RDRP
01 15:29:49:354 PLSQL: ERROR CARGANDO ARTICULOS
01 15:39:49:361 PLSQL: INICIANDO CARGA DE ARTICULOS EN  V10INTERIN_RDRP
01 15:39:49:370 PLSQL: ERROR CARGANDO ARTICULOS
01 15:49:49:377 PLSQL: INICIANDO CARGA DE ARTICULOS EN  V10INTERIN_RDRP
01 15:49:49:381 PLSQL: ERROR CARGANDO ARTICULOS
01 15:59:49:396 PLSQL: INICIANDO CARGA DE ARTICULOS EN  V10INTERIN_RDRP
01 15:59:49:399 PLSQL: ERROR CARGANDO ARTICULOS

00 16:06:05:725 Fichero de log cerrado.

00 16:06:20:715 Fichero de log abierto PID 10252

02 16:06:20:717 Intentando abrir fichero v10.ini
02 16:06:20:724 Cargando driver v10oracle funcion damedriveroracle
02 16:06:21:620 Conectado a base de datos
02 16:06:21:622 Proceso CARGA_ARTICULOS encontrado en tabla VDPROCESOS
02 16:06:21:622 Proceso CARGA_ARTICULOS cargado con función procesoperiodico (Librería VDKERNEL.DLL) direccion 6FF62D10
02 16:06:21:625 PLSQL: INICIALIZADO PAQUETE DE LOG EL DIA 28-03-2022
02 16:06:21:635 Actualizado SID 877 SERIAL 51380 del proceso con PID 10252
02 16:06:21:635 Analizado cursor CCARGAARTICULOS
02 16:06:21:635 Leidos 1 cursores
01 16:06:21:638 PLSQL: INICIANDO CARGA DE ARTICULOS EN  V10INTERIN_RDRP
01 16:06:21:639 PLSQL: ERROR CARGANDO ARTICULOS
01 16:16:21:643 PLSQL: INICIANDO CARGA DE ARTICULOS EN  V10INTERIN_RDRP
01 16:16:21:644 PLSQL: ERROR CARGANDO ARTICULOS
01 16:26:21:659 PLSQL: INICIANDO CARGA DE ARTICULOS EN  V10INTERIN_RDRP
01 16:26:21:675 PLSQL: ERROR CARGANDO ARTICULOS
01 16:36:21:682 PLSQL: INICIANDO CARGA DE ARTICULOS EN  V10INTERIN_RDRP
01 16:36:21:684 PLSQL: ERROR CARGANDO ARTICULOS
01 16:46:21:689 PLSQL: INICIANDO CARGA DE ARTICULOS EN  V10INTERIN_RDRP
01 16:46:21:690 PLSQL: ERROR CARGANDO ARTICULOS
01 16:56:21:692 PLSQL: INICIANDO CARGA DE ARTICULOS EN  V10INTERIN_RDRP
01 16:56:21:695 PLSQL: ERROR CARGANDO ARTICULOS
01 17:06:21:707 PLSQL: INICIANDO CARGA DE ARTICULOS EN  V10INTERIN_RDRP
01 17:06:21:708 PLSQL: ERROR CARGANDO ARTICULOS
01 17:16:21:712 PLSQL: INICIANDO CARGA DE ARTICULOS EN  V10INTERIN_RDRP
01 17:16:21:714 PLSQL: ERROR CARGANDO ARTICULOS
01 17:26:21:722 PLSQL: INICIANDO CARGA DE ARTICULOS EN  V10INTERIN_RDRP
01 17:26:21:726 PLSQL: ERROR CARGANDO ARTICULOS
01 17:36:21:736 PLSQL: INICIANDO CARGA DE ARTICULOS EN  V10INTERIN_RDRP
01 17:36:21:742 PLSQL: ERROR CARGANDO ARTICULOS
01 17:46:21:747 PLSQL: INICIANDO CARGA DE ARTICULOS EN  V10INTERIN_RDRP
01 17:46:21:750 PLSQL: ERROR CARGANDO ARTICULOS
01 17:56:21:762 PLSQL: INICIANDO CARGA DE ARTICULOS EN  V10INTERIN_RDRP
01 17:56:21:767 PLSQL: ERROR CARGANDO ARTICULOS

00 17:59:49:290 Fichero de log cerrado.

