00 09:43:02:688 Fichero de log abierto PID 15336

02 09:43:02:692 Intentando abrir fichero v10.ini
02 09:43:02:697 Cargando driver v10oracle funcion damedriveroracle
02 09:43:03:483 Conectado a base de datos
02 09:43:03:485 Proceso CARGA_CLIENTES encontrado en tabla VDPROCESOS
02 09:43:03:486 Proceso CARGA_CLIENTES cargado con función procesoperiodico (Librería VDKERNEL.DLL) direccion 70492D10
02 09:43:03:488 PLSQL: INICIALIZADO PAQUETE DE LOG EL DIA 31-03-2022
02 09:43:03:496 Actualizado SID 872 SERIAL 7840 del proceso con PID 15336
02 09:43:03:501 Analizado cursor CCARGACLIENTES
02 09:43:03:501 Leidos 1 cursores
01 09:43:03:504 PLSQL: INICIANDO CARGA DE CLIENTES EN  V10INTERIN_RDRP
01 09:43:03:505 PLSQL: ERROR CARGANDO CLIENTES
01 09:53:03:522 PLSQL: INICIANDO CARGA DE CLIENTES EN  V10INTERIN_RDRP
01 09:53:03:522 PLSQL: ERROR CARGANDO CLIENTES
01 10:03:03:536 PLSQL: INICIANDO CARGA DE CLIENTES EN  V10INTERIN_RDRP
01 10:03:03:536 PLSQL: ERROR CARGANDO CLIENTES
01 10:13:03:546 PLSQL: INICIANDO CARGA DE CLIENTES EN  V10INTERIN_RDRP
01 10:13:03:548 PLSQL: ERROR CARGANDO CLIENTES
01 10:23:03:568 PLSQL: INICIANDO CARGA DE CLIENTES EN  V10INTERIN_RDRP
01 10:23:03:568 PLSQL: ERROR CARGANDO CLIENTES
01 10:33:03:579 PLSQL: INICIANDO CARGA DE CLIENTES EN  V10INTERIN_RDRP
01 10:33:03:579 PLSQL: ERROR CARGANDO CLIENTES
01 10:43:03:596 PLSQL: INICIANDO CARGA DE CLIENTES EN  V10INTERIN_RDRP
01 10:43:03:596 PLSQL: ERROR CARGANDO CLIENTES
01 10:53:03:603 PLSQL: INICIANDO CARGA DE CLIENTES EN  V10INTERIN_RDRP
01 10:53:03:603 PLSQL: ERROR CARGANDO CLIENTES
01 11:03:03:623 PLSQL: INICIANDO CARGA DE CLIENTES EN  V10INTERIN_RDRP
01 11:03:03:623 PLSQL: ERROR CARGANDO CLIENTES
01 11:16:15:488 PLSQL: INICIANDO CARGA DE CLIENTES EN  V10INTERIN_RDRP
01 11:16:15:498 PLSQL: ERROR CARGANDO CLIENTES
01 11:26:15:544 PLSQL: INICIANDO CARGA DE CLIENTES EN  V10INTERIN_RDRP
01 11:26:15:547 PLSQL: ERROR CARGANDO CLIENTES
01 11:36:15:557 PLSQL: INICIANDO CARGA DE CLIENTES EN  V10INTERIN_RDRP
01 11:36:15:557 PLSQL: ERROR CARGANDO CLIENTES
01 11:46:15:571 PLSQL: INICIANDO CARGA DE CLIENTES EN  V10INTERIN_RDRP
01 11:46:15:571 PLSQL: ERROR CARGANDO CLIENTES
01 11:56:15:578 PLSQL: INICIANDO CARGA DE CLIENTES EN  V10INTERIN_RDRP
01 11:56:15:578 PLSQL: ERROR CARGANDO CLIENTES
01 12:06:15:601 PLSQL: INICIANDO CARGA DE CLIENTES EN  V10INTERIN_RDRP
01 12:06:15:602 PLSQL: ERROR CARGANDO CLIENTES
01 12:16:15:607 PLSQL: INICIANDO CARGA DE CLIENTES EN  V10INTERIN_RDRP
01 12:16:15:608 PLSQL: ERROR CARGANDO CLIENTES
01 12:26:15:611 PLSQL: INICIANDO CARGA DE CLIENTES EN  V10INTERIN_RDRP
01 12:26:15:611 PLSQL: ERROR CARGANDO CLIENTES
01 12:36:15:629 PLSQL: INICIANDO CARGA DE CLIENTES EN  V10INTERIN_RDRP
01 12:36:15:629 PLSQL: ERROR CARGANDO CLIENTES
01 12:46:15:658 PLSQL: INICIANDO CARGA DE CLIENTES EN  V10INTERIN_RDRP
01 12:46:15:658 PLSQL: ERROR CARGANDO CLIENTES
01 12:56:15:669 PLSQL: INICIANDO CARGA DE CLIENTES EN  V10INTERIN_RDRP
01 12:56:15:669 PLSQL: ERROR CARGANDO CLIENTES
01 13:06:15:678 PLSQL: INICIANDO CARGA DE CLIENTES EN  V10INTERIN_RDRP
01 13:06:15:678 PLSQL: ERROR CARGANDO CLIENTES
01 13:16:15:690 PLSQL: INICIANDO CARGA DE CLIENTES EN  V10INTERIN_RDRP
01 13:16:15:694 PLSQL: ERROR CARGANDO CLIENTES
01 13:26:15:698 PLSQL: INICIANDO CARGA DE CLIENTES EN  V10INTERIN_RDRP
01 13:26:15:699 PLSQL: ERROR CARGANDO CLIENTES
01 13:36:15:706 PLSQL: INICIANDO CARGA DE CLIENTES EN  V10INTERIN_RDRP
01 13:36:15:706 PLSQL: ERROR CARGANDO CLIENTES
01 13:46:15:716 PLSQL: INICIANDO CARGA DE CLIENTES EN  V10INTERIN_RDRP
01 13:46:15:716 PLSQL: ERROR CARGANDO CLIENTES
01 13:56:15:722 PLSQL: INICIANDO CARGA DE CLIENTES EN  V10INTERIN_RDRP
01 13:56:15:722 PLSQL: ERROR CARGANDO CLIENTES
01 14:06:15:733 PLSQL: INICIANDO CARGA DE CLIENTES EN  V10INTERIN_RDRP
01 14:06:15:734 PLSQL: ERROR CARGANDO CLIENTES
01 14:16:15:743 PLSQL: INICIANDO CARGA DE CLIENTES EN  V10INTERIN_RDRP
01 14:16:15:745 PLSQL: ERROR CARGANDO CLIENTES

00 14:17:57:457 Fichero de log cerrado.

00 14:18:05:892 Fichero de log abierto PID 2636

02 14:18:05:894 Intentando abrir fichero v10.ini
02 14:18:05:900 Cargando driver v10oracle funcion damedriveroracle
02 14:18:06:925 Conectado a base de datos
02 14:18:06:927 Proceso CARGA_CLIENTES encontrado en tabla VDPROCESOS
02 14:18:06:927 Proceso CARGA_CLIENTES cargado con función procesoperiodico (Librería VDKERNEL.DLL) direccion 70492D10
02 14:18:06:929 PLSQL: INICIALIZADO PAQUETE DE LOG EL DIA 31-03-2022
02 14:18:06:940 Actualizado SID 504 SERIAL 13540 del proceso con PID 2636
02 14:18:06:942 Analizado cursor CCARGACLIENTES
02 14:18:06:942 Leidos 1 cursores
01 14:18:06:943 PLSQL: INICIANDO CARGA DE CLIENTES EN  V10INTERIN_RDRP
01 14:18:06:945 PLSQL: ERROR CARGANDO CLIENTES
01 14:28:06:949 PLSQL: INICIANDO CARGA DE CLIENTES EN  V10INTERIN_RDRP
01 14:28:06:952 PLSQL: ERROR CARGANDO CLIENTES
01 15:28:39:425 PLSQL: INICIANDO CARGA DE CLIENTES EN  V10INTERIN_RDRP
01 15:28:39:438 PLSQL: ERROR CARGANDO CLIENTES
01 15:38:40:059 PLSQL: INICIANDO CARGA DE CLIENTES EN  V10INTERIN_RDRP
01 15:38:40:075 PLSQL: ERROR CARGANDO CLIENTES
01 15:48:40:080 PLSQL: INICIANDO CARGA DE CLIENTES EN  V10INTERIN_RDRP
01 15:48:40:081 PLSQL: ERROR CARGANDO CLIENTES
01 15:58:40:096 PLSQL: INICIANDO CARGA DE CLIENTES EN  V10INTERIN_RDRP
01 15:58:40:097 PLSQL: ERROR CARGANDO CLIENTES
01 16:08:40:102 PLSQL: INICIANDO CARGA DE CLIENTES EN  V10INTERIN_RDRP
01 16:08:40:104 PLSQL: ERROR CARGANDO CLIENTES
01 16:18:40:117 PLSQL: INICIANDO CARGA DE CLIENTES EN  V10INTERIN_RDRP
01 16:18:40:121 PLSQL: ERROR CARGANDO CLIENTES
01 16:28:40:128 PLSQL: INICIANDO CARGA DE CLIENTES EN  V10INTERIN_RDRP
01 16:28:40:133 PLSQL: ERROR CARGANDO CLIENTES
01 16:38:40:140 PLSQL: INICIANDO CARGA DE CLIENTES EN  V10INTERIN_RDRP
01 16:38:40:141 PLSQL: ERROR CARGANDO CLIENTES
01 16:48:40:158 PLSQL: INICIANDO CARGA DE CLIENTES EN  V10INTERIN_RDRP
01 16:48:40:160 PLSQL: ERROR CARGANDO CLIENTES
01 16:58:40:167 PLSQL: INICIANDO CARGA DE CLIENTES EN  V10INTERIN_RDRP
01 16:58:40:170 PLSQL: ERROR CARGANDO CLIENTES
01 17:08:40:172 PLSQL: INICIANDO CARGA DE CLIENTES EN  V10INTERIN_RDRP
01 17:08:40:175 PLSQL: ERROR CARGANDO CLIENTES
01 17:18:40:179 PLSQL: INICIANDO CARGA DE CLIENTES EN  V10INTERIN_RDRP
01 17:18:40:181 PLSQL: ERROR CARGANDO CLIENTES
01 17:28:40:186 PLSQL: INICIANDO CARGA DE CLIENTES EN  V10INTERIN_RDRP
01 17:28:40:189 PLSQL: ERROR CARGANDO CLIENTES
01 17:38:40:192 PLSQL: INICIANDO CARGA DE CLIENTES EN  V10INTERIN_RDRP
01 17:38:40:194 PLSQL: ERROR CARGANDO CLIENTES
01 17:48:40:206 PLSQL: INICIANDO CARGA DE CLIENTES EN  V10INTERIN_RDRP
01 17:48:40:209 PLSQL: ERROR CARGANDO CLIENTES
01 17:58:40:218 PLSQL: INICIANDO CARGA DE CLIENTES EN  V10INTERIN_RDRP
01 17:58:40:220 PLSQL: ERROR CARGANDO CLIENTES

00 17:58:44:700 Fichero de log cerrado.

