00 09:14:07:021 Fichero de log abierto PID 12788

02 09:14:07:022 Intentando abrir fichero v10.ini
02 09:14:07:027 Cargando driver v10oracle funcion damedriveroracle
02 09:14:07:486 Conectado a base de datos
02 09:14:07:487 Proceso CARGA_CLIENTES encontrado en tabla VDPROCESOS
02 09:14:07:487 Proceso CARGA_CLIENTES cargado con función procesoperiodico (Librería VDKERNEL.DLL) direccion 6C012D10
02 09:14:07:490 PLSQL: INICIALIZADO PAQUETE DE LOG EL DIA 29-06-2022
02 09:14:07:500 Actualizado SID 134 SERIAL 22873 del proceso con PID 12788
02 09:14:07:507 Analizado cursor CCARGACLIENTES
02 09:14:07:507 Leidos 1 cursores
01 09:14:07:508 PLSQL: INICIANDO CARGA DE CLIENTES EN  V10INTERIN_RDRP
01 09:14:07:509 PLSQL: ERROR CARGANDO CLIENTES
01 09:24:07:518 PLSQL: INICIANDO CARGA DE CLIENTES EN  V10INTERIN_RDRP
01 09:24:07:518 PLSQL: ERROR CARGANDO CLIENTES
01 09:34:07:527 PLSQL: INICIANDO CARGA DE CLIENTES EN  V10INTERIN_RDRP
01 09:34:07:527 PLSQL: ERROR CARGANDO CLIENTES
01 09:44:07:538 PLSQL: INICIANDO CARGA DE CLIENTES EN  V10INTERIN_RDRP
01 09:44:07:538 PLSQL: ERROR CARGANDO CLIENTES
01 09:54:07:546 PLSQL: INICIANDO CARGA DE CLIENTES EN  V10INTERIN_RDRP
01 09:54:07:546 PLSQL: ERROR CARGANDO CLIENTES
01 10:04:07:569 PLSQL: INICIANDO CARGA DE CLIENTES EN  V10INTERIN_RDRP
01 10:04:07:569 PLSQL: ERROR CARGANDO CLIENTES
01 10:14:07:583 PLSQL: INICIANDO CARGA DE CLIENTES EN  V10INTERIN_RDRP
01 10:14:07:583 PLSQL: ERROR CARGANDO CLIENTES
01 10:24:07:590 PLSQL: INICIANDO CARGA DE CLIENTES EN  V10INTERIN_RDRP
01 10:24:07:590 PLSQL: ERROR CARGANDO CLIENTES
01 10:34:07:613 PLSQL: INICIANDO CARGA DE CLIENTES EN  V10INTERIN_RDRP
01 10:34:07:617 PLSQL: ERROR CARGANDO CLIENTES
01 10:44:07:633 PLSQL: INICIANDO CARGA DE CLIENTES EN  V10INTERIN_RDRP
01 10:44:07:633 PLSQL: ERROR CARGANDO CLIENTES
01 10:54:07:649 PLSQL: INICIANDO CARGA DE CLIENTES EN  V10INTERIN_RDRP
01 10:54:07:649 PLSQL: ERROR CARGANDO CLIENTES
01 11:12:44:641 PLSQL: INICIANDO CARGA DE CLIENTES EN  V10INTERIN_RDRP
01 11:12:44:641 PLSQL: ERROR CARGANDO CLIENTES

00 11:17:59:493 Fichero de log cerrado.

00 11:18:11:277 Fichero de log abierto PID 1256

02 11:18:11:278 Intentando abrir fichero v10.ini
02 11:18:11:283 Cargando driver v10oracle funcion damedriveroracle
02 11:18:11:826 Conectado a base de datos
02 11:18:11:827 Proceso CARGA_CLIENTES encontrado en tabla VDPROCESOS
02 11:18:11:827 Proceso CARGA_CLIENTES cargado con función procesoperiodico (Librería VDKERNEL.DLL) direccion 6C012D10
02 11:18:11:830 PLSQL: INICIALIZADO PAQUETE DE LOG EL DIA 29-06-2022
02 11:18:11:840 Actualizado SID 505 SERIAL 46610 del proceso con PID 1256
02 11:18:11:841 Analizado cursor CCARGACLIENTES
02 11:18:11:841 Leidos 1 cursores
01 11:18:11:842 PLSQL: INICIANDO CARGA DE CLIENTES EN  V10INTERIN_RDRP
01 11:18:11:843 PLSQL: ERROR CARGANDO CLIENTES
01 11:28:11:856 PLSQL: INICIANDO CARGA DE CLIENTES EN  V10INTERIN_RDRP
01 11:28:11:856 PLSQL: ERROR CARGANDO CLIENTES
01 11:38:11:871 PLSQL: INICIANDO CARGA DE CLIENTES EN  V10INTERIN_RDRP
01 11:38:11:872 PLSQL: ERROR CARGANDO CLIENTES

00 11:42:13:492 Fichero de log cerrado.

00 13:46:18:427 Fichero de log abierto PID 3144

02 13:46:18:427 Intentando abrir fichero v10.ini
02 13:46:18:434 Cargando driver v10oracle funcion damedriveroracle
02 13:46:19:145 Conectado a base de datos
02 13:46:19:147 Proceso CARGA_CLIENTES encontrado en tabla VDPROCESOS
02 13:46:19:147 Proceso CARGA_CLIENTES cargado con función procesoperiodico (Librería VDKERNEL.DLL) direccion 6C012D10
02 13:46:19:150 PLSQL: INICIALIZADO PAQUETE DE LOG EL DIA 29-06-2022
02 13:46:19:159 Actualizado SID 870 SERIAL 41024 del proceso con PID 3144
02 13:46:19:167 Analizado cursor CCARGACLIENTES
02 13:46:19:167 Leidos 1 cursores
01 13:46:19:167 PLSQL: INICIANDO CARGA DE CLIENTES EN  V10INTERIN_RDRP
01 13:46:19:169 PLSQL: ERROR CARGANDO CLIENTES

00 13:50:10:250 Fichero de log cerrado.

00 17:03:13:237 Fichero de log abierto PID 13048

02 17:03:13:239 Intentando abrir fichero v10.ini
02 17:03:13:244 Cargando driver v10oracle funcion damedriveroracle
02 17:03:13:820 Conectado a base de datos
02 17:03:13:822 Proceso CARGA_CLIENTES encontrado en tabla VDPROCESOS
02 17:03:13:822 Proceso CARGA_CLIENTES cargado con función procesoperiodico (Librería VDKERNEL.DLL) direccion 6C012D10
02 17:03:13:824 PLSQL: INICIALIZADO PAQUETE DE LOG EL DIA 29-06-2022
02 17:03:13:832 Actualizado SID 866 SERIAL 39802 del proceso con PID 13048
02 17:03:13:834 Analizado cursor CCARGACLIENTES
02 17:03:13:834 Leidos 1 cursores
01 17:03:13:835 PLSQL: INICIANDO CARGA DE CLIENTES EN  V10INTERIN_RDRP
01 17:03:13:836 PLSQL: ERROR CARGANDO CLIENTES
01 17:13:13:840 PLSQL: INICIANDO CARGA DE CLIENTES EN  V10INTERIN_RDRP
01 17:13:13:840 PLSQL: ERROR CARGANDO CLIENTES
01 17:23:13:858 PLSQL: INICIANDO CARGA DE CLIENTES EN  V10INTERIN_RDRP
01 17:23:13:859 PLSQL: ERROR CARGANDO CLIENTES
01 17:33:13:902 PLSQL: INICIANDO CARGA DE CLIENTES EN  V10INTERIN_RDRP
01 17:33:13:903 PLSQL: ERROR CARGANDO CLIENTES
01 17:43:13:916 PLSQL: INICIANDO CARGA DE CLIENTES EN  V10INTERIN_RDRP
01 17:43:13:918 PLSQL: ERROR CARGANDO CLIENTES
01 17:53:13:930 PLSQL: INICIANDO CARGA DE CLIENTES EN  V10INTERIN_RDRP
01 17:53:13:931 PLSQL: ERROR CARGANDO CLIENTES

00 17:57:09:012 Fichero de log cerrado.

