00 09:09:26:242 Fichero de log abierto PID 10020

02 09:09:26:245 Intentando abrir fichero v10.ini
02 09:09:26:251 Cargando driver v10oracle funcion damedriveroracle
02 09:09:26:633 Conectado a base de datos
02 09:09:26:636 Proceso CARGA_ARTICULOS encontrado en tabla VDPROCESOS
02 09:09:26:637 Proceso CARGA_ARTICULOS cargado con función procesoperiodico (Librería VDKERNEL.DLL) direccion 6FF52D10
02 09:09:26:639 PLSQL: INICIALIZADO PAQUETE DE LOG EL DIA 29-03-2022
02 09:09:26:652 Actualizado SID 631 SERIAL 41004 del proceso con PID 10020
02 09:09:26:658 Analizado cursor CCARGAARTICULOS
02 09:09:26:658 Leidos 1 cursores
01 09:09:26:660 PLSQL: INICIANDO CARGA DE ARTICULOS EN  V10INTERIN_RDRP
01 09:09:26:662 PLSQL: ERROR CARGANDO ARTICULOS
01 09:19:26:676 PLSQL: INICIANDO CARGA DE ARTICULOS EN  V10INTERIN_RDRP
01 09:19:26:676 PLSQL: ERROR CARGANDO ARTICULOS
01 09:29:26:706 PLSQL: INICIANDO CARGA DE ARTICULOS EN  V10INTERIN_RDRP
01 09:29:26:709 PLSQL: ERROR CARGANDO ARTICULOS
01 09:39:26:716 PLSQL: INICIANDO CARGA DE ARTICULOS EN  V10INTERIN_RDRP
01 09:39:26:720 PLSQL: ERROR CARGANDO ARTICULOS
01 09:49:26:732 PLSQL: INICIANDO CARGA DE ARTICULOS EN  V10INTERIN_RDRP
01 09:49:26:736 PLSQL: ERROR CARGANDO ARTICULOS
01 09:59:26:751 PLSQL: INICIANDO CARGA DE ARTICULOS EN  V10INTERIN_RDRP
01 09:59:26:754 PLSQL: ERROR CARGANDO ARTICULOS
01 10:09:26:771 PLSQL: INICIANDO CARGA DE ARTICULOS EN  V10INTERIN_RDRP
01 10:09:26:774 PLSQL: ERROR CARGANDO ARTICULOS
01 10:19:26:789 PLSQL: INICIANDO CARGA DE ARTICULOS EN  V10INTERIN_RDRP
01 10:19:26:793 PLSQL: ERROR CARGANDO ARTICULOS
01 10:29:26:804 PLSQL: INICIANDO CARGA DE ARTICULOS EN  V10INTERIN_RDRP
01 10:29:26:805 PLSQL: ERROR CARGANDO ARTICULOS
01 10:39:26:812 PLSQL: INICIANDO CARGA DE ARTICULOS EN  V10INTERIN_RDRP
01 10:39:26:815 PLSQL: ERROR CARGANDO ARTICULOS
01 10:49:26:832 PLSQL: INICIANDO CARGA DE ARTICULOS EN  V10INTERIN_RDRP
01 10:49:26:833 PLSQL: ERROR CARGANDO ARTICULOS
01 10:59:26:844 PLSQL: INICIANDO CARGA DE ARTICULOS EN  V10INTERIN_RDRP
01 10:59:26:848 PLSQL: ERROR CARGANDO ARTICULOS
01 11:09:26:850 PLSQL: INICIANDO CARGA DE ARTICULOS EN  V10INTERIN_RDRP
01 11:09:26:850 PLSQL: ERROR CARGANDO ARTICULOS
01 11:19:26:866 PLSQL: INICIANDO CARGA DE ARTICULOS EN  V10INTERIN_RDRP
01 11:19:26:871 PLSQL: ERROR CARGANDO ARTICULOS
01 11:29:26:881 PLSQL: INICIANDO CARGA DE ARTICULOS EN  V10INTERIN_RDRP
01 11:29:26:885 PLSQL: ERROR CARGANDO ARTICULOS
01 11:39:26:889 PLSQL: INICIANDO CARGA DE ARTICULOS EN  V10INTERIN_RDRP
01 11:39:26:894 PLSQL: ERROR CARGANDO ARTICULOS
01 11:49:26:902 PLSQL: INICIANDO CARGA DE ARTICULOS EN  V10INTERIN_RDRP
01 11:49:26:906 PLSQL: ERROR CARGANDO ARTICULOS
01 11:59:26:919 PLSQL: INICIANDO CARGA DE ARTICULOS EN  V10INTERIN_RDRP
01 11:59:26:924 PLSQL: ERROR CARGANDO ARTICULOS
01 12:09:26:940 PLSQL: INICIANDO CARGA DE ARTICULOS EN  V10INTERIN_RDRP
01 12:09:26:941 PLSQL: ERROR CARGANDO ARTICULOS
01 12:19:26:950 PLSQL: INICIANDO CARGA DE ARTICULOS EN  V10INTERIN_RDRP
01 12:19:26:955 PLSQL: ERROR CARGANDO ARTICULOS
01 12:29:26:970 PLSQL: INICIANDO CARGA DE ARTICULOS EN  V10INTERIN_RDRP
01 12:29:26:971 PLSQL: ERROR CARGANDO ARTICULOS
01 12:39:26:983 PLSQL: INICIANDO CARGA DE ARTICULOS EN  V10INTERIN_RDRP
01 12:39:26:988 PLSQL: ERROR CARGANDO ARTICULOS
01 12:49:27:002 PLSQL: INICIANDO CARGA DE ARTICULOS EN  V10INTERIN_RDRP
01 12:49:27:005 PLSQL: ERROR CARGANDO ARTICULOS
01 12:59:27:008 PLSQL: INICIANDO CARGA DE ARTICULOS EN  V10INTERIN_RDRP
01 12:59:27:011 PLSQL: ERROR CARGANDO ARTICULOS
01 13:09:27:021 PLSQL: INICIANDO CARGA DE ARTICULOS EN  V10INTERIN_RDRP
01 13:09:27:022 PLSQL: ERROR CARGANDO ARTICULOS
01 13:19:27:039 PLSQL: INICIANDO CARGA DE ARTICULOS EN  V10INTERIN_RDRP
01 13:19:27:044 PLSQL: ERROR CARGANDO ARTICULOS
01 13:29:27:053 PLSQL: INICIANDO CARGA DE ARTICULOS EN  V10INTERIN_RDRP
01 13:29:27:054 PLSQL: ERROR CARGANDO ARTICULOS
01 13:39:27:060 PLSQL: INICIANDO CARGA DE ARTICULOS EN  V10INTERIN_RDRP
01 13:39:27:065 PLSQL: ERROR CARGANDO ARTICULOS
01 13:49:27:076 PLSQL: INICIANDO CARGA DE ARTICULOS EN  V10INTERIN_RDRP
01 13:49:27:078 PLSQL: ERROR CARGANDO ARTICULOS

00 13:50:25:434 Fichero de log cerrado.

00 13:50:29:555 Fichero de log abierto PID 11536

02 13:50:29:559 Intentando abrir fichero v10.ini
02 13:50:29:579 Cargando driver v10oracle funcion damedriveroracle
02 13:50:30:700 Conectado a base de datos
02 13:50:30:702 Proceso CARGA_ARTICULOS encontrado en tabla VDPROCESOS
02 13:50:30:704 Proceso CARGA_ARTICULOS cargado con función procesoperiodico (Librería VDKERNEL.DLL) direccion 70362D10
02 13:50:30:706 PLSQL: INICIALIZADO PAQUETE DE LOG EL DIA 29-03-2022
02 13:50:30:717 Actualizado SID 262 SERIAL 23618 del proceso con PID 11536
02 13:50:30:717 Analizado cursor CCARGAARTICULOS
02 13:50:30:717 Leidos 1 cursores
01 13:50:30:718 PLSQL: INICIANDO CARGA DE ARTICULOS EN  V10INTERIN_RDRP
01 13:50:30:720 PLSQL: ERROR CARGANDO ARTICULOS

00 13:56:42:810 Fichero de log cerrado.

00 13:56:45:952 Fichero de log abierto PID 6256

02 13:56:45:957 Intentando abrir fichero v10.ini
02 13:56:45:970 Cargando driver v10oracle funcion damedriveroracle
02 13:56:46:750 Conectado a base de datos
02 13:56:46:752 Proceso CARGA_ARTICULOS encontrado en tabla VDPROCESOS
02 13:56:46:752 Proceso CARGA_ARTICULOS cargado con función procesoperiodico (Librería VDKERNEL.DLL) direccion 70362D10
02 13:56:46:754 PLSQL: INICIALIZADO PAQUETE DE LOG EL DIA 29-03-2022
02 13:56:46:764 Actualizado SID 874 SERIAL 49233 del proceso con PID 6256
02 13:56:46:765 Analizado cursor CCARGAARTICULOS
02 13:56:46:765 Leidos 1 cursores
01 13:56:46:767 PLSQL: INICIANDO CARGA DE ARTICULOS EN  V10INTERIN_RDRP
01 13:56:46:769 PLSQL: ERROR CARGANDO ARTICULOS
01 14:06:46:784 PLSQL: INICIANDO CARGA DE ARTICULOS EN  V10INTERIN_RDRP
01 14:06:46:784 PLSQL: ERROR CARGANDO ARTICULOS
01 14:16:46:813 PLSQL: INICIANDO CARGA DE ARTICULOS EN  V10INTERIN_RDRP
01 14:16:46:814 PLSQL: ERROR CARGANDO ARTICULOS
01 14:26:46:820 PLSQL: INICIANDO CARGA DE ARTICULOS EN  V10INTERIN_RDRP
01 14:26:46:823 PLSQL: ERROR CARGANDO ARTICULOS
01 14:36:46:833 PLSQL: INICIANDO CARGA DE ARTICULOS EN  V10INTERIN_RDRP
01 14:36:46:834 PLSQL: ERROR CARGANDO ARTICULOS
01 15:29:43:334 PLSQL: INICIANDO CARGA DE ARTICULOS EN  V10INTERIN_RDRP
01 15:29:43:337 PLSQL: ERROR CARGANDO ARTICULOS

00 15:32:15:834 Fichero de log cerrado.

00 15:32:21:147 Fichero de log abierto PID 15932

02 15:32:21:149 Intentando abrir fichero v10.ini
02 15:32:21:154 Cargando driver v10oracle funcion damedriveroracle
02 15:32:22:092 Conectado a base de datos
02 15:32:22:094 Proceso CARGA_ARTICULOS encontrado en tabla VDPROCESOS
02 15:32:22:095 Proceso CARGA_ARTICULOS cargado con función procesoperiodico (Librería VDKERNEL.DLL) direccion 70362D10
02 15:32:22:097 PLSQL: INICIALIZADO PAQUETE DE LOG EL DIA 29-03-2022
02 15:32:22:107 Actualizado SID 874 SERIAL 60549 del proceso con PID 15932
02 15:32:22:109 Analizado cursor CCARGAARTICULOS
02 15:32:22:109 Leidos 1 cursores
01 15:32:22:110 PLSQL: INICIANDO CARGA DE ARTICULOS EN  V10INTERIN_RDRP
01 15:32:22:112 PLSQL: ERROR CARGANDO ARTICULOS
01 15:42:22:117 PLSQL: INICIANDO CARGA DE ARTICULOS EN  V10INTERIN_RDRP
01 15:42:22:121 PLSQL: ERROR CARGANDO ARTICULOS
01 15:52:22:138 PLSQL: INICIANDO CARGA DE ARTICULOS EN  V10INTERIN_RDRP
01 15:52:22:142 PLSQL: ERROR CARGANDO ARTICULOS
01 16:02:22:147 PLSQL: INICIANDO CARGA DE ARTICULOS EN  V10INTERIN_RDRP
01 16:02:22:149 PLSQL: ERROR CARGANDO ARTICULOS
01 16:12:22:155 PLSQL: INICIANDO CARGA DE ARTICULOS EN  V10INTERIN_RDRP
01 16:12:22:157 PLSQL: ERROR CARGANDO ARTICULOS
01 16:22:22:159 PLSQL: INICIANDO CARGA DE ARTICULOS EN  V10INTERIN_RDRP
01 16:22:22:161 PLSQL: ERROR CARGANDO ARTICULOS
01 16:32:22:168 PLSQL: INICIANDO CARGA DE ARTICULOS EN  V10INTERIN_RDRP
01 16:32:22:170 PLSQL: ERROR CARGANDO ARTICULOS
01 16:42:22:188 PLSQL: INICIANDO CARGA DE ARTICULOS EN  V10INTERIN_RDRP
01 16:42:22:189 PLSQL: ERROR CARGANDO ARTICULOS
01 16:52:22:194 PLSQL: INICIANDO CARGA DE ARTICULOS EN  V10INTERIN_RDRP
01 16:52:22:195 PLSQL: ERROR CARGANDO ARTICULOS
01 17:02:22:206 PLSQL: INICIANDO CARGA DE ARTICULOS EN  V10INTERIN_RDRP
01 17:02:22:207 PLSQL: ERROR CARGANDO ARTICULOS
01 17:12:22:221 PLSQL: INICIANDO CARGA DE ARTICULOS EN  V10INTERIN_RDRP
01 17:12:22:221 PLSQL: ERROR CARGANDO ARTICULOS
01 17:22:22:225 PLSQL: INICIANDO CARGA DE ARTICULOS EN  V10INTERIN_RDRP
01 17:22:22:228 PLSQL: ERROR CARGANDO ARTICULOS
01 17:32:22:233 PLSQL: INICIANDO CARGA DE ARTICULOS EN  V10INTERIN_RDRP
01 17:32:22:234 PLSQL: ERROR CARGANDO ARTICULOS
01 17:42:22:250 PLSQL: INICIANDO CARGA DE ARTICULOS EN  V10INTERIN_RDRP
01 17:42:22:253 PLSQL: ERROR CARGANDO ARTICULOS

00 17:42:37:135 Fichero de log cerrado.

00 17:42:47:355 Fichero de log abierto PID 3416

02 17:42:47:355 Intentando abrir fichero v10.ini
02 17:42:47:362 Cargando driver v10oracle funcion damedriveroracle
02 17:42:48:339 Conectado a base de datos
02 17:42:48:340 Proceso CARGA_ARTICULOS encontrado en tabla VDPROCESOS
02 17:42:48:342 Proceso CARGA_ARTICULOS cargado con función procesoperiodico (Librería VDKERNEL.DLL) direccion 70362D10
02 17:42:48:344 PLSQL: INICIALIZADO PAQUETE DE LOG EL DIA 29-03-2022
02 17:42:48:354 Actualizado SID 377 SERIAL 23830 del proceso con PID 3416
02 17:42:48:360 Analizado cursor CCARGAARTICULOS
02 17:42:48:360 Leidos 1 cursores
01 17:42:48:362 PLSQL: INICIANDO CARGA DE ARTICULOS EN  V10INTERIN_RDRP
01 17:42:48:364 PLSQL: ERROR CARGANDO ARTICULOS

00 17:45:26:690 Fichero de log cerrado.

00 17:45:32:457 Fichero de log abierto PID 16844

02 17:45:32:459 Intentando abrir fichero v10.ini
02 17:45:32:465 Cargando driver v10oracle funcion damedriveroracle
02 17:45:33:997 Conectado a base de datos
02 17:45:34:002 Proceso CARGA_ARTICULOS encontrado en tabla VDPROCESOS
02 17:45:34:005 Proceso CARGA_ARTICULOS cargado con función procesoperiodico (Librería VDKERNEL.DLL) direccion 70362D10
02 17:45:34:012 PLSQL: INICIALIZADO PAQUETE DE LOG EL DIA 29-03-2022
02 17:45:34:045 Actualizado SID 378 SERIAL 7963 del proceso con PID 16844
02 17:45:34:049 Analizado cursor CCARGAARTICULOS
02 17:45:34:049 Leidos 1 cursores
01 17:45:34:051 PLSQL: INICIANDO CARGA DE ARTICULOS EN  V10INTERIN_RDRP
01 17:45:34:059 PLSQL: ERROR CARGANDO ARTICULOS
01 17:55:34:070 PLSQL: INICIANDO CARGA DE ARTICULOS EN  V10INTERIN_RDRP
01 17:55:34:073 PLSQL: ERROR CARGANDO ARTICULOS

00 17:58:58:370 Fichero de log cerrado.

