00 09:39:32:678 Fichero de log abierto PID 13244

02 09:39:32:678 Intentando abrir fichero v10.ini
02 09:39:32:687 Cargando driver v10oracle funcion damedriveroracle
02 09:39:33:448 Conectado a base de datos
02 09:39:33:448 Proceso CARGA_PROVEES encontrado en tabla VDPROCESOS
02 09:39:33:451 Proceso CARGA_PROVEES cargado con función procesoperiodico (Librería VDKERNEL.DLL) direccion 6F972D10
02 09:39:33:453 PLSQL: INICIALIZADO PAQUETE DE LOG EL DIA 06-07-2022
02 09:39:33:467 Actualizado SID 384 SERIAL 44786 del proceso con PID 13244
02 09:39:33:472 Analizado cursor CCARGAPROVEES
02 09:39:33:472 Leidos 1 cursores
01 09:39:33:506 PLSQL: INICIANDO CARGA DE PROVEES EN  V10INTERIN_RDRP
01 09:39:33:510 PLSQL: ERROR CARGANDO PROVEES
01 09:49:33:515 PLSQL: INICIANDO CARGA DE PROVEES EN  V10INTERIN_RDRP
01 09:49:33:518 PLSQL: ERROR CARGANDO PROVEES
01 09:59:33:531 PLSQL: INICIANDO CARGA DE PROVEES EN  V10INTERIN_RDRP
01 09:59:33:534 PLSQL: ERROR CARGANDO PROVEES
01 10:09:33:550 PLSQL: INICIANDO CARGA DE PROVEES EN  V10INTERIN_RDRP
01 10:09:33:553 PLSQL: ERROR CARGANDO PROVEES
01 10:19:33:561 PLSQL: INICIANDO CARGA DE PROVEES EN  V10INTERIN_RDRP
01 10:19:33:562 PLSQL: ERROR CARGANDO PROVEES
01 10:29:33:570 PLSQL: INICIANDO CARGA DE PROVEES EN  V10INTERIN_RDRP
01 10:29:33:575 PLSQL: ERROR CARGANDO PROVEES
01 10:39:33:586 PLSQL: INICIANDO CARGA DE PROVEES EN  V10INTERIN_RDRP
01 10:39:33:589 PLSQL: ERROR CARGANDO PROVEES
01 10:49:33:599 PLSQL: INICIANDO CARGA DE PROVEES EN  V10INTERIN_RDRP
01 10:49:33:603 PLSQL: ERROR CARGANDO PROVEES
01 10:59:33:611 PLSQL: INICIANDO CARGA DE PROVEES EN  V10INTERIN_RDRP
01 10:59:33:614 PLSQL: ERROR CARGANDO PROVEES
01 11:25:37:351 PLSQL: INICIANDO CARGA DE PROVEES EN  V10INTERIN_RDRP
01 11:25:37:354 PLSQL: ERROR CARGANDO PROVEES
01 11:35:37:378 PLSQL: INICIANDO CARGA DE PROVEES EN  V10INTERIN_RDRP
01 11:35:37:393 PLSQL: ERROR CARGANDO PROVEES
01 11:45:37:404 PLSQL: INICIANDO CARGA DE PROVEES EN  V10INTERIN_RDRP
01 11:45:37:409 PLSQL: ERROR CARGANDO PROVEES
01 11:55:37:411 PLSQL: INICIANDO CARGA DE PROVEES EN  V10INTERIN_RDRP
01 11:55:37:415 PLSQL: ERROR CARGANDO PROVEES
01 12:05:37:426 PLSQL: INICIANDO CARGA DE PROVEES EN  V10INTERIN_RDRP
01 12:05:37:431 PLSQL: ERROR CARGANDO PROVEES
01 12:15:37:443 PLSQL: INICIANDO CARGA DE PROVEES EN  V10INTERIN_RDRP
01 12:15:37:446 PLSQL: ERROR CARGANDO PROVEES
01 12:25:37:454 PLSQL: INICIANDO CARGA DE PROVEES EN  V10INTERIN_RDRP
01 12:25:37:456 PLSQL: ERROR CARGANDO PROVEES
01 12:35:37:469 PLSQL: INICIANDO CARGA DE PROVEES EN  V10INTERIN_RDRP
01 12:35:37:472 PLSQL: ERROR CARGANDO PROVEES
01 12:45:37:479 PLSQL: INICIANDO CARGA DE PROVEES EN  V10INTERIN_RDRP
01 12:45:37:481 PLSQL: ERROR CARGANDO PROVEES
01 12:55:37:494 PLSQL: INICIANDO CARGA DE PROVEES EN  V10INTERIN_RDRP
01 12:55:37:494 PLSQL: ERROR CARGANDO PROVEES
01 13:05:37:503 PLSQL: INICIANDO CARGA DE PROVEES EN  V10INTERIN_RDRP
01 13:05:37:507 PLSQL: ERROR CARGANDO PROVEES
01 13:15:37:519 PLSQL: INICIANDO CARGA DE PROVEES EN  V10INTERIN_RDRP
01 13:15:37:522 PLSQL: ERROR CARGANDO PROVEES
01 13:25:37:532 PLSQL: INICIANDO CARGA DE PROVEES EN  V10INTERIN_RDRP
01 13:25:37:533 PLSQL: ERROR CARGANDO PROVEES
01 13:35:37:535 PLSQL: INICIANDO CARGA DE PROVEES EN  V10INTERIN_RDRP
01 13:35:37:537 PLSQL: ERROR CARGANDO PROVEES
01 13:45:37:541 PLSQL: INICIANDO CARGA DE PROVEES EN  V10INTERIN_RDRP
01 13:45:37:544 PLSQL: ERROR CARGANDO PROVEES
01 14:24:50:814 PLSQL: INICIANDO CARGA DE PROVEES EN  V10INTERIN_RDRP
01 14:24:50:819 PLSQL: ERROR CARGANDO PROVEES
01 14:34:50:838 PLSQL: INICIANDO CARGA DE PROVEES EN  V10INTERIN_RDRP
01 14:34:50:838 PLSQL: ERROR CARGANDO PROVEES
01 14:44:50:868 PLSQL: INICIANDO CARGA DE PROVEES EN  V10INTERIN_RDRP
01 14:44:50:878 PLSQL: ERROR CARGANDO PROVEES
01 14:54:50:892 PLSQL: INICIANDO CARGA DE PROVEES EN  V10INTERIN_RDRP
01 14:54:50:893 PLSQL: ERROR CARGANDO PROVEES
01 15:04:50:908 PLSQL: INICIANDO CARGA DE PROVEES EN  V10INTERIN_RDRP
01 15:04:50:911 PLSQL: ERROR CARGANDO PROVEES
01 15:14:50:914 PLSQL: INICIANDO CARGA DE PROVEES EN  V10INTERIN_RDRP
01 15:14:50:916 PLSQL: ERROR CARGANDO PROVEES
01 15:43:54:467 PLSQL: INICIANDO CARGA DE PROVEES EN  V10INTERIN_RDRP
01 15:43:54:471 PLSQL: ERROR CARGANDO PROVEES
01 15:53:54:484 PLSQL: INICIANDO CARGA DE PROVEES EN  V10INTERIN_RDRP
01 15:53:54:484 PLSQL: ERROR CARGANDO PROVEES
01 16:03:54:512 PLSQL: INICIANDO CARGA DE PROVEES EN  V10INTERIN_RDRP
01 16:03:54:527 PLSQL: ERROR CARGANDO PROVEES
01 16:13:54:556 PLSQL: INICIANDO CARGA DE PROVEES EN  V10INTERIN_RDRP
01 16:13:54:572 PLSQL: ERROR CARGANDO PROVEES
01 16:23:54:587 PLSQL: INICIANDO CARGA DE PROVEES EN  V10INTERIN_RDRP
01 16:23:54:590 PLSQL: ERROR CARGANDO PROVEES
01 16:33:54:603 PLSQL: INICIANDO CARGA DE PROVEES EN  V10INTERIN_RDRP
01 16:33:54:605 PLSQL: ERROR CARGANDO PROVEES
01 16:43:54:622 PLSQL: INICIANDO CARGA DE PROVEES EN  V10INTERIN_RDRP
01 16:43:54:624 PLSQL: ERROR CARGANDO PROVEES
01 16:53:54:632 PLSQL: INICIANDO CARGA DE PROVEES EN  V10INTERIN_RDRP
01 16:53:54:635 PLSQL: ERROR CARGANDO PROVEES
01 17:03:54:645 PLSQL: INICIANDO CARGA DE PROVEES EN  V10INTERIN_RDRP
01 17:03:54:648 PLSQL: ERROR CARGANDO PROVEES

00 17:10:24:209 Fichero de log cerrado.

