00 11:41:46:792 Fichero de log abierto PID 9308

02 11:41:46:794 Intentando abrir fichero v10.ini
02 11:41:46:800 Cargando driver v10oracle funcion damedriveroracle
02 11:41:47:357 Conectado a base de datos
02 11:41:47:357 Proceso CARGA_CODARTALT encontrado en tabla VDPROCESOS
02 11:41:47:357 Proceso CARGA_CODARTALT cargado con función procesoperiodico (Librería VDKERNEL.DLL) direccion 6F3D2D10
02 11:41:47:363 PLSQL: INICIALIZADO PAQUETE DE LOG EL DIA 04-07-2022
02 11:41:47:375 Actualizado SID 502 SERIAL 64804 del proceso con PID 9308
02 11:41:47:382 Analizado cursor CCARGAARTICULOS
02 11:41:47:382 Leidos 1 cursores
01 11:41:47:384 PLSQL: INICIANDO CARGA DE CODARTALT EN  V10INTERIN_RDRP
01 11:41:47:385 PLSQL: ERROR CARGANDO CODARTALT
01 11:51:47:401 PLSQL: INICIANDO CARGA DE CODARTALT EN  V10INTERIN_RDRP
01 11:51:47:401 PLSQL: ERROR CARGANDO CODARTALT
01 12:01:47:422 PLSQL: INICIANDO CARGA DE CODARTALT EN  V10INTERIN_RDRP
01 12:01:47:422 PLSQL: ERROR CARGANDO CODARTALT
01 12:11:47:443 PLSQL: INICIANDO CARGA DE CODARTALT EN  V10INTERIN_RDRP
01 12:11:47:443 PLSQL: ERROR CARGANDO CODARTALT
01 12:21:47:456 PLSQL: INICIANDO CARGA DE CODARTALT EN  V10INTERIN_RDRP
01 12:21:47:456 PLSQL: ERROR CARGANDO CODARTALT
01 12:31:47:473 PLSQL: INICIANDO CARGA DE CODARTALT EN  V10INTERIN_RDRP
01 12:31:47:474 PLSQL: ERROR CARGANDO CODARTALT
01 12:41:47:482 PLSQL: INICIANDO CARGA DE CODARTALT EN  V10INTERIN_RDRP
01 12:41:47:482 PLSQL: ERROR CARGANDO CODARTALT
01 12:51:47:486 PLSQL: INICIANDO CARGA DE CODARTALT EN  V10INTERIN_RDRP
01 12:51:47:487 PLSQL: ERROR CARGANDO CODARTALT
01 13:01:47:495 PLSQL: INICIANDO CARGA DE CODARTALT EN  V10INTERIN_RDRP
01 13:01:47:497 PLSQL: ERROR CARGANDO CODARTALT
01 13:11:47:509 PLSQL: INICIANDO CARGA DE CODARTALT EN  V10INTERIN_RDRP
01 13:11:47:510 PLSQL: ERROR CARGANDO CODARTALT
01 13:21:47:525 PLSQL: INICIANDO CARGA DE CODARTALT EN  V10INTERIN_RDRP
01 13:21:47:526 PLSQL: ERROR CARGANDO CODARTALT
01 13:31:47:540 PLSQL: INICIANDO CARGA DE CODARTALT EN  V10INTERIN_RDRP
01 13:31:47:542 PLSQL: ERROR CARGANDO CODARTALT
01 13:41:47:556 PLSQL: INICIANDO CARGA DE CODARTALT EN  V10INTERIN_RDRP
01 13:41:47:557 PLSQL: ERROR CARGANDO CODARTALT
01 13:53:17:765 PLSQL: INICIANDO CARGA DE CODARTALT EN  V10INTERIN_RDRP
01 13:53:17:785 PLSQL: ERROR CARGANDO CODARTALT
01 14:03:17:794 PLSQL: INICIANDO CARGA DE CODARTALT EN  V10INTERIN_RDRP
01 14:03:17:794 PLSQL: ERROR CARGANDO CODARTALT
01 14:13:17:816 PLSQL: INICIANDO CARGA DE CODARTALT EN  V10INTERIN_RDRP
01 14:13:17:834 PLSQL: ERROR CARGANDO CODARTALT
01 14:23:17:838 PLSQL: INICIANDO CARGA DE CODARTALT EN  V10INTERIN_RDRP
01 14:23:17:840 PLSQL: ERROR CARGANDO CODARTALT
01 14:33:17:857 PLSQL: INICIANDO CARGA DE CODARTALT EN  V10INTERIN_RDRP
01 14:33:17:858 PLSQL: ERROR CARGANDO CODARTALT
01 14:43:17:868 PLSQL: INICIANDO CARGA DE CODARTALT EN  V10INTERIN_RDRP
01 14:43:17:869 PLSQL: ERROR CARGANDO CODARTALT
01 14:53:17:877 PLSQL: INICIANDO CARGA DE CODARTALT EN  V10INTERIN_RDRP
01 14:53:17:879 PLSQL: ERROR CARGANDO CODARTALT
01 15:03:17:882 PLSQL: INICIANDO CARGA DE CODARTALT EN  V10INTERIN_RDRP
01 15:03:17:883 PLSQL: ERROR CARGANDO CODARTALT
01 16:01:05:765 PLSQL: INICIANDO CARGA DE CODARTALT EN  V10INTERIN_RDRP
01 16:01:05:774 PLSQL: ERROR CARGANDO CODARTALT
01 16:11:05:790 PLSQL: INICIANDO CARGA DE CODARTALT EN  V10INTERIN_RDRP
01 16:11:05:791 PLSQL: ERROR CARGANDO CODARTALT
01 16:21:05:795 PLSQL: INICIANDO CARGA DE CODARTALT EN  V10INTERIN_RDRP
01 16:21:05:797 PLSQL: ERROR CARGANDO CODARTALT

00 16:28:21:867 Fichero de log cerrado.

00 16:28:33:169 Fichero de log abierto PID 14524

02 16:28:33:172 Intentando abrir fichero v10.ini
02 16:28:33:177 Cargando driver v10oracle funcion damedriveroracle
02 16:28:34:080 Conectado a base de datos
02 16:28:34:082 Proceso CARGA_CODARTALT encontrado en tabla VDPROCESOS
02 16:28:34:082 Proceso CARGA_CODARTALT cargado con función procesoperiodico (Librería VDKERNEL.DLL) direccion 6F3D2D10
02 16:28:34:085 PLSQL: INICIALIZADO PAQUETE DE LOG EL DIA 04-07-2022
02 16:28:34:095 Actualizado SID 628 SERIAL 15880 del proceso con PID 14524
02 16:28:34:097 Analizado cursor CCARGAARTICULOS
02 16:28:34:097 Leidos 1 cursores
01 16:28:34:098 PLSQL: INICIANDO CARGA DE CODARTALT EN  V10INTERIN_RDRP
01 16:28:34:099 PLSQL: ERROR CARGANDO CODARTALT
01 16:38:34:112 PLSQL: INICIANDO CARGA DE CODARTALT EN  V10INTERIN_RDRP
01 16:38:34:113 PLSQL: ERROR CARGANDO CODARTALT
01 16:48:34:128 PLSQL: INICIANDO CARGA DE CODARTALT EN  V10INTERIN_RDRP
01 16:48:34:130 PLSQL: ERROR CARGANDO CODARTALT
01 16:58:34:138 PLSQL: INICIANDO CARGA DE CODARTALT EN  V10INTERIN_RDRP
01 16:58:34:139 PLSQL: ERROR CARGANDO CODARTALT
01 17:08:34:142 PLSQL: INICIANDO CARGA DE CODARTALT EN  V10INTERIN_RDRP
01 17:08:34:144 PLSQL: ERROR CARGANDO CODARTALT
01 17:18:34:149 PLSQL: INICIANDO CARGA DE CODARTALT EN  V10INTERIN_RDRP
01 17:18:34:151 PLSQL: ERROR CARGANDO CODARTALT
01 17:28:34:161 PLSQL: INICIANDO CARGA DE CODARTALT EN  V10INTERIN_RDRP
01 17:28:34:162 PLSQL: ERROR CARGANDO CODARTALT
01 17:38:34:168 PLSQL: INICIANDO CARGA DE CODARTALT EN  V10INTERIN_RDRP
01 17:38:34:170 PLSQL: ERROR CARGANDO CODARTALT
01 17:48:34:178 PLSQL: INICIANDO CARGA DE CODARTALT EN  V10INTERIN_RDRP
01 17:48:34:179 PLSQL: ERROR CARGANDO CODARTALT

00 17:57:33:832 Fichero de log cerrado.

