00 09:07:46:141 Fichero de log abierto PID 13076

02 09:07:46:143 Intentando abrir fichero v10.ini
02 09:07:46:148 Cargando driver v10oracle funcion damedriveroracle
02 09:07:46:881 Conectado a base de datos
02 09:07:46:882 Proceso CARGA_PEDIDOS encontrado en tabla VDPROCESOS
02 09:07:46:882 Proceso CARGA_PEDIDOS cargado con función procesoperiodico (Librería VDKERNEL.DLL) direccion 6F892D10
02 09:07:46:885 PLSQL: INICIALIZADO PAQUETE DE LOG EL DIA 07-04-2022
02 09:07:46:897 Actualizado SID 503 SERIAL 48672 del proceso con PID 13076
02 09:07:46:903 Analizado cursor CCARGAPEDIDOS
02 09:07:46:903 Leidos 1 cursores
01 09:07:46:905 PLSQL: INICIANDO CARGA DE PEDIDOS EN  V10INTERIN_RDRP
01 09:07:46:906 PLSQL: ERROR CARGANDO PEDIDOS
01 09:12:46:921 PLSQL: INICIANDO CARGA DE PEDIDOS EN  V10INTERIN_RDRP
01 09:12:46:924 PLSQL: ERROR CARGANDO PEDIDOS
01 09:17:46:925 PLSQL: INICIANDO CARGA DE PEDIDOS EN  V10INTERIN_RDRP
01 09:17:46:934 PLSQL: ERROR CARGANDO PEDIDOS
01 09:22:46:963 PLSQL: INICIANDO CARGA DE PEDIDOS EN  V10INTERIN_RDRP
01 09:22:46:966 PLSQL: ERROR CARGANDO PEDIDOS
01 09:27:46:969 PLSQL: INICIANDO CARGA DE PEDIDOS EN  V10INTERIN_RDRP
01 09:27:46:971 PLSQL: ERROR CARGANDO PEDIDOS
01 09:32:46:978 PLSQL: INICIANDO CARGA DE PEDIDOS EN  V10INTERIN_RDRP
01 09:32:46:980 PLSQL: ERROR CARGANDO PEDIDOS
01 09:37:46:994 PLSQL: INICIANDO CARGA DE PEDIDOS EN  V10INTERIN_RDRP
01 09:37:46:995 PLSQL: ERROR CARGANDO PEDIDOS
01 09:42:47:004 PLSQL: INICIANDO CARGA DE PEDIDOS EN  V10INTERIN_RDRP
01 09:42:47:006 PLSQL: ERROR CARGANDO PEDIDOS
01 09:47:47:019 PLSQL: INICIANDO CARGA DE PEDIDOS EN  V10INTERIN_RDRP
01 09:47:47:022 PLSQL: ERROR CARGANDO PEDIDOS
01 09:52:47:038 PLSQL: INICIANDO CARGA DE PEDIDOS EN  V10INTERIN_RDRP
01 09:52:47:066 PLSQL: ERROR CARGANDO PEDIDOS
01 09:57:47:077 PLSQL: INICIANDO CARGA DE PEDIDOS EN  V10INTERIN_RDRP
01 09:57:47:079 PLSQL: ERROR CARGANDO PEDIDOS
01 10:02:47:089 PLSQL: INICIANDO CARGA DE PEDIDOS EN  V10INTERIN_RDRP
01 10:02:47:089 PLSQL: ERROR CARGANDO PEDIDOS
01 10:07:47:098 PLSQL: INICIANDO CARGA DE PEDIDOS EN  V10INTERIN_RDRP
01 10:07:47:099 PLSQL: ERROR CARGANDO PEDIDOS
01 10:12:47:105 PLSQL: INICIANDO CARGA DE PEDIDOS EN  V10INTERIN_RDRP
01 10:12:47:107 PLSQL: ERROR CARGANDO PEDIDOS
01 10:17:47:114 PLSQL: INICIANDO CARGA DE PEDIDOS EN  V10INTERIN_RDRP
01 10:17:47:115 PLSQL: ERROR CARGANDO PEDIDOS
01 10:22:47:129 PLSQL: INICIANDO CARGA DE PEDIDOS EN  V10INTERIN_RDRP
01 10:22:47:130 PLSQL: ERROR CARGANDO PEDIDOS
01 10:27:47:141 PLSQL: INICIANDO CARGA DE PEDIDOS EN  V10INTERIN_RDRP
01 10:27:47:144 PLSQL: ERROR CARGANDO PEDIDOS
01 10:32:47:147 PLSQL: INICIANDO CARGA DE PEDIDOS EN  V10INTERIN_RDRP
01 10:32:47:149 PLSQL: ERROR CARGANDO PEDIDOS
01 10:37:47:162 PLSQL: INICIANDO CARGA DE PEDIDOS EN  V10INTERIN_RDRP
01 10:37:47:164 PLSQL: ERROR CARGANDO PEDIDOS
01 10:42:47:172 PLSQL: INICIANDO CARGA DE PEDIDOS EN  V10INTERIN_RDRP
01 10:42:47:174 PLSQL: ERROR CARGANDO PEDIDOS
01 10:47:47:179 PLSQL: INICIANDO CARGA DE PEDIDOS EN  V10INTERIN_RDRP
01 10:47:47:180 PLSQL: ERROR CARGANDO PEDIDOS
01 10:52:47:195 PLSQL: INICIANDO CARGA DE PEDIDOS EN  V10INTERIN_RDRP
01 10:52:47:198 PLSQL: ERROR CARGANDO PEDIDOS
01 10:57:47:205 PLSQL: INICIANDO CARGA DE PEDIDOS EN  V10INTERIN_RDRP
01 10:57:47:206 PLSQL: ERROR CARGANDO PEDIDOS
01 11:02:47:215 PLSQL: INICIANDO CARGA DE PEDIDOS EN  V10INTERIN_RDRP
01 11:02:47:216 PLSQL: ERROR CARGANDO PEDIDOS
01 11:07:47:220 PLSQL: INICIANDO CARGA DE PEDIDOS EN  V10INTERIN_RDRP
01 11:07:47:221 PLSQL: ERROR CARGANDO PEDIDOS
01 11:12:47:232 PLSQL: INICIANDO CARGA DE PEDIDOS EN  V10INTERIN_RDRP
01 11:12:47:235 PLSQL: ERROR CARGANDO PEDIDOS
01 11:17:47:245 PLSQL: INICIANDO CARGA DE PEDIDOS EN  V10INTERIN_RDRP
01 11:17:47:245 PLSQL: ERROR CARGANDO PEDIDOS
01 11:22:47:253 PLSQL: INICIANDO CARGA DE PEDIDOS EN  V10INTERIN_RDRP
01 11:22:47:255 PLSQL: ERROR CARGANDO PEDIDOS
01 11:27:47:268 PLSQL: INICIANDO CARGA DE PEDIDOS EN  V10INTERIN_RDRP
01 11:27:47:271 PLSQL: ERROR CARGANDO PEDIDOS
01 11:53:51:516 PLSQL: INICIANDO CARGA DE PEDIDOS EN  V10INTERIN_RDRP
01 11:53:51:518 PLSQL: ERROR CARGANDO PEDIDOS
01 11:58:51:538 PLSQL: INICIANDO CARGA DE PEDIDOS EN  V10INTERIN_RDRP
01 11:58:51:539 PLSQL: ERROR CARGANDO PEDIDOS
01 12:03:51:547 PLSQL: INICIANDO CARGA DE PEDIDOS EN  V10INTERIN_RDRP
01 12:03:51:562 PLSQL: ERROR CARGANDO PEDIDOS
01 12:08:51:569 PLSQL: INICIANDO CARGA DE PEDIDOS EN  V10INTERIN_RDRP
01 12:08:51:571 PLSQL: ERROR CARGANDO PEDIDOS
01 12:13:51:575 PLSQL: INICIANDO CARGA DE PEDIDOS EN  V10INTERIN_RDRP
01 12:13:51:577 PLSQL: ERROR CARGANDO PEDIDOS
01 12:18:51:590 PLSQL: INICIANDO CARGA DE PEDIDOS EN  V10INTERIN_RDRP
01 12:18:51:591 PLSQL: ERROR CARGANDO PEDIDOS
01 12:23:51:606 PLSQL: INICIANDO CARGA DE PEDIDOS EN  V10INTERIN_RDRP
01 12:23:51:608 PLSQL: ERROR CARGANDO PEDIDOS
01 12:28:51:625 PLSQL: INICIANDO CARGA DE PEDIDOS EN  V10INTERIN_RDRP
01 12:28:51:627 PLSQL: ERROR CARGANDO PEDIDOS
01 12:33:51:641 PLSQL: INICIANDO CARGA DE PEDIDOS EN  V10INTERIN_RDRP
01 12:33:51:643 PLSQL: ERROR CARGANDO PEDIDOS
01 12:38:51:645 PLSQL: INICIANDO CARGA DE PEDIDOS EN  V10INTERIN_RDRP
01 12:38:51:647 PLSQL: ERROR CARGANDO PEDIDOS
01 12:43:51:663 PLSQL: INICIANDO CARGA DE PEDIDOS EN  V10INTERIN_RDRP
01 12:43:51:666 PLSQL: ERROR CARGANDO PEDIDOS
01 12:48:51:674 PLSQL: INICIANDO CARGA DE PEDIDOS EN  V10INTERIN_RDRP
01 12:48:51:677 PLSQL: ERROR CARGANDO PEDIDOS
01 12:53:51:682 PLSQL: INICIANDO CARGA DE PEDIDOS EN  V10INTERIN_RDRP
01 12:53:51:685 PLSQL: ERROR CARGANDO PEDIDOS
01 12:58:51:689 PLSQL: INICIANDO CARGA DE PEDIDOS EN  V10INTERIN_RDRP
01 12:58:51:693 PLSQL: ERROR CARGANDO PEDIDOS
01 13:03:51:700 PLSQL: INICIANDO CARGA DE PEDIDOS EN  V10INTERIN_RDRP
01 13:03:51:703 PLSQL: ERROR CARGANDO PEDIDOS
01 13:08:51:708 PLSQL: INICIANDO CARGA DE PEDIDOS EN  V10INTERIN_RDRP
01 13:08:51:711 PLSQL: ERROR CARGANDO PEDIDOS
01 13:13:51:718 PLSQL: INICIANDO CARGA DE PEDIDOS EN  V10INTERIN_RDRP
01 13:13:51:722 PLSQL: ERROR CARGANDO PEDIDOS
01 13:18:51:728 PLSQL: INICIANDO CARGA DE PEDIDOS EN  V10INTERIN_RDRP
01 13:18:51:730 PLSQL: ERROR CARGANDO PEDIDOS
01 13:23:51:746 PLSQL: INICIANDO CARGA DE PEDIDOS EN  V10INTERIN_RDRP
01 13:23:51:750 PLSQL: ERROR CARGANDO PEDIDOS
01 13:28:51:765 PLSQL: INICIANDO CARGA DE PEDIDOS EN  V10INTERIN_RDRP
01 13:28:51:774 PLSQL: ERROR CARGANDO PEDIDOS
01 13:33:51:783 PLSQL: INICIANDO CARGA DE PEDIDOS EN  V10INTERIN_RDRP
01 13:33:51:786 PLSQL: ERROR CARGANDO PEDIDOS
01 13:38:51:797 PLSQL: INICIANDO CARGA DE PEDIDOS EN  V10INTERIN_RDRP
01 13:38:51:862 PLSQL: ERROR CARGANDO PEDIDOS
01 13:43:51:871 PLSQL: INICIANDO CARGA DE PEDIDOS EN  V10INTERIN_RDRP
01 13:43:51:876 PLSQL: ERROR CARGANDO PEDIDOS
01 13:48:51:880 PLSQL: INICIANDO CARGA DE PEDIDOS EN  V10INTERIN_RDRP
01 13:48:51:882 PLSQL: ERROR CARGANDO PEDIDOS
01 13:53:51:890 PLSQL: INICIANDO CARGA DE PEDIDOS EN  V10INTERIN_RDRP
01 13:53:51:892 PLSQL: ERROR CARGANDO PEDIDOS
01 13:58:51:901 PLSQL: INICIANDO CARGA DE PEDIDOS EN  V10INTERIN_RDRP
01 13:58:51:919 PLSQL: ERROR CARGANDO PEDIDOS
01 14:03:51:929 PLSQL: INICIANDO CARGA DE PEDIDOS EN  V10INTERIN_RDRP
01 14:03:51:933 PLSQL: ERROR CARGANDO PEDIDOS
01 14:08:51:943 PLSQL: INICIANDO CARGA DE PEDIDOS EN  V10INTERIN_RDRP
01 14:08:51:962 PLSQL: ERROR CARGANDO PEDIDOS
01 14:13:51:970 PLSQL: INICIANDO CARGA DE PEDIDOS EN  V10INTERIN_RDRP
01 14:13:51:975 PLSQL: ERROR CARGANDO PEDIDOS
01 14:18:51:989 PLSQL: INICIANDO CARGA DE PEDIDOS EN  V10INTERIN_RDRP
01 14:18:51:992 PLSQL: ERROR CARGANDO PEDIDOS
01 14:23:52:000 PLSQL: INICIANDO CARGA DE PEDIDOS EN  V10INTERIN_RDRP
01 14:23:52:004 PLSQL: ERROR CARGANDO PEDIDOS
01 14:28:52:018 PLSQL: INICIANDO CARGA DE PEDIDOS EN  V10INTERIN_RDRP
01 14:28:52:024 PLSQL: ERROR CARGANDO PEDIDOS
01 14:33:52:039 PLSQL: INICIANDO CARGA DE PEDIDOS EN  V10INTERIN_RDRP
01 14:33:52:040 PLSQL: ERROR CARGANDO PEDIDOS
01 14:38:52:053 PLSQL: INICIANDO CARGA DE PEDIDOS EN  V10INTERIN_RDRP
01 14:38:52:075 PLSQL: ERROR CARGANDO PEDIDOS
01 14:43:52:082 PLSQL: INICIANDO CARGA DE PEDIDOS EN  V10INTERIN_RDRP
01 14:43:52:087 PLSQL: ERROR CARGANDO PEDIDOS
01 15:41:22:330 PLSQL: INICIANDO CARGA DE PEDIDOS EN  V10INTERIN_RDRP
01 15:41:22:332 PLSQL: ERROR CARGANDO PEDIDOS
01 15:46:56:275 PLSQL: INICIANDO CARGA DE PEDIDOS EN  V10INTERIN_RDRP
01 15:46:56:277 PLSQL: ERROR CARGANDO PEDIDOS
01 15:51:56:283 PLSQL: INICIANDO CARGA DE PEDIDOS EN  V10INTERIN_RDRP
01 15:51:56:284 PLSQL: ERROR CARGANDO PEDIDOS
01 15:56:56:288 PLSQL: INICIANDO CARGA DE PEDIDOS EN  V10INTERIN_RDRP
01 15:56:56:294 PLSQL: ERROR CARGANDO PEDIDOS
01 16:01:56:301 PLSQL: INICIANDO CARGA DE PEDIDOS EN  V10INTERIN_RDRP
01 16:01:56:305 PLSQL: ERROR CARGANDO PEDIDOS
01 16:06:56:316 PLSQL: INICIANDO CARGA DE PEDIDOS EN  V10INTERIN_RDRP
01 16:06:56:321 PLSQL: ERROR CARGANDO PEDIDOS
01 16:11:56:325 PLSQL: INICIANDO CARGA DE PEDIDOS EN  V10INTERIN_RDRP
01 16:11:56:330 PLSQL: ERROR CARGANDO PEDIDOS
01 16:16:56:346 PLSQL: INICIANDO CARGA DE PEDIDOS EN  V10INTERIN_RDRP
01 16:16:56:348 PLSQL: ERROR CARGANDO PEDIDOS
01 16:21:56:355 PLSQL: INICIANDO CARGA DE PEDIDOS EN  V10INTERIN_RDRP
01 16:21:56:357 PLSQL: ERROR CARGANDO PEDIDOS
01 16:26:56:363 PLSQL: INICIANDO CARGA DE PEDIDOS EN  V10INTERIN_RDRP
01 16:26:56:365 PLSQL: ERROR CARGANDO PEDIDOS
01 16:31:56:376 PLSQL: INICIANDO CARGA DE PEDIDOS EN  V10INTERIN_RDRP
01 16:31:56:377 PLSQL: ERROR CARGANDO PEDIDOS
01 16:36:56:380 PLSQL: INICIANDO CARGA DE PEDIDOS EN  V10INTERIN_RDRP
01 16:36:56:381 PLSQL: ERROR CARGANDO PEDIDOS
01 16:41:56:388 PLSQL: INICIANDO CARGA DE PEDIDOS EN  V10INTERIN_RDRP
01 16:41:56:390 PLSQL: ERROR CARGANDO PEDIDOS
01 16:46:56:394 PLSQL: INICIANDO CARGA DE PEDIDOS EN  V10INTERIN_RDRP
01 16:46:56:396 PLSQL: ERROR CARGANDO PEDIDOS
01 16:51:56:401 PLSQL: INICIANDO CARGA DE PEDIDOS EN  V10INTERIN_RDRP
01 16:51:56:403 PLSQL: ERROR CARGANDO PEDIDOS
01 16:56:56:413 PLSQL: INICIANDO CARGA DE PEDIDOS EN  V10INTERIN_RDRP
01 16:56:56:416 PLSQL: ERROR CARGANDO PEDIDOS
01 17:01:56:425 PLSQL: INICIANDO CARGA DE PEDIDOS EN  V10INTERIN_RDRP
01 17:01:56:426 PLSQL: ERROR CARGANDO PEDIDOS
01 17:06:56:432 PLSQL: INICIANDO CARGA DE PEDIDOS EN  V10INTERIN_RDRP
01 17:06:56:434 PLSQL: ERROR CARGANDO PEDIDOS
01 17:11:56:444 PLSQL: INICIANDO CARGA DE PEDIDOS EN  V10INTERIN_RDRP
01 17:11:56:445 PLSQL: ERROR CARGANDO PEDIDOS
01 17:16:56:453 PLSQL: INICIANDO CARGA DE PEDIDOS EN  V10INTERIN_RDRP
01 17:16:56:454 PLSQL: ERROR CARGANDO PEDIDOS
01 17:21:56:463 PLSQL: INICIANDO CARGA DE PEDIDOS EN  V10INTERIN_RDRP
01 17:21:56:465 PLSQL: ERROR CARGANDO PEDIDOS
01 17:26:56:468 PLSQL: INICIANDO CARGA DE PEDIDOS EN  V10INTERIN_RDRP
01 17:26:56:469 PLSQL: ERROR CARGANDO PEDIDOS
01 17:31:56:477 PLSQL: INICIANDO CARGA DE PEDIDOS EN  V10INTERIN_RDRP
01 17:31:56:478 PLSQL: ERROR CARGANDO PEDIDOS
01 17:36:56:486 PLSQL: INICIANDO CARGA DE PEDIDOS EN  V10INTERIN_RDRP
01 17:36:56:487 PLSQL: ERROR CARGANDO PEDIDOS
01 17:41:56:503 PLSQL: INICIANDO CARGA DE PEDIDOS EN  V10INTERIN_RDRP
01 17:41:56:504 PLSQL: ERROR CARGANDO PEDIDOS
01 17:46:56:517 PLSQL: INICIANDO CARGA DE PEDIDOS EN  V10INTERIN_RDRP
01 17:46:56:518 PLSQL: ERROR CARGANDO PEDIDOS
01 17:51:56:535 PLSQL: INICIANDO CARGA DE PEDIDOS EN  V10INTERIN_RDRP
01 17:51:56:537 PLSQL: ERROR CARGANDO PEDIDOS

00 17:54:57:785 Fichero de log cerrado.

