00 09:13:09:720 Fichero de log abierto PID 14308

02 09:13:09:722 Intentando abrir fichero v10.ini
02 09:13:09:727 Cargando driver v10oracle funcion damedriveroracle
02 09:13:10:275 Conectado a base de datos
02 09:13:10:277 Proceso CARGA_ARTICULOS encontrado en tabla VDPROCESOS
02 09:13:10:277 Proceso CARGA_ARTICULOS cargado con función procesoperiodico (Librería VDKERNEL.DLL) direccion 6F882D10
02 09:13:10:279 PLSQL: INICIALIZADO PAQUETE DE LOG EL DIA 13-04-2022
02 09:13:10:317 Actualizado SID 507 SERIAL 37443 del proceso con PID 14308
02 09:13:10:318 Analizado cursor CCARGAARTICULOS
02 09:13:10:318 Leidos 1 cursores
01 09:13:10:320 PLSQL: INICIANDO CARGA DE ARTICULOS EN  V10INTERIN_RDRP
01 09:13:10:322 PLSQL: ERROR CARGANDO ARTICULOS
01 09:23:10:334 PLSQL: INICIANDO CARGA DE ARTICULOS EN  V10INTERIN_RDRP
01 09:23:10:335 PLSQL: ERROR CARGANDO ARTICULOS
01 09:33:10:339 PLSQL: INICIANDO CARGA DE ARTICULOS EN  V10INTERIN_RDRP
01 09:33:10:342 PLSQL: ERROR CARGANDO ARTICULOS
01 09:43:10:356 PLSQL: INICIANDO CARGA DE ARTICULOS EN  V10INTERIN_RDRP
01 09:43:10:375 PLSQL: ERROR CARGANDO ARTICULOS
01 09:53:10:378 PLSQL: INICIANDO CARGA DE ARTICULOS EN  V10INTERIN_RDRP
01 09:53:10:378 PLSQL: ERROR CARGANDO ARTICULOS
01 10:03:09:004 PLSQL: INICIANDO CARGA DE ARTICULOS EN  V10INTERIN_RDRP
01 10:03:09:005 PLSQL: ERROR CARGANDO ARTICULOS
01 10:13:09:018 PLSQL: INICIANDO CARGA DE ARTICULOS EN  V10INTERIN_RDRP
01 10:13:09:041 PLSQL: ERROR CARGANDO ARTICULOS
01 10:23:09:049 PLSQL: INICIANDO CARGA DE ARTICULOS EN  V10INTERIN_RDRP
01 10:23:09:051 PLSQL: ERROR CARGANDO ARTICULOS
01 10:33:09:057 PLSQL: INICIANDO CARGA DE ARTICULOS EN  V10INTERIN_RDRP
01 10:33:09:060 PLSQL: ERROR CARGANDO ARTICULOS
01 10:43:09:069 PLSQL: INICIANDO CARGA DE ARTICULOS EN  V10INTERIN_RDRP
01 10:43:09:072 PLSQL: ERROR CARGANDO ARTICULOS
01 10:53:09:086 PLSQL: INICIANDO CARGA DE ARTICULOS EN  V10INTERIN_RDRP
01 10:53:09:087 PLSQL: ERROR CARGANDO ARTICULOS
01 11:03:09:100 PLSQL: INICIANDO CARGA DE ARTICULOS EN  V10INTERIN_RDRP
01 11:03:09:101 PLSQL: ERROR CARGANDO ARTICULOS
01 11:31:04:115 PLSQL: INICIANDO CARGA DE ARTICULOS EN  V10INTERIN_RDRP
01 11:31:04:176 PLSQL: ERROR CARGANDO ARTICULOS
01 11:41:04:195 PLSQL: INICIANDO CARGA DE ARTICULOS EN  V10INTERIN_RDRP
01 11:41:04:196 PLSQL: ERROR CARGANDO ARTICULOS
01 11:51:04:203 PLSQL: INICIANDO CARGA DE ARTICULOS EN  V10INTERIN_RDRP
01 11:51:04:205 PLSQL: ERROR CARGANDO ARTICULOS
01 12:01:04:221 PLSQL: INICIANDO CARGA DE ARTICULOS EN  V10INTERIN_RDRP
01 12:01:04:223 PLSQL: ERROR CARGANDO ARTICULOS
01 12:11:04:236 PLSQL: INICIANDO CARGA DE ARTICULOS EN  V10INTERIN_RDRP
01 12:11:04:238 PLSQL: ERROR CARGANDO ARTICULOS
01 12:21:04:252 PLSQL: INICIANDO CARGA DE ARTICULOS EN  V10INTERIN_RDRP
01 12:21:04:253 PLSQL: ERROR CARGANDO ARTICULOS
01 12:31:04:256 PLSQL: INICIANDO CARGA DE ARTICULOS EN  V10INTERIN_RDRP
01 12:31:04:258 PLSQL: ERROR CARGANDO ARTICULOS
01 12:41:04:268 PLSQL: INICIANDO CARGA DE ARTICULOS EN  V10INTERIN_RDRP
01 12:41:04:269 PLSQL: ERROR CARGANDO ARTICULOS
01 12:51:04:279 PLSQL: INICIANDO CARGA DE ARTICULOS EN  V10INTERIN_RDRP
01 12:51:04:282 PLSQL: ERROR CARGANDO ARTICULOS
01 13:01:04:290 PLSQL: INICIANDO CARGA DE ARTICULOS EN  V10INTERIN_RDRP
01 13:01:04:291 PLSQL: ERROR CARGANDO ARTICULOS
01 13:11:04:296 PLSQL: INICIANDO CARGA DE ARTICULOS EN  V10INTERIN_RDRP
01 13:11:04:297 PLSQL: ERROR CARGANDO ARTICULOS
01 13:21:04:310 PLSQL: INICIANDO CARGA DE ARTICULOS EN  V10INTERIN_RDRP
01 13:21:04:312 PLSQL: ERROR CARGANDO ARTICULOS
01 13:31:04:315 PLSQL: INICIANDO CARGA DE ARTICULOS EN  V10INTERIN_RDRP
01 13:31:04:317 PLSQL: ERROR CARGANDO ARTICULOS
01 13:41:04:322 PLSQL: INICIANDO CARGA DE ARTICULOS EN  V10INTERIN_RDRP
01 13:41:04:324 PLSQL: ERROR CARGANDO ARTICULOS
01 13:51:04:334 PLSQL: INICIANDO CARGA DE ARTICULOS EN  V10INTERIN_RDRP
01 13:51:04:335 PLSQL: ERROR CARGANDO ARTICULOS
01 14:01:04:343 PLSQL: INICIANDO CARGA DE ARTICULOS EN  V10INTERIN_RDRP
01 14:01:04:344 PLSQL: ERROR CARGANDO ARTICULOS
01 14:11:04:361 PLSQL: INICIANDO CARGA DE ARTICULOS EN  V10INTERIN_RDRP
01 14:11:04:364 PLSQL: ERROR CARGANDO ARTICULOS
01 14:21:04:367 PLSQL: INICIANDO CARGA DE ARTICULOS EN  V10INTERIN_RDRP
01 14:21:04:369 PLSQL: ERROR CARGANDO ARTICULOS
01 14:31:04:377 PLSQL: INICIANDO CARGA DE ARTICULOS EN  V10INTERIN_RDRP
01 14:31:04:379 PLSQL: ERROR CARGANDO ARTICULOS
01 14:41:04:395 PLSQL: INICIANDO CARGA DE ARTICULOS EN  V10INTERIN_RDRP
01 14:41:04:401 PLSQL: ERROR CARGANDO ARTICULOS
01 14:51:04:416 PLSQL: INICIANDO CARGA DE ARTICULOS EN  V10INTERIN_RDRP
01 14:51:04:418 PLSQL: ERROR CARGANDO ARTICULOS
01 15:01:04:431 PLSQL: INICIANDO CARGA DE ARTICULOS EN  V10INTERIN_RDRP
01 15:01:04:432 PLSQL: ERROR CARGANDO ARTICULOS
01 15:59:32:720 PLSQL: INICIANDO CARGA DE ARTICULOS EN  V10INTERIN_RDRP
01 15:59:32:794 PLSQL: ERROR CARGANDO ARTICULOS
01 16:09:32:796 PLSQL: INICIANDO CARGA DE ARTICULOS EN  V10INTERIN_RDRP
01 16:09:32:798 PLSQL: ERROR CARGANDO ARTICULOS
01 16:19:32:809 PLSQL: INICIANDO CARGA DE ARTICULOS EN  V10INTERIN_RDRP
01 16:19:32:812 PLSQL: ERROR CARGANDO ARTICULOS
01 16:29:32:829 PLSQL: INICIANDO CARGA DE ARTICULOS EN  V10INTERIN_RDRP
01 16:29:32:831 PLSQL: ERROR CARGANDO ARTICULOS
01 16:39:32:833 PLSQL: INICIANDO CARGA DE ARTICULOS EN  V10INTERIN_RDRP
01 16:39:32:834 PLSQL: ERROR CARGANDO ARTICULOS
01 16:49:32:863 PLSQL: INICIANDO CARGA DE ARTICULOS EN  V10INTERIN_RDRP
01 16:49:32:863 PLSQL: ERROR CARGANDO ARTICULOS
01 16:59:32:893 PLSQL: INICIANDO CARGA DE ARTICULOS EN  V10INTERIN_RDRP
01 16:59:32:912 PLSQL: ERROR CARGANDO ARTICULOS
01 17:09:32:922 PLSQL: INICIANDO CARGA DE ARTICULOS EN  V10INTERIN_RDRP
01 17:09:32:925 PLSQL: ERROR CARGANDO ARTICULOS
01 17:19:32:932 PLSQL: INICIANDO CARGA DE ARTICULOS EN  V10INTERIN_RDRP
01 17:19:32:934 PLSQL: ERROR CARGANDO ARTICULOS
01 17:29:32:943 PLSQL: INICIANDO CARGA DE ARTICULOS EN  V10INTERIN_RDRP
01 17:29:32:947 PLSQL: ERROR CARGANDO ARTICULOS
01 17:39:32:953 PLSQL: INICIANDO CARGA DE ARTICULOS EN  V10INTERIN_RDRP
01 17:39:32:955 PLSQL: ERROR CARGANDO ARTICULOS
01 17:49:32:963 PLSQL: INICIANDO CARGA DE ARTICULOS EN  V10INTERIN_RDRP
01 17:49:32:965 PLSQL: ERROR CARGANDO ARTICULOS

00 17:54:53:305 Fichero de log cerrado.

