00 11:54:47:342 Fichero de log abierto PID 3580

02 11:54:47:362 Intentando abrir fichero v10.ini
02 11:54:47:367 Cargando driver v10oracle funcion damedriveroracle
02 11:54:47:967 Conectado a base de datos
02 11:54:47:969 Proceso CARGA_ARTICULOS encontrado en tabla VDPROCESOS
02 11:54:47:970 Proceso CARGA_ARTICULOS cargado con función procesoperiodico (Librería VDKERNEL.DLL) direccion 614C2D10
02 11:54:47:973 PLSQL: INICIALIZADO PAQUETE DE LOG EL DIA 30-06-2022
02 11:54:47:984 Actualizado SID 503 SERIAL 35824 del proceso con PID 3580
02 11:54:47:990 Analizado cursor CCARGAARTICULOS
02 11:54:47:990 Leidos 1 cursores
01 11:54:47:992 PLSQL: INICIANDO CARGA DE ARTICULOS EN  V10INTERIN_RDRP
01 11:54:47:993 PLSQL: ERROR CARGANDO ARTICULOS

00 12:04:30:227 Fichero de log cerrado.

00 12:04:42:852 Fichero de log abierto PID 16064

02 12:04:42:855 Intentando abrir fichero v10.ini
02 12:04:42:860 Cargando driver v10oracle funcion damedriveroracle
02 12:04:43:060 Conectado a base de datos
02 12:04:43:062 Proceso CARGA_ARTICULOS encontrado en tabla VDPROCESOS
02 12:04:43:062 Proceso CARGA_ARTICULOS cargado con función procesoperiodico (Librería VDKERNEL.DLL) direccion 614C2D10
02 12:04:43:065 PLSQL: INICIALIZADO PAQUETE DE LOG EL DIA 30-06-2022
02 12:04:43:162 Actualizado SID 872 SERIAL 42982 del proceso con PID 16064
02 12:04:43:162 Analizado cursor CCARGAARTICULOS
02 12:04:43:162 Leidos 1 cursores
01 12:04:43:164 PLSQL: INICIANDO CARGA DE ARTICULOS EN  V10INTERIN_RDRP
01 12:04:43:166 PLSQL: ERROR CARGANDO ARTICULOS

00 12:05:30:412 Fichero de log cerrado.

00 12:07:06:209 Fichero de log abierto PID 14920

02 12:07:06:224 Intentando abrir fichero v10.ini
02 12:07:06:230 Cargando driver v10oracle funcion damedriveroracle
02 12:07:07:122 Conectado a base de datos
02 12:07:07:122 Proceso CARGA_ARTICULOS encontrado en tabla VDPROCESOS
02 12:07:07:124 Proceso CARGA_ARTICULOS cargado con función procesoperiodico (Librería VDKERNEL.DLL) direccion 614C2D10
02 12:07:07:126 PLSQL: INICIALIZADO PAQUETE DE LOG EL DIA 30-06-2022
02 12:07:07:135 Actualizado SID 505 SERIAL 27269 del proceso con PID 14920
02 12:07:07:135 Analizado cursor CCARGAARTICULOS
02 12:07:07:135 Leidos 1 cursores
01 12:07:07:137 PLSQL: INICIANDO CARGA DE ARTICULOS EN  V10INTERIN_RDRP
01 12:07:07:137 PLSQL: ERROR CARGANDO ARTICULOS
01 12:17:05:933 PLSQL: INICIANDO CARGA DE ARTICULOS EN  V10INTERIN_RDRP
01 12:17:05:933 PLSQL: ERROR CARGANDO ARTICULOS
01 12:27:05:951 PLSQL: INICIANDO CARGA DE ARTICULOS EN  V10INTERIN_RDRP
01 12:27:05:952 PLSQL: ERROR CARGANDO ARTICULOS
01 12:37:05:963 PLSQL: INICIANDO CARGA DE ARTICULOS EN  V10INTERIN_RDRP
01 12:37:05:965 PLSQL: ERROR CARGANDO ARTICULOS
01 12:47:05:983 PLSQL: INICIANDO CARGA DE ARTICULOS EN  V10INTERIN_RDRP
01 12:47:05:983 PLSQL: ERROR CARGANDO ARTICULOS
01 12:57:05:997 PLSQL: INICIANDO CARGA DE ARTICULOS EN  V10INTERIN_RDRP
01 12:57:05:997 PLSQL: ERROR CARGANDO ARTICULOS
01 13:07:06:018 PLSQL: INICIANDO CARGA DE ARTICULOS EN  V10INTERIN_RDRP
01 13:07:06:018 PLSQL: ERROR CARGANDO ARTICULOS
01 13:17:06:034 PLSQL: INICIANDO CARGA DE ARTICULOS EN  V10INTERIN_RDRP
01 13:17:06:034 PLSQL: ERROR CARGANDO ARTICULOS
01 13:27:06:045 PLSQL: INICIANDO CARGA DE ARTICULOS EN  V10INTERIN_RDRP
01 13:27:06:047 PLSQL: ERROR CARGANDO ARTICULOS
01 13:37:06:059 PLSQL: INICIANDO CARGA DE ARTICULOS EN  V10INTERIN_RDRP
01 13:37:06:059 PLSQL: ERROR CARGANDO ARTICULOS
01 13:47:06:076 PLSQL: INICIANDO CARGA DE ARTICULOS EN  V10INTERIN_RDRP
01 13:47:06:076 PLSQL: ERROR CARGANDO ARTICULOS
01 13:57:06:090 PLSQL: INICIANDO CARGA DE ARTICULOS EN  V10INTERIN_RDRP
01 13:57:06:090 PLSQL: ERROR CARGANDO ARTICULOS

00 13:58:50:670 Fichero de log cerrado.

00 13:59:07:295 Fichero de log abierto PID 14944

02 13:59:07:299 Intentando abrir fichero v10.ini
02 13:59:07:304 Cargando driver v10oracle funcion damedriveroracle
02 13:59:07:999 Conectado a base de datos
02 13:59:08:002 Proceso CARGA_ARTICULOS encontrado en tabla VDPROCESOS
02 13:59:08:002 Proceso CARGA_ARTICULOS cargado con función procesoperiodico (Librería VDKERNEL.DLL) direccion 614C2D10
02 13:59:08:004 PLSQL: INICIALIZADO PAQUETE DE LOG EL DIA 30-06-2022
02 13:59:08:015 Actualizado SID 507 SERIAL 49887 del proceso con PID 14944
02 13:59:08:015 Analizado cursor CCARGAARTICULOS
02 13:59:08:015 Leidos 1 cursores
01 13:59:08:017 PLSQL: INICIANDO CARGA DE ARTICULOS EN  V10INTERIN_RDRP
01 13:59:08:018 PLSQL: ERROR CARGANDO ARTICULOS
01 14:09:08:032 PLSQL: INICIANDO CARGA DE ARTICULOS EN  V10INTERIN_RDRP
01 14:09:08:032 PLSQL: ERROR CARGANDO ARTICULOS
01 14:19:08:052 PLSQL: INICIANDO CARGA DE ARTICULOS EN  V10INTERIN_RDRP
01 14:19:08:052 PLSQL: ERROR CARGANDO ARTICULOS
01 14:29:08:069 PLSQL: INICIANDO CARGA DE ARTICULOS EN  V10INTERIN_RDRP
01 14:29:08:069 PLSQL: ERROR CARGANDO ARTICULOS
01 14:39:08:089 PLSQL: INICIANDO CARGA DE ARTICULOS EN  V10INTERIN_RDRP
01 14:39:08:089 PLSQL: ERROR CARGANDO ARTICULOS
01 14:49:08:108 PLSQL: INICIANDO CARGA DE ARTICULOS EN  V10INTERIN_RDRP
01 14:49:08:110 PLSQL: ERROR CARGANDO ARTICULOS
01 14:59:08:118 PLSQL: INICIANDO CARGA DE ARTICULOS EN  V10INTERIN_RDRP
01 14:59:08:118 PLSQL: ERROR CARGANDO ARTICULOS
01 15:09:08:125 PLSQL: INICIANDO CARGA DE ARTICULOS EN  V10INTERIN_RDRP
01 15:09:08:125 PLSQL: ERROR CARGANDO ARTICULOS
01 15:19:08:142 PLSQL: INICIANDO CARGA DE ARTICULOS EN  V10INTERIN_RDRP
01 15:19:08:142 PLSQL: ERROR CARGANDO ARTICULOS
01 15:29:08:161 PLSQL: INICIANDO CARGA DE ARTICULOS EN  V10INTERIN_RDRP
01 15:29:08:161 PLSQL: ERROR CARGANDO ARTICULOS
01 15:39:08:172 PLSQL: INICIANDO CARGA DE ARTICULOS EN  V10INTERIN_RDRP
01 15:39:08:173 PLSQL: ERROR CARGANDO ARTICULOS
01 15:49:08:182 PLSQL: INICIANDO CARGA DE ARTICULOS EN  V10INTERIN_RDRP
01 15:49:08:183 PLSQL: ERROR CARGANDO ARTICULOS
01 15:59:08:197 PLSQL: INICIANDO CARGA DE ARTICULOS EN  V10INTERIN_RDRP
01 15:59:08:197 PLSQL: ERROR CARGANDO ARTICULOS
01 16:09:08:211 PLSQL: INICIANDO CARGA DE ARTICULOS EN  V10INTERIN_RDRP
01 16:09:08:215 PLSQL: ERROR CARGANDO ARTICULOS
01 16:19:08:221 PLSQL: INICIANDO CARGA DE ARTICULOS EN  V10INTERIN_RDRP
01 16:19:08:221 PLSQL: ERROR CARGANDO ARTICULOS
01 16:29:08:243 PLSQL: INICIANDO CARGA DE ARTICULOS EN  V10INTERIN_RDRP
01 16:29:08:243 PLSQL: ERROR CARGANDO ARTICULOS
01 16:39:08:256 PLSQL: INICIANDO CARGA DE ARTICULOS EN  V10INTERIN_RDRP
01 16:39:08:256 PLSQL: ERROR CARGANDO ARTICULOS
01 16:49:08:270 PLSQL: INICIANDO CARGA DE ARTICULOS EN  V10INTERIN_RDRP
01 16:49:08:270 PLSQL: ERROR CARGANDO ARTICULOS
01 16:59:08:285 PLSQL: INICIANDO CARGA DE ARTICULOS EN  V10INTERIN_RDRP
01 16:59:08:286 PLSQL: ERROR CARGANDO ARTICULOS
01 17:09:08:302 PLSQL: INICIANDO CARGA DE ARTICULOS EN  V10INTERIN_RDRP
01 17:09:08:306 PLSQL: ERROR CARGANDO ARTICULOS
01 17:19:08:316 PLSQL: INICIANDO CARGA DE ARTICULOS EN  V10INTERIN_RDRP
01 17:19:08:316 PLSQL: ERROR CARGANDO ARTICULOS
01 17:29:08:333 PLSQL: INICIANDO CARGA DE ARTICULOS EN  V10INTERIN_RDRP
01 17:29:08:333 PLSQL: ERROR CARGANDO ARTICULOS

00 17:31:35:259 Fichero de log cerrado.

00 17:31:48:052 Fichero de log abierto PID 5876

02 17:31:48:054 Intentando abrir fichero v10.ini
02 17:31:48:062 Cargando driver v10oracle funcion damedriveroracle
02 17:31:48:647 Conectado a base de datos
02 17:31:48:647 Proceso CARGA_ARTICULOS encontrado en tabla VDPROCESOS
02 17:31:48:647 Proceso CARGA_ARTICULOS cargado con función procesoperiodico (Librería VDKERNEL.DLL) direccion 614C2D10
02 17:31:48:652 PLSQL: INICIALIZADO PAQUETE DE LOG EL DIA 30-06-2022
02 17:31:48:662 Actualizado SID 126 SERIAL 7759 del proceso con PID 5876
02 17:31:48:662 Analizado cursor CCARGAARTICULOS
02 17:31:48:662 Leidos 1 cursores
01 17:31:48:663 PLSQL: INICIANDO CARGA DE ARTICULOS EN  V10INTERIN_RDRP
01 17:31:48:665 PLSQL: ERROR CARGANDO ARTICULOS
01 17:41:48:675 PLSQL: INICIANDO CARGA DE ARTICULOS EN  V10INTERIN_RDRP
01 17:41:48:675 PLSQL: ERROR CARGANDO ARTICULOS

00 17:46:21:449 Fichero de log cerrado.

00 17:46:33:627 Fichero de log abierto PID 8084

02 17:46:33:632 Intentando abrir fichero v10.ini
02 17:46:33:637 Cargando driver v10oracle funcion damedriveroracle
02 17:46:34:352 Conectado a base de datos
02 17:46:34:355 Proceso CARGA_ARTICULOS encontrado en tabla VDPROCESOS
02 17:46:34:355 Proceso CARGA_ARTICULOS cargado con función procesoperiodico (Librería VDKERNEL.DLL) direccion 614C2D10
02 17:46:34:357 PLSQL: INICIALIZADO PAQUETE DE LOG EL DIA 30-06-2022
02 17:46:34:367 Actualizado SID 384 SERIAL 13606 del proceso con PID 8084
02 17:46:34:367 Analizado cursor CCARGAARTICULOS
02 17:46:34:367 Leidos 1 cursores
01 17:46:34:368 PLSQL: INICIANDO CARGA DE ARTICULOS EN  V10INTERIN_RDRP
01 17:46:34:370 PLSQL: ERROR CARGANDO ARTICULOS

00 17:49:57:490 Fichero de log cerrado.

00 17:51:14:744 Fichero de log abierto PID 7988

02 17:51:14:775 Intentando abrir fichero v10.ini
02 17:51:14:794 Cargando driver v10oracle funcion damedriveroracle
02 17:51:15:512 Conectado a base de datos
02 17:51:15:514 Proceso CARGA_ARTICULOS encontrado en tabla VDPROCESOS
02 17:51:15:515 Proceso CARGA_ARTICULOS cargado con función procesoperiodico (Librería VDKERNEL.DLL) direccion 70042D10
02 17:51:15:517 PLSQL: INICIALIZADO PAQUETE DE LOG EL DIA 30-06-2022
02 17:51:15:534 Actualizado SID 752 SERIAL 25271 del proceso con PID 7988
02 17:51:15:535 Analizado cursor CCARGAARTICULOS
02 17:51:15:535 Leidos 1 cursores
01 17:51:15:536 PLSQL: INICIANDO CARGA DE ARTICULOS EN  V10INTERIN_RDRP
01 17:51:15:538 PLSQL: ERROR CARGANDO ARTICULOS

00 17:52:14:352 Fichero de log cerrado.

