00 12:50:18:250 Fichero de log abierto PID 3740

02 12:50:18:252 Intentando abrir fichero v10.ini
02 12:50:18:257 Cargando driver v10oracle funcion damedriveroracle
02 12:50:18:449 Conectado a base de datos
02 12:50:18:450 Proceso CARGA_PEDIDOS encontrado en tabla VDPROCESOS
02 12:50:18:452 Proceso CARGA_PEDIDOS cargado con función procesoperiodico (Librería VDKERNEL.DLL) direccion 697D2D10
02 12:50:18:454 PLSQL: INICIALIZADO PAQUETE DE LOG EL DIA 24-06-2022
02 12:50:18:482 Actualizado SID 747 SERIAL 6103 del proceso con PID 3740
02 12:50:18:489 Analizado cursor CCARGAPEDIDOS
02 12:50:18:489 Leidos 1 cursores
01 12:50:18:494 PLSQL: INICIANDO CARGA DE PEDIDOS EN  V10INTERIN_RDRP
01 12:50:18:496 PLSQL: ERROR CARGANDO PEDIDOS
01 12:55:18:507 PLSQL: INICIANDO CARGA DE PEDIDOS EN  V10INTERIN_RDRP
01 12:55:18:507 PLSQL: ERROR CARGANDO PEDIDOS
01 13:00:18:519 PLSQL: INICIANDO CARGA DE PEDIDOS EN  V10INTERIN_RDRP
01 13:00:18:519 PLSQL: ERROR CARGANDO PEDIDOS
01 13:05:18:538 PLSQL: INICIANDO CARGA DE PEDIDOS EN  V10INTERIN_RDRP
01 13:05:18:538 PLSQL: ERROR CARGANDO PEDIDOS
01 13:10:18:550 PLSQL: INICIANDO CARGA DE PEDIDOS EN  V10INTERIN_RDRP
01 13:10:18:550 PLSQL: ERROR CARGANDO PEDIDOS
01 13:15:18:565 PLSQL: INICIANDO CARGA DE PEDIDOS EN  V10INTERIN_RDRP
01 13:15:18:565 PLSQL: ERROR CARGANDO PEDIDOS
01 13:20:18:580 PLSQL: INICIANDO CARGA DE PEDIDOS EN  V10INTERIN_RDRP
01 13:20:18:580 PLSQL: ERROR CARGANDO PEDIDOS
01 13:25:18:605 PLSQL: INICIANDO CARGA DE PEDIDOS EN  V10INTERIN_RDRP
01 13:25:18:605 PLSQL: ERROR CARGANDO PEDIDOS

00 13:29:56:467 Fichero de log cerrado.

