00 09:10:30:680 Fichero de log abierto PID 7580

02 09:10:30:682 Intentando abrir fichero v10.ini
02 09:10:30:683 Cargando driver v10oracle funcion damedriveroracle
02 09:10:31:326 Conectado a base de datos
02 09:10:31:327 Proceso CARGA_PEDIDOS encontrado en tabla VDPROCESOS
02 09:10:31:327 Proceso CARGA_PEDIDOS cargado con función procesoperiodico (Librería VDKERNEL.DLL) direccion 6F892D10
02 09:10:31:330 PLSQL: INICIALIZADO PAQUETE DE LOG EL DIA 06-04-2022
02 09:10:31:338 Actualizado SID 871 SERIAL 45663 del proceso con PID 7580
02 09:10:31:345 Analizado cursor CCARGAPEDIDOS
02 09:10:31:346 Leidos 1 cursores
01 09:10:31:346 PLSQL: INICIANDO CARGA DE PEDIDOS EN  V10INTERIN_RDRP
01 09:10:31:348 PLSQL: ERROR CARGANDO PEDIDOS
01 09:15:31:358 PLSQL: INICIANDO CARGA DE PEDIDOS EN  V10INTERIN_RDRP
01 09:15:31:359 PLSQL: ERROR CARGANDO PEDIDOS
01 09:20:31:365 PLSQL: INICIANDO CARGA DE PEDIDOS EN  V10INTERIN_RDRP
01 09:20:31:366 PLSQL: ERROR CARGANDO PEDIDOS
01 09:25:31:377 PLSQL: INICIANDO CARGA DE PEDIDOS EN  V10INTERIN_RDRP
01 09:25:31:379 PLSQL: ERROR CARGANDO PEDIDOS
01 09:30:31:387 PLSQL: INICIANDO CARGA DE PEDIDOS EN  V10INTERIN_RDRP
01 09:30:31:389 PLSQL: ERROR CARGANDO PEDIDOS
01 09:35:31:403 PLSQL: INICIANDO CARGA DE PEDIDOS EN  V10INTERIN_RDRP
01 09:35:31:404 PLSQL: ERROR CARGANDO PEDIDOS
01 09:40:31:412 PLSQL: INICIANDO CARGA DE PEDIDOS EN  V10INTERIN_RDRP
01 09:40:31:414 PLSQL: ERROR CARGANDO PEDIDOS
01 09:45:31:415 PLSQL: INICIANDO CARGA DE PEDIDOS EN  V10INTERIN_RDRP
01 09:45:31:417 PLSQL: ERROR CARGANDO PEDIDOS
01 09:50:31:424 PLSQL: INICIANDO CARGA DE PEDIDOS EN  V10INTERIN_RDRP
01 09:50:31:425 PLSQL: ERROR CARGANDO PEDIDOS

00 09:52:22:433 Fichero de log cerrado.

00 09:52:39:052 Fichero de log abierto PID 8352

02 09:52:39:052 Intentando abrir fichero v10.ini
02 09:52:39:060 Cargando driver v10oracle funcion damedriveroracle
02 09:52:39:966 Conectado a base de datos
02 09:52:39:967 Proceso CARGA_PEDIDOS encontrado en tabla VDPROCESOS
02 09:52:39:968 Proceso CARGA_PEDIDOS cargado con función procesoperiodico (Librería VDKERNEL.DLL) direccion 6F892D10
02 09:52:39:971 PLSQL: INICIALIZADO PAQUETE DE LOG EL DIA 06-04-2022
02 09:52:39:982 Actualizado SID 380 SERIAL 43650 del proceso con PID 8352
02 09:52:39:982 Analizado cursor CCARGAPEDIDOS
02 09:52:39:982 Leidos 1 cursores
01 09:52:39:984 PLSQL: INICIANDO CARGA DE PEDIDOS EN  V10INTERIN_RDRP
01 09:52:39:986 PLSQL: ERROR CARGANDO PEDIDOS
01 09:57:39:999 PLSQL: INICIANDO CARGA DE PEDIDOS EN  V10INTERIN_RDRP
01 09:57:40:001 PLSQL: ERROR CARGANDO PEDIDOS
01 10:02:40:008 PLSQL: INICIANDO CARGA DE PEDIDOS EN  V10INTERIN_RDRP
01 10:02:40:012 PLSQL: ERROR CARGANDO PEDIDOS
01 10:07:40:016 PLSQL: INICIANDO CARGA DE PEDIDOS EN  V10INTERIN_RDRP
01 10:07:40:017 PLSQL: ERROR CARGANDO PEDIDOS
01 10:12:40:025 PLSQL: INICIANDO CARGA DE PEDIDOS EN  V10INTERIN_RDRP
01 10:12:40:026 PLSQL: ERROR CARGANDO PEDIDOS
01 10:17:40:040 PLSQL: INICIANDO CARGA DE PEDIDOS EN  V10INTERIN_RDRP
01 10:17:40:042 PLSQL: ERROR CARGANDO PEDIDOS
01 10:22:40:052 PLSQL: INICIANDO CARGA DE PEDIDOS EN  V10INTERIN_RDRP
01 10:22:40:052 PLSQL: ERROR CARGANDO PEDIDOS
01 10:27:40:061 PLSQL: INICIANDO CARGA DE PEDIDOS EN  V10INTERIN_RDRP
01 10:27:40:063 PLSQL: ERROR CARGANDO PEDIDOS
01 10:32:40:069 PLSQL: INICIANDO CARGA DE PEDIDOS EN  V10INTERIN_RDRP
01 10:32:40:070 PLSQL: ERROR CARGANDO PEDIDOS
01 10:37:40:084 PLSQL: INICIANDO CARGA DE PEDIDOS EN  V10INTERIN_RDRP
01 10:37:40:086 PLSQL: ERROR CARGANDO PEDIDOS
01 10:42:40:089 PLSQL: INICIANDO CARGA DE PEDIDOS EN  V10INTERIN_RDRP
01 10:42:40:090 PLSQL: ERROR CARGANDO PEDIDOS
01 10:47:40:105 PLSQL: INICIANDO CARGA DE PEDIDOS EN  V10INTERIN_RDRP
01 10:47:40:107 PLSQL: ERROR CARGANDO PEDIDOS
01 10:52:40:115 PLSQL: INICIANDO CARGA DE PEDIDOS EN  V10INTERIN_RDRP
01 10:52:40:131 PLSQL: ERROR CARGANDO PEDIDOS
01 10:57:40:163 PLSQL: INICIANDO CARGA DE PEDIDOS EN  V10INTERIN_RDRP
01 10:57:40:165 PLSQL: ERROR CARGANDO PEDIDOS
01 11:02:40:167 PLSQL: INICIANDO CARGA DE PEDIDOS EN  V10INTERIN_RDRP
01 11:02:40:169 PLSQL: ERROR CARGANDO PEDIDOS
01 11:07:40:184 PLSQL: INICIANDO CARGA DE PEDIDOS EN  V10INTERIN_RDRP
01 11:07:40:185 PLSQL: ERROR CARGANDO PEDIDOS
01 11:12:40:201 PLSQL: INICIANDO CARGA DE PEDIDOS EN  V10INTERIN_RDRP
01 11:12:40:202 PLSQL: ERROR CARGANDO PEDIDOS
01 11:17:40:220 PLSQL: INICIANDO CARGA DE PEDIDOS EN  V10INTERIN_RDRP
01 11:17:40:222 PLSQL: ERROR CARGANDO PEDIDOS
01 11:22:40:227 PLSQL: INICIANDO CARGA DE PEDIDOS EN  V10INTERIN_RDRP
01 11:22:40:228 PLSQL: ERROR CARGANDO PEDIDOS
01 11:42:14:960 PLSQL: INICIANDO CARGA DE PEDIDOS EN  V10INTERIN_RDRP
01 11:42:14:967 PLSQL: ERROR CARGANDO PEDIDOS
01 11:47:14:982 PLSQL: INICIANDO CARGA DE PEDIDOS EN  V10INTERIN_RDRP
01 11:47:14:983 PLSQL: ERROR CARGANDO PEDIDOS
01 11:52:14:988 PLSQL: INICIANDO CARGA DE PEDIDOS EN  V10INTERIN_RDRP
01 11:52:15:004 PLSQL: ERROR CARGANDO PEDIDOS
01 11:57:15:007 PLSQL: INICIANDO CARGA DE PEDIDOS EN  V10INTERIN_RDRP
01 11:57:15:010 PLSQL: ERROR CARGANDO PEDIDOS
01 12:02:15:016 PLSQL: INICIANDO CARGA DE PEDIDOS EN  V10INTERIN_RDRP
01 12:02:15:018 PLSQL: ERROR CARGANDO PEDIDOS
01 12:07:15:029 PLSQL: INICIANDO CARGA DE PEDIDOS EN  V10INTERIN_RDRP
01 12:07:15:031 PLSQL: ERROR CARGANDO PEDIDOS
01 12:12:15:034 PLSQL: INICIANDO CARGA DE PEDIDOS EN  V10INTERIN_RDRP
01 12:12:15:036 PLSQL: ERROR CARGANDO PEDIDOS
01 12:17:15:042 PLSQL: INICIANDO CARGA DE PEDIDOS EN  V10INTERIN_RDRP
01 12:17:15:045 PLSQL: ERROR CARGANDO PEDIDOS
01 12:22:15:049 PLSQL: INICIANDO CARGA DE PEDIDOS EN  V10INTERIN_RDRP
01 12:22:15:052 PLSQL: ERROR CARGANDO PEDIDOS
01 12:27:15:054 PLSQL: INICIANDO CARGA DE PEDIDOS EN  V10INTERIN_RDRP
01 12:27:15:087 PLSQL: ERROR CARGANDO PEDIDOS
01 12:32:15:090 PLSQL: INICIANDO CARGA DE PEDIDOS EN  V10INTERIN_RDRP
01 12:32:15:091 PLSQL: ERROR CARGANDO PEDIDOS
01 12:37:15:109 PLSQL: INICIANDO CARGA DE PEDIDOS EN  V10INTERIN_RDRP
01 12:37:15:111 PLSQL: ERROR CARGANDO PEDIDOS
01 12:42:15:122 PLSQL: INICIANDO CARGA DE PEDIDOS EN  V10INTERIN_RDRP
01 12:42:15:125 PLSQL: ERROR CARGANDO PEDIDOS
01 12:47:15:132 PLSQL: INICIANDO CARGA DE PEDIDOS EN  V10INTERIN_RDRP
01 12:47:15:134 PLSQL: ERROR CARGANDO PEDIDOS
01 12:52:15:135 PLSQL: INICIANDO CARGA DE PEDIDOS EN  V10INTERIN_RDRP
01 12:52:15:137 PLSQL: ERROR CARGANDO PEDIDOS
01 12:57:15:146 PLSQL: INICIANDO CARGA DE PEDIDOS EN  V10INTERIN_RDRP
01 12:57:15:148 PLSQL: ERROR CARGANDO PEDIDOS
01 13:02:15:157 PLSQL: INICIANDO CARGA DE PEDIDOS EN  V10INTERIN_RDRP
01 13:02:15:159 PLSQL: ERROR CARGANDO PEDIDOS
01 13:07:15:174 PLSQL: INICIANDO CARGA DE PEDIDOS EN  V10INTERIN_RDRP
01 13:07:15:176 PLSQL: ERROR CARGANDO PEDIDOS
01 13:12:15:180 PLSQL: INICIANDO CARGA DE PEDIDOS EN  V10INTERIN_RDRP
01 13:12:15:182 PLSQL: ERROR CARGANDO PEDIDOS
01 13:17:15:197 PLSQL: INICIANDO CARGA DE PEDIDOS EN  V10INTERIN_RDRP
01 13:17:15:198 PLSQL: ERROR CARGANDO PEDIDOS
01 13:22:15:206 PLSQL: INICIANDO CARGA DE PEDIDOS EN  V10INTERIN_RDRP
01 13:22:15:208 PLSQL: ERROR CARGANDO PEDIDOS
01 13:27:15:226 PLSQL: INICIANDO CARGA DE PEDIDOS EN  V10INTERIN_RDRP
01 13:27:15:229 PLSQL: ERROR CARGANDO PEDIDOS
01 13:32:15:243 PLSQL: INICIANDO CARGA DE PEDIDOS EN  V10INTERIN_RDRP
01 13:32:15:244 PLSQL: ERROR CARGANDO PEDIDOS
01 13:37:15:254 PLSQL: INICIANDO CARGA DE PEDIDOS EN  V10INTERIN_RDRP
01 13:37:15:255 PLSQL: ERROR CARGANDO PEDIDOS
01 13:42:15:262 PLSQL: INICIANDO CARGA DE PEDIDOS EN  V10INTERIN_RDRP
01 13:42:15:264 PLSQL: ERROR CARGANDO PEDIDOS
01 13:47:15:276 PLSQL: INICIANDO CARGA DE PEDIDOS EN  V10INTERIN_RDRP
01 13:47:15:277 PLSQL: ERROR CARGANDO PEDIDOS
01 13:52:15:289 PLSQL: INICIANDO CARGA DE PEDIDOS EN  V10INTERIN_RDRP
01 13:52:15:291 PLSQL: ERROR CARGANDO PEDIDOS
01 13:57:15:299 PLSQL: INICIANDO CARGA DE PEDIDOS EN  V10INTERIN_RDRP
01 13:57:15:302 PLSQL: ERROR CARGANDO PEDIDOS
01 14:02:15:308 PLSQL: INICIANDO CARGA DE PEDIDOS EN  V10INTERIN_RDRP
01 14:02:15:310 PLSQL: ERROR CARGANDO PEDIDOS
01 14:07:15:316 PLSQL: INICIANDO CARGA DE PEDIDOS EN  V10INTERIN_RDRP
01 14:07:15:317 PLSQL: ERROR CARGANDO PEDIDOS
01 14:12:15:324 PLSQL: INICIANDO CARGA DE PEDIDOS EN  V10INTERIN_RDRP
01 14:12:15:326 PLSQL: ERROR CARGANDO PEDIDOS
01 14:17:15:336 PLSQL: INICIANDO CARGA DE PEDIDOS EN  V10INTERIN_RDRP
01 14:17:15:338 PLSQL: ERROR CARGANDO PEDIDOS
01 14:22:15:344 PLSQL: INICIANDO CARGA DE PEDIDOS EN  V10INTERIN_RDRP
01 14:22:15:345 PLSQL: ERROR CARGANDO PEDIDOS
01 14:27:15:357 PLSQL: INICIANDO CARGA DE PEDIDOS EN  V10INTERIN_RDRP
01 14:27:15:359 PLSQL: ERROR CARGANDO PEDIDOS
01 14:32:15:366 PLSQL: INICIANDO CARGA DE PEDIDOS EN  V10INTERIN_RDRP
01 14:32:15:367 PLSQL: ERROR CARGANDO PEDIDOS
01 14:37:15:369 PLSQL: INICIANDO CARGA DE PEDIDOS EN  V10INTERIN_RDRP
01 14:37:15:371 PLSQL: ERROR CARGANDO PEDIDOS
01 14:42:15:372 PLSQL: INICIANDO CARGA DE PEDIDOS EN  V10INTERIN_RDRP
01 14:42:15:374 PLSQL: ERROR CARGANDO PEDIDOS
01 14:47:15:386 PLSQL: INICIANDO CARGA DE PEDIDOS EN  V10INTERIN_RDRP
01 14:47:15:387 PLSQL: ERROR CARGANDO PEDIDOS
01 14:52:15:397 PLSQL: INICIANDO CARGA DE PEDIDOS EN  V10INTERIN_RDRP
01 14:52:15:398 PLSQL: ERROR CARGANDO PEDIDOS
01 15:49:40:845 PLSQL: INICIANDO CARGA DE PEDIDOS EN  V10INTERIN_RDRP
01 15:49:40:848 PLSQL: ERROR CARGANDO PEDIDOS
01 15:54:40:851 PLSQL: INICIANDO CARGA DE PEDIDOS EN  V10INTERIN_RDRP
01 15:54:40:852 PLSQL: ERROR CARGANDO PEDIDOS
01 15:59:40:853 PLSQL: INICIANDO CARGA DE PEDIDOS EN  V10INTERIN_RDRP
01 15:59:40:853 PLSQL: ERROR CARGANDO PEDIDOS
01 16:04:40:874 PLSQL: INICIANDO CARGA DE PEDIDOS EN  V10INTERIN_RDRP
01 16:04:40:876 PLSQL: ERROR CARGANDO PEDIDOS
01 16:09:40:884 PLSQL: INICIANDO CARGA DE PEDIDOS EN  V10INTERIN_RDRP
01 16:09:40:886 PLSQL: ERROR CARGANDO PEDIDOS
01 16:14:40:900 PLSQL: INICIANDO CARGA DE PEDIDOS EN  V10INTERIN_RDRP
01 16:14:40:902 PLSQL: ERROR CARGANDO PEDIDOS
01 16:19:40:913 PLSQL: INICIANDO CARGA DE PEDIDOS EN  V10INTERIN_RDRP
01 16:19:40:930 PLSQL: ERROR CARGANDO PEDIDOS
01 16:24:40:936 PLSQL: INICIANDO CARGA DE PEDIDOS EN  V10INTERIN_RDRP
01 16:24:40:937 PLSQL: ERROR CARGANDO PEDIDOS
01 16:29:40:945 PLSQL: INICIANDO CARGA DE PEDIDOS EN  V10INTERIN_RDRP
01 16:29:40:947 PLSQL: ERROR CARGANDO PEDIDOS
01 16:34:40:954 PLSQL: INICIANDO CARGA DE PEDIDOS EN  V10INTERIN_RDRP
01 16:34:40:955 PLSQL: ERROR CARGANDO PEDIDOS
01 16:39:40:963 PLSQL: INICIANDO CARGA DE PEDIDOS EN  V10INTERIN_RDRP
01 16:39:40:964 PLSQL: ERROR CARGANDO PEDIDOS
01 16:44:40:972 PLSQL: INICIANDO CARGA DE PEDIDOS EN  V10INTERIN_RDRP
01 16:44:40:973 PLSQL: ERROR CARGANDO PEDIDOS
01 16:49:40:978 PLSQL: INICIANDO CARGA DE PEDIDOS EN  V10INTERIN_RDRP
01 16:49:40:980 PLSQL: ERROR CARGANDO PEDIDOS
01 16:54:41:004 PLSQL: INICIANDO CARGA DE PEDIDOS EN  V10INTERIN_RDRP
01 16:54:41:005 PLSQL: ERROR CARGANDO PEDIDOS
01 16:59:41:018 PLSQL: INICIANDO CARGA DE PEDIDOS EN  V10INTERIN_RDRP
01 16:59:41:019 PLSQL: ERROR CARGANDO PEDIDOS
01 17:04:41:023 PLSQL: INICIANDO CARGA DE PEDIDOS EN  V10INTERIN_RDRP
01 17:04:41:025 PLSQL: ERROR CARGANDO PEDIDOS
01 17:09:41:032 PLSQL: INICIANDO CARGA DE PEDIDOS EN  V10INTERIN_RDRP
01 17:09:41:034 PLSQL: ERROR CARGANDO PEDIDOS
01 17:14:41:045 PLSQL: INICIANDO CARGA DE PEDIDOS EN  V10INTERIN_RDRP
01 17:14:41:048 PLSQL: ERROR CARGANDO PEDIDOS
01 17:19:41:063 PLSQL: INICIANDO CARGA DE PEDIDOS EN  V10INTERIN_RDRP
01 17:19:41:067 PLSQL: ERROR CARGANDO PEDIDOS
01 17:24:41:072 PLSQL: INICIANDO CARGA DE PEDIDOS EN  V10INTERIN_RDRP
01 17:24:41:073 PLSQL: ERROR CARGANDO PEDIDOS
01 17:29:41:089 PLSQL: INICIANDO CARGA DE PEDIDOS EN  V10INTERIN_RDRP
01 17:29:41:091 PLSQL: ERROR CARGANDO PEDIDOS
01 17:34:41:103 PLSQL: INICIANDO CARGA DE PEDIDOS EN  V10INTERIN_RDRP
01 17:34:41:105 PLSQL: ERROR CARGANDO PEDIDOS
01 17:39:41:120 PLSQL: INICIANDO CARGA DE PEDIDOS EN  V10INTERIN_RDRP
01 17:39:41:121 PLSQL: ERROR CARGANDO PEDIDOS
01 17:44:41:129 PLSQL: INICIANDO CARGA DE PEDIDOS EN  V10INTERIN_RDRP
01 17:44:41:131 PLSQL: ERROR CARGANDO PEDIDOS
01 17:49:41:147 PLSQL: INICIANDO CARGA DE PEDIDOS EN  V10INTERIN_RDRP
01 17:49:41:150 PLSQL: ERROR CARGANDO PEDIDOS
01 17:54:41:163 PLSQL: INICIANDO CARGA DE PEDIDOS EN  V10INTERIN_RDRP
01 17:54:41:166 PLSQL: ERROR CARGANDO PEDIDOS

00 17:56:19:852 Fichero de log cerrado.

