00 09:05:35:797 Fichero de log abierto PID 15180

02 09:05:35:802 Intentando abrir fichero v10.ini
02 09:05:35:808 Cargando driver v10oracle funcion damedriveroracle
02 09:05:36:297 Conectado a base de datos
02 09:05:36:302 Proceso CARGA_CP encontrado en tabla VDPROCESOS
02 09:05:36:302 Proceso CARGA_CP cargado con función procesoperiodico (Librería VDKERNEL.DLL) direccion 705F2D10
02 09:05:36:303 PLSQL: INICIALIZADO PAQUETE DE LOG EL DIA 24-03-2022
02 09:05:36:312 Actualizado SID 377 SERIAL 17865 del proceso con PID 15180
00 09:05:36:318 Error al abrir fichero inter_codigos_postales.vsq

00 10:23:49:027 Fichero de log cerrado.

00 10:23:55:976 Fichero de log abierto PID 7900

02 10:23:55:977 Intentando abrir fichero v10.ini
02 10:23:55:985 Cargando driver v10oracle funcion damedriveroracle
02 10:23:56:647 Conectado a base de datos
02 10:23:56:650 Proceso CARGA_CP encontrado en tabla VDPROCESOS
02 10:23:56:650 Proceso CARGA_CP cargado con función procesoperiodico (Librería VDKERNEL.DLL) direccion 705F2D10
02 10:23:56:652 PLSQL: INICIALIZADO PAQUETE DE LOG EL DIA 24-03-2022
02 10:23:56:662 Actualizado SID 129 SERIAL 33603 del proceso con PID 7900
00 10:23:56:670 Error al abrir fichero inter_codigos_postales.vsq

00 12:00:01:395 Fichero de log cerrado.

