00 09:07:45:507 Fichero de log abierto PID 16536

02 09:07:45:510 Intentando abrir fichero v10.ini
02 09:07:45:515 Cargando driver v10oracle funcion damedriveroracle
02 09:07:46:145 Conectado a base de datos
02 09:07:46:147 Proceso CARGA_ARTICULOS encontrado en tabla VDPROCESOS
02 09:07:46:147 Proceso CARGA_ARTICULOS cargado con función procesoperiodico (Librería VDKERNEL.DLL) direccion 705F2D10
02 09:07:46:149 PLSQL: INICIALIZADO PAQUETE DE LOG EL DIA 22-03-2022
02 09:07:46:181 Actualizado SID 135 SERIAL 13232 del proceso con PID 16536
02 09:07:46:187 Analizado cursor CCARGAARTICULOS
02 09:07:46:187 Leidos 1 cursores
01 09:07:46:188 PLSQL: INICIANDO CARGA DE ARTICULOS EN  V10INTERIN_RDRP
01 09:07:46:190 PLSQL: ERROR CARGANDO ARTICULOS
01 09:17:46:199 PLSQL: INICIANDO CARGA DE ARTICULOS EN  V10INTERIN_RDRP
01 09:17:46:203 PLSQL: ERROR CARGANDO ARTICULOS
01 09:27:46:217 PLSQL: INICIANDO CARGA DE ARTICULOS EN  V10INTERIN_RDRP
01 09:27:46:218 PLSQL: ERROR CARGANDO ARTICULOS
01 09:37:46:235 PLSQL: INICIANDO CARGA DE ARTICULOS EN  V10INTERIN_RDRP
01 09:37:46:237 PLSQL: ERROR CARGANDO ARTICULOS
01 09:47:46:251 PLSQL: INICIANDO CARGA DE ARTICULOS EN  V10INTERIN_RDRP
01 09:47:46:252 PLSQL: ERROR CARGANDO ARTICULOS
01 09:57:46:266 PLSQL: INICIANDO CARGA DE ARTICULOS EN  V10INTERIN_RDRP
01 09:57:46:267 PLSQL: ERROR CARGANDO ARTICULOS
01 10:07:46:282 PLSQL: INICIANDO CARGA DE ARTICULOS EN  V10INTERIN_RDRP
01 10:07:46:284 PLSQL: ERROR CARGANDO ARTICULOS
01 10:17:46:292 PLSQL: INICIANDO CARGA DE ARTICULOS EN  V10INTERIN_RDRP
01 10:17:46:294 PLSQL: ERROR CARGANDO ARTICULOS
01 10:27:46:299 PLSQL: INICIANDO CARGA DE ARTICULOS EN  V10INTERIN_RDRP
01 10:27:46:302 PLSQL: ERROR CARGANDO ARTICULOS
01 10:37:46:306 PLSQL: INICIANDO CARGA DE ARTICULOS EN  V10INTERIN_RDRP
01 10:37:46:308 PLSQL: ERROR CARGANDO ARTICULOS
01 10:47:46:318 PLSQL: INICIANDO CARGA DE ARTICULOS EN  V10INTERIN_RDRP
01 10:47:46:319 PLSQL: ERROR CARGANDO ARTICULOS
01 10:57:46:325 PLSQL: INICIANDO CARGA DE ARTICULOS EN  V10INTERIN_RDRP
01 10:57:46:330 PLSQL: ERROR CARGANDO ARTICULOS
01 11:07:46:332 PLSQL: INICIANDO CARGA DE ARTICULOS EN  V10INTERIN_RDRP
01 11:07:46:334 PLSQL: ERROR CARGANDO ARTICULOS
01 11:17:46:337 PLSQL: INICIANDO CARGA DE ARTICULOS EN  V10INTERIN_RDRP
01 11:17:46:339 PLSQL: ERROR CARGANDO ARTICULOS
01 11:27:46:350 PLSQL: INICIANDO CARGA DE ARTICULOS EN  V10INTERIN_RDRP
01 11:27:46:351 PLSQL: ERROR CARGANDO ARTICULOS
01 11:37:46:364 PLSQL: INICIANDO CARGA DE ARTICULOS EN  V10INTERIN_RDRP
01 11:37:46:366 PLSQL: ERROR CARGANDO ARTICULOS
01 11:47:46:378 PLSQL: INICIANDO CARGA DE ARTICULOS EN  V10INTERIN_RDRP
01 11:47:46:379 PLSQL: ERROR CARGANDO ARTICULOS
01 11:57:46:395 PLSQL: INICIANDO CARGA DE ARTICULOS EN  V10INTERIN_RDRP
01 11:57:46:397 PLSQL: ERROR CARGANDO ARTICULOS
01 12:07:46:406 PLSQL: INICIANDO CARGA DE ARTICULOS EN  V10INTERIN_RDRP
01 12:07:46:406 PLSQL: ERROR CARGANDO ARTICULOS
01 12:17:46:418 PLSQL: INICIANDO CARGA DE ARTICULOS EN  V10INTERIN_RDRP
01 12:17:46:419 PLSQL: ERROR CARGANDO ARTICULOS
01 12:27:46:429 PLSQL: INICIANDO CARGA DE ARTICULOS EN  V10INTERIN_RDRP
01 12:27:46:431 PLSQL: ERROR CARGANDO ARTICULOS
01 12:37:46:442 PLSQL: INICIANDO CARGA DE ARTICULOS EN  V10INTERIN_RDRP
01 12:37:46:445 PLSQL: ERROR CARGANDO ARTICULOS
01 12:47:46:451 PLSQL: INICIANDO CARGA DE ARTICULOS EN  V10INTERIN_RDRP
01 12:47:46:452 PLSQL: ERROR CARGANDO ARTICULOS
01 12:57:46:463 PLSQL: INICIANDO CARGA DE ARTICULOS EN  V10INTERIN_RDRP
01 12:57:46:465 PLSQL: ERROR CARGANDO ARTICULOS
01 13:07:46:479 PLSQL: INICIANDO CARGA DE ARTICULOS EN  V10INTERIN_RDRP
01 13:07:46:481 PLSQL: ERROR CARGANDO ARTICULOS
01 13:17:46:493 PLSQL: INICIANDO CARGA DE ARTICULOS EN  V10INTERIN_RDRP
01 13:17:46:495 PLSQL: ERROR CARGANDO ARTICULOS
01 13:27:46:512 PLSQL: INICIANDO CARGA DE ARTICULOS EN  V10INTERIN_RDRP
01 13:27:46:513 PLSQL: ERROR CARGANDO ARTICULOS
01 13:37:46:528 PLSQL: INICIANDO CARGA DE ARTICULOS EN  V10INTERIN_RDRP
01 13:37:46:531 PLSQL: ERROR CARGANDO ARTICULOS
01 13:47:46:537 PLSQL: INICIANDO CARGA DE ARTICULOS EN  V10INTERIN_RDRP
01 13:47:46:539 PLSQL: ERROR CARGANDO ARTICULOS
01 13:57:46:542 PLSQL: INICIANDO CARGA DE ARTICULOS EN  V10INTERIN_RDRP
01 13:57:46:544 PLSQL: ERROR CARGANDO ARTICULOS
01 14:07:46:549 PLSQL: INICIANDO CARGA DE ARTICULOS EN  V10INTERIN_RDRP
01 14:07:46:550 PLSQL: ERROR CARGANDO ARTICULOS
01 14:17:46:560 PLSQL: INICIANDO CARGA DE ARTICULOS EN  V10INTERIN_RDRP
01 14:17:46:562 PLSQL: ERROR CARGANDO ARTICULOS
01 14:27:46:566 PLSQL: INICIANDO CARGA DE ARTICULOS EN  V10INTERIN_RDRP
01 14:27:46:568 PLSQL: ERROR CARGANDO ARTICULOS
01 14:37:46:580 PLSQL: INICIANDO CARGA DE ARTICULOS EN  V10INTERIN_RDRP
01 14:37:46:583 PLSQL: ERROR CARGANDO ARTICULOS
01 14:47:46:598 PLSQL: INICIANDO CARGA DE ARTICULOS EN  V10INTERIN_RDRP
01 14:47:46:680 PLSQL: ERROR CARGANDO ARTICULOS
01 14:57:46:685 PLSQL: INICIANDO CARGA DE ARTICULOS EN  V10INTERIN_RDRP
01 14:57:46:688 PLSQL: ERROR CARGANDO ARTICULOS
01 15:07:46:692 PLSQL: INICIANDO CARGA DE ARTICULOS EN  V10INTERIN_RDRP
01 15:07:46:693 PLSQL: ERROR CARGANDO ARTICULOS
01 15:17:46:707 PLSQL: INICIANDO CARGA DE ARTICULOS EN  V10INTERIN_RDRP
01 15:17:46:710 PLSQL: ERROR CARGANDO ARTICULOS
01 15:27:46:733 PLSQL: INICIANDO CARGA DE ARTICULOS EN  V10INTERIN_RDRP
01 15:27:46:733 PLSQL: ERROR CARGANDO ARTICULOS
01 15:38:59:531 PLSQL: INICIANDO CARGA DE ARTICULOS EN  V10INTERIN_RDRP
01 15:38:59:541 PLSQL: ERROR CARGANDO ARTICULOS
01 15:49:00:202 PLSQL: INICIANDO CARGA DE ARTICULOS EN  V10INTERIN_RDRP
01 15:49:00:202 PLSQL: ERROR CARGANDO ARTICULOS
01 15:59:00:232 PLSQL: INICIANDO CARGA DE ARTICULOS EN  V10INTERIN_RDRP
01 15:59:00:233 PLSQL: ERROR CARGANDO ARTICULOS
01 16:09:00:256 PLSQL: INICIANDO CARGA DE ARTICULOS EN  V10INTERIN_RDRP
01 16:09:00:258 PLSQL: ERROR CARGANDO ARTICULOS
01 16:19:00:266 PLSQL: INICIANDO CARGA DE ARTICULOS EN  V10INTERIN_RDRP
01 16:19:00:267 PLSQL: ERROR CARGANDO ARTICULOS
01 16:29:00:283 PLSQL: INICIANDO CARGA DE ARTICULOS EN  V10INTERIN_RDRP
01 16:29:00:284 PLSQL: ERROR CARGANDO ARTICULOS
01 16:39:00:292 PLSQL: INICIANDO CARGA DE ARTICULOS EN  V10INTERIN_RDRP
01 16:39:00:296 PLSQL: ERROR CARGANDO ARTICULOS
01 16:49:00:324 PLSQL: INICIANDO CARGA DE ARTICULOS EN  V10INTERIN_RDRP
01 16:49:00:324 PLSQL: ERROR CARGANDO ARTICULOS
01 16:59:00:341 PLSQL: INICIANDO CARGA DE ARTICULOS EN  V10INTERIN_RDRP
01 16:59:00:342 PLSQL: ERROR CARGANDO ARTICULOS

00 17:07:22:547 Fichero de log cerrado.

00 17:07:34:525 Fichero de log abierto PID 11092

02 17:07:34:527 Intentando abrir fichero v10.ini
02 17:07:34:535 Cargando driver v10oracle funcion damedriveroracle
02 17:07:35:197 Conectado a base de datos
02 17:07:35:200 Proceso CARGA_ARTICULOS encontrado en tabla VDPROCESOS
02 17:07:35:200 Proceso CARGA_ARTICULOS cargado con función procesoperiodico (Librería VDKERNEL.DLL) direccion 705F2D10
02 17:07:35:202 PLSQL: INICIALIZADO PAQUETE DE LOG EL DIA 22-03-2022
02 17:07:35:212 Actualizado SID 751 SERIAL 25160 del proceso con PID 11092
02 17:07:35:215 Analizado cursor CCARGAARTICULOS
02 17:07:35:215 Leidos 1 cursores
01 17:07:35:215 PLSQL: INICIANDO CARGA DE ARTICULOS EN  V10INTERIN_RDRP
01 17:07:35:217 PLSQL: ERROR CARGANDO ARTICULOS

00 17:12:06:664 Fichero de log cerrado.

00 17:12:11:049 Fichero de log abierto PID 5632

02 17:12:11:050 Intentando abrir fichero v10.ini
02 17:12:11:059 Cargando driver v10oracle funcion damedriveroracle
02 17:12:11:897 Conectado a base de datos
02 17:12:11:900 Proceso CARGA_ARTICULOS encontrado en tabla VDPROCESOS
02 17:12:11:909 Proceso CARGA_ARTICULOS cargado con función procesoperiodico (Librería VDKERNEL.DLL) direccion 705F2D10
02 17:12:11:911 PLSQL: INICIALIZADO PAQUETE DE LOG EL DIA 22-03-2022
02 17:12:11:920 Actualizado SID 263 SERIAL 30760 del proceso con PID 5632
02 17:12:11:920 Analizado cursor CCARGAARTICULOS
02 17:12:11:920 Leidos 1 cursores
01 17:12:11:922 PLSQL: INICIANDO CARGA DE ARTICULOS EN  V10INTERIN_RDRP
01 17:12:11:923 PLSQL: ERROR CARGANDO ARTICULOS
01 17:22:11:936 PLSQL: INICIANDO CARGA DE ARTICULOS EN  V10INTERIN_RDRP
01 17:22:11:939 PLSQL: ERROR CARGANDO ARTICULOS
01 17:32:11:951 PLSQL: INICIANDO CARGA DE ARTICULOS EN  V10INTERIN_RDRP
01 17:32:11:955 PLSQL: ERROR CARGANDO ARTICULOS
01 17:42:11:973 PLSQL: INICIANDO CARGA DE ARTICULOS EN  V10INTERIN_RDRP
01 17:42:11:975 PLSQL: ERROR CARGANDO ARTICULOS
01 17:52:11:984 PLSQL: INICIANDO CARGA DE ARTICULOS EN  V10INTERIN_RDRP
01 17:52:11:986 PLSQL: ERROR CARGANDO ARTICULOS

00 17:58:54:104 Fichero de log cerrado.

