00 09:11:09:052 Fichero de log abierto PID 11452

02 09:11:09:053 Intentando abrir fichero v10.ini
02 09:11:09:058 Cargando driver v10oracle funcion damedriveroracle
02 09:11:09:550 Conectado a base de datos
02 09:11:09:552 Proceso CARGA_PROVEES encontrado en tabla VDPROCESOS
02 09:11:09:552 Proceso CARGA_PROVEES cargado con función procesoperiodico (Librería VDKERNEL.DLL) direccion 6E032D10
02 09:11:09:555 PLSQL: INICIALIZADO PAQUETE DE LOG EL DIA 04-04-2022
02 09:11:09:570 Actualizado SID 7 SERIAL 7298 del proceso con PID 11452
02 09:11:09:571 Analizado cursor CCARGAPROVEES
02 09:11:09:571 Leidos 1 cursores
01 09:11:09:572 PLSQL: INICIANDO CARGA DE PROVEES EN  V10INTERIN_RDRP
01 09:11:09:574 PLSQL: ERROR CARGANDO PROVEES
01 09:21:09:584 PLSQL: INICIANDO CARGA DE PROVEES EN  V10INTERIN_RDRP
01 09:21:09:587 PLSQL: ERROR CARGANDO PROVEES
01 09:31:09:599 PLSQL: INICIANDO CARGA DE PROVEES EN  V10INTERIN_RDRP
01 09:31:09:600 PLSQL: ERROR CARGANDO PROVEES
01 09:41:09:609 PLSQL: INICIANDO CARGA DE PROVEES EN  V10INTERIN_RDRP
01 09:41:09:651 PLSQL: ERROR CARGANDO PROVEES
01 09:51:09:656 PLSQL: INICIANDO CARGA DE PROVEES EN  V10INTERIN_RDRP
01 09:51:09:657 PLSQL: ERROR CARGANDO PROVEES
01 10:01:09:661 PLSQL: INICIANDO CARGA DE PROVEES EN  V10INTERIN_RDRP
01 10:01:09:663 PLSQL: ERROR CARGANDO PROVEES
01 10:11:09:678 PLSQL: INICIANDO CARGA DE PROVEES EN  V10INTERIN_RDRP
01 10:11:09:680 PLSQL: ERROR CARGANDO PROVEES
01 10:21:09:689 PLSQL: INICIANDO CARGA DE PROVEES EN  V10INTERIN_RDRP
01 10:21:09:721 PLSQL: ERROR CARGANDO PROVEES

00 10:22:53:443 Fichero de log cerrado.

00 10:23:01:761 Fichero de log abierto PID 5852

02 10:23:01:762 Intentando abrir fichero v10.ini
02 10:23:01:770 Cargando driver v10oracle funcion damedriveroracle
02 10:23:02:582 Conectado a base de datos
02 10:23:02:585 Proceso CARGA_PROVEES encontrado en tabla VDPROCESOS
02 10:23:02:586 Proceso CARGA_PROVEES cargado con función procesoperiodico (Librería VDKERNEL.DLL) direccion 6E032D10
02 10:23:02:589 PLSQL: INICIALIZADO PAQUETE DE LOG EL DIA 04-04-2022
02 10:23:02:601 Actualizado SID 873 SERIAL 37816 del proceso con PID 5852
02 10:23:02:607 Analizado cursor CCARGAPROVEES
02 10:23:02:607 Leidos 1 cursores
01 10:23:02:608 PLSQL: INICIANDO CARGA DE PROVEES EN  V10INTERIN_RDRP
01 10:23:02:610 PLSQL: ERROR CARGANDO PROVEES
01 10:33:02:620 PLSQL: INICIANDO CARGA DE PROVEES EN  V10INTERIN_RDRP
01 10:33:02:620 PLSQL: ERROR CARGANDO PROVEES

00 10:38:58:296 Fichero de log cerrado.

00 10:39:08:482 Fichero de log abierto PID 9744

02 10:39:08:485 Intentando abrir fichero v10.ini
02 10:39:08:492 Cargando driver v10oracle funcion damedriveroracle
02 10:39:09:090 Conectado a base de datos
02 10:39:09:091 Proceso CARGA_PROVEES encontrado en tabla VDPROCESOS
02 10:39:09:092 Proceso CARGA_PROVEES cargado con función procesoperiodico (Librería VDKERNEL.DLL) direccion 6E032D10
02 10:39:09:095 PLSQL: INICIALIZADO PAQUETE DE LOG EL DIA 04-04-2022
02 10:39:09:107 Actualizado SID 261 SERIAL 28365 del proceso con PID 9744
02 10:39:09:107 Analizado cursor CCARGAPROVEES
02 10:39:09:107 Leidos 1 cursores
01 10:39:09:109 PLSQL: INICIANDO CARGA DE PROVEES EN  V10INTERIN_RDRP
01 10:39:09:111 PLSQL: ERROR CARGANDO PROVEES
01 10:49:09:126 PLSQL: INICIANDO CARGA DE PROVEES EN  V10INTERIN_RDRP
01 10:49:09:126 PLSQL: ERROR CARGANDO PROVEES
01 10:59:09:129 PLSQL: INICIANDO CARGA DE PROVEES EN  V10INTERIN_RDRP
01 10:59:09:131 PLSQL: ERROR CARGANDO PROVEES
01 11:09:05:745 PLSQL: INICIANDO CARGA DE PROVEES EN  V10INTERIN_RDRP
01 11:09:05:748 PLSQL: ERROR CARGANDO PROVEES
01 11:19:05:763 PLSQL: INICIANDO CARGA DE PROVEES EN  V10INTERIN_RDRP
01 11:19:05:764 PLSQL: ERROR CARGANDO PROVEES
01 11:29:28:574 PLSQL: INICIANDO CARGA DE PROVEES EN  V10INTERIN_RDRP
01 11:29:28:575 PLSQL: ERROR CARGANDO PROVEES
01 11:39:28:589 PLSQL: INICIANDO CARGA DE PROVEES EN  V10INTERIN_RDRP
01 11:39:28:589 PLSQL: ERROR CARGANDO PROVEES
01 11:49:28:606 PLSQL: INICIANDO CARGA DE PROVEES EN  V10INTERIN_RDRP
01 11:49:28:606 PLSQL: ERROR CARGANDO PROVEES
01 11:59:28:626 PLSQL: INICIANDO CARGA DE PROVEES EN  V10INTERIN_RDRP
01 11:59:28:641 PLSQL: ERROR CARGANDO PROVEES
01 12:09:28:658 PLSQL: INICIANDO CARGA DE PROVEES EN  V10INTERIN_RDRP
01 12:09:28:659 PLSQL: ERROR CARGANDO PROVEES

00 12:14:33:882 Fichero de log cerrado.

00 12:14:45:127 Fichero de log abierto PID 14928

02 12:14:45:130 Intentando abrir fichero v10.ini
02 12:14:45:137 Cargando driver v10oracle funcion damedriveroracle
02 12:14:45:960 Conectado a base de datos
02 12:14:45:962 Proceso CARGA_PROVEES encontrado en tabla VDPROCESOS
02 12:14:45:962 Proceso CARGA_PROVEES cargado con función procesoperiodico (Librería VDKERNEL.DLL) direccion 6E032D10
02 12:14:45:966 PLSQL: INICIALIZADO PAQUETE DE LOG EL DIA 04-04-2022
02 12:14:45:979 Actualizado SID 14 SERIAL 8235 del proceso con PID 14928
02 12:14:45:980 Analizado cursor CCARGAPROVEES
02 12:14:45:980 Leidos 1 cursores
01 12:14:45:981 PLSQL: INICIANDO CARGA DE PROVEES EN  V10INTERIN_RDRP
01 12:14:45:983 PLSQL: ERROR CARGANDO PROVEES
01 12:24:45:992 PLSQL: INICIANDO CARGA DE PROVEES EN  V10INTERIN_RDRP
01 12:24:45:992 PLSQL: ERROR CARGANDO PROVEES
01 12:34:46:007 PLSQL: INICIANDO CARGA DE PROVEES EN  V10INTERIN_RDRP
01 12:34:46:010 PLSQL: ERROR CARGANDO PROVEES

00 12:39:53:232 Fichero de log cerrado.

00 12:39:57:339 Fichero de log abierto PID 12580

02 12:39:57:342 Intentando abrir fichero v10.ini
02 12:39:57:349 Cargando driver v10oracle funcion damedriveroracle
02 12:39:57:872 Conectado a base de datos
02 12:39:57:874 Proceso CARGA_PROVEES encontrado en tabla VDPROCESOS
02 12:39:57:875 Proceso CARGA_PROVEES cargado con función procesoperiodico (Librería VDKERNEL.DLL) direccion 6E032D10
02 12:39:57:877 PLSQL: INICIALIZADO PAQUETE DE LOG EL DIA 04-04-2022
02 12:39:57:892 Actualizado SID 8 SERIAL 6639 del proceso con PID 12580
02 12:39:57:894 Analizado cursor CCARGAPROVEES
02 12:39:57:894 Leidos 1 cursores
01 12:39:57:895 PLSQL: INICIANDO CARGA DE PROVEES EN  V10INTERIN_RDRP
01 12:39:57:896 PLSQL: ERROR CARGANDO PROVEES

00 12:40:52:377 Fichero de log cerrado.

00 12:40:57:812 Fichero de log abierto PID 13592

02 12:40:57:812 Intentando abrir fichero v10.ini
02 12:40:57:822 Cargando driver v10oracle funcion damedriveroracle
02 12:40:58:582 Conectado a base de datos
02 12:40:58:585 Proceso CARGA_PROVEES encontrado en tabla VDPROCESOS
02 12:40:58:585 Proceso CARGA_PROVEES cargado con función procesoperiodico (Librería VDKERNEL.DLL) direccion 6E032D10
02 12:40:58:587 PLSQL: INICIALIZADO PAQUETE DE LOG EL DIA 04-04-2022
02 12:40:58:597 Actualizado SID 138 SERIAL 14283 del proceso con PID 13592
02 12:40:58:597 Analizado cursor CCARGAPROVEES
02 12:40:58:597 Leidos 1 cursores
01 12:40:58:598 PLSQL: INICIANDO CARGA DE PROVEES EN  V10INTERIN_RDRP
01 12:40:58:600 PLSQL: ERROR CARGANDO PROVEES
01 12:50:58:609 PLSQL: INICIANDO CARGA DE PROVEES EN  V10INTERIN_RDRP
01 12:50:58:612 PLSQL: ERROR CARGANDO PROVEES
01 13:00:58:629 PLSQL: INICIANDO CARGA DE PROVEES EN  V10INTERIN_RDRP
01 13:00:58:631 PLSQL: ERROR CARGANDO PROVEES
01 13:10:58:643 PLSQL: INICIANDO CARGA DE PROVEES EN  V10INTERIN_RDRP
01 13:10:58:644 PLSQL: ERROR CARGANDO PROVEES
01 13:20:58:650 PLSQL: INICIANDO CARGA DE PROVEES EN  V10INTERIN_RDRP
01 13:20:58:652 PLSQL: ERROR CARGANDO PROVEES
01 13:30:58:664 PLSQL: INICIANDO CARGA DE PROVEES EN  V10INTERIN_RDRP
01 13:30:58:666 PLSQL: ERROR CARGANDO PROVEES
01 13:40:58:676 PLSQL: INICIANDO CARGA DE PROVEES EN  V10INTERIN_RDRP
01 13:40:58:677 PLSQL: ERROR CARGANDO PROVEES
01 13:50:58:685 PLSQL: INICIANDO CARGA DE PROVEES EN  V10INTERIN_RDRP
01 13:50:58:687 PLSQL: ERROR CARGANDO PROVEES
01 14:00:58:703 PLSQL: INICIANDO CARGA DE PROVEES EN  V10INTERIN_RDRP
01 14:00:58:704 PLSQL: ERROR CARGANDO PROVEES
01 14:10:58:712 PLSQL: INICIANDO CARGA DE PROVEES EN  V10INTERIN_RDRP
01 14:10:58:714 PLSQL: ERROR CARGANDO PROVEES
01 14:20:58:727 PLSQL: INICIANDO CARGA DE PROVEES EN  V10INTERIN_RDRP
01 14:20:58:727 PLSQL: ERROR CARGANDO PROVEES
01 14:30:58:744 PLSQL: INICIANDO CARGA DE PROVEES EN  V10INTERIN_RDRP
01 14:30:58:746 PLSQL: ERROR CARGANDO PROVEES
01 14:40:58:760 PLSQL: INICIANDO CARGA DE PROVEES EN  V10INTERIN_RDRP
01 14:40:58:762 PLSQL: ERROR CARGANDO PROVEES
01 14:50:58:775 PLSQL: INICIANDO CARGA DE PROVEES EN  V10INTERIN_RDRP
01 14:50:58:777 PLSQL: ERROR CARGANDO PROVEES
01 15:04:56:152 PLSQL: INICIANDO CARGA DE PROVEES EN  V10INTERIN_RDRP
01 15:04:56:154 PLSQL: ERROR CARGANDO PROVEES
01 15:44:52:191 PLSQL: INICIANDO CARGA DE PROVEES EN  V10INTERIN_RDRP
01 15:44:52:192 PLSQL: ERROR CARGANDO PROVEES
01 15:54:52:227 PLSQL: INICIANDO CARGA DE PROVEES EN  V10INTERIN_RDRP
01 15:54:52:230 PLSQL: ERROR CARGANDO PROVEES
01 16:04:52:232 PLSQL: INICIANDO CARGA DE PROVEES EN  V10INTERIN_RDRP
01 16:04:52:234 PLSQL: ERROR CARGANDO PROVEES
01 16:14:52:247 PLSQL: INICIANDO CARGA DE PROVEES EN  V10INTERIN_RDRP
01 16:14:52:248 PLSQL: ERROR CARGANDO PROVEES
01 16:24:52:262 PLSQL: INICIANDO CARGA DE PROVEES EN  V10INTERIN_RDRP
01 16:24:52:265 PLSQL: ERROR CARGANDO PROVEES
01 16:34:52:275 PLSQL: INICIANDO CARGA DE PROVEES EN  V10INTERIN_RDRP
01 16:34:52:277 PLSQL: ERROR CARGANDO PROVEES
01 16:44:52:294 PLSQL: INICIANDO CARGA DE PROVEES EN  V10INTERIN_RDRP
01 16:44:52:296 PLSQL: ERROR CARGANDO PROVEES
01 16:54:52:306 PLSQL: INICIANDO CARGA DE PROVEES EN  V10INTERIN_RDRP
01 16:54:52:308 PLSQL: ERROR CARGANDO PROVEES
01 17:04:52:316 PLSQL: INICIANDO CARGA DE PROVEES EN  V10INTERIN_RDRP
01 17:04:52:317 PLSQL: ERROR CARGANDO PROVEES

00 17:13:21:680 Fichero de log cerrado.

00 17:13:27:155 Fichero de log abierto PID 6040

02 17:13:27:157 Intentando abrir fichero v10.ini
02 17:13:27:165 Cargando driver v10oracle funcion damedriveroracle
02 17:13:27:752 Conectado a base de datos
02 17:13:27:755 Proceso CARGA_PROVEES encontrado en tabla VDPROCESOS
02 17:13:27:755 Proceso CARGA_PROVEES cargado con función procesoperiodico (Librería VDKERNEL.DLL) direccion 6E032D10
02 17:13:27:758 PLSQL: INICIALIZADO PAQUETE DE LOG EL DIA 04-04-2022
02 17:13:27:775 Actualizado SID 502 SERIAL 31249 del proceso con PID 6040
02 17:13:27:775 Analizado cursor CCARGAPROVEES
02 17:13:27:775 Leidos 1 cursores
01 17:13:27:776 PLSQL: INICIANDO CARGA DE PROVEES EN  V10INTERIN_RDRP
01 17:13:27:778 PLSQL: ERROR CARGANDO PROVEES
01 17:23:27:795 PLSQL: INICIANDO CARGA DE PROVEES EN  V10INTERIN_RDRP
01 17:23:27:796 PLSQL: ERROR CARGANDO PROVEES
01 17:33:27:809 PLSQL: INICIANDO CARGA DE PROVEES EN  V10INTERIN_RDRP
01 17:33:27:810 PLSQL: ERROR CARGANDO PROVEES
01 17:43:27:812 PLSQL: INICIANDO CARGA DE PROVEES EN  V10INTERIN_RDRP
01 17:43:27:814 PLSQL: ERROR CARGANDO PROVEES
01 17:53:27:830 PLSQL: INICIANDO CARGA DE PROVEES EN  V10INTERIN_RDRP
01 17:53:27:831 PLSQL: ERROR CARGANDO PROVEES

00 17:58:21:352 Fichero de log cerrado.

