00 09:23:04:070 Fichero de log abierto PID 14572

02 09:23:04:072 Intentando abrir fichero v10.ini
02 09:23:04:080 Cargando driver v10oracle funcion damedriveroracle
02 09:23:04:588 Conectado a base de datos
02 09:23:04:591 Proceso CARGA_CODARTALT encontrado en tabla VDPROCESOS
02 09:23:04:591 Proceso CARGA_CODARTALT cargado con función procesoperiodico (Librería VDKERNEL.DLL) direccion 70032D10
02 09:23:04:594 PLSQL: INICIALIZADO PAQUETE DE LOG EL DIA 05-07-2022
02 09:23:04:603 Actualizado SID 131 SERIAL 37908 del proceso con PID 14572
02 09:23:04:853 Analizado cursor CCARGAARTICULOS
02 09:23:04:862 Leidos 1 cursores
01 09:23:04:863 PLSQL: INICIANDO CARGA DE CODARTALT EN  V10INTERIN_RDRP
01 09:23:04:885 PLSQL: ERROR CARGANDO CODARTALT
01 09:33:04:896 PLSQL: INICIANDO CARGA DE CODARTALT EN  V10INTERIN_RDRP
01 09:33:04:896 PLSQL: ERROR CARGANDO CODARTALT
01 09:43:04:916 PLSQL: INICIANDO CARGA DE CODARTALT EN  V10INTERIN_RDRP
01 09:43:04:917 PLSQL: ERROR CARGANDO CODARTALT
01 09:53:04:930 PLSQL: INICIANDO CARGA DE CODARTALT EN  V10INTERIN_RDRP
01 09:53:04:933 PLSQL: ERROR CARGANDO CODARTALT
01 10:03:04:942 PLSQL: INICIANDO CARGA DE CODARTALT EN  V10INTERIN_RDRP
01 10:03:04:944 PLSQL: ERROR CARGANDO CODARTALT
01 10:13:04:951 PLSQL: INICIANDO CARGA DE CODARTALT EN  V10INTERIN_RDRP
01 10:13:04:953 PLSQL: ERROR CARGANDO CODARTALT
01 10:23:04:958 PLSQL: INICIANDO CARGA DE CODARTALT EN  V10INTERIN_RDRP
01 10:23:04:960 PLSQL: ERROR CARGANDO CODARTALT
01 10:33:04:967 PLSQL: INICIANDO CARGA DE CODARTALT EN  V10INTERIN_RDRP
01 10:33:04:969 PLSQL: ERROR CARGANDO CODARTALT
01 10:43:04:984 PLSQL: INICIANDO CARGA DE CODARTALT EN  V10INTERIN_RDRP
01 10:43:04:986 PLSQL: ERROR CARGANDO CODARTALT
01 11:12:54:419 PLSQL: INICIANDO CARGA DE CODARTALT EN  V10INTERIN_RDRP
01 11:12:54:421 PLSQL: ERROR CARGANDO CODARTALT
01 11:22:54:425 PLSQL: INICIANDO CARGA DE CODARTALT EN  V10INTERIN_RDRP
01 11:22:54:441 PLSQL: ERROR CARGANDO CODARTALT
01 11:32:54:448 PLSQL: INICIANDO CARGA DE CODARTALT EN  V10INTERIN_RDRP
01 11:32:54:450 PLSQL: ERROR CARGANDO CODARTALT
01 11:42:54:469 PLSQL: INICIANDO CARGA DE CODARTALT EN  V10INTERIN_RDRP
01 11:42:54:470 PLSQL: ERROR CARGANDO CODARTALT
01 11:52:54:482 PLSQL: INICIANDO CARGA DE CODARTALT EN  V10INTERIN_RDRP
01 11:52:54:484 PLSQL: ERROR CARGANDO CODARTALT
01 12:02:54:493 PLSQL: INICIANDO CARGA DE CODARTALT EN  V10INTERIN_RDRP
01 12:02:54:494 PLSQL: ERROR CARGANDO CODARTALT
01 12:12:54:500 PLSQL: INICIANDO CARGA DE CODARTALT EN  V10INTERIN_RDRP
01 12:12:54:501 PLSQL: ERROR CARGANDO CODARTALT
01 12:22:54:509 PLSQL: INICIANDO CARGA DE CODARTALT EN  V10INTERIN_RDRP
01 12:22:54:511 PLSQL: ERROR CARGANDO CODARTALT
01 12:32:54:525 PLSQL: INICIANDO CARGA DE CODARTALT EN  V10INTERIN_RDRP
01 12:32:54:527 PLSQL: ERROR CARGANDO CODARTALT
01 12:42:54:531 PLSQL: INICIANDO CARGA DE CODARTALT EN  V10INTERIN_RDRP
01 12:42:54:532 PLSQL: ERROR CARGANDO CODARTALT
01 12:52:54:549 PLSQL: INICIANDO CARGA DE CODARTALT EN  V10INTERIN_RDRP
01 12:52:54:550 PLSQL: ERROR CARGANDO CODARTALT
01 13:02:54:561 PLSQL: INICIANDO CARGA DE CODARTALT EN  V10INTERIN_RDRP
01 13:02:54:563 PLSQL: ERROR CARGANDO CODARTALT
01 13:12:54:568 PLSQL: INICIANDO CARGA DE CODARTALT EN  V10INTERIN_RDRP
01 13:12:54:571 PLSQL: ERROR CARGANDO CODARTALT
01 13:22:54:573 PLSQL: INICIANDO CARGA DE CODARTALT EN  V10INTERIN_RDRP
01 13:22:54:575 PLSQL: ERROR CARGANDO CODARTALT
01 13:32:54:582 PLSQL: INICIANDO CARGA DE CODARTALT EN  V10INTERIN_RDRP
01 13:32:54:585 PLSQL: ERROR CARGANDO CODARTALT

00 13:36:35:290 Fichero de log cerrado.

00 13:36:38:767 Fichero de log abierto PID 6076

02 13:36:38:767 Intentando abrir fichero v10.ini
02 13:36:38:777 Cargando driver v10oracle funcion damedriveroracle
02 13:36:39:674 Conectado a base de datos
02 13:36:39:675 Proceso CARGA_CODARTALT encontrado en tabla VDPROCESOS
02 13:36:39:675 Proceso CARGA_CODARTALT cargado con función procesoperiodico (Librería VDKERNEL.DLL) direccion 70032D10
02 13:36:39:678 PLSQL: INICIALIZADO PAQUETE DE LOG EL DIA 05-07-2022
02 13:36:39:690 Actualizado SID 384 SERIAL 25866 del proceso con PID 6076
02 13:36:39:700 Analizado cursor CCARGAARTICULOS
02 13:36:39:700 Leidos 1 cursores
01 13:36:39:701 PLSQL: INICIANDO CARGA DE CODARTALT EN  V10INTERIN_RDRP
01 13:36:39:703 PLSQL: ERROR CARGANDO CODARTALT
01 13:57:58:554 PLSQL: INICIANDO CARGA DE CODARTALT EN  V10INTERIN_RDRP
01 13:57:58:572 PLSQL: ERROR CARGANDO CODARTALT

00 13:58:57:502 Fichero de log cerrado.

00 13:59:20:452 Fichero de log abierto PID 4396

02 13:59:20:454 Intentando abrir fichero v10.ini
02 13:59:20:460 Cargando driver v10oracle funcion damedriveroracle
02 13:59:21:220 Conectado a base de datos
02 13:59:21:220 Proceso CARGA_CODARTALT encontrado en tabla VDPROCESOS
02 13:59:21:222 Proceso CARGA_CODARTALT cargado con función procesoperiodico (Librería VDKERNEL.DLL) direccion 70032D10
02 13:59:21:224 PLSQL: INICIALIZADO PAQUETE DE LOG EL DIA 05-07-2022
02 13:59:21:237 Actualizado SID 508 SERIAL 63528 del proceso con PID 4396
02 13:59:21:237 Analizado cursor CCARGAARTICULOS
02 13:59:21:237 Leidos 1 cursores
01 13:59:21:239 PLSQL: INICIANDO CARGA DE CODARTALT EN  V10INTERIN_RDRP
01 13:59:21:241 PLSQL: ERROR CARGANDO CODARTALT
01 14:09:21:249 PLSQL: INICIANDO CARGA DE CODARTALT EN  V10INTERIN_RDRP
01 14:09:21:254 PLSQL: ERROR CARGANDO CODARTALT
01 14:19:21:271 PLSQL: INICIANDO CARGA DE CODARTALT EN  V10INTERIN_RDRP
01 14:19:21:275 PLSQL: ERROR CARGANDO CODARTALT
01 14:29:21:283 PLSQL: INICIANDO CARGA DE CODARTALT EN  V10INTERIN_RDRP
01 14:29:21:285 PLSQL: ERROR CARGANDO CODARTALT
01 14:39:21:296 PLSQL: INICIANDO CARGA DE CODARTALT EN  V10INTERIN_RDRP
01 14:39:21:299 PLSQL: ERROR CARGANDO CODARTALT
01 14:49:21:311 PLSQL: INICIANDO CARGA DE CODARTALT EN  V10INTERIN_RDRP
01 14:49:21:313 PLSQL: ERROR CARGANDO CODARTALT

00 14:52:23:002 Fichero de log cerrado.

00 14:52:50:242 Fichero de log abierto PID 16136

02 14:52:50:244 Intentando abrir fichero v10.ini
02 14:52:50:250 Cargando driver v10oracle funcion damedriveroracle
02 14:52:50:914 Conectado a base de datos
02 14:52:50:915 Proceso CARGA_CODARTALT encontrado en tabla VDPROCESOS
02 14:52:50:917 Proceso CARGA_CODARTALT cargado con función procesoperiodico (Librería VDKERNEL.DLL) direccion 70032D10
02 14:52:50:918 PLSQL: INICIALIZADO PAQUETE DE LOG EL DIA 05-07-2022
02 14:52:50:947 Actualizado SID 127 SERIAL 29705 del proceso con PID 16136
02 14:52:50:947 Analizado cursor CCARGAARTICULOS
02 14:52:50:947 Leidos 1 cursores
01 14:52:50:948 PLSQL: INICIANDO CARGA DE CODARTALT EN  V10INTERIN_RDRP
01 14:52:50:950 PLSQL: ERROR CARGANDO CODARTALT

00 14:54:38:074 Fichero de log cerrado.

00 14:54:42:700 Fichero de log abierto PID 4660

02 14:54:42:702 Intentando abrir fichero v10.ini
02 14:54:42:707 Cargando driver v10oracle funcion damedriveroracle
02 14:54:43:474 Conectado a base de datos
02 14:54:43:475 Proceso CARGA_CODARTALT encontrado en tabla VDPROCESOS
02 14:54:43:475 Proceso CARGA_CODARTALT cargado con función procesoperiodico (Librería VDKERNEL.DLL) direccion 70032D10
02 14:54:43:479 PLSQL: INICIALIZADO PAQUETE DE LOG EL DIA 05-07-2022
02 14:54:43:490 Actualizado SID 755 SERIAL 13363 del proceso con PID 4660
02 14:54:43:490 Analizado cursor CCARGAARTICULOS
02 14:54:43:490 Leidos 1 cursores
01 14:54:43:492 PLSQL: INICIANDO CARGA DE CODARTALT EN  V10INTERIN_RDRP
01 14:54:43:493 PLSQL: ERROR CARGANDO CODARTALT
01 15:04:43:502 PLSQL: INICIANDO CARGA DE CODARTALT EN  V10INTERIN_RDRP
01 15:04:43:503 PLSQL: ERROR CARGANDO CODARTALT
01 15:14:43:505 PLSQL: INICIANDO CARGA DE CODARTALT EN  V10INTERIN_RDRP
01 15:14:43:506 PLSQL: ERROR CARGANDO CODARTALT
01 15:24:43:518 PLSQL: INICIANDO CARGA DE CODARTALT EN  V10INTERIN_RDRP
01 15:24:43:520 PLSQL: ERROR CARGANDO CODARTALT
01 15:34:43:524 PLSQL: INICIANDO CARGA DE CODARTALT EN  V10INTERIN_RDRP
01 15:34:43:526 PLSQL: ERROR CARGANDO CODARTALT
01 15:54:24:195 PLSQL: INICIANDO CARGA DE CODARTALT EN  V10INTERIN_RDRP
01 15:54:24:197 PLSQL: ERROR CARGANDO CODARTALT
01 16:04:24:207 PLSQL: INICIANDO CARGA DE CODARTALT EN  V10INTERIN_RDRP
01 16:04:24:207 PLSQL: ERROR CARGANDO CODARTALT
01 16:14:24:226 PLSQL: INICIANDO CARGA DE CODARTALT EN  V10INTERIN_RDRP
01 16:14:24:241 PLSQL: ERROR CARGANDO CODARTALT
01 16:24:24:268 PLSQL: INICIANDO CARGA DE CODARTALT EN  V10INTERIN_RDRP
01 16:24:24:270 PLSQL: ERROR CARGANDO CODARTALT
01 16:34:24:272 PLSQL: INICIANDO CARGA DE CODARTALT EN  V10INTERIN_RDRP
01 16:34:24:273 PLSQL: ERROR CARGANDO CODARTALT
01 16:44:24:290 PLSQL: INICIANDO CARGA DE CODARTALT EN  V10INTERIN_RDRP
01 16:44:24:290 PLSQL: ERROR CARGANDO CODARTALT
01 16:54:24:309 PLSQL: INICIANDO CARGA DE CODARTALT EN  V10INTERIN_RDRP
01 16:54:24:311 PLSQL: ERROR CARGANDO CODARTALT
01 17:04:24:314 PLSQL: INICIANDO CARGA DE CODARTALT EN  V10INTERIN_RDRP
01 17:04:24:316 PLSQL: ERROR CARGANDO CODARTALT
01 17:14:24:322 PLSQL: INICIANDO CARGA DE CODARTALT EN  V10INTERIN_RDRP
01 17:14:24:323 PLSQL: ERROR CARGANDO CODARTALT
01 17:24:24:336 PLSQL: INICIANDO CARGA DE CODARTALT EN  V10INTERIN_RDRP
01 17:24:24:337 PLSQL: ERROR CARGANDO CODARTALT
01 17:34:24:347 PLSQL: INICIANDO CARGA DE CODARTALT EN  V10INTERIN_RDRP
01 17:34:24:350 PLSQL: ERROR CARGANDO CODARTALT
01 17:46:48:487 PLSQL: INICIANDO CARGA DE CODARTALT EN  V10INTERIN_RDRP
01 17:46:48:519 PLSQL: ERROR CARGANDO CODARTALT

00 17:55:06:112 Fichero de log cerrado.

