00 10:16:34:648 Fichero de log abierto PID 8004

02 10:16:34:656 Intentando abrir fichero v10.ini
02 10:16:34:662 Cargando driver v10oracle funcion damedriveroracle
02 10:16:35:221 Conectado a base de datos
02 10:16:35:222 Proceso CARGA_CLIENTES encontrado en tabla VDPROCESOS
02 10:16:35:223 Proceso CARGA_CLIENTES cargado con función procesoperiodico (Librería VDKERNEL.DLL) direccion 705E2D10
02 10:16:35:225 PLSQL: INICIALIZADO PAQUETE DE LOG EL DIA 30-03-2022
02 10:16:35:235 Actualizado SID 877 SERIAL 19714 del proceso con PID 8004
02 10:16:35:467 Analizado cursor CCARGACLIENTES
02 10:16:35:498 Leidos 1 cursores
01 10:16:35:500 PLSQL: INICIANDO CARGA DE CLIENTES EN  V10INTERIN_RDRP
01 10:16:35:501 PLSQL: ERROR CARGANDO CLIENTES
01 10:26:35:503 PLSQL: INICIANDO CARGA DE CLIENTES EN  V10INTERIN_RDRP
01 10:26:35:505 PLSQL: ERROR CARGANDO CLIENTES
01 10:36:34:079 PLSQL: INICIANDO CARGA DE CLIENTES EN  V10INTERIN_RDRP
01 10:36:34:083 PLSQL: ERROR CARGANDO CLIENTES
01 10:46:34:098 PLSQL: INICIANDO CARGA DE CLIENTES EN  V10INTERIN_RDRP
01 10:46:34:101 PLSQL: ERROR CARGANDO CLIENTES
01 10:56:34:111 PLSQL: INICIANDO CARGA DE CLIENTES EN  V10INTERIN_RDRP
01 10:56:34:114 PLSQL: ERROR CARGANDO CLIENTES
01 11:15:31:604 PLSQL: INICIANDO CARGA DE CLIENTES EN  V10INTERIN_RDRP
01 11:15:31:605 PLSQL: ERROR CARGANDO CLIENTES
01 11:25:32:285 PLSQL: INICIANDO CARGA DE CLIENTES EN  V10INTERIN_RDRP
01 11:25:32:285 PLSQL: ERROR CARGANDO CLIENTES
01 11:35:32:304 PLSQL: INICIANDO CARGA DE CLIENTES EN  V10INTERIN_RDRP
01 11:35:32:308 PLSQL: ERROR CARGANDO CLIENTES
01 11:45:32:340 PLSQL: INICIANDO CARGA DE CLIENTES EN  V10INTERIN_RDRP
01 11:45:32:340 PLSQL: ERROR CARGANDO CLIENTES
01 11:55:32:362 PLSQL: INICIANDO CARGA DE CLIENTES EN  V10INTERIN_RDRP
01 11:55:32:364 PLSQL: ERROR CARGANDO CLIENTES
01 12:05:32:392 PLSQL: INICIANDO CARGA DE CLIENTES EN  V10INTERIN_RDRP
01 12:05:32:395 PLSQL: ERROR CARGANDO CLIENTES
01 12:15:32:398 PLSQL: INICIANDO CARGA DE CLIENTES EN  V10INTERIN_RDRP
01 12:15:32:399 PLSQL: ERROR CARGANDO CLIENTES
01 12:25:32:414 PLSQL: INICIANDO CARGA DE CLIENTES EN  V10INTERIN_RDRP
01 12:25:32:431 PLSQL: ERROR CARGANDO CLIENTES
01 12:35:32:446 PLSQL: INICIANDO CARGA DE CLIENTES EN  V10INTERIN_RDRP
01 12:35:32:449 PLSQL: ERROR CARGANDO CLIENTES
01 12:45:32:465 PLSQL: INICIANDO CARGA DE CLIENTES EN  V10INTERIN_RDRP
01 12:45:32:466 PLSQL: ERROR CARGANDO CLIENTES
01 12:55:32:471 PLSQL: INICIANDO CARGA DE CLIENTES EN  V10INTERIN_RDRP
01 12:55:32:473 PLSQL: ERROR CARGANDO CLIENTES
01 13:05:32:482 PLSQL: INICIANDO CARGA DE CLIENTES EN  V10INTERIN_RDRP
01 13:05:32:485 PLSQL: ERROR CARGANDO CLIENTES
01 13:15:32:500 PLSQL: INICIANDO CARGA DE CLIENTES EN  V10INTERIN_RDRP
01 13:15:32:503 PLSQL: ERROR CARGANDO CLIENTES
01 13:25:32:515 PLSQL: INICIANDO CARGA DE CLIENTES EN  V10INTERIN_RDRP
01 13:25:32:517 PLSQL: ERROR CARGANDO CLIENTES
01 13:35:32:525 PLSQL: INICIANDO CARGA DE CLIENTES EN  V10INTERIN_RDRP
01 13:35:32:527 PLSQL: ERROR CARGANDO CLIENTES

00 13:42:33:537 Fichero de log cerrado.

00 13:42:39:909 Fichero de log abierto PID 17592

02 13:42:39:910 Intentando abrir fichero v10.ini
02 13:42:39:917 Cargando driver v10oracle funcion damedriveroracle
02 13:42:40:659 Conectado a base de datos
02 13:42:40:662 Proceso CARGA_CLIENTES encontrado en tabla VDPROCESOS
02 13:42:40:662 Proceso CARGA_CLIENTES cargado con función procesoperiodico (Librería VDKERNEL.DLL) direccion 705E2D10
02 13:42:40:664 PLSQL: INICIALIZADO PAQUETE DE LOG EL DIA 30-03-2022
02 13:42:40:677 Actualizado SID 628 SERIAL 56803 del proceso con PID 17592
02 13:42:40:677 Analizado cursor CCARGACLIENTES
02 13:42:40:679 Leidos 1 cursores
01 13:42:40:681 PLSQL: INICIANDO CARGA DE CLIENTES EN  V10INTERIN_RDRP
01 13:42:40:683 PLSQL: ERROR CARGANDO CLIENTES
01 13:52:40:693 PLSQL: INICIANDO CARGA DE CLIENTES EN  V10INTERIN_RDRP
01 13:52:40:694 PLSQL: ERROR CARGANDO CLIENTES
01 14:02:40:712 PLSQL: INICIANDO CARGA DE CLIENTES EN  V10INTERIN_RDRP
01 14:02:40:713 PLSQL: ERROR CARGANDO CLIENTES
01 14:12:40:722 PLSQL: INICIANDO CARGA DE CLIENTES EN  V10INTERIN_RDRP
01 14:12:40:723 PLSQL: ERROR CARGANDO CLIENTES
01 14:22:40:735 PLSQL: INICIANDO CARGA DE CLIENTES EN  V10INTERIN_RDRP
01 14:22:40:736 PLSQL: ERROR CARGANDO CLIENTES
01 15:17:58:035 PLSQL: INICIANDO CARGA DE CLIENTES EN  V10INTERIN_RDRP
01 15:17:58:051 PLSQL: ERROR CARGANDO CLIENTES

00 15:19:56:207 Fichero de log cerrado.

00 15:19:59:985 Fichero de log abierto PID 10340

02 15:19:59:985 Intentando abrir fichero v10.ini
02 15:19:59:992 Cargando driver v10oracle funcion damedriveroracle
02 15:20:00:784 Conectado a base de datos
02 15:20:00:785 Proceso CARGA_CLIENTES encontrado en tabla VDPROCESOS
02 15:20:00:787 Proceso CARGA_CLIENTES cargado con función procesoperiodico (Librería VDKERNEL.DLL) direccion 705E2D10
02 15:20:00:789 PLSQL: INICIALIZADO PAQUETE DE LOG EL DIA 30-03-2022
02 15:20:00:800 Actualizado SID 751 SERIAL 31894 del proceso con PID 10340
02 15:20:00:802 Analizado cursor CCARGACLIENTES
02 15:20:00:802 Leidos 1 cursores
01 15:20:00:803 PLSQL: INICIANDO CARGA DE CLIENTES EN  V10INTERIN_RDRP
01 15:20:00:804 PLSQL: ERROR CARGANDO CLIENTES
01 15:30:00:817 PLSQL: INICIANDO CARGA DE CLIENTES EN  V10INTERIN_RDRP
01 15:30:00:818 PLSQL: ERROR CARGANDO CLIENTES
01 15:40:00:823 PLSQL: INICIANDO CARGA DE CLIENTES EN  V10INTERIN_RDRP
01 15:40:00:824 PLSQL: ERROR CARGANDO CLIENTES
01 15:50:00:831 PLSQL: INICIANDO CARGA DE CLIENTES EN  V10INTERIN_RDRP
01 15:50:00:834 PLSQL: ERROR CARGANDO CLIENTES
01 16:00:00:840 PLSQL: INICIANDO CARGA DE CLIENTES EN  V10INTERIN_RDRP
01 16:00:00:842 PLSQL: ERROR CARGANDO CLIENTES

00 16:07:52:437 Fichero de log cerrado.

00 16:08:00:147 Fichero de log abierto PID 12296

02 16:08:00:150 Intentando abrir fichero v10.ini
02 16:08:00:159 Cargando driver v10oracle funcion damedriveroracle
02 16:08:02:295 Conectado a base de datos
02 16:08:02:302 Proceso CARGA_CLIENTES encontrado en tabla VDPROCESOS
02 16:08:02:305 Proceso CARGA_CLIENTES cargado con función procesoperiodico (Librería VDKERNEL.DLL) direccion 705E2D10
02 16:08:02:311 PLSQL: INICIALIZADO PAQUETE DE LOG EL DIA 30-03-2022
02 16:08:02:345 Actualizado SID 257 SERIAL 55663 del proceso con PID 12296
02 16:08:02:349 Analizado cursor CCARGACLIENTES
02 16:08:02:349 Leidos 1 cursores
01 16:08:02:354 PLSQL: INICIANDO CARGA DE CLIENTES EN  V10INTERIN_RDRP
01 16:08:02:360 PLSQL: ERROR CARGANDO CLIENTES
01 16:18:02:374 PLSQL: INICIANDO CARGA DE CLIENTES EN  V10INTERIN_RDRP
01 16:18:02:375 PLSQL: ERROR CARGANDO CLIENTES
01 16:28:02:378 PLSQL: INICIANDO CARGA DE CLIENTES EN  V10INTERIN_RDRP
01 16:28:02:380 PLSQL: ERROR CARGANDO CLIENTES
01 16:38:02:386 PLSQL: INICIANDO CARGA DE CLIENTES EN  V10INTERIN_RDRP
01 16:38:02:387 PLSQL: ERROR CARGANDO CLIENTES
01 16:48:02:390 PLSQL: INICIANDO CARGA DE CLIENTES EN  V10INTERIN_RDRP
01 16:48:02:391 PLSQL: ERROR CARGANDO CLIENTES
01 16:58:02:394 PLSQL: INICIANDO CARGA DE CLIENTES EN  V10INTERIN_RDRP
01 16:58:02:396 PLSQL: ERROR CARGANDO CLIENTES
01 17:08:02:403 PLSQL: INICIANDO CARGA DE CLIENTES EN  V10INTERIN_RDRP
01 17:08:02:405 PLSQL: ERROR CARGANDO CLIENTES

00 17:18:02:694 Fichero de log cerrado.

00 17:18:06:465 Fichero de log abierto PID 19132

02 17:18:06:469 Intentando abrir fichero v10.ini
02 17:18:06:480 Cargando driver v10oracle funcion damedriveroracle
02 17:18:08:252 Conectado a base de datos
02 17:18:08:257 Proceso CARGA_CLIENTES encontrado en tabla VDPROCESOS
02 17:18:08:260 Proceso CARGA_CLIENTES cargado con función procesoperiodico (Librería VDKERNEL.DLL) direccion 705E2D10
02 17:18:08:266 PLSQL: INICIALIZADO PAQUETE DE LOG EL DIA 30-03-2022
02 17:18:08:295 Actualizado SID 377 SERIAL 42315 del proceso con PID 19132
02 17:18:08:299 Analizado cursor CCARGACLIENTES
02 17:18:08:299 Leidos 1 cursores
01 17:18:08:301 PLSQL: INICIANDO CARGA DE CLIENTES EN  V10INTERIN_RDRP
01 17:18:08:306 PLSQL: ERROR CARGANDO CLIENTES
01 17:28:08:320 PLSQL: INICIANDO CARGA DE CLIENTES EN  V10INTERIN_RDRP
01 17:28:08:322 PLSQL: ERROR CARGANDO CLIENTES
01 17:38:08:326 PLSQL: INICIANDO CARGA DE CLIENTES EN  V10INTERIN_RDRP
01 17:38:08:327 PLSQL: ERROR CARGANDO CLIENTES
01 17:48:08:341 PLSQL: INICIANDO CARGA DE CLIENTES EN  V10INTERIN_RDRP
01 17:48:08:345 PLSQL: ERROR CARGANDO CLIENTES
01 17:58:08:359 PLSQL: INICIANDO CARGA DE CLIENTES EN  V10INTERIN_RDRP
01 17:58:08:361 PLSQL: ERROR CARGANDO CLIENTES

00 17:59:17:455 Fichero de log cerrado.

