00 09:17:44:746 Fichero de log abierto PID 12176

02 09:17:44:747 Intentando abrir fichero v10.ini
02 09:17:44:752 Cargando driver v10oracle funcion damedriveroracle
02 09:17:45:267 Conectado a base de datos
02 09:17:45:270 Proceso CARGA_PROVEES encontrado en tabla VDPROCESOS
02 09:17:45:271 Proceso CARGA_PROVEES cargado con función procesoperiodico (Librería VDKERNEL.DLL) direccion 6C002D10
02 09:17:45:271 PLSQL: INICIALIZADO PAQUETE DE LOG EL DIA 28-06-2022
02 09:17:45:281 Actualizado SID 752 SERIAL 7974 del proceso con PID 12176
02 09:17:45:287 Analizado cursor CCARGAPROVEES
02 09:17:45:287 Leidos 1 cursores
01 09:17:45:289 PLSQL: INICIANDO CARGA DE PROVEES EN  V10INTERIN_RDRP
01 09:17:45:291 PLSQL: ERROR CARGANDO PROVEES
01 09:27:45:299 PLSQL: INICIANDO CARGA DE PROVEES EN  V10INTERIN_RDRP
01 09:27:45:300 PLSQL: ERROR CARGANDO PROVEES
01 09:37:45:312 PLSQL: INICIANDO CARGA DE PROVEES EN  V10INTERIN_RDRP
01 09:37:45:313 PLSQL: ERROR CARGANDO PROVEES

00 09:39:20:132 Fichero de log cerrado.

00 09:39:35:370 Fichero de log abierto PID 4764

02 09:39:35:386 Intentando abrir fichero v10.ini
02 09:39:35:391 Cargando driver v10oracle funcion damedriveroracle
02 09:39:35:881 Conectado a base de datos
02 09:39:35:882 Proceso CARGA_PROVEES encontrado en tabla VDPROCESOS
02 09:39:35:883 Proceso CARGA_PROVEES cargado con función procesoperiodico (Librería VDKERNEL.DLL) direccion 6C002D10
02 09:39:35:886 PLSQL: INICIALIZADO PAQUETE DE LOG EL DIA 28-06-2022
02 09:39:35:893 Actualizado SID 376 SERIAL 19952 del proceso con PID 4764
02 09:39:35:895 Analizado cursor CCARGAPROVEES
02 09:39:35:895 Leidos 1 cursores
01 09:39:35:896 PLSQL: INICIANDO CARGA DE PROVEES EN  V10INTERIN_RDRP
01 09:39:35:898 PLSQL: ERROR CARGANDO PROVEES
01 09:49:35:909 PLSQL: INICIANDO CARGA DE PROVEES EN  V10INTERIN_RDRP
01 09:49:35:909 PLSQL: ERROR CARGANDO PROVEES
01 09:59:35:923 PLSQL: INICIANDO CARGA DE PROVEES EN  V10INTERIN_RDRP
01 09:59:35:923 PLSQL: ERROR CARGANDO PROVEES
01 10:09:35:934 PLSQL: INICIANDO CARGA DE PROVEES EN  V10INTERIN_RDRP
01 10:09:35:934 PLSQL: ERROR CARGANDO PROVEES
01 10:19:35:948 PLSQL: INICIANDO CARGA DE PROVEES EN  V10INTERIN_RDRP
01 10:19:35:948 PLSQL: ERROR CARGANDO PROVEES
01 10:29:35:966 PLSQL: INICIANDO CARGA DE PROVEES EN  V10INTERIN_RDRP
01 10:29:35:966 PLSQL: ERROR CARGANDO PROVEES
01 10:39:35:979 PLSQL: INICIANDO CARGA DE PROVEES EN  V10INTERIN_RDRP
01 10:39:35:979 PLSQL: ERROR CARGANDO PROVEES
01 11:10:26:524 PLSQL: INICIANDO CARGA DE PROVEES EN  V10INTERIN_RDRP
01 11:10:26:526 PLSQL: ERROR CARGANDO PROVEES
01 11:20:26:539 PLSQL: INICIANDO CARGA DE PROVEES EN  V10INTERIN_RDRP
01 11:20:26:539 PLSQL: ERROR CARGANDO PROVEES
01 11:30:26:558 PLSQL: INICIANDO CARGA DE PROVEES EN  V10INTERIN_RDRP
01 11:30:26:559 PLSQL: ERROR CARGANDO PROVEES
01 11:40:26:573 PLSQL: INICIANDO CARGA DE PROVEES EN  V10INTERIN_RDRP
01 11:40:26:573 PLSQL: ERROR CARGANDO PROVEES
01 11:50:26:593 PLSQL: INICIANDO CARGA DE PROVEES EN  V10INTERIN_RDRP
01 11:50:26:593 PLSQL: ERROR CARGANDO PROVEES
01 12:00:26:609 PLSQL: INICIANDO CARGA DE PROVEES EN  V10INTERIN_RDRP
01 12:00:26:610 PLSQL: ERROR CARGANDO PROVEES
01 12:10:26:623 PLSQL: INICIANDO CARGA DE PROVEES EN  V10INTERIN_RDRP
01 12:10:26:623 PLSQL: ERROR CARGANDO PROVEES

00 12:12:08:720 Fichero de log cerrado.

00 12:12:22:054 Fichero de log abierto PID 5632

02 12:12:22:055 Intentando abrir fichero v10.ini
02 12:12:22:059 Cargando driver v10oracle funcion damedriveroracle
02 12:12:22:555 Conectado a base de datos
02 12:12:22:557 Proceso CARGA_PROVEES encontrado en tabla VDPROCESOS
02 12:12:22:559 Proceso CARGA_PROVEES cargado con función procesoperiodico (Librería VDKERNEL.DLL) direccion 6C002D10
02 12:12:22:561 PLSQL: INICIALIZADO PAQUETE DE LOG EL DIA 28-06-2022
02 12:12:22:574 Actualizado SID 508 SERIAL 33673 del proceso con PID 5632
02 12:12:22:574 Analizado cursor CCARGAPROVEES
02 12:12:22:574 Leidos 1 cursores
01 12:12:22:575 PLSQL: INICIANDO CARGA DE PROVEES EN  V10INTERIN_RDRP
01 12:12:22:577 PLSQL: ERROR CARGANDO PROVEES

00 12:17:16:449 Fichero de log cerrado.

00 12:17:33:997 Fichero de log abierto PID 3080

02 12:17:34:000 Intentando abrir fichero v10.ini
02 12:17:34:005 Cargando driver v10oracle funcion damedriveroracle
02 12:17:34:785 Conectado a base de datos
02 12:17:34:787 Proceso CARGA_PROVEES encontrado en tabla VDPROCESOS
02 12:17:34:787 Proceso CARGA_PROVEES cargado con función procesoperiodico (Librería VDKERNEL.DLL) direccion 6C002D10
02 12:17:34:789 PLSQL: INICIALIZADO PAQUETE DE LOG EL DIA 28-06-2022
02 12:17:34:809 Actualizado SID 135 SERIAL 7959 del proceso con PID 3080
02 12:17:34:810 Analizado cursor CCARGAPROVEES
02 12:17:34:810 Leidos 1 cursores
01 12:17:34:810 PLSQL: INICIANDO CARGA DE PROVEES EN  V10INTERIN_RDRP
01 12:17:34:813 PLSQL: ERROR CARGANDO PROVEES
01 12:27:34:824 PLSQL: INICIANDO CARGA DE PROVEES EN  V10INTERIN_RDRP
01 12:27:34:824 PLSQL: ERROR CARGANDO PROVEES
01 12:41:29:216 PLSQL: INICIANDO CARGA DE PROVEES EN  V10INTERIN_RDRP
01 12:41:29:245 PLSQL: ERROR CARGANDO PROVEES

00 12:42:30:060 Fichero de log cerrado.

00 12:42:45:704 Fichero de log abierto PID 10872

02 12:42:45:705 Intentando abrir fichero v10.ini
02 12:42:45:710 Cargando driver v10oracle funcion damedriveroracle
02 12:42:46:255 Conectado a base de datos
02 12:42:46:255 Proceso CARGA_PROVEES encontrado en tabla VDPROCESOS
02 12:42:46:255 Proceso CARGA_PROVEES cargado con función procesoperiodico (Librería VDKERNEL.DLL) direccion 6C002D10
02 12:42:46:260 PLSQL: INICIALIZADO PAQUETE DE LOG EL DIA 28-06-2022
02 12:42:46:269 Actualizado SID 134 SERIAL 16625 del proceso con PID 10872
02 12:42:46:269 Analizado cursor CCARGAPROVEES
02 12:42:46:269 Leidos 1 cursores
01 12:42:46:269 PLSQL: INICIANDO CARGA DE PROVEES EN  V10INTERIN_RDRP
01 12:42:46:272 PLSQL: ERROR CARGANDO PROVEES
01 12:52:46:287 PLSQL: INICIANDO CARGA DE PROVEES EN  V10INTERIN_RDRP
01 12:52:46:287 PLSQL: ERROR CARGANDO PROVEES
01 13:02:46:296 PLSQL: INICIANDO CARGA DE PROVEES EN  V10INTERIN_RDRP
01 13:02:46:296 PLSQL: ERROR CARGANDO PROVEES
01 13:12:46:301 PLSQL: INICIANDO CARGA DE PROVEES EN  V10INTERIN_RDRP
01 13:12:46:303 PLSQL: ERROR CARGANDO PROVEES
01 13:22:46:321 PLSQL: INICIANDO CARGA DE PROVEES EN  V10INTERIN_RDRP
01 13:22:46:321 PLSQL: ERROR CARGANDO PROVEES
01 13:32:46:328 PLSQL: INICIANDO CARGA DE PROVEES EN  V10INTERIN_RDRP
01 13:32:46:330 PLSQL: ERROR CARGANDO PROVEES

00 13:34:12:825 Fichero de log cerrado.

00 13:34:39:737 Fichero de log abierto PID 4820

02 13:34:39:740 Intentando abrir fichero v10.ini
02 13:34:39:745 Cargando driver v10oracle funcion damedriveroracle
02 13:34:40:339 Conectado a base de datos
02 13:34:40:340 Proceso CARGA_PROVEES encontrado en tabla VDPROCESOS
02 13:34:40:342 Proceso CARGA_PROVEES cargado con función procesoperiodico (Librería VDKERNEL.DLL) direccion 6C002D10
02 13:34:40:344 PLSQL: INICIALIZADO PAQUETE DE LOG EL DIA 28-06-2022
02 13:34:40:355 Actualizado SID 505 SERIAL 61554 del proceso con PID 4820
02 13:34:40:355 Analizado cursor CCARGAPROVEES
02 13:34:40:355 Leidos 1 cursores
01 13:34:40:357 PLSQL: INICIANDO CARGA DE PROVEES EN  V10INTERIN_RDRP
01 13:34:40:359 PLSQL: ERROR CARGANDO PROVEES

00 13:35:55:742 Fichero de log cerrado.

00 13:36:00:060 Fichero de log abierto PID 15140

02 13:36:00:064 Intentando abrir fichero v10.ini
02 13:36:00:070 Cargando driver v10oracle funcion damedriveroracle
02 13:36:00:977 Conectado a base de datos
02 13:36:00:979 Proceso CARGA_PROVEES encontrado en tabla VDPROCESOS
02 13:36:00:980 Proceso CARGA_PROVEES cargado con función procesoperiodico (Librería VDKERNEL.DLL) direccion 6C002D10
02 13:36:00:981 PLSQL: INICIALIZADO PAQUETE DE LOG EL DIA 28-06-2022
02 13:36:00:995 Actualizado SID 128 SERIAL 12524 del proceso con PID 15140
02 13:36:00:995 Analizado cursor CCARGAPROVEES
02 13:36:00:995 Leidos 1 cursores
01 13:36:00:996 PLSQL: INICIANDO CARGA DE PROVEES EN  V10INTERIN_RDRP
01 13:36:00:998 PLSQL: ERROR CARGANDO PROVEES

00 13:36:42:907 Fichero de log cerrado.

00 13:44:14:540 Fichero de log abierto PID 1048

02 13:44:14:545 Intentando abrir fichero v10.ini
02 13:44:14:572 Cargando driver v10oracle funcion damedriveroracle
02 13:44:15:189 Conectado a base de datos
02 13:44:15:189 Proceso CARGA_PROVEES encontrado en tabla VDPROCESOS
02 13:44:15:192 Proceso CARGA_PROVEES cargado con función procesoperiodico (Librería VDKERNEL.DLL) direccion 6C002D10
02 13:44:15:193 PLSQL: INICIALIZADO PAQUETE DE LOG EL DIA 28-06-2022
02 13:44:15:204 Actualizado SID 748 SERIAL 20673 del proceso con PID 1048
02 13:44:15:205 Analizado cursor CCARGAPROVEES
02 13:44:15:205 Leidos 1 cursores
01 13:44:15:205 PLSQL: INICIANDO CARGA DE PROVEES EN  V10INTERIN_RDRP
01 13:44:15:205 PLSQL: ERROR CARGANDO PROVEES
01 13:54:15:214 PLSQL: INICIANDO CARGA DE PROVEES EN  V10INTERIN_RDRP
01 13:54:15:214 PLSQL: ERROR CARGANDO PROVEES
01 14:04:15:231 PLSQL: INICIANDO CARGA DE PROVEES EN  V10INTERIN_RDRP
01 14:04:15:231 PLSQL: ERROR CARGANDO PROVEES
01 14:14:15:241 PLSQL: INICIANDO CARGA DE PROVEES EN  V10INTERIN_RDRP
01 14:14:15:241 PLSQL: ERROR CARGANDO PROVEES
01 14:24:15:262 PLSQL: INICIANDO CARGA DE PROVEES EN  V10INTERIN_RDRP
01 14:24:15:262 PLSQL: ERROR CARGANDO PROVEES
01 14:34:15:267 PLSQL: INICIANDO CARGA DE PROVEES EN  V10INTERIN_RDRP
01 14:34:15:267 PLSQL: ERROR CARGANDO PROVEES
01 14:44:15:279 PLSQL: INICIANDO CARGA DE PROVEES EN  V10INTERIN_RDRP
01 14:44:15:281 PLSQL: ERROR CARGANDO PROVEES

00 14:45:59:842 Fichero de log cerrado.

00 14:46:22:660 Fichero de log abierto PID 3384

02 14:46:22:662 Intentando abrir fichero v10.ini
02 14:46:22:669 Cargando driver v10oracle funcion damedriveroracle
02 14:46:23:235 Conectado a base de datos
02 14:46:23:237 Proceso CARGA_PROVEES encontrado en tabla VDPROCESOS
02 14:46:23:237 Proceso CARGA_PROVEES cargado con función procesoperiodico (Librería VDKERNEL.DLL) direccion 6C002D10
02 14:46:23:240 PLSQL: INICIALIZADO PAQUETE DE LOG EL DIA 28-06-2022
02 14:46:23:250 Actualizado SID 257 SERIAL 34417 del proceso con PID 3384
02 14:46:23:252 Analizado cursor CCARGAPROVEES
02 14:46:23:252 Leidos 1 cursores
01 14:46:23:253 PLSQL: INICIANDO CARGA DE PROVEES EN  V10INTERIN_RDRP
01 14:46:23:254 PLSQL: ERROR CARGANDO PROVEES
01 14:56:23:267 PLSQL: INICIANDO CARGA DE PROVEES EN  V10INTERIN_RDRP
01 14:56:23:267 PLSQL: ERROR CARGANDO PROVEES
01 15:06:23:285 PLSQL: INICIANDO CARGA DE PROVEES EN  V10INTERIN_RDRP
01 15:06:23:285 PLSQL: ERROR CARGANDO PROVEES
01 15:16:23:303 PLSQL: INICIANDO CARGA DE PROVEES EN  V10INTERIN_RDRP
01 15:16:23:306 PLSQL: ERROR CARGANDO PROVEES
01 15:51:50:815 PLSQL: INICIANDO CARGA DE PROVEES EN  V10INTERIN_RDRP
01 15:51:50:815 PLSQL: ERROR CARGANDO PROVEES
01 16:01:50:833 PLSQL: INICIANDO CARGA DE PROVEES EN  V10INTERIN_RDRP
01 16:01:50:833 PLSQL: ERROR CARGANDO PROVEES
01 16:11:50:854 PLSQL: INICIANDO CARGA DE PROVEES EN  V10INTERIN_RDRP
01 16:11:50:855 PLSQL: ERROR CARGANDO PROVEES
01 16:21:50:864 PLSQL: INICIANDO CARGA DE PROVEES EN  V10INTERIN_RDRP
01 16:21:50:866 PLSQL: ERROR CARGANDO PROVEES
01 16:31:50:881 PLSQL: INICIANDO CARGA DE PROVEES EN  V10INTERIN_RDRP
01 16:31:50:881 PLSQL: ERROR CARGANDO PROVEES
01 16:41:50:891 PLSQL: INICIANDO CARGA DE PROVEES EN  V10INTERIN_RDRP
01 16:41:50:891 PLSQL: ERROR CARGANDO PROVEES
01 16:51:50:897 PLSQL: INICIANDO CARGA DE PROVEES EN  V10INTERIN_RDRP
01 16:51:50:897 PLSQL: ERROR CARGANDO PROVEES
01 17:01:50:912 PLSQL: INICIANDO CARGA DE PROVEES EN  V10INTERIN_RDRP
01 17:01:50:912 PLSQL: ERROR CARGANDO PROVEES
01 17:11:50:929 PLSQL: INICIANDO CARGA DE PROVEES EN  V10INTERIN_RDRP
01 17:11:50:929 PLSQL: ERROR CARGANDO PROVEES
01 17:21:50:942 PLSQL: INICIANDO CARGA DE PROVEES EN  V10INTERIN_RDRP
01 17:21:50:942 PLSQL: ERROR CARGANDO PROVEES
01 17:31:50:949 PLSQL: INICIANDO CARGA DE PROVEES EN  V10INTERIN_RDRP
01 17:31:50:949 PLSQL: ERROR CARGANDO PROVEES
01 17:41:50:959 PLSQL: INICIANDO CARGA DE PROVEES EN  V10INTERIN_RDRP
01 17:41:50:959 PLSQL: ERROR CARGANDO PROVEES
01 17:51:50:962 PLSQL: INICIANDO CARGA DE PROVEES EN  V10INTERIN_RDRP
01 17:51:50:965 PLSQL: ERROR CARGANDO PROVEES

00 17:58:49:099 Fichero de log cerrado.

