00 09:17:44:538 Fichero de log abierto PID 1904

02 09:17:44:540 Intentando abrir fichero v10.ini
02 09:17:44:547 Cargando driver v10oracle funcion damedriveroracle
02 09:17:45:005 Conectado a base de datos
02 09:17:45:007 Proceso CARGA_CLIENTES encontrado en tabla VDPROCESOS
02 09:17:45:007 Proceso CARGA_CLIENTES cargado con función procesoperiodico (Librería VDKERNEL.DLL) direccion 6C002D10
02 09:17:45:010 PLSQL: INICIALIZADO PAQUETE DE LOG EL DIA 28-06-2022
02 09:17:45:021 Actualizado SID 868 SERIAL 61145 del proceso con PID 1904
02 09:17:45:027 Analizado cursor CCARGACLIENTES
02 09:17:45:027 Leidos 1 cursores
01 09:17:45:028 PLSQL: INICIANDO CARGA DE CLIENTES EN  V10INTERIN_RDRP
01 09:17:45:030 PLSQL: ERROR CARGANDO CLIENTES
01 09:27:45:032 PLSQL: INICIANDO CARGA DE CLIENTES EN  V10INTERIN_RDRP
01 09:27:45:033 PLSQL: ERROR CARGANDO CLIENTES
01 09:37:45:040 PLSQL: INICIANDO CARGA DE CLIENTES EN  V10INTERIN_RDRP
01 09:37:45:040 PLSQL: ERROR CARGANDO CLIENTES

00 09:39:20:131 Fichero de log cerrado.

00 09:39:35:445 Fichero de log abierto PID 948

02 09:39:35:447 Intentando abrir fichero v10.ini
02 09:39:35:455 Cargando driver v10oracle funcion damedriveroracle
02 09:39:36:072 Conectado a base de datos
02 09:39:36:073 Proceso CARGA_CLIENTES encontrado en tabla VDPROCESOS
02 09:39:36:075 Proceso CARGA_CLIENTES cargado con función procesoperiodico (Librería VDKERNEL.DLL) direccion 6C002D10
02 09:39:36:077 PLSQL: INICIALIZADO PAQUETE DE LOG EL DIA 28-06-2022
02 09:39:36:085 Actualizado SID 377 SERIAL 13526 del proceso con PID 948
02 09:39:36:086 Analizado cursor CCARGACLIENTES
02 09:39:36:086 Leidos 1 cursores
01 09:39:36:087 PLSQL: INICIANDO CARGA DE CLIENTES EN  V10INTERIN_RDRP
01 09:39:36:088 PLSQL: ERROR CARGANDO CLIENTES
01 09:49:36:094 PLSQL: INICIANDO CARGA DE CLIENTES EN  V10INTERIN_RDRP
01 09:49:36:094 PLSQL: ERROR CARGANDO CLIENTES
01 09:59:36:110 PLSQL: INICIANDO CARGA DE CLIENTES EN  V10INTERIN_RDRP
01 09:59:36:110 PLSQL: ERROR CARGANDO CLIENTES
01 10:09:36:119 PLSQL: INICIANDO CARGA DE CLIENTES EN  V10INTERIN_RDRP
01 10:09:36:120 PLSQL: ERROR CARGANDO CLIENTES
01 10:19:36:132 PLSQL: INICIANDO CARGA DE CLIENTES EN  V10INTERIN_RDRP
01 10:19:36:132 PLSQL: ERROR CARGANDO CLIENTES
01 10:29:36:146 PLSQL: INICIANDO CARGA DE CLIENTES EN  V10INTERIN_RDRP
01 10:29:36:150 PLSQL: ERROR CARGANDO CLIENTES
01 10:39:36:163 PLSQL: INICIANDO CARGA DE CLIENTES EN  V10INTERIN_RDRP
01 10:39:36:163 PLSQL: ERROR CARGANDO CLIENTES
01 11:10:26:535 PLSQL: INICIANDO CARGA DE CLIENTES EN  V10INTERIN_RDRP
01 11:10:26:537 PLSQL: ERROR CARGANDO CLIENTES
01 11:20:26:539 PLSQL: INICIANDO CARGA DE CLIENTES EN  V10INTERIN_RDRP
01 11:20:26:540 PLSQL: ERROR CARGANDO CLIENTES
01 11:30:26:558 PLSQL: INICIANDO CARGA DE CLIENTES EN  V10INTERIN_RDRP
01 11:30:26:559 PLSQL: ERROR CARGANDO CLIENTES
01 11:40:26:590 PLSQL: INICIANDO CARGA DE CLIENTES EN  V10INTERIN_RDRP
01 11:40:26:591 PLSQL: ERROR CARGANDO CLIENTES
01 11:50:26:610 PLSQL: INICIANDO CARGA DE CLIENTES EN  V10INTERIN_RDRP
01 11:50:26:612 PLSQL: ERROR CARGANDO CLIENTES
01 12:00:26:636 PLSQL: INICIANDO CARGA DE CLIENTES EN  V10INTERIN_RDRP
01 12:00:26:637 PLSQL: ERROR CARGANDO CLIENTES
01 12:10:26:656 PLSQL: INICIANDO CARGA DE CLIENTES EN  V10INTERIN_RDRP
01 12:10:26:656 PLSQL: ERROR CARGANDO CLIENTES

00 12:12:08:720 Fichero de log cerrado.

00 12:12:22:055 Fichero de log abierto PID 11848

02 12:12:22:055 Intentando abrir fichero v10.ini
02 12:12:22:059 Cargando driver v10oracle funcion damedriveroracle
02 12:12:22:607 Conectado a base de datos
02 12:12:22:609 Proceso CARGA_CLIENTES encontrado en tabla VDPROCESOS
02 12:12:22:610 Proceso CARGA_CLIENTES cargado con función procesoperiodico (Librería VDKERNEL.DLL) direccion 6C002D10
02 12:12:22:611 PLSQL: INICIALIZADO PAQUETE DE LOG EL DIA 28-06-2022
02 12:12:22:622 Actualizado SID 751 SERIAL 16989 del proceso con PID 11848
02 12:12:22:624 Analizado cursor CCARGACLIENTES
02 12:12:22:624 Leidos 1 cursores
01 12:12:22:625 PLSQL: INICIANDO CARGA DE CLIENTES EN  V10INTERIN_RDRP
01 12:12:22:626 PLSQL: ERROR CARGANDO CLIENTES

00 12:17:16:447 Fichero de log cerrado.

00 12:17:33:747 Fichero de log abierto PID 11060

02 12:17:33:750 Intentando abrir fichero v10.ini
02 12:17:33:755 Cargando driver v10oracle funcion damedriveroracle
02 12:17:34:585 Conectado a base de datos
02 12:17:34:587 Proceso CARGA_CLIENTES encontrado en tabla VDPROCESOS
02 12:17:34:589 Proceso CARGA_CLIENTES cargado con función procesoperiodico (Librería VDKERNEL.DLL) direccion 6C002D10
02 12:17:34:590 PLSQL: INICIALIZADO PAQUETE DE LOG EL DIA 28-06-2022
02 12:17:34:600 Actualizado SID 377 SERIAL 21125 del proceso con PID 11060
02 12:17:34:602 Analizado cursor CCARGACLIENTES
02 12:17:34:602 Leidos 1 cursores
01 12:17:34:603 PLSQL: INICIANDO CARGA DE CLIENTES EN  V10INTERIN_RDRP
01 12:17:34:605 PLSQL: ERROR CARGANDO CLIENTES
01 12:27:34:615 PLSQL: INICIANDO CARGA DE CLIENTES EN  V10INTERIN_RDRP
01 12:27:34:615 PLSQL: ERROR CARGANDO CLIENTES
01 12:41:29:216 PLSQL: INICIANDO CARGA DE CLIENTES EN  V10INTERIN_RDRP
01 12:41:29:232 PLSQL: ERROR CARGANDO CLIENTES

00 12:42:30:060 Fichero de log cerrado.

00 12:42:45:472 Fichero de log abierto PID 4456

02 12:42:45:474 Intentando abrir fichero v10.ini
02 12:42:45:479 Cargando driver v10oracle funcion damedriveroracle
02 12:42:46:047 Conectado a base de datos
02 12:42:46:049 Proceso CARGA_CLIENTES encontrado en tabla VDPROCESOS
02 12:42:46:049 Proceso CARGA_CLIENTES cargado con función procesoperiodico (Librería VDKERNEL.DLL) direccion 6C002D10
02 12:42:46:051 PLSQL: INICIALIZADO PAQUETE DE LOG EL DIA 28-06-2022
02 12:42:46:060 Actualizado SID 508 SERIAL 19725 del proceso con PID 4456
02 12:42:46:060 Analizado cursor CCARGACLIENTES
02 12:42:46:060 Leidos 1 cursores
01 12:42:46:062 PLSQL: INICIANDO CARGA DE CLIENTES EN  V10INTERIN_RDRP
01 12:42:46:064 PLSQL: ERROR CARGANDO CLIENTES
01 12:52:46:071 PLSQL: INICIANDO CARGA DE CLIENTES EN  V10INTERIN_RDRP
01 12:52:46:071 PLSQL: ERROR CARGANDO CLIENTES
01 13:02:46:082 PLSQL: INICIANDO CARGA DE CLIENTES EN  V10INTERIN_RDRP
01 13:02:46:082 PLSQL: ERROR CARGANDO CLIENTES
01 13:12:46:096 PLSQL: INICIANDO CARGA DE CLIENTES EN  V10INTERIN_RDRP
01 13:12:46:098 PLSQL: ERROR CARGANDO CLIENTES
01 13:22:46:104 PLSQL: INICIANDO CARGA DE CLIENTES EN  V10INTERIN_RDRP
01 13:22:46:104 PLSQL: ERROR CARGANDO CLIENTES
01 13:32:46:107 PLSQL: INICIANDO CARGA DE CLIENTES EN  V10INTERIN_RDRP
01 13:32:46:108 PLSQL: ERROR CARGANDO CLIENTES

00 13:34:12:797 Fichero de log cerrado.

00 13:34:39:652 Fichero de log abierto PID 10380

02 13:34:39:655 Intentando abrir fichero v10.ini
02 13:34:39:662 Cargando driver v10oracle funcion damedriveroracle
02 13:34:40:429 Conectado a base de datos
02 13:34:40:430 Proceso CARGA_CLIENTES encontrado en tabla VDPROCESOS
02 13:34:40:432 Proceso CARGA_CLIENTES cargado con función procesoperiodico (Librería VDKERNEL.DLL) direccion 6C002D10
02 13:34:40:434 PLSQL: INICIALIZADO PAQUETE DE LOG EL DIA 28-06-2022
02 13:34:40:444 Actualizado SID 134 SERIAL 49728 del proceso con PID 10380
02 13:34:40:445 Analizado cursor CCARGACLIENTES
02 13:34:40:445 Leidos 1 cursores
01 13:34:40:446 PLSQL: INICIANDO CARGA DE CLIENTES EN  V10INTERIN_RDRP
01 13:34:40:448 PLSQL: ERROR CARGANDO CLIENTES

00 13:35:55:740 Fichero de log cerrado.

00 13:35:59:754 Fichero de log abierto PID 11864

02 13:35:59:755 Intentando abrir fichero v10.ini
02 13:35:59:762 Cargando driver v10oracle funcion damedriveroracle
02 13:36:00:752 Conectado a base de datos
02 13:36:00:754 Proceso CARGA_CLIENTES encontrado en tabla VDPROCESOS
02 13:36:00:754 Proceso CARGA_CLIENTES cargado con función procesoperiodico (Librería VDKERNEL.DLL) direccion 6C002D10
02 13:36:00:756 PLSQL: INICIALIZADO PAQUETE DE LOG EL DIA 28-06-2022
02 13:36:00:767 Actualizado SID 868 SERIAL 24393 del proceso con PID 11864
02 13:36:00:770 Analizado cursor CCARGACLIENTES
02 13:36:00:770 Leidos 1 cursores
01 13:36:00:771 PLSQL: INICIANDO CARGA DE CLIENTES EN  V10INTERIN_RDRP
01 13:36:00:773 PLSQL: ERROR CARGANDO CLIENTES

00 13:36:42:907 Fichero de log cerrado.

00 13:44:14:522 Fichero de log abierto PID 8712

02 13:44:14:527 Intentando abrir fichero v10.ini
02 13:44:14:532 Cargando driver v10oracle funcion damedriveroracle
02 13:44:15:172 Conectado a base de datos
02 13:44:15:174 Proceso CARGA_CLIENTES encontrado en tabla VDPROCESOS
02 13:44:15:174 Proceso CARGA_CLIENTES cargado con función procesoperiodico (Librería VDKERNEL.DLL) direccion 6C002D10
02 13:44:15:177 PLSQL: INICIALIZADO PAQUETE DE LOG EL DIA 28-06-2022
02 13:44:15:185 Actualizado SID 135 SERIAL 17659 del proceso con PID 8712
02 13:44:15:187 Analizado cursor CCARGACLIENTES
02 13:44:15:187 Leidos 1 cursores
01 13:44:15:187 PLSQL: INICIANDO CARGA DE CLIENTES EN  V10INTERIN_RDRP
01 13:44:15:189 PLSQL: ERROR CARGANDO CLIENTES
01 13:54:15:193 PLSQL: INICIANDO CARGA DE CLIENTES EN  V10INTERIN_RDRP
01 13:54:15:194 PLSQL: ERROR CARGANDO CLIENTES
01 14:04:15:205 PLSQL: INICIANDO CARGA DE CLIENTES EN  V10INTERIN_RDRP
01 14:04:15:209 PLSQL: ERROR CARGANDO CLIENTES
01 14:14:15:223 PLSQL: INICIANDO CARGA DE CLIENTES EN  V10INTERIN_RDRP
01 14:14:15:225 PLSQL: ERROR CARGANDO CLIENTES
01 14:24:15:245 PLSQL: INICIANDO CARGA DE CLIENTES EN  V10INTERIN_RDRP
01 14:24:15:245 PLSQL: ERROR CARGANDO CLIENTES
01 14:34:15:248 PLSQL: INICIANDO CARGA DE CLIENTES EN  V10INTERIN_RDRP
01 14:34:15:249 PLSQL: ERROR CARGANDO CLIENTES
01 14:44:15:263 PLSQL: INICIANDO CARGA DE CLIENTES EN  V10INTERIN_RDRP
01 14:44:15:263 PLSQL: ERROR CARGANDO CLIENTES

00 14:45:59:842 Fichero de log cerrado.

00 14:46:22:462 Fichero de log abierto PID 5384

02 14:46:22:474 Intentando abrir fichero v10.ini
02 14:46:22:482 Cargando driver v10oracle funcion damedriveroracle
02 14:46:23:159 Conectado a base de datos
02 14:46:23:160 Proceso CARGA_CLIENTES encontrado en tabla VDPROCESOS
02 14:46:23:160 Proceso CARGA_CLIENTES cargado con función procesoperiodico (Librería VDKERNEL.DLL) direccion 6C002D10
02 14:46:23:164 PLSQL: INICIALIZADO PAQUETE DE LOG EL DIA 28-06-2022
02 14:46:23:175 Actualizado SID 134 SERIAL 63483 del proceso con PID 5384
02 14:46:23:175 Analizado cursor CCARGACLIENTES
02 14:46:23:175 Leidos 1 cursores
01 14:46:23:176 PLSQL: INICIANDO CARGA DE CLIENTES EN  V10INTERIN_RDRP
01 14:46:23:178 PLSQL: ERROR CARGANDO CLIENTES
01 14:56:23:182 PLSQL: INICIANDO CARGA DE CLIENTES EN  V10INTERIN_RDRP
01 14:56:23:182 PLSQL: ERROR CARGANDO CLIENTES
01 15:06:23:200 PLSQL: INICIANDO CARGA DE CLIENTES EN  V10INTERIN_RDRP
01 15:06:23:200 PLSQL: ERROR CARGANDO CLIENTES
01 15:16:23:211 PLSQL: INICIANDO CARGA DE CLIENTES EN  V10INTERIN_RDRP
01 15:16:23:212 PLSQL: ERROR CARGANDO CLIENTES
01 15:51:50:815 PLSQL: INICIANDO CARGA DE CLIENTES EN  V10INTERIN_RDRP
01 15:51:50:815 PLSQL: ERROR CARGANDO CLIENTES
01 16:01:50:879 PLSQL: INICIANDO CARGA DE CLIENTES EN  V10INTERIN_RDRP
01 16:01:50:880 PLSQL: ERROR CARGANDO CLIENTES
01 16:11:50:886 PLSQL: INICIANDO CARGA DE CLIENTES EN  V10INTERIN_RDRP
01 16:11:50:887 PLSQL: ERROR CARGANDO CLIENTES
01 16:21:50:895 PLSQL: INICIANDO CARGA DE CLIENTES EN  V10INTERIN_RDRP
01 16:21:50:896 PLSQL: ERROR CARGANDO CLIENTES
01 16:31:50:915 PLSQL: INICIANDO CARGA DE CLIENTES EN  V10INTERIN_RDRP
01 16:31:50:915 PLSQL: ERROR CARGANDO CLIENTES
01 16:41:50:926 PLSQL: INICIANDO CARGA DE CLIENTES EN  V10INTERIN_RDRP
01 16:41:50:926 PLSQL: ERROR CARGANDO CLIENTES
01 16:51:50:944 PLSQL: INICIANDO CARGA DE CLIENTES EN  V10INTERIN_RDRP
01 16:51:50:944 PLSQL: ERROR CARGANDO CLIENTES
01 17:01:50:961 PLSQL: INICIANDO CARGA DE CLIENTES EN  V10INTERIN_RDRP
01 17:01:50:961 PLSQL: ERROR CARGANDO CLIENTES
01 17:11:50:980 PLSQL: INICIANDO CARGA DE CLIENTES EN  V10INTERIN_RDRP
01 17:11:50:980 PLSQL: ERROR CARGANDO CLIENTES
01 17:21:50:997 PLSQL: INICIANDO CARGA DE CLIENTES EN  V10INTERIN_RDRP
01 17:21:50:997 PLSQL: ERROR CARGANDO CLIENTES
01 17:31:51:013 PLSQL: INICIANDO CARGA DE CLIENTES EN  V10INTERIN_RDRP
01 17:31:51:013 PLSQL: ERROR CARGANDO CLIENTES
01 17:41:51:038 PLSQL: INICIANDO CARGA DE CLIENTES EN  V10INTERIN_RDRP
01 17:41:51:038 PLSQL: ERROR CARGANDO CLIENTES
01 17:51:51:071 PLSQL: INICIANDO CARGA DE CLIENTES EN  V10INTERIN_RDRP
01 17:51:51:073 PLSQL: ERROR CARGANDO CLIENTES

00 17:58:49:097 Fichero de log cerrado.

