00 09:11:28:185 Fichero de log abierto PID 8996

02 09:11:28:187 Intentando abrir fichero v10.ini
02 09:11:28:192 Cargando driver v10oracle funcion damedriveroracle
02 09:11:28:925 Conectado a base de datos
02 09:11:28:927 Proceso CARGA_CLIENTES encontrado en tabla VDPROCESOS
02 09:11:28:927 Proceso CARGA_CLIENTES cargado con función procesoperiodico (Librería VDKERNEL.DLL) direccion 6DB62D10
02 09:11:28:929 PLSQL: INICIALIZADO PAQUETE DE LOG EL DIA 08-04-2022
02 09:11:28:937 Actualizado SID 508 SERIAL 47146 del proceso con PID 8996
02 09:11:28:942 Analizado cursor CCARGACLIENTES
02 09:11:28:942 Leidos 1 cursores
01 09:11:28:944 PLSQL: INICIANDO CARGA DE CLIENTES EN  V10INTERIN_RDRP
01 09:11:28:945 PLSQL: ERROR CARGANDO CLIENTES
01 09:21:28:958 PLSQL: INICIANDO CARGA DE CLIENTES EN  V10INTERIN_RDRP
01 09:21:28:960 PLSQL: ERROR CARGANDO CLIENTES
01 09:31:28:964 PLSQL: INICIANDO CARGA DE CLIENTES EN  V10INTERIN_RDRP
01 09:31:28:966 PLSQL: ERROR CARGANDO CLIENTES
01 09:41:28:971 PLSQL: INICIANDO CARGA DE CLIENTES EN  V10INTERIN_RDRP
01 09:41:28:974 PLSQL: ERROR CARGANDO CLIENTES
01 09:51:28:985 PLSQL: INICIANDO CARGA DE CLIENTES EN  V10INTERIN_RDRP
01 09:51:28:987 PLSQL: ERROR CARGANDO CLIENTES
01 10:01:28:992 PLSQL: INICIANDO CARGA DE CLIENTES EN  V10INTERIN_RDRP
01 10:01:28:994 PLSQL: ERROR CARGANDO CLIENTES
01 10:11:28:997 PLSQL: INICIANDO CARGA DE CLIENTES EN  V10INTERIN_RDRP
01 10:11:29:000 PLSQL: ERROR CARGANDO CLIENTES
01 10:21:29:011 PLSQL: INICIANDO CARGA DE CLIENTES EN  V10INTERIN_RDRP
01 10:21:29:012 PLSQL: ERROR CARGANDO CLIENTES
01 10:31:29:026 PLSQL: INICIANDO CARGA DE CLIENTES EN  V10INTERIN_RDRP
01 10:31:29:027 PLSQL: ERROR CARGANDO CLIENTES
01 10:41:27:958 PLSQL: INICIANDO CARGA DE CLIENTES EN  V10INTERIN_RDRP
01 10:41:27:960 PLSQL: ERROR CARGANDO CLIENTES
01 10:51:27:975 PLSQL: INICIANDO CARGA DE CLIENTES EN  V10INTERIN_RDRP
01 10:51:27:976 PLSQL: ERROR CARGANDO CLIENTES
01 11:01:27:984 PLSQL: INICIANDO CARGA DE CLIENTES EN  V10INTERIN_RDRP
01 11:01:27:986 PLSQL: ERROR CARGANDO CLIENTES
01 11:38:45:191 PLSQL: INICIANDO CARGA DE CLIENTES EN  V10INTERIN_RDRP
01 11:38:45:265 PLSQL: ERROR CARGANDO CLIENTES
01 11:48:45:972 PLSQL: INICIANDO CARGA DE CLIENTES EN  V10INTERIN_RDRP
01 11:48:45:973 PLSQL: ERROR CARGANDO CLIENTES
01 11:58:45:987 PLSQL: INICIANDO CARGA DE CLIENTES EN  V10INTERIN_RDRP
01 11:58:45:989 PLSQL: ERROR CARGANDO CLIENTES
01 12:08:45:994 PLSQL: INICIANDO CARGA DE CLIENTES EN  V10INTERIN_RDRP
01 12:08:45:995 PLSQL: ERROR CARGANDO CLIENTES
01 12:18:46:008 PLSQL: INICIANDO CARGA DE CLIENTES EN  V10INTERIN_RDRP
01 12:18:46:010 PLSQL: ERROR CARGANDO CLIENTES
01 12:28:46:020 PLSQL: INICIANDO CARGA DE CLIENTES EN  V10INTERIN_RDRP
01 12:28:46:021 PLSQL: ERROR CARGANDO CLIENTES
01 12:38:46:030 PLSQL: INICIANDO CARGA DE CLIENTES EN  V10INTERIN_RDRP
01 12:38:46:031 PLSQL: ERROR CARGANDO CLIENTES
01 12:48:46:038 PLSQL: INICIANDO CARGA DE CLIENTES EN  V10INTERIN_RDRP
01 12:48:46:040 PLSQL: ERROR CARGANDO CLIENTES
01 12:58:46:048 PLSQL: INICIANDO CARGA DE CLIENTES EN  V10INTERIN_RDRP
01 12:58:46:051 PLSQL: ERROR CARGANDO CLIENTES
01 13:08:46:062 PLSQL: INICIANDO CARGA DE CLIENTES EN  V10INTERIN_RDRP
01 13:08:46:063 PLSQL: ERROR CARGANDO CLIENTES
01 13:18:46:070 PLSQL: INICIANDO CARGA DE CLIENTES EN  V10INTERIN_RDRP
01 13:18:46:072 PLSQL: ERROR CARGANDO CLIENTES
01 13:28:46:079 PLSQL: INICIANDO CARGA DE CLIENTES EN  V10INTERIN_RDRP
01 13:28:46:080 PLSQL: ERROR CARGANDO CLIENTES
01 13:38:46:091 PLSQL: INICIANDO CARGA DE CLIENTES EN  V10INTERIN_RDRP
01 13:38:46:093 PLSQL: ERROR CARGANDO CLIENTES
01 13:48:46:107 PLSQL: INICIANDO CARGA DE CLIENTES EN  V10INTERIN_RDRP
01 13:48:46:108 PLSQL: ERROR CARGANDO CLIENTES
01 13:58:46:114 PLSQL: INICIANDO CARGA DE CLIENTES EN  V10INTERIN_RDRP
01 13:58:46:114 PLSQL: ERROR CARGANDO CLIENTES

00 13:59:39:795 Fichero de log cerrado.

