00 09:10:29:963 Fichero de log abierto PID 5004

02 09:10:29:965 Intentando abrir fichero v10.ini
02 09:10:29:970 Cargando driver v10oracle funcion damedriveroracle
02 09:10:30:383 Conectado a base de datos
02 09:10:30:386 Proceso CARGA_CLIENTES encontrado en tabla VDPROCESOS
02 09:10:30:387 Proceso CARGA_CLIENTES cargado con función procesoperiodico (Librería VDKERNEL.DLL) direccion 6F892D10
02 09:10:30:389 PLSQL: INICIALIZADO PAQUETE DE LOG EL DIA 06-04-2022
02 09:10:30:457 Actualizado SID 266 SERIAL 59073 del proceso con PID 5004
02 09:10:30:462 Analizado cursor CCARGACLIENTES
02 09:10:30:462 Leidos 1 cursores
01 09:10:30:465 PLSQL: INICIANDO CARGA DE CLIENTES EN  V10INTERIN_RDRP
01 09:10:30:466 PLSQL: ERROR CARGANDO CLIENTES
01 09:20:30:477 PLSQL: INICIANDO CARGA DE CLIENTES EN  V10INTERIN_RDRP
01 09:20:30:477 PLSQL: ERROR CARGANDO CLIENTES
01 09:30:30:492 PLSQL: INICIANDO CARGA DE CLIENTES EN  V10INTERIN_RDRP
01 09:30:30:514 PLSQL: ERROR CARGANDO CLIENTES
01 09:40:30:530 PLSQL: INICIANDO CARGA DE CLIENTES EN  V10INTERIN_RDRP
01 09:40:30:531 PLSQL: ERROR CARGANDO CLIENTES
01 09:50:30:536 PLSQL: INICIANDO CARGA DE CLIENTES EN  V10INTERIN_RDRP
01 09:50:30:538 PLSQL: ERROR CARGANDO CLIENTES

00 09:52:22:433 Fichero de log cerrado.

00 09:52:39:207 Fichero de log abierto PID 14780

02 09:52:39:211 Intentando abrir fichero v10.ini
02 09:52:39:220 Cargando driver v10oracle funcion damedriveroracle
02 09:52:40:018 Conectado a base de datos
02 09:52:40:021 Proceso CARGA_CLIENTES encontrado en tabla VDPROCESOS
02 09:52:40:022 Proceso CARGA_CLIENTES cargado con función procesoperiodico (Librería VDKERNEL.DLL) direccion 6F892D10
02 09:52:40:024 PLSQL: INICIALIZADO PAQUETE DE LOG EL DIA 06-04-2022
02 09:52:40:036 Actualizado SID 387 SERIAL 64856 del proceso con PID 14780
02 09:52:40:037 Analizado cursor CCARGACLIENTES
02 09:52:40:037 Leidos 1 cursores
01 09:52:40:038 PLSQL: INICIANDO CARGA DE CLIENTES EN  V10INTERIN_RDRP
01 09:52:40:040 PLSQL: ERROR CARGANDO CLIENTES
01 10:02:40:055 PLSQL: INICIANDO CARGA DE CLIENTES EN  V10INTERIN_RDRP
01 10:02:40:058 PLSQL: ERROR CARGANDO CLIENTES
01 10:12:40:072 PLSQL: INICIANDO CARGA DE CLIENTES EN  V10INTERIN_RDRP
01 10:12:40:073 PLSQL: ERROR CARGANDO CLIENTES
01 10:22:40:083 PLSQL: INICIANDO CARGA DE CLIENTES EN  V10INTERIN_RDRP
01 10:22:40:084 PLSQL: ERROR CARGANDO CLIENTES
01 10:32:40:100 PLSQL: INICIANDO CARGA DE CLIENTES EN  V10INTERIN_RDRP
01 10:32:40:101 PLSQL: ERROR CARGANDO CLIENTES
01 10:42:40:104 PLSQL: INICIANDO CARGA DE CLIENTES EN  V10INTERIN_RDRP
01 10:42:40:106 PLSQL: ERROR CARGANDO CLIENTES
01 10:52:40:115 PLSQL: INICIANDO CARGA DE CLIENTES EN  V10INTERIN_RDRP
01 10:52:40:116 PLSQL: ERROR CARGANDO CLIENTES
01 11:02:40:121 PLSQL: INICIANDO CARGA DE CLIENTES EN  V10INTERIN_RDRP
01 11:02:40:122 PLSQL: ERROR CARGANDO CLIENTES
01 11:12:40:139 PLSQL: INICIANDO CARGA DE CLIENTES EN  V10INTERIN_RDRP
01 11:12:40:140 PLSQL: ERROR CARGANDO CLIENTES
01 11:22:40:149 PLSQL: INICIANDO CARGA DE CLIENTES EN  V10INTERIN_RDRP
01 11:22:40:151 PLSQL: ERROR CARGANDO CLIENTES
01 11:42:14:956 PLSQL: INICIANDO CARGA DE CLIENTES EN  V10INTERIN_RDRP
01 11:42:14:958 PLSQL: ERROR CARGANDO CLIENTES
01 11:52:14:972 PLSQL: INICIANDO CARGA DE CLIENTES EN  V10INTERIN_RDRP
01 11:52:14:988 PLSQL: ERROR CARGANDO CLIENTES
01 12:02:15:001 PLSQL: INICIANDO CARGA DE CLIENTES EN  V10INTERIN_RDRP
01 12:02:15:003 PLSQL: ERROR CARGANDO CLIENTES
01 12:12:15:018 PLSQL: INICIANDO CARGA DE CLIENTES EN  V10INTERIN_RDRP
01 12:12:15:020 PLSQL: ERROR CARGANDO CLIENTES
01 12:22:15:034 PLSQL: INICIANDO CARGA DE CLIENTES EN  V10INTERIN_RDRP
01 12:22:15:037 PLSQL: ERROR CARGANDO CLIENTES
01 12:32:15:043 PLSQL: INICIANDO CARGA DE CLIENTES EN  V10INTERIN_RDRP
01 12:32:15:043 PLSQL: ERROR CARGANDO CLIENTES
01 12:42:15:061 PLSQL: INICIANDO CARGA DE CLIENTES EN  V10INTERIN_RDRP
01 12:42:15:064 PLSQL: ERROR CARGANDO CLIENTES
01 12:52:15:071 PLSQL: INICIANDO CARGA DE CLIENTES EN  V10INTERIN_RDRP
01 12:52:15:074 PLSQL: ERROR CARGANDO CLIENTES
01 13:02:15:080 PLSQL: INICIANDO CARGA DE CLIENTES EN  V10INTERIN_RDRP
01 13:02:15:084 PLSQL: ERROR CARGANDO CLIENTES
01 13:12:15:087 PLSQL: INICIANDO CARGA DE CLIENTES EN  V10INTERIN_RDRP
01 13:12:15:091 PLSQL: ERROR CARGANDO CLIENTES
01 13:22:15:097 PLSQL: INICIANDO CARGA DE CLIENTES EN  V10INTERIN_RDRP
01 13:22:15:100 PLSQL: ERROR CARGANDO CLIENTES
01 13:32:15:105 PLSQL: INICIANDO CARGA DE CLIENTES EN  V10INTERIN_RDRP
01 13:32:15:109 PLSQL: ERROR CARGANDO CLIENTES
01 13:42:15:123 PLSQL: INICIANDO CARGA DE CLIENTES EN  V10INTERIN_RDRP
01 13:42:15:125 PLSQL: ERROR CARGANDO CLIENTES
01 13:52:15:134 PLSQL: INICIANDO CARGA DE CLIENTES EN  V10INTERIN_RDRP
01 13:52:15:136 PLSQL: ERROR CARGANDO CLIENTES
01 14:02:15:151 PLSQL: INICIANDO CARGA DE CLIENTES EN  V10INTERIN_RDRP
01 14:02:15:154 PLSQL: ERROR CARGANDO CLIENTES
01 14:12:15:168 PLSQL: INICIANDO CARGA DE CLIENTES EN  V10INTERIN_RDRP
01 14:12:15:170 PLSQL: ERROR CARGANDO CLIENTES
01 14:22:15:173 PLSQL: INICIANDO CARGA DE CLIENTES EN  V10INTERIN_RDRP
01 14:22:15:175 PLSQL: ERROR CARGANDO CLIENTES
01 14:32:15:180 PLSQL: INICIANDO CARGA DE CLIENTES EN  V10INTERIN_RDRP
01 14:32:15:181 PLSQL: ERROR CARGANDO CLIENTES
01 14:42:15:186 PLSQL: INICIANDO CARGA DE CLIENTES EN  V10INTERIN_RDRP
01 14:42:15:188 PLSQL: ERROR CARGANDO CLIENTES
01 14:52:15:194 PLSQL: INICIANDO CARGA DE CLIENTES EN  V10INTERIN_RDRP
01 14:52:15:195 PLSQL: ERROR CARGANDO CLIENTES
01 15:49:40:851 PLSQL: INICIANDO CARGA DE CLIENTES EN  V10INTERIN_RDRP
01 15:49:40:900 PLSQL: ERROR CARGANDO CLIENTES
01 15:59:40:916 PLSQL: INICIANDO CARGA DE CLIENTES EN  V10INTERIN_RDRP
01 15:59:40:917 PLSQL: ERROR CARGANDO CLIENTES
01 16:09:40:930 PLSQL: INICIANDO CARGA DE CLIENTES EN  V10INTERIN_RDRP
01 16:09:40:931 PLSQL: ERROR CARGANDO CLIENTES
01 16:19:40:943 PLSQL: INICIANDO CARGA DE CLIENTES EN  V10INTERIN_RDRP
01 16:19:40:945 PLSQL: ERROR CARGANDO CLIENTES
01 16:29:40:962 PLSQL: INICIANDO CARGA DE CLIENTES EN  V10INTERIN_RDRP
01 16:29:40:964 PLSQL: ERROR CARGANDO CLIENTES
01 16:39:40:979 PLSQL: INICIANDO CARGA DE CLIENTES EN  V10INTERIN_RDRP
01 16:39:40:980 PLSQL: ERROR CARGANDO CLIENTES
01 16:49:40:993 PLSQL: INICIANDO CARGA DE CLIENTES EN  V10INTERIN_RDRP
01 16:49:40:997 PLSQL: ERROR CARGANDO CLIENTES
01 16:59:41:002 PLSQL: INICIANDO CARGA DE CLIENTES EN  V10INTERIN_RDRP
01 16:59:41:004 PLSQL: ERROR CARGANDO CLIENTES
01 17:09:41:017 PLSQL: INICIANDO CARGA DE CLIENTES EN  V10INTERIN_RDRP
01 17:09:41:019 PLSQL: ERROR CARGANDO CLIENTES
01 17:19:41:031 PLSQL: INICIANDO CARGA DE CLIENTES EN  V10INTERIN_RDRP
01 17:19:41:034 PLSQL: ERROR CARGANDO CLIENTES
01 17:29:41:043 PLSQL: INICIANDO CARGA DE CLIENTES EN  V10INTERIN_RDRP
01 17:29:41:045 PLSQL: ERROR CARGANDO CLIENTES
01 17:39:41:058 PLSQL: INICIANDO CARGA DE CLIENTES EN  V10INTERIN_RDRP
01 17:39:41:059 PLSQL: ERROR CARGANDO CLIENTES
01 17:49:41:070 PLSQL: INICIANDO CARGA DE CLIENTES EN  V10INTERIN_RDRP
01 17:49:41:072 PLSQL: ERROR CARGANDO CLIENTES

00 17:56:19:852 Fichero de log cerrado.

