00 09:08:31:461 Fichero de log abierto PID 16984

02 09:08:31:462 Intentando abrir fichero v10.ini
02 09:08:31:467 Cargando driver v10oracle funcion damedriveroracle
02 09:08:32:202 Conectado a base de datos
02 09:08:32:203 Proceso CARGA_CODARTALT encontrado en tabla VDPROCESOS
02 09:08:32:205 Proceso CARGA_CODARTALT cargado con función procesoperiodico (Librería VDKERNEL.DLL) direccion 6FF62D10
02 09:08:32:207 PLSQL: INICIALIZADO PAQUETE DE LOG EL DIA 28-03-2022
02 09:08:32:215 Actualizado SID 258 SERIAL 55650 del proceso con PID 16984
02 09:08:32:221 Analizado cursor CCARGAARTICULOS
02 09:08:32:221 Leidos 1 cursores
01 09:08:32:223 PLSQL: INICIANDO CARGA DE CODARTALT EN  V10INTERIN_RDRP
01 09:08:32:224 PLSQL: ERROR CARGANDO CODARTALT
01 09:18:32:233 PLSQL: INICIANDO CARGA DE CODARTALT EN  V10INTERIN_RDRP
01 09:18:32:236 PLSQL: ERROR CARGANDO CODARTALT
01 09:28:32:245 PLSQL: INICIANDO CARGA DE CODARTALT EN  V10INTERIN_RDRP
01 09:28:32:248 PLSQL: ERROR CARGANDO CODARTALT
01 09:38:32:253 PLSQL: INICIANDO CARGA DE CODARTALT EN  V10INTERIN_RDRP
01 09:38:32:255 PLSQL: ERROR CARGANDO CODARTALT
01 09:48:32:258 PLSQL: INICIANDO CARGA DE CODARTALT EN  V10INTERIN_RDRP
01 09:48:32:259 PLSQL: ERROR CARGANDO CODARTALT
01 09:58:32:267 PLSQL: INICIANDO CARGA DE CODARTALT EN  V10INTERIN_RDRP
01 09:58:32:269 PLSQL: ERROR CARGANDO CODARTALT
01 10:08:32:286 PLSQL: INICIANDO CARGA DE CODARTALT EN  V10INTERIN_RDRP
01 10:08:32:287 PLSQL: ERROR CARGANDO CODARTALT
01 10:18:32:297 PLSQL: INICIANDO CARGA DE CODARTALT EN  V10INTERIN_RDRP
01 10:18:32:300 PLSQL: ERROR CARGANDO CODARTALT
01 10:28:32:308 PLSQL: INICIANDO CARGA DE CODARTALT EN  V10INTERIN_RDRP
01 10:28:32:311 PLSQL: ERROR CARGANDO CODARTALT
01 10:38:32:317 PLSQL: INICIANDO CARGA DE CODARTALT EN  V10INTERIN_RDRP
01 10:38:32:321 PLSQL: ERROR CARGANDO CODARTALT
01 10:48:32:337 PLSQL: INICIANDO CARGA DE CODARTALT EN  V10INTERIN_RDRP
01 10:48:32:338 PLSQL: ERROR CARGANDO CODARTALT
01 10:58:32:349 PLSQL: INICIANDO CARGA DE CODARTALT EN  V10INTERIN_RDRP
01 10:58:32:351 PLSQL: ERROR CARGANDO CODARTALT
01 11:08:32:366 PLSQL: INICIANDO CARGA DE CODARTALT EN  V10INTERIN_RDRP
01 11:08:32:367 PLSQL: ERROR CARGANDO CODARTALT
01 11:18:28:153 PLSQL: INICIANDO CARGA DE CODARTALT EN  V10INTERIN_RDRP
01 11:18:28:154 PLSQL: ERROR CARGANDO CODARTALT
01 11:28:28:171 PLSQL: INICIANDO CARGA DE CODARTALT EN  V10INTERIN_RDRP
01 11:28:28:174 PLSQL: ERROR CARGANDO CODARTALT
01 11:38:28:182 PLSQL: INICIANDO CARGA DE CODARTALT EN  V10INTERIN_RDRP
01 11:38:28:185 PLSQL: ERROR CARGANDO CODARTALT
01 11:48:28:197 PLSQL: INICIANDO CARGA DE CODARTALT EN  V10INTERIN_RDRP
01 11:48:28:198 PLSQL: ERROR CARGANDO CODARTALT
01 11:58:28:204 PLSQL: INICIANDO CARGA DE CODARTALT EN  V10INTERIN_RDRP
01 11:58:28:206 PLSQL: ERROR CARGANDO CODARTALT
01 12:08:28:222 PLSQL: INICIANDO CARGA DE CODARTALT EN  V10INTERIN_RDRP
01 12:08:28:223 PLSQL: ERROR CARGANDO CODARTALT
01 12:18:28:233 PLSQL: INICIANDO CARGA DE CODARTALT EN  V10INTERIN_RDRP
01 12:18:28:234 PLSQL: ERROR CARGANDO CODARTALT
01 12:28:28:241 PLSQL: INICIANDO CARGA DE CODARTALT EN  V10INTERIN_RDRP
01 12:28:28:244 PLSQL: ERROR CARGANDO CODARTALT
01 12:38:28:250 PLSQL: INICIANDO CARGA DE CODARTALT EN  V10INTERIN_RDRP
01 12:38:28:252 PLSQL: ERROR CARGANDO CODARTALT
01 12:48:28:264 PLSQL: INICIANDO CARGA DE CODARTALT EN  V10INTERIN_RDRP
01 12:48:28:266 PLSQL: ERROR CARGANDO CODARTALT
01 12:58:28:268 PLSQL: INICIANDO CARGA DE CODARTALT EN  V10INTERIN_RDRP
01 12:58:28:271 PLSQL: ERROR CARGANDO CODARTALT
01 13:08:28:273 PLSQL: INICIANDO CARGA DE CODARTALT EN  V10INTERIN_RDRP
01 13:08:28:276 PLSQL: ERROR CARGANDO CODARTALT
01 13:18:28:290 PLSQL: INICIANDO CARGA DE CODARTALT EN  V10INTERIN_RDRP
01 13:18:28:294 PLSQL: ERROR CARGANDO CODARTALT
01 13:28:28:306 PLSQL: INICIANDO CARGA DE CODARTALT EN  V10INTERIN_RDRP
01 13:28:28:309 PLSQL: ERROR CARGANDO CODARTALT
01 13:38:28:318 PLSQL: INICIANDO CARGA DE CODARTALT EN  V10INTERIN_RDRP
01 13:38:28:323 PLSQL: ERROR CARGANDO CODARTALT
01 13:48:28:337 PLSQL: INICIANDO CARGA DE CODARTALT EN  V10INTERIN_RDRP
01 13:48:28:340 PLSQL: ERROR CARGANDO CODARTALT
01 13:58:28:345 PLSQL: INICIANDO CARGA DE CODARTALT EN  V10INTERIN_RDRP
01 13:58:28:349 PLSQL: ERROR CARGANDO CODARTALT
01 14:08:28:363 PLSQL: INICIANDO CARGA DE CODARTALT EN  V10INTERIN_RDRP
01 14:08:28:367 PLSQL: ERROR CARGANDO CODARTALT
01 14:18:28:375 PLSQL: INICIANDO CARGA DE CODARTALT EN  V10INTERIN_RDRP
01 14:18:28:379 PLSQL: ERROR CARGANDO CODARTALT
01 14:28:28:392 PLSQL: INICIANDO CARGA DE CODARTALT EN  V10INTERIN_RDRP
01 14:28:28:395 PLSQL: ERROR CARGANDO CODARTALT
01 14:38:28:399 PLSQL: INICIANDO CARGA DE CODARTALT EN  V10INTERIN_RDRP
01 14:38:28:403 PLSQL: ERROR CARGANDO CODARTALT
01 14:48:28:415 PLSQL: INICIANDO CARGA DE CODARTALT EN  V10INTERIN_RDRP
01 14:48:28:418 PLSQL: ERROR CARGANDO CODARTALT
01 14:58:28:423 PLSQL: INICIANDO CARGA DE CODARTALT EN  V10INTERIN_RDRP
01 14:58:28:426 PLSQL: ERROR CARGANDO CODARTALT
01 15:08:28:429 PLSQL: INICIANDO CARGA DE CODARTALT EN  V10INTERIN_RDRP
01 15:08:28:432 PLSQL: ERROR CARGANDO CODARTALT
01 15:18:28:435 PLSQL: INICIANDO CARGA DE CODARTALT EN  V10INTERIN_RDRP
01 15:18:28:441 PLSQL: ERROR CARGANDO CODARTALT

00 15:19:41:784 Fichero de log cerrado.

00 15:19:48:509 Fichero de log abierto PID 12472

02 15:19:48:510 Intentando abrir fichero v10.ini
02 15:19:48:517 Cargando driver v10oracle funcion damedriveroracle
02 15:19:49:400 Conectado a base de datos
02 15:19:49:402 Proceso CARGA_CODARTALT encontrado en tabla VDPROCESOS
02 15:19:49:402 Proceso CARGA_CODARTALT cargado con función procesoperiodico (Librería VDKERNEL.DLL) direccion 6FF62D10
02 15:19:49:405 PLSQL: INICIALIZADO PAQUETE DE LOG EL DIA 28-03-2022
02 15:19:49:417 Actualizado SID 132 SERIAL 35885 del proceso con PID 12472
02 15:19:49:417 Analizado cursor CCARGAARTICULOS
02 15:19:49:417 Leidos 1 cursores
01 15:19:49:419 PLSQL: INICIANDO CARGA DE CODARTALT EN  V10INTERIN_RDRP
01 15:19:49:421 PLSQL: ERROR CARGANDO CODARTALT
01 15:29:49:428 PLSQL: INICIANDO CARGA DE CODARTALT EN  V10INTERIN_RDRP
01 15:29:49:432 PLSQL: ERROR CARGANDO CODARTALT
01 15:39:49:438 PLSQL: INICIANDO CARGA DE CODARTALT EN  V10INTERIN_RDRP
01 15:39:49:442 PLSQL: ERROR CARGANDO CODARTALT
01 15:49:49:455 PLSQL: INICIANDO CARGA DE CODARTALT EN  V10INTERIN_RDRP
01 15:49:49:460 PLSQL: ERROR CARGANDO CODARTALT
01 15:59:49:473 PLSQL: INICIANDO CARGA DE CODARTALT EN  V10INTERIN_RDRP
01 15:59:49:476 PLSQL: ERROR CARGANDO CODARTALT

00 16:06:05:725 Fichero de log cerrado.

00 16:06:20:879 Fichero de log abierto PID 8412

02 16:06:20:882 Intentando abrir fichero v10.ini
02 16:06:20:887 Cargando driver v10oracle funcion damedriveroracle
02 16:06:21:695 Conectado a base de datos
02 16:06:21:697 Proceso CARGA_CODARTALT encontrado en tabla VDPROCESOS
02 16:06:21:697 Proceso CARGA_CODARTALT cargado con función procesoperiodico (Librería VDKERNEL.DLL) direccion 6FF62D10
02 16:06:21:700 PLSQL: INICIALIZADO PAQUETE DE LOG EL DIA 28-03-2022
02 16:06:21:712 Actualizado SID 503 SERIAL 17586 del proceso con PID 8412
02 16:06:21:712 Analizado cursor CCARGAARTICULOS
02 16:06:21:712 Leidos 1 cursores
01 16:06:21:714 PLSQL: INICIANDO CARGA DE CODARTALT EN  V10INTERIN_RDRP
01 16:06:21:715 PLSQL: ERROR CARGANDO CODARTALT
01 16:16:21:722 PLSQL: INICIANDO CARGA DE CODARTALT EN  V10INTERIN_RDRP
01 16:16:21:723 PLSQL: ERROR CARGANDO CODARTALT
01 16:26:21:737 PLSQL: INICIANDO CARGA DE CODARTALT EN  V10INTERIN_RDRP
01 16:26:21:738 PLSQL: ERROR CARGANDO CODARTALT
01 16:36:21:744 PLSQL: INICIANDO CARGA DE CODARTALT EN  V10INTERIN_RDRP
01 16:36:21:746 PLSQL: ERROR CARGANDO CODARTALT
01 16:46:21:750 PLSQL: INICIANDO CARGA DE CODARTALT EN  V10INTERIN_RDRP
01 16:46:21:752 PLSQL: ERROR CARGANDO CODARTALT
01 16:56:21:762 PLSQL: INICIANDO CARGA DE CODARTALT EN  V10INTERIN_RDRP
01 16:56:21:764 PLSQL: ERROR CARGANDO CODARTALT
01 17:06:21:770 PLSQL: INICIANDO CARGA DE CODARTALT EN  V10INTERIN_RDRP
01 17:06:21:771 PLSQL: ERROR CARGANDO CODARTALT
01 17:16:21:775 PLSQL: INICIANDO CARGA DE CODARTALT EN  V10INTERIN_RDRP
01 17:16:21:778 PLSQL: ERROR CARGANDO CODARTALT
01 17:26:21:784 PLSQL: INICIANDO CARGA DE CODARTALT EN  V10INTERIN_RDRP
01 17:26:21:788 PLSQL: ERROR CARGANDO CODARTALT
01 17:36:21:799 PLSQL: INICIANDO CARGA DE CODARTALT EN  V10INTERIN_RDRP
01 17:36:21:800 PLSQL: ERROR CARGANDO CODARTALT
01 17:46:21:810 PLSQL: INICIANDO CARGA DE CODARTALT EN  V10INTERIN_RDRP
01 17:46:21:813 PLSQL: ERROR CARGANDO CODARTALT
01 17:56:21:823 PLSQL: INICIANDO CARGA DE CODARTALT EN  V10INTERIN_RDRP
01 17:56:21:828 PLSQL: ERROR CARGANDO CODARTALT

00 17:59:49:292 Fichero de log cerrado.

