00 14:47:31:695 Fichero de log abierto PID 8508

02 14:47:31:695 Intentando abrir fichero v10.ini
02 14:47:31:695 Cargando driver v10oracle funcion damedriveroracle
02 14:47:32:250 Conectado a base de datos
02 14:47:32:250 Proceso CARGA_CODARTALT encontrado en tabla VDPROCESOS
02 14:47:32:250 Proceso CARGA_CODARTALT cargado con función procesoperiodico (Librería VDKERNEL.DLL) direccion 62682D10
02 14:47:32:259 PLSQL: INICIALIZADO PAQUETE DE LOG EL DIA 23-06-2022
02 14:47:32:260 Actualizado SID 386 SERIAL 131 del proceso con PID 8508
02 14:47:32:340 Analizado cursor CCARGAARTICULOS
02 14:47:32:340 Leidos 1 cursores
01 14:47:32:342 PLSQL: INICIANDO CARGA DE CODARTALT EN  V10INTERIN_RDRP
01 14:47:32:474 PLSQL: ERROR CARGANDO CODARTALT
01 14:57:32:485 PLSQL: INICIANDO CARGA DE CODARTALT EN  V10INTERIN_RDRP
01 14:57:32:485 PLSQL: ERROR CARGANDO CODARTALT
01 15:07:32:492 PLSQL: INICIANDO CARGA DE CODARTALT EN  V10INTERIN_RDRP
01 15:07:32:496 PLSQL: ERROR CARGANDO CODARTALT
00 16:16:47:445 Programa finaliza por Error Oracle Fatal 3135 en cursor
	SELPROEJECUTAINMEDIATO

00 16:16:47:805 Fichero de log cerrado.

00 16:19:02:625 Fichero de log abierto PID 4704

02 16:19:02:627 Intentando abrir fichero v10.ini
02 16:19:02:630 Cargando driver v10oracle funcion damedriveroracle
02 16:19:03:349 Conectado a base de datos
02 16:19:03:350 Proceso CARGA_CODARTALT encontrado en tabla VDPROCESOS
02 16:19:03:352 Proceso CARGA_CODARTALT cargado con función procesoperiodico (Librería VDKERNEL.DLL) direccion 6B982D10
02 16:19:03:353 PLSQL: INICIALIZADO PAQUETE DE LOG EL DIA 23-06-2022
02 16:19:03:362 Actualizado SID 752 SERIAL 62521 del proceso con PID 4704
02 16:19:03:362 Analizado cursor CCARGAARTICULOS
02 16:19:03:362 Leidos 1 cursores
01 16:19:03:364 PLSQL: INICIANDO CARGA DE CODARTALT EN  V10INTERIN_RDRP
01 16:19:03:365 PLSQL: ERROR CARGANDO CODARTALT
01 16:29:03:376 PLSQL: INICIANDO CARGA DE CODARTALT EN  V10INTERIN_RDRP
01 16:29:03:376 PLSQL: ERROR CARGANDO CODARTALT

00 16:36:14:754 Fichero de log cerrado.

00 16:37:29:495 Fichero de log abierto PID 7808

02 16:37:29:542 Intentando abrir fichero v10.ini
02 16:37:29:545 Cargando driver v10oracle funcion damedriveroracle
02 16:37:30:297 Conectado a base de datos
02 16:37:30:300 Proceso CARGA_CODARTALT encontrado en tabla VDPROCESOS
02 16:37:30:300 Proceso CARGA_CODARTALT cargado con función procesoperiodico (Librería VDKERNEL.DLL) direccion 6B982D10
02 16:37:30:303 PLSQL: INICIALIZADO PAQUETE DE LOG EL DIA 23-06-2022
02 16:37:30:312 Actualizado SID 508 SERIAL 25524 del proceso con PID 7808
02 16:37:30:314 Analizado cursor CCARGAARTICULOS
02 16:37:30:314 Leidos 1 cursores
01 16:37:30:315 PLSQL: INICIANDO CARGA DE CODARTALT EN  V10INTERIN_RDRP
01 16:37:30:317 PLSQL: ERROR CARGANDO CODARTALT
01 16:47:30:326 PLSQL: INICIANDO CARGA DE CODARTALT EN  V10INTERIN_RDRP
01 16:47:30:327 PLSQL: ERROR CARGANDO CODARTALT

00 16:52:15:364 Fichero de log cerrado.

00 16:52:29:772 Fichero de log abierto PID 5376

02 16:52:29:775 Intentando abrir fichero v10.ini
02 16:52:29:780 Cargando driver v10oracle funcion damedriveroracle
02 16:52:30:325 Conectado a base de datos
02 16:52:30:327 Proceso CARGA_CODARTALT encontrado en tabla VDPROCESOS
02 16:52:30:329 Proceso CARGA_CODARTALT cargado con función procesoperiodico (Librería VDKERNEL.DLL) direccion 6B982D10
02 16:52:30:331 PLSQL: INICIALIZADO PAQUETE DE LOG EL DIA 23-06-2022
02 16:52:30:340 Actualizado SID 386 SERIAL 15261 del proceso con PID 5376
02 16:52:30:342 Analizado cursor CCARGAARTICULOS
02 16:52:30:342 Leidos 1 cursores
01 16:52:30:342 PLSQL: INICIANDO CARGA DE CODARTALT EN  V10INTERIN_RDRP
01 16:52:30:419 PLSQL: ERROR CARGANDO CODARTALT
01 17:02:30:421 PLSQL: INICIANDO CARGA DE CODARTALT EN  V10INTERIN_RDRP
01 17:02:30:424 PLSQL: ERROR CARGANDO CODARTALT

00 17:06:53:495 Fichero de log cerrado.

00 17:07:20:862 Fichero de log abierto PID 3856

02 17:07:20:865 Intentando abrir fichero v10.ini
02 17:07:20:869 Cargando driver v10oracle funcion damedriveroracle
02 17:07:21:470 Conectado a base de datos
02 17:07:21:472 Proceso CARGA_CODARTALT encontrado en tabla VDPROCESOS
02 17:07:21:472 Proceso CARGA_CODARTALT cargado con función procesoperiodico (Librería VDKERNEL.DLL) direccion 6B982D10
02 17:07:21:474 PLSQL: INICIALIZADO PAQUETE DE LOG EL DIA 23-06-2022
02 17:07:21:484 Actualizado SID 757 SERIAL 25477 del proceso con PID 3856
02 17:07:21:484 Analizado cursor CCARGAARTICULOS
02 17:07:21:485 Leidos 1 cursores
01 17:07:21:487 PLSQL: INICIANDO CARGA DE CODARTALT EN  V10INTERIN_RDRP
01 17:07:21:487 PLSQL: ERROR CARGANDO CODARTALT
01 17:17:21:495 PLSQL: INICIANDO CARGA DE CODARTALT EN  V10INTERIN_RDRP
01 17:17:21:495 PLSQL: ERROR CARGANDO CODARTALT

00 17:17:38:192 Fichero de log cerrado.

00 17:17:45:255 Fichero de log abierto PID 8164

02 17:17:45:259 Intentando abrir fichero v10.ini
02 17:17:45:262 Cargando driver v10oracle funcion damedriveroracle
02 17:17:45:960 Conectado a base de datos
02 17:17:45:962 Proceso CARGA_CODARTALT encontrado en tabla VDPROCESOS
02 17:17:45:962 Proceso CARGA_CODARTALT cargado con función procesoperiodico (Librería VDKERNEL.DLL) direccion 6B982D10
02 17:17:45:963 PLSQL: INICIALIZADO PAQUETE DE LOG EL DIA 23-06-2022
02 17:17:45:974 Actualizado SID 386 SERIAL 51997 del proceso con PID 8164
02 17:17:45:974 Analizado cursor CCARGAARTICULOS
02 17:17:45:974 Leidos 1 cursores
01 17:17:45:974 PLSQL: INICIANDO CARGA DE CODARTALT EN  V10INTERIN_RDRP
01 17:17:45:974 PLSQL: ERROR CARGANDO CODARTALT
01 17:27:45:983 PLSQL: INICIANDO CARGA DE CODARTALT EN  V10INTERIN_RDRP
01 17:27:45:984 PLSQL: ERROR CARGANDO CODARTALT
01 17:37:45:997 PLSQL: INICIANDO CARGA DE CODARTALT EN  V10INTERIN_RDRP
01 17:37:45:998 PLSQL: ERROR CARGANDO CODARTALT

00 17:45:44:532 Fichero de log cerrado.

