00 09:07:46:226 Fichero de log abierto PID 6572

02 09:07:46:275 Intentando abrir fichero v10.ini
02 09:07:46:282 Cargando driver v10oracle funcion damedriveroracle
02 09:07:47:153 Conectado a base de datos
02 09:07:47:153 Proceso CARGA_ARTICULOS encontrado en tabla VDPROCESOS
02 09:07:47:153 Proceso CARGA_ARTICULOS cargado con función procesoperiodico (Librería VDKERNEL.DLL) direccion 6F892D10
02 09:07:47:154 PLSQL: INICIALIZADO PAQUETE DE LOG EL DIA 07-04-2022
02 09:07:47:168 Actualizado SID 879 SERIAL 19316 del proceso con PID 6572
02 09:07:47:173 Analizado cursor CCARGAARTICULOS
02 09:07:47:175 Leidos 1 cursores
01 09:07:47:175 PLSQL: INICIANDO CARGA DE ARTICULOS EN  V10INTERIN_RDRP
01 09:07:47:176 PLSQL: ERROR CARGANDO ARTICULOS
01 09:17:47:190 PLSQL: INICIANDO CARGA DE ARTICULOS EN  V10INTERIN_RDRP
01 09:17:47:192 PLSQL: ERROR CARGANDO ARTICULOS
01 09:27:47:202 PLSQL: INICIANDO CARGA DE ARTICULOS EN  V10INTERIN_RDRP
01 09:27:47:204 PLSQL: ERROR CARGANDO ARTICULOS
01 09:37:47:214 PLSQL: INICIANDO CARGA DE ARTICULOS EN  V10INTERIN_RDRP
01 09:37:47:216 PLSQL: ERROR CARGANDO ARTICULOS
01 09:47:47:221 PLSQL: INICIANDO CARGA DE ARTICULOS EN  V10INTERIN_RDRP
01 09:47:47:222 PLSQL: ERROR CARGANDO ARTICULOS
01 09:57:47:231 PLSQL: INICIANDO CARGA DE ARTICULOS EN  V10INTERIN_RDRP
01 09:57:47:233 PLSQL: ERROR CARGANDO ARTICULOS
01 10:07:47:238 PLSQL: INICIANDO CARGA DE ARTICULOS EN  V10INTERIN_RDRP
01 10:07:47:239 PLSQL: ERROR CARGANDO ARTICULOS
01 10:17:47:253 PLSQL: INICIANDO CARGA DE ARTICULOS EN  V10INTERIN_RDRP
01 10:17:47:255 PLSQL: ERROR CARGANDO ARTICULOS
01 10:27:47:264 PLSQL: INICIANDO CARGA DE ARTICULOS EN  V10INTERIN_RDRP
01 10:27:47:265 PLSQL: ERROR CARGANDO ARTICULOS
01 10:37:47:271 PLSQL: INICIANDO CARGA DE ARTICULOS EN  V10INTERIN_RDRP
01 10:37:47:273 PLSQL: ERROR CARGANDO ARTICULOS
01 10:47:47:288 PLSQL: INICIANDO CARGA DE ARTICULOS EN  V10INTERIN_RDRP
01 10:47:47:289 PLSQL: ERROR CARGANDO ARTICULOS
01 10:57:47:297 PLSQL: INICIANDO CARGA DE ARTICULOS EN  V10INTERIN_RDRP
01 10:57:47:299 PLSQL: ERROR CARGANDO ARTICULOS
01 11:07:47:313 PLSQL: INICIANDO CARGA DE ARTICULOS EN  V10INTERIN_RDRP
01 11:07:47:316 PLSQL: ERROR CARGANDO ARTICULOS
01 11:17:47:323 PLSQL: INICIANDO CARGA DE ARTICULOS EN  V10INTERIN_RDRP
01 11:17:47:325 PLSQL: ERROR CARGANDO ARTICULOS
01 11:27:47:329 PLSQL: INICIANDO CARGA DE ARTICULOS EN  V10INTERIN_RDRP
01 11:27:47:332 PLSQL: ERROR CARGANDO ARTICULOS
01 11:53:51:516 PLSQL: INICIANDO CARGA DE ARTICULOS EN  V10INTERIN_RDRP
01 11:53:51:519 PLSQL: ERROR CARGANDO ARTICULOS
01 12:03:51:530 PLSQL: INICIANDO CARGA DE ARTICULOS EN  V10INTERIN_RDRP
01 12:03:51:531 PLSQL: ERROR CARGANDO ARTICULOS
01 12:13:51:544 PLSQL: INICIANDO CARGA DE ARTICULOS EN  V10INTERIN_RDRP
01 12:13:51:546 PLSQL: ERROR CARGANDO ARTICULOS
01 12:23:51:558 PLSQL: INICIANDO CARGA DE ARTICULOS EN  V10INTERIN_RDRP
01 12:23:51:559 PLSQL: ERROR CARGANDO ARTICULOS
01 12:33:51:564 PLSQL: INICIANDO CARGA DE ARTICULOS EN  V10INTERIN_RDRP
01 12:33:51:566 PLSQL: ERROR CARGANDO ARTICULOS
01 12:43:51:569 PLSQL: INICIANDO CARGA DE ARTICULOS EN  V10INTERIN_RDRP
01 12:43:51:570 PLSQL: ERROR CARGANDO ARTICULOS
01 12:53:51:573 PLSQL: INICIANDO CARGA DE ARTICULOS EN  V10INTERIN_RDRP
01 12:53:51:575 PLSQL: ERROR CARGANDO ARTICULOS
01 13:03:51:590 PLSQL: INICIANDO CARGA DE ARTICULOS EN  V10INTERIN_RDRP
01 13:03:51:593 PLSQL: ERROR CARGANDO ARTICULOS
01 13:13:51:609 PLSQL: INICIANDO CARGA DE ARTICULOS EN  V10INTERIN_RDRP
01 13:13:51:613 PLSQL: ERROR CARGANDO ARTICULOS
01 13:23:51:622 PLSQL: INICIANDO CARGA DE ARTICULOS EN  V10INTERIN_RDRP
01 13:23:51:692 PLSQL: ERROR CARGANDO ARTICULOS
01 13:33:51:722 PLSQL: INICIANDO CARGA DE ARTICULOS EN  V10INTERIN_RDRP
01 13:33:51:726 PLSQL: ERROR CARGANDO ARTICULOS
01 13:43:51:733 PLSQL: INICIANDO CARGA DE ARTICULOS EN  V10INTERIN_RDRP
01 13:43:51:793 PLSQL: ERROR CARGANDO ARTICULOS
01 13:53:51:827 PLSQL: INICIANDO CARGA DE ARTICULOS EN  V10INTERIN_RDRP
01 13:53:51:829 PLSQL: ERROR CARGANDO ARTICULOS
01 14:03:51:837 PLSQL: INICIANDO CARGA DE ARTICULOS EN  V10INTERIN_RDRP
01 14:03:51:839 PLSQL: ERROR CARGANDO ARTICULOS
01 14:13:51:845 PLSQL: INICIANDO CARGA DE ARTICULOS EN  V10INTERIN_RDRP
01 14:13:51:848 PLSQL: ERROR CARGANDO ARTICULOS
01 14:23:51:858 PLSQL: INICIANDO CARGA DE ARTICULOS EN  V10INTERIN_RDRP
01 14:23:51:861 PLSQL: ERROR CARGANDO ARTICULOS
01 14:33:51:870 PLSQL: INICIANDO CARGA DE ARTICULOS EN  V10INTERIN_RDRP
01 14:33:51:874 PLSQL: ERROR CARGANDO ARTICULOS
01 14:43:51:880 PLSQL: INICIANDO CARGA DE ARTICULOS EN  V10INTERIN_RDRP
01 14:43:51:883 PLSQL: ERROR CARGANDO ARTICULOS
01 15:41:22:343 PLSQL: INICIANDO CARGA DE ARTICULOS EN  V10INTERIN_RDRP
01 15:41:22:345 PLSQL: ERROR CARGANDO ARTICULOS
01 15:51:22:347 PLSQL: INICIANDO CARGA DE ARTICULOS EN  V10INTERIN_RDRP
01 15:51:22:352 PLSQL: ERROR CARGANDO ARTICULOS
01 16:01:22:357 PLSQL: INICIANDO CARGA DE ARTICULOS EN  V10INTERIN_RDRP
01 16:01:22:363 PLSQL: ERROR CARGANDO ARTICULOS
01 16:11:22:368 PLSQL: INICIANDO CARGA DE ARTICULOS EN  V10INTERIN_RDRP
01 16:11:22:371 PLSQL: ERROR CARGANDO ARTICULOS
01 16:21:22:390 PLSQL: INICIANDO CARGA DE ARTICULOS EN  V10INTERIN_RDRP
01 16:21:22:391 PLSQL: ERROR CARGANDO ARTICULOS
01 16:31:22:422 PLSQL: INICIANDO CARGA DE ARTICULOS EN  V10INTERIN_RDRP
01 16:31:22:422 PLSQL: ERROR CARGANDO ARTICULOS
01 16:41:22:443 PLSQL: INICIANDO CARGA DE ARTICULOS EN  V10INTERIN_RDRP
01 16:41:22:444 PLSQL: ERROR CARGANDO ARTICULOS
01 16:51:22:455 PLSQL: INICIANDO CARGA DE ARTICULOS EN  V10INTERIN_RDRP
01 16:51:22:456 PLSQL: ERROR CARGANDO ARTICULOS
01 17:01:22:462 PLSQL: INICIANDO CARGA DE ARTICULOS EN  V10INTERIN_RDRP
01 17:01:22:464 PLSQL: ERROR CARGANDO ARTICULOS
01 17:11:22:477 PLSQL: INICIANDO CARGA DE ARTICULOS EN  V10INTERIN_RDRP
01 17:11:22:481 PLSQL: ERROR CARGANDO ARTICULOS
01 17:21:22:495 PLSQL: INICIANDO CARGA DE ARTICULOS EN  V10INTERIN_RDRP
01 17:21:22:496 PLSQL: ERROR CARGANDO ARTICULOS
01 17:31:22:505 PLSQL: INICIANDO CARGA DE ARTICULOS EN  V10INTERIN_RDRP
01 17:31:22:512 PLSQL: ERROR CARGANDO ARTICULOS
01 17:41:22:518 PLSQL: INICIANDO CARGA DE ARTICULOS EN  V10INTERIN_RDRP
01 17:41:22:520 PLSQL: ERROR CARGANDO ARTICULOS
01 17:51:22:525 PLSQL: INICIANDO CARGA DE ARTICULOS EN  V10INTERIN_RDRP
01 17:51:22:526 PLSQL: ERROR CARGANDO ARTICULOS

00 17:54:57:785 Fichero de log cerrado.

