00 09:09:26:025 Fichero de log abierto PID 296

02 09:09:26:027 Intentando abrir fichero v10.ini
02 09:09:26:032 Cargando driver v10oracle funcion damedriveroracle
02 09:09:26:651 Conectado a base de datos
02 09:09:26:652 Proceso CARGA_CLIENTES encontrado en tabla VDPROCESOS
02 09:09:26:653 Proceso CARGA_CLIENTES cargado con función procesoperiodico (Librería VDKERNEL.DLL) direccion 6FF52D10
02 09:09:26:655 PLSQL: INICIALIZADO PAQUETE DE LOG EL DIA 29-03-2022
02 09:09:26:665 Actualizado SID 385 SERIAL 22924 del proceso con PID 296
02 09:09:26:670 Analizado cursor CCARGACLIENTES
02 09:09:26:671 Leidos 1 cursores
01 09:09:26:672 PLSQL: INICIANDO CARGA DE CLIENTES EN  V10INTERIN_RDRP
01 09:09:26:673 PLSQL: ERROR CARGANDO CLIENTES
01 09:19:26:676 PLSQL: INICIANDO CARGA DE CLIENTES EN  V10INTERIN_RDRP
01 09:19:26:679 PLSQL: ERROR CARGANDO CLIENTES
01 09:29:26:690 PLSQL: INICIANDO CARGA DE CLIENTES EN  V10INTERIN_RDRP
01 09:29:26:694 PLSQL: ERROR CARGANDO CLIENTES
01 09:39:26:700 PLSQL: INICIANDO CARGA DE CLIENTES EN  V10INTERIN_RDRP
01 09:39:26:705 PLSQL: ERROR CARGANDO CLIENTES
01 09:49:26:717 PLSQL: INICIANDO CARGA DE CLIENTES EN  V10INTERIN_RDRP
01 09:49:26:720 PLSQL: ERROR CARGANDO CLIENTES
01 09:59:26:736 PLSQL: INICIANDO CARGA DE CLIENTES EN  V10INTERIN_RDRP
01 09:59:26:741 PLSQL: ERROR CARGANDO CLIENTES
01 10:09:26:755 PLSQL: INICIANDO CARGA DE CLIENTES EN  V10INTERIN_RDRP
01 10:09:26:757 PLSQL: ERROR CARGANDO CLIENTES
01 10:19:26:773 PLSQL: INICIANDO CARGA DE CLIENTES EN  V10INTERIN_RDRP
01 10:19:26:774 PLSQL: ERROR CARGANDO CLIENTES
01 10:29:26:788 PLSQL: INICIANDO CARGA DE CLIENTES EN  V10INTERIN_RDRP
01 10:29:26:792 PLSQL: ERROR CARGANDO CLIENTES
01 10:39:26:796 PLSQL: INICIANDO CARGA DE CLIENTES EN  V10INTERIN_RDRP
01 10:39:26:798 PLSQL: ERROR CARGANDO CLIENTES
01 10:49:26:816 PLSQL: INICIANDO CARGA DE CLIENTES EN  V10INTERIN_RDRP
01 10:49:26:818 PLSQL: ERROR CARGANDO CLIENTES
01 10:59:26:829 PLSQL: INICIANDO CARGA DE CLIENTES EN  V10INTERIN_RDRP
01 10:59:26:833 PLSQL: ERROR CARGANDO CLIENTES
01 11:09:26:850 PLSQL: INICIANDO CARGA DE CLIENTES EN  V10INTERIN_RDRP
01 11:09:26:850 PLSQL: ERROR CARGANDO CLIENTES
01 11:19:26:881 PLSQL: INICIANDO CARGA DE CLIENTES EN  V10INTERIN_RDRP
01 11:19:26:885 PLSQL: ERROR CARGANDO CLIENTES
01 11:29:26:896 PLSQL: INICIANDO CARGA DE CLIENTES EN  V10INTERIN_RDRP
01 11:29:26:897 PLSQL: ERROR CARGANDO CLIENTES
01 11:39:26:905 PLSQL: INICIANDO CARGA DE CLIENTES EN  V10INTERIN_RDRP
01 11:39:26:909 PLSQL: ERROR CARGANDO CLIENTES
01 11:49:26:917 PLSQL: INICIANDO CARGA DE CLIENTES EN  V10INTERIN_RDRP
01 11:49:26:918 PLSQL: ERROR CARGANDO CLIENTES
01 11:59:26:934 PLSQL: INICIANDO CARGA DE CLIENTES EN  V10INTERIN_RDRP
01 11:59:26:939 PLSQL: ERROR CARGANDO CLIENTES
01 12:09:26:955 PLSQL: INICIANDO CARGA DE CLIENTES EN  V10INTERIN_RDRP
01 12:09:26:958 PLSQL: ERROR CARGANDO CLIENTES
01 12:19:26:966 PLSQL: INICIANDO CARGA DE CLIENTES EN  V10INTERIN_RDRP
01 12:19:26:967 PLSQL: ERROR CARGANDO CLIENTES
01 12:29:26:970 PLSQL: INICIANDO CARGA DE CLIENTES EN  V10INTERIN_RDRP
01 12:29:26:970 PLSQL: ERROR CARGANDO CLIENTES
01 12:39:26:998 PLSQL: INICIANDO CARGA DE CLIENTES EN  V10INTERIN_RDRP
01 12:39:27:002 PLSQL: ERROR CARGANDO CLIENTES
01 12:49:27:017 PLSQL: INICIANDO CARGA DE CLIENTES EN  V10INTERIN_RDRP
01 12:49:27:019 PLSQL: ERROR CARGANDO CLIENTES
01 12:59:27:023 PLSQL: INICIANDO CARGA DE CLIENTES EN  V10INTERIN_RDRP
01 12:59:27:025 PLSQL: ERROR CARGANDO CLIENTES
01 13:09:27:037 PLSQL: INICIANDO CARGA DE CLIENTES EN  V10INTERIN_RDRP
01 13:09:27:039 PLSQL: ERROR CARGANDO CLIENTES
01 13:19:27:054 PLSQL: INICIANDO CARGA DE CLIENTES EN  V10INTERIN_RDRP
01 13:19:27:058 PLSQL: ERROR CARGANDO CLIENTES
01 13:29:27:069 PLSQL: INICIANDO CARGA DE CLIENTES EN  V10INTERIN_RDRP
01 13:29:27:070 PLSQL: ERROR CARGANDO CLIENTES
01 13:39:27:077 PLSQL: INICIANDO CARGA DE CLIENTES EN  V10INTERIN_RDRP
01 13:39:27:081 PLSQL: ERROR CARGANDO CLIENTES
01 13:49:27:092 PLSQL: INICIANDO CARGA DE CLIENTES EN  V10INTERIN_RDRP
01 13:49:27:094 PLSQL: ERROR CARGANDO CLIENTES

00 13:50:25:434 Fichero de log cerrado.

00 13:50:29:507 Fichero de log abierto PID 13660

02 13:50:29:509 Intentando abrir fichero v10.ini
02 13:50:29:517 Cargando driver v10oracle funcion damedriveroracle
02 13:50:30:605 Conectado a base de datos
02 13:50:30:607 Proceso CARGA_CLIENTES encontrado en tabla VDPROCESOS
02 13:50:30:609 Proceso CARGA_CLIENTES cargado con función procesoperiodico (Librería VDKERNEL.DLL) direccion 70362D10
02 13:50:30:611 PLSQL: INICIALIZADO PAQUETE DE LOG EL DIA 29-03-2022
02 13:50:30:622 Actualizado SID 867 SERIAL 44946 del proceso con PID 13660
02 13:50:30:622 Analizado cursor CCARGACLIENTES
02 13:50:30:622 Leidos 1 cursores
01 13:50:30:624 PLSQL: INICIANDO CARGA DE CLIENTES EN  V10INTERIN_RDRP
01 13:50:30:626 PLSQL: ERROR CARGANDO CLIENTES

00 13:56:42:810 Fichero de log cerrado.

00 13:56:45:900 Fichero de log abierto PID 13080

02 13:56:45:902 Intentando abrir fichero v10.ini
02 13:56:45:907 Cargando driver v10oracle funcion damedriveroracle
02 13:56:46:692 Conectado a base de datos
02 13:56:46:692 Proceso CARGA_CLIENTES encontrado en tabla VDPROCESOS
02 13:56:46:694 Proceso CARGA_CLIENTES cargado con función procesoperiodico (Librería VDKERNEL.DLL) direccion 70362D10
02 13:56:46:695 PLSQL: INICIALIZADO PAQUETE DE LOG EL DIA 29-03-2022
02 13:56:46:705 Actualizado SID 262 SERIAL 60352 del proceso con PID 13080
02 13:56:46:705 Analizado cursor CCARGACLIENTES
02 13:56:46:707 Leidos 1 cursores
01 13:56:46:707 PLSQL: INICIANDO CARGA DE CLIENTES EN  V10INTERIN_RDRP
01 13:56:46:709 PLSQL: ERROR CARGANDO CLIENTES
01 14:06:46:723 PLSQL: INICIANDO CARGA DE CLIENTES EN  V10INTERIN_RDRP
01 14:06:46:726 PLSQL: ERROR CARGANDO CLIENTES
01 14:16:46:736 PLSQL: INICIANDO CARGA DE CLIENTES EN  V10INTERIN_RDRP
01 14:16:46:737 PLSQL: ERROR CARGANDO CLIENTES
01 14:26:46:742 PLSQL: INICIANDO CARGA DE CLIENTES EN  V10INTERIN_RDRP
01 14:26:46:760 PLSQL: ERROR CARGANDO CLIENTES
01 14:36:46:769 PLSQL: INICIANDO CARGA DE CLIENTES EN  V10INTERIN_RDRP
01 14:36:46:770 PLSQL: ERROR CARGANDO CLIENTES
01 15:29:43:333 PLSQL: INICIANDO CARGA DE CLIENTES EN  V10INTERIN_RDRP
01 15:29:43:338 PLSQL: ERROR CARGANDO CLIENTES

00 15:32:15:834 Fichero de log cerrado.

00 15:32:21:252 Fichero de log abierto PID 8728

02 15:32:21:255 Intentando abrir fichero v10.ini
02 15:32:21:264 Cargando driver v10oracle funcion damedriveroracle
02 15:32:22:267 Conectado a base de datos
02 15:32:22:270 Proceso CARGA_CLIENTES encontrado en tabla VDPROCESOS
02 15:32:22:270 Proceso CARGA_CLIENTES cargado con función procesoperiodico (Librería VDKERNEL.DLL) direccion 70362D10
02 15:32:22:272 PLSQL: INICIALIZADO PAQUETE DE LOG EL DIA 29-03-2022
02 15:32:22:282 Actualizado SID 502 SERIAL 28304 del proceso con PID 8728
02 15:32:22:284 Analizado cursor CCARGACLIENTES
02 15:32:22:284 Leidos 1 cursores
01 15:32:22:285 PLSQL: INICIANDO CARGA DE CLIENTES EN  V10INTERIN_RDRP
01 15:32:22:287 PLSQL: ERROR CARGANDO CLIENTES
01 15:42:22:304 PLSQL: INICIANDO CARGA DE CLIENTES EN  V10INTERIN_RDRP
01 15:42:22:304 PLSQL: ERROR CARGANDO CLIENTES
01 15:52:22:324 PLSQL: INICIANDO CARGA DE CLIENTES EN  V10INTERIN_RDRP
01 15:52:22:324 PLSQL: ERROR CARGANDO CLIENTES
01 16:02:22:349 PLSQL: INICIANDO CARGA DE CLIENTES EN  V10INTERIN_RDRP
01 16:02:22:350 PLSQL: ERROR CARGANDO CLIENTES
01 16:12:22:373 PLSQL: INICIANDO CARGA DE CLIENTES EN  V10INTERIN_RDRP
01 16:12:22:374 PLSQL: ERROR CARGANDO CLIENTES
01 16:22:22:376 PLSQL: INICIANDO CARGA DE CLIENTES EN  V10INTERIN_RDRP
01 16:22:22:392 PLSQL: ERROR CARGANDO CLIENTES
01 16:32:22:416 PLSQL: INICIANDO CARGA DE CLIENTES EN  V10INTERIN_RDRP
01 16:32:22:418 PLSQL: ERROR CARGANDO CLIENTES
01 16:42:22:421 PLSQL: INICIANDO CARGA DE CLIENTES EN  V10INTERIN_RDRP
01 16:42:22:422 PLSQL: ERROR CARGANDO CLIENTES
01 16:52:22:427 PLSQL: INICIANDO CARGA DE CLIENTES EN  V10INTERIN_RDRP
01 16:52:22:428 PLSQL: ERROR CARGANDO CLIENTES
01 17:02:22:438 PLSQL: INICIANDO CARGA DE CLIENTES EN  V10INTERIN_RDRP
01 17:02:22:440 PLSQL: ERROR CARGANDO CLIENTES
01 17:12:22:455 PLSQL: INICIANDO CARGA DE CLIENTES EN  V10INTERIN_RDRP
01 17:12:22:456 PLSQL: ERROR CARGANDO CLIENTES
01 17:22:22:459 PLSQL: INICIANDO CARGA DE CLIENTES EN  V10INTERIN_RDRP
01 17:22:22:461 PLSQL: ERROR CARGANDO CLIENTES
01 17:32:22:464 PLSQL: INICIANDO CARGA DE CLIENTES EN  V10INTERIN_RDRP
01 17:32:22:466 PLSQL: ERROR CARGANDO CLIENTES
01 17:42:22:482 PLSQL: INICIANDO CARGA DE CLIENTES EN  V10INTERIN_RDRP
01 17:42:22:484 PLSQL: ERROR CARGANDO CLIENTES

00 17:42:37:135 Fichero de log cerrado.

00 17:42:47:465 Fichero de log abierto PID 2028

02 17:42:47:467 Intentando abrir fichero v10.ini
02 17:42:47:475 Cargando driver v10oracle funcion damedriveroracle
02 17:42:48:332 Conectado a base de datos
02 17:42:48:335 Proceso CARGA_CLIENTES encontrado en tabla VDPROCESOS
02 17:42:48:335 Proceso CARGA_CLIENTES cargado con función procesoperiodico (Librería VDKERNEL.DLL) direccion 70362D10
02 17:42:48:338 PLSQL: INICIALIZADO PAQUETE DE LOG EL DIA 29-03-2022
02 17:42:48:349 Actualizado SID 19 SERIAL 109 del proceso con PID 2028
02 17:42:48:355 Analizado cursor CCARGACLIENTES
02 17:42:48:355 Leidos 1 cursores
01 17:42:48:357 PLSQL: INICIANDO CARGA DE CLIENTES EN  V10INTERIN_RDRP
01 17:42:48:359 PLSQL: ERROR CARGANDO CLIENTES

00 17:45:26:690 Fichero de log cerrado.

00 17:45:32:224 Fichero de log abierto PID 17964

02 17:45:32:225 Intentando abrir fichero v10.ini
02 17:45:32:232 Cargando driver v10oracle funcion damedriveroracle
02 17:45:33:225 Conectado a base de datos
02 17:45:33:229 Proceso CARGA_CLIENTES encontrado en tabla VDPROCESOS
02 17:45:33:230 Proceso CARGA_CLIENTES cargado con función procesoperiodico (Librería VDKERNEL.DLL) direccion 70362D10
02 17:45:33:235 PLSQL: INICIALIZADO PAQUETE DE LOG EL DIA 29-03-2022
02 17:45:33:257 Actualizado SID 862 SERIAL 50824 del proceso con PID 17964
02 17:45:33:260 Analizado cursor CCARGACLIENTES
02 17:45:33:260 Leidos 1 cursores
01 17:45:33:262 PLSQL: INICIANDO CARGA DE CLIENTES EN  V10INTERIN_RDRP
01 17:45:33:267 PLSQL: ERROR CARGANDO CLIENTES
01 17:55:33:284 PLSQL: INICIANDO CARGA DE CLIENTES EN  V10INTERIN_RDRP
01 17:55:33:287 PLSQL: ERROR CARGANDO CLIENTES

00 17:58:58:372 Fichero de log cerrado.

