00 10:35:41:615 Fichero de log abierto PID 16864

02 10:35:41:617 Intentando abrir fichero v10.ini
02 10:35:41:621 Cargando driver v10oracle funcion damedriveroracle
02 10:35:42:265 Conectado a base de datos
02 10:35:42:267 Proceso CARGA_ARTICULOS encontrado en tabla VDPROCESOS
02 10:35:42:267 Proceso CARGA_ARTICULOS cargado con función procesoperiodico (Librería VDKERNEL.DLL) direccion 70032D10
02 10:35:42:270 PLSQL: INICIALIZADO PAQUETE DE LOG EL DIA 08-07-2022
02 10:35:42:278 Actualizado SID 868 SERIAL 29714 del proceso con PID 16864
02 10:35:42:287 Analizado cursor CCARGAARTICULOS
02 10:35:42:287 Leidos 1 cursores
01 10:35:42:288 PLSQL: INICIANDO CARGA DE ARTICULOS EN  V10INTERIN_RDRP
01 10:35:42:290 PLSQL: ERROR CARGANDO ARTICULOS
01 10:45:42:298 PLSQL: INICIANDO CARGA DE ARTICULOS EN  V10INTERIN_RDRP
01 10:45:42:299 PLSQL: ERROR CARGANDO ARTICULOS
01 10:55:42:302 PLSQL: INICIANDO CARGA DE ARTICULOS EN  V10INTERIN_RDRP
01 10:55:42:305 PLSQL: ERROR CARGANDO ARTICULOS
01 11:05:42:311 PLSQL: INICIANDO CARGA DE ARTICULOS EN  V10INTERIN_RDRP
01 11:05:42:314 PLSQL: ERROR CARGANDO ARTICULOS
01 11:15:42:322 PLSQL: INICIANDO CARGA DE ARTICULOS EN  V10INTERIN_RDRP
01 11:15:42:325 PLSQL: ERROR CARGANDO ARTICULOS
01 11:25:42:343 PLSQL: INICIANDO CARGA DE ARTICULOS EN  V10INTERIN_RDRP
01 11:25:42:344 PLSQL: ERROR CARGANDO ARTICULOS
01 11:35:42:351 PLSQL: INICIANDO CARGA DE ARTICULOS EN  V10INTERIN_RDRP
01 11:35:42:352 PLSQL: ERROR CARGANDO ARTICULOS
01 11:45:42:361 PLSQL: INICIANDO CARGA DE ARTICULOS EN  V10INTERIN_RDRP
01 11:45:42:364 PLSQL: ERROR CARGANDO ARTICULOS
01 11:55:42:375 PLSQL: INICIANDO CARGA DE ARTICULOS EN  V10INTERIN_RDRP
01 11:55:42:379 PLSQL: ERROR CARGANDO ARTICULOS
00 12:00:01:260 Fichero de log abierto PID 1896

02 12:00:01:262 Intentando abrir fichero v10.ini
02 12:00:01:265 Cargando driver v10oracle funcion damedriveroracle

00 12:00:01:384 Fichero de log cerrado.

02 12:00:01:427 Conectado a base de datos
02 12:00:01:429 Proceso CARGA_ARTICULOS encontrado en tabla VDPROCESOS
02 12:00:01:429 Proceso CARGA_ARTICULOS cargado con función procesoperiodico (Librería VDKERNEL.DLL) direccion 70032D10
02 12:00:01:430 PLSQL: INICIALIZADO PAQUETE DE LOG EL DIA 08-07-2022
02 12:00:01:437 Actualizado SID 141 SERIAL 63074 del proceso con PID 1896
02 12:00:01:437 Analizado cursor CCARGAARTICULOS
02 12:00:01:437 Leidos 1 cursores
01 12:00:01:438 PLSQL: INICIANDO CARGA DE ARTICULOS EN  V10INTERIN_RDRP
01 12:00:01:439 PLSQL: ERROR CARGANDO ARTICULOS
01 12:10:01:445 PLSQL: INICIANDO CARGA DE ARTICULOS EN  V10INTERIN_RDRP
01 12:10:01:448 PLSQL: ERROR CARGANDO ARTICULOS
01 12:20:01:458 PLSQL: INICIANDO CARGA DE ARTICULOS EN  V10INTERIN_RDRP
01 12:20:01:462 PLSQL: ERROR CARGANDO ARTICULOS
01 12:30:01:466 PLSQL: INICIANDO CARGA DE ARTICULOS EN  V10INTERIN_RDRP
01 12:30:01:471 PLSQL: ERROR CARGANDO ARTICULOS
01 12:40:01:482 PLSQL: INICIANDO CARGA DE ARTICULOS EN  V10INTERIN_RDRP
01 12:40:01:483 PLSQL: ERROR CARGANDO ARTICULOS
01 12:50:01:501 PLSQL: INICIANDO CARGA DE ARTICULOS EN  V10INTERIN_RDRP
01 12:50:01:505 PLSQL: ERROR CARGANDO ARTICULOS
01 13:00:01:514 PLSQL: INICIANDO CARGA DE ARTICULOS EN  V10INTERIN_RDRP
01 13:00:01:517 PLSQL: ERROR CARGANDO ARTICULOS
01 13:10:01:526 PLSQL: INICIANDO CARGA DE ARTICULOS EN  V10INTERIN_RDRP
01 13:10:01:530 PLSQL: ERROR CARGANDO ARTICULOS
01 13:20:01:533 PLSQL: INICIANDO CARGA DE ARTICULOS EN  V10INTERIN_RDRP
01 13:20:01:536 PLSQL: ERROR CARGANDO ARTICULOS
01 13:38:28:533 PLSQL: INICIANDO CARGA DE ARTICULOS EN  V10INTERIN_RDRP
01 13:38:28:535 PLSQL: ERROR CARGANDO ARTICULOS
01 13:48:28:543 PLSQL: INICIANDO CARGA DE ARTICULOS EN  V10INTERIN_RDRP
01 13:48:28:543 PLSQL: ERROR CARGANDO ARTICULOS

00 13:51:15:642 Fichero de log cerrado.

