00 11:41:47:032 Fichero de log abierto PID 1640

02 11:41:47:034 Intentando abrir fichero v10.ini
02 11:41:47:040 Cargando driver v10oracle funcion damedriveroracle
02 11:41:47:709 Conectado a base de datos
02 11:41:47:710 Proceso CARGA_PEDIDOS encontrado en tabla VDPROCESOS
02 11:41:47:710 Proceso CARGA_PEDIDOS cargado con función procesoperiodico (Librería VDKERNEL.DLL) direccion 6F3D2D10
02 11:41:47:713 PLSQL: INICIALIZADO PAQUETE DE LOG EL DIA 04-07-2022
02 11:41:47:722 Actualizado SID 504 SERIAL 33381 del proceso con PID 1640
02 11:41:47:729 Analizado cursor CCARGAPEDIDOS
02 11:41:47:729 Leidos 1 cursores
01 11:41:47:731 PLSQL: INICIANDO CARGA DE PEDIDOS EN  V10INTERIN_RDRP
01 11:41:47:731 PLSQL: ERROR CARGANDO PEDIDOS
01 11:46:47:739 PLSQL: INICIANDO CARGA DE PEDIDOS EN  V10INTERIN_RDRP
01 11:46:47:739 PLSQL: ERROR CARGANDO PEDIDOS
01 11:51:47:749 PLSQL: INICIANDO CARGA DE PEDIDOS EN  V10INTERIN_RDRP
01 11:51:47:749 PLSQL: ERROR CARGANDO PEDIDOS
01 11:56:47:770 PLSQL: INICIANDO CARGA DE PEDIDOS EN  V10INTERIN_RDRP
01 11:56:47:770 PLSQL: ERROR CARGANDO PEDIDOS
01 12:01:47:775 PLSQL: INICIANDO CARGA DE PEDIDOS EN  V10INTERIN_RDRP
01 12:01:47:775 PLSQL: ERROR CARGANDO PEDIDOS
01 12:06:47:784 PLSQL: INICIANDO CARGA DE PEDIDOS EN  V10INTERIN_RDRP
01 12:06:47:784 PLSQL: ERROR CARGANDO PEDIDOS
01 12:11:47:795 PLSQL: INICIANDO CARGA DE PEDIDOS EN  V10INTERIN_RDRP
01 12:11:47:795 PLSQL: ERROR CARGANDO PEDIDOS
01 12:16:47:816 PLSQL: INICIANDO CARGA DE PEDIDOS EN  V10INTERIN_RDRP
01 12:16:47:817 PLSQL: ERROR CARGANDO PEDIDOS
01 12:21:47:824 PLSQL: INICIANDO CARGA DE PEDIDOS EN  V10INTERIN_RDRP
01 12:21:47:824 PLSQL: ERROR CARGANDO PEDIDOS
01 12:26:47:845 PLSQL: INICIANDO CARGA DE PEDIDOS EN  V10INTERIN_RDRP
01 12:26:47:845 PLSQL: ERROR CARGANDO PEDIDOS
01 12:31:47:875 PLSQL: INICIANDO CARGA DE PEDIDOS EN  V10INTERIN_RDRP
01 12:31:47:875 PLSQL: ERROR CARGANDO PEDIDOS
01 12:36:47:887 PLSQL: INICIANDO CARGA DE PEDIDOS EN  V10INTERIN_RDRP
01 12:36:47:890 PLSQL: ERROR CARGANDO PEDIDOS
01 12:41:47:902 PLSQL: INICIANDO CARGA DE PEDIDOS EN  V10INTERIN_RDRP
01 12:41:47:903 PLSQL: ERROR CARGANDO PEDIDOS
01 12:46:47:907 PLSQL: INICIANDO CARGA DE PEDIDOS EN  V10INTERIN_RDRP
01 12:46:47:909 PLSQL: ERROR CARGANDO PEDIDOS
01 12:51:47:923 PLSQL: INICIANDO CARGA DE PEDIDOS EN  V10INTERIN_RDRP
01 12:51:47:924 PLSQL: ERROR CARGANDO PEDIDOS
01 12:56:47:930 PLSQL: INICIANDO CARGA DE PEDIDOS EN  V10INTERIN_RDRP
01 12:56:47:932 PLSQL: ERROR CARGANDO PEDIDOS
01 13:01:47:934 PLSQL: INICIANDO CARGA DE PEDIDOS EN  V10INTERIN_RDRP
01 13:01:47:936 PLSQL: ERROR CARGANDO PEDIDOS
01 13:06:47:946 PLSQL: INICIANDO CARGA DE PEDIDOS EN  V10INTERIN_RDRP
01 13:06:47:947 PLSQL: ERROR CARGANDO PEDIDOS
01 13:11:47:959 PLSQL: INICIANDO CARGA DE PEDIDOS EN  V10INTERIN_RDRP
01 13:11:47:961 PLSQL: ERROR CARGANDO PEDIDOS
01 13:16:47:972 PLSQL: INICIANDO CARGA DE PEDIDOS EN  V10INTERIN_RDRP
01 13:16:47:974 PLSQL: ERROR CARGANDO PEDIDOS
01 13:21:47:982 PLSQL: INICIANDO CARGA DE PEDIDOS EN  V10INTERIN_RDRP
01 13:21:47:983 PLSQL: ERROR CARGANDO PEDIDOS
01 13:26:47:992 PLSQL: INICIANDO CARGA DE PEDIDOS EN  V10INTERIN_RDRP
01 13:26:47:993 PLSQL: ERROR CARGANDO PEDIDOS
01 13:31:47:999 PLSQL: INICIANDO CARGA DE PEDIDOS EN  V10INTERIN_RDRP
01 13:31:48:002 PLSQL: ERROR CARGANDO PEDIDOS
01 13:36:48:019 PLSQL: INICIANDO CARGA DE PEDIDOS EN  V10INTERIN_RDRP
01 13:36:48:021 PLSQL: ERROR CARGANDO PEDIDOS
01 13:41:48:028 PLSQL: INICIANDO CARGA DE PEDIDOS EN  V10INTERIN_RDRP
01 13:41:48:030 PLSQL: ERROR CARGANDO PEDIDOS
01 13:53:17:744 PLSQL: INICIANDO CARGA DE PEDIDOS EN  V10INTERIN_RDRP
01 13:53:17:781 PLSQL: ERROR CARGANDO PEDIDOS
01 13:58:17:787 PLSQL: INICIANDO CARGA DE PEDIDOS EN  V10INTERIN_RDRP
01 13:58:17:788 PLSQL: ERROR CARGANDO PEDIDOS
01 14:03:17:794 PLSQL: INICIANDO CARGA DE PEDIDOS EN  V10INTERIN_RDRP
01 14:03:17:794 PLSQL: ERROR CARGANDO PEDIDOS
01 14:08:17:811 PLSQL: INICIANDO CARGA DE PEDIDOS EN  V10INTERIN_RDRP
01 14:08:17:812 PLSQL: ERROR CARGANDO PEDIDOS
01 14:13:17:816 PLSQL: INICIANDO CARGA DE PEDIDOS EN  V10INTERIN_RDRP
01 14:13:17:819 PLSQL: ERROR CARGANDO PEDIDOS
01 14:18:17:834 PLSQL: INICIANDO CARGA DE PEDIDOS EN  V10INTERIN_RDRP
01 14:18:17:836 PLSQL: ERROR CARGANDO PEDIDOS
01 14:23:17:839 PLSQL: INICIANDO CARGA DE PEDIDOS EN  V10INTERIN_RDRP
01 14:23:17:855 PLSQL: ERROR CARGANDO PEDIDOS
01 14:28:17:866 PLSQL: INICIANDO CARGA DE PEDIDOS EN  V10INTERIN_RDRP
01 14:28:17:868 PLSQL: ERROR CARGANDO PEDIDOS
01 14:33:17:872 PLSQL: INICIANDO CARGA DE PEDIDOS EN  V10INTERIN_RDRP
01 14:33:17:873 PLSQL: ERROR CARGANDO PEDIDOS
01 14:38:17:886 PLSQL: INICIANDO CARGA DE PEDIDOS EN  V10INTERIN_RDRP
01 14:38:17:888 PLSQL: ERROR CARGANDO PEDIDOS
01 14:43:17:899 PLSQL: INICIANDO CARGA DE PEDIDOS EN  V10INTERIN_RDRP
01 14:43:17:901 PLSQL: ERROR CARGANDO PEDIDOS
01 14:48:17:907 PLSQL: INICIANDO CARGA DE PEDIDOS EN  V10INTERIN_RDRP
01 14:48:17:908 PLSQL: ERROR CARGANDO PEDIDOS
01 14:53:17:923 PLSQL: INICIANDO CARGA DE PEDIDOS EN  V10INTERIN_RDRP
01 14:53:17:924 PLSQL: ERROR CARGANDO PEDIDOS
01 14:58:17:930 PLSQL: INICIANDO CARGA DE PEDIDOS EN  V10INTERIN_RDRP
01 14:58:17:931 PLSQL: ERROR CARGANDO PEDIDOS
01 15:03:17:945 PLSQL: INICIANDO CARGA DE PEDIDOS EN  V10INTERIN_RDRP
01 15:03:17:946 PLSQL: ERROR CARGANDO PEDIDOS
01 15:08:17:955 PLSQL: INICIANDO CARGA DE PEDIDOS EN  V10INTERIN_RDRP
01 15:08:17:958 PLSQL: ERROR CARGANDO PEDIDOS
01 16:01:05:766 PLSQL: INICIANDO CARGA DE PEDIDOS EN  V10INTERIN_RDRP
01 16:01:05:773 PLSQL: ERROR CARGANDO PEDIDOS
01 16:06:05:802 PLSQL: INICIANDO CARGA DE PEDIDOS EN  V10INTERIN_RDRP
01 16:06:05:804 PLSQL: ERROR CARGANDO PEDIDOS
01 16:11:05:805 PLSQL: INICIANDO CARGA DE PEDIDOS EN  V10INTERIN_RDRP
01 16:11:05:806 PLSQL: ERROR CARGANDO PEDIDOS
01 16:16:05:808 PLSQL: INICIANDO CARGA DE PEDIDOS EN  V10INTERIN_RDRP
01 16:16:05:811 PLSQL: ERROR CARGANDO PEDIDOS
01 16:21:05:827 PLSQL: INICIANDO CARGA DE PEDIDOS EN  V10INTERIN_RDRP
01 16:21:05:828 PLSQL: ERROR CARGANDO PEDIDOS
01 16:26:05:844 PLSQL: INICIANDO CARGA DE PEDIDOS EN  V10INTERIN_RDRP
01 16:26:05:844 PLSQL: ERROR CARGANDO PEDIDOS

00 16:28:21:865 Fichero de log cerrado.

00 16:28:33:165 Fichero de log abierto PID 13192

02 16:28:33:167 Intentando abrir fichero v10.ini
02 16:28:33:172 Cargando driver v10oracle funcion damedriveroracle
02 16:28:33:900 Conectado a base de datos
02 16:28:33:902 Proceso CARGA_PEDIDOS encontrado en tabla VDPROCESOS
02 16:28:33:902 Proceso CARGA_PEDIDOS cargado con función procesoperiodico (Librería VDKERNEL.DLL) direccion 6F3D2D10
02 16:28:33:905 PLSQL: INICIALIZADO PAQUETE DE LOG EL DIA 04-07-2022
02 16:28:33:915 Actualizado SID 386 SERIAL 6789 del proceso con PID 13192
02 16:28:33:915 Analizado cursor CCARGAPEDIDOS
02 16:28:33:915 Leidos 1 cursores
01 16:28:33:917 PLSQL: INICIANDO CARGA DE PEDIDOS EN  V10INTERIN_RDRP
01 16:28:33:918 PLSQL: ERROR CARGANDO PEDIDOS
01 16:33:33:921 PLSQL: INICIANDO CARGA DE PEDIDOS EN  V10INTERIN_RDRP
01 16:33:33:922 PLSQL: ERROR CARGANDO PEDIDOS
01 16:38:33:928 PLSQL: INICIANDO CARGA DE PEDIDOS EN  V10INTERIN_RDRP
01 16:38:33:929 PLSQL: ERROR CARGANDO PEDIDOS
01 16:43:33:930 PLSQL: INICIANDO CARGA DE PEDIDOS EN  V10INTERIN_RDRP
01 16:43:33:932 PLSQL: ERROR CARGANDO PEDIDOS
01 16:48:33:939 PLSQL: INICIANDO CARGA DE PEDIDOS EN  V10INTERIN_RDRP
01 16:48:33:941 PLSQL: ERROR CARGANDO PEDIDOS
01 16:53:33:955 PLSQL: INICIANDO CARGA DE PEDIDOS EN  V10INTERIN_RDRP
01 16:53:33:957 PLSQL: ERROR CARGANDO PEDIDOS
01 16:58:33:967 PLSQL: INICIANDO CARGA DE PEDIDOS EN  V10INTERIN_RDRP
01 16:58:33:967 PLSQL: ERROR CARGANDO PEDIDOS
01 17:03:33:971 PLSQL: INICIANDO CARGA DE PEDIDOS EN  V10INTERIN_RDRP
01 17:03:33:973 PLSQL: ERROR CARGANDO PEDIDOS
01 17:08:33:986 PLSQL: INICIANDO CARGA DE PEDIDOS EN  V10INTERIN_RDRP
01 17:08:33:990 PLSQL: ERROR CARGANDO PEDIDOS
01 17:13:34:006 PLSQL: INICIANDO CARGA DE PEDIDOS EN  V10INTERIN_RDRP
01 17:13:34:007 PLSQL: ERROR CARGANDO PEDIDOS
01 17:18:34:021 PLSQL: INICIANDO CARGA DE PEDIDOS EN  V10INTERIN_RDRP
01 17:18:34:022 PLSQL: ERROR CARGANDO PEDIDOS
01 17:23:34:027 PLSQL: INICIANDO CARGA DE PEDIDOS EN  V10INTERIN_RDRP
01 17:23:34:028 PLSQL: ERROR CARGANDO PEDIDOS
01 17:28:34:038 PLSQL: INICIANDO CARGA DE PEDIDOS EN  V10INTERIN_RDRP
01 17:28:34:040 PLSQL: ERROR CARGANDO PEDIDOS
01 17:33:34:051 PLSQL: INICIANDO CARGA DE PEDIDOS EN  V10INTERIN_RDRP
01 17:33:34:053 PLSQL: ERROR CARGANDO PEDIDOS
01 17:38:34:057 PLSQL: INICIANDO CARGA DE PEDIDOS EN  V10INTERIN_RDRP
01 17:38:34:059 PLSQL: ERROR CARGANDO PEDIDOS
01 17:43:34:067 PLSQL: INICIANDO CARGA DE PEDIDOS EN  V10INTERIN_RDRP
01 17:43:34:068 PLSQL: ERROR CARGANDO PEDIDOS
01 17:48:34:085 PLSQL: INICIANDO CARGA DE PEDIDOS EN  V10INTERIN_RDRP
01 17:48:34:086 PLSQL: ERROR CARGANDO PEDIDOS
01 17:53:34:096 PLSQL: INICIANDO CARGA DE PEDIDOS EN  V10INTERIN_RDRP
01 17:53:34:097 PLSQL: ERROR CARGANDO PEDIDOS

00 17:57:33:832 Fichero de log cerrado.

