00 09:39:32:678 Fichero de log abierto PID 6732

02 09:39:32:687 Intentando abrir fichero v10.ini
02 09:39:32:688 Cargando driver v10oracle funcion damedriveroracle
02 09:39:33:127 Conectado a base de datos
02 09:39:33:128 Proceso CARGA_PEDIDOS encontrado en tabla VDPROCESOS
02 09:39:33:128 Proceso CARGA_PEDIDOS cargado con función procesoperiodico (Librería VDKERNEL.DLL) direccion 6F972D10
02 09:39:33:132 PLSQL: INICIALIZADO PAQUETE DE LOG EL DIA 06-07-2022
02 09:39:33:148 Actualizado SID 139 SERIAL 53586 del proceso con PID 6732
02 09:39:33:152 Analizado cursor CCARGAPEDIDOS
02 09:39:33:152 Leidos 1 cursores
01 09:39:33:152 PLSQL: INICIANDO CARGA DE PEDIDOS EN  V10INTERIN_RDRP
01 09:39:33:152 PLSQL: ERROR CARGANDO PEDIDOS
01 09:44:33:171 PLSQL: INICIANDO CARGA DE PEDIDOS EN  V10INTERIN_RDRP
01 09:44:33:174 PLSQL: ERROR CARGANDO PEDIDOS
01 09:49:33:188 PLSQL: INICIANDO CARGA DE PEDIDOS EN  V10INTERIN_RDRP
01 09:49:33:190 PLSQL: ERROR CARGANDO PEDIDOS
01 09:54:33:200 PLSQL: INICIANDO CARGA DE PEDIDOS EN  V10INTERIN_RDRP
01 09:54:33:201 PLSQL: ERROR CARGANDO PEDIDOS
01 09:59:33:205 PLSQL: INICIANDO CARGA DE PEDIDOS EN  V10INTERIN_RDRP
01 09:59:33:210 PLSQL: ERROR CARGANDO PEDIDOS
01 10:04:33:223 PLSQL: INICIANDO CARGA DE PEDIDOS EN  V10INTERIN_RDRP
01 10:04:33:224 PLSQL: ERROR CARGANDO PEDIDOS
01 10:09:33:239 PLSQL: INICIANDO CARGA DE PEDIDOS EN  V10INTERIN_RDRP
01 10:09:33:241 PLSQL: ERROR CARGANDO PEDIDOS
01 10:14:33:252 PLSQL: INICIANDO CARGA DE PEDIDOS EN  V10INTERIN_RDRP
01 10:14:33:256 PLSQL: ERROR CARGANDO PEDIDOS
01 10:19:33:265 PLSQL: INICIANDO CARGA DE PEDIDOS EN  V10INTERIN_RDRP
01 10:19:33:266 PLSQL: ERROR CARGANDO PEDIDOS
01 10:24:33:271 PLSQL: INICIANDO CARGA DE PEDIDOS EN  V10INTERIN_RDRP
01 10:24:33:273 PLSQL: ERROR CARGANDO PEDIDOS
01 10:29:33:277 PLSQL: INICIANDO CARGA DE PEDIDOS EN  V10INTERIN_RDRP
01 10:29:33:280 PLSQL: ERROR CARGANDO PEDIDOS
01 10:34:33:297 PLSQL: INICIANDO CARGA DE PEDIDOS EN  V10INTERIN_RDRP
01 10:34:33:301 PLSQL: ERROR CARGANDO PEDIDOS
01 10:39:33:304 PLSQL: INICIANDO CARGA DE PEDIDOS EN  V10INTERIN_RDRP
01 10:39:33:305 PLSQL: ERROR CARGANDO PEDIDOS
01 10:44:33:308 PLSQL: INICIANDO CARGA DE PEDIDOS EN  V10INTERIN_RDRP
01 10:44:33:313 PLSQL: ERROR CARGANDO PEDIDOS
01 10:49:33:323 PLSQL: INICIANDO CARGA DE PEDIDOS EN  V10INTERIN_RDRP
01 10:49:33:325 PLSQL: ERROR CARGANDO PEDIDOS
01 10:54:33:328 PLSQL: INICIANDO CARGA DE PEDIDOS EN  V10INTERIN_RDRP
01 10:54:33:329 PLSQL: ERROR CARGANDO PEDIDOS
01 10:59:33:347 PLSQL: INICIANDO CARGA DE PEDIDOS EN  V10INTERIN_RDRP
01 10:59:33:351 PLSQL: ERROR CARGANDO PEDIDOS
01 11:04:33:359 PLSQL: INICIANDO CARGA DE PEDIDOS EN  V10INTERIN_RDRP
01 11:04:33:362 PLSQL: ERROR CARGANDO PEDIDOS
01 11:25:37:357 PLSQL: INICIANDO CARGA DE PEDIDOS EN  V10INTERIN_RDRP
01 11:25:37:359 PLSQL: ERROR CARGANDO PEDIDOS
01 11:30:37:367 PLSQL: INICIANDO CARGA DE PEDIDOS EN  V10INTERIN_RDRP
01 11:30:37:368 PLSQL: ERROR CARGANDO PEDIDOS
01 11:35:37:377 PLSQL: INICIANDO CARGA DE PEDIDOS EN  V10INTERIN_RDRP
01 11:35:37:378 PLSQL: ERROR CARGANDO PEDIDOS
01 11:40:37:394 PLSQL: INICIANDO CARGA DE PEDIDOS EN  V10INTERIN_RDRP
01 11:40:37:396 PLSQL: ERROR CARGANDO PEDIDOS
01 11:45:37:405 PLSQL: INICIANDO CARGA DE PEDIDOS EN  V10INTERIN_RDRP
01 11:45:37:406 PLSQL: ERROR CARGANDO PEDIDOS
01 11:50:37:421 PLSQL: INICIANDO CARGA DE PEDIDOS EN  V10INTERIN_RDRP
01 11:50:37:423 PLSQL: ERROR CARGANDO PEDIDOS
01 11:55:37:427 PLSQL: INICIANDO CARGA DE PEDIDOS EN  V10INTERIN_RDRP
01 11:55:37:430 PLSQL: ERROR CARGANDO PEDIDOS
01 12:00:37:438 PLSQL: INICIANDO CARGA DE PEDIDOS EN  V10INTERIN_RDRP
01 12:00:37:441 PLSQL: ERROR CARGANDO PEDIDOS
01 12:05:37:457 PLSQL: INICIANDO CARGA DE PEDIDOS EN  V10INTERIN_RDRP
01 12:05:37:458 PLSQL: ERROR CARGANDO PEDIDOS
01 12:10:37:475 PLSQL: INICIANDO CARGA DE PEDIDOS EN  V10INTERIN_RDRP
01 12:10:37:476 PLSQL: ERROR CARGANDO PEDIDOS
01 12:15:37:491 PLSQL: INICIANDO CARGA DE PEDIDOS EN  V10INTERIN_RDRP
01 12:15:37:495 PLSQL: ERROR CARGANDO PEDIDOS
01 12:20:37:501 PLSQL: INICIANDO CARGA DE PEDIDOS EN  V10INTERIN_RDRP
01 12:20:37:502 PLSQL: ERROR CARGANDO PEDIDOS
01 12:25:37:515 PLSQL: INICIANDO CARGA DE PEDIDOS EN  V10INTERIN_RDRP
01 12:25:37:517 PLSQL: ERROR CARGANDO PEDIDOS
01 12:30:37:530 PLSQL: INICIANDO CARGA DE PEDIDOS EN  V10INTERIN_RDRP
01 12:30:37:535 PLSQL: ERROR CARGANDO PEDIDOS
01 12:35:37:546 PLSQL: INICIANDO CARGA DE PEDIDOS EN  V10INTERIN_RDRP
01 12:35:37:548 PLSQL: ERROR CARGANDO PEDIDOS
01 12:40:37:560 PLSQL: INICIANDO CARGA DE PEDIDOS EN  V10INTERIN_RDRP
01 12:40:37:562 PLSQL: ERROR CARGANDO PEDIDOS
01 12:45:37:574 PLSQL: INICIANDO CARGA DE PEDIDOS EN  V10INTERIN_RDRP
01 12:45:37:575 PLSQL: ERROR CARGANDO PEDIDOS
01 12:50:37:586 PLSQL: INICIANDO CARGA DE PEDIDOS EN  V10INTERIN_RDRP
01 12:50:37:591 PLSQL: ERROR CARGANDO PEDIDOS
01 12:55:37:603 PLSQL: INICIANDO CARGA DE PEDIDOS EN  V10INTERIN_RDRP
01 12:55:37:604 PLSQL: ERROR CARGANDO PEDIDOS
01 13:00:37:612 PLSQL: INICIANDO CARGA DE PEDIDOS EN  V10INTERIN_RDRP
01 13:00:37:615 PLSQL: ERROR CARGANDO PEDIDOS
01 13:05:37:627 PLSQL: INICIANDO CARGA DE PEDIDOS EN  V10INTERIN_RDRP
01 13:05:37:631 PLSQL: ERROR CARGANDO PEDIDOS
01 13:10:37:643 PLSQL: INICIANDO CARGA DE PEDIDOS EN  V10INTERIN_RDRP
01 13:10:37:646 PLSQL: ERROR CARGANDO PEDIDOS
01 13:15:37:660 PLSQL: INICIANDO CARGA DE PEDIDOS EN  V10INTERIN_RDRP
01 13:15:37:663 PLSQL: ERROR CARGANDO PEDIDOS
01 13:20:37:668 PLSQL: INICIANDO CARGA DE PEDIDOS EN  V10INTERIN_RDRP
01 13:20:37:671 PLSQL: ERROR CARGANDO PEDIDOS
01 13:25:37:687 PLSQL: INICIANDO CARGA DE PEDIDOS EN  V10INTERIN_RDRP
01 13:25:37:691 PLSQL: ERROR CARGANDO PEDIDOS
01 13:30:37:703 PLSQL: INICIANDO CARGA DE PEDIDOS EN  V10INTERIN_RDRP
01 13:30:37:704 PLSQL: ERROR CARGANDO PEDIDOS
01 13:35:37:721 PLSQL: INICIANDO CARGA DE PEDIDOS EN  V10INTERIN_RDRP
01 13:35:37:723 PLSQL: ERROR CARGANDO PEDIDOS
01 13:40:37:735 PLSQL: INICIANDO CARGA DE PEDIDOS EN  V10INTERIN_RDRP
01 13:40:37:738 PLSQL: ERROR CARGANDO PEDIDOS
01 13:45:37:743 PLSQL: INICIANDO CARGA DE PEDIDOS EN  V10INTERIN_RDRP
01 13:45:37:746 PLSQL: ERROR CARGANDO PEDIDOS
01 14:24:50:815 PLSQL: INICIANDO CARGA DE PEDIDOS EN  V10INTERIN_RDRP
01 14:24:50:819 PLSQL: ERROR CARGANDO PEDIDOS
01 14:29:50:829 PLSQL: INICIANDO CARGA DE PEDIDOS EN  V10INTERIN_RDRP
01 14:29:50:830 PLSQL: ERROR CARGANDO PEDIDOS
01 14:34:50:838 PLSQL: INICIANDO CARGA DE PEDIDOS EN  V10INTERIN_RDRP
01 14:34:50:838 PLSQL: ERROR CARGANDO PEDIDOS
01 14:39:50:863 PLSQL: INICIANDO CARGA DE PEDIDOS EN  V10INTERIN_RDRP
01 14:39:50:865 PLSQL: ERROR CARGANDO PEDIDOS
01 14:44:50:882 PLSQL: INICIANDO CARGA DE PEDIDOS EN  V10INTERIN_RDRP
01 14:44:50:883 PLSQL: ERROR CARGANDO PEDIDOS
01 14:49:50:892 PLSQL: INICIANDO CARGA DE PEDIDOS EN  V10INTERIN_RDRP
01 14:49:50:893 PLSQL: ERROR CARGANDO PEDIDOS
01 14:54:50:909 PLSQL: INICIANDO CARGA DE PEDIDOS EN  V10INTERIN_RDRP
01 14:54:50:910 PLSQL: ERROR CARGANDO PEDIDOS
01 14:59:50:921 PLSQL: INICIANDO CARGA DE PEDIDOS EN  V10INTERIN_RDRP
01 14:59:50:922 PLSQL: ERROR CARGANDO PEDIDOS
01 15:04:50:939 PLSQL: INICIANDO CARGA DE PEDIDOS EN  V10INTERIN_RDRP
01 15:04:50:941 PLSQL: ERROR CARGANDO PEDIDOS
01 15:09:50:955 PLSQL: INICIANDO CARGA DE PEDIDOS EN  V10INTERIN_RDRP
01 15:09:50:957 PLSQL: ERROR CARGANDO PEDIDOS
01 15:14:50:962 PLSQL: INICIANDO CARGA DE PEDIDOS EN  V10INTERIN_RDRP
01 15:14:50:964 PLSQL: ERROR CARGANDO PEDIDOS
01 15:43:54:467 PLSQL: INICIANDO CARGA DE PEDIDOS EN  V10INTERIN_RDRP
01 15:43:54:471 PLSQL: ERROR CARGANDO PEDIDOS
01 15:48:54:488 PLSQL: INICIANDO CARGA DE PEDIDOS EN  V10INTERIN_RDRP
01 15:48:54:489 PLSQL: ERROR CARGANDO PEDIDOS
01 15:53:54:500 PLSQL: INICIANDO CARGA DE PEDIDOS EN  V10INTERIN_RDRP
01 15:53:54:503 PLSQL: ERROR CARGANDO PEDIDOS
01 15:58:54:508 PLSQL: INICIANDO CARGA DE PEDIDOS EN  V10INTERIN_RDRP
01 15:58:54:509 PLSQL: ERROR CARGANDO PEDIDOS
01 16:03:54:512 PLSQL: INICIANDO CARGA DE PEDIDOS EN  V10INTERIN_RDRP
01 16:03:54:513 PLSQL: ERROR CARGANDO PEDIDOS
01 16:08:54:527 PLSQL: INICIANDO CARGA DE PEDIDOS EN  V10INTERIN_RDRP
01 16:08:54:529 PLSQL: ERROR CARGANDO PEDIDOS
01 16:13:54:541 PLSQL: INICIANDO CARGA DE PEDIDOS EN  V10INTERIN_RDRP
01 16:13:54:543 PLSQL: ERROR CARGANDO PEDIDOS
01 16:18:54:551 PLSQL: INICIANDO CARGA DE PEDIDOS EN  V10INTERIN_RDRP
01 16:18:54:553 PLSQL: ERROR CARGANDO PEDIDOS
01 16:23:54:557 PLSQL: INICIANDO CARGA DE PEDIDOS EN  V10INTERIN_RDRP
01 16:23:54:559 PLSQL: ERROR CARGANDO PEDIDOS
01 16:28:54:575 PLSQL: INICIANDO CARGA DE PEDIDOS EN  V10INTERIN_RDRP
01 16:28:54:577 PLSQL: ERROR CARGANDO PEDIDOS
01 16:33:54:588 PLSQL: INICIANDO CARGA DE PEDIDOS EN  V10INTERIN_RDRP
01 16:33:54:603 PLSQL: ERROR CARGANDO PEDIDOS
01 16:38:54:625 PLSQL: INICIANDO CARGA DE PEDIDOS EN  V10INTERIN_RDRP
01 16:38:54:626 PLSQL: ERROR CARGANDO PEDIDOS
01 16:43:54:638 PLSQL: INICIANDO CARGA DE PEDIDOS EN  V10INTERIN_RDRP
01 16:43:54:640 PLSQL: ERROR CARGANDO PEDIDOS
01 16:48:54:654 PLSQL: INICIANDO CARGA DE PEDIDOS EN  V10INTERIN_RDRP
01 16:48:54:656 PLSQL: ERROR CARGANDO PEDIDOS
01 16:53:54:662 PLSQL: INICIANDO CARGA DE PEDIDOS EN  V10INTERIN_RDRP
01 16:53:54:665 PLSQL: ERROR CARGANDO PEDIDOS
01 16:58:54:675 PLSQL: INICIANDO CARGA DE PEDIDOS EN  V10INTERIN_RDRP
01 16:58:54:678 PLSQL: ERROR CARGANDO PEDIDOS
01 17:03:54:691 PLSQL: INICIANDO CARGA DE PEDIDOS EN  V10INTERIN_RDRP
01 17:03:54:693 PLSQL: ERROR CARGANDO PEDIDOS
01 17:08:54:698 PLSQL: INICIANDO CARGA DE PEDIDOS EN  V10INTERIN_RDRP
01 17:08:54:702 PLSQL: ERROR CARGANDO PEDIDOS

00 17:10:24:209 Fichero de log cerrado.

