00 09:08:33:017 Fichero de log abierto PID 14220

02 09:08:33:026 Intentando abrir fichero v10.ini
02 09:08:33:027 Cargando driver v10oracle funcion damedriveroracle
02 09:08:33:520 Conectado a base de datos
02 09:08:33:521 Proceso CARGA_CLIENTES encontrado en tabla VDPROCESOS
02 09:08:33:521 Proceso CARGA_CLIENTES cargado con función procesoperiodico (Librería VDKERNEL.DLL) direccion 6E792D10
02 09:08:33:525 PLSQL: INICIALIZADO PAQUETE DE LOG EL DIA 01-04-2022
02 09:08:33:533 Actualizado SID 253 SERIAL 31746 del proceso con PID 14220
02 09:08:33:540 Analizado cursor CCARGACLIENTES
02 09:08:33:540 Leidos 1 cursores
01 09:08:33:541 PLSQL: INICIANDO CARGA DE CLIENTES EN  V10INTERIN_RDRP
01 09:08:33:543 PLSQL: ERROR CARGANDO CLIENTES
01 09:18:33:553 PLSQL: INICIANDO CARGA DE CLIENTES EN  V10INTERIN_RDRP
01 09:18:33:554 PLSQL: ERROR CARGANDO CLIENTES
01 09:28:33:556 PLSQL: INICIANDO CARGA DE CLIENTES EN  V10INTERIN_RDRP
01 09:28:33:558 PLSQL: ERROR CARGANDO CLIENTES
01 09:38:33:572 PLSQL: INICIANDO CARGA DE CLIENTES EN  V10INTERIN_RDRP
01 09:38:33:574 PLSQL: ERROR CARGANDO CLIENTES
01 09:48:33:589 PLSQL: INICIANDO CARGA DE CLIENTES EN  V10INTERIN_RDRP
01 09:48:33:591 PLSQL: ERROR CARGANDO CLIENTES
01 09:58:33:597 PLSQL: INICIANDO CARGA DE CLIENTES EN  V10INTERIN_RDRP
01 09:58:33:598 PLSQL: ERROR CARGANDO CLIENTES
01 10:08:33:604 PLSQL: INICIANDO CARGA DE CLIENTES EN  V10INTERIN_RDRP
01 10:08:33:606 PLSQL: ERROR CARGANDO CLIENTES
01 10:18:33:614 PLSQL: INICIANDO CARGA DE CLIENTES EN  V10INTERIN_RDRP
01 10:18:33:616 PLSQL: ERROR CARGANDO CLIENTES
01 10:28:33:632 PLSQL: INICIANDO CARGA DE CLIENTES EN  V10INTERIN_RDRP
01 10:28:33:633 PLSQL: ERROR CARGANDO CLIENTES
01 10:38:33:649 PLSQL: INICIANDO CARGA DE CLIENTES EN  V10INTERIN_RDRP
01 10:38:33:650 PLSQL: ERROR CARGANDO CLIENTES

00 10:41:41:278 Fichero de log cerrado.

00 10:42:00:648 Fichero de log abierto PID 13772

02 10:42:00:652 Intentando abrir fichero v10.ini
02 10:42:00:658 Cargando driver v10oracle funcion damedriveroracle
02 10:42:01:612 Conectado a base de datos
02 10:42:01:613 Proceso CARGA_CLIENTES encontrado en tabla VDPROCESOS
02 10:42:01:613 Proceso CARGA_CLIENTES cargado con función procesoperiodico (Librería VDKERNEL.DLL) direccion 6E792D10
02 10:42:01:616 PLSQL: INICIALIZADO PAQUETE DE LOG EL DIA 01-04-2022
02 10:42:01:627 Actualizado SID 255 SERIAL 55672 del proceso con PID 13772
02 10:42:01:627 Analizado cursor CCARGACLIENTES
02 10:42:01:627 Leidos 1 cursores
01 10:42:01:629 PLSQL: INICIANDO CARGA DE CLIENTES EN  V10INTERIN_RDRP
01 10:42:01:631 PLSQL: ERROR CARGANDO CLIENTES
01 10:52:01:639 PLSQL: INICIANDO CARGA DE CLIENTES EN  V10INTERIN_RDRP
01 10:52:01:641 PLSQL: ERROR CARGANDO CLIENTES
01 11:02:01:653 PLSQL: INICIANDO CARGA DE CLIENTES EN  V10INTERIN_RDRP
01 11:02:01:654 PLSQL: ERROR CARGANDO CLIENTES
01 11:12:01:667 PLSQL: INICIANDO CARGA DE CLIENTES EN  V10INTERIN_RDRP
01 11:12:01:668 PLSQL: ERROR CARGANDO CLIENTES
01 11:22:01:677 PLSQL: INICIANDO CARGA DE CLIENTES EN  V10INTERIN_RDRP
01 11:22:01:678 PLSQL: ERROR CARGANDO CLIENTES
01 11:47:07:459 PLSQL: INICIANDO CARGA DE CLIENTES EN  V10INTERIN_RDRP
01 11:47:07:462 PLSQL: ERROR CARGANDO CLIENTES
01 11:57:07:502 PLSQL: INICIANDO CARGA DE CLIENTES EN  V10INTERIN_RDRP
01 11:57:07:503 PLSQL: ERROR CARGANDO CLIENTES
01 12:07:07:520 PLSQL: INICIANDO CARGA DE CLIENTES EN  V10INTERIN_RDRP
01 12:07:07:521 PLSQL: ERROR CARGANDO CLIENTES

00 12:15:10:325 Fichero de log cerrado.

00 12:15:18:445 Fichero de log abierto PID 1232

02 12:15:18:447 Intentando abrir fichero v10.ini
02 12:15:18:455 Cargando driver v10oracle funcion damedriveroracle
02 12:15:19:515 Conectado a base de datos
02 12:15:19:517 Proceso CARGA_CLIENTES encontrado en tabla VDPROCESOS
02 12:15:19:517 Proceso CARGA_CLIENTES cargado con función procesoperiodico (Librería VDKERNEL.DLL) direccion 6E792D10
02 12:15:19:520 PLSQL: INICIALIZADO PAQUETE DE LOG EL DIA 01-04-2022
02 12:15:19:532 Actualizado SID 388 SERIAL 716 del proceso con PID 1232
02 12:15:19:534 Analizado cursor CCARGACLIENTES
02 12:15:19:534 Leidos 1 cursores
01 12:15:19:535 PLSQL: INICIANDO CARGA DE CLIENTES EN  V10INTERIN_RDRP
01 12:15:19:537 PLSQL: ERROR CARGANDO CLIENTES
01 12:25:19:539 PLSQL: INICIANDO CARGA DE CLIENTES EN  V10INTERIN_RDRP
01 12:25:19:541 PLSQL: ERROR CARGANDO CLIENTES
01 12:35:19:546 PLSQL: INICIANDO CARGA DE CLIENTES EN  V10INTERIN_RDRP
01 12:35:19:548 PLSQL: ERROR CARGANDO CLIENTES
01 12:45:19:553 PLSQL: INICIANDO CARGA DE CLIENTES EN  V10INTERIN_RDRP
01 12:45:19:554 PLSQL: ERROR CARGANDO CLIENTES
01 12:55:19:569 PLSQL: INICIANDO CARGA DE CLIENTES EN  V10INTERIN_RDRP
01 12:55:19:570 PLSQL: ERROR CARGANDO CLIENTES
01 13:05:19:575 PLSQL: INICIANDO CARGA DE CLIENTES EN  V10INTERIN_RDRP
01 13:05:19:577 PLSQL: ERROR CARGANDO CLIENTES

00 13:10:54:649 Fichero de log cerrado.

00 13:11:07:195 Fichero de log abierto PID 10592

02 13:11:07:200 Intentando abrir fichero v10.ini
02 13:11:07:207 Cargando driver v10oracle funcion damedriveroracle
02 13:11:07:915 Conectado a base de datos
02 13:11:07:917 Proceso CARGA_CLIENTES encontrado en tabla VDPROCESOS
02 13:11:07:919 Proceso CARGA_CLIENTES cargado con función procesoperiodico (Librería VDKERNEL.DLL) direccion 6E792D10
02 13:11:07:921 PLSQL: INICIALIZADO PAQUETE DE LOG EL DIA 01-04-2022
02 13:11:07:932 Actualizado SID 15 SERIAL 14170 del proceso con PID 10592
02 13:11:07:934 Analizado cursor CCARGACLIENTES
02 13:11:07:934 Leidos 1 cursores
01 13:11:07:934 PLSQL: INICIANDO CARGA DE CLIENTES EN  V10INTERIN_RDRP
01 13:11:07:936 PLSQL: ERROR CARGANDO CLIENTES
01 13:21:07:939 PLSQL: INICIANDO CARGA DE CLIENTES EN  V10INTERIN_RDRP
01 13:21:07:941 PLSQL: ERROR CARGANDO CLIENTES

00 13:31:06:372 Fichero de log cerrado.

00 13:31:13:432 Fichero de log abierto PID 9944

02 13:31:13:434 Intentando abrir fichero v10.ini
02 13:31:13:440 Cargando driver v10oracle funcion damedriveroracle
02 13:31:14:172 Conectado a base de datos
02 13:31:14:175 Proceso CARGA_CLIENTES encontrado en tabla VDPROCESOS
02 13:31:14:175 Proceso CARGA_CLIENTES cargado con función procesoperiodico (Librería VDKERNEL.DLL) direccion 6E792D10
02 13:31:14:177 PLSQL: INICIALIZADO PAQUETE DE LOG EL DIA 01-04-2022
02 13:31:14:190 Actualizado SID 753 SERIAL 25139 del proceso con PID 9944
02 13:31:14:190 Analizado cursor CCARGACLIENTES
02 13:31:14:190 Leidos 1 cursores
01 13:31:14:192 PLSQL: INICIANDO CARGA DE CLIENTES EN  V10INTERIN_RDRP
01 13:31:14:194 PLSQL: ERROR CARGANDO CLIENTES

00 13:39:34:107 Fichero de log cerrado.

00 13:39:48:427 Fichero de log abierto PID 10668

02 13:39:48:427 Intentando abrir fichero v10.ini
02 13:39:48:439 Cargando driver v10oracle funcion damedriveroracle
02 13:39:49:249 Conectado a base de datos
02 13:39:49:250 Proceso CARGA_CLIENTES encontrado en tabla VDPROCESOS
02 13:39:49:252 Proceso CARGA_CLIENTES cargado con función procesoperiodico (Librería VDKERNEL.DLL) direccion 6E792D10
02 13:39:49:253 PLSQL: INICIALIZADO PAQUETE DE LOG EL DIA 01-04-2022
02 13:39:49:265 Actualizado SID 381 SERIAL 45964 del proceso con PID 10668
02 13:39:49:265 Analizado cursor CCARGACLIENTES
02 13:39:49:265 Leidos 1 cursores
01 13:39:49:267 PLSQL: INICIANDO CARGA DE CLIENTES EN  V10INTERIN_RDRP
01 13:39:49:269 PLSQL: ERROR CARGANDO CLIENTES

00 13:41:22:215 Fichero de log cerrado.

00 13:41:28:937 Fichero de log abierto PID 13208

02 13:41:28:940 Intentando abrir fichero v10.ini
02 13:41:28:945 Cargando driver v10oracle funcion damedriveroracle
02 13:41:29:630 Conectado a base de datos
02 13:41:29:632 Proceso CARGA_CLIENTES encontrado en tabla VDPROCESOS
02 13:41:29:634 Proceso CARGA_CLIENTES cargado con función procesoperiodico (Librería VDKERNEL.DLL) direccion 6E792D10
02 13:41:29:636 PLSQL: INICIALIZADO PAQUETE DE LOG EL DIA 01-04-2022
02 13:41:29:645 Actualizado SID 255 SERIAL 31603 del proceso con PID 13208
02 13:41:29:645 Analizado cursor CCARGACLIENTES
02 13:41:29:645 Leidos 1 cursores
01 13:41:29:646 PLSQL: INICIANDO CARGA DE CLIENTES EN  V10INTERIN_RDRP
01 13:41:29:648 PLSQL: ERROR CARGANDO CLIENTES
01 13:51:29:660 PLSQL: INICIANDO CARGA DE CLIENTES EN  V10INTERIN_RDRP
01 13:51:29:663 PLSQL: ERROR CARGANDO CLIENTES

00 13:58:39:757 Fichero de log cerrado.

