00 09:39:32:445 Fichero de log abierto PID 16128

02 09:39:32:447 Intentando abrir fichero v10.ini
02 09:39:32:452 Cargando driver v10oracle funcion damedriveroracle
02 09:39:32:851 Conectado a base de datos
02 09:39:32:852 Proceso CARGA_ARTICULOS encontrado en tabla VDPROCESOS
02 09:39:32:852 Proceso CARGA_ARTICULOS cargado con función procesoperiodico (Librería VDKERNEL.DLL) direccion 6F972D10
02 09:39:32:855 PLSQL: INICIALIZADO PAQUETE DE LOG EL DIA 06-07-2022
02 09:39:32:882 Actualizado SID 876 SERIAL 63571 del proceso con PID 16128
02 09:39:32:887 Analizado cursor CCARGAARTICULOS
02 09:39:32:887 Leidos 1 cursores
01 09:39:32:889 PLSQL: INICIANDO CARGA DE ARTICULOS EN  V10INTERIN_RDRP
01 09:39:32:890 PLSQL: ERROR CARGANDO ARTICULOS
01 09:49:32:906 PLSQL: INICIANDO CARGA DE ARTICULOS EN  V10INTERIN_RDRP
01 09:49:32:907 PLSQL: ERROR CARGANDO ARTICULOS
01 09:59:32:911 PLSQL: INICIANDO CARGA DE ARTICULOS EN  V10INTERIN_RDRP
01 09:59:32:914 PLSQL: ERROR CARGANDO ARTICULOS
01 10:09:32:927 PLSQL: INICIANDO CARGA DE ARTICULOS EN  V10INTERIN_RDRP
01 10:09:32:932 PLSQL: ERROR CARGANDO ARTICULOS
01 10:19:32:938 PLSQL: INICIANDO CARGA DE ARTICULOS EN  V10INTERIN_RDRP
01 10:19:32:940 PLSQL: ERROR CARGANDO ARTICULOS
01 10:29:32:948 PLSQL: INICIANDO CARGA DE ARTICULOS EN  V10INTERIN_RDRP
01 10:29:32:952 PLSQL: ERROR CARGANDO ARTICULOS
01 10:39:32:962 PLSQL: INICIANDO CARGA DE ARTICULOS EN  V10INTERIN_RDRP
01 10:39:32:965 PLSQL: ERROR CARGANDO ARTICULOS
01 10:49:32:984 PLSQL: INICIANDO CARGA DE ARTICULOS EN  V10INTERIN_RDRP
01 10:49:32:985 PLSQL: ERROR CARGANDO ARTICULOS
01 10:59:33:006 PLSQL: INICIANDO CARGA DE ARTICULOS EN  V10INTERIN_RDRP
01 10:59:33:009 PLSQL: ERROR CARGANDO ARTICULOS
01 11:25:37:355 PLSQL: INICIANDO CARGA DE ARTICULOS EN  V10INTERIN_RDRP
01 11:25:37:357 PLSQL: ERROR CARGANDO ARTICULOS
01 11:35:37:362 PLSQL: INICIANDO CARGA DE ARTICULOS EN  V10INTERIN_RDRP
01 11:35:37:363 PLSQL: ERROR CARGANDO ARTICULOS
01 11:45:37:372 PLSQL: INICIANDO CARGA DE ARTICULOS EN  V10INTERIN_RDRP
01 11:45:37:374 PLSQL: ERROR CARGANDO ARTICULOS
01 11:55:37:379 PLSQL: INICIANDO CARGA DE ARTICULOS EN  V10INTERIN_RDRP
01 11:55:37:380 PLSQL: ERROR CARGANDO ARTICULOS
01 12:05:37:395 PLSQL: INICIANDO CARGA DE ARTICULOS EN  V10INTERIN_RDRP
01 12:05:37:400 PLSQL: ERROR CARGANDO ARTICULOS
01 12:15:37:412 PLSQL: INICIANDO CARGA DE ARTICULOS EN  V10INTERIN_RDRP
01 12:15:37:415 PLSQL: ERROR CARGANDO ARTICULOS
01 12:25:37:423 PLSQL: INICIANDO CARGA DE ARTICULOS EN  V10INTERIN_RDRP
01 12:25:37:426 PLSQL: ERROR CARGANDO ARTICULOS
01 12:35:37:437 PLSQL: INICIANDO CARGA DE ARTICULOS EN  V10INTERIN_RDRP
01 12:35:37:440 PLSQL: ERROR CARGANDO ARTICULOS
01 12:45:37:449 PLSQL: INICIANDO CARGA DE ARTICULOS EN  V10INTERIN_RDRP
01 12:45:37:454 PLSQL: ERROR CARGANDO ARTICULOS
01 12:55:37:464 PLSQL: INICIANDO CARGA DE ARTICULOS EN  V10INTERIN_RDRP
01 12:55:37:467 PLSQL: ERROR CARGANDO ARTICULOS
01 13:05:37:472 PLSQL: INICIANDO CARGA DE ARTICULOS EN  V10INTERIN_RDRP
01 13:05:37:476 PLSQL: ERROR CARGANDO ARTICULOS
01 13:15:37:489 PLSQL: INICIANDO CARGA DE ARTICULOS EN  V10INTERIN_RDRP
01 13:15:37:491 PLSQL: ERROR CARGANDO ARTICULOS
01 13:25:37:501 PLSQL: INICIANDO CARGA DE ARTICULOS EN  V10INTERIN_RDRP
01 13:25:37:503 PLSQL: ERROR CARGANDO ARTICULOS
01 13:35:37:519 PLSQL: INICIANDO CARGA DE ARTICULOS EN  V10INTERIN_RDRP
01 13:35:37:523 PLSQL: ERROR CARGANDO ARTICULOS
01 13:45:37:526 PLSQL: INICIANDO CARGA DE ARTICULOS EN  V10INTERIN_RDRP
01 13:45:37:529 PLSQL: ERROR CARGANDO ARTICULOS
01 14:24:50:811 PLSQL: INICIANDO CARGA DE ARTICULOS EN  V10INTERIN_RDRP
01 14:24:50:813 PLSQL: ERROR CARGANDO ARTICULOS
01 14:34:50:823 PLSQL: INICIANDO CARGA DE ARTICULOS EN  V10INTERIN_RDRP
01 14:34:50:823 PLSQL: ERROR CARGANDO ARTICULOS
01 14:44:50:853 PLSQL: INICIANDO CARGA DE ARTICULOS EN  V10INTERIN_RDRP
01 14:44:50:855 PLSQL: ERROR CARGANDO ARTICULOS
01 14:54:50:876 PLSQL: INICIANDO CARGA DE ARTICULOS EN  V10INTERIN_RDRP
01 14:54:50:877 PLSQL: ERROR CARGANDO ARTICULOS
01 15:04:50:893 PLSQL: INICIANDO CARGA DE ARTICULOS EN  V10INTERIN_RDRP
01 15:04:50:895 PLSQL: ERROR CARGANDO ARTICULOS
01 15:14:50:898 PLSQL: INICIANDO CARGA DE ARTICULOS EN  V10INTERIN_RDRP
01 15:14:50:901 PLSQL: ERROR CARGANDO ARTICULOS
01 15:43:54:463 PLSQL: INICIANDO CARGA DE ARTICULOS EN  V10INTERIN_RDRP
01 15:43:54:465 PLSQL: ERROR CARGANDO ARTICULOS
01 15:53:54:484 PLSQL: INICIANDO CARGA DE ARTICULOS EN  V10INTERIN_RDRP
01 15:53:54:487 PLSQL: ERROR CARGANDO ARTICULOS
01 16:03:54:496 PLSQL: INICIANDO CARGA DE ARTICULOS EN  V10INTERIN_RDRP
01 16:03:54:499 PLSQL: ERROR CARGANDO ARTICULOS
01 16:13:54:510 PLSQL: INICIANDO CARGA DE ARTICULOS EN  V10INTERIN_RDRP
01 16:13:54:511 PLSQL: ERROR CARGANDO ARTICULOS
01 16:23:54:526 PLSQL: INICIANDO CARGA DE ARTICULOS EN  V10INTERIN_RDRP
01 16:23:54:529 PLSQL: ERROR CARGANDO ARTICULOS
01 16:33:54:541 PLSQL: INICIANDO CARGA DE ARTICULOS EN  V10INTERIN_RDRP
01 16:33:54:543 PLSQL: ERROR CARGANDO ARTICULOS
01 16:43:54:547 PLSQL: INICIANDO CARGA DE ARTICULOS EN  V10INTERIN_RDRP
01 16:43:54:548 PLSQL: ERROR CARGANDO ARTICULOS
01 16:53:54:554 PLSQL: INICIANDO CARGA DE ARTICULOS EN  V10INTERIN_RDRP
01 16:53:54:555 PLSQL: ERROR CARGANDO ARTICULOS
01 17:03:54:567 PLSQL: INICIANDO CARGA DE ARTICULOS EN  V10INTERIN_RDRP
01 17:03:54:570 PLSQL: ERROR CARGANDO ARTICULOS

00 17:10:24:209 Fichero de log cerrado.

