00 09:09:35:256 Fichero de log abierto PID 13148

02 09:09:35:257 Intentando abrir fichero v10.ini
02 09:09:35:265 Cargando driver v10oracle funcion damedriveroracle
02 09:09:35:847 Conectado a base de datos
02 09:09:35:848 Proceso CARGA_CODARTALT encontrado en tabla VDPROCESOS
02 09:09:35:850 Proceso CARGA_CODARTALT cargado con función procesoperiodico (Librería VDKERNEL.DLL) direccion 6FE02D10
02 09:09:35:852 PLSQL: INICIALIZADO PAQUETE DE LOG EL DIA 05-04-2022
02 09:09:35:862 Actualizado SID 17 SERIAL 16823 del proceso con PID 13148
02 09:09:35:867 Analizado cursor CCARGAARTICULOS
02 09:09:35:868 Leidos 1 cursores
01 09:09:35:869 PLSQL: INICIANDO CARGA DE CODARTALT EN  V10INTERIN_RDRP
01 09:09:35:871 PLSQL: ERROR CARGANDO CODARTALT
01 09:19:35:881 PLSQL: INICIANDO CARGA DE CODARTALT EN  V10INTERIN_RDRP
01 09:19:35:882 PLSQL: ERROR CARGANDO CODARTALT
01 09:29:35:884 PLSQL: INICIANDO CARGA DE CODARTALT EN  V10INTERIN_RDRP
01 09:29:35:887 PLSQL: ERROR CARGANDO CODARTALT
01 09:39:35:896 PLSQL: INICIANDO CARGA DE CODARTALT EN  V10INTERIN_RDRP
01 09:39:35:899 PLSQL: ERROR CARGANDO CODARTALT
01 09:49:35:911 PLSQL: INICIANDO CARGA DE CODARTALT EN  V10INTERIN_RDRP
01 09:49:35:913 PLSQL: ERROR CARGANDO CODARTALT

00 09:57:03:187 Fichero de log cerrado.

00 09:57:15:946 Fichero de log abierto PID 7324

02 09:57:15:947 Intentando abrir fichero v10.ini
02 09:57:15:953 Cargando driver v10oracle funcion damedriveroracle
02 09:57:16:817 Conectado a base de datos
02 09:57:16:818 Proceso CARGA_CODARTALT encontrado en tabla VDPROCESOS
02 09:57:16:820 Proceso CARGA_CODARTALT cargado con función procesoperiodico (Librería VDKERNEL.DLL) direccion 6FE02D10
02 09:57:16:822 PLSQL: INICIALIZADO PAQUETE DE LOG EL DIA 05-04-2022
02 09:57:16:833 Actualizado SID 14 SERIAL 31966 del proceso con PID 7324
02 09:57:16:835 Analizado cursor CCARGAARTICULOS
02 09:57:16:835 Leidos 1 cursores
01 09:57:16:836 PLSQL: INICIANDO CARGA DE CODARTALT EN  V10INTERIN_RDRP
01 09:57:16:838 PLSQL: ERROR CARGANDO CODARTALT

00 10:01:40:410 Fichero de log cerrado.

00 10:03:38:670 Fichero de log abierto PID 7372

02 10:03:38:672 Intentando abrir fichero v10.ini
02 10:03:38:680 Cargando driver v10oracle funcion damedriveroracle
02 10:03:39:193 Conectado a base de datos
02 10:03:39:196 Proceso CARGA_CODARTALT encontrado en tabla VDPROCESOS
02 10:03:39:197 Proceso CARGA_CODARTALT cargado con función procesoperiodico (Librería VDKERNEL.DLL) direccion 6E092D10
02 10:03:39:197 PLSQL: INICIALIZADO PAQUETE DE LOG EL DIA 05-04-2022
02 10:03:39:208 Actualizado SID 748 SERIAL 48715 del proceso con PID 7372
02 10:03:39:213 Analizado cursor CCARGAARTICULOS
02 10:03:39:213 Leidos 1 cursores
01 10:03:39:216 PLSQL: INICIANDO CARGA DE CODARTALT EN  V10INTERIN_RDRP
01 10:03:39:221 PLSQL: ERROR CARGANDO CODARTALT
01 10:13:39:223 PLSQL: INICIANDO CARGA DE CODARTALT EN  V10INTERIN_RDRP
01 10:13:39:224 PLSQL: ERROR CARGANDO CODARTALT
01 10:23:39:231 PLSQL: INICIANDO CARGA DE CODARTALT EN  V10INTERIN_RDRP
01 10:23:39:232 PLSQL: ERROR CARGANDO CODARTALT
01 10:33:39:248 PLSQL: INICIANDO CARGA DE CODARTALT EN  V10INTERIN_RDRP
01 10:33:39:251 PLSQL: ERROR CARGANDO CODARTALT
01 10:43:39:266 PLSQL: INICIANDO CARGA DE CODARTALT EN  V10INTERIN_RDRP
01 10:43:39:268 PLSQL: ERROR CARGANDO CODARTALT
01 10:53:39:277 PLSQL: INICIANDO CARGA DE CODARTALT EN  V10INTERIN_RDRP
01 10:53:39:279 PLSQL: ERROR CARGANDO CODARTALT
01 11:03:39:288 PLSQL: INICIANDO CARGA DE CODARTALT EN  V10INTERIN_RDRP
01 11:03:39:289 PLSQL: ERROR CARGANDO CODARTALT
01 11:32:04:117 PLSQL: INICIANDO CARGA DE CODARTALT EN  V10INTERIN_RDRP
01 11:32:04:119 PLSQL: ERROR CARGANDO CODARTALT
01 11:42:04:132 PLSQL: INICIANDO CARGA DE CODARTALT EN  V10INTERIN_RDRP
01 11:42:04:132 PLSQL: ERROR CARGANDO CODARTALT
01 11:52:04:161 PLSQL: INICIANDO CARGA DE CODARTALT EN  V10INTERIN_RDRP
01 11:52:04:179 PLSQL: ERROR CARGANDO CODARTALT
01 12:02:04:191 PLSQL: INICIANDO CARGA DE CODARTALT EN  V10INTERIN_RDRP
01 12:02:04:193 PLSQL: ERROR CARGANDO CODARTALT
01 12:12:04:207 PLSQL: INICIANDO CARGA DE CODARTALT EN  V10INTERIN_RDRP
01 12:12:04:211 PLSQL: ERROR CARGANDO CODARTALT
01 12:22:04:223 PLSQL: INICIANDO CARGA DE CODARTALT EN  V10INTERIN_RDRP
01 12:22:04:226 PLSQL: ERROR CARGANDO CODARTALT
01 12:32:04:235 PLSQL: INICIANDO CARGA DE CODARTALT EN  V10INTERIN_RDRP
01 12:32:04:238 PLSQL: ERROR CARGANDO CODARTALT
01 12:42:04:242 PLSQL: INICIANDO CARGA DE CODARTALT EN  V10INTERIN_RDRP
01 12:42:04:245 PLSQL: ERROR CARGANDO CODARTALT
01 12:52:04:253 PLSQL: INICIANDO CARGA DE CODARTALT EN  V10INTERIN_RDRP
01 12:52:04:434 PLSQL: ERROR CARGANDO CODARTALT
01 13:02:04:438 PLSQL: INICIANDO CARGA DE CODARTALT EN  V10INTERIN_RDRP
01 13:02:04:441 PLSQL: ERROR CARGANDO CODARTALT
01 13:12:04:453 PLSQL: INICIANDO CARGA DE CODARTALT EN  V10INTERIN_RDRP
01 13:12:04:459 PLSQL: ERROR CARGANDO CODARTALT
01 13:22:04:470 PLSQL: INICIANDO CARGA DE CODARTALT EN  V10INTERIN_RDRP
01 13:22:04:473 PLSQL: ERROR CARGANDO CODARTALT
01 13:32:04:478 PLSQL: INICIANDO CARGA DE CODARTALT EN  V10INTERIN_RDRP
01 13:32:04:479 PLSQL: ERROR CARGANDO CODARTALT
01 13:42:04:482 PLSQL: INICIANDO CARGA DE CODARTALT EN  V10INTERIN_RDRP
01 13:42:04:499 PLSQL: ERROR CARGANDO CODARTALT
01 13:52:04:509 PLSQL: INICIANDO CARGA DE CODARTALT EN  V10INTERIN_RDRP
01 13:52:04:511 PLSQL: ERROR CARGANDO CODARTALT
01 14:02:04:524 PLSQL: INICIANDO CARGA DE CODARTALT EN  V10INTERIN_RDRP
01 14:02:04:525 PLSQL: ERROR CARGANDO CODARTALT
01 14:12:04:528 PLSQL: INICIANDO CARGA DE CODARTALT EN  V10INTERIN_RDRP
01 14:12:04:529 PLSQL: ERROR CARGANDO CODARTALT
01 14:22:04:534 PLSQL: INICIANDO CARGA DE CODARTALT EN  V10INTERIN_RDRP
01 14:22:04:535 PLSQL: ERROR CARGANDO CODARTALT
01 14:32:04:549 PLSQL: INICIANDO CARGA DE CODARTALT EN  V10INTERIN_RDRP
01 14:32:04:551 PLSQL: ERROR CARGANDO CODARTALT
01 14:42:04:559 PLSQL: INICIANDO CARGA DE CODARTALT EN  V10INTERIN_RDRP
01 14:42:04:562 PLSQL: ERROR CARGANDO CODARTALT
01 14:52:04:566 PLSQL: INICIANDO CARGA DE CODARTALT EN  V10INTERIN_RDRP
01 14:52:04:568 PLSQL: ERROR CARGANDO CODARTALT
01 15:46:31:874 PLSQL: INICIANDO CARGA DE CODARTALT EN  V10INTERIN_RDRP
01 15:46:31:880 PLSQL: ERROR CARGANDO CODARTALT
01 15:56:31:894 PLSQL: INICIANDO CARGA DE CODARTALT EN  V10INTERIN_RDRP
01 15:56:31:912 PLSQL: ERROR CARGANDO CODARTALT
01 16:06:31:924 PLSQL: INICIANDO CARGA DE CODARTALT EN  V10INTERIN_RDRP
01 16:06:31:926 PLSQL: ERROR CARGANDO CODARTALT

00 16:14:51:332 Fichero de log cerrado.

00 16:15:02:059 Fichero de log abierto PID 15956

02 16:15:02:062 Intentando abrir fichero v10.ini
02 16:15:02:069 Cargando driver v10oracle funcion damedriveroracle
02 16:15:02:957 Conectado a base de datos
02 16:15:02:962 Proceso CARGA_CODARTALT encontrado en tabla VDPROCESOS
02 16:15:02:965 Proceso CARGA_CODARTALT cargado con función procesoperiodico (Librería VDKERNEL.DLL) direccion 6E092D10
02 16:15:02:972 PLSQL: INICIALIZADO PAQUETE DE LOG EL DIA 05-04-2022
02 16:15:03:004 Actualizado SID 11 SERIAL 23921 del proceso con PID 15956
02 16:15:03:020 Analizado cursor CCARGAARTICULOS
02 16:15:03:020 Leidos 1 cursores
01 16:15:03:022 PLSQL: INICIANDO CARGA DE CODARTALT EN  V10INTERIN_RDRP
01 16:15:03:028 PLSQL: ERROR CARGANDO CODARTALT
01 16:25:03:046 PLSQL: INICIANDO CARGA DE CODARTALT EN  V10INTERIN_RDRP
01 16:25:03:049 PLSQL: ERROR CARGANDO CODARTALT
01 16:35:03:054 PLSQL: INICIANDO CARGA DE CODARTALT EN  V10INTERIN_RDRP
01 16:35:03:055 PLSQL: ERROR CARGANDO CODARTALT
01 16:45:03:063 PLSQL: INICIANDO CARGA DE CODARTALT EN  V10INTERIN_RDRP
01 16:45:03:065 PLSQL: ERROR CARGANDO CODARTALT
01 16:55:03:074 PLSQL: INICIANDO CARGA DE CODARTALT EN  V10INTERIN_RDRP
01 16:55:03:075 PLSQL: ERROR CARGANDO CODARTALT
01 17:05:03:086 PLSQL: INICIANDO CARGA DE CODARTALT EN  V10INTERIN_RDRP
01 17:05:03:092 PLSQL: ERROR CARGANDO CODARTALT
01 17:15:03:109 PLSQL: INICIANDO CARGA DE CODARTALT EN  V10INTERIN_RDRP
01 17:15:03:111 PLSQL: ERROR CARGANDO CODARTALT
01 17:25:03:123 PLSQL: INICIANDO CARGA DE CODARTALT EN  V10INTERIN_RDRP
01 17:25:03:125 PLSQL: ERROR CARGANDO CODARTALT
01 17:35:03:136 PLSQL: INICIANDO CARGA DE CODARTALT EN  V10INTERIN_RDRP
01 17:35:03:137 PLSQL: ERROR CARGANDO CODARTALT
01 17:45:03:140 PLSQL: INICIANDO CARGA DE CODARTALT EN  V10INTERIN_RDRP
01 17:45:03:142 PLSQL: ERROR CARGANDO CODARTALT
01 17:55:03:147 PLSQL: INICIANDO CARGA DE CODARTALT EN  V10INTERIN_RDRP
01 17:55:03:149 PLSQL: ERROR CARGANDO CODARTALT

00 17:58:46:505 Fichero de log cerrado.

