00 09:08:32:926 Fichero de log abierto PID 8032

02 09:08:32:927 Intentando abrir fichero v10.ini
02 09:08:32:933 Cargando driver v10oracle funcion damedriveroracle
02 09:08:33:456 Conectado a base de datos
02 09:08:33:457 Proceso CARGA_CP encontrado en tabla VDPROCESOS
02 09:08:33:457 Proceso CARGA_CP cargado con función procesoperiodico (Librería VDKERNEL.DLL) direccion 6E792D10
02 09:08:33:460 PLSQL: INICIALIZADO PAQUETE DE LOG EL DIA 01-04-2022
02 09:08:33:471 Actualizado SID 15 SERIAL 26710 del proceso con PID 8032
00 09:08:33:477 Error al abrir fichero inter_codigos_postales.vsq

00 10:41:41:258 Fichero de log cerrado.

00 10:42:00:477 Fichero de log abierto PID 3176

02 10:42:00:478 Intentando abrir fichero v10.ini
02 10:42:00:487 Cargando driver v10oracle funcion damedriveroracle
02 10:42:01:532 Conectado a base de datos
02 10:42:01:533 Proceso CARGA_CP encontrado en tabla VDPROCESOS
02 10:42:01:535 Proceso CARGA_CP cargado con función procesoperiodico (Librería VDKERNEL.DLL) direccion 6E792D10
02 10:42:01:537 PLSQL: INICIALIZADO PAQUETE DE LOG EL DIA 01-04-2022
02 10:42:01:548 Actualizado SID 748 SERIAL 64752 del proceso con PID 3176
00 10:42:01:557 Error al abrir fichero inter_codigos_postales.vsq

00 12:00:01:375 Fichero de log cerrado.

