00 09:14:07:043 Fichero de log abierto PID 3616

02 09:14:07:046 Intentando abrir fichero v10.ini
02 09:14:07:051 Cargando driver v10oracle funcion damedriveroracle
02 09:14:07:588 Conectado a base de datos
02 09:14:07:590 Proceso CARGA_CODARTALT encontrado en tabla VDPROCESOS
02 09:14:07:592 Proceso CARGA_CODARTALT cargado con función procesoperiodico (Librería VDKERNEL.DLL) direccion 6C012D10
02 09:14:07:593 PLSQL: INICIALIZADO PAQUETE DE LOG EL DIA 29-06-2022
02 09:14:07:602 Actualizado SID 746 SERIAL 24264 del proceso con PID 3616
02 09:14:07:610 Analizado cursor CCARGAARTICULOS
02 09:14:07:610 Leidos 1 cursores
01 09:14:07:611 PLSQL: INICIANDO CARGA DE CODARTALT EN  V10INTERIN_RDRP
01 09:14:07:612 PLSQL: ERROR CARGANDO CODARTALT
01 09:24:07:624 PLSQL: INICIANDO CARGA DE CODARTALT EN  V10INTERIN_RDRP
01 09:24:07:624 PLSQL: ERROR CARGANDO CODARTALT
01 09:34:07:650 PLSQL: INICIANDO CARGA DE CODARTALT EN  V10INTERIN_RDRP
01 09:34:07:665 PLSQL: ERROR CARGANDO CODARTALT
01 09:44:07:674 PLSQL: INICIANDO CARGA DE CODARTALT EN  V10INTERIN_RDRP
01 09:44:07:674 PLSQL: ERROR CARGANDO CODARTALT
01 09:54:07:695 PLSQL: INICIANDO CARGA DE CODARTALT EN  V10INTERIN_RDRP
01 09:54:07:699 PLSQL: ERROR CARGANDO CODARTALT
01 10:04:07:706 PLSQL: INICIANDO CARGA DE CODARTALT EN  V10INTERIN_RDRP
01 10:04:07:706 PLSQL: ERROR CARGANDO CODARTALT
01 10:14:07:718 PLSQL: INICIANDO CARGA DE CODARTALT EN  V10INTERIN_RDRP
01 10:14:07:718 PLSQL: ERROR CARGANDO CODARTALT
01 10:24:07:722 PLSQL: INICIANDO CARGA DE CODARTALT EN  V10INTERIN_RDRP
01 10:24:07:722 PLSQL: ERROR CARGANDO CODARTALT
01 10:34:07:733 PLSQL: INICIANDO CARGA DE CODARTALT EN  V10INTERIN_RDRP
01 10:34:07:734 PLSQL: ERROR CARGANDO CODARTALT
01 10:44:07:754 PLSQL: INICIANDO CARGA DE CODARTALT EN  V10INTERIN_RDRP
01 10:44:07:754 PLSQL: ERROR CARGANDO CODARTALT
01 10:54:07:771 PLSQL: INICIANDO CARGA DE CODARTALT EN  V10INTERIN_RDRP
01 10:54:07:771 PLSQL: ERROR CARGANDO CODARTALT
01 11:12:44:625 PLSQL: INICIANDO CARGA DE CODARTALT EN  V10INTERIN_RDRP
01 11:12:44:625 PLSQL: ERROR CARGANDO CODARTALT

00 11:17:59:495 Fichero de log cerrado.

00 11:18:11:272 Fichero de log abierto PID 11132

02 11:18:11:275 Intentando abrir fichero v10.ini
02 11:18:11:282 Cargando driver v10oracle funcion damedriveroracle
02 11:18:11:815 Conectado a base de datos
02 11:18:11:817 Proceso CARGA_CODARTALT encontrado en tabla VDPROCESOS
02 11:18:11:817 Proceso CARGA_CODARTALT cargado con función procesoperiodico (Librería VDKERNEL.DLL) direccion 6C012D10
02 11:18:11:820 PLSQL: INICIALIZADO PAQUETE DE LOG EL DIA 29-06-2022
02 11:18:11:827 Actualizado SID 260 SERIAL 39 del proceso con PID 11132
02 11:18:11:828 Analizado cursor CCARGAARTICULOS
02 11:18:11:828 Leidos 1 cursores
01 11:18:11:830 PLSQL: INICIANDO CARGA DE CODARTALT EN  V10INTERIN_RDRP
01 11:18:11:831 PLSQL: ERROR CARGANDO CODARTALT
01 11:28:11:840 PLSQL: INICIANDO CARGA DE CODARTALT EN  V10INTERIN_RDRP
01 11:28:11:840 PLSQL: ERROR CARGANDO CODARTALT
01 11:38:11:855 PLSQL: INICIANDO CARGA DE CODARTALT EN  V10INTERIN_RDRP
01 11:38:11:857 PLSQL: ERROR CARGANDO CODARTALT

00 11:42:13:490 Fichero de log cerrado.

00 13:46:18:400 Fichero de log abierto PID 15072

02 13:46:18:402 Intentando abrir fichero v10.ini
02 13:46:18:410 Cargando driver v10oracle funcion damedriveroracle
02 13:46:19:170 Conectado a base de datos
02 13:46:19:172 Proceso CARGA_CODARTALT encontrado en tabla VDPROCESOS
02 13:46:19:172 Proceso CARGA_CODARTALT cargado con función procesoperiodico (Librería VDKERNEL.DLL) direccion 6C012D10
02 13:46:19:175 PLSQL: INICIALIZADO PAQUETE DE LOG EL DIA 29-06-2022
02 13:46:19:185 Actualizado SID 501 SERIAL 2561 del proceso con PID 15072
02 13:46:19:192 Analizado cursor CCARGAARTICULOS
02 13:46:19:192 Leidos 1 cursores
01 13:46:19:193 PLSQL: INICIANDO CARGA DE CODARTALT EN  V10INTERIN_RDRP
01 13:46:19:195 PLSQL: ERROR CARGANDO CODARTALT

00 13:50:10:250 Fichero de log cerrado.

00 17:03:13:137 Fichero de log abierto PID 9000

02 17:03:13:140 Intentando abrir fichero v10.ini
02 17:03:13:145 Cargando driver v10oracle funcion damedriveroracle
02 17:03:13:812 Conectado a base de datos
02 17:03:13:812 Proceso CARGA_CODARTALT encontrado en tabla VDPROCESOS
02 17:03:13:814 Proceso CARGA_CODARTALT cargado con función procesoperiodico (Librería VDKERNEL.DLL) direccion 6C012D10
02 17:03:13:815 PLSQL: INICIALIZADO PAQUETE DE LOG EL DIA 29-06-2022
02 17:03:13:825 Actualizado SID 387 SERIAL 27990 del proceso con PID 9000
02 17:03:13:825 Analizado cursor CCARGAARTICULOS
02 17:03:13:825 Leidos 1 cursores
01 17:03:13:826 PLSQL: INICIANDO CARGA DE CODARTALT EN  V10INTERIN_RDRP
01 17:03:13:828 PLSQL: ERROR CARGANDO CODARTALT
01 17:13:13:840 PLSQL: INICIANDO CARGA DE CODARTALT EN  V10INTERIN_RDRP
01 17:13:13:840 PLSQL: ERROR CARGANDO CODARTALT
01 17:23:13:858 PLSQL: INICIANDO CARGA DE CODARTALT EN  V10INTERIN_RDRP
01 17:23:13:859 PLSQL: ERROR CARGANDO CODARTALT
01 17:33:13:881 PLSQL: INICIANDO CARGA DE CODARTALT EN  V10INTERIN_RDRP
01 17:33:13:883 PLSQL: ERROR CARGANDO CODARTALT
01 17:43:13:896 PLSQL: INICIANDO CARGA DE CODARTALT EN  V10INTERIN_RDRP
01 17:43:13:896 PLSQL: ERROR CARGANDO CODARTALT
01 17:53:13:909 PLSQL: INICIANDO CARGA DE CODARTALT EN  V10INTERIN_RDRP
01 17:53:13:910 PLSQL: ERROR CARGANDO CODARTALT

00 17:57:09:012 Fichero de log cerrado.

