00 10:35:41:466 Fichero de log abierto PID 7692

02 10:35:41:468 Intentando abrir fichero v10.ini
02 10:35:41:473 Cargando driver v10oracle funcion damedriveroracle
02 10:35:41:957 Conectado a base de datos
02 10:35:41:958 Proceso CARGA_CLIENTES encontrado en tabla VDPROCESOS
02 10:35:41:960 Proceso CARGA_CLIENTES cargado con función procesoperiodico (Librería VDKERNEL.DLL) direccion 70032D10
02 10:35:41:961 PLSQL: INICIALIZADO PAQUETE DE LOG EL DIA 08-07-2022
02 10:35:41:977 Actualizado SID 508 SERIAL 8982 del proceso con PID 7692
02 10:35:41:986 Analizado cursor CCARGACLIENTES
02 10:35:41:986 Leidos 1 cursores
01 10:35:41:987 PLSQL: INICIANDO CARGA DE CLIENTES EN  V10INTERIN_RDRP
01 10:35:41:989 PLSQL: ERROR CARGANDO CLIENTES
01 10:45:42:003 PLSQL: INICIANDO CARGA DE CLIENTES EN  V10INTERIN_RDRP
01 10:45:42:007 PLSQL: ERROR CARGANDO CLIENTES
01 10:55:42:023 PLSQL: INICIANDO CARGA DE CLIENTES EN  V10INTERIN_RDRP
01 10:55:42:025 PLSQL: ERROR CARGANDO CLIENTES
01 11:05:42:029 PLSQL: INICIANDO CARGA DE CLIENTES EN  V10INTERIN_RDRP
01 11:05:42:032 PLSQL: ERROR CARGANDO CLIENTES
01 11:15:42:042 PLSQL: INICIANDO CARGA DE CLIENTES EN  V10INTERIN_RDRP
01 11:15:42:043 PLSQL: ERROR CARGANDO CLIENTES
01 11:25:42:049 PLSQL: INICIANDO CARGA DE CLIENTES EN  V10INTERIN_RDRP
01 11:25:42:050 PLSQL: ERROR CARGANDO CLIENTES
01 11:35:42:055 PLSQL: INICIANDO CARGA DE CLIENTES EN  V10INTERIN_RDRP
01 11:35:42:058 PLSQL: ERROR CARGANDO CLIENTES
01 11:45:42:064 PLSQL: INICIANDO CARGA DE CLIENTES EN  V10INTERIN_RDRP
01 11:45:42:065 PLSQL: ERROR CARGANDO CLIENTES
01 11:55:42:079 PLSQL: INICIANDO CARGA DE CLIENTES EN  V10INTERIN_RDRP
01 11:55:42:082 PLSQL: ERROR CARGANDO CLIENTES
01 12:05:42:096 PLSQL: INICIANDO CARGA DE CLIENTES EN  V10INTERIN_RDRP
01 12:05:42:100 PLSQL: ERROR CARGANDO CLIENTES
01 12:15:42:106 PLSQL: INICIANDO CARGA DE CLIENTES EN  V10INTERIN_RDRP
01 12:15:42:107 PLSQL: ERROR CARGANDO CLIENTES
01 12:25:42:112 PLSQL: INICIANDO CARGA DE CLIENTES EN  V10INTERIN_RDRP
01 12:25:42:116 PLSQL: ERROR CARGANDO CLIENTES
01 12:35:42:133 PLSQL: INICIANDO CARGA DE CLIENTES EN  V10INTERIN_RDRP
01 12:35:42:135 PLSQL: ERROR CARGANDO CLIENTES
01 12:45:42:138 PLSQL: INICIANDO CARGA DE CLIENTES EN  V10INTERIN_RDRP
01 12:45:42:139 PLSQL: ERROR CARGANDO CLIENTES
01 12:55:42:150 PLSQL: INICIANDO CARGA DE CLIENTES EN  V10INTERIN_RDRP
01 12:55:42:151 PLSQL: ERROR CARGANDO CLIENTES
01 13:05:42:164 PLSQL: INICIANDO CARGA DE CLIENTES EN  V10INTERIN_RDRP
01 13:05:42:166 PLSQL: ERROR CARGANDO CLIENTES
01 13:15:42:181 PLSQL: INICIANDO CARGA DE CLIENTES EN  V10INTERIN_RDRP
01 13:15:42:184 PLSQL: ERROR CARGANDO CLIENTES
01 13:25:42:192 PLSQL: INICIANDO CARGA DE CLIENTES EN  V10INTERIN_RDRP
01 13:25:42:196 PLSQL: ERROR CARGANDO CLIENTES
01 13:38:28:522 PLSQL: INICIANDO CARGA DE CLIENTES EN  V10INTERIN_RDRP
01 13:38:28:524 PLSQL: ERROR CARGANDO CLIENTES
01 13:48:28:543 PLSQL: INICIANDO CARGA DE CLIENTES EN  V10INTERIN_RDRP
01 13:48:28:557 PLSQL: ERROR CARGANDO CLIENTES

00 13:51:15:657 Fichero de log cerrado.

