00 09:04:44:485 Fichero de log abierto PID 1632

02 09:04:44:487 Intentando abrir fichero v10.ini
02 09:04:44:493 Cargando driver v10oracle funcion damedriveroracle
02 09:04:45:542 Conectado a base de datos
02 09:04:45:545 Proceso CARGA_PEDIDOS encontrado en tabla VDPROCESOS
02 09:04:45:546 Proceso CARGA_PEDIDOS cargado con función procesoperiodico (Librería VDKERNEL.DLL) direccion 6E692D10
02 09:04:45:548 PLSQL: INICIALIZADO PAQUETE DE LOG EL DIA 25-03-2022
02 09:04:45:567 Actualizado SID 383 SERIAL 22814 del proceso con PID 1632
02 09:04:45:572 Analizado cursor CCARGAPEDIDOS
02 09:04:45:572 Leidos 1 cursores
01 09:04:45:574 PLSQL: INICIANDO CARGA DE PEDIDOS EN  V10INTERIN_RDRP
01 09:04:45:574 PLSQL: ERROR CARGANDO PEDIDOS
01 09:09:45:581 PLSQL: INICIANDO CARGA DE PEDIDOS EN  V10INTERIN_RDRP
01 09:09:45:582 PLSQL: ERROR CARGANDO PEDIDOS
01 09:14:45:592 PLSQL: INICIANDO CARGA DE PEDIDOS EN  V10INTERIN_RDRP
01 09:14:45:598 PLSQL: ERROR CARGANDO PEDIDOS
01 09:19:45:615 PLSQL: INICIANDO CARGA DE PEDIDOS EN  V10INTERIN_RDRP
01 09:19:45:616 PLSQL: ERROR CARGANDO PEDIDOS
01 09:24:45:621 PLSQL: INICIANDO CARGA DE PEDIDOS EN  V10INTERIN_RDRP
01 09:24:45:623 PLSQL: ERROR CARGANDO PEDIDOS
01 09:29:45:626 PLSQL: INICIANDO CARGA DE PEDIDOS EN  V10INTERIN_RDRP
01 09:29:45:628 PLSQL: ERROR CARGANDO PEDIDOS
01 09:34:45:634 PLSQL: INICIANDO CARGA DE PEDIDOS EN  V10INTERIN_RDRP
01 09:34:45:652 PLSQL: ERROR CARGANDO PEDIDOS

00 09:37:54:911 Fichero de log cerrado.

00 09:38:20:085 Fichero de log abierto PID 15780

02 09:38:20:087 Intentando abrir fichero v10.ini
02 09:38:20:093 Cargando driver v10oracle funcion damedriveroracle
02 09:38:20:912 Conectado a base de datos
02 09:38:20:913 Proceso CARGA_PEDIDOS encontrado en tabla VDPROCESOS
02 09:38:20:915 Proceso CARGA_PEDIDOS cargado con función procesoperiodico (Librería VDKERNEL.DLL) direccion 705F2D10
02 09:38:20:917 PLSQL: INICIALIZADO PAQUETE DE LOG EL DIA 25-03-2022
02 09:38:20:927 Actualizado SID 135 SERIAL 37297 del proceso con PID 15780
02 09:38:20:928 Analizado cursor CCARGAPEDIDOS
02 09:38:20:928 Leidos 1 cursores
01 09:38:20:930 PLSQL: INICIANDO CARGA DE PEDIDOS EN  V10INTERIN_RDRP
01 09:38:20:932 PLSQL: ERROR CARGANDO PEDIDOS
01 09:43:20:938 PLSQL: INICIANDO CARGA DE PEDIDOS EN  V10INTERIN_RDRP
01 09:43:20:942 PLSQL: ERROR CARGANDO PEDIDOS
01 09:48:20:959 PLSQL: INICIANDO CARGA DE PEDIDOS EN  V10INTERIN_RDRP
01 09:48:20:961 PLSQL: ERROR CARGANDO PEDIDOS
01 09:53:20:969 PLSQL: INICIANDO CARGA DE PEDIDOS EN  V10INTERIN_RDRP
01 09:53:20:971 PLSQL: ERROR CARGANDO PEDIDOS
01 09:58:20:984 PLSQL: INICIANDO CARGA DE PEDIDOS EN  V10INTERIN_RDRP
01 09:58:20:986 PLSQL: ERROR CARGANDO PEDIDOS
01 10:03:20:990 PLSQL: INICIANDO CARGA DE PEDIDOS EN  V10INTERIN_RDRP
01 10:03:21:017 PLSQL: ERROR CARGANDO PEDIDOS
01 10:08:21:032 PLSQL: INICIANDO CARGA DE PEDIDOS EN  V10INTERIN_RDRP
01 10:08:21:034 PLSQL: ERROR CARGANDO PEDIDOS
01 10:13:21:043 PLSQL: INICIANDO CARGA DE PEDIDOS EN  V10INTERIN_RDRP
01 10:13:21:045 PLSQL: ERROR CARGANDO PEDIDOS
01 10:18:21:049 PLSQL: INICIANDO CARGA DE PEDIDOS EN  V10INTERIN_RDRP
01 10:18:21:051 PLSQL: ERROR CARGANDO PEDIDOS
01 10:23:21:057 PLSQL: INICIANDO CARGA DE PEDIDOS EN  V10INTERIN_RDRP
01 10:23:21:059 PLSQL: ERROR CARGANDO PEDIDOS
01 10:28:21:064 PLSQL: INICIANDO CARGA DE PEDIDOS EN  V10INTERIN_RDRP
01 10:28:21:067 PLSQL: ERROR CARGANDO PEDIDOS
01 10:33:21:079 PLSQL: INICIANDO CARGA DE PEDIDOS EN  V10INTERIN_RDRP
01 10:33:21:080 PLSQL: ERROR CARGANDO PEDIDOS
01 10:38:21:088 PLSQL: INICIANDO CARGA DE PEDIDOS EN  V10INTERIN_RDRP
01 10:38:21:090 PLSQL: ERROR CARGANDO PEDIDOS
01 10:43:21:094 PLSQL: INICIANDO CARGA DE PEDIDOS EN  V10INTERIN_RDRP
01 10:43:21:097 PLSQL: ERROR CARGANDO PEDIDOS
01 10:48:21:103 PLSQL: INICIANDO CARGA DE PEDIDOS EN  V10INTERIN_RDRP
01 10:48:21:106 PLSQL: ERROR CARGANDO PEDIDOS
01 10:53:21:111 PLSQL: INICIANDO CARGA DE PEDIDOS EN  V10INTERIN_RDRP
01 10:53:21:114 PLSQL: ERROR CARGANDO PEDIDOS
01 10:58:21:130 PLSQL: INICIANDO CARGA DE PEDIDOS EN  V10INTERIN_RDRP
01 10:58:21:134 PLSQL: ERROR CARGANDO PEDIDOS
01 11:03:21:139 PLSQL: INICIANDO CARGA DE PEDIDOS EN  V10INTERIN_RDRP
01 11:03:21:142 PLSQL: ERROR CARGANDO PEDIDOS
01 11:08:21:152 PLSQL: INICIANDO CARGA DE PEDIDOS EN  V10INTERIN_RDRP
01 11:08:21:153 PLSQL: ERROR CARGANDO PEDIDOS
01 11:13:21:163 PLSQL: INICIANDO CARGA DE PEDIDOS EN  V10INTERIN_RDRP
01 11:13:21:166 PLSQL: ERROR CARGANDO PEDIDOS
01 11:18:21:174 PLSQL: INICIANDO CARGA DE PEDIDOS EN  V10INTERIN_RDRP
01 11:18:21:176 PLSQL: ERROR CARGANDO PEDIDOS
01 11:23:21:192 PLSQL: INICIANDO CARGA DE PEDIDOS EN  V10INTERIN_RDRP
01 11:23:21:196 PLSQL: ERROR CARGANDO PEDIDOS
01 12:02:47:096 PLSQL: INICIANDO CARGA DE PEDIDOS EN  V10INTERIN_RDRP
01 12:02:47:098 PLSQL: ERROR CARGANDO PEDIDOS
01 12:07:47:110 PLSQL: INICIANDO CARGA DE PEDIDOS EN  V10INTERIN_RDRP
01 12:07:47:111 PLSQL: ERROR CARGANDO PEDIDOS
01 12:12:47:113 PLSQL: INICIANDO CARGA DE PEDIDOS EN  V10INTERIN_RDRP
01 12:12:47:115 PLSQL: ERROR CARGANDO PEDIDOS
01 12:17:47:129 PLSQL: INICIANDO CARGA DE PEDIDOS EN  V10INTERIN_RDRP
01 12:17:47:131 PLSQL: ERROR CARGANDO PEDIDOS
01 12:22:47:146 PLSQL: INICIANDO CARGA DE PEDIDOS EN  V10INTERIN_RDRP
01 12:22:47:156 PLSQL: ERROR CARGANDO PEDIDOS
01 12:27:47:174 PLSQL: INICIANDO CARGA DE PEDIDOS EN  V10INTERIN_RDRP
01 12:27:47:215 PLSQL: ERROR CARGANDO PEDIDOS
01 12:32:47:221 PLSQL: INICIANDO CARGA DE PEDIDOS EN  V10INTERIN_RDRP
01 12:32:47:223 PLSQL: ERROR CARGANDO PEDIDOS
01 12:37:47:237 PLSQL: INICIANDO CARGA DE PEDIDOS EN  V10INTERIN_RDRP
01 12:37:47:239 PLSQL: ERROR CARGANDO PEDIDOS
01 12:42:47:242 PLSQL: INICIANDO CARGA DE PEDIDOS EN  V10INTERIN_RDRP
01 12:42:47:244 PLSQL: ERROR CARGANDO PEDIDOS
01 12:47:47:254 PLSQL: INICIANDO CARGA DE PEDIDOS EN  V10INTERIN_RDRP
01 12:47:47:256 PLSQL: ERROR CARGANDO PEDIDOS
01 12:52:47:264 PLSQL: INICIANDO CARGA DE PEDIDOS EN  V10INTERIN_RDRP
01 12:52:47:267 PLSQL: ERROR CARGANDO PEDIDOS

00 12:57:00:245 Fichero de log cerrado.

00 12:57:20:367 Fichero de log abierto PID 11236

02 12:57:20:370 Intentando abrir fichero v10.ini
02 12:57:20:375 Cargando driver v10oracle funcion damedriveroracle
02 12:57:21:025 Conectado a base de datos
02 12:57:21:027 Proceso CARGA_PEDIDOS encontrado en tabla VDPROCESOS
02 12:57:21:027 Proceso CARGA_PEDIDOS cargado con función procesoperiodico (Librería VDKERNEL.DLL) direccion 705F2D10
02 12:57:21:031 PLSQL: INICIALIZADO PAQUETE DE LOG EL DIA 25-03-2022
02 12:57:21:040 Actualizado SID 505 SERIAL 25716 del proceso con PID 11236
02 12:57:21:042 Analizado cursor CCARGAPEDIDOS
02 12:57:21:042 Leidos 1 cursores
01 12:57:21:043 PLSQL: INICIANDO CARGA DE PEDIDOS EN  V10INTERIN_RDRP
01 12:57:21:045 PLSQL: ERROR CARGANDO PEDIDOS
01 13:02:21:052 PLSQL: INICIANDO CARGA DE PEDIDOS EN  V10INTERIN_RDRP
01 13:02:21:055 PLSQL: ERROR CARGANDO PEDIDOS
01 13:07:21:059 PLSQL: INICIANDO CARGA DE PEDIDOS EN  V10INTERIN_RDRP
01 13:07:21:060 PLSQL: ERROR CARGANDO PEDIDOS
01 13:12:21:076 PLSQL: INICIANDO CARGA DE PEDIDOS EN  V10INTERIN_RDRP
01 13:12:21:078 PLSQL: ERROR CARGANDO PEDIDOS
01 13:17:21:092 PLSQL: INICIANDO CARGA DE PEDIDOS EN  V10INTERIN_RDRP
01 13:17:21:094 PLSQL: ERROR CARGANDO PEDIDOS
01 13:22:21:097 PLSQL: INICIANDO CARGA DE PEDIDOS EN  V10INTERIN_RDRP
01 13:22:21:099 PLSQL: ERROR CARGANDO PEDIDOS
01 13:27:21:112 PLSQL: INICIANDO CARGA DE PEDIDOS EN  V10INTERIN_RDRP
01 13:27:21:113 PLSQL: ERROR CARGANDO PEDIDOS
01 13:32:21:128 PLSQL: INICIANDO CARGA DE PEDIDOS EN  V10INTERIN_RDRP
01 13:32:21:130 PLSQL: ERROR CARGANDO PEDIDOS
01 13:37:21:145 PLSQL: INICIANDO CARGA DE PEDIDOS EN  V10INTERIN_RDRP
01 13:37:21:165 PLSQL: ERROR CARGANDO PEDIDOS
01 13:42:21:172 PLSQL: INICIANDO CARGA DE PEDIDOS EN  V10INTERIN_RDRP
01 13:42:21:174 PLSQL: ERROR CARGANDO PEDIDOS
01 13:47:21:190 PLSQL: INICIANDO CARGA DE PEDIDOS EN  V10INTERIN_RDRP
01 13:47:21:192 PLSQL: ERROR CARGANDO PEDIDOS
01 13:52:21:206 PLSQL: INICIANDO CARGA DE PEDIDOS EN  V10INTERIN_RDRP
01 13:52:21:207 PLSQL: ERROR CARGANDO PEDIDOS
01 13:57:21:210 PLSQL: INICIANDO CARGA DE PEDIDOS EN  V10INTERIN_RDRP
01 13:57:21:211 PLSQL: ERROR CARGANDO PEDIDOS

00 13:58:46:915 Fichero de log cerrado.

