00 14:47:31:847 Fichero de log abierto PID 11284

02 14:47:31:847 Intentando abrir fichero v10.ini
02 14:47:31:857 Cargando driver v10oracle funcion damedriveroracle
02 14:47:32:312 Conectado a base de datos
02 14:47:32:312 Proceso CARGA_PROVEES encontrado en tabla VDPROCESOS
02 14:47:32:312 Proceso CARGA_PROVEES cargado con función procesoperiodico (Librería VDKERNEL.DLL) direccion 62682D10
02 14:47:32:312 PLSQL: INICIALIZADO PAQUETE DE LOG EL DIA 23-06-2022
02 14:47:32:322 Actualizado SID 17 SERIAL 60942 del proceso con PID 11284
02 14:47:32:332 Analizado cursor CCARGAPROVEES
02 14:47:32:332 Leidos 1 cursores
01 14:47:32:342 PLSQL: INICIANDO CARGA DE PROVEES EN  V10INTERIN_RDRP
01 14:47:32:474 PLSQL: ERROR CARGANDO PROVEES
01 14:57:32:513 PLSQL: INICIANDO CARGA DE PROVEES EN  V10INTERIN_RDRP
01 14:57:32:529 PLSQL: ERROR CARGANDO PROVEES
01 15:07:32:541 PLSQL: INICIANDO CARGA DE PROVEES EN  V10INTERIN_RDRP
01 15:07:32:544 PLSQL: ERROR CARGANDO PROVEES
00 16:16:47:445 Programa finaliza por Error Oracle Fatal 3135 en cursor
	SELPROEJECUTAINMEDIATO

00 16:16:47:810 Fichero de log cerrado.

00 16:19:02:629 Fichero de log abierto PID 9052

02 16:19:02:630 Intentando abrir fichero v10.ini
02 16:19:02:632 Cargando driver v10oracle funcion damedriveroracle
02 16:19:03:275 Conectado a base de datos
02 16:19:03:277 Proceso CARGA_PROVEES encontrado en tabla VDPROCESOS
02 16:19:03:277 Proceso CARGA_PROVEES cargado con función procesoperiodico (Librería VDKERNEL.DLL) direccion 6B982D10
02 16:19:03:279 PLSQL: INICIALIZADO PAQUETE DE LOG EL DIA 23-06-2022
02 16:19:03:295 Actualizado SID 128 SERIAL 8336 del proceso con PID 9052
02 16:19:03:295 Analizado cursor CCARGAPROVEES
02 16:19:03:295 Leidos 1 cursores
01 16:19:03:296 PLSQL: INICIANDO CARGA DE PROVEES EN  V10INTERIN_RDRP
01 16:19:03:297 PLSQL: ERROR CARGANDO PROVEES
01 16:29:03:314 PLSQL: INICIANDO CARGA DE PROVEES EN  V10INTERIN_RDRP
01 16:29:03:315 PLSQL: ERROR CARGANDO PROVEES

00 16:36:14:754 Fichero de log cerrado.

00 16:37:29:602 Fichero de log abierto PID 9560

02 16:37:29:605 Intentando abrir fichero v10.ini
02 16:37:29:609 Cargando driver v10oracle funcion damedriveroracle
02 16:37:30:059 Conectado a base de datos
02 16:37:30:060 Proceso CARGA_PROVEES encontrado en tabla VDPROCESOS
02 16:37:30:062 Proceso CARGA_PROVEES cargado con función procesoperiodico (Librería VDKERNEL.DLL) direccion 6B982D10
02 16:37:30:063 PLSQL: INICIALIZADO PAQUETE DE LOG EL DIA 23-06-2022
02 16:37:30:072 Actualizado SID 747 SERIAL 34054 del proceso con PID 9560
02 16:37:30:072 Analizado cursor CCARGAPROVEES
02 16:37:30:072 Leidos 1 cursores
01 16:37:30:073 PLSQL: INICIANDO CARGA DE PROVEES EN  V10INTERIN_RDRP
01 16:37:30:075 PLSQL: ERROR CARGANDO PROVEES
01 16:47:30:077 PLSQL: INICIANDO CARGA DE PROVEES EN  V10INTERIN_RDRP
01 16:47:30:078 PLSQL: ERROR CARGANDO PROVEES

00 16:52:15:365 Fichero de log cerrado.

00 16:52:29:707 Fichero de log abierto PID 13284

02 16:52:29:710 Intentando abrir fichero v10.ini
02 16:52:29:715 Cargando driver v10oracle funcion damedriveroracle
02 16:52:30:230 Conectado a base de datos
02 16:52:30:232 Proceso CARGA_PROVEES encontrado en tabla VDPROCESOS
02 16:52:30:232 Proceso CARGA_PROVEES cargado con función procesoperiodico (Librería VDKERNEL.DLL) direccion 6B982D10
02 16:52:30:234 PLSQL: INICIALIZADO PAQUETE DE LOG EL DIA 23-06-2022
02 16:52:30:244 Actualizado SID 133 SERIAL 34330 del proceso con PID 13284
02 16:52:30:245 Analizado cursor CCARGAPROVEES
02 16:52:30:245 Leidos 1 cursores
01 16:52:30:245 PLSQL: INICIANDO CARGA DE PROVEES EN  V10INTERIN_RDRP
01 16:52:30:247 PLSQL: ERROR CARGANDO PROVEES
01 17:02:30:250 PLSQL: INICIANDO CARGA DE PROVEES EN  V10INTERIN_RDRP
01 17:02:30:252 PLSQL: ERROR CARGANDO PROVEES

00 17:06:53:495 Fichero de log cerrado.

00 17:07:20:987 Fichero de log abierto PID 7252

02 17:07:20:989 Intentando abrir fichero v10.ini
02 17:07:20:992 Cargando driver v10oracle funcion damedriveroracle
02 17:07:21:489 Conectado a base de datos
02 17:07:21:489 Proceso CARGA_PROVEES encontrado en tabla VDPROCESOS
02 17:07:21:492 Proceso CARGA_PROVEES cargado con función procesoperiodico (Librería VDKERNEL.DLL) direccion 6B982D10
02 17:07:21:494 PLSQL: INICIALIZADO PAQUETE DE LOG EL DIA 23-06-2022
02 17:07:21:502 Actualizado SID 873 SERIAL 9577 del proceso con PID 7252
02 17:07:21:502 Analizado cursor CCARGAPROVEES
02 17:07:21:502 Leidos 1 cursores
01 17:07:21:503 PLSQL: INICIANDO CARGA DE PROVEES EN  V10INTERIN_RDRP
01 17:07:21:505 PLSQL: ERROR CARGANDO PROVEES
01 17:17:21:511 PLSQL: INICIANDO CARGA DE PROVEES EN  V10INTERIN_RDRP
01 17:17:21:511 PLSQL: ERROR CARGANDO PROVEES

00 17:17:38:190 Fichero de log cerrado.

00 17:17:45:272 Fichero de log abierto PID 3796

02 17:17:45:275 Intentando abrir fichero v10.ini
02 17:17:45:279 Cargando driver v10oracle funcion damedriveroracle
02 17:17:45:999 Conectado a base de datos
02 17:17:46:000 Proceso CARGA_PROVEES encontrado en tabla VDPROCESOS
02 17:17:46:002 Proceso CARGA_PROVEES cargado con función procesoperiodico (Librería VDKERNEL.DLL) direccion 6B982D10
02 17:17:46:003 PLSQL: INICIALIZADO PAQUETE DE LOG EL DIA 23-06-2022
02 17:17:46:012 Actualizado SID 510 SERIAL 32942 del proceso con PID 3796
02 17:17:46:012 Analizado cursor CCARGAPROVEES
02 17:17:46:012 Leidos 1 cursores
01 17:17:46:015 PLSQL: INICIANDO CARGA DE PROVEES EN  V10INTERIN_RDRP
01 17:17:46:015 PLSQL: ERROR CARGANDO PROVEES
01 17:27:46:030 PLSQL: INICIANDO CARGA DE PROVEES EN  V10INTERIN_RDRP
01 17:27:46:031 PLSQL: ERROR CARGANDO PROVEES
01 17:37:46:044 PLSQL: INICIANDO CARGA DE PROVEES EN  V10INTERIN_RDRP
01 17:37:46:046 PLSQL: ERROR CARGANDO PROVEES

00 17:45:44:532 Fichero de log cerrado.

