00 08:59:48:976 Fichero de log abierto PID 1084

02 08:59:49:041 Intentando abrir fichero v10.ini
02 08:59:49:046 Cargando driver v10oracle funcion damedriveroracle
02 08:59:49:507 Conectado a base de datos
02 08:59:49:507 Proceso CARGA_PROVEES encontrado en tabla VDPROCESOS
02 08:59:49:512 Proceso CARGA_PROVEES cargado con función procesoperiodico (Librería VDKERNEL.DLL) direccion 70042D10
02 08:59:49:514 PLSQL: INICIALIZADO PAQUETE DE LOG EL DIA 27-06-2022
02 08:59:49:522 Actualizado SID 503 SERIAL 61702 del proceso con PID 1084
02 08:59:49:523 Analizado cursor CCARGAPROVEES
02 08:59:49:523 Leidos 1 cursores
01 08:59:49:525 PLSQL: INICIANDO CARGA DE PROVEES EN  V10INTERIN_RDRP
01 08:59:49:526 PLSQL: ERROR CARGANDO PROVEES
01 09:09:49:533 PLSQL: INICIANDO CARGA DE PROVEES EN  V10INTERIN_RDRP
01 09:09:49:533 PLSQL: ERROR CARGANDO PROVEES
01 09:19:49:540 PLSQL: INICIANDO CARGA DE PROVEES EN  V10INTERIN_RDRP
01 09:19:49:540 PLSQL: ERROR CARGANDO PROVEES
01 09:29:49:558 PLSQL: INICIANDO CARGA DE PROVEES EN  V10INTERIN_RDRP
01 09:29:49:558 PLSQL: ERROR CARGANDO PROVEES
01 09:39:49:569 PLSQL: INICIANDO CARGA DE PROVEES EN  V10INTERIN_RDRP
01 09:39:49:569 PLSQL: ERROR CARGANDO PROVEES
01 09:49:49:588 PLSQL: INICIANDO CARGA DE PROVEES EN  V10INTERIN_RDRP
01 09:49:49:593 PLSQL: ERROR CARGANDO PROVEES
01 09:59:49:605 PLSQL: INICIANDO CARGA DE PROVEES EN  V10INTERIN_RDRP
01 09:59:49:605 PLSQL: ERROR CARGANDO PROVEES
01 10:09:49:625 PLSQL: INICIANDO CARGA DE PROVEES EN  V10INTERIN_RDRP
01 10:09:49:625 PLSQL: ERROR CARGANDO PROVEES
01 10:19:48:516 PLSQL: INICIANDO CARGA DE PROVEES EN  V10INTERIN_RDRP
01 10:19:48:516 PLSQL: ERROR CARGANDO PROVEES
01 10:29:48:527 PLSQL: INICIANDO CARGA DE PROVEES EN  V10INTERIN_RDRP
01 10:29:48:527 PLSQL: ERROR CARGANDO PROVEES
01 10:39:48:537 PLSQL: INICIANDO CARGA DE PROVEES EN  V10INTERIN_RDRP
01 10:39:48:537 PLSQL: ERROR CARGANDO PROVEES
01 10:49:48:557 PLSQL: INICIANDO CARGA DE PROVEES EN  V10INTERIN_RDRP
01 10:49:48:557 PLSQL: ERROR CARGANDO PROVEES
01 11:00:27:210 PLSQL: INICIANDO CARGA DE PROVEES EN  V10INTERIN_RDRP
01 11:00:27:211 PLSQL: ERROR CARGANDO PROVEES
01 11:10:27:225 PLSQL: INICIANDO CARGA DE PROVEES EN  V10INTERIN_RDRP
01 11:10:27:226 PLSQL: ERROR CARGANDO PROVEES
01 11:20:27:254 PLSQL: INICIANDO CARGA DE PROVEES EN  V10INTERIN_RDRP
01 11:20:27:254 PLSQL: ERROR CARGANDO PROVEES
01 11:30:27:274 PLSQL: INICIANDO CARGA DE PROVEES EN  V10INTERIN_RDRP
01 11:30:27:274 PLSQL: ERROR CARGANDO PROVEES
01 11:40:27:299 PLSQL: INICIANDO CARGA DE PROVEES EN  V10INTERIN_RDRP
01 11:40:27:299 PLSQL: ERROR CARGANDO PROVEES
01 11:50:27:312 PLSQL: INICIANDO CARGA DE PROVEES EN  V10INTERIN_RDRP
01 11:50:27:312 PLSQL: ERROR CARGANDO PROVEES
01 12:00:27:329 PLSQL: INICIANDO CARGA DE PROVEES EN  V10INTERIN_RDRP
01 12:00:27:329 PLSQL: ERROR CARGANDO PROVEES
01 12:10:27:345 PLSQL: INICIANDO CARGA DE PROVEES EN  V10INTERIN_RDRP
01 12:10:27:345 PLSQL: ERROR CARGANDO PROVEES
01 12:20:27:356 PLSQL: INICIANDO CARGA DE PROVEES EN  V10INTERIN_RDRP
01 12:20:27:359 PLSQL: ERROR CARGANDO PROVEES
01 12:30:27:375 PLSQL: INICIANDO CARGA DE PROVEES EN  V10INTERIN_RDRP
01 12:30:27:375 PLSQL: ERROR CARGANDO PROVEES
01 12:40:27:389 PLSQL: INICIANDO CARGA DE PROVEES EN  V10INTERIN_RDRP
01 12:40:27:391 PLSQL: ERROR CARGANDO PROVEES
01 12:50:27:405 PLSQL: INICIANDO CARGA DE PROVEES EN  V10INTERIN_RDRP
01 12:50:27:405 PLSQL: ERROR CARGANDO PROVEES
01 13:00:27:418 PLSQL: INICIANDO CARGA DE PROVEES EN  V10INTERIN_RDRP
01 13:00:27:418 PLSQL: ERROR CARGANDO PROVEES
01 13:10:27:426 PLSQL: INICIANDO CARGA DE PROVEES EN  V10INTERIN_RDRP
01 13:10:27:430 PLSQL: ERROR CARGANDO PROVEES
01 13:20:27:448 PLSQL: INICIANDO CARGA DE PROVEES EN  V10INTERIN_RDRP
01 13:20:27:448 PLSQL: ERROR CARGANDO PROVEES
01 13:30:27:473 PLSQL: INICIANDO CARGA DE PROVEES EN  V10INTERIN_RDRP
01 13:30:27:476 PLSQL: ERROR CARGANDO PROVEES
01 13:40:27:481 PLSQL: INICIANDO CARGA DE PROVEES EN  V10INTERIN_RDRP
01 13:40:27:481 PLSQL: ERROR CARGANDO PROVEES
01 13:50:27:502 PLSQL: INICIANDO CARGA DE PROVEES EN  V10INTERIN_RDRP
01 13:50:27:503 PLSQL: ERROR CARGANDO PROVEES
01 14:00:27:513 PLSQL: INICIANDO CARGA DE PROVEES EN  V10INTERIN_RDRP
01 14:00:27:513 PLSQL: ERROR CARGANDO PROVEES
01 14:10:27:527 PLSQL: INICIANDO CARGA DE PROVEES EN  V10INTERIN_RDRP
01 14:10:27:527 PLSQL: ERROR CARGANDO PROVEES
01 14:20:27:545 PLSQL: INICIANDO CARGA DE PROVEES EN  V10INTERIN_RDRP
01 14:20:27:545 PLSQL: ERROR CARGANDO PROVEES
01 14:30:27:559 PLSQL: INICIANDO CARGA DE PROVEES EN  V10INTERIN_RDRP
01 14:30:27:559 PLSQL: ERROR CARGANDO PROVEES
01 14:40:27:570 PLSQL: INICIANDO CARGA DE PROVEES EN  V10INTERIN_RDRP
01 14:40:27:573 PLSQL: ERROR CARGANDO PROVEES
01 14:50:27:587 PLSQL: INICIANDO CARGA DE PROVEES EN  V10INTERIN_RDRP
01 14:50:27:589 PLSQL: ERROR CARGANDO PROVEES
01 15:00:27:600 PLSQL: INICIANDO CARGA DE PROVEES EN  V10INTERIN_RDRP
01 15:00:27:600 PLSQL: ERROR CARGANDO PROVEES
01 15:10:27:626 PLSQL: INICIANDO CARGA DE PROVEES EN  V10INTERIN_RDRP
01 15:10:27:627 PLSQL: ERROR CARGANDO PROVEES
01 16:09:06:007 PLSQL: INICIANDO CARGA DE PROVEES EN  V10INTERIN_RDRP
01 16:09:06:009 PLSQL: ERROR CARGANDO PROVEES
01 16:19:06:021 PLSQL: INICIANDO CARGA DE PROVEES EN  V10INTERIN_RDRP
01 16:19:06:022 PLSQL: ERROR CARGANDO PROVEES
01 16:29:06:046 PLSQL: INICIANDO CARGA DE PROVEES EN  V10INTERIN_RDRP
01 16:29:06:048 PLSQL: ERROR CARGANDO PROVEES
01 16:39:06:064 PLSQL: INICIANDO CARGA DE PROVEES EN  V10INTERIN_RDRP
01 16:39:06:064 PLSQL: ERROR CARGANDO PROVEES
01 16:49:06:069 PLSQL: INICIANDO CARGA DE PROVEES EN  V10INTERIN_RDRP
01 16:49:06:074 PLSQL: ERROR CARGANDO PROVEES
01 16:59:06:088 PLSQL: INICIANDO CARGA DE PROVEES EN  V10INTERIN_RDRP
01 16:59:06:088 PLSQL: ERROR CARGANDO PROVEES
01 17:09:06:103 PLSQL: INICIANDO CARGA DE PROVEES EN  V10INTERIN_RDRP
01 17:09:06:105 PLSQL: ERROR CARGANDO PROVEES
01 17:19:06:138 PLSQL: INICIANDO CARGA DE PROVEES EN  V10INTERIN_RDRP
01 17:19:06:139 PLSQL: ERROR CARGANDO PROVEES
01 17:29:06:155 PLSQL: INICIANDO CARGA DE PROVEES EN  V10INTERIN_RDRP
01 17:29:06:156 PLSQL: ERROR CARGANDO PROVEES
01 17:39:06:171 PLSQL: INICIANDO CARGA DE PROVEES EN  V10INTERIN_RDRP
01 17:39:06:173 PLSQL: ERROR CARGANDO PROVEES

00 17:47:53:380 Fichero de log cerrado.

00 17:48:08:404 Fichero de log abierto PID 7384

02 17:48:08:405 Intentando abrir fichero v10.ini
02 17:48:08:412 Cargando driver v10oracle funcion damedriveroracle
02 17:48:08:982 Conectado a base de datos
02 17:48:08:985 Proceso CARGA_PROVEES encontrado en tabla VDPROCESOS
02 17:48:08:985 Proceso CARGA_PROVEES cargado con función procesoperiodico (Librería VDKERNEL.DLL) direccion 70042D10
02 17:48:08:987 PLSQL: INICIALIZADO PAQUETE DE LOG EL DIA 27-06-2022
02 17:48:08:995 Actualizado SID 259 SERIAL 60987 del proceso con PID 7384
02 17:48:09:002 Analizado cursor CCARGAPROVEES
02 17:48:09:002 Leidos 1 cursores
01 17:48:09:003 PLSQL: INICIANDO CARGA DE PROVEES EN  V10INTERIN_RDRP
01 17:48:09:004 PLSQL: ERROR CARGANDO PROVEES

00 17:57:06:535 Fichero de log cerrado.

