00 09:11:28:306 Fichero de log abierto PID 13784

02 09:11:28:307 Intentando abrir fichero v10.ini
02 09:11:28:342 Cargando driver v10oracle funcion damedriveroracle
02 09:11:28:925 Conectado a base de datos
02 09:11:28:925 Proceso CARGA_ARTICULOS encontrado en tabla VDPROCESOS
02 09:11:28:926 Proceso CARGA_ARTICULOS cargado con función procesoperiodico (Librería VDKERNEL.DLL) direccion 6DB62D10
02 09:11:28:928 PLSQL: INICIALIZADO PAQUETE DE LOG EL DIA 08-04-2022
02 09:11:28:937 Actualizado SID 6 SERIAL 1924 del proceso con PID 13784
02 09:11:28:937 Analizado cursor CCARGAARTICULOS
02 09:11:28:938 Leidos 1 cursores
01 09:11:28:940 PLSQL: INICIANDO CARGA DE ARTICULOS EN  V10INTERIN_RDRP
01 09:11:28:941 PLSQL: ERROR CARGANDO ARTICULOS
01 09:21:28:958 PLSQL: INICIANDO CARGA DE ARTICULOS EN  V10INTERIN_RDRP
01 09:21:28:958 PLSQL: ERROR CARGANDO ARTICULOS
01 09:31:28:979 PLSQL: INICIANDO CARGA DE ARTICULOS EN  V10INTERIN_RDRP
01 09:31:28:981 PLSQL: ERROR CARGANDO ARTICULOS
01 09:41:28:986 PLSQL: INICIANDO CARGA DE ARTICULOS EN  V10INTERIN_RDRP
01 09:41:28:989 PLSQL: ERROR CARGANDO ARTICULOS
01 09:51:29:002 PLSQL: INICIANDO CARGA DE ARTICULOS EN  V10INTERIN_RDRP
01 09:51:29:005 PLSQL: ERROR CARGANDO ARTICULOS
01 10:01:29:007 PLSQL: INICIANDO CARGA DE ARTICULOS EN  V10INTERIN_RDRP
01 10:01:29:009 PLSQL: ERROR CARGANDO ARTICULOS
01 10:11:29:013 PLSQL: INICIANDO CARGA DE ARTICULOS EN  V10INTERIN_RDRP
01 10:11:29:014 PLSQL: ERROR CARGANDO ARTICULOS
01 10:21:29:026 PLSQL: INICIANDO CARGA DE ARTICULOS EN  V10INTERIN_RDRP
01 10:21:29:027 PLSQL: ERROR CARGANDO ARTICULOS
01 10:31:29:042 PLSQL: INICIANDO CARGA DE ARTICULOS EN  V10INTERIN_RDRP
01 10:31:29:043 PLSQL: ERROR CARGANDO ARTICULOS
01 10:41:27:974 PLSQL: INICIANDO CARGA DE ARTICULOS EN  V10INTERIN_RDRP
01 10:41:27:976 PLSQL: ERROR CARGANDO ARTICULOS
01 10:51:27:991 PLSQL: INICIANDO CARGA DE ARTICULOS EN  V10INTERIN_RDRP
01 10:51:27:992 PLSQL: ERROR CARGANDO ARTICULOS
01 11:01:28:000 PLSQL: INICIANDO CARGA DE ARTICULOS EN  V10INTERIN_RDRP
01 11:01:28:002 PLSQL: ERROR CARGANDO ARTICULOS
01 11:38:45:191 PLSQL: INICIANDO CARGA DE ARTICULOS EN  V10INTERIN_RDRP
01 11:38:45:193 PLSQL: ERROR CARGANDO ARTICULOS
01 11:48:45:208 PLSQL: INICIANDO CARGA DE ARTICULOS EN  V10INTERIN_RDRP
01 11:48:45:208 PLSQL: ERROR CARGANDO ARTICULOS
01 11:58:45:226 PLSQL: INICIANDO CARGA DE ARTICULOS EN  V10INTERIN_RDRP
01 11:58:45:227 PLSQL: ERROR CARGANDO ARTICULOS
01 12:08:45:251 PLSQL: INICIANDO CARGA DE ARTICULOS EN  V10INTERIN_RDRP
01 12:08:45:251 PLSQL: ERROR CARGANDO ARTICULOS
01 12:18:45:279 PLSQL: INICIANDO CARGA DE ARTICULOS EN  V10INTERIN_RDRP
01 12:18:45:281 PLSQL: ERROR CARGANDO ARTICULOS
01 12:28:45:287 PLSQL: INICIANDO CARGA DE ARTICULOS EN  V10INTERIN_RDRP
01 12:28:45:289 PLSQL: ERROR CARGANDO ARTICULOS
01 12:38:45:301 PLSQL: INICIANDO CARGA DE ARTICULOS EN  V10INTERIN_RDRP
01 12:38:45:302 PLSQL: ERROR CARGANDO ARTICULOS
01 12:48:45:307 PLSQL: INICIANDO CARGA DE ARTICULOS EN  V10INTERIN_RDRP
01 12:48:45:308 PLSQL: ERROR CARGANDO ARTICULOS
01 12:58:45:319 PLSQL: INICIANDO CARGA DE ARTICULOS EN  V10INTERIN_RDRP
01 12:58:45:323 PLSQL: ERROR CARGANDO ARTICULOS
01 13:08:45:346 PLSQL: INICIANDO CARGA DE ARTICULOS EN  V10INTERIN_RDRP
01 13:08:45:348 PLSQL: ERROR CARGANDO ARTICULOS
01 13:18:45:354 PLSQL: INICIANDO CARGA DE ARTICULOS EN  V10INTERIN_RDRP
01 13:18:45:356 PLSQL: ERROR CARGANDO ARTICULOS
01 13:28:45:361 PLSQL: INICIANDO CARGA DE ARTICULOS EN  V10INTERIN_RDRP
01 13:28:45:362 PLSQL: ERROR CARGANDO ARTICULOS
01 13:38:45:373 PLSQL: INICIANDO CARGA DE ARTICULOS EN  V10INTERIN_RDRP
01 13:38:45:375 PLSQL: ERROR CARGANDO ARTICULOS
01 13:48:45:378 PLSQL: INICIANDO CARGA DE ARTICULOS EN  V10INTERIN_RDRP
01 13:48:45:381 PLSQL: ERROR CARGANDO ARTICULOS
01 13:58:45:383 PLSQL: INICIANDO CARGA DE ARTICULOS EN  V10INTERIN_RDRP
01 13:58:45:383 PLSQL: ERROR CARGANDO ARTICULOS

00 13:59:39:795 Fichero de log cerrado.

