00 09:43:02:462 Fichero de log abierto PID 9628

02 09:43:02:463 Intentando abrir fichero v10.ini
02 09:43:02:471 Cargando driver v10oracle funcion damedriveroracle
02 09:43:03:126 Conectado a base de datos
02 09:43:03:127 Proceso CARGA_PEDIDOS encontrado en tabla VDPROCESOS
02 09:43:03:127 Proceso CARGA_PEDIDOS cargado con función procesoperiodico (Librería VDKERNEL.DLL) direccion 70492D10
02 09:43:03:129 PLSQL: INICIALIZADO PAQUETE DE LOG EL DIA 31-03-2022
02 09:43:03:142 Actualizado SID 870 SERIAL 109 del proceso con PID 9628
02 09:43:03:147 Analizado cursor CCARGAPEDIDOS
02 09:43:03:147 Leidos 1 cursores
01 09:43:03:151 PLSQL: INICIANDO CARGA DE PEDIDOS EN  V10INTERIN_RDRP
01 09:43:03:152 PLSQL: ERROR CARGANDO PEDIDOS
01 09:48:03:167 PLSQL: INICIANDO CARGA DE PEDIDOS EN  V10INTERIN_RDRP
01 09:48:03:167 PLSQL: ERROR CARGANDO PEDIDOS
01 09:53:03:171 PLSQL: INICIANDO CARGA DE PEDIDOS EN  V10INTERIN_RDRP
01 09:53:03:171 PLSQL: ERROR CARGANDO PEDIDOS
01 09:58:03:178 PLSQL: INICIANDO CARGA DE PEDIDOS EN  V10INTERIN_RDRP
01 09:58:03:182 PLSQL: ERROR CARGANDO PEDIDOS
01 10:03:03:187 PLSQL: INICIANDO CARGA DE PEDIDOS EN  V10INTERIN_RDRP
01 10:03:03:187 PLSQL: ERROR CARGANDO PEDIDOS
01 10:08:03:194 PLSQL: INICIANDO CARGA DE PEDIDOS EN  V10INTERIN_RDRP
01 10:08:03:194 PLSQL: ERROR CARGANDO PEDIDOS
01 10:13:03:210 PLSQL: INICIANDO CARGA DE PEDIDOS EN  V10INTERIN_RDRP
01 10:13:03:214 PLSQL: ERROR CARGANDO PEDIDOS
01 10:18:03:226 PLSQL: INICIANDO CARGA DE PEDIDOS EN  V10INTERIN_RDRP
01 10:18:03:226 PLSQL: ERROR CARGANDO PEDIDOS
01 10:23:03:231 PLSQL: INICIANDO CARGA DE PEDIDOS EN  V10INTERIN_RDRP
01 10:23:03:232 PLSQL: ERROR CARGANDO PEDIDOS
01 10:28:03:240 PLSQL: INICIANDO CARGA DE PEDIDOS EN  V10INTERIN_RDRP
01 10:28:03:244 PLSQL: ERROR CARGANDO PEDIDOS
01 10:33:03:252 PLSQL: INICIANDO CARGA DE PEDIDOS EN  V10INTERIN_RDRP
01 10:33:03:254 PLSQL: ERROR CARGANDO PEDIDOS
01 10:38:03:265 PLSQL: INICIANDO CARGA DE PEDIDOS EN  V10INTERIN_RDRP
01 10:38:03:268 PLSQL: ERROR CARGANDO PEDIDOS
01 10:43:03:279 PLSQL: INICIANDO CARGA DE PEDIDOS EN  V10INTERIN_RDRP
01 10:43:03:279 PLSQL: ERROR CARGANDO PEDIDOS
01 10:48:03:298 PLSQL: INICIANDO CARGA DE PEDIDOS EN  V10INTERIN_RDRP
01 10:48:03:298 PLSQL: ERROR CARGANDO PEDIDOS
01 10:53:03:317 PLSQL: INICIANDO CARGA DE PEDIDOS EN  V10INTERIN_RDRP
01 10:53:03:317 PLSQL: ERROR CARGANDO PEDIDOS
01 10:58:03:331 PLSQL: INICIANDO CARGA DE PEDIDOS EN  V10INTERIN_RDRP
01 10:58:03:331 PLSQL: ERROR CARGANDO PEDIDOS
01 11:03:03:338 PLSQL: INICIANDO CARGA DE PEDIDOS EN  V10INTERIN_RDRP
01 11:03:03:338 PLSQL: ERROR CARGANDO PEDIDOS
01 11:16:15:498 PLSQL: INICIANDO CARGA DE PEDIDOS EN  V10INTERIN_RDRP
01 11:16:15:514 PLSQL: ERROR CARGANDO PEDIDOS
01 11:21:15:550 PLSQL: INICIANDO CARGA DE PEDIDOS EN  V10INTERIN_RDRP
01 11:21:15:550 PLSQL: ERROR CARGANDO PEDIDOS
01 11:26:15:559 PLSQL: INICIANDO CARGA DE PEDIDOS EN  V10INTERIN_RDRP
01 11:26:15:561 PLSQL: ERROR CARGANDO PEDIDOS
01 11:31:15:571 PLSQL: INICIANDO CARGA DE PEDIDOS EN  V10INTERIN_RDRP
01 11:31:15:571 PLSQL: ERROR CARGANDO PEDIDOS
01 11:36:15:592 PLSQL: INICIANDO CARGA DE PEDIDOS EN  V10INTERIN_RDRP
01 11:36:15:592 PLSQL: ERROR CARGANDO PEDIDOS
01 11:41:15:607 PLSQL: INICIANDO CARGA DE PEDIDOS EN  V10INTERIN_RDRP
01 11:41:15:607 PLSQL: ERROR CARGANDO PEDIDOS
01 11:46:15:626 PLSQL: INICIANDO CARGA DE PEDIDOS EN  V10INTERIN_RDRP
01 11:46:15:626 PLSQL: ERROR CARGANDO PEDIDOS
01 11:51:15:635 PLSQL: INICIANDO CARGA DE PEDIDOS EN  V10INTERIN_RDRP
01 11:51:15:635 PLSQL: ERROR CARGANDO PEDIDOS
01 11:56:15:643 PLSQL: INICIANDO CARGA DE PEDIDOS EN  V10INTERIN_RDRP
01 11:56:15:643 PLSQL: ERROR CARGANDO PEDIDOS
01 12:01:15:657 PLSQL: INICIANDO CARGA DE PEDIDOS EN  V10INTERIN_RDRP
01 12:01:15:659 PLSQL: ERROR CARGANDO PEDIDOS
01 12:06:15:665 PLSQL: INICIANDO CARGA DE PEDIDOS EN  V10INTERIN_RDRP
01 12:06:15:665 PLSQL: ERROR CARGANDO PEDIDOS
01 12:11:15:682 PLSQL: INICIANDO CARGA DE PEDIDOS EN  V10INTERIN_RDRP
01 12:11:15:682 PLSQL: ERROR CARGANDO PEDIDOS
01 12:16:15:701 PLSQL: INICIANDO CARGA DE PEDIDOS EN  V10INTERIN_RDRP
01 12:16:15:701 PLSQL: ERROR CARGANDO PEDIDOS
01 12:21:15:723 PLSQL: INICIANDO CARGA DE PEDIDOS EN  V10INTERIN_RDRP
01 12:21:15:723 PLSQL: ERROR CARGANDO PEDIDOS
01 12:26:15:728 PLSQL: INICIANDO CARGA DE PEDIDOS EN  V10INTERIN_RDRP
01 12:26:15:730 PLSQL: ERROR CARGANDO PEDIDOS
01 12:31:15:733 PLSQL: INICIANDO CARGA DE PEDIDOS EN  V10INTERIN_RDRP
01 12:31:15:733 PLSQL: ERROR CARGANDO PEDIDOS
01 12:36:15:749 PLSQL: INICIANDO CARGA DE PEDIDOS EN  V10INTERIN_RDRP
01 12:36:15:751 PLSQL: ERROR CARGANDO PEDIDOS
01 12:41:15:774 PLSQL: INICIANDO CARGA DE PEDIDOS EN  V10INTERIN_RDRP
01 12:41:15:774 PLSQL: ERROR CARGANDO PEDIDOS
01 12:46:15:790 PLSQL: INICIANDO CARGA DE PEDIDOS EN  V10INTERIN_RDRP
01 12:46:15:790 PLSQL: ERROR CARGANDO PEDIDOS
01 12:51:15:798 PLSQL: INICIANDO CARGA DE PEDIDOS EN  V10INTERIN_RDRP
01 12:51:15:798 PLSQL: ERROR CARGANDO PEDIDOS
01 12:56:15:821 PLSQL: INICIANDO CARGA DE PEDIDOS EN  V10INTERIN_RDRP
01 12:56:15:821 PLSQL: ERROR CARGANDO PEDIDOS
01 13:01:15:830 PLSQL: INICIANDO CARGA DE PEDIDOS EN  V10INTERIN_RDRP
01 13:01:15:830 PLSQL: ERROR CARGANDO PEDIDOS
01 13:06:15:840 PLSQL: INICIANDO CARGA DE PEDIDOS EN  V10INTERIN_RDRP
01 13:06:15:840 PLSQL: ERROR CARGANDO PEDIDOS
01 13:11:15:846 PLSQL: INICIANDO CARGA DE PEDIDOS EN  V10INTERIN_RDRP
01 13:11:15:846 PLSQL: ERROR CARGANDO PEDIDOS
01 13:16:15:860 PLSQL: INICIANDO CARGA DE PEDIDOS EN  V10INTERIN_RDRP
01 13:16:15:863 PLSQL: ERROR CARGANDO PEDIDOS
01 13:21:15:871 PLSQL: INICIANDO CARGA DE PEDIDOS EN  V10INTERIN_RDRP
01 13:21:15:871 PLSQL: ERROR CARGANDO PEDIDOS
01 13:26:15:885 PLSQL: INICIANDO CARGA DE PEDIDOS EN  V10INTERIN_RDRP
01 13:26:15:885 PLSQL: ERROR CARGANDO PEDIDOS
01 13:31:15:895 PLSQL: INICIANDO CARGA DE PEDIDOS EN  V10INTERIN_RDRP
01 13:31:15:895 PLSQL: ERROR CARGANDO PEDIDOS
01 13:36:15:906 PLSQL: INICIANDO CARGA DE PEDIDOS EN  V10INTERIN_RDRP
01 13:36:15:906 PLSQL: ERROR CARGANDO PEDIDOS
01 13:41:15:928 PLSQL: INICIANDO CARGA DE PEDIDOS EN  V10INTERIN_RDRP
01 13:41:15:928 PLSQL: ERROR CARGANDO PEDIDOS
01 13:46:15:936 PLSQL: INICIANDO CARGA DE PEDIDOS EN  V10INTERIN_RDRP
01 13:46:15:941 PLSQL: ERROR CARGANDO PEDIDOS
01 13:51:15:947 PLSQL: INICIANDO CARGA DE PEDIDOS EN  V10INTERIN_RDRP
01 13:51:15:947 PLSQL: ERROR CARGANDO PEDIDOS
01 13:56:15:956 PLSQL: INICIANDO CARGA DE PEDIDOS EN  V10INTERIN_RDRP
01 13:56:15:956 PLSQL: ERROR CARGANDO PEDIDOS
01 14:01:15:960 PLSQL: INICIANDO CARGA DE PEDIDOS EN  V10INTERIN_RDRP
01 14:01:15:960 PLSQL: ERROR CARGANDO PEDIDOS
01 14:06:15:967 PLSQL: INICIANDO CARGA DE PEDIDOS EN  V10INTERIN_RDRP
01 14:06:15:968 PLSQL: ERROR CARGANDO PEDIDOS
01 14:11:15:984 PLSQL: INICIANDO CARGA DE PEDIDOS EN  V10INTERIN_RDRP
01 14:11:15:987 PLSQL: ERROR CARGANDO PEDIDOS
01 14:16:15:991 PLSQL: INICIANDO CARGA DE PEDIDOS EN  V10INTERIN_RDRP
01 14:16:15:992 PLSQL: ERROR CARGANDO PEDIDOS

00 14:17:57:459 Fichero de log cerrado.

00 14:18:05:454 Fichero de log abierto PID 13944

02 14:18:05:457 Intentando abrir fichero v10.ini
02 14:18:05:469 Cargando driver v10oracle funcion damedriveroracle
02 14:18:06:425 Conectado a base de datos
02 14:18:06:427 Proceso CARGA_PEDIDOS encontrado en tabla VDPROCESOS
02 14:18:06:429 Proceso CARGA_PEDIDOS cargado con función procesoperiodico (Librería VDKERNEL.DLL) direccion 70492D10
02 14:18:06:431 PLSQL: INICIALIZADO PAQUETE DE LOG EL DIA 31-03-2022
02 14:18:06:442 Actualizado SID 12 SERIAL 13020 del proceso con PID 13944
02 14:18:06:444 Analizado cursor CCARGAPEDIDOS
02 14:18:06:444 Leidos 1 cursores
01 14:18:06:445 PLSQL: INICIANDO CARGA DE PEDIDOS EN  V10INTERIN_RDRP
01 14:18:06:447 PLSQL: ERROR CARGANDO PEDIDOS
01 14:23:06:452 PLSQL: INICIANDO CARGA DE PEDIDOS EN  V10INTERIN_RDRP
01 14:23:06:453 PLSQL: ERROR CARGANDO PEDIDOS
01 14:28:06:462 PLSQL: INICIANDO CARGA DE PEDIDOS EN  V10INTERIN_RDRP
01 14:28:06:464 PLSQL: ERROR CARGANDO PEDIDOS
01 14:33:06:476 PLSQL: INICIANDO CARGA DE PEDIDOS EN  V10INTERIN_RDRP
01 14:33:06:479 PLSQL: ERROR CARGANDO PEDIDOS
01 15:28:39:424 PLSQL: INICIANDO CARGA DE PEDIDOS EN  V10INTERIN_RDRP
01 15:28:39:436 PLSQL: ERROR CARGANDO PEDIDOS
01 15:33:40:061 PLSQL: INICIANDO CARGA DE PEDIDOS EN  V10INTERIN_RDRP
01 15:33:40:063 PLSQL: ERROR CARGANDO PEDIDOS
01 15:38:40:074 PLSQL: INICIANDO CARGA DE PEDIDOS EN  V10INTERIN_RDRP
01 15:38:40:091 PLSQL: ERROR CARGANDO PEDIDOS
01 15:43:40:104 PLSQL: INICIANDO CARGA DE PEDIDOS EN  V10INTERIN_RDRP
01 15:43:40:107 PLSQL: ERROR CARGANDO PEDIDOS
01 15:48:40:110 PLSQL: INICIANDO CARGA DE PEDIDOS EN  V10INTERIN_RDRP
01 15:48:40:112 PLSQL: ERROR CARGANDO PEDIDOS
01 15:53:40:118 PLSQL: INICIANDO CARGA DE PEDIDOS EN  V10INTERIN_RDRP
01 15:53:40:120 PLSQL: ERROR CARGANDO PEDIDOS
01 15:58:40:127 PLSQL: INICIANDO CARGA DE PEDIDOS EN  V10INTERIN_RDRP
01 15:58:40:145 PLSQL: ERROR CARGANDO PEDIDOS
01 16:03:40:156 PLSQL: INICIANDO CARGA DE PEDIDOS EN  V10INTERIN_RDRP
01 16:03:40:156 PLSQL: ERROR CARGANDO PEDIDOS
01 16:08:40:164 PLSQL: INICIANDO CARGA DE PEDIDOS EN  V10INTERIN_RDRP
01 16:08:40:166 PLSQL: ERROR CARGANDO PEDIDOS
01 16:13:40:173 PLSQL: INICIANDO CARGA DE PEDIDOS EN  V10INTERIN_RDRP
01 16:13:40:175 PLSQL: ERROR CARGANDO PEDIDOS
01 16:18:40:180 PLSQL: INICIANDO CARGA DE PEDIDOS EN  V10INTERIN_RDRP
01 16:18:40:183 PLSQL: ERROR CARGANDO PEDIDOS
01 16:23:40:199 PLSQL: INICIANDO CARGA DE PEDIDOS EN  V10INTERIN_RDRP
01 16:23:40:201 PLSQL: ERROR CARGANDO PEDIDOS
01 16:28:40:205 PLSQL: INICIANDO CARGA DE PEDIDOS EN  V10INTERIN_RDRP
01 16:28:40:209 PLSQL: ERROR CARGANDO PEDIDOS
01 16:33:40:222 PLSQL: INICIANDO CARGA DE PEDIDOS EN  V10INTERIN_RDRP
01 16:33:40:224 PLSQL: ERROR CARGANDO PEDIDOS
01 16:38:40:233 PLSQL: INICIANDO CARGA DE PEDIDOS EN  V10INTERIN_RDRP
01 16:38:40:234 PLSQL: ERROR CARGANDO PEDIDOS
01 16:43:40:248 PLSQL: INICIANDO CARGA DE PEDIDOS EN  V10INTERIN_RDRP
01 16:43:40:250 PLSQL: ERROR CARGANDO PEDIDOS
01 16:48:40:252 PLSQL: INICIANDO CARGA DE PEDIDOS EN  V10INTERIN_RDRP
01 16:48:40:254 PLSQL: ERROR CARGANDO PEDIDOS
01 16:53:40:268 PLSQL: INICIANDO CARGA DE PEDIDOS EN  V10INTERIN_RDRP
01 16:53:40:270 PLSQL: ERROR CARGANDO PEDIDOS
01 16:58:40:277 PLSQL: INICIANDO CARGA DE PEDIDOS EN  V10INTERIN_RDRP
01 16:58:40:279 PLSQL: ERROR CARGANDO PEDIDOS
01 17:03:40:287 PLSQL: INICIANDO CARGA DE PEDIDOS EN  V10INTERIN_RDRP
01 17:03:40:289 PLSQL: ERROR CARGANDO PEDIDOS
01 17:08:40:297 PLSQL: INICIANDO CARGA DE PEDIDOS EN  V10INTERIN_RDRP
01 17:08:40:299 PLSQL: ERROR CARGANDO PEDIDOS
01 17:13:40:316 PLSQL: INICIANDO CARGA DE PEDIDOS EN  V10INTERIN_RDRP
01 17:13:40:317 PLSQL: ERROR CARGANDO PEDIDOS
01 17:18:40:320 PLSQL: INICIANDO CARGA DE PEDIDOS EN  V10INTERIN_RDRP
01 17:18:40:321 PLSQL: ERROR CARGANDO PEDIDOS
01 17:23:40:329 PLSQL: INICIANDO CARGA DE PEDIDOS EN  V10INTERIN_RDRP
01 17:23:40:330 PLSQL: ERROR CARGANDO PEDIDOS
01 17:28:40:342 PLSQL: INICIANDO CARGA DE PEDIDOS EN  V10INTERIN_RDRP
01 17:28:40:344 PLSQL: ERROR CARGANDO PEDIDOS
01 17:33:40:356 PLSQL: INICIANDO CARGA DE PEDIDOS EN  V10INTERIN_RDRP
01 17:33:40:357 PLSQL: ERROR CARGANDO PEDIDOS
01 17:38:40:363 PLSQL: INICIANDO CARGA DE PEDIDOS EN  V10INTERIN_RDRP
01 17:38:40:366 PLSQL: ERROR CARGANDO PEDIDOS
01 17:43:40:376 PLSQL: INICIANDO CARGA DE PEDIDOS EN  V10INTERIN_RDRP
01 17:43:40:377 PLSQL: ERROR CARGANDO PEDIDOS
01 17:48:40:393 PLSQL: INICIANDO CARGA DE PEDIDOS EN  V10INTERIN_RDRP
01 17:48:40:394 PLSQL: ERROR CARGANDO PEDIDOS
01 17:53:40:409 PLSQL: INICIANDO CARGA DE PEDIDOS EN  V10INTERIN_RDRP
01 17:53:40:412 PLSQL: ERROR CARGANDO PEDIDOS
01 17:58:40:423 PLSQL: INICIANDO CARGA DE PEDIDOS EN  V10INTERIN_RDRP
01 17:58:40:426 PLSQL: ERROR CARGANDO PEDIDOS

00 17:58:44:700 Fichero de log cerrado.

