00 09:08:31:387 Fichero de log abierto PID 836

02 09:08:31:390 Intentando abrir fichero v10.ini
02 09:08:31:396 Cargando driver v10oracle funcion damedriveroracle
02 09:08:31:926 Conectado a base de datos
02 09:08:31:927 Proceso CARGA_CLIENTES encontrado en tabla VDPROCESOS
02 09:08:31:927 Proceso CARGA_CLIENTES cargado con función procesoperiodico (Librería VDKERNEL.DLL) direccion 6FF62D10
02 09:08:31:930 PLSQL: INICIALIZADO PAQUETE DE LOG EL DIA 28-03-2022
02 09:08:31:977 Actualizado SID 502 SERIAL 12067 del proceso con PID 836
02 09:08:31:983 Analizado cursor CCARGACLIENTES
02 09:08:31:983 Leidos 1 cursores
01 09:08:31:985 PLSQL: INICIANDO CARGA DE CLIENTES EN  V10INTERIN_RDRP
01 09:08:31:987 PLSQL: ERROR CARGANDO CLIENTES
01 09:18:31:996 PLSQL: INICIANDO CARGA DE CLIENTES EN  V10INTERIN_RDRP
01 09:18:31:997 PLSQL: ERROR CARGANDO CLIENTES
01 09:28:32:011 PLSQL: INICIANDO CARGA DE CLIENTES EN  V10INTERIN_RDRP
01 09:28:32:013 PLSQL: ERROR CARGANDO CLIENTES
01 09:38:32:021 PLSQL: INICIANDO CARGA DE CLIENTES EN  V10INTERIN_RDRP
01 09:38:32:022 PLSQL: ERROR CARGANDO CLIENTES
01 09:48:32:039 PLSQL: INICIANDO CARGA DE CLIENTES EN  V10INTERIN_RDRP
01 09:48:32:039 PLSQL: ERROR CARGANDO CLIENTES
01 09:58:32:065 PLSQL: INICIANDO CARGA DE CLIENTES EN  V10INTERIN_RDRP
01 09:58:32:067 PLSQL: ERROR CARGANDO CLIENTES
01 10:08:32:080 PLSQL: INICIANDO CARGA DE CLIENTES EN  V10INTERIN_RDRP
01 10:08:32:082 PLSQL: ERROR CARGANDO CLIENTES
01 10:18:32:094 PLSQL: INICIANDO CARGA DE CLIENTES EN  V10INTERIN_RDRP
01 10:18:32:096 PLSQL: ERROR CARGANDO CLIENTES
01 10:28:32:107 PLSQL: INICIANDO CARGA DE CLIENTES EN  V10INTERIN_RDRP
01 10:28:32:108 PLSQL: ERROR CARGANDO CLIENTES
01 10:38:32:117 PLSQL: INICIANDO CARGA DE CLIENTES EN  V10INTERIN_RDRP
01 10:38:32:121 PLSQL: ERROR CARGANDO CLIENTES
01 10:48:32:134 PLSQL: INICIANDO CARGA DE CLIENTES EN  V10INTERIN_RDRP
01 10:48:32:135 PLSQL: ERROR CARGANDO CLIENTES
01 10:58:32:145 PLSQL: INICIANDO CARGA DE CLIENTES EN  V10INTERIN_RDRP
01 10:58:32:147 PLSQL: ERROR CARGANDO CLIENTES
01 11:08:32:163 PLSQL: INICIANDO CARGA DE CLIENTES EN  V10INTERIN_RDRP
01 11:08:32:164 PLSQL: ERROR CARGANDO CLIENTES
01 11:18:27:949 PLSQL: INICIANDO CARGA DE CLIENTES EN  V10INTERIN_RDRP
01 11:18:27:951 PLSQL: ERROR CARGANDO CLIENTES
01 11:28:27:967 PLSQL: INICIANDO CARGA DE CLIENTES EN  V10INTERIN_RDRP
01 11:28:27:970 PLSQL: ERROR CARGANDO CLIENTES
01 11:38:27:978 PLSQL: INICIANDO CARGA DE CLIENTES EN  V10INTERIN_RDRP
01 11:38:27:980 PLSQL: ERROR CARGANDO CLIENTES
01 11:48:27:995 PLSQL: INICIANDO CARGA DE CLIENTES EN  V10INTERIN_RDRP
01 11:48:27:997 PLSQL: ERROR CARGANDO CLIENTES
01 11:58:28:003 PLSQL: INICIANDO CARGA DE CLIENTES EN  V10INTERIN_RDRP
01 11:58:28:007 PLSQL: ERROR CARGANDO CLIENTES
01 12:08:28:018 PLSQL: INICIANDO CARGA DE CLIENTES EN  V10INTERIN_RDRP
01 12:08:28:020 PLSQL: ERROR CARGANDO CLIENTES
01 12:18:28:031 PLSQL: INICIANDO CARGA DE CLIENTES EN  V10INTERIN_RDRP
01 12:18:28:033 PLSQL: ERROR CARGANDO CLIENTES
01 12:28:28:037 PLSQL: INICIANDO CARGA DE CLIENTES EN  V10INTERIN_RDRP
01 12:28:28:041 PLSQL: ERROR CARGANDO CLIENTES
01 12:38:28:049 PLSQL: INICIANDO CARGA DE CLIENTES EN  V10INTERIN_RDRP
01 12:38:28:051 PLSQL: ERROR CARGANDO CLIENTES
01 12:48:28:062 PLSQL: INICIANDO CARGA DE CLIENTES EN  V10INTERIN_RDRP
01 12:48:28:063 PLSQL: ERROR CARGANDO CLIENTES
01 12:58:28:066 PLSQL: INICIANDO CARGA DE CLIENTES EN  V10INTERIN_RDRP
01 12:58:28:069 PLSQL: ERROR CARGANDO CLIENTES
01 13:08:28:085 PLSQL: INICIANDO CARGA DE CLIENTES EN  V10INTERIN_RDRP
01 13:08:28:088 PLSQL: ERROR CARGANDO CLIENTES
01 13:18:28:102 PLSQL: INICIANDO CARGA DE CLIENTES EN  V10INTERIN_RDRP
01 13:18:28:106 PLSQL: ERROR CARGANDO CLIENTES
01 13:28:28:122 PLSQL: INICIANDO CARGA DE CLIENTES EN  V10INTERIN_RDRP
01 13:28:28:131 PLSQL: ERROR CARGANDO CLIENTES
01 13:38:28:135 PLSQL: INICIANDO CARGA DE CLIENTES EN  V10INTERIN_RDRP
01 13:38:28:141 PLSQL: ERROR CARGANDO CLIENTES
01 13:48:28:152 PLSQL: INICIANDO CARGA DE CLIENTES EN  V10INTERIN_RDRP
01 13:48:28:155 PLSQL: ERROR CARGANDO CLIENTES
01 13:58:28:161 PLSQL: INICIANDO CARGA DE CLIENTES EN  V10INTERIN_RDRP
01 13:58:28:165 PLSQL: ERROR CARGANDO CLIENTES
01 14:08:28:181 PLSQL: INICIANDO CARGA DE CLIENTES EN  V10INTERIN_RDRP
01 14:08:28:234 PLSQL: ERROR CARGANDO CLIENTES
01 14:18:28:252 PLSQL: INICIANDO CARGA DE CLIENTES EN  V10INTERIN_RDRP
01 14:18:28:256 PLSQL: ERROR CARGANDO CLIENTES
01 14:28:28:271 PLSQL: INICIANDO CARGA DE CLIENTES EN  V10INTERIN_RDRP
01 14:28:28:273 PLSQL: ERROR CARGANDO CLIENTES
01 14:38:28:277 PLSQL: INICIANDO CARGA DE CLIENTES EN  V10INTERIN_RDRP
01 14:38:28:282 PLSQL: ERROR CARGANDO CLIENTES
01 14:48:28:292 PLSQL: INICIANDO CARGA DE CLIENTES EN  V10INTERIN_RDRP
01 14:48:28:296 PLSQL: ERROR CARGANDO CLIENTES
01 14:58:28:299 PLSQL: INICIANDO CARGA DE CLIENTES EN  V10INTERIN_RDRP
01 14:58:28:304 PLSQL: ERROR CARGANDO CLIENTES
01 15:08:28:307 PLSQL: INICIANDO CARGA DE CLIENTES EN  V10INTERIN_RDRP
01 15:08:28:310 PLSQL: ERROR CARGANDO CLIENTES
01 15:18:28:328 PLSQL: INICIANDO CARGA DE CLIENTES EN  V10INTERIN_RDRP
01 15:18:28:334 PLSQL: ERROR CARGANDO CLIENTES

00 15:19:41:784 Fichero de log cerrado.

00 15:19:48:280 Fichero de log abierto PID 12492

02 15:19:48:282 Intentando abrir fichero v10.ini
02 15:19:48:290 Cargando driver v10oracle funcion damedriveroracle
02 15:19:49:212 Conectado a base de datos
02 15:19:49:214 Proceso CARGA_CLIENTES encontrado en tabla VDPROCESOS
02 15:19:49:215 Proceso CARGA_CLIENTES cargado con función procesoperiodico (Librería VDKERNEL.DLL) direccion 6FF62D10
02 15:19:49:219 PLSQL: INICIALIZADO PAQUETE DE LOG EL DIA 28-03-2022
02 15:19:49:232 Actualizado SID 19 SERIAL 32260 del proceso con PID 12492
02 15:19:49:234 Analizado cursor CCARGACLIENTES
02 15:19:49:234 Leidos 1 cursores
01 15:19:49:235 PLSQL: INICIANDO CARGA DE CLIENTES EN  V10INTERIN_RDRP
01 15:19:49:237 PLSQL: ERROR CARGANDO CLIENTES
01 15:29:49:242 PLSQL: INICIANDO CARGA DE CLIENTES EN  V10INTERIN_RDRP
01 15:29:49:244 PLSQL: ERROR CARGANDO CLIENTES
01 15:39:49:253 PLSQL: INICIANDO CARGA DE CLIENTES EN  V10INTERIN_RDRP
01 15:39:49:254 PLSQL: ERROR CARGANDO CLIENTES
01 15:49:49:269 PLSQL: INICIANDO CARGA DE CLIENTES EN  V10INTERIN_RDRP
01 15:49:49:274 PLSQL: ERROR CARGANDO CLIENTES
01 15:59:49:287 PLSQL: INICIANDO CARGA DE CLIENTES EN  V10INTERIN_RDRP
01 15:59:49:290 PLSQL: ERROR CARGANDO CLIENTES

00 16:06:05:725 Fichero de log cerrado.

00 16:06:20:707 Fichero de log abierto PID 10660

02 16:06:20:709 Intentando abrir fichero v10.ini
02 16:06:20:717 Cargando driver v10oracle funcion damedriveroracle
02 16:06:21:814 Conectado a base de datos
02 16:06:21:815 Proceso CARGA_CLIENTES encontrado en tabla VDPROCESOS
02 16:06:21:815 Proceso CARGA_CLIENTES cargado con función procesoperiodico (Librería VDKERNEL.DLL) direccion 6FF62D10
02 16:06:21:817 PLSQL: INICIALIZADO PAQUETE DE LOG EL DIA 28-03-2022
02 16:06:21:827 Actualizado SID 506 SERIAL 48410 del proceso con PID 10660
02 16:06:21:829 Analizado cursor CCARGACLIENTES
02 16:06:21:829 Leidos 1 cursores
01 16:06:21:830 PLSQL: INICIANDO CARGA DE CLIENTES EN  V10INTERIN_RDRP
01 16:06:21:832 PLSQL: ERROR CARGANDO CLIENTES
01 16:16:21:845 PLSQL: INICIANDO CARGA DE CLIENTES EN  V10INTERIN_RDRP
01 16:16:21:847 PLSQL: ERROR CARGANDO CLIENTES
01 16:26:21:848 PLSQL: INICIANDO CARGA DE CLIENTES EN  V10INTERIN_RDRP
01 16:26:21:849 PLSQL: ERROR CARGANDO CLIENTES
01 16:36:21:853 PLSQL: INICIANDO CARGA DE CLIENTES EN  V10INTERIN_RDRP
01 16:36:21:869 PLSQL: ERROR CARGANDO CLIENTES
01 16:46:21:874 PLSQL: INICIANDO CARGA DE CLIENTES EN  V10INTERIN_RDRP
01 16:46:21:890 PLSQL: ERROR CARGANDO CLIENTES
01 16:56:21:893 PLSQL: INICIANDO CARGA DE CLIENTES EN  V10INTERIN_RDRP
01 16:56:21:894 PLSQL: ERROR CARGANDO CLIENTES
01 17:06:21:908 PLSQL: INICIANDO CARGA DE CLIENTES EN  V10INTERIN_RDRP
01 17:06:21:909 PLSQL: ERROR CARGANDO CLIENTES
01 17:16:21:912 PLSQL: INICIANDO CARGA DE CLIENTES EN  V10INTERIN_RDRP
01 17:16:21:914 PLSQL: ERROR CARGANDO CLIENTES
01 17:26:21:923 PLSQL: INICIANDO CARGA DE CLIENTES EN  V10INTERIN_RDRP
01 17:26:21:926 PLSQL: ERROR CARGANDO CLIENTES
01 17:36:21:935 PLSQL: INICIANDO CARGA DE CLIENTES EN  V10INTERIN_RDRP
01 17:36:21:937 PLSQL: ERROR CARGANDO CLIENTES
01 17:46:21:951 PLSQL: INICIANDO CARGA DE CLIENTES EN  V10INTERIN_RDRP
01 17:46:21:954 PLSQL: ERROR CARGANDO CLIENTES
01 17:56:21:963 PLSQL: INICIANDO CARGA DE CLIENTES EN  V10INTERIN_RDRP
01 17:56:21:968 PLSQL: ERROR CARGANDO CLIENTES

00 17:59:49:290 Fichero de log cerrado.

