00 09:14:07:097 Fichero de log abierto PID 11532

02 09:14:07:097 Intentando abrir fichero v10.ini
02 09:14:07:103 Cargando driver v10oracle funcion damedriveroracle
02 09:14:07:631 Conectado a base de datos
02 09:14:07:633 Proceso CARGA_CP encontrado en tabla VDPROCESOS
02 09:14:07:633 Proceso CARGA_CP cargado con función procesoperiodico (Librería VDKERNEL.DLL) direccion 6C012D10
02 09:14:07:636 PLSQL: INICIALIZADO PAQUETE DE LOG EL DIA 29-06-2022
02 09:14:07:646 Actualizado SID 874 SERIAL 30051 del proceso con PID 11532
00 09:14:07:652 Error al abrir fichero inter_codigos_postales.vsq

00 11:17:59:462 Fichero de log cerrado.

00 11:18:11:283 Fichero de log abierto PID 13280

02 11:18:11:285 Intentando abrir fichero v10.ini
02 11:18:11:291 Cargando driver v10oracle funcion damedriveroracle
02 11:18:11:902 Conectado a base de datos
02 11:18:11:903 Proceso CARGA_CP encontrado en tabla VDPROCESOS
02 11:18:11:905 Proceso CARGA_CP cargado con función procesoperiodico (Librería VDKERNEL.DLL) direccion 6C012D10
02 11:18:11:907 PLSQL: INICIALIZADO PAQUETE DE LOG EL DIA 29-06-2022
02 11:18:11:916 Actualizado SID 378 SERIAL 21842 del proceso con PID 13280
00 11:18:11:922 Error al abrir fichero inter_codigos_postales.vsq

00 11:42:13:470 Fichero de log cerrado.

