00 09:11:28:647 Fichero de log abierto PID 12480

02 09:11:28:648 Intentando abrir fichero v10.ini
02 09:11:28:657 Cargando driver v10oracle funcion damedriveroracle
02 09:11:29:242 Conectado a base de datos
02 09:11:29:242 Proceso CARGA_PROVEES encontrado en tabla VDPROCESOS
02 09:11:29:243 Proceso CARGA_PROVEES cargado con función procesoperiodico (Librería VDKERNEL.DLL) direccion 6DB62D10
02 09:11:29:245 PLSQL: INICIALIZADO PAQUETE DE LOG EL DIA 08-04-2022
02 09:11:29:255 Actualizado SID 135 SERIAL 17856 del proceso con PID 12480
02 09:11:29:256 Analizado cursor CCARGAPROVEES
02 09:11:29:256 Leidos 1 cursores
01 09:11:29:257 PLSQL: INICIANDO CARGA DE PROVEES EN  V10INTERIN_RDRP
01 09:11:29:258 PLSQL: ERROR CARGANDO PROVEES
01 09:21:29:268 PLSQL: INICIANDO CARGA DE PROVEES EN  V10INTERIN_RDRP
01 09:21:29:269 PLSQL: ERROR CARGANDO PROVEES
01 09:31:29:273 PLSQL: INICIANDO CARGA DE PROVEES EN  V10INTERIN_RDRP
01 09:31:29:276 PLSQL: ERROR CARGANDO PROVEES
01 09:41:29:283 PLSQL: INICIANDO CARGA DE PROVEES EN  V10INTERIN_RDRP
01 09:41:29:287 PLSQL: ERROR CARGANDO PROVEES
01 09:51:29:297 PLSQL: INICIANDO CARGA DE PROVEES EN  V10INTERIN_RDRP
01 09:51:29:298 PLSQL: ERROR CARGANDO PROVEES
01 10:01:29:300 PLSQL: INICIANDO CARGA DE PROVEES EN  V10INTERIN_RDRP
01 10:01:29:302 PLSQL: ERROR CARGANDO PROVEES
01 10:11:29:308 PLSQL: INICIANDO CARGA DE PROVEES EN  V10INTERIN_RDRP
01 10:11:29:309 PLSQL: ERROR CARGANDO PROVEES
01 10:21:29:319 PLSQL: INICIANDO CARGA DE PROVEES EN  V10INTERIN_RDRP
01 10:21:29:321 PLSQL: ERROR CARGANDO PROVEES
01 10:31:29:335 PLSQL: INICIANDO CARGA DE PROVEES EN  V10INTERIN_RDRP
01 10:31:29:337 PLSQL: ERROR CARGANDO PROVEES
01 10:41:28:271 PLSQL: INICIANDO CARGA DE PROVEES EN  V10INTERIN_RDRP
01 10:41:28:272 PLSQL: ERROR CARGANDO PROVEES
01 10:51:28:285 PLSQL: INICIANDO CARGA DE PROVEES EN  V10INTERIN_RDRP
01 10:51:28:286 PLSQL: ERROR CARGANDO PROVEES
01 11:01:28:295 PLSQL: INICIANDO CARGA DE PROVEES EN  V10INTERIN_RDRP
01 11:01:28:297 PLSQL: ERROR CARGANDO PROVEES
01 11:38:45:192 PLSQL: INICIANDO CARGA DE PROVEES EN  V10INTERIN_RDRP
01 11:38:45:194 PLSQL: ERROR CARGANDO PROVEES
01 11:48:45:208 PLSQL: INICIANDO CARGA DE PROVEES EN  V10INTERIN_RDRP
01 11:48:45:224 PLSQL: ERROR CARGANDO PROVEES
01 11:58:45:242 PLSQL: INICIANDO CARGA DE PROVEES EN  V10INTERIN_RDRP
01 11:58:45:243 PLSQL: ERROR CARGANDO PROVEES
01 12:08:45:251 PLSQL: INICIANDO CARGA DE PROVEES EN  V10INTERIN_RDRP
01 12:08:45:252 PLSQL: ERROR CARGANDO PROVEES
01 12:18:45:264 PLSQL: INICIANDO CARGA DE PROVEES EN  V10INTERIN_RDRP
01 12:18:45:265 PLSQL: ERROR CARGANDO PROVEES
01 12:28:45:271 PLSQL: INICIANDO CARGA DE PROVEES EN  V10INTERIN_RDRP
01 12:28:45:274 PLSQL: ERROR CARGANDO PROVEES
01 12:38:45:285 PLSQL: INICIANDO CARGA DE PROVEES EN  V10INTERIN_RDRP
01 12:38:45:287 PLSQL: ERROR CARGANDO PROVEES
01 12:48:45:292 PLSQL: INICIANDO CARGA DE PROVEES EN  V10INTERIN_RDRP
01 12:48:45:293 PLSQL: ERROR CARGANDO PROVEES
01 12:58:45:303 PLSQL: INICIANDO CARGA DE PROVEES EN  V10INTERIN_RDRP
01 12:58:45:323 PLSQL: ERROR CARGANDO PROVEES
01 13:08:45:346 PLSQL: INICIANDO CARGA DE PROVEES EN  V10INTERIN_RDRP
01 13:08:45:347 PLSQL: ERROR CARGANDO PROVEES
01 13:18:45:370 PLSQL: INICIANDO CARGA DE PROVEES EN  V10INTERIN_RDRP
01 13:18:45:371 PLSQL: ERROR CARGANDO PROVEES
01 13:28:45:377 PLSQL: INICIANDO CARGA DE PROVEES EN  V10INTERIN_RDRP
01 13:28:45:379 PLSQL: ERROR CARGANDO PROVEES
01 13:38:45:389 PLSQL: INICIANDO CARGA DE PROVEES EN  V10INTERIN_RDRP
01 13:38:45:392 PLSQL: ERROR CARGANDO PROVEES
01 13:48:45:394 PLSQL: INICIANDO CARGA DE PROVEES EN  V10INTERIN_RDRP
01 13:48:45:413 PLSQL: ERROR CARGANDO PROVEES
01 13:58:45:416 PLSQL: INICIANDO CARGA DE PROVEES EN  V10INTERIN_RDRP
01 13:58:45:417 PLSQL: ERROR CARGANDO PROVEES

00 13:59:39:795 Fichero de log cerrado.

