00 09:14:07:038 Fichero de log abierto PID 15412

02 09:14:07:042 Intentando abrir fichero v10.ini
02 09:14:07:047 Cargando driver v10oracle funcion damedriveroracle
02 09:14:07:570 Conectado a base de datos
02 09:14:07:572 Proceso CARGA_PEDIDOS encontrado en tabla VDPROCESOS
02 09:14:07:572 Proceso CARGA_PEDIDOS cargado con función procesoperiodico (Librería VDKERNEL.DLL) direccion 6C012D10
02 09:14:07:575 PLSQL: INICIALIZADO PAQUETE DE LOG EL DIA 29-06-2022
02 09:14:07:585 Actualizado SID 501 SERIAL 28946 del proceso con PID 15412
02 09:14:07:590 Analizado cursor CCARGAPEDIDOS
02 09:14:07:592 Leidos 1 cursores
01 09:14:07:592 PLSQL: INICIANDO CARGA DE PEDIDOS EN  V10INTERIN_RDRP
01 09:14:07:593 PLSQL: ERROR CARGANDO PEDIDOS
01 09:19:07:610 PLSQL: INICIANDO CARGA DE PEDIDOS EN  V10INTERIN_RDRP
01 09:19:07:610 PLSQL: ERROR CARGANDO PEDIDOS
01 09:24:07:624 PLSQL: INICIANDO CARGA DE PEDIDOS EN  V10INTERIN_RDRP
01 09:24:07:624 PLSQL: ERROR CARGANDO PEDIDOS
01 09:29:07:634 PLSQL: INICIANDO CARGA DE PEDIDOS EN  V10INTERIN_RDRP
01 09:29:07:634 PLSQL: ERROR CARGANDO PEDIDOS
01 09:34:07:650 PLSQL: INICIANDO CARGA DE PEDIDOS EN  V10INTERIN_RDRP
01 09:34:07:657 PLSQL: ERROR CARGANDO PEDIDOS
01 09:39:07:669 PLSQL: INICIANDO CARGA DE PEDIDOS EN  V10INTERIN_RDRP
01 09:39:07:669 PLSQL: ERROR CARGANDO PEDIDOS
01 09:44:07:690 PLSQL: INICIANDO CARGA DE PEDIDOS EN  V10INTERIN_RDRP
01 09:44:07:690 PLSQL: ERROR CARGANDO PEDIDOS
01 09:49:07:697 PLSQL: INICIANDO CARGA DE PEDIDOS EN  V10INTERIN_RDRP
01 09:49:07:697 PLSQL: ERROR CARGANDO PEDIDOS
01 09:54:07:715 PLSQL: INICIANDO CARGA DE PEDIDOS EN  V10INTERIN_RDRP
01 09:54:07:715 PLSQL: ERROR CARGANDO PEDIDOS
01 09:59:07:719 PLSQL: INICIANDO CARGA DE PEDIDOS EN  V10INTERIN_RDRP
01 09:59:07:719 PLSQL: ERROR CARGANDO PEDIDOS
01 10:04:07:739 PLSQL: INICIANDO CARGA DE PEDIDOS EN  V10INTERIN_RDRP
01 10:04:07:739 PLSQL: ERROR CARGANDO PEDIDOS
01 10:09:07:750 PLSQL: INICIANDO CARGA DE PEDIDOS EN  V10INTERIN_RDRP
01 10:09:07:750 PLSQL: ERROR CARGANDO PEDIDOS
01 10:14:07:768 PLSQL: INICIANDO CARGA DE PEDIDOS EN  V10INTERIN_RDRP
01 10:14:07:768 PLSQL: ERROR CARGANDO PEDIDOS
01 10:19:07:779 PLSQL: INICIANDO CARGA DE PEDIDOS EN  V10INTERIN_RDRP
01 10:19:07:780 PLSQL: ERROR CARGANDO PEDIDOS
01 10:24:07:791 PLSQL: INICIANDO CARGA DE PEDIDOS EN  V10INTERIN_RDRP
01 10:24:07:791 PLSQL: ERROR CARGANDO PEDIDOS
01 10:29:07:799 PLSQL: INICIANDO CARGA DE PEDIDOS EN  V10INTERIN_RDRP
01 10:29:07:799 PLSQL: ERROR CARGANDO PEDIDOS
01 10:34:07:813 PLSQL: INICIANDO CARGA DE PEDIDOS EN  V10INTERIN_RDRP
01 10:34:07:813 PLSQL: ERROR CARGANDO PEDIDOS
01 10:39:07:828 PLSQL: INICIANDO CARGA DE PEDIDOS EN  V10INTERIN_RDRP
01 10:39:07:832 PLSQL: ERROR CARGANDO PEDIDOS
01 10:44:07:834 PLSQL: INICIANDO CARGA DE PEDIDOS EN  V10INTERIN_RDRP
01 10:44:07:834 PLSQL: ERROR CARGANDO PEDIDOS
01 10:49:07:842 PLSQL: INICIANDO CARGA DE PEDIDOS EN  V10INTERIN_RDRP
01 10:49:07:842 PLSQL: ERROR CARGANDO PEDIDOS
01 10:54:07:849 PLSQL: INICIANDO CARGA DE PEDIDOS EN  V10INTERIN_RDRP
01 10:54:07:849 PLSQL: ERROR CARGANDO PEDIDOS
01 11:12:44:695 PLSQL: INICIANDO CARGA DE PEDIDOS EN  V10INTERIN_RDRP
01 11:12:44:695 PLSQL: ERROR CARGANDO PEDIDOS
01 11:17:44:710 PLSQL: INICIANDO CARGA DE PEDIDOS EN  V10INTERIN_RDRP
01 11:17:44:710 PLSQL: ERROR CARGANDO PEDIDOS

00 11:17:59:492 Fichero de log cerrado.

00 11:18:11:292 Fichero de log abierto PID 11296

02 11:18:11:293 Intentando abrir fichero v10.ini
02 11:18:11:298 Cargando driver v10oracle funcion damedriveroracle
02 11:18:11:867 Conectado a base de datos
02 11:18:11:867 Proceso CARGA_PEDIDOS encontrado en tabla VDPROCESOS
02 11:18:11:868 Proceso CARGA_PEDIDOS cargado con función procesoperiodico (Librería VDKERNEL.DLL) direccion 6C012D10
02 11:18:11:871 PLSQL: INICIALIZADO PAQUETE DE LOG EL DIA 29-06-2022
02 11:18:11:881 Actualizado SID 507 SERIAL 19173 del proceso con PID 11296
02 11:18:11:882 Analizado cursor CCARGAPEDIDOS
02 11:18:11:882 Leidos 1 cursores
01 11:18:11:883 PLSQL: INICIANDO CARGA DE PEDIDOS EN  V10INTERIN_RDRP
01 11:18:11:884 PLSQL: ERROR CARGANDO PEDIDOS
01 11:23:11:898 PLSQL: INICIANDO CARGA DE PEDIDOS EN  V10INTERIN_RDRP
01 11:23:11:898 PLSQL: ERROR CARGANDO PEDIDOS
01 11:28:11:903 PLSQL: INICIANDO CARGA DE PEDIDOS EN  V10INTERIN_RDRP
01 11:28:11:903 PLSQL: ERROR CARGANDO PEDIDOS
01 11:33:11:906 PLSQL: INICIANDO CARGA DE PEDIDOS EN  V10INTERIN_RDRP
01 11:33:11:906 PLSQL: ERROR CARGANDO PEDIDOS
01 11:38:11:917 PLSQL: INICIANDO CARGA DE PEDIDOS EN  V10INTERIN_RDRP
01 11:38:11:918 PLSQL: ERROR CARGANDO PEDIDOS

00 11:42:13:490 Fichero de log cerrado.

00 13:46:18:400 Fichero de log abierto PID 16012

02 13:46:18:402 Intentando abrir fichero v10.ini
02 13:46:18:409 Cargando driver v10oracle funcion damedriveroracle
02 13:46:19:010 Conectado a base de datos
02 13:46:19:012 Proceso CARGA_PEDIDOS encontrado en tabla VDPROCESOS
02 13:46:19:012 Proceso CARGA_PEDIDOS cargado con función procesoperiodico (Librería VDKERNEL.DLL) direccion 6C012D10
02 13:46:19:014 PLSQL: INICIALIZADO PAQUETE DE LOG EL DIA 29-06-2022
02 13:46:19:024 Actualizado SID 254 SERIAL 56360 del proceso con PID 16012
02 13:46:19:030 Analizado cursor CCARGAPEDIDOS
02 13:46:19:030 Leidos 1 cursores
01 13:46:19:031 PLSQL: INICIANDO CARGA DE PEDIDOS EN  V10INTERIN_RDRP
01 13:46:19:033 PLSQL: ERROR CARGANDO PEDIDOS

00 13:50:10:250 Fichero de log cerrado.

00 17:03:13:262 Fichero de log abierto PID 5084

02 17:03:13:264 Intentando abrir fichero v10.ini
02 17:03:13:270 Cargando driver v10oracle funcion damedriveroracle
02 17:03:13:655 Conectado a base de datos
02 17:03:13:657 Proceso CARGA_PEDIDOS encontrado en tabla VDPROCESOS
02 17:03:13:657 Proceso CARGA_PEDIDOS cargado con función procesoperiodico (Librería VDKERNEL.DLL) direccion 6C012D10
02 17:03:13:659 PLSQL: INICIALIZADO PAQUETE DE LOG EL DIA 29-06-2022
02 17:03:13:670 Actualizado SID 7 SERIAL 37792 del proceso con PID 5084
02 17:03:13:670 Analizado cursor CCARGAPEDIDOS
02 17:03:13:670 Leidos 1 cursores
01 17:03:13:672 PLSQL: INICIANDO CARGA DE PEDIDOS EN  V10INTERIN_RDRP
01 17:03:13:674 PLSQL: ERROR CARGANDO PEDIDOS
01 17:08:13:688 PLSQL: INICIANDO CARGA DE PEDIDOS EN  V10INTERIN_RDRP
01 17:08:13:689 PLSQL: ERROR CARGANDO PEDIDOS
01 17:13:13:692 PLSQL: INICIANDO CARGA DE PEDIDOS EN  V10INTERIN_RDRP
01 17:13:13:692 PLSQL: ERROR CARGANDO PEDIDOS
01 17:18:13:704 PLSQL: INICIANDO CARGA DE PEDIDOS EN  V10INTERIN_RDRP
01 17:18:13:704 PLSQL: ERROR CARGANDO PEDIDOS
01 17:23:13:722 PLSQL: INICIANDO CARGA DE PEDIDOS EN  V10INTERIN_RDRP
01 17:23:13:723 PLSQL: ERROR CARGANDO PEDIDOS
01 17:28:13:735 PLSQL: INICIANDO CARGA DE PEDIDOS EN  V10INTERIN_RDRP
01 17:28:13:735 PLSQL: ERROR CARGANDO PEDIDOS
01 17:33:13:745 PLSQL: INICIANDO CARGA DE PEDIDOS EN  V10INTERIN_RDRP
01 17:33:13:745 PLSQL: ERROR CARGANDO PEDIDOS
01 17:38:13:760 PLSQL: INICIANDO CARGA DE PEDIDOS EN  V10INTERIN_RDRP
01 17:38:13:760 PLSQL: ERROR CARGANDO PEDIDOS
01 17:43:13:778 PLSQL: INICIANDO CARGA DE PEDIDOS EN  V10INTERIN_RDRP
01 17:43:13:779 PLSQL: ERROR CARGANDO PEDIDOS
01 17:48:13:789 PLSQL: INICIANDO CARGA DE PEDIDOS EN  V10INTERIN_RDRP
01 17:48:13:789 PLSQL: ERROR CARGANDO PEDIDOS
01 17:53:13:806 PLSQL: INICIANDO CARGA DE PEDIDOS EN  V10INTERIN_RDRP
01 17:53:13:808 PLSQL: ERROR CARGANDO PEDIDOS

00 17:57:09:010 Fichero de log cerrado.

