00 09:09:26:435 Fichero de log abierto PID 15280

02 09:09:26:437 Intentando abrir fichero v10.ini
02 09:09:26:442 Cargando driver v10oracle funcion damedriveroracle
02 09:09:27:083 Conectado a base de datos
02 09:09:27:086 Proceso CARGA_PROVEES encontrado en tabla VDPROCESOS
02 09:09:27:086 Proceso CARGA_PROVEES cargado con función procesoperiodico (Librería VDKERNEL.DLL) direccion 6FF52D10
02 09:09:27:088 PLSQL: INICIALIZADO PAQUETE DE LOG EL DIA 29-03-2022
02 09:09:27:097 Actualizado SID 132 SERIAL 61477 del proceso con PID 15280
02 09:09:27:102 Analizado cursor CCARGAPROVEES
02 09:09:27:102 Leidos 1 cursores
01 09:09:27:103 PLSQL: INICIANDO CARGA DE PROVEES EN  V10INTERIN_RDRP
01 09:09:27:105 PLSQL: ERROR CARGANDO PROVEES
01 09:19:27:110 PLSQL: INICIANDO CARGA DE PROVEES EN  V10INTERIN_RDRP
01 09:19:27:113 PLSQL: ERROR CARGANDO PROVEES
01 09:29:27:125 PLSQL: INICIANDO CARGA DE PROVEES EN  V10INTERIN_RDRP
01 09:29:27:130 PLSQL: ERROR CARGANDO PROVEES
01 09:39:27:135 PLSQL: INICIANDO CARGA DE PROVEES EN  V10INTERIN_RDRP
01 09:39:27:138 PLSQL: ERROR CARGANDO PROVEES
01 09:49:27:141 PLSQL: INICIANDO CARGA DE PROVEES EN  V10INTERIN_RDRP
01 09:49:27:144 PLSQL: ERROR CARGANDO PROVEES
01 09:59:27:156 PLSQL: INICIANDO CARGA DE PROVEES EN  V10INTERIN_RDRP
01 09:59:27:159 PLSQL: ERROR CARGANDO PROVEES
01 10:09:27:175 PLSQL: INICIANDO CARGA DE PROVEES EN  V10INTERIN_RDRP
01 10:09:27:179 PLSQL: ERROR CARGANDO PROVEES
01 10:19:27:193 PLSQL: INICIANDO CARGA DE PROVEES EN  V10INTERIN_RDRP
01 10:19:27:198 PLSQL: ERROR CARGANDO PROVEES
01 10:29:27:206 PLSQL: INICIANDO CARGA DE PROVEES EN  V10INTERIN_RDRP
01 10:29:27:208 PLSQL: ERROR CARGANDO PROVEES
01 10:39:27:214 PLSQL: INICIANDO CARGA DE PROVEES EN  V10INTERIN_RDRP
01 10:39:27:216 PLSQL: ERROR CARGANDO PROVEES
01 10:49:27:221 PLSQL: INICIANDO CARGA DE PROVEES EN  V10INTERIN_RDRP
01 10:49:27:222 PLSQL: ERROR CARGANDO PROVEES
01 10:59:27:232 PLSQL: INICIANDO CARGA DE PROVEES EN  V10INTERIN_RDRP
01 10:59:27:234 PLSQL: ERROR CARGANDO PROVEES
01 11:09:27:239 PLSQL: INICIANDO CARGA DE PROVEES EN  V10INTERIN_RDRP
01 11:09:27:241 PLSQL: ERROR CARGANDO PROVEES
01 11:19:27:254 PLSQL: INICIANDO CARGA DE PROVEES EN  V10INTERIN_RDRP
01 11:19:27:260 PLSQL: ERROR CARGANDO PROVEES
01 11:29:27:270 PLSQL: INICIANDO CARGA DE PROVEES EN  V10INTERIN_RDRP
01 11:29:27:273 PLSQL: ERROR CARGANDO PROVEES
01 11:39:27:280 PLSQL: INICIANDO CARGA DE PROVEES EN  V10INTERIN_RDRP
01 11:39:27:285 PLSQL: ERROR CARGANDO PROVEES
01 11:49:27:291 PLSQL: INICIANDO CARGA DE PROVEES EN  V10INTERIN_RDRP
01 11:49:27:295 PLSQL: ERROR CARGANDO PROVEES
01 11:59:27:306 PLSQL: INICIANDO CARGA DE PROVEES EN  V10INTERIN_RDRP
01 11:59:27:311 PLSQL: ERROR CARGANDO PROVEES
01 12:09:27:329 PLSQL: INICIANDO CARGA DE PROVEES EN  V10INTERIN_RDRP
01 12:09:27:332 PLSQL: ERROR CARGANDO PROVEES
01 12:19:27:339 PLSQL: INICIANDO CARGA DE PROVEES EN  V10INTERIN_RDRP
01 12:19:27:341 PLSQL: ERROR CARGANDO PROVEES
01 12:29:27:343 PLSQL: INICIANDO CARGA DE PROVEES EN  V10INTERIN_RDRP
01 12:29:27:345 PLSQL: ERROR CARGANDO PROVEES
01 12:39:27:353 PLSQL: INICIANDO CARGA DE PROVEES EN  V10INTERIN_RDRP
01 12:39:27:356 PLSQL: ERROR CARGANDO PROVEES
01 12:49:27:374 PLSQL: INICIANDO CARGA DE PROVEES EN  V10INTERIN_RDRP
01 12:49:27:378 PLSQL: ERROR CARGANDO PROVEES
01 12:59:27:382 PLSQL: INICIANDO CARGA DE PROVEES EN  V10INTERIN_RDRP
01 12:59:27:384 PLSQL: ERROR CARGANDO PROVEES
01 13:09:27:394 PLSQL: INICIANDO CARGA DE PROVEES EN  V10INTERIN_RDRP
01 13:09:27:397 PLSQL: ERROR CARGANDO PROVEES
01 13:19:27:410 PLSQL: INICIANDO CARGA DE PROVEES EN  V10INTERIN_RDRP
01 13:19:27:415 PLSQL: ERROR CARGANDO PROVEES
01 13:29:27:424 PLSQL: INICIANDO CARGA DE PROVEES EN  V10INTERIN_RDRP
01 13:29:27:426 PLSQL: ERROR CARGANDO PROVEES
01 13:39:27:434 PLSQL: INICIANDO CARGA DE PROVEES EN  V10INTERIN_RDRP
01 13:39:27:438 PLSQL: ERROR CARGANDO PROVEES
01 13:49:27:448 PLSQL: INICIANDO CARGA DE PROVEES EN  V10INTERIN_RDRP
01 13:49:27:449 PLSQL: ERROR CARGANDO PROVEES

00 13:50:25:450 Fichero de log cerrado.

00 13:50:29:717 Fichero de log abierto PID 14840

02 13:50:29:719 Intentando abrir fichero v10.ini
02 13:50:29:725 Cargando driver v10oracle funcion damedriveroracle
02 13:50:30:542 Conectado a base de datos
02 13:50:30:544 Proceso CARGA_PROVEES encontrado en tabla VDPROCESOS
02 13:50:30:545 Proceso CARGA_PROVEES cargado con función procesoperiodico (Librería VDKERNEL.DLL) direccion 70362D10
02 13:50:30:547 PLSQL: INICIALIZADO PAQUETE DE LOG EL DIA 29-03-2022
02 13:50:30:557 Actualizado SID 378 SERIAL 20204 del proceso con PID 14840
02 13:50:30:557 Analizado cursor CCARGAPROVEES
02 13:50:30:559 Leidos 1 cursores
01 13:50:30:559 PLSQL: INICIANDO CARGA DE PROVEES EN  V10INTERIN_RDRP
01 13:50:30:561 PLSQL: ERROR CARGANDO PROVEES

00 13:56:42:812 Fichero de log cerrado.

00 13:56:45:917 Fichero de log abierto PID 15268

02 13:56:45:919 Intentando abrir fichero v10.ini
02 13:56:45:922 Cargando driver v10oracle funcion damedriveroracle
02 13:56:46:755 Conectado a base de datos
02 13:56:46:759 Proceso CARGA_PROVEES encontrado en tabla VDPROCESOS
02 13:56:46:760 Proceso CARGA_PROVEES cargado con función procesoperiodico (Librería VDKERNEL.DLL) direccion 70362D10
02 13:56:46:761 PLSQL: INICIALIZADO PAQUETE DE LOG EL DIA 29-03-2022
02 13:56:46:770 Actualizado SID 255 SERIAL 62892 del proceso con PID 15268
02 13:56:46:772 Analizado cursor CCARGAPROVEES
02 13:56:46:772 Leidos 1 cursores
01 13:56:46:773 PLSQL: INICIANDO CARGA DE PROVEES EN  V10INTERIN_RDRP
01 13:56:46:775 PLSQL: ERROR CARGANDO PROVEES
01 14:06:46:784 PLSQL: INICIANDO CARGA DE PROVEES EN  V10INTERIN_RDRP
01 14:06:46:785 PLSQL: ERROR CARGANDO PROVEES
01 14:16:46:798 PLSQL: INICIANDO CARGA DE PROVEES EN  V10INTERIN_RDRP
01 14:16:46:799 PLSQL: ERROR CARGANDO PROVEES
01 14:26:46:804 PLSQL: INICIANDO CARGA DE PROVEES EN  V10INTERIN_RDRP
01 14:26:46:808 PLSQL: ERROR CARGANDO PROVEES
01 14:36:46:817 PLSQL: INICIANDO CARGA DE PROVEES EN  V10INTERIN_RDRP
01 14:36:46:818 PLSQL: ERROR CARGANDO PROVEES
01 15:29:43:334 PLSQL: INICIANDO CARGA DE PROVEES EN  V10INTERIN_RDRP
01 15:29:43:337 PLSQL: ERROR CARGANDO PROVEES

00 15:32:15:834 Fichero de log cerrado.

00 15:32:21:197 Fichero de log abierto PID 9640

02 15:32:21:197 Intentando abrir fichero v10.ini
02 15:32:21:205 Cargando driver v10oracle funcion damedriveroracle
02 15:32:22:104 Conectado a base de datos
02 15:32:22:105 Proceso CARGA_PROVEES encontrado en tabla VDPROCESOS
02 15:32:22:107 Proceso CARGA_PROVEES cargado con función procesoperiodico (Librería VDKERNEL.DLL) direccion 70362D10
02 15:32:22:109 PLSQL: INICIALIZADO PAQUETE DE LOG EL DIA 29-03-2022
02 15:32:22:120 Actualizado SID 19 SERIAL 24991 del proceso con PID 9640
02 15:32:22:122 Analizado cursor CCARGAPROVEES
02 15:32:22:122 Leidos 1 cursores
01 15:32:22:123 PLSQL: INICIANDO CARGA DE PROVEES EN  V10INTERIN_RDRP
01 15:32:22:124 PLSQL: ERROR CARGANDO PROVEES
01 15:42:22:133 PLSQL: INICIANDO CARGA DE PROVEES EN  V10INTERIN_RDRP
01 15:42:22:137 PLSQL: ERROR CARGANDO PROVEES
01 15:52:22:153 PLSQL: INICIANDO CARGA DE PROVEES EN  V10INTERIN_RDRP
01 15:52:22:157 PLSQL: ERROR CARGANDO PROVEES
01 16:02:22:162 PLSQL: INICIANDO CARGA DE PROVEES EN  V10INTERIN_RDRP
01 16:02:22:164 PLSQL: ERROR CARGANDO PROVEES
01 16:12:22:171 PLSQL: INICIANDO CARGA DE PROVEES EN  V10INTERIN_RDRP
01 16:12:22:173 PLSQL: ERROR CARGANDO PROVEES
01 16:22:22:190 PLSQL: INICIANDO CARGA DE PROVEES EN  V10INTERIN_RDRP
01 16:22:22:191 PLSQL: ERROR CARGANDO PROVEES
01 16:32:22:200 PLSQL: INICIANDO CARGA DE PROVEES EN  V10INTERIN_RDRP
01 16:32:22:201 PLSQL: ERROR CARGANDO PROVEES
01 16:42:22:203 PLSQL: INICIANDO CARGA DE PROVEES EN  V10INTERIN_RDRP
01 16:42:22:205 PLSQL: ERROR CARGANDO PROVEES
01 16:52:22:209 PLSQL: INICIANDO CARGA DE PROVEES EN  V10INTERIN_RDRP
01 16:52:22:210 PLSQL: ERROR CARGANDO PROVEES
01 17:02:22:222 PLSQL: INICIANDO CARGA DE PROVEES EN  V10INTERIN_RDRP
01 17:02:22:224 PLSQL: ERROR CARGANDO PROVEES
01 17:12:22:237 PLSQL: INICIANDO CARGA DE PROVEES EN  V10INTERIN_RDRP
01 17:12:22:238 PLSQL: ERROR CARGANDO PROVEES
01 17:22:22:241 PLSQL: INICIANDO CARGA DE PROVEES EN  V10INTERIN_RDRP
01 17:22:22:242 PLSQL: ERROR CARGANDO PROVEES
01 17:32:22:248 PLSQL: INICIANDO CARGA DE PROVEES EN  V10INTERIN_RDRP
01 17:32:22:249 PLSQL: ERROR CARGANDO PROVEES
01 17:42:22:266 PLSQL: INICIANDO CARGA DE PROVEES EN  V10INTERIN_RDRP
01 17:42:22:268 PLSQL: ERROR CARGANDO PROVEES

00 17:42:37:135 Fichero de log cerrado.

00 17:42:47:982 Fichero de log abierto PID 8264

02 17:42:47:984 Intentando abrir fichero v10.ini
02 17:42:47:992 Cargando driver v10oracle funcion damedriveroracle
02 17:42:48:959 Conectado a base de datos
02 17:42:48:960 Proceso CARGA_PROVEES encontrado en tabla VDPROCESOS
02 17:42:48:962 Proceso CARGA_PROVEES cargado con función procesoperiodico (Librería VDKERNEL.DLL) direccion 70362D10
02 17:42:48:965 PLSQL: INICIALIZADO PAQUETE DE LOG EL DIA 29-03-2022
02 17:42:48:977 Actualizado SID 378 SERIAL 1468 del proceso con PID 8264
02 17:42:48:984 Analizado cursor CCARGAPROVEES
02 17:42:48:984 Leidos 1 cursores
01 17:42:48:985 PLSQL: INICIANDO CARGA DE PROVEES EN  V10INTERIN_RDRP
01 17:42:48:987 PLSQL: ERROR CARGANDO PROVEES

00 17:45:26:690 Fichero de log cerrado.

00 17:45:32:467 Fichero de log abierto PID 5308

02 17:45:32:469 Intentando abrir fichero v10.ini
02 17:45:32:477 Cargando driver v10oracle funcion damedriveroracle
02 17:45:33:990 Conectado a base de datos
02 17:45:33:995 Proceso CARGA_PROVEES encontrado en tabla VDPROCESOS
02 17:45:33:997 Proceso CARGA_PROVEES cargado con función procesoperiodico (Librería VDKERNEL.DLL) direccion 70362D10
02 17:45:34:003 PLSQL: INICIALIZADO PAQUETE DE LOG EL DIA 29-03-2022
02 17:45:34:037 Actualizado SID 258 SERIAL 29063 del proceso con PID 5308
02 17:45:34:042 Analizado cursor CCARGAPROVEES
02 17:45:34:042 Leidos 1 cursores
01 17:45:34:044 PLSQL: INICIANDO CARGA DE PROVEES EN  V10INTERIN_RDRP
01 17:45:34:051 PLSQL: ERROR CARGANDO PROVEES
01 17:55:34:055 PLSQL: INICIANDO CARGA DE PROVEES EN  V10INTERIN_RDRP
01 17:55:34:057 PLSQL: ERROR CARGANDO PROVEES

00 17:58:58:370 Fichero de log cerrado.

