00 09:04:44:436 Fichero de log abierto PID 6452

02 09:04:44:437 Intentando abrir fichero v10.ini
02 09:04:44:442 Cargando driver v10oracle funcion damedriveroracle
02 09:04:45:292 Conectado a base de datos
02 09:04:45:292 Proceso CARGA_CP encontrado en tabla VDPROCESOS
02 09:04:45:292 Proceso CARGA_CP cargado con función procesoperiodico (Librería VDKERNEL.DLL) direccion 6E692D10
02 09:04:45:296 PLSQL: INICIALIZADO PAQUETE DE LOG EL DIA 25-03-2022
02 09:04:45:316 Actualizado SID 505 SERIAL 7141 del proceso con PID 6452
00 09:04:45:322 Error al abrir fichero inter_codigos_postales.vsq

00 09:37:54:893 Fichero de log cerrado.

00 09:38:19:988 Fichero de log abierto PID 12044

02 09:38:19:992 Intentando abrir fichero v10.ini
02 09:38:19:998 Cargando driver v10oracle funcion damedriveroracle
02 09:38:20:597 Conectado a base de datos
02 09:38:20:600 Proceso CARGA_CP encontrado en tabla VDPROCESOS
02 09:38:20:600 Proceso CARGA_CP cargado con función procesoperiodico (Librería VDKERNEL.DLL) direccion 705F2D10
02 09:38:20:603 PLSQL: INICIALIZADO PAQUETE DE LOG EL DIA 25-03-2022
02 09:38:20:612 Actualizado SID 141 SERIAL 29025 del proceso con PID 12044
00 09:38:20:621 Error al abrir fichero inter_codigos_postales.vsq

00 12:02:48:247 Fichero de log cerrado.

