00 09:09:35:363 Fichero de log abierto PID 9348

02 09:09:35:366 Intentando abrir fichero v10.ini
02 09:09:35:372 Cargando driver v10oracle funcion damedriveroracle
02 09:09:36:127 Conectado a base de datos
02 09:09:36:128 Proceso CARGA_ARTICULOS encontrado en tabla VDPROCESOS
02 09:09:36:130 Proceso CARGA_ARTICULOS cargado con función procesoperiodico (Librería VDKERNEL.DLL) direccion 6FE02D10
02 09:09:36:132 PLSQL: INICIALIZADO PAQUETE DE LOG EL DIA 05-04-2022
02 09:09:36:141 Actualizado SID 627 SERIAL 45383 del proceso con PID 9348
02 09:09:36:147 Analizado cursor CCARGAARTICULOS
02 09:09:36:148 Leidos 1 cursores
01 09:09:36:150 PLSQL: INICIANDO CARGA DE ARTICULOS EN  V10INTERIN_RDRP
01 09:09:36:150 PLSQL: ERROR CARGANDO ARTICULOS
01 09:19:36:161 PLSQL: INICIANDO CARGA DE ARTICULOS EN  V10INTERIN_RDRP
01 09:19:36:163 PLSQL: ERROR CARGANDO ARTICULOS
01 09:29:36:165 PLSQL: INICIANDO CARGA DE ARTICULOS EN  V10INTERIN_RDRP
01 09:29:36:166 PLSQL: ERROR CARGANDO ARTICULOS
01 09:39:36:179 PLSQL: INICIANDO CARGA DE ARTICULOS EN  V10INTERIN_RDRP
01 09:39:36:182 PLSQL: ERROR CARGANDO ARTICULOS
01 09:49:36:195 PLSQL: INICIANDO CARGA DE ARTICULOS EN  V10INTERIN_RDRP
01 09:49:36:196 PLSQL: ERROR CARGANDO ARTICULOS

00 09:57:05:647 Fichero de log cerrado.

00 09:57:15:928 Fichero de log abierto PID 16608

02 09:57:15:932 Intentando abrir fichero v10.ini
02 09:57:15:937 Cargando driver v10oracle funcion damedriveroracle
02 09:57:16:882 Conectado a base de datos
02 09:57:16:886 Proceso CARGA_ARTICULOS encontrado en tabla VDPROCESOS
02 09:57:16:887 Proceso CARGA_ARTICULOS cargado con función procesoperiodico (Librería VDKERNEL.DLL) direccion 6FE02D10
02 09:57:16:889 PLSQL: INICIALIZADO PAQUETE DE LOG EL DIA 05-04-2022
02 09:57:16:901 Actualizado SID 750 SERIAL 3687 del proceso con PID 16608
02 09:57:16:902 Analizado cursor CCARGAARTICULOS
02 09:57:16:902 Leidos 1 cursores
01 09:57:16:903 PLSQL: INICIANDO CARGA DE ARTICULOS EN  V10INTERIN_RDRP
01 09:57:16:905 PLSQL: ERROR CARGANDO ARTICULOS

00 10:01:43:371 Fichero de log cerrado.

00 10:03:38:207 Fichero de log abierto PID 10124

02 10:03:38:211 Intentando abrir fichero v10.ini
02 10:03:38:212 Cargando driver v10oracle funcion damedriveroracle
02 10:03:38:647 Conectado a base de datos
02 10:03:38:660 Proceso CARGA_ARTICULOS encontrado en tabla VDPROCESOS
02 10:03:38:663 Proceso CARGA_ARTICULOS cargado con función procesoperiodico (Librería VDKERNEL.DLL) direccion 6E092D10
02 10:03:38:667 PLSQL: INICIALIZADO PAQUETE DE LOG EL DIA 05-04-2022
02 10:03:38:742 Actualizado SID 624 SERIAL 13299 del proceso con PID 10124
02 10:03:38:752 Analizado cursor CCARGAARTICULOS
02 10:03:38:752 Leidos 1 cursores
01 10:03:38:759 PLSQL: INICIANDO CARGA DE ARTICULOS EN  V10INTERIN_RDRP
01 10:03:38:761 PLSQL: ERROR CARGANDO ARTICULOS
01 10:13:38:773 PLSQL: INICIANDO CARGA DE ARTICULOS EN  V10INTERIN_RDRP
01 10:13:38:775 PLSQL: ERROR CARGANDO ARTICULOS
01 10:23:38:778 PLSQL: INICIANDO CARGA DE ARTICULOS EN  V10INTERIN_RDRP
01 10:23:38:780 PLSQL: ERROR CARGANDO ARTICULOS
01 10:33:38:797 PLSQL: INICIANDO CARGA DE ARTICULOS EN  V10INTERIN_RDRP
01 10:33:38:799 PLSQL: ERROR CARGANDO ARTICULOS
01 10:43:38:814 PLSQL: INICIANDO CARGA DE ARTICULOS EN  V10INTERIN_RDRP
01 10:43:38:815 PLSQL: ERROR CARGANDO ARTICULOS
01 10:53:38:825 PLSQL: INICIANDO CARGA DE ARTICULOS EN  V10INTERIN_RDRP
01 10:53:38:827 PLSQL: ERROR CARGANDO ARTICULOS
01 11:03:38:837 PLSQL: INICIANDO CARGA DE ARTICULOS EN  V10INTERIN_RDRP
01 11:03:38:840 PLSQL: ERROR CARGANDO ARTICULOS
01 11:32:04:118 PLSQL: INICIANDO CARGA DE ARTICULOS EN  V10INTERIN_RDRP
01 11:32:04:141 PLSQL: ERROR CARGANDO ARTICULOS
01 11:42:04:162 PLSQL: INICIANDO CARGA DE ARTICULOS EN  V10INTERIN_RDRP
01 11:42:04:164 PLSQL: ERROR CARGANDO ARTICULOS
01 11:52:04:177 PLSQL: INICIANDO CARGA DE ARTICULOS EN  V10INTERIN_RDRP
01 11:52:04:177 PLSQL: ERROR CARGANDO ARTICULOS
01 12:02:04:207 PLSQL: INICIANDO CARGA DE ARTICULOS EN  V10INTERIN_RDRP
01 12:02:04:209 PLSQL: ERROR CARGANDO ARTICULOS
01 12:12:04:222 PLSQL: INICIANDO CARGA DE ARTICULOS EN  V10INTERIN_RDRP
01 12:12:04:226 PLSQL: ERROR CARGANDO ARTICULOS
01 12:22:04:238 PLSQL: INICIANDO CARGA DE ARTICULOS EN  V10INTERIN_RDRP
01 12:22:04:241 PLSQL: ERROR CARGANDO ARTICULOS
01 12:32:04:250 PLSQL: INICIANDO CARGA DE ARTICULOS EN  V10INTERIN_RDRP
01 12:32:04:254 PLSQL: ERROR CARGANDO ARTICULOS
01 12:42:04:257 PLSQL: INICIANDO CARGA DE ARTICULOS EN  V10INTERIN_RDRP
01 12:42:04:260 PLSQL: ERROR CARGANDO ARTICULOS
01 12:52:04:268 PLSQL: INICIANDO CARGA DE ARTICULOS EN  V10INTERIN_RDRP
01 12:52:04:430 PLSQL: ERROR CARGANDO ARTICULOS
01 13:02:04:454 PLSQL: INICIANDO CARGA DE ARTICULOS EN  V10INTERIN_RDRP
01 13:02:04:457 PLSQL: ERROR CARGANDO ARTICULOS
01 13:12:04:469 PLSQL: INICIANDO CARGA DE ARTICULOS EN  V10INTERIN_RDRP
01 13:12:04:473 PLSQL: ERROR CARGANDO ARTICULOS
01 13:22:04:485 PLSQL: INICIANDO CARGA DE ARTICULOS EN  V10INTERIN_RDRP
01 13:22:04:488 PLSQL: ERROR CARGANDO ARTICULOS
01 13:32:04:494 PLSQL: INICIANDO CARGA DE ARTICULOS EN  V10INTERIN_RDRP
01 13:32:04:496 PLSQL: ERROR CARGANDO ARTICULOS
01 13:42:04:498 PLSQL: INICIANDO CARGA DE ARTICULOS EN  V10INTERIN_RDRP
01 13:42:04:514 PLSQL: ERROR CARGANDO ARTICULOS
01 13:52:04:524 PLSQL: INICIANDO CARGA DE ARTICULOS EN  V10INTERIN_RDRP
01 13:52:04:526 PLSQL: ERROR CARGANDO ARTICULOS
01 14:02:04:539 PLSQL: INICIANDO CARGA DE ARTICULOS EN  V10INTERIN_RDRP
01 14:02:04:540 PLSQL: ERROR CARGANDO ARTICULOS
01 14:12:04:544 PLSQL: INICIANDO CARGA DE ARTICULOS EN  V10INTERIN_RDRP
01 14:12:04:545 PLSQL: ERROR CARGANDO ARTICULOS
01 14:22:04:550 PLSQL: INICIANDO CARGA DE ARTICULOS EN  V10INTERIN_RDRP
01 14:22:04:550 PLSQL: ERROR CARGANDO ARTICULOS
01 14:32:04:564 PLSQL: INICIANDO CARGA DE ARTICULOS EN  V10INTERIN_RDRP
01 14:32:04:567 PLSQL: ERROR CARGANDO ARTICULOS
01 14:42:04:574 PLSQL: INICIANDO CARGA DE ARTICULOS EN  V10INTERIN_RDRP
01 14:42:04:577 PLSQL: ERROR CARGANDO ARTICULOS
01 14:52:04:582 PLSQL: INICIANDO CARGA DE ARTICULOS EN  V10INTERIN_RDRP
01 14:52:04:584 PLSQL: ERROR CARGANDO ARTICULOS
01 15:46:31:870 PLSQL: INICIANDO CARGA DE ARTICULOS EN  V10INTERIN_RDRP
01 15:46:31:871 PLSQL: ERROR CARGANDO ARTICULOS
01 15:56:31:910 PLSQL: INICIANDO CARGA DE ARTICULOS EN  V10INTERIN_RDRP
01 15:56:31:927 PLSQL: ERROR CARGANDO ARTICULOS
01 16:06:31:939 PLSQL: INICIANDO CARGA DE ARTICULOS EN  V10INTERIN_RDRP
01 16:06:31:940 PLSQL: ERROR CARGANDO ARTICULOS

00 16:14:51:335 Fichero de log cerrado.

00 16:15:01:609 Fichero de log abierto PID 14532

02 16:15:01:614 Intentando abrir fichero v10.ini
02 16:15:01:622 Cargando driver v10oracle funcion damedriveroracle
02 16:15:02:899 Conectado a base de datos
02 16:15:02:905 Proceso CARGA_ARTICULOS encontrado en tabla VDPROCESOS
02 16:15:02:907 Proceso CARGA_ARTICULOS cargado con función procesoperiodico (Librería VDKERNEL.DLL) direccion 6E092D10
02 16:15:02:914 PLSQL: INICIALIZADO PAQUETE DE LOG EL DIA 05-04-2022
02 16:15:02:954 Actualizado SID 499 SERIAL 56399 del proceso con PID 14532
02 16:15:02:970 Analizado cursor CCARGAARTICULOS
02 16:15:02:970 Leidos 1 cursores
01 16:15:02:973 PLSQL: INICIANDO CARGA DE ARTICULOS EN  V10INTERIN_RDRP
01 16:15:02:978 PLSQL: ERROR CARGANDO ARTICULOS
01 16:25:02:982 PLSQL: INICIANDO CARGA DE ARTICULOS EN  V10INTERIN_RDRP
01 16:25:02:987 PLSQL: ERROR CARGANDO ARTICULOS
01 16:35:02:992 PLSQL: INICIANDO CARGA DE ARTICULOS EN  V10INTERIN_RDRP
01 16:35:02:994 PLSQL: ERROR CARGANDO ARTICULOS
01 16:45:03:000 PLSQL: INICIANDO CARGA DE ARTICULOS EN  V10INTERIN_RDRP
01 16:45:03:002 PLSQL: ERROR CARGANDO ARTICULOS
01 16:55:03:011 PLSQL: INICIANDO CARGA DE ARTICULOS EN  V10INTERIN_RDRP
01 16:55:03:012 PLSQL: ERROR CARGANDO ARTICULOS
01 17:05:03:025 PLSQL: INICIANDO CARGA DE ARTICULOS EN  V10INTERIN_RDRP
01 17:05:03:027 PLSQL: ERROR CARGANDO ARTICULOS
01 17:15:03:031 PLSQL: INICIANDO CARGA DE ARTICULOS EN  V10INTERIN_RDRP
01 17:15:03:032 PLSQL: ERROR CARGANDO ARTICULOS
01 17:25:03:046 PLSQL: INICIANDO CARGA DE ARTICULOS EN  V10INTERIN_RDRP
01 17:25:03:048 PLSQL: ERROR CARGANDO ARTICULOS
01 17:35:03:058 PLSQL: INICIANDO CARGA DE ARTICULOS EN  V10INTERIN_RDRP
01 17:35:03:060 PLSQL: ERROR CARGANDO ARTICULOS
01 17:45:03:062 PLSQL: INICIANDO CARGA DE ARTICULOS EN  V10INTERIN_RDRP
01 17:45:03:066 PLSQL: ERROR CARGANDO ARTICULOS
01 17:55:03:070 PLSQL: INICIANDO CARGA DE ARTICULOS EN  V10INTERIN_RDRP
01 17:55:03:072 PLSQL: ERROR CARGANDO ARTICULOS

00 17:58:46:505 Fichero de log cerrado.

