00 09:13:58:327 Fichero de log abierto PID 12116

02 09:13:58:330 Intentando abrir fichero v10.ini
02 09:13:58:391 Cargando driver v10oracle funcion damedriveroracle
02 09:13:59:087 Conectado a base de datos
02 09:13:59:090 Proceso CARGA_ARTICULOS encontrado en tabla VDPROCESOS
02 09:13:59:092 Proceso CARGA_ARTICULOS cargado con función procesoperiodico (Librería VDKERNEL.DLL) direccion 6D432D10
02 09:13:59:094 PLSQL: INICIALIZADO PAQUETE DE LOG EL DIA 11-04-2022
02 09:13:59:105 Actualizado SID 251 SERIAL 43530 del proceso con PID 12116
02 09:13:59:111 Analizado cursor CCARGAARTICULOS
02 09:13:59:111 Leidos 1 cursores
01 09:13:59:112 PLSQL: INICIANDO CARGA DE ARTICULOS EN  V10INTERIN_RDRP
01 09:13:59:114 PLSQL: ERROR CARGANDO ARTICULOS
01 09:23:59:117 PLSQL: INICIANDO CARGA DE ARTICULOS EN  V10INTERIN_RDRP
01 09:23:59:118 PLSQL: ERROR CARGANDO ARTICULOS
01 09:33:59:135 PLSQL: INICIANDO CARGA DE ARTICULOS EN  V10INTERIN_RDRP
01 09:33:59:137 PLSQL: ERROR CARGANDO ARTICULOS
01 09:43:59:141 PLSQL: INICIANDO CARGA DE ARTICULOS EN  V10INTERIN_RDRP
01 09:43:59:143 PLSQL: ERROR CARGANDO ARTICULOS
01 09:53:59:159 PLSQL: INICIANDO CARGA DE ARTICULOS EN  V10INTERIN_RDRP
01 09:53:59:160 PLSQL: ERROR CARGANDO ARTICULOS
01 10:03:59:172 PLSQL: INICIANDO CARGA DE ARTICULOS EN  V10INTERIN_RDRP
01 10:03:59:173 PLSQL: ERROR CARGANDO ARTICULOS
01 10:13:59:181 PLSQL: INICIANDO CARGA DE ARTICULOS EN  V10INTERIN_RDRP
01 10:13:59:183 PLSQL: ERROR CARGANDO ARTICULOS
01 10:23:55:348 PLSQL: INICIANDO CARGA DE ARTICULOS EN  V10INTERIN_RDRP
01 10:23:55:352 PLSQL: ERROR CARGANDO ARTICULOS
01 10:33:55:368 PLSQL: INICIANDO CARGA DE ARTICULOS EN  V10INTERIN_RDRP
01 10:33:55:370 PLSQL: ERROR CARGANDO ARTICULOS
01 10:43:55:376 PLSQL: INICIANDO CARGA DE ARTICULOS EN  V10INTERIN_RDRP
01 10:43:55:379 PLSQL: ERROR CARGANDO ARTICULOS
01 10:53:55:396 PLSQL: INICIANDO CARGA DE ARTICULOS EN  V10INTERIN_RDRP
01 10:53:55:399 PLSQL: ERROR CARGANDO ARTICULOS
01 11:03:55:403 PLSQL: INICIANDO CARGA DE ARTICULOS EN  V10INTERIN_RDRP
01 11:03:55:404 PLSQL: ERROR CARGANDO ARTICULOS
01 11:13:55:415 PLSQL: INICIANDO CARGA DE ARTICULOS EN  V10INTERIN_RDRP
01 11:13:55:416 PLSQL: ERROR CARGANDO ARTICULOS
01 11:23:55:424 PLSQL: INICIANDO CARGA DE ARTICULOS EN  V10INTERIN_RDRP
01 11:23:55:425 PLSQL: ERROR CARGANDO ARTICULOS
01 11:33:55:436 PLSQL: INICIANDO CARGA DE ARTICULOS EN  V10INTERIN_RDRP
01 11:33:55:440 PLSQL: ERROR CARGANDO ARTICULOS
01 11:43:55:453 PLSQL: INICIANDO CARGA DE ARTICULOS EN  V10INTERIN_RDRP
01 11:43:55:455 PLSQL: ERROR CARGANDO ARTICULOS
01 11:53:55:458 PLSQL: INICIANDO CARGA DE ARTICULOS EN  V10INTERIN_RDRP
01 11:53:55:462 PLSQL: ERROR CARGANDO ARTICULOS
01 12:03:55:471 PLSQL: INICIANDO CARGA DE ARTICULOS EN  V10INTERIN_RDRP
01 12:03:55:473 PLSQL: ERROR CARGANDO ARTICULOS
01 12:13:55:476 PLSQL: INICIANDO CARGA DE ARTICULOS EN  V10INTERIN_RDRP
01 12:13:55:478 PLSQL: ERROR CARGANDO ARTICULOS
01 12:23:55:484 PLSQL: INICIANDO CARGA DE ARTICULOS EN  V10INTERIN_RDRP
01 12:23:55:487 PLSQL: ERROR CARGANDO ARTICULOS
01 12:33:55:498 PLSQL: INICIANDO CARGA DE ARTICULOS EN  V10INTERIN_RDRP
01 12:33:55:499 PLSQL: ERROR CARGANDO ARTICULOS
01 12:43:55:503 PLSQL: INICIANDO CARGA DE ARTICULOS EN  V10INTERIN_RDRP
01 12:43:55:505 PLSQL: ERROR CARGANDO ARTICULOS
01 12:53:55:514 PLSQL: INICIANDO CARGA DE ARTICULOS EN  V10INTERIN_RDRP
01 12:53:55:515 PLSQL: ERROR CARGANDO ARTICULOS
01 13:03:55:532 PLSQL: INICIANDO CARGA DE ARTICULOS EN  V10INTERIN_RDRP
01 13:03:55:535 PLSQL: ERROR CARGANDO ARTICULOS
01 13:13:55:543 PLSQL: INICIANDO CARGA DE ARTICULOS EN  V10INTERIN_RDRP
01 13:13:55:544 PLSQL: ERROR CARGANDO ARTICULOS
01 13:23:55:556 PLSQL: INICIANDO CARGA DE ARTICULOS EN  V10INTERIN_RDRP
01 13:23:55:557 PLSQL: ERROR CARGANDO ARTICULOS
01 13:33:55:570 PLSQL: INICIANDO CARGA DE ARTICULOS EN  V10INTERIN_RDRP
01 13:33:55:573 PLSQL: ERROR CARGANDO ARTICULOS
01 13:43:55:586 PLSQL: INICIANDO CARGA DE ARTICULOS EN  V10INTERIN_RDRP
01 13:43:55:589 PLSQL: ERROR CARGANDO ARTICULOS
01 13:53:55:596 PLSQL: INICIANDO CARGA DE ARTICULOS EN  V10INTERIN_RDRP
01 13:53:55:598 PLSQL: ERROR CARGANDO ARTICULOS
01 14:03:55:611 PLSQL: INICIANDO CARGA DE ARTICULOS EN  V10INTERIN_RDRP
01 14:03:55:615 PLSQL: ERROR CARGANDO ARTICULOS
01 14:13:55:619 PLSQL: INICIANDO CARGA DE ARTICULOS EN  V10INTERIN_RDRP
01 14:13:55:622 PLSQL: ERROR CARGANDO ARTICULOS
01 14:23:55:637 PLSQL: INICIANDO CARGA DE ARTICULOS EN  V10INTERIN_RDRP
01 14:23:55:639 PLSQL: ERROR CARGANDO ARTICULOS
01 14:33:55:654 PLSQL: INICIANDO CARGA DE ARTICULOS EN  V10INTERIN_RDRP
01 14:33:55:654 PLSQL: ERROR CARGANDO ARTICULOS
01 14:43:55:669 PLSQL: INICIANDO CARGA DE ARTICULOS EN  V10INTERIN_RDRP
01 14:43:55:671 PLSQL: ERROR CARGANDO ARTICULOS
01 14:53:55:681 PLSQL: INICIANDO CARGA DE ARTICULOS EN  V10INTERIN_RDRP
01 14:53:55:683 PLSQL: ERROR CARGANDO ARTICULOS
01 15:03:55:695 PLSQL: INICIANDO CARGA DE ARTICULOS EN  V10INTERIN_RDRP
01 15:03:55:697 PLSQL: ERROR CARGANDO ARTICULOS
01 15:13:55:706 PLSQL: INICIANDO CARGA DE ARTICULOS EN  V10INTERIN_RDRP
01 15:13:55:708 PLSQL: ERROR CARGANDO ARTICULOS
01 15:23:55:713 PLSQL: INICIANDO CARGA DE ARTICULOS EN  V10INTERIN_RDRP
01 15:23:55:718 PLSQL: ERROR CARGANDO ARTICULOS
01 15:33:55:724 PLSQL: INICIANDO CARGA DE ARTICULOS EN  V10INTERIN_RDRP
01 15:33:55:726 PLSQL: ERROR CARGANDO ARTICULOS
01 15:43:55:734 PLSQL: INICIANDO CARGA DE ARTICULOS EN  V10INTERIN_RDRP
01 15:43:55:736 PLSQL: ERROR CARGANDO ARTICULOS
01 15:58:55:406 PLSQL: INICIANDO CARGA DE ARTICULOS EN  V10INTERIN_RDRP
01 15:58:55:410 PLSQL: ERROR CARGANDO ARTICULOS
01 16:08:55:436 PLSQL: INICIANDO CARGA DE ARTICULOS EN  V10INTERIN_RDRP
01 16:08:55:437 PLSQL: ERROR CARGANDO ARTICULOS
01 16:18:55:440 PLSQL: INICIANDO CARGA DE ARTICULOS EN  V10INTERIN_RDRP
01 16:18:55:455 PLSQL: ERROR CARGANDO ARTICULOS
01 16:28:55:467 PLSQL: INICIANDO CARGA DE ARTICULOS EN  V10INTERIN_RDRP
01 16:28:55:468 PLSQL: ERROR CARGANDO ARTICULOS
01 16:38:55:491 PLSQL: INICIANDO CARGA DE ARTICULOS EN  V10INTERIN_RDRP
01 16:38:55:507 PLSQL: ERROR CARGANDO ARTICULOS
01 16:48:55:511 PLSQL: INICIANDO CARGA DE ARTICULOS EN  V10INTERIN_RDRP
01 16:48:55:512 PLSQL: ERROR CARGANDO ARTICULOS
01 16:58:55:555 PLSQL: INICIANDO CARGA DE ARTICULOS EN  V10INTERIN_RDRP
01 16:58:55:557 PLSQL: ERROR CARGANDO ARTICULOS
01 17:08:55:559 PLSQL: INICIANDO CARGA DE ARTICULOS EN  V10INTERIN_RDRP
01 17:08:55:561 PLSQL: ERROR CARGANDO ARTICULOS
01 17:18:55:569 PLSQL: INICIANDO CARGA DE ARTICULOS EN  V10INTERIN_RDRP
01 17:18:55:571 PLSQL: ERROR CARGANDO ARTICULOS
01 17:28:55:587 PLSQL: INICIANDO CARGA DE ARTICULOS EN  V10INTERIN_RDRP
01 17:28:55:590 PLSQL: ERROR CARGANDO ARTICULOS
01 17:38:55:602 PLSQL: INICIANDO CARGA DE ARTICULOS EN  V10INTERIN_RDRP
01 17:38:55:606 PLSQL: ERROR CARGANDO ARTICULOS
01 17:48:55:611 PLSQL: INICIANDO CARGA DE ARTICULOS EN  V10INTERIN_RDRP
01 17:48:55:612 PLSQL: ERROR CARGANDO ARTICULOS

00 17:57:51:345 Fichero de log cerrado.

