00 09:13:58:292 Fichero de log abierto PID 12552

02 09:13:58:292 Intentando abrir fichero v10.ini
02 09:13:58:300 Cargando driver v10oracle funcion damedriveroracle
02 09:13:59:087 Conectado a base de datos
02 09:13:59:090 Proceso CARGA_CLIENTES encontrado en tabla VDPROCESOS
02 09:13:59:091 Proceso CARGA_CLIENTES cargado con función procesoperiodico (Librería VDKERNEL.DLL) direccion 6D432D10
02 09:13:59:093 PLSQL: INICIALIZADO PAQUETE DE LOG EL DIA 11-04-2022
02 09:13:59:127 Actualizado SID 127 SERIAL 42523 del proceso con PID 12552
02 09:13:59:133 Analizado cursor CCARGACLIENTES
02 09:13:59:135 Leidos 1 cursores
01 09:13:59:135 PLSQL: INICIANDO CARGA DE CLIENTES EN  V10INTERIN_RDRP
01 09:13:59:137 PLSQL: ERROR CARGANDO CLIENTES
01 09:23:59:149 PLSQL: INICIANDO CARGA DE CLIENTES EN  V10INTERIN_RDRP
01 09:23:59:150 PLSQL: ERROR CARGANDO CLIENTES
01 09:33:59:167 PLSQL: INICIANDO CARGA DE CLIENTES EN  V10INTERIN_RDRP
01 09:33:59:168 PLSQL: ERROR CARGANDO CLIENTES
01 09:43:59:172 PLSQL: INICIANDO CARGA DE CLIENTES EN  V10INTERIN_RDRP
01 09:43:59:174 PLSQL: ERROR CARGANDO CLIENTES
01 09:53:59:189 PLSQL: INICIANDO CARGA DE CLIENTES EN  V10INTERIN_RDRP
01 09:53:59:191 PLSQL: ERROR CARGANDO CLIENTES
01 10:03:59:203 PLSQL: INICIANDO CARGA DE CLIENTES EN  V10INTERIN_RDRP
01 10:03:59:205 PLSQL: ERROR CARGANDO CLIENTES
01 10:13:59:212 PLSQL: INICIANDO CARGA DE CLIENTES EN  V10INTERIN_RDRP
01 10:13:59:212 PLSQL: ERROR CARGANDO CLIENTES
01 10:23:55:380 PLSQL: INICIANDO CARGA DE CLIENTES EN  V10INTERIN_RDRP
01 10:23:55:381 PLSQL: ERROR CARGANDO CLIENTES
01 10:33:55:384 PLSQL: INICIANDO CARGA DE CLIENTES EN  V10INTERIN_RDRP
01 10:33:55:385 PLSQL: ERROR CARGANDO CLIENTES
01 10:43:55:391 PLSQL: INICIANDO CARGA DE CLIENTES EN  V10INTERIN_RDRP
01 10:43:55:394 PLSQL: ERROR CARGANDO CLIENTES
01 10:53:55:411 PLSQL: INICIANDO CARGA DE CLIENTES EN  V10INTERIN_RDRP
01 10:53:55:414 PLSQL: ERROR CARGANDO CLIENTES
01 11:03:55:417 PLSQL: INICIANDO CARGA DE CLIENTES EN  V10INTERIN_RDRP
01 11:03:55:419 PLSQL: ERROR CARGANDO CLIENTES
01 11:13:55:430 PLSQL: INICIANDO CARGA DE CLIENTES EN  V10INTERIN_RDRP
01 11:13:55:431 PLSQL: ERROR CARGANDO CLIENTES
01 11:23:55:439 PLSQL: INICIANDO CARGA DE CLIENTES EN  V10INTERIN_RDRP
01 11:23:55:440 PLSQL: ERROR CARGANDO CLIENTES
01 11:33:55:452 PLSQL: INICIANDO CARGA DE CLIENTES EN  V10INTERIN_RDRP
01 11:33:55:456 PLSQL: ERROR CARGANDO CLIENTES
01 11:43:55:469 PLSQL: INICIANDO CARGA DE CLIENTES EN  V10INTERIN_RDRP
01 11:43:55:471 PLSQL: ERROR CARGANDO CLIENTES
01 11:53:55:473 PLSQL: INICIANDO CARGA DE CLIENTES EN  V10INTERIN_RDRP
01 11:53:55:474 PLSQL: ERROR CARGANDO CLIENTES
01 12:03:55:487 PLSQL: INICIANDO CARGA DE CLIENTES EN  V10INTERIN_RDRP
01 12:03:55:490 PLSQL: ERROR CARGANDO CLIENTES
01 12:13:55:508 PLSQL: INICIANDO CARGA DE CLIENTES EN  V10INTERIN_RDRP
01 12:13:55:510 PLSQL: ERROR CARGANDO CLIENTES
01 12:23:55:515 PLSQL: INICIANDO CARGA DE CLIENTES EN  V10INTERIN_RDRP
01 12:23:55:520 PLSQL: ERROR CARGANDO CLIENTES
01 12:33:55:529 PLSQL: INICIANDO CARGA DE CLIENTES EN  V10INTERIN_RDRP
01 12:33:55:530 PLSQL: ERROR CARGANDO CLIENTES
01 12:43:55:533 PLSQL: INICIANDO CARGA DE CLIENTES EN  V10INTERIN_RDRP
01 12:43:55:536 PLSQL: ERROR CARGANDO CLIENTES
01 12:53:55:545 PLSQL: INICIANDO CARGA DE CLIENTES EN  V10INTERIN_RDRP
01 12:53:55:547 PLSQL: ERROR CARGANDO CLIENTES
01 13:03:55:563 PLSQL: INICIANDO CARGA DE CLIENTES EN  V10INTERIN_RDRP
01 13:03:55:565 PLSQL: ERROR CARGANDO CLIENTES
01 13:13:55:574 PLSQL: INICIANDO CARGA DE CLIENTES EN  V10INTERIN_RDRP
01 13:13:55:575 PLSQL: ERROR CARGANDO CLIENTES
01 13:23:55:587 PLSQL: INICIANDO CARGA DE CLIENTES EN  V10INTERIN_RDRP
01 13:23:55:590 PLSQL: ERROR CARGANDO CLIENTES
01 13:33:55:602 PLSQL: INICIANDO CARGA DE CLIENTES EN  V10INTERIN_RDRP
01 13:33:55:603 PLSQL: ERROR CARGANDO CLIENTES
01 13:43:55:617 PLSQL: INICIANDO CARGA DE CLIENTES EN  V10INTERIN_RDRP
01 13:43:55:619 PLSQL: ERROR CARGANDO CLIENTES
01 13:53:55:627 PLSQL: INICIANDO CARGA DE CLIENTES EN  V10INTERIN_RDRP
01 13:53:55:628 PLSQL: ERROR CARGANDO CLIENTES
01 14:03:55:642 PLSQL: INICIANDO CARGA DE CLIENTES EN  V10INTERIN_RDRP
01 14:03:55:644 PLSQL: ERROR CARGANDO CLIENTES
01 14:13:55:667 PLSQL: INICIANDO CARGA DE CLIENTES EN  V10INTERIN_RDRP
01 14:13:55:670 PLSQL: ERROR CARGANDO CLIENTES
01 14:23:55:684 PLSQL: INICIANDO CARGA DE CLIENTES EN  V10INTERIN_RDRP
01 14:23:55:686 PLSQL: ERROR CARGANDO CLIENTES
01 14:33:55:700 PLSQL: INICIANDO CARGA DE CLIENTES EN  V10INTERIN_RDRP
01 14:33:55:701 PLSQL: ERROR CARGANDO CLIENTES
01 14:43:55:716 PLSQL: INICIANDO CARGA DE CLIENTES EN  V10INTERIN_RDRP
01 14:43:55:717 PLSQL: ERROR CARGANDO CLIENTES
01 14:53:55:727 PLSQL: INICIANDO CARGA DE CLIENTES EN  V10INTERIN_RDRP
01 14:53:55:728 PLSQL: ERROR CARGANDO CLIENTES
01 15:03:55:743 PLSQL: INICIANDO CARGA DE CLIENTES EN  V10INTERIN_RDRP
01 15:03:55:744 PLSQL: ERROR CARGANDO CLIENTES
01 15:13:55:753 PLSQL: INICIANDO CARGA DE CLIENTES EN  V10INTERIN_RDRP
01 15:13:55:755 PLSQL: ERROR CARGANDO CLIENTES
01 15:23:55:761 PLSQL: INICIANDO CARGA DE CLIENTES EN  V10INTERIN_RDRP
01 15:23:55:764 PLSQL: ERROR CARGANDO CLIENTES
01 15:33:55:770 PLSQL: INICIANDO CARGA DE CLIENTES EN  V10INTERIN_RDRP
01 15:33:55:771 PLSQL: ERROR CARGANDO CLIENTES
01 15:43:55:780 PLSQL: INICIANDO CARGA DE CLIENTES EN  V10INTERIN_RDRP
01 15:43:55:781 PLSQL: ERROR CARGANDO CLIENTES
01 15:58:55:406 PLSQL: INICIANDO CARGA DE CLIENTES EN  V10INTERIN_RDRP
01 15:58:55:408 PLSQL: ERROR CARGANDO CLIENTES
01 16:08:55:420 PLSQL: INICIANDO CARGA DE CLIENTES EN  V10INTERIN_RDRP
01 16:08:55:421 PLSQL: ERROR CARGANDO CLIENTES
01 16:18:55:439 PLSQL: INICIANDO CARGA DE CLIENTES EN  V10INTERIN_RDRP
01 16:18:55:440 PLSQL: ERROR CARGANDO CLIENTES
01 16:28:55:467 PLSQL: INICIANDO CARGA DE CLIENTES EN  V10INTERIN_RDRP
01 16:28:55:470 PLSQL: ERROR CARGANDO CLIENTES
01 16:38:55:475 PLSQL: INICIANDO CARGA DE CLIENTES EN  V10INTERIN_RDRP
01 16:38:55:476 PLSQL: ERROR CARGANDO CLIENTES
01 16:48:55:480 PLSQL: INICIANDO CARGA DE CLIENTES EN  V10INTERIN_RDRP
01 16:48:55:481 PLSQL: ERROR CARGANDO CLIENTES
01 16:58:55:495 PLSQL: INICIANDO CARGA DE CLIENTES EN  V10INTERIN_RDRP
01 16:58:55:495 PLSQL: ERROR CARGANDO CLIENTES
01 17:08:55:512 PLSQL: INICIANDO CARGA DE CLIENTES EN  V10INTERIN_RDRP
01 17:08:55:514 PLSQL: ERROR CARGANDO CLIENTES
01 17:18:55:523 PLSQL: INICIANDO CARGA DE CLIENTES EN  V10INTERIN_RDRP
01 17:18:55:524 PLSQL: ERROR CARGANDO CLIENTES
01 17:28:55:539 PLSQL: INICIANDO CARGA DE CLIENTES EN  V10INTERIN_RDRP
01 17:28:55:541 PLSQL: ERROR CARGANDO CLIENTES
01 17:38:55:555 PLSQL: INICIANDO CARGA DE CLIENTES EN  V10INTERIN_RDRP
01 17:38:55:560 PLSQL: ERROR CARGANDO CLIENTES
01 17:48:55:564 PLSQL: INICIANDO CARGA DE CLIENTES EN  V10INTERIN_RDRP
01 17:48:55:565 PLSQL: ERROR CARGANDO CLIENTES

00 17:57:51:345 Fichero de log cerrado.

