00 09:08:33:196 Fichero de log abierto PID 11724

02 09:08:33:197 Intentando abrir fichero v10.ini
02 09:08:33:203 Cargando driver v10oracle funcion damedriveroracle
02 09:08:33:886 Conectado a base de datos
02 09:08:33:887 Proceso CARGA_PEDIDOS encontrado en tabla VDPROCESOS
02 09:08:33:887 Proceso CARGA_PEDIDOS cargado con función procesoperiodico (Librería VDKERNEL.DLL) direccion 6E792D10
02 09:08:33:890 PLSQL: INICIALIZADO PAQUETE DE LOG EL DIA 01-04-2022
02 09:08:33:900 Actualizado SID 506 SERIAL 55981 del proceso con PID 11724
02 09:08:33:903 Analizado cursor CCARGAPEDIDOS
02 09:08:33:906 Leidos 1 cursores
01 09:08:33:907 PLSQL: INICIANDO CARGA DE PEDIDOS EN  V10INTERIN_RDRP
01 09:08:33:908 PLSQL: ERROR CARGANDO PEDIDOS
01 09:13:33:911 PLSQL: INICIANDO CARGA DE PEDIDOS EN  V10INTERIN_RDRP
01 09:13:33:912 PLSQL: ERROR CARGANDO PEDIDOS
01 09:18:33:927 PLSQL: INICIANDO CARGA DE PEDIDOS EN  V10INTERIN_RDRP
01 09:18:33:927 PLSQL: ERROR CARGANDO PEDIDOS
01 09:23:33:931 PLSQL: INICIANDO CARGA DE PEDIDOS EN  V10INTERIN_RDRP
01 09:23:33:931 PLSQL: ERROR CARGANDO PEDIDOS
01 09:28:33:946 PLSQL: INICIANDO CARGA DE PEDIDOS EN  V10INTERIN_RDRP
01 09:28:33:947 PLSQL: ERROR CARGANDO PEDIDOS
01 09:33:33:963 PLSQL: INICIANDO CARGA DE PEDIDOS EN  V10INTERIN_RDRP
01 09:33:33:964 PLSQL: ERROR CARGANDO PEDIDOS
01 09:38:33:974 PLSQL: INICIANDO CARGA DE PEDIDOS EN  V10INTERIN_RDRP
01 09:38:33:975 PLSQL: ERROR CARGANDO PEDIDOS
01 09:43:33:989 PLSQL: INICIANDO CARGA DE PEDIDOS EN  V10INTERIN_RDRP
01 09:43:33:990 PLSQL: ERROR CARGANDO PEDIDOS
01 09:48:33:994 PLSQL: INICIANDO CARGA DE PEDIDOS EN  V10INTERIN_RDRP
01 09:48:33:995 PLSQL: ERROR CARGANDO PEDIDOS
01 09:53:34:012 PLSQL: INICIANDO CARGA DE PEDIDOS EN  V10INTERIN_RDRP
01 09:53:34:014 PLSQL: ERROR CARGANDO PEDIDOS
01 09:58:34:018 PLSQL: INICIANDO CARGA DE PEDIDOS EN  V10INTERIN_RDRP
01 09:58:34:019 PLSQL: ERROR CARGANDO PEDIDOS
01 10:03:34:032 PLSQL: INICIANDO CARGA DE PEDIDOS EN  V10INTERIN_RDRP
01 10:03:34:033 PLSQL: ERROR CARGANDO PEDIDOS
01 10:08:34:039 PLSQL: INICIANDO CARGA DE PEDIDOS EN  V10INTERIN_RDRP
01 10:08:34:040 PLSQL: ERROR CARGANDO PEDIDOS
01 10:13:34:053 PLSQL: INICIANDO CARGA DE PEDIDOS EN  V10INTERIN_RDRP
01 10:13:34:055 PLSQL: ERROR CARGANDO PEDIDOS
01 10:18:34:064 PLSQL: INICIANDO CARGA DE PEDIDOS EN  V10INTERIN_RDRP
01 10:18:34:066 PLSQL: ERROR CARGANDO PEDIDOS
01 10:23:34:071 PLSQL: INICIANDO CARGA DE PEDIDOS EN  V10INTERIN_RDRP
01 10:23:34:072 PLSQL: ERROR CARGANDO PEDIDOS
01 10:28:34:085 PLSQL: INICIANDO CARGA DE PEDIDOS EN  V10INTERIN_RDRP
01 10:28:34:104 PLSQL: ERROR CARGANDO PEDIDOS
01 10:33:34:118 PLSQL: INICIANDO CARGA DE PEDIDOS EN  V10INTERIN_RDRP
01 10:33:34:119 PLSQL: ERROR CARGANDO PEDIDOS
01 10:38:34:134 PLSQL: INICIANDO CARGA DE PEDIDOS EN  V10INTERIN_RDRP
01 10:38:34:135 PLSQL: ERROR CARGANDO PEDIDOS

00 10:41:41:278 Fichero de log cerrado.

00 10:42:00:503 Fichero de log abierto PID 3668

02 10:42:00:505 Intentando abrir fichero v10.ini
02 10:42:00:517 Cargando driver v10oracle funcion damedriveroracle
02 10:42:01:337 Conectado a base de datos
02 10:42:01:338 Proceso CARGA_PEDIDOS encontrado en tabla VDPROCESOS
02 10:42:01:338 Proceso CARGA_PEDIDOS cargado con función procesoperiodico (Librería VDKERNEL.DLL) direccion 6E792D10
02 10:42:01:342 PLSQL: INICIALIZADO PAQUETE DE LOG EL DIA 01-04-2022
02 10:42:01:352 Actualizado SID 18 SERIAL 1359 del proceso con PID 3668
02 10:42:01:353 Analizado cursor CCARGAPEDIDOS
02 10:42:01:353 Leidos 1 cursores
01 10:42:01:355 PLSQL: INICIANDO CARGA DE PEDIDOS EN  V10INTERIN_RDRP
01 10:42:01:357 PLSQL: ERROR CARGANDO PEDIDOS
01 10:47:01:367 PLSQL: INICIANDO CARGA DE PEDIDOS EN  V10INTERIN_RDRP
01 10:47:01:369 PLSQL: ERROR CARGANDO PEDIDOS
01 10:52:01:376 PLSQL: INICIANDO CARGA DE PEDIDOS EN  V10INTERIN_RDRP
01 10:52:01:377 PLSQL: ERROR CARGANDO PEDIDOS
01 10:57:01:380 PLSQL: INICIANDO CARGA DE PEDIDOS EN  V10INTERIN_RDRP
01 10:57:01:381 PLSQL: ERROR CARGANDO PEDIDOS
01 11:02:01:388 PLSQL: INICIANDO CARGA DE PEDIDOS EN  V10INTERIN_RDRP
01 11:02:01:390 PLSQL: ERROR CARGANDO PEDIDOS
01 11:07:01:404 PLSQL: INICIANDO CARGA DE PEDIDOS EN  V10INTERIN_RDRP
01 11:07:01:405 PLSQL: ERROR CARGANDO PEDIDOS
01 11:12:01:419 PLSQL: INICIANDO CARGA DE PEDIDOS EN  V10INTERIN_RDRP
01 11:12:01:419 PLSQL: ERROR CARGANDO PEDIDOS
01 11:17:01:427 PLSQL: INICIANDO CARGA DE PEDIDOS EN  V10INTERIN_RDRP
01 11:17:01:429 PLSQL: ERROR CARGANDO PEDIDOS
01 11:22:01:446 PLSQL: INICIANDO CARGA DE PEDIDOS EN  V10INTERIN_RDRP
01 11:22:01:446 PLSQL: ERROR CARGANDO PEDIDOS
01 11:27:01:477 PLSQL: INICIANDO CARGA DE PEDIDOS EN  V10INTERIN_RDRP
01 11:27:01:479 PLSQL: ERROR CARGANDO PEDIDOS
01 11:47:07:459 PLSQL: INICIANDO CARGA DE PEDIDOS EN  V10INTERIN_RDRP
01 11:47:07:469 PLSQL: ERROR CARGANDO PEDIDOS
01 11:52:07:481 PLSQL: INICIANDO CARGA DE PEDIDOS EN  V10INTERIN_RDRP
01 11:52:07:482 PLSQL: ERROR CARGANDO PEDIDOS
01 11:57:07:487 PLSQL: INICIANDO CARGA DE PEDIDOS EN  V10INTERIN_RDRP
01 11:57:07:487 PLSQL: ERROR CARGANDO PEDIDOS
01 12:02:07:489 PLSQL: INICIANDO CARGA DE PEDIDOS EN  V10INTERIN_RDRP
01 12:02:07:580 PLSQL: ERROR CARGANDO PEDIDOS
01 12:07:07:597 PLSQL: INICIANDO CARGA DE PEDIDOS EN  V10INTERIN_RDRP
01 12:07:07:599 PLSQL: ERROR CARGANDO PEDIDOS
01 12:12:07:606 PLSQL: INICIANDO CARGA DE PEDIDOS EN  V10INTERIN_RDRP
01 12:12:07:607 PLSQL: ERROR CARGANDO PEDIDOS

00 12:15:10:325 Fichero de log cerrado.

00 12:15:18:617 Fichero de log abierto PID 10200

02 12:15:18:645 Intentando abrir fichero v10.ini
02 12:15:18:685 Cargando driver v10oracle funcion damedriveroracle
02 12:15:19:512 Conectado a base de datos
02 12:15:19:515 Proceso CARGA_PEDIDOS encontrado en tabla VDPROCESOS
02 12:15:19:515 Proceso CARGA_PEDIDOS cargado con función procesoperiodico (Librería VDKERNEL.DLL) direccion 6E792D10
02 12:15:19:517 PLSQL: INICIALIZADO PAQUETE DE LOG EL DIA 01-04-2022
02 12:15:19:530 Actualizado SID 253 SERIAL 36004 del proceso con PID 10200
02 12:15:19:530 Analizado cursor CCARGAPEDIDOS
02 12:15:19:530 Leidos 1 cursores
01 12:15:19:532 PLSQL: INICIANDO CARGA DE PEDIDOS EN  V10INTERIN_RDRP
01 12:15:19:534 PLSQL: ERROR CARGANDO PEDIDOS
01 12:20:19:542 PLSQL: INICIANDO CARGA DE PEDIDOS EN  V10INTERIN_RDRP
01 12:20:19:543 PLSQL: ERROR CARGANDO PEDIDOS
01 12:25:19:554 PLSQL: INICIANDO CARGA DE PEDIDOS EN  V10INTERIN_RDRP
01 12:25:19:556 PLSQL: ERROR CARGANDO PEDIDOS
01 12:30:19:567 PLSQL: INICIANDO CARGA DE PEDIDOS EN  V10INTERIN_RDRP
01 12:30:19:567 PLSQL: ERROR CARGANDO PEDIDOS
01 12:35:19:577 PLSQL: INICIANDO CARGA DE PEDIDOS EN  V10INTERIN_RDRP
01 12:35:19:582 PLSQL: ERROR CARGANDO PEDIDOS
01 12:40:19:585 PLSQL: INICIANDO CARGA DE PEDIDOS EN  V10INTERIN_RDRP
01 12:40:19:586 PLSQL: ERROR CARGANDO PEDIDOS
01 12:45:19:598 PLSQL: INICIANDO CARGA DE PEDIDOS EN  V10INTERIN_RDRP
01 12:45:19:599 PLSQL: ERROR CARGANDO PEDIDOS
01 12:50:19:609 PLSQL: INICIANDO CARGA DE PEDIDOS EN  V10INTERIN_RDRP
01 12:50:19:610 PLSQL: ERROR CARGANDO PEDIDOS
01 12:55:19:616 PLSQL: INICIANDO CARGA DE PEDIDOS EN  V10INTERIN_RDRP
01 12:55:19:617 PLSQL: ERROR CARGANDO PEDIDOS
01 13:00:19:624 PLSQL: INICIANDO CARGA DE PEDIDOS EN  V10INTERIN_RDRP
01 13:00:19:640 PLSQL: ERROR CARGANDO PEDIDOS
01 13:05:19:652 PLSQL: INICIANDO CARGA DE PEDIDOS EN  V10INTERIN_RDRP
01 13:05:19:653 PLSQL: ERROR CARGANDO PEDIDOS
01 13:10:19:666 PLSQL: INICIANDO CARGA DE PEDIDOS EN  V10INTERIN_RDRP
01 13:10:19:668 PLSQL: ERROR CARGANDO PEDIDOS

00 13:10:54:649 Fichero de log cerrado.

00 13:11:06:952 Fichero de log abierto PID 3668

02 13:11:06:955 Intentando abrir fichero v10.ini
02 13:11:06:965 Cargando driver v10oracle funcion damedriveroracle
02 13:11:07:725 Conectado a base de datos
02 13:11:07:727 Proceso CARGA_PEDIDOS encontrado en tabla VDPROCESOS
02 13:11:07:729 Proceso CARGA_PEDIDOS cargado con función procesoperiodico (Librería VDKERNEL.DLL) direccion 6E792D10
02 13:11:07:731 PLSQL: INICIALIZADO PAQUETE DE LOG EL DIA 01-04-2022
02 13:11:07:742 Actualizado SID 503 SERIAL 14192 del proceso con PID 3668
02 13:11:07:742 Analizado cursor CCARGAPEDIDOS
02 13:11:07:742 Leidos 1 cursores
01 13:11:07:744 PLSQL: INICIANDO CARGA DE PEDIDOS EN  V10INTERIN_RDRP
01 13:11:07:744 PLSQL: ERROR CARGANDO PEDIDOS
01 13:16:07:770 PLSQL: INICIANDO CARGA DE PEDIDOS EN  V10INTERIN_RDRP
01 13:16:07:774 PLSQL: ERROR CARGANDO PEDIDOS
01 13:21:07:784 PLSQL: INICIANDO CARGA DE PEDIDOS EN  V10INTERIN_RDRP
01 13:21:07:784 PLSQL: ERROR CARGANDO PEDIDOS
01 13:26:07:789 PLSQL: INICIANDO CARGA DE PEDIDOS EN  V10INTERIN_RDRP
01 13:26:07:790 PLSQL: ERROR CARGANDO PEDIDOS

00 13:31:06:375 Fichero de log cerrado.

00 13:31:13:335 Fichero de log abierto PID 308

02 13:31:13:337 Intentando abrir fichero v10.ini
02 13:31:13:347 Cargando driver v10oracle funcion damedriveroracle
02 13:31:14:129 Conectado a base de datos
02 13:31:14:130 Proceso CARGA_PEDIDOS encontrado en tabla VDPROCESOS
02 13:31:14:132 Proceso CARGA_PEDIDOS cargado con función procesoperiodico (Librería VDKERNEL.DLL) direccion 6E792D10
02 13:31:14:134 PLSQL: INICIALIZADO PAQUETE DE LOG EL DIA 01-04-2022
02 13:31:14:147 Actualizado SID 503 SERIAL 16843 del proceso con PID 308
02 13:31:14:147 Analizado cursor CCARGAPEDIDOS
02 13:31:14:147 Leidos 1 cursores
01 13:31:14:150 PLSQL: INICIANDO CARGA DE PEDIDOS EN  V10INTERIN_RDRP
01 13:31:14:152 PLSQL: ERROR CARGANDO PEDIDOS
01 13:36:14:156 PLSQL: INICIANDO CARGA DE PEDIDOS EN  V10INTERIN_RDRP
01 13:36:14:157 PLSQL: ERROR CARGANDO PEDIDOS

00 13:39:34:107 Fichero de log cerrado.

00 13:39:48:329 Fichero de log abierto PID 11640

02 13:39:48:330 Intentando abrir fichero v10.ini
02 13:39:48:337 Cargando driver v10oracle funcion damedriveroracle
02 13:39:49:012 Conectado a base de datos
02 13:39:49:012 Proceso CARGA_PEDIDOS encontrado en tabla VDPROCESOS
02 13:39:49:014 Proceso CARGA_PEDIDOS cargado con función procesoperiodico (Librería VDKERNEL.DLL) direccion 6E792D10
02 13:39:49:017 PLSQL: INICIALIZADO PAQUETE DE LOG EL DIA 01-04-2022
02 13:39:49:027 Actualizado SID 252 SERIAL 14556 del proceso con PID 11640
02 13:39:49:029 Analizado cursor CCARGAPEDIDOS
02 13:39:49:029 Leidos 1 cursores
01 13:39:49:029 PLSQL: INICIANDO CARGA DE PEDIDOS EN  V10INTERIN_RDRP
01 13:39:49:031 PLSQL: ERROR CARGANDO PEDIDOS

00 13:41:22:215 Fichero de log cerrado.

00 13:41:28:912 Fichero de log abierto PID 10328

02 13:41:28:914 Intentando abrir fichero v10.ini
02 13:41:28:919 Cargando driver v10oracle funcion damedriveroracle
02 13:41:29:527 Conectado a base de datos
02 13:41:29:530 Proceso CARGA_PEDIDOS encontrado en tabla VDPROCESOS
02 13:41:29:530 Proceso CARGA_PEDIDOS cargado con función procesoperiodico (Librería VDKERNEL.DLL) direccion 6E792D10
02 13:41:29:533 PLSQL: INICIALIZADO PAQUETE DE LOG EL DIA 01-04-2022
02 13:41:29:580 Actualizado SID 509 SERIAL 39424 del proceso con PID 10328
02 13:41:29:580 Analizado cursor CCARGAPEDIDOS
02 13:41:29:580 Leidos 1 cursores
01 13:41:29:582 PLSQL: INICIANDO CARGA DE PEDIDOS EN  V10INTERIN_RDRP
01 13:41:29:584 PLSQL: ERROR CARGANDO PEDIDOS
01 13:46:29:588 PLSQL: INICIANDO CARGA DE PEDIDOS EN  V10INTERIN_RDRP
01 13:46:29:591 PLSQL: ERROR CARGANDO PEDIDOS
01 13:51:29:598 PLSQL: INICIANDO CARGA DE PEDIDOS EN  V10INTERIN_RDRP
01 13:51:29:601 PLSQL: ERROR CARGANDO PEDIDOS
01 13:56:29:613 PLSQL: INICIANDO CARGA DE PEDIDOS EN  V10INTERIN_RDRP
01 13:56:29:614 PLSQL: ERROR CARGANDO PEDIDOS

00 13:58:39:755 Fichero de log cerrado.

