00 09:10:30:083 Fichero de log abierto PID 16084

02 09:10:30:083 Intentando abrir fichero v10.ini
02 09:10:30:090 Cargando driver v10oracle funcion damedriveroracle
02 09:10:30:517 Conectado a base de datos
02 09:10:30:518 Proceso CARGA_CODARTALT encontrado en tabla VDPROCESOS
02 09:10:30:520 Proceso CARGA_CODARTALT cargado con función procesoperiodico (Librería VDKERNEL.DLL) direccion 6F892D10
02 09:10:30:522 PLSQL: INICIALIZADO PAQUETE DE LOG EL DIA 06-04-2022
02 09:10:30:592 Actualizado SID 382 SERIAL 15511 del proceso con PID 16084
02 09:10:30:597 Analizado cursor CCARGAARTICULOS
02 09:10:30:598 Leidos 1 cursores
01 09:10:30:599 PLSQL: INICIANDO CARGA DE CODARTALT EN  V10INTERIN_RDRP
01 09:10:30:601 PLSQL: ERROR CARGANDO CODARTALT
01 09:20:30:604 PLSQL: INICIANDO CARGA DE CODARTALT EN  V10INTERIN_RDRP
01 09:20:30:605 PLSQL: ERROR CARGANDO CODARTALT
01 09:30:30:618 PLSQL: INICIANDO CARGA DE CODARTALT EN  V10INTERIN_RDRP
01 09:30:30:619 PLSQL: ERROR CARGANDO CODARTALT
01 09:40:30:622 PLSQL: INICIANDO CARGA DE CODARTALT EN  V10INTERIN_RDRP
01 09:40:30:623 PLSQL: ERROR CARGANDO CODARTALT
01 09:50:30:629 PLSQL: INICIANDO CARGA DE CODARTALT EN  V10INTERIN_RDRP
01 09:50:30:630 PLSQL: ERROR CARGANDO CODARTALT

00 09:52:22:432 Fichero de log cerrado.

00 09:52:38:997 Fichero de log abierto PID 9720

02 09:52:39:032 Intentando abrir fichero v10.ini
02 09:52:39:047 Cargando driver v10oracle funcion damedriveroracle
02 09:52:39:893 Conectado a base de datos
02 09:52:39:896 Proceso CARGA_CODARTALT encontrado en tabla VDPROCESOS
02 09:52:39:896 Proceso CARGA_CODARTALT cargado con función procesoperiodico (Librería VDKERNEL.DLL) direccion 6F892D10
02 09:52:39:899 PLSQL: INICIALIZADO PAQUETE DE LOG EL DIA 06-04-2022
02 09:52:39:910 Actualizado SID 510 SERIAL 5492 del proceso con PID 9720
02 09:52:39:911 Analizado cursor CCARGAARTICULOS
02 09:52:39:911 Leidos 1 cursores
01 09:52:39:912 PLSQL: INICIANDO CARGA DE CODARTALT EN  V10INTERIN_RDRP
01 09:52:39:914 PLSQL: ERROR CARGANDO CODARTALT
01 10:02:39:930 PLSQL: INICIANDO CARGA DE CODARTALT EN  V10INTERIN_RDRP
01 10:02:39:932 PLSQL: ERROR CARGANDO CODARTALT
01 10:12:39:947 PLSQL: INICIANDO CARGA DE CODARTALT EN  V10INTERIN_RDRP
01 10:12:39:948 PLSQL: ERROR CARGANDO CODARTALT
01 10:22:39:959 PLSQL: INICIANDO CARGA DE CODARTALT EN  V10INTERIN_RDRP
01 10:22:39:963 PLSQL: ERROR CARGANDO CODARTALT
01 10:32:39:977 PLSQL: INICIANDO CARGA DE CODARTALT EN  V10INTERIN_RDRP
01 10:32:40:001 PLSQL: ERROR CARGANDO CODARTALT
01 10:42:40:011 PLSQL: INICIANDO CARGA DE CODARTALT EN  V10INTERIN_RDRP
01 10:42:40:013 PLSQL: ERROR CARGANDO CODARTALT
01 10:52:40:023 PLSQL: INICIANDO CARGA DE CODARTALT EN  V10INTERIN_RDRP
01 10:52:40:024 PLSQL: ERROR CARGANDO CODARTALT
01 11:02:40:026 PLSQL: INICIANDO CARGA DE CODARTALT EN  V10INTERIN_RDRP
01 11:02:40:028 PLSQL: ERROR CARGANDO CODARTALT
01 11:12:40:044 PLSQL: INICIANDO CARGA DE CODARTALT EN  V10INTERIN_RDRP
01 11:12:40:045 PLSQL: ERROR CARGANDO CODARTALT
01 11:22:40:055 PLSQL: INICIANDO CARGA DE CODARTALT EN  V10INTERIN_RDRP
01 11:22:40:057 PLSQL: ERROR CARGANDO CODARTALT
01 11:42:14:956 PLSQL: INICIANDO CARGA DE CODARTALT EN  V10INTERIN_RDRP
01 11:42:14:956 PLSQL: ERROR CARGANDO CODARTALT
01 11:52:14:988 PLSQL: INICIANDO CARGA DE CODARTALT EN  V10INTERIN_RDRP
01 11:52:15:003 PLSQL: ERROR CARGANDO CODARTALT
01 12:02:15:032 PLSQL: INICIANDO CARGA DE CODARTALT EN  V10INTERIN_RDRP
01 12:02:15:034 PLSQL: ERROR CARGANDO CODARTALT
01 12:12:15:049 PLSQL: INICIANDO CARGA DE CODARTALT EN  V10INTERIN_RDRP
01 12:12:15:050 PLSQL: ERROR CARGANDO CODARTALT
01 12:22:15:065 PLSQL: INICIANDO CARGA DE CODARTALT EN  V10INTERIN_RDRP
01 12:22:15:067 PLSQL: ERROR CARGANDO CODARTALT
01 12:32:15:074 PLSQL: INICIANDO CARGA DE CODARTALT EN  V10INTERIN_RDRP
01 12:32:15:076 PLSQL: ERROR CARGANDO CODARTALT
01 12:42:15:091 PLSQL: INICIANDO CARGA DE CODARTALT EN  V10INTERIN_RDRP
01 12:42:15:094 PLSQL: ERROR CARGANDO CODARTALT
01 12:52:15:104 PLSQL: INICIANDO CARGA DE CODARTALT EN  V10INTERIN_RDRP
01 12:52:15:107 PLSQL: ERROR CARGANDO CODARTALT
01 13:02:15:111 PLSQL: INICIANDO CARGA DE CODARTALT EN  V10INTERIN_RDRP
01 13:02:15:112 PLSQL: ERROR CARGANDO CODARTALT
01 13:12:15:133 PLSQL: INICIANDO CARGA DE CODARTALT EN  V10INTERIN_RDRP
01 13:12:15:136 PLSQL: ERROR CARGANDO CODARTALT
01 13:22:15:145 PLSQL: INICIANDO CARGA DE CODARTALT EN  V10INTERIN_RDRP
01 13:22:15:147 PLSQL: ERROR CARGANDO CODARTALT
01 13:32:15:151 PLSQL: INICIANDO CARGA DE CODARTALT EN  V10INTERIN_RDRP
01 13:32:15:153 PLSQL: ERROR CARGANDO CODARTALT
01 13:42:15:168 PLSQL: INICIANDO CARGA DE CODARTALT EN  V10INTERIN_RDRP
01 13:42:15:171 PLSQL: ERROR CARGANDO CODARTALT
01 13:52:15:180 PLSQL: INICIANDO CARGA DE CODARTALT EN  V10INTERIN_RDRP
01 13:52:15:182 PLSQL: ERROR CARGANDO CODARTALT
01 14:02:15:183 PLSQL: INICIANDO CARGA DE CODARTALT EN  V10INTERIN_RDRP
01 14:02:15:184 PLSQL: ERROR CARGANDO CODARTALT
01 14:12:15:199 PLSQL: INICIANDO CARGA DE CODARTALT EN  V10INTERIN_RDRP
01 14:12:15:199 PLSQL: ERROR CARGANDO CODARTALT
01 14:22:15:221 PLSQL: INICIANDO CARGA DE CODARTALT EN  V10INTERIN_RDRP
01 14:22:15:224 PLSQL: ERROR CARGANDO CODARTALT
01 14:32:15:226 PLSQL: INICIANDO CARGA DE CODARTALT EN  V10INTERIN_RDRP
01 14:32:15:227 PLSQL: ERROR CARGANDO CODARTALT
01 14:42:15:232 PLSQL: INICIANDO CARGA DE CODARTALT EN  V10INTERIN_RDRP
01 14:42:15:233 PLSQL: ERROR CARGANDO CODARTALT
01 14:52:15:240 PLSQL: INICIANDO CARGA DE CODARTALT EN  V10INTERIN_RDRP
01 14:52:15:243 PLSQL: ERROR CARGANDO CODARTALT
01 15:49:40:854 PLSQL: INICIANDO CARGA DE CODARTALT EN  V10INTERIN_RDRP
01 15:49:40:855 PLSQL: ERROR CARGANDO CODARTALT
01 15:59:40:884 PLSQL: INICIANDO CARGA DE CODARTALT EN  V10INTERIN_RDRP
01 15:59:40:885 PLSQL: ERROR CARGANDO CODARTALT
01 16:09:40:899 PLSQL: INICIANDO CARGA DE CODARTALT EN  V10INTERIN_RDRP
01 16:09:40:901 PLSQL: ERROR CARGANDO CODARTALT
01 16:19:40:912 PLSQL: INICIANDO CARGA DE CODARTALT EN  V10INTERIN_RDRP
01 16:19:40:912 PLSQL: ERROR CARGANDO CODARTALT
01 16:29:40:930 PLSQL: INICIANDO CARGA DE CODARTALT EN  V10INTERIN_RDRP
01 16:29:40:932 PLSQL: ERROR CARGANDO CODARTALT
01 16:39:40:947 PLSQL: INICIANDO CARGA DE CODARTALT EN  V10INTERIN_RDRP
01 16:39:40:949 PLSQL: ERROR CARGANDO CODARTALT
01 16:49:40:963 PLSQL: INICIANDO CARGA DE CODARTALT EN  V10INTERIN_RDRP
01 16:49:40:966 PLSQL: ERROR CARGANDO CODARTALT
01 16:59:40:971 PLSQL: INICIANDO CARGA DE CODARTALT EN  V10INTERIN_RDRP
01 16:59:40:972 PLSQL: ERROR CARGANDO CODARTALT
01 17:09:40:986 PLSQL: INICIANDO CARGA DE CODARTALT EN  V10INTERIN_RDRP
01 17:09:40:994 PLSQL: ERROR CARGANDO CODARTALT
01 17:19:41:031 PLSQL: INICIANDO CARGA DE CODARTALT EN  V10INTERIN_RDRP
01 17:19:41:031 PLSQL: ERROR CARGANDO CODARTALT
01 17:29:41:059 PLSQL: INICIANDO CARGA DE CODARTALT EN  V10INTERIN_RDRP
01 17:29:41:061 PLSQL: ERROR CARGANDO CODARTALT
01 17:39:41:073 PLSQL: INICIANDO CARGA DE CODARTALT EN  V10INTERIN_RDRP
01 17:39:41:075 PLSQL: ERROR CARGANDO CODARTALT
01 17:49:41:085 PLSQL: INICIANDO CARGA DE CODARTALT EN  V10INTERIN_RDRP
01 17:49:41:087 PLSQL: ERROR CARGANDO CODARTALT

00 17:56:19:852 Fichero de log cerrado.

