00 10:35:41:486 Fichero de log abierto PID 19420

02 10:35:41:487 Intentando abrir fichero v10.ini
02 10:35:41:492 Cargando driver v10oracle funcion damedriveroracle
02 10:35:42:018 Conectado a base de datos
02 10:35:42:021 Proceso CARGA_PEDIDOS encontrado en tabla VDPROCESOS
02 10:35:42:022 Proceso CARGA_PEDIDOS cargado con función procesoperiodico (Librería VDKERNEL.DLL) direccion 70032D10
02 10:35:42:024 PLSQL: INICIALIZADO PAQUETE DE LOG EL DIA 08-07-2022
02 10:35:42:032 Actualizado SID 755 SERIAL 42154 del proceso con PID 19420
02 10:35:42:041 Analizado cursor CCARGAPEDIDOS
02 10:35:42:042 Leidos 1 cursores
01 10:35:42:043 PLSQL: INICIANDO CARGA DE PEDIDOS EN  V10INTERIN_RDRP
01 10:35:42:045 PLSQL: ERROR CARGANDO PEDIDOS
01 10:40:42:046 PLSQL: INICIANDO CARGA DE PEDIDOS EN  V10INTERIN_RDRP
01 10:40:42:049 PLSQL: ERROR CARGANDO PEDIDOS
01 10:45:42:066 PLSQL: INICIANDO CARGA DE PEDIDOS EN  V10INTERIN_RDRP
01 10:45:42:068 PLSQL: ERROR CARGANDO PEDIDOS
01 10:50:42:080 PLSQL: INICIANDO CARGA DE PEDIDOS EN  V10INTERIN_RDRP
01 10:50:42:083 PLSQL: ERROR CARGANDO PEDIDOS
01 10:55:42:101 PLSQL: INICIANDO CARGA DE PEDIDOS EN  V10INTERIN_RDRP
01 10:55:42:106 PLSQL: ERROR CARGANDO PEDIDOS
01 11:00:42:115 PLSQL: INICIANDO CARGA DE PEDIDOS EN  V10INTERIN_RDRP
01 11:00:42:117 PLSQL: ERROR CARGANDO PEDIDOS
01 11:05:42:122 PLSQL: INICIANDO CARGA DE PEDIDOS EN  V10INTERIN_RDRP
01 11:05:42:125 PLSQL: ERROR CARGANDO PEDIDOS
01 11:10:42:131 PLSQL: INICIANDO CARGA DE PEDIDOS EN  V10INTERIN_RDRP
01 11:10:42:134 PLSQL: ERROR CARGANDO PEDIDOS
01 11:15:42:152 PLSQL: INICIANDO CARGA DE PEDIDOS EN  V10INTERIN_RDRP
01 11:15:42:152 PLSQL: ERROR CARGANDO PEDIDOS
01 11:20:42:178 PLSQL: INICIANDO CARGA DE PEDIDOS EN  V10INTERIN_RDRP
01 11:20:42:181 PLSQL: ERROR CARGANDO PEDIDOS
01 11:25:42:188 PLSQL: INICIANDO CARGA DE PEDIDOS EN  V10INTERIN_RDRP
01 11:25:42:190 PLSQL: ERROR CARGANDO PEDIDOS
01 11:30:42:199 PLSQL: INICIANDO CARGA DE PEDIDOS EN  V10INTERIN_RDRP
01 11:30:42:202 PLSQL: ERROR CARGANDO PEDIDOS
01 11:35:42:211 PLSQL: INICIANDO CARGA DE PEDIDOS EN  V10INTERIN_RDRP
01 11:35:42:215 PLSQL: ERROR CARGANDO PEDIDOS
01 11:40:42:229 PLSQL: INICIANDO CARGA DE PEDIDOS EN  V10INTERIN_RDRP
01 11:40:42:233 PLSQL: ERROR CARGANDO PEDIDOS
01 11:45:42:251 PLSQL: INICIANDO CARGA DE PEDIDOS EN  V10INTERIN_RDRP
01 11:45:42:253 PLSQL: ERROR CARGANDO PEDIDOS
01 11:50:42:261 PLSQL: INICIANDO CARGA DE PEDIDOS EN  V10INTERIN_RDRP
01 11:50:42:265 PLSQL: ERROR CARGANDO PEDIDOS
01 11:55:42:282 PLSQL: INICIANDO CARGA DE PEDIDOS EN  V10INTERIN_RDRP
01 11:55:42:283 PLSQL: ERROR CARGANDO PEDIDOS
01 12:00:42:289 PLSQL: INICIANDO CARGA DE PEDIDOS EN  V10INTERIN_RDRP
01 12:00:42:289 PLSQL: ERROR CARGANDO PEDIDOS
01 12:05:42:296 PLSQL: INICIANDO CARGA DE PEDIDOS EN  V10INTERIN_RDRP
01 12:05:42:299 PLSQL: ERROR CARGANDO PEDIDOS
01 12:10:42:305 PLSQL: INICIANDO CARGA DE PEDIDOS EN  V10INTERIN_RDRP
01 12:10:42:309 PLSQL: ERROR CARGANDO PEDIDOS
01 12:15:42:324 PLSQL: INICIANDO CARGA DE PEDIDOS EN  V10INTERIN_RDRP
01 12:15:42:325 PLSQL: ERROR CARGANDO PEDIDOS
01 12:20:42:330 PLSQL: INICIANDO CARGA DE PEDIDOS EN  V10INTERIN_RDRP
01 12:20:42:333 PLSQL: ERROR CARGANDO PEDIDOS
01 12:25:42:347 PLSQL: INICIANDO CARGA DE PEDIDOS EN  V10INTERIN_RDRP
01 12:25:42:350 PLSQL: ERROR CARGANDO PEDIDOS
01 12:30:42:366 PLSQL: INICIANDO CARGA DE PEDIDOS EN  V10INTERIN_RDRP
01 12:30:42:369 PLSQL: ERROR CARGANDO PEDIDOS
01 12:35:42:378 PLSQL: INICIANDO CARGA DE PEDIDOS EN  V10INTERIN_RDRP
01 12:35:42:380 PLSQL: ERROR CARGANDO PEDIDOS
01 12:40:42:394 PLSQL: INICIANDO CARGA DE PEDIDOS EN  V10INTERIN_RDRP
01 12:40:42:398 PLSQL: ERROR CARGANDO PEDIDOS
01 12:45:42:416 PLSQL: INICIANDO CARGA DE PEDIDOS EN  V10INTERIN_RDRP
01 12:45:42:417 PLSQL: ERROR CARGANDO PEDIDOS
01 12:50:42:434 PLSQL: INICIANDO CARGA DE PEDIDOS EN  V10INTERIN_RDRP
01 12:50:42:437 PLSQL: ERROR CARGANDO PEDIDOS
01 12:55:42:447 PLSQL: INICIANDO CARGA DE PEDIDOS EN  V10INTERIN_RDRP
01 12:55:42:451 PLSQL: ERROR CARGANDO PEDIDOS
01 13:00:42:463 PLSQL: INICIANDO CARGA DE PEDIDOS EN  V10INTERIN_RDRP
01 13:00:42:465 PLSQL: ERROR CARGANDO PEDIDOS
01 13:05:42:476 PLSQL: INICIANDO CARGA DE PEDIDOS EN  V10INTERIN_RDRP
01 13:05:42:479 PLSQL: ERROR CARGANDO PEDIDOS
01 13:10:42:486 PLSQL: INICIANDO CARGA DE PEDIDOS EN  V10INTERIN_RDRP
01 13:10:42:487 PLSQL: ERROR CARGANDO PEDIDOS
01 13:15:42:493 PLSQL: INICIANDO CARGA DE PEDIDOS EN  V10INTERIN_RDRP
01 13:15:42:498 PLSQL: ERROR CARGANDO PEDIDOS
01 13:20:42:511 PLSQL: INICIANDO CARGA DE PEDIDOS EN  V10INTERIN_RDRP
01 13:20:42:514 PLSQL: ERROR CARGANDO PEDIDOS
01 13:25:42:517 PLSQL: INICIANDO CARGA DE PEDIDOS EN  V10INTERIN_RDRP
01 13:25:42:520 PLSQL: ERROR CARGANDO PEDIDOS
01 13:38:28:534 PLSQL: INICIANDO CARGA DE PEDIDOS EN  V10INTERIN_RDRP
01 13:38:28:565 PLSQL: ERROR CARGANDO PEDIDOS
01 13:43:28:571 PLSQL: INICIANDO CARGA DE PEDIDOS EN  V10INTERIN_RDRP
01 13:43:28:572 PLSQL: ERROR CARGANDO PEDIDOS
01 13:48:28:587 PLSQL: INICIANDO CARGA DE PEDIDOS EN  V10INTERIN_RDRP
01 13:48:28:588 PLSQL: ERROR CARGANDO PEDIDOS

00 13:51:15:657 Fichero de log cerrado.

