00 14:47:31:704 Fichero de log abierto PID 8800

02 14:47:31:709 Intentando abrir fichero v10.ini
02 14:47:31:714 Cargando driver v10oracle funcion damedriveroracle
02 14:47:32:260 Conectado a base de datos
02 14:47:32:260 Proceso CARGA_ARTICULOS encontrado en tabla VDPROCESOS
02 14:47:32:260 Proceso CARGA_ARTICULOS cargado con función procesoperiodico (Librería VDKERNEL.DLL) direccion 62682D10
02 14:47:32:261 PLSQL: INICIALIZADO PAQUETE DE LOG EL DIA 23-06-2022
02 14:47:32:279 Actualizado SID 753 SERIAL 22903 del proceso con PID 8800
02 14:47:32:340 Analizado cursor CCARGAARTICULOS
02 14:47:32:340 Leidos 1 cursores
01 14:47:32:342 PLSQL: INICIANDO CARGA DE ARTICULOS EN  V10INTERIN_RDRP
01 14:47:32:474 PLSQL: ERROR CARGANDO ARTICULOS
01 14:57:32:513 PLSQL: INICIANDO CARGA DE ARTICULOS EN  V10INTERIN_RDRP
01 14:57:32:529 PLSQL: ERROR CARGANDO ARTICULOS
01 15:07:32:544 PLSQL: INICIANDO CARGA DE ARTICULOS EN  V10INTERIN_RDRP
01 15:07:32:552 PLSQL: ERROR CARGANDO ARTICULOS
00 16:16:47:445 Programa finaliza por Error Oracle Fatal 3135 en cursor
	SELPROEJECUTAINMEDIATO

00 16:16:47:805 Fichero de log cerrado.

00 16:19:02:825 Fichero de log abierto PID 2316

02 16:19:02:827 Intentando abrir fichero v10.ini
02 16:19:02:830 Cargando driver v10oracle funcion damedriveroracle
02 16:19:03:407 Conectado a base de datos
02 16:19:03:407 Proceso CARGA_ARTICULOS encontrado en tabla VDPROCESOS
02 16:19:03:407 Proceso CARGA_ARTICULOS cargado con función procesoperiodico (Librería VDKERNEL.DLL) direccion 6B982D10
02 16:19:03:412 PLSQL: INICIALIZADO PAQUETE DE LOG EL DIA 23-06-2022
02 16:19:03:422 Actualizado SID 263 SERIAL 24610 del proceso con PID 2316
02 16:19:03:422 Analizado cursor CCARGAARTICULOS
02 16:19:03:422 Leidos 1 cursores
01 16:19:03:424 PLSQL: INICIANDO CARGA DE ARTICULOS EN  V10INTERIN_RDRP
01 16:19:03:426 PLSQL: ERROR CARGANDO ARTICULOS
01 16:29:03:433 PLSQL: INICIANDO CARGA DE ARTICULOS EN  V10INTERIN_RDRP
01 16:29:03:433 PLSQL: ERROR CARGANDO ARTICULOS

00 16:36:14:754 Fichero de log cerrado.

00 16:37:29:650 Fichero de log abierto PID 1732

02 16:37:29:652 Intentando abrir fichero v10.ini
02 16:37:29:657 Cargando driver v10oracle funcion damedriveroracle
02 16:37:29:990 Conectado a base de datos
02 16:37:29:994 Proceso CARGA_ARTICULOS encontrado en tabla VDPROCESOS
02 16:37:29:994 Proceso CARGA_ARTICULOS cargado con función procesoperiodico (Librería VDKERNEL.DLL) direccion 6B982D10
02 16:37:29:996 PLSQL: INICIALIZADO PAQUETE DE LOG EL DIA 23-06-2022
02 16:37:30:005 Actualizado SID 256 SERIAL 62076 del proceso con PID 1732
02 16:37:30:005 Analizado cursor CCARGAARTICULOS
02 16:37:30:005 Leidos 1 cursores
01 16:37:30:006 PLSQL: INICIANDO CARGA DE ARTICULOS EN  V10INTERIN_RDRP
01 16:37:30:008 PLSQL: ERROR CARGANDO ARTICULOS
01 16:47:30:016 PLSQL: INICIANDO CARGA DE ARTICULOS EN  V10INTERIN_RDRP
01 16:47:30:018 PLSQL: ERROR CARGANDO ARTICULOS

00 16:52:15:365 Fichero de log cerrado.

00 16:52:29:500 Fichero de log abierto PID 13728

02 16:52:29:530 Intentando abrir fichero v10.ini
02 16:52:29:540 Cargando driver v10oracle funcion damedriveroracle
02 16:52:30:179 Conectado a base de datos
02 16:52:30:180 Proceso CARGA_ARTICULOS encontrado en tabla VDPROCESOS
02 16:52:30:182 Proceso CARGA_ARTICULOS cargado con función procesoperiodico (Librería VDKERNEL.DLL) direccion 6B982D10
02 16:52:30:184 PLSQL: INICIALIZADO PAQUETE DE LOG EL DIA 23-06-2022
02 16:52:30:192 Actualizado SID 633 SERIAL 33049 del proceso con PID 13728
02 16:52:30:194 Analizado cursor CCARGAARTICULOS
02 16:52:30:194 Leidos 1 cursores
01 16:52:30:195 PLSQL: INICIANDO CARGA DE ARTICULOS EN  V10INTERIN_RDRP
01 16:52:30:196 PLSQL: ERROR CARGANDO ARTICULOS
01 17:02:30:201 PLSQL: INICIANDO CARGA DE ARTICULOS EN  V10INTERIN_RDRP
01 17:02:30:205 PLSQL: ERROR CARGANDO ARTICULOS

00 17:06:53:495 Fichero de log cerrado.

00 17:07:20:995 Fichero de log abierto PID 12228

02 17:07:20:997 Intentando abrir fichero v10.ini
02 17:07:21:004 Cargando driver v10oracle funcion damedriveroracle
02 17:07:21:522 Conectado a base de datos
02 17:07:21:522 Proceso CARGA_ARTICULOS encontrado en tabla VDPROCESOS
02 17:07:21:522 Proceso CARGA_ARTICULOS cargado con función procesoperiodico (Librería VDKERNEL.DLL) direccion 6B982D10
02 17:07:21:525 PLSQL: INICIALIZADO PAQUETE DE LOG EL DIA 23-06-2022
02 17:07:21:537 Actualizado SID 128 SERIAL 57321 del proceso con PID 12228
02 17:07:21:537 Analizado cursor CCARGAARTICULOS
02 17:07:21:537 Leidos 1 cursores
01 17:07:21:539 PLSQL: INICIANDO CARGA DE ARTICULOS EN  V10INTERIN_RDRP
01 17:07:21:541 PLSQL: ERROR CARGANDO ARTICULOS
01 17:17:21:558 PLSQL: INICIANDO CARGA DE ARTICULOS EN  V10INTERIN_RDRP
01 17:17:21:559 PLSQL: ERROR CARGANDO ARTICULOS

00 17:17:38:192 Fichero de log cerrado.

00 17:17:45:287 Fichero de log abierto PID 13064

02 17:17:45:290 Intentando abrir fichero v10.ini
02 17:17:45:294 Cargando driver v10oracle funcion damedriveroracle
02 17:17:45:897 Conectado a base de datos
02 17:17:45:897 Proceso CARGA_ARTICULOS encontrado en tabla VDPROCESOS
02 17:17:45:899 Proceso CARGA_ARTICULOS cargado con función procesoperiodico (Librería VDKERNEL.DLL) direccion 6B982D10
02 17:17:45:900 PLSQL: INICIALIZADO PAQUETE DE LOG EL DIA 23-06-2022
02 17:17:45:909 Actualizado SID 129 SERIAL 32585 del proceso con PID 13064
02 17:17:45:910 Analizado cursor CCARGAARTICULOS
02 17:17:45:910 Leidos 1 cursores
01 17:17:45:911 PLSQL: INICIANDO CARGA DE ARTICULOS EN  V10INTERIN_RDRP
01 17:17:45:912 PLSQL: ERROR CARGANDO ARTICULOS
01 17:27:45:921 PLSQL: INICIANDO CARGA DE ARTICULOS EN  V10INTERIN_RDRP
01 17:27:45:922 PLSQL: ERROR CARGANDO ARTICULOS
01 17:37:45:936 PLSQL: INICIANDO CARGA DE ARTICULOS EN  V10INTERIN_RDRP
01 17:37:45:937 PLSQL: ERROR CARGANDO ARTICULOS

00 17:45:44:534 Fichero de log cerrado.

