00 09:43:02:332 Fichero de log abierto PID 1028

02 09:43:02:333 Intentando abrir fichero v10.ini
02 09:43:02:340 Cargando driver v10oracle funcion damedriveroracle
02 09:43:03:070 Conectado a base de datos
02 09:43:03:071 Proceso CARGA_CODARTALT encontrado en tabla VDPROCESOS
02 09:43:03:072 Proceso CARGA_CODARTALT cargado con función procesoperiodico (Librería VDKERNEL.DLL) direccion 70492D10
02 09:43:03:074 PLSQL: INICIALIZADO PAQUETE DE LOG EL DIA 31-03-2022
02 09:43:03:085 Actualizado SID 134 SERIAL 31214 del proceso con PID 1028
02 09:43:03:090 Analizado cursor CCARGAARTICULOS
02 09:43:03:090 Leidos 1 cursores
01 09:43:03:093 PLSQL: INICIANDO CARGA DE CODARTALT EN  V10INTERIN_RDRP
01 09:43:03:095 PLSQL: ERROR CARGANDO CODARTALT
01 09:53:03:104 PLSQL: INICIANDO CARGA DE CODARTALT EN  V10INTERIN_RDRP
01 09:53:03:106 PLSQL: ERROR CARGANDO CODARTALT
01 10:03:03:119 PLSQL: INICIANDO CARGA DE CODARTALT EN  V10INTERIN_RDRP
01 10:03:03:119 PLSQL: ERROR CARGANDO CODARTALT
01 10:13:03:130 PLSQL: INICIANDO CARGA DE CODARTALT EN  V10INTERIN_RDRP
01 10:13:03:130 PLSQL: ERROR CARGANDO CODARTALT
01 10:23:03:149 PLSQL: INICIANDO CARGA DE CODARTALT EN  V10INTERIN_RDRP
01 10:23:03:151 PLSQL: ERROR CARGANDO CODARTALT
01 10:33:03:160 PLSQL: INICIANDO CARGA DE CODARTALT EN  V10INTERIN_RDRP
01 10:33:03:164 PLSQL: ERROR CARGANDO CODARTALT
01 10:43:03:180 PLSQL: INICIANDO CARGA DE CODARTALT EN  V10INTERIN_RDRP
01 10:43:03:181 PLSQL: ERROR CARGANDO CODARTALT
01 10:53:03:187 PLSQL: INICIANDO CARGA DE CODARTALT EN  V10INTERIN_RDRP
01 10:53:03:187 PLSQL: ERROR CARGANDO CODARTALT
01 11:03:03:206 PLSQL: INICIANDO CARGA DE CODARTALT EN  V10INTERIN_RDRP
01 11:03:03:206 PLSQL: ERROR CARGANDO CODARTALT
01 11:16:15:488 PLSQL: INICIANDO CARGA DE CODARTALT EN  V10INTERIN_RDRP
01 11:16:15:488 PLSQL: ERROR CARGANDO CODARTALT
01 11:26:15:508 PLSQL: INICIANDO CARGA DE CODARTALT EN  V10INTERIN_RDRP
01 11:26:15:524 PLSQL: ERROR CARGANDO CODARTALT
01 11:36:15:540 PLSQL: INICIANDO CARGA DE CODARTALT EN  V10INTERIN_RDRP
01 11:36:15:540 PLSQL: ERROR CARGANDO CODARTALT
01 11:46:15:554 PLSQL: INICIANDO CARGA DE CODARTALT EN  V10INTERIN_RDRP
01 11:46:15:555 PLSQL: ERROR CARGANDO CODARTALT
01 11:56:15:562 PLSQL: INICIANDO CARGA DE CODARTALT EN  V10INTERIN_RDRP
01 11:56:15:562 PLSQL: ERROR CARGANDO CODARTALT
01 12:06:15:571 PLSQL: INICIANDO CARGA DE CODARTALT EN  V10INTERIN_RDRP
01 12:06:15:571 PLSQL: ERROR CARGANDO CODARTALT
01 12:16:15:591 PLSQL: INICIANDO CARGA DE CODARTALT EN  V10INTERIN_RDRP
01 12:16:15:591 PLSQL: ERROR CARGANDO CODARTALT
01 12:26:15:611 PLSQL: INICIANDO CARGA DE CODARTALT EN  V10INTERIN_RDRP
01 12:26:15:611 PLSQL: ERROR CARGANDO CODARTALT
01 12:36:15:629 PLSQL: INICIANDO CARGA DE CODARTALT EN  V10INTERIN_RDRP
01 12:36:15:629 PLSQL: ERROR CARGANDO CODARTALT
01 12:46:15:642 PLSQL: INICIANDO CARGA DE CODARTALT EN  V10INTERIN_RDRP
01 12:46:15:642 PLSQL: ERROR CARGANDO CODARTALT
01 12:56:15:653 PLSQL: INICIANDO CARGA DE CODARTALT EN  V10INTERIN_RDRP
01 12:56:15:653 PLSQL: ERROR CARGANDO CODARTALT
01 13:06:15:662 PLSQL: INICIANDO CARGA DE CODARTALT EN  V10INTERIN_RDRP
01 13:06:15:662 PLSQL: ERROR CARGANDO CODARTALT
01 13:16:15:675 PLSQL: INICIANDO CARGA DE CODARTALT EN  V10INTERIN_RDRP
01 13:16:15:679 PLSQL: ERROR CARGANDO CODARTALT
01 13:26:15:684 PLSQL: INICIANDO CARGA DE CODARTALT EN  V10INTERIN_RDRP
01 13:26:15:688 PLSQL: ERROR CARGANDO CODARTALT
01 13:36:15:706 PLSQL: INICIANDO CARGA DE CODARTALT EN  V10INTERIN_RDRP
01 13:36:15:706 PLSQL: ERROR CARGANDO CODARTALT
01 13:46:15:732 PLSQL: INICIANDO CARGA DE CODARTALT EN  V10INTERIN_RDRP
01 13:46:15:733 PLSQL: ERROR CARGANDO CODARTALT
01 13:56:15:741 PLSQL: INICIANDO CARGA DE CODARTALT EN  V10INTERIN_RDRP
01 13:56:15:741 PLSQL: ERROR CARGANDO CODARTALT
01 14:06:15:749 PLSQL: INICIANDO CARGA DE CODARTALT EN  V10INTERIN_RDRP
01 14:06:15:750 PLSQL: ERROR CARGANDO CODARTALT
01 14:16:15:759 PLSQL: INICIANDO CARGA DE CODARTALT EN  V10INTERIN_RDRP
01 14:16:15:762 PLSQL: ERROR CARGANDO CODARTALT

00 14:17:57:457 Fichero de log cerrado.

00 14:18:05:874 Fichero de log abierto PID 14984

02 14:18:05:875 Intentando abrir fichero v10.ini
02 14:18:05:882 Cargando driver v10oracle funcion damedriveroracle
02 14:18:06:450 Conectado a base de datos
02 14:18:06:452 Proceso CARGA_CODARTALT encontrado en tabla VDPROCESOS
02 14:18:06:454 Proceso CARGA_CODARTALT cargado con función procesoperiodico (Librería VDKERNEL.DLL) direccion 70492D10
02 14:18:06:455 PLSQL: INICIALIZADO PAQUETE DE LOG EL DIA 31-03-2022
02 14:18:06:467 Actualizado SID 262 SERIAL 40869 del proceso con PID 14984
02 14:18:06:467 Analizado cursor CCARGAARTICULOS
02 14:18:06:467 Leidos 1 cursores
01 14:18:06:469 PLSQL: INICIANDO CARGA DE CODARTALT EN  V10INTERIN_RDRP
01 14:18:06:470 PLSQL: ERROR CARGANDO CODARTALT
01 14:28:06:477 PLSQL: INICIANDO CARGA DE CODARTALT EN  V10INTERIN_RDRP
01 14:28:06:478 PLSQL: ERROR CARGANDO CODARTALT
01 15:28:39:424 PLSQL: INICIANDO CARGA DE CODARTALT EN  V10INTERIN_RDRP
01 15:28:39:429 PLSQL: ERROR CARGANDO CODARTALT
01 15:38:40:059 PLSQL: INICIANDO CARGA DE CODARTALT EN  V10INTERIN_RDRP
01 15:38:40:074 PLSQL: ERROR CARGANDO CODARTALT
01 15:48:40:095 PLSQL: INICIANDO CARGA DE CODARTALT EN  V10INTERIN_RDRP
01 15:48:40:097 PLSQL: ERROR CARGANDO CODARTALT
01 15:58:40:111 PLSQL: INICIANDO CARGA DE CODARTALT EN  V10INTERIN_RDRP
01 15:58:40:128 PLSQL: ERROR CARGANDO CODARTALT
01 16:08:40:133 PLSQL: INICIANDO CARGA DE CODARTALT EN  V10INTERIN_RDRP
01 16:08:40:134 PLSQL: ERROR CARGANDO CODARTALT
01 16:18:40:148 PLSQL: INICIANDO CARGA DE CODARTALT EN  V10INTERIN_RDRP
01 16:18:40:151 PLSQL: ERROR CARGANDO CODARTALT
01 16:28:40:159 PLSQL: INICIANDO CARGA DE CODARTALT EN  V10INTERIN_RDRP
01 16:28:40:163 PLSQL: ERROR CARGANDO CODARTALT
01 16:38:40:171 PLSQL: INICIANDO CARGA DE CODARTALT EN  V10INTERIN_RDRP
01 16:38:40:172 PLSQL: ERROR CARGANDO CODARTALT
01 16:48:40:173 PLSQL: INICIANDO CARGA DE CODARTALT EN  V10INTERIN_RDRP
01 16:48:40:174 PLSQL: ERROR CARGANDO CODARTALT
01 16:58:40:199 PLSQL: INICIANDO CARGA DE CODARTALT EN  V10INTERIN_RDRP
01 16:58:40:200 PLSQL: ERROR CARGANDO CODARTALT
01 17:08:40:203 PLSQL: INICIANDO CARGA DE CODARTALT EN  V10INTERIN_RDRP
01 17:08:40:207 PLSQL: ERROR CARGANDO CODARTALT
01 17:18:40:211 PLSQL: INICIANDO CARGA DE CODARTALT EN  V10INTERIN_RDRP
01 17:18:40:213 PLSQL: ERROR CARGANDO CODARTALT
01 17:28:40:217 PLSQL: INICIANDO CARGA DE CODARTALT EN  V10INTERIN_RDRP
01 17:28:40:220 PLSQL: ERROR CARGANDO CODARTALT
01 17:38:40:223 PLSQL: INICIANDO CARGA DE CODARTALT EN  V10INTERIN_RDRP
01 17:38:40:226 PLSQL: ERROR CARGANDO CODARTALT
01 17:48:40:237 PLSQL: INICIANDO CARGA DE CODARTALT EN  V10INTERIN_RDRP
01 17:48:40:239 PLSQL: ERROR CARGANDO CODARTALT
01 17:58:40:249 PLSQL: INICIANDO CARGA DE CODARTALT EN  V10INTERIN_RDRP
01 17:58:40:253 PLSQL: ERROR CARGANDO CODARTALT

00 17:58:44:700 Fichero de log cerrado.

