00 09:51:03:401 Fichero de log abierto PID 10588

02 09:51:03:402 Intentando abrir fichero v10.ini
02 09:51:03:408 Cargando driver v10oracle funcion damedriveroracle
02 09:51:04:108 Conectado a base de datos
02 09:51:04:110 Proceso CARGA_PROVEES encontrado en tabla VDPROCESOS
02 09:51:04:111 Proceso CARGA_PROVEES cargado con función procesoperiodico (Librería VDKERNEL.DLL) direccion 6FFB2D10
02 09:51:04:113 PLSQL: INICIALIZADO PAQUETE DE LOG EL DIA 17-03-2022
02 09:51:04:122 Actualizado SID 379 SERIAL 1436 del proceso con PID 10588
02 09:51:04:132 Analizado cursor CCARGAPROVEES
02 09:51:04:132 Leidos 1 cursores
01 09:51:04:136 PLSQL: INICIANDO CARGA DE PROVEES EN  V10INTERIN_RDRP
01 09:51:04:138 PLSQL: ERROR CARGANDO PROVEES
01 10:01:04:145 PLSQL: INICIANDO CARGA DE PROVEES EN  V10INTERIN_RDRP
01 10:01:04:148 PLSQL: ERROR CARGANDO PROVEES
01 10:11:01:351 PLSQL: INICIANDO CARGA DE PROVEES EN  V10INTERIN_RDRP
01 10:11:01:352 PLSQL: ERROR CARGANDO PROVEES
01 10:21:01:366 PLSQL: INICIANDO CARGA DE PROVEES EN  V10INTERIN_RDRP
01 10:21:01:368 PLSQL: ERROR CARGANDO PROVEES
01 10:31:01:371 PLSQL: INICIANDO CARGA DE PROVEES EN  V10INTERIN_RDRP
01 10:31:01:372 PLSQL: ERROR CARGANDO PROVEES
01 10:41:01:382 PLSQL: INICIANDO CARGA DE PROVEES EN  V10INTERIN_RDRP
01 10:41:01:383 PLSQL: ERROR CARGANDO PROVEES
01 10:51:01:385 PLSQL: INICIANDO CARGA DE PROVEES EN  V10INTERIN_RDRP
01 10:51:01:387 PLSQL: ERROR CARGANDO PROVEES
01 11:01:01:390 PLSQL: INICIANDO CARGA DE PROVEES EN  V10INTERIN_RDRP
01 11:01:01:393 PLSQL: ERROR CARGANDO PROVEES
01 11:11:01:401 PLSQL: INICIANDO CARGA DE PROVEES EN  V10INTERIN_RDRP
01 11:11:01:402 PLSQL: ERROR CARGANDO PROVEES
01 11:21:01:412 PLSQL: INICIANDO CARGA DE PROVEES EN  V10INTERIN_RDRP
01 11:21:01:416 PLSQL: ERROR CARGANDO PROVEES
01 11:31:01:428 PLSQL: INICIANDO CARGA DE PROVEES EN  V10INTERIN_RDRP
01 11:31:01:429 PLSQL: ERROR CARGANDO PROVEES
01 11:41:01:441 PLSQL: INICIANDO CARGA DE PROVEES EN  V10INTERIN_RDRP
01 11:41:01:443 PLSQL: ERROR CARGANDO PROVEES
01 11:51:01:451 PLSQL: INICIANDO CARGA DE PROVEES EN  V10INTERIN_RDRP
01 11:51:01:452 PLSQL: ERROR CARGANDO PROVEES
01 12:01:01:458 PLSQL: INICIANDO CARGA DE PROVEES EN  V10INTERIN_RDRP
01 12:01:01:461 PLSQL: ERROR CARGANDO PROVEES
01 12:11:01:474 PLSQL: INICIANDO CARGA DE PROVEES EN  V10INTERIN_RDRP
01 12:11:01:475 PLSQL: ERROR CARGANDO PROVEES
01 12:21:01:477 PLSQL: INICIANDO CARGA DE PROVEES EN  V10INTERIN_RDRP
01 12:21:01:481 PLSQL: ERROR CARGANDO PROVEES
01 12:31:01:487 PLSQL: INICIANDO CARGA DE PROVEES EN  V10INTERIN_RDRP
01 12:31:01:488 PLSQL: ERROR CARGANDO PROVEES
01 12:41:01:494 PLSQL: INICIANDO CARGA DE PROVEES EN  V10INTERIN_RDRP
01 12:41:01:496 PLSQL: ERROR CARGANDO PROVEES
01 12:51:01:500 PLSQL: INICIANDO CARGA DE PROVEES EN  V10INTERIN_RDRP
01 12:51:01:502 PLSQL: ERROR CARGANDO PROVEES
01 13:01:01:519 PLSQL: INICIANDO CARGA DE PROVEES EN  V10INTERIN_RDRP
01 13:01:01:521 PLSQL: ERROR CARGANDO PROVEES
01 13:11:01:531 PLSQL: INICIANDO CARGA DE PROVEES EN  V10INTERIN_RDRP
01 13:11:01:533 PLSQL: ERROR CARGANDO PROVEES
01 13:21:01:536 PLSQL: INICIANDO CARGA DE PROVEES EN  V10INTERIN_RDRP
01 13:21:01:537 PLSQL: ERROR CARGANDO PROVEES
01 13:31:01:551 PLSQL: INICIANDO CARGA DE PROVEES EN  V10INTERIN_RDRP
01 13:31:01:554 PLSQL: ERROR CARGANDO PROVEES
01 13:41:01:562 PLSQL: INICIANDO CARGA DE PROVEES EN  V10INTERIN_RDRP
01 13:41:01:564 PLSQL: ERROR CARGANDO PROVEES
01 13:51:01:579 PLSQL: INICIANDO CARGA DE PROVEES EN  V10INTERIN_RDRP
01 13:51:01:581 PLSQL: ERROR CARGANDO PROVEES
01 14:01:01:587 PLSQL: INICIANDO CARGA DE PROVEES EN  V10INTERIN_RDRP
01 14:01:01:589 PLSQL: ERROR CARGANDO PROVEES
01 14:11:01:602 PLSQL: INICIANDO CARGA DE PROVEES EN  V10INTERIN_RDRP
01 14:11:01:605 PLSQL: ERROR CARGANDO PROVEES
01 14:21:01:613 PLSQL: INICIANDO CARGA DE PROVEES EN  V10INTERIN_RDRP
01 14:21:01:616 PLSQL: ERROR CARGANDO PROVEES
01 14:31:01:628 PLSQL: INICIANDO CARGA DE PROVEES EN  V10INTERIN_RDRP
01 14:31:01:629 PLSQL: ERROR CARGANDO PROVEES
01 15:18:35:826 PLSQL: INICIANDO CARGA DE PROVEES EN  V10INTERIN_RDRP
01 15:18:35:914 PLSQL: ERROR CARGANDO PROVEES
01 15:28:36:607 PLSQL: INICIANDO CARGA DE PROVEES EN  V10INTERIN_RDRP
01 15:28:36:607 PLSQL: ERROR CARGANDO PROVEES
01 15:38:36:620 PLSQL: INICIANDO CARGA DE PROVEES EN  V10INTERIN_RDRP
01 15:38:36:623 PLSQL: ERROR CARGANDO PROVEES
01 15:48:36:626 PLSQL: INICIANDO CARGA DE PROVEES EN  V10INTERIN_RDRP
01 15:48:36:628 PLSQL: ERROR CARGANDO PROVEES
01 15:58:36:629 PLSQL: INICIANDO CARGA DE PROVEES EN  V10INTERIN_RDRP
01 15:58:36:633 PLSQL: ERROR CARGANDO PROVEES
01 16:08:36:647 PLSQL: INICIANDO CARGA DE PROVEES EN  V10INTERIN_RDRP
01 16:08:36:650 PLSQL: ERROR CARGANDO PROVEES
01 16:18:36:666 PLSQL: INICIANDO CARGA DE PROVEES EN  V10INTERIN_RDRP
01 16:18:36:668 PLSQL: ERROR CARGANDO PROVEES
01 16:28:36:674 PLSQL: INICIANDO CARGA DE PROVEES EN  V10INTERIN_RDRP
01 16:28:36:676 PLSQL: ERROR CARGANDO PROVEES
01 16:38:36:687 PLSQL: INICIANDO CARGA DE PROVEES EN  V10INTERIN_RDRP
01 16:38:36:690 PLSQL: ERROR CARGANDO PROVEES
01 16:48:36:693 PLSQL: INICIANDO CARGA DE PROVEES EN  V10INTERIN_RDRP
01 16:48:36:694 PLSQL: ERROR CARGANDO PROVEES
01 16:58:36:708 PLSQL: INICIANDO CARGA DE PROVEES EN  V10INTERIN_RDRP
01 16:58:36:710 PLSQL: ERROR CARGANDO PROVEES
01 17:08:36:718 PLSQL: INICIANDO CARGA DE PROVEES EN  V10INTERIN_RDRP
01 17:08:36:719 PLSQL: ERROR CARGANDO PROVEES
01 17:18:36:735 PLSQL: INICIANDO CARGA DE PROVEES EN  V10INTERIN_RDRP
01 17:18:36:736 PLSQL: ERROR CARGANDO PROVEES
01 17:28:36:751 PLSQL: INICIANDO CARGA DE PROVEES EN  V10INTERIN_RDRP
01 17:28:36:754 PLSQL: ERROR CARGANDO PROVEES
01 17:38:36:764 PLSQL: INICIANDO CARGA DE PROVEES EN  V10INTERIN_RDRP
01 17:38:36:766 PLSQL: ERROR CARGANDO PROVEES
01 17:48:36:781 PLSQL: INICIANDO CARGA DE PROVEES EN  V10INTERIN_RDRP
01 17:48:36:782 PLSQL: ERROR CARGANDO PROVEES

00 17:57:24:242 Fichero de log cerrado.

