00 09:23:04:021 Fichero de log abierto PID 13144

02 09:23:04:022 Intentando abrir fichero v10.ini
02 09:23:04:028 Cargando driver v10oracle funcion damedriveroracle
02 09:23:04:620 Conectado a base de datos
02 09:23:04:622 Proceso CARGA_CLIENTES encontrado en tabla VDPROCESOS
02 09:23:04:622 Proceso CARGA_CLIENTES cargado con función procesoperiodico (Librería VDKERNEL.DLL) direccion 70032D10
02 09:23:04:624 PLSQL: INICIALIZADO PAQUETE DE LOG EL DIA 05-07-2022
02 09:23:04:633 Actualizado SID 870 SERIAL 16794 del proceso con PID 13144
02 09:23:04:852 Analizado cursor CCARGACLIENTES
02 09:23:04:862 Leidos 1 cursores
01 09:23:04:863 PLSQL: INICIANDO CARGA DE CLIENTES EN  V10INTERIN_RDRP
01 09:23:04:865 PLSQL: ERROR CARGANDO CLIENTES
01 09:33:04:879 PLSQL: INICIANDO CARGA DE CLIENTES EN  V10INTERIN_RDRP
01 09:33:04:881 PLSQL: ERROR CARGANDO CLIENTES
01 09:43:04:884 PLSQL: INICIANDO CARGA DE CLIENTES EN  V10INTERIN_RDRP
01 09:43:04:885 PLSQL: ERROR CARGANDO CLIENTES
01 09:53:04:899 PLSQL: INICIANDO CARGA DE CLIENTES EN  V10INTERIN_RDRP
01 09:53:04:903 PLSQL: ERROR CARGANDO CLIENTES
01 10:03:04:911 PLSQL: INICIANDO CARGA DE CLIENTES EN  V10INTERIN_RDRP
01 10:03:04:913 PLSQL: ERROR CARGANDO CLIENTES
01 10:13:04:920 PLSQL: INICIANDO CARGA DE CLIENTES EN  V10INTERIN_RDRP
01 10:13:04:922 PLSQL: ERROR CARGANDO CLIENTES
01 10:23:04:926 PLSQL: INICIANDO CARGA DE CLIENTES EN  V10INTERIN_RDRP
01 10:23:04:928 PLSQL: ERROR CARGANDO CLIENTES
01 10:33:04:936 PLSQL: INICIANDO CARGA DE CLIENTES EN  V10INTERIN_RDRP
01 10:33:04:938 PLSQL: ERROR CARGANDO CLIENTES
01 10:43:04:952 PLSQL: INICIANDO CARGA DE CLIENTES EN  V10INTERIN_RDRP
01 10:43:04:955 PLSQL: ERROR CARGANDO CLIENTES
01 11:12:54:438 PLSQL: INICIANDO CARGA DE CLIENTES EN  V10INTERIN_RDRP
01 11:12:54:440 PLSQL: ERROR CARGANDO CLIENTES
01 11:22:54:457 PLSQL: INICIANDO CARGA DE CLIENTES EN  V10INTERIN_RDRP
01 11:22:54:473 PLSQL: ERROR CARGANDO CLIENTES
01 11:32:54:480 PLSQL: INICIANDO CARGA DE CLIENTES EN  V10INTERIN_RDRP
01 11:32:54:481 PLSQL: ERROR CARGANDO CLIENTES
01 11:42:54:484 PLSQL: INICIANDO CARGA DE CLIENTES EN  V10INTERIN_RDRP
01 11:42:54:486 PLSQL: ERROR CARGANDO CLIENTES
01 11:52:54:498 PLSQL: INICIANDO CARGA DE CLIENTES EN  V10INTERIN_RDRP
01 11:52:54:499 PLSQL: ERROR CARGANDO CLIENTES
01 12:02:54:507 PLSQL: INICIANDO CARGA DE CLIENTES EN  V10INTERIN_RDRP
01 12:02:54:508 PLSQL: ERROR CARGANDO CLIENTES
01 12:12:54:515 PLSQL: INICIANDO CARGA DE CLIENTES EN  V10INTERIN_RDRP
01 12:12:54:517 PLSQL: ERROR CARGANDO CLIENTES
01 12:22:54:525 PLSQL: INICIANDO CARGA DE CLIENTES EN  V10INTERIN_RDRP
01 12:22:54:525 PLSQL: ERROR CARGANDO CLIENTES
01 12:32:54:540 PLSQL: INICIANDO CARGA DE CLIENTES EN  V10INTERIN_RDRP
01 12:32:54:541 PLSQL: ERROR CARGANDO CLIENTES
01 12:42:54:547 PLSQL: INICIANDO CARGA DE CLIENTES EN  V10INTERIN_RDRP
01 12:42:54:549 PLSQL: ERROR CARGANDO CLIENTES
01 12:52:54:564 PLSQL: INICIANDO CARGA DE CLIENTES EN  V10INTERIN_RDRP
01 12:52:54:567 PLSQL: ERROR CARGANDO CLIENTES
01 13:02:54:576 PLSQL: INICIANDO CARGA DE CLIENTES EN  V10INTERIN_RDRP
01 13:02:54:577 PLSQL: ERROR CARGANDO CLIENTES
01 13:12:54:583 PLSQL: INICIANDO CARGA DE CLIENTES EN  V10INTERIN_RDRP
01 13:12:54:586 PLSQL: ERROR CARGANDO CLIENTES
01 13:22:54:589 PLSQL: INICIANDO CARGA DE CLIENTES EN  V10INTERIN_RDRP
01 13:22:54:592 PLSQL: ERROR CARGANDO CLIENTES
01 13:32:54:598 PLSQL: INICIANDO CARGA DE CLIENTES EN  V10INTERIN_RDRP
01 13:32:54:601 PLSQL: ERROR CARGANDO CLIENTES

00 13:36:35:290 Fichero de log cerrado.

00 13:36:38:802 Fichero de log abierto PID 13248

02 13:36:38:805 Intentando abrir fichero v10.ini
02 13:36:38:815 Cargando driver v10oracle funcion damedriveroracle
02 13:36:39:750 Conectado a base de datos
02 13:36:39:752 Proceso CARGA_CLIENTES encontrado en tabla VDPROCESOS
02 13:36:39:752 Proceso CARGA_CLIENTES cargado con función procesoperiodico (Librería VDKERNEL.DLL) direccion 70032D10
02 13:36:39:756 PLSQL: INICIALIZADO PAQUETE DE LOG EL DIA 05-07-2022
02 13:36:39:767 Actualizado SID 257 SERIAL 40100 del proceso con PID 13248
02 13:36:39:774 Analizado cursor CCARGACLIENTES
02 13:36:39:774 Leidos 1 cursores
01 13:36:39:775 PLSQL: INICIANDO CARGA DE CLIENTES EN  V10INTERIN_RDRP
01 13:36:39:777 PLSQL: ERROR CARGANDO CLIENTES
01 13:57:58:535 PLSQL: INICIANDO CARGA DE CLIENTES EN  V10INTERIN_RDRP
01 13:57:58:537 PLSQL: ERROR CARGANDO CLIENTES

00 13:58:57:502 Fichero de log cerrado.

00 13:59:20:189 Fichero de log abierto PID 8584

02 13:59:20:190 Intentando abrir fichero v10.ini
02 13:59:20:197 Cargando driver v10oracle funcion damedriveroracle
02 13:59:20:930 Conectado a base de datos
02 13:59:20:932 Proceso CARGA_CLIENTES encontrado en tabla VDPROCESOS
02 13:59:20:932 Proceso CARGA_CLIENTES cargado con función procesoperiodico (Librería VDKERNEL.DLL) direccion 70032D10
02 13:59:20:934 PLSQL: INICIALIZADO PAQUETE DE LOG EL DIA 05-07-2022
02 13:59:20:952 Actualizado SID 756 SERIAL 50558 del proceso con PID 8584
02 13:59:20:954 Analizado cursor CCARGACLIENTES
02 13:59:20:954 Leidos 1 cursores
01 13:59:20:954 PLSQL: INICIANDO CARGA DE CLIENTES EN  V10INTERIN_RDRP
01 13:59:20:956 PLSQL: ERROR CARGANDO CLIENTES
01 14:09:20:971 PLSQL: INICIANDO CARGA DE CLIENTES EN  V10INTERIN_RDRP
01 14:09:20:971 PLSQL: ERROR CARGANDO CLIENTES
01 14:19:20:990 PLSQL: INICIANDO CARGA DE CLIENTES EN  V10INTERIN_RDRP
01 14:19:20:991 PLSQL: ERROR CARGANDO CLIENTES
01 14:29:21:020 PLSQL: INICIANDO CARGA DE CLIENTES EN  V10INTERIN_RDRP
01 14:29:21:022 PLSQL: ERROR CARGANDO CLIENTES
01 14:39:21:035 PLSQL: INICIANDO CARGA DE CLIENTES EN  V10INTERIN_RDRP
01 14:39:21:038 PLSQL: ERROR CARGANDO CLIENTES
01 14:49:21:046 PLSQL: INICIANDO CARGA DE CLIENTES EN  V10INTERIN_RDRP
01 14:49:21:049 PLSQL: ERROR CARGANDO CLIENTES

00 14:52:23:002 Fichero de log cerrado.

00 14:52:50:244 Fichero de log abierto PID 132

02 14:52:50:245 Intentando abrir fichero v10.ini
02 14:52:50:250 Cargando driver v10oracle funcion damedriveroracle
02 14:52:51:185 Conectado a base de datos
02 14:52:51:187 Proceso CARGA_CLIENTES encontrado en tabla VDPROCESOS
02 14:52:51:189 Proceso CARGA_CLIENTES cargado con función procesoperiodico (Librería VDKERNEL.DLL) direccion 70032D10
02 14:52:51:190 PLSQL: INICIALIZADO PAQUETE DE LOG EL DIA 05-07-2022
02 14:52:51:204 Actualizado SID 870 SERIAL 2514 del proceso con PID 132
02 14:52:51:205 Analizado cursor CCARGACLIENTES
02 14:52:51:205 Leidos 1 cursores
01 14:52:51:205 PLSQL: INICIANDO CARGA DE CLIENTES EN  V10INTERIN_RDRP
01 14:52:51:207 PLSQL: ERROR CARGANDO CLIENTES

00 14:54:38:074 Fichero de log cerrado.

00 14:54:42:844 Fichero de log abierto PID 13348

02 14:54:42:847 Intentando abrir fichero v10.ini
02 14:54:42:855 Cargando driver v10oracle funcion damedriveroracle
02 14:54:43:519 Conectado a base de datos
02 14:54:43:520 Proceso CARGA_CLIENTES encontrado en tabla VDPROCESOS
02 14:54:43:520 Proceso CARGA_CLIENTES cargado con función procesoperiodico (Librería VDKERNEL.DLL) direccion 70032D10
02 14:54:43:523 PLSQL: INICIALIZADO PAQUETE DE LOG EL DIA 05-07-2022
02 14:54:43:532 Actualizado SID 10 SERIAL 64358 del proceso con PID 13348
02 14:54:43:534 Analizado cursor CCARGACLIENTES
02 14:54:43:534 Leidos 1 cursores
01 14:54:43:535 PLSQL: INICIANDO CARGA DE CLIENTES EN  V10INTERIN_RDRP
01 14:54:43:537 PLSQL: ERROR CARGANDO CLIENTES
01 15:04:43:549 PLSQL: INICIANDO CARGA DE CLIENTES EN  V10INTERIN_RDRP
01 15:04:43:550 PLSQL: ERROR CARGANDO CLIENTES
01 15:14:43:567 PLSQL: INICIANDO CARGA DE CLIENTES EN  V10INTERIN_RDRP
01 15:14:43:569 PLSQL: ERROR CARGANDO CLIENTES
01 15:24:43:580 PLSQL: INICIANDO CARGA DE CLIENTES EN  V10INTERIN_RDRP
01 15:24:43:583 PLSQL: ERROR CARGANDO CLIENTES
01 15:34:43:586 PLSQL: INICIANDO CARGA DE CLIENTES EN  V10INTERIN_RDRP
01 15:34:43:588 PLSQL: ERROR CARGANDO CLIENTES
01 15:54:24:195 PLSQL: INICIANDO CARGA DE CLIENTES EN  V10INTERIN_RDRP
01 15:54:24:244 PLSQL: ERROR CARGANDO CLIENTES
01 16:04:24:254 PLSQL: INICIANDO CARGA DE CLIENTES EN  V10INTERIN_RDRP
01 16:04:24:255 PLSQL: ERROR CARGANDO CLIENTES
01 16:14:24:272 PLSQL: INICIANDO CARGA DE CLIENTES EN  V10INTERIN_RDRP
01 16:14:24:274 PLSQL: ERROR CARGANDO CLIENTES
01 16:24:24:284 PLSQL: INICIANDO CARGA DE CLIENTES EN  V10INTERIN_RDRP
01 16:24:24:286 PLSQL: ERROR CARGANDO CLIENTES
01 16:34:24:288 PLSQL: INICIANDO CARGA DE CLIENTES EN  V10INTERIN_RDRP
01 16:34:24:289 PLSQL: ERROR CARGANDO CLIENTES
01 16:44:24:305 PLSQL: INICIANDO CARGA DE CLIENTES EN  V10INTERIN_RDRP
01 16:44:24:307 PLSQL: ERROR CARGANDO CLIENTES
01 16:54:24:325 PLSQL: INICIANDO CARGA DE CLIENTES EN  V10INTERIN_RDRP
01 16:54:24:327 PLSQL: ERROR CARGANDO CLIENTES
01 17:04:24:331 PLSQL: INICIANDO CARGA DE CLIENTES EN  V10INTERIN_RDRP
01 17:04:24:332 PLSQL: ERROR CARGANDO CLIENTES
01 17:14:24:337 PLSQL: INICIANDO CARGA DE CLIENTES EN  V10INTERIN_RDRP
01 17:14:24:339 PLSQL: ERROR CARGANDO CLIENTES
01 17:24:24:351 PLSQL: INICIANDO CARGA DE CLIENTES EN  V10INTERIN_RDRP
01 17:24:24:352 PLSQL: ERROR CARGANDO CLIENTES
01 17:34:24:363 PLSQL: INICIANDO CARGA DE CLIENTES EN  V10INTERIN_RDRP
01 17:34:24:365 PLSQL: ERROR CARGANDO CLIENTES
01 17:46:48:487 PLSQL: INICIANDO CARGA DE CLIENTES EN  V10INTERIN_RDRP
01 17:46:48:489 PLSQL: ERROR CARGANDO CLIENTES

00 17:55:06:112 Fichero de log cerrado.

