00 11:41:46:777 Fichero de log abierto PID 9996

02 11:41:46:779 Intentando abrir fichero v10.ini
02 11:41:46:782 Cargando driver v10oracle funcion damedriveroracle
02 11:41:47:317 Conectado a base de datos
02 11:41:47:319 Proceso CARGA_ARTICULOS encontrado en tabla VDPROCESOS
02 11:41:47:320 Proceso CARGA_ARTICULOS cargado con función procesoperiodico (Librería VDKERNEL.DLL) direccion 6F3D2D10
02 11:41:47:322 PLSQL: INICIALIZADO PAQUETE DE LOG EL DIA 04-07-2022
02 11:41:47:342 Actualizado SID 262 SERIAL 47019 del proceso con PID 9996
02 11:41:47:349 Analizado cursor CCARGAARTICULOS
02 11:41:47:349 Leidos 1 cursores
01 11:41:47:350 PLSQL: INICIANDO CARGA DE ARTICULOS EN  V10INTERIN_RDRP
01 11:41:47:352 PLSQL: ERROR CARGANDO ARTICULOS
01 11:51:47:369 PLSQL: INICIANDO CARGA DE ARTICULOS EN  V10INTERIN_RDRP
01 11:51:47:369 PLSQL: ERROR CARGANDO ARTICULOS
01 12:01:47:390 PLSQL: INICIANDO CARGA DE ARTICULOS EN  V10INTERIN_RDRP
01 12:01:47:390 PLSQL: ERROR CARGANDO ARTICULOS
01 12:11:47:410 PLSQL: INICIANDO CARGA DE ARTICULOS EN  V10INTERIN_RDRP
01 12:11:47:410 PLSQL: ERROR CARGANDO ARTICULOS
01 12:21:47:423 PLSQL: INICIANDO CARGA DE ARTICULOS EN  V10INTERIN_RDRP
01 12:21:47:423 PLSQL: ERROR CARGANDO ARTICULOS
01 12:31:47:438 PLSQL: INICIANDO CARGA DE ARTICULOS EN  V10INTERIN_RDRP
01 12:31:47:438 PLSQL: ERROR CARGANDO ARTICULOS
01 12:41:47:450 PLSQL: INICIANDO CARGA DE ARTICULOS EN  V10INTERIN_RDRP
01 12:41:47:451 PLSQL: ERROR CARGANDO ARTICULOS
01 12:51:47:454 PLSQL: INICIANDO CARGA DE ARTICULOS EN  V10INTERIN_RDRP
01 12:51:47:457 PLSQL: ERROR CARGANDO ARTICULOS
01 13:01:47:463 PLSQL: INICIANDO CARGA DE ARTICULOS EN  V10INTERIN_RDRP
01 13:01:47:465 PLSQL: ERROR CARGANDO ARTICULOS
01 13:11:47:479 PLSQL: INICIANDO CARGA DE ARTICULOS EN  V10INTERIN_RDRP
01 13:11:47:480 PLSQL: ERROR CARGANDO ARTICULOS
01 13:21:47:494 PLSQL: INICIANDO CARGA DE ARTICULOS EN  V10INTERIN_RDRP
01 13:21:47:495 PLSQL: ERROR CARGANDO ARTICULOS
01 13:31:47:509 PLSQL: INICIANDO CARGA DE ARTICULOS EN  V10INTERIN_RDRP
01 13:31:47:512 PLSQL: ERROR CARGANDO ARTICULOS
01 13:41:47:524 PLSQL: INICIANDO CARGA DE ARTICULOS EN  V10INTERIN_RDRP
01 13:41:47:525 PLSQL: ERROR CARGANDO ARTICULOS
01 13:53:17:743 PLSQL: INICIANDO CARGA DE ARTICULOS EN  V10INTERIN_RDRP
01 13:53:17:745 PLSQL: ERROR CARGANDO ARTICULOS
01 14:03:17:762 PLSQL: INICIANDO CARGA DE ARTICULOS EN  V10INTERIN_RDRP
01 14:03:17:779 PLSQL: ERROR CARGANDO ARTICULOS
01 14:13:17:785 PLSQL: INICIANDO CARGA DE ARTICULOS EN  V10INTERIN_RDRP
01 14:13:17:787 PLSQL: ERROR CARGANDO ARTICULOS
01 14:23:17:793 PLSQL: INICIANDO CARGA DE ARTICULOS EN  V10INTERIN_RDRP
01 14:23:17:794 PLSQL: ERROR CARGANDO ARTICULOS
01 14:33:17:810 PLSQL: INICIANDO CARGA DE ARTICULOS EN  V10INTERIN_RDRP
01 14:33:17:811 PLSQL: ERROR CARGANDO ARTICULOS
01 14:43:17:822 PLSQL: INICIANDO CARGA DE ARTICULOS EN  V10INTERIN_RDRP
01 14:43:17:822 PLSQL: ERROR CARGANDO ARTICULOS
01 14:53:17:828 PLSQL: INICIANDO CARGA DE ARTICULOS EN  V10INTERIN_RDRP
01 14:53:17:830 PLSQL: ERROR CARGANDO ARTICULOS
01 15:03:17:835 PLSQL: INICIANDO CARGA DE ARTICULOS EN  V10INTERIN_RDRP
01 15:03:17:836 PLSQL: ERROR CARGANDO ARTICULOS
01 16:01:05:765 PLSQL: INICIANDO CARGA DE ARTICULOS EN  V10INTERIN_RDRP
01 16:01:05:772 PLSQL: ERROR CARGANDO ARTICULOS
01 16:11:05:790 PLSQL: INICIANDO CARGA DE ARTICULOS EN  V10INTERIN_RDRP
01 16:11:05:790 PLSQL: ERROR CARGANDO ARTICULOS
01 16:21:05:812 PLSQL: INICIANDO CARGA DE ARTICULOS EN  V10INTERIN_RDRP
01 16:21:05:813 PLSQL: ERROR CARGANDO ARTICULOS

00 16:28:21:849 Fichero de log cerrado.

00 16:28:32:924 Fichero de log abierto PID 8456

02 16:28:32:925 Intentando abrir fichero v10.ini
02 16:28:32:932 Cargando driver v10oracle funcion damedriveroracle
02 16:28:33:505 Conectado a base de datos
02 16:28:33:507 Proceso CARGA_ARTICULOS encontrado en tabla VDPROCESOS
02 16:28:33:507 Proceso CARGA_ARTICULOS cargado con función procesoperiodico (Librería VDKERNEL.DLL) direccion 6F3D2D10
02 16:28:33:510 PLSQL: INICIALIZADO PAQUETE DE LOG EL DIA 04-07-2022
02 16:28:33:520 Actualizado SID 500 SERIAL 47509 del proceso con PID 8456
02 16:28:33:520 Analizado cursor CCARGAARTICULOS
02 16:28:33:520 Leidos 1 cursores
01 16:28:33:522 PLSQL: INICIANDO CARGA DE ARTICULOS EN  V10INTERIN_RDRP
01 16:28:33:524 PLSQL: ERROR CARGANDO ARTICULOS
01 16:38:33:538 PLSQL: INICIANDO CARGA DE ARTICULOS EN  V10INTERIN_RDRP
01 16:38:33:538 PLSQL: ERROR CARGANDO ARTICULOS
01 16:48:33:554 PLSQL: INICIANDO CARGA DE ARTICULOS EN  V10INTERIN_RDRP
01 16:48:33:556 PLSQL: ERROR CARGANDO ARTICULOS
01 16:58:33:565 PLSQL: INICIANDO CARGA DE ARTICULOS EN  V10INTERIN_RDRP
01 16:58:33:567 PLSQL: ERROR CARGANDO ARTICULOS
01 17:08:33:585 PLSQL: INICIANDO CARGA DE ARTICULOS EN  V10INTERIN_RDRP
01 17:08:33:587 PLSQL: ERROR CARGANDO ARTICULOS
01 17:18:33:604 PLSQL: INICIANDO CARGA DE ARTICULOS EN  V10INTERIN_RDRP
01 17:18:33:605 PLSQL: ERROR CARGANDO ARTICULOS
01 17:28:33:620 PLSQL: INICIANDO CARGA DE ARTICULOS EN  V10INTERIN_RDRP
01 17:28:33:622 PLSQL: ERROR CARGANDO ARTICULOS
01 17:38:33:636 PLSQL: INICIANDO CARGA DE ARTICULOS EN  V10INTERIN_RDRP
01 17:38:33:637 PLSQL: ERROR CARGANDO ARTICULOS
01 17:48:33:646 PLSQL: INICIANDO CARGA DE ARTICULOS EN  V10INTERIN_RDRP
01 17:48:33:648 PLSQL: ERROR CARGANDO ARTICULOS

00 17:57:33:834 Fichero de log cerrado.

