00 09:51:03:502 Fichero de log abierto PID 3388

02 09:51:03:505 Intentando abrir fichero v10.ini
02 09:51:03:510 Cargando driver v10oracle funcion damedriveroracle
02 09:51:04:167 Conectado a base de datos
02 09:51:04:170 Proceso CARGA_CLIENTES encontrado en tabla VDPROCESOS
02 09:51:04:170 Proceso CARGA_CLIENTES cargado con función procesoperiodico (Librería VDKERNEL.DLL) direccion 6FFB2D10
02 09:51:04:172 PLSQL: INICIALIZADO PAQUETE DE LOG EL DIA 17-03-2022
02 09:51:04:182 Actualizado SID 751 SERIAL 13442 del proceso con PID 3388
02 09:51:04:187 Analizado cursor CCARGACLIENTES
02 09:51:04:187 Leidos 1 cursores
01 09:51:04:191 PLSQL: INICIANDO CARGA DE CLIENTES EN  V10INTERIN_RDRP
01 09:51:04:193 PLSQL: ERROR CARGANDO CLIENTES
01 10:01:04:208 PLSQL: INICIANDO CARGA DE CLIENTES EN  V10INTERIN_RDRP
01 10:01:04:210 PLSQL: ERROR CARGANDO CLIENTES
01 10:11:01:412 PLSQL: INICIANDO CARGA DE CLIENTES EN  V10INTERIN_RDRP
01 10:11:01:413 PLSQL: ERROR CARGANDO CLIENTES
01 10:21:01:428 PLSQL: INICIANDO CARGA DE CLIENTES EN  V10INTERIN_RDRP
01 10:21:01:430 PLSQL: ERROR CARGANDO CLIENTES
01 10:31:01:432 PLSQL: INICIANDO CARGA DE CLIENTES EN  V10INTERIN_RDRP
01 10:31:01:434 PLSQL: ERROR CARGANDO CLIENTES
01 10:41:01:445 PLSQL: INICIANDO CARGA DE CLIENTES EN  V10INTERIN_RDRP
01 10:41:01:446 PLSQL: ERROR CARGANDO CLIENTES
01 10:51:01:463 PLSQL: INICIANDO CARGA DE CLIENTES EN  V10INTERIN_RDRP
01 10:51:01:464 PLSQL: ERROR CARGANDO CLIENTES
01 11:01:01:468 PLSQL: INICIANDO CARGA DE CLIENTES EN  V10INTERIN_RDRP
01 11:01:01:486 PLSQL: ERROR CARGANDO CLIENTES
01 11:11:01:496 PLSQL: INICIANDO CARGA DE CLIENTES EN  V10INTERIN_RDRP
01 11:11:01:496 PLSQL: ERROR CARGANDO CLIENTES
01 11:21:01:521 PLSQL: INICIANDO CARGA DE CLIENTES EN  V10INTERIN_RDRP
01 11:21:01:523 PLSQL: ERROR CARGANDO CLIENTES
01 11:31:01:536 PLSQL: INICIANDO CARGA DE CLIENTES EN  V10INTERIN_RDRP
01 11:31:01:537 PLSQL: ERROR CARGANDO CLIENTES
01 11:41:01:551 PLSQL: INICIANDO CARGA DE CLIENTES EN  V10INTERIN_RDRP
01 11:41:01:553 PLSQL: ERROR CARGANDO CLIENTES
01 11:51:01:575 PLSQL: INICIANDO CARGA DE CLIENTES EN  V10INTERIN_RDRP
01 11:51:01:575 PLSQL: ERROR CARGANDO CLIENTES
01 12:01:01:597 PLSQL: INICIANDO CARGA DE CLIENTES EN  V10INTERIN_RDRP
01 12:01:01:613 PLSQL: ERROR CARGANDO CLIENTES
01 12:11:01:629 PLSQL: INICIANDO CARGA DE CLIENTES EN  V10INTERIN_RDRP
01 12:11:01:630 PLSQL: ERROR CARGANDO CLIENTES
01 12:21:01:647 PLSQL: INICIANDO CARGA DE CLIENTES EN  V10INTERIN_RDRP
01 12:21:01:649 PLSQL: ERROR CARGANDO CLIENTES
01 12:31:01:657 PLSQL: INICIANDO CARGA DE CLIENTES EN  V10INTERIN_RDRP
01 12:31:01:658 PLSQL: ERROR CARGANDO CLIENTES
01 12:41:01:681 PLSQL: INICIANDO CARGA DE CLIENTES EN  V10INTERIN_RDRP
01 12:41:01:684 PLSQL: ERROR CARGANDO CLIENTES
01 12:51:01:687 PLSQL: INICIANDO CARGA DE CLIENTES EN  V10INTERIN_RDRP
01 12:51:01:689 PLSQL: ERROR CARGANDO CLIENTES
01 13:01:01:690 PLSQL: INICIANDO CARGA DE CLIENTES EN  V10INTERIN_RDRP
01 13:01:01:693 PLSQL: ERROR CARGANDO CLIENTES
01 13:11:01:703 PLSQL: INICIANDO CARGA DE CLIENTES EN  V10INTERIN_RDRP
01 13:11:01:705 PLSQL: ERROR CARGANDO CLIENTES
01 13:21:01:707 PLSQL: INICIANDO CARGA DE CLIENTES EN  V10INTERIN_RDRP
01 13:21:01:709 PLSQL: ERROR CARGANDO CLIENTES
01 13:31:01:722 PLSQL: INICIANDO CARGA DE CLIENTES EN  V10INTERIN_RDRP
01 13:31:01:724 PLSQL: ERROR CARGANDO CLIENTES
01 13:41:01:732 PLSQL: INICIANDO CARGA DE CLIENTES EN  V10INTERIN_RDRP
01 13:41:01:734 PLSQL: ERROR CARGANDO CLIENTES
01 13:51:01:749 PLSQL: INICIANDO CARGA DE CLIENTES EN  V10INTERIN_RDRP
01 13:51:01:751 PLSQL: ERROR CARGANDO CLIENTES
01 14:01:01:758 PLSQL: INICIANDO CARGA DE CLIENTES EN  V10INTERIN_RDRP
01 14:01:01:761 PLSQL: ERROR CARGANDO CLIENTES
01 14:11:01:772 PLSQL: INICIANDO CARGA DE CLIENTES EN  V10INTERIN_RDRP
01 14:11:01:774 PLSQL: ERROR CARGANDO CLIENTES
01 14:21:01:781 PLSQL: INICIANDO CARGA DE CLIENTES EN  V10INTERIN_RDRP
01 14:21:01:783 PLSQL: ERROR CARGANDO CLIENTES
01 14:31:01:785 PLSQL: INICIANDO CARGA DE CLIENTES EN  V10INTERIN_RDRP
01 14:31:01:786 PLSQL: ERROR CARGANDO CLIENTES
01 15:18:35:826 PLSQL: INICIANDO CARGA DE CLIENTES EN  V10INTERIN_RDRP
01 15:18:35:829 PLSQL: ERROR CARGANDO CLIENTES
01 15:28:35:843 PLSQL: INICIANDO CARGA DE CLIENTES EN  V10INTERIN_RDRP
01 15:28:35:843 PLSQL: ERROR CARGANDO CLIENTES
01 15:38:35:873 PLSQL: INICIANDO CARGA DE CLIENTES EN  V10INTERIN_RDRP
01 15:38:35:874 PLSQL: ERROR CARGANDO CLIENTES
01 15:48:35:876 PLSQL: INICIANDO CARGA DE CLIENTES EN  V10INTERIN_RDRP
01 15:48:35:878 PLSQL: ERROR CARGANDO CLIENTES
01 15:58:35:884 PLSQL: INICIANDO CARGA DE CLIENTES EN  V10INTERIN_RDRP
01 15:58:35:886 PLSQL: ERROR CARGANDO CLIENTES
01 16:08:35:897 PLSQL: INICIANDO CARGA DE CLIENTES EN  V10INTERIN_RDRP
01 16:08:35:898 PLSQL: ERROR CARGANDO CLIENTES
01 16:18:35:906 PLSQL: INICIANDO CARGA DE CLIENTES EN  V10INTERIN_RDRP
01 16:18:35:908 PLSQL: ERROR CARGANDO CLIENTES
01 16:28:35:924 PLSQL: INICIANDO CARGA DE CLIENTES EN  V10INTERIN_RDRP
01 16:28:35:925 PLSQL: ERROR CARGANDO CLIENTES
01 16:38:35:941 PLSQL: INICIANDO CARGA DE CLIENTES EN  V10INTERIN_RDRP
01 16:38:35:945 PLSQL: ERROR CARGANDO CLIENTES
01 16:48:35:958 PLSQL: INICIANDO CARGA DE CLIENTES EN  V10INTERIN_RDRP
01 16:48:35:959 PLSQL: ERROR CARGANDO CLIENTES
01 16:58:35:974 PLSQL: INICIANDO CARGA DE CLIENTES EN  V10INTERIN_RDRP
01 16:58:35:975 PLSQL: ERROR CARGANDO CLIENTES
01 17:08:35:986 PLSQL: INICIANDO CARGA DE CLIENTES EN  V10INTERIN_RDRP
01 17:08:35:987 PLSQL: ERROR CARGANDO CLIENTES
01 17:18:36:002 PLSQL: INICIANDO CARGA DE CLIENTES EN  V10INTERIN_RDRP
01 17:18:36:003 PLSQL: ERROR CARGANDO CLIENTES
01 17:28:36:018 PLSQL: INICIANDO CARGA DE CLIENTES EN  V10INTERIN_RDRP
01 17:28:36:020 PLSQL: ERROR CARGANDO CLIENTES
01 17:38:36:036 PLSQL: INICIANDO CARGA DE CLIENTES EN  V10INTERIN_RDRP
01 17:38:36:037 PLSQL: ERROR CARGANDO CLIENTES
01 17:48:36:049 PLSQL: INICIANDO CARGA DE CLIENTES EN  V10INTERIN_RDRP
01 17:48:36:049 PLSQL: ERROR CARGANDO CLIENTES

00 17:57:24:242 Fichero de log cerrado.

