00 09:09:35:282 Fichero de log abierto PID 17304

02 09:09:35:306 Intentando abrir fichero v10.ini
02 09:09:35:312 Cargando driver v10oracle funcion damedriveroracle
02 09:09:35:950 Conectado a base de datos
02 09:09:35:952 Proceso CARGA_PEDIDOS encontrado en tabla VDPROCESOS
02 09:09:35:952 Proceso CARGA_PEDIDOS cargado con función procesoperiodico (Librería VDKERNEL.DLL) direccion 6FE02D10
02 09:09:35:954 PLSQL: INICIALIZADO PAQUETE DE LOG EL DIA 05-04-2022
02 09:09:35:962 Actualizado SID 508 SERIAL 9418 del proceso con PID 17304
02 09:09:35:967 Analizado cursor CCARGAPEDIDOS
02 09:09:35:967 Leidos 1 cursores
01 09:09:35:968 PLSQL: INICIANDO CARGA DE PEDIDOS EN  V10INTERIN_RDRP
01 09:09:35:971 PLSQL: ERROR CARGANDO PEDIDOS
01 09:14:35:984 PLSQL: INICIANDO CARGA DE PEDIDOS EN  V10INTERIN_RDRP
01 09:14:35:986 PLSQL: ERROR CARGANDO PEDIDOS
01 09:19:35:989 PLSQL: INICIANDO CARGA DE PEDIDOS EN  V10INTERIN_RDRP
01 09:19:35:990 PLSQL: ERROR CARGANDO PEDIDOS
01 09:24:35:996 PLSQL: INICIANDO CARGA DE PEDIDOS EN  V10INTERIN_RDRP
01 09:24:35:998 PLSQL: ERROR CARGANDO PEDIDOS
01 09:29:36:009 PLSQL: INICIANDO CARGA DE PEDIDOS EN  V10INTERIN_RDRP
01 09:29:36:013 PLSQL: ERROR CARGANDO PEDIDOS
01 09:34:36:020 PLSQL: INICIANDO CARGA DE PEDIDOS EN  V10INTERIN_RDRP
01 09:34:36:023 PLSQL: ERROR CARGANDO PEDIDOS
01 09:39:36:039 PLSQL: INICIANDO CARGA DE PEDIDOS EN  V10INTERIN_RDRP
01 09:39:36:040 PLSQL: ERROR CARGANDO PEDIDOS
01 09:44:36:051 PLSQL: INICIANDO CARGA DE PEDIDOS EN  V10INTERIN_RDRP
01 09:44:36:053 PLSQL: ERROR CARGANDO PEDIDOS
01 09:49:36:067 PLSQL: INICIANDO CARGA DE PEDIDOS EN  V10INTERIN_RDRP
01 09:49:36:070 PLSQL: ERROR CARGANDO PEDIDOS
01 09:54:36:079 PLSQL: INICIANDO CARGA DE PEDIDOS EN  V10INTERIN_RDRP
01 09:54:36:080 PLSQL: ERROR CARGANDO PEDIDOS

00 09:57:03:187 Fichero de log cerrado.

00 09:57:16:505 Fichero de log abierto PID 11224

02 09:57:16:512 Intentando abrir fichero v10.ini
02 09:57:16:517 Cargando driver v10oracle funcion damedriveroracle
02 09:57:17:303 Conectado a base de datos
02 09:57:17:306 Proceso CARGA_PEDIDOS encontrado en tabla VDPROCESOS
02 09:57:17:306 Proceso CARGA_PEDIDOS cargado con función procesoperiodico (Librería VDKERNEL.DLL) direccion 6FE02D10
02 09:57:17:308 PLSQL: INICIALIZADO PAQUETE DE LOG EL DIA 05-04-2022
02 09:57:17:318 Actualizado SID 752 SERIAL 36002 del proceso con PID 11224
02 09:57:17:320 Analizado cursor CCARGAPEDIDOS
02 09:57:17:320 Leidos 1 cursores
01 09:57:17:320 PLSQL: INICIANDO CARGA DE PEDIDOS EN  V10INTERIN_RDRP
01 09:57:17:323 PLSQL: ERROR CARGANDO PEDIDOS

00 10:01:40:407 Fichero de log cerrado.

00 10:03:38:727 Fichero de log abierto PID 10716

02 10:03:38:730 Intentando abrir fichero v10.ini
02 10:03:38:736 Cargando driver v10oracle funcion damedriveroracle
02 10:03:39:752 Conectado a base de datos
02 10:03:39:753 Proceso CARGA_PEDIDOS encontrado en tabla VDPROCESOS
02 10:03:39:753 Proceso CARGA_PEDIDOS cargado con función procesoperiodico (Librería VDKERNEL.DLL) direccion 6E092D10
02 10:03:39:756 PLSQL: INICIALIZADO PAQUETE DE LOG EL DIA 05-04-2022
02 10:03:39:767 Actualizado SID 503 SERIAL 22823 del proceso con PID 10716
02 10:03:39:773 Analizado cursor CCARGAPEDIDOS
02 10:03:39:773 Leidos 1 cursores
01 10:03:39:778 PLSQL: INICIANDO CARGA DE PEDIDOS EN  V10INTERIN_RDRP
01 10:03:39:779 PLSQL: ERROR CARGANDO PEDIDOS
01 10:08:39:804 PLSQL: INICIANDO CARGA DE PEDIDOS EN  V10INTERIN_RDRP
01 10:08:39:804 PLSQL: ERROR CARGANDO PEDIDOS
01 10:13:39:814 PLSQL: INICIANDO CARGA DE PEDIDOS EN  V10INTERIN_RDRP
01 10:13:39:815 PLSQL: ERROR CARGANDO PEDIDOS
01 10:18:39:819 PLSQL: INICIANDO CARGA DE PEDIDOS EN  V10INTERIN_RDRP
01 10:18:39:821 PLSQL: ERROR CARGANDO PEDIDOS
01 10:23:39:837 PLSQL: INICIANDO CARGA DE PEDIDOS EN  V10INTERIN_RDRP
01 10:23:39:838 PLSQL: ERROR CARGANDO PEDIDOS
01 10:28:39:845 PLSQL: INICIANDO CARGA DE PEDIDOS EN  V10INTERIN_RDRP
01 10:28:39:846 PLSQL: ERROR CARGANDO PEDIDOS
01 10:33:39:858 PLSQL: INICIANDO CARGA DE PEDIDOS EN  V10INTERIN_RDRP
01 10:33:39:860 PLSQL: ERROR CARGANDO PEDIDOS
01 10:38:39:868 PLSQL: INICIANDO CARGA DE PEDIDOS EN  V10INTERIN_RDRP
01 10:38:39:870 PLSQL: ERROR CARGANDO PEDIDOS
01 10:43:39:877 PLSQL: INICIANDO CARGA DE PEDIDOS EN  V10INTERIN_RDRP
01 10:43:39:879 PLSQL: ERROR CARGANDO PEDIDOS
01 10:48:39:892 PLSQL: INICIANDO CARGA DE PEDIDOS EN  V10INTERIN_RDRP
01 10:48:39:897 PLSQL: ERROR CARGANDO PEDIDOS
01 10:53:39:900 PLSQL: INICIANDO CARGA DE PEDIDOS EN  V10INTERIN_RDRP
01 10:53:39:902 PLSQL: ERROR CARGANDO PEDIDOS
01 10:58:39:905 PLSQL: INICIANDO CARGA DE PEDIDOS EN  V10INTERIN_RDRP
01 10:58:39:907 PLSQL: ERROR CARGANDO PEDIDOS
01 11:03:39:916 PLSQL: INICIANDO CARGA DE PEDIDOS EN  V10INTERIN_RDRP
01 11:03:39:917 PLSQL: ERROR CARGANDO PEDIDOS
01 11:32:04:114 PLSQL: INICIANDO CARGA DE PEDIDOS EN  V10INTERIN_RDRP
01 11:32:04:117 PLSQL: ERROR CARGANDO PEDIDOS
01 11:37:04:124 PLSQL: INICIANDO CARGA DE PEDIDOS EN  V10INTERIN_RDRP
01 11:37:04:125 PLSQL: ERROR CARGANDO PEDIDOS
01 11:42:04:132 PLSQL: INICIANDO CARGA DE PEDIDOS EN  V10INTERIN_RDRP
01 11:42:04:133 PLSQL: ERROR CARGANDO PEDIDOS
01 11:47:04:149 PLSQL: INICIANDO CARGA DE PEDIDOS EN  V10INTERIN_RDRP
01 11:47:04:151 PLSQL: ERROR CARGANDO PEDIDOS
01 11:52:04:161 PLSQL: INICIANDO CARGA DE PEDIDOS EN  V10INTERIN_RDRP
01 11:52:04:162 PLSQL: ERROR CARGANDO PEDIDOS
01 11:57:04:177 PLSQL: INICIANDO CARGA DE PEDIDOS EN  V10INTERIN_RDRP
01 11:57:04:180 PLSQL: ERROR CARGANDO PEDIDOS
01 12:02:04:192 PLSQL: INICIANDO CARGA DE PEDIDOS EN  V10INTERIN_RDRP
01 12:02:04:208 PLSQL: ERROR CARGANDO PEDIDOS
01 12:07:04:230 PLSQL: INICIANDO CARGA DE PEDIDOS EN  V10INTERIN_RDRP
01 12:07:04:233 PLSQL: ERROR CARGANDO PEDIDOS
01 12:12:04:238 PLSQL: INICIANDO CARGA DE PEDIDOS EN  V10INTERIN_RDRP
01 12:12:04:241 PLSQL: ERROR CARGANDO PEDIDOS
01 12:17:04:257 PLSQL: INICIANDO CARGA DE PEDIDOS EN  V10INTERIN_RDRP
01 12:17:04:261 PLSQL: ERROR CARGANDO PEDIDOS
01 12:22:04:268 PLSQL: INICIANDO CARGA DE PEDIDOS EN  V10INTERIN_RDRP
01 12:22:04:271 PLSQL: ERROR CARGANDO PEDIDOS
01 12:27:04:286 PLSQL: INICIANDO CARGA DE PEDIDOS EN  V10INTERIN_RDRP
01 12:27:04:289 PLSQL: ERROR CARGANDO PEDIDOS
01 12:32:04:296 PLSQL: INICIANDO CARGA DE PEDIDOS EN  V10INTERIN_RDRP
01 12:32:04:297 PLSQL: ERROR CARGANDO PEDIDOS
01 12:37:04:325 PLSQL: INICIANDO CARGA DE PEDIDOS EN  V10INTERIN_RDRP
01 12:37:04:327 PLSQL: ERROR CARGANDO PEDIDOS
01 12:42:04:336 PLSQL: INICIANDO CARGA DE PEDIDOS EN  V10INTERIN_RDRP
01 12:42:04:338 PLSQL: ERROR CARGANDO PEDIDOS
01 12:47:04:347 PLSQL: INICIANDO CARGA DE PEDIDOS EN  V10INTERIN_RDRP
01 12:47:04:350 PLSQL: ERROR CARGANDO PEDIDOS
01 12:52:04:359 PLSQL: INICIANDO CARGA DE PEDIDOS EN  V10INTERIN_RDRP
01 12:52:04:431 PLSQL: ERROR CARGANDO PEDIDOS
01 12:57:04:458 PLSQL: INICIANDO CARGA DE PEDIDOS EN  V10INTERIN_RDRP
01 12:57:04:461 PLSQL: ERROR CARGANDO PEDIDOS
01 13:02:04:470 PLSQL: INICIANDO CARGA DE PEDIDOS EN  V10INTERIN_RDRP
01 13:02:04:472 PLSQL: ERROR CARGANDO PEDIDOS
01 13:07:04:484 PLSQL: INICIANDO CARGA DE PEDIDOS EN  V10INTERIN_RDRP
01 13:07:04:485 PLSQL: ERROR CARGANDO PEDIDOS
01 13:12:04:500 PLSQL: INICIANDO CARGA DE PEDIDOS EN  V10INTERIN_RDRP
01 13:12:04:503 PLSQL: ERROR CARGANDO PEDIDOS
01 13:17:04:510 PLSQL: INICIANDO CARGA DE PEDIDOS EN  V10INTERIN_RDRP
01 13:17:04:511 PLSQL: ERROR CARGANDO PEDIDOS
01 13:22:04:517 PLSQL: INICIANDO CARGA DE PEDIDOS EN  V10INTERIN_RDRP
01 13:22:04:520 PLSQL: ERROR CARGANDO PEDIDOS
01 13:27:04:525 PLSQL: INICIANDO CARGA DE PEDIDOS EN  V10INTERIN_RDRP
01 13:27:04:526 PLSQL: ERROR CARGANDO PEDIDOS
01 13:32:04:539 PLSQL: INICIANDO CARGA DE PEDIDOS EN  V10INTERIN_RDRP
01 13:32:04:541 PLSQL: ERROR CARGANDO PEDIDOS
01 13:37:04:553 PLSQL: INICIANDO CARGA DE PEDIDOS EN  V10INTERIN_RDRP
01 13:37:04:556 PLSQL: ERROR CARGANDO PEDIDOS
01 13:42:04:560 PLSQL: INICIANDO CARGA DE PEDIDOS EN  V10INTERIN_RDRP
01 13:42:04:576 PLSQL: ERROR CARGANDO PEDIDOS
01 13:47:04:591 PLSQL: INICIANDO CARGA DE PEDIDOS EN  V10INTERIN_RDRP
01 13:47:04:592 PLSQL: ERROR CARGANDO PEDIDOS
01 13:52:04:603 PLSQL: INICIANDO CARGA DE PEDIDOS EN  V10INTERIN_RDRP
01 13:52:04:605 PLSQL: ERROR CARGANDO PEDIDOS
01 13:57:04:616 PLSQL: INICIANDO CARGA DE PEDIDOS EN  V10INTERIN_RDRP
01 13:57:04:617 PLSQL: ERROR CARGANDO PEDIDOS
01 14:02:04:633 PLSQL: INICIANDO CARGA DE PEDIDOS EN  V10INTERIN_RDRP
01 14:02:04:635 PLSQL: ERROR CARGANDO PEDIDOS
01 14:07:04:651 PLSQL: INICIANDO CARGA DE PEDIDOS EN  V10INTERIN_RDRP
01 14:07:04:653 PLSQL: ERROR CARGANDO PEDIDOS
01 14:12:04:669 PLSQL: INICIANDO CARGA DE PEDIDOS EN  V10INTERIN_RDRP
01 14:12:04:671 PLSQL: ERROR CARGANDO PEDIDOS
01 14:17:04:678 PLSQL: INICIANDO CARGA DE PEDIDOS EN  V10INTERIN_RDRP
01 14:17:04:707 PLSQL: ERROR CARGANDO PEDIDOS
01 14:22:04:721 PLSQL: INICIANDO CARGA DE PEDIDOS EN  V10INTERIN_RDRP
01 14:22:04:722 PLSQL: ERROR CARGANDO PEDIDOS
01 14:27:04:726 PLSQL: INICIANDO CARGA DE PEDIDOS EN  V10INTERIN_RDRP
01 14:27:04:728 PLSQL: ERROR CARGANDO PEDIDOS
01 14:32:04:736 PLSQL: INICIANDO CARGA DE PEDIDOS EN  V10INTERIN_RDRP
01 14:32:04:738 PLSQL: ERROR CARGANDO PEDIDOS
01 14:37:04:744 PLSQL: INICIANDO CARGA DE PEDIDOS EN  V10INTERIN_RDRP
01 14:37:04:765 PLSQL: ERROR CARGANDO PEDIDOS
01 14:42:04:778 PLSQL: INICIANDO CARGA DE PEDIDOS EN  V10INTERIN_RDRP
01 14:42:04:780 PLSQL: ERROR CARGANDO PEDIDOS
01 14:47:04:791 PLSQL: INICIANDO CARGA DE PEDIDOS EN  V10INTERIN_RDRP
01 14:47:04:793 PLSQL: ERROR CARGANDO PEDIDOS
01 14:52:04:797 PLSQL: INICIANDO CARGA DE PEDIDOS EN  V10INTERIN_RDRP
01 14:52:04:799 PLSQL: ERROR CARGANDO PEDIDOS
01 14:57:04:802 PLSQL: INICIANDO CARGA DE PEDIDOS EN  V10INTERIN_RDRP
01 14:57:04:804 PLSQL: ERROR CARGANDO PEDIDOS
01 15:46:31:876 PLSQL: INICIANDO CARGA DE PEDIDOS EN  V10INTERIN_RDRP
01 15:46:31:879 PLSQL: ERROR CARGANDO PEDIDOS
01 15:51:31:896 PLSQL: INICIANDO CARGA DE PEDIDOS EN  V10INTERIN_RDRP
01 15:51:31:897 PLSQL: ERROR CARGANDO PEDIDOS
01 15:56:31:910 PLSQL: INICIANDO CARGA DE PEDIDOS EN  V10INTERIN_RDRP
01 15:56:31:925 PLSQL: ERROR CARGANDO PEDIDOS
01 16:01:31:953 PLSQL: INICIANDO CARGA DE PEDIDOS EN  V10INTERIN_RDRP
01 16:01:31:957 PLSQL: ERROR CARGANDO PEDIDOS
01 16:06:31:971 PLSQL: INICIANDO CARGA DE PEDIDOS EN  V10INTERIN_RDRP
01 16:06:31:973 PLSQL: ERROR CARGANDO PEDIDOS
01 16:11:31:986 PLSQL: INICIANDO CARGA DE PEDIDOS EN  V10INTERIN_RDRP
01 16:11:32:040 PLSQL: ERROR CARGANDO PEDIDOS

00 16:14:51:335 Fichero de log cerrado.

00 16:15:01:715 Fichero de log abierto PID 6968

02 16:15:01:717 Intentando abrir fichero v10.ini
02 16:15:01:725 Cargando driver v10oracle funcion damedriveroracle
02 16:15:02:645 Conectado a base de datos
02 16:15:02:649 Proceso CARGA_PEDIDOS encontrado en tabla VDPROCESOS
02 16:15:02:650 Proceso CARGA_PEDIDOS cargado con función procesoperiodico (Librería VDKERNEL.DLL) direccion 6E092D10
02 16:15:02:654 PLSQL: INICIALIZADO PAQUETE DE LOG EL DIA 05-04-2022
02 16:15:02:679 Actualizado SID 379 SERIAL 9104 del proceso con PID 6968
02 16:15:02:690 Analizado cursor CCARGAPEDIDOS
02 16:15:02:690 Leidos 1 cursores
01 16:15:02:692 PLSQL: INICIANDO CARGA DE PEDIDOS EN  V10INTERIN_RDRP
01 16:15:02:696 PLSQL: ERROR CARGANDO PEDIDOS
01 16:20:02:705 PLSQL: INICIANDO CARGA DE PEDIDOS EN  V10INTERIN_RDRP
01 16:20:02:709 PLSQL: ERROR CARGANDO PEDIDOS
01 16:25:02:717 PLSQL: INICIANDO CARGA DE PEDIDOS EN  V10INTERIN_RDRP
01 16:25:02:720 PLSQL: ERROR CARGANDO PEDIDOS
01 16:30:02:731 PLSQL: INICIANDO CARGA DE PEDIDOS EN  V10INTERIN_RDRP
01 16:30:02:753 PLSQL: ERROR CARGANDO PEDIDOS
01 16:35:02:759 PLSQL: INICIANDO CARGA DE PEDIDOS EN  V10INTERIN_RDRP
01 16:35:02:761 PLSQL: ERROR CARGANDO PEDIDOS
01 16:40:02:767 PLSQL: INICIANDO CARGA DE PEDIDOS EN  V10INTERIN_RDRP
01 16:40:02:783 PLSQL: ERROR CARGANDO PEDIDOS
01 16:45:02:799 PLSQL: INICIANDO CARGA DE PEDIDOS EN  V10INTERIN_RDRP
01 16:45:02:800 PLSQL: ERROR CARGANDO PEDIDOS
01 16:50:02:813 PLSQL: INICIANDO CARGA DE PEDIDOS EN  V10INTERIN_RDRP
01 16:50:02:815 PLSQL: ERROR CARGANDO PEDIDOS
01 16:55:02:826 PLSQL: INICIANDO CARGA DE PEDIDOS EN  V10INTERIN_RDRP
01 16:55:02:828 PLSQL: ERROR CARGANDO PEDIDOS
01 17:00:02:839 PLSQL: INICIANDO CARGA DE PEDIDOS EN  V10INTERIN_RDRP
01 17:00:02:858 PLSQL: ERROR CARGANDO PEDIDOS
01 17:05:02:869 PLSQL: INICIANDO CARGA DE PEDIDOS EN  V10INTERIN_RDRP
01 17:05:02:874 PLSQL: ERROR CARGANDO PEDIDOS
01 17:10:02:878 PLSQL: INICIANDO CARGA DE PEDIDOS EN  V10INTERIN_RDRP
01 17:10:02:880 PLSQL: ERROR CARGANDO PEDIDOS
01 17:15:02:891 PLSQL: INICIANDO CARGA DE PEDIDOS EN  V10INTERIN_RDRP
01 17:15:02:893 PLSQL: ERROR CARGANDO PEDIDOS
01 17:20:02:907 PLSQL: INICIANDO CARGA DE PEDIDOS EN  V10INTERIN_RDRP
01 17:20:02:909 PLSQL: ERROR CARGANDO PEDIDOS
01 17:25:02:922 PLSQL: INICIANDO CARGA DE PEDIDOS EN  V10INTERIN_RDRP
01 17:25:02:923 PLSQL: ERROR CARGANDO PEDIDOS
01 17:30:02:938 PLSQL: INICIANDO CARGA DE PEDIDOS EN  V10INTERIN_RDRP
01 17:30:02:997 PLSQL: ERROR CARGANDO PEDIDOS
01 17:35:03:013 PLSQL: INICIANDO CARGA DE PEDIDOS EN  V10INTERIN_RDRP
01 17:35:03:016 PLSQL: ERROR CARGANDO PEDIDOS
01 17:40:03:026 PLSQL: INICIANDO CARGA DE PEDIDOS EN  V10INTERIN_RDRP
01 17:40:03:027 PLSQL: ERROR CARGANDO PEDIDOS
01 17:45:03:031 PLSQL: INICIANDO CARGA DE PEDIDOS EN  V10INTERIN_RDRP
01 17:45:03:033 PLSQL: ERROR CARGANDO PEDIDOS
01 17:50:03:047 PLSQL: INICIANDO CARGA DE PEDIDOS EN  V10INTERIN_RDRP
01 17:50:03:050 PLSQL: ERROR CARGANDO PEDIDOS
01 17:55:03:055 PLSQL: INICIANDO CARGA DE PEDIDOS EN  V10INTERIN_RDRP
01 17:55:03:056 PLSQL: ERROR CARGANDO PEDIDOS

00 17:58:46:505 Fichero de log cerrado.

