00 09:10:30:512 Fichero de log abierto PID 11928

02 09:10:30:513 Intentando abrir fichero v10.ini
02 09:10:30:520 Cargando driver v10oracle funcion damedriveroracle
02 09:10:30:962 Conectado a base de datos
02 09:10:30:962 Proceso CARGA_PROVEES encontrado en tabla VDPROCESOS
02 09:10:30:965 Proceso CARGA_PROVEES cargado con función procesoperiodico (Librería VDKERNEL.DLL) direccion 6F892D10
02 09:10:30:967 PLSQL: INICIALIZADO PAQUETE DE LOG EL DIA 06-04-2022
02 09:10:30:978 Actualizado SID 873 SERIAL 49981 del proceso con PID 11928
02 09:10:30:985 Analizado cursor CCARGAPROVEES
02 09:10:30:985 Leidos 1 cursores
01 09:10:30:986 PLSQL: INICIANDO CARGA DE PROVEES EN  V10INTERIN_RDRP
01 09:10:30:986 PLSQL: ERROR CARGANDO PROVEES
01 09:20:30:993 PLSQL: INICIANDO CARGA DE PROVEES EN  V10INTERIN_RDRP
01 09:20:30:995 PLSQL: ERROR CARGANDO PROVEES
01 09:30:31:013 PLSQL: INICIANDO CARGA DE PROVEES EN  V10INTERIN_RDRP
01 09:30:31:015 PLSQL: ERROR CARGANDO PROVEES
01 09:40:31:027 PLSQL: INICIANDO CARGA DE PROVEES EN  V10INTERIN_RDRP
01 09:40:31:030 PLSQL: ERROR CARGANDO PROVEES
01 09:50:31:033 PLSQL: INICIANDO CARGA DE PROVEES EN  V10INTERIN_RDRP
01 09:50:31:034 PLSQL: ERROR CARGANDO PROVEES

00 09:52:22:432 Fichero de log cerrado.

00 09:52:39:472 Fichero de log abierto PID 9580

02 09:52:39:473 Intentando abrir fichero v10.ini
02 09:52:39:481 Cargando driver v10oracle funcion damedriveroracle
02 09:52:40:092 Conectado a base de datos
02 09:52:40:093 Proceso CARGA_PROVEES encontrado en tabla VDPROCESOS
02 09:52:40:095 Proceso CARGA_PROVEES cargado con función procesoperiodico (Librería VDKERNEL.DLL) direccion 6F892D10
02 09:52:40:097 PLSQL: INICIALIZADO PAQUETE DE LOG EL DIA 06-04-2022
02 09:52:40:108 Actualizado SID 509 SERIAL 47096 del proceso con PID 9580
02 09:52:40:108 Analizado cursor CCARGAPROVEES
02 09:52:40:108 Leidos 1 cursores
01 09:52:40:111 PLSQL: INICIANDO CARGA DE PROVEES EN  V10INTERIN_RDRP
01 09:52:40:113 PLSQL: ERROR CARGANDO PROVEES
01 10:02:40:118 PLSQL: INICIANDO CARGA DE PROVEES EN  V10INTERIN_RDRP
01 10:02:40:119 PLSQL: ERROR CARGANDO PROVEES
01 10:12:40:134 PLSQL: INICIANDO CARGA DE PROVEES EN  V10INTERIN_RDRP
01 10:12:40:134 PLSQL: ERROR CARGANDO PROVEES
01 10:22:40:144 PLSQL: INICIANDO CARGA DE PROVEES EN  V10INTERIN_RDRP
01 10:22:40:146 PLSQL: ERROR CARGANDO PROVEES
01 10:32:40:163 PLSQL: INICIANDO CARGA DE PROVEES EN  V10INTERIN_RDRP
01 10:32:40:164 PLSQL: ERROR CARGANDO PROVEES
01 10:42:40:166 PLSQL: INICIANDO CARGA DE PROVEES EN  V10INTERIN_RDRP
01 10:42:40:169 PLSQL: ERROR CARGANDO PROVEES
01 10:52:40:177 PLSQL: INICIANDO CARGA DE PROVEES EN  V10INTERIN_RDRP
01 10:52:40:178 PLSQL: ERROR CARGANDO PROVEES
01 11:02:40:183 PLSQL: INICIANDO CARGA DE PROVEES EN  V10INTERIN_RDRP
01 11:02:40:184 PLSQL: ERROR CARGANDO PROVEES
01 11:12:40:201 PLSQL: INICIANDO CARGA DE PROVEES EN  V10INTERIN_RDRP
01 11:12:40:203 PLSQL: ERROR CARGANDO PROVEES
01 11:22:40:211 PLSQL: INICIANDO CARGA DE PROVEES EN  V10INTERIN_RDRP
01 11:22:40:213 PLSQL: ERROR CARGANDO PROVEES
01 11:42:14:950 PLSQL: INICIANDO CARGA DE PROVEES EN  V10INTERIN_RDRP
01 11:42:14:952 PLSQL: ERROR CARGANDO PROVEES
01 11:52:14:957 PLSQL: INICIANDO CARGA DE PROVEES EN  V10INTERIN_RDRP
01 11:52:14:958 PLSQL: ERROR CARGANDO PROVEES
01 12:02:14:969 PLSQL: INICIANDO CARGA DE PROVEES EN  V10INTERIN_RDRP
01 12:02:14:971 PLSQL: ERROR CARGANDO PROVEES
01 12:12:14:988 PLSQL: INICIANDO CARGA DE PROVEES EN  V10INTERIN_RDRP
01 12:12:14:990 PLSQL: ERROR CARGANDO PROVEES
01 12:22:15:002 PLSQL: INICIANDO CARGA DE PROVEES EN  V10INTERIN_RDRP
01 12:22:15:034 PLSQL: ERROR CARGANDO PROVEES
01 12:32:15:043 PLSQL: INICIANDO CARGA DE PROVEES EN  V10INTERIN_RDRP
01 12:32:15:046 PLSQL: ERROR CARGANDO PROVEES
01 12:42:15:061 PLSQL: INICIANDO CARGA DE PROVEES EN  V10INTERIN_RDRP
01 12:42:15:062 PLSQL: ERROR CARGANDO PROVEES
01 12:52:15:088 PLSQL: INICIANDO CARGA DE PROVEES EN  V10INTERIN_RDRP
01 12:52:15:088 PLSQL: ERROR CARGANDO PROVEES
01 13:02:15:111 PLSQL: INICIANDO CARGA DE PROVEES EN  V10INTERIN_RDRP
01 13:02:15:115 PLSQL: ERROR CARGANDO PROVEES
01 13:12:15:118 PLSQL: INICIANDO CARGA DE PROVEES EN  V10INTERIN_RDRP
01 13:12:15:121 PLSQL: ERROR CARGANDO PROVEES
01 13:22:15:128 PLSQL: INICIANDO CARGA DE PROVEES EN  V10INTERIN_RDRP
01 13:22:15:131 PLSQL: ERROR CARGANDO PROVEES
01 13:32:15:135 PLSQL: INICIANDO CARGA DE PROVEES EN  V10INTERIN_RDRP
01 13:32:15:136 PLSQL: ERROR CARGANDO PROVEES
01 13:42:15:139 PLSQL: INICIANDO CARGA DE PROVEES EN  V10INTERIN_RDRP
01 13:42:15:139 PLSQL: ERROR CARGANDO PROVEES
01 13:52:15:165 PLSQL: INICIANDO CARGA DE PROVEES EN  V10INTERIN_RDRP
01 13:52:15:166 PLSQL: ERROR CARGANDO PROVEES
01 14:02:15:183 PLSQL: INICIANDO CARGA DE PROVEES EN  V10INTERIN_RDRP
01 14:02:15:187 PLSQL: ERROR CARGANDO PROVEES
01 14:12:15:199 PLSQL: INICIANDO CARGA DE PROVEES EN  V10INTERIN_RDRP
01 14:12:15:200 PLSQL: ERROR CARGANDO PROVEES
01 14:22:15:205 PLSQL: INICIANDO CARGA DE PROVEES EN  V10INTERIN_RDRP
01 14:22:15:206 PLSQL: ERROR CARGANDO PROVEES
01 14:32:15:211 PLSQL: INICIANDO CARGA DE PROVEES EN  V10INTERIN_RDRP
01 14:32:15:211 PLSQL: ERROR CARGANDO PROVEES
01 14:42:15:217 PLSQL: INICIANDO CARGA DE PROVEES EN  V10INTERIN_RDRP
01 14:42:15:218 PLSQL: ERROR CARGANDO PROVEES
01 14:52:15:225 PLSQL: INICIANDO CARGA DE PROVEES EN  V10INTERIN_RDRP
01 14:52:15:226 PLSQL: ERROR CARGANDO PROVEES
01 15:49:40:854 PLSQL: INICIANDO CARGA DE PROVEES EN  V10INTERIN_RDRP
01 15:49:40:856 PLSQL: ERROR CARGANDO PROVEES
01 15:59:40:869 PLSQL: INICIANDO CARGA DE PROVEES EN  V10INTERIN_RDRP
01 15:59:40:869 PLSQL: ERROR CARGANDO PROVEES
01 16:09:40:884 PLSQL: INICIANDO CARGA DE PROVEES EN  V10INTERIN_RDRP
01 16:09:40:884 PLSQL: ERROR CARGANDO PROVEES
01 16:19:40:912 PLSQL: INICIANDO CARGA DE PROVEES EN  V10INTERIN_RDRP
01 16:19:40:914 PLSQL: ERROR CARGANDO PROVEES
01 16:29:40:930 PLSQL: INICIANDO CARGA DE PROVEES EN  V10INTERIN_RDRP
01 16:29:40:931 PLSQL: ERROR CARGANDO PROVEES
01 16:39:40:947 PLSQL: INICIANDO CARGA DE PROVEES EN  V10INTERIN_RDRP
01 16:39:40:947 PLSQL: ERROR CARGANDO PROVEES
01 16:49:40:978 PLSQL: INICIANDO CARGA DE PROVEES EN  V10INTERIN_RDRP
01 16:49:40:982 PLSQL: ERROR CARGANDO PROVEES
01 16:59:40:987 PLSQL: INICIANDO CARGA DE PROVEES EN  V10INTERIN_RDRP
01 16:59:40:989 PLSQL: ERROR CARGANDO PROVEES
01 17:09:41:001 PLSQL: INICIANDO CARGA DE PROVEES EN  V10INTERIN_RDRP
01 17:09:41:004 PLSQL: ERROR CARGANDO PROVEES
01 17:19:41:016 PLSQL: INICIANDO CARGA DE PROVEES EN  V10INTERIN_RDRP
01 17:19:41:018 PLSQL: ERROR CARGANDO PROVEES
01 17:29:41:028 PLSQL: INICIANDO CARGA DE PROVEES EN  V10INTERIN_RDRP
01 17:29:41:031 PLSQL: ERROR CARGANDO PROVEES
01 17:39:41:042 PLSQL: INICIANDO CARGA DE PROVEES EN  V10INTERIN_RDRP
01 17:39:41:043 PLSQL: ERROR CARGANDO PROVEES
01 17:49:41:055 PLSQL: INICIANDO CARGA DE PROVEES EN  V10INTERIN_RDRP
01 17:49:41:057 PLSQL: ERROR CARGANDO PROVEES

00 17:56:19:852 Fichero de log cerrado.

