00 09:22:31:541 Fichero de log abierto PID 14032

02 09:22:31:543 Intentando abrir fichero v10.ini
02 09:22:31:551 Cargando driver v10oracle funcion damedriveroracle
02 09:22:32:005 Conectado a base de datos
02 09:22:32:007 Proceso CARGA_CODARTALT encontrado en tabla VDPROCESOS
02 09:22:32:007 Proceso CARGA_CODARTALT cargado con función procesoperiodico (Librería VDKERNEL.DLL) direccion 67BB2D10
02 09:22:32:010 PLSQL: INICIALIZADO PAQUETE DE LOG EL DIA 01-07-2022
02 09:22:32:020 Actualizado SID 756 SERIAL 14340 del proceso con PID 14032
02 09:22:32:227 Analizado cursor CCARGAARTICULOS
02 09:22:32:227 Leidos 1 cursores
01 09:22:32:229 PLSQL: INICIANDO CARGA DE CODARTALT EN  V10INTERIN_RDRP
01 09:22:32:229 PLSQL: ERROR CARGANDO CODARTALT
01 09:32:32:254 PLSQL: INICIANDO CARGA DE CODARTALT EN  V10INTERIN_RDRP
01 09:32:32:255 PLSQL: ERROR CARGANDO CODARTALT
01 09:42:32:264 PLSQL: INICIANDO CARGA DE CODARTALT EN  V10INTERIN_RDRP
01 09:42:32:280 PLSQL: ERROR CARGANDO CODARTALT
01 09:52:32:307 PLSQL: INICIANDO CARGA DE CODARTALT EN  V10INTERIN_RDRP
01 09:52:32:308 PLSQL: ERROR CARGANDO CODARTALT
01 10:02:32:341 PLSQL: INICIANDO CARGA DE CODARTALT EN  V10INTERIN_RDRP
01 10:02:32:341 PLSQL: ERROR CARGANDO CODARTALT
01 10:12:32:366 PLSQL: INICIANDO CARGA DE CODARTALT EN  V10INTERIN_RDRP
01 10:12:32:366 PLSQL: ERROR CARGANDO CODARTALT
01 10:22:32:387 PLSQL: INICIANDO CARGA DE CODARTALT EN  V10INTERIN_RDRP
01 10:22:32:390 PLSQL: ERROR CARGANDO CODARTALT
01 10:32:32:393 PLSQL: INICIANDO CARGA DE CODARTALT EN  V10INTERIN_RDRP
01 10:32:32:393 PLSQL: ERROR CARGANDO CODARTALT
01 10:42:32:414 PLSQL: INICIANDO CARGA DE CODARTALT EN  V10INTERIN_RDRP
01 10:42:32:414 PLSQL: ERROR CARGANDO CODARTALT
01 10:52:32:436 PLSQL: INICIANDO CARGA DE CODARTALT EN  V10INTERIN_RDRP
01 10:52:32:436 PLSQL: ERROR CARGANDO CODARTALT
01 11:02:32:448 PLSQL: INICIANDO CARGA DE CODARTALT EN  V10INTERIN_RDRP
01 11:02:32:448 PLSQL: ERROR CARGANDO CODARTALT
01 11:12:32:456 PLSQL: INICIANDO CARGA DE CODARTALT EN  V10INTERIN_RDRP
01 11:12:32:457 PLSQL: ERROR CARGANDO CODARTALT
01 11:34:23:203 PLSQL: INICIANDO CARGA DE CODARTALT EN  V10INTERIN_RDRP
01 11:34:23:203 PLSQL: ERROR CARGANDO CODARTALT
01 11:44:23:232 PLSQL: INICIANDO CARGA DE CODARTALT EN  V10INTERIN_RDRP
01 11:44:23:232 PLSQL: ERROR CARGANDO CODARTALT
01 11:54:23:248 PLSQL: INICIANDO CARGA DE CODARTALT EN  V10INTERIN_RDRP
01 11:54:23:250 PLSQL: ERROR CARGANDO CODARTALT
01 12:04:23:275 PLSQL: INICIANDO CARGA DE CODARTALT EN  V10INTERIN_RDRP
01 12:04:23:291 PLSQL: ERROR CARGANDO CODARTALT
01 12:14:23:316 PLSQL: INICIANDO CARGA DE CODARTALT EN  V10INTERIN_RDRP
01 12:14:23:335 PLSQL: ERROR CARGANDO CODARTALT
01 12:24:23:363 PLSQL: INICIANDO CARGA DE CODARTALT EN  V10INTERIN_RDRP
01 12:24:23:364 PLSQL: ERROR CARGANDO CODARTALT
01 12:34:23:391 PLSQL: INICIANDO CARGA DE CODARTALT EN  V10INTERIN_RDRP
01 12:34:23:392 PLSQL: ERROR CARGANDO CODARTALT
01 12:44:23:426 PLSQL: INICIANDO CARGA DE CODARTALT EN  V10INTERIN_RDRP
01 12:44:23:428 PLSQL: ERROR CARGANDO CODARTALT
01 12:54:23:446 PLSQL: INICIANDO CARGA DE CODARTALT EN  V10INTERIN_RDRP
01 12:54:23:447 PLSQL: ERROR CARGANDO CODARTALT
01 13:04:23:472 PLSQL: INICIANDO CARGA DE CODARTALT EN  V10INTERIN_RDRP
01 13:04:23:473 PLSQL: ERROR CARGANDO CODARTALT

00 13:10:20:345 Fichero de log cerrado.

