00 10:16:34:653 Fichero de log abierto PID 5496

02 10:16:34:655 Intentando abrir fichero v10.ini
02 10:16:34:661 Cargando driver v10oracle funcion damedriveroracle
02 10:16:35:168 Conectado a base de datos
02 10:16:35:170 Proceso CARGA_PROVEES encontrado en tabla VDPROCESOS
02 10:16:35:171 Proceso CARGA_PROVEES cargado con función procesoperiodico (Librería VDKERNEL.DLL) direccion 705E2D10
02 10:16:35:172 PLSQL: INICIALIZADO PAQUETE DE LOG EL DIA 30-03-2022
02 10:16:35:190 Actualizado SID 376 SERIAL 6595 del proceso con PID 5496
02 10:16:35:398 Analizado cursor CCARGAPROVEES
02 10:16:35:406 Leidos 1 cursores
01 10:16:35:407 PLSQL: INICIANDO CARGA DE PROVEES EN  V10INTERIN_RDRP
01 10:16:35:408 PLSQL: ERROR CARGANDO PROVEES
01 10:26:35:411 PLSQL: INICIANDO CARGA DE PROVEES EN  V10INTERIN_RDRP
01 10:26:35:411 PLSQL: ERROR CARGANDO PROVEES
01 10:36:34:002 PLSQL: INICIANDO CARGA DE PROVEES EN  V10INTERIN_RDRP
01 10:36:34:005 PLSQL: ERROR CARGANDO PROVEES
01 10:46:34:020 PLSQL: INICIANDO CARGA DE PROVEES EN  V10INTERIN_RDRP
01 10:46:34:022 PLSQL: ERROR CARGANDO PROVEES
01 10:56:34:030 PLSQL: INICIANDO CARGA DE PROVEES EN  V10INTERIN_RDRP
01 10:56:34:035 PLSQL: ERROR CARGANDO PROVEES
01 11:15:31:604 PLSQL: INICIANDO CARGA DE PROVEES EN  V10INTERIN_RDRP
01 11:15:31:606 PLSQL: ERROR CARGANDO PROVEES
01 11:25:32:285 PLSQL: INICIANDO CARGA DE PROVEES EN  V10INTERIN_RDRP
01 11:25:32:285 PLSQL: ERROR CARGANDO PROVEES
01 11:35:32:304 PLSQL: INICIANDO CARGA DE PROVEES EN  V10INTERIN_RDRP
01 11:35:32:308 PLSQL: ERROR CARGANDO PROVEES
01 11:45:32:340 PLSQL: INICIANDO CARGA DE PROVEES EN  V10INTERIN_RDRP
01 11:45:32:341 PLSQL: ERROR CARGANDO PROVEES
01 11:55:32:346 PLSQL: INICIANDO CARGA DE PROVEES EN  V10INTERIN_RDRP
01 11:55:32:351 PLSQL: ERROR CARGANDO PROVEES
01 12:05:32:361 PLSQL: INICIANDO CARGA DE PROVEES EN  V10INTERIN_RDRP
01 12:05:32:363 PLSQL: ERROR CARGANDO PROVEES
01 12:15:32:366 PLSQL: INICIANDO CARGA DE PROVEES EN  V10INTERIN_RDRP
01 12:15:32:367 PLSQL: ERROR CARGANDO PROVEES
01 12:25:32:399 PLSQL: INICIANDO CARGA DE PROVEES EN  V10INTERIN_RDRP
01 12:25:32:399 PLSQL: ERROR CARGANDO PROVEES
01 12:35:32:415 PLSQL: INICIANDO CARGA DE PROVEES EN  V10INTERIN_RDRP
01 12:35:32:418 PLSQL: ERROR CARGANDO PROVEES
01 12:45:32:433 PLSQL: INICIANDO CARGA DE PROVEES EN  V10INTERIN_RDRP
01 12:45:32:436 PLSQL: ERROR CARGANDO PROVEES
01 12:55:32:439 PLSQL: INICIANDO CARGA DE PROVEES EN  V10INTERIN_RDRP
01 12:55:32:443 PLSQL: ERROR CARGANDO PROVEES
01 13:05:32:451 PLSQL: INICIANDO CARGA DE PROVEES EN  V10INTERIN_RDRP
01 13:05:32:453 PLSQL: ERROR CARGANDO PROVEES
01 13:15:32:468 PLSQL: INICIANDO CARGA DE PROVEES EN  V10INTERIN_RDRP
01 13:15:32:470 PLSQL: ERROR CARGANDO PROVEES
01 13:25:32:484 PLSQL: INICIANDO CARGA DE PROVEES EN  V10INTERIN_RDRP
01 13:25:32:485 PLSQL: ERROR CARGANDO PROVEES
01 13:35:32:494 PLSQL: INICIANDO CARGA DE PROVEES EN  V10INTERIN_RDRP
01 13:35:32:495 PLSQL: ERROR CARGANDO PROVEES

00 13:42:33:554 Fichero de log cerrado.

00 13:42:40:142 Fichero de log abierto PID 9984

02 13:42:40:144 Intentando abrir fichero v10.ini
02 13:42:40:152 Cargando driver v10oracle funcion damedriveroracle
02 13:42:41:009 Conectado a base de datos
02 13:42:41:010 Proceso CARGA_PROVEES encontrado en tabla VDPROCESOS
02 13:42:41:010 Proceso CARGA_PROVEES cargado con función procesoperiodico (Librería VDKERNEL.DLL) direccion 705E2D10
02 13:42:41:013 PLSQL: INICIALIZADO PAQUETE DE LOG EL DIA 30-03-2022
02 13:42:41:022 Actualizado SID 265 SERIAL 48294 del proceso con PID 9984
02 13:42:41:024 Analizado cursor CCARGAPROVEES
02 13:42:41:024 Leidos 1 cursores
01 13:42:41:025 PLSQL: INICIANDO CARGA DE PROVEES EN  V10INTERIN_RDRP
01 13:42:41:027 PLSQL: ERROR CARGANDO PROVEES
01 13:52:41:035 PLSQL: INICIANDO CARGA DE PROVEES EN  V10INTERIN_RDRP
01 13:52:41:037 PLSQL: ERROR CARGANDO PROVEES
01 14:02:41:054 PLSQL: INICIANDO CARGA DE PROVEES EN  V10INTERIN_RDRP
01 14:02:41:055 PLSQL: ERROR CARGANDO PROVEES
01 14:12:41:061 PLSQL: INICIANDO CARGA DE PROVEES EN  V10INTERIN_RDRP
01 14:12:41:063 PLSQL: ERROR CARGANDO PROVEES
01 14:22:41:075 PLSQL: INICIANDO CARGA DE PROVEES EN  V10INTERIN_RDRP
01 14:22:41:077 PLSQL: ERROR CARGANDO PROVEES
01 15:17:58:034 PLSQL: INICIANDO CARGA DE PROVEES EN  V10INTERIN_RDRP
01 15:17:58:036 PLSQL: ERROR CARGANDO PROVEES

00 15:19:56:207 Fichero de log cerrado.

00 15:19:59:982 Fichero de log abierto PID 16264

02 15:19:59:985 Intentando abrir fichero v10.ini
02 15:19:59:992 Cargando driver v10oracle funcion damedriveroracle
02 15:20:01:027 Conectado a base de datos
02 15:20:01:030 Proceso CARGA_PROVEES encontrado en tabla VDPROCESOS
02 15:20:01:030 Proceso CARGA_PROVEES cargado con función procesoperiodico (Librería VDKERNEL.DLL) direccion 705E2D10
02 15:20:01:032 PLSQL: INICIALIZADO PAQUETE DE LOG EL DIA 30-03-2022
02 15:20:01:045 Actualizado SID 376 SERIAL 3678 del proceso con PID 16264
02 15:20:01:047 Analizado cursor CCARGAPROVEES
02 15:20:01:047 Leidos 1 cursores
01 15:20:01:048 PLSQL: INICIANDO CARGA DE PROVEES EN  V10INTERIN_RDRP
01 15:20:01:050 PLSQL: ERROR CARGANDO PROVEES
01 15:30:01:067 PLSQL: INICIANDO CARGA DE PROVEES EN  V10INTERIN_RDRP
01 15:30:01:068 PLSQL: ERROR CARGANDO PROVEES
01 15:40:01:071 PLSQL: INICIANDO CARGA DE PROVEES EN  V10INTERIN_RDRP
01 15:40:01:074 PLSQL: ERROR CARGANDO PROVEES
01 15:50:01:079 PLSQL: INICIANDO CARGA DE PROVEES EN  V10INTERIN_RDRP
01 15:50:01:080 PLSQL: ERROR CARGANDO PROVEES
01 16:00:01:088 PLSQL: INICIANDO CARGA DE PROVEES EN  V10INTERIN_RDRP
01 16:00:01:091 PLSQL: ERROR CARGANDO PROVEES

00 16:07:52:437 Fichero de log cerrado.

00 16:08:00:197 Fichero de log abierto PID 18828

02 16:08:00:199 Intentando abrir fichero v10.ini
02 16:08:00:207 Cargando driver v10oracle funcion damedriveroracle
02 16:08:02:630 Conectado a base de datos
02 16:08:02:634 Proceso CARGA_PROVEES encontrado en tabla VDPROCESOS
02 16:08:02:637 Proceso CARGA_PROVEES cargado con función procesoperiodico (Librería VDKERNEL.DLL) direccion 705E2D10
02 16:08:02:643 PLSQL: INICIALIZADO PAQUETE DE LOG EL DIA 30-03-2022
02 16:08:02:672 Actualizado SID 140 SERIAL 17037 del proceso con PID 18828
02 16:08:02:674 Analizado cursor CCARGAPROVEES
02 16:08:02:674 Leidos 1 cursores
01 16:08:02:676 PLSQL: INICIANDO CARGA DE PROVEES EN  V10INTERIN_RDRP
01 16:08:02:681 PLSQL: ERROR CARGANDO PROVEES
01 16:18:02:685 PLSQL: INICIANDO CARGA DE PROVEES EN  V10INTERIN_RDRP
01 16:18:02:686 PLSQL: ERROR CARGANDO PROVEES
01 16:28:02:703 PLSQL: INICIANDO CARGA DE PROVEES EN  V10INTERIN_RDRP
01 16:28:02:704 PLSQL: ERROR CARGANDO PROVEES
01 16:38:02:710 PLSQL: INICIANDO CARGA DE PROVEES EN  V10INTERIN_RDRP
01 16:38:02:712 PLSQL: ERROR CARGANDO PROVEES
01 16:48:02:718 PLSQL: INICIANDO CARGA DE PROVEES EN  V10INTERIN_RDRP
01 16:48:02:719 PLSQL: ERROR CARGANDO PROVEES
01 16:58:02:735 PLSQL: INICIANDO CARGA DE PROVEES EN  V10INTERIN_RDRP
01 16:58:02:736 PLSQL: ERROR CARGANDO PROVEES
01 17:08:02:746 PLSQL: INICIANDO CARGA DE PROVEES EN  V10INTERIN_RDRP
01 17:08:02:747 PLSQL: ERROR CARGANDO PROVEES

00 17:18:02:694 Fichero de log cerrado.

00 17:18:06:627 Fichero de log abierto PID 14224

02 17:18:06:632 Intentando abrir fichero v10.ini
02 17:18:06:647 Cargando driver v10oracle funcion damedriveroracle
02 17:18:08:435 Conectado a base de datos
02 17:18:08:444 Proceso CARGA_PROVEES encontrado en tabla VDPROCESOS
02 17:18:08:447 Proceso CARGA_PROVEES cargado con función procesoperiodico (Librería VDKERNEL.DLL) direccion 705E2D10
02 17:18:08:451 PLSQL: INICIALIZADO PAQUETE DE LOG EL DIA 30-03-2022
02 17:18:08:482 Actualizado SID 265 SERIAL 1017 del proceso con PID 14224
02 17:18:08:485 Analizado cursor CCARGAPROVEES
02 17:18:08:485 Leidos 1 cursores
01 17:18:08:487 PLSQL: INICIANDO CARGA DE PROVEES EN  V10INTERIN_RDRP
01 17:18:08:493 PLSQL: ERROR CARGANDO PROVEES
01 17:28:08:504 PLSQL: INICIANDO CARGA DE PROVEES EN  V10INTERIN_RDRP
01 17:28:08:504 PLSQL: ERROR CARGANDO PROVEES
01 17:38:08:526 PLSQL: INICIANDO CARGA DE PROVEES EN  V10INTERIN_RDRP
01 17:38:08:528 PLSQL: ERROR CARGANDO PROVEES
01 17:48:08:530 PLSQL: INICIANDO CARGA DE PROVEES EN  V10INTERIN_RDRP
01 17:48:08:532 PLSQL: ERROR CARGANDO PROVEES
01 17:58:08:546 PLSQL: INICIANDO CARGA DE PROVEES EN  V10INTERIN_RDRP
01 17:58:08:547 PLSQL: ERROR CARGANDO PROVEES

00 17:59:17:454 Fichero de log cerrado.

