00 09:03:10:005 Fichero de log abierto PID 15124

02 09:03:10:007 Intentando abrir fichero v10.ini
02 09:03:10:012 Cargando driver v10oracle funcion damedriveroracle
02 09:03:10:667 Conectado a base de datos
02 09:03:10:668 Proceso CARGA_PEDIDOS encontrado en tabla VDPROCESOS
02 09:03:10:670 Proceso CARGA_PEDIDOS cargado con función procesoperiodico (Librería VDKERNEL.DLL) direccion 6FFE2D10
02 09:03:10:672 PLSQL: INICIALIZADO PAQUETE DE LOG EL DIA 18-03-2022
02 09:03:10:682 Actualizado SID 506 SERIAL 13614 del proceso con PID 15124
02 09:03:10:687 Analizado cursor CCARGAPEDIDOS
02 09:03:10:687 Leidos 1 cursores
01 09:03:10:689 PLSQL: INICIANDO CARGA DE PEDIDOS EN  V10INTERIN_RDRP
01 09:03:10:691 PLSQL: ERROR CARGANDO PEDIDOS
01 09:08:10:696 PLSQL: INICIANDO CARGA DE PEDIDOS EN  V10INTERIN_RDRP
01 09:08:10:699 PLSQL: ERROR CARGANDO PEDIDOS
01 09:13:10:704 PLSQL: INICIANDO CARGA DE PEDIDOS EN  V10INTERIN_RDRP
01 09:13:10:705 PLSQL: ERROR CARGANDO PEDIDOS
01 09:18:10:721 PLSQL: INICIANDO CARGA DE PEDIDOS EN  V10INTERIN_RDRP
01 09:18:10:722 PLSQL: ERROR CARGANDO PEDIDOS
01 09:23:10:725 PLSQL: INICIANDO CARGA DE PEDIDOS EN  V10INTERIN_RDRP
01 09:23:10:728 PLSQL: ERROR CARGANDO PEDIDOS
01 09:28:10:744 PLSQL: INICIANDO CARGA DE PEDIDOS EN  V10INTERIN_RDRP
01 09:28:10:744 PLSQL: ERROR CARGANDO PEDIDOS
01 09:33:10:747 PLSQL: INICIANDO CARGA DE PEDIDOS EN  V10INTERIN_RDRP
01 09:33:10:748 PLSQL: ERROR CARGANDO PEDIDOS
01 09:38:10:757 PLSQL: INICIANDO CARGA DE PEDIDOS EN  V10INTERIN_RDRP
01 09:38:10:759 PLSQL: ERROR CARGANDO PEDIDOS
01 09:43:10:766 PLSQL: INICIANDO CARGA DE PEDIDOS EN  V10INTERIN_RDRP
01 09:43:10:767 PLSQL: ERROR CARGANDO PEDIDOS
01 09:48:10:772 PLSQL: INICIANDO CARGA DE PEDIDOS EN  V10INTERIN_RDRP
01 09:48:10:775 PLSQL: ERROR CARGANDO PEDIDOS
01 09:53:10:789 PLSQL: INICIANDO CARGA DE PEDIDOS EN  V10INTERIN_RDRP
01 09:53:10:791 PLSQL: ERROR CARGANDO PEDIDOS
01 09:58:10:805 PLSQL: INICIANDO CARGA DE PEDIDOS EN  V10INTERIN_RDRP
01 09:58:10:806 PLSQL: ERROR CARGANDO PEDIDOS
01 10:03:10:815 PLSQL: INICIANDO CARGA DE PEDIDOS EN  V10INTERIN_RDRP
01 10:03:10:816 PLSQL: ERROR CARGANDO PEDIDOS
01 10:08:10:826 PLSQL: INICIANDO CARGA DE PEDIDOS EN  V10INTERIN_RDRP
01 10:08:10:830 PLSQL: ERROR CARGANDO PEDIDOS
01 10:13:10:839 PLSQL: INICIANDO CARGA DE PEDIDOS EN  V10INTERIN_RDRP
01 10:13:10:841 PLSQL: ERROR CARGANDO PEDIDOS
01 10:18:10:848 PLSQL: INICIANDO CARGA DE PEDIDOS EN  V10INTERIN_RDRP
01 10:18:10:849 PLSQL: ERROR CARGANDO PEDIDOS
01 10:23:10:866 PLSQL: INICIANDO CARGA DE PEDIDOS EN  V10INTERIN_RDRP
01 10:23:10:870 PLSQL: ERROR CARGANDO PEDIDOS
01 10:28:10:885 PLSQL: INICIANDO CARGA DE PEDIDOS EN  V10INTERIN_RDRP
01 10:28:10:889 PLSQL: ERROR CARGANDO PEDIDOS
01 10:33:10:894 PLSQL: INICIANDO CARGA DE PEDIDOS EN  V10INTERIN_RDRP
01 10:33:10:896 PLSQL: ERROR CARGANDO PEDIDOS
01 10:38:10:906 PLSQL: INICIANDO CARGA DE PEDIDOS EN  V10INTERIN_RDRP
01 10:38:10:908 PLSQL: ERROR CARGANDO PEDIDOS
01 10:43:10:915 PLSQL: INICIANDO CARGA DE PEDIDOS EN  V10INTERIN_RDRP
01 10:43:10:918 PLSQL: ERROR CARGANDO PEDIDOS
01 10:48:10:933 PLSQL: INICIANDO CARGA DE PEDIDOS EN  V10INTERIN_RDRP
01 10:48:10:936 PLSQL: ERROR CARGANDO PEDIDOS
01 10:53:10:947 PLSQL: INICIANDO CARGA DE PEDIDOS EN  V10INTERIN_RDRP
01 10:53:10:949 PLSQL: ERROR CARGANDO PEDIDOS
01 10:58:10:955 PLSQL: INICIANDO CARGA DE PEDIDOS EN  V10INTERIN_RDRP
01 10:58:10:957 PLSQL: ERROR CARGANDO PEDIDOS
01 11:03:10:973 PLSQL: INICIANDO CARGA DE PEDIDOS EN  V10INTERIN_RDRP
01 11:03:10:975 PLSQL: ERROR CARGANDO PEDIDOS
01 11:08:10:986 PLSQL: INICIANDO CARGA DE PEDIDOS EN  V10INTERIN_RDRP
01 11:08:10:989 PLSQL: ERROR CARGANDO PEDIDOS
01 11:28:30:051 PLSQL: INICIANDO CARGA DE PEDIDOS EN  V10INTERIN_RDRP
01 11:28:30:058 PLSQL: ERROR CARGANDO PEDIDOS
01 11:33:30:802 PLSQL: INICIANDO CARGA DE PEDIDOS EN  V10INTERIN_RDRP
01 11:33:30:803 PLSQL: ERROR CARGANDO PEDIDOS
01 11:38:30:818 PLSQL: INICIANDO CARGA DE PEDIDOS EN  V10INTERIN_RDRP
01 11:38:30:819 PLSQL: ERROR CARGANDO PEDIDOS
01 11:43:30:827 PLSQL: INICIANDO CARGA DE PEDIDOS EN  V10INTERIN_RDRP
01 11:43:30:828 PLSQL: ERROR CARGANDO PEDIDOS
01 11:48:30:831 PLSQL: INICIANDO CARGA DE PEDIDOS EN  V10INTERIN_RDRP
01 11:48:30:832 PLSQL: ERROR CARGANDO PEDIDOS
01 11:53:30:835 PLSQL: INICIANDO CARGA DE PEDIDOS EN  V10INTERIN_RDRP
01 11:53:30:837 PLSQL: ERROR CARGANDO PEDIDOS
01 11:58:30:851 PLSQL: INICIANDO CARGA DE PEDIDOS EN  V10INTERIN_RDRP
01 11:58:30:868 PLSQL: ERROR CARGANDO PEDIDOS
01 12:03:30:882 PLSQL: INICIANDO CARGA DE PEDIDOS EN  V10INTERIN_RDRP
01 12:03:30:884 PLSQL: ERROR CARGANDO PEDIDOS
01 12:08:30:900 PLSQL: INICIANDO CARGA DE PEDIDOS EN  V10INTERIN_RDRP
01 12:08:30:901 PLSQL: ERROR CARGANDO PEDIDOS
01 12:13:30:903 PLSQL: INICIANDO CARGA DE PEDIDOS EN  V10INTERIN_RDRP
01 12:13:30:904 PLSQL: ERROR CARGANDO PEDIDOS
01 12:18:30:917 PLSQL: INICIANDO CARGA DE PEDIDOS EN  V10INTERIN_RDRP
01 12:18:30:920 PLSQL: ERROR CARGANDO PEDIDOS
01 12:23:30:924 PLSQL: INICIANDO CARGA DE PEDIDOS EN  V10INTERIN_RDRP
01 12:23:30:926 PLSQL: ERROR CARGANDO PEDIDOS
01 12:28:30:934 PLSQL: INICIANDO CARGA DE PEDIDOS EN  V10INTERIN_RDRP
01 12:28:30:937 PLSQL: ERROR CARGANDO PEDIDOS
01 12:33:30:947 PLSQL: INICIANDO CARGA DE PEDIDOS EN  V10INTERIN_RDRP
01 12:33:30:948 PLSQL: ERROR CARGANDO PEDIDOS
01 12:38:30:964 PLSQL: INICIANDO CARGA DE PEDIDOS EN  V10INTERIN_RDRP
01 12:38:30:965 PLSQL: ERROR CARGANDO PEDIDOS
01 12:43:30:980 PLSQL: INICIANDO CARGA DE PEDIDOS EN  V10INTERIN_RDRP
01 12:43:30:982 PLSQL: ERROR CARGANDO PEDIDOS
01 12:48:30:994 PLSQL: INICIANDO CARGA DE PEDIDOS EN  V10INTERIN_RDRP
01 12:48:30:995 PLSQL: ERROR CARGANDO PEDIDOS
01 12:53:31:009 PLSQL: INICIANDO CARGA DE PEDIDOS EN  V10INTERIN_RDRP
01 12:53:31:011 PLSQL: ERROR CARGANDO PEDIDOS
01 12:58:31:027 PLSQL: INICIANDO CARGA DE PEDIDOS EN  V10INTERIN_RDRP
01 12:58:31:028 PLSQL: ERROR CARGANDO PEDIDOS
01 13:03:31:044 PLSQL: INICIANDO CARGA DE PEDIDOS EN  V10INTERIN_RDRP
01 13:03:31:045 PLSQL: ERROR CARGANDO PEDIDOS
01 13:08:31:062 PLSQL: INICIANDO CARGA DE PEDIDOS EN  V10INTERIN_RDRP
01 13:08:31:063 PLSQL: ERROR CARGANDO PEDIDOS
01 13:13:31:074 PLSQL: INICIANDO CARGA DE PEDIDOS EN  V10INTERIN_RDRP
01 13:13:31:076 PLSQL: ERROR CARGANDO PEDIDOS
01 13:18:31:078 PLSQL: INICIANDO CARGA DE PEDIDOS EN  V10INTERIN_RDRP
01 13:18:31:079 PLSQL: ERROR CARGANDO PEDIDOS
01 13:23:31:091 PLSQL: INICIANDO CARGA DE PEDIDOS EN  V10INTERIN_RDRP
01 13:23:31:092 PLSQL: ERROR CARGANDO PEDIDOS
01 13:28:31:108 PLSQL: INICIANDO CARGA DE PEDIDOS EN  V10INTERIN_RDRP
01 13:28:31:109 PLSQL: ERROR CARGANDO PEDIDOS
01 13:33:31:116 PLSQL: INICIANDO CARGA DE PEDIDOS EN  V10INTERIN_RDRP
01 13:33:31:118 PLSQL: ERROR CARGANDO PEDIDOS
01 13:38:31:122 PLSQL: INICIANDO CARGA DE PEDIDOS EN  V10INTERIN_RDRP
01 13:38:31:125 PLSQL: ERROR CARGANDO PEDIDOS
01 13:43:31:133 PLSQL: INICIANDO CARGA DE PEDIDOS EN  V10INTERIN_RDRP
01 13:43:31:135 PLSQL: ERROR CARGANDO PEDIDOS
01 13:48:31:141 PLSQL: INICIANDO CARGA DE PEDIDOS EN  V10INTERIN_RDRP
01 13:48:31:143 PLSQL: ERROR CARGANDO PEDIDOS
01 13:53:31:157 PLSQL: INICIANDO CARGA DE PEDIDOS EN  V10INTERIN_RDRP
01 13:53:31:159 PLSQL: ERROR CARGANDO PEDIDOS

00 13:58:12:295 Fichero de log cerrado.

00 13:58:12:387 Fichero de log abierto PID 1788

02 13:58:12:390 Intentando abrir fichero v10.ini
02 13:58:12:395 Cargando driver v10oracle funcion damedriveroracle
02 13:58:13:280 Conectado a base de datos
02 13:58:13:282 Proceso CARGA_PEDIDOS encontrado en tabla VDPROCESOS
02 13:58:13:282 Proceso CARGA_PEDIDOS cargado con función procesoperiodico (Librería VDKERNEL.DLL) direccion 6FFE2D10
02 13:58:13:285 PLSQL: INICIALIZADO PAQUETE DE LOG EL DIA 18-03-2022
02 13:58:13:294 Actualizado SID 257 SERIAL 3657 del proceso con PID 1788
02 13:58:13:295 Analizado cursor CCARGAPEDIDOS
02 13:58:13:295 Leidos 1 cursores
01 13:58:13:297 PLSQL: INICIANDO CARGA DE PEDIDOS EN  V10INTERIN_RDRP
01 13:58:13:297 PLSQL: ERROR CARGANDO PEDIDOS

00 13:59:55:960 Fichero de log cerrado.

