00 09:05:35:552 Fichero de log abierto PID 16196

02 09:05:35:552 Intentando abrir fichero v10.ini
02 09:05:35:557 Cargando driver v10oracle funcion damedriveroracle
02 09:05:36:182 Conectado a base de datos
02 09:05:36:185 Proceso CARGA_PROVEES encontrado en tabla VDPROCESOS
02 09:05:36:186 Proceso CARGA_PROVEES cargado con función procesoperiodico (Librería VDKERNEL.DLL) direccion 705F2D10
02 09:05:36:188 PLSQL: INICIALIZADO PAQUETE DE LOG EL DIA 24-03-2022
02 09:05:36:198 Actualizado SID 862 SERIAL 34746 del proceso con PID 16196
02 09:05:36:205 Analizado cursor CCARGAPROVEES
02 09:05:36:205 Leidos 1 cursores
01 09:05:36:205 PLSQL: INICIANDO CARGA DE PROVEES EN  V10INTERIN_RDRP
01 09:05:36:207 PLSQL: ERROR CARGANDO PROVEES
01 09:15:36:217 PLSQL: INICIANDO CARGA DE PROVEES EN  V10INTERIN_RDRP
01 09:15:36:221 PLSQL: ERROR CARGANDO PROVEES
01 09:25:36:230 PLSQL: INICIANDO CARGA DE PROVEES EN  V10INTERIN_RDRP
01 09:25:36:235 PLSQL: ERROR CARGANDO PROVEES
01 09:35:36:253 PLSQL: INICIANDO CARGA DE PROVEES EN  V10INTERIN_RDRP
01 09:35:36:255 PLSQL: ERROR CARGANDO PROVEES
01 09:45:36:262 PLSQL: INICIANDO CARGA DE PROVEES EN  V10INTERIN_RDRP
01 09:45:36:264 PLSQL: ERROR CARGANDO PROVEES
01 09:55:36:268 PLSQL: INICIANDO CARGA DE PROVEES EN  V10INTERIN_RDRP
01 09:55:36:273 PLSQL: ERROR CARGANDO PROVEES
01 10:05:36:280 PLSQL: INICIANDO CARGA DE PROVEES EN  V10INTERIN_RDRP
01 10:05:36:284 PLSQL: ERROR CARGANDO PROVEES
01 10:15:36:301 PLSQL: INICIANDO CARGA DE PROVEES EN  V10INTERIN_RDRP
01 10:15:36:303 PLSQL: ERROR CARGANDO PROVEES

00 10:23:49:043 Fichero de log cerrado.

00 10:23:55:981 Fichero de log abierto PID 17332

02 10:23:55:982 Intentando abrir fichero v10.ini
02 10:23:55:988 Cargando driver v10oracle funcion damedriveroracle
02 10:23:56:742 Conectado a base de datos
02 10:23:56:745 Proceso CARGA_PROVEES encontrado en tabla VDPROCESOS
02 10:23:56:746 Proceso CARGA_PROVEES cargado con función procesoperiodico (Librería VDKERNEL.DLL) direccion 705F2D10
02 10:23:56:748 PLSQL: INICIALIZADO PAQUETE DE LOG EL DIA 24-03-2022
02 10:23:56:757 Actualizado SID 507 SERIAL 40823 del proceso con PID 17332
02 10:23:56:758 Analizado cursor CCARGAPROVEES
02 10:23:56:758 Leidos 1 cursores
01 10:23:56:760 PLSQL: INICIANDO CARGA DE PROVEES EN  V10INTERIN_RDRP
01 10:23:56:762 PLSQL: ERROR CARGANDO PROVEES
01 10:33:56:764 PLSQL: INICIANDO CARGA DE PROVEES EN  V10INTERIN_RDRP
01 10:33:56:767 PLSQL: ERROR CARGANDO PROVEES
01 10:43:56:783 PLSQL: INICIANDO CARGA DE PROVEES EN  V10INTERIN_RDRP
01 10:43:56:785 PLSQL: ERROR CARGANDO PROVEES
01 10:53:56:798 PLSQL: INICIANDO CARGA DE PROVEES EN  V10INTERIN_RDRP
01 10:53:56:802 PLSQL: ERROR CARGANDO PROVEES
01 11:03:55:109 PLSQL: INICIANDO CARGA DE PROVEES EN  V10INTERIN_RDRP
01 11:03:55:110 PLSQL: ERROR CARGANDO PROVEES
01 11:13:55:120 PLSQL: INICIANDO CARGA DE PROVEES EN  V10INTERIN_RDRP
01 11:13:55:124 PLSQL: ERROR CARGANDO PROVEES
01 11:23:55:134 PLSQL: INICIANDO CARGA DE PROVEES EN  V10INTERIN_RDRP
01 11:23:55:138 PLSQL: ERROR CARGANDO PROVEES
01 11:33:55:148 PLSQL: INICIANDO CARGA DE PROVEES EN  V10INTERIN_RDRP
01 11:33:55:152 PLSQL: ERROR CARGANDO PROVEES
01 11:57:25:508 PLSQL: INICIANDO CARGA DE PROVEES EN  V10INTERIN_RDRP
01 11:57:25:512 PLSQL: ERROR CARGANDO PROVEES
01 12:07:25:523 PLSQL: INICIANDO CARGA DE PROVEES EN  V10INTERIN_RDRP
01 12:07:25:523 PLSQL: ERROR CARGANDO PROVEES
01 12:17:25:552 PLSQL: INICIANDO CARGA DE PROVEES EN  V10INTERIN_RDRP
01 12:17:25:555 PLSQL: ERROR CARGANDO PROVEES
01 12:27:25:596 PLSQL: INICIANDO CARGA DE PROVEES EN  V10INTERIN_RDRP
01 12:27:25:600 PLSQL: ERROR CARGANDO PROVEES
01 12:37:25:616 PLSQL: INICIANDO CARGA DE PROVEES EN  V10INTERIN_RDRP
01 12:37:25:621 PLSQL: ERROR CARGANDO PROVEES
01 12:47:25:634 PLSQL: INICIANDO CARGA DE PROVEES EN  V10INTERIN_RDRP
01 12:47:25:637 PLSQL: ERROR CARGANDO PROVEES
01 12:57:25:642 PLSQL: INICIANDO CARGA DE PROVEES EN  V10INTERIN_RDRP
01 12:57:25:647 PLSQL: ERROR CARGANDO PROVEES
01 13:07:25:662 PLSQL: INICIANDO CARGA DE PROVEES EN  V10INTERIN_RDRP
01 13:07:25:663 PLSQL: ERROR CARGANDO PROVEES
01 13:17:25:670 PLSQL: INICIANDO CARGA DE PROVEES EN  V10INTERIN_RDRP
01 13:17:25:672 PLSQL: ERROR CARGANDO PROVEES
01 13:27:25:687 PLSQL: INICIANDO CARGA DE PROVEES EN  V10INTERIN_RDRP
01 13:27:25:690 PLSQL: ERROR CARGANDO PROVEES
01 13:37:25:703 PLSQL: INICIANDO CARGA DE PROVEES EN  V10INTERIN_RDRP
01 13:37:25:707 PLSQL: ERROR CARGANDO PROVEES
01 13:47:25:723 PLSQL: INICIANDO CARGA DE PROVEES EN  V10INTERIN_RDRP
01 13:47:25:725 PLSQL: ERROR CARGANDO PROVEES
01 13:57:25:731 PLSQL: INICIANDO CARGA DE PROVEES EN  V10INTERIN_RDRP
01 13:57:25:736 PLSQL: ERROR CARGANDO PROVEES
01 14:07:25:741 PLSQL: INICIANDO CARGA DE PROVEES EN  V10INTERIN_RDRP
01 14:07:25:741 PLSQL: ERROR CARGANDO PROVEES
01 14:17:25:762 PLSQL: INICIANDO CARGA DE PROVEES EN  V10INTERIN_RDRP
01 14:17:25:762 PLSQL: ERROR CARGANDO PROVEES
01 14:27:25:782 PLSQL: INICIANDO CARGA DE PROVEES EN  V10INTERIN_RDRP
01 14:27:25:782 PLSQL: ERROR CARGANDO PROVEES
01 14:37:25:789 PLSQL: INICIANDO CARGA DE PROVEES EN  V10INTERIN_RDRP
01 14:37:25:789 PLSQL: ERROR CARGANDO PROVEES
01 14:47:25:801 PLSQL: INICIANDO CARGA DE PROVEES EN  V10INTERIN_RDRP
01 14:47:25:803 PLSQL: ERROR CARGANDO PROVEES
01 15:43:56:073 PLSQL: INICIANDO CARGA DE PROVEES EN  V10INTERIN_RDRP
01 15:43:56:089 PLSQL: ERROR CARGANDO PROVEES
01 15:53:56:752 PLSQL: INICIANDO CARGA DE PROVEES EN  V10INTERIN_RDRP
01 15:53:56:752 PLSQL: ERROR CARGANDO PROVEES
01 16:03:56:784 PLSQL: INICIANDO CARGA DE PROVEES EN  V10INTERIN_RDRP
01 16:03:56:785 PLSQL: ERROR CARGANDO PROVEES
01 16:13:56:806 PLSQL: INICIANDO CARGA DE PROVEES EN  V10INTERIN_RDRP
01 16:13:56:806 PLSQL: ERROR CARGANDO PROVEES
01 16:23:56:836 PLSQL: INICIANDO CARGA DE PROVEES EN  V10INTERIN_RDRP
01 16:23:56:838 PLSQL: ERROR CARGANDO PROVEES
01 16:33:56:856 PLSQL: INICIANDO CARGA DE PROVEES EN  V10INTERIN_RDRP
01 16:33:56:857 PLSQL: ERROR CARGANDO PROVEES
01 16:43:56:875 PLSQL: INICIANDO CARGA DE PROVEES EN  V10INTERIN_RDRP
01 16:43:56:878 PLSQL: ERROR CARGANDO PROVEES
01 16:53:56:885 PLSQL: INICIANDO CARGA DE PROVEES EN  V10INTERIN_RDRP
01 16:53:56:890 PLSQL: ERROR CARGANDO PROVEES
01 17:03:56:894 PLSQL: INICIANDO CARGA DE PROVEES EN  V10INTERIN_RDRP
01 17:03:56:896 PLSQL: ERROR CARGANDO PROVEES
01 17:13:56:909 PLSQL: INICIANDO CARGA DE PROVEES EN  V10INTERIN_RDRP
01 17:13:56:911 PLSQL: ERROR CARGANDO PROVEES
01 17:23:56:924 PLSQL: INICIANDO CARGA DE PROVEES EN  V10INTERIN_RDRP
01 17:23:56:929 PLSQL: ERROR CARGANDO PROVEES
01 17:33:56:939 PLSQL: INICIANDO CARGA DE PROVEES EN  V10INTERIN_RDRP
01 17:33:56:943 PLSQL: ERROR CARGANDO PROVEES
01 17:43:56:948 PLSQL: INICIANDO CARGA DE PROVEES EN  V10INTERIN_RDRP
01 17:43:56:950 PLSQL: ERROR CARGANDO PROVEES
01 17:53:56:957 PLSQL: INICIANDO CARGA DE PROVEES EN  V10INTERIN_RDRP
01 17:53:56:960 PLSQL: ERROR CARGANDO PROVEES

00 17:58:50:002 Fichero de log cerrado.

