00 09:09:35:221 Fichero de log abierto PID 13284

02 09:09:35:222 Intentando abrir fichero v10.ini
02 09:09:35:228 Cargando driver v10oracle funcion damedriveroracle
02 09:09:35:777 Conectado a base de datos
02 09:09:35:780 Proceso CARGA_CLIENTES encontrado en tabla VDPROCESOS
02 09:09:35:780 Proceso CARGA_CLIENTES cargado con función procesoperiodico (Librería VDKERNEL.DLL) direccion 6FE02D10
02 09:09:35:783 PLSQL: INICIALIZADO PAQUETE DE LOG EL DIA 05-04-2022
02 09:09:35:792 Actualizado SID 748 SERIAL 53451 del proceso con PID 13284
02 09:09:35:798 Analizado cursor CCARGACLIENTES
02 09:09:35:798 Leidos 1 cursores
01 09:09:35:799 PLSQL: INICIANDO CARGA DE CLIENTES EN  V10INTERIN_RDRP
01 09:09:35:801 PLSQL: ERROR CARGANDO CLIENTES
01 09:19:35:803 PLSQL: INICIANDO CARGA DE CLIENTES EN  V10INTERIN_RDRP
01 09:19:35:804 PLSQL: ERROR CARGANDO CLIENTES
01 09:29:35:806 PLSQL: INICIANDO CARGA DE CLIENTES EN  V10INTERIN_RDRP
01 09:29:35:808 PLSQL: ERROR CARGANDO CLIENTES
01 09:39:35:819 PLSQL: INICIANDO CARGA DE CLIENTES EN  V10INTERIN_RDRP
01 09:39:35:821 PLSQL: ERROR CARGANDO CLIENTES
01 09:49:35:831 PLSQL: INICIANDO CARGA DE CLIENTES EN  V10INTERIN_RDRP
01 09:49:35:834 PLSQL: ERROR CARGANDO CLIENTES

00 09:57:03:187 Fichero de log cerrado.

00 09:57:16:048 Fichero de log abierto PID 2460

02 09:57:16:050 Intentando abrir fichero v10.ini
02 09:57:16:056 Cargando driver v10oracle funcion damedriveroracle
02 09:57:16:911 Conectado a base de datos
02 09:57:16:912 Proceso CARGA_CLIENTES encontrado en tabla VDPROCESOS
02 09:57:16:913 Proceso CARGA_CLIENTES cargado con función procesoperiodico (Librería VDKERNEL.DLL) direccion 6FE02D10
02 09:57:16:917 PLSQL: INICIALIZADO PAQUETE DE LOG EL DIA 05-04-2022
02 09:57:16:930 Actualizado SID 19 SERIAL 43336 del proceso con PID 2460
02 09:57:16:942 Analizado cursor CCARGACLIENTES
02 09:57:16:942 Leidos 1 cursores
01 09:57:16:943 PLSQL: INICIANDO CARGA DE CLIENTES EN  V10INTERIN_RDRP
01 09:57:16:945 PLSQL: ERROR CARGANDO CLIENTES

00 10:01:40:410 Fichero de log cerrado.

00 10:03:38:631 Fichero de log abierto PID 10172

02 10:03:38:633 Intentando abrir fichero v10.ini
02 10:03:38:641 Cargando driver v10oracle funcion damedriveroracle
02 10:03:39:090 Conectado a base de datos
02 10:03:39:092 Proceso CARGA_CLIENTES encontrado en tabla VDPROCESOS
02 10:03:39:092 Proceso CARGA_CLIENTES cargado con función procesoperiodico (Librería VDKERNEL.DLL) direccion 6E092D10
02 10:03:39:096 PLSQL: INICIALIZADO PAQUETE DE LOG EL DIA 05-04-2022
02 10:03:39:107 Actualizado SID 134 SERIAL 64806 del proceso con PID 10172
02 10:03:39:112 Analizado cursor CCARGACLIENTES
02 10:03:39:112 Leidos 1 cursores
01 10:03:39:117 PLSQL: INICIANDO CARGA DE CLIENTES EN  V10INTERIN_RDRP
01 10:03:39:118 PLSQL: ERROR CARGANDO CLIENTES
01 10:13:39:129 PLSQL: INICIANDO CARGA DE CLIENTES EN  V10INTERIN_RDRP
01 10:13:39:131 PLSQL: ERROR CARGANDO CLIENTES
01 10:23:39:136 PLSQL: INICIANDO CARGA DE CLIENTES EN  V10INTERIN_RDRP
01 10:23:39:138 PLSQL: ERROR CARGANDO CLIENTES
01 10:33:39:155 PLSQL: INICIANDO CARGA DE CLIENTES EN  V10INTERIN_RDRP
01 10:33:39:157 PLSQL: ERROR CARGANDO CLIENTES
01 10:43:39:173 PLSQL: INICIANDO CARGA DE CLIENTES EN  V10INTERIN_RDRP
01 10:43:39:174 PLSQL: ERROR CARGANDO CLIENTES
01 10:53:39:185 PLSQL: INICIANDO CARGA DE CLIENTES EN  V10INTERIN_RDRP
01 10:53:39:186 PLSQL: ERROR CARGANDO CLIENTES
01 11:03:39:196 PLSQL: INICIANDO CARGA DE CLIENTES EN  V10INTERIN_RDRP
01 11:03:39:196 PLSQL: ERROR CARGANDO CLIENTES
01 11:32:04:116 PLSQL: INICIANDO CARGA DE CLIENTES EN  V10INTERIN_RDRP
01 11:32:04:149 PLSQL: ERROR CARGANDO CLIENTES
01 11:42:04:833 PLSQL: INICIANDO CARGA DE CLIENTES EN  V10INTERIN_RDRP
01 11:42:04:835 PLSQL: ERROR CARGANDO CLIENTES
01 11:52:04:852 PLSQL: INICIANDO CARGA DE CLIENTES EN  V10INTERIN_RDRP
01 11:52:04:853 PLSQL: ERROR CARGANDO CLIENTES
01 12:02:04:861 PLSQL: INICIANDO CARGA DE CLIENTES EN  V10INTERIN_RDRP
01 12:02:04:863 PLSQL: ERROR CARGANDO CLIENTES
01 12:12:04:878 PLSQL: INICIANDO CARGA DE CLIENTES EN  V10INTERIN_RDRP
01 12:12:04:881 PLSQL: ERROR CARGANDO CLIENTES
01 12:22:04:891 PLSQL: INICIANDO CARGA DE CLIENTES EN  V10INTERIN_RDRP
01 12:22:04:895 PLSQL: ERROR CARGANDO CLIENTES
01 12:32:04:900 PLSQL: INICIANDO CARGA DE CLIENTES EN  V10INTERIN_RDRP
01 12:32:04:902 PLSQL: ERROR CARGANDO CLIENTES
01 12:42:04:916 PLSQL: INICIANDO CARGA DE CLIENTES EN  V10INTERIN_RDRP
01 12:42:04:918 PLSQL: ERROR CARGANDO CLIENTES
01 12:52:04:924 PLSQL: INICIANDO CARGA DE CLIENTES EN  V10INTERIN_RDRP
01 12:52:04:927 PLSQL: ERROR CARGANDO CLIENTES
01 13:02:04:934 PLSQL: INICIANDO CARGA DE CLIENTES EN  V10INTERIN_RDRP
01 13:02:04:936 PLSQL: ERROR CARGANDO CLIENTES
01 13:12:04:950 PLSQL: INICIANDO CARGA DE CLIENTES EN  V10INTERIN_RDRP
01 13:12:04:953 PLSQL: ERROR CARGANDO CLIENTES
01 13:22:04:970 PLSQL: INICIANDO CARGA DE CLIENTES EN  V10INTERIN_RDRP
01 13:22:04:974 PLSQL: ERROR CARGANDO CLIENTES
01 13:32:04:989 PLSQL: INICIANDO CARGA DE CLIENTES EN  V10INTERIN_RDRP
01 13:32:04:991 PLSQL: ERROR CARGANDO CLIENTES
01 13:42:04:994 PLSQL: INICIANDO CARGA DE CLIENTES EN  V10INTERIN_RDRP
01 13:42:04:995 PLSQL: ERROR CARGANDO CLIENTES
01 13:52:05:008 PLSQL: INICIANDO CARGA DE CLIENTES EN  V10INTERIN_RDRP
01 13:52:05:010 PLSQL: ERROR CARGANDO CLIENTES
01 14:02:05:024 PLSQL: INICIANDO CARGA DE CLIENTES EN  V10INTERIN_RDRP
01 14:02:05:025 PLSQL: ERROR CARGANDO CLIENTES
01 14:12:05:027 PLSQL: INICIANDO CARGA DE CLIENTES EN  V10INTERIN_RDRP
01 14:12:05:030 PLSQL: ERROR CARGANDO CLIENTES
01 14:22:05:032 PLSQL: INICIANDO CARGA DE CLIENTES EN  V10INTERIN_RDRP
01 14:22:05:033 PLSQL: ERROR CARGANDO CLIENTES
01 14:32:05:049 PLSQL: INICIANDO CARGA DE CLIENTES EN  V10INTERIN_RDRP
01 14:32:05:052 PLSQL: ERROR CARGANDO CLIENTES
01 14:42:05:058 PLSQL: INICIANDO CARGA DE CLIENTES EN  V10INTERIN_RDRP
01 14:42:05:060 PLSQL: ERROR CARGANDO CLIENTES
01 14:52:05:062 PLSQL: INICIANDO CARGA DE CLIENTES EN  V10INTERIN_RDRP
01 14:52:05:064 PLSQL: ERROR CARGANDO CLIENTES
01 15:46:31:870 PLSQL: INICIANDO CARGA DE CLIENTES EN  V10INTERIN_RDRP
01 15:46:31:872 PLSQL: ERROR CARGANDO CLIENTES
01 15:56:31:894 PLSQL: INICIANDO CARGA DE CLIENTES EN  V10INTERIN_RDRP
01 15:56:31:897 PLSQL: ERROR CARGANDO CLIENTES
01 16:06:31:908 PLSQL: INICIANDO CARGA DE CLIENTES EN  V10INTERIN_RDRP
01 16:06:31:911 PLSQL: ERROR CARGANDO CLIENTES

00 16:14:51:334 Fichero de log cerrado.

00 16:15:01:600 Fichero de log abierto PID 9844

02 16:15:01:602 Intentando abrir fichero v10.ini
02 16:15:01:609 Cargando driver v10oracle funcion damedriveroracle
02 16:15:02:567 Conectado a base de datos
02 16:15:02:572 Proceso CARGA_CLIENTES encontrado en tabla VDPROCESOS
02 16:15:02:574 Proceso CARGA_CLIENTES cargado con función procesoperiodico (Librería VDKERNEL.DLL) direccion 6E092D10
02 16:15:02:578 PLSQL: INICIALIZADO PAQUETE DE LOG EL DIA 05-04-2022
02 16:15:02:602 Actualizado SID 757 SERIAL 40395 del proceso con PID 9844
02 16:15:02:612 Analizado cursor CCARGACLIENTES
02 16:15:02:612 Leidos 1 cursores
01 16:15:02:615 PLSQL: INICIANDO CARGA DE CLIENTES EN  V10INTERIN_RDRP
01 16:15:02:619 PLSQL: ERROR CARGANDO CLIENTES
01 16:25:02:623 PLSQL: INICIANDO CARGA DE CLIENTES EN  V10INTERIN_RDRP
01 16:25:02:628 PLSQL: ERROR CARGANDO CLIENTES
01 16:35:02:635 PLSQL: INICIANDO CARGA DE CLIENTES EN  V10INTERIN_RDRP
01 16:35:02:637 PLSQL: ERROR CARGANDO CLIENTES
01 16:45:02:644 PLSQL: INICIANDO CARGA DE CLIENTES EN  V10INTERIN_RDRP
01 16:45:02:646 PLSQL: ERROR CARGANDO CLIENTES
01 16:55:02:654 PLSQL: INICIANDO CARGA DE CLIENTES EN  V10INTERIN_RDRP
01 16:55:02:655 PLSQL: ERROR CARGANDO CLIENTES
01 17:05:02:662 PLSQL: INICIANDO CARGA DE CLIENTES EN  V10INTERIN_RDRP
01 17:05:02:666 PLSQL: ERROR CARGANDO CLIENTES
01 17:15:02:673 PLSQL: INICIANDO CARGA DE CLIENTES EN  V10INTERIN_RDRP
01 17:15:02:674 PLSQL: ERROR CARGANDO CLIENTES
01 17:25:02:689 PLSQL: INICIANDO CARGA DE CLIENTES EN  V10INTERIN_RDRP
01 17:25:02:691 PLSQL: ERROR CARGANDO CLIENTES
01 17:35:02:699 PLSQL: INICIANDO CARGA DE CLIENTES EN  V10INTERIN_RDRP
01 17:35:02:700 PLSQL: ERROR CARGANDO CLIENTES
01 17:45:02:705 PLSQL: INICIANDO CARGA DE CLIENTES EN  V10INTERIN_RDRP
01 17:45:02:721 PLSQL: ERROR CARGANDO CLIENTES
01 17:55:02:742 PLSQL: INICIANDO CARGA DE CLIENTES EN  V10INTERIN_RDRP
01 17:55:02:743 PLSQL: ERROR CARGANDO CLIENTES

00 17:58:46:505 Fichero de log cerrado.

