00 09:51:03:465 Fichero de log abierto PID 4472

02 09:51:03:466 Intentando abrir fichero v10.ini
02 09:51:03:471 Cargando driver v10oracle funcion damedriveroracle
02 09:51:03:956 Conectado a base de datos
02 09:51:03:957 Proceso CARGA_PEDIDOS encontrado en tabla VDPROCESOS
02 09:51:04:018 Proceso CARGA_PEDIDOS cargado con función procesoperiodico (Librería VDKERNEL.DLL) direccion 6FFB2D10
02 09:51:04:021 PLSQL: INICIALIZADO PAQUETE DE LOG EL DIA 17-03-2022
02 09:51:04:030 Actualizado SID 505 SERIAL 46972 del proceso con PID 4472
02 09:51:04:033 Analizado cursor CCARGAPEDIDOS
02 09:51:04:035 Leidos 1 cursores
01 09:51:04:093 PLSQL: INICIANDO CARGA DE PEDIDOS EN  V10INTERIN_RDRP
01 09:51:04:094 PLSQL: ERROR CARGANDO PEDIDOS
01 09:56:04:105 PLSQL: INICIANDO CARGA DE PEDIDOS EN  V10INTERIN_RDRP
01 09:56:04:106 PLSQL: ERROR CARGANDO PEDIDOS
01 10:01:04:114 PLSQL: INICIANDO CARGA DE PEDIDOS EN  V10INTERIN_RDRP
01 10:01:04:115 PLSQL: ERROR CARGANDO PEDIDOS
01 10:06:04:126 PLSQL: INICIANDO CARGA DE PEDIDOS EN  V10INTERIN_RDRP
01 10:06:04:127 PLSQL: ERROR CARGANDO PEDIDOS
01 10:11:01:335 PLSQL: INICIANDO CARGA DE PEDIDOS EN  V10INTERIN_RDRP
01 10:11:01:337 PLSQL: ERROR CARGANDO PEDIDOS
01 10:16:01:340 PLSQL: INICIANDO CARGA DE PEDIDOS EN  V10INTERIN_RDRP
01 10:16:01:343 PLSQL: ERROR CARGANDO PEDIDOS
01 10:21:01:350 PLSQL: INICIANDO CARGA DE PEDIDOS EN  V10INTERIN_RDRP
01 10:21:01:351 PLSQL: ERROR CARGANDO PEDIDOS
01 10:26:01:361 PLSQL: INICIANDO CARGA DE PEDIDOS EN  V10INTERIN_RDRP
01 10:26:01:362 PLSQL: ERROR CARGANDO PEDIDOS
01 10:31:01:371 PLSQL: INICIANDO CARGA DE PEDIDOS EN  V10INTERIN_RDRP
01 10:31:01:387 PLSQL: ERROR CARGANDO PEDIDOS
01 10:36:01:395 PLSQL: INICIANDO CARGA DE PEDIDOS EN  V10INTERIN_RDRP
01 10:36:01:396 PLSQL: ERROR CARGANDO PEDIDOS
01 10:41:01:413 PLSQL: INICIANDO CARGA DE PEDIDOS EN  V10INTERIN_RDRP
01 10:41:01:415 PLSQL: ERROR CARGANDO PEDIDOS
01 10:46:01:428 PLSQL: INICIANDO CARGA DE PEDIDOS EN  V10INTERIN_RDRP
01 10:46:01:430 PLSQL: ERROR CARGANDO PEDIDOS
01 10:51:01:447 PLSQL: INICIANDO CARGA DE PEDIDOS EN  V10INTERIN_RDRP
01 10:51:01:449 PLSQL: ERROR CARGANDO PEDIDOS
01 10:56:01:456 PLSQL: INICIANDO CARGA DE PEDIDOS EN  V10INTERIN_RDRP
01 10:56:01:457 PLSQL: ERROR CARGANDO PEDIDOS
01 11:01:01:468 PLSQL: INICIANDO CARGA DE PEDIDOS EN  V10INTERIN_RDRP
01 11:01:01:471 PLSQL: ERROR CARGANDO PEDIDOS
01 11:06:01:485 PLSQL: INICIANDO CARGA DE PEDIDOS EN  V10INTERIN_RDRP
01 11:06:01:489 PLSQL: ERROR CARGANDO PEDIDOS
01 11:11:01:496 PLSQL: INICIANDO CARGA DE PEDIDOS EN  V10INTERIN_RDRP
01 11:11:01:498 PLSQL: ERROR CARGANDO PEDIDOS
01 11:16:01:500 PLSQL: INICIANDO CARGA DE PEDIDOS EN  V10INTERIN_RDRP
01 11:16:01:501 PLSQL: ERROR CARGANDO PEDIDOS
01 11:21:01:505 PLSQL: INICIANDO CARGA DE PEDIDOS EN  V10INTERIN_RDRP
01 11:21:01:509 PLSQL: ERROR CARGANDO PEDIDOS
01 11:26:01:512 PLSQL: INICIANDO CARGA DE PEDIDOS EN  V10INTERIN_RDRP
01 11:26:01:514 PLSQL: ERROR CARGANDO PEDIDOS
01 11:31:01:521 PLSQL: INICIANDO CARGA DE PEDIDOS EN  V10INTERIN_RDRP
01 11:31:01:528 PLSQL: ERROR CARGANDO PEDIDOS
01 11:36:01:543 PLSQL: INICIANDO CARGA DE PEDIDOS EN  V10INTERIN_RDRP
01 11:36:01:544 PLSQL: ERROR CARGANDO PEDIDOS
01 11:41:01:551 PLSQL: INICIANDO CARGA DE PEDIDOS EN  V10INTERIN_RDRP
01 11:41:01:554 PLSQL: ERROR CARGANDO PEDIDOS
01 11:46:01:566 PLSQL: INICIANDO CARGA DE PEDIDOS EN  V10INTERIN_RDRP
01 11:46:01:569 PLSQL: ERROR CARGANDO PEDIDOS
01 11:51:01:575 PLSQL: INICIANDO CARGA DE PEDIDOS EN  V10INTERIN_RDRP
01 11:51:01:577 PLSQL: ERROR CARGANDO PEDIDOS
01 11:56:01:590 PLSQL: INICIANDO CARGA DE PEDIDOS EN  V10INTERIN_RDRP
01 11:56:01:594 PLSQL: ERROR CARGANDO PEDIDOS
01 12:01:01:597 PLSQL: INICIANDO CARGA DE PEDIDOS EN  V10INTERIN_RDRP
01 12:01:01:597 PLSQL: ERROR CARGANDO PEDIDOS
01 12:06:01:608 PLSQL: INICIANDO CARGA DE PEDIDOS EN  V10INTERIN_RDRP
01 12:06:01:609 PLSQL: ERROR CARGANDO PEDIDOS
01 12:11:01:613 PLSQL: INICIANDO CARGA DE PEDIDOS EN  V10INTERIN_RDRP
01 12:11:01:616 PLSQL: ERROR CARGANDO PEDIDOS
01 12:16:01:626 PLSQL: INICIANDO CARGA DE PEDIDOS EN  V10INTERIN_RDRP
01 12:16:01:627 PLSQL: ERROR CARGANDO PEDIDOS
01 12:21:01:631 PLSQL: INICIANDO CARGA DE PEDIDOS EN  V10INTERIN_RDRP
01 12:21:01:632 PLSQL: ERROR CARGANDO PEDIDOS
01 12:26:01:648 PLSQL: INICIANDO CARGA DE PEDIDOS EN  V10INTERIN_RDRP
01 12:26:01:651 PLSQL: ERROR CARGANDO PEDIDOS
01 12:31:01:657 PLSQL: INICIANDO CARGA DE PEDIDOS EN  V10INTERIN_RDRP
01 12:31:01:659 PLSQL: ERROR CARGANDO PEDIDOS
01 12:36:01:665 PLSQL: INICIANDO CARGA DE PEDIDOS EN  V10INTERIN_RDRP
01 12:36:01:668 PLSQL: ERROR CARGANDO PEDIDOS
01 12:41:01:681 PLSQL: INICIANDO CARGA DE PEDIDOS EN  V10INTERIN_RDRP
01 12:41:01:683 PLSQL: ERROR CARGANDO PEDIDOS
01 12:46:01:709 PLSQL: INICIANDO CARGA DE PEDIDOS EN  V10INTERIN_RDRP
01 12:46:01:711 PLSQL: ERROR CARGANDO PEDIDOS
01 12:51:01:719 PLSQL: INICIANDO CARGA DE PEDIDOS EN  V10INTERIN_RDRP
01 12:51:01:720 PLSQL: ERROR CARGANDO PEDIDOS
01 12:56:01:724 PLSQL: INICIANDO CARGA DE PEDIDOS EN  V10INTERIN_RDRP
01 12:56:01:725 PLSQL: ERROR CARGANDO PEDIDOS
01 13:01:01:737 PLSQL: INICIANDO CARGA DE PEDIDOS EN  V10INTERIN_RDRP
01 13:01:01:739 PLSQL: ERROR CARGANDO PEDIDOS
01 13:06:01:750 PLSQL: INICIANDO CARGA DE PEDIDOS EN  V10INTERIN_RDRP
01 13:06:01:751 PLSQL: ERROR CARGANDO PEDIDOS
01 13:11:01:765 PLSQL: INICIANDO CARGA DE PEDIDOS EN  V10INTERIN_RDRP
01 13:11:01:766 PLSQL: ERROR CARGANDO PEDIDOS
01 13:16:01:775 PLSQL: INICIANDO CARGA DE PEDIDOS EN  V10INTERIN_RDRP
01 13:16:01:777 PLSQL: ERROR CARGANDO PEDIDOS
01 13:21:01:785 PLSQL: INICIANDO CARGA DE PEDIDOS EN  V10INTERIN_RDRP
01 13:21:01:786 PLSQL: ERROR CARGANDO PEDIDOS
01 13:26:01:798 PLSQL: INICIANDO CARGA DE PEDIDOS EN  V10INTERIN_RDRP
01 13:26:01:799 PLSQL: ERROR CARGANDO PEDIDOS
01 13:31:01:816 PLSQL: INICIANDO CARGA DE PEDIDOS EN  V10INTERIN_RDRP
01 13:31:01:818 PLSQL: ERROR CARGANDO PEDIDOS
01 13:36:01:828 PLSQL: INICIANDO CARGA DE PEDIDOS EN  V10INTERIN_RDRP
01 13:36:01:829 PLSQL: ERROR CARGANDO PEDIDOS
01 13:41:01:840 PLSQL: INICIANDO CARGA DE PEDIDOS EN  V10INTERIN_RDRP
01 13:41:01:841 PLSQL: ERROR CARGANDO PEDIDOS
01 13:46:01:848 PLSQL: INICIANDO CARGA DE PEDIDOS EN  V10INTERIN_RDRP
01 13:46:01:850 PLSQL: ERROR CARGANDO PEDIDOS
01 13:51:01:858 PLSQL: INICIANDO CARGA DE PEDIDOS EN  V10INTERIN_RDRP
01 13:51:01:861 PLSQL: ERROR CARGANDO PEDIDOS
01 13:56:01:878 PLSQL: INICIANDO CARGA DE PEDIDOS EN  V10INTERIN_RDRP
01 13:56:01:879 PLSQL: ERROR CARGANDO PEDIDOS
01 14:01:01:897 PLSQL: INICIANDO CARGA DE PEDIDOS EN  V10INTERIN_RDRP
01 14:01:01:898 PLSQL: ERROR CARGANDO PEDIDOS
01 14:06:01:900 PLSQL: INICIANDO CARGA DE PEDIDOS EN  V10INTERIN_RDRP
01 14:06:01:903 PLSQL: ERROR CARGANDO PEDIDOS
01 14:11:01:910 PLSQL: INICIANDO CARGA DE PEDIDOS EN  V10INTERIN_RDRP
01 14:11:01:913 PLSQL: ERROR CARGANDO PEDIDOS
01 14:16:01:919 PLSQL: INICIANDO CARGA DE PEDIDOS EN  V10INTERIN_RDRP
01 14:16:01:923 PLSQL: ERROR CARGANDO PEDIDOS
01 14:21:01:936 PLSQL: INICIANDO CARGA DE PEDIDOS EN  V10INTERIN_RDRP
01 14:21:01:937 PLSQL: ERROR CARGANDO PEDIDOS
01 14:26:01:942 PLSQL: INICIANDO CARGA DE PEDIDOS EN  V10INTERIN_RDRP
01 14:26:01:943 PLSQL: ERROR CARGANDO PEDIDOS
01 14:31:01:956 PLSQL: INICIANDO CARGA DE PEDIDOS EN  V10INTERIN_RDRP
01 14:31:01:960 PLSQL: ERROR CARGANDO PEDIDOS
01 14:36:01:970 PLSQL: INICIANDO CARGA DE PEDIDOS EN  V10INTERIN_RDRP
01 14:36:01:971 PLSQL: ERROR CARGANDO PEDIDOS
01 15:18:35:826 PLSQL: INICIANDO CARGA DE PEDIDOS EN  V10INTERIN_RDRP
01 15:18:35:835 PLSQL: ERROR CARGANDO PEDIDOS
01 15:23:35:843 PLSQL: INICIANDO CARGA DE PEDIDOS EN  V10INTERIN_RDRP
01 15:23:35:844 PLSQL: ERROR CARGANDO PEDIDOS
01 15:28:35:860 PLSQL: INICIANDO CARGA DE PEDIDOS EN  V10INTERIN_RDRP
01 15:28:35:860 PLSQL: ERROR CARGANDO PEDIDOS
01 15:33:35:869 PLSQL: INICIANDO CARGA DE PEDIDOS EN  V10INTERIN_RDRP
01 15:33:35:871 PLSQL: ERROR CARGANDO PEDIDOS
01 15:38:35:889 PLSQL: INICIANDO CARGA DE PEDIDOS EN  V10INTERIN_RDRP
01 15:38:35:896 PLSQL: ERROR CARGANDO PEDIDOS
01 15:43:35:907 PLSQL: INICIANDO CARGA DE PEDIDOS EN  V10INTERIN_RDRP
01 15:43:35:909 PLSQL: ERROR CARGANDO PEDIDOS
01 15:48:35:924 PLSQL: INICIANDO CARGA DE PEDIDOS EN  V10INTERIN_RDRP
01 15:48:35:925 PLSQL: ERROR CARGANDO PEDIDOS
01 15:53:35:940 PLSQL: INICIANDO CARGA DE PEDIDOS EN  V10INTERIN_RDRP
01 15:53:35:941 PLSQL: ERROR CARGANDO PEDIDOS
01 15:58:35:946 PLSQL: INICIANDO CARGA DE PEDIDOS EN  V10INTERIN_RDRP
01 15:58:35:948 PLSQL: ERROR CARGANDO PEDIDOS
01 16:03:35:963 PLSQL: INICIANDO CARGA DE PEDIDOS EN  V10INTERIN_RDRP
01 16:03:35:966 PLSQL: ERROR CARGANDO PEDIDOS
01 16:08:35:974 PLSQL: INICIANDO CARGA DE PEDIDOS EN  V10INTERIN_RDRP
01 16:08:35:975 PLSQL: ERROR CARGANDO PEDIDOS
01 16:13:35:989 PLSQL: INICIANDO CARGA DE PEDIDOS EN  V10INTERIN_RDRP
01 16:13:35:990 PLSQL: ERROR CARGANDO PEDIDOS
01 16:18:35:999 PLSQL: INICIANDO CARGA DE PEDIDOS EN  V10INTERIN_RDRP
01 16:18:36:001 PLSQL: ERROR CARGANDO PEDIDOS
01 16:23:36:007 PLSQL: INICIANDO CARGA DE PEDIDOS EN  V10INTERIN_RDRP
01 16:23:36:009 PLSQL: ERROR CARGANDO PEDIDOS
01 16:28:36:019 PLSQL: INICIANDO CARGA DE PEDIDOS EN  V10INTERIN_RDRP
01 16:28:36:020 PLSQL: ERROR CARGANDO PEDIDOS
01 16:33:36:033 PLSQL: INICIANDO CARGA DE PEDIDOS EN  V10INTERIN_RDRP
01 16:33:36:035 PLSQL: ERROR CARGANDO PEDIDOS
01 16:38:36:049 PLSQL: INICIANDO CARGA DE PEDIDOS EN  V10INTERIN_RDRP
01 16:38:36:050 PLSQL: ERROR CARGANDO PEDIDOS
01 16:43:36:056 PLSQL: INICIANDO CARGA DE PEDIDOS EN  V10INTERIN_RDRP
01 16:43:36:058 PLSQL: ERROR CARGANDO PEDIDOS
01 16:48:36:069 PLSQL: INICIANDO CARGA DE PEDIDOS EN  V10INTERIN_RDRP
01 16:48:36:071 PLSQL: ERROR CARGANDO PEDIDOS
01 16:53:36:080 PLSQL: INICIANDO CARGA DE PEDIDOS EN  V10INTERIN_RDRP
01 16:53:36:081 PLSQL: ERROR CARGANDO PEDIDOS
01 16:58:36:097 PLSQL: INICIANDO CARGA DE PEDIDOS EN  V10INTERIN_RDRP
01 16:58:36:098 PLSQL: ERROR CARGANDO PEDIDOS
01 17:03:36:109 PLSQL: INICIANDO CARGA DE PEDIDOS EN  V10INTERIN_RDRP
01 17:03:36:110 PLSQL: ERROR CARGANDO PEDIDOS
01 17:08:36:124 PLSQL: INICIANDO CARGA DE PEDIDOS EN  V10INTERIN_RDRP
01 17:08:36:127 PLSQL: ERROR CARGANDO PEDIDOS
01 17:13:36:132 PLSQL: INICIANDO CARGA DE PEDIDOS EN  V10INTERIN_RDRP
01 17:13:36:134 PLSQL: ERROR CARGANDO PEDIDOS
01 17:18:36:141 PLSQL: INICIANDO CARGA DE PEDIDOS EN  V10INTERIN_RDRP
01 17:18:36:142 PLSQL: ERROR CARGANDO PEDIDOS
01 17:23:36:159 PLSQL: INICIANDO CARGA DE PEDIDOS EN  V10INTERIN_RDRP
01 17:23:36:160 PLSQL: ERROR CARGANDO PEDIDOS
01 17:28:36:174 PLSQL: INICIANDO CARGA DE PEDIDOS EN  V10INTERIN_RDRP
01 17:28:36:177 PLSQL: ERROR CARGANDO PEDIDOS
01 17:33:36:193 PLSQL: INICIANDO CARGA DE PEDIDOS EN  V10INTERIN_RDRP
01 17:33:36:194 PLSQL: ERROR CARGANDO PEDIDOS
01 17:38:36:205 PLSQL: INICIANDO CARGA DE PEDIDOS EN  V10INTERIN_RDRP
01 17:38:36:207 PLSQL: ERROR CARGANDO PEDIDOS
01 17:43:36:214 PLSQL: INICIANDO CARGA DE PEDIDOS EN  V10INTERIN_RDRP
01 17:43:36:215 PLSQL: ERROR CARGANDO PEDIDOS
01 17:48:36:219 PLSQL: INICIANDO CARGA DE PEDIDOS EN  V10INTERIN_RDRP
01 17:48:36:219 PLSQL: ERROR CARGANDO PEDIDOS
01 17:53:36:222 PLSQL: INICIANDO CARGA DE PEDIDOS EN  V10INTERIN_RDRP
01 17:53:36:225 PLSQL: ERROR CARGANDO PEDIDOS

00 17:57:24:242 Fichero de log cerrado.

