00 09:11:28:337 Fichero de log abierto PID 5768

02 09:11:28:340 Intentando abrir fichero v10.ini
02 09:11:28:346 Cargando driver v10oracle funcion damedriveroracle
02 09:11:28:792 Conectado a base de datos
02 09:11:28:795 Proceso CARGA_PEDIDOS encontrado en tabla VDPROCESOS
02 09:11:28:796 Proceso CARGA_PEDIDOS cargado con función procesoperiodico (Librería VDKERNEL.DLL) direccion 6DB62D10
02 09:11:28:798 PLSQL: INICIALIZADO PAQUETE DE LOG EL DIA 08-04-2022
02 09:11:28:810 Actualizado SID 126 SERIAL 56243 del proceso con PID 5768
02 09:11:28:811 Analizado cursor CCARGAPEDIDOS
02 09:11:28:811 Leidos 1 cursores
01 09:11:28:812 PLSQL: INICIANDO CARGA DE PEDIDOS EN  V10INTERIN_RDRP
01 09:11:28:813 PLSQL: ERROR CARGANDO PEDIDOS
01 09:16:28:816 PLSQL: INICIANDO CARGA DE PEDIDOS EN  V10INTERIN_RDRP
01 09:16:28:817 PLSQL: ERROR CARGANDO PEDIDOS
01 09:21:28:834 PLSQL: INICIANDO CARGA DE PEDIDOS EN  V10INTERIN_RDRP
01 09:21:28:836 PLSQL: ERROR CARGANDO PEDIDOS
01 09:26:28:838 PLSQL: INICIANDO CARGA DE PEDIDOS EN  V10INTERIN_RDRP
01 09:26:28:840 PLSQL: ERROR CARGANDO PEDIDOS
01 09:31:28:855 PLSQL: INICIANDO CARGA DE PEDIDOS EN  V10INTERIN_RDRP
01 09:31:28:873 PLSQL: ERROR CARGANDO PEDIDOS
01 09:36:28:889 PLSQL: INICIANDO CARGA DE PEDIDOS EN  V10INTERIN_RDRP
01 09:36:28:892 PLSQL: ERROR CARGANDO PEDIDOS
01 09:41:28:908 PLSQL: INICIANDO CARGA DE PEDIDOS EN  V10INTERIN_RDRP
01 09:41:28:909 PLSQL: ERROR CARGANDO PEDIDOS
01 09:46:28:921 PLSQL: INICIANDO CARGA DE PEDIDOS EN  V10INTERIN_RDRP
01 09:46:28:946 PLSQL: ERROR CARGANDO PEDIDOS
01 09:51:28:955 PLSQL: INICIANDO CARGA DE PEDIDOS EN  V10INTERIN_RDRP
01 09:51:28:956 PLSQL: ERROR CARGANDO PEDIDOS
01 09:56:28:963 PLSQL: INICIANDO CARGA DE PEDIDOS EN  V10INTERIN_RDRP
01 09:56:28:965 PLSQL: ERROR CARGANDO PEDIDOS
01 10:01:28:976 PLSQL: INICIANDO CARGA DE PEDIDOS EN  V10INTERIN_RDRP
01 10:01:28:977 PLSQL: ERROR CARGANDO PEDIDOS
01 10:06:28:989 PLSQL: INICIANDO CARGA DE PEDIDOS EN  V10INTERIN_RDRP
01 10:06:29:011 PLSQL: ERROR CARGANDO PEDIDOS
01 10:11:29:028 PLSQL: INICIANDO CARGA DE PEDIDOS EN  V10INTERIN_RDRP
01 10:11:29:030 PLSQL: ERROR CARGANDO PEDIDOS
01 10:16:29:047 PLSQL: INICIANDO CARGA DE PEDIDOS EN  V10INTERIN_RDRP
01 10:16:29:050 PLSQL: ERROR CARGANDO PEDIDOS
01 10:21:29:057 PLSQL: INICIANDO CARGA DE PEDIDOS EN  V10INTERIN_RDRP
01 10:21:29:058 PLSQL: ERROR CARGANDO PEDIDOS
01 10:26:29:060 PLSQL: INICIANDO CARGA DE PEDIDOS EN  V10INTERIN_RDRP
01 10:26:29:062 PLSQL: ERROR CARGANDO PEDIDOS
01 10:31:29:073 PLSQL: INICIANDO CARGA DE PEDIDOS EN  V10INTERIN_RDRP
01 10:31:29:075 PLSQL: ERROR CARGANDO PEDIDOS
01 10:36:29:082 PLSQL: INICIANDO CARGA DE PEDIDOS EN  V10INTERIN_RDRP
01 10:36:29:083 PLSQL: ERROR CARGANDO PEDIDOS
01 10:41:28:005 PLSQL: INICIANDO CARGA DE PEDIDOS EN  V10INTERIN_RDRP
01 10:41:28:006 PLSQL: ERROR CARGANDO PEDIDOS
01 10:46:28:020 PLSQL: INICIANDO CARGA DE PEDIDOS EN  V10INTERIN_RDRP
01 10:46:28:023 PLSQL: ERROR CARGANDO PEDIDOS
01 10:51:28:038 PLSQL: INICIANDO CARGA DE PEDIDOS EN  V10INTERIN_RDRP
01 10:51:28:039 PLSQL: ERROR CARGANDO PEDIDOS
01 10:56:28:052 PLSQL: INICIANDO CARGA DE PEDIDOS EN  V10INTERIN_RDRP
01 10:56:28:053 PLSQL: ERROR CARGANDO PEDIDOS
01 11:01:28:061 PLSQL: INICIANDO CARGA DE PEDIDOS EN  V10INTERIN_RDRP
01 11:01:28:062 PLSQL: ERROR CARGANDO PEDIDOS
01 11:06:28:079 PLSQL: INICIANDO CARGA DE PEDIDOS EN  V10INTERIN_RDRP
01 11:06:28:080 PLSQL: ERROR CARGANDO PEDIDOS
01 11:38:45:192 PLSQL: INICIANDO CARGA DE PEDIDOS EN  V10INTERIN_RDRP
01 11:38:45:194 PLSQL: ERROR CARGANDO PEDIDOS
01 11:43:45:199 PLSQL: INICIANDO CARGA DE PEDIDOS EN  V10INTERIN_RDRP
01 11:43:45:200 PLSQL: ERROR CARGANDO PEDIDOS
01 11:48:45:208 PLSQL: INICIANDO CARGA DE PEDIDOS EN  V10INTERIN_RDRP
01 11:48:45:225 PLSQL: ERROR CARGANDO PEDIDOS
01 11:53:45:235 PLSQL: INICIANDO CARGA DE PEDIDOS EN  V10INTERIN_RDRP
01 11:53:45:237 PLSQL: ERROR CARGANDO PEDIDOS
01 11:58:45:258 PLSQL: INICIANDO CARGA DE PEDIDOS EN  V10INTERIN_RDRP
01 11:58:45:259 PLSQL: ERROR CARGANDO PEDIDOS
01 12:03:45:264 PLSQL: INICIANDO CARGA DE PEDIDOS EN  V10INTERIN_RDRP
01 12:03:45:267 PLSQL: ERROR CARGANDO PEDIDOS
01 12:08:45:282 PLSQL: INICIANDO CARGA DE PEDIDOS EN  V10INTERIN_RDRP
01 12:08:45:284 PLSQL: ERROR CARGANDO PEDIDOS
01 12:13:45:288 PLSQL: INICIANDO CARGA DE PEDIDOS EN  V10INTERIN_RDRP
01 12:13:45:309 PLSQL: ERROR CARGANDO PEDIDOS
01 12:18:45:325 PLSQL: INICIANDO CARGA DE PEDIDOS EN  V10INTERIN_RDRP
01 12:18:45:326 PLSQL: ERROR CARGANDO PEDIDOS
01 12:23:45:337 PLSQL: INICIANDO CARGA DE PEDIDOS EN  V10INTERIN_RDRP
01 12:23:45:368 PLSQL: ERROR CARGANDO PEDIDOS
01 12:28:45:381 PLSQL: INICIANDO CARGA DE PEDIDOS EN  V10INTERIN_RDRP
01 12:28:45:382 PLSQL: ERROR CARGANDO PEDIDOS
01 12:33:45:392 PLSQL: INICIANDO CARGA DE PEDIDOS EN  V10INTERIN_RDRP
01 12:33:45:413 PLSQL: ERROR CARGANDO PEDIDOS
01 12:38:45:425 PLSQL: INICIANDO CARGA DE PEDIDOS EN  V10INTERIN_RDRP
01 12:38:45:427 PLSQL: ERROR CARGANDO PEDIDOS
01 12:43:45:432 PLSQL: INICIANDO CARGA DE PEDIDOS EN  V10INTERIN_RDRP
01 12:43:45:434 PLSQL: ERROR CARGANDO PEDIDOS
01 12:48:45:448 PLSQL: INICIANDO CARGA DE PEDIDOS EN  V10INTERIN_RDRP
01 12:48:45:449 PLSQL: ERROR CARGANDO PEDIDOS
01 12:53:45:462 PLSQL: INICIANDO CARGA DE PEDIDOS EN  V10INTERIN_RDRP
01 12:53:45:485 PLSQL: ERROR CARGANDO PEDIDOS
01 12:58:45:489 PLSQL: INICIANDO CARGA DE PEDIDOS EN  V10INTERIN_RDRP
01 12:58:45:491 PLSQL: ERROR CARGANDO PEDIDOS
01 13:03:45:498 PLSQL: INICIANDO CARGA DE PEDIDOS EN  V10INTERIN_RDRP
01 13:03:45:500 PLSQL: ERROR CARGANDO PEDIDOS
01 13:08:45:503 PLSQL: INICIANDO CARGA DE PEDIDOS EN  V10INTERIN_RDRP
01 13:08:45:505 PLSQL: ERROR CARGANDO PEDIDOS
01 13:13:45:507 PLSQL: INICIANDO CARGA DE PEDIDOS EN  V10INTERIN_RDRP
01 13:13:45:510 PLSQL: ERROR CARGANDO PEDIDOS
01 13:18:45:526 PLSQL: INICIANDO CARGA DE PEDIDOS EN  V10INTERIN_RDRP
01 13:18:45:530 PLSQL: ERROR CARGANDO PEDIDOS
01 13:23:45:540 PLSQL: INICIANDO CARGA DE PEDIDOS EN  V10INTERIN_RDRP
01 13:23:45:566 PLSQL: ERROR CARGANDO PEDIDOS
01 13:28:45:581 PLSQL: INICIANDO CARGA DE PEDIDOS EN  V10INTERIN_RDRP
01 13:28:45:584 PLSQL: ERROR CARGANDO PEDIDOS
01 13:33:45:586 PLSQL: INICIANDO CARGA DE PEDIDOS EN  V10INTERIN_RDRP
01 13:33:45:621 PLSQL: ERROR CARGANDO PEDIDOS
01 13:38:45:638 PLSQL: INICIANDO CARGA DE PEDIDOS EN  V10INTERIN_RDRP
01 13:38:45:639 PLSQL: ERROR CARGANDO PEDIDOS
01 13:43:45:652 PLSQL: INICIANDO CARGA DE PEDIDOS EN  V10INTERIN_RDRP
01 13:43:45:675 PLSQL: ERROR CARGANDO PEDIDOS
01 13:48:45:690 PLSQL: INICIANDO CARGA DE PEDIDOS EN  V10INTERIN_RDRP
01 13:48:45:691 PLSQL: ERROR CARGANDO PEDIDOS
01 13:53:45:709 PLSQL: INICIANDO CARGA DE PEDIDOS EN  V10INTERIN_RDRP
01 13:53:45:711 PLSQL: ERROR CARGANDO PEDIDOS
01 13:58:45:724 PLSQL: INICIANDO CARGA DE PEDIDOS EN  V10INTERIN_RDRP
01 13:58:45:724 PLSQL: ERROR CARGANDO PEDIDOS

00 13:59:39:794 Fichero de log cerrado.

