00 09:11:28:312 Fichero de log abierto PID 16352

02 09:11:28:313 Intentando abrir fichero v10.ini
02 09:11:28:321 Cargando driver v10oracle funcion damedriveroracle
02 09:11:28:795 Conectado a base de datos
02 09:11:28:797 Proceso CARGA_CODARTALT encontrado en tabla VDPROCESOS
02 09:11:28:797 Proceso CARGA_CODARTALT cargado con función procesoperiodico (Librería VDKERNEL.DLL) direccion 6DB62D10
02 09:11:28:799 PLSQL: INICIALIZADO PAQUETE DE LOG EL DIA 08-04-2022
02 09:11:28:811 Actualizado SID 745 SERIAL 65334 del proceso con PID 16352
02 09:11:28:817 Analizado cursor CCARGAARTICULOS
02 09:11:28:817 Leidos 1 cursores
01 09:11:28:818 PLSQL: INICIANDO CARGA DE CODARTALT EN  V10INTERIN_RDRP
01 09:11:28:819 PLSQL: ERROR CARGANDO CODARTALT
01 09:21:28:834 PLSQL: INICIANDO CARGA DE CODARTALT EN  V10INTERIN_RDRP
01 09:21:28:834 PLSQL: ERROR CARGANDO CODARTALT
01 09:31:28:855 PLSQL: INICIANDO CARGA DE CODARTALT EN  V10INTERIN_RDRP
01 09:31:28:856 PLSQL: ERROR CARGANDO CODARTALT
01 09:41:28:862 PLSQL: INICIANDO CARGA DE CODARTALT EN  V10INTERIN_RDRP
01 09:41:28:866 PLSQL: ERROR CARGANDO CODARTALT
01 09:51:28:878 PLSQL: INICIANDO CARGA DE CODARTALT EN  V10INTERIN_RDRP
01 09:51:28:879 PLSQL: ERROR CARGANDO CODARTALT
01 10:01:28:882 PLSQL: INICIANDO CARGA DE CODARTALT EN  V10INTERIN_RDRP
01 10:01:28:920 PLSQL: ERROR CARGANDO CODARTALT
01 10:11:28:935 PLSQL: INICIANDO CARGA DE CODARTALT EN  V10INTERIN_RDRP
01 10:11:28:952 PLSQL: ERROR CARGANDO CODARTALT
01 10:21:28:964 PLSQL: INICIANDO CARGA DE CODARTALT EN  V10INTERIN_RDRP
01 10:21:28:981 PLSQL: ERROR CARGANDO CODARTALT
01 10:31:28:995 PLSQL: INICIANDO CARGA DE CODARTALT EN  V10INTERIN_RDRP
01 10:31:29:015 PLSQL: ERROR CARGANDO CODARTALT
01 10:41:27:943 PLSQL: INICIANDO CARGA DE CODARTALT EN  V10INTERIN_RDRP
01 10:41:27:945 PLSQL: ERROR CARGANDO CODARTALT
01 10:51:27:960 PLSQL: INICIANDO CARGA DE CODARTALT EN  V10INTERIN_RDRP
01 10:51:27:961 PLSQL: ERROR CARGANDO CODARTALT
01 11:01:27:969 PLSQL: INICIANDO CARGA DE CODARTALT EN  V10INTERIN_RDRP
01 11:01:27:971 PLSQL: ERROR CARGANDO CODARTALT
01 11:38:45:191 PLSQL: INICIANDO CARGA DE CODARTALT EN  V10INTERIN_RDRP
01 11:38:45:194 PLSQL: ERROR CARGANDO CODARTALT
01 11:48:45:208 PLSQL: INICIANDO CARGA DE CODARTALT EN  V10INTERIN_RDRP
01 11:48:45:209 PLSQL: ERROR CARGANDO CODARTALT
01 11:58:45:226 PLSQL: INICIANDO CARGA DE CODARTALT EN  V10INTERIN_RDRP
01 11:58:45:229 PLSQL: ERROR CARGANDO CODARTALT
01 12:08:45:235 PLSQL: INICIANDO CARGA DE CODARTALT EN  V10INTERIN_RDRP
01 12:08:45:237 PLSQL: ERROR CARGANDO CODARTALT
01 12:18:45:248 PLSQL: INICIANDO CARGA DE CODARTALT EN  V10INTERIN_RDRP
01 12:18:45:250 PLSQL: ERROR CARGANDO CODARTALT
01 12:28:45:256 PLSQL: INICIANDO CARGA DE CODARTALT EN  V10INTERIN_RDRP
01 12:28:45:257 PLSQL: ERROR CARGANDO CODARTALT
01 12:38:45:269 PLSQL: INICIANDO CARGA DE CODARTALT EN  V10INTERIN_RDRP
01 12:38:45:271 PLSQL: ERROR CARGANDO CODARTALT
01 12:48:45:277 PLSQL: INICIANDO CARGA DE CODARTALT EN  V10INTERIN_RDRP
01 12:48:45:278 PLSQL: ERROR CARGANDO CODARTALT
01 12:58:45:288 PLSQL: INICIANDO CARGA DE CODARTALT EN  V10INTERIN_RDRP
01 12:58:45:326 PLSQL: ERROR CARGANDO CODARTALT
01 13:08:45:331 PLSQL: INICIANDO CARGA DE CODARTALT EN  V10INTERIN_RDRP
01 13:08:45:333 PLSQL: ERROR CARGANDO CODARTALT
01 13:18:45:339 PLSQL: INICIANDO CARGA DE CODARTALT EN  V10INTERIN_RDRP
01 13:18:45:340 PLSQL: ERROR CARGANDO CODARTALT
01 13:28:45:345 PLSQL: INICIANDO CARGA DE CODARTALT EN  V10INTERIN_RDRP
01 13:28:45:348 PLSQL: ERROR CARGANDO CODARTALT
01 13:38:45:358 PLSQL: INICIANDO CARGA DE CODARTALT EN  V10INTERIN_RDRP
01 13:38:45:362 PLSQL: ERROR CARGANDO CODARTALT
01 13:48:45:378 PLSQL: INICIANDO CARGA DE CODARTALT EN  V10INTERIN_RDRP
01 13:48:45:396 PLSQL: ERROR CARGANDO CODARTALT
01 13:58:45:399 PLSQL: INICIANDO CARGA DE CODARTALT EN  V10INTERIN_RDRP
01 13:58:45:399 PLSQL: ERROR CARGANDO CODARTALT

00 13:59:39:795 Fichero de log cerrado.

