00 09:13:10:232 Fichero de log abierto PID 13232

02 09:13:10:232 Intentando abrir fichero v10.ini
02 09:13:10:240 Cargando driver v10oracle funcion damedriveroracle
02 09:13:10:650 Conectado a base de datos
02 09:13:10:652 Proceso CARGA_PEDIDOS encontrado en tabla VDPROCESOS
02 09:13:10:652 Proceso CARGA_PEDIDOS cargado con función procesoperiodico (Librería VDKERNEL.DLL) direccion 6F882D10
02 09:13:10:654 PLSQL: INICIALIZADO PAQUETE DE LOG EL DIA 13-04-2022
02 09:13:10:665 Actualizado SID 499 SERIAL 3431 del proceso con PID 13232
02 09:13:10:666 Analizado cursor CCARGAPEDIDOS
02 09:13:10:666 Leidos 1 cursores
01 09:13:10:668 PLSQL: INICIANDO CARGA DE PEDIDOS EN  V10INTERIN_RDRP
01 09:13:10:669 PLSQL: ERROR CARGANDO PEDIDOS
01 09:18:10:676 PLSQL: INICIANDO CARGA DE PEDIDOS EN  V10INTERIN_RDRP
01 09:18:10:677 PLSQL: ERROR CARGANDO PEDIDOS
01 09:23:10:690 PLSQL: INICIANDO CARGA DE PEDIDOS EN  V10INTERIN_RDRP
01 09:23:10:692 PLSQL: ERROR CARGANDO PEDIDOS
01 09:28:10:701 PLSQL: INICIANDO CARGA DE PEDIDOS EN  V10INTERIN_RDRP
01 09:28:10:704 PLSQL: ERROR CARGANDO PEDIDOS
01 09:33:10:710 PLSQL: INICIANDO CARGA DE PEDIDOS EN  V10INTERIN_RDRP
01 09:33:10:712 PLSQL: ERROR CARGANDO PEDIDOS
01 09:38:10:719 PLSQL: INICIANDO CARGA DE PEDIDOS EN  V10INTERIN_RDRP
01 09:38:10:720 PLSQL: ERROR CARGANDO PEDIDOS
01 09:43:10:728 PLSQL: INICIANDO CARGA DE PEDIDOS EN  V10INTERIN_RDRP
01 09:43:10:730 PLSQL: ERROR CARGANDO PEDIDOS
01 09:48:10:743 PLSQL: INICIANDO CARGA DE PEDIDOS EN  V10INTERIN_RDRP
01 09:48:10:745 PLSQL: ERROR CARGANDO PEDIDOS
01 09:53:10:754 PLSQL: INICIANDO CARGA DE PEDIDOS EN  V10INTERIN_RDRP
01 09:53:10:755 PLSQL: ERROR CARGANDO PEDIDOS
01 09:58:10:770 PLSQL: INICIANDO CARGA DE PEDIDOS EN  V10INTERIN_RDRP
01 09:58:10:771 PLSQL: ERROR CARGANDO PEDIDOS
01 10:03:09:391 PLSQL: INICIANDO CARGA DE PEDIDOS EN  V10INTERIN_RDRP
01 10:03:09:392 PLSQL: ERROR CARGANDO PEDIDOS
01 10:08:09:403 PLSQL: INICIANDO CARGA DE PEDIDOS EN  V10INTERIN_RDRP
01 10:08:09:405 PLSQL: ERROR CARGANDO PEDIDOS
01 10:13:09:408 PLSQL: INICIANDO CARGA DE PEDIDOS EN  V10INTERIN_RDRP
01 10:13:09:409 PLSQL: ERROR CARGANDO PEDIDOS
01 10:18:09:413 PLSQL: INICIANDO CARGA DE PEDIDOS EN  V10INTERIN_RDRP
01 10:18:09:415 PLSQL: ERROR CARGANDO PEDIDOS
01 10:23:09:421 PLSQL: INICIANDO CARGA DE PEDIDOS EN  V10INTERIN_RDRP
01 10:23:09:423 PLSQL: ERROR CARGANDO PEDIDOS
01 10:28:09:433 PLSQL: INICIANDO CARGA DE PEDIDOS EN  V10INTERIN_RDRP
01 10:28:09:434 PLSQL: ERROR CARGANDO PEDIDOS
01 10:33:09:445 PLSQL: INICIANDO CARGA DE PEDIDOS EN  V10INTERIN_RDRP
01 10:33:09:448 PLSQL: ERROR CARGANDO PEDIDOS
01 10:38:09:459 PLSQL: INICIANDO CARGA DE PEDIDOS EN  V10INTERIN_RDRP
01 10:38:09:460 PLSQL: ERROR CARGANDO PEDIDOS
01 10:43:09:474 PLSQL: INICIANDO CARGA DE PEDIDOS EN  V10INTERIN_RDRP
01 10:43:09:478 PLSQL: ERROR CARGANDO PEDIDOS
01 10:48:09:484 PLSQL: INICIANDO CARGA DE PEDIDOS EN  V10INTERIN_RDRP
01 10:48:09:509 PLSQL: ERROR CARGANDO PEDIDOS
01 10:53:09:518 PLSQL: INICIANDO CARGA DE PEDIDOS EN  V10INTERIN_RDRP
01 10:53:09:520 PLSQL: ERROR CARGANDO PEDIDOS
01 10:58:09:534 PLSQL: INICIANDO CARGA DE PEDIDOS EN  V10INTERIN_RDRP
01 10:58:09:537 PLSQL: ERROR CARGANDO PEDIDOS
01 11:03:09:546 PLSQL: INICIANDO CARGA DE PEDIDOS EN  V10INTERIN_RDRP
01 11:03:09:550 PLSQL: ERROR CARGANDO PEDIDOS
01 11:31:04:118 PLSQL: INICIANDO CARGA DE PEDIDOS EN  V10INTERIN_RDRP
01 11:31:04:125 PLSQL: ERROR CARGANDO PEDIDOS
01 11:36:04:126 PLSQL: INICIANDO CARGA DE PEDIDOS EN  V10INTERIN_RDRP
01 11:36:04:127 PLSQL: ERROR CARGANDO PEDIDOS
01 11:41:04:132 PLSQL: INICIANDO CARGA DE PEDIDOS EN  V10INTERIN_RDRP
01 11:41:04:149 PLSQL: ERROR CARGANDO PEDIDOS
01 11:46:04:159 PLSQL: INICIANDO CARGA DE PEDIDOS EN  V10INTERIN_RDRP
01 11:46:04:177 PLSQL: ERROR CARGANDO PEDIDOS
01 11:51:04:188 PLSQL: INICIANDO CARGA DE PEDIDOS EN  V10INTERIN_RDRP
01 11:51:04:189 PLSQL: ERROR CARGANDO PEDIDOS
01 11:56:04:215 PLSQL: INICIANDO CARGA DE PEDIDOS EN  V10INTERIN_RDRP
01 11:56:04:216 PLSQL: ERROR CARGANDO PEDIDOS
01 12:01:04:222 PLSQL: INICIANDO CARGA DE PEDIDOS EN  V10INTERIN_RDRP
01 12:01:04:243 PLSQL: ERROR CARGANDO PEDIDOS
01 12:06:04:248 PLSQL: INICIANDO CARGA DE PEDIDOS EN  V10INTERIN_RDRP
01 12:06:04:249 PLSQL: ERROR CARGANDO PEDIDOS
01 12:11:04:251 PLSQL: INICIANDO CARGA DE PEDIDOS EN  V10INTERIN_RDRP
01 12:11:04:252 PLSQL: ERROR CARGANDO PEDIDOS
01 12:16:04:260 PLSQL: INICIANDO CARGA DE PEDIDOS EN  V10INTERIN_RDRP
01 12:16:04:263 PLSQL: ERROR CARGANDO PEDIDOS
01 12:21:04:268 PLSQL: INICIANDO CARGA DE PEDIDOS EN  V10INTERIN_RDRP
01 12:21:04:270 PLSQL: ERROR CARGANDO PEDIDOS
01 12:26:04:280 PLSQL: INICIANDO CARGA DE PEDIDOS EN  V10INTERIN_RDRP
01 12:26:04:282 PLSQL: ERROR CARGANDO PEDIDOS
01 12:31:04:287 PLSQL: INICIANDO CARGA DE PEDIDOS EN  V10INTERIN_RDRP
01 12:31:04:289 PLSQL: ERROR CARGANDO PEDIDOS
01 12:36:04:302 PLSQL: INICIANDO CARGA DE PEDIDOS EN  V10INTERIN_RDRP
01 12:36:04:304 PLSQL: ERROR CARGANDO PEDIDOS
01 12:41:04:315 PLSQL: INICIANDO CARGA DE PEDIDOS EN  V10INTERIN_RDRP
01 12:41:04:316 PLSQL: ERROR CARGANDO PEDIDOS
01 12:46:04:331 PLSQL: INICIANDO CARGA DE PEDIDOS EN  V10INTERIN_RDRP
01 12:46:04:332 PLSQL: ERROR CARGANDO PEDIDOS
01 12:51:04:341 PLSQL: INICIANDO CARGA DE PEDIDOS EN  V10INTERIN_RDRP
01 12:51:04:344 PLSQL: ERROR CARGANDO PEDIDOS
01 12:56:04:348 PLSQL: INICIANDO CARGA DE PEDIDOS EN  V10INTERIN_RDRP
01 12:56:04:350 PLSQL: ERROR CARGANDO PEDIDOS
01 13:01:04:353 PLSQL: INICIANDO CARGA DE PEDIDOS EN  V10INTERIN_RDRP
01 13:01:04:354 PLSQL: ERROR CARGANDO PEDIDOS
01 13:06:04:365 PLSQL: INICIANDO CARGA DE PEDIDOS EN  V10INTERIN_RDRP
01 13:06:04:368 PLSQL: ERROR CARGANDO PEDIDOS
01 13:11:04:374 PLSQL: INICIANDO CARGA DE PEDIDOS EN  V10INTERIN_RDRP
01 13:11:04:375 PLSQL: ERROR CARGANDO PEDIDOS
01 13:16:04:381 PLSQL: INICIANDO CARGA DE PEDIDOS EN  V10INTERIN_RDRP
01 13:16:04:384 PLSQL: ERROR CARGANDO PEDIDOS
01 13:21:04:390 PLSQL: INICIANDO CARGA DE PEDIDOS EN  V10INTERIN_RDRP
01 13:21:04:392 PLSQL: ERROR CARGANDO PEDIDOS
01 13:26:04:401 PLSQL: INICIANDO CARGA DE PEDIDOS EN  V10INTERIN_RDRP
01 13:26:04:402 PLSQL: ERROR CARGANDO PEDIDOS
01 13:31:04:408 PLSQL: INICIANDO CARGA DE PEDIDOS EN  V10INTERIN_RDRP
01 13:31:04:409 PLSQL: ERROR CARGANDO PEDIDOS
01 13:36:04:423 PLSQL: INICIANDO CARGA DE PEDIDOS EN  V10INTERIN_RDRP
01 13:36:04:425 PLSQL: ERROR CARGANDO PEDIDOS
01 13:41:04:430 PLSQL: INICIANDO CARGA DE PEDIDOS EN  V10INTERIN_RDRP
01 13:41:04:433 PLSQL: ERROR CARGANDO PEDIDOS
01 13:46:04:447 PLSQL: INICIANDO CARGA DE PEDIDOS EN  V10INTERIN_RDRP
01 13:46:04:449 PLSQL: ERROR CARGANDO PEDIDOS
01 13:51:04:459 PLSQL: INICIANDO CARGA DE PEDIDOS EN  V10INTERIN_RDRP
01 13:51:04:461 PLSQL: ERROR CARGANDO PEDIDOS
01 13:56:04:463 PLSQL: INICIANDO CARGA DE PEDIDOS EN  V10INTERIN_RDRP
01 13:56:04:467 PLSQL: ERROR CARGANDO PEDIDOS
01 14:01:04:483 PLSQL: INICIANDO CARGA DE PEDIDOS EN  V10INTERIN_RDRP
01 14:01:04:485 PLSQL: ERROR CARGANDO PEDIDOS
01 14:06:04:497 PLSQL: INICIANDO CARGA DE PEDIDOS EN  V10INTERIN_RDRP
01 14:06:04:498 PLSQL: ERROR CARGANDO PEDIDOS
01 14:11:04:517 PLSQL: INICIANDO CARGA DE PEDIDOS EN  V10INTERIN_RDRP
01 14:11:04:520 PLSQL: ERROR CARGANDO PEDIDOS
01 14:16:04:526 PLSQL: INICIANDO CARGA DE PEDIDOS EN  V10INTERIN_RDRP
01 14:16:04:527 PLSQL: ERROR CARGANDO PEDIDOS
01 14:21:04:537 PLSQL: INICIANDO CARGA DE PEDIDOS EN  V10INTERIN_RDRP
01 14:21:04:539 PLSQL: ERROR CARGANDO PEDIDOS
01 14:26:04:553 PLSQL: INICIANDO CARGA DE PEDIDOS EN  V10INTERIN_RDRP
01 14:26:04:555 PLSQL: ERROR CARGANDO PEDIDOS
01 14:31:04:565 PLSQL: INICIANDO CARGA DE PEDIDOS EN  V10INTERIN_RDRP
01 14:31:04:567 PLSQL: ERROR CARGANDO PEDIDOS
01 14:36:04:582 PLSQL: INICIANDO CARGA DE PEDIDOS EN  V10INTERIN_RDRP
01 14:36:04:583 PLSQL: ERROR CARGANDO PEDIDOS
01 14:41:04:596 PLSQL: INICIANDO CARGA DE PEDIDOS EN  V10INTERIN_RDRP
01 14:41:04:596 PLSQL: ERROR CARGANDO PEDIDOS
01 14:46:04:600 PLSQL: INICIANDO CARGA DE PEDIDOS EN  V10INTERIN_RDRP
01 14:46:04:603 PLSQL: ERROR CARGANDO PEDIDOS
01 14:51:04:619 PLSQL: INICIANDO CARGA DE PEDIDOS EN  V10INTERIN_RDRP
01 14:51:04:620 PLSQL: ERROR CARGANDO PEDIDOS
01 14:56:04:626 PLSQL: INICIANDO CARGA DE PEDIDOS EN  V10INTERIN_RDRP
01 14:56:04:627 PLSQL: ERROR CARGANDO PEDIDOS
01 15:01:04:633 PLSQL: INICIANDO CARGA DE PEDIDOS EN  V10INTERIN_RDRP
01 15:01:04:635 PLSQL: ERROR CARGANDO PEDIDOS
01 15:59:32:718 PLSQL: INICIANDO CARGA DE PEDIDOS EN  V10INTERIN_RDRP
01 15:59:32:721 PLSQL: ERROR CARGANDO PEDIDOS
01 16:04:32:725 PLSQL: INICIANDO CARGA DE PEDIDOS EN  V10INTERIN_RDRP
01 16:04:32:726 PLSQL: ERROR CARGANDO PEDIDOS
01 16:09:32:732 PLSQL: INICIANDO CARGA DE PEDIDOS EN  V10INTERIN_RDRP
01 16:09:32:741 PLSQL: ERROR CARGANDO PEDIDOS
01 16:14:32:753 PLSQL: INICIANDO CARGA DE PEDIDOS EN  V10INTERIN_RDRP
01 16:14:32:755 PLSQL: ERROR CARGANDO PEDIDOS
01 16:19:32:763 PLSQL: INICIANDO CARGA DE PEDIDOS EN  V10INTERIN_RDRP
01 16:19:32:765 PLSQL: ERROR CARGANDO PEDIDOS
01 16:24:32:773 PLSQL: INICIANDO CARGA DE PEDIDOS EN  V10INTERIN_RDRP
01 16:24:32:775 PLSQL: ERROR CARGANDO PEDIDOS
01 16:29:32:782 PLSQL: INICIANDO CARGA DE PEDIDOS EN  V10INTERIN_RDRP
01 16:29:32:784 PLSQL: ERROR CARGANDO PEDIDOS
01 16:34:32:798 PLSQL: INICIANDO CARGA DE PEDIDOS EN  V10INTERIN_RDRP
01 16:34:32:800 PLSQL: ERROR CARGANDO PEDIDOS
01 16:39:32:817 PLSQL: INICIANDO CARGA DE PEDIDOS EN  V10INTERIN_RDRP
01 16:39:32:818 PLSQL: ERROR CARGANDO PEDIDOS
01 16:44:32:835 PLSQL: INICIANDO CARGA DE PEDIDOS EN  V10INTERIN_RDRP
01 16:44:32:836 PLSQL: ERROR CARGANDO PEDIDOS
01 16:49:32:847 PLSQL: INICIANDO CARGA DE PEDIDOS EN  V10INTERIN_RDRP
01 16:49:32:863 PLSQL: ERROR CARGANDO PEDIDOS
01 16:54:32:882 PLSQL: INICIANDO CARGA DE PEDIDOS EN  V10INTERIN_RDRP
01 16:54:32:884 PLSQL: ERROR CARGANDO PEDIDOS
01 16:59:32:893 PLSQL: INICIANDO CARGA DE PEDIDOS EN  V10INTERIN_RDRP
01 16:59:32:895 PLSQL: ERROR CARGANDO PEDIDOS
01 17:04:32:908 PLSQL: INICIANDO CARGA DE PEDIDOS EN  V10INTERIN_RDRP
01 17:04:32:910 PLSQL: ERROR CARGANDO PEDIDOS
01 17:09:32:922 PLSQL: INICIANDO CARGA DE PEDIDOS EN  V10INTERIN_RDRP
01 17:09:32:922 PLSQL: ERROR CARGANDO PEDIDOS
01 17:14:32:942 PLSQL: INICIANDO CARGA DE PEDIDOS EN  V10INTERIN_RDRP
01 17:14:32:973 PLSQL: ERROR CARGANDO PEDIDOS
01 17:19:32:978 PLSQL: INICIANDO CARGA DE PEDIDOS EN  V10INTERIN_RDRP
01 17:19:32:981 PLSQL: ERROR CARGANDO PEDIDOS
01 17:24:32:991 PLSQL: INICIANDO CARGA DE PEDIDOS EN  V10INTERIN_RDRP
01 17:24:32:994 PLSQL: ERROR CARGANDO PEDIDOS
01 17:29:33:003 PLSQL: INICIANDO CARGA DE PEDIDOS EN  V10INTERIN_RDRP
01 17:29:33:007 PLSQL: ERROR CARGANDO PEDIDOS
01 17:34:33:022 PLSQL: INICIANDO CARGA DE PEDIDOS EN  V10INTERIN_RDRP
01 17:34:33:024 PLSQL: ERROR CARGANDO PEDIDOS
01 17:39:33:030 PLSQL: INICIANDO CARGA DE PEDIDOS EN  V10INTERIN_RDRP
01 17:39:33:033 PLSQL: ERROR CARGANDO PEDIDOS
01 17:44:33:041 PLSQL: INICIANDO CARGA DE PEDIDOS EN  V10INTERIN_RDRP
01 17:44:33:045 PLSQL: ERROR CARGANDO PEDIDOS
01 17:49:33:057 PLSQL: INICIANDO CARGA DE PEDIDOS EN  V10INTERIN_RDRP
01 17:49:33:059 PLSQL: ERROR CARGANDO PEDIDOS
01 17:54:33:063 PLSQL: INICIANDO CARGA DE PEDIDOS EN  V10INTERIN_RDRP
01 17:54:33:067 PLSQL: ERROR CARGANDO PEDIDOS

00 17:54:53:300 Fichero de log cerrado.

