00 09:11:09:058 Fichero de log abierto PID 15312

02 09:11:09:060 Intentando abrir fichero v10.ini
02 09:11:09:066 Cargando driver v10oracle funcion damedriveroracle
02 09:11:09:873 Conectado a base de datos
02 09:11:09:876 Proceso CARGA_CP encontrado en tabla VDPROCESOS
02 09:11:09:876 Proceso CARGA_CP cargado con función procesoperiodico (Librería VDKERNEL.DLL) direccion 6E032D10
02 09:11:09:880 PLSQL: INICIALIZADO PAQUETE DE LOG EL DIA 04-04-2022
02 09:11:09:890 Actualizado SID 140 SERIAL 6784 del proceso con PID 15312
00 09:11:09:896 Error al abrir fichero inter_codigos_postales.vsq

00 10:22:53:421 Fichero de log cerrado.

00 10:23:01:966 Fichero de log abierto PID 7488

02 10:23:01:967 Intentando abrir fichero v10.ini
02 10:23:01:975 Cargando driver v10oracle funcion damedriveroracle
02 10:23:02:853 Conectado a base de datos
02 10:23:02:856 Proceso CARGA_CP encontrado en tabla VDPROCESOS
02 10:23:02:857 Proceso CARGA_CP cargado con función procesoperiodico (Librería VDKERNEL.DLL) direccion 6E032D10
02 10:23:02:859 PLSQL: INICIALIZADO PAQUETE DE LOG EL DIA 04-04-2022
02 10:23:02:872 Actualizado SID 138 SERIAL 34928 del proceso con PID 7488
00 10:23:02:880 Error al abrir fichero inter_codigos_postales.vsq

00 10:38:58:280 Fichero de log cerrado.

00 10:39:08:197 Fichero de log abierto PID 11208

02 10:39:08:200 Intentando abrir fichero v10.ini
02 10:39:08:207 Cargando driver v10oracle funcion damedriveroracle
02 10:39:08:892 Conectado a base de datos
02 10:39:08:895 Proceso CARGA_CP encontrado en tabla VDPROCESOS
02 10:39:08:896 Proceso CARGA_CP cargado con función procesoperiodico (Librería VDKERNEL.DLL) direccion 6E032D10
02 10:39:08:898 PLSQL: INICIALIZADO PAQUETE DE LOG EL DIA 04-04-2022
02 10:39:08:908 Actualizado SID 15 SERIAL 1700 del proceso con PID 11208
00 10:39:08:917 Error al abrir fichero inter_codigos_postales.vsq

00 12:00:01:342 Fichero de log cerrado.

