00 09:08:31:498 Fichero de log abierto PID 12592

02 09:08:31:502 Intentando abrir fichero v10.ini
02 09:08:31:507 Cargando driver v10oracle funcion damedriveroracle
02 09:08:32:257 Conectado a base de datos
02 09:08:32:260 Proceso CARGA_PEDIDOS encontrado en tabla VDPROCESOS
02 09:08:32:260 Proceso CARGA_PEDIDOS cargado con función procesoperiodico (Librería VDKERNEL.DLL) direccion 6FF62D10
02 09:08:32:263 PLSQL: INICIALIZADO PAQUETE DE LOG EL DIA 28-03-2022
02 09:08:32:272 Actualizado SID 378 SERIAL 51066 del proceso con PID 12592
02 09:08:32:277 Analizado cursor CCARGAPEDIDOS
02 09:08:32:277 Leidos 1 cursores
01 09:08:32:278 PLSQL: INICIANDO CARGA DE PEDIDOS EN  V10INTERIN_RDRP
01 09:08:32:280 PLSQL: ERROR CARGANDO PEDIDOS
01 09:13:32:294 PLSQL: INICIANDO CARGA DE PEDIDOS EN  V10INTERIN_RDRP
01 09:13:32:295 PLSQL: ERROR CARGANDO PEDIDOS
01 09:18:32:297 PLSQL: INICIANDO CARGA DE PEDIDOS EN  V10INTERIN_RDRP
01 09:18:32:299 PLSQL: ERROR CARGANDO PEDIDOS
01 09:23:32:313 PLSQL: INICIANDO CARGA DE PEDIDOS EN  V10INTERIN_RDRP
01 09:23:32:314 PLSQL: ERROR CARGANDO PEDIDOS
01 09:28:32:323 PLSQL: INICIANDO CARGA DE PEDIDOS EN  V10INTERIN_RDRP
01 09:28:32:326 PLSQL: ERROR CARGANDO PEDIDOS
01 09:33:32:336 PLSQL: INICIANDO CARGA DE PEDIDOS EN  V10INTERIN_RDRP
01 09:33:32:362 PLSQL: ERROR CARGANDO PEDIDOS
01 09:38:32:378 PLSQL: INICIANDO CARGA DE PEDIDOS EN  V10INTERIN_RDRP
01 09:38:32:379 PLSQL: ERROR CARGANDO PEDIDOS
01 09:43:32:392 PLSQL: INICIANDO CARGA DE PEDIDOS EN  V10INTERIN_RDRP
01 09:43:32:412 PLSQL: ERROR CARGANDO PEDIDOS
01 09:48:32:429 PLSQL: INICIANDO CARGA DE PEDIDOS EN  V10INTERIN_RDRP
01 09:48:32:430 PLSQL: ERROR CARGANDO PEDIDOS
01 09:53:32:436 PLSQL: INICIANDO CARGA DE PEDIDOS EN  V10INTERIN_RDRP
01 09:53:32:437 PLSQL: ERROR CARGANDO PEDIDOS
01 09:58:32:453 PLSQL: INICIANDO CARGA DE PEDIDOS EN  V10INTERIN_RDRP
01 09:58:32:454 PLSQL: ERROR CARGANDO PEDIDOS
01 10:03:32:467 PLSQL: INICIANDO CARGA DE PEDIDOS EN  V10INTERIN_RDRP
01 10:03:32:468 PLSQL: ERROR CARGANDO PEDIDOS
01 10:08:32:471 PLSQL: INICIANDO CARGA DE PEDIDOS EN  V10INTERIN_RDRP
01 10:08:32:473 PLSQL: ERROR CARGANDO PEDIDOS
01 10:13:32:482 PLSQL: INICIANDO CARGA DE PEDIDOS EN  V10INTERIN_RDRP
01 10:13:32:484 PLSQL: ERROR CARGANDO PEDIDOS
01 10:18:32:497 PLSQL: INICIANDO CARGA DE PEDIDOS EN  V10INTERIN_RDRP
01 10:18:32:499 PLSQL: ERROR CARGANDO PEDIDOS
01 10:23:32:514 PLSQL: INICIANDO CARGA DE PEDIDOS EN  V10INTERIN_RDRP
01 10:23:32:517 PLSQL: ERROR CARGANDO PEDIDOS
01 10:28:32:525 PLSQL: INICIANDO CARGA DE PEDIDOS EN  V10INTERIN_RDRP
01 10:28:32:526 PLSQL: ERROR CARGANDO PEDIDOS
01 10:33:32:531 PLSQL: INICIANDO CARGA DE PEDIDOS EN  V10INTERIN_RDRP
01 10:33:32:531 PLSQL: ERROR CARGANDO PEDIDOS
01 10:38:32:548 PLSQL: INICIANDO CARGA DE PEDIDOS EN  V10INTERIN_RDRP
01 10:38:32:552 PLSQL: ERROR CARGANDO PEDIDOS
01 10:43:32:560 PLSQL: INICIANDO CARGA DE PEDIDOS EN  V10INTERIN_RDRP
01 10:43:32:562 PLSQL: ERROR CARGANDO PEDIDOS
01 10:48:32:569 PLSQL: INICIANDO CARGA DE PEDIDOS EN  V10INTERIN_RDRP
01 10:48:32:571 PLSQL: ERROR CARGANDO PEDIDOS
01 10:53:32:575 PLSQL: INICIANDO CARGA DE PEDIDOS EN  V10INTERIN_RDRP
01 10:53:32:577 PLSQL: ERROR CARGANDO PEDIDOS
01 10:58:32:580 PLSQL: INICIANDO CARGA DE PEDIDOS EN  V10INTERIN_RDRP
01 10:58:32:582 PLSQL: ERROR CARGANDO PEDIDOS
01 11:03:32:591 PLSQL: INICIANDO CARGA DE PEDIDOS EN  V10INTERIN_RDRP
01 11:03:32:591 PLSQL: ERROR CARGANDO PEDIDOS
01 11:08:32:601 PLSQL: INICIANDO CARGA DE PEDIDOS EN  V10INTERIN_RDRP
01 11:08:32:603 PLSQL: ERROR CARGANDO PEDIDOS
01 11:13:28:385 PLSQL: INICIANDO CARGA DE PEDIDOS EN  V10INTERIN_RDRP
01 11:13:28:387 PLSQL: ERROR CARGANDO PEDIDOS
01 11:18:28:402 PLSQL: INICIANDO CARGA DE PEDIDOS EN  V10INTERIN_RDRP
01 11:18:28:404 PLSQL: ERROR CARGANDO PEDIDOS
01 11:23:28:413 PLSQL: INICIANDO CARGA DE PEDIDOS EN  V10INTERIN_RDRP
01 11:23:28:415 PLSQL: ERROR CARGANDO PEDIDOS
01 11:28:28:420 PLSQL: INICIANDO CARGA DE PEDIDOS EN  V10INTERIN_RDRP
01 11:28:28:423 PLSQL: ERROR CARGANDO PEDIDOS
01 11:33:28:439 PLSQL: INICIANDO CARGA DE PEDIDOS EN  V10INTERIN_RDRP
01 11:33:28:441 PLSQL: ERROR CARGANDO PEDIDOS
01 11:38:28:447 PLSQL: INICIANDO CARGA DE PEDIDOS EN  V10INTERIN_RDRP
01 11:38:28:448 PLSQL: ERROR CARGANDO PEDIDOS
01 11:43:28:455 PLSQL: INICIANDO CARGA DE PEDIDOS EN  V10INTERIN_RDRP
01 11:43:28:458 PLSQL: ERROR CARGANDO PEDIDOS
01 11:48:28:461 PLSQL: INICIANDO CARGA DE PEDIDOS EN  V10INTERIN_RDRP
01 11:48:28:463 PLSQL: ERROR CARGANDO PEDIDOS
01 11:53:28:471 PLSQL: INICIANDO CARGA DE PEDIDOS EN  V10INTERIN_RDRP
01 11:53:28:473 PLSQL: ERROR CARGANDO PEDIDOS
01 11:58:28:486 PLSQL: INICIANDO CARGA DE PEDIDOS EN  V10INTERIN_RDRP
01 11:58:28:489 PLSQL: ERROR CARGANDO PEDIDOS
01 12:03:28:498 PLSQL: INICIANDO CARGA DE PEDIDOS EN  V10INTERIN_RDRP
01 12:03:28:501 PLSQL: ERROR CARGANDO PEDIDOS
01 12:08:28:518 PLSQL: INICIANDO CARGA DE PEDIDOS EN  V10INTERIN_RDRP
01 12:08:28:521 PLSQL: ERROR CARGANDO PEDIDOS
01 12:13:28:522 PLSQL: INICIANDO CARGA DE PEDIDOS EN  V10INTERIN_RDRP
01 12:13:28:524 PLSQL: ERROR CARGANDO PEDIDOS
01 12:18:28:529 PLSQL: INICIANDO CARGA DE PEDIDOS EN  V10INTERIN_RDRP
01 12:18:28:532 PLSQL: ERROR CARGANDO PEDIDOS
01 12:23:28:539 PLSQL: INICIANDO CARGA DE PEDIDOS EN  V10INTERIN_RDRP
01 12:23:28:541 PLSQL: ERROR CARGANDO PEDIDOS
01 12:28:28:551 PLSQL: INICIANDO CARGA DE PEDIDOS EN  V10INTERIN_RDRP
01 12:28:28:553 PLSQL: ERROR CARGANDO PEDIDOS
01 12:33:28:560 PLSQL: INICIANDO CARGA DE PEDIDOS EN  V10INTERIN_RDRP
01 12:33:28:563 PLSQL: ERROR CARGANDO PEDIDOS
01 12:38:28:577 PLSQL: INICIANDO CARGA DE PEDIDOS EN  V10INTERIN_RDRP
01 12:38:28:578 PLSQL: ERROR CARGANDO PEDIDOS
01 12:43:28:594 PLSQL: INICIANDO CARGA DE PEDIDOS EN  V10INTERIN_RDRP
01 12:43:28:595 PLSQL: ERROR CARGANDO PEDIDOS
01 12:48:28:608 PLSQL: INICIANDO CARGA DE PEDIDOS EN  V10INTERIN_RDRP
01 12:48:28:610 PLSQL: ERROR CARGANDO PEDIDOS
01 12:53:28:618 PLSQL: INICIANDO CARGA DE PEDIDOS EN  V10INTERIN_RDRP
01 12:53:28:621 PLSQL: ERROR CARGANDO PEDIDOS
01 12:58:28:624 PLSQL: INICIANDO CARGA DE PEDIDOS EN  V10INTERIN_RDRP
01 12:58:28:626 PLSQL: ERROR CARGANDO PEDIDOS
01 13:03:28:637 PLSQL: INICIANDO CARGA DE PEDIDOS EN  V10INTERIN_RDRP
01 13:03:28:640 PLSQL: ERROR CARGANDO PEDIDOS
01 13:08:28:647 PLSQL: INICIANDO CARGA DE PEDIDOS EN  V10INTERIN_RDRP
01 13:08:28:652 PLSQL: ERROR CARGANDO PEDIDOS
01 13:13:28:661 PLSQL: INICIANDO CARGA DE PEDIDOS EN  V10INTERIN_RDRP
01 13:13:28:665 PLSQL: ERROR CARGANDO PEDIDOS
01 13:18:28:675 PLSQL: INICIANDO CARGA DE PEDIDOS EN  V10INTERIN_RDRP
01 13:18:28:678 PLSQL: ERROR CARGANDO PEDIDOS
01 13:23:28:692 PLSQL: INICIANDO CARGA DE PEDIDOS EN  V10INTERIN_RDRP
01 13:23:28:694 PLSQL: ERROR CARGANDO PEDIDOS
01 13:28:28:707 PLSQL: INICIANDO CARGA DE PEDIDOS EN  V10INTERIN_RDRP
01 13:28:28:711 PLSQL: ERROR CARGANDO PEDIDOS
01 13:33:28:723 PLSQL: INICIANDO CARGA DE PEDIDOS EN  V10INTERIN_RDRP
01 13:33:28:727 PLSQL: ERROR CARGANDO PEDIDOS
01 13:38:28:733 PLSQL: INICIANDO CARGA DE PEDIDOS EN  V10INTERIN_RDRP
01 13:38:28:736 PLSQL: ERROR CARGANDO PEDIDOS
01 13:43:28:748 PLSQL: INICIANDO CARGA DE PEDIDOS EN  V10INTERIN_RDRP
01 13:43:28:753 PLSQL: ERROR CARGANDO PEDIDOS
01 13:48:28:769 PLSQL: INICIANDO CARGA DE PEDIDOS EN  V10INTERIN_RDRP
01 13:48:28:773 PLSQL: ERROR CARGANDO PEDIDOS
01 13:53:28:776 PLSQL: INICIANDO CARGA DE PEDIDOS EN  V10INTERIN_RDRP
01 13:53:28:780 PLSQL: ERROR CARGANDO PEDIDOS
01 13:58:28:794 PLSQL: INICIANDO CARGA DE PEDIDOS EN  V10INTERIN_RDRP
01 13:58:28:798 PLSQL: ERROR CARGANDO PEDIDOS
01 14:03:28:802 PLSQL: INICIANDO CARGA DE PEDIDOS EN  V10INTERIN_RDRP
01 14:03:28:805 PLSQL: ERROR CARGANDO PEDIDOS
01 14:08:28:808 PLSQL: INICIANDO CARGA DE PEDIDOS EN  V10INTERIN_RDRP
01 14:08:28:812 PLSQL: ERROR CARGANDO PEDIDOS
01 14:13:28:829 PLSQL: INICIANDO CARGA DE PEDIDOS EN  V10INTERIN_RDRP
01 14:13:28:833 PLSQL: ERROR CARGANDO PEDIDOS
01 14:18:28:847 PLSQL: INICIANDO CARGA DE PEDIDOS EN  V10INTERIN_RDRP
01 14:18:28:851 PLSQL: ERROR CARGANDO PEDIDOS
01 14:23:28:866 PLSQL: INICIANDO CARGA DE PEDIDOS EN  V10INTERIN_RDRP
01 14:23:28:869 PLSQL: ERROR CARGANDO PEDIDOS
01 14:28:28:882 PLSQL: INICIANDO CARGA DE PEDIDOS EN  V10INTERIN_RDRP
01 14:28:28:886 PLSQL: ERROR CARGANDO PEDIDOS
01 14:33:28:902 PLSQL: INICIANDO CARGA DE PEDIDOS EN  V10INTERIN_RDRP
01 14:33:28:905 PLSQL: ERROR CARGANDO PEDIDOS
01 14:38:28:920 PLSQL: INICIANDO CARGA DE PEDIDOS EN  V10INTERIN_RDRP
01 14:38:28:924 PLSQL: ERROR CARGANDO PEDIDOS
01 14:43:28:935 PLSQL: INICIANDO CARGA DE PEDIDOS EN  V10INTERIN_RDRP
01 14:43:28:940 PLSQL: ERROR CARGANDO PEDIDOS
01 14:48:28:951 PLSQL: INICIANDO CARGA DE PEDIDOS EN  V10INTERIN_RDRP
01 14:48:28:955 PLSQL: ERROR CARGANDO PEDIDOS
01 14:53:28:973 PLSQL: INICIANDO CARGA DE PEDIDOS EN  V10INTERIN_RDRP
01 14:53:28:975 PLSQL: ERROR CARGANDO PEDIDOS
01 14:58:28:988 PLSQL: INICIANDO CARGA DE PEDIDOS EN  V10INTERIN_RDRP
01 14:58:28:991 PLSQL: ERROR CARGANDO PEDIDOS
01 15:03:29:001 PLSQL: INICIANDO CARGA DE PEDIDOS EN  V10INTERIN_RDRP
01 15:03:29:004 PLSQL: ERROR CARGANDO PEDIDOS
01 15:08:29:012 PLSQL: INICIANDO CARGA DE PEDIDOS EN  V10INTERIN_RDRP
01 15:08:29:015 PLSQL: ERROR CARGANDO PEDIDOS
01 15:13:29:024 PLSQL: INICIANDO CARGA DE PEDIDOS EN  V10INTERIN_RDRP
01 15:13:29:028 PLSQL: ERROR CARGANDO PEDIDOS
01 15:18:29:035 PLSQL: INICIANDO CARGA DE PEDIDOS EN  V10INTERIN_RDRP
01 15:18:29:039 PLSQL: ERROR CARGANDO PEDIDOS

00 15:19:41:784 Fichero de log cerrado.

00 15:19:48:587 Fichero de log abierto PID 13448

02 15:19:48:590 Intentando abrir fichero v10.ini
02 15:19:48:599 Cargando driver v10oracle funcion damedriveroracle
02 15:19:49:575 Conectado a base de datos
02 15:19:49:577 Proceso CARGA_PEDIDOS encontrado en tabla VDPROCESOS
02 15:19:49:577 Proceso CARGA_PEDIDOS cargado con función procesoperiodico (Librería VDKERNEL.DLL) direccion 6FF62D10
02 15:19:49:579 PLSQL: INICIALIZADO PAQUETE DE LOG EL DIA 28-03-2022
02 15:19:49:590 Actualizado SID 505 SERIAL 31786 del proceso con PID 13448
02 15:19:49:590 Analizado cursor CCARGAPEDIDOS
02 15:19:49:590 Leidos 1 cursores
01 15:19:49:592 PLSQL: INICIANDO CARGA DE PEDIDOS EN  V10INTERIN_RDRP
01 15:19:49:594 PLSQL: ERROR CARGANDO PEDIDOS
01 15:24:49:604 PLSQL: INICIANDO CARGA DE PEDIDOS EN  V10INTERIN_RDRP
01 15:24:49:609 PLSQL: ERROR CARGANDO PEDIDOS
01 15:29:49:614 PLSQL: INICIANDO CARGA DE PEDIDOS EN  V10INTERIN_RDRP
01 15:29:49:619 PLSQL: ERROR CARGANDO PEDIDOS
01 15:34:49:633 PLSQL: INICIANDO CARGA DE PEDIDOS EN  V10INTERIN_RDRP
01 15:34:49:636 PLSQL: ERROR CARGANDO PEDIDOS
01 15:39:49:640 PLSQL: INICIANDO CARGA DE PEDIDOS EN  V10INTERIN_RDRP
01 15:39:49:643 PLSQL: ERROR CARGANDO PEDIDOS
01 15:44:49:659 PLSQL: INICIANDO CARGA DE PEDIDOS EN  V10INTERIN_RDRP
01 15:44:49:660 PLSQL: ERROR CARGANDO PEDIDOS
01 15:49:49:671 PLSQL: INICIANDO CARGA DE PEDIDOS EN  V10INTERIN_RDRP
01 15:49:49:674 PLSQL: ERROR CARGANDO PEDIDOS
01 15:54:49:686 PLSQL: INICIANDO CARGA DE PEDIDOS EN  V10INTERIN_RDRP
01 15:54:49:703 PLSQL: ERROR CARGANDO PEDIDOS
01 15:59:49:720 PLSQL: INICIANDO CARGA DE PEDIDOS EN  V10INTERIN_RDRP
01 15:59:49:725 PLSQL: ERROR CARGANDO PEDIDOS
01 16:04:49:737 PLSQL: INICIANDO CARGA DE PEDIDOS EN  V10INTERIN_RDRP
01 16:04:49:738 PLSQL: ERROR CARGANDO PEDIDOS

00 16:06:05:725 Fichero de log cerrado.

00 16:06:20:757 Fichero de log abierto PID 8700

02 16:06:20:760 Intentando abrir fichero v10.ini
02 16:06:20:765 Cargando driver v10oracle funcion damedriveroracle
02 16:06:21:757 Conectado a base de datos
02 16:06:21:759 Proceso CARGA_PEDIDOS encontrado en tabla VDPROCESOS
02 16:06:21:760 Proceso CARGA_PEDIDOS cargado con función procesoperiodico (Librería VDKERNEL.DLL) direccion 6FF62D10
02 16:06:21:762 PLSQL: INICIALIZADO PAQUETE DE LOG EL DIA 28-03-2022
02 16:06:21:772 Actualizado SID 754 SERIAL 31834 del proceso con PID 8700
02 16:06:21:774 Analizado cursor CCARGAPEDIDOS
02 16:06:21:774 Leidos 1 cursores
01 16:06:21:774 PLSQL: INICIANDO CARGA DE PEDIDOS EN  V10INTERIN_RDRP
01 16:06:21:776 PLSQL: ERROR CARGANDO PEDIDOS
01 16:11:21:780 PLSQL: INICIANDO CARGA DE PEDIDOS EN  V10INTERIN_RDRP
01 16:11:21:781 PLSQL: ERROR CARGANDO PEDIDOS
01 16:16:21:784 PLSQL: INICIANDO CARGA DE PEDIDOS EN  V10INTERIN_RDRP
01 16:16:21:801 PLSQL: ERROR CARGANDO PEDIDOS
01 16:21:21:813 PLSQL: INICIANDO CARGA DE PEDIDOS EN  V10INTERIN_RDRP
01 16:21:21:815 PLSQL: ERROR CARGANDO PEDIDOS
01 16:26:21:833 PLSQL: INICIANDO CARGA DE PEDIDOS EN  V10INTERIN_RDRP
01 16:26:21:835 PLSQL: ERROR CARGANDO PEDIDOS
01 16:31:21:837 PLSQL: INICIANDO CARGA DE PEDIDOS EN  V10INTERIN_RDRP
01 16:31:21:838 PLSQL: ERROR CARGANDO PEDIDOS
01 16:36:21:853 PLSQL: INICIANDO CARGA DE PEDIDOS EN  V10INTERIN_RDRP
01 16:36:21:854 PLSQL: ERROR CARGANDO PEDIDOS
01 16:41:21:867 PLSQL: INICIANDO CARGA DE PEDIDOS EN  V10INTERIN_RDRP
01 16:41:21:869 PLSQL: ERROR CARGANDO PEDIDOS
01 16:46:21:874 PLSQL: INICIANDO CARGA DE PEDIDOS EN  V10INTERIN_RDRP
01 16:46:21:875 PLSQL: ERROR CARGANDO PEDIDOS
01 16:51:21:892 PLSQL: INICIANDO CARGA DE PEDIDOS EN  V10INTERIN_RDRP
01 16:51:21:895 PLSQL: ERROR CARGANDO PEDIDOS
01 16:56:21:908 PLSQL: INICIANDO CARGA DE PEDIDOS EN  V10INTERIN_RDRP
01 16:56:21:910 PLSQL: ERROR CARGANDO PEDIDOS
01 17:01:21:913 PLSQL: INICIANDO CARGA DE PEDIDOS EN  V10INTERIN_RDRP
01 17:01:21:917 PLSQL: ERROR CARGANDO PEDIDOS
01 17:06:21:924 PLSQL: INICIANDO CARGA DE PEDIDOS EN  V10INTERIN_RDRP
01 17:06:21:925 PLSQL: ERROR CARGANDO PEDIDOS
01 17:11:21:935 PLSQL: INICIANDO CARGA DE PEDIDOS EN  V10INTERIN_RDRP
01 17:11:21:941 PLSQL: ERROR CARGANDO PEDIDOS
01 17:16:21:943 PLSQL: INICIANDO CARGA DE PEDIDOS EN  V10INTERIN_RDRP
01 17:16:21:945 PLSQL: ERROR CARGANDO PEDIDOS
01 17:21:21:948 PLSQL: INICIANDO CARGA DE PEDIDOS EN  V10INTERIN_RDRP
01 17:21:21:967 PLSQL: ERROR CARGANDO PEDIDOS
01 17:26:21:971 PLSQL: INICIANDO CARGA DE PEDIDOS EN  V10INTERIN_RDRP
01 17:26:21:976 PLSQL: ERROR CARGANDO PEDIDOS
01 17:31:21:980 PLSQL: INICIANDO CARGA DE PEDIDOS EN  V10INTERIN_RDRP
01 17:31:21:983 PLSQL: ERROR CARGANDO PEDIDOS
01 17:36:21:999 PLSQL: INICIANDO CARGA DE PEDIDOS EN  V10INTERIN_RDRP
01 17:36:22:002 PLSQL: ERROR CARGANDO PEDIDOS
01 17:41:22:015 PLSQL: INICIANDO CARGA DE PEDIDOS EN  V10INTERIN_RDRP
01 17:41:22:017 PLSQL: ERROR CARGANDO PEDIDOS
01 17:46:22:028 PLSQL: INICIANDO CARGA DE PEDIDOS EN  V10INTERIN_RDRP
01 17:46:22:030 PLSQL: ERROR CARGANDO PEDIDOS
01 17:51:22:043 PLSQL: INICIANDO CARGA DE PEDIDOS EN  V10INTERIN_RDRP
01 17:51:22:045 PLSQL: ERROR CARGANDO PEDIDOS
01 17:56:22:057 PLSQL: INICIANDO CARGA DE PEDIDOS EN  V10INTERIN_RDRP
01 17:56:22:062 PLSQL: ERROR CARGANDO PEDIDOS

00 17:59:49:290 Fichero de log cerrado.

