00 09:05:47:127 Fichero de log abierto PID 16492

02 09:05:47:128 Intentando abrir fichero v10.ini
02 09:05:47:136 Cargando driver v10oracle funcion damedriveroracle
02 09:05:47:898 Conectado a base de datos
02 09:05:47:902 Proceso CARGA_CODARTALT encontrado en tabla VDPROCESOS
02 09:05:47:902 Proceso CARGA_CODARTALT cargado con función procesoperiodico (Librería VDKERNEL.DLL) direccion 705F2D10
02 09:05:47:904 PLSQL: INICIALIZADO PAQUETE DE LOG EL DIA 23-03-2022
02 09:05:47:913 Actualizado SID 9 SERIAL 21669 del proceso con PID 16492
02 09:05:47:918 Analizado cursor CCARGAARTICULOS
02 09:05:47:918 Leidos 1 cursores
01 09:05:47:921 PLSQL: INICIANDO CARGA DE CODARTALT EN  V10INTERIN_RDRP
01 09:05:47:921 PLSQL: ERROR CARGANDO CODARTALT
01 09:15:47:933 PLSQL: INICIANDO CARGA DE CODARTALT EN  V10INTERIN_RDRP
01 09:15:47:934 PLSQL: ERROR CARGANDO CODARTALT
01 09:25:47:936 PLSQL: INICIANDO CARGA DE CODARTALT EN  V10INTERIN_RDRP
01 09:25:47:937 PLSQL: ERROR CARGANDO CODARTALT
01 09:35:47:950 PLSQL: INICIANDO CARGA DE CODARTALT EN  V10INTERIN_RDRP
01 09:35:47:952 PLSQL: ERROR CARGANDO CODARTALT
01 09:45:47:960 PLSQL: INICIANDO CARGA DE CODARTALT EN  V10INTERIN_RDRP
01 09:45:47:961 PLSQL: ERROR CARGANDO CODARTALT
01 09:55:47:979 PLSQL: INICIANDO CARGA DE CODARTALT EN  V10INTERIN_RDRP
01 09:55:47:981 PLSQL: ERROR CARGANDO CODARTALT
01 10:05:47:987 PLSQL: INICIANDO CARGA DE CODARTALT EN  V10INTERIN_RDRP
01 10:05:47:988 PLSQL: ERROR CARGANDO CODARTALT
01 10:15:48:002 PLSQL: INICIANDO CARGA DE CODARTALT EN  V10INTERIN_RDRP
01 10:15:48:004 PLSQL: ERROR CARGANDO CODARTALT
01 10:25:48:018 PLSQL: INICIANDO CARGA DE CODARTALT EN  V10INTERIN_RDRP
01 10:25:48:019 PLSQL: ERROR CARGANDO CODARTALT
01 10:35:48:025 PLSQL: INICIANDO CARGA DE CODARTALT EN  V10INTERIN_RDRP
01 10:35:48:027 PLSQL: ERROR CARGANDO CODARTALT
01 10:45:48:041 PLSQL: INICIANDO CARGA DE CODARTALT EN  V10INTERIN_RDRP
01 10:45:48:042 PLSQL: ERROR CARGANDO CODARTALT
01 10:55:46:272 PLSQL: INICIANDO CARGA DE CODARTALT EN  V10INTERIN_RDRP
01 10:55:46:274 PLSQL: ERROR CARGANDO CODARTALT
01 11:05:46:282 PLSQL: INICIANDO CARGA DE CODARTALT EN  V10INTERIN_RDRP
01 11:05:46:283 PLSQL: ERROR CARGANDO CODARTALT
01 11:15:46:286 PLSQL: INICIANDO CARGA DE CODARTALT EN  V10INTERIN_RDRP
01 11:15:46:288 PLSQL: ERROR CARGANDO CODARTALT
01 11:25:46:292 PLSQL: INICIANDO CARGA DE CODARTALT EN  V10INTERIN_RDRP
01 11:25:46:293 PLSQL: ERROR CARGANDO CODARTALT
01 11:35:46:303 PLSQL: INICIANDO CARGA DE CODARTALT EN  V10INTERIN_RDRP
01 11:35:46:306 PLSQL: ERROR CARGANDO CODARTALT
01 11:45:46:318 PLSQL: INICIANDO CARGA DE CODARTALT EN  V10INTERIN_RDRP
01 11:45:46:319 PLSQL: ERROR CARGANDO CODARTALT
01 12:06:16:470 PLSQL: INICIANDO CARGA DE CODARTALT EN  V10INTERIN_RDRP
01 12:06:16:473 PLSQL: ERROR CARGANDO CODARTALT
01 12:16:16:514 PLSQL: INICIANDO CARGA DE CODARTALT EN  V10INTERIN_RDRP
01 12:16:16:514 PLSQL: ERROR CARGANDO CODARTALT
01 12:26:16:535 PLSQL: INICIANDO CARGA DE CODARTALT EN  V10INTERIN_RDRP
01 12:26:16:536 PLSQL: ERROR CARGANDO CODARTALT
01 12:36:16:558 PLSQL: INICIANDO CARGA DE CODARTALT EN  V10INTERIN_RDRP
01 12:36:16:574 PLSQL: ERROR CARGANDO CODARTALT
01 12:46:16:579 PLSQL: INICIANDO CARGA DE CODARTALT EN  V10INTERIN_RDRP
01 12:46:16:596 PLSQL: ERROR CARGANDO CODARTALT
01 12:56:16:610 PLSQL: INICIANDO CARGA DE CODARTALT EN  V10INTERIN_RDRP
01 12:56:16:611 PLSQL: ERROR CARGANDO CODARTALT
01 13:06:16:622 PLSQL: INICIANDO CARGA DE CODARTALT EN  V10INTERIN_RDRP
01 13:06:16:639 PLSQL: ERROR CARGANDO CODARTALT
01 13:16:16:645 PLSQL: INICIANDO CARGA DE CODARTALT EN  V10INTERIN_RDRP
01 13:16:16:663 PLSQL: ERROR CARGANDO CODARTALT
01 13:26:16:666 PLSQL: INICIANDO CARGA DE CODARTALT EN  V10INTERIN_RDRP
01 13:26:16:682 PLSQL: ERROR CARGANDO CODARTALT
01 13:36:16:692 PLSQL: INICIANDO CARGA DE CODARTALT EN  V10INTERIN_RDRP
01 13:36:16:692 PLSQL: ERROR CARGANDO CODARTALT
01 13:46:16:724 PLSQL: INICIANDO CARGA DE CODARTALT EN  V10INTERIN_RDRP
01 13:46:16:726 PLSQL: ERROR CARGANDO CODARTALT
01 13:56:16:732 PLSQL: INICIANDO CARGA DE CODARTALT EN  V10INTERIN_RDRP
01 13:56:16:732 PLSQL: ERROR CARGANDO CODARTALT
01 14:06:16:765 PLSQL: INICIANDO CARGA DE CODARTALT EN  V10INTERIN_RDRP
01 14:06:16:767 PLSQL: ERROR CARGANDO CODARTALT
01 14:16:16:782 PLSQL: INICIANDO CARGA DE CODARTALT EN  V10INTERIN_RDRP
01 14:16:16:785 PLSQL: ERROR CARGANDO CODARTALT
01 14:26:16:789 PLSQL: INICIANDO CARGA DE CODARTALT EN  V10INTERIN_RDRP
01 14:26:16:808 PLSQL: ERROR CARGANDO CODARTALT
01 14:36:16:824 PLSQL: INICIANDO CARGA DE CODARTALT EN  V10INTERIN_RDRP
01 14:36:16:827 PLSQL: ERROR CARGANDO CODARTALT
01 14:46:16:836 PLSQL: INICIANDO CARGA DE CODARTALT EN  V10INTERIN_RDRP
01 14:46:16:855 PLSQL: ERROR CARGANDO CODARTALT
01 15:45:15:627 PLSQL: INICIANDO CARGA DE CODARTALT EN  V10INTERIN_RDRP
01 15:45:15:628 PLSQL: ERROR CARGANDO CODARTALT
01 15:55:15:684 PLSQL: INICIANDO CARGA DE CODARTALT EN  V10INTERIN_RDRP
01 15:55:15:684 PLSQL: ERROR CARGANDO CODARTALT
01 16:05:15:708 PLSQL: INICIANDO CARGA DE CODARTALT EN  V10INTERIN_RDRP
01 16:05:15:710 PLSQL: ERROR CARGANDO CODARTALT
01 16:15:15:715 PLSQL: INICIANDO CARGA DE CODARTALT EN  V10INTERIN_RDRP
01 16:15:15:716 PLSQL: ERROR CARGANDO CODARTALT
01 16:25:15:727 PLSQL: INICIANDO CARGA DE CODARTALT EN  V10INTERIN_RDRP
01 16:25:15:731 PLSQL: ERROR CARGANDO CODARTALT
01 16:35:15:741 PLSQL: INICIANDO CARGA DE CODARTALT EN  V10INTERIN_RDRP
01 16:35:15:742 PLSQL: ERROR CARGANDO CODARTALT
01 16:45:15:759 PLSQL: INICIANDO CARGA DE CODARTALT EN  V10INTERIN_RDRP
01 16:45:15:761 PLSQL: ERROR CARGANDO CODARTALT
01 16:55:15:774 PLSQL: INICIANDO CARGA DE CODARTALT EN  V10INTERIN_RDRP
01 16:55:15:774 PLSQL: ERROR CARGANDO CODARTALT
01 17:05:15:790 PLSQL: INICIANDO CARGA DE CODARTALT EN  V10INTERIN_RDRP
01 17:05:15:793 PLSQL: ERROR CARGANDO CODARTALT
01 17:15:15:805 PLSQL: INICIANDO CARGA DE CODARTALT EN  V10INTERIN_RDRP
01 17:15:15:807 PLSQL: ERROR CARGANDO CODARTALT
01 17:25:15:820 PLSQL: INICIANDO CARGA DE CODARTALT EN  V10INTERIN_RDRP
01 17:25:15:824 PLSQL: ERROR CARGANDO CODARTALT
01 17:35:15:831 PLSQL: INICIANDO CARGA DE CODARTALT EN  V10INTERIN_RDRP
01 17:35:15:831 PLSQL: ERROR CARGANDO CODARTALT
01 17:45:15:847 PLSQL: INICIANDO CARGA DE CODARTALT EN  V10INTERIN_RDRP
01 17:45:15:849 PLSQL: ERROR CARGANDO CODARTALT
01 17:55:15:850 PLSQL: INICIANDO CARGA DE CODARTALT EN  V10INTERIN_RDRP
01 17:55:15:852 PLSQL: ERROR CARGANDO CODARTALT

00 17:56:09:080 Fichero de log cerrado.

