00 09:09:26:405 Fichero de log abierto PID 8244

02 09:09:26:406 Intentando abrir fichero v10.ini
02 09:09:26:412 Cargando driver v10oracle funcion damedriveroracle
02 09:09:26:831 Conectado a base de datos
02 09:09:26:833 Proceso CARGA_CODARTALT encontrado en tabla VDPROCESOS
02 09:09:26:833 Proceso CARGA_CODARTALT cargado con función procesoperiodico (Librería VDKERNEL.DLL) direccion 6FF52D10
02 09:09:26:835 PLSQL: INICIALIZADO PAQUETE DE LOG EL DIA 29-03-2022
02 09:09:26:846 Actualizado SID 502 SERIAL 38530 del proceso con PID 8244
02 09:09:26:852 Analizado cursor CCARGAARTICULOS
02 09:09:26:852 Leidos 1 cursores
01 09:09:26:854 PLSQL: INICIANDO CARGA DE CODARTALT EN  V10INTERIN_RDRP
01 09:09:26:855 PLSQL: ERROR CARGANDO CODARTALT
01 09:19:26:861 PLSQL: INICIANDO CARGA DE CODARTALT EN  V10INTERIN_RDRP
01 09:19:26:865 PLSQL: ERROR CARGANDO CODARTALT
01 09:29:26:876 PLSQL: INICIANDO CARGA DE CODARTALT EN  V10INTERIN_RDRP
01 09:29:26:880 PLSQL: ERROR CARGANDO CODARTALT
01 09:39:26:886 PLSQL: INICIANDO CARGA DE CODARTALT EN  V10INTERIN_RDRP
01 09:39:26:889 PLSQL: ERROR CARGANDO CODARTALT
01 09:49:26:904 PLSQL: INICIANDO CARGA DE CODARTALT EN  V10INTERIN_RDRP
01 09:49:26:907 PLSQL: ERROR CARGANDO CODARTALT
01 09:59:26:921 PLSQL: INICIANDO CARGA DE CODARTALT EN  V10INTERIN_RDRP
01 09:59:26:923 PLSQL: ERROR CARGANDO CODARTALT
01 10:09:26:941 PLSQL: INICIANDO CARGA DE CODARTALT EN  V10INTERIN_RDRP
01 10:09:26:944 PLSQL: ERROR CARGANDO CODARTALT
01 10:19:26:960 PLSQL: INICIANDO CARGA DE CODARTALT EN  V10INTERIN_RDRP
01 10:19:26:965 PLSQL: ERROR CARGANDO CODARTALT
01 10:29:26:974 PLSQL: INICIANDO CARGA DE CODARTALT EN  V10INTERIN_RDRP
01 10:29:26:978 PLSQL: ERROR CARGANDO CODARTALT
01 10:39:26:981 PLSQL: INICIANDO CARGA DE CODARTALT EN  V10INTERIN_RDRP
01 10:39:26:984 PLSQL: ERROR CARGANDO CODARTALT
01 10:49:26:989 PLSQL: INICIANDO CARGA DE CODARTALT EN  V10INTERIN_RDRP
01 10:49:26:990 PLSQL: ERROR CARGANDO CODARTALT
01 10:59:26:999 PLSQL: INICIANDO CARGA DE CODARTALT EN  V10INTERIN_RDRP
01 10:59:27:003 PLSQL: ERROR CARGANDO CODARTALT
01 11:09:27:007 PLSQL: INICIANDO CARGA DE CODARTALT EN  V10INTERIN_RDRP
01 11:09:27:010 PLSQL: ERROR CARGANDO CODARTALT
01 11:19:27:021 PLSQL: INICIANDO CARGA DE CODARTALT EN  V10INTERIN_RDRP
01 11:19:27:023 PLSQL: ERROR CARGANDO CODARTALT
01 11:29:27:036 PLSQL: INICIANDO CARGA DE CODARTALT EN  V10INTERIN_RDRP
01 11:29:27:038 PLSQL: ERROR CARGANDO CODARTALT
01 11:39:27:044 PLSQL: INICIANDO CARGA DE CODARTALT EN  V10INTERIN_RDRP
01 11:39:27:046 PLSQL: ERROR CARGANDO CODARTALT
01 11:49:27:057 PLSQL: INICIANDO CARGA DE CODARTALT EN  V10INTERIN_RDRP
01 11:49:27:058 PLSQL: ERROR CARGANDO CODARTALT
01 11:59:27:076 PLSQL: INICIANDO CARGA DE CODARTALT EN  V10INTERIN_RDRP
01 11:59:27:081 PLSQL: ERROR CARGANDO CODARTALT
01 12:09:27:094 PLSQL: INICIANDO CARGA DE CODARTALT EN  V10INTERIN_RDRP
01 12:09:27:097 PLSQL: ERROR CARGANDO CODARTALT
01 12:19:27:106 PLSQL: INICIANDO CARGA DE CODARTALT EN  V10INTERIN_RDRP
01 12:19:27:110 PLSQL: ERROR CARGANDO CODARTALT
01 12:29:27:125 PLSQL: INICIANDO CARGA DE CODARTALT EN  V10INTERIN_RDRP
01 12:29:27:130 PLSQL: ERROR CARGANDO CODARTALT
01 12:39:27:137 PLSQL: INICIANDO CARGA DE CODARTALT EN  V10INTERIN_RDRP
01 12:39:27:139 PLSQL: ERROR CARGANDO CODARTALT
01 12:49:27:142 PLSQL: INICIANDO CARGA DE CODARTALT EN  V10INTERIN_RDRP
01 12:49:27:146 PLSQL: ERROR CARGANDO CODARTALT
01 12:59:27:164 PLSQL: INICIANDO CARGA DE CODARTALT EN  V10INTERIN_RDRP
01 12:59:27:168 PLSQL: ERROR CARGANDO CODARTALT
01 13:09:27:177 PLSQL: INICIANDO CARGA DE CODARTALT EN  V10INTERIN_RDRP
01 13:09:27:179 PLSQL: ERROR CARGANDO CODARTALT
01 13:19:27:194 PLSQL: INICIANDO CARGA DE CODARTALT EN  V10INTERIN_RDRP
01 13:19:27:199 PLSQL: ERROR CARGANDO CODARTALT
01 13:29:27:208 PLSQL: INICIANDO CARGA DE CODARTALT EN  V10INTERIN_RDRP
01 13:29:27:212 PLSQL: ERROR CARGANDO CODARTALT
01 13:39:27:217 PLSQL: INICIANDO CARGA DE CODARTALT EN  V10INTERIN_RDRP
01 13:39:27:220 PLSQL: ERROR CARGANDO CODARTALT
01 13:49:27:232 PLSQL: INICIANDO CARGA DE CODARTALT EN  V10INTERIN_RDRP
01 13:49:27:233 PLSQL: ERROR CARGANDO CODARTALT

00 13:50:25:450 Fichero de log cerrado.

00 13:50:29:557 Fichero de log abierto PID 5416

02 13:50:29:559 Intentando abrir fichero v10.ini
02 13:50:29:567 Cargando driver v10oracle funcion damedriveroracle
02 13:50:30:605 Conectado a base de datos
02 13:50:30:607 Proceso CARGA_CODARTALT encontrado en tabla VDPROCESOS
02 13:50:30:607 Proceso CARGA_CODARTALT cargado con función procesoperiodico (Librería VDKERNEL.DLL) direccion 70362D10
02 13:50:30:609 PLSQL: INICIALIZADO PAQUETE DE LOG EL DIA 29-03-2022
02 13:50:30:639 Actualizado SID 7 SERIAL 55310 del proceso con PID 5416
02 13:50:30:640 Analizado cursor CCARGAARTICULOS
02 13:50:30:640 Leidos 1 cursores
01 13:50:30:641 PLSQL: INICIANDO CARGA DE CODARTALT EN  V10INTERIN_RDRP
01 13:50:30:643 PLSQL: ERROR CARGANDO CODARTALT

00 13:56:42:807 Fichero de log cerrado.

00 13:56:45:900 Fichero de log abierto PID 6636

02 13:56:45:902 Intentando abrir fichero v10.ini
02 13:56:45:905 Cargando driver v10oracle funcion damedriveroracle
02 13:56:46:707 Conectado a base de datos
02 13:56:46:709 Proceso CARGA_CODARTALT encontrado en tabla VDPROCESOS
02 13:56:46:710 Proceso CARGA_CODARTALT cargado con función procesoperiodico (Librería VDKERNEL.DLL) direccion 70362D10
02 13:56:46:712 PLSQL: INICIALIZADO PAQUETE DE LOG EL DIA 29-03-2022
02 13:56:46:722 Actualizado SID 265 SERIAL 38484 del proceso con PID 6636
02 13:56:46:724 Analizado cursor CCARGAARTICULOS
02 13:56:46:724 Leidos 1 cursores
01 13:56:46:724 PLSQL: INICIANDO CARGA DE CODARTALT EN  V10INTERIN_RDRP
01 13:56:46:726 PLSQL: ERROR CARGANDO CODARTALT
01 14:06:46:738 PLSQL: INICIANDO CARGA DE CODARTALT EN  V10INTERIN_RDRP
01 14:06:46:740 PLSQL: ERROR CARGANDO CODARTALT
01 14:16:46:751 PLSQL: INICIANDO CARGA DE CODARTALT EN  V10INTERIN_RDRP
01 14:16:46:753 PLSQL: ERROR CARGANDO CODARTALT
01 14:26:46:758 PLSQL: INICIANDO CARGA DE CODARTALT EN  V10INTERIN_RDRP
01 14:26:46:759 PLSQL: ERROR CARGANDO CODARTALT
01 14:36:46:786 PLSQL: INICIANDO CARGA DE CODARTALT EN  V10INTERIN_RDRP
01 14:36:46:787 PLSQL: ERROR CARGANDO CODARTALT
01 15:29:43:335 PLSQL: INICIANDO CARGA DE CODARTALT EN  V10INTERIN_RDRP
01 15:29:43:338 PLSQL: ERROR CARGANDO CODARTALT

00 15:32:15:834 Fichero de log cerrado.

00 15:32:21:405 Fichero de log abierto PID 4476

02 15:32:21:407 Intentando abrir fichero v10.ini
02 15:32:21:414 Cargando driver v10oracle funcion damedriveroracle
02 15:32:22:270 Conectado a base de datos
02 15:32:22:272 Proceso CARGA_CODARTALT encontrado en tabla VDPROCESOS
02 15:32:22:272 Proceso CARGA_CODARTALT cargado con función procesoperiodico (Librería VDKERNEL.DLL) direccion 70362D10
02 15:32:22:275 PLSQL: INICIALIZADO PAQUETE DE LOG EL DIA 29-03-2022
02 15:32:22:285 Actualizado SID 632 SERIAL 3115 del proceso con PID 4476
02 15:32:22:287 Analizado cursor CCARGAARTICULOS
02 15:32:22:287 Leidos 1 cursores
01 15:32:22:288 PLSQL: INICIANDO CARGA DE CODARTALT EN  V10INTERIN_RDRP
01 15:32:22:290 PLSQL: ERROR CARGANDO CODARTALT
01 15:42:22:304 PLSQL: INICIANDO CARGA DE CODARTALT EN  V10INTERIN_RDRP
01 15:42:22:307 PLSQL: ERROR CARGANDO CODARTALT
01 15:52:22:324 PLSQL: INICIANDO CARGA DE CODARTALT EN  V10INTERIN_RDRP
01 15:52:22:325 PLSQL: ERROR CARGANDO CODARTALT
01 16:02:22:334 PLSQL: INICIANDO CARGA DE CODARTALT EN  V10INTERIN_RDRP
01 16:02:22:351 PLSQL: ERROR CARGANDO CODARTALT
01 16:12:22:357 PLSQL: INICIANDO CARGA DE CODARTALT EN  V10INTERIN_RDRP
01 16:12:22:358 PLSQL: ERROR CARGANDO CODARTALT
01 16:22:22:376 PLSQL: INICIANDO CARGA DE CODARTALT EN  V10INTERIN_RDRP
01 16:22:22:392 PLSQL: ERROR CARGANDO CODARTALT
01 16:32:22:401 PLSQL: INICIANDO CARGA DE CODARTALT EN  V10INTERIN_RDRP
01 16:32:22:402 PLSQL: ERROR CARGANDO CODARTALT
01 16:42:22:406 PLSQL: INICIANDO CARGA DE CODARTALT EN  V10INTERIN_RDRP
01 16:42:22:407 PLSQL: ERROR CARGANDO CODARTALT
01 16:52:22:411 PLSQL: INICIANDO CARGA DE CODARTALT EN  V10INTERIN_RDRP
01 16:52:22:412 PLSQL: ERROR CARGANDO CODARTALT
01 17:02:22:423 PLSQL: INICIANDO CARGA DE CODARTALT EN  V10INTERIN_RDRP
01 17:02:22:424 PLSQL: ERROR CARGANDO CODARTALT
01 17:12:22:439 PLSQL: INICIANDO CARGA DE CODARTALT EN  V10INTERIN_RDRP
01 17:12:22:441 PLSQL: ERROR CARGANDO CODARTALT
01 17:22:22:444 PLSQL: INICIANDO CARGA DE CODARTALT EN  V10INTERIN_RDRP
01 17:22:22:446 PLSQL: ERROR CARGANDO CODARTALT
01 17:32:22:449 PLSQL: INICIANDO CARGA DE CODARTALT EN  V10INTERIN_RDRP
01 17:32:22:450 PLSQL: ERROR CARGANDO CODARTALT
01 17:42:22:452 PLSQL: INICIANDO CARGA DE CODARTALT EN  V10INTERIN_RDRP
01 17:42:22:454 PLSQL: ERROR CARGANDO CODARTALT

00 17:42:37:135 Fichero de log cerrado.

00 17:42:47:852 Fichero de log abierto PID 18016

02 17:42:47:855 Intentando abrir fichero v10.ini
02 17:42:47:864 Cargando driver v10oracle funcion damedriveroracle
02 17:42:48:535 Conectado a base de datos
02 17:42:48:537 Proceso CARGA_CODARTALT encontrado en tabla VDPROCESOS
02 17:42:48:537 Proceso CARGA_CODARTALT cargado con función procesoperiodico (Librería VDKERNEL.DLL) direccion 70362D10
02 17:42:48:540 PLSQL: INICIALIZADO PAQUETE DE LOG EL DIA 29-03-2022
02 17:42:48:552 Actualizado SID 263 SERIAL 33377 del proceso con PID 18016
02 17:42:48:559 Analizado cursor CCARGAARTICULOS
02 17:42:48:559 Leidos 1 cursores
01 17:42:48:561 PLSQL: INICIANDO CARGA DE CODARTALT EN  V10INTERIN_RDRP
01 17:42:48:562 PLSQL: ERROR CARGANDO CODARTALT

00 17:45:26:690 Fichero de log cerrado.

00 17:45:32:140 Fichero de log abierto PID 13568

02 17:45:32:142 Intentando abrir fichero v10.ini
02 17:45:32:149 Cargando driver v10oracle funcion damedriveroracle
02 17:45:33:507 Conectado a base de datos
02 17:45:33:512 Proceso CARGA_CODARTALT encontrado en tabla VDPROCESOS
02 17:45:33:515 Proceso CARGA_CODARTALT cargado con función procesoperiodico (Librería VDKERNEL.DLL) direccion 70362D10
02 17:45:33:524 PLSQL: INICIALIZADO PAQUETE DE LOG EL DIA 29-03-2022
02 17:45:33:564 Actualizado SID 379 SERIAL 49668 del proceso con PID 13568
02 17:45:33:567 Analizado cursor CCARGAARTICULOS
02 17:45:33:567 Leidos 1 cursores
01 17:45:33:569 PLSQL: INICIANDO CARGA DE CODARTALT EN  V10INTERIN_RDRP
01 17:45:33:581 PLSQL: ERROR CARGANDO CODARTALT
01 17:55:33:592 PLSQL: INICIANDO CARGA DE CODARTALT EN  V10INTERIN_RDRP
01 17:55:33:593 PLSQL: ERROR CARGANDO CODARTALT

00 17:58:58:370 Fichero de log cerrado.

