00 11:41:46:792 Fichero de log abierto PID 12696

02 11:41:46:794 Intentando abrir fichero v10.ini
02 11:41:46:799 Cargando driver v10oracle funcion damedriveroracle
02 11:41:47:295 Conectado a base de datos
02 11:41:47:299 Proceso CARGA_CLIENTES encontrado en tabla VDPROCESOS
02 11:41:47:304 Proceso CARGA_CLIENTES cargado con función procesoperiodico (Librería VDKERNEL.DLL) direccion 6F3D2D10
02 11:41:47:306 PLSQL: INICIALIZADO PAQUETE DE LOG EL DIA 04-07-2022
02 11:41:47:337 Actualizado SID 15 SERIAL 22657 del proceso con PID 12696
02 11:41:47:344 Analizado cursor CCARGACLIENTES
02 11:41:47:344 Leidos 1 cursores
01 11:41:47:345 PLSQL: INICIANDO CARGA DE CLIENTES EN  V10INTERIN_RDRP
01 11:41:47:347 PLSQL: ERROR CARGANDO CLIENTES
01 11:51:47:369 PLSQL: INICIANDO CARGA DE CLIENTES EN  V10INTERIN_RDRP
01 11:51:47:369 PLSQL: ERROR CARGANDO CLIENTES
01 12:01:47:390 PLSQL: INICIANDO CARGA DE CLIENTES EN  V10INTERIN_RDRP
01 12:01:47:406 PLSQL: ERROR CARGANDO CLIENTES
01 12:11:47:426 PLSQL: INICIANDO CARGA DE CLIENTES EN  V10INTERIN_RDRP
01 12:11:47:427 PLSQL: ERROR CARGANDO CLIENTES
01 12:21:47:439 PLSQL: INICIANDO CARGA DE CLIENTES EN  V10INTERIN_RDRP
01 12:21:47:439 PLSQL: ERROR CARGANDO CLIENTES
01 12:31:47:454 PLSQL: INICIANDO CARGA DE CLIENTES EN  V10INTERIN_RDRP
01 12:31:47:457 PLSQL: ERROR CARGANDO CLIENTES
01 12:41:47:465 PLSQL: INICIANDO CARGA DE CLIENTES EN  V10INTERIN_RDRP
01 12:41:47:466 PLSQL: ERROR CARGANDO CLIENTES
01 12:51:47:470 PLSQL: INICIANDO CARGA DE CLIENTES EN  V10INTERIN_RDRP
01 12:51:47:471 PLSQL: ERROR CARGANDO CLIENTES
01 13:01:47:479 PLSQL: INICIANDO CARGA DE CLIENTES EN  V10INTERIN_RDRP
01 13:01:47:481 PLSQL: ERROR CARGANDO CLIENTES
01 13:11:47:494 PLSQL: INICIANDO CARGA DE CLIENTES EN  V10INTERIN_RDRP
01 13:11:47:495 PLSQL: ERROR CARGANDO CLIENTES
01 13:21:47:509 PLSQL: INICIANDO CARGA DE CLIENTES EN  V10INTERIN_RDRP
01 13:21:47:510 PLSQL: ERROR CARGANDO CLIENTES
01 13:31:47:525 PLSQL: INICIANDO CARGA DE CLIENTES EN  V10INTERIN_RDRP
01 13:31:47:527 PLSQL: ERROR CARGANDO CLIENTES
01 13:41:47:540 PLSQL: INICIANDO CARGA DE CLIENTES EN  V10INTERIN_RDRP
01 13:41:47:542 PLSQL: ERROR CARGANDO CLIENTES
01 13:53:17:744 PLSQL: INICIANDO CARGA DE CLIENTES EN  V10INTERIN_RDRP
01 13:53:17:751 PLSQL: ERROR CARGANDO CLIENTES
01 14:03:17:762 PLSQL: INICIANDO CARGA DE CLIENTES EN  V10INTERIN_RDRP
01 14:03:17:762 PLSQL: ERROR CARGANDO CLIENTES
01 14:13:17:769 PLSQL: INICIANDO CARGA DE CLIENTES EN  V10INTERIN_RDRP
01 14:13:17:773 PLSQL: ERROR CARGANDO CLIENTES
01 14:23:17:776 PLSQL: INICIANDO CARGA DE CLIENTES EN  V10INTERIN_RDRP
01 14:23:17:778 PLSQL: ERROR CARGANDO CLIENTES
01 14:33:17:795 PLSQL: INICIANDO CARGA DE CLIENTES EN  V10INTERIN_RDRP
01 14:33:17:798 PLSQL: ERROR CARGANDO CLIENTES
01 14:43:17:807 PLSQL: INICIANDO CARGA DE CLIENTES EN  V10INTERIN_RDRP
01 14:43:17:809 PLSQL: ERROR CARGANDO CLIENTES
01 14:53:17:814 PLSQL: INICIANDO CARGA DE CLIENTES EN  V10INTERIN_RDRP
01 14:53:17:815 PLSQL: ERROR CARGANDO CLIENTES
01 15:03:17:819 PLSQL: INICIANDO CARGA DE CLIENTES EN  V10INTERIN_RDRP
01 15:03:17:821 PLSQL: ERROR CARGANDO CLIENTES
01 16:01:05:766 PLSQL: INICIANDO CARGA DE CLIENTES EN  V10INTERIN_RDRP
01 16:01:05:774 PLSQL: ERROR CARGANDO CLIENTES
01 16:11:05:790 PLSQL: INICIANDO CARGA DE CLIENTES EN  V10INTERIN_RDRP
01 16:11:05:790 PLSQL: ERROR CARGANDO CLIENTES
01 16:21:05:812 PLSQL: INICIANDO CARGA DE CLIENTES EN  V10INTERIN_RDRP
01 16:21:05:813 PLSQL: ERROR CARGANDO CLIENTES

00 16:28:21:849 Fichero de log cerrado.

00 16:28:32:854 Fichero de log abierto PID 11296

02 16:28:32:855 Intentando abrir fichero v10.ini
02 16:28:32:862 Cargando driver v10oracle funcion damedriveroracle
02 16:28:33:405 Conectado a base de datos
02 16:28:33:407 Proceso CARGA_CLIENTES encontrado en tabla VDPROCESOS
02 16:28:33:409 Proceso CARGA_CLIENTES cargado con función procesoperiodico (Librería VDKERNEL.DLL) direccion 6F3D2D10
02 16:28:33:410 PLSQL: INICIALIZADO PAQUETE DE LOG EL DIA 04-07-2022
02 16:28:33:419 Actualizado SID 260 SERIAL 33201 del proceso con PID 11296
02 16:28:33:420 Analizado cursor CCARGACLIENTES
02 16:28:33:420 Leidos 1 cursores
01 16:28:33:421 PLSQL: INICIANDO CARGA DE CLIENTES EN  V10INTERIN_RDRP
01 16:28:33:423 PLSQL: ERROR CARGANDO CLIENTES
01 16:38:33:429 PLSQL: INICIANDO CARGA DE CLIENTES EN  V10INTERIN_RDRP
01 16:38:33:430 PLSQL: ERROR CARGANDO CLIENTES
01 16:48:33:446 PLSQL: INICIANDO CARGA DE CLIENTES EN  V10INTERIN_RDRP
01 16:48:33:447 PLSQL: ERROR CARGANDO CLIENTES
01 16:58:33:456 PLSQL: INICIANDO CARGA DE CLIENTES EN  V10INTERIN_RDRP
01 16:58:33:458 PLSQL: ERROR CARGANDO CLIENTES
01 17:08:33:476 PLSQL: INICIANDO CARGA DE CLIENTES EN  V10INTERIN_RDRP
01 17:08:33:477 PLSQL: ERROR CARGANDO CLIENTES
01 17:18:33:479 PLSQL: INICIANDO CARGA DE CLIENTES EN  V10INTERIN_RDRP
01 17:18:33:482 PLSQL: ERROR CARGANDO CLIENTES
01 17:28:33:497 PLSQL: INICIANDO CARGA DE CLIENTES EN  V10INTERIN_RDRP
01 17:28:33:498 PLSQL: ERROR CARGANDO CLIENTES
01 17:38:33:513 PLSQL: INICIANDO CARGA DE CLIENTES EN  V10INTERIN_RDRP
01 17:38:33:514 PLSQL: ERROR CARGANDO CLIENTES
01 17:48:33:519 PLSQL: INICIANDO CARGA DE CLIENTES EN  V10INTERIN_RDRP
01 17:48:33:521 PLSQL: ERROR CARGANDO CLIENTES

00 17:57:33:832 Fichero de log cerrado.

