00 09:09:26:027 Fichero de log abierto PID 8116

02 09:09:26:038 Intentando abrir fichero v10.ini
02 09:09:26:046 Cargando driver v10oracle funcion damedriveroracle
02 09:09:26:752 Conectado a base de datos
02 09:09:26:753 Proceso CARGA_PEDIDOS encontrado en tabla VDPROCESOS
02 09:09:26:755 Proceso CARGA_PEDIDOS cargado con función procesoperiodico (Librería VDKERNEL.DLL) direccion 6FF52D10
02 09:09:26:756 PLSQL: INICIALIZADO PAQUETE DE LOG EL DIA 29-03-2022
02 09:09:26:765 Actualizado SID 255 SERIAL 45255 del proceso con PID 8116
02 09:09:26:771 Analizado cursor CCARGAPEDIDOS
02 09:09:26:771 Leidos 1 cursores
01 09:09:26:772 PLSQL: INICIANDO CARGA DE PEDIDOS EN  V10INTERIN_RDRP
01 09:09:26:773 PLSQL: ERROR CARGANDO PEDIDOS
01 09:14:26:787 PLSQL: INICIANDO CARGA DE PEDIDOS EN  V10INTERIN_RDRP
01 09:14:26:789 PLSQL: ERROR CARGANDO PEDIDOS
01 09:19:26:799 PLSQL: INICIANDO CARGA DE PEDIDOS EN  V10INTERIN_RDRP
01 09:19:26:802 PLSQL: ERROR CARGANDO PEDIDOS
01 09:24:26:806 PLSQL: INICIANDO CARGA DE PEDIDOS EN  V10INTERIN_RDRP
01 09:24:26:808 PLSQL: ERROR CARGANDO PEDIDOS
01 09:29:26:815 PLSQL: INICIANDO CARGA DE PEDIDOS EN  V10INTERIN_RDRP
01 09:29:26:818 PLSQL: ERROR CARGANDO PEDIDOS
01 09:34:26:838 PLSQL: INICIANDO CARGA DE PEDIDOS EN  V10INTERIN_RDRP
01 09:34:26:843 PLSQL: ERROR CARGANDO PEDIDOS
01 09:39:26:856 PLSQL: INICIANDO CARGA DE PEDIDOS EN  V10INTERIN_RDRP
01 09:39:26:859 PLSQL: ERROR CARGANDO PEDIDOS
01 09:44:26:869 PLSQL: INICIANDO CARGA DE PEDIDOS EN  V10INTERIN_RDRP
01 09:44:26:873 PLSQL: ERROR CARGANDO PEDIDOS
01 09:49:26:888 PLSQL: INICIANDO CARGA DE PEDIDOS EN  V10INTERIN_RDRP
01 09:49:26:891 PLSQL: ERROR CARGANDO PEDIDOS
01 09:54:26:901 PLSQL: INICIANDO CARGA DE PEDIDOS EN  V10INTERIN_RDRP
01 09:54:26:904 PLSQL: ERROR CARGANDO PEDIDOS
01 09:59:26:921 PLSQL: INICIANDO CARGA DE PEDIDOS EN  V10INTERIN_RDRP
01 09:59:26:923 PLSQL: ERROR CARGANDO PEDIDOS
01 10:04:26:936 PLSQL: INICIANDO CARGA DE PEDIDOS EN  V10INTERIN_RDRP
01 10:04:26:942 PLSQL: ERROR CARGANDO PEDIDOS
01 10:09:26:957 PLSQL: INICIANDO CARGA DE PEDIDOS EN  V10INTERIN_RDRP
01 10:09:26:961 PLSQL: ERROR CARGANDO PEDIDOS
01 10:14:26:962 PLSQL: INICIANDO CARGA DE PEDIDOS EN  V10INTERIN_RDRP
01 10:14:26:963 PLSQL: ERROR CARGANDO PEDIDOS
01 10:19:26:976 PLSQL: INICIANDO CARGA DE PEDIDOS EN  V10INTERIN_RDRP
01 10:19:26:980 PLSQL: ERROR CARGANDO PEDIDOS
01 10:24:26:996 PLSQL: INICIANDO CARGA DE PEDIDOS EN  V10INTERIN_RDRP
01 10:24:26:998 PLSQL: ERROR CARGANDO PEDIDOS
01 10:29:27:005 PLSQL: INICIANDO CARGA DE PEDIDOS EN  V10INTERIN_RDRP
01 10:29:27:008 PLSQL: ERROR CARGANDO PEDIDOS
01 10:34:27:014 PLSQL: INICIANDO CARGA DE PEDIDOS EN  V10INTERIN_RDRP
01 10:34:27:016 PLSQL: ERROR CARGANDO PEDIDOS
01 10:39:27:027 PLSQL: INICIANDO CARGA DE PEDIDOS EN  V10INTERIN_RDRP
01 10:39:27:029 PLSQL: ERROR CARGANDO PEDIDOS
01 10:44:27:045 PLSQL: INICIANDO CARGA DE PEDIDOS EN  V10INTERIN_RDRP
01 10:44:27:047 PLSQL: ERROR CARGANDO PEDIDOS
01 10:49:27:051 PLSQL: INICIANDO CARGA DE PEDIDOS EN  V10INTERIN_RDRP
01 10:49:27:054 PLSQL: ERROR CARGANDO PEDIDOS
01 10:54:27:068 PLSQL: INICIANDO CARGA DE PEDIDOS EN  V10INTERIN_RDRP
01 10:54:27:070 PLSQL: ERROR CARGANDO PEDIDOS
01 10:59:27:077 PLSQL: INICIANDO CARGA DE PEDIDOS EN  V10INTERIN_RDRP
01 10:59:27:078 PLSQL: ERROR CARGANDO PEDIDOS
01 11:04:27:083 PLSQL: INICIANDO CARGA DE PEDIDOS EN  V10INTERIN_RDRP
01 11:04:27:085 PLSQL: ERROR CARGANDO PEDIDOS
01 11:09:27:101 PLSQL: INICIANDO CARGA DE PEDIDOS EN  V10INTERIN_RDRP
01 11:09:27:103 PLSQL: ERROR CARGANDO PEDIDOS
01 11:14:27:109 PLSQL: INICIANDO CARGA DE PEDIDOS EN  V10INTERIN_RDRP
01 11:14:27:112 PLSQL: ERROR CARGANDO PEDIDOS
01 11:19:27:129 PLSQL: INICIANDO CARGA DE PEDIDOS EN  V10INTERIN_RDRP
01 11:19:27:135 PLSQL: ERROR CARGANDO PEDIDOS
01 11:24:27:145 PLSQL: INICIANDO CARGA DE PEDIDOS EN  V10INTERIN_RDRP
01 11:24:27:148 PLSQL: ERROR CARGANDO PEDIDOS
01 11:29:27:162 PLSQL: INICIANDO CARGA DE PEDIDOS EN  V10INTERIN_RDRP
01 11:29:27:165 PLSQL: ERROR CARGANDO PEDIDOS
01 11:34:27:182 PLSQL: INICIANDO CARGA DE PEDIDOS EN  V10INTERIN_RDRP
01 11:34:27:188 PLSQL: ERROR CARGANDO PEDIDOS
01 11:39:27:200 PLSQL: INICIANDO CARGA DE PEDIDOS EN  V10INTERIN_RDRP
01 11:39:27:202 PLSQL: ERROR CARGANDO PEDIDOS
01 11:44:27:214 PLSQL: INICIANDO CARGA DE PEDIDOS EN  V10INTERIN_RDRP
01 11:44:27:217 PLSQL: ERROR CARGANDO PEDIDOS
01 11:49:27:229 PLSQL: INICIANDO CARGA DE PEDIDOS EN  V10INTERIN_RDRP
01 11:49:27:233 PLSQL: ERROR CARGANDO PEDIDOS
01 11:54:27:247 PLSQL: INICIANDO CARGA DE PEDIDOS EN  V10INTERIN_RDRP
01 11:54:27:250 PLSQL: ERROR CARGANDO PEDIDOS
01 11:59:27:260 PLSQL: INICIANDO CARGA DE PEDIDOS EN  V10INTERIN_RDRP
01 11:59:27:263 PLSQL: ERROR CARGANDO PEDIDOS
01 12:04:27:271 PLSQL: INICIANDO CARGA DE PEDIDOS EN  V10INTERIN_RDRP
01 12:04:27:276 PLSQL: ERROR CARGANDO PEDIDOS
01 12:09:27:281 PLSQL: INICIANDO CARGA DE PEDIDOS EN  V10INTERIN_RDRP
01 12:09:27:284 PLSQL: ERROR CARGANDO PEDIDOS
01 12:14:27:291 PLSQL: INICIANDO CARGA DE PEDIDOS EN  V10INTERIN_RDRP
01 12:14:27:292 PLSQL: ERROR CARGANDO PEDIDOS
01 12:19:27:309 PLSQL: INICIANDO CARGA DE PEDIDOS EN  V10INTERIN_RDRP
01 12:19:27:314 PLSQL: ERROR CARGANDO PEDIDOS
01 12:24:27:323 PLSQL: INICIANDO CARGA DE PEDIDOS EN  V10INTERIN_RDRP
01 12:24:27:326 PLSQL: ERROR CARGANDO PEDIDOS
01 12:29:27:343 PLSQL: INICIANDO CARGA DE PEDIDOS EN  V10INTERIN_RDRP
01 12:29:27:344 PLSQL: ERROR CARGANDO PEDIDOS
01 12:34:27:366 PLSQL: INICIANDO CARGA DE PEDIDOS EN  V10INTERIN_RDRP
01 12:34:27:371 PLSQL: ERROR CARGANDO PEDIDOS
01 12:39:27:385 PLSQL: INICIANDO CARGA DE PEDIDOS EN  V10INTERIN_RDRP
01 12:39:27:388 PLSQL: ERROR CARGANDO PEDIDOS
01 12:44:27:401 PLSQL: INICIANDO CARGA DE PEDIDOS EN  V10INTERIN_RDRP
01 12:44:27:402 PLSQL: ERROR CARGANDO PEDIDOS
01 12:49:27:405 PLSQL: INICIANDO CARGA DE PEDIDOS EN  V10INTERIN_RDRP
01 12:49:27:408 PLSQL: ERROR CARGANDO PEDIDOS
01 12:54:27:418 PLSQL: INICIANDO CARGA DE PEDIDOS EN  V10INTERIN_RDRP
01 12:54:27:423 PLSQL: ERROR CARGANDO PEDIDOS
01 12:59:27:429 PLSQL: INICIANDO CARGA DE PEDIDOS EN  V10INTERIN_RDRP
01 12:59:27:432 PLSQL: ERROR CARGANDO PEDIDOS
01 13:04:27:443 PLSQL: INICIANDO CARGA DE PEDIDOS EN  V10INTERIN_RDRP
01 13:04:27:446 PLSQL: ERROR CARGANDO PEDIDOS
01 13:09:27:456 PLSQL: INICIANDO CARGA DE PEDIDOS EN  V10INTERIN_RDRP
01 13:09:27:463 PLSQL: ERROR CARGANDO PEDIDOS
01 13:14:27:483 PLSQL: INICIANDO CARGA DE PEDIDOS EN  V10INTERIN_RDRP
01 13:14:27:486 PLSQL: ERROR CARGANDO PEDIDOS
01 13:19:27:501 PLSQL: INICIANDO CARGA DE PEDIDOS EN  V10INTERIN_RDRP
01 13:19:27:504 PLSQL: ERROR CARGANDO PEDIDOS
01 13:24:27:509 PLSQL: INICIANDO CARGA DE PEDIDOS EN  V10INTERIN_RDRP
01 13:24:27:514 PLSQL: ERROR CARGANDO PEDIDOS
01 13:29:27:518 PLSQL: INICIANDO CARGA DE PEDIDOS EN  V10INTERIN_RDRP
01 13:29:27:521 PLSQL: ERROR CARGANDO PEDIDOS
01 13:34:27:526 PLSQL: INICIANDO CARGA DE PEDIDOS EN  V10INTERIN_RDRP
01 13:34:27:530 PLSQL: ERROR CARGANDO PEDIDOS
01 13:39:27:545 PLSQL: INICIANDO CARGA DE PEDIDOS EN  V10INTERIN_RDRP
01 13:39:27:546 PLSQL: ERROR CARGANDO PEDIDOS
01 13:44:27:558 PLSQL: INICIANDO CARGA DE PEDIDOS EN  V10INTERIN_RDRP
01 13:44:27:561 PLSQL: ERROR CARGANDO PEDIDOS
01 13:49:27:574 PLSQL: INICIANDO CARGA DE PEDIDOS EN  V10INTERIN_RDRP
01 13:49:27:576 PLSQL: ERROR CARGANDO PEDIDOS

00 13:50:25:450 Fichero de log cerrado.

00 13:50:29:584 Fichero de log abierto PID 14096

02 13:50:29:587 Intentando abrir fichero v10.ini
02 13:50:29:594 Cargando driver v10oracle funcion damedriveroracle
02 13:50:30:752 Conectado a base de datos
02 13:50:30:755 Proceso CARGA_PEDIDOS encontrado en tabla VDPROCESOS
02 13:50:30:755 Proceso CARGA_PEDIDOS cargado con función procesoperiodico (Librería VDKERNEL.DLL) direccion 70362D10
02 13:50:30:757 PLSQL: INICIALIZADO PAQUETE DE LOG EL DIA 29-03-2022
02 13:50:30:769 Actualizado SID 255 SERIAL 1662 del proceso con PID 14096
02 13:50:30:770 Analizado cursor CCARGAPEDIDOS
02 13:50:30:770 Leidos 1 cursores
01 13:50:30:771 PLSQL: INICIANDO CARGA DE PEDIDOS EN  V10INTERIN_RDRP
01 13:50:30:772 PLSQL: ERROR CARGANDO PEDIDOS
01 13:55:30:777 PLSQL: INICIANDO CARGA DE PEDIDOS EN  V10INTERIN_RDRP
01 13:55:30:781 PLSQL: ERROR CARGANDO PEDIDOS

00 13:56:42:810 Fichero de log cerrado.

00 13:56:45:887 Fichero de log abierto PID 12020

02 13:56:45:889 Intentando abrir fichero v10.ini
02 13:56:45:894 Cargando driver v10oracle funcion damedriveroracle
02 13:56:46:650 Conectado a base de datos
02 13:56:46:650 Proceso CARGA_PEDIDOS encontrado en tabla VDPROCESOS
02 13:56:46:652 Proceso CARGA_PEDIDOS cargado con función procesoperiodico (Librería VDKERNEL.DLL) direccion 70362D10
02 13:56:46:654 PLSQL: INICIALIZADO PAQUETE DE LOG EL DIA 29-03-2022
02 13:56:46:664 Actualizado SID 137 SERIAL 30239 del proceso con PID 12020
02 13:56:46:665 Analizado cursor CCARGAPEDIDOS
02 13:56:46:665 Leidos 1 cursores
01 13:56:46:666 PLSQL: INICIANDO CARGA DE PEDIDOS EN  V10INTERIN_RDRP
01 13:56:46:667 PLSQL: ERROR CARGANDO PEDIDOS
01 14:01:46:678 PLSQL: INICIANDO CARGA DE PEDIDOS EN  V10INTERIN_RDRP
01 14:01:46:681 PLSQL: ERROR CARGANDO PEDIDOS
01 14:06:46:691 PLSQL: INICIANDO CARGA DE PEDIDOS EN  V10INTERIN_RDRP
01 14:06:46:693 PLSQL: ERROR CARGANDO PEDIDOS
01 14:11:46:700 PLSQL: INICIANDO CARGA DE PEDIDOS EN  V10INTERIN_RDRP
01 14:11:46:703 PLSQL: ERROR CARGANDO PEDIDOS
01 14:16:46:721 PLSQL: INICIANDO CARGA DE PEDIDOS EN  V10INTERIN_RDRP
01 14:16:46:723 PLSQL: ERROR CARGANDO PEDIDOS
01 14:21:46:732 PLSQL: INICIANDO CARGA DE PEDIDOS EN  V10INTERIN_RDRP
01 14:21:46:733 PLSQL: ERROR CARGANDO PEDIDOS
01 14:26:46:742 PLSQL: INICIANDO CARGA DE PEDIDOS EN  V10INTERIN_RDRP
01 14:26:46:744 PLSQL: ERROR CARGANDO PEDIDOS
01 14:31:46:748 PLSQL: INICIANDO CARGA DE PEDIDOS EN  V10INTERIN_RDRP
01 14:31:46:749 PLSQL: ERROR CARGANDO PEDIDOS
01 14:36:46:753 PLSQL: INICIANDO CARGA DE PEDIDOS EN  V10INTERIN_RDRP
01 14:36:46:754 PLSQL: ERROR CARGANDO PEDIDOS
01 15:29:43:333 PLSQL: INICIANDO CARGA DE PEDIDOS EN  V10INTERIN_RDRP
01 15:29:43:337 PLSQL: ERROR CARGANDO PEDIDOS

00 15:32:15:834 Fichero de log cerrado.

00 15:32:21:202 Fichero de log abierto PID 11756

02 15:32:21:204 Intentando abrir fichero v10.ini
02 15:32:21:212 Cargando driver v10oracle funcion damedriveroracle
02 15:32:22:222 Conectado a base de datos
02 15:32:22:225 Proceso CARGA_PEDIDOS encontrado en tabla VDPROCESOS
02 15:32:22:225 Proceso CARGA_PEDIDOS cargado con función procesoperiodico (Librería VDKERNEL.DLL) direccion 70362D10
02 15:32:22:228 PLSQL: INICIALIZADO PAQUETE DE LOG EL DIA 29-03-2022
02 15:32:22:252 Actualizado SID 265 SERIAL 16987 del proceso con PID 11756
02 15:32:22:252 Analizado cursor CCARGAPEDIDOS
02 15:32:22:252 Leidos 1 cursores
01 15:32:22:254 PLSQL: INICIANDO CARGA DE PEDIDOS EN  V10INTERIN_RDRP
01 15:32:22:256 PLSQL: ERROR CARGANDO PEDIDOS
01 15:37:22:272 PLSQL: INICIANDO CARGA DE PEDIDOS EN  V10INTERIN_RDRP
01 15:37:22:275 PLSQL: ERROR CARGANDO PEDIDOS
01 15:42:22:287 PLSQL: INICIANDO CARGA DE PEDIDOS EN  V10INTERIN_RDRP
01 15:42:22:288 PLSQL: ERROR CARGANDO PEDIDOS
01 15:47:22:298 PLSQL: INICIANDO CARGA DE PEDIDOS EN  V10INTERIN_RDRP
01 15:47:22:302 PLSQL: ERROR CARGANDO PEDIDOS
01 15:52:22:308 PLSQL: INICIANDO CARGA DE PEDIDOS EN  V10INTERIN_RDRP
01 15:52:22:310 PLSQL: ERROR CARGANDO PEDIDOS
01 15:57:22:321 PLSQL: INICIANDO CARGA DE PEDIDOS EN  V10INTERIN_RDRP
01 15:57:22:324 PLSQL: ERROR CARGANDO PEDIDOS
01 16:02:22:333 PLSQL: INICIANDO CARGA DE PEDIDOS EN  V10INTERIN_RDRP
01 16:02:22:334 PLSQL: ERROR CARGANDO PEDIDOS
01 16:07:22:338 PLSQL: INICIANDO CARGA DE PEDIDOS EN  V10INTERIN_RDRP
01 16:07:22:341 PLSQL: ERROR CARGANDO PEDIDOS
01 16:12:22:357 PLSQL: INICIANDO CARGA DE PEDIDOS EN  V10INTERIN_RDRP
01 16:12:22:359 PLSQL: ERROR CARGANDO PEDIDOS
01 16:17:22:360 PLSQL: INICIANDO CARGA DE PEDIDOS EN  V10INTERIN_RDRP
01 16:17:22:361 PLSQL: ERROR CARGANDO PEDIDOS
01 16:22:22:376 PLSQL: INICIANDO CARGA DE PEDIDOS EN  V10INTERIN_RDRP
01 16:22:22:377 PLSQL: ERROR CARGANDO PEDIDOS
01 16:27:22:384 PLSQL: INICIANDO CARGA DE PEDIDOS EN  V10INTERIN_RDRP
01 16:27:22:386 PLSQL: ERROR CARGANDO PEDIDOS
01 16:32:22:401 PLSQL: INICIANDO CARGA DE PEDIDOS EN  V10INTERIN_RDRP
01 16:32:22:401 PLSQL: ERROR CARGANDO PEDIDOS
01 16:37:22:433 PLSQL: INICIANDO CARGA DE PEDIDOS EN  V10INTERIN_RDRP
01 16:37:22:435 PLSQL: ERROR CARGANDO PEDIDOS
01 16:42:22:452 PLSQL: INICIANDO CARGA DE PEDIDOS EN  V10INTERIN_RDRP
01 16:42:22:453 PLSQL: ERROR CARGANDO PEDIDOS
01 16:47:22:467 PLSQL: INICIANDO CARGA DE PEDIDOS EN  V10INTERIN_RDRP
01 16:47:22:468 PLSQL: ERROR CARGANDO PEDIDOS
01 16:52:22:474 PLSQL: INICIANDO CARGA DE PEDIDOS EN  V10INTERIN_RDRP
01 16:52:22:475 PLSQL: ERROR CARGANDO PEDIDOS
01 16:57:22:483 PLSQL: INICIANDO CARGA DE PEDIDOS EN  V10INTERIN_RDRP
01 16:57:22:485 PLSQL: ERROR CARGANDO PEDIDOS
01 17:02:22:500 PLSQL: INICIANDO CARGA DE PEDIDOS EN  V10INTERIN_RDRP
01 17:02:22:501 PLSQL: ERROR CARGANDO PEDIDOS
01 17:07:22:518 PLSQL: INICIANDO CARGA DE PEDIDOS EN  V10INTERIN_RDRP
01 17:07:22:520 PLSQL: ERROR CARGANDO PEDIDOS
01 17:12:22:532 PLSQL: INICIANDO CARGA DE PEDIDOS EN  V10INTERIN_RDRP
01 17:12:22:534 PLSQL: ERROR CARGANDO PEDIDOS
01 17:17:22:548 PLSQL: INICIANDO CARGA DE PEDIDOS EN  V10INTERIN_RDRP
01 17:17:22:550 PLSQL: ERROR CARGANDO PEDIDOS
01 17:22:22:552 PLSQL: INICIANDO CARGA DE PEDIDOS EN  V10INTERIN_RDRP
01 17:22:22:554 PLSQL: ERROR CARGANDO PEDIDOS
01 17:27:22:561 PLSQL: INICIANDO CARGA DE PEDIDOS EN  V10INTERIN_RDRP
01 17:27:22:563 PLSQL: ERROR CARGANDO PEDIDOS
01 17:32:22:574 PLSQL: INICIANDO CARGA DE PEDIDOS EN  V10INTERIN_RDRP
01 17:32:22:577 PLSQL: ERROR CARGANDO PEDIDOS
01 17:37:22:594 PLSQL: INICIANDO CARGA DE PEDIDOS EN  V10INTERIN_RDRP
01 17:37:22:595 PLSQL: ERROR CARGANDO PEDIDOS
01 17:42:22:606 PLSQL: INICIANDO CARGA DE PEDIDOS EN  V10INTERIN_RDRP
01 17:42:22:609 PLSQL: ERROR CARGANDO PEDIDOS

00 17:42:37:135 Fichero de log cerrado.

00 17:42:48:050 Fichero de log abierto PID 17376

02 17:42:48:052 Intentando abrir fichero v10.ini
02 17:42:48:060 Cargando driver v10oracle funcion damedriveroracle
02 17:42:48:792 Conectado a base de datos
02 17:42:48:794 Proceso CARGA_PEDIDOS encontrado en tabla VDPROCESOS
02 17:42:48:795 Proceso CARGA_PEDIDOS cargado con función procesoperiodico (Librería VDKERNEL.DLL) direccion 70362D10
02 17:42:48:797 PLSQL: INICIALIZADO PAQUETE DE LOG EL DIA 29-03-2022
02 17:42:48:809 Actualizado SID 502 SERIAL 61637 del proceso con PID 17376
02 17:42:48:815 Analizado cursor CCARGAPEDIDOS
02 17:42:48:815 Leidos 1 cursores
01 17:42:48:817 PLSQL: INICIANDO CARGA DE PEDIDOS EN  V10INTERIN_RDRP
01 17:42:48:819 PLSQL: ERROR CARGANDO PEDIDOS

00 17:45:26:690 Fichero de log cerrado.

00 17:45:32:364 Fichero de log abierto PID 12304

02 17:45:32:365 Intentando abrir fichero v10.ini
02 17:45:32:375 Cargando driver v10oracle funcion damedriveroracle
02 17:45:33:480 Conectado a base de datos
02 17:45:33:487 Proceso CARGA_PEDIDOS encontrado en tabla VDPROCESOS
02 17:45:33:489 Proceso CARGA_PEDIDOS cargado con función procesoperiodico (Librería VDKERNEL.DLL) direccion 70362D10
02 17:45:33:495 PLSQL: INICIALIZADO PAQUETE DE LOG EL DIA 29-03-2022
02 17:45:33:529 Actualizado SID 262 SERIAL 42730 del proceso con PID 12304
02 17:45:33:532 Analizado cursor CCARGAPEDIDOS
02 17:45:33:532 Leidos 1 cursores
01 17:45:33:536 PLSQL: INICIANDO CARGA DE PEDIDOS EN  V10INTERIN_RDRP
01 17:45:33:542 PLSQL: ERROR CARGANDO PEDIDOS
01 17:50:33:561 PLSQL: INICIANDO CARGA DE PEDIDOS EN  V10INTERIN_RDRP
01 17:50:33:565 PLSQL: ERROR CARGANDO PEDIDOS
01 17:55:33:576 PLSQL: INICIANDO CARGA DE PEDIDOS EN  V10INTERIN_RDRP
01 17:55:33:579 PLSQL: ERROR CARGANDO PEDIDOS

00 17:58:58:370 Fichero de log cerrado.

