00 09:08:32:922 Fichero de log abierto PID 15436

02 09:08:32:922 Intentando abrir fichero v10.ini
02 09:08:32:931 Cargando driver v10oracle funcion damedriveroracle
02 09:08:33:431 Conectado a base de datos
02 09:08:33:432 Proceso CARGA_ARTICULOS encontrado en tabla VDPROCESOS
02 09:08:33:433 Proceso CARGA_ARTICULOS cargado con función procesoperiodico (Librería VDKERNEL.DLL) direccion 6E792D10
02 09:08:33:435 PLSQL: INICIALIZADO PAQUETE DE LOG EL DIA 01-04-2022
02 09:08:33:445 Actualizado SID 133 SERIAL 23884 del proceso con PID 15436
02 09:08:33:452 Analizado cursor CCARGAARTICULOS
02 09:08:33:452 Leidos 1 cursores
01 09:08:33:452 PLSQL: INICIANDO CARGA DE ARTICULOS EN  V10INTERIN_RDRP
01 09:08:33:455 PLSQL: ERROR CARGANDO ARTICULOS
01 09:18:33:461 PLSQL: INICIANDO CARGA DE ARTICULOS EN  V10INTERIN_RDRP
01 09:18:33:462 PLSQL: ERROR CARGANDO ARTICULOS
01 09:28:33:477 PLSQL: INICIANDO CARGA DE ARTICULOS EN  V10INTERIN_RDRP
01 09:28:33:479 PLSQL: ERROR CARGANDO ARTICULOS
01 09:38:33:494 PLSQL: INICIANDO CARGA DE ARTICULOS EN  V10INTERIN_RDRP
01 09:38:33:497 PLSQL: ERROR CARGANDO ARTICULOS
01 09:48:33:511 PLSQL: INICIANDO CARGA DE ARTICULOS EN  V10INTERIN_RDRP
01 09:48:33:512 PLSQL: ERROR CARGANDO ARTICULOS
01 09:58:33:519 PLSQL: INICIANDO CARGA DE ARTICULOS EN  V10INTERIN_RDRP
01 09:58:33:521 PLSQL: ERROR CARGANDO ARTICULOS
01 10:08:33:527 PLSQL: INICIANDO CARGA DE ARTICULOS EN  V10INTERIN_RDRP
01 10:08:33:528 PLSQL: ERROR CARGANDO ARTICULOS
01 10:18:33:536 PLSQL: INICIANDO CARGA DE ARTICULOS EN  V10INTERIN_RDRP
01 10:18:33:537 PLSQL: ERROR CARGANDO ARTICULOS
01 10:28:33:554 PLSQL: INICIANDO CARGA DE ARTICULOS EN  V10INTERIN_RDRP
01 10:28:33:555 PLSQL: ERROR CARGANDO ARTICULOS
01 10:38:33:571 PLSQL: INICIANDO CARGA DE ARTICULOS EN  V10INTERIN_RDRP
01 10:38:33:572 PLSQL: ERROR CARGANDO ARTICULOS

00 10:41:45:817 Fichero de log cerrado.

00 10:42:00:511 Fichero de log abierto PID 17328

02 10:42:00:512 Intentando abrir fichero v10.ini
02 10:42:00:518 Cargando driver v10oracle funcion damedriveroracle
02 10:42:01:376 Conectado a base de datos
02 10:42:01:377 Proceso CARGA_ARTICULOS encontrado en tabla VDPROCESOS
02 10:42:01:378 Proceso CARGA_ARTICULOS cargado con función procesoperiodico (Librería VDKERNEL.DLL) direccion 6E792D10
02 10:42:01:381 PLSQL: INICIALIZADO PAQUETE DE LOG EL DIA 01-04-2022
02 10:42:01:396 Actualizado SID 872 SERIAL 17130 del proceso con PID 17328
02 10:42:01:397 Analizado cursor CCARGAARTICULOS
02 10:42:01:397 Leidos 1 cursores
01 10:42:01:398 PLSQL: INICIANDO CARGA DE ARTICULOS EN  V10INTERIN_RDRP
01 10:42:01:400 PLSQL: ERROR CARGANDO ARTICULOS
01 10:52:01:408 PLSQL: INICIANDO CARGA DE ARTICULOS EN  V10INTERIN_RDRP
01 10:52:01:410 PLSQL: ERROR CARGANDO ARTICULOS
01 11:02:01:419 PLSQL: INICIANDO CARGA DE ARTICULOS EN  V10INTERIN_RDRP
01 11:02:01:420 PLSQL: ERROR CARGANDO ARTICULOS
01 11:12:01:434 PLSQL: INICIANDO CARGA DE ARTICULOS EN  V10INTERIN_RDRP
01 11:12:01:436 PLSQL: ERROR CARGANDO ARTICULOS
01 11:22:01:446 PLSQL: INICIANDO CARGA DE ARTICULOS EN  V10INTERIN_RDRP
01 11:22:01:448 PLSQL: ERROR CARGANDO ARTICULOS
01 11:47:07:454 PLSQL: INICIANDO CARGA DE ARTICULOS EN  V10INTERIN_RDRP
01 11:47:07:462 PLSQL: ERROR CARGANDO ARTICULOS
01 11:57:07:470 PLSQL: INICIANDO CARGA DE ARTICULOS EN  V10INTERIN_RDRP
01 11:57:07:470 PLSQL: ERROR CARGANDO ARTICULOS
01 12:07:07:490 PLSQL: INICIANDO CARGA DE ARTICULOS EN  V10INTERIN_RDRP
01 12:07:07:492 PLSQL: ERROR CARGANDO ARTICULOS

00 12:15:10:325 Fichero de log cerrado.

00 12:15:18:985 Fichero de log abierto PID 6360

02 12:15:18:987 Intentando abrir fichero v10.ini
02 12:15:18:995 Cargando driver v10oracle funcion damedriveroracle
02 12:15:19:629 Conectado a base de datos
02 12:15:19:630 Proceso CARGA_ARTICULOS encontrado en tabla VDPROCESOS
02 12:15:19:632 Proceso CARGA_ARTICULOS cargado con función procesoperiodico (Librería VDKERNEL.DLL) direccion 6E792D10
02 12:15:19:635 PLSQL: INICIALIZADO PAQUETE DE LOG EL DIA 01-04-2022
02 12:15:19:645 Actualizado SID 634 SERIAL 55270 del proceso con PID 6360
02 12:15:19:647 Analizado cursor CCARGAARTICULOS
02 12:15:19:647 Leidos 1 cursores
01 12:15:19:648 PLSQL: INICIANDO CARGA DE ARTICULOS EN  V10INTERIN_RDRP
01 12:15:19:650 PLSQL: ERROR CARGANDO ARTICULOS
01 12:25:19:663 PLSQL: INICIANDO CARGA DE ARTICULOS EN  V10INTERIN_RDRP
01 12:25:19:665 PLSQL: ERROR CARGANDO ARTICULOS
01 12:35:19:671 PLSQL: INICIANDO CARGA DE ARTICULOS EN  V10INTERIN_RDRP
01 12:35:19:672 PLSQL: ERROR CARGANDO ARTICULOS
01 12:45:19:676 PLSQL: INICIANDO CARGA DE ARTICULOS EN  V10INTERIN_RDRP
01 12:45:19:678 PLSQL: ERROR CARGANDO ARTICULOS
01 12:55:19:693 PLSQL: INICIANDO CARGA DE ARTICULOS EN  V10INTERIN_RDRP
01 12:55:19:694 PLSQL: ERROR CARGANDO ARTICULOS
01 13:05:19:699 PLSQL: INICIANDO CARGA DE ARTICULOS EN  V10INTERIN_RDRP
01 13:05:19:703 PLSQL: ERROR CARGANDO ARTICULOS

00 13:10:54:649 Fichero de log cerrado.

00 13:11:07:189 Fichero de log abierto PID 2764

02 13:11:07:192 Intentando abrir fichero v10.ini
02 13:11:07:199 Cargando driver v10oracle funcion damedriveroracle
02 13:11:07:862 Conectado a base de datos
02 13:11:07:865 Proceso CARGA_ARTICULOS encontrado en tabla VDPROCESOS
02 13:11:07:865 Proceso CARGA_ARTICULOS cargado con función procesoperiodico (Librería VDKERNEL.DLL) direccion 6E792D10
02 13:11:07:868 PLSQL: INICIALIZADO PAQUETE DE LOG EL DIA 01-04-2022
02 13:11:07:879 Actualizado SID 252 SERIAL 56834 del proceso con PID 2764
02 13:11:07:880 Analizado cursor CCARGAARTICULOS
02 13:11:07:880 Leidos 1 cursores
01 13:11:07:881 PLSQL: INICIANDO CARGA DE ARTICULOS EN  V10INTERIN_RDRP
01 13:11:07:883 PLSQL: ERROR CARGANDO ARTICULOS
01 13:21:07:892 PLSQL: INICIANDO CARGA DE ARTICULOS EN  V10INTERIN_RDRP
01 13:21:07:895 PLSQL: ERROR CARGANDO ARTICULOS

00 13:31:06:350 Fichero de log cerrado.

00 13:31:13:362 Fichero de log abierto PID 4996

02 13:31:13:364 Intentando abrir fichero v10.ini
02 13:31:13:372 Cargando driver v10oracle funcion damedriveroracle
02 13:31:14:125 Conectado a base de datos
02 13:31:14:127 Proceso CARGA_ARTICULOS encontrado en tabla VDPROCESOS
02 13:31:14:129 Proceso CARGA_ARTICULOS cargado con función procesoperiodico (Librería VDKERNEL.DLL) direccion 6E792D10
02 13:31:14:133 PLSQL: INICIALIZADO PAQUETE DE LOG EL DIA 01-04-2022
02 13:31:14:149 Actualizado SID 254 SERIAL 6334 del proceso con PID 4996
02 13:31:14:150 Analizado cursor CCARGAARTICULOS
02 13:31:14:150 Leidos 1 cursores
01 13:31:14:151 PLSQL: INICIANDO CARGA DE ARTICULOS EN  V10INTERIN_RDRP
01 13:31:14:176 PLSQL: ERROR CARGANDO ARTICULOS

00 13:39:34:107 Fichero de log cerrado.

00 13:39:48:380 Fichero de log abierto PID 1912

02 13:39:48:385 Intentando abrir fichero v10.ini
02 13:39:48:392 Cargando driver v10oracle funcion damedriveroracle
02 13:39:49:150 Conectado a base de datos
02 13:39:49:152 Proceso CARGA_ARTICULOS encontrado en tabla VDPROCESOS
02 13:39:49:154 Proceso CARGA_ARTICULOS cargado con función procesoperiodico (Librería VDKERNEL.DLL) direccion 6E792D10
02 13:39:49:156 PLSQL: INICIALIZADO PAQUETE DE LOG EL DIA 01-04-2022
02 13:39:49:167 Actualizado SID 260 SERIAL 11316 del proceso con PID 1912
02 13:39:49:167 Analizado cursor CCARGAARTICULOS
02 13:39:49:167 Leidos 1 cursores
01 13:39:49:169 PLSQL: INICIANDO CARGA DE ARTICULOS EN  V10INTERIN_RDRP
01 13:39:49:171 PLSQL: ERROR CARGANDO ARTICULOS

00 13:41:22:215 Fichero de log cerrado.

00 13:41:28:944 Fichero de log abierto PID 14248

02 13:41:28:947 Intentando abrir fichero v10.ini
02 13:41:28:957 Cargando driver v10oracle funcion damedriveroracle
02 13:41:29:929 Conectado a base de datos
02 13:41:29:930 Proceso CARGA_ARTICULOS encontrado en tabla VDPROCESOS
02 13:41:29:930 Proceso CARGA_ARTICULOS cargado con función procesoperiodico (Librería VDKERNEL.DLL) direccion 6E792D10
02 13:41:29:933 PLSQL: INICIALIZADO PAQUETE DE LOG EL DIA 01-04-2022
02 13:41:29:942 Actualizado SID 633 SERIAL 51266 del proceso con PID 14248
02 13:41:29:944 Analizado cursor CCARGAARTICULOS
02 13:41:29:944 Leidos 1 cursores
01 13:41:29:945 PLSQL: INICIANDO CARGA DE ARTICULOS EN  V10INTERIN_RDRP
01 13:41:29:947 PLSQL: ERROR CARGANDO ARTICULOS
01 13:51:29:959 PLSQL: INICIANDO CARGA DE ARTICULOS EN  V10INTERIN_RDRP
01 13:51:29:960 PLSQL: ERROR CARGANDO ARTICULOS

00 13:58:39:759 Fichero de log cerrado.

