00 09:03:09:691 Fichero de log abierto PID 11376

02 09:03:09:692 Intentando abrir fichero v10.ini
02 09:03:09:697 Cargando driver v10oracle funcion damedriveroracle
02 09:03:09:941 Conectado a base de datos
02 09:03:09:942 Proceso CARGA_PROVEES encontrado en tabla VDPROCESOS
02 09:03:09:943 Proceso CARGA_PROVEES cargado con función procesoperiodico (Librería VDKERNEL.DLL) direccion 6FFE2D10
02 09:03:09:946 PLSQL: INICIALIZADO PAQUETE DE LOG EL DIA 18-03-2022
02 09:03:09:956 Actualizado SID 870 SERIAL 39940 del proceso con PID 11376
02 09:03:09:962 Analizado cursor CCARGAPROVEES
02 09:03:09:962 Leidos 1 cursores
01 09:03:09:965 PLSQL: INICIANDO CARGA DE PROVEES EN  V10INTERIN_RDRP
01 09:03:09:979 PLSQL: ERROR CARGANDO PROVEES
01 09:13:10:007 PLSQL: INICIANDO CARGA DE PROVEES EN  V10INTERIN_RDRP
01 09:13:10:014 PLSQL: ERROR CARGANDO PROVEES
01 09:23:10:030 PLSQL: INICIANDO CARGA DE PROVEES EN  V10INTERIN_RDRP
01 09:23:10:031 PLSQL: ERROR CARGANDO PROVEES
01 09:33:10:037 PLSQL: INICIANDO CARGA DE PROVEES EN  V10INTERIN_RDRP
01 09:33:10:039 PLSQL: ERROR CARGANDO PROVEES
01 09:43:10:053 PLSQL: INICIANDO CARGA DE PROVEES EN  V10INTERIN_RDRP
01 09:43:10:054 PLSQL: ERROR CARGANDO PROVEES
01 09:53:10:059 PLSQL: INICIANDO CARGA DE PROVEES EN  V10INTERIN_RDRP
01 09:53:10:061 PLSQL: ERROR CARGANDO PROVEES
01 10:03:10:076 PLSQL: INICIANDO CARGA DE PROVEES EN  V10INTERIN_RDRP
01 10:03:10:078 PLSQL: ERROR CARGANDO PROVEES
01 10:13:10:088 PLSQL: INICIANDO CARGA DE PROVEES EN  V10INTERIN_RDRP
01 10:13:10:090 PLSQL: ERROR CARGANDO PROVEES
01 10:23:10:092 PLSQL: INICIANDO CARGA DE PROVEES EN  V10INTERIN_RDRP
01 10:23:10:094 PLSQL: ERROR CARGANDO PROVEES
01 10:33:10:096 PLSQL: INICIANDO CARGA DE PROVEES EN  V10INTERIN_RDRP
01 10:33:10:097 PLSQL: ERROR CARGANDO PROVEES
01 10:43:10:116 PLSQL: INICIANDO CARGA DE PROVEES EN  V10INTERIN_RDRP
01 10:43:10:117 PLSQL: ERROR CARGANDO PROVEES
01 10:53:10:130 PLSQL: INICIANDO CARGA DE PROVEES EN  V10INTERIN_RDRP
01 10:53:10:132 PLSQL: ERROR CARGANDO PROVEES
01 11:03:10:136 PLSQL: INICIANDO CARGA DE PROVEES EN  V10INTERIN_RDRP
01 11:03:10:137 PLSQL: ERROR CARGANDO PROVEES
01 11:28:30:052 PLSQL: INICIANDO CARGA DE PROVEES EN  V10INTERIN_RDRP
01 11:28:30:059 PLSQL: ERROR CARGANDO PROVEES
01 11:38:30:787 PLSQL: INICIANDO CARGA DE PROVEES EN  V10INTERIN_RDRP
01 11:38:30:788 PLSQL: ERROR CARGANDO PROVEES
01 11:48:30:801 PLSQL: INICIANDO CARGA DE PROVEES EN  V10INTERIN_RDRP
01 11:48:30:803 PLSQL: ERROR CARGANDO PROVEES
01 11:58:30:819 PLSQL: INICIANDO CARGA DE PROVEES EN  V10INTERIN_RDRP
01 11:58:30:820 PLSQL: ERROR CARGANDO PROVEES
01 12:08:30:822 PLSQL: INICIANDO CARGA DE PROVEES EN  V10INTERIN_RDRP
01 12:08:30:825 PLSQL: ERROR CARGANDO PROVEES
01 12:18:30:839 PLSQL: INICIANDO CARGA DE PROVEES EN  V10INTERIN_RDRP
01 12:18:30:841 PLSQL: ERROR CARGANDO PROVEES
01 12:28:30:856 PLSQL: INICIANDO CARGA DE PROVEES EN  V10INTERIN_RDRP
01 12:28:30:858 PLSQL: ERROR CARGANDO PROVEES
01 12:38:30:870 PLSQL: INICIANDO CARGA DE PROVEES EN  V10INTERIN_RDRP
01 12:38:30:873 PLSQL: ERROR CARGANDO PROVEES
01 12:48:30:885 PLSQL: INICIANDO CARGA DE PROVEES EN  V10INTERIN_RDRP
01 12:48:30:889 PLSQL: ERROR CARGANDO PROVEES
01 12:58:30:901 PLSQL: INICIANDO CARGA DE PROVEES EN  V10INTERIN_RDRP
01 12:58:30:902 PLSQL: ERROR CARGANDO PROVEES
01 13:08:30:907 PLSQL: INICIANDO CARGA DE PROVEES EN  V10INTERIN_RDRP
01 13:08:30:909 PLSQL: ERROR CARGANDO PROVEES
01 13:18:30:923 PLSQL: INICIANDO CARGA DE PROVEES EN  V10INTERIN_RDRP
01 13:18:30:925 PLSQL: ERROR CARGANDO PROVEES
01 13:28:30:938 PLSQL: INICIANDO CARGA DE PROVEES EN  V10INTERIN_RDRP
01 13:28:30:941 PLSQL: ERROR CARGANDO PROVEES
01 13:38:30:951 PLSQL: INICIANDO CARGA DE PROVEES EN  V10INTERIN_RDRP
01 13:38:30:953 PLSQL: ERROR CARGANDO PROVEES
01 13:48:30:957 PLSQL: INICIANDO CARGA DE PROVEES EN  V10INTERIN_RDRP
01 13:48:30:959 PLSQL: ERROR CARGANDO PROVEES

00 13:58:12:295 Fichero de log cerrado.

00 13:58:12:385 Fichero de log abierto PID 11688

02 13:58:12:387 Intentando abrir fichero v10.ini
02 13:58:12:392 Cargando driver v10oracle funcion damedriveroracle
02 13:58:12:974 Conectado a base de datos
02 13:58:12:977 Proceso CARGA_PROVEES encontrado en tabla VDPROCESOS
02 13:58:12:977 Proceso CARGA_PROVEES cargado con función procesoperiodico (Librería VDKERNEL.DLL) direccion 6FFE2D10
02 13:58:12:980 PLSQL: INICIALIZADO PAQUETE DE LOG EL DIA 18-03-2022
02 13:58:12:995 Actualizado SID 507 SERIAL 43894 del proceso con PID 11688
02 13:58:12:997 Analizado cursor CCARGAPROVEES
02 13:58:12:997 Leidos 1 cursores
01 13:58:12:998 PLSQL: INICIANDO CARGA DE PROVEES EN  V10INTERIN_RDRP
01 13:58:13:000 PLSQL: ERROR CARGANDO PROVEES

00 13:59:55:957 Fichero de log cerrado.

