00 10:16:34:658 Fichero de log abierto PID 13024

02 10:16:34:661 Intentando abrir fichero v10.ini
02 10:16:34:666 Cargando driver v10oracle funcion damedriveroracle
02 10:16:35:203 Conectado a base de datos
02 10:16:35:205 Proceso CARGA_PEDIDOS encontrado en tabla VDPROCESOS
02 10:16:35:207 Proceso CARGA_PEDIDOS cargado con función procesoperiodico (Librería VDKERNEL.DLL) direccion 705E2D10
02 10:16:35:209 PLSQL: INICIALIZADO PAQUETE DE LOG EL DIA 30-03-2022
02 10:16:35:217 Actualizado SID 633 SERIAL 59801 del proceso con PID 13024
02 10:16:35:391 Analizado cursor CCARGAPEDIDOS
02 10:16:35:392 Leidos 1 cursores
01 10:16:35:393 PLSQL: INICIANDO CARGA DE PEDIDOS EN  V10INTERIN_RDRP
01 10:16:35:396 PLSQL: ERROR CARGANDO PEDIDOS
01 10:21:35:403 PLSQL: INICIANDO CARGA DE PEDIDOS EN  V10INTERIN_RDRP
01 10:21:35:405 PLSQL: ERROR CARGANDO PEDIDOS
01 10:26:35:411 PLSQL: INICIANDO CARGA DE PEDIDOS EN  V10INTERIN_RDRP
01 10:26:35:414 PLSQL: ERROR CARGANDO PEDIDOS
01 10:31:33:990 PLSQL: INICIANDO CARGA DE PEDIDOS EN  V10INTERIN_RDRP
01 10:31:33:993 PLSQL: ERROR CARGANDO PEDIDOS
01 10:36:34:002 PLSQL: INICIANDO CARGA DE PEDIDOS EN  V10INTERIN_RDRP
01 10:36:34:002 PLSQL: ERROR CARGANDO PEDIDOS
01 10:41:34:022 PLSQL: INICIANDO CARGA DE PEDIDOS EN  V10INTERIN_RDRP
01 10:41:34:024 PLSQL: ERROR CARGANDO PEDIDOS
01 10:46:34:036 PLSQL: INICIANDO CARGA DE PEDIDOS EN  V10INTERIN_RDRP
01 10:46:34:037 PLSQL: ERROR CARGANDO PEDIDOS
01 10:51:34:043 PLSQL: INICIANDO CARGA DE PEDIDOS EN  V10INTERIN_RDRP
01 10:51:34:046 PLSQL: ERROR CARGANDO PEDIDOS
01 10:56:34:063 PLSQL: INICIANDO CARGA DE PEDIDOS EN  V10INTERIN_RDRP
01 10:56:34:067 PLSQL: ERROR CARGANDO PEDIDOS
01 11:15:31:603 PLSQL: INICIANDO CARGA DE PEDIDOS EN  V10INTERIN_RDRP
01 11:15:31:608 PLSQL: ERROR CARGANDO PEDIDOS
01 11:20:32:286 PLSQL: INICIANDO CARGA DE PEDIDOS EN  V10INTERIN_RDRP
01 11:20:32:290 PLSQL: ERROR CARGANDO PEDIDOS
01 11:25:32:300 PLSQL: INICIANDO CARGA DE PEDIDOS EN  V10INTERIN_RDRP
01 11:25:32:304 PLSQL: ERROR CARGANDO PEDIDOS
01 11:30:32:316 PLSQL: INICIANDO CARGA DE PEDIDOS EN  V10INTERIN_RDRP
01 11:30:32:321 PLSQL: ERROR CARGANDO PEDIDOS
01 11:35:32:334 PLSQL: INICIANDO CARGA DE PEDIDOS EN  V10INTERIN_RDRP
01 11:35:32:335 PLSQL: ERROR CARGANDO PEDIDOS
01 11:40:32:351 PLSQL: INICIANDO CARGA DE PEDIDOS EN  V10INTERIN_RDRP
01 11:40:32:354 PLSQL: ERROR CARGANDO PEDIDOS
01 11:45:32:372 PLSQL: INICIANDO CARGA DE PEDIDOS EN  V10INTERIN_RDRP
01 11:45:32:376 PLSQL: ERROR CARGANDO PEDIDOS
01 11:50:32:393 PLSQL: INICIANDO CARGA DE PEDIDOS EN  V10INTERIN_RDRP
01 11:50:32:394 PLSQL: ERROR CARGANDO PEDIDOS
01 11:55:32:408 PLSQL: INICIANDO CARGA DE PEDIDOS EN  V10INTERIN_RDRP
01 11:55:32:411 PLSQL: ERROR CARGANDO PEDIDOS
01 12:00:32:417 PLSQL: INICIANDO CARGA DE PEDIDOS EN  V10INTERIN_RDRP
01 12:00:32:418 PLSQL: ERROR CARGANDO PEDIDOS
01 12:05:32:423 PLSQL: INICIANDO CARGA DE PEDIDOS EN  V10INTERIN_RDRP
01 12:05:32:425 PLSQL: ERROR CARGANDO PEDIDOS
01 12:10:32:430 PLSQL: INICIANDO CARGA DE PEDIDOS EN  V10INTERIN_RDRP
01 12:10:32:434 PLSQL: ERROR CARGANDO PEDIDOS
01 12:15:32:445 PLSQL: INICIANDO CARGA DE PEDIDOS EN  V10INTERIN_RDRP
01 12:15:32:446 PLSQL: ERROR CARGANDO PEDIDOS
01 12:20:32:456 PLSQL: INICIANDO CARGA DE PEDIDOS EN  V10INTERIN_RDRP
01 12:20:32:459 PLSQL: ERROR CARGANDO PEDIDOS
01 12:25:32:475 PLSQL: INICIANDO CARGA DE PEDIDOS EN  V10INTERIN_RDRP
01 12:25:32:478 PLSQL: ERROR CARGANDO PEDIDOS
01 12:30:32:495 PLSQL: INICIANDO CARGA DE PEDIDOS EN  V10INTERIN_RDRP
01 12:30:32:497 PLSQL: ERROR CARGANDO PEDIDOS
01 12:35:32:509 PLSQL: INICIANDO CARGA DE PEDIDOS EN  V10INTERIN_RDRP
01 12:35:32:513 PLSQL: ERROR CARGANDO PEDIDOS
01 12:40:32:517 PLSQL: INICIANDO CARGA DE PEDIDOS EN  V10INTERIN_RDRP
01 12:40:32:518 PLSQL: ERROR CARGANDO PEDIDOS
01 12:45:32:527 PLSQL: INICIANDO CARGA DE PEDIDOS EN  V10INTERIN_RDRP
01 12:45:32:529 PLSQL: ERROR CARGANDO PEDIDOS
01 12:50:32:546 PLSQL: INICIANDO CARGA DE PEDIDOS EN  V10INTERIN_RDRP
01 12:50:32:548 PLSQL: ERROR CARGANDO PEDIDOS
01 12:55:32:565 PLSQL: INICIANDO CARGA DE PEDIDOS EN  V10INTERIN_RDRP
01 12:55:32:567 PLSQL: ERROR CARGANDO PEDIDOS
01 13:00:32:575 PLSQL: INICIANDO CARGA DE PEDIDOS EN  V10INTERIN_RDRP
01 13:00:32:578 PLSQL: ERROR CARGANDO PEDIDOS
01 13:05:32:593 PLSQL: INICIANDO CARGA DE PEDIDOS EN  V10INTERIN_RDRP
01 13:05:32:595 PLSQL: ERROR CARGANDO PEDIDOS
01 13:10:32:610 PLSQL: INICIANDO CARGA DE PEDIDOS EN  V10INTERIN_RDRP
01 13:10:32:611 PLSQL: ERROR CARGANDO PEDIDOS
01 13:15:32:622 PLSQL: INICIANDO CARGA DE PEDIDOS EN  V10INTERIN_RDRP
01 13:15:32:623 PLSQL: ERROR CARGANDO PEDIDOS
01 13:20:32:639 PLSQL: INICIANDO CARGA DE PEDIDOS EN  V10INTERIN_RDRP
01 13:20:32:641 PLSQL: ERROR CARGANDO PEDIDOS
01 13:25:32:656 PLSQL: INICIANDO CARGA DE PEDIDOS EN  V10INTERIN_RDRP
01 13:25:32:659 PLSQL: ERROR CARGANDO PEDIDOS
01 13:30:32:676 PLSQL: INICIANDO CARGA DE PEDIDOS EN  V10INTERIN_RDRP
01 13:30:32:677 PLSQL: ERROR CARGANDO PEDIDOS
01 13:35:32:680 PLSQL: INICIANDO CARGA DE PEDIDOS EN  V10INTERIN_RDRP
01 13:35:32:680 PLSQL: ERROR CARGANDO PEDIDOS
01 13:40:32:689 PLSQL: INICIANDO CARGA DE PEDIDOS EN  V10INTERIN_RDRP
01 13:40:32:691 PLSQL: ERROR CARGANDO PEDIDOS

00 13:42:33:554 Fichero de log cerrado.

00 13:42:39:860 Fichero de log abierto PID 9384

02 13:42:39:862 Intentando abrir fichero v10.ini
02 13:42:39:869 Cargando driver v10oracle funcion damedriveroracle
02 13:42:40:597 Conectado a base de datos
02 13:42:40:599 Proceso CARGA_PEDIDOS encontrado en tabla VDPROCESOS
02 13:42:40:599 Proceso CARGA_PEDIDOS cargado con función procesoperiodico (Librería VDKERNEL.DLL) direccion 705E2D10
02 13:42:40:602 PLSQL: INICIALIZADO PAQUETE DE LOG EL DIA 30-03-2022
02 13:42:40:612 Actualizado SID 506 SERIAL 27447 del proceso con PID 9384
02 13:42:40:612 Analizado cursor CCARGAPEDIDOS
02 13:42:40:612 Leidos 1 cursores
01 13:42:40:613 PLSQL: INICIANDO CARGA DE PEDIDOS EN  V10INTERIN_RDRP
01 13:42:40:616 PLSQL: ERROR CARGANDO PEDIDOS
01 13:47:40:622 PLSQL: INICIANDO CARGA DE PEDIDOS EN  V10INTERIN_RDRP
01 13:47:40:624 PLSQL: ERROR CARGANDO PEDIDOS
01 13:52:40:632 PLSQL: INICIANDO CARGA DE PEDIDOS EN  V10INTERIN_RDRP
01 13:52:40:633 PLSQL: ERROR CARGANDO PEDIDOS
01 13:57:40:646 PLSQL: INICIANDO CARGA DE PEDIDOS EN  V10INTERIN_RDRP
01 13:57:40:647 PLSQL: ERROR CARGANDO PEDIDOS
01 14:02:40:651 PLSQL: INICIANDO CARGA DE PEDIDOS EN  V10INTERIN_RDRP
01 14:02:40:655 PLSQL: ERROR CARGANDO PEDIDOS
01 14:07:40:673 PLSQL: INICIANDO CARGA DE PEDIDOS EN  V10INTERIN_RDRP
01 14:07:40:674 PLSQL: ERROR CARGANDO PEDIDOS
01 14:12:40:690 PLSQL: INICIANDO CARGA DE PEDIDOS EN  V10INTERIN_RDRP
01 14:12:40:692 PLSQL: ERROR CARGANDO PEDIDOS
01 14:17:40:705 PLSQL: INICIANDO CARGA DE PEDIDOS EN  V10INTERIN_RDRP
01 14:17:40:707 PLSQL: ERROR CARGANDO PEDIDOS
01 14:22:40:720 PLSQL: INICIANDO CARGA DE PEDIDOS EN  V10INTERIN_RDRP
01 14:22:40:721 PLSQL: ERROR CARGANDO PEDIDOS
01 15:17:58:021 PLSQL: INICIANDO CARGA DE PEDIDOS EN  V10INTERIN_RDRP
01 15:17:58:024 PLSQL: ERROR CARGANDO PEDIDOS

00 15:19:56:207 Fichero de log cerrado.

00 15:19:59:995 Fichero de log abierto PID 1600

02 15:20:00:027 Intentando abrir fichero v10.ini
02 15:20:00:035 Cargando driver v10oracle funcion damedriveroracle
02 15:20:01:075 Conectado a base de datos
02 15:20:01:077 Proceso CARGA_PEDIDOS encontrado en tabla VDPROCESOS
02 15:20:01:077 Proceso CARGA_PEDIDOS cargado con función procesoperiodico (Librería VDKERNEL.DLL) direccion 705E2D10
02 15:20:01:080 PLSQL: INICIALIZADO PAQUETE DE LOG EL DIA 30-03-2022
02 15:20:01:090 Actualizado SID 135 SERIAL 61128 del proceso con PID 1600
02 15:20:01:090 Analizado cursor CCARGAPEDIDOS
02 15:20:01:090 Leidos 1 cursores
01 15:20:01:092 PLSQL: INICIANDO CARGA DE PEDIDOS EN  V10INTERIN_RDRP
01 15:20:01:093 PLSQL: ERROR CARGANDO PEDIDOS
01 15:25:01:109 PLSQL: INICIANDO CARGA DE PEDIDOS EN  V10INTERIN_RDRP
01 15:25:01:113 PLSQL: ERROR CARGANDO PEDIDOS
01 15:30:01:129 PLSQL: INICIANDO CARGA DE PEDIDOS EN  V10INTERIN_RDRP
01 15:30:01:131 PLSQL: ERROR CARGANDO PEDIDOS
01 15:35:01:143 PLSQL: INICIANDO CARGA DE PEDIDOS EN  V10INTERIN_RDRP
01 15:35:01:144 PLSQL: ERROR CARGANDO PEDIDOS
01 15:40:01:148 PLSQL: INICIANDO CARGA DE PEDIDOS EN  V10INTERIN_RDRP
01 15:40:01:149 PLSQL: ERROR CARGANDO PEDIDOS
01 15:45:01:162 PLSQL: INICIANDO CARGA DE PEDIDOS EN  V10INTERIN_RDRP
01 15:45:01:163 PLSQL: ERROR CARGANDO PEDIDOS
01 15:50:01:171 PLSQL: INICIANDO CARGA DE PEDIDOS EN  V10INTERIN_RDRP
01 15:50:01:172 PLSQL: ERROR CARGANDO PEDIDOS
01 15:55:01:183 PLSQL: INICIANDO CARGA DE PEDIDOS EN  V10INTERIN_RDRP
01 15:55:01:186 PLSQL: ERROR CARGANDO PEDIDOS
01 16:00:01:196 PLSQL: INICIANDO CARGA DE PEDIDOS EN  V10INTERIN_RDRP
01 16:00:01:197 PLSQL: ERROR CARGANDO PEDIDOS
01 16:05:01:201 PLSQL: INICIANDO CARGA DE PEDIDOS EN  V10INTERIN_RDRP
01 16:05:01:202 PLSQL: ERROR CARGANDO PEDIDOS

00 16:07:52:437 Fichero de log cerrado.

00 16:08:00:165 Fichero de log abierto PID 18628

02 16:08:00:170 Intentando abrir fichero v10.ini
02 16:08:00:185 Cargando driver v10oracle funcion damedriveroracle
02 16:08:02:410 Conectado a base de datos
02 16:08:02:415 Proceso CARGA_PEDIDOS encontrado en tabla VDPROCESOS
02 16:08:02:417 Proceso CARGA_PEDIDOS cargado con función procesoperiodico (Librería VDKERNEL.DLL) direccion 705E2D10
02 16:08:02:424 PLSQL: INICIALIZADO PAQUETE DE LOG EL DIA 30-03-2022
02 16:08:02:452 Actualizado SID 862 SERIAL 28951 del proceso con PID 18628
02 16:08:02:455 Analizado cursor CCARGAPEDIDOS
02 16:08:02:455 Leidos 1 cursores
01 16:08:02:458 PLSQL: INICIANDO CARGA DE PEDIDOS EN  V10INTERIN_RDRP
01 16:08:02:463 PLSQL: ERROR CARGANDO PEDIDOS
01 16:13:02:476 PLSQL: INICIANDO CARGA DE PEDIDOS EN  V10INTERIN_RDRP
01 16:13:02:477 PLSQL: ERROR CARGANDO PEDIDOS
01 16:18:02:484 PLSQL: INICIANDO CARGA DE PEDIDOS EN  V10INTERIN_RDRP
01 16:18:02:485 PLSQL: ERROR CARGANDO PEDIDOS
01 16:23:02:488 PLSQL: INICIANDO CARGA DE PEDIDOS EN  V10INTERIN_RDRP
01 16:23:02:489 PLSQL: ERROR CARGANDO PEDIDOS
01 16:28:02:503 PLSQL: INICIANDO CARGA DE PEDIDOS EN  V10INTERIN_RDRP
01 16:28:02:504 PLSQL: ERROR CARGANDO PEDIDOS
01 16:33:02:515 PLSQL: INICIANDO CARGA DE PEDIDOS EN  V10INTERIN_RDRP
01 16:33:02:517 PLSQL: ERROR CARGANDO PEDIDOS
01 16:38:02:523 PLSQL: INICIANDO CARGA DE PEDIDOS EN  V10INTERIN_RDRP
01 16:38:02:524 PLSQL: ERROR CARGANDO PEDIDOS
01 16:43:02:531 PLSQL: INICIANDO CARGA DE PEDIDOS EN  V10INTERIN_RDRP
01 16:43:02:533 PLSQL: ERROR CARGANDO PEDIDOS
01 16:48:02:546 PLSQL: INICIANDO CARGA DE PEDIDOS EN  V10INTERIN_RDRP
01 16:48:02:547 PLSQL: ERROR CARGANDO PEDIDOS
01 16:53:02:555 PLSQL: INICIANDO CARGA DE PEDIDOS EN  V10INTERIN_RDRP
01 16:53:02:557 PLSQL: ERROR CARGANDO PEDIDOS
01 16:58:02:563 PLSQL: INICIANDO CARGA DE PEDIDOS EN  V10INTERIN_RDRP
01 16:58:02:567 PLSQL: ERROR CARGANDO PEDIDOS
01 17:03:02:578 PLSQL: INICIANDO CARGA DE PEDIDOS EN  V10INTERIN_RDRP
01 17:03:02:580 PLSQL: ERROR CARGANDO PEDIDOS
01 17:08:02:590 PLSQL: INICIANDO CARGA DE PEDIDOS EN  V10INTERIN_RDRP
01 17:08:02:591 PLSQL: ERROR CARGANDO PEDIDOS
01 17:13:02:600 PLSQL: INICIANDO CARGA DE PEDIDOS EN  V10INTERIN_RDRP
01 17:13:02:602 PLSQL: ERROR CARGANDO PEDIDOS

00 17:18:02:695 Fichero de log cerrado.

00 17:18:06:380 Fichero de log abierto PID 13980

02 17:18:06:385 Intentando abrir fichero v10.ini
02 17:18:06:397 Cargando driver v10oracle funcion damedriveroracle
02 17:18:07:917 Conectado a base de datos
02 17:18:08:105 Proceso CARGA_PEDIDOS encontrado en tabla VDPROCESOS
02 17:18:08:107 Proceso CARGA_PEDIDOS cargado con función procesoperiodico (Librería VDKERNEL.DLL) direccion 705E2D10
02 17:18:08:114 PLSQL: INICIALIZADO PAQUETE DE LOG EL DIA 30-03-2022
02 17:18:08:162 Actualizado SID 631 SERIAL 59264 del proceso con PID 13980
02 17:18:08:165 Analizado cursor CCARGAPEDIDOS
02 17:18:08:165 Leidos 1 cursores
01 17:18:08:167 PLSQL: INICIANDO CARGA DE PEDIDOS EN  V10INTERIN_RDRP
01 17:18:08:173 PLSQL: ERROR CARGANDO PEDIDOS
01 17:23:08:189 PLSQL: INICIANDO CARGA DE PEDIDOS EN  V10INTERIN_RDRP
01 17:23:08:191 PLSQL: ERROR CARGANDO PEDIDOS
01 17:28:08:195 PLSQL: INICIANDO CARGA DE PEDIDOS EN  V10INTERIN_RDRP
01 17:28:08:197 PLSQL: ERROR CARGANDO PEDIDOS
01 17:33:08:206 PLSQL: INICIANDO CARGA DE PEDIDOS EN  V10INTERIN_RDRP
01 17:33:08:207 PLSQL: ERROR CARGANDO PEDIDOS
01 17:38:08:218 PLSQL: INICIANDO CARGA DE PEDIDOS EN  V10INTERIN_RDRP
01 17:38:08:219 PLSQL: ERROR CARGANDO PEDIDOS
01 17:43:08:230 PLSQL: INICIANDO CARGA DE PEDIDOS EN  V10INTERIN_RDRP
01 17:43:08:231 PLSQL: ERROR CARGANDO PEDIDOS
01 17:48:08:247 PLSQL: INICIANDO CARGA DE PEDIDOS EN  V10INTERIN_RDRP
01 17:48:08:249 PLSQL: ERROR CARGANDO PEDIDOS
01 17:53:08:266 PLSQL: INICIANDO CARGA DE PEDIDOS EN  V10INTERIN_RDRP
01 17:53:08:270 PLSQL: ERROR CARGANDO PEDIDOS
01 17:58:08:281 PLSQL: INICIANDO CARGA DE PEDIDOS EN  V10INTERIN_RDRP
01 17:58:08:283 PLSQL: ERROR CARGANDO PEDIDOS

00 17:59:17:455 Fichero de log cerrado.

