00 09:22:31:526 Fichero de log abierto PID 2748

02 09:22:31:527 Intentando abrir fichero v10.ini
02 09:22:31:531 Cargando driver v10oracle funcion damedriveroracle
02 09:22:31:913 Conectado a base de datos
02 09:22:31:916 Proceso CARGA_CLIENTES encontrado en tabla VDPROCESOS
02 09:22:31:916 Proceso CARGA_CLIENTES cargado con función procesoperiodico (Librería VDKERNEL.DLL) direccion 67BB2D10
02 09:22:31:919 PLSQL: INICIALIZADO PAQUETE DE LOG EL DIA 01-07-2022
02 09:22:31:927 Actualizado SID 261 SERIAL 6641 del proceso con PID 2748
02 09:22:32:227 Analizado cursor CCARGACLIENTES
02 09:22:32:228 Leidos 1 cursores
01 09:22:32:230 PLSQL: INICIANDO CARGA DE CLIENTES EN  V10INTERIN_RDRP
01 09:22:32:232 PLSQL: ERROR CARGANDO CLIENTES
01 09:32:32:238 PLSQL: INICIANDO CARGA DE CLIENTES EN  V10INTERIN_RDRP
01 09:32:32:238 PLSQL: ERROR CARGANDO CLIENTES
01 09:42:32:246 PLSQL: INICIANDO CARGA DE CLIENTES EN  V10INTERIN_RDRP
01 09:42:32:247 PLSQL: ERROR CARGANDO CLIENTES
01 09:52:32:261 PLSQL: INICIANDO CARGA DE CLIENTES EN  V10INTERIN_RDRP
01 09:52:32:261 PLSQL: ERROR CARGANDO CLIENTES
01 10:02:32:274 PLSQL: INICIANDO CARGA DE CLIENTES EN  V10INTERIN_RDRP
01 10:02:32:274 PLSQL: ERROR CARGANDO CLIENTES
01 10:12:32:282 PLSQL: INICIANDO CARGA DE CLIENTES EN  V10INTERIN_RDRP
01 10:12:32:282 PLSQL: ERROR CARGANDO CLIENTES
01 10:22:32:287 PLSQL: INICIANDO CARGA DE CLIENTES EN  V10INTERIN_RDRP
01 10:22:32:287 PLSQL: ERROR CARGANDO CLIENTES
01 10:32:32:299 PLSQL: INICIANDO CARGA DE CLIENTES EN  V10INTERIN_RDRP
01 10:32:32:299 PLSQL: ERROR CARGANDO CLIENTES
01 10:42:32:315 PLSQL: INICIANDO CARGA DE CLIENTES EN  V10INTERIN_RDRP
01 10:42:32:315 PLSQL: ERROR CARGANDO CLIENTES
01 10:52:32:335 PLSQL: INICIANDO CARGA DE CLIENTES EN  V10INTERIN_RDRP
01 10:52:32:335 PLSQL: ERROR CARGANDO CLIENTES
01 11:02:32:348 PLSQL: INICIANDO CARGA DE CLIENTES EN  V10INTERIN_RDRP
01 11:02:32:349 PLSQL: ERROR CARGANDO CLIENTES
01 11:12:32:356 PLSQL: INICIANDO CARGA DE CLIENTES EN  V10INTERIN_RDRP
01 11:12:32:356 PLSQL: ERROR CARGANDO CLIENTES
01 11:34:23:187 PLSQL: INICIANDO CARGA DE CLIENTES EN  V10INTERIN_RDRP
01 11:34:23:187 PLSQL: ERROR CARGANDO CLIENTES
01 11:44:23:207 PLSQL: INICIANDO CARGA DE CLIENTES EN  V10INTERIN_RDRP
01 11:44:23:232 PLSQL: ERROR CARGANDO CLIENTES
01 11:54:23:248 PLSQL: INICIANDO CARGA DE CLIENTES EN  V10INTERIN_RDRP
01 11:54:23:250 PLSQL: ERROR CARGANDO CLIENTES
01 12:04:23:275 PLSQL: INICIANDO CARGA DE CLIENTES EN  V10INTERIN_RDRP
01 12:04:23:308 PLSQL: ERROR CARGANDO CLIENTES
01 12:14:23:318 PLSQL: INICIANDO CARGA DE CLIENTES EN  V10INTERIN_RDRP
01 12:14:23:335 PLSQL: ERROR CARGANDO CLIENTES
01 12:24:23:344 PLSQL: INICIANDO CARGA DE CLIENTES EN  V10INTERIN_RDRP
01 12:24:23:345 PLSQL: ERROR CARGANDO CLIENTES
01 12:34:23:364 PLSQL: INICIANDO CARGA DE CLIENTES EN  V10INTERIN_RDRP
01 12:34:23:364 PLSQL: ERROR CARGANDO CLIENTES
01 12:44:23:380 PLSQL: INICIANDO CARGA DE CLIENTES EN  V10INTERIN_RDRP
01 12:44:23:381 PLSQL: ERROR CARGANDO CLIENTES
01 12:54:23:384 PLSQL: INICIANDO CARGA DE CLIENTES EN  V10INTERIN_RDRP
01 12:54:23:384 PLSQL: ERROR CARGANDO CLIENTES
01 13:04:23:396 PLSQL: INICIANDO CARGA DE CLIENTES EN  V10INTERIN_RDRP
01 13:04:23:398 PLSQL: ERROR CARGANDO CLIENTES

00 13:10:20:349 Fichero de log cerrado.

