00 09:08:32:917 Fichero de log abierto PID 14956

02 09:08:32:918 Intentando abrir fichero v10.ini
02 09:08:32:926 Cargando driver v10oracle funcion damedriveroracle
02 09:08:33:293 Conectado a base de datos
02 09:08:33:296 Proceso SMTP encontrado en tabla VDPROCESOS
02 09:08:33:297 Proceso SMTP cargado con función vdprocesacorreosst (Librería VDKERNEL.DLL) direccion 6E78F4D0
02 09:08:33:299 PLSQL: INICIALIZADO PAQUETE DE LOG EL DIA 01-04-2022
02 09:08:33:308 Actualizado SID 752 SERIAL 57042 del proceso con PID 14956

00 10:41:41:258 Fichero de log cerrado.

00 10:42:00:275 Fichero de log abierto PID 3716

02 10:42:00:277 Intentando abrir fichero v10.ini
02 10:42:00:285 Cargando driver v10oracle funcion damedriveroracle
02 10:42:01:312 Conectado a base de datos
02 10:42:01:316 Proceso SMTP encontrado en tabla VDPROCESOS
02 10:42:01:317 Proceso SMTP cargado con función vdprocesacorreosst (Librería VDKERNEL.DLL) direccion 6E78F4D0
02 10:42:01:319 PLSQL: INICIALIZADO PAQUETE DE LOG EL DIA 01-04-2022
02 10:42:01:330 Actualizado SID 383 SERIAL 46961 del proceso con PID 3716

00 12:15:10:325 Fichero de log cerrado.

00 12:15:18:617 Fichero de log abierto PID 12492

02 12:15:18:620 Intentando abrir fichero v10.ini
02 12:15:18:630 Cargando driver v10oracle funcion damedriveroracle
02 12:15:19:184 Conectado a base de datos
02 12:15:19:187 Proceso SMTP encontrado en tabla VDPROCESOS
02 12:15:19:187 Proceso SMTP cargado con función vdprocesacorreosst (Librería VDKERNEL.DLL) direccion 6E78F4D0
02 12:15:19:189 PLSQL: INICIALIZADO PAQUETE DE LOG EL DIA 01-04-2022
02 12:15:19:200 Actualizado SID 14 SERIAL 2311 del proceso con PID 12492

00 13:10:54:649 Fichero de log cerrado.

00 13:11:06:650 Fichero de log abierto PID 3384

02 13:11:06:652 Intentando abrir fichero v10.ini
02 13:11:06:659 Cargando driver v10oracle funcion damedriveroracle
02 13:11:07:697 Conectado a base de datos
02 13:11:07:699 Proceso SMTP encontrado en tabla VDPROCESOS
02 13:11:07:700 Proceso SMTP cargado con función vdprocesacorreosst (Librería VDKERNEL.DLL) direccion 6E78F4D0
02 13:11:07:701 PLSQL: INICIALIZADO PAQUETE DE LOG EL DIA 01-04-2022
02 13:11:07:712 Actualizado SID 389 SERIAL 43609 del proceso con PID 3384

00 13:31:06:350 Fichero de log cerrado.

00 13:31:13:340 Fichero de log abierto PID 16256

02 13:31:13:345 Intentando abrir fichero v10.ini
02 13:31:13:354 Cargando driver v10oracle funcion damedriveroracle
02 13:31:14:197 Conectado a base de datos
02 13:31:14:200 Proceso SMTP encontrado en tabla VDPROCESOS
02 13:31:14:200 Proceso SMTP cargado con función vdprocesacorreosst (Librería VDKERNEL.DLL) direccion 6E78F4D0
02 13:31:14:204 PLSQL: INICIALIZADO PAQUETE DE LOG EL DIA 01-04-2022
02 13:31:14:215 Actualizado SID 130 SERIAL 36129 del proceso con PID 16256

00 13:39:34:107 Fichero de log cerrado.

00 13:39:47:784 Fichero de log abierto PID 4568

02 13:39:47:785 Intentando abrir fichero v10.ini
02 13:39:47:792 Cargando driver v10oracle funcion damedriveroracle
02 13:39:48:697 Conectado a base de datos
02 13:39:48:700 Proceso SMTP encontrado en tabla VDPROCESOS
02 13:39:48:700 Proceso SMTP cargado con función vdprocesacorreosst (Librería VDKERNEL.DLL) direccion 6E78F4D0
02 13:39:48:703 PLSQL: INICIALIZADO PAQUETE DE LOG EL DIA 01-04-2022
02 13:39:48:717 Actualizado SID 10 SERIAL 65265 del proceso con PID 4568

00 13:41:22:215 Fichero de log cerrado.

00 13:41:28:967 Fichero de log abierto PID 17172

02 13:41:28:969 Intentando abrir fichero v10.ini
02 13:41:28:977 Cargando driver v10oracle funcion damedriveroracle
02 13:41:29:887 Conectado a base de datos
02 13:41:29:889 Proceso SMTP encontrado en tabla VDPROCESOS
02 13:41:29:889 Proceso SMTP cargado con función vdprocesacorreosst (Librería VDKERNEL.DLL) direccion 6E78F4D0
02 13:41:29:891 PLSQL: INICIALIZADO PAQUETE DE LOG EL DIA 01-04-2022
02 13:41:29:904 Actualizado SID 503 SERIAL 17690 del proceso con PID 17172

00 13:58:39:755 Fichero de log cerrado.

