00 11:54:47:075 Fichero de log abierto PID 7296

02 11:54:47:075 Intentando abrir fichero v10.ini
02 11:54:47:082 Cargando driver v10oracle funcion damedriveroracle
02 11:54:47:722 Conectado a base de datos
02 11:54:47:725 Proceso SMTP encontrado en tabla VDPROCESOS
02 11:54:47:725 Proceso SMTP cargado con función vdprocesacorreosst (Librería VDKERNEL.DLL) direccion 614BF4D0
02 11:54:47:728 PLSQL: INICIALIZADO PAQUETE DE LOG EL DIA 30-06-2022
02 11:54:47:737 Actualizado SID 633 SERIAL 58064 del proceso con PID 7296

00 12:04:30:227 Fichero de log cerrado.

00 12:04:42:537 Fichero de log abierto PID 9256

02 12:04:42:539 Intentando abrir fichero v10.ini
02 12:04:42:545 Cargando driver v10oracle funcion damedriveroracle
02 12:04:43:097 Conectado a base de datos
02 12:04:43:097 Proceso SMTP encontrado en tabla VDPROCESOS
02 12:04:43:099 Proceso SMTP cargado con función vdprocesacorreosst (Librería VDKERNEL.DLL) direccion 614BF4D0
02 12:04:43:100 PLSQL: INICIALIZADO PAQUETE DE LOG EL DIA 30-06-2022
02 12:04:43:110 Actualizado SID 508 SERIAL 64277 del proceso con PID 9256

00 12:05:30:412 Fichero de log cerrado.

00 12:07:06:157 Fichero de log abierto PID 2960

02 12:07:06:159 Intentando abrir fichero v10.ini
02 12:07:06:165 Cargando driver v10oracle funcion damedriveroracle
02 12:07:06:472 Conectado a base de datos
02 12:07:06:474 Proceso SMTP encontrado en tabla VDPROCESOS
02 12:07:06:475 Proceso SMTP cargado con función vdprocesacorreosst (Librería VDKERNEL.DLL) direccion 614BF4D0
02 12:07:06:476 PLSQL: INICIALIZADO PAQUETE DE LOG EL DIA 30-06-2022
02 12:07:06:515 Actualizado SID 756 SERIAL 59888 del proceso con PID 2960

00 13:58:50:670 Fichero de log cerrado.

00 13:59:07:287 Fichero de log abierto PID 280

02 13:59:07:289 Intentando abrir fichero v10.ini
02 13:59:07:295 Cargando driver v10oracle funcion damedriveroracle
02 13:59:08:097 Conectado a base de datos
02 13:59:08:100 Proceso SMTP encontrado en tabla VDPROCESOS
02 13:59:08:100 Proceso SMTP cargado con función vdprocesacorreosst (Librería VDKERNEL.DLL) direccion 614BF4D0
02 13:59:08:104 PLSQL: INICIALIZADO PAQUETE DE LOG EL DIA 30-06-2022
02 13:59:08:112 Actualizado SID 623 SERIAL 48977 del proceso con PID 280

00 17:31:35:259 Fichero de log cerrado.

00 17:31:47:860 Fichero de log abierto PID 8980

02 17:31:47:862 Intentando abrir fichero v10.ini
02 17:31:47:870 Cargando driver v10oracle funcion damedriveroracle
02 17:31:48:715 Conectado a base de datos
02 17:31:48:717 Proceso SMTP encontrado en tabla VDPROCESOS
02 17:31:48:719 Proceso SMTP cargado con función vdprocesacorreosst (Librería VDKERNEL.DLL) direccion 614BF4D0
02 17:31:48:720 PLSQL: INICIALIZADO PAQUETE DE LOG EL DIA 30-06-2022
02 17:31:48:730 Actualizado SID 501 SERIAL 52587 del proceso con PID 8980

00 17:46:21:449 Fichero de log cerrado.

00 17:46:33:452 Fichero de log abierto PID 12596

02 17:46:33:499 Intentando abrir fichero v10.ini
02 17:46:33:510 Cargando driver v10oracle funcion damedriveroracle
02 17:46:34:194 Conectado a base de datos
02 17:46:34:195 Proceso SMTP encontrado en tabla VDPROCESOS
02 17:46:34:195 Proceso SMTP cargado con función vdprocesacorreosst (Librería VDKERNEL.DLL) direccion 614BF4D0
02 17:46:34:198 PLSQL: INICIALIZADO PAQUETE DE LOG EL DIA 30-06-2022
02 17:46:34:207 Actualizado SID 865 SERIAL 3186 del proceso con PID 12596

00 17:49:57:490 Fichero de log cerrado.

00 17:51:14:734 Fichero de log abierto PID 14812

02 17:51:14:735 Intentando abrir fichero v10.ini
02 17:51:14:740 Cargando driver v10oracle funcion damedriveroracle
02 17:51:15:450 Conectado a base de datos
02 17:51:15:452 Proceso SMTP encontrado en tabla VDPROCESOS
02 17:51:15:452 Proceso SMTP cargado con función vdprocesacorreosst (Librería VDKERNEL.DLL) direccion 7003F4D0
02 17:51:15:455 PLSQL: INICIALIZADO PAQUETE DE LOG EL DIA 30-06-2022
02 17:51:15:464 Actualizado SID 378 SERIAL 54534 del proceso con PID 14812

00 17:52:14:352 Fichero de log cerrado.

