00 09:04:44:411 Fichero de log abierto PID 10144

02 09:04:44:422 Intentando abrir fichero v10.ini
02 09:04:44:436 Cargando driver v10oracle funcion damedriveroracle
02 09:04:45:395 Conectado a base de datos
02 09:04:45:397 Proceso SMTP encontrado en tabla VDPROCESOS
02 09:04:45:397 Proceso SMTP cargado con función vdprocesacorreosst (Librería VDKERNEL.DLL) direccion 6E68F4D0
02 09:04:45:399 PLSQL: INICIALIZADO PAQUETE DE LOG EL DIA 25-03-2022
02 09:04:45:407 Actualizado SID 9 SERIAL 27896 del proceso con PID 10144

00 09:37:54:911 Fichero de log cerrado.

00 09:38:19:778 Fichero de log abierto PID 8568

02 09:38:19:781 Intentando abrir fichero v10.ini
02 09:38:19:795 Cargando driver v10oracle funcion damedriveroracle
02 09:38:20:660 Conectado a base de datos
02 09:38:20:662 Proceso SMTP encontrado en tabla VDPROCESOS
02 09:38:20:662 Proceso SMTP cargado con función vdprocesacorreosst (Librería VDKERNEL.DLL) direccion 705EF4D0
02 09:38:20:664 PLSQL: INICIALIZADO PAQUETE DE LOG EL DIA 25-03-2022
02 09:38:20:675 Actualizado SID 875 SERIAL 57262 del proceso con PID 8568

00 12:57:00:262 Fichero de log cerrado.

00 12:57:20:384 Fichero de log abierto PID 9944

02 12:57:20:385 Intentando abrir fichero v10.ini
02 12:57:20:392 Cargando driver v10oracle funcion damedriveroracle
02 12:57:20:915 Conectado a base de datos
02 12:57:20:917 Proceso SMTP encontrado en tabla VDPROCESOS
02 12:57:20:919 Proceso SMTP cargado con función vdprocesacorreosst (Librería VDKERNEL.DLL) direccion 705EF4D0
02 12:57:20:921 PLSQL: INICIALIZADO PAQUETE DE LOG EL DIA 25-03-2022
02 12:57:20:934 Actualizado SID 143 SERIAL 25239 del proceso con PID 9944

00 13:58:46:912 Fichero de log cerrado.

