00 10:16:34:697 Fichero de log abierto PID 11764

02 10:16:34:698 Intentando abrir fichero v10.ini
02 10:16:34:703 Cargando driver v10oracle funcion damedriveroracle
02 10:16:35:032 Conectado a base de datos
02 10:16:35:033 Proceso SMTP encontrado en tabla VDPROCESOS
02 10:16:35:035 Proceso SMTP cargado con función vdprocesacorreosst (Librería VDKERNEL.DLL) direccion 705DF4D0
02 10:16:35:036 PLSQL: INICIALIZADO PAQUETE DE LOG EL DIA 30-03-2022
02 10:16:35:045 Actualizado SID 751 SERIAL 7479 del proceso con PID 11764

00 13:42:33:537 Fichero de log cerrado.

00 13:42:39:490 Fichero de log abierto PID 4540

02 13:42:39:494 Intentando abrir fichero v10.ini
02 13:42:39:500 Cargando driver v10oracle funcion damedriveroracle
02 13:42:40:355 Conectado a base de datos
02 13:42:40:355 Proceso SMTP encontrado en tabla VDPROCESOS
02 13:42:40:357 Proceso SMTP cargado con función vdprocesacorreosst (Librería VDKERNEL.DLL) direccion 705DF4D0
02 13:42:40:359 PLSQL: INICIALIZADO PAQUETE DE LOG EL DIA 30-03-2022
02 13:42:40:372 Actualizado SID 143 SERIAL 59137 del proceso con PID 4540

00 15:19:56:209 Fichero de log cerrado.

00 15:19:59:874 Fichero de log abierto PID 10964

02 15:19:59:877 Intentando abrir fichero v10.ini
02 15:19:59:885 Cargando driver v10oracle funcion damedriveroracle
02 15:20:00:702 Conectado a base de datos
02 15:20:00:705 Proceso SMTP encontrado en tabla VDPROCESOS
02 15:20:00:705 Proceso SMTP cargado con función vdprocesacorreosst (Librería VDKERNEL.DLL) direccion 705DF4D0
02 15:20:00:707 PLSQL: INICIALIZADO PAQUETE DE LOG EL DIA 30-03-2022
02 15:20:00:720 Actualizado SID 140 SERIAL 30777 del proceso con PID 10964

00 16:07:52:437 Fichero de log cerrado.

00 16:07:59:892 Fichero de log abierto PID 12272

02 16:07:59:892 Intentando abrir fichero v10.ini
02 16:07:59:900 Cargando driver v10oracle funcion damedriveroracle
02 16:08:01:707 Conectado a base de datos
02 16:08:01:712 Proceso SMTP encontrado en tabla VDPROCESOS
02 16:08:01:714 Proceso SMTP cargado con función vdprocesacorreosst (Librería VDKERNEL.DLL) direccion 705DF4D0
02 16:08:01:719 PLSQL: INICIALIZADO PAQUETE DE LOG EL DIA 30-03-2022
02 16:08:01:742 Actualizado SID 143 SERIAL 44544 del proceso con PID 12272

00 17:18:02:692 Fichero de log cerrado.

00 17:18:06:165 Fichero de log abierto PID 16536

02 17:18:06:169 Intentando abrir fichero v10.ini
02 17:18:06:177 Cargando driver v10oracle funcion damedriveroracle
02 17:18:07:865 Conectado a base de datos
02 17:18:07:872 Proceso SMTP encontrado en tabla VDPROCESOS
02 17:18:07:874 Proceso SMTP cargado con función vdprocesacorreosst (Librería VDKERNEL.DLL) direccion 705DF4D0
02 17:18:07:880 PLSQL: INICIALIZADO PAQUETE DE LOG EL DIA 30-03-2022
02 17:18:07:910 Actualizado SID 143 SERIAL 2775 del proceso con PID 16536

00 17:59:17:457 Fichero de log cerrado.

