00 09:09:35:133 Fichero de log abierto PID 8268

02 09:09:35:137 Intentando abrir fichero v10.ini
02 09:09:35:142 Cargando driver v10oracle funcion damedriveroracle
02 09:09:35:712 Conectado a base de datos
02 09:09:35:713 Proceso SMTP encontrado en tabla VDPROCESOS
02 09:09:35:715 Proceso SMTP cargado con función vdprocesacorreosst (Librería VDKERNEL.DLL) direccion 6FDFF4D0
02 09:09:35:717 PLSQL: INICIALIZADO PAQUETE DE LOG EL DIA 05-04-2022
02 09:09:35:727 Actualizado SID 509 SERIAL 50103 del proceso con PID 8268

00 09:57:03:187 Fichero de log cerrado.

00 09:57:16:031 Fichero de log abierto PID 9396

02 09:57:16:062 Intentando abrir fichero v10.ini
02 09:57:16:082 Cargando driver v10oracle funcion damedriveroracle
02 09:57:16:752 Conectado a base de datos
02 09:57:16:755 Proceso SMTP encontrado en tabla VDPROCESOS
02 09:57:16:755 Proceso SMTP cargado con función vdprocesacorreosst (Librería VDKERNEL.DLL) direccion 6FDFF4D0
02 09:57:16:757 PLSQL: INICIALIZADO PAQUETE DE LOG EL DIA 05-04-2022
02 09:57:16:771 Actualizado SID 753 SERIAL 4999 del proceso con PID 9396

00 10:01:40:407 Fichero de log cerrado.

00 10:03:38:163 Fichero de log abierto PID 9592

02 10:03:38:166 Intentando abrir fichero v10.ini
02 10:03:38:172 Cargando driver v10oracle funcion damedriveroracle
02 10:03:38:647 Conectado a base de datos
02 10:03:38:670 Proceso SMTP encontrado en tabla VDPROCESOS
02 10:03:38:671 Proceso SMTP cargado con función vdprocesacorreosst (Librería VDKERNEL.DLL) direccion 6E08F4D0
02 10:03:38:673 PLSQL: INICIALIZADO PAQUETE DE LOG EL DIA 05-04-2022
02 10:03:38:742 Actualizado SID 500 SERIAL 61691 del proceso con PID 9592

00 16:14:51:332 Fichero de log cerrado.

00 16:15:01:875 Fichero de log abierto PID 4932

02 16:15:01:877 Intentando abrir fichero v10.ini
02 16:15:01:885 Cargando driver v10oracle funcion damedriveroracle
02 16:15:02:690 Conectado a base de datos
02 16:15:02:695 Proceso SMTP encontrado en tabla VDPROCESOS
02 16:15:02:697 Proceso SMTP cargado con función vdprocesacorreosst (Librería VDKERNEL.DLL) direccion 6E08F4D0
02 16:15:02:701 PLSQL: INICIALIZADO PAQUETE DE LOG EL DIA 05-04-2022
02 16:15:02:722 Actualizado SID 748 SERIAL 22154 del proceso con PID 4932

00 17:58:46:505 Fichero de log cerrado.

