00 09:23:03:282 Fichero de log abierto PID 18320

02 09:23:03:290 Intentando abrir fichero v10.ini
02 09:23:03:298 Cargando driver v10oracle funcion damedriveroracle
02 09:23:04:247 Conectado a base de datos
02 09:23:04:248 Proceso SMTP encontrado en tabla VDPROCESOS
02 09:23:04:250 Proceso SMTP cargado con función vdprocesacorreosst (Librería VDKERNEL.DLL) direccion 7002F4D0
02 09:23:04:253 PLSQL: INICIALIZADO PAQUETE DE LOG EL DIA 05-07-2022
02 09:23:04:267 Actualizado SID 509 SERIAL 44520 del proceso con PID 18320

00 13:36:35:289 Fichero de log cerrado.

00 13:36:38:560 Fichero de log abierto PID 10140

02 13:36:38:562 Intentando abrir fichero v10.ini
02 13:36:38:572 Cargando driver v10oracle funcion damedriveroracle
02 13:36:39:230 Conectado a base de datos
02 13:36:39:234 Proceso SMTP encontrado en tabla VDPROCESOS
02 13:36:39:234 Proceso SMTP cargado con función vdprocesacorreosst (Librería VDKERNEL.DLL) direccion 7002F4D0
02 13:36:39:236 PLSQL: INICIALIZADO PAQUETE DE LOG EL DIA 05-07-2022
02 13:36:39:342 Actualizado SID 381 SERIAL 10345 del proceso con PID 10140

00 13:58:57:502 Fichero de log cerrado.

00 13:59:20:187 Fichero de log abierto PID 10280

02 13:59:20:189 Intentando abrir fichero v10.ini
02 13:59:20:197 Cargando driver v10oracle funcion damedriveroracle
02 13:59:21:052 Conectado a base de datos
02 13:59:21:054 Proceso SMTP encontrado en tabla VDPROCESOS
02 13:59:21:054 Proceso SMTP cargado con función vdprocesacorreosst (Librería VDKERNEL.DLL) direccion 7002F4D0
02 13:59:21:056 PLSQL: INICIALIZADO PAQUETE DE LOG EL DIA 05-07-2022
02 13:59:21:065 Actualizado SID 874 SERIAL 10441 del proceso con PID 10280

00 14:52:22:987 Fichero de log cerrado.

00 14:52:50:230 Fichero de log abierto PID 11844

02 14:52:50:234 Intentando abrir fichero v10.ini
02 14:52:50:239 Cargando driver v10oracle funcion damedriveroracle
02 14:52:50:629 Conectado a base de datos
02 14:52:50:632 Proceso SMTP encontrado en tabla VDPROCESOS
02 14:52:50:632 Proceso SMTP cargado con función vdprocesacorreosst (Librería VDKERNEL.DLL) direccion 7002F4D0
02 14:52:50:634 PLSQL: INICIALIZADO PAQUETE DE LOG EL DIA 05-07-2022
02 14:52:50:667 Actualizado SID 869 SERIAL 49196 del proceso con PID 11844

00 14:54:38:074 Fichero de log cerrado.

00 14:54:42:652 Fichero de log abierto PID 2484

02 14:54:42:655 Intentando abrir fichero v10.ini
02 14:54:42:662 Cargando driver v10oracle funcion damedriveroracle
02 14:54:43:650 Conectado a base de datos
02 14:54:43:652 Proceso SMTP encontrado en tabla VDPROCESOS
02 14:54:43:652 Proceso SMTP cargado con función vdprocesacorreosst (Librería VDKERNEL.DLL) direccion 7002F4D0
02 14:54:43:656 PLSQL: INICIALIZADO PAQUETE DE LOG EL DIA 05-07-2022
02 14:54:43:667 Actualizado SID 862 SERIAL 30863 del proceso con PID 2484

00 17:55:06:112 Fichero de log cerrado.

