00 14:47:31:579 Fichero de log abierto PID 6292

02 14:47:31:579 Intentando abrir fichero v10.ini
02 14:47:31:579 Cargando driver v10oracle funcion damedriveroracle
02 14:47:32:100 Conectado a base de datos
02 14:47:32:100 Proceso SMTP encontrado en tabla VDPROCESOS
02 14:47:32:100 Proceso SMTP cargado con función vdprocesacorreosst (Librería VDKERNEL.DLL) direccion 6267F4D0
02 14:47:32:101 PLSQL: INICIALIZADO PAQUETE DE LOG EL DIA 23-06-2022
02 14:47:32:140 Actualizado SID 875 SERIAL 9342 del proceso con PID 6292
00 16:16:47:462 Programa finaliza por Error Oracle Fatal 3135 en cursor
	SELPROVDPROCESOS

00 16:16:47:810 Fichero de log cerrado.

00 16:19:02:407 Fichero de log abierto PID 9808

02 16:19:02:409 Intentando abrir fichero v10.ini
02 16:19:02:424 Cargando driver v10oracle funcion damedriveroracle
02 16:19:03:137 Conectado a base de datos
02 16:19:03:139 Proceso SMTP encontrado en tabla VDPROCESOS
02 16:19:03:140 Proceso SMTP cargado con función vdprocesacorreosst (Librería VDKERNEL.DLL) direccion 6B97F4D0
02 16:19:03:141 PLSQL: INICIALIZADO PAQUETE DE LOG EL DIA 23-06-2022
02 16:19:03:149 Actualizado SID 389 SERIAL 21587 del proceso con PID 9808

00 16:36:14:754 Fichero de log cerrado.

00 16:37:29:497 Fichero de log abierto PID 12020

02 16:37:29:497 Intentando abrir fichero v10.ini
02 16:37:29:502 Cargando driver v10oracle funcion damedriveroracle
02 16:37:29:842 Conectado a base de datos
02 16:37:29:844 Proceso SMTP encontrado en tabla VDPROCESOS
02 16:37:29:845 Proceso SMTP cargado con función vdprocesacorreosst (Librería VDKERNEL.DLL) direccion 6B97F4D0
02 16:37:29:846 PLSQL: INICIALIZADO PAQUETE DE LOG EL DIA 23-06-2022
02 16:37:29:870 Actualizado SID 376 SERIAL 28119 del proceso con PID 12020

00 16:52:15:362 Fichero de log cerrado.

00 16:52:29:455 Fichero de log abierto PID 5708

02 16:52:29:457 Intentando abrir fichero v10.ini
02 16:52:29:460 Cargando driver v10oracle funcion damedriveroracle
02 16:52:29:977 Conectado a base de datos
02 16:52:29:977 Proceso SMTP encontrado en tabla VDPROCESOS
02 16:52:29:979 Proceso SMTP cargado con función vdprocesacorreosst (Librería VDKERNEL.DLL) direccion 6B97F4D0
02 16:52:29:981 PLSQL: INICIALIZADO PAQUETE DE LOG EL DIA 23-06-2022
02 16:52:29:989 Actualizado SID 388 SERIAL 2254 del proceso con PID 5708

00 17:06:53:495 Fichero de log cerrado.

00 17:07:20:690 Fichero de log abierto PID 12908

02 17:07:20:692 Intentando abrir fichero v10.ini
02 17:07:20:695 Cargando driver v10oracle funcion damedriveroracle
02 17:07:20:972 Conectado a base de datos
02 17:07:20:975 Proceso SMTP encontrado en tabla VDPROCESOS
02 17:07:20:975 Proceso SMTP cargado con función vdprocesacorreosst (Librería VDKERNEL.DLL) direccion 6B97F4D0
02 17:07:20:978 PLSQL: INICIALIZADO PAQUETE DE LOG EL DIA 23-06-2022
02 17:07:21:027 Actualizado SID 509 SERIAL 41755 del proceso con PID 12908

00 17:17:38:190 Fichero de log cerrado.

00 17:17:44:890 Fichero de log abierto PID 11068

02 17:17:44:890 Intentando abrir fichero v10.ini
02 17:17:44:895 Cargando driver v10oracle funcion damedriveroracle
02 17:17:45:347 Conectado a base de datos
02 17:17:45:349 Proceso SMTP encontrado en tabla VDPROCESOS
02 17:17:45:350 Proceso SMTP cargado con función vdprocesacorreosst (Librería VDKERNEL.DLL) direccion 6B97F4D0
02 17:17:45:351 PLSQL: INICIALIZADO PAQUETE DE LOG EL DIA 23-06-2022
02 17:17:45:402 Actualizado SID 388 SERIAL 2407 del proceso con PID 11068

00 17:45:44:532 Fichero de log cerrado.

