00 09:07:45:581 Fichero de log abierto PID 16320

02 09:07:45:582 Intentando abrir fichero v10.ini
02 09:07:45:587 Cargando driver v10oracle funcion damedriveroracle
02 09:07:46:240 Conectado a base de datos
02 09:07:46:241 Proceso SMTP encontrado en tabla VDPROCESOS
02 09:07:46:241 Proceso SMTP cargado con función vdprocesacorreosst (Librería VDKERNEL.DLL) direccion 705EF4D0
02 09:07:46:245 PLSQL: INICIALIZADO PAQUETE DE LOG EL DIA 22-03-2022
02 09:07:46:252 Actualizado SID 625 SERIAL 25493 del proceso con PID 16320
02 14:42:33:277 Ejecucion número 10001 del proceso SMTP total 1289620

00 17:07:22:545 Fichero de log cerrado.

00 17:07:34:617 Fichero de log abierto PID 12840

02 17:07:34:620 Intentando abrir fichero v10.ini
02 17:07:34:625 Cargando driver v10oracle funcion damedriveroracle
02 17:07:35:094 Conectado a base de datos
02 17:07:35:095 Proceso SMTP encontrado en tabla VDPROCESOS
02 17:07:35:097 Proceso SMTP cargado con función vdprocesacorreosst (Librería VDKERNEL.DLL) direccion 705EF4D0
02 17:07:35:099 PLSQL: INICIALIZADO PAQUETE DE LOG EL DIA 22-03-2022
02 17:07:35:109 Actualizado SID 15 SERIAL 33483 del proceso con PID 12840

00 17:12:06:664 Fichero de log cerrado.

00 17:12:10:992 Fichero de log abierto PID 16076

02 17:12:11:007 Intentando abrir fichero v10.ini
02 17:12:11:012 Cargando driver v10oracle funcion damedriveroracle
02 17:12:11:740 Conectado a base de datos
02 17:12:11:744 Proceso SMTP encontrado en tabla VDPROCESOS
02 17:12:11:744 Proceso SMTP cargado con función vdprocesacorreosst (Librería VDKERNEL.DLL) direccion 705EF4D0
02 17:12:11:746 PLSQL: INICIALIZADO PAQUETE DE LOG EL DIA 22-03-2022
02 17:12:11:755 Actualizado SID 135 SERIAL 36212 del proceso con PID 16076

00 17:58:54:107 Fichero de log cerrado.

