00 09:09:25:985 Fichero de log abierto PID 12636

02 09:09:25:987 Intentando abrir fichero v10.ini
02 09:09:25:992 Cargando driver v10oracle funcion damedriveroracle
02 09:09:26:512 Conectado a base de datos
02 09:09:26:513 Proceso SMTP encontrado en tabla VDPROCESOS
02 09:09:26:515 Proceso SMTP cargado con función vdprocesacorreosst (Librería VDKERNEL.DLL) direccion 6FF4F4D0
02 09:09:26:516 PLSQL: INICIALIZADO PAQUETE DE LOG EL DIA 29-03-2022
02 09:09:26:525 Actualizado SID 19 SERIAL 8088 del proceso con PID 12636

00 13:50:25:434 Fichero de log cerrado.

00 13:50:29:507 Fichero de log abierto PID 84

02 13:50:29:509 Intentando abrir fichero v10.ini
02 13:50:29:517 Cargando driver v10oracle funcion damedriveroracle
02 13:50:30:712 Conectado a base de datos
02 13:50:30:715 Proceso SMTP encontrado en tabla VDPROCESOS
02 13:50:30:715 Proceso SMTP cargado con función vdprocesacorreosst (Librería VDKERNEL.DLL) direccion 7035F4D0
02 13:50:30:717 PLSQL: INICIALIZADO PAQUETE DE LOG EL DIA 29-03-2022
02 13:50:30:729 Actualizado SID 132 SERIAL 59774 del proceso con PID 84

00 13:56:42:807 Fichero de log cerrado.

00 13:56:45:899 Fichero de log abierto PID 16216

02 13:56:45:900 Intentando abrir fichero v10.ini
02 13:56:45:905 Cargando driver v10oracle funcion damedriveroracle
02 13:56:46:915 Conectado a base de datos
02 13:56:46:917 Proceso SMTP encontrado en tabla VDPROCESOS
02 13:56:46:917 Proceso SMTP cargado con función vdprocesacorreosst (Librería VDKERNEL.DLL) direccion 7035F4D0
02 13:56:46:921 PLSQL: INICIALIZADO PAQUETE DE LOG EL DIA 29-03-2022
02 13:56:46:930 Actualizado SID 507 SERIAL 53376 del proceso con PID 16216

00 15:32:15:819 Fichero de log cerrado.

00 15:32:21:172 Fichero de log abierto PID 11992

02 15:32:21:174 Intentando abrir fichero v10.ini
02 15:32:21:180 Cargando driver v10oracle funcion damedriveroracle
02 15:32:22:222 Conectado a base de datos
02 15:32:22:222 Proceso SMTP encontrado en tabla VDPROCESOS
02 15:32:22:224 Proceso SMTP cargado con función vdprocesacorreosst (Librería VDKERNEL.DLL) direccion 7035F4D0
02 15:32:22:226 PLSQL: INICIALIZADO PAQUETE DE LOG EL DIA 29-03-2022
02 15:32:22:235 Actualizado SID 132 SERIAL 31363 del proceso con PID 11992

00 17:42:37:135 Fichero de log cerrado.

00 17:42:47:465 Fichero de log abierto PID 5880

02 17:42:47:467 Intentando abrir fichero v10.ini
02 17:42:47:477 Cargando driver v10oracle funcion damedriveroracle
02 17:42:48:274 Conectado a base de datos
02 17:42:48:275 Proceso SMTP encontrado en tabla VDPROCESOS
02 17:42:48:277 Proceso SMTP cargado con función vdprocesacorreosst (Librería VDKERNEL.DLL) direccion 7035F4D0
02 17:42:48:279 PLSQL: INICIALIZADO PAQUETE DE LOG EL DIA 29-03-2022
02 17:42:48:290 Actualizado SID 877 SERIAL 18108 del proceso con PID 5880

00 17:45:26:690 Fichero de log cerrado.

00 17:45:32:445 Fichero de log abierto PID 16944

02 17:45:32:449 Intentando abrir fichero v10.ini
02 17:45:32:455 Cargando driver v10oracle funcion damedriveroracle
02 17:45:34:244 Conectado a base de datos
02 17:45:34:249 Proceso SMTP encontrado en tabla VDPROCESOS
02 17:45:34:250 Proceso SMTP cargado con función vdprocesacorreosst (Librería VDKERNEL.DLL) direccion 7035F4D0
02 17:45:34:257 PLSQL: INICIALIZADO PAQUETE DE LOG EL DIA 29-03-2022
02 17:45:34:287 Actualizado SID 626 SERIAL 11160 del proceso con PID 16944

00 17:58:58:370 Fichero de log cerrado.

