00 09:14:07:027 Fichero de log abierto PID 13992

02 09:14:07:028 Intentando abrir fichero v10.ini
02 09:14:07:035 Cargando driver v10oracle funcion damedriveroracle
02 09:14:07:465 Conectado a base de datos
02 09:14:07:467 Proceso SMTP encontrado en tabla VDPROCESOS
02 09:14:07:467 Proceso SMTP cargado con función vdprocesacorreosst (Librería VDKERNEL.DLL) direccion 6C00F4D0
02 09:14:07:470 PLSQL: INICIALIZADO PAQUETE DE LOG EL DIA 29-06-2022
02 09:14:07:481 Actualizado SID 254 SERIAL 28418 del proceso con PID 13992

00 11:17:59:493 Fichero de log cerrado.

00 11:18:11:261 Fichero de log abierto PID 1316

02 11:18:11:262 Intentando abrir fichero v10.ini
02 11:18:11:270 Cargando driver v10oracle funcion damedriveroracle
02 11:18:11:782 Conectado a base de datos
02 11:18:11:786 Proceso SMTP encontrado en tabla VDPROCESOS
02 11:18:11:787 Proceso SMTP cargado con función vdprocesacorreosst (Librería VDKERNEL.DLL) direccion 6C00F4D0
02 11:18:11:788 PLSQL: INICIALIZADO PAQUETE DE LOG EL DIA 29-06-2022
02 11:18:11:797 Actualizado SID 137 SERIAL 38811 del proceso con PID 1316

00 11:42:13:492 Fichero de log cerrado.

00 13:46:18:197 Fichero de log abierto PID 7956

02 13:46:18:200 Intentando abrir fichero v10.ini
02 13:46:18:207 Cargando driver v10oracle funcion damedriveroracle
02 13:46:18:915 Conectado a base de datos
02 13:46:18:917 Proceso SMTP encontrado en tabla VDPROCESOS
02 13:46:18:917 Proceso SMTP cargado con función vdprocesacorreosst (Librería VDKERNEL.DLL) direccion 6C00F4D0
02 13:46:18:920 PLSQL: INICIALIZADO PAQUETE DE LOG EL DIA 29-06-2022
02 13:46:18:940 Actualizado SID 262 SERIAL 608 del proceso con PID 7956

00 13:50:10:250 Fichero de log cerrado.

00 17:03:13:019 Fichero de log abierto PID 14480

02 17:03:13:020 Intentando abrir fichero v10.ini
02 17:03:13:025 Cargando driver v10oracle funcion damedriveroracle
02 17:03:13:615 Conectado a base de datos
02 17:03:13:617 Proceso SMTP encontrado en tabla VDPROCESOS
02 17:03:13:617 Proceso SMTP cargado con función vdprocesacorreosst (Librería VDKERNEL.DLL) direccion 6C00F4D0
02 17:03:13:620 PLSQL: INICIALIZADO PAQUETE DE LOG EL DIA 29-06-2022
02 17:03:13:659 Actualizado SID 756 SERIAL 62977 del proceso con PID 14480

00 17:57:09:012 Fichero de log cerrado.

