00 14:47:32:022 Fichero de log abierto PID 2412

02 14:47:32:024 Intentando abrir fichero v10.ini
02 14:47:32:024 Cargando driver v10oracle funcion damedriveroracle
02 14:47:32:220 Conectado a base de datos
02 14:47:32:220 Proceso CREABULTOS encontrado en tabla VDPROCESOS
02 14:47:32:229 Proceso CREABULTOS cargado con función vdbuscapedst (Librería VDPEDIDOS.DLL) direccion 06B2A090
02 14:47:32:229 Proceso VOLUMETRIA encontrado en tabla VDPROCESOS
02 14:47:32:229 Proceso VOLUMETRIA cargado con función vdprocesapedst (Librería VDPEDIDOS.DLL) direccion 06B2A500
02 14:47:32:231 PLSQL: INICIALIZADO PAQUETE DE LOG EL DIA 23-06-2022
02 14:47:32:239 Actualizado SID 633 SERIAL 52253 del proceso con PID 2412
00 16:16:47:017 Cursor SELPROVDPROCESOS error 3113 ORA-03113: fin de archivo en el canal de comunicación
Identificador de Proceso: 13076
Identificador de Sesión: 633 Número de Serie: 52253
00 16:16:47:387  Defines
00 16:16:47:402    campo ROWID Valor  error 0 ORA-03113: fin de archivo en el canal de comunicación
Identificador de Proceso: 13076
Identificador de Sesión: 633 Número de Serie: 52253
00 16:16:47:417    campo GRUPOPROC Valor  error 0 ORA-03113: fin de archivo en el canal de comunicación
Identificador de Proceso: 13076
Identificador de Sesión: 633 Número de Serie: 52253
00 16:16:47:422    campo PROCESO Valor CREABULTOS error 0 ORA-03113: fin de archivo en el canal de comunicación
Identificador de Proceso: 13076
Identificador de Sesión: 633 Número de Serie: 52253
00 16:16:47:422    campo PARAM Valor  error 0 ORA-03113: fin de archivo en el canal de comunicación
Identificador de Proceso: 13076
Identificador de Sesión: 633 Número de Serie: 52253
00 16:16:47:425    campo FUNCIONPROC Valor  error 0 ORA-03113: fin de archivo en el canal de comunicación
Identificador de Proceso: 13076
Identificador de Sesión: 633 Número de Serie: 52253
00 16:16:47:425    campo LIBPROCESO Valor  error 0 ORA-03113: fin de archivo en el canal de comunicación
Identificador de Proceso: 13076
Identificador de Sesión: 633 Número de Serie: 52253
00 16:16:47:434    campo ORDENACION Valor 0 error 0 ORA-03113: fin de archivo en el canal de comunicación
Identificador de Proceso: 13076
Identificador de Sesión: 633 Número de Serie: 52253
00 16:16:47:437    campo PERIODO Valor 0 error 0 ORA-03113: fin de archivo en el canal de comunicación
Identificador de Proceso: 13076
Identificador de Sesión: 633 Número de Serie: 52253
00 16:16:47:442    campo CODSEMAFORO Valor  error 1405 ORA-03113: fin de archivo en el canal de comunicación
Identificador de Proceso: 13076
Identificador de Sesión: 633 Número de Serie: 52253
00 16:16:47:442    campo EJECUCIONES Valor 0 error 0 ORA-03113: fin de archivo en el canal de comunicación
Identificador de Proceso: 13076
Identificador de Sesión: 633 Número de Serie: 52253
00 16:16:47:442    campo EJECUTAINMEDIATO Valor  error 0 ORA-03113: fin de archivo en el canal de comunicación
Identificador de Proceso: 13076
Identificador de Sesión: 633 Número de Serie: 52253
00 16:16:47:442    campo INFOEXTRA Valor  error 1405 ORA-03113: fin de archivo en el canal de comunicación
Identificador de Proceso: 13076
Identificador de Sesión: 633 Número de Serie: 52253
00 16:16:47:445    campo CODCOMEN Valor 0 error 0 ORA-03113: fin de archivo en el canal de comunicación
Identificador de Proceso: 13076
Identificador de Sesión: 633 Número de Serie: 52253
00 16:16:47:450    campo CODOPEMODIF Valor  error 0 ORA-03113: fin de archivo en el canal de comunicación
Identificador de Proceso: 13076
Identificador de Sesión: 633 Número de Serie: 52253
00 16:16:47:465    campo FECMODIF Valor 0 error 0 ORA-03113: fin de archivo en el canal de comunicación
Identificador de Proceso: 13076
Identificador de Sesión: 633 Número de Serie: 52253
00 16:16:47:465    campo HORAMODIF Valor  error 0 ORA-03113: fin de archivo en el canal de comunicación
Identificador de Proceso: 13076
Identificador de Sesión: 633 Número de Serie: 52253
00 16:16:47:470    campo ACTIVO Valor  error 0 ORA-03113: fin de archivo en el canal de comunicación
Identificador de Proceso: 13076
Identificador de Sesión: 633 Número de Serie: 52253
00 16:16:47:474  Binds
00 16:16:47:477    campo PROCESO Valor CREABULTOS error 0 ORA-03113: fin de archivo en el canal de comunicación
Identificador de Proceso: 13076
Identificador de Sesión: 633 Número de Serie: 52253
00 16:16:47:482 Cursor CSETUSERNAME error 3114 ORA-03114: no conectado a ORACLE
00 16:16:47:485  Defines
00 16:16:47:485  Binds
00 16:16:47:485    campo USUARIO Valor CREABULTOS error 0 ORA-03114: no conectado a ORACLE
00 16:16:47:485 Programa finaliza por Error Oracle Fatal 3114 en cursor
	SELPECSTATUS

00 16:16:47:825 Fichero de log cerrado.

00 16:19:02:597 Fichero de log abierto PID 7020

02 16:19:02:599 Intentando abrir fichero v10.ini
02 16:19:02:604 Cargando driver v10oracle funcion damedriveroracle
02 16:19:03:057 Conectado a base de datos
02 16:19:03:057 Proceso CREABULTOS encontrado en tabla VDPROCESOS
02 16:19:03:059 Proceso CREABULTOS cargado con función vdbuscapedst (Librería VDPEDIDOS.DLL) direccion 05F7A090
02 16:19:03:060 Proceso VOLUMETRIA encontrado en tabla VDPROCESOS
02 16:19:03:060 Proceso VOLUMETRIA cargado con función vdprocesapedst (Librería VDPEDIDOS.DLL) direccion 05F7A500
02 16:19:03:062 PLSQL: INICIALIZADO PAQUETE DE LOG EL DIA 23-06-2022
02 16:19:03:070 Actualizado SID 757 SERIAL 23389 del proceso con PID 7020

00 16:36:14:767 Fichero de log cerrado.

00 16:37:29:829 Fichero de log abierto PID 2704

02 16:37:29:830 Intentando abrir fichero v10.ini
02 16:37:29:835 Cargando driver v10oracle funcion damedriveroracle
02 16:37:30:072 Conectado a base de datos
02 16:37:30:074 Proceso CREABULTOS encontrado en tabla VDPROCESOS
02 16:37:30:075 Proceso CREABULTOS cargado con función vdbuscapedst (Librería VDPEDIDOS.DLL) direccion 03E7A090
02 16:37:30:075 Proceso VOLUMETRIA encontrado en tabla VDPROCESOS
02 16:37:30:075 Proceso VOLUMETRIA cargado con función vdprocesapedst (Librería VDPEDIDOS.DLL) direccion 03E7A500
02 16:37:30:077 PLSQL: INICIALIZADO PAQUETE DE LOG EL DIA 23-06-2022
02 16:37:30:085 Actualizado SID 386 SERIAL 4912 del proceso con PID 2704

00 16:52:15:362 Fichero de log cerrado.

00 16:52:30:037 Fichero de log abierto PID 12064

02 16:52:30:039 Intentando abrir fichero v10.ini
02 16:52:30:042 Cargando driver v10oracle funcion damedriveroracle
02 16:52:30:592 Conectado a base de datos
02 16:52:30:594 Proceso CREABULTOS encontrado en tabla VDPROCESOS
02 16:52:30:595 Proceso CREABULTOS cargado con función vdbuscapedst (Librería VDPEDIDOS.DLL) direccion 05BEA090
02 16:52:30:595 Proceso VOLUMETRIA encontrado en tabla VDPROCESOS
02 16:52:30:595 Proceso VOLUMETRIA cargado con función vdprocesapedst (Librería VDPEDIDOS.DLL) direccion 05BEA500
02 16:52:30:597 PLSQL: INICIALIZADO PAQUETE DE LOG EL DIA 23-06-2022
02 16:52:30:605 Actualizado SID 876 SERIAL 31287 del proceso con PID 12064

00 17:06:53:509 Fichero de log cerrado.

00 17:07:21:155 Fichero de log abierto PID 3392

02 17:07:21:157 Intentando abrir fichero v10.ini
02 17:07:21:160 Cargando driver v10oracle funcion damedriveroracle
02 17:07:21:797 Conectado a base de datos
02 17:07:21:797 Proceso CREABULTOS encontrado en tabla VDPROCESOS
02 17:07:21:799 Proceso CREABULTOS cargado con función vdbuscapedst (Librería VDPEDIDOS.DLL) direccion 05CAA090
02 17:07:21:799 Proceso VOLUMETRIA encontrado en tabla VDPROCESOS
02 17:07:21:799 Proceso VOLUMETRIA cargado con función vdprocesapedst (Librería VDPEDIDOS.DLL) direccion 05CAA500
02 17:07:21:801 PLSQL: INICIALIZADO PAQUETE DE LOG EL DIA 23-06-2022
02 17:07:21:810 Actualizado SID 388 SERIAL 41189 del proceso con PID 3392

00 17:17:38:194 Fichero de log cerrado.

00 17:17:45:260 Fichero de log abierto PID 8452

02 17:17:45:262 Intentando abrir fichero v10.ini
02 17:17:45:265 Cargando driver v10oracle funcion damedriveroracle
02 17:17:45:710 Conectado a base de datos
02 17:17:45:712 Proceso CREABULTOS encontrado en tabla VDPROCESOS
02 17:17:45:715 Proceso CREABULTOS cargado con función vdbuscapedst (Librería VDPEDIDOS.DLL) direccion 06B2A090
02 17:17:45:715 Proceso VOLUMETRIA encontrado en tabla VDPROCESOS
02 17:17:45:715 Proceso VOLUMETRIA cargado con función vdprocesapedst (Librería VDPEDIDOS.DLL) direccion 06B2A500
02 17:17:45:717 PLSQL: INICIALIZADO PAQUETE DE LOG EL DIA 23-06-2022
02 17:17:45:725 Actualizado SID 13 SERIAL 5473 del proceso con PID 8452

00 17:45:44:547 Fichero de log cerrado.

