00 09:23:04:120 Fichero de log abierto PID 296

02 09:23:04:122 Intentando abrir fichero v10.ini
02 09:23:04:130 Cargando driver v10oracle funcion damedriveroracle
02 09:23:04:982 Conectado a base de datos
02 09:23:04:983 Proceso CREABULTOS encontrado en tabla VDPROCESOS
02 09:23:05:642 Proceso CREABULTOS cargado con función vdbuscapedst (Librería VDPEDIDOS.DLL) direccion 0642A090
02 09:23:05:642 Proceso VOLUMETRIA encontrado en tabla VDPROCESOS
02 09:23:05:642 Proceso VOLUMETRIA cargado con función vdprocesapedst (Librería VDPEDIDOS.DLL) direccion 0642A500
02 09:23:05:651 PLSQL: INICIALIZADO PAQUETE DE LOG EL DIA 05-07-2022
02 09:23:05:675 Actualizado SID 127 SERIAL 32890 del proceso con PID 296
02 12:40:47:445 Ejecucion número 10001 del proceso CREABULTOS total 648940
02 12:40:47:447 Ejecucion número 10001 del proceso VOLUMETRIA total 648940

00 13:36:35:289 Fichero de log cerrado.

00 13:36:39:250 Fichero de log abierto PID 7240

02 13:36:39:252 Intentando abrir fichero v10.ini
02 13:36:39:257 Cargando driver v10oracle funcion damedriveroracle
02 13:36:39:787 Conectado a base de datos
02 13:36:39:790 Proceso CREABULTOS encontrado en tabla VDPROCESOS
02 13:36:39:790 Proceso CREABULTOS cargado con función vdbuscapedst (Librería VDPEDIDOS.DLL) direccion 0644A090
02 13:36:39:790 Proceso VOLUMETRIA encontrado en tabla VDPROCESOS
02 13:36:39:790 Proceso VOLUMETRIA cargado con función vdprocesapedst (Librería VDPEDIDOS.DLL) direccion 0644A500
02 13:36:39:794 PLSQL: INICIALIZADO PAQUETE DE LOG EL DIA 05-07-2022
02 13:36:39:807 Actualizado SID 508 SERIAL 45852 del proceso con PID 7240

00 13:58:57:517 Fichero de log cerrado.

00 13:59:20:697 Fichero de log abierto PID 10636

02 13:59:20:699 Intentando abrir fichero v10.ini
02 13:59:20:704 Cargando driver v10oracle funcion damedriveroracle
02 13:59:21:407 Conectado a base de datos
02 13:59:21:410 Proceso CREABULTOS encontrado en tabla VDPROCESOS
02 13:59:21:410 Proceso CREABULTOS cargado con función vdbuscapedst (Librería VDPEDIDOS.DLL) direccion 066DA090
02 13:59:21:410 Proceso VOLUMETRIA encontrado en tabla VDPROCESOS
02 13:59:21:410 Proceso VOLUMETRIA cargado con función vdprocesapedst (Librería VDPEDIDOS.DLL) direccion 066DA500
02 13:59:21:414 PLSQL: INICIALIZADO PAQUETE DE LOG EL DIA 05-07-2022
02 13:59:21:422 Actualizado SID 626 SERIAL 32930 del proceso con PID 10636

00 14:52:23:037 Fichero de log cerrado.

00 14:52:50:284 Fichero de log abierto PID 2812

02 14:52:50:285 Intentando abrir fichero v10.ini
02 14:52:50:292 Cargando driver v10oracle funcion damedriveroracle
02 14:52:51:145 Conectado a base de datos
02 14:52:51:147 Proceso CREABULTOS encontrado en tabla VDPROCESOS
02 14:52:51:149 Proceso CREABULTOS cargado con función vdbuscapedst (Librería VDPEDIDOS.DLL) direccion 061EA090
02 14:52:51:149 Proceso VOLUMETRIA encontrado en tabla VDPROCESOS
02 14:52:51:149 Proceso VOLUMETRIA cargado con función vdprocesapedst (Librería VDPEDIDOS.DLL) direccion 061EA500
02 14:52:51:152 PLSQL: INICIALIZADO PAQUETE DE LOG EL DIA 05-07-2022
02 14:52:51:165 Actualizado SID 753 SERIAL 37429 del proceso con PID 2812

00 14:54:38:089 Fichero de log cerrado.

00 14:54:43:189 Fichero de log abierto PID 17104

02 14:54:43:190 Intentando abrir fichero v10.ini
02 14:54:43:197 Cargando driver v10oracle funcion damedriveroracle
02 14:54:43:924 Conectado a base de datos
02 14:54:43:925 Proceso CREABULTOS encontrado en tabla VDPROCESOS
02 14:54:43:927 Proceso CREABULTOS cargado con función vdbuscapedst (Librería VDPEDIDOS.DLL) direccion 0676A090
02 14:54:43:927 Proceso VOLUMETRIA encontrado en tabla VDPROCESOS
02 14:54:43:927 Proceso VOLUMETRIA cargado con función vdprocesapedst (Librería VDPEDIDOS.DLL) direccion 0676A500
02 14:54:43:929 PLSQL: INICIALIZADO PAQUETE DE LOG EL DIA 05-07-2022
02 14:54:43:940 Actualizado SID 626 SERIAL 45487 del proceso con PID 17104

00 17:55:06:127 Fichero de log cerrado.

