00 09:08:31:897 Fichero de log abierto PID 12376

02 09:08:31:900 Intentando abrir fichero v10.ini
02 09:08:31:901 Cargando driver v10oracle funcion damedriveroracle
02 09:08:32:605 Conectado a base de datos
02 09:08:32:605 Proceso CREABULTOS encontrado en tabla VDPROCESOS
02 09:08:32:605 Proceso CREABULTOS cargado con función vdbuscapedst (Librería VDPEDIDOS.DLL) direccion 05CEA090
02 09:08:32:605 Proceso VOLUMETRIA encontrado en tabla VDPROCESOS
02 09:08:32:605 Proceso VOLUMETRIA cargado con función vdprocesapedst (Librería VDPEDIDOS.DLL) direccion 05CEA500
02 09:08:32:610 PLSQL: INICIALIZADO PAQUETE DE LOG EL DIA 28-03-2022
02 09:08:32:618 Actualizado SID 507 SERIAL 8929 del proceso con PID 12376
02 11:56:44:282 Ejecucion número 10001 del proceso CREABULTOS total 648799
02 11:56:44:282 Ejecucion número 10001 del proceso VOLUMETRIA total 648799
02 14:45:08:175 Ejecucion número 20001 del proceso CREABULTOS total 1301888
02 14:45:08:175 Ejecucion número 20001 del proceso VOLUMETRIA total 1301888

00 15:19:41:784 Fichero de log cerrado.

00 15:19:48:637 Fichero de log abierto PID 11088

02 15:19:48:639 Intentando abrir fichero v10.ini
02 15:19:48:647 Cargando driver v10oracle funcion damedriveroracle
02 15:19:49:637 Conectado a base de datos
02 15:19:49:639 Proceso CREABULTOS encontrado en tabla VDPROCESOS
02 15:19:49:640 Proceso CREABULTOS cargado con función vdbuscapedst (Librería VDPEDIDOS.DLL) direccion 063EA090
02 15:19:49:640 Proceso VOLUMETRIA encontrado en tabla VDPROCESOS
02 15:19:49:640 Proceso VOLUMETRIA cargado con función vdprocesapedst (Librería VDPEDIDOS.DLL) direccion 063EA500
02 15:19:49:643 PLSQL: INICIALIZADO PAQUETE DE LOG EL DIA 28-03-2022
02 15:19:49:652 Actualizado SID 877 SERIAL 1931 del proceso con PID 11088

00 16:06:05:740 Fichero de log cerrado.

00 16:06:21:367 Fichero de log abierto PID 4744

02 16:06:21:369 Intentando abrir fichero v10.ini
02 16:06:21:375 Cargando driver v10oracle funcion damedriveroracle
02 16:06:22:187 Conectado a base de datos
02 16:06:22:187 Proceso CREABULTOS encontrado en tabla VDPROCESOS
02 16:06:22:190 Proceso CREABULTOS cargado con función vdbuscapedst (Librería VDPEDIDOS.DLL) direccion 0594A090
02 16:06:22:190 Proceso VOLUMETRIA encontrado en tabla VDPROCESOS
02 16:06:22:190 Proceso VOLUMETRIA cargado con función vdprocesapedst (Librería VDPEDIDOS.DLL) direccion 0594A500
02 16:06:22:192 PLSQL: INICIALIZADO PAQUETE DE LOG EL DIA 28-03-2022
02 16:06:22:200 Actualizado SID 755 SERIAL 1664 del proceso con PID 4744

00 17:59:49:290 Fichero de log cerrado.

