00 09:14:07:243 Fichero de log abierto PID 14876

02 09:14:07:246 Intentando abrir fichero v10.ini
02 09:14:07:251 Cargando driver v10oracle funcion damedriveroracle
02 09:14:07:883 Conectado a base de datos
02 09:14:07:885 Proceso CREABULTOS encontrado en tabla VDPROCESOS
02 09:14:09:120 Proceso CREABULTOS cargado con función vdbuscapedst (Librería VDPEDIDOS.DLL) direccion 05BFA090
02 09:14:09:120 Proceso VOLUMETRIA encontrado en tabla VDPROCESOS
02 09:14:09:120 Proceso VOLUMETRIA cargado con función vdprocesapedst (Librería VDPEDIDOS.DLL) direccion 05BFA500
02 09:14:09:122 PLSQL: INICIALIZADO PAQUETE DE LOG EL DIA 29-06-2022
02 09:14:09:145 Actualizado SID 508 SERIAL 38746 del proceso con PID 14876

00 11:17:59:492 Fichero de log cerrado.

00 11:18:11:466 Fichero de log abierto PID 7064

02 11:18:11:467 Intentando abrir fichero v10.ini
02 11:18:11:477 Cargando driver v10oracle funcion damedriveroracle
02 11:18:11:978 Conectado a base de datos
02 11:18:11:981 Proceso CREABULTOS encontrado en tabla VDPROCESOS
02 11:18:11:981 Proceso CREABULTOS cargado con función vdbuscapedst (Librería VDPEDIDOS.DLL) direccion 04FEA090
02 11:18:11:982 Proceso VOLUMETRIA encontrado en tabla VDPROCESOS
02 11:18:11:982 Proceso VOLUMETRIA cargado con función vdprocesapedst (Librería VDPEDIDOS.DLL) direccion 04FEA500
02 11:18:11:984 PLSQL: INICIALIZADO PAQUETE DE LOG EL DIA 29-06-2022
02 11:18:11:992 Actualizado SID 136 SERIAL 52478 del proceso con PID 7064

00 11:42:13:492 Fichero de log cerrado.

00 13:46:18:892 Fichero de log abierto PID 2928

02 13:46:18:894 Intentando abrir fichero v10.ini
02 13:46:18:899 Cargando driver v10oracle funcion damedriveroracle
02 13:46:19:597 Conectado a base de datos
02 13:46:19:599 Proceso CREABULTOS encontrado en tabla VDPROCESOS
02 13:46:19:599 Proceso CREABULTOS cargado con función vdbuscapedst (Librería VDPEDIDOS.DLL) direccion 0668A090
02 13:46:19:600 Proceso VOLUMETRIA encontrado en tabla VDPROCESOS
02 13:46:19:600 Proceso VOLUMETRIA cargado con función vdprocesapedst (Librería VDPEDIDOS.DLL) direccion 0668A500
02 13:46:19:602 PLSQL: INICIALIZADO PAQUETE DE LOG EL DIA 29-06-2022
02 13:46:19:612 Actualizado SID 377 SERIAL 30592 del proceso con PID 2928

00 13:50:10:250 Fichero de log cerrado.

00 17:03:13:482 Fichero de log abierto PID 8420

02 17:03:13:484 Intentando abrir fichero v10.ini
02 17:03:13:489 Cargando driver v10oracle funcion damedriveroracle
02 17:03:14:080 Conectado a base de datos
02 17:03:14:080 Proceso CREABULTOS encontrado en tabla VDPROCESOS
02 17:03:14:084 Proceso CREABULTOS cargado con función vdbuscapedst (Librería VDPEDIDOS.DLL) direccion 0455A090
02 17:03:14:084 Proceso VOLUMETRIA encontrado en tabla VDPROCESOS
02 17:03:14:084 Proceso VOLUMETRIA cargado con función vdprocesapedst (Librería VDPEDIDOS.DLL) direccion 0455A500
02 17:03:14:085 PLSQL: INICIALIZADO PAQUETE DE LOG EL DIA 29-06-2022
02 17:03:14:095 Actualizado SID 505 SERIAL 47715 del proceso con PID 8420

00 17:57:09:025 Fichero de log cerrado.

