00 09:07:46:103 Fichero de log abierto PID 15632

02 09:07:46:106 Intentando abrir fichero v10.ini
02 09:07:46:111 Cargando driver v10oracle funcion damedriveroracle
02 09:07:46:662 Conectado a base de datos
02 09:07:46:672 Proceso CREABULTOS encontrado en tabla VDPROCESOS
02 09:07:46:672 Proceso CREABULTOS cargado con función vdbuscapedst (Librería VDPEDIDOS.DLL) direccion 0609A090
02 09:07:46:672 Proceso VOLUMETRIA encontrado en tabla VDPROCESOS
02 09:07:46:672 Proceso VOLUMETRIA cargado con función vdprocesapedst (Librería VDPEDIDOS.DLL) direccion 0609A500
02 09:07:46:673 PLSQL: INICIALIZADO PAQUETE DE LOG EL DIA 22-03-2022
02 09:07:46:686 Actualizado SID 507 SERIAL 32004 del proceso con PID 15632
02 11:55:50:740 Ejecucion número 10001 del proceso CREABULTOS total 645798
02 11:55:50:740 Ejecucion número 10001 del proceso VOLUMETRIA total 645798
02 14:43:54:602 Ejecucion número 20001 del proceso CREABULTOS total 1294833
02 14:43:54:680 Ejecucion número 20001 del proceso VOLUMETRIA total 1294838

00 17:07:22:545 Fichero de log cerrado.

00 17:07:34:879 Fichero de log abierto PID 16308

02 17:07:34:880 Intentando abrir fichero v10.ini
02 17:07:34:887 Cargando driver v10oracle funcion damedriveroracle
02 17:07:35:612 Conectado a base de datos
02 17:07:35:615 Proceso CREABULTOS encontrado en tabla VDPROCESOS
02 17:07:35:615 Proceso CREABULTOS cargado con función vdbuscapedst (Librería VDPEDIDOS.DLL) direccion 0600A090
02 17:07:35:617 Proceso VOLUMETRIA encontrado en tabla VDPROCESOS
02 17:07:35:617 Proceso VOLUMETRIA cargado con función vdprocesapedst (Librería VDPEDIDOS.DLL) direccion 0600A500
02 17:07:35:618 PLSQL: INICIALIZADO PAQUETE DE LOG EL DIA 22-03-2022
02 17:07:35:627 Actualizado SID 14 SERIAL 8392 del proceso con PID 16308

00 17:12:06:680 Fichero de log cerrado.

00 17:12:11:415 Fichero de log abierto PID 17292

02 17:12:11:419 Intentando abrir fichero v10.ini
02 17:12:11:424 Cargando driver v10oracle funcion damedriveroracle
02 17:12:12:154 Conectado a base de datos
02 17:12:12:155 Proceso CREABULTOS encontrado en tabla VDPROCESOS
02 17:12:12:157 Proceso CREABULTOS cargado con función vdbuscapedst (Librería VDPEDIDOS.DLL) direccion 062CA090
02 17:12:12:157 Proceso VOLUMETRIA encontrado en tabla VDPROCESOS
02 17:12:12:157 Proceso VOLUMETRIA cargado con función vdprocesapedst (Librería VDPEDIDOS.DLL) direccion 062CA500
02 17:12:12:159 PLSQL: INICIALIZADO PAQUETE DE LOG EL DIA 22-03-2022
02 17:12:12:170 Actualizado SID 264 SERIAL 27796 del proceso con PID 17292

00 17:58:54:110 Fichero de log cerrado.

