00 09:10:30:516 Fichero de log abierto PID 12808

02 09:10:30:520 Intentando abrir fichero v10.ini
02 09:10:30:527 Cargando driver v10oracle funcion damedriveroracle
02 09:10:31:012 Conectado a base de datos
02 09:10:31:015 Proceso CREABULTOS encontrado en tabla VDPROCESOS
02 09:10:31:016 Proceso CREABULTOS cargado con función vdbuscapedst (Librería VDPEDIDOS.DLL) direccion 0602A090
02 09:10:31:016 Proceso VOLUMETRIA encontrado en tabla VDPROCESOS
02 09:10:31:016 Proceso VOLUMETRIA cargado con función vdprocesapedst (Librería VDPEDIDOS.DLL) direccion 0602A500
02 09:10:31:018 PLSQL: INICIALIZADO PAQUETE DE LOG EL DIA 06-04-2022
02 09:10:31:026 Actualizado SID 259 SERIAL 24477 del proceso con PID 12808

00 09:52:22:432 Fichero de log cerrado.

00 09:52:39:613 Fichero de log abierto PID 5232

02 09:52:39:615 Intentando abrir fichero v10.ini
02 09:52:39:622 Cargando driver v10oracle funcion damedriveroracle
02 09:52:40:396 Conectado a base de datos
02 09:52:40:397 Proceso CREABULTOS encontrado en tabla VDPROCESOS
02 09:52:40:398 Proceso CREABULTOS cargado con función vdbuscapedst (Librería VDPEDIDOS.DLL) direccion 0675A090
02 09:52:40:398 Proceso VOLUMETRIA encontrado en tabla VDPROCESOS
02 09:52:40:398 Proceso VOLUMETRIA cargado con función vdprocesapedst (Librería VDPEDIDOS.DLL) direccion 0675A500
02 09:52:40:401 PLSQL: INICIALIZADO PAQUETE DE LOG EL DIA 06-04-2022
02 09:52:40:411 Actualizado SID 506 SERIAL 12732 del proceso con PID 5232
02 13:00:25:737 Ejecucion número 10001 del proceso CREABULTOS total 649486
02 13:00:25:739 Ejecucion número 10001 del proceso VOLUMETRIA total 649486
02 16:46:32:112 Ejecucion número 20001 del proceso CREABULTOS total 1298842
02 16:46:32:112 Ejecucion número 20001 del proceso VOLUMETRIA total 1298842

00 17:56:19:867 Fichero de log cerrado.

