00 09:04:44:807 Fichero de log abierto PID 16172

02 09:04:44:807 Intentando abrir fichero v10.ini
02 09:04:44:811 Cargando driver v10oracle funcion damedriveroracle
02 09:04:45:951 Conectado a base de datos
02 09:04:45:953 Proceso CREABULTOS encontrado en tabla VDPROCESOS
02 09:04:45:955 Proceso CREABULTOS cargado con función vdbuscapedst (Librería VDPEDIDOS.DLL) direccion 03D3A090
02 09:04:45:955 Proceso VOLUMETRIA encontrado en tabla VDPROCESOS
02 09:04:45:955 Proceso VOLUMETRIA cargado con función vdprocesapedst (Librería VDPEDIDOS.DLL) direccion 03D3A500
02 09:04:45:957 PLSQL: INICIALIZADO PAQUETE DE LOG EL DIA 25-03-2022
02 09:04:45:965 Actualizado SID 374 SERIAL 2771 del proceso con PID 16172

00 09:37:54:926 Fichero de log cerrado.

00 09:38:20:088 Fichero de log abierto PID 14328

02 09:38:20:091 Intentando abrir fichero v10.ini
02 09:38:20:097 Cargando driver v10oracle funcion damedriveroracle
02 09:38:20:932 Conectado a base de datos
02 09:38:20:933 Proceso CREABULTOS encontrado en tabla VDPROCESOS
02 09:38:20:935 Proceso CREABULTOS cargado con función vdbuscapedst (Librería VDPEDIDOS.DLL) direccion 04CFA090
02 09:38:20:936 Proceso VOLUMETRIA encontrado en tabla VDPROCESOS
02 09:38:20:936 Proceso VOLUMETRIA cargado con función vdprocesapedst (Librería VDPEDIDOS.DLL) direccion 04CFA500
02 09:38:20:939 PLSQL: INICIALIZADO PAQUETE DE LOG EL DIA 25-03-2022
02 09:38:20:955 Actualizado SID 374 SERIAL 15067 del proceso con PID 14328

00 12:57:00:262 Fichero de log cerrado.

00 12:57:20:610 Fichero de log abierto PID 7220

02 12:57:20:614 Intentando abrir fichero v10.ini
02 12:57:20:619 Cargando driver v10oracle funcion damedriveroracle
02 12:57:21:457 Conectado a base de datos
02 12:57:21:460 Proceso CREABULTOS encontrado en tabla VDPROCESOS
02 12:57:21:462 Proceso CREABULTOS cargado con función vdbuscapedst (Librería VDPEDIDOS.DLL) direccion 0610A090
02 12:57:21:462 Proceso VOLUMETRIA encontrado en tabla VDPROCESOS
02 12:57:21:462 Proceso VOLUMETRIA cargado con función vdprocesapedst (Librería VDPEDIDOS.DLL) direccion 0610A500
02 12:57:21:464 PLSQL: INICIALIZADO PAQUETE DE LOG EL DIA 25-03-2022
02 12:57:21:475 Actualizado SID 626 SERIAL 24237 del proceso con PID 7220

00 13:58:46:912 Fichero de log cerrado.

