00 09:11:09:388 Fichero de log abierto PID 1092

02 09:11:09:391 Intentando abrir fichero v10.ini
02 09:11:09:397 Cargando driver v10oracle funcion damedriveroracle
02 09:11:10:267 Conectado a base de datos
02 09:11:10:268 Proceso CREABULTOS encontrado en tabla VDPROCESOS
02 09:11:10:271 Proceso CREABULTOS cargado con función vdbuscapedst (Librería VDPEDIDOS.DLL) direccion 0595A090
02 09:11:10:271 Proceso VOLUMETRIA encontrado en tabla VDPROCESOS
02 09:11:10:271 Proceso VOLUMETRIA cargado con función vdprocesapedst (Librería VDPEDIDOS.DLL) direccion 0595A500
02 09:11:10:272 PLSQL: INICIALIZADO PAQUETE DE LOG EL DIA 04-04-2022
02 09:11:10:282 Actualizado SID 509 SERIAL 27103 del proceso con PID 1092

00 10:22:53:437 Fichero de log cerrado.

00 10:23:02:040 Fichero de log abierto PID 11156

02 10:23:02:043 Intentando abrir fichero v10.ini
02 10:23:02:052 Cargando driver v10oracle funcion damedriveroracle
02 10:23:02:861 Conectado a base de datos
02 10:23:02:862 Proceso CREABULTOS encontrado en tabla VDPROCESOS
02 10:23:02:863 Proceso CREABULTOS cargado con función vdbuscapedst (Librería VDPEDIDOS.DLL) direccion 0401A090
02 10:23:02:863 Proceso VOLUMETRIA encontrado en tabla VDPROCESOS
02 10:23:02:865 Proceso VOLUMETRIA cargado con función vdprocesapedst (Librería VDPEDIDOS.DLL) direccion 0401A500
02 10:23:02:867 PLSQL: INICIALIZADO PAQUETE DE LOG EL DIA 04-04-2022
02 10:23:02:880 Actualizado SID 509 SERIAL 5766 del proceso con PID 11156

00 10:38:58:311 Fichero de log cerrado.

00 10:39:08:657 Fichero de log abierto PID 4900

02 10:39:08:661 Intentando abrir fichero v10.ini
02 10:39:08:667 Cargando driver v10oracle funcion damedriveroracle
02 10:39:09:542 Conectado a base de datos
02 10:39:09:545 Proceso CREABULTOS encontrado en tabla VDPROCESOS
02 10:39:09:546 Proceso CREABULTOS cargado con función vdbuscapedst (Librería VDPEDIDOS.DLL) direccion 0799A090
02 10:39:09:547 Proceso VOLUMETRIA encontrado en tabla VDPROCESOS
02 10:39:09:547 Proceso VOLUMETRIA cargado con función vdprocesapedst (Librería VDPEDIDOS.DLL) direccion 0799A500
02 10:39:09:549 PLSQL: INICIALIZADO PAQUETE DE LOG EL DIA 04-04-2022
02 10:39:09:558 Actualizado SID 752 SERIAL 33851 del proceso con PID 4900

00 12:14:33:895 Fichero de log cerrado.

00 12:14:45:462 Fichero de log abierto PID 12204

02 12:14:45:465 Intentando abrir fichero v10.ini
02 12:14:45:472 Cargando driver v10oracle funcion damedriveroracle
02 12:14:46:520 Conectado a base de datos
02 12:14:46:522 Proceso CREABULTOS encontrado en tabla VDPROCESOS
02 12:14:46:524 Proceso CREABULTOS cargado con función vdbuscapedst (Librería VDPEDIDOS.DLL) direccion 067AA090
02 12:14:46:524 Proceso VOLUMETRIA encontrado en tabla VDPROCESOS
02 12:14:46:524 Proceso VOLUMETRIA cargado con función vdprocesapedst (Librería VDPEDIDOS.DLL) direccion 067AA500
02 12:14:46:526 PLSQL: INICIALIZADO PAQUETE DE LOG EL DIA 04-04-2022
02 12:14:46:537 Actualizado SID 506 SERIAL 50285 del proceso con PID 12204

00 12:39:53:230 Fichero de log cerrado.

00 12:39:57:432 Fichero de log abierto PID 12168

02 12:39:57:435 Intentando abrir fichero v10.ini
02 12:39:57:440 Cargando driver v10oracle funcion damedriveroracle
02 12:39:58:235 Conectado a base de datos
02 12:39:58:237 Proceso CREABULTOS encontrado en tabla VDPROCESOS
02 12:39:58:239 Proceso CREABULTOS cargado con función vdbuscapedst (Librería VDPEDIDOS.DLL) direccion 05EFA090
02 12:39:58:240 Proceso VOLUMETRIA encontrado en tabla VDPROCESOS
02 12:39:58:240 Proceso VOLUMETRIA cargado con función vdprocesapedst (Librería VDPEDIDOS.DLL) direccion 05EFA500
02 12:39:58:242 PLSQL: INICIALIZADO PAQUETE DE LOG EL DIA 04-04-2022
02 12:39:58:255 Actualizado SID 865 SERIAL 51614 del proceso con PID 12168

00 12:40:52:377 Fichero de log cerrado.

00 12:40:57:782 Fichero de log abierto PID 5132

02 12:40:57:792 Intentando abrir fichero v10.ini
02 12:40:57:797 Cargando driver v10oracle funcion damedriveroracle
02 12:40:58:327 Conectado a base de datos
02 12:40:58:329 Proceso CREABULTOS encontrado en tabla VDPROCESOS
02 12:40:58:330 Proceso CREABULTOS cargado con función vdbuscapedst (Librería VDPEDIDOS.DLL) direccion 046CA090
02 12:40:58:330 Proceso VOLUMETRIA encontrado en tabla VDPROCESOS
02 12:40:58:330 Proceso VOLUMETRIA cargado con función vdprocesapedst (Librería VDPEDIDOS.DLL) direccion 046CA500
02 12:40:58:333 PLSQL: INICIALIZADO PAQUETE DE LOG EL DIA 04-04-2022
02 12:40:58:342 Actualizado SID 626 SERIAL 23794 del proceso con PID 5132
02 16:22:48:667 Ejecucion número 10001 del proceso CREABULTOS total 646190
02 16:22:48:667 Ejecucion número 10001 del proceso VOLUMETRIA total 646190

00 17:13:21:679 Fichero de log cerrado.

00 17:13:27:065 Fichero de log abierto PID 11172

02 17:13:27:067 Intentando abrir fichero v10.ini
02 17:13:27:074 Cargando driver v10oracle funcion damedriveroracle
02 17:13:27:647 Conectado a base de datos
02 17:13:27:649 Proceso CREABULTOS encontrado en tabla VDPROCESOS
02 17:13:27:650 Proceso CREABULTOS cargado con función vdbuscapedst (Librería VDPEDIDOS.DLL) direccion 050FA090
02 17:13:27:650 Proceso VOLUMETRIA encontrado en tabla VDPROCESOS
02 17:13:27:650 Proceso VOLUMETRIA cargado con función vdprocesapedst (Librería VDPEDIDOS.DLL) direccion 050FA500
02 17:13:27:653 PLSQL: INICIALIZADO PAQUETE DE LOG EL DIA 04-04-2022
02 17:13:27:662 Actualizado SID 134 SERIAL 34402 del proceso con PID 11172

00 17:58:21:362 Fichero de log cerrado.

