00 09:08:33:181 Fichero de log abierto PID 7336

02 09:08:33:182 Intentando abrir fichero v10.ini
02 09:08:33:187 Cargando driver v10oracle funcion damedriveroracle
02 09:08:33:697 Conectado a base de datos
02 09:08:33:700 Proceso CREABULTOS encontrado en tabla VDPROCESOS
02 09:08:33:701 Proceso CREABULTOS cargado con función vdbuscapedst (Librería VDPEDIDOS.DLL) direccion 065DA090
02 09:08:33:702 Proceso VOLUMETRIA encontrado en tabla VDPROCESOS
02 09:08:33:702 Proceso VOLUMETRIA cargado con función vdprocesapedst (Librería VDPEDIDOS.DLL) direccion 065DA500
02 09:08:33:704 PLSQL: INICIALIZADO PAQUETE DE LOG EL DIA 01-04-2022
02 09:08:33:712 Actualizado SID 503 SERIAL 31853 del proceso con PID 7336

00 10:41:41:278 Fichero de log cerrado.

00 10:42:00:982 Fichero de log abierto PID 13452

02 10:42:00:982 Intentando abrir fichero v10.ini
02 10:42:00:992 Cargando driver v10oracle funcion damedriveroracle
02 10:42:01:802 Conectado a base de datos
02 10:42:01:803 Proceso CREABULTOS encontrado en tabla VDPROCESOS
02 10:42:01:806 Proceso CREABULTOS cargado con función vdbuscapedst (Librería VDPEDIDOS.DLL) direccion 05FEA090
02 10:42:01:807 Proceso VOLUMETRIA encontrado en tabla VDPROCESOS
02 10:42:01:807 Proceso VOLUMETRIA cargado con función vdprocesapedst (Librería VDPEDIDOS.DLL) direccion 05FEA500
02 10:42:01:810 PLSQL: INICIALIZADO PAQUETE DE LOG EL DIA 01-04-2022
02 10:42:01:820 Actualizado SID 133 SERIAL 18797 del proceso con PID 13452

00 12:15:10:340 Fichero de log cerrado.

00 12:15:19:107 Fichero de log abierto PID 13172

02 12:15:19:147 Intentando abrir fichero v10.ini
02 12:15:19:152 Cargando driver v10oracle funcion damedriveroracle
02 12:15:20:100 Conectado a base de datos
02 12:15:20:102 Proceso CREABULTOS encontrado en tabla VDPROCESOS
02 12:15:20:104 Proceso CREABULTOS cargado con función vdbuscapedst (Librería VDPEDIDOS.DLL) direccion 05CEA090
02 12:15:20:104 Proceso VOLUMETRIA encontrado en tabla VDPROCESOS
02 12:15:20:104 Proceso VOLUMETRIA cargado con función vdprocesapedst (Librería VDPEDIDOS.DLL) direccion 05CEA500
02 12:15:20:106 PLSQL: INICIALIZADO PAQUETE DE LOG EL DIA 01-04-2022
02 12:15:20:117 Actualizado SID 252 SERIAL 21130 del proceso con PID 13172

00 13:10:54:657 Fichero de log cerrado.

00 13:11:07:382 Fichero de log abierto PID 14848

02 13:11:07:385 Intentando abrir fichero v10.ini
02 13:11:07:392 Cargando driver v10oracle funcion damedriveroracle
02 13:11:08:264 Conectado a base de datos
02 13:11:08:265 Proceso CREABULTOS encontrado en tabla VDPROCESOS
02 13:11:08:267 Proceso CREABULTOS cargado con función vdbuscapedst (Librería VDPEDIDOS.DLL) direccion 06F6A090
02 13:11:08:267 Proceso VOLUMETRIA encontrado en tabla VDPROCESOS
02 13:11:08:267 Proceso VOLUMETRIA cargado con función vdprocesapedst (Librería VDPEDIDOS.DLL) direccion 06F6A500
02 13:11:08:268 PLSQL: INICIALIZADO PAQUETE DE LOG EL DIA 01-04-2022
02 13:11:08:282 Actualizado SID 750 SERIAL 19746 del proceso con PID 14848

00 13:31:06:365 Fichero de log cerrado.

00 13:31:13:809 Fichero de log abierto PID 6048

02 13:31:13:810 Intentando abrir fichero v10.ini
02 13:31:13:817 Cargando driver v10oracle funcion damedriveroracle
02 13:31:14:745 Conectado a base de datos
02 13:31:14:747 Proceso CREABULTOS encontrado en tabla VDPROCESOS
02 13:31:14:750 Proceso CREABULTOS cargado con función vdbuscapedst (Librería VDPEDIDOS.DLL) direccion 05F3A090
02 13:31:14:750 Proceso VOLUMETRIA encontrado en tabla VDPROCESOS
02 13:31:14:750 Proceso VOLUMETRIA cargado con función vdprocesapedst (Librería VDPEDIDOS.DLL) direccion 05F3A500
02 13:31:14:752 PLSQL: INICIALIZADO PAQUETE DE LOG EL DIA 01-04-2022
02 13:31:14:767 Actualizado SID 506 SERIAL 2414 del proceso con PID 6048

00 13:39:34:107 Fichero de log cerrado.

00 13:39:48:430 Fichero de log abierto PID 11576

02 13:39:48:432 Intentando abrir fichero v10.ini
02 13:39:48:437 Cargando driver v10oracle funcion damedriveroracle
02 13:39:49:237 Conectado a base de datos
02 13:39:49:239 Proceso CREABULTOS encontrado en tabla VDPROCESOS
02 13:39:49:239 Proceso CREABULTOS cargado con función vdbuscapedst (Librería VDPEDIDOS.DLL) direccion 0683A090
02 13:39:49:239 Proceso VOLUMETRIA encontrado en tabla VDPROCESOS
02 13:39:49:239 Proceso VOLUMETRIA cargado con función vdprocesapedst (Librería VDPEDIDOS.DLL) direccion 0683A500
02 13:39:49:242 PLSQL: INICIALIZADO PAQUETE DE LOG EL DIA 01-04-2022
02 13:39:49:250 Actualizado SID 506 SERIAL 53678 del proceso con PID 11576

00 13:41:22:215 Fichero de log cerrado.

00 13:41:28:995 Fichero de log abierto PID 7400

02 13:41:28:997 Intentando abrir fichero v10.ini
02 13:41:29:002 Cargando driver v10oracle funcion damedriveroracle
02 13:41:29:637 Conectado a base de datos
02 13:41:29:639 Proceso CREABULTOS encontrado en tabla VDPROCESOS
02 13:41:29:640 Proceso CREABULTOS cargado con función vdbuscapedst (Librería VDPEDIDOS.DLL) direccion 03C5A090
02 13:41:29:640 Proceso VOLUMETRIA encontrado en tabla VDPROCESOS
02 13:41:29:640 Proceso VOLUMETRIA cargado con función vdprocesapedst (Librería VDPEDIDOS.DLL) direccion 03C5A500
02 13:41:29:643 PLSQL: INICIALIZADO PAQUETE DE LOG EL DIA 01-04-2022
02 13:41:29:652 Actualizado SID 10 SERIAL 5487 del proceso con PID 7400

00 13:58:39:757 Fichero de log cerrado.

