00 11:41:47:047 Fichero de log abierto PID 2912

02 11:41:47:050 Intentando abrir fichero v10.ini
02 11:41:47:055 Cargando driver v10oracle funcion damedriveroracle
02 11:41:47:577 Conectado a base de datos
02 11:41:47:579 Proceso CREABULTOS encontrado en tabla VDPROCESOS
02 11:41:48:565 Proceso CREABULTOS cargado con función vdbuscapedst (Librería VDPEDIDOS.DLL) direccion 0683A090
02 11:41:48:565 Proceso VOLUMETRIA encontrado en tabla VDPROCESOS
02 11:41:48:565 Proceso VOLUMETRIA cargado con función vdprocesapedst (Librería VDPEDIDOS.DLL) direccion 0683A500
02 11:41:48:569 PLSQL: INICIALIZADO PAQUETE DE LOG EL DIA 04-07-2022
02 11:41:48:589 Actualizado SID 753 SERIAL 17132 del proceso con PID 2912
02 14:37:47:270 Ejecucion número 10001 del proceso CREABULTOS total 627555
02 14:37:48:280 Ejecucion número 10001 del proceso VOLUMETRIA total 627620

00 16:28:21:850 Fichero de log cerrado.

00 16:28:33:172 Fichero de log abierto PID 4772

02 16:28:33:175 Intentando abrir fichero v10.ini
02 16:28:33:182 Cargando driver v10oracle funcion damedriveroracle
02 16:28:33:794 Conectado a base de datos
02 16:28:33:795 Proceso CREABULTOS encontrado en tabla VDPROCESOS
02 16:28:33:797 Proceso CREABULTOS cargado con función vdbuscapedst (Librería VDPEDIDOS.DLL) direccion 0581A090
02 16:28:33:797 Proceso VOLUMETRIA encontrado en tabla VDPROCESOS
02 16:28:33:797 Proceso VOLUMETRIA cargado con función vdprocesapedst (Librería VDPEDIDOS.DLL) direccion 0581A500
02 16:28:33:800 PLSQL: INICIALIZADO PAQUETE DE LOG EL DIA 04-07-2022
02 16:28:33:809 Actualizado SID 20 SERIAL 18094 del proceso con PID 4772

00 17:57:33:832 Fichero de log cerrado.

