00 08:59:49:261 Fichero de log abierto PID 11276

02 08:59:49:262 Intentando abrir fichero v10.ini
02 08:59:49:265 Cargando driver v10oracle funcion damedriveroracle
02 08:59:49:753 Conectado a base de datos
02 08:59:49:755 Proceso CREABULTOS encontrado en tabla VDPROCESOS
02 08:59:49:757 Proceso CREABULTOS cargado con función vdbuscapedst (Librería VDPEDIDOS.DLL) direccion 0610A090
02 08:59:49:757 Proceso VOLUMETRIA encontrado en tabla VDPROCESOS
02 08:59:49:757 Proceso VOLUMETRIA cargado con función vdprocesapedst (Librería VDPEDIDOS.DLL) direccion 0610A500
02 08:59:49:759 PLSQL: INICIALIZADO PAQUETE DE LOG EL DIA 27-06-2022
02 08:59:49:786 Actualizado SID 631 SERIAL 32179 del proceso con PID 11276
02 11:55:57:839 Ejecucion número 10001 del proceso CREABULTOS total 602210
02 11:56:01:447 Ejecucion número 10001 del proceso VOLUMETRIA total 602423
02 14:43:58:439 Ejecucion número 20001 del proceso CREABULTOS total 1203602
02 14:44:01:860 Ejecucion número 20001 del proceso VOLUMETRIA total 1203805

00 17:47:53:384 Fichero de log cerrado.

00 17:48:08:652 Fichero de log abierto PID 13700

02 17:48:08:655 Intentando abrir fichero v10.ini
02 17:48:08:660 Cargando driver v10oracle funcion damedriveroracle
02 17:48:09:250 Conectado a base de datos
02 17:48:09:252 Proceso CREABULTOS encontrado en tabla VDPROCESOS
02 17:48:09:254 Proceso CREABULTOS cargado con función vdbuscapedst (Librería VDPEDIDOS.DLL) direccion 060DA090
02 17:48:09:254 Proceso VOLUMETRIA encontrado en tabla VDPROCESOS
02 17:48:09:254 Proceso VOLUMETRIA cargado con función vdprocesapedst (Librería VDPEDIDOS.DLL) direccion 060DA500
02 17:48:09:256 PLSQL: INICIALIZADO PAQUETE DE LOG EL DIA 27-06-2022
02 17:48:09:262 Actualizado SID 874 SERIAL 29253 del proceso con PID 13700

00 17:57:06:535 Fichero de log cerrado.

