00 09:09:35:363 Fichero de log abierto PID 3360

02 09:09:35:367 Intentando abrir fichero v10.ini
02 09:09:35:443 Cargando driver v10oracle funcion damedriveroracle
02 09:09:36:342 Conectado a base de datos
02 09:09:36:342 Proceso CREABULTOS encontrado en tabla VDPROCESOS
02 09:09:36:345 Proceso CREABULTOS cargado con función vdbuscapedst (Librería VDPEDIDOS.DLL) direccion 0628A090
02 09:09:36:345 Proceso VOLUMETRIA encontrado en tabla VDPROCESOS
02 09:09:36:345 Proceso VOLUMETRIA cargado con función vdprocesapedst (Librería VDPEDIDOS.DLL) direccion 0628A500
02 09:09:36:345 PLSQL: INICIALIZADO PAQUETE DE LOG EL DIA 05-04-2022
02 09:09:36:356 Actualizado SID 633 SERIAL 38074 del proceso con PID 3360

00 09:57:03:202 Fichero de log cerrado.

00 09:57:16:492 Fichero de log abierto PID 9192

02 09:57:16:546 Intentando abrir fichero v10.ini
02 09:57:16:555 Cargando driver v10oracle funcion damedriveroracle
02 09:57:17:395 Conectado a base de datos
02 09:57:17:396 Proceso CREABULTOS encontrado en tabla VDPROCESOS
02 09:57:17:397 Proceso CREABULTOS cargado con función vdbuscapedst (Librería VDPEDIDOS.DLL) direccion 05C3A090
02 09:57:17:397 Proceso VOLUMETRIA encontrado en tabla VDPROCESOS
02 09:57:17:397 Proceso VOLUMETRIA cargado con función vdprocesapedst (Librería VDPEDIDOS.DLL) direccion 05C3A500
02 09:57:17:400 PLSQL: INICIALIZADO PAQUETE DE LOG EL DIA 05-04-2022
02 09:57:17:410 Actualizado SID 137 SERIAL 32167 del proceso con PID 9192

00 10:01:40:407 Fichero de log cerrado.

00 10:03:38:695 Fichero de log abierto PID 13568

02 10:03:38:695 Intentando abrir fichero v10.ini
02 10:03:38:702 Cargando driver v10oracle funcion damedriveroracle
02 10:03:39:412 Conectado a base de datos
02 10:03:39:412 Proceso CREABULTOS encontrado en tabla VDPROCESOS
02 10:03:39:415 Proceso CREABULTOS cargado con función vdbuscapedst (Librería VDPEDIDOS.DLL) direccion 060EA090
02 10:03:39:415 Proceso VOLUMETRIA encontrado en tabla VDPROCESOS
02 10:03:39:415 Proceso VOLUMETRIA cargado con función vdprocesapedst (Librería VDPEDIDOS.DLL) direccion 060EA500
02 10:03:39:418 PLSQL: INICIALIZADO PAQUETE DE LOG EL DIA 05-04-2022
02 10:03:39:427 Actualizado SID 379 SERIAL 23768 del proceso con PID 13568
02 13:17:48:490 Ejecucion número 10001 del proceso CREABULTOS total 645363
02 13:17:48:492 Ejecucion número 10001 del proceso VOLUMETRIA total 645363

00 16:14:51:332 Fichero de log cerrado.

00 16:15:02:144 Fichero de log abierto PID 536

02 16:15:02:145 Intentando abrir fichero v10.ini
02 16:15:02:152 Cargando driver v10oracle funcion damedriveroracle
02 16:15:03:190 Conectado a base de datos
02 16:15:03:195 Proceso CREABULTOS encontrado en tabla VDPROCESOS
02 16:15:03:199 Proceso CREABULTOS cargado con función vdbuscapedst (Librería VDPEDIDOS.DLL) direccion 046EA090
02 16:15:03:200 Proceso VOLUMETRIA encontrado en tabla VDPROCESOS
02 16:15:03:200 Proceso VOLUMETRIA cargado con función vdprocesapedst (Librería VDPEDIDOS.DLL) direccion 046EA500
02 16:15:03:207 PLSQL: INICIALIZADO PAQUETE DE LOG EL DIA 05-04-2022
02 16:15:03:235 Actualizado SID 625 SERIAL 65159 del proceso con PID 536

00 17:58:46:532 Fichero de log cerrado.

