00 09:09:26:246 Fichero de log abierto PID 2140

02 09:09:26:247 Intentando abrir fichero v10.ini
02 09:09:26:252 Cargando driver v10oracle funcion damedriveroracle
02 09:09:26:842 Conectado a base de datos
02 09:09:26:843 Proceso CREABULTOS encontrado en tabla VDPROCESOS
02 09:09:26:845 Proceso CREABULTOS cargado con función vdbuscapedst (Librería VDPEDIDOS.DLL) direccion 06EFA090
02 09:09:26:845 Proceso VOLUMETRIA encontrado en tabla VDPROCESOS
02 09:09:26:845 Proceso VOLUMETRIA cargado con función vdprocesapedst (Librería VDPEDIDOS.DLL) direccion 06EFA500
02 09:09:26:847 PLSQL: INICIALIZADO PAQUETE DE LOG EL DIA 29-03-2022
02 09:09:26:857 Actualizado SID 18 SERIAL 8746 del proceso con PID 2140
02 11:57:46:409 Ejecucion número 10001 del proceso CREABULTOS total 649234
02 11:57:46:409 Ejecucion número 10001 del proceso VOLUMETRIA total 649234

00 13:50:25:450 Fichero de log cerrado.

00 13:50:30:092 Fichero de log abierto PID 12820

02 13:50:30:094 Intentando abrir fichero v10.ini
02 13:50:30:100 Cargando driver v10oracle funcion damedriveroracle
02 13:50:30:895 Conectado a base de datos
02 13:50:30:897 Proceso CREABULTOS encontrado en tabla VDPROCESOS
02 13:50:30:899 Proceso CREABULTOS cargado con función vdbuscapedst (Librería VDPEDIDOS.DLL) direccion 06B5A090
02 13:50:30:899 Proceso VOLUMETRIA encontrado en tabla VDPROCESOS
02 13:50:30:899 Proceso VOLUMETRIA cargado con función vdprocesapedst (Librería VDPEDIDOS.DLL) direccion 06B5A500
02 13:50:30:901 PLSQL: INICIALIZADO PAQUETE DE LOG EL DIA 29-03-2022
02 13:50:30:912 Actualizado SID 376 SERIAL 19152 del proceso con PID 12820

00 13:56:42:807 Fichero de log cerrado.

00 13:56:46:405 Fichero de log abierto PID 4184

02 13:56:46:407 Intentando abrir fichero v10.ini
02 13:56:46:412 Cargando driver v10oracle funcion damedriveroracle
02 13:56:47:155 Conectado a base de datos
02 13:56:47:157 Proceso CREABULTOS encontrado en tabla VDPROCESOS
02 13:56:47:157 Proceso CREABULTOS cargado con función vdbuscapedst (Librería VDPEDIDOS.DLL) direccion 05B3A090
02 13:56:47:159 Proceso VOLUMETRIA encontrado en tabla VDPROCESOS
02 13:56:47:159 Proceso VOLUMETRIA cargado con función vdprocesapedst (Librería VDPEDIDOS.DLL) direccion 05B3A500
02 13:56:47:160 PLSQL: INICIALIZADO PAQUETE DE LOG EL DIA 29-03-2022
02 13:56:47:169 Actualizado SID 136 SERIAL 59162 del proceso con PID 4184

00 15:32:15:834 Fichero de log cerrado.

00 15:32:21:759 Fichero de log abierto PID 13440

02 15:32:21:762 Intentando abrir fichero v10.ini
02 15:32:21:769 Cargando driver v10oracle funcion damedriveroracle
02 15:32:22:589 Conectado a base de datos
02 15:32:22:590 Proceso CREABULTOS encontrado en tabla VDPROCESOS
02 15:32:22:592 Proceso CREABULTOS cargado con función vdbuscapedst (Librería VDPEDIDOS.DLL) direccion 065FA090
02 15:32:22:592 Proceso VOLUMETRIA encontrado en tabla VDPROCESOS
02 15:32:22:592 Proceso VOLUMETRIA cargado con función vdprocesapedst (Librería VDPEDIDOS.DLL) direccion 065FA500
02 15:32:22:595 PLSQL: INICIALIZADO PAQUETE DE LOG EL DIA 29-03-2022
02 15:32:22:605 Actualizado SID 376 SERIAL 65200 del proceso con PID 13440

00 17:42:37:152 Fichero de log cerrado.

00 17:42:48:120 Fichero de log abierto PID 3580

02 17:42:48:125 Intentando abrir fichero v10.ini
02 17:42:48:132 Cargando driver v10oracle funcion damedriveroracle
02 17:42:49:055 Conectado a base de datos
02 17:42:49:055 Proceso CREABULTOS encontrado en tabla VDPROCESOS
02 17:42:49:057 Proceso CREABULTOS cargado con función vdbuscapedst (Librería VDPEDIDOS.DLL) direccion 0638A090
02 17:42:49:057 Proceso VOLUMETRIA encontrado en tabla VDPROCESOS
02 17:42:49:057 Proceso VOLUMETRIA cargado con función vdprocesapedst (Librería VDPEDIDOS.DLL) direccion 0638A500
02 17:42:49:059 PLSQL: INICIALIZADO PAQUETE DE LOG EL DIA 29-03-2022
02 17:42:49:065 Actualizado SID 135 SERIAL 39924 del proceso con PID 3580

00 17:45:26:707 Fichero de log cerrado.

00 17:45:32:885 Fichero de log abierto PID 14536

02 17:45:32:889 Intentando abrir fichero v10.ini
02 17:45:32:899 Cargando driver v10oracle funcion damedriveroracle
02 17:45:34:965 Conectado a base de datos
02 17:45:34:975 Proceso CREABULTOS encontrado en tabla VDPROCESOS
02 17:45:34:980 Proceso CREABULTOS cargado con función vdbuscapedst (Librería VDPEDIDOS.DLL) direccion 05C5A090
02 17:45:34:980 Proceso VOLUMETRIA encontrado en tabla VDPROCESOS
02 17:45:34:980 Proceso VOLUMETRIA cargado con función vdprocesapedst (Librería VDPEDIDOS.DLL) direccion 05C5A500
02 17:45:34:988 PLSQL: INICIALIZADO PAQUETE DE LOG EL DIA 29-03-2022
02 17:45:35:022 Actualizado SID 632 SERIAL 38163 del proceso con PID 14536

00 17:58:58:372 Fichero de log cerrado.

