00 09:05:35:952 Fichero de log abierto PID 12584

02 09:05:35:953 Intentando abrir fichero v10.ini
02 09:05:35:957 Cargando driver v10oracle funcion damedriveroracle
02 09:05:36:477 Conectado a base de datos
02 09:05:36:477 Proceso CREABULTOS encontrado en tabla VDPROCESOS
02 09:05:36:478 Proceso CREABULTOS cargado con función vdbuscapedst (Librería VDPEDIDOS.DLL) direccion 0660A090
02 09:05:36:478 Proceso VOLUMETRIA encontrado en tabla VDPROCESOS
02 09:05:36:480 Proceso VOLUMETRIA cargado con función vdprocesapedst (Librería VDPEDIDOS.DLL) direccion 0660A500
02 09:05:36:482 PLSQL: INICIALIZADO PAQUETE DE LOG EL DIA 24-03-2022
02 09:05:36:490 Actualizado SID 875 SERIAL 21908 del proceso con PID 12584

00 10:23:49:043 Fichero de log cerrado.

00 10:23:56:315 Fichero de log abierto PID 6760

02 10:23:56:316 Intentando abrir fichero v10.ini
02 10:23:56:325 Cargando driver v10oracle funcion damedriveroracle
02 10:23:57:032 Conectado a base de datos
02 10:23:57:035 Proceso CREABULTOS encontrado en tabla VDPROCESOS
02 10:23:57:036 Proceso CREABULTOS cargado con función vdbuscapedst (Librería VDPEDIDOS.DLL) direccion 0648A090
02 10:23:57:037 Proceso VOLUMETRIA encontrado en tabla VDPROCESOS
02 10:23:57:037 Proceso VOLUMETRIA cargado con función vdprocesapedst (Librería VDPEDIDOS.DLL) direccion 0648A500
02 10:23:57:038 PLSQL: INICIALIZADO PAQUETE DE LOG EL DIA 24-03-2022
02 10:23:57:047 Actualizado SID 501 SERIAL 21181 del proceso con PID 6760
02 13:33:06:259 Ejecucion número 10001 del proceso CREABULTOS total 649283
02 13:33:06:260 Ejecucion número 10001 del proceso VOLUMETRIA total 649283
02 17:16:54:200 Ejecucion número 20001 del proceso CREABULTOS total 1282475
02 17:16:54:340 Ejecucion número 20001 del proceso VOLUMETRIA total 1282484

00 17:58:50:005 Fichero de log cerrado.

