00 16:34:20:795 Fichero de log abierto PID 18352

02 16:34:20:795 Intentando abrir fichero v10.ini
02 16:34:20:802 Cargando driver v10oracle funcion damedriveroracle
02 16:34:20:899 Conectado a base de datos
02 16:34:20:902 Proceso DISPONIBILIDAD encontrado en tabla VDPROCESOS
02 16:34:20:904 Proceso DISPONIBILIDAD cargado con función vddisp (Librería VDPEDIDOS.DLL) direccion 07065C90
02 16:34:20:907 PLSQL: INICIALIZADO PAQUETE DE LOG EL DIA 04-03-2021
02 16:34:20:924 Iniciando disponibilidad...
00 16:34:20:961 PLSQL: CALCULADISP :  INICIO DE DISPONIBILIDAD
02 16:34:20:961 PLSQL: CALCULADISP :  BORRADA TABLA DE FALTAS
02 16:34:20:962 PLSQL: CALCULADISP :  PEDIDOS EN ESTADO PDTELANZAR RETROCEDIDOS
00 16:34:20:962 PLSQL: CALCULADISPAREA :  CALCULANDO DISPONIBILIDAD PARA AREA  EXPEDN1415  POR TAREA  DISPONIBILIDAD 
02 16:34:20:968 PLSQL:  :  LINEA   1 CARGADO PARA ARTICULO  BELBP4180             DISPONIBLE:  1072 PRERESERVADO:     0  LOTE   , MARCASTK   , NUMEROSERIE 
02 16:34:20:969 PLSQL:  :  LINEA   2 CARGADO PARA ARTICULO  BELM41100             DISPONIBLE:     0 PRERESERVADO:     0  LOTE   , MARCASTK   , NUMEROSERIE 
02 16:34:20:970 PLSQL:  :  LINEA   3 CARGADO PARA ARTICULO  BELM6900              DISPONIBLE:   480 PRERESERVADO:     0  LOTE   , MARCASTK   , NUMEROSERIE 
02 16:34:20:970 PLSQL:  :  LINEA   4 CARGADO PARA ARTICULO  BELSH60061            DISPONIBLE:     0 PRERESERVADO:     0  LOTE   , MARCASTK   , NUMEROSERIE 
02 16:34:20:971 PLSQL:  :  LINEA   5 CARGADO PARA ARTICULO  BELVIAT5013A          DISPONIBLE:     0 PRERESERVADO:     0  LOTE   , MARCASTK   , NUMEROSERIE 
02 16:34:20:971 PLSQL:  :  LINEA   6 CARGADO PARA ARTICULO  BELVIAT5023A          DISPONIBLE:     0 PRERESERVADO:     0  LOTE   , MARCASTK   , NUMEROSERIE 
02 16:34:20:971 PLSQL:  :  LINEA   7 CARGADO PARA ARTICULO  BEL1B                 DISPONIBLE:   468 PRERESERVADO:     0  LOTE   , MARCASTK   , NUMEROSERIE 
02 16:34:20:972 PLSQL:  :  LINEA   8 CARGADO PARA ARTICULO  BEL25602              DISPONIBLE:     0 PRERESERVADO:     0  LOTE   , MARCASTK   , NUMEROSERIE 
02 16:34:20:972 PLSQL:  :  LINEA   9 CARGADO PARA ARTICULO  BEL2561               DISPONIBLE:     0 PRERESERVADO:     0  LOTE   , MARCASTK   , NUMEROSERIE 
02 16:34:20:972 PLSQL:  :  LINEA  10 CARGADO PARA ARTICULO  BEL3080CM             DISPONIBLE:     0 PRERESERVADO:     0  LOTE   , MARCASTK   , NUMEROSERIE 
02 16:34:20:974 PLSQL:  :  LINEA  11 CARGADO PARA ARTICULO  BEL4B                 DISPONIBLE:  2591 PRERESERVADO:     0  LOTE   , MARCASTK   , NUMEROSERIE 
02 16:34:20:975 PLSQL:  :  LINEA  12 CARGADO PARA ARTICULO  BEL5120125            DISPONIBLE:     0 PRERESERVADO:     0  LOTE   , MARCASTK   , NUMEROSERIE 
02 16:34:20:975 PLSQL:  :  LINEA  13 CARGADO PARA ARTICULO  BEL5308BN             DISPONIBLE:     0 PRERESERVADO:     0  LOTE   , MARCASTK   , NUMEROSERIE 
02 16:34:20:976 PLSQL:  :  LINEA  14 CARGADO PARA ARTICULO  BEL5310BCF            DISPONIBLE:     0 PRERESERVADO:     0  LOTE   , MARCASTK   , NUMEROSERIE 
02 16:34:20:976 PLSQL:  :  LINEA  15 CARGADO PARA ARTICULO  BEL582518350CP        DISPONIBLE:     0 PRERESERVADO:     0  LOTE   , MARCASTK   , NUMEROSERIE 
02 16:34:20:977 PLSQL:  :  LINEA  16 CARGADO PARA ARTICULO  BEL589030             DISPONIBLE:     0 PRERESERVADO:     0  LOTE   , MARCASTK   , NUMEROSERIE 
02 16:34:20:978 PLSQL:  :  LINEA  17 CARGADO PARA ARTICULO  BEL5900140            DISPONIBLE:  1080 PRERESERVADO:     0  LOTE   , MARCASTK   , NUMEROSERIE 
02 16:34:20:980 PLSQL:  :  LINEA  18 CARGADO PARA ARTICULO  BEL6001225            DISPONIBLE:  5184 PRERESERVADO:     0  LOTE   , MARCASTK   , NUMEROSERIE 
02 16:34:20:981 PLSQL:  :  LINEA  19 CARGADO PARA ARTICULO  BEL72208B47S3         DISPONIBLE:     0 PRERESERVADO:     0  LOTE   , MARCASTK   , NUMEROSERIE 
02 16:34:20:981 PLSQL:  :  LINEA  20 CARGADO PARA ARTICULO  BEL72223B44S3         DISPONIBLE:     0 PRERESERVADO:     0  LOTE   , MARCASTK   , NUMEROSERIE 
02 16:34:20:981 PLSQL:  :  LINEA  21 CARGADO PARA ARTICULO  BEL7231040S1P         DISPONIBLE:     0 PRERESERVADO:     0  LOTE   , MARCASTK   , NUMEROSERIE 
02 16:34:20:981 PLSQL:  :  LINEA  22 CARGADO PARA ARTICULO  BEL7231042S1P         DISPONIBLE:     0 PRERESERVADO:     0  LOTE   , MARCASTK   , NUMEROSERIE 
02 16:34:20:981 PLSQL:  :  LINEA  23 CARGADO PARA ARTICULO  BEL7231044S1P         DISPONIBLE:     0 PRERESERVADO:     0  LOTE   , MARCASTK   , NUMEROSERIE 
02 16:34:20:981 PLSQL:  :  LINEA  24 CARGADO PARA ARTICULO  BEL7231045S1P         DISPONIBLE:     0 PRERESERVADO:     0  LOTE   , MARCASTK   , NUMEROSERIE 
02 16:34:20:982 PLSQL:  :  LINEA  25 CARGADO PARA ARTICULO  BEL7231047S1P         DISPONIBLE:    70 PRERESERVADO:     0  LOTE   , MARCASTK   , NUMEROSERIE 
02 16:34:20:982 PLSQL:  :  LINEA  26 CARGADO PARA ARTICULO  BEL8011E              DISPONIBLE:     0 PRERESERVADO:     0  LOTE   , MARCASTK   , NUMEROSERIE 
02 16:34:20:983 PLSQL:  :  LINEA  27 CARGADO PARA ARTICULO  BEL8053500            DISPONIBLE:     0 PRERESERVADO:     0  LOTE   , MARCASTK   , NUMEROSERIE 
02 16:34:20:984 PLSQL:  :  LINEA  28 CARGADO PARA ARTICULO  BEL8281250            DISPONIBLE:     0 PRERESERVADO:     0  LOTE   , MARCASTK   , NUMEROSERIE 
02 16:34:20:985 PLSQL:  :  LINEA  29 CARGADO PARA ARTICULO  BEL9145ECO            DISPONIBLE:     0 PRERESERVADO:     0  LOTE   , MARCASTK   , NUMEROSERIE 
02 16:34:20:985 PLSQL:  :  LINEA  30 CARGADO PARA ARTICULO  BEL95018              DISPONIBLE:     0 PRERESERVADO:     0  LOTE   , MARCASTK   , NUMEROSERIE 
00 16:34:20:985 PLSQL: CALCULADISPAREA :  FIN CARGA STOCK DISPONIBLE PARA AREA  EXPEDN1415  POR TAREA  DISPONIBILIDAD 
00 16:34:20:986 PLSQL: CALCULADISPAREA :  PRIMER REGISTRO
02 16:34:20:986 PLSQL: CALCULADISPAREA :  INICIO DISPONIBILIDAD DE PEDIDO  BEL
02 16:34:20:986 PLSQL: CALCULADISPAREA :   TRATANDO LINEA 10 CON BACKORDER  P , CANTIDAD PENDIENTE 3 Y ARTICULO: 'BELSH60061', LOTE: '', MARCASTK: '', NUMEROSERIE: ''
00 16:34:20:986 PLSQL: CALCULADISPAREA :      LINEA DE PEDIDO  BEL  -  2020  -  799299-959615 ' - '1' - '10'  NO EXISTE EN ARRAY DE DISPONIBILIDAD
02 16:34:20:986 PLSQL: CALCULADISPAREA :      (ERR) LINEA NO CUMPLE BACKORDER AL NO TENER DISPONIBLE 
02 16:34:20:986 PLSQL: CALCULADISPAREA :   FIN DE LINEA 10
02 16:34:20:986 PLSQL: CALCULADISPAREA :   TRATANDO LINEA 7 CON BACKORDER  P , CANTIDAD PENDIENTE 12 Y ARTICULO: 'BEL1B', LOTE: '', MARCASTK: '', NUMEROSERIE: ''
02 16:34:20:986 PLSQL: CALCULADISPAREA :      DISPONIBLE ACTUAL ( 468 ) = DISPONIBLE INICIAL ( 468 ) - PRERESERVADO  ( 0 ) - DESCONTADO ( 0 )
02 16:34:20:986 PLSQL: CALCULADISPAREA :      LINEA 7 CUMPLE BACKORDER AL TENER DISPONIBLE 468 Y TENER POR SERVIR 12
02 16:34:20:987 PLSQL: CALCULADISPAREA :   FIN DE LINEA 7
02 16:34:20:987 PLSQL: CALCULADISPAREA :   TRATANDO LINEA 14 CON BACKORDER  P , CANTIDAD PENDIENTE 1 Y ARTICULO: 'BEL25602', LOTE: '', MARCASTK: '', NUMEROSERIE: ''
02 16:34:20:987 PLSQL: CALCULADISPAREA :      DISPONIBLE ACTUAL ( 0 ) = DISPONIBLE INICIAL ( 0 ) - PRERESERVADO  ( 0 ) - DESCONTADO ( 0 )
02 16:34:20:987 PLSQL: CALCULADISPAREA :      (ERR) LINEA 14 NO CUMPLE BACKORDER AL TENER DISPONIBLE 0 Y TENER POR SERVIR 1
02 16:34:20:987 PLSQL: CALCULADISPAREA :   FIN DE LINEA 14
02 16:34:20:987 PLSQL: CALCULADISPAREA :   TRATANDO LINEA 15 CON BACKORDER  P , CANTIDAD PENDIENTE 1 Y ARTICULO: 'BEL2561', LOTE: '', MARCASTK: '', NUMEROSERIE: ''
02 16:34:20:987 PLSQL: CALCULADISPAREA :      DISPONIBLE ACTUAL ( 0 ) = DISPONIBLE INICIAL ( 0 ) - PRERESERVADO  ( 0 ) - DESCONTADO ( 0 )
02 16:34:20:987 PLSQL: CALCULADISPAREA :      (ERR) LINEA 15 NO CUMPLE BACKORDER AL TENER DISPONIBLE 0 Y TENER POR SERVIR 1
02 16:34:20:987 PLSQL: CALCULADISPAREA :   FIN DE LINEA 15
02 16:34:20:987 PLSQL: CALCULADISPAREA :   TRATANDO LINEA 20 CON BACKORDER  P , CANTIDAD PENDIENTE 2 Y ARTICULO: 'BEL3080CM', LOTE: '', MARCASTK: '', NUMEROSERIE: ''
02 16:34:20:987 PLSQL: CALCULADISPAREA :      DISPONIBLE ACTUAL ( 0 ) = DISPONIBLE INICIAL ( 0 ) - PRERESERVADO  ( 0 ) - DESCONTADO ( 0 )
02 16:34:20:987 PLSQL: CALCULADISPAREA :      (ERR) LINEA 20 NO CUMPLE BACKORDER AL TENER DISPONIBLE 0 Y TENER POR SERVIR 2
02 16:34:20:987 PLSQL: CALCULADISPAREA :   FIN DE LINEA 20
02 16:34:20:987 PLSQL: CALCULADISPAREA :   TRATANDO LINEA 6 CON BACKORDER  P , CANTIDAD PENDIENTE 12 Y ARTICULO: 'BEL4B', LOTE: '', MARCASTK: '', NUMEROSERIE: ''
02 16:34:20:987 PLSQL: CALCULADISPAREA :      DISPONIBLE ACTUAL ( 2591 ) = DISPONIBLE INICIAL ( 2591 ) - PRERESERVADO  ( 0 ) - DESCONTADO ( 0 )
02 16:34:20:987 PLSQL: CALCULADISPAREA :      LINEA 6 CUMPLE BACKORDER AL TENER DISPONIBLE 2591 Y TENER POR SERVIR 12
02 16:34:20:987 PLSQL: CALCULADISPAREA :   FIN DE LINEA 6
02 16:34:20:987 PLSQL: CALCULADISPAREA :   TRATANDO LINEA 11 CON BACKORDER  P , CANTIDAD PENDIENTE 3 Y ARTICULO: 'BEL5310BCF', LOTE: '', MARCASTK: '', NUMEROSERIE: ''
02 16:34:20:987 PLSQL: CALCULADISPAREA :      DISPONIBLE ACTUAL ( 0 ) = DISPONIBLE INICIAL ( 0 ) - PRERESERVADO  ( 0 ) - DESCONTADO ( 0 )
02 16:34:20:987 PLSQL: CALCULADISPAREA :      (ERR) LINEA 11 NO CUMPLE BACKORDER AL TENER DISPONIBLE 0 Y TENER POR SERVIR 3
02 16:34:20:987 PLSQL: CALCULADISPAREA :   FIN DE LINEA 11
02 16:34:20:987 PLSQL: CALCULADISPAREA :   TRATANDO LINEA 17 CON BACKORDER  P , CANTIDAD PENDIENTE 6 Y ARTICULO: 'BEL589030', LOTE: '', MARCASTK: '', NUMEROSERIE: ''
02 16:34:20:987 PLSQL: CALCULADISPAREA :      DISPONIBLE ACTUAL ( 0 ) = DISPONIBLE INICIAL ( 0 ) - PRERESERVADO  ( 0 ) - DESCONTADO ( 0 )
02 16:34:20:987 PLSQL: CALCULADISPAREA :      (ERR) LINEA 17 NO CUMPLE BACKORDER AL TENER DISPONIBLE 0 Y TENER POR SERVIR 6
02 16:34:20:987 PLSQL: CALCULADISPAREA :   FIN DE LINEA 17
02 16:34:20:987 PLSQL: CALCULADISPAREA :   TRATANDO LINEA 1 CON BACKORDER  P , CANTIDAD PENDIENTE 2 Y ARTICULO: 'BEL6001225', LOTE: '', MARCASTK: '', NUMEROSERIE: ''
02 16:34:20:987 PLSQL: CALCULADISPAREA :      DISPONIBLE ACTUAL ( 5184 ) = DISPONIBLE INICIAL ( 5184 ) - PRERESERVADO  ( 0 ) - DESCONTADO ( 0 )
02 16:34:20:987 PLSQL: CALCULADISPAREA :      LINEA 1 CUMPLE BACKORDER AL TENER DISPONIBLE 5184 Y TENER POR SERVIR 2
02 16:34:20:987 PLSQL: CALCULADISPAREA :   FIN DE LINEA 1
02 16:34:20:987 PLSQL: CALCULADISPAREA :   TRATANDO LINEA 5 CON BACKORDER  P , CANTIDAD PENDIENTE 2 Y ARTICULO: 'BEL72223B44S3', LOTE: '', MARCASTK: '', NUMEROSERIE: ''
02 16:34:20:988 PLSQL: CALCULADISPAREA :      DISPONIBLE ACTUAL ( 0 ) = DISPONIBLE INICIAL ( 0 ) - PRERESERVADO  ( 0 ) - DESCONTADO ( 0 )
02 16:34:20:988 PLSQL: CALCULADISPAREA :      (ERR) LINEA 5 NO CUMPLE BACKORDER AL TENER DISPONIBLE 0 Y TENER POR SERVIR 2
02 16:34:20:988 PLSQL: CALCULADISPAREA :   FIN DE LINEA 5
02 16:34:20:988 PLSQL: CALCULADISPAREA :   TRATANDO LINEA 3 CON BACKORDER  P , CANTIDAD PENDIENTE 1 Y ARTICULO: 'BEL8011E', LOTE: '', MARCASTK: '', NUMEROSERIE: ''
02 16:34:20:988 PLSQL: CALCULADISPAREA :      DISPONIBLE ACTUAL ( 0 ) = DISPONIBLE INICIAL ( 0 ) - PRERESERVADO  ( 0 ) - DESCONTADO ( 0 )
02 16:34:20:988 PLSQL: CALCULADISPAREA :      (ERR) LINEA 3 NO CUMPLE BACKORDER AL TENER DISPONIBLE 0 Y TENER POR SERVIR 1
02 16:34:20:988 PLSQL: CALCULADISPAREA :   FIN DE LINEA 3
02 16:34:20:988 PLSQL: CALCULADISPAREA :   TRATANDO LINEA 2 CON BACKORDER  P , CANTIDAD PENDIENTE 4 Y ARTICULO: 'BEL9145ECO', LOTE: '', MARCASTK: '', NUMEROSERIE: ''
02 16:34:20:988 PLSQL: CALCULADISPAREA :      DISPONIBLE ACTUAL ( 0 ) = DISPONIBLE INICIAL ( 0 ) - PRERESERVADO  ( 0 ) - DESCONTADO ( 0 )
02 16:34:20:988 PLSQL: CALCULADISPAREA :      (ERR) LINEA 2 NO CUMPLE BACKORDER AL TENER DISPONIBLE 0 Y TENER POR SERVIR 4
02 16:34:20:988 PLSQL: CALCULADISPAREA :   FIN DE LINEA 2
02 16:34:20:988 PLSQL: CALCULADISPAREA :   TRATANDO LINEA 12 CON BACKORDER  P , CANTIDAD PENDIENTE 2 Y ARTICULO: 'BEL95018', LOTE: '', MARCASTK: '', NUMEROSERIE: ''
02 16:34:20:988 PLSQL: CALCULADISPAREA :      DISPONIBLE ACTUAL ( 0 ) = DISPONIBLE INICIAL ( 0 ) - PRERESERVADO  ( 0 ) - DESCONTADO ( 0 )
02 16:34:20:988 PLSQL: CALCULADISPAREA :      (ERR) LINEA 12 NO CUMPLE BACKORDER AL TENER DISPONIBLE 0 Y TENER POR SERVIR 2
02 16:34:20:988 PLSQL: CALCULADISPAREA :   FIN DE LINEA 12
02 16:34:20:988 PLSQL: ANALIZABACKORDERPEC :  LINEA 10 CON FALTAS AL NO CUMPLIR BACKORDER
02 16:34:20:989 PLSQL: ANALIZABACKORDERPEC :  LINEA 14 CON FALTAS AL NO CUMPLIR BACKORDER
02 16:34:20:989 PLSQL: ANALIZABACKORDERPEC :  LINEA 15 CON FALTAS AL NO CUMPLIR BACKORDER
02 16:34:20:989 PLSQL: ANALIZABACKORDERPEC :  LINEA 20 CON FALTAS AL NO CUMPLIR BACKORDER
02 16:34:20:989 PLSQL: ANALIZABACKORDERPEC :  LINEA 11 CON FALTAS AL NO CUMPLIR BACKORDER
02 16:34:20:989 PLSQL: ANALIZABACKORDERPEC :  LINEA 17 CON FALTAS AL NO CUMPLIR BACKORDER
02 16:34:20:989 PLSQL: ANALIZABACKORDERPEC :  LINEA 5 CON FALTAS AL NO CUMPLIR BACKORDER
02 16:34:20:989 PLSQL: ANALIZABACKORDERPEC :  LINEA 3 CON FALTAS AL NO CUMPLIR BACKORDER
02 16:34:20:990 PLSQL: ANALIZABACKORDERPEC :  LINEA 2 CON FALTAS AL NO CUMPLIR BACKORDER
02 16:34:20:990 PLSQL: ANALIZABACKORDERPEC :  LINEA 12 CON FALTAS AL NO CUMPLIR BACKORDER
02 16:34:20:991 PLSQL: ANALIZABACKORDERPEC :  PEDIDO CON DISPONIBILIDAD POR SU BACKORDER
02 16:34:20:991 PLSQL: CALCULADISPAREA :  FIN DISPONIBILIDAD DE PEDIDO  BEL
02 16:34:20:991 PLSQL:  :  

02 16:34:20:991 PLSQL: CALCULADISPAREA :  INICIO DISPONIBILIDAD DE PEDIDO  BEL
02 16:34:20:991 PLSQL: CALCULADISPAREA :   TRATANDO LINEA 2 CON BACKORDER  P , CANTIDAD PENDIENTE 2 Y ARTICULO: 'BEL7231040S1P', LOTE: '', MARCASTK: '', NUMEROSERIE: ''
02 16:34:20:991 PLSQL: CALCULADISPAREA :      DISPONIBLE ACTUAL ( 0 ) = DISPONIBLE INICIAL ( 0 ) - PRERESERVADO  ( 0 ) - DESCONTADO ( 0 )
02 16:34:20:991 PLSQL: CALCULADISPAREA :      (ERR) LINEA 2 NO CUMPLE BACKORDER AL TENER DISPONIBLE 0 Y TENER POR SERVIR 2
02 16:34:20:991 PLSQL: CALCULADISPAREA :   FIN DE LINEA 2
02 16:34:20:991 PLSQL: CALCULADISPAREA :   TRATANDO LINEA 1 CON BACKORDER  P , CANTIDAD PENDIENTE 2 Y ARTICULO: 'BEL7231042S1P', LOTE: '', MARCASTK: '', NUMEROSERIE: ''
02 16:34:20:991 PLSQL: CALCULADISPAREA :      DISPONIBLE ACTUAL ( 0 ) = DISPONIBLE INICIAL ( 0 ) - PRERESERVADO  ( 0 ) - DESCONTADO ( 0 )
02 16:34:20:991 PLSQL: CALCULADISPAREA :      (ERR) LINEA 1 NO CUMPLE BACKORDER AL TENER DISPONIBLE 0 Y TENER POR SERVIR 2
02 16:34:20:991 PLSQL: CALCULADISPAREA :   FIN DE LINEA 1
02 16:34:20:991 PLSQL: CALCULADISPAREA :   TRATANDO LINEA 3 CON BACKORDER  P , CANTIDAD PENDIENTE 1 Y ARTICULO: 'BEL7231044S1P', LOTE: '', MARCASTK: '', NUMEROSERIE: ''
02 16:34:20:991 PLSQL: CALCULADISPAREA :      DISPONIBLE ACTUAL ( 0 ) = DISPONIBLE INICIAL ( 0 ) - PRERESERVADO  ( 0 ) - DESCONTADO ( 0 )
02 16:34:20:991 PLSQL: CALCULADISPAREA :      (ERR) LINEA 3 NO CUMPLE BACKORDER AL TENER DISPONIBLE 0 Y TENER POR SERVIR 1
02 16:34:20:991 PLSQL: CALCULADISPAREA :   FIN DE LINEA 3
02 16:34:20:991 PLSQL: CALCULADISPAREA :   TRATANDO LINEA 4 CON BACKORDER  P , CANTIDAD PENDIENTE 1 Y ARTICULO: 'BEL7231045S1P', LOTE: '', MARCASTK: '', NUMEROSERIE: ''
02 16:34:20:991 PLSQL: CALCULADISPAREA :      DISPONIBLE ACTUAL ( 0 ) = DISPONIBLE INICIAL ( 0 ) - PRERESERVADO  ( 0 ) - DESCONTADO ( 0 )
02 16:34:20:991 PLSQL: CALCULADISPAREA :      (ERR) LINEA 4 NO CUMPLE BACKORDER AL TENER DISPONIBLE 0 Y TENER POR SERVIR 1
02 16:34:20:991 PLSQL: CALCULADISPAREA :   FIN DE LINEA 4
02 16:34:20:992 PLSQL: CALCULADISPAREA :   TRATANDO LINEA 5 CON BACKORDER  P , CANTIDAD PENDIENTE 1 Y ARTICULO: 'BEL7231047S1P', LOTE: '', MARCASTK: '', NUMEROSERIE: ''
02 16:34:20:992 PLSQL: CALCULADISPAREA :      DISPONIBLE ACTUAL ( 70 ) = DISPONIBLE INICIAL ( 70 ) - PRERESERVADO  ( 0 ) - DESCONTADO ( 0 )
02 16:34:20:992 PLSQL: CALCULADISPAREA :      LINEA 5 CUMPLE BACKORDER AL TENER DISPONIBLE 70 Y TENER POR SERVIR 1
02 16:34:20:992 PLSQL: CALCULADISPAREA :   FIN DE LINEA 5
02 16:34:20:992 PLSQL: ANALIZABACKORDERPEC :  LINEA 2 CON FALTAS AL NO CUMPLIR BACKORDER
02 16:34:20:992 PLSQL: ANALIZABACKORDERPEC :  LINEA 1 CON FALTAS AL NO CUMPLIR BACKORDER
02 16:34:20:992 PLSQL: ANALIZABACKORDERPEC :  LINEA 3 CON FALTAS AL NO CUMPLIR BACKORDER
02 16:34:20:992 PLSQL: ANALIZABACKORDERPEC :  LINEA 4 CON FALTAS AL NO CUMPLIR BACKORDER
02 16:34:20:993 PLSQL: ANALIZABACKORDERPEC :  PEDIDO CON DISPONIBILIDAD POR SU BACKORDER
02 16:34:20:993 PLSQL: CALCULADISPAREA :  FIN DISPONIBILIDAD DE PEDIDO  BEL
02 16:34:20:993 PLSQL:  :  

02 16:34:20:993 PLSQL: CALCULADISPAREA :  INICIO DISPONIBILIDAD DE PEDIDO  BEL
02 16:34:20:993 PLSQL: CALCULADISPAREA :   TRATANDO LINEA 15 CON BACKORDER  P , CANTIDAD PENDIENTE 6 Y ARTICULO: 'BELBP4180', LOTE: '', MARCASTK: '', NUMEROSERIE: ''
02 16:34:20:993 PLSQL: CALCULADISPAREA :      DISPONIBLE ACTUAL ( 1072 ) = DISPONIBLE INICIAL ( 1072 ) - PRERESERVADO  ( 0 ) - DESCONTADO ( 0 )
02 16:34:20:993 PLSQL: CALCULADISPAREA :      LINEA 15 CUMPLE BACKORDER AL TENER DISPONIBLE 1072 Y TENER POR SERVIR 6
02 16:34:20:993 PLSQL: CALCULADISPAREA :   FIN DE LINEA 15
02 16:34:20:993 PLSQL: CALCULADISPAREA :   TRATANDO LINEA 8 CON BACKORDER  P , CANTIDAD PENDIENTE 12 Y ARTICULO: 'BELM41100', LOTE: '', MARCASTK: '', NUMEROSERIE: ''
00 16:34:20:993 PLSQL: CALCULADISPAREA :      LINEA DE PEDIDO  BEL  -  2020  -  799306-959617 ' - '1' - '8'  NO EXISTE EN ARRAY DE DISPONIBILIDAD
02 16:34:20:993 PLSQL: CALCULADISPAREA :      (ERR) LINEA NO CUMPLE BACKORDER AL NO TENER DISPONIBLE 
02 16:34:20:993 PLSQL: CALCULADISPAREA :   FIN DE LINEA 8
02 16:34:20:993 PLSQL: CALCULADISPAREA :   TRATANDO LINEA 6 CON BACKORDER  P , CANTIDAD PENDIENTE 12 Y ARTICULO: 'BELM6900', LOTE: '', MARCASTK: '', NUMEROSERIE: ''
00 16:34:20:993 PLSQL: CALCULADISPAREA :      LINEA DE PEDIDO  BEL  -  2020  -  799306-959617 ' - '1' - '6'  NO EXISTE EN ARRAY DE DISPONIBILIDAD
02 16:34:20:993 PLSQL: CALCULADISPAREA :      (ERR) LINEA NO CUMPLE BACKORDER AL NO TENER DISPONIBLE 
02 16:34:20:993 PLSQL: CALCULADISPAREA :   FIN DE LINEA 6
02 16:34:20:993 PLSQL: CALCULADISPAREA :   TRATANDO LINEA 1 CON BACKORDER  P , CANTIDAD PENDIENTE 24 Y ARTICULO: 'BELVIAT5013A', LOTE: '', MARCASTK: '', NUMEROSERIE: ''
00 16:34:20:993 PLSQL: CALCULADISPAREA :      LINEA DE PEDIDO  BEL  -  2020  -  799306-959617 ' - '1' - '1'  NO EXISTE EN ARRAY DE DISPONIBILIDAD
02 16:34:20:993 PLSQL: CALCULADISPAREA :      (ERR) LINEA NO CUMPLE BACKORDER AL NO TENER DISPONIBLE 
02 16:34:20:994 PLSQL: CALCULADISPAREA :   FIN DE LINEA 1
02 16:34:20:994 PLSQL: CALCULADISPAREA :   TRATANDO LINEA 2 CON BACKORDER  P , CANTIDAD PENDIENTE 12 Y ARTICULO: 'BELVIAT5023A', LOTE: '', MARCASTK: '', NUMEROSERIE: ''
00 16:34:20:994 PLSQL: CALCULADISPAREA :      LINEA DE PEDIDO  BEL  -  2020  -  799306-959617 ' - '1' - '2'  NO EXISTE EN ARRAY DE DISPONIBILIDAD
02 16:34:20:994 PLSQL: CALCULADISPAREA :      (ERR) LINEA NO CUMPLE BACKORDER AL NO TENER DISPONIBLE 
02 16:34:20:994 PLSQL: CALCULADISPAREA :   FIN DE LINEA 2
02 16:34:20:994 PLSQL: CALCULADISPAREA :   TRATANDO LINEA 3 CON BACKORDER  P , CANTIDAD PENDIENTE 12 Y ARTICULO: 'BEL5120125', LOTE: '', MARCASTK: '', NUMEROSERIE: ''
02 16:34:20:994 PLSQL: CALCULADISPAREA :      DISPONIBLE ACTUAL ( 0 ) = DISPONIBLE INICIAL ( 0 ) - PRERESERVADO  ( 0 ) - DESCONTADO ( 0 )
02 16:34:20:994 PLSQL: CALCULADISPAREA :      (ERR) LINEA 3 NO CUMPLE BACKORDER AL TENER DISPONIBLE 0 Y TENER POR SERVIR 12
02 16:34:20:994 PLSQL: CALCULADISPAREA :   FIN DE LINEA 3
02 16:34:20:994 PLSQL: CALCULADISPAREA :   TRATANDO LINEA 10 CON BACKORDER  P , CANTIDAD PENDIENTE 6 Y ARTICULO: 'BEL5308BN', LOTE: '', MARCASTK: '', NUMEROSERIE: ''
02 16:34:20:994 PLSQL: CALCULADISPAREA :      DISPONIBLE ACTUAL ( 0 ) = DISPONIBLE INICIAL ( 0 ) - PRERESERVADO  ( 0 ) - DESCONTADO ( 0 )
02 16:34:20:994 PLSQL: CALCULADISPAREA :      (ERR) LINEA 10 NO CUMPLE BACKORDER AL TENER DISPONIBLE 0 Y TENER POR SERVIR 6
02 16:34:20:994 PLSQL: CALCULADISPAREA :   FIN DE LINEA 10
02 16:34:20:994 PLSQL: CALCULADISPAREA :   TRATANDO LINEA 9 CON BACKORDER  P , CANTIDAD PENDIENTE 6 Y ARTICULO: 'BEL582518350CP', LOTE: '', MARCASTK: '', NUMEROSERIE: ''
02 16:34:20:994 PLSQL: CALCULADISPAREA :      DISPONIBLE ACTUAL ( 0 ) = DISPONIBLE INICIAL ( 0 ) - PRERESERVADO  ( 0 ) - DESCONTADO ( 0 )
02 16:34:20:994 PLSQL: CALCULADISPAREA :      (ERR) LINEA 9 NO CUMPLE BACKORDER AL TENER DISPONIBLE 0 Y TENER POR SERVIR 6
02 16:34:20:994 PLSQL: CALCULADISPAREA :   FIN DE LINEA 9
02 16:34:20:994 PLSQL: CALCULADISPAREA :   TRATANDO LINEA 7 CON BACKORDER  P , CANTIDAD PENDIENTE 6 Y ARTICULO: 'BEL5900140', LOTE: '', MARCASTK: '', NUMEROSERIE: ''
02 16:34:20:994 PLSQL: CALCULADISPAREA :      DISPONIBLE ACTUAL ( 1080 ) = DISPONIBLE INICIAL ( 1080 ) - PRERESERVADO  ( 0 ) - DESCONTADO ( 0 )
02 16:34:20:994 PLSQL: CALCULADISPAREA :      LINEA 7 CUMPLE BACKORDER AL TENER DISPONIBLE 1080 Y TENER POR SERVIR 6
02 16:34:20:994 PLSQL: CALCULADISPAREA :   FIN DE LINEA 7
02 16:34:20:994 PLSQL: CALCULADISPAREA :   TRATANDO LINEA 13 CON BACKORDER  P , CANTIDAD PENDIENTE 1 Y ARTICULO: 'BEL72208B47S3', LOTE: '', MARCASTK: '', NUMEROSERIE: ''
02 16:34:20:994 PLSQL: CALCULADISPAREA :      DISPONIBLE ACTUAL ( 0 ) = DISPONIBLE INICIAL ( 0 ) - PRERESERVADO  ( 0 ) - DESCONTADO ( 0 )
02 16:34:20:994 PLSQL: CALCULADISPAREA :      (ERR) LINEA 13 NO CUMPLE BACKORDER AL TENER DISPONIBLE 0 Y TENER POR SERVIR 1
02 16:34:20:994 PLSQL: CALCULADISPAREA :   FIN DE LINEA 13
02 16:34:20:994 PLSQL: CALCULADISPAREA :   TRATANDO LINEA 12 CON BACKORDER  P , CANTIDAD PENDIENTE 6 Y ARTICULO: 'BEL8053500', LOTE: '', MARCASTK: '', NUMEROSERIE: ''
02 16:34:20:994 PLSQL: CALCULADISPAREA :      DISPONIBLE ACTUAL ( 0 ) = DISPONIBLE INICIAL ( 0 ) - PRERESERVADO  ( 0 ) - DESCONTADO ( 0 )
02 16:34:20:994 PLSQL: CALCULADISPAREA :      (ERR) LINEA 12 NO CUMPLE BACKORDER AL TENER DISPONIBLE 0 Y TENER POR SERVIR 6
02 16:34:20:994 PLSQL: CALCULADISPAREA :   FIN DE LINEA 12
02 16:34:20:994 PLSQL: CALCULADISPAREA :   TRATANDO LINEA 5 CON BACKORDER  P , CANTIDAD PENDIENTE 6 Y ARTICULO: 'BEL8281250', LOTE: '', MARCASTK: '', NUMEROSERIE: ''
02 16:34:20:995 PLSQL: CALCULADISPAREA :      DISPONIBLE ACTUAL ( 0 ) = DISPONIBLE INICIAL ( 0 ) - PRERESERVADO  ( 0 ) - DESCONTADO ( 0 )
02 16:34:20:995 PLSQL: CALCULADISPAREA :      (ERR) LINEA 5 NO CUMPLE BACKORDER AL TENER DISPONIBLE 0 Y TENER POR SERVIR 6
02 16:34:20:995 PLSQL: CALCULADISPAREA :   FIN DE LINEA 5
02 16:34:20:995 PLSQL: ANALIZABACKORDERPEC :  LINEA 8 CON FALTAS AL NO CUMPLIR BACKORDER
02 16:34:20:995 PLSQL: ANALIZABACKORDERPEC :  LINEA 6 CON FALTAS AL NO CUMPLIR BACKORDER
02 16:34:20:995 PLSQL: ANALIZABACKORDERPEC :  LINEA 1 CON FALTAS AL NO CUMPLIR BACKORDER
02 16:34:20:995 PLSQL: ANALIZABACKORDERPEC :  LINEA 2 CON FALTAS AL NO CUMPLIR BACKORDER
02 16:34:20:995 PLSQL: ANALIZABACKORDERPEC :  LINEA 3 CON FALTAS AL NO CUMPLIR BACKORDER
02 16:34:20:995 PLSQL: ANALIZABACKORDERPEC :  LINEA 10 CON FALTAS AL NO CUMPLIR BACKORDER
02 16:34:20:995 PLSQL: ANALIZABACKORDERPEC :  LINEA 9 CON FALTAS AL NO CUMPLIR BACKORDER
02 16:34:20:995 PLSQL: ANALIZABACKORDERPEC :  LINEA 13 CON FALTAS AL NO CUMPLIR BACKORDER
02 16:34:20:995 PLSQL: ANALIZABACKORDERPEC :  LINEA 12 CON FALTAS AL NO CUMPLIR BACKORDER
02 16:34:20:996 PLSQL: ANALIZABACKORDERPEC :  LINEA 5 CON FALTAS AL NO CUMPLIR BACKORDER
02 16:34:20:996 PLSQL: ANALIZABACKORDERPEC :  PEDIDO CON DISPONIBILIDAD POR SU BACKORDER
02 16:34:20:996 PLSQL: CALCULADISPAREA :  FIN DISPONIBILIDAD DE PEDIDO  BEL
02 16:34:20:996 PLSQL:  :  

00 16:34:20:997 PLSQL: CALCULADISP :  FIN DE DISPONIBILIDAD
00 16:34:21:057 No se encuentra proceso a ejecutar

00 16:34:21:127 Fichero de log cerrado.

