00 16:43:00:457 Fichero de log abierto PID 15764

02 16:43:00:457 Intentando abrir fichero v10.ini
02 16:43:00:460 Cargando driver v10oracle funcion damedriveroracle
02 16:43:00:520 Conectado a base de datos
02 16:43:00:610 Proceso DISPONIBILIDAD encontrado en tabla VDPROCESOS
02 16:43:00:612 Proceso DISPONIBILIDAD cargado con función vddisp (Librería VDPEDIDOS.DLL) direccion 06415C90
02 16:43:00:619 PLSQL: INICIALIZADO PAQUETE DE LOG EL DIA 20-01-2021
02 16:43:00:650 Iniciando disponibilidad...
00 16:43:00:822 PLSQL: CALCULADISP :  INICIO DE DISPONIBILIDAD
02 16:43:00:850 PLSQL: CALCULADISP :  BORRADA TABLA DE FALTAS
02 16:43:00:868 PLSQL: CALCULADISP :  PEDIDOS EN ESTADO PDTELANZAR RETROCEDIDOS
00 16:43:00:880 PLSQL: CALCULADISPAREA :  CALCULANDO DISPONIBILIDAD PARA AREA  EXPEDN1415  POR TAREA  DISPONIBILIDAD 
02 16:43:01:080 PLSQL:  :  LINEA   1 CARGADO PARA ARTICULO  BELM2900              DISPONIBLE:     0 PRERESERVADO:     0  LOTE   , MARCASTK   , NUMEROSERIE 
02 16:43:01:145 PLSQL:  :  LINEA   2 CARGADO PARA ARTICULO  BELM6900              DISPONIBLE:   480 PRERESERVADO:     0  LOTE   , MARCASTK   , NUMEROSERIE 
02 16:43:01:146 PLSQL:  :  LINEA   3 CARGADO PARA ARTICULO  BELM901LR120          DISPONIBLE:     0 PRERESERVADO:     0  LOTE   , MARCASTK   , NUMEROSERIE 
02 16:43:01:170 PLSQL:  :  LINEA   4 CARGADO PARA ARTICULO  BEL228ACM400          DISPONIBLE:     0 PRERESERVADO:     0  LOTE   , MARCASTK   , NUMEROSERIE 
02 16:43:01:171 PLSQL:  :  LINEA   5 CARGADO PARA ARTICULO  BEL230ACM400          DISPONIBLE:     0 PRERESERVADO:     0  LOTE   , MARCASTK   , NUMEROSERIE 
02 16:43:01:171 PLSQL:  :  LINEA   6 CARGADO PARA ARTICULO  BEL232ACM400          DISPONIBLE:     0 PRERESERVADO:     0  LOTE   , MARCASTK   , NUMEROSERIE 
02 16:43:01:173 PLSQL:  :  LINEA   7 CARGADO PARA ARTICULO  BEL3042CMA            DISPONIBLE:     0 PRERESERVADO:     0  LOTE   , MARCASTK   , NUMEROSERIE 
02 16:43:01:174 PLSQL:  :  LINEA   8 CARGADO PARA ARTICULO  BEL325800CM1100       DISPONIBLE:     0 PRERESERVADO:     0  LOTE   , MARCASTK   , NUMEROSERIE 
02 16:43:01:176 PLSQL:  :  LINEA   9 CARGADO PARA ARTICULO  BEL5844CBIM           DISPONIBLE:     0 PRERESERVADO:     0  LOTE   , MARCASTK   , NUMEROSERIE 
02 16:43:01:177 PLSQL:  :  LINEA  10 CARGADO PARA ARTICULO  BEL5933AN             DISPONIBLE:     0 PRERESERVADO:     0  LOTE   , MARCASTK   , NUMEROSERIE 
02 16:43:01:179 PLSQL:  :  LINEA  11 CARGADO PARA ARTICULO  BEL800213             DISPONIBLE:     0 PRERESERVADO:     0  LOTE   , MARCASTK   , NUMEROSERIE 
02 16:43:01:180 PLSQL:  :  LINEA  12 CARGADO PARA ARTICULO  BEL95116CML           DISPONIBLE:     0 PRERESERVADO:     0  LOTE   , MARCASTK   , NUMEROSERIE 
00 16:43:01:180 PLSQL: CALCULADISPAREA :  FIN CARGA STOCK DISPONIBLE PARA AREA  EXPEDN1415  POR TAREA  DISPONIBILIDAD 
00 16:43:01:198 PLSQL: CALCULADISPAREA :  PRIMER REGISTRO
02 16:43:01:199 PLSQL: CALCULADISPAREA :  INICIO DISPONIBILIDAD DE PEDIDO  BEL
02 16:43:01:199 PLSQL: CALCULADISPAREA :   TRATANDO LINEA 1 CON BACKORDER  P , CANTIDAD PENDIENTE 12 Y ARTICULO: 'BEL3042CMA', LOTE: '', MARCASTK: '', NUMEROSERIE: ''
02 16:43:01:200 PLSQL: CALCULADISPAREA :      DISPONIBLE ACTUAL ( 0 ) = DISPONIBLE INICIAL ( 0 ) - PRERESERVADO  ( 0 ) - DESCONTADO ( 0 )
02 16:43:01:200 PLSQL: CALCULADISPAREA :      (ERR) LINEA 1 NO CUMPLE BACKORDER AL TENER DISPONIBLE 0 Y TENER POR SERVIR 12
02 16:43:01:200 PLSQL: CALCULADISPAREA :   FIN DE LINEA 1
02 16:43:01:200 PLSQL: ANALIZABACKORDERPEC :  LINEA 1 CON FALTAS AL NO CUMPLIR BACKORDER
02 16:43:01:217 PLSQL: ANALIZABACKORDERPEC :  PEDIDO SIN DISPONIBILIDAD POR SU BACKORDER
02 16:43:01:217 PLSQL: CALCULADISPAREA :  FIN DISPONIBILIDAD DE PEDIDO  BEL
02 16:43:01:217 PLSQL:  :  

02 16:43:01:217 PLSQL: CALCULADISPAREA :  INICIO DISPONIBILIDAD DE PEDIDO  BEL
02 16:43:01:217 PLSQL: CALCULADISPAREA :   TRATANDO LINEA 3 CON BACKORDER  P , CANTIDAD PENDIENTE 6 Y ARTICULO: 'BEL5844CBIM', LOTE: '', MARCASTK: '', NUMEROSERIE: ''
02 16:43:01:217 PLSQL: CALCULADISPAREA :      DISPONIBLE ACTUAL ( 0 ) = DISPONIBLE INICIAL ( 0 ) - PRERESERVADO  ( 0 ) - DESCONTADO ( 0 )
02 16:43:01:217 PLSQL: CALCULADISPAREA :      (ERR) LINEA 3 NO CUMPLE BACKORDER AL TENER DISPONIBLE 0 Y TENER POR SERVIR 6
02 16:43:01:217 PLSQL: CALCULADISPAREA :   FIN DE LINEA 3
02 16:43:01:217 PLSQL: CALCULADISPAREA :   TRATANDO LINEA 1 CON BACKORDER  P , CANTIDAD PENDIENTE 6 Y ARTICULO: 'BEL5933AN', LOTE: '', MARCASTK: '', NUMEROSERIE: ''
02 16:43:01:217 PLSQL: CALCULADISPAREA :      DISPONIBLE ACTUAL ( 0 ) = DISPONIBLE INICIAL ( 0 ) - PRERESERVADO  ( 0 ) - DESCONTADO ( 0 )
02 16:43:01:219 PLSQL: CALCULADISPAREA :      (ERR) LINEA 1 NO CUMPLE BACKORDER AL TENER DISPONIBLE 0 Y TENER POR SERVIR 6
02 16:43:01:219 PLSQL: CALCULADISPAREA :   FIN DE LINEA 1
02 16:43:01:219 PLSQL: CALCULADISPAREA :   TRATANDO LINEA 2 CON BACKORDER  P , CANTIDAD PENDIENTE 6 Y ARTICULO: 'BEL800213', LOTE: '', MARCASTK: '', NUMEROSERIE: ''
02 16:43:01:219 PLSQL: CALCULADISPAREA :      DISPONIBLE ACTUAL ( 0 ) = DISPONIBLE INICIAL ( 0 ) - PRERESERVADO  ( 0 ) - DESCONTADO ( 0 )
02 16:43:01:219 PLSQL: CALCULADISPAREA :      (ERR) LINEA 2 NO CUMPLE BACKORDER AL TENER DISPONIBLE 0 Y TENER POR SERVIR 6
02 16:43:01:219 PLSQL: CALCULADISPAREA :   FIN DE LINEA 2
02 16:43:01:219 PLSQL: ANALIZABACKORDERPEC :  LINEA 3 CON FALTAS AL NO CUMPLIR BACKORDER
02 16:43:01:219 PLSQL: ANALIZABACKORDERPEC :  LINEA 1 CON FALTAS AL NO CUMPLIR BACKORDER
02 16:43:01:219 PLSQL: ANALIZABACKORDERPEC :  LINEA 2 CON FALTAS AL NO CUMPLIR BACKORDER
02 16:43:01:219 PLSQL: ANALIZABACKORDERPEC :  PEDIDO SIN DISPONIBILIDAD POR SU BACKORDER
02 16:43:01:220 PLSQL: CALCULADISPAREA :  FIN DISPONIBILIDAD DE PEDIDO  BEL
02 16:43:01:221 PLSQL:  :  

02 16:43:01:221 PLSQL: CALCULADISPAREA :  INICIO DISPONIBILIDAD DE PEDIDO  BEL
02 16:43:01:221 PLSQL: CALCULADISPAREA :   TRATANDO LINEA 1 CON BACKORDER  P , CANTIDAD PENDIENTE 2 Y ARTICULO: 'BELM2900', LOTE: '', MARCASTK: '', NUMEROSERIE: ''
02 16:43:01:221 PLSQL: CALCULADISPAREA :      DISPONIBLE ACTUAL ( 0 ) = DISPONIBLE INICIAL ( 0 ) - PRERESERVADO  ( 0 ) - DESCONTADO ( 0 )
02 16:43:01:221 PLSQL: CALCULADISPAREA :      (ERR) LINEA 1 NO CUMPLE BACKORDER AL TENER DISPONIBLE 0 Y TENER POR SERVIR 2
02 16:43:01:221 PLSQL: CALCULADISPAREA :   FIN DE LINEA 1
02 16:43:01:221 PLSQL: CALCULADISPAREA :   TRATANDO LINEA 2 CON BACKORDER  P , CANTIDAD PENDIENTE 480 Y ARTICULO: 'BELM6900', LOTE: '', MARCASTK: '', NUMEROSERIE: ''
00 16:43:01:221 PLSQL: CALCULADISPAREA :      LINEA DE PEDIDO  BEL  -  2020  -  795747 ' - '1' - '2'  NO EXISTE EN ARRAY DE DISPONIBILIDAD
02 16:43:01:221 PLSQL: CALCULADISPAREA :      (ERR) LINEA NO CUMPLE BACKORDER AL NO TENER DISPONIBLE 
02 16:43:01:221 PLSQL: CALCULADISPAREA :   FIN DE LINEA 2
02 16:43:01:221 PLSQL: CALCULADISPAREA :   TRATANDO LINEA 3 CON BACKORDER  P , CANTIDAD PENDIENTE 1 Y ARTICULO: 'BELM901LR120', LOTE: '', MARCASTK: '', NUMEROSERIE: ''
00 16:43:01:221 PLSQL: CALCULADISPAREA :      LINEA DE PEDIDO  BEL  -  2020  -  795747 ' - '1' - '3'  NO EXISTE EN ARRAY DE DISPONIBILIDAD
02 16:43:01:221 PLSQL: CALCULADISPAREA :      (ERR) LINEA NO CUMPLE BACKORDER AL NO TENER DISPONIBLE 
02 16:43:01:221 PLSQL: CALCULADISPAREA :   FIN DE LINEA 3
02 16:43:01:221 PLSQL: CALCULADISPAREA :   TRATANDO LINEA 5 CON BACKORDER  P , CANTIDAD PENDIENTE 5 Y ARTICULO: 'BEL228ACM400', LOTE: '', MARCASTK: '', NUMEROSERIE: ''
02 16:43:01:221 PLSQL: CALCULADISPAREA :      DISPONIBLE ACTUAL ( 0 ) = DISPONIBLE INICIAL ( 0 ) - PRERESERVADO  ( 0 ) - DESCONTADO ( 0 )
02 16:43:01:221 PLSQL: CALCULADISPAREA :      (ERR) LINEA 5 NO CUMPLE BACKORDER AL TENER DISPONIBLE 0 Y TENER POR SERVIR 5
02 16:43:01:221 PLSQL: CALCULADISPAREA :   FIN DE LINEA 5
02 16:43:01:221 PLSQL: CALCULADISPAREA :   TRATANDO LINEA 6 CON BACKORDER  P , CANTIDAD PENDIENTE 4 Y ARTICULO: 'BEL230ACM400', LOTE: '', MARCASTK: '', NUMEROSERIE: ''
02 16:43:01:221 PLSQL: CALCULADISPAREA :      DISPONIBLE ACTUAL ( 0 ) = DISPONIBLE INICIAL ( 0 ) - PRERESERVADO  ( 0 ) - DESCONTADO ( 0 )
02 16:43:01:221 PLSQL: CALCULADISPAREA :      (ERR) LINEA 6 NO CUMPLE BACKORDER AL TENER DISPONIBLE 0 Y TENER POR SERVIR 4
02 16:43:01:221 PLSQL: CALCULADISPAREA :   FIN DE LINEA 6
02 16:43:01:221 PLSQL: CALCULADISPAREA :   TRATANDO LINEA 7 CON BACKORDER  P , CANTIDAD PENDIENTE 4 Y ARTICULO: 'BEL232ACM400', LOTE: '', MARCASTK: '', NUMEROSERIE: ''
02 16:43:01:221 PLSQL: CALCULADISPAREA :      DISPONIBLE ACTUAL ( 0 ) = DISPONIBLE INICIAL ( 0 ) - PRERESERVADO  ( 0 ) - DESCONTADO ( 0 )
02 16:43:01:221 PLSQL: CALCULADISPAREA :      (ERR) LINEA 7 NO CUMPLE BACKORDER AL TENER DISPONIBLE 0 Y TENER POR SERVIR 4
02 16:43:01:221 PLSQL: CALCULADISPAREA :   FIN DE LINEA 7
02 16:43:01:221 PLSQL: CALCULADISPAREA :   TRATANDO LINEA 4 CON BACKORDER  P , CANTIDAD PENDIENTE 5 Y ARTICULO: 'BEL325800CM1100', LOTE: '', MARCASTK: '', NUMEROSERIE: ''
02 16:43:01:221 PLSQL: CALCULADISPAREA :      DISPONIBLE ACTUAL ( 0 ) = DISPONIBLE INICIAL ( 0 ) - PRERESERVADO  ( 0 ) - DESCONTADO ( 0 )
02 16:43:01:221 PLSQL: CALCULADISPAREA :      (ERR) LINEA 4 NO CUMPLE BACKORDER AL TENER DISPONIBLE 0 Y TENER POR SERVIR 5
02 16:43:01:221 PLSQL: CALCULADISPAREA :   FIN DE LINEA 4
02 16:43:01:222 PLSQL: CALCULADISPAREA :   TRATANDO LINEA 8 CON BACKORDER  P , CANTIDAD PENDIENTE 8 Y ARTICULO: 'BEL95116CML', LOTE: '', MARCASTK: '', NUMEROSERIE: ''
02 16:43:01:222 PLSQL: CALCULADISPAREA :      DISPONIBLE ACTUAL ( 0 ) = DISPONIBLE INICIAL ( 0 ) - PRERESERVADO  ( 0 ) - DESCONTADO ( 0 )
02 16:43:01:222 PLSQL: CALCULADISPAREA :      (ERR) LINEA 8 NO CUMPLE BACKORDER AL TENER DISPONIBLE 0 Y TENER POR SERVIR 8
02 16:43:01:222 PLSQL: CALCULADISPAREA :   FIN DE LINEA 8
02 16:43:01:222 PLSQL: ANALIZABACKORDERPEC :  LINEA 1 CON FALTAS AL NO CUMPLIR BACKORDER
02 16:43:01:222 PLSQL: ANALIZABACKORDERPEC :  LINEA 2 CON FALTAS AL NO CUMPLIR BACKORDER
02 16:43:01:223 PLSQL: ANALIZABACKORDERPEC :  LINEA 3 CON FALTAS AL NO CUMPLIR BACKORDER
02 16:43:01:223 PLSQL: ANALIZABACKORDERPEC :  LINEA 5 CON FALTAS AL NO CUMPLIR BACKORDER
02 16:43:01:223 PLSQL: ANALIZABACKORDERPEC :  LINEA 6 CON FALTAS AL NO CUMPLIR BACKORDER
02 16:43:01:224 PLSQL: ANALIZABACKORDERPEC :  LINEA 7 CON FALTAS AL NO CUMPLIR BACKORDER
02 16:43:01:224 PLSQL: ANALIZABACKORDERPEC :  LINEA 4 CON FALTAS AL NO CUMPLIR BACKORDER
02 16:43:01:224 PLSQL: ANALIZABACKORDERPEC :  LINEA 8 CON FALTAS AL NO CUMPLIR BACKORDER
02 16:43:01:225 PLSQL: ANALIZABACKORDERPEC :  PEDIDO SIN DISPONIBILIDAD POR SU BACKORDER
02 16:43:01:225 PLSQL: CALCULADISPAREA :  FIN DISPONIBILIDAD DE PEDIDO  BEL
02 16:43:01:225 PLSQL:  :  

00 16:43:01:225 PLSQL: CALCULADISP :  FIN DE DISPONIBILIDAD
00 16:43:01:299 No se encuentra proceso a ejecutar

00 16:43:01:302 Fichero de log cerrado.

