00 14:43:22:209 Fichero de log abierto PID 18836

02 14:43:22:209 Intentando abrir fichero v10.ini
02 14:43:22:212 Cargando driver v10oracle funcion damedriveroracle
02 14:43:22:277 Conectado a base de datos
02 14:43:22:280 Proceso DISPONIBILIDAD encontrado en tabla VDPROCESOS
02 14:43:22:282 Proceso DISPONIBILIDAD cargado con función vddisp (Librería VDPEDIDOS.DLL) direccion 06CE5C90
02 14:43:22:284 PLSQL: INICIALIZADO PAQUETE DE LOG EL DIA 21-01-2021
02 14:43:22:324 Iniciando disponibilidad...
00 14:43:22:327 PLSQL: CALCULADISP :  INICIO DE DISPONIBILIDAD
02 14:43:22:327 PLSQL: CALCULADISP :  BORRADA TABLA DE FALTAS
02 14:43:22:327 PLSQL: CALCULADISP :  PEDIDOS EN ESTADO PDTELANZAR RETROCEDIDOS
00 14:43:22:328 PLSQL: CALCULADISPAREA :  CALCULANDO DISPONIBILIDAD PARA AREA  EXPEDN1415  POR TAREA  DISPONIBILIDAD 
02 14:43:22:343 PLSQL:  :  LINEA   1 CARGADO PARA ARTICULO  BELBP4180             DISPONIBLE:  1072 PRERESERVADO:     0  LOTE   , MARCASTK   , NUMEROSERIE 
02 14:43:22:343 PLSQL:  :  LINEA   2 CARGADO PARA ARTICULO  BELM2900              DISPONIBLE:     0 PRERESERVADO:     0  LOTE   , MARCASTK   , NUMEROSERIE 
02 14:43:22:344 PLSQL:  :  LINEA   3 CARGADO PARA ARTICULO  BELM41100             DISPONIBLE:     0 PRERESERVADO:     0  LOTE   , MARCASTK   , NUMEROSERIE 
02 14:43:22:345 PLSQL:  :  LINEA   4 CARGADO PARA ARTICULO  BELM6900              DISPONIBLE:   480 PRERESERVADO:     0  LOTE   , MARCASTK   , NUMEROSERIE 
02 14:43:22:345 PLSQL:  :  LINEA   5 CARGADO PARA ARTICULO  BELM901LR120          DISPONIBLE:     0 PRERESERVADO:     0  LOTE   , MARCASTK   , NUMEROSERIE 
02 14:43:22:346 PLSQL:  :  LINEA   6 CARGADO PARA ARTICULO  BELSH60061            DISPONIBLE:     0 PRERESERVADO:     0  LOTE   , MARCASTK   , NUMEROSERIE 
02 14:43:22:347 PLSQL:  :  LINEA   7 CARGADO PARA ARTICULO  BELVIAT5013A          DISPONIBLE:     0 PRERESERVADO:     0  LOTE   , MARCASTK   , NUMEROSERIE 
02 14:43:22:347 PLSQL:  :  LINEA   8 CARGADO PARA ARTICULO  BELVIAT5023A          DISPONIBLE:     0 PRERESERVADO:     0  LOTE   , MARCASTK   , NUMEROSERIE 
02 14:43:22:348 PLSQL:  :  LINEA   9 CARGADO PARA ARTICULO  BEL1B                 DISPONIBLE:   468 PRERESERVADO:     0  LOTE   , MARCASTK   , NUMEROSERIE 
02 14:43:22:348 PLSQL:  :  LINEA  10 CARGADO PARA ARTICULO  BEL228ACM400          DISPONIBLE:     0 PRERESERVADO:     0  LOTE   , MARCASTK   , NUMEROSERIE 
02 14:43:22:349 PLSQL:  :  LINEA  11 CARGADO PARA ARTICULO  BEL230ACM400          DISPONIBLE:     0 PRERESERVADO:     0  LOTE   , MARCASTK   , NUMEROSERIE 
02 14:43:22:349 PLSQL:  :  LINEA  12 CARGADO PARA ARTICULO  BEL232ACM400          DISPONIBLE:     0 PRERESERVADO:     0  LOTE   , MARCASTK   , NUMEROSERIE 
02 14:43:22:350 PLSQL:  :  LINEA  13 CARGADO PARA ARTICULO  BEL25602              DISPONIBLE:     0 PRERESERVADO:     0  LOTE   , MARCASTK   , NUMEROSERIE 
02 14:43:22:350 PLSQL:  :  LINEA  14 CARGADO PARA ARTICULO  BEL2561               DISPONIBLE:     0 PRERESERVADO:     0  LOTE   , MARCASTK   , NUMEROSERIE 
02 14:43:22:350 PLSQL:  :  LINEA  15 CARGADO PARA ARTICULO  BEL3080CM             DISPONIBLE:     0 PRERESERVADO:     0  LOTE   , MARCASTK   , NUMEROSERIE 
02 14:43:22:351 PLSQL:  :  LINEA  16 CARGADO PARA ARTICULO  BEL325800CM1100       DISPONIBLE:     0 PRERESERVADO:     0  LOTE   , MARCASTK   , NUMEROSERIE 
02 14:43:22:353 PLSQL:  :  LINEA  17 CARGADO PARA ARTICULO  BEL4B                 DISPONIBLE:  2591 PRERESERVADO:     0  LOTE   , MARCASTK   , NUMEROSERIE 
02 14:43:22:382 PLSQL:  :  LINEA  18 CARGADO PARA ARTICULO  BEL5120125            DISPONIBLE:     0 PRERESERVADO:     0  LOTE   , MARCASTK   , NUMEROSERIE 
02 14:43:22:382 PLSQL:  :  LINEA  19 CARGADO PARA ARTICULO  BEL5308BN             DISPONIBLE:     0 PRERESERVADO:     0  LOTE   , MARCASTK   , NUMEROSERIE 
02 14:43:22:383 PLSQL:  :  LINEA  20 CARGADO PARA ARTICULO  BEL5310BCF            DISPONIBLE:     0 PRERESERVADO:     0  LOTE   , MARCASTK   , NUMEROSERIE 
02 14:43:22:384 PLSQL:  :  LINEA  21 CARGADO PARA ARTICULO  BEL582518350CP        DISPONIBLE:     0 PRERESERVADO:     0  LOTE   , MARCASTK   , NUMEROSERIE 
02 14:43:22:384 PLSQL:  :  LINEA  22 CARGADO PARA ARTICULO  BEL589030             DISPONIBLE:     0 PRERESERVADO:     0  LOTE   , MARCASTK   , NUMEROSERIE 
02 14:43:22:385 PLSQL:  :  LINEA  23 CARGADO PARA ARTICULO  BEL5900140            DISPONIBLE:  1080 PRERESERVADO:     0  LOTE   , MARCASTK   , NUMEROSERIE 
02 14:43:22:388 PLSQL:  :  LINEA  24 CARGADO PARA ARTICULO  BEL6001225            DISPONIBLE:  5184 PRERESERVADO:     0  LOTE   , MARCASTK   , NUMEROSERIE 
02 14:43:22:389 PLSQL:  :  LINEA  25 CARGADO PARA ARTICULO  BEL72208B47S3         DISPONIBLE:     0 PRERESERVADO:     0  LOTE   , MARCASTK   , NUMEROSERIE 
02 14:43:22:389 PLSQL:  :  LINEA  26 CARGADO PARA ARTICULO  BEL72223B44S3         DISPONIBLE:     0 PRERESERVADO:     0  LOTE   , MARCASTK   , NUMEROSERIE 
02 14:43:22:390 PLSQL:  :  LINEA  27 CARGADO PARA ARTICULO  BEL7231040S1P         DISPONIBLE:     0 PRERESERVADO:     0  LOTE   , MARCASTK   , NUMEROSERIE 
02 14:43:22:390 PLSQL:  :  LINEA  28 CARGADO PARA ARTICULO  BEL7231042S1P         DISPONIBLE:     0 PRERESERVADO:     0  LOTE   , MARCASTK   , NUMEROSERIE 
02 14:43:22:391 PLSQL:  :  LINEA  29 CARGADO PARA ARTICULO  BEL7231044S1P         DISPONIBLE:     0 PRERESERVADO:     0  LOTE   , MARCASTK   , NUMEROSERIE 
02 14:43:22:391 PLSQL:  :  LINEA  30 CARGADO PARA ARTICULO  BEL7231045S1P         DISPONIBLE:     0 PRERESERVADO:     0  LOTE   , MARCASTK   , NUMEROSERIE 
02 14:43:22:392 PLSQL:  :  LINEA  31 CARGADO PARA ARTICULO  BEL7231047S1P         DISPONIBLE:    70 PRERESERVADO:     0  LOTE   , MARCASTK   , NUMEROSERIE 
02 14:43:22:393 PLSQL:  :  LINEA  32 CARGADO PARA ARTICULO  BEL8011E              DISPONIBLE:     0 PRERESERVADO:     0  LOTE   , MARCASTK   , NUMEROSERIE 
02 14:43:22:393 PLSQL:  :  LINEA  33 CARGADO PARA ARTICULO  BEL8053500            DISPONIBLE:     0 PRERESERVADO:     0  LOTE   , MARCASTK   , NUMEROSERIE 
02 14:43:22:393 PLSQL:  :  LINEA  34 CARGADO PARA ARTICULO  BEL8281250            DISPONIBLE:     0 PRERESERVADO:     0  LOTE   , MARCASTK   , NUMEROSERIE 
02 14:43:22:394 PLSQL:  :  LINEA  35 CARGADO PARA ARTICULO  BEL9145ECO            DISPONIBLE:     0 PRERESERVADO:     0  LOTE   , MARCASTK   , NUMEROSERIE 
02 14:43:22:394 PLSQL:  :  LINEA  36 CARGADO PARA ARTICULO  BEL95018              DISPONIBLE:     0 PRERESERVADO:     0  LOTE   , MARCASTK   , NUMEROSERIE 
02 14:43:22:395 PLSQL:  :  LINEA  37 CARGADO PARA ARTICULO  BEL95116CML           DISPONIBLE:     0 PRERESERVADO:     0  LOTE   , MARCASTK   , NUMEROSERIE 
00 14:43:22:395 PLSQL: CALCULADISPAREA :  FIN CARGA STOCK DISPONIBLE PARA AREA  EXPEDN1415  POR TAREA  DISPONIBILIDAD 
00 14:43:22:396 PLSQL: CALCULADISPAREA :  PRIMER REGISTRO
02 14:43:22:396 PLSQL: CALCULADISPAREA :  INICIO DISPONIBILIDAD DE PEDIDO  BEL
02 14:43:22:396 PLSQL: CALCULADISPAREA :   TRATANDO LINEA 10 CON BACKORDER  P , CANTIDAD PENDIENTE 3 Y ARTICULO: 'BELSH60061', LOTE: '', MARCASTK: '', NUMEROSERIE: ''
00 14:43:22:396 PLSQL: CALCULADISPAREA :      LINEA DE PEDIDO  BEL  -  2020  -  799299-959615 ' - '1' - '10'  NO EXISTE EN ARRAY DE DISPONIBILIDAD
02 14:43:22:397 PLSQL: CALCULADISPAREA :      (ERR) LINEA NO CUMPLE BACKORDER AL NO TENER DISPONIBLE 
02 14:43:22:397 PLSQL: CALCULADISPAREA :   FIN DE LINEA 10
02 14:43:22:397 PLSQL: CALCULADISPAREA :   TRATANDO LINEA 7 CON BACKORDER  P , CANTIDAD PENDIENTE 12 Y ARTICULO: 'BEL1B', LOTE: '', MARCASTK: '', NUMEROSERIE: ''
02 14:43:22:397 PLSQL: CALCULADISPAREA :      DISPONIBLE ACTUAL ( 468 ) = DISPONIBLE INICIAL ( 468 ) - PRERESERVADO  ( 0 ) - DESCONTADO ( 0 )
02 14:43:22:397 PLSQL: CALCULADISPAREA :      LINEA 7 CUMPLE BACKORDER AL TENER DISPONIBLE 468 Y TENER POR SERVIR 12
02 14:43:22:397 PLSQL: CALCULADISPAREA :   FIN DE LINEA 7
02 14:43:22:397 PLSQL: CALCULADISPAREA :   TRATANDO LINEA 14 CON BACKORDER  P , CANTIDAD PENDIENTE 1 Y ARTICULO: 'BEL25602', LOTE: '', MARCASTK: '', NUMEROSERIE: ''
02 14:43:22:397 PLSQL: CALCULADISPAREA :      DISPONIBLE ACTUAL ( 0 ) = DISPONIBLE INICIAL ( 0 ) - PRERESERVADO  ( 0 ) - DESCONTADO ( 0 )
02 14:43:22:397 PLSQL: CALCULADISPAREA :      (ERR) LINEA 14 NO CUMPLE BACKORDER AL TENER DISPONIBLE 0 Y TENER POR SERVIR 1
02 14:43:22:397 PLSQL: CALCULADISPAREA :   FIN DE LINEA 14
02 14:43:22:397 PLSQL: CALCULADISPAREA :   TRATANDO LINEA 15 CON BACKORDER  P , CANTIDAD PENDIENTE 1 Y ARTICULO: 'BEL2561', LOTE: '', MARCASTK: '', NUMEROSERIE: ''
02 14:43:22:397 PLSQL: CALCULADISPAREA :      DISPONIBLE ACTUAL ( 0 ) = DISPONIBLE INICIAL ( 0 ) - PRERESERVADO  ( 0 ) - DESCONTADO ( 0 )
02 14:43:22:397 PLSQL: CALCULADISPAREA :      (ERR) LINEA 15 NO CUMPLE BACKORDER AL TENER DISPONIBLE 0 Y TENER POR SERVIR 1
02 14:43:22:397 PLSQL: CALCULADISPAREA :   FIN DE LINEA 15
02 14:43:22:397 PLSQL: CALCULADISPAREA :   TRATANDO LINEA 20 CON BACKORDER  P , CANTIDAD PENDIENTE 2 Y ARTICULO: 'BEL3080CM', LOTE: '', MARCASTK: '', NUMEROSERIE: ''
02 14:43:22:397 PLSQL: CALCULADISPAREA :      DISPONIBLE ACTUAL ( 0 ) = DISPONIBLE INICIAL ( 0 ) - PRERESERVADO  ( 0 ) - DESCONTADO ( 0 )
02 14:43:22:397 PLSQL: CALCULADISPAREA :      (ERR) LINEA 20 NO CUMPLE BACKORDER AL TENER DISPONIBLE 0 Y TENER POR SERVIR 2
02 14:43:22:397 PLSQL: CALCULADISPAREA :   FIN DE LINEA 20
02 14:43:22:397 PLSQL: CALCULADISPAREA :   TRATANDO LINEA 6 CON BACKORDER  P , CANTIDAD PENDIENTE 12 Y ARTICULO: 'BEL4B', LOTE: '', MARCASTK: '', NUMEROSERIE: ''
02 14:43:22:397 PLSQL: CALCULADISPAREA :      DISPONIBLE ACTUAL ( 2591 ) = DISPONIBLE INICIAL ( 2591 ) - PRERESERVADO  ( 0 ) - DESCONTADO ( 0 )
02 14:43:22:397 PLSQL: CALCULADISPAREA :      LINEA 6 CUMPLE BACKORDER AL TENER DISPONIBLE 2591 Y TENER POR SERVIR 12
02 14:43:22:397 PLSQL: CALCULADISPAREA :   FIN DE LINEA 6
02 14:43:22:397 PLSQL: CALCULADISPAREA :   TRATANDO LINEA 11 CON BACKORDER  P , CANTIDAD PENDIENTE 3 Y ARTICULO: 'BEL5310BCF', LOTE: '', MARCASTK: '', NUMEROSERIE: ''
02 14:43:22:397 PLSQL: CALCULADISPAREA :      DISPONIBLE ACTUAL ( 0 ) = DISPONIBLE INICIAL ( 0 ) - PRERESERVADO  ( 0 ) - DESCONTADO ( 0 )
02 14:43:22:397 PLSQL: CALCULADISPAREA :      (ERR) LINEA 11 NO CUMPLE BACKORDER AL TENER DISPONIBLE 0 Y TENER POR SERVIR 3
02 14:43:22:397 PLSQL: CALCULADISPAREA :   FIN DE LINEA 11
02 14:43:22:397 PLSQL: CALCULADISPAREA :   TRATANDO LINEA 17 CON BACKORDER  P , CANTIDAD PENDIENTE 6 Y ARTICULO: 'BEL589030', LOTE: '', MARCASTK: '', NUMEROSERIE: ''
02 14:43:22:397 PLSQL: CALCULADISPAREA :      DISPONIBLE ACTUAL ( 0 ) = DISPONIBLE INICIAL ( 0 ) - PRERESERVADO  ( 0 ) - DESCONTADO ( 0 )
02 14:43:22:397 PLSQL: CALCULADISPAREA :      (ERR) LINEA 17 NO CUMPLE BACKORDER AL TENER DISPONIBLE 0 Y TENER POR SERVIR 6
02 14:43:22:397 PLSQL: CALCULADISPAREA :   FIN DE LINEA 17
02 14:43:22:397 PLSQL: CALCULADISPAREA :   TRATANDO LINEA 1 CON BACKORDER  P , CANTIDAD PENDIENTE 2 Y ARTICULO: 'BEL6001225', LOTE: '', MARCASTK: '', NUMEROSERIE: ''
02 14:43:22:397 PLSQL: CALCULADISPAREA :      DISPONIBLE ACTUAL ( 5184 ) = DISPONIBLE INICIAL ( 5184 ) - PRERESERVADO  ( 0 ) - DESCONTADO ( 0 )
02 14:43:22:397 PLSQL: CALCULADISPAREA :      LINEA 1 CUMPLE BACKORDER AL TENER DISPONIBLE 5184 Y TENER POR SERVIR 2
02 14:43:22:397 PLSQL: CALCULADISPAREA :   FIN DE LINEA 1
02 14:43:22:398 PLSQL: CALCULADISPAREA :   TRATANDO LINEA 5 CON BACKORDER  P , CANTIDAD PENDIENTE 2 Y ARTICULO: 'BEL72223B44S3', LOTE: '', MARCASTK: '', NUMEROSERIE: ''
02 14:43:22:398 PLSQL: CALCULADISPAREA :      DISPONIBLE ACTUAL ( 0 ) = DISPONIBLE INICIAL ( 0 ) - PRERESERVADO  ( 0 ) - DESCONTADO ( 0 )
02 14:43:22:398 PLSQL: CALCULADISPAREA :      (ERR) LINEA 5 NO CUMPLE BACKORDER AL TENER DISPONIBLE 0 Y TENER POR SERVIR 2
02 14:43:22:398 PLSQL: CALCULADISPAREA :   FIN DE LINEA 5
02 14:43:22:398 PLSQL: CALCULADISPAREA :   TRATANDO LINEA 3 CON BACKORDER  P , CANTIDAD PENDIENTE 1 Y ARTICULO: 'BEL8011E', LOTE: '', MARCASTK: '', NUMEROSERIE: ''
02 14:43:22:398 PLSQL: CALCULADISPAREA :      DISPONIBLE ACTUAL ( 0 ) = DISPONIBLE INICIAL ( 0 ) - PRERESERVADO  ( 0 ) - DESCONTADO ( 0 )
02 14:43:22:398 PLSQL: CALCULADISPAREA :      (ERR) LINEA 3 NO CUMPLE BACKORDER AL TENER DISPONIBLE 0 Y TENER POR SERVIR 1
02 14:43:22:398 PLSQL: CALCULADISPAREA :   FIN DE LINEA 3
02 14:43:22:398 PLSQL: CALCULADISPAREA :   TRATANDO LINEA 2 CON BACKORDER  P , CANTIDAD PENDIENTE 4 Y ARTICULO: 'BEL9145ECO', LOTE: '', MARCASTK: '', NUMEROSERIE: ''
02 14:43:22:398 PLSQL: CALCULADISPAREA :      DISPONIBLE ACTUAL ( 0 ) = DISPONIBLE INICIAL ( 0 ) - PRERESERVADO  ( 0 ) - DESCONTADO ( 0 )
02 14:43:22:398 PLSQL: CALCULADISPAREA :      (ERR) LINEA 2 NO CUMPLE BACKORDER AL TENER DISPONIBLE 0 Y TENER POR SERVIR 4
02 14:43:22:398 PLSQL: CALCULADISPAREA :   FIN DE LINEA 2
02 14:43:22:398 PLSQL: CALCULADISPAREA :   TRATANDO LINEA 12 CON BACKORDER  P , CANTIDAD PENDIENTE 2 Y ARTICULO: 'BEL95018', LOTE: '', MARCASTK: '', NUMEROSERIE: ''
02 14:43:22:398 PLSQL: CALCULADISPAREA :      DISPONIBLE ACTUAL ( 0 ) = DISPONIBLE INICIAL ( 0 ) - PRERESERVADO  ( 0 ) - DESCONTADO ( 0 )
02 14:43:22:398 PLSQL: CALCULADISPAREA :      (ERR) LINEA 12 NO CUMPLE BACKORDER AL TENER DISPONIBLE 0 Y TENER POR SERVIR 2
02 14:43:22:398 PLSQL: CALCULADISPAREA :   FIN DE LINEA 12
02 14:43:22:398 PLSQL: ANALIZABACKORDERPEC :  LINEA 10 CON FALTAS AL NO CUMPLIR BACKORDER
02 14:43:22:399 PLSQL: ANALIZABACKORDERPEC :  LINEA 14 CON FALTAS AL NO CUMPLIR BACKORDER
02 14:43:22:399 PLSQL: ANALIZABACKORDERPEC :  LINEA 15 CON FALTAS AL NO CUMPLIR BACKORDER
02 14:43:22:399 PLSQL: ANALIZABACKORDERPEC :  LINEA 20 CON FALTAS AL NO CUMPLIR BACKORDER
02 14:43:22:400 PLSQL: ANALIZABACKORDERPEC :  LINEA 11 CON FALTAS AL NO CUMPLIR BACKORDER
02 14:43:22:400 PLSQL: ANALIZABACKORDERPEC :  LINEA 17 CON FALTAS AL NO CUMPLIR BACKORDER
02 14:43:22:400 PLSQL: ANALIZABACKORDERPEC :  LINEA 5 CON FALTAS AL NO CUMPLIR BACKORDER
02 14:43:22:400 PLSQL: ANALIZABACKORDERPEC :  LINEA 3 CON FALTAS AL NO CUMPLIR BACKORDER
02 14:43:22:400 PLSQL: ANALIZABACKORDERPEC :  LINEA 2 CON FALTAS AL NO CUMPLIR BACKORDER
02 14:43:22:401 PLSQL: ANALIZABACKORDERPEC :  LINEA 12 CON FALTAS AL NO CUMPLIR BACKORDER
02 14:43:22:416 PLSQL: ANALIZABACKORDERPEC :  PEDIDO CON DISPONIBILIDAD POR SU BACKORDER
02 14:43:22:416 PLSQL: CALCULADISPAREA :  FIN DISPONIBILIDAD DE PEDIDO  BEL
02 14:43:22:416 PLSQL:  :  

02 14:43:22:416 PLSQL: CALCULADISPAREA :  INICIO DISPONIBILIDAD DE PEDIDO  BEL
02 14:43:22:416 PLSQL: CALCULADISPAREA :   TRATANDO LINEA 2 CON BACKORDER  P , CANTIDAD PENDIENTE 2 Y ARTICULO: 'BEL7231040S1P', LOTE: '', MARCASTK: '', NUMEROSERIE: ''
02 14:43:22:416 PLSQL: CALCULADISPAREA :      DISPONIBLE ACTUAL ( 0 ) = DISPONIBLE INICIAL ( 0 ) - PRERESERVADO  ( 0 ) - DESCONTADO ( 0 )
02 14:43:22:416 PLSQL: CALCULADISPAREA :      (ERR) LINEA 2 NO CUMPLE BACKORDER AL TENER DISPONIBLE 0 Y TENER POR SERVIR 2
02 14:43:22:417 PLSQL: CALCULADISPAREA :   FIN DE LINEA 2
02 14:43:22:417 PLSQL: CALCULADISPAREA :   TRATANDO LINEA 1 CON BACKORDER  P , CANTIDAD PENDIENTE 2 Y ARTICULO: 'BEL7231042S1P', LOTE: '', MARCASTK: '', NUMEROSERIE: ''
02 14:43:22:417 PLSQL: CALCULADISPAREA :      DISPONIBLE ACTUAL ( 0 ) = DISPONIBLE INICIAL ( 0 ) - PRERESERVADO  ( 0 ) - DESCONTADO ( 0 )
02 14:43:22:417 PLSQL: CALCULADISPAREA :      (ERR) LINEA 1 NO CUMPLE BACKORDER AL TENER DISPONIBLE 0 Y TENER POR SERVIR 2
02 14:43:22:417 PLSQL: CALCULADISPAREA :   FIN DE LINEA 1
02 14:43:22:417 PLSQL: CALCULADISPAREA :   TRATANDO LINEA 3 CON BACKORDER  P , CANTIDAD PENDIENTE 1 Y ARTICULO: 'BEL7231044S1P', LOTE: '', MARCASTK: '', NUMEROSERIE: ''
02 14:43:22:417 PLSQL: CALCULADISPAREA :      DISPONIBLE ACTUAL ( 0 ) = DISPONIBLE INICIAL ( 0 ) - PRERESERVADO  ( 0 ) - DESCONTADO ( 0 )
02 14:43:22:417 PLSQL: CALCULADISPAREA :      (ERR) LINEA 3 NO CUMPLE BACKORDER AL TENER DISPONIBLE 0 Y TENER POR SERVIR 1
02 14:43:22:417 PLSQL: CALCULADISPAREA :   FIN DE LINEA 3
02 14:43:22:417 PLSQL: CALCULADISPAREA :   TRATANDO LINEA 4 CON BACKORDER  P , CANTIDAD PENDIENTE 1 Y ARTICULO: 'BEL7231045S1P', LOTE: '', MARCASTK: '', NUMEROSERIE: ''
02 14:43:22:417 PLSQL: CALCULADISPAREA :      DISPONIBLE ACTUAL ( 0 ) = DISPONIBLE INICIAL ( 0 ) - PRERESERVADO  ( 0 ) - DESCONTADO ( 0 )
02 14:43:22:417 PLSQL: CALCULADISPAREA :      (ERR) LINEA 4 NO CUMPLE BACKORDER AL TENER DISPONIBLE 0 Y TENER POR SERVIR 1
02 14:43:22:417 PLSQL: CALCULADISPAREA :   FIN DE LINEA 4
02 14:43:22:417 PLSQL: CALCULADISPAREA :   TRATANDO LINEA 5 CON BACKORDER  P , CANTIDAD PENDIENTE 1 Y ARTICULO: 'BEL7231047S1P', LOTE: '', MARCASTK: '', NUMEROSERIE: ''
02 14:43:22:417 PLSQL: CALCULADISPAREA :      DISPONIBLE ACTUAL ( 70 ) = DISPONIBLE INICIAL ( 70 ) - PRERESERVADO  ( 0 ) - DESCONTADO ( 0 )
02 14:43:22:417 PLSQL: CALCULADISPAREA :      LINEA 5 CUMPLE BACKORDER AL TENER DISPONIBLE 70 Y TENER POR SERVIR 1
02 14:43:22:417 PLSQL: CALCULADISPAREA :   FIN DE LINEA 5
02 14:43:22:417 PLSQL: ANALIZABACKORDERPEC :  LINEA 2 CON FALTAS AL NO CUMPLIR BACKORDER
02 14:43:22:418 PLSQL: ANALIZABACKORDERPEC :  LINEA 1 CON FALTAS AL NO CUMPLIR BACKORDER
02 14:43:22:418 PLSQL: ANALIZABACKORDERPEC :  LINEA 3 CON FALTAS AL NO CUMPLIR BACKORDER
02 14:43:22:418 PLSQL: ANALIZABACKORDERPEC :  LINEA 4 CON FALTAS AL NO CUMPLIR BACKORDER
02 14:43:22:419 PLSQL: ANALIZABACKORDERPEC :  PEDIDO CON DISPONIBILIDAD POR SU BACKORDER
02 14:43:22:419 PLSQL: CALCULADISPAREA :  FIN DISPONIBILIDAD DE PEDIDO  BEL
02 14:43:22:419 PLSQL:  :  

02 14:43:22:419 PLSQL: CALCULADISPAREA :  INICIO DISPONIBILIDAD DE PEDIDO  BEL
02 14:43:22:419 PLSQL: CALCULADISPAREA :   TRATANDO LINEA 15 CON BACKORDER  P , CANTIDAD PENDIENTE 6 Y ARTICULO: 'BELBP4180', LOTE: '', MARCASTK: '', NUMEROSERIE: ''
02 14:43:22:419 PLSQL: CALCULADISPAREA :      DISPONIBLE ACTUAL ( 1072 ) = DISPONIBLE INICIAL ( 1072 ) - PRERESERVADO  ( 0 ) - DESCONTADO ( 0 )
02 14:43:22:419 PLSQL: CALCULADISPAREA :      LINEA 15 CUMPLE BACKORDER AL TENER DISPONIBLE 1072 Y TENER POR SERVIR 6
02 14:43:22:419 PLSQL: CALCULADISPAREA :   FIN DE LINEA 15
02 14:43:22:419 PLSQL: CALCULADISPAREA :   TRATANDO LINEA 8 CON BACKORDER  P , CANTIDAD PENDIENTE 12 Y ARTICULO: 'BELM41100', LOTE: '', MARCASTK: '', NUMEROSERIE: ''
00 14:43:22:420 PLSQL: CALCULADISPAREA :      LINEA DE PEDIDO  BEL  -  2020  -  799306-959617 ' - '1' - '8'  NO EXISTE EN ARRAY DE DISPONIBILIDAD
02 14:43:22:420 PLSQL: CALCULADISPAREA :      (ERR) LINEA NO CUMPLE BACKORDER AL NO TENER DISPONIBLE 
02 14:43:22:420 PLSQL: CALCULADISPAREA :   FIN DE LINEA 8
02 14:43:22:420 PLSQL: CALCULADISPAREA :   TRATANDO LINEA 6 CON BACKORDER  P , CANTIDAD PENDIENTE 12 Y ARTICULO: 'BELM6900', LOTE: '', MARCASTK: '', NUMEROSERIE: ''
00 14:43:22:420 PLSQL: CALCULADISPAREA :      LINEA DE PEDIDO  BEL  -  2020  -  799306-959617 ' - '1' - '6'  NO EXISTE EN ARRAY DE DISPONIBILIDAD
02 14:43:22:420 PLSQL: CALCULADISPAREA :      (ERR) LINEA NO CUMPLE BACKORDER AL NO TENER DISPONIBLE 
02 14:43:22:420 PLSQL: CALCULADISPAREA :   FIN DE LINEA 6
02 14:43:22:420 PLSQL: CALCULADISPAREA :   TRATANDO LINEA 1 CON BACKORDER  P , CANTIDAD PENDIENTE 24 Y ARTICULO: 'BELVIAT5013A', LOTE: '', MARCASTK: '', NUMEROSERIE: ''
00 14:43:22:420 PLSQL: CALCULADISPAREA :      LINEA DE PEDIDO  BEL  -  2020  -  799306-959617 ' - '1' - '1'  NO EXISTE EN ARRAY DE DISPONIBILIDAD
02 14:43:22:420 PLSQL: CALCULADISPAREA :      (ERR) LINEA NO CUMPLE BACKORDER AL NO TENER DISPONIBLE 
02 14:43:22:420 PLSQL: CALCULADISPAREA :   FIN DE LINEA 1
02 14:43:22:420 PLSQL: CALCULADISPAREA :   TRATANDO LINEA 2 CON BACKORDER  P , CANTIDAD PENDIENTE 12 Y ARTICULO: 'BELVIAT5023A', LOTE: '', MARCASTK: '', NUMEROSERIE: ''
00 14:43:22:420 PLSQL: CALCULADISPAREA :      LINEA DE PEDIDO  BEL  -  2020  -  799306-959617 ' - '1' - '2'  NO EXISTE EN ARRAY DE DISPONIBILIDAD
02 14:43:22:420 PLSQL: CALCULADISPAREA :      (ERR) LINEA NO CUMPLE BACKORDER AL NO TENER DISPONIBLE 
02 14:43:22:420 PLSQL: CALCULADISPAREA :   FIN DE LINEA 2
02 14:43:22:420 PLSQL: CALCULADISPAREA :   TRATANDO LINEA 3 CON BACKORDER  P , CANTIDAD PENDIENTE 12 Y ARTICULO: 'BEL5120125', LOTE: '', MARCASTK: '', NUMEROSERIE: ''
02 14:43:22:420 PLSQL: CALCULADISPAREA :      DISPONIBLE ACTUAL ( 0 ) = DISPONIBLE INICIAL ( 0 ) - PRERESERVADO  ( 0 ) - DESCONTADO ( 0 )
02 14:43:22:420 PLSQL: CALCULADISPAREA :      (ERR) LINEA 3 NO CUMPLE BACKORDER AL TENER DISPONIBLE 0 Y TENER POR SERVIR 12
02 14:43:22:420 PLSQL: CALCULADISPAREA :   FIN DE LINEA 3
02 14:43:22:420 PLSQL: CALCULADISPAREA :   TRATANDO LINEA 10 CON BACKORDER  P , CANTIDAD PENDIENTE 6 Y ARTICULO: 'BEL5308BN', LOTE: '', MARCASTK: '', NUMEROSERIE: ''
02 14:43:22:421 PLSQL: CALCULADISPAREA :      DISPONIBLE ACTUAL ( 0 ) = DISPONIBLE INICIAL ( 0 ) - PRERESERVADO  ( 0 ) - DESCONTADO ( 0 )
02 14:43:22:421 PLSQL: CALCULADISPAREA :      (ERR) LINEA 10 NO CUMPLE BACKORDER AL TENER DISPONIBLE 0 Y TENER POR SERVIR 6
02 14:43:22:421 PLSQL: CALCULADISPAREA :   FIN DE LINEA 10
02 14:43:22:421 PLSQL: CALCULADISPAREA :   TRATANDO LINEA 9 CON BACKORDER  P , CANTIDAD PENDIENTE 6 Y ARTICULO: 'BEL582518350CP', LOTE: '', MARCASTK: '', NUMEROSERIE: ''
02 14:43:22:421 PLSQL: CALCULADISPAREA :      DISPONIBLE ACTUAL ( 0 ) = DISPONIBLE INICIAL ( 0 ) - PRERESERVADO  ( 0 ) - DESCONTADO ( 0 )
02 14:43:22:421 PLSQL: CALCULADISPAREA :      (ERR) LINEA 9 NO CUMPLE BACKORDER AL TENER DISPONIBLE 0 Y TENER POR SERVIR 6
02 14:43:22:421 PLSQL: CALCULADISPAREA :   FIN DE LINEA 9
02 14:43:22:421 PLSQL: CALCULADISPAREA :   TRATANDO LINEA 7 CON BACKORDER  P , CANTIDAD PENDIENTE 6 Y ARTICULO: 'BEL5900140', LOTE: '', MARCASTK: '', NUMEROSERIE: ''
02 14:43:22:421 PLSQL: CALCULADISPAREA :      DISPONIBLE ACTUAL ( 1080 ) = DISPONIBLE INICIAL ( 1080 ) - PRERESERVADO  ( 0 ) - DESCONTADO ( 0 )
02 14:43:22:421 PLSQL: CALCULADISPAREA :      LINEA 7 CUMPLE BACKORDER AL TENER DISPONIBLE 1080 Y TENER POR SERVIR 6
02 14:43:22:421 PLSQL: CALCULADISPAREA :   FIN DE LINEA 7
02 14:43:22:421 PLSQL: CALCULADISPAREA :   TRATANDO LINEA 13 CON BACKORDER  P , CANTIDAD PENDIENTE 1 Y ARTICULO: 'BEL72208B47S3', LOTE: '', MARCASTK: '', NUMEROSERIE: ''
02 14:43:22:421 PLSQL: CALCULADISPAREA :      DISPONIBLE ACTUAL ( 0 ) = DISPONIBLE INICIAL ( 0 ) - PRERESERVADO  ( 0 ) - DESCONTADO ( 0 )
02 14:43:22:421 PLSQL: CALCULADISPAREA :      (ERR) LINEA 13 NO CUMPLE BACKORDER AL TENER DISPONIBLE 0 Y TENER POR SERVIR 1
02 14:43:22:421 PLSQL: CALCULADISPAREA :   FIN DE LINEA 13
02 14:43:22:421 PLSQL: CALCULADISPAREA :   TRATANDO LINEA 12 CON BACKORDER  P , CANTIDAD PENDIENTE 6 Y ARTICULO: 'BEL8053500', LOTE: '', MARCASTK: '', NUMEROSERIE: ''
02 14:43:22:421 PLSQL: CALCULADISPAREA :      DISPONIBLE ACTUAL ( 0 ) = DISPONIBLE INICIAL ( 0 ) - PRERESERVADO  ( 0 ) - DESCONTADO ( 0 )
02 14:43:22:421 PLSQL: CALCULADISPAREA :      (ERR) LINEA 12 NO CUMPLE BACKORDER AL TENER DISPONIBLE 0 Y TENER POR SERVIR 6
02 14:43:22:421 PLSQL: CALCULADISPAREA :   FIN DE LINEA 12
02 14:43:22:422 PLSQL: CALCULADISPAREA :   TRATANDO LINEA 5 CON BACKORDER  P , CANTIDAD PENDIENTE 6 Y ARTICULO: 'BEL8281250', LOTE: '', MARCASTK: '', NUMEROSERIE: ''
02 14:43:22:422 PLSQL: CALCULADISPAREA :      DISPONIBLE ACTUAL ( 0 ) = DISPONIBLE INICIAL ( 0 ) - PRERESERVADO  ( 0 ) - DESCONTADO ( 0 )
02 14:43:22:422 PLSQL: CALCULADISPAREA :      (ERR) LINEA 5 NO CUMPLE BACKORDER AL TENER DISPONIBLE 0 Y TENER POR SERVIR 6
02 14:43:22:422 PLSQL: CALCULADISPAREA :   FIN DE LINEA 5
02 14:43:22:422 PLSQL: ANALIZABACKORDERPEC :  LINEA 8 CON FALTAS AL NO CUMPLIR BACKORDER
02 14:43:22:422 PLSQL: ANALIZABACKORDERPEC :  LINEA 6 CON FALTAS AL NO CUMPLIR BACKORDER
02 14:43:22:422 PLSQL: ANALIZABACKORDERPEC :  LINEA 1 CON FALTAS AL NO CUMPLIR BACKORDER
02 14:43:22:422 PLSQL: ANALIZABACKORDERPEC :  LINEA 2 CON FALTAS AL NO CUMPLIR BACKORDER
02 14:43:22:423 PLSQL: ANALIZABACKORDERPEC :  LINEA 3 CON FALTAS AL NO CUMPLIR BACKORDER
02 14:43:22:423 PLSQL: ANALIZABACKORDERPEC :  LINEA 10 CON FALTAS AL NO CUMPLIR BACKORDER
02 14:43:22:423 PLSQL: ANALIZABACKORDERPEC :  LINEA 9 CON FALTAS AL NO CUMPLIR BACKORDER
02 14:43:22:423 PLSQL: ANALIZABACKORDERPEC :  LINEA 13 CON FALTAS AL NO CUMPLIR BACKORDER
02 14:43:22:423 PLSQL: ANALIZABACKORDERPEC :  LINEA 12 CON FALTAS AL NO CUMPLIR BACKORDER
02 14:43:22:423 PLSQL: ANALIZABACKORDERPEC :  LINEA 5 CON FALTAS AL NO CUMPLIR BACKORDER
02 14:43:22:424 PLSQL: ANALIZABACKORDERPEC :  PEDIDO CON DISPONIBILIDAD POR SU BACKORDER
02 14:43:22:424 PLSQL: CALCULADISPAREA :  FIN DISPONIBILIDAD DE PEDIDO  BEL
02 14:43:22:425 PLSQL:  :  

02 14:43:22:425 PLSQL: CALCULADISPAREA :  INICIO DISPONIBILIDAD DE PEDIDO  BEL
02 14:43:22:425 PLSQL: CALCULADISPAREA :   TRATANDO LINEA 1 CON BACKORDER  P , CANTIDAD PENDIENTE 2 Y ARTICULO: 'BELM2900', LOTE: '', MARCASTK: '', NUMEROSERIE: ''
00 14:43:22:425 PLSQL: CALCULADISPAREA :      LINEA DE PEDIDO  BEL  -  2020  -  795747 ' - '1' - '1'  NO EXISTE EN ARRAY DE DISPONIBILIDAD
02 14:43:22:425 PLSQL: CALCULADISPAREA :      (ERR) LINEA NO CUMPLE BACKORDER AL NO TENER DISPONIBLE 
02 14:43:22:425 PLSQL: CALCULADISPAREA :   FIN DE LINEA 1
02 14:43:22:425 PLSQL: CALCULADISPAREA :   TRATANDO LINEA 2 CON BACKORDER  P , CANTIDAD PENDIENTE 480 Y ARTICULO: 'BELM6900', LOTE: '', MARCASTK: '', NUMEROSERIE: ''
00 14:43:22:425 PLSQL: CALCULADISPAREA :      LINEA DE PEDIDO  BEL  -  2020  -  795747 ' - '1' - '2'  NO EXISTE EN ARRAY DE DISPONIBILIDAD
02 14:43:22:425 PLSQL: CALCULADISPAREA :      (ERR) LINEA NO CUMPLE BACKORDER AL NO TENER DISPONIBLE 
02 14:43:22:425 PLSQL: CALCULADISPAREA :   FIN DE LINEA 2
02 14:43:22:425 PLSQL: CALCULADISPAREA :   TRATANDO LINEA 3 CON BACKORDER  P , CANTIDAD PENDIENTE 1 Y ARTICULO: 'BELM901LR120', LOTE: '', MARCASTK: '', NUMEROSERIE: ''
00 14:43:22:425 PLSQL: CALCULADISPAREA :      LINEA DE PEDIDO  BEL  -  2020  -  795747 ' - '1' - '3'  NO EXISTE EN ARRAY DE DISPONIBILIDAD
02 14:43:22:425 PLSQL: CALCULADISPAREA :      (ERR) LINEA NO CUMPLE BACKORDER AL NO TENER DISPONIBLE 
02 14:43:22:425 PLSQL: CALCULADISPAREA :   FIN DE LINEA 3
02 14:43:22:425 PLSQL: CALCULADISPAREA :   TRATANDO LINEA 5 CON BACKORDER  P , CANTIDAD PENDIENTE 5 Y ARTICULO: 'BEL228ACM400', LOTE: '', MARCASTK: '', NUMEROSERIE: ''
02 14:43:22:425 PLSQL: CALCULADISPAREA :      DISPONIBLE ACTUAL ( 0 ) = DISPONIBLE INICIAL ( 0 ) - PRERESERVADO  ( 0 ) - DESCONTADO ( 0 )
02 14:43:22:425 PLSQL: CALCULADISPAREA :      (ERR) LINEA 5 NO CUMPLE BACKORDER AL TENER DISPONIBLE 0 Y TENER POR SERVIR 5
02 14:43:22:425 PLSQL: CALCULADISPAREA :   FIN DE LINEA 5
02 14:43:22:426 PLSQL: CALCULADISPAREA :   TRATANDO LINEA 6 CON BACKORDER  P , CANTIDAD PENDIENTE 4 Y ARTICULO: 'BEL230ACM400', LOTE: '', MARCASTK: '', NUMEROSERIE: ''
02 14:43:22:426 PLSQL: CALCULADISPAREA :      DISPONIBLE ACTUAL ( 0 ) = DISPONIBLE INICIAL ( 0 ) - PRERESERVADO  ( 0 ) - DESCONTADO ( 0 )
02 14:43:22:426 PLSQL: CALCULADISPAREA :      (ERR) LINEA 6 NO CUMPLE BACKORDER AL TENER DISPONIBLE 0 Y TENER POR SERVIR 4
02 14:43:22:426 PLSQL: CALCULADISPAREA :   FIN DE LINEA 6
02 14:43:22:426 PLSQL: CALCULADISPAREA :   TRATANDO LINEA 7 CON BACKORDER  P , CANTIDAD PENDIENTE 4 Y ARTICULO: 'BEL232ACM400', LOTE: '', MARCASTK: '', NUMEROSERIE: ''
02 14:43:22:426 PLSQL: CALCULADISPAREA :      DISPONIBLE ACTUAL ( 0 ) = DISPONIBLE INICIAL ( 0 ) - PRERESERVADO  ( 0 ) - DESCONTADO ( 0 )
02 14:43:22:426 PLSQL: CALCULADISPAREA :      (ERR) LINEA 7 NO CUMPLE BACKORDER AL TENER DISPONIBLE 0 Y TENER POR SERVIR 4
02 14:43:22:426 PLSQL: CALCULADISPAREA :   FIN DE LINEA 7
02 14:43:22:426 PLSQL: CALCULADISPAREA :   TRATANDO LINEA 4 CON BACKORDER  P , CANTIDAD PENDIENTE 5 Y ARTICULO: 'BEL325800CM1100', LOTE: '', MARCASTK: '', NUMEROSERIE: ''
02 14:43:22:426 PLSQL: CALCULADISPAREA :      DISPONIBLE ACTUAL ( 0 ) = DISPONIBLE INICIAL ( 0 ) - PRERESERVADO  ( 0 ) - DESCONTADO ( 0 )
02 14:43:22:426 PLSQL: CALCULADISPAREA :      (ERR) LINEA 4 NO CUMPLE BACKORDER AL TENER DISPONIBLE 0 Y TENER POR SERVIR 5
02 14:43:22:426 PLSQL: CALCULADISPAREA :   FIN DE LINEA 4
02 14:43:22:426 PLSQL: CALCULADISPAREA :   TRATANDO LINEA 8 CON BACKORDER  P , CANTIDAD PENDIENTE 8 Y ARTICULO: 'BEL95116CML', LOTE: '', MARCASTK: '', NUMEROSERIE: ''
02 14:43:22:426 PLSQL: CALCULADISPAREA :      DISPONIBLE ACTUAL ( 0 ) = DISPONIBLE INICIAL ( 0 ) - PRERESERVADO  ( 0 ) - DESCONTADO ( 0 )
02 14:43:22:426 PLSQL: CALCULADISPAREA :      (ERR) LINEA 8 NO CUMPLE BACKORDER AL TENER DISPONIBLE 0 Y TENER POR SERVIR 8
02 14:43:22:426 PLSQL: CALCULADISPAREA :   FIN DE LINEA 8
02 14:43:22:426 PLSQL: ANALIZABACKORDERPEC :  LINEA 1 CON FALTAS AL NO CUMPLIR BACKORDER
02 14:43:22:427 PLSQL: ANALIZABACKORDERPEC :  LINEA 2 CON FALTAS AL NO CUMPLIR BACKORDER
02 14:43:22:427 PLSQL: ANALIZABACKORDERPEC :  LINEA 3 CON FALTAS AL NO CUMPLIR BACKORDER
02 14:43:22:427 PLSQL: ANALIZABACKORDERPEC :  LINEA 5 CON FALTAS AL NO CUMPLIR BACKORDER
02 14:43:22:427 PLSQL: ANALIZABACKORDERPEC :  LINEA 6 CON FALTAS AL NO CUMPLIR BACKORDER
02 14:43:22:428 PLSQL: ANALIZABACKORDERPEC :  LINEA 7 CON FALTAS AL NO CUMPLIR BACKORDER
02 14:43:22:428 PLSQL: ANALIZABACKORDERPEC :  LINEA 4 CON FALTAS AL NO CUMPLIR BACKORDER
02 14:43:22:428 PLSQL: ANALIZABACKORDERPEC :  LINEA 8 CON FALTAS AL NO CUMPLIR BACKORDER
02 14:43:22:428 PLSQL: ANALIZABACKORDERPEC :  PEDIDO SIN DISPONIBILIDAD POR SU BACKORDER
02 14:43:22:428 PLSQL: CALCULADISPAREA :  FIN DISPONIBILIDAD DE PEDIDO  BEL
02 14:43:22:428 PLSQL:  :  

00 14:43:22:429 PLSQL: CALCULADISP :  FIN DE DISPONIBILIDAD
00 14:43:22:480 No se encuentra proceso a ejecutar

00 14:43:22:482 Fichero de log cerrado.

