00 09:09:49:032 Fichero de log abierto PID 14048

02 09:09:49:033 Intentando abrir fichero v10.ini
02 09:09:49:040 Cargando driver v10oracle funcion damedriveroracle
02 09:09:49:658 Conectado a base de datos
02 09:09:49:661 Proceso ENVIOREDUR encontrado en tabla VDPROCESOS
02 09:09:49:667 Proceso ENVIOREDUR cargado con función interfasesalida (Librería VDINTERFASES.DLL) direccion 06C3CC80
02 09:09:49:668 PLSQL: INICIALIZADO PAQUETE DE LOG EL DIA 12-04-2022
02 09:09:49:677 Actualizado SID 499 SERIAL 44238 del proceso con PID 14048
00 09:09:49:682 Error al abrir fichero VDST.H
02 09:09:49:692 Empiezo a leer forms vdinterageredur.frm
02 09:09:49:733 Termino parse forms vdinterageredur.frm
02 09:09:49:733 Ejecutando interfase VDINTERAGEREDUR
02 09:11:49:755 Empiezo a leer forms vdinterageredur.frm
02 09:11:49:755 Termino parse forms vdinterageredur.frm
02 09:11:49:755 Ejecutando interfase VDINTERAGEREDUR
02 09:13:49:788 Empiezo a leer forms vdinterageredur.frm
02 09:13:49:788 Termino parse forms vdinterageredur.frm
02 09:13:49:788 Ejecutando interfase VDINTERAGEREDUR
02 09:15:49:817 Empiezo a leer forms vdinterageredur.frm
02 09:15:49:826 Termino parse forms vdinterageredur.frm
02 09:15:49:826 Ejecutando interfase VDINTERAGEREDUR
02 09:17:49:846 Empiezo a leer forms vdinterageredur.frm
02 09:17:49:852 Termino parse forms vdinterageredur.frm
02 09:17:49:853 Ejecutando interfase VDINTERAGEREDUR
02 09:19:49:861 Empiezo a leer forms vdinterageredur.frm
02 09:19:49:867 Termino parse forms vdinterageredur.frm
02 09:19:49:867 Ejecutando interfase VDINTERAGEREDUR
02 09:21:49:883 Empiezo a leer forms vdinterageredur.frm
02 09:21:49:896 Termino parse forms vdinterageredur.frm
02 09:21:49:896 Ejecutando interfase VDINTERAGEREDUR
02 09:23:49:913 Empiezo a leer forms vdinterageredur.frm
02 09:23:49:927 Termino parse forms vdinterageredur.frm
02 09:23:49:927 Ejecutando interfase VDINTERAGEREDUR
02 09:25:49:946 Empiezo a leer forms vdinterageredur.frm
02 09:25:49:957 Termino parse forms vdinterageredur.frm
02 09:25:49:957 Ejecutando interfase VDINTERAGEREDUR
02 09:27:49:970 Empiezo a leer forms vdinterageredur.frm
02 09:27:49:978 Termino parse forms vdinterageredur.frm
02 09:27:49:978 Ejecutando interfase VDINTERAGEREDUR
02 09:29:49:997 Empiezo a leer forms vdinterageredur.frm
02 09:29:50:003 Termino parse forms vdinterageredur.frm
02 09:29:50:003 Ejecutando interfase VDINTERAGEREDUR
02 09:31:50:017 Empiezo a leer forms vdinterageredur.frm
02 09:31:50:030 Termino parse forms vdinterageredur.frm
02 09:31:50:030 Ejecutando interfase VDINTERAGEREDUR
02 09:33:50:042 Empiezo a leer forms vdinterageredur.frm
02 09:33:50:053 Termino parse forms vdinterageredur.frm
02 09:33:50:053 Ejecutando interfase VDINTERAGEREDUR
02 09:35:50:070 Empiezo a leer forms vdinterageredur.frm
02 09:35:50:082 Termino parse forms vdinterageredur.frm
02 09:35:50:082 Ejecutando interfase VDINTERAGEREDUR
02 09:37:50:100 Empiezo a leer forms vdinterageredur.frm
02 09:37:50:108 Termino parse forms vdinterageredur.frm
02 09:37:50:108 Ejecutando interfase VDINTERAGEREDUR
02 09:39:50:128 Empiezo a leer forms vdinterageredur.frm
02 09:39:50:137 Termino parse forms vdinterageredur.frm
02 09:39:50:137 Ejecutando interfase VDINTERAGEREDUR
02 09:41:50:155 Empiezo a leer forms vdinterageredur.frm
02 09:41:50:167 Termino parse forms vdinterageredur.frm
02 09:41:50:167 Ejecutando interfase VDINTERAGEREDUR
02 09:43:50:182 Empiezo a leer forms vdinterageredur.frm
02 09:43:50:187 Termino parse forms vdinterageredur.frm
02 09:43:50:188 Ejecutando interfase VDINTERAGEREDUR
02 09:45:50:205 Empiezo a leer forms vdinterageredur.frm
02 09:45:50:212 Termino parse forms vdinterageredur.frm
02 09:45:50:212 Ejecutando interfase VDINTERAGEREDUR
02 09:47:50:232 Empiezo a leer forms vdinterageredur.frm
02 09:47:50:242 Termino parse forms vdinterageredur.frm
02 09:47:50:242 Ejecutando interfase VDINTERAGEREDUR
02 09:49:50:252 Empiezo a leer forms vdinterageredur.frm
02 09:49:50:260 Termino parse forms vdinterageredur.frm
02 09:49:50:261 Ejecutando interfase VDINTERAGEREDUR
02 09:51:50:271 Empiezo a leer forms vdinterageredur.frm
02 09:51:50:277 Termino parse forms vdinterageredur.frm
02 09:51:50:277 Ejecutando interfase VDINTERAGEREDUR
02 09:53:50:296 Empiezo a leer forms vdinterageredur.frm
02 09:53:50:302 Termino parse forms vdinterageredur.frm
02 09:53:50:302 Ejecutando interfase VDINTERAGEREDUR
02 09:55:50:315 Empiezo a leer forms vdinterageredur.frm
02 09:55:50:322 Termino parse forms vdinterageredur.frm
02 09:55:50:322 Ejecutando interfase VDINTERAGEREDUR
02 09:57:50:335 Empiezo a leer forms vdinterageredur.frm
02 09:57:50:343 Termino parse forms vdinterageredur.frm
02 09:57:50:343 Ejecutando interfase VDINTERAGEREDUR
02 09:59:50:353 Empiezo a leer forms vdinterageredur.frm
02 09:59:50:362 Termino parse forms vdinterageredur.frm
02 09:59:50:362 Ejecutando interfase VDINTERAGEREDUR
02 10:01:50:371 Empiezo a leer forms vdinterageredur.frm
02 10:01:50:378 Termino parse forms vdinterageredur.frm
02 10:01:50:378 Ejecutando interfase VDINTERAGEREDUR
02 10:03:50:398 Empiezo a leer forms vdinterageredur.frm
02 10:03:50:410 Termino parse forms vdinterageredur.frm
02 10:03:50:410 Ejecutando interfase VDINTERAGEREDUR
02 10:05:50:425 Empiezo a leer forms vdinterageredur.frm
02 10:05:50:435 Termino parse forms vdinterageredur.frm
02 10:05:50:436 Ejecutando interfase VDINTERAGEREDUR
02 10:07:50:451 Empiezo a leer forms vdinterageredur.frm
02 10:07:50:458 Termino parse forms vdinterageredur.frm
02 10:07:50:458 Ejecutando interfase VDINTERAGEREDUR
02 10:09:50:481 Empiezo a leer forms vdinterageredur.frm
02 10:09:50:488 Termino parse forms vdinterageredur.frm
02 10:09:50:488 Ejecutando interfase VDINTERAGEREDUR
02 10:11:50:502 Empiezo a leer forms vdinterageredur.frm
02 10:11:50:511 Termino parse forms vdinterageredur.frm
02 10:11:50:511 Ejecutando interfase VDINTERAGEREDUR
02 10:13:50:527 Empiezo a leer forms vdinterageredur.frm
02 10:13:50:537 Termino parse forms vdinterageredur.frm
02 10:13:50:537 Ejecutando interfase VDINTERAGEREDUR
02 10:15:50:545 Empiezo a leer forms vdinterageredur.frm
02 10:15:50:557 Termino parse forms vdinterageredur.frm
02 10:15:50:557 Ejecutando interfase VDINTERAGEREDUR
02 10:17:50:571 Empiezo a leer forms vdinterageredur.frm
02 10:17:50:581 Termino parse forms vdinterageredur.frm
02 10:17:50:581 Ejecutando interfase VDINTERAGEREDUR
02 10:19:50:591 Empiezo a leer forms vdinterageredur.frm
02 10:19:50:606 Termino parse forms vdinterageredur.frm
02 10:19:50:606 Ejecutando interfase VDINTERAGEREDUR
02 10:21:50:621 Empiezo a leer forms vdinterageredur.frm
02 10:21:50:632 Termino parse forms vdinterageredur.frm
02 10:21:50:632 Ejecutando interfase VDINTERAGEREDUR
02 10:23:50:643 Empiezo a leer forms vdinterageredur.frm
02 10:23:50:657 Termino parse forms vdinterageredur.frm
02 10:23:50:658 Ejecutando interfase VDINTERAGEREDUR
02 10:25:50:670 Empiezo a leer forms vdinterageredur.frm
02 10:25:50:678 Termino parse forms vdinterageredur.frm
02 10:25:50:678 Ejecutando interfase VDINTERAGEREDUR
02 10:27:50:688 Empiezo a leer forms vdinterageredur.frm
02 10:27:50:700 Termino parse forms vdinterageredur.frm
02 10:27:50:700 Ejecutando interfase VDINTERAGEREDUR
02 10:29:50:717 Empiezo a leer forms vdinterageredur.frm
02 10:29:50:727 Termino parse forms vdinterageredur.frm
02 10:29:50:727 Ejecutando interfase VDINTERAGEREDUR
02 10:31:50:741 Empiezo a leer forms vdinterageredur.frm
02 10:31:50:752 Termino parse forms vdinterageredur.frm
02 10:31:50:752 Ejecutando interfase VDINTERAGEREDUR
02 10:33:50:767 Empiezo a leer forms vdinterageredur.frm
02 10:33:50:782 Termino parse forms vdinterageredur.frm
02 10:33:50:782 Ejecutando interfase VDINTERAGEREDUR
02 10:35:50:800 Empiezo a leer forms vdinterageredur.frm
02 10:35:50:812 Termino parse forms vdinterageredur.frm
02 10:35:50:812 Ejecutando interfase VDINTERAGEREDUR
02 10:37:50:831 Empiezo a leer forms vdinterageredur.frm
02 10:37:50:838 Termino parse forms vdinterageredur.frm
02 10:37:50:838 Ejecutando interfase VDINTERAGEREDUR
02 10:39:50:852 Empiezo a leer forms vdinterageredur.frm
02 10:39:50:862 Termino parse forms vdinterageredur.frm
02 10:39:50:862 Ejecutando interfase VDINTERAGEREDUR
02 10:41:50:882 Empiezo a leer forms vdinterageredur.frm
02 10:41:50:893 Termino parse forms vdinterageredur.frm
02 10:41:50:895 Ejecutando interfase VDINTERAGEREDUR
02 10:43:50:912 Empiezo a leer forms vdinterageredur.frm
02 10:43:50:922 Termino parse forms vdinterageredur.frm
02 10:43:50:922 Ejecutando interfase VDINTERAGEREDUR
02 10:45:50:940 Empiezo a leer forms vdinterageredur.frm
02 10:45:50:948 Termino parse forms vdinterageredur.frm
02 10:45:50:950 Ejecutando interfase VDINTERAGEREDUR
02 10:47:50:972 Empiezo a leer forms vdinterageredur.frm
02 10:47:50:980 Termino parse forms vdinterageredur.frm
02 10:47:50:981 Ejecutando interfase VDINTERAGEREDUR
02 10:49:50:992 Empiezo a leer forms vdinterageredur.frm
02 10:49:51:002 Termino parse forms vdinterageredur.frm
02 10:49:51:002 Ejecutando interfase VDINTERAGEREDUR
02 10:51:51:011 Empiezo a leer forms vdinterageredur.frm
02 10:51:51:025 Termino parse forms vdinterageredur.frm
02 10:51:51:025 Ejecutando interfase VDINTERAGEREDUR
02 10:53:51:043 Empiezo a leer forms vdinterageredur.frm
02 10:53:51:053 Termino parse forms vdinterageredur.frm
02 10:53:51:053 Ejecutando interfase VDINTERAGEREDUR
02 10:55:51:073 Empiezo a leer forms vdinterageredur.frm
02 10:55:51:086 Termino parse forms vdinterageredur.frm
02 10:55:51:087 Ejecutando interfase VDINTERAGEREDUR
02 10:57:51:112 Empiezo a leer forms vdinterageredur.frm
02 10:57:51:122 Termino parse forms vdinterageredur.frm
02 10:57:51:122 Ejecutando interfase VDINTERAGEREDUR
02 10:59:51:138 Empiezo a leer forms vdinterageredur.frm
02 10:59:51:146 Termino parse forms vdinterageredur.frm
02 10:59:51:146 Ejecutando interfase VDINTERAGEREDUR
02 11:27:16:307 Empiezo a leer forms vdinterageredur.frm
02 11:27:16:312 Termino parse forms vdinterageredur.frm
02 11:27:16:312 Ejecutando interfase VDINTERAGEREDUR
02 11:29:16:332 Empiezo a leer forms vdinterageredur.frm
02 11:29:16:342 Termino parse forms vdinterageredur.frm
02 11:29:16:342 Ejecutando interfase VDINTERAGEREDUR
02 11:31:16:357 Empiezo a leer forms vdinterageredur.frm
02 11:31:16:367 Termino parse forms vdinterageredur.frm
02 11:31:16:368 Ejecutando interfase VDINTERAGEREDUR
02 11:33:16:382 Empiezo a leer forms vdinterageredur.frm
02 11:33:16:391 Termino parse forms vdinterageredur.frm
02 11:33:16:392 Ejecutando interfase VDINTERAGEREDUR
02 11:35:16:412 Empiezo a leer forms vdinterageredur.frm
02 11:35:16:423 Termino parse forms vdinterageredur.frm
02 11:35:16:423 Ejecutando interfase VDINTERAGEREDUR
02 11:37:16:435 Empiezo a leer forms vdinterageredur.frm
02 11:37:16:442 Termino parse forms vdinterageredur.frm
02 11:37:16:442 Ejecutando interfase VDINTERAGEREDUR
02 11:39:16:450 Empiezo a leer forms vdinterageredur.frm
02 11:39:16:459 Termino parse forms vdinterageredur.frm
02 11:39:16:459 Ejecutando interfase VDINTERAGEREDUR
02 11:41:16:474 Empiezo a leer forms vdinterageredur.frm
02 11:41:16:489 Termino parse forms vdinterageredur.frm
02 11:41:16:489 Ejecutando interfase VDINTERAGEREDUR
02 11:43:16:507 Empiezo a leer forms vdinterageredur.frm
02 11:43:16:519 Termino parse forms vdinterageredur.frm
02 11:43:16:519 Ejecutando interfase VDINTERAGEREDUR
02 11:45:16:537 Empiezo a leer forms vdinterageredur.frm
02 11:45:16:547 Termino parse forms vdinterageredur.frm
02 11:45:16:549 Ejecutando interfase VDINTERAGEREDUR
02 11:47:16:572 Empiezo a leer forms vdinterageredur.frm
02 11:47:16:579 Termino parse forms vdinterageredur.frm
02 11:47:16:579 Ejecutando interfase VDINTERAGEREDUR
02 11:49:16:590 Empiezo a leer forms vdinterageredur.frm
02 11:49:16:595 Termino parse forms vdinterageredur.frm
02 11:49:16:595 Ejecutando interfase VDINTERAGEREDUR
02 11:51:16:617 Empiezo a leer forms vdinterageredur.frm
02 11:51:16:627 Termino parse forms vdinterageredur.frm
02 11:51:16:627 Ejecutando interfase VDINTERAGEREDUR
02 11:53:16:637 Empiezo a leer forms vdinterageredur.frm
02 11:53:16:649 Termino parse forms vdinterageredur.frm
02 11:53:16:650 Ejecutando interfase VDINTERAGEREDUR
02 11:55:16:674 Empiezo a leer forms vdinterageredur.frm
02 11:55:16:684 Termino parse forms vdinterageredur.frm
02 11:55:16:684 Ejecutando interfase VDINTERAGEREDUR
02 11:57:16:707 Empiezo a leer forms vdinterageredur.frm
02 11:57:16:717 Termino parse forms vdinterageredur.frm
02 11:57:16:717 Ejecutando interfase VDINTERAGEREDUR
02 11:59:16:730 Empiezo a leer forms vdinterageredur.frm
02 11:59:16:740 Termino parse forms vdinterageredur.frm
02 11:59:16:740 Ejecutando interfase VDINTERAGEREDUR
02 12:01:16:752 Empiezo a leer forms vdinterageredur.frm
02 12:01:16:765 Termino parse forms vdinterageredur.frm
02 12:01:16:767 Ejecutando interfase VDINTERAGEREDUR
02 12:03:16:780 Empiezo a leer forms vdinterageredur.frm
02 12:03:16:787 Termino parse forms vdinterageredur.frm
02 12:03:16:787 Ejecutando interfase VDINTERAGEREDUR
02 12:05:16:805 Empiezo a leer forms vdinterageredur.frm
02 12:05:16:817 Termino parse forms vdinterageredur.frm
02 12:05:16:817 Ejecutando interfase VDINTERAGEREDUR
02 12:07:16:837 Empiezo a leer forms vdinterageredur.frm
02 12:07:16:849 Termino parse forms vdinterageredur.frm
02 12:07:16:850 Ejecutando interfase VDINTERAGEREDUR
02 12:09:16:869 Empiezo a leer forms vdinterageredur.frm
02 12:09:16:879 Termino parse forms vdinterageredur.frm
02 12:09:16:879 Ejecutando interfase VDINTERAGEREDUR
02 12:11:16:902 Empiezo a leer forms vdinterageredur.frm
02 12:11:16:910 Termino parse forms vdinterageredur.frm
02 12:11:16:912 Ejecutando interfase VDINTERAGEREDUR
02 12:13:16:922 Empiezo a leer forms vdinterageredur.frm
02 12:13:16:932 Termino parse forms vdinterageredur.frm
02 12:13:16:932 Ejecutando interfase VDINTERAGEREDUR
02 12:15:16:955 Empiezo a leer forms vdinterageredur.frm
02 12:15:16:962 Termino parse forms vdinterageredur.frm
02 12:15:16:962 Ejecutando interfase VDINTERAGEREDUR
02 12:17:16:977 Empiezo a leer forms vdinterageredur.frm
02 12:17:16:985 Termino parse forms vdinterageredur.frm
02 12:17:16:985 Ejecutando interfase VDINTERAGEREDUR
02 12:19:16:999 Empiezo a leer forms vdinterageredur.frm
02 12:19:17:010 Termino parse forms vdinterageredur.frm
02 12:19:17:010 Ejecutando interfase VDINTERAGEREDUR
02 12:21:17:035 Empiezo a leer forms vdinterageredur.frm
02 12:21:17:044 Termino parse forms vdinterageredur.frm
02 12:21:17:044 Ejecutando interfase VDINTERAGEREDUR
02 12:23:17:065 Empiezo a leer forms vdinterageredur.frm
02 12:23:17:075 Termino parse forms vdinterageredur.frm
02 12:23:17:075 Ejecutando interfase VDINTERAGEREDUR
02 12:25:17:092 Empiezo a leer forms vdinterageredur.frm
02 12:25:17:105 Termino parse forms vdinterageredur.frm
02 12:25:17:105 Ejecutando interfase VDINTERAGEREDUR
02 12:27:17:125 Empiezo a leer forms vdinterageredur.frm
02 12:27:17:150 Termino parse forms vdinterageredur.frm
02 12:27:17:150 Ejecutando interfase VDINTERAGEREDUR
02 12:29:17:180 Empiezo a leer forms vdinterageredur.frm
02 12:29:17:195 Termino parse forms vdinterageredur.frm
02 12:29:17:195 Ejecutando interfase VDINTERAGEREDUR
02 12:31:17:214 Empiezo a leer forms vdinterageredur.frm
02 12:31:17:225 Termino parse forms vdinterageredur.frm
02 12:31:17:225 Ejecutando interfase VDINTERAGEREDUR
02 12:33:17:247 Empiezo a leer forms vdinterageredur.frm
02 12:33:17:262 Termino parse forms vdinterageredur.frm
02 12:33:17:262 Ejecutando interfase VDINTERAGEREDUR
02 12:35:17:284 Empiezo a leer forms vdinterageredur.frm
02 12:35:17:300 Termino parse forms vdinterageredur.frm
02 12:35:17:300 Ejecutando interfase VDINTERAGEREDUR
02 12:37:17:327 Empiezo a leer forms vdinterageredur.frm
02 12:37:17:342 Termino parse forms vdinterageredur.frm
02 12:37:17:342 Ejecutando interfase VDINTERAGEREDUR
02 12:39:17:365 Empiezo a leer forms vdinterageredur.frm
02 12:39:17:380 Termino parse forms vdinterageredur.frm
02 12:39:17:380 Ejecutando interfase VDINTERAGEREDUR
02 12:41:17:402 Empiezo a leer forms vdinterageredur.frm
02 12:41:17:422 Termino parse forms vdinterageredur.frm
02 12:41:17:424 Ejecutando interfase VDINTERAGEREDUR
02 12:43:17:452 Empiezo a leer forms vdinterageredur.frm
02 12:43:17:465 Termino parse forms vdinterageredur.frm
02 12:43:17:465 Ejecutando interfase VDINTERAGEREDUR
02 12:45:17:489 Empiezo a leer forms vdinterageredur.frm
02 12:45:17:502 Termino parse forms vdinterageredur.frm
02 12:45:17:502 Ejecutando interfase VDINTERAGEREDUR
02 12:47:17:519 Empiezo a leer forms vdinterageredur.frm
02 12:47:17:540 Termino parse forms vdinterageredur.frm
02 12:47:17:540 Ejecutando interfase VDINTERAGEREDUR
02 12:49:17:557 Empiezo a leer forms vdinterageredur.frm
02 12:49:17:575 Termino parse forms vdinterageredur.frm
02 12:49:17:575 Ejecutando interfase VDINTERAGEREDUR
02 12:51:17:590 Empiezo a leer forms vdinterageredur.frm
02 12:51:17:609 Termino parse forms vdinterageredur.frm
02 12:51:17:609 Ejecutando interfase VDINTERAGEREDUR
02 12:53:17:630 Empiezo a leer forms vdinterageredur.frm
02 12:53:17:645 Termino parse forms vdinterageredur.frm
02 12:53:17:645 Ejecutando interfase VDINTERAGEREDUR
02 12:55:17:664 Empiezo a leer forms vdinterageredur.frm
02 12:55:17:682 Termino parse forms vdinterageredur.frm
02 12:55:17:682 Ejecutando interfase VDINTERAGEREDUR
02 12:57:17:697 Empiezo a leer forms vdinterageredur.frm
02 12:57:17:712 Termino parse forms vdinterageredur.frm
02 12:57:17:714 Ejecutando interfase VDINTERAGEREDUR
02 12:59:17:740 Empiezo a leer forms vdinterageredur.frm
02 12:59:17:760 Termino parse forms vdinterageredur.frm
02 12:59:17:760 Ejecutando interfase VDINTERAGEREDUR
02 13:01:17:785 Empiezo a leer forms vdinterageredur.frm
02 13:01:17:795 Termino parse forms vdinterageredur.frm
02 13:01:17:795 Ejecutando interfase VDINTERAGEREDUR
02 13:03:17:805 Empiezo a leer forms vdinterageredur.frm
02 13:03:17:820 Termino parse forms vdinterageredur.frm
02 13:03:17:820 Ejecutando interfase VDINTERAGEREDUR
02 13:05:17:834 Empiezo a leer forms vdinterageredur.frm
02 13:05:17:845 Termino parse forms vdinterageredur.frm
02 13:05:17:845 Ejecutando interfase VDINTERAGEREDUR
02 13:07:17:860 Empiezo a leer forms vdinterageredur.frm
02 13:07:17:880 Termino parse forms vdinterageredur.frm
02 13:07:17:880 Ejecutando interfase VDINTERAGEREDUR
02 13:09:17:895 Empiezo a leer forms vdinterageredur.frm
02 13:09:17:902 Termino parse forms vdinterageredur.frm
02 13:09:17:902 Ejecutando interfase VDINTERAGEREDUR
02 13:11:17:917 Empiezo a leer forms vdinterageredur.frm
02 13:11:17:935 Termino parse forms vdinterageredur.frm
02 13:11:17:937 Ejecutando interfase VDINTERAGEREDUR
02 13:13:17:962 Empiezo a leer forms vdinterageredur.frm
02 13:13:17:980 Termino parse forms vdinterageredur.frm
02 13:13:17:980 Ejecutando interfase VDINTERAGEREDUR
02 13:15:17:995 Empiezo a leer forms vdinterageredur.frm
02 13:15:18:007 Termino parse forms vdinterageredur.frm
02 13:15:18:007 Ejecutando interfase VDINTERAGEREDUR
02 13:17:18:027 Empiezo a leer forms vdinterageredur.frm
02 13:17:18:032 Termino parse forms vdinterageredur.frm
02 13:17:18:032 Ejecutando interfase VDINTERAGEREDUR
02 13:19:18:044 Empiezo a leer forms vdinterageredur.frm
02 13:19:18:062 Termino parse forms vdinterageredur.frm
02 13:19:18:062 Ejecutando interfase VDINTERAGEREDUR
02 13:21:18:077 Empiezo a leer forms vdinterageredur.frm
02 13:21:18:092 Termino parse forms vdinterageredur.frm
02 13:21:18:094 Ejecutando interfase VDINTERAGEREDUR
02 13:23:18:117 Empiezo a leer forms vdinterageredur.frm
02 13:23:18:137 Termino parse forms vdinterageredur.frm
02 13:23:18:137 Ejecutando interfase VDINTERAGEREDUR
02 13:25:18:157 Empiezo a leer forms vdinterageredur.frm
02 13:25:18:175 Termino parse forms vdinterageredur.frm
02 13:25:18:175 Ejecutando interfase VDINTERAGEREDUR
02 13:27:18:192 Empiezo a leer forms vdinterageredur.frm
02 13:27:18:207 Termino parse forms vdinterageredur.frm
02 13:27:18:207 Ejecutando interfase VDINTERAGEREDUR
02 13:29:18:217 Empiezo a leer forms vdinterageredur.frm
02 13:29:18:234 Termino parse forms vdinterageredur.frm
02 13:29:18:235 Ejecutando interfase VDINTERAGEREDUR
02 13:31:18:257 Empiezo a leer forms vdinterageredur.frm
02 13:31:18:274 Termino parse forms vdinterageredur.frm
02 13:31:18:274 Ejecutando interfase VDINTERAGEREDUR
02 13:33:18:297 Empiezo a leer forms vdinterageredur.frm
02 13:33:18:307 Termino parse forms vdinterageredur.frm
02 13:33:18:307 Ejecutando interfase VDINTERAGEREDUR
02 13:35:18:324 Empiezo a leer forms vdinterageredur.frm
02 13:35:18:334 Termino parse forms vdinterageredur.frm
02 13:35:18:334 Ejecutando interfase VDINTERAGEREDUR
02 13:37:18:355 Empiezo a leer forms vdinterageredur.frm
02 13:37:18:374 Termino parse forms vdinterageredur.frm
02 13:37:18:375 Ejecutando interfase VDINTERAGEREDUR
02 13:39:18:397 Empiezo a leer forms vdinterageredur.frm
02 13:39:18:417 Termino parse forms vdinterageredur.frm
02 13:39:18:417 Ejecutando interfase VDINTERAGEREDUR
02 13:41:18:437 Empiezo a leer forms vdinterageredur.frm
02 13:41:18:455 Termino parse forms vdinterageredur.frm
02 13:41:18:455 Ejecutando interfase VDINTERAGEREDUR
02 13:43:18:470 Empiezo a leer forms vdinterageredur.frm
02 13:43:18:495 Termino parse forms vdinterageredur.frm
02 13:43:18:495 Ejecutando interfase VDINTERAGEREDUR
02 13:45:18:515 Empiezo a leer forms vdinterageredur.frm
02 13:45:18:534 Termino parse forms vdinterageredur.frm
02 13:45:18:535 Ejecutando interfase VDINTERAGEREDUR
02 13:47:18:552 Empiezo a leer forms vdinterageredur.frm
02 13:47:18:570 Termino parse forms vdinterageredur.frm
02 13:47:18:572 Ejecutando interfase VDINTERAGEREDUR
02 13:49:18:587 Empiezo a leer forms vdinterageredur.frm
02 13:49:18:607 Termino parse forms vdinterageredur.frm
02 13:49:18:607 Ejecutando interfase VDINTERAGEREDUR
02 13:51:18:624 Empiezo a leer forms vdinterageredur.frm
02 13:51:18:637 Termino parse forms vdinterageredur.frm
02 13:51:18:639 Ejecutando interfase VDINTERAGEREDUR
02 13:53:18:655 Empiezo a leer forms vdinterageredur.frm
02 13:53:18:672 Termino parse forms vdinterageredur.frm
02 13:53:18:672 Ejecutando interfase VDINTERAGEREDUR
02 13:55:18:694 Empiezo a leer forms vdinterageredur.frm
02 13:55:18:700 Termino parse forms vdinterageredur.frm
02 13:55:18:700 Ejecutando interfase VDINTERAGEREDUR
02 13:57:18:717 Empiezo a leer forms vdinterageredur.frm
02 13:57:18:729 Termino parse forms vdinterageredur.frm
02 13:57:18:730 Ejecutando interfase VDINTERAGEREDUR
02 13:59:18:744 Empiezo a leer forms vdinterageredur.frm
02 13:59:18:752 Termino parse forms vdinterageredur.frm
02 13:59:18:752 Ejecutando interfase VDINTERAGEREDUR
02 14:01:18:769 Empiezo a leer forms vdinterageredur.frm
02 14:01:18:779 Termino parse forms vdinterageredur.frm
02 14:01:18:779 Ejecutando interfase VDINTERAGEREDUR
02 14:03:18:787 Empiezo a leer forms vdinterageredur.frm
02 14:03:18:794 Termino parse forms vdinterageredur.frm
02 14:03:18:794 Ejecutando interfase VDINTERAGEREDUR
02 14:05:18:809 Empiezo a leer forms vdinterageredur.frm
02 14:05:18:820 Termino parse forms vdinterageredur.frm
02 14:05:18:822 Ejecutando interfase VDINTERAGEREDUR
02 14:07:18:847 Empiezo a leer forms vdinterageredur.frm
02 14:07:18:860 Termino parse forms vdinterageredur.frm
02 14:07:18:860 Ejecutando interfase VDINTERAGEREDUR
02 14:09:18:877 Empiezo a leer forms vdinterageredur.frm
02 14:09:18:890 Termino parse forms vdinterageredur.frm
02 14:09:18:892 Ejecutando interfase VDINTERAGEREDUR
02 14:11:18:914 Empiezo a leer forms vdinterageredur.frm
02 14:11:18:924 Termino parse forms vdinterageredur.frm
02 14:11:18:925 Ejecutando interfase VDINTERAGEREDUR
02 14:13:18:945 Empiezo a leer forms vdinterageredur.frm
02 14:13:18:955 Termino parse forms vdinterageredur.frm
02 14:13:18:955 Ejecutando interfase VDINTERAGEREDUR
02 14:15:18:974 Empiezo a leer forms vdinterageredur.frm
02 14:15:18:985 Termino parse forms vdinterageredur.frm
02 14:15:18:985 Ejecutando interfase VDINTERAGEREDUR
02 14:17:19:007 Empiezo a leer forms vdinterageredur.frm
02 14:17:19:015 Termino parse forms vdinterageredur.frm
02 14:17:19:015 Ejecutando interfase VDINTERAGEREDUR
02 14:19:19:037 Empiezo a leer forms vdinterageredur.frm
02 14:19:19:050 Termino parse forms vdinterageredur.frm
02 14:19:19:050 Ejecutando interfase VDINTERAGEREDUR
02 14:21:19:060 Empiezo a leer forms vdinterageredur.frm
02 14:21:19:067 Termino parse forms vdinterageredur.frm
02 14:21:19:067 Ejecutando interfase VDINTERAGEREDUR
02 14:23:19:079 Empiezo a leer forms vdinterageredur.frm
02 14:23:19:085 Termino parse forms vdinterageredur.frm
02 14:23:19:085 Ejecutando interfase VDINTERAGEREDUR
02 14:25:19:105 Empiezo a leer forms vdinterageredur.frm
02 14:25:19:117 Termino parse forms vdinterageredur.frm
02 14:25:19:120 Ejecutando interfase VDINTERAGEREDUR
02 14:27:19:140 Empiezo a leer forms vdinterageredur.frm
02 14:27:19:150 Termino parse forms vdinterageredur.frm
02 14:27:19:150 Ejecutando interfase VDINTERAGEREDUR
02 14:29:19:159 Empiezo a leer forms vdinterageredur.frm
02 14:29:19:170 Termino parse forms vdinterageredur.frm
02 14:29:19:170 Ejecutando interfase VDINTERAGEREDUR
02 14:31:19:190 Empiezo a leer forms vdinterageredur.frm
02 14:31:19:195 Termino parse forms vdinterageredur.frm
02 14:31:19:195 Ejecutando interfase VDINTERAGEREDUR
02 14:33:19:212 Empiezo a leer forms vdinterageredur.frm
02 14:33:19:220 Termino parse forms vdinterageredur.frm
02 14:33:19:222 Ejecutando interfase VDINTERAGEREDUR
02 14:35:19:240 Empiezo a leer forms vdinterageredur.frm
02 14:35:19:250 Termino parse forms vdinterageredur.frm
02 14:35:19:250 Ejecutando interfase VDINTERAGEREDUR
02 14:37:19:260 Empiezo a leer forms vdinterageredur.frm
02 14:37:19:267 Termino parse forms vdinterageredur.frm
02 14:37:19:267 Ejecutando interfase VDINTERAGEREDUR
02 14:39:19:284 Empiezo a leer forms vdinterageredur.frm
02 14:39:19:295 Termino parse forms vdinterageredur.frm
02 14:39:19:295 Ejecutando interfase VDINTERAGEREDUR
02 14:41:19:310 Empiezo a leer forms vdinterageredur.frm
02 14:41:19:324 Termino parse forms vdinterageredur.frm
02 14:41:19:324 Ejecutando interfase VDINTERAGEREDUR
02 14:43:19:337 Empiezo a leer forms vdinterageredur.frm
02 14:43:19:345 Termino parse forms vdinterageredur.frm
02 14:43:19:345 Ejecutando interfase VDINTERAGEREDUR
02 14:45:19:367 Empiezo a leer forms vdinterageredur.frm
02 14:45:19:375 Termino parse forms vdinterageredur.frm
02 14:45:19:375 Ejecutando interfase VDINTERAGEREDUR
02 14:47:19:395 Empiezo a leer forms vdinterageredur.frm
02 14:47:19:402 Termino parse forms vdinterageredur.frm
02 14:47:19:402 Ejecutando interfase VDINTERAGEREDUR
02 14:49:19:424 Empiezo a leer forms vdinterageredur.frm
02 14:49:19:435 Termino parse forms vdinterageredur.frm
02 14:49:19:435 Ejecutando interfase VDINTERAGEREDUR
02 14:51:19:447 Empiezo a leer forms vdinterageredur.frm
02 14:51:19:457 Termino parse forms vdinterageredur.frm
02 14:51:19:457 Ejecutando interfase VDINTERAGEREDUR
02 14:53:19:475 Empiezo a leer forms vdinterageredur.frm
02 14:53:19:484 Termino parse forms vdinterageredur.frm
02 14:53:19:484 Ejecutando interfase VDINTERAGEREDUR
02 14:55:19:500 Empiezo a leer forms vdinterageredur.frm
02 14:55:19:509 Termino parse forms vdinterageredur.frm
02 14:55:19:509 Ejecutando interfase VDINTERAGEREDUR
02 14:57:19:532 Empiezo a leer forms vdinterageredur.frm
02 14:57:19:547 Termino parse forms vdinterageredur.frm
02 14:57:19:547 Ejecutando interfase VDINTERAGEREDUR
02 14:59:19:572 Empiezo a leer forms vdinterageredur.frm
02 14:59:19:584 Termino parse forms vdinterageredur.frm
02 14:59:19:585 Ejecutando interfase VDINTERAGEREDUR
02 15:01:19:602 Empiezo a leer forms vdinterageredur.frm
02 15:01:19:612 Termino parse forms vdinterageredur.frm
02 15:01:19:614 Ejecutando interfase VDINTERAGEREDUR
02 15:03:19:622 Empiezo a leer forms vdinterageredur.frm
02 15:03:19:637 Termino parse forms vdinterageredur.frm
02 15:03:19:637 Ejecutando interfase VDINTERAGEREDUR
02 15:05:19:652 Empiezo a leer forms vdinterageredur.frm
02 15:05:19:664 Termino parse forms vdinterageredur.frm
02 15:05:19:664 Ejecutando interfase VDINTERAGEREDUR
02 16:00:11:527 Empiezo a leer forms vdinterageredur.frm
02 16:00:11:535 Termino parse forms vdinterageredur.frm
02 16:00:11:535 Ejecutando interfase VDINTERAGEREDUR
02 16:02:11:555 Empiezo a leer forms vdinterageredur.frm
02 16:02:11:562 Termino parse forms vdinterageredur.frm
02 16:02:11:562 Ejecutando interfase VDINTERAGEREDUR
02 16:04:11:575 Empiezo a leer forms vdinterageredur.frm
02 16:04:11:582 Termino parse forms vdinterageredur.frm
02 16:04:11:582 Ejecutando interfase VDINTERAGEREDUR
02 16:06:11:600 Empiezo a leer forms vdinterageredur.frm
02 16:06:11:607 Termino parse forms vdinterageredur.frm
02 16:06:11:607 Ejecutando interfase VDINTERAGEREDUR
02 16:08:11:630 Empiezo a leer forms vdinterageredur.frm
02 16:08:11:637 Termino parse forms vdinterageredur.frm
02 16:08:11:637 Ejecutando interfase VDINTERAGEREDUR
02 16:10:11:657 Empiezo a leer forms vdinterageredur.frm
02 16:10:11:669 Termino parse forms vdinterageredur.frm
02 16:10:11:669 Ejecutando interfase VDINTERAGEREDUR
02 16:12:11:677 Empiezo a leer forms vdinterageredur.frm
02 16:12:11:687 Termino parse forms vdinterageredur.frm
02 16:12:11:689 Ejecutando interfase VDINTERAGEREDUR
02 16:14:11:699 Empiezo a leer forms vdinterageredur.frm
02 16:14:11:705 Termino parse forms vdinterageredur.frm
02 16:14:11:705 Ejecutando interfase VDINTERAGEREDUR
02 16:16:11:727 Empiezo a leer forms vdinterageredur.frm
02 16:16:11:737 Termino parse forms vdinterageredur.frm
02 16:16:11:737 Ejecutando interfase VDINTERAGEREDUR
02 16:18:11:750 Empiezo a leer forms vdinterageredur.frm
02 16:18:11:760 Termino parse forms vdinterageredur.frm
02 16:18:11:760 Ejecutando interfase VDINTERAGEREDUR
02 16:20:11:769 Empiezo a leer forms vdinterageredur.frm
02 16:20:11:777 Termino parse forms vdinterageredur.frm
02 16:20:11:777 Ejecutando interfase VDINTERAGEREDUR
02 16:22:11:795 Empiezo a leer forms vdinterageredur.frm
02 16:22:11:804 Termino parse forms vdinterageredur.frm
02 16:22:11:804 Ejecutando interfase VDINTERAGEREDUR
02 16:24:11:820 Empiezo a leer forms vdinterageredur.frm
02 16:24:11:835 Termino parse forms vdinterageredur.frm
02 16:24:11:835 Ejecutando interfase VDINTERAGEREDUR
02 16:26:11:845 Empiezo a leer forms vdinterageredur.frm
02 16:26:11:857 Termino parse forms vdinterageredur.frm
02 16:26:11:857 Ejecutando interfase VDINTERAGEREDUR
02 16:28:11:874 Empiezo a leer forms vdinterageredur.frm
02 16:28:11:882 Termino parse forms vdinterageredur.frm
02 16:28:11:882 Ejecutando interfase VDINTERAGEREDUR
02 16:30:11:905 Empiezo a leer forms vdinterageredur.frm
02 16:30:11:912 Termino parse forms vdinterageredur.frm
02 16:30:11:912 Ejecutando interfase VDINTERAGEREDUR
02 16:32:11:927 Empiezo a leer forms vdinterageredur.frm
02 16:32:11:942 Termino parse forms vdinterageredur.frm
02 16:32:11:942 Ejecutando interfase VDINTERAGEREDUR
02 16:34:11:950 Empiezo a leer forms vdinterageredur.frm
02 16:34:11:962 Termino parse forms vdinterageredur.frm
02 16:34:11:962 Ejecutando interfase VDINTERAGEREDUR
02 16:36:11:977 Empiezo a leer forms vdinterageredur.frm
02 16:36:11:990 Termino parse forms vdinterageredur.frm
02 16:36:11:990 Ejecutando interfase VDINTERAGEREDUR
02 16:38:12:005 Empiezo a leer forms vdinterageredur.frm
02 16:38:12:015 Termino parse forms vdinterageredur.frm
02 16:38:12:015 Ejecutando interfase VDINTERAGEREDUR
02 16:40:12:032 Empiezo a leer forms vdinterageredur.frm
02 16:40:12:044 Termino parse forms vdinterageredur.frm
02 16:40:12:045 Ejecutando interfase VDINTERAGEREDUR
02 16:42:12:067 Empiezo a leer forms vdinterageredur.frm
02 16:42:12:077 Termino parse forms vdinterageredur.frm
02 16:42:12:077 Ejecutando interfase VDINTERAGEREDUR
02 16:44:12:100 Empiezo a leer forms vdinterageredur.frm
02 16:44:12:112 Termino parse forms vdinterageredur.frm
02 16:44:12:114 Ejecutando interfase VDINTERAGEREDUR
02 16:46:12:132 Empiezo a leer forms vdinterageredur.frm
02 16:46:12:140 Termino parse forms vdinterageredur.frm
02 16:46:12:140 Ejecutando interfase VDINTERAGEREDUR
02 16:48:12:150 Empiezo a leer forms vdinterageredur.frm
02 16:48:12:159 Termino parse forms vdinterageredur.frm
02 16:48:12:159 Ejecutando interfase VDINTERAGEREDUR
02 16:50:12:170 Empiezo a leer forms vdinterageredur.frm
02 16:50:12:182 Termino parse forms vdinterageredur.frm
02 16:50:12:182 Ejecutando interfase VDINTERAGEREDUR
02 16:52:12:192 Empiezo a leer forms vdinterageredur.frm
02 16:52:12:202 Termino parse forms vdinterageredur.frm
02 16:52:12:202 Ejecutando interfase VDINTERAGEREDUR
02 16:54:12:215 Empiezo a leer forms vdinterageredur.frm
02 16:54:12:224 Termino parse forms vdinterageredur.frm
02 16:54:12:224 Ejecutando interfase VDINTERAGEREDUR
02 16:56:12:239 Empiezo a leer forms vdinterageredur.frm
02 16:56:12:250 Termino parse forms vdinterageredur.frm
02 16:56:12:250 Ejecutando interfase VDINTERAGEREDUR
02 16:58:12:260 Empiezo a leer forms vdinterageredur.frm
02 16:58:12:272 Termino parse forms vdinterageredur.frm
02 16:58:12:272 Ejecutando interfase VDINTERAGEREDUR
02 17:00:12:290 Empiezo a leer forms vdinterageredur.frm
02 17:00:12:302 Termino parse forms vdinterageredur.frm
02 17:00:12:302 Ejecutando interfase VDINTERAGEREDUR
02 17:02:12:327 Empiezo a leer forms vdinterageredur.frm
02 17:02:12:340 Termino parse forms vdinterageredur.frm
02 17:02:12:340 Ejecutando interfase VDINTERAGEREDUR
02 17:04:12:350 Empiezo a leer forms vdinterageredur.frm
02 17:04:12:359 Termino parse forms vdinterageredur.frm
02 17:04:12:359 Ejecutando interfase VDINTERAGEREDUR
02 17:06:12:367 Empiezo a leer forms vdinterageredur.frm
02 17:06:12:377 Termino parse forms vdinterageredur.frm
02 17:06:12:377 Ejecutando interfase VDINTERAGEREDUR
02 17:08:12:392 Empiezo a leer forms vdinterageredur.frm
02 17:08:12:402 Termino parse forms vdinterageredur.frm
02 17:08:12:402 Ejecutando interfase VDINTERAGEREDUR
02 17:10:12:425 Empiezo a leer forms vdinterageredur.frm
02 17:10:12:435 Termino parse forms vdinterageredur.frm
02 17:10:12:435 Ejecutando interfase VDINTERAGEREDUR
02 17:12:12:457 Empiezo a leer forms vdinterageredur.frm
02 17:12:12:467 Termino parse forms vdinterageredur.frm
02 17:12:12:467 Ejecutando interfase VDINTERAGEREDUR
02 17:14:12:482 Empiezo a leer forms vdinterageredur.frm
02 17:14:12:495 Termino parse forms vdinterageredur.frm
02 17:14:12:495 Ejecutando interfase VDINTERAGEREDUR
02 17:16:12:520 Empiezo a leer forms vdinterageredur.frm
02 17:16:12:532 Termino parse forms vdinterageredur.frm
02 17:16:12:532 Ejecutando interfase VDINTERAGEREDUR
02 17:18:12:550 Empiezo a leer forms vdinterageredur.frm
02 17:18:12:560 Termino parse forms vdinterageredur.frm
02 17:18:12:562 Ejecutando interfase VDINTERAGEREDUR
02 17:20:12:572 Empiezo a leer forms vdinterageredur.frm
02 17:20:12:584 Termino parse forms vdinterageredur.frm
02 17:20:12:584 Ejecutando interfase VDINTERAGEREDUR
02 17:22:12:595 Empiezo a leer forms vdinterageredur.frm
02 17:22:12:609 Termino parse forms vdinterageredur.frm
02 17:22:12:609 Ejecutando interfase VDINTERAGEREDUR
02 17:24:12:630 Empiezo a leer forms vdinterageredur.frm
02 17:24:12:642 Termino parse forms vdinterageredur.frm
02 17:24:12:642 Ejecutando interfase VDINTERAGEREDUR
02 17:26:12:654 Empiezo a leer forms vdinterageredur.frm
02 17:26:12:665 Termino parse forms vdinterageredur.frm
02 17:26:12:665 Ejecutando interfase VDINTERAGEREDUR
02 17:28:12:675 Empiezo a leer forms vdinterageredur.frm
02 17:28:12:687 Termino parse forms vdinterageredur.frm
02 17:28:12:687 Ejecutando interfase VDINTERAGEREDUR
02 17:30:12:707 Empiezo a leer forms vdinterageredur.frm
02 17:30:12:717 Termino parse forms vdinterageredur.frm
02 17:30:12:717 Ejecutando interfase VDINTERAGEREDUR
02 17:32:12:735 Empiezo a leer forms vdinterageredur.frm
02 17:32:12:747 Termino parse forms vdinterageredur.frm
02 17:32:12:747 Ejecutando interfase VDINTERAGEREDUR
02 17:34:12:765 Empiezo a leer forms vdinterageredur.frm
02 17:34:12:775 Termino parse forms vdinterageredur.frm
02 17:34:12:775 Ejecutando interfase VDINTERAGEREDUR
02 17:36:12:802 Empiezo a leer forms vdinterageredur.frm
02 17:36:12:809 Termino parse forms vdinterageredur.frm
02 17:36:12:809 Ejecutando interfase VDINTERAGEREDUR
02 17:38:12:827 Empiezo a leer forms vdinterageredur.frm
02 17:38:12:839 Termino parse forms vdinterageredur.frm
02 17:38:12:840 Ejecutando interfase VDINTERAGEREDUR
02 17:40:12:854 Empiezo a leer forms vdinterageredur.frm
02 17:40:12:865 Termino parse forms vdinterageredur.frm
02 17:40:12:867 Ejecutando interfase VDINTERAGEREDUR
02 17:42:12:890 Empiezo a leer forms vdinterageredur.frm
02 17:42:12:902 Termino parse forms vdinterageredur.frm
02 17:42:12:902 Ejecutando interfase VDINTERAGEREDUR
02 17:44:12:925 Empiezo a leer forms vdinterageredur.frm
02 17:44:12:940 Termino parse forms vdinterageredur.frm
02 17:44:12:940 Ejecutando interfase VDINTERAGEREDUR
02 17:46:12:952 Empiezo a leer forms vdinterageredur.frm
02 17:46:12:960 Termino parse forms vdinterageredur.frm
02 17:46:12:960 Ejecutando interfase VDINTERAGEREDUR
02 17:48:12:985 Empiezo a leer forms vdinterageredur.frm
02 17:48:12:997 Termino parse forms vdinterageredur.frm
02 17:48:12:999 Ejecutando interfase VDINTERAGEREDUR
02 17:50:13:025 Empiezo a leer forms vdinterageredur.frm
02 17:50:13:035 Termino parse forms vdinterageredur.frm
02 17:50:13:035 Ejecutando interfase VDINTERAGEREDUR
02 17:52:13:059 Empiezo a leer forms vdinterageredur.frm
02 17:52:13:074 Termino parse forms vdinterageredur.frm
02 17:52:13:075 Ejecutando interfase VDINTERAGEREDUR
02 17:54:13:100 Empiezo a leer forms vdinterageredur.frm
02 17:54:13:114 Termino parse forms vdinterageredur.frm
02 17:54:13:114 Ejecutando interfase VDINTERAGEREDUR
02 17:56:13:129 Empiezo a leer forms vdinterageredur.frm
02 17:56:13:139 Termino parse forms vdinterageredur.frm
02 17:56:13:139 Ejecutando interfase VDINTERAGEREDUR

00 17:57:43:699 Fichero de log cerrado.

