00 09:05:47:217 Fichero de log abierto PID 10860

02 09:05:47:220 Intentando abrir fichero v10.ini
02 09:05:47:226 Cargando driver v10oracle funcion damedriveroracle
02 09:05:47:947 Conectado a base de datos
02 09:05:47:948 Proceso ENVIOMOVIM encontrado en tabla VDPROCESOS
02 09:05:47:980 Proceso ENVIOMOVIM cargado con función interfasesalida (Librería VDINTERFASES.DLL) direccion 086BCC80
02 09:05:47:983 PLSQL: INICIALIZADO PAQUETE DE LOG EL DIA 23-03-2022
02 09:05:47:993 Actualizado SID 13 SERIAL 4043 del proceso con PID 10860
00 09:05:48:022 Error al abrir fichero VDST.H
02 09:05:48:028 Empiezo a leer forms vdintermovim.frm
02 09:05:48:042 Termino parse forms vdintermovim.frm
02 09:05:48:042 Ejecutando interfase VDINTERMOVIM
02 09:07:48:063 Empiezo a leer forms vdintermovim.frm
02 09:07:48:063 Termino parse forms vdintermovim.frm
02 09:07:48:063 Ejecutando interfase VDINTERMOVIM
02 09:09:48:087 Empiezo a leer forms vdintermovim.frm
02 09:09:48:091 Termino parse forms vdintermovim.frm
02 09:09:48:091 Ejecutando interfase VDINTERMOVIM
02 09:11:48:103 Empiezo a leer forms vdintermovim.frm
02 09:11:48:106 Termino parse forms vdintermovim.frm
02 09:11:48:107 Ejecutando interfase VDINTERMOVIM
02 09:13:48:122 Empiezo a leer forms vdintermovim.frm
02 09:13:48:128 Termino parse forms vdintermovim.frm
02 09:13:48:128 Ejecutando interfase VDINTERMOVIM
02 09:15:48:137 Empiezo a leer forms vdintermovim.frm
02 09:15:48:142 Termino parse forms vdintermovim.frm
02 09:15:48:142 Ejecutando interfase VDINTERMOVIM
02 09:17:48:152 Empiezo a leer forms vdintermovim.frm
02 09:17:48:157 Termino parse forms vdintermovim.frm
02 09:17:48:157 Ejecutando interfase VDINTERMOVIM
02 09:19:48:178 Empiezo a leer forms vdintermovim.frm
02 09:19:48:182 Termino parse forms vdintermovim.frm
02 09:19:48:182 Ejecutando interfase VDINTERMOVIM
02 09:21:48:193 Empiezo a leer forms vdintermovim.frm
02 09:21:48:198 Termino parse forms vdintermovim.frm
02 09:21:48:200 Ejecutando interfase VDINTERMOVIM
02 09:23:48:212 Empiezo a leer forms vdintermovim.frm
02 09:23:48:215 Termino parse forms vdintermovim.frm
02 09:23:48:215 Ejecutando interfase VDINTERMOVIM
02 09:25:48:232 Empiezo a leer forms vdintermovim.frm
02 09:25:48:240 Termino parse forms vdintermovim.frm
02 09:25:48:240 Ejecutando interfase VDINTERMOVIM
02 09:27:48:258 Empiezo a leer forms vdintermovim.frm
02 09:27:48:265 Termino parse forms vdintermovim.frm
02 09:27:48:265 Ejecutando interfase VDINTERMOVIM
02 09:29:48:277 Empiezo a leer forms vdintermovim.frm
02 09:29:48:282 Termino parse forms vdintermovim.frm
02 09:29:48:282 Ejecutando interfase VDINTERMOVIM
02 09:31:48:301 Empiezo a leer forms vdintermovim.frm
02 09:31:48:307 Termino parse forms vdintermovim.frm
02 09:31:48:307 Ejecutando interfase VDINTERMOVIM
02 09:33:48:328 Empiezo a leer forms vdintermovim.frm
02 09:33:48:336 Termino parse forms vdintermovim.frm
02 09:33:48:336 Ejecutando interfase VDINTERMOVIM
02 09:35:48:347 Empiezo a leer forms vdintermovim.frm
02 09:35:48:353 Termino parse forms vdintermovim.frm
02 09:35:48:353 Ejecutando interfase VDINTERMOVIM
02 09:37:48:373 Empiezo a leer forms vdintermovim.frm
02 09:37:48:378 Termino parse forms vdintermovim.frm
02 09:37:48:378 Ejecutando interfase VDINTERMOVIM
02 09:39:48:393 Empiezo a leer forms vdintermovim.frm
02 09:39:48:400 Termino parse forms vdintermovim.frm
02 09:39:48:400 Ejecutando interfase VDINTERMOVIM
02 09:41:48:411 Empiezo a leer forms vdintermovim.frm
02 09:41:48:417 Termino parse forms vdintermovim.frm
02 09:41:48:417 Ejecutando interfase VDINTERMOVIM
02 09:43:48:427 Empiezo a leer forms vdintermovim.frm
02 09:43:48:432 Termino parse forms vdintermovim.frm
02 09:43:48:433 Ejecutando interfase VDINTERMOVIM
02 09:45:48:442 Empiezo a leer forms vdintermovim.frm
02 09:45:48:446 Termino parse forms vdintermovim.frm
02 09:45:48:447 Ejecutando interfase VDINTERMOVIM
02 09:47:48:465 Empiezo a leer forms vdintermovim.frm
02 09:47:48:471 Termino parse forms vdintermovim.frm
02 09:47:48:471 Ejecutando interfase VDINTERMOVIM
02 09:49:48:487 Empiezo a leer forms vdintermovim.frm
02 09:49:48:493 Termino parse forms vdintermovim.frm
02 09:49:48:493 Ejecutando interfase VDINTERMOVIM
02 09:51:48:503 Empiezo a leer forms vdintermovim.frm
02 09:51:48:507 Termino parse forms vdintermovim.frm
02 09:51:48:507 Ejecutando interfase VDINTERMOVIM
02 09:53:48:523 Empiezo a leer forms vdintermovim.frm
02 09:53:48:530 Termino parse forms vdintermovim.frm
02 09:53:48:530 Ejecutando interfase VDINTERMOVIM
02 09:55:48:541 Empiezo a leer forms vdintermovim.frm
02 09:55:48:543 Termino parse forms vdintermovim.frm
02 09:55:48:543 Ejecutando interfase VDINTERMOVIM
02 09:57:48:556 Empiezo a leer forms vdintermovim.frm
02 09:57:48:558 Termino parse forms vdintermovim.frm
02 09:57:48:558 Ejecutando interfase VDINTERMOVIM
02 09:59:48:577 Empiezo a leer forms vdintermovim.frm
02 09:59:48:582 Termino parse forms vdintermovim.frm
02 09:59:48:582 Ejecutando interfase VDINTERMOVIM
02 10:01:48:598 Empiezo a leer forms vdintermovim.frm
02 10:01:48:602 Termino parse forms vdintermovim.frm
02 10:01:48:602 Ejecutando interfase VDINTERMOVIM
02 10:03:48:616 Empiezo a leer forms vdintermovim.frm
02 10:03:48:622 Termino parse forms vdintermovim.frm
02 10:03:48:622 Ejecutando interfase VDINTERMOVIM
02 10:05:48:642 Empiezo a leer forms vdintermovim.frm
02 10:05:48:646 Termino parse forms vdintermovim.frm
02 10:05:48:646 Ejecutando interfase VDINTERMOVIM
02 10:07:48:652 Empiezo a leer forms vdintermovim.frm
02 10:07:48:657 Termino parse forms vdintermovim.frm
02 10:07:48:657 Ejecutando interfase VDINTERMOVIM
02 10:09:48:672 Empiezo a leer forms vdintermovim.frm
02 10:09:48:677 Termino parse forms vdintermovim.frm
02 10:09:48:677 Ejecutando interfase VDINTERMOVIM
02 10:11:48:697 Empiezo a leer forms vdintermovim.frm
02 10:11:48:702 Termino parse forms vdintermovim.frm
02 10:11:48:702 Ejecutando interfase VDINTERMOVIM
02 10:13:48:712 Empiezo a leer forms vdintermovim.frm
02 10:13:48:718 Termino parse forms vdintermovim.frm
02 10:13:48:720 Ejecutando interfase VDINTERMOVIM
02 10:15:48:740 Empiezo a leer forms vdintermovim.frm
02 10:15:48:745 Termino parse forms vdintermovim.frm
02 10:15:48:745 Ejecutando interfase VDINTERMOVIM
02 10:17:48:763 Empiezo a leer forms vdintermovim.frm
02 10:17:48:771 Termino parse forms vdintermovim.frm
02 10:17:48:771 Ejecutando interfase VDINTERMOVIM
02 10:19:48:792 Empiezo a leer forms vdintermovim.frm
02 10:19:48:795 Termino parse forms vdintermovim.frm
02 10:19:48:796 Ejecutando interfase VDINTERMOVIM
02 10:21:48:805 Empiezo a leer forms vdintermovim.frm
02 10:21:48:811 Termino parse forms vdintermovim.frm
02 10:21:48:811 Ejecutando interfase VDINTERMOVIM
02 10:23:48:825 Empiezo a leer forms vdintermovim.frm
02 10:23:48:828 Termino parse forms vdintermovim.frm
02 10:23:48:828 Ejecutando interfase VDINTERMOVIM
02 10:25:48:846 Empiezo a leer forms vdintermovim.frm
02 10:25:48:850 Termino parse forms vdintermovim.frm
02 10:25:48:851 Ejecutando interfase VDINTERMOVIM
02 10:27:48:862 Empiezo a leer forms vdintermovim.frm
02 10:27:48:868 Termino parse forms vdintermovim.frm
02 10:27:48:868 Ejecutando interfase VDINTERMOVIM
02 10:29:48:882 Empiezo a leer forms vdintermovim.frm
02 10:29:48:888 Termino parse forms vdintermovim.frm
02 10:29:48:888 Ejecutando interfase VDINTERMOVIM
02 10:31:48:912 Empiezo a leer forms vdintermovim.frm
02 10:31:48:917 Termino parse forms vdintermovim.frm
02 10:31:48:917 Ejecutando interfase VDINTERMOVIM
02 10:33:48:936 Empiezo a leer forms vdintermovim.frm
02 10:33:48:942 Termino parse forms vdintermovim.frm
02 10:33:48:942 Ejecutando interfase VDINTERMOVIM
02 10:35:48:955 Empiezo a leer forms vdintermovim.frm
02 10:35:48:961 Termino parse forms vdintermovim.frm
02 10:35:48:961 Ejecutando interfase VDINTERMOVIM
02 10:37:48:982 Empiezo a leer forms vdintermovim.frm
02 10:37:48:987 Termino parse forms vdintermovim.frm
02 10:37:48:987 Ejecutando interfase VDINTERMOVIM
02 10:39:49:002 Empiezo a leer forms vdintermovim.frm
02 10:39:49:010 Termino parse forms vdintermovim.frm
02 10:39:49:011 Ejecutando interfase VDINTERMOVIM
02 10:41:49:027 Empiezo a leer forms vdintermovim.frm
02 10:41:49:033 Termino parse forms vdintermovim.frm
02 10:41:49:035 Ejecutando interfase VDINTERMOVIM
02 10:43:49:047 Empiezo a leer forms vdintermovim.frm
02 10:43:49:052 Termino parse forms vdintermovim.frm
02 10:43:49:052 Ejecutando interfase VDINTERMOVIM
02 10:45:49:068 Empiezo a leer forms vdintermovim.frm
02 10:45:49:075 Termino parse forms vdintermovim.frm
02 10:45:49:075 Ejecutando interfase VDINTERMOVIM
02 10:47:49:095 Empiezo a leer forms vdintermovim.frm
02 10:47:49:100 Termino parse forms vdintermovim.frm
02 10:47:49:100 Ejecutando interfase VDINTERMOVIM
02 10:49:49:112 Empiezo a leer forms vdintermovim.frm
02 10:49:49:117 Termino parse forms vdintermovim.frm
02 10:49:49:118 Ejecutando interfase VDINTERMOVIM
02 10:51:49:137 Empiezo a leer forms vdintermovim.frm
02 10:51:49:142 Termino parse forms vdintermovim.frm
02 10:51:49:142 Ejecutando interfase VDINTERMOVIM
02 10:53:49:148 Empiezo a leer forms vdintermovim.frm
02 10:53:49:153 Termino parse forms vdintermovim.frm
02 10:53:49:153 Ejecutando interfase VDINTERMOVIM
02 10:55:47:391 Empiezo a leer forms vdintermovim.frm
02 10:55:47:397 Termino parse forms vdintermovim.frm
02 10:55:47:397 Ejecutando interfase VDINTERMOVIM
02 10:57:47:413 Empiezo a leer forms vdintermovim.frm
02 10:57:47:417 Termino parse forms vdintermovim.frm
02 10:57:47:417 Ejecutando interfase VDINTERMOVIM
02 10:59:47:425 Empiezo a leer forms vdintermovim.frm
02 10:59:47:430 Termino parse forms vdintermovim.frm
02 10:59:47:430 Ejecutando interfase VDINTERMOVIM
02 11:01:47:442 Empiezo a leer forms vdintermovim.frm
02 11:01:47:445 Termino parse forms vdintermovim.frm
02 11:01:47:446 Ejecutando interfase VDINTERMOVIM
02 11:03:47:463 Empiezo a leer forms vdintermovim.frm
02 11:03:47:467 Termino parse forms vdintermovim.frm
02 11:03:47:468 Ejecutando interfase VDINTERMOVIM
02 11:05:47:477 Empiezo a leer forms vdintermovim.frm
02 11:05:47:483 Termino parse forms vdintermovim.frm
02 11:05:47:483 Ejecutando interfase VDINTERMOVIM
02 11:07:47:492 Empiezo a leer forms vdintermovim.frm
02 11:07:47:497 Termino parse forms vdintermovim.frm
02 11:07:47:497 Ejecutando interfase VDINTERMOVIM
02 11:09:47:505 Empiezo a leer forms vdintermovim.frm
02 11:09:47:507 Termino parse forms vdintermovim.frm
02 11:09:47:508 Ejecutando interfase VDINTERMOVIM
02 11:11:47:528 Empiezo a leer forms vdintermovim.frm
02 11:11:47:535 Termino parse forms vdintermovim.frm
02 11:11:47:535 Ejecutando interfase VDINTERMOVIM
02 11:13:47:548 Empiezo a leer forms vdintermovim.frm
02 11:13:47:552 Termino parse forms vdintermovim.frm
02 11:13:47:552 Ejecutando interfase VDINTERMOVIM
02 11:15:47:568 Empiezo a leer forms vdintermovim.frm
02 11:15:47:575 Termino parse forms vdintermovim.frm
02 11:15:47:575 Ejecutando interfase VDINTERMOVIM
02 11:17:47:596 Empiezo a leer forms vdintermovim.frm
02 11:17:47:602 Termino parse forms vdintermovim.frm
02 11:17:47:602 Ejecutando interfase VDINTERMOVIM
02 11:19:47:618 Empiezo a leer forms vdintermovim.frm
02 11:19:47:626 Termino parse forms vdintermovim.frm
02 11:19:47:626 Ejecutando interfase VDINTERMOVIM
02 11:21:47:637 Empiezo a leer forms vdintermovim.frm
02 11:21:47:642 Termino parse forms vdintermovim.frm
02 11:21:47:642 Ejecutando interfase VDINTERMOVIM
02 11:23:47:660 Empiezo a leer forms vdintermovim.frm
02 11:23:47:663 Termino parse forms vdintermovim.frm
02 11:23:47:663 Ejecutando interfase VDINTERMOVIM
02 11:25:47:676 Empiezo a leer forms vdintermovim.frm
02 11:25:47:678 Termino parse forms vdintermovim.frm
02 11:25:47:678 Ejecutando interfase VDINTERMOVIM
02 11:27:47:690 Empiezo a leer forms vdintermovim.frm
02 11:27:47:696 Termino parse forms vdintermovim.frm
02 11:27:47:696 Ejecutando interfase VDINTERMOVIM
02 11:29:47:721 Empiezo a leer forms vdintermovim.frm
02 11:29:47:726 Termino parse forms vdintermovim.frm
02 11:29:47:727 Ejecutando interfase VDINTERMOVIM
02 11:31:47:735 Empiezo a leer forms vdintermovim.frm
02 11:31:47:740 Termino parse forms vdintermovim.frm
02 11:31:47:740 Ejecutando interfase VDINTERMOVIM
02 11:33:47:752 Empiezo a leer forms vdintermovim.frm
02 11:33:47:756 Termino parse forms vdintermovim.frm
02 11:33:47:757 Ejecutando interfase VDINTERMOVIM
02 11:35:47:767 Empiezo a leer forms vdintermovim.frm
02 11:35:47:772 Termino parse forms vdintermovim.frm
02 11:35:47:772 Ejecutando interfase VDINTERMOVIM
02 11:37:47:788 Empiezo a leer forms vdintermovim.frm
02 11:37:47:796 Termino parse forms vdintermovim.frm
02 11:37:47:796 Ejecutando interfase VDINTERMOVIM
02 11:39:47:820 Empiezo a leer forms vdintermovim.frm
02 11:39:47:825 Termino parse forms vdintermovim.frm
02 11:39:47:825 Ejecutando interfase VDINTERMOVIM
02 11:41:47:837 Empiezo a leer forms vdintermovim.frm
02 11:41:47:840 Termino parse forms vdintermovim.frm
02 11:41:47:840 Ejecutando interfase VDINTERMOVIM
02 11:43:47:854 Empiezo a leer forms vdintermovim.frm
02 11:43:47:857 Termino parse forms vdintermovim.frm
02 11:43:47:857 Ejecutando interfase VDINTERMOVIM
02 11:45:47:874 Empiezo a leer forms vdintermovim.frm
02 11:45:47:877 Termino parse forms vdintermovim.frm
02 11:45:47:877 Ejecutando interfase VDINTERMOVIM
02 12:06:16:487 Empiezo a leer forms vdintermovim.frm
02 12:06:16:500 Termino parse forms vdintermovim.frm
02 12:06:17:320 Ejecutando interfase VDINTERMOVIM
02 12:08:17:497 Empiezo a leer forms vdintermovim.frm
02 12:08:17:502 Termino parse forms vdintermovim.frm
02 12:08:17:502 Ejecutando interfase VDINTERMOVIM
02 12:10:17:527 Empiezo a leer forms vdintermovim.frm
02 12:10:17:530 Termino parse forms vdintermovim.frm
02 12:10:17:530 Ejecutando interfase VDINTERMOVIM
02 12:12:17:549 Empiezo a leer forms vdintermovim.frm
02 12:12:17:554 Termino parse forms vdintermovim.frm
02 12:12:17:554 Ejecutando interfase VDINTERMOVIM
02 12:14:17:567 Empiezo a leer forms vdintermovim.frm
02 12:14:17:574 Termino parse forms vdintermovim.frm
02 12:14:17:574 Ejecutando interfase VDINTERMOVIM
02 12:16:17:585 Empiezo a leer forms vdintermovim.frm
02 12:16:17:589 Termino parse forms vdintermovim.frm
02 12:16:17:589 Ejecutando interfase VDINTERMOVIM
02 12:18:17:607 Empiezo a leer forms vdintermovim.frm
02 12:18:17:612 Termino parse forms vdintermovim.frm
02 12:18:17:612 Ejecutando interfase VDINTERMOVIM
02 12:20:17:630 Empiezo a leer forms vdintermovim.frm
02 12:20:17:632 Termino parse forms vdintermovim.frm
02 12:20:17:632 Ejecutando interfase VDINTERMOVIM
02 12:22:17:652 Empiezo a leer forms vdintermovim.frm
02 12:22:17:657 Termino parse forms vdintermovim.frm
02 12:22:17:657 Ejecutando interfase VDINTERMOVIM
02 12:24:17:665 Empiezo a leer forms vdintermovim.frm
02 12:24:17:670 Termino parse forms vdintermovim.frm
02 12:24:17:670 Ejecutando interfase VDINTERMOVIM
02 12:26:17:687 Empiezo a leer forms vdintermovim.frm
02 12:26:17:689 Termino parse forms vdintermovim.frm
02 12:26:17:690 Ejecutando interfase VDINTERMOVIM
02 12:28:17:704 Empiezo a leer forms vdintermovim.frm
02 12:28:17:710 Termino parse forms vdintermovim.frm
02 12:28:17:710 Ejecutando interfase VDINTERMOVIM
02 12:30:17:727 Empiezo a leer forms vdintermovim.frm
02 12:30:17:732 Termino parse forms vdintermovim.frm
02 12:30:17:734 Ejecutando interfase VDINTERMOVIM
02 12:32:17:752 Empiezo a leer forms vdintermovim.frm
02 12:32:17:759 Termino parse forms vdintermovim.frm
02 12:32:17:759 Ejecutando interfase VDINTERMOVIM
02 12:34:17:777 Empiezo a leer forms vdintermovim.frm
02 12:34:17:784 Termino parse forms vdintermovim.frm
02 12:34:17:784 Ejecutando interfase VDINTERMOVIM
02 12:36:17:802 Empiezo a leer forms vdintermovim.frm
02 12:36:17:807 Termino parse forms vdintermovim.frm
02 12:36:17:807 Ejecutando interfase VDINTERMOVIM
02 12:38:17:824 Empiezo a leer forms vdintermovim.frm
02 12:38:17:827 Termino parse forms vdintermovim.frm
02 12:38:17:827 Ejecutando interfase VDINTERMOVIM
02 12:40:17:849 Empiezo a leer forms vdintermovim.frm
02 12:40:17:855 Termino parse forms vdintermovim.frm
02 12:40:17:855 Ejecutando interfase VDINTERMOVIM
02 12:42:17:877 Empiezo a leer forms vdintermovim.frm
02 12:42:17:880 Termino parse forms vdintermovim.frm
02 12:42:17:880 Ejecutando interfase VDINTERMOVIM
02 12:44:17:897 Empiezo a leer forms vdintermovim.frm
02 12:44:17:900 Termino parse forms vdintermovim.frm
02 12:44:17:900 Ejecutando interfase VDINTERMOVIM
02 12:46:17:909 Empiezo a leer forms vdintermovim.frm
02 12:46:17:912 Termino parse forms vdintermovim.frm
02 12:46:17:912 Ejecutando interfase VDINTERMOVIM
02 12:48:17:927 Empiezo a leer forms vdintermovim.frm
02 12:48:17:929 Termino parse forms vdintermovim.frm
02 12:48:17:930 Ejecutando interfase VDINTERMOVIM
02 12:50:17:950 Empiezo a leer forms vdintermovim.frm
02 12:50:17:957 Termino parse forms vdintermovim.frm
02 12:50:17:957 Ejecutando interfase VDINTERMOVIM
02 12:52:17:970 Empiezo a leer forms vdintermovim.frm
02 12:52:17:974 Termino parse forms vdintermovim.frm
02 12:52:17:975 Ejecutando interfase VDINTERMOVIM
02 12:54:17:990 Empiezo a leer forms vdintermovim.frm
02 12:54:17:997 Termino parse forms vdintermovim.frm
02 12:54:17:997 Ejecutando interfase VDINTERMOVIM
02 12:56:18:007 Empiezo a leer forms vdintermovim.frm
02 12:56:18:012 Termino parse forms vdintermovim.frm
02 12:56:18:012 Ejecutando interfase VDINTERMOVIM
02 12:58:18:027 Empiezo a leer forms vdintermovim.frm
02 12:58:18:032 Termino parse forms vdintermovim.frm
02 12:58:18:032 Ejecutando interfase VDINTERMOVIM
02 13:00:18:044 Empiezo a leer forms vdintermovim.frm
02 13:00:18:047 Termino parse forms vdintermovim.frm
02 13:00:18:047 Ejecutando interfase VDINTERMOVIM
02 13:02:18:055 Empiezo a leer forms vdintermovim.frm
02 13:02:18:060 Termino parse forms vdintermovim.frm
02 13:02:18:060 Ejecutando interfase VDINTERMOVIM
02 13:04:18:082 Empiezo a leer forms vdintermovim.frm
02 13:04:18:087 Termino parse forms vdintermovim.frm
02 13:04:18:089 Ejecutando interfase VDINTERMOVIM
02 13:06:18:097 Empiezo a leer forms vdintermovim.frm
02 13:06:18:100 Termino parse forms vdintermovim.frm
02 13:06:18:100 Ejecutando interfase VDINTERMOVIM
02 13:08:18:122 Empiezo a leer forms vdintermovim.frm
02 13:08:18:125 Termino parse forms vdintermovim.frm
02 13:08:18:127 Ejecutando interfase VDINTERMOVIM
02 13:10:18:140 Empiezo a leer forms vdintermovim.frm
02 13:10:18:145 Termino parse forms vdintermovim.frm
02 13:10:18:145 Ejecutando interfase VDINTERMOVIM
02 13:12:18:164 Empiezo a leer forms vdintermovim.frm
02 13:12:18:170 Termino parse forms vdintermovim.frm
02 13:12:18:170 Ejecutando interfase VDINTERMOVIM
02 13:14:18:192 Empiezo a leer forms vdintermovim.frm
02 13:14:18:199 Termino parse forms vdintermovim.frm
02 13:14:18:200 Ejecutando interfase VDINTERMOVIM
02 13:16:18:210 Empiezo a leer forms vdintermovim.frm
02 13:16:18:217 Termino parse forms vdintermovim.frm
02 13:16:18:217 Ejecutando interfase VDINTERMOVIM
02 13:18:18:237 Empiezo a leer forms vdintermovim.frm
02 13:18:18:244 Termino parse forms vdintermovim.frm
02 13:18:18:245 Ejecutando interfase VDINTERMOVIM
02 13:20:18:255 Empiezo a leer forms vdintermovim.frm
02 13:20:18:260 Termino parse forms vdintermovim.frm
02 13:20:18:260 Ejecutando interfase VDINTERMOVIM
02 13:22:18:277 Empiezo a leer forms vdintermovim.frm
02 13:22:18:282 Termino parse forms vdintermovim.frm
02 13:22:18:284 Ejecutando interfase VDINTERMOVIM
02 13:24:18:302 Empiezo a leer forms vdintermovim.frm
02 13:24:18:307 Termino parse forms vdintermovim.frm
02 13:24:18:307 Ejecutando interfase VDINTERMOVIM
02 13:26:18:317 Empiezo a leer forms vdintermovim.frm
02 13:26:18:322 Termino parse forms vdintermovim.frm
02 13:26:18:324 Ejecutando interfase VDINTERMOVIM
02 13:28:18:339 Empiezo a leer forms vdintermovim.frm
02 13:28:18:345 Termino parse forms vdintermovim.frm
02 13:28:18:345 Ejecutando interfase VDINTERMOVIM
02 13:30:18:367 Empiezo a leer forms vdintermovim.frm
02 13:30:18:372 Termino parse forms vdintermovim.frm
02 13:30:18:372 Ejecutando interfase VDINTERMOVIM
02 13:32:18:392 Empiezo a leer forms vdintermovim.frm
02 13:32:18:395 Termino parse forms vdintermovim.frm
02 13:32:18:395 Ejecutando interfase VDINTERMOVIM
02 13:34:18:407 Empiezo a leer forms vdintermovim.frm
02 13:34:18:414 Termino parse forms vdintermovim.frm
02 13:34:18:414 Ejecutando interfase VDINTERMOVIM
02 13:36:18:422 Empiezo a leer forms vdintermovim.frm
02 13:36:18:430 Termino parse forms vdintermovim.frm
02 13:36:18:430 Ejecutando interfase VDINTERMOVIM
02 13:38:18:450 Empiezo a leer forms vdintermovim.frm
02 13:38:18:457 Termino parse forms vdintermovim.frm
02 13:38:18:457 Ejecutando interfase VDINTERMOVIM
02 13:40:18:480 Empiezo a leer forms vdintermovim.frm
02 13:40:18:484 Termino parse forms vdintermovim.frm
02 13:40:18:484 Ejecutando interfase VDINTERMOVIM
02 13:42:18:492 Empiezo a leer forms vdintermovim.frm
02 13:42:18:497 Termino parse forms vdintermovim.frm
02 13:42:18:497 Ejecutando interfase VDINTERMOVIM
02 13:44:18:515 Empiezo a leer forms vdintermovim.frm
02 13:44:18:520 Termino parse forms vdintermovim.frm
02 13:44:18:520 Ejecutando interfase VDINTERMOVIM
02 13:46:18:539 Empiezo a leer forms vdintermovim.frm
02 13:46:18:542 Termino parse forms vdintermovim.frm
02 13:46:18:544 Ejecutando interfase VDINTERMOVIM
02 13:48:18:562 Empiezo a leer forms vdintermovim.frm
02 13:48:18:565 Termino parse forms vdintermovim.frm
02 13:48:18:565 Ejecutando interfase VDINTERMOVIM
02 13:50:18:584 Empiezo a leer forms vdintermovim.frm
02 13:50:18:590 Termino parse forms vdintermovim.frm
02 13:50:18:590 Ejecutando interfase VDINTERMOVIM
02 13:52:18:612 Empiezo a leer forms vdintermovim.frm
02 13:52:18:617 Termino parse forms vdintermovim.frm
02 13:52:18:617 Ejecutando interfase VDINTERMOVIM
02 13:54:18:627 Empiezo a leer forms vdintermovim.frm
02 13:54:18:632 Termino parse forms vdintermovim.frm
02 13:54:18:632 Ejecutando interfase VDINTERMOVIM
02 13:56:18:645 Empiezo a leer forms vdintermovim.frm
02 13:56:18:652 Termino parse forms vdintermovim.frm
02 13:56:18:652 Ejecutando interfase VDINTERMOVIM
02 13:58:18:664 Empiezo a leer forms vdintermovim.frm
02 13:58:18:670 Termino parse forms vdintermovim.frm
02 13:58:18:670 Ejecutando interfase VDINTERMOVIM
02 14:00:18:682 Empiezo a leer forms vdintermovim.frm
02 14:00:18:687 Termino parse forms vdintermovim.frm
02 14:00:18:689 Ejecutando interfase VDINTERMOVIM
02 14:02:18:712 Empiezo a leer forms vdintermovim.frm
02 14:02:18:719 Termino parse forms vdintermovim.frm
02 14:02:18:719 Ejecutando interfase VDINTERMOVIM
02 14:04:18:740 Empiezo a leer forms vdintermovim.frm
02 14:04:18:747 Termino parse forms vdintermovim.frm
02 14:04:18:747 Ejecutando interfase VDINTERMOVIM
02 14:06:18:769 Empiezo a leer forms vdintermovim.frm
02 14:06:18:777 Termino parse forms vdintermovim.frm
02 14:06:18:777 Ejecutando interfase VDINTERMOVIM
02 14:08:18:795 Empiezo a leer forms vdintermovim.frm
02 14:08:18:800 Termino parse forms vdintermovim.frm
02 14:08:18:800 Ejecutando interfase VDINTERMOVIM
02 14:10:18:817 Empiezo a leer forms vdintermovim.frm
02 14:10:18:825 Termino parse forms vdintermovim.frm
02 14:10:18:825 Ejecutando interfase VDINTERMOVIM
02 14:12:18:849 Empiezo a leer forms vdintermovim.frm
02 14:12:18:857 Termino parse forms vdintermovim.frm
02 14:12:18:857 Ejecutando interfase VDINTERMOVIM
02 14:14:18:869 Empiezo a leer forms vdintermovim.frm
02 14:14:18:875 Termino parse forms vdintermovim.frm
02 14:14:18:877 Ejecutando interfase VDINTERMOVIM
02 14:16:18:899 Empiezo a leer forms vdintermovim.frm
02 14:16:18:905 Termino parse forms vdintermovim.frm
02 14:16:18:905 Ejecutando interfase VDINTERMOVIM
02 14:18:18:912 Empiezo a leer forms vdintermovim.frm
02 14:18:18:920 Termino parse forms vdintermovim.frm
02 14:18:18:920 Ejecutando interfase VDINTERMOVIM
02 14:20:18:939 Empiezo a leer forms vdintermovim.frm
02 14:20:18:947 Termino parse forms vdintermovim.frm
02 14:20:18:947 Ejecutando interfase VDINTERMOVIM
02 14:22:18:957 Empiezo a leer forms vdintermovim.frm
02 14:22:18:964 Termino parse forms vdintermovim.frm
02 14:22:18:965 Ejecutando interfase VDINTERMOVIM
02 14:24:18:975 Empiezo a leer forms vdintermovim.frm
02 14:24:18:984 Termino parse forms vdintermovim.frm
02 14:24:18:984 Ejecutando interfase VDINTERMOVIM
02 14:26:18:995 Empiezo a leer forms vdintermovim.frm
02 14:26:19:002 Termino parse forms vdintermovim.frm
02 14:26:19:002 Ejecutando interfase VDINTERMOVIM
02 14:28:19:025 Empiezo a leer forms vdintermovim.frm
02 14:28:19:032 Termino parse forms vdintermovim.frm
02 14:28:19:032 Ejecutando interfase VDINTERMOVIM
02 14:30:19:052 Empiezo a leer forms vdintermovim.frm
02 14:30:19:055 Termino parse forms vdintermovim.frm
02 14:30:19:055 Ejecutando interfase VDINTERMOVIM
02 14:32:19:070 Empiezo a leer forms vdintermovim.frm
02 14:32:19:079 Termino parse forms vdintermovim.frm
02 14:32:19:080 Ejecutando interfase VDINTERMOVIM
02 14:34:19:097 Empiezo a leer forms vdintermovim.frm
02 14:34:19:105 Termino parse forms vdintermovim.frm
02 14:34:19:105 Ejecutando interfase VDINTERMOVIM
02 14:36:19:125 Empiezo a leer forms vdintermovim.frm
02 14:36:19:132 Termino parse forms vdintermovim.frm
02 14:36:19:134 Ejecutando interfase VDINTERMOVIM
02 14:38:19:147 Empiezo a leer forms vdintermovim.frm
02 14:38:19:155 Termino parse forms vdintermovim.frm
02 14:38:19:157 Ejecutando interfase VDINTERMOVIM
02 14:40:19:180 Empiezo a leer forms vdintermovim.frm
02 14:40:19:187 Termino parse forms vdintermovim.frm
02 14:40:19:189 Ejecutando interfase VDINTERMOVIM
02 14:42:19:202 Empiezo a leer forms vdintermovim.frm
02 14:42:19:210 Termino parse forms vdintermovim.frm
02 14:42:19:210 Ejecutando interfase VDINTERMOVIM
02 14:44:19:232 Empiezo a leer forms vdintermovim.frm
02 14:44:19:240 Termino parse forms vdintermovim.frm
02 14:44:19:240 Ejecutando interfase VDINTERMOVIM
02 14:46:19:262 Empiezo a leer forms vdintermovim.frm
02 14:46:19:270 Termino parse forms vdintermovim.frm
02 14:46:19:270 Ejecutando interfase VDINTERMOVIM
02 14:48:19:287 Empiezo a leer forms vdintermovim.frm
02 14:48:19:295 Termino parse forms vdintermovim.frm
02 14:48:19:295 Ejecutando interfase VDINTERMOVIM
02 14:50:19:317 Empiezo a leer forms vdintermovim.frm
02 14:50:19:324 Termino parse forms vdintermovim.frm
02 14:50:19:324 Ejecutando interfase VDINTERMOVIM
02 14:52:19:335 Empiezo a leer forms vdintermovim.frm
02 14:52:19:342 Termino parse forms vdintermovim.frm
02 14:52:19:344 Ejecutando interfase VDINTERMOVIM
02 14:54:19:364 Empiezo a leer forms vdintermovim.frm
02 14:54:19:370 Termino parse forms vdintermovim.frm
02 14:54:19:370 Ejecutando interfase VDINTERMOVIM
02 15:45:15:632 Empiezo a leer forms vdintermovim.frm
02 15:45:15:637 Termino parse forms vdintermovim.frm
02 15:45:15:637 Ejecutando interfase VDINTERMOVIM
02 15:47:15:659 Empiezo a leer forms vdintermovim.frm
02 15:47:15:665 Termino parse forms vdintermovim.frm
02 15:47:15:665 Ejecutando interfase VDINTERMOVIM
02 15:49:15:680 Empiezo a leer forms vdintermovim.frm
02 15:49:15:687 Termino parse forms vdintermovim.frm
02 15:49:15:687 Ejecutando interfase VDINTERMOVIM
02 15:51:15:702 Empiezo a leer forms vdintermovim.frm
02 15:51:15:709 Termino parse forms vdintermovim.frm
02 15:51:15:710 Ejecutando interfase VDINTERMOVIM
02 15:53:15:724 Empiezo a leer forms vdintermovim.frm
02 15:53:15:730 Termino parse forms vdintermovim.frm
02 15:53:15:732 Ejecutando interfase VDINTERMOVIM
02 15:55:15:749 Empiezo a leer forms vdintermovim.frm
02 15:55:15:755 Termino parse forms vdintermovim.frm
02 15:55:15:757 Ejecutando interfase VDINTERMOVIM
02 15:57:15:769 Empiezo a leer forms vdintermovim.frm
02 15:57:15:772 Termino parse forms vdintermovim.frm
02 15:57:15:772 Ejecutando interfase VDINTERMOVIM
02 15:59:15:790 Empiezo a leer forms vdintermovim.frm
02 15:59:15:795 Termino parse forms vdintermovim.frm
02 15:59:15:797 Ejecutando interfase VDINTERMOVIM
02 16:01:15:819 Empiezo a leer forms vdintermovim.frm
02 16:01:15:825 Termino parse forms vdintermovim.frm
02 16:01:15:827 Ejecutando interfase VDINTERMOVIM
02 16:03:15:840 Empiezo a leer forms vdintermovim.frm
02 16:03:15:845 Termino parse forms vdintermovim.frm
02 16:03:15:845 Ejecutando interfase VDINTERMOVIM
02 16:05:15:865 Empiezo a leer forms vdintermovim.frm
02 16:05:15:872 Termino parse forms vdintermovim.frm
02 16:05:15:872 Ejecutando interfase VDINTERMOVIM
02 16:07:15:895 Empiezo a leer forms vdintermovim.frm
02 16:07:15:902 Termino parse forms vdintermovim.frm
02 16:07:15:904 Ejecutando interfase VDINTERMOVIM
02 16:09:15:930 Empiezo a leer forms vdintermovim.frm
02 16:09:15:937 Termino parse forms vdintermovim.frm
02 16:09:15:937 Ejecutando interfase VDINTERMOVIM
02 16:11:15:947 Empiezo a leer forms vdintermovim.frm
02 16:11:15:952 Termino parse forms vdintermovim.frm
02 16:11:15:952 Ejecutando interfase VDINTERMOVIM
02 16:13:15:967 Empiezo a leer forms vdintermovim.frm
02 16:13:15:975 Termino parse forms vdintermovim.frm
02 16:13:15:975 Ejecutando interfase VDINTERMOVIM
02 16:15:15:997 Empiezo a leer forms vdintermovim.frm
02 16:15:16:005 Termino parse forms vdintermovim.frm
02 16:15:16:005 Ejecutando interfase VDINTERMOVIM
02 16:17:16:022 Empiezo a leer forms vdintermovim.frm
02 16:17:16:029 Termino parse forms vdintermovim.frm
02 16:17:16:029 Ejecutando interfase VDINTERMOVIM
02 16:19:16:044 Empiezo a leer forms vdintermovim.frm
02 16:19:16:047 Termino parse forms vdintermovim.frm
02 16:19:16:047 Ejecutando interfase VDINTERMOVIM
02 16:21:16:055 Empiezo a leer forms vdintermovim.frm
02 16:21:16:062 Termino parse forms vdintermovim.frm
02 16:21:16:062 Ejecutando interfase VDINTERMOVIM
02 16:23:16:079 Empiezo a leer forms vdintermovim.frm
02 16:23:16:085 Termino parse forms vdintermovim.frm
02 16:23:16:085 Ejecutando interfase VDINTERMOVIM
02 16:25:16:099 Empiezo a leer forms vdintermovim.frm
02 16:25:16:107 Termino parse forms vdintermovim.frm
02 16:25:16:107 Ejecutando interfase VDINTERMOVIM
02 16:27:16:127 Empiezo a leer forms vdintermovim.frm
02 16:27:16:135 Termino parse forms vdintermovim.frm
02 16:27:16:135 Ejecutando interfase VDINTERMOVIM
02 16:29:16:159 Empiezo a leer forms vdintermovim.frm
02 16:29:16:165 Termino parse forms vdintermovim.frm
02 16:29:16:167 Ejecutando interfase VDINTERMOVIM
02 16:31:16:184 Empiezo a leer forms vdintermovim.frm
02 16:31:16:190 Termino parse forms vdintermovim.frm
02 16:31:16:192 Ejecutando interfase VDINTERMOVIM
02 16:33:16:204 Empiezo a leer forms vdintermovim.frm
02 16:33:16:212 Termino parse forms vdintermovim.frm
02 16:33:16:212 Ejecutando interfase VDINTERMOVIM
02 16:35:16:227 Empiezo a leer forms vdintermovim.frm
02 16:35:16:235 Termino parse forms vdintermovim.frm
02 16:35:16:235 Ejecutando interfase VDINTERMOVIM
02 16:37:16:247 Empiezo a leer forms vdintermovim.frm
02 16:37:16:255 Termino parse forms vdintermovim.frm
02 16:37:16:255 Ejecutando interfase VDINTERMOVIM
02 16:39:16:274 Empiezo a leer forms vdintermovim.frm
02 16:39:16:280 Termino parse forms vdintermovim.frm
02 16:39:16:280 Ejecutando interfase VDINTERMOVIM
02 16:41:16:292 Empiezo a leer forms vdintermovim.frm
02 16:41:16:297 Termino parse forms vdintermovim.frm
02 16:41:16:297 Ejecutando interfase VDINTERMOVIM
02 16:43:16:319 Empiezo a leer forms vdintermovim.frm
02 16:43:16:327 Termino parse forms vdintermovim.frm
02 16:43:16:327 Ejecutando interfase VDINTERMOVIM
02 16:45:16:339 Empiezo a leer forms vdintermovim.frm
02 16:45:16:347 Termino parse forms vdintermovim.frm
02 16:45:16:347 Ejecutando interfase VDINTERMOVIM
02 16:47:16:370 Empiezo a leer forms vdintermovim.frm
02 16:47:16:377 Termino parse forms vdintermovim.frm
02 16:47:16:377 Ejecutando interfase VDINTERMOVIM
02 16:49:16:395 Empiezo a leer forms vdintermovim.frm
02 16:49:16:402 Termino parse forms vdintermovim.frm
02 16:49:16:402 Ejecutando interfase VDINTERMOVIM
02 16:51:16:417 Empiezo a leer forms vdintermovim.frm
02 16:51:16:425 Termino parse forms vdintermovim.frm
02 16:51:16:425 Ejecutando interfase VDINTERMOVIM
02 16:53:16:444 Empiezo a leer forms vdintermovim.frm
02 16:53:16:450 Termino parse forms vdintermovim.frm
02 16:53:16:450 Ejecutando interfase VDINTERMOVIM
02 16:55:16:462 Empiezo a leer forms vdintermovim.frm
02 16:55:16:470 Termino parse forms vdintermovim.frm
02 16:55:16:470 Ejecutando interfase VDINTERMOVIM
02 16:57:16:487 Empiezo a leer forms vdintermovim.frm
02 16:57:16:495 Termino parse forms vdintermovim.frm
02 16:57:16:495 Ejecutando interfase VDINTERMOVIM
02 16:59:16:519 Empiezo a leer forms vdintermovim.frm
02 16:59:16:522 Termino parse forms vdintermovim.frm
02 16:59:16:522 Ejecutando interfase VDINTERMOVIM
02 17:01:16:544 Empiezo a leer forms vdintermovim.frm
02 17:01:16:545 Termino parse forms vdintermovim.frm
02 17:01:16:545 Ejecutando interfase VDINTERMOVIM
02 17:03:16:557 Empiezo a leer forms vdintermovim.frm
02 17:03:16:564 Termino parse forms vdintermovim.frm
02 17:03:16:565 Ejecutando interfase VDINTERMOVIM
02 17:05:16:580 Empiezo a leer forms vdintermovim.frm
02 17:05:16:587 Termino parse forms vdintermovim.frm
02 17:05:16:589 Ejecutando interfase VDINTERMOVIM
02 17:07:16:609 Empiezo a leer forms vdintermovim.frm
02 17:07:16:615 Termino parse forms vdintermovim.frm
02 17:07:16:615 Ejecutando interfase VDINTERMOVIM
02 17:09:16:642 Empiezo a leer forms vdintermovim.frm
02 17:09:16:650 Termino parse forms vdintermovim.frm
02 17:09:16:650 Ejecutando interfase VDINTERMOVIM
02 17:11:16:669 Empiezo a leer forms vdintermovim.frm
02 17:11:16:677 Termino parse forms vdintermovim.frm
02 17:11:16:677 Ejecutando interfase VDINTERMOVIM
02 17:13:16:689 Empiezo a leer forms vdintermovim.frm
02 17:13:16:695 Termino parse forms vdintermovim.frm
02 17:13:16:695 Ejecutando interfase VDINTERMOVIM
02 17:15:16:707 Empiezo a leer forms vdintermovim.frm
02 17:15:16:712 Termino parse forms vdintermovim.frm
02 17:15:16:712 Ejecutando interfase VDINTERMOVIM
02 17:17:16:735 Empiezo a leer forms vdintermovim.frm
02 17:17:16:742 Termino parse forms vdintermovim.frm
02 17:17:16:744 Ejecutando interfase VDINTERMOVIM
02 17:19:16:757 Empiezo a leer forms vdintermovim.frm
02 17:19:16:765 Termino parse forms vdintermovim.frm
02 17:19:16:765 Ejecutando interfase VDINTERMOVIM
02 17:21:16:780 Empiezo a leer forms vdintermovim.frm
02 17:21:16:785 Termino parse forms vdintermovim.frm
02 17:21:16:785 Ejecutando interfase VDINTERMOVIM
02 17:23:16:800 Empiezo a leer forms vdintermovim.frm
02 17:23:16:804 Termino parse forms vdintermovim.frm
02 17:23:16:804 Ejecutando interfase VDINTERMOVIM
02 17:25:16:820 Empiezo a leer forms vdintermovim.frm
02 17:25:16:829 Termino parse forms vdintermovim.frm
02 17:25:16:829 Ejecutando interfase VDINTERMOVIM
02 17:27:16:857 Empiezo a leer forms vdintermovim.frm
02 17:27:16:864 Termino parse forms vdintermovim.frm
02 17:27:16:864 Ejecutando interfase VDINTERMOVIM
02 17:29:16:872 Empiezo a leer forms vdintermovim.frm
02 17:29:16:880 Termino parse forms vdintermovim.frm
02 17:29:16:880 Ejecutando interfase VDINTERMOVIM
02 17:31:16:892 Empiezo a leer forms vdintermovim.frm
02 17:31:16:895 Termino parse forms vdintermovim.frm
02 17:31:16:895 Ejecutando interfase VDINTERMOVIM
02 17:33:16:904 Empiezo a leer forms vdintermovim.frm
02 17:33:16:912 Termino parse forms vdintermovim.frm
02 17:33:16:912 Ejecutando interfase VDINTERMOVIM
02 17:35:16:930 Empiezo a leer forms vdintermovim.frm
02 17:35:16:937 Termino parse forms vdintermovim.frm
02 17:35:16:937 Ejecutando interfase VDINTERMOVIM
02 17:37:16:955 Empiezo a leer forms vdintermovim.frm
02 17:37:16:962 Termino parse forms vdintermovim.frm
02 17:37:16:962 Ejecutando interfase VDINTERMOVIM
02 17:39:16:982 Empiezo a leer forms vdintermovim.frm
02 17:39:16:990 Termino parse forms vdintermovim.frm
02 17:39:16:990 Ejecutando interfase VDINTERMOVIM
02 17:41:17:009 Empiezo a leer forms vdintermovim.frm
02 17:41:17:015 Termino parse forms vdintermovim.frm
02 17:41:17:015 Ejecutando interfase VDINTERMOVIM
02 17:43:17:037 Empiezo a leer forms vdintermovim.frm
02 17:43:17:044 Termino parse forms vdintermovim.frm
02 17:43:17:044 Ejecutando interfase VDINTERMOVIM
02 17:45:17:067 Empiezo a leer forms vdintermovim.frm
02 17:45:17:075 Termino parse forms vdintermovim.frm
02 17:45:17:075 Ejecutando interfase VDINTERMOVIM
02 17:47:17:092 Empiezo a leer forms vdintermovim.frm
02 17:47:17:097 Termino parse forms vdintermovim.frm
02 17:47:17:097 Ejecutando interfase VDINTERMOVIM
02 17:49:17:112 Empiezo a leer forms vdintermovim.frm
02 17:49:17:117 Termino parse forms vdintermovim.frm
02 17:49:17:117 Ejecutando interfase VDINTERMOVIM
02 17:51:17:129 Empiezo a leer forms vdintermovim.frm
02 17:51:17:134 Termino parse forms vdintermovim.frm
02 17:51:17:135 Ejecutando interfase VDINTERMOVIM
02 17:53:17:155 Empiezo a leer forms vdintermovim.frm
02 17:53:17:160 Termino parse forms vdintermovim.frm
02 17:53:17:160 Ejecutando interfase VDINTERMOVIM
02 17:55:17:167 Empiezo a leer forms vdintermovim.frm
02 17:55:17:170 Termino parse forms vdintermovim.frm
02 17:55:17:170 Ejecutando interfase VDINTERMOVIM

00 17:56:09:082 Fichero de log cerrado.

