00 14:47:31:907 Fichero de log abierto PID 12628

02 14:47:31:907 Intentando abrir fichero v10.ini
02 14:47:31:915 Cargando driver v10oracle funcion damedriveroracle
02 14:47:32:312 Conectado a base de datos
02 14:47:32:320 Proceso ENVIOREDUR encontrado en tabla VDPROCESOS
02 14:47:33:255 Proceso ENVIOREDUR cargado con función interfasesalida (Librería VDINTERFASES.DLL) direccion 0606CC80
02 14:47:33:256 PLSQL: INICIALIZADO PAQUETE DE LOG EL DIA 23-06-2022
02 14:47:33:275 Actualizado SID 509 SERIAL 51126 del proceso con PID 12628
00 14:47:33:275 Error al abrir fichero VDST.H
02 14:47:33:285 Empiezo a leer forms vdinterageredur.frm
02 14:47:33:335 Termino parse forms vdinterageredur.frm
02 14:47:33:335 Ejecutando interfase VDINTERAGEREDUR
02 14:49:33:377 Empiezo a leer forms vdinterageredur.frm
02 14:49:33:392 Termino parse forms vdinterageredur.frm
02 14:49:33:392 Ejecutando interfase VDINTERAGEREDUR
02 14:51:33:415 Empiezo a leer forms vdinterageredur.frm
02 14:51:33:415 Termino parse forms vdinterageredur.frm
02 14:51:33:415 Ejecutando interfase VDINTERAGEREDUR
02 14:53:33:452 Empiezo a leer forms vdinterageredur.frm
02 14:53:33:467 Termino parse forms vdinterageredur.frm
02 14:53:33:467 Ejecutando interfase VDINTERAGEREDUR
02 14:55:33:490 Empiezo a leer forms vdinterageredur.frm
02 14:55:33:507 Termino parse forms vdinterageredur.frm
02 14:55:33:507 Ejecutando interfase VDINTERAGEREDUR
02 14:57:33:530 Empiezo a leer forms vdinterageredur.frm
02 14:57:33:545 Termino parse forms vdinterageredur.frm
02 14:57:33:545 Ejecutando interfase VDINTERAGEREDUR
02 14:59:33:565 Empiezo a leer forms vdinterageredur.frm
02 14:59:33:584 Termino parse forms vdinterageredur.frm
02 14:59:33:584 Ejecutando interfase VDINTERAGEREDUR
02 15:01:33:597 Empiezo a leer forms vdinterageredur.frm
02 15:01:33:615 Termino parse forms vdinterageredur.frm
02 15:01:33:615 Ejecutando interfase VDINTERAGEREDUR
02 15:03:33:629 Empiezo a leer forms vdinterageredur.frm
02 15:03:33:645 Termino parse forms vdinterageredur.frm
02 15:03:33:645 Ejecutando interfase VDINTERAGEREDUR
02 15:05:33:660 Empiezo a leer forms vdinterageredur.frm
02 15:05:33:677 Termino parse forms vdinterageredur.frm
02 15:05:33:680 Ejecutando interfase VDINTERAGEREDUR
02 15:07:33:704 Empiezo a leer forms vdinterageredur.frm
02 15:07:33:717 Termino parse forms vdinterageredur.frm
02 15:07:33:717 Ejecutando interfase VDINTERAGEREDUR
02 15:09:33:732 Empiezo a leer forms vdinterageredur.frm
02 15:09:33:740 Termino parse forms vdinterageredur.frm
02 15:09:33:740 Ejecutando interfase VDINTERAGEREDUR
00 16:16:47:445 Programa finaliza por Error Oracle Fatal 3135 en cursor
	SELPROEJECUTAINMEDIATO

00 16:16:47:805 Fichero de log cerrado.

00 16:19:02:597 Fichero de log abierto PID 11744

02 16:19:02:600 Intentando abrir fichero v10.ini
02 16:19:02:604 Cargando driver v10oracle funcion damedriveroracle
02 16:19:03:045 Conectado a base de datos
02 16:19:03:047 Proceso ENVIOREDUR encontrado en tabla VDPROCESOS
02 16:19:03:052 Proceso ENVIOREDUR cargado con función interfasesalida (Librería VDINTERFASES.DLL) direccion 069ECC80
02 16:19:03:054 PLSQL: INICIALIZADO PAQUETE DE LOG EL DIA 23-06-2022
02 16:19:03:064 Actualizado SID 873 SERIAL 48948 del proceso con PID 11744
00 16:19:03:070 Error al abrir fichero VDST.H
02 16:19:03:070 Empiezo a leer forms vdinterageredur.frm
02 16:19:03:105 Termino parse forms vdinterageredur.frm
02 16:19:03:105 Ejecutando interfase VDINTERAGEREDUR
02 16:21:03:120 Empiezo a leer forms vdinterageredur.frm
02 16:21:03:132 Termino parse forms vdinterageredur.frm
02 16:21:03:132 Ejecutando interfase VDINTERAGEREDUR
02 16:23:03:152 Empiezo a leer forms vdinterageredur.frm
02 16:23:03:169 Termino parse forms vdinterageredur.frm
02 16:23:03:169 Ejecutando interfase VDINTERAGEREDUR
02 16:25:03:190 Empiezo a leer forms vdinterageredur.frm
02 16:25:03:207 Termino parse forms vdinterageredur.frm
02 16:25:03:207 Ejecutando interfase VDINTERAGEREDUR
02 16:27:03:222 Empiezo a leer forms vdinterageredur.frm
02 16:27:03:237 Termino parse forms vdinterageredur.frm
02 16:27:03:240 Ejecutando interfase VDINTERAGEREDUR
02 16:29:03:250 Empiezo a leer forms vdinterageredur.frm
02 16:29:03:265 Termino parse forms vdinterageredur.frm
02 16:29:03:265 Ejecutando interfase VDINTERAGEREDUR
02 16:31:03:289 Empiezo a leer forms vdinterageredur.frm
02 16:31:03:295 Termino parse forms vdinterageredur.frm
02 16:31:03:295 Ejecutando interfase VDINTERAGEREDUR
02 16:33:03:314 Empiezo a leer forms vdinterageredur.frm
02 16:33:03:324 Termino parse forms vdinterageredur.frm
02 16:33:03:324 Ejecutando interfase VDINTERAGEREDUR
02 16:35:03:342 Empiezo a leer forms vdinterageredur.frm
02 16:35:03:355 Termino parse forms vdinterageredur.frm
02 16:35:03:355 Ejecutando interfase VDINTERAGEREDUR

00 16:36:14:754 Fichero de log cerrado.

00 16:37:29:604 Fichero de log abierto PID 9808

02 16:37:29:605 Intentando abrir fichero v10.ini
02 16:37:29:609 Cargando driver v10oracle funcion damedriveroracle
02 16:37:30:327 Conectado a base de datos
02 16:37:30:330 Proceso ENVIOREDUR encontrado en tabla VDPROCESOS
02 16:37:30:334 Proceso ENVIOREDUR cargado con función interfasesalida (Librería VDINTERFASES.DLL) direccion 075ECC80
02 16:37:30:337 PLSQL: INICIALIZADO PAQUETE DE LOG EL DIA 23-06-2022
02 16:37:30:345 Actualizado SID 878 SERIAL 22781 del proceso con PID 9808
00 16:37:30:352 Error al abrir fichero VDST.H
02 16:37:30:352 Empiezo a leer forms vdinterageredur.frm
02 16:37:30:392 Termino parse forms vdinterageredur.frm
02 16:37:30:392 Ejecutando interfase VDINTERAGEREDUR
02 16:39:30:407 Empiezo a leer forms vdinterageredur.frm
02 16:39:30:425 Termino parse forms vdinterageredur.frm
02 16:39:30:425 Ejecutando interfase VDINTERAGEREDUR
02 16:41:30:444 Empiezo a leer forms vdinterageredur.frm
02 16:41:30:457 Termino parse forms vdinterageredur.frm
02 16:41:30:457 Ejecutando interfase VDINTERAGEREDUR
02 16:43:30:472 Empiezo a leer forms vdinterageredur.frm
02 16:43:30:487 Termino parse forms vdinterageredur.frm
02 16:43:30:487 Ejecutando interfase VDINTERAGEREDUR
02 16:45:30:510 Empiezo a leer forms vdinterageredur.frm
02 16:45:30:522 Termino parse forms vdinterageredur.frm
02 16:45:30:524 Ejecutando interfase VDINTERAGEREDUR
02 16:47:30:547 Empiezo a leer forms vdinterageredur.frm
02 16:47:30:565 Termino parse forms vdinterageredur.frm
02 16:47:30:565 Ejecutando interfase VDINTERAGEREDUR
02 16:49:30:580 Empiezo a leer forms vdinterageredur.frm
02 16:49:30:590 Termino parse forms vdinterageredur.frm
02 16:49:30:590 Ejecutando interfase VDINTERAGEREDUR
02 16:51:30:612 Empiezo a leer forms vdinterageredur.frm
02 16:51:30:632 Termino parse forms vdinterageredur.frm
02 16:51:30:632 Ejecutando interfase VDINTERAGEREDUR

00 16:52:15:364 Fichero de log cerrado.

00 16:52:29:975 Fichero de log abierto PID 8276

02 16:52:29:977 Intentando abrir fichero v10.ini
02 16:52:29:982 Cargando driver v10oracle funcion damedriveroracle
02 16:52:30:370 Conectado a base de datos
02 16:52:30:370 Proceso ENVIOREDUR encontrado en tabla VDPROCESOS
02 16:52:30:375 Proceso ENVIOREDUR cargado con función interfasesalida (Librería VDINTERFASES.DLL) direccion 067CCC80
02 16:52:30:378 PLSQL: INICIALIZADO PAQUETE DE LOG EL DIA 23-06-2022
02 16:52:30:385 Actualizado SID 752 SERIAL 5471 del proceso con PID 8276
00 16:52:30:394 Error al abrir fichero VDST.H
02 16:52:30:395 Empiezo a leer forms vdinterageredur.frm
02 16:52:30:430 Termino parse forms vdinterageredur.frm
02 16:52:30:430 Ejecutando interfase VDINTERAGEREDUR
02 16:54:30:447 Empiezo a leer forms vdinterageredur.frm
02 16:54:30:455 Termino parse forms vdinterageredur.frm
02 16:54:30:455 Ejecutando interfase VDINTERAGEREDUR
02 16:56:30:474 Empiezo a leer forms vdinterageredur.frm
02 16:56:30:485 Termino parse forms vdinterageredur.frm
02 16:56:30:485 Ejecutando interfase VDINTERAGEREDUR
02 16:58:30:500 Empiezo a leer forms vdinterageredur.frm
02 16:58:30:515 Termino parse forms vdinterageredur.frm
02 16:58:30:515 Ejecutando interfase VDINTERAGEREDUR
02 17:00:30:540 Empiezo a leer forms vdinterageredur.frm
02 17:00:30:550 Termino parse forms vdinterageredur.frm
02 17:00:30:550 Ejecutando interfase VDINTERAGEREDUR
02 17:02:30:562 Empiezo a leer forms vdinterageredur.frm
02 17:02:30:577 Termino parse forms vdinterageredur.frm
02 17:02:30:579 Ejecutando interfase VDINTERAGEREDUR
02 17:04:30:587 Empiezo a leer forms vdinterageredur.frm
02 17:04:30:604 Termino parse forms vdinterageredur.frm
02 17:04:30:604 Ejecutando interfase VDINTERAGEREDUR
02 17:06:30:627 Empiezo a leer forms vdinterageredur.frm
02 17:06:30:627 Termino parse forms vdinterageredur.frm
02 17:06:30:627 Ejecutando interfase VDINTERAGEREDUR

00 17:06:53:494 Fichero de log cerrado.

00 17:07:21:102 Fichero de log abierto PID 544

02 17:07:21:105 Intentando abrir fichero v10.ini
02 17:07:21:110 Cargando driver v10oracle funcion damedriveroracle
02 17:07:21:757 Conectado a base de datos
02 17:07:21:759 Proceso ENVIOREDUR encontrado en tabla VDPROCESOS
02 17:07:21:764 Proceso ENVIOREDUR cargado con función interfasesalida (Librería VDINTERFASES.DLL) direccion 065ECC80
02 17:07:21:766 PLSQL: INICIALIZADO PAQUETE DE LOG EL DIA 23-06-2022
02 17:07:21:775 Actualizado SID 133 SERIAL 64992 del proceso con PID 544
00 17:07:21:780 Error al abrir fichero VDST.H
02 17:07:21:780 Empiezo a leer forms vdinterageredur.frm
02 17:07:21:817 Termino parse forms vdinterageredur.frm
02 17:07:21:817 Ejecutando interfase VDINTERAGEREDUR
02 17:09:21:835 Empiezo a leer forms vdinterageredur.frm
02 17:09:21:850 Termino parse forms vdinterageredur.frm
02 17:09:21:854 Ejecutando interfase VDINTERAGEREDUR
02 17:11:21:870 Empiezo a leer forms vdinterageredur.frm
02 17:11:21:885 Termino parse forms vdinterageredur.frm
02 17:11:21:885 Ejecutando interfase VDINTERAGEREDUR
02 17:13:21:900 Empiezo a leer forms vdinterageredur.frm
02 17:13:21:910 Termino parse forms vdinterageredur.frm
02 17:13:21:910 Ejecutando interfase VDINTERAGEREDUR
02 17:15:21:932 Empiezo a leer forms vdinterageredur.frm
02 17:15:21:932 Termino parse forms vdinterageredur.frm
02 17:15:21:932 Ejecutando interfase VDINTERAGEREDUR
02 17:17:21:959 Empiezo a leer forms vdinterageredur.frm
02 17:17:21:964 Termino parse forms vdinterageredur.frm
02 17:17:21:964 Ejecutando interfase VDINTERAGEREDUR

00 17:17:38:192 Fichero de log cerrado.

00 17:17:45:237 Fichero de log abierto PID 7332

02 17:17:45:237 Intentando abrir fichero v10.ini
02 17:17:45:242 Cargando driver v10oracle funcion damedriveroracle
02 17:17:45:877 Conectado a base de datos
02 17:17:45:879 Proceso ENVIOREDUR encontrado en tabla VDPROCESOS
02 17:17:45:882 Proceso ENVIOREDUR cargado con función interfasesalida (Librería VDINTERFASES.DLL) direccion 061FCC80
02 17:17:45:883 PLSQL: INICIALIZADO PAQUETE DE LOG EL DIA 23-06-2022
02 17:17:45:895 Actualizado SID 266 SERIAL 45417 del proceso con PID 7332
00 17:17:45:900 Error al abrir fichero VDST.H
02 17:17:45:902 Empiezo a leer forms vdinterageredur.frm
02 17:17:45:932 Termino parse forms vdinterageredur.frm
02 17:17:45:934 Ejecutando interfase VDINTERAGEREDUR
02 17:19:45:942 Empiezo a leer forms vdinterageredur.frm
02 17:19:45:952 Termino parse forms vdinterageredur.frm
02 17:19:45:952 Ejecutando interfase VDINTERAGEREDUR
02 17:21:45:975 Empiezo a leer forms vdinterageredur.frm
02 17:21:45:982 Termino parse forms vdinterageredur.frm
02 17:21:45:982 Ejecutando interfase VDINTERAGEREDUR
02 17:23:45:995 Empiezo a leer forms vdinterageredur.frm
02 17:23:46:007 Termino parse forms vdinterageredur.frm
02 17:23:46:007 Ejecutando interfase VDINTERAGEREDUR
02 17:25:46:022 Empiezo a leer forms vdinterageredur.frm
02 17:25:46:030 Termino parse forms vdinterageredur.frm
02 17:25:46:030 Ejecutando interfase VDINTERAGEREDUR
02 17:27:46:045 Empiezo a leer forms vdinterageredur.frm
02 17:27:46:057 Termino parse forms vdinterageredur.frm
02 17:27:46:057 Ejecutando interfase VDINTERAGEREDUR
02 17:29:46:075 Empiezo a leer forms vdinterageredur.frm
02 17:29:46:087 Termino parse forms vdinterageredur.frm
02 17:29:46:087 Ejecutando interfase VDINTERAGEREDUR
02 17:31:46:104 Empiezo a leer forms vdinterageredur.frm
02 17:31:46:115 Termino parse forms vdinterageredur.frm
02 17:31:46:115 Ejecutando interfase VDINTERAGEREDUR
02 17:33:46:125 Empiezo a leer forms vdinterageredur.frm
02 17:33:46:137 Termino parse forms vdinterageredur.frm
02 17:33:46:137 Ejecutando interfase VDINTERAGEREDUR
02 17:35:46:157 Empiezo a leer forms vdinterageredur.frm
02 17:35:46:167 Termino parse forms vdinterageredur.frm
02 17:35:46:167 Ejecutando interfase VDINTERAGEREDUR
02 17:37:46:184 Empiezo a leer forms vdinterageredur.frm
02 17:37:46:195 Termino parse forms vdinterageredur.frm
02 17:37:46:195 Ejecutando interfase VDINTERAGEREDUR
02 17:39:46:210 Empiezo a leer forms vdinterageredur.frm
02 17:39:46:220 Termino parse forms vdinterageredur.frm
02 17:39:46:220 Ejecutando interfase VDINTERAGEREDUR
02 17:41:46:227 Empiezo a leer forms vdinterageredur.frm
02 17:41:46:237 Termino parse forms vdinterageredur.frm
02 17:41:46:237 Ejecutando interfase VDINTERAGEREDUR
02 17:43:46:257 Empiezo a leer forms vdinterageredur.frm
02 17:43:46:267 Termino parse forms vdinterageredur.frm
02 17:43:46:267 Ejecutando interfase VDINTERAGEREDUR

00 17:45:44:532 Fichero de log cerrado.

