00 09:17:44:823 Fichero de log abierto PID 12876

02 09:17:44:825 Intentando abrir fichero v10.ini
02 09:17:44:831 Cargando driver v10oracle funcion damedriveroracle
02 09:17:45:320 Conectado a base de datos
02 09:17:45:320 Proceso ENVIOREDUR encontrado en tabla VDPROCESOS
02 09:17:47:675 Proceso ENVIOREDUR cargado con función interfasesalida (Librería VDINTERFASES.DLL) direccion 058BCC80
02 09:17:47:679 PLSQL: INICIALIZADO PAQUETE DE LOG EL DIA 28-06-2022
02 09:17:47:687 Actualizado SID 134 SERIAL 39546 del proceso con PID 12876
00 09:17:47:692 Error al abrir fichero VDST.H
02 09:17:47:702 Empiezo a leer forms vdinterageredur.frm
02 09:17:47:732 Termino parse forms vdinterageredur.frm
02 09:17:47:732 Ejecutando interfase VDINTERAGEREDUR
02 09:19:47:752 Empiezo a leer forms vdinterageredur.frm
02 09:19:47:768 Termino parse forms vdinterageredur.frm
02 09:19:47:768 Ejecutando interfase VDINTERAGEREDUR
02 09:21:47:782 Empiezo a leer forms vdinterageredur.frm
02 09:21:47:798 Termino parse forms vdinterageredur.frm
02 09:21:47:798 Ejecutando interfase VDINTERAGEREDUR
02 09:23:47:813 Empiezo a leer forms vdinterageredur.frm
02 09:23:47:818 Termino parse forms vdinterageredur.frm
02 09:23:47:818 Ejecutando interfase VDINTERAGEREDUR
02 09:25:47:848 Empiezo a leer forms vdinterageredur.frm
02 09:25:47:865 Termino parse forms vdinterageredur.frm
02 09:25:47:865 Ejecutando interfase VDINTERAGEREDUR
02 09:27:47:892 Empiezo a leer forms vdinterageredur.frm
02 09:27:47:902 Termino parse forms vdinterageredur.frm
02 09:27:47:902 Ejecutando interfase VDINTERAGEREDUR
02 09:29:47:923 Empiezo a leer forms vdinterageredur.frm
02 09:29:47:938 Termino parse forms vdinterageredur.frm
02 09:29:47:938 Ejecutando interfase VDINTERAGEREDUR
02 09:31:47:966 Empiezo a leer forms vdinterageredur.frm
02 09:31:47:966 Termino parse forms vdinterageredur.frm
02 09:31:47:966 Ejecutando interfase VDINTERAGEREDUR
02 09:33:47:987 Empiezo a leer forms vdinterageredur.frm
02 09:33:48:006 Termino parse forms vdinterageredur.frm
02 09:33:48:006 Ejecutando interfase VDINTERAGEREDUR
02 09:35:48:031 Empiezo a leer forms vdinterageredur.frm
02 09:35:48:047 Termino parse forms vdinterageredur.frm
02 09:35:48:047 Ejecutando interfase VDINTERAGEREDUR
02 09:37:48:070 Empiezo a leer forms vdinterageredur.frm
02 09:37:48:085 Termino parse forms vdinterageredur.frm
02 09:37:48:085 Ejecutando interfase VDINTERAGEREDUR

00 09:39:20:135 Fichero de log cerrado.

00 09:39:35:586 Fichero de log abierto PID 13072

02 09:39:35:587 Intentando abrir fichero v10.ini
02 09:39:35:592 Cargando driver v10oracle funcion damedriveroracle
02 09:39:36:075 Conectado a base de datos
02 09:39:36:076 Proceso ENVIOREDUR encontrado en tabla VDPROCESOS
02 09:39:36:082 Proceso ENVIOREDUR cargado con función interfasesalida (Librería VDINTERFASES.DLL) direccion 0682CC80
02 09:39:36:084 PLSQL: INICIALIZADO PAQUETE DE LOG EL DIA 28-06-2022
02 09:39:36:092 Actualizado SID 134 SERIAL 3626 del proceso con PID 13072
00 09:39:36:097 Error al abrir fichero VDST.H
02 09:39:36:098 Empiezo a leer forms vdinterageredur.frm
02 09:39:36:131 Termino parse forms vdinterageredur.frm
02 09:39:36:131 Ejecutando interfase VDINTERAGEREDUR
02 09:41:36:157 Empiezo a leer forms vdinterageredur.frm
02 09:41:36:157 Termino parse forms vdinterageredur.frm
02 09:41:36:157 Ejecutando interfase VDINTERAGEREDUR
02 09:43:36:188 Empiezo a leer forms vdinterageredur.frm
02 09:43:36:205 Termino parse forms vdinterageredur.frm
02 09:43:36:205 Ejecutando interfase VDINTERAGEREDUR
02 09:45:36:217 Empiezo a leer forms vdinterageredur.frm
02 09:45:36:236 Termino parse forms vdinterageredur.frm
02 09:45:36:236 Ejecutando interfase VDINTERAGEREDUR
02 09:47:36:255 Empiezo a leer forms vdinterageredur.frm
02 09:47:36:255 Termino parse forms vdinterageredur.frm
02 09:47:36:255 Ejecutando interfase VDINTERAGEREDUR
02 09:49:36:277 Empiezo a leer forms vdinterageredur.frm
02 09:49:36:293 Termino parse forms vdinterageredur.frm
02 09:49:36:293 Ejecutando interfase VDINTERAGEREDUR
02 09:51:36:312 Empiezo a leer forms vdinterageredur.frm
02 09:51:36:327 Termino parse forms vdinterageredur.frm
02 09:51:36:327 Ejecutando interfase VDINTERAGEREDUR
02 09:53:36:346 Empiezo a leer forms vdinterageredur.frm
02 09:53:36:362 Termino parse forms vdinterageredur.frm
02 09:53:36:362 Ejecutando interfase VDINTERAGEREDUR
02 09:55:36:377 Empiezo a leer forms vdinterageredur.frm
02 09:55:36:381 Termino parse forms vdinterageredur.frm
02 09:55:36:381 Ejecutando interfase VDINTERAGEREDUR
02 09:57:36:400 Empiezo a leer forms vdinterageredur.frm
02 09:57:36:400 Termino parse forms vdinterageredur.frm
02 09:57:36:400 Ejecutando interfase VDINTERAGEREDUR
02 09:59:36:417 Empiezo a leer forms vdinterageredur.frm
02 09:59:36:430 Termino parse forms vdinterageredur.frm
02 09:59:36:430 Ejecutando interfase VDINTERAGEREDUR
02 10:01:36:451 Empiezo a leer forms vdinterageredur.frm
02 10:01:36:467 Termino parse forms vdinterageredur.frm
02 10:01:36:467 Ejecutando interfase VDINTERAGEREDUR
02 10:03:36:487 Empiezo a leer forms vdinterageredur.frm
02 10:03:36:497 Termino parse forms vdinterageredur.frm
02 10:03:36:497 Ejecutando interfase VDINTERAGEREDUR
02 10:05:36:516 Empiezo a leer forms vdinterageredur.frm
02 10:05:36:532 Termino parse forms vdinterageredur.frm
02 10:05:36:532 Ejecutando interfase VDINTERAGEREDUR
02 10:07:36:556 Empiezo a leer forms vdinterageredur.frm
02 10:07:36:572 Termino parse forms vdinterageredur.frm
02 10:07:36:572 Ejecutando interfase VDINTERAGEREDUR
02 10:09:36:587 Empiezo a leer forms vdinterageredur.frm
02 10:09:36:603 Termino parse forms vdinterageredur.frm
02 10:09:36:603 Ejecutando interfase VDINTERAGEREDUR
02 10:11:36:615 Empiezo a leer forms vdinterageredur.frm
02 10:11:36:620 Termino parse forms vdinterageredur.frm
02 10:11:36:620 Ejecutando interfase VDINTERAGEREDUR
02 10:13:36:636 Empiezo a leer forms vdinterageredur.frm
02 10:13:36:652 Termino parse forms vdinterageredur.frm
02 10:13:36:652 Ejecutando interfase VDINTERAGEREDUR
02 10:15:36:658 Empiezo a leer forms vdinterageredur.frm
02 10:15:36:675 Termino parse forms vdinterageredur.frm
02 10:15:36:675 Ejecutando interfase VDINTERAGEREDUR
02 10:17:36:681 Empiezo a leer forms vdinterageredur.frm
02 10:17:36:697 Termino parse forms vdinterageredur.frm
02 10:17:36:697 Ejecutando interfase VDINTERAGEREDUR
02 10:19:36:717 Empiezo a leer forms vdinterageredur.frm
02 10:19:36:717 Termino parse forms vdinterageredur.frm
02 10:19:36:717 Ejecutando interfase VDINTERAGEREDUR
02 10:21:36:735 Empiezo a leer forms vdinterageredur.frm
02 10:21:36:752 Termino parse forms vdinterageredur.frm
02 10:21:36:752 Ejecutando interfase VDINTERAGEREDUR
02 10:23:36:776 Empiezo a leer forms vdinterageredur.frm
02 10:23:36:792 Termino parse forms vdinterageredur.frm
02 10:23:36:792 Ejecutando interfase VDINTERAGEREDUR
02 10:25:36:810 Empiezo a leer forms vdinterageredur.frm
02 10:25:36:826 Termino parse forms vdinterageredur.frm
02 10:25:36:826 Ejecutando interfase VDINTERAGEREDUR
02 10:27:36:852 Empiezo a leer forms vdinterageredur.frm
02 10:27:36:868 Termino parse forms vdinterageredur.frm
02 10:27:36:868 Ejecutando interfase VDINTERAGEREDUR
02 10:29:36:882 Empiezo a leer forms vdinterageredur.frm
02 10:29:36:882 Termino parse forms vdinterageredur.frm
02 10:29:36:882 Ejecutando interfase VDINTERAGEREDUR
02 10:31:36:917 Empiezo a leer forms vdinterageredur.frm
02 10:31:36:933 Termino parse forms vdinterageredur.frm
02 10:31:36:933 Ejecutando interfase VDINTERAGEREDUR
02 10:33:36:961 Empiezo a leer forms vdinterageredur.frm
02 10:33:36:977 Termino parse forms vdinterageredur.frm
02 10:33:36:977 Ejecutando interfase VDINTERAGEREDUR
02 10:35:36:985 Empiezo a leer forms vdinterageredur.frm
02 10:35:37:002 Termino parse forms vdinterageredur.frm
02 10:35:37:002 Ejecutando interfase VDINTERAGEREDUR
02 10:37:37:028 Empiezo a leer forms vdinterageredur.frm
02 10:37:37:028 Termino parse forms vdinterageredur.frm
02 10:37:37:028 Ejecutando interfase VDINTERAGEREDUR
02 10:39:37:045 Empiezo a leer forms vdinterageredur.frm
02 10:39:37:048 Termino parse forms vdinterageredur.frm
02 10:39:37:048 Ejecutando interfase VDINTERAGEREDUR
02 10:41:37:063 Empiezo a leer forms vdinterageredur.frm
02 10:41:37:080 Termino parse forms vdinterageredur.frm
02 10:41:37:080 Ejecutando interfase VDINTERAGEREDUR
02 10:43:37:097 Empiezo a leer forms vdinterageredur.frm
02 10:43:37:112 Termino parse forms vdinterageredur.frm
02 10:43:37:112 Ejecutando interfase VDINTERAGEREDUR
02 10:45:37:133 Empiezo a leer forms vdinterageredur.frm
02 10:45:37:133 Termino parse forms vdinterageredur.frm
02 10:45:37:133 Ejecutando interfase VDINTERAGEREDUR
02 10:47:37:172 Empiezo a leer forms vdinterageredur.frm
02 10:47:37:172 Termino parse forms vdinterageredur.frm
02 10:47:37:172 Ejecutando interfase VDINTERAGEREDUR
02 11:10:26:536 Empiezo a leer forms vdinterageredur.frm
02 11:10:26:542 Termino parse forms vdinterageredur.frm
02 11:10:26:542 Ejecutando interfase VDINTERAGEREDUR
02 11:12:26:562 Empiezo a leer forms vdinterageredur.frm
02 11:12:26:566 Termino parse forms vdinterageredur.frm
02 11:12:26:566 Ejecutando interfase VDINTERAGEREDUR
02 11:14:26:593 Empiezo a leer forms vdinterageredur.frm
02 11:14:26:608 Termino parse forms vdinterageredur.frm
02 11:14:26:608 Ejecutando interfase VDINTERAGEREDUR
02 11:16:26:620 Empiezo a leer forms vdinterageredur.frm
02 11:16:26:620 Termino parse forms vdinterageredur.frm
02 11:16:26:620 Ejecutando interfase VDINTERAGEREDUR
02 11:18:26:647 Empiezo a leer forms vdinterageredur.frm
02 11:18:26:663 Termino parse forms vdinterageredur.frm
02 11:18:26:663 Ejecutando interfase VDINTERAGEREDUR
02 11:20:26:678 Empiezo a leer forms vdinterageredur.frm
02 11:20:26:692 Termino parse forms vdinterageredur.frm
02 11:20:26:693 Ejecutando interfase VDINTERAGEREDUR
02 11:22:26:715 Empiezo a leer forms vdinterageredur.frm
02 11:22:26:722 Termino parse forms vdinterageredur.frm
02 11:22:26:722 Ejecutando interfase VDINTERAGEREDUR
02 11:24:26:742 Empiezo a leer forms vdinterageredur.frm
02 11:24:26:748 Termino parse forms vdinterageredur.frm
02 11:24:26:748 Ejecutando interfase VDINTERAGEREDUR
02 11:26:26:755 Empiezo a leer forms vdinterageredur.frm
02 11:26:26:772 Termino parse forms vdinterageredur.frm
02 11:26:26:772 Ejecutando interfase VDINTERAGEREDUR
02 11:28:26:782 Empiezo a leer forms vdinterageredur.frm
02 11:28:26:782 Termino parse forms vdinterageredur.frm
02 11:28:26:782 Ejecutando interfase VDINTERAGEREDUR
02 11:30:26:807 Empiezo a leer forms vdinterageredur.frm
02 11:30:26:818 Termino parse forms vdinterageredur.frm
02 11:30:26:830 Ejecutando interfase VDINTERAGEREDUR
02 11:32:26:838 Empiezo a leer forms vdinterageredur.frm
02 11:32:26:855 Termino parse forms vdinterageredur.frm
02 11:32:26:855 Ejecutando interfase VDINTERAGEREDUR
02 11:34:26:867 Empiezo a leer forms vdinterageredur.frm
02 11:34:26:867 Termino parse forms vdinterageredur.frm
02 11:34:26:867 Ejecutando interfase VDINTERAGEREDUR
02 11:36:26:890 Empiezo a leer forms vdinterageredur.frm
02 11:36:26:906 Termino parse forms vdinterageredur.frm
02 11:36:26:906 Ejecutando interfase VDINTERAGEREDUR
02 11:38:26:926 Empiezo a leer forms vdinterageredur.frm
02 11:38:26:942 Termino parse forms vdinterageredur.frm
02 11:38:26:942 Ejecutando interfase VDINTERAGEREDUR
02 11:40:26:955 Empiezo a leer forms vdinterageredur.frm
02 11:40:26:955 Termino parse forms vdinterageredur.frm
02 11:40:26:955 Ejecutando interfase VDINTERAGEREDUR
02 11:42:26:990 Empiezo a leer forms vdinterageredur.frm
02 11:42:26:990 Termino parse forms vdinterageredur.frm
02 11:42:26:990 Ejecutando interfase VDINTERAGEREDUR
02 11:44:27:025 Empiezo a leer forms vdinterageredur.frm
02 11:44:27:044 Termino parse forms vdinterageredur.frm
02 11:44:27:044 Ejecutando interfase VDINTERAGEREDUR
02 11:46:27:069 Empiezo a leer forms vdinterageredur.frm
02 11:46:27:079 Termino parse forms vdinterageredur.frm
02 11:46:27:079 Ejecutando interfase VDINTERAGEREDUR
02 11:48:27:109 Empiezo a leer forms vdinterageredur.frm
02 11:48:27:125 Termino parse forms vdinterageredur.frm
02 11:48:27:125 Ejecutando interfase VDINTERAGEREDUR
02 11:50:27:145 Empiezo a leer forms vdinterageredur.frm
02 11:50:27:145 Termino parse forms vdinterageredur.frm
02 11:50:27:145 Ejecutando interfase VDINTERAGEREDUR
02 11:52:27:175 Empiezo a leer forms vdinterageredur.frm
02 11:52:27:192 Termino parse forms vdinterageredur.frm
02 11:52:27:192 Ejecutando interfase VDINTERAGEREDUR
02 11:54:27:207 Empiezo a leer forms vdinterageredur.frm
02 11:54:27:224 Termino parse forms vdinterageredur.frm
02 11:54:27:224 Ejecutando interfase VDINTERAGEREDUR
02 11:56:27:235 Empiezo a leer forms vdinterageredur.frm
02 11:56:27:250 Termino parse forms vdinterageredur.frm
02 11:56:27:250 Ejecutando interfase VDINTERAGEREDUR
02 11:58:27:264 Empiezo a leer forms vdinterageredur.frm
02 11:58:27:264 Termino parse forms vdinterageredur.frm
02 11:58:27:264 Ejecutando interfase VDINTERAGEREDUR
02 12:00:27:277 Empiezo a leer forms vdinterageredur.frm
02 12:00:27:277 Termino parse forms vdinterageredur.frm
02 12:00:27:277 Ejecutando interfase VDINTERAGEREDUR
02 12:02:27:302 Empiezo a leer forms vdinterageredur.frm
02 12:02:27:302 Termino parse forms vdinterageredur.frm
02 12:02:27:302 Ejecutando interfase VDINTERAGEREDUR
02 12:04:27:322 Empiezo a leer forms vdinterageredur.frm
02 12:04:27:340 Termino parse forms vdinterageredur.frm
02 12:04:27:340 Ejecutando interfase VDINTERAGEREDUR
02 12:06:27:362 Empiezo a leer forms vdinterageredur.frm
02 12:06:27:367 Termino parse forms vdinterageredur.frm
02 12:06:27:367 Ejecutando interfase VDINTERAGEREDUR
02 12:08:27:397 Empiezo a leer forms vdinterageredur.frm
02 12:08:27:415 Termino parse forms vdinterageredur.frm
02 12:08:27:415 Ejecutando interfase VDINTERAGEREDUR
02 12:10:27:440 Empiezo a leer forms vdinterageredur.frm
02 12:10:27:457 Termino parse forms vdinterageredur.frm
02 12:10:27:457 Ejecutando interfase VDINTERAGEREDUR

00 12:12:08:724 Fichero de log cerrado.

00 12:12:22:055 Fichero de log abierto PID 15716

02 12:12:22:059 Intentando abrir fichero v10.ini
02 12:12:22:065 Cargando driver v10oracle funcion damedriveroracle
02 12:12:22:749 Conectado a base de datos
02 12:12:22:750 Proceso ENVIOREDUR encontrado en tabla VDPROCESOS
02 12:12:22:755 Proceso ENVIOREDUR cargado con función interfasesalida (Librería VDINTERFASES.DLL) direccion 0627CC80
02 12:12:22:757 PLSQL: INICIALIZADO PAQUETE DE LOG EL DIA 28-06-2022
02 12:12:22:765 Actualizado SID 128 SERIAL 42642 del proceso con PID 15716
00 12:12:22:772 Error al abrir fichero VDST.H
02 12:12:22:772 Empiezo a leer forms vdinterageredur.frm
02 12:12:22:807 Termino parse forms vdinterageredur.frm
02 12:12:22:807 Ejecutando interfase VDINTERAGEREDUR
02 12:14:22:822 Empiezo a leer forms vdinterageredur.frm
02 12:14:22:822 Termino parse forms vdinterageredur.frm
02 12:14:22:822 Ejecutando interfase VDINTERAGEREDUR
02 12:16:22:842 Empiezo a leer forms vdinterageredur.frm
02 12:16:22:842 Termino parse forms vdinterageredur.frm
02 12:16:22:842 Ejecutando interfase VDINTERAGEREDUR

00 12:17:16:447 Fichero de log cerrado.

00 12:17:33:920 Fichero de log abierto PID 11724

02 12:17:33:922 Intentando abrir fichero v10.ini
02 12:17:33:929 Cargando driver v10oracle funcion damedriveroracle
02 12:17:34:567 Conectado a base de datos
02 12:17:34:567 Proceso ENVIOREDUR encontrado en tabla VDPROCESOS
02 12:17:34:574 Proceso ENVIOREDUR cargado con función interfasesalida (Librería VDINTERFASES.DLL) direccion 0655CC80
02 12:17:34:577 PLSQL: INICIALIZADO PAQUETE DE LOG EL DIA 28-06-2022
02 12:17:34:587 Actualizado SID 261 SERIAL 51717 del proceso con PID 11724
00 12:17:34:595 Error al abrir fichero VDST.H
02 12:17:34:595 Empiezo a leer forms vdinterageredur.frm
02 12:17:34:632 Termino parse forms vdinterageredur.frm
02 12:17:34:632 Ejecutando interfase VDINTERAGEREDUR
02 12:19:34:644 Empiezo a leer forms vdinterageredur.frm
02 12:19:34:649 Termino parse forms vdinterageredur.frm
02 12:19:34:649 Ejecutando interfase VDINTERAGEREDUR
02 12:21:34:667 Empiezo a leer forms vdinterageredur.frm
02 12:21:34:684 Termino parse forms vdinterageredur.frm
02 12:21:34:684 Ejecutando interfase VDINTERAGEREDUR
02 12:23:34:694 Empiezo a leer forms vdinterageredur.frm
02 12:23:34:700 Termino parse forms vdinterageredur.frm
02 12:23:34:702 Ejecutando interfase VDINTERAGEREDUR
02 12:25:34:715 Empiezo a leer forms vdinterageredur.frm
02 12:25:34:715 Termino parse forms vdinterageredur.frm
02 12:25:34:715 Ejecutando interfase VDINTERAGEREDUR
02 12:27:34:739 Empiezo a leer forms vdinterageredur.frm
02 12:27:34:757 Termino parse forms vdinterageredur.frm
02 12:27:34:757 Ejecutando interfase VDINTERAGEREDUR
02 12:29:34:775 Empiezo a leer forms vdinterageredur.frm
02 12:29:34:792 Termino parse forms vdinterageredur.frm
02 12:29:34:792 Ejecutando interfase VDINTERAGEREDUR
02 12:31:34:807 Empiezo a leer forms vdinterageredur.frm
02 12:31:34:822 Termino parse forms vdinterageredur.frm
02 12:31:34:822 Ejecutando interfase VDINTERAGEREDUR
02 12:41:29:232 Empiezo a leer forms vdinterageredur.frm
02 12:41:29:250 Termino parse forms vdinterageredur.frm
02 12:41:29:250 Ejecutando interfase VDINTERAGEREDUR

00 12:42:30:060 Fichero de log cerrado.

00 12:42:45:510 Fichero de log abierto PID 12996

02 12:42:45:512 Intentando abrir fichero v10.ini
02 12:42:45:517 Cargando driver v10oracle funcion damedriveroracle
02 12:42:46:274 Conectado a base de datos
02 12:42:46:275 Proceso ENVIOREDUR encontrado en tabla VDPROCESOS
02 12:42:46:282 Proceso ENVIOREDUR cargado con función interfasesalida (Librería VDINTERFASES.DLL) direccion 06FFCC80
02 12:42:46:284 PLSQL: INICIALIZADO PAQUETE DE LOG EL DIA 28-06-2022
02 12:42:46:297 Actualizado SID 870 SERIAL 42511 del proceso con PID 12996
00 12:42:46:302 Error al abrir fichero VDST.H
02 12:42:46:305 Empiezo a leer forms vdinterageredur.frm
02 12:42:46:342 Termino parse forms vdinterageredur.frm
02 12:42:46:342 Ejecutando interfase VDINTERAGEREDUR
02 12:44:46:350 Empiezo a leer forms vdinterageredur.frm
02 12:44:46:357 Termino parse forms vdinterageredur.frm
02 12:44:46:357 Ejecutando interfase VDINTERAGEREDUR
02 12:46:46:380 Empiezo a leer forms vdinterageredur.frm
02 12:46:46:389 Termino parse forms vdinterageredur.frm
02 12:46:46:389 Ejecutando interfase VDINTERAGEREDUR
02 12:48:46:405 Empiezo a leer forms vdinterageredur.frm
02 12:48:46:405 Termino parse forms vdinterageredur.frm
02 12:48:46:405 Ejecutando interfase VDINTERAGEREDUR
02 12:50:46:424 Empiezo a leer forms vdinterageredur.frm
02 12:50:46:427 Termino parse forms vdinterageredur.frm
02 12:50:46:427 Ejecutando interfase VDINTERAGEREDUR
02 12:52:46:457 Empiezo a leer forms vdinterageredur.frm
02 12:52:46:457 Termino parse forms vdinterageredur.frm
02 12:52:46:457 Ejecutando interfase VDINTERAGEREDUR
02 12:54:46:479 Empiezo a leer forms vdinterageredur.frm
02 12:54:46:489 Termino parse forms vdinterageredur.frm
02 12:54:46:489 Ejecutando interfase VDINTERAGEREDUR
02 12:56:46:500 Empiezo a leer forms vdinterageredur.frm
02 12:56:46:507 Termino parse forms vdinterageredur.frm
02 12:56:46:507 Ejecutando interfase VDINTERAGEREDUR
02 12:58:46:534 Empiezo a leer forms vdinterageredur.frm
02 12:58:46:534 Termino parse forms vdinterageredur.frm
02 12:58:46:534 Ejecutando interfase VDINTERAGEREDUR
02 13:00:46:565 Empiezo a leer forms vdinterageredur.frm
02 13:00:46:575 Termino parse forms vdinterageredur.frm
02 13:00:46:577 Ejecutando interfase VDINTERAGEREDUR
02 13:02:46:600 Empiezo a leer forms vdinterageredur.frm
02 13:02:46:600 Termino parse forms vdinterageredur.frm
02 13:02:46:600 Ejecutando interfase VDINTERAGEREDUR
02 13:04:46:627 Empiezo a leer forms vdinterageredur.frm
02 13:04:46:639 Termino parse forms vdinterageredur.frm
02 13:04:46:640 Ejecutando interfase VDINTERAGEREDUR
02 13:06:46:652 Empiezo a leer forms vdinterageredur.frm
02 13:06:46:652 Termino parse forms vdinterageredur.frm
02 13:06:46:652 Ejecutando interfase VDINTERAGEREDUR
02 13:08:46:679 Empiezo a leer forms vdinterageredur.frm
02 13:08:46:682 Termino parse forms vdinterageredur.frm
02 13:08:46:682 Ejecutando interfase VDINTERAGEREDUR
02 13:10:46:704 Empiezo a leer forms vdinterageredur.frm
02 13:10:46:704 Termino parse forms vdinterageredur.frm
02 13:10:46:704 Ejecutando interfase VDINTERAGEREDUR
02 13:12:46:735 Empiezo a leer forms vdinterageredur.frm
02 13:12:46:745 Termino parse forms vdinterageredur.frm
02 13:12:46:745 Ejecutando interfase VDINTERAGEREDUR
02 13:14:46:774 Empiezo a leer forms vdinterageredur.frm
02 13:14:46:784 Termino parse forms vdinterageredur.frm
02 13:14:46:785 Ejecutando interfase VDINTERAGEREDUR
02 13:16:46:792 Empiezo a leer forms vdinterageredur.frm
02 13:16:46:802 Termino parse forms vdinterageredur.frm
02 13:16:46:802 Ejecutando interfase VDINTERAGEREDUR
02 13:18:46:820 Empiezo a leer forms vdinterageredur.frm
02 13:18:46:825 Termino parse forms vdinterageredur.frm
02 13:18:46:825 Ejecutando interfase VDINTERAGEREDUR
02 13:20:46:850 Empiezo a leer forms vdinterageredur.frm
02 13:20:46:857 Termino parse forms vdinterageredur.frm
02 13:20:46:859 Ejecutando interfase VDINTERAGEREDUR
02 13:22:46:869 Empiezo a leer forms vdinterageredur.frm
02 13:22:46:869 Termino parse forms vdinterageredur.frm
02 13:22:46:869 Ejecutando interfase VDINTERAGEREDUR
02 13:24:46:897 Empiezo a leer forms vdinterageredur.frm
02 13:24:46:905 Termino parse forms vdinterageredur.frm
02 13:24:46:905 Ejecutando interfase VDINTERAGEREDUR
02 13:26:46:919 Empiezo a leer forms vdinterageredur.frm
02 13:26:46:919 Termino parse forms vdinterageredur.frm
02 13:26:46:919 Ejecutando interfase VDINTERAGEREDUR
02 13:28:46:947 Empiezo a leer forms vdinterageredur.frm
02 13:28:46:960 Termino parse forms vdinterageredur.frm
02 13:28:46:960 Ejecutando interfase VDINTERAGEREDUR
02 13:30:46:970 Empiezo a leer forms vdinterageredur.frm
02 13:30:46:982 Termino parse forms vdinterageredur.frm
02 13:30:46:982 Ejecutando interfase VDINTERAGEREDUR
02 13:32:46:997 Empiezo a leer forms vdinterageredur.frm
02 13:32:46:997 Termino parse forms vdinterageredur.frm
02 13:32:46:997 Ejecutando interfase VDINTERAGEREDUR

00 13:34:12:817 Fichero de log cerrado.

00 13:34:39:979 Fichero de log abierto PID 3400

02 13:34:39:980 Intentando abrir fichero v10.ini
02 13:34:39:985 Cargando driver v10oracle funcion damedriveroracle
02 13:34:40:642 Conectado a base de datos
02 13:34:40:645 Proceso ENVIOREDUR encontrado en tabla VDPROCESOS
02 13:34:40:650 Proceso ENVIOREDUR cargado con función interfasesalida (Librería VDINTERFASES.DLL) direccion 04A2CC80
02 13:34:40:654 PLSQL: INICIALIZADO PAQUETE DE LOG EL DIA 28-06-2022
02 13:34:40:665 Actualizado SID 136 SERIAL 26793 del proceso con PID 3400
00 13:34:40:670 Error al abrir fichero VDST.H
02 13:34:40:672 Empiezo a leer forms vdinterageredur.frm
02 13:34:40:719 Termino parse forms vdinterageredur.frm
02 13:34:40:719 Ejecutando interfase VDINTERAGEREDUR

00 13:35:55:740 Fichero de log cerrado.

00 13:36:00:222 Fichero de log abierto PID 7356

02 13:36:00:222 Intentando abrir fichero v10.ini
02 13:36:00:232 Cargando driver v10oracle funcion damedriveroracle
02 13:36:01:045 Conectado a base de datos
02 13:36:01:047 Proceso ENVIOREDUR encontrado en tabla VDPROCESOS
02 13:36:01:054 Proceso ENVIOREDUR cargado con función interfasesalida (Librería VDINTERFASES.DLL) direccion 05F1CC80
02 13:36:01:057 PLSQL: INICIALIZADO PAQUETE DE LOG EL DIA 28-06-2022
02 13:36:01:067 Actualizado SID 131 SERIAL 45783 del proceso con PID 7356
00 13:36:01:072 Error al abrir fichero VDST.H
02 13:36:01:074 Empiezo a leer forms vdinterageredur.frm
02 13:36:01:109 Termino parse forms vdinterageredur.frm
02 13:36:01:109 Ejecutando interfase VDINTERAGEREDUR

00 13:36:42:905 Fichero de log cerrado.

00 13:44:14:624 Fichero de log abierto PID 11644

02 13:44:14:625 Intentando abrir fichero v10.ini
02 13:44:14:630 Cargando driver v10oracle funcion damedriveroracle
02 13:44:15:194 Conectado a base de datos
02 13:44:15:195 Proceso ENVIOREDUR encontrado en tabla VDPROCESOS
02 13:44:15:200 Proceso ENVIOREDUR cargado con función interfasesalida (Librería VDINTERFASES.DLL) direccion 05D8CC80
02 13:44:15:203 PLSQL: INICIALIZADO PAQUETE DE LOG EL DIA 28-06-2022
02 13:44:15:212 Actualizado SID 136 SERIAL 22867 del proceso con PID 11644
00 13:44:15:215 Error al abrir fichero VDST.H
02 13:44:15:217 Empiezo a leer forms vdinterageredur.frm
02 13:44:15:249 Termino parse forms vdinterageredur.frm
02 13:44:15:249 Ejecutando interfase VDINTERAGEREDUR
02 13:46:15:262 Empiezo a leer forms vdinterageredur.frm
02 13:46:15:280 Termino parse forms vdinterageredur.frm
02 13:46:15:280 Ejecutando interfase VDINTERAGEREDUR
02 13:48:15:314 Empiezo a leer forms vdinterageredur.frm
02 13:48:15:330 Termino parse forms vdinterageredur.frm
02 13:48:15:330 Ejecutando interfase VDINTERAGEREDUR
02 13:50:15:342 Empiezo a leer forms vdinterageredur.frm
02 13:50:15:359 Termino parse forms vdinterageredur.frm
02 13:50:15:359 Ejecutando interfase VDINTERAGEREDUR
02 13:52:15:382 Empiezo a leer forms vdinterageredur.frm
02 13:52:15:399 Termino parse forms vdinterageredur.frm
02 13:52:15:399 Ejecutando interfase VDINTERAGEREDUR
02 13:54:15:414 Empiezo a leer forms vdinterageredur.frm
02 13:54:15:430 Termino parse forms vdinterageredur.frm
02 13:54:15:430 Ejecutando interfase VDINTERAGEREDUR
02 13:56:15:454 Empiezo a leer forms vdinterageredur.frm
02 13:56:15:465 Termino parse forms vdinterageredur.frm
02 13:56:15:465 Ejecutando interfase VDINTERAGEREDUR
02 13:58:15:480 Empiezo a leer forms vdinterageredur.frm
02 13:58:15:495 Termino parse forms vdinterageredur.frm
02 13:58:15:495 Ejecutando interfase VDINTERAGEREDUR
02 14:00:15:517 Empiezo a leer forms vdinterageredur.frm
02 14:00:15:532 Termino parse forms vdinterageredur.frm
02 14:00:15:532 Ejecutando interfase VDINTERAGEREDUR
02 14:02:15:557 Empiezo a leer forms vdinterageredur.frm
02 14:02:15:564 Termino parse forms vdinterageredur.frm
02 14:02:15:564 Ejecutando interfase VDINTERAGEREDUR
02 14:04:15:572 Empiezo a leer forms vdinterageredur.frm
02 14:04:15:584 Termino parse forms vdinterageredur.frm
02 14:04:15:584 Ejecutando interfase VDINTERAGEREDUR
02 14:06:15:597 Empiezo a leer forms vdinterageredur.frm
02 14:06:15:607 Termino parse forms vdinterageredur.frm
02 14:06:15:607 Ejecutando interfase VDINTERAGEREDUR
02 14:08:15:619 Empiezo a leer forms vdinterageredur.frm
02 14:08:15:619 Termino parse forms vdinterageredur.frm
02 14:08:15:619 Ejecutando interfase VDINTERAGEREDUR
02 14:10:15:644 Empiezo a leer forms vdinterageredur.frm
02 14:10:15:659 Termino parse forms vdinterageredur.frm
02 14:10:15:659 Ejecutando interfase VDINTERAGEREDUR
02 14:12:15:672 Empiezo a leer forms vdinterageredur.frm
02 14:12:15:692 Termino parse forms vdinterageredur.frm
02 14:12:15:692 Ejecutando interfase VDINTERAGEREDUR
02 14:14:15:715 Empiezo a leer forms vdinterageredur.frm
02 14:14:15:725 Termino parse forms vdinterageredur.frm
02 14:14:15:725 Ejecutando interfase VDINTERAGEREDUR
02 14:16:15:757 Empiezo a leer forms vdinterageredur.frm
02 14:16:15:757 Termino parse forms vdinterageredur.frm
02 14:16:15:757 Ejecutando interfase VDINTERAGEREDUR
02 14:18:15:782 Empiezo a leer forms vdinterageredur.frm
02 14:18:15:782 Termino parse forms vdinterageredur.frm
02 14:18:15:782 Ejecutando interfase VDINTERAGEREDUR
02 14:20:15:807 Empiezo a leer forms vdinterageredur.frm
02 14:20:15:807 Termino parse forms vdinterageredur.frm
02 14:20:15:807 Ejecutando interfase VDINTERAGEREDUR
02 14:22:15:837 Empiezo a leer forms vdinterageredur.frm
02 14:22:15:837 Termino parse forms vdinterageredur.frm
02 14:22:15:837 Ejecutando interfase VDINTERAGEREDUR
02 14:24:15:870 Empiezo a leer forms vdinterageredur.frm
02 14:24:15:880 Termino parse forms vdinterageredur.frm
02 14:24:15:880 Ejecutando interfase VDINTERAGEREDUR
02 14:26:15:910 Empiezo a leer forms vdinterageredur.frm
02 14:26:15:927 Termino parse forms vdinterageredur.frm
02 14:26:15:927 Ejecutando interfase VDINTERAGEREDUR
02 14:28:15:947 Empiezo a leer forms vdinterageredur.frm
02 14:28:15:965 Termino parse forms vdinterageredur.frm
02 14:28:15:965 Ejecutando interfase VDINTERAGEREDUR
02 14:30:15:980 Empiezo a leer forms vdinterageredur.frm
02 14:30:15:997 Termino parse forms vdinterageredur.frm
02 14:30:15:997 Ejecutando interfase VDINTERAGEREDUR
02 14:32:16:027 Empiezo a leer forms vdinterageredur.frm
02 14:32:16:027 Termino parse forms vdinterageredur.frm
02 14:32:16:027 Ejecutando interfase VDINTERAGEREDUR
02 14:34:16:049 Empiezo a leer forms vdinterageredur.frm
02 14:34:16:065 Termino parse forms vdinterageredur.frm
02 14:34:16:065 Ejecutando interfase VDINTERAGEREDUR
02 14:36:16:089 Empiezo a leer forms vdinterageredur.frm
02 14:36:16:092 Termino parse forms vdinterageredur.frm
02 14:36:16:109 Ejecutando interfase VDINTERAGEREDUR
02 14:38:16:127 Empiezo a leer forms vdinterageredur.frm
02 14:38:16:144 Termino parse forms vdinterageredur.frm
02 14:38:16:144 Ejecutando interfase VDINTERAGEREDUR
02 14:40:16:155 Empiezo a leer forms vdinterageredur.frm
02 14:40:16:172 Termino parse forms vdinterageredur.frm
02 14:40:16:172 Ejecutando interfase VDINTERAGEREDUR
02 14:42:16:197 Empiezo a leer forms vdinterageredur.frm
02 14:42:16:214 Termino parse forms vdinterageredur.frm
02 14:42:16:214 Ejecutando interfase VDINTERAGEREDUR
02 14:44:16:230 Empiezo a leer forms vdinterageredur.frm
02 14:44:16:247 Termino parse forms vdinterageredur.frm
02 14:44:16:247 Ejecutando interfase VDINTERAGEREDUR

00 14:45:59:842 Fichero de log cerrado.

00 14:46:22:792 Fichero de log abierto PID 14672

02 14:46:22:794 Intentando abrir fichero v10.ini
02 14:46:22:800 Cargando driver v10oracle funcion damedriveroracle
02 14:46:23:625 Conectado a base de datos
02 14:46:23:625 Proceso ENVIOREDUR encontrado en tabla VDPROCESOS
02 14:46:23:632 Proceso ENVIOREDUR cargado con función interfasesalida (Librería VDINTERFASES.DLL) direccion 05B6CC80
02 14:46:23:634 PLSQL: INICIALIZADO PAQUETE DE LOG EL DIA 28-06-2022
02 14:46:23:642 Actualizado SID 752 SERIAL 64948 del proceso con PID 14672
00 14:46:23:647 Error al abrir fichero VDST.H
02 14:46:23:649 Empiezo a leer forms vdinterageredur.frm
02 14:46:23:672 Termino parse forms vdinterageredur.frm
02 14:46:23:672 Ejecutando interfase VDINTERAGEREDUR
02 14:48:23:697 Empiezo a leer forms vdinterageredur.frm
02 14:48:23:699 Termino parse forms vdinterageredur.frm
02 14:48:23:699 Ejecutando interfase VDINTERAGEREDUR
02 14:50:23:712 Empiezo a leer forms vdinterageredur.frm
02 14:50:23:727 Termino parse forms vdinterageredur.frm
02 14:50:23:727 Ejecutando interfase VDINTERAGEREDUR
02 14:52:23:752 Empiezo a leer forms vdinterageredur.frm
02 14:52:23:752 Termino parse forms vdinterageredur.frm
02 14:52:23:752 Ejecutando interfase VDINTERAGEREDUR
02 14:54:23:787 Empiezo a leer forms vdinterageredur.frm
02 14:54:23:802 Termino parse forms vdinterageredur.frm
02 14:54:23:802 Ejecutando interfase VDINTERAGEREDUR
02 14:56:23:815 Empiezo a leer forms vdinterageredur.frm
02 14:56:23:815 Termino parse forms vdinterageredur.frm
02 14:56:23:815 Ejecutando interfase VDINTERAGEREDUR
02 14:58:23:852 Empiezo a leer forms vdinterageredur.frm
02 14:58:23:852 Termino parse forms vdinterageredur.frm
02 14:58:23:852 Ejecutando interfase VDINTERAGEREDUR
02 15:00:23:877 Empiezo a leer forms vdinterageredur.frm
02 15:00:23:894 Termino parse forms vdinterageredur.frm
02 15:00:23:894 Ejecutando interfase VDINTERAGEREDUR
02 15:02:23:924 Empiezo a leer forms vdinterageredur.frm
02 15:02:23:929 Termino parse forms vdinterageredur.frm
02 15:02:23:929 Ejecutando interfase VDINTERAGEREDUR
02 15:04:23:945 Empiezo a leer forms vdinterageredur.frm
02 15:04:23:945 Termino parse forms vdinterageredur.frm
02 15:04:23:945 Ejecutando interfase VDINTERAGEREDUR
02 15:06:23:959 Empiezo a leer forms vdinterageredur.frm
02 15:06:23:970 Termino parse forms vdinterageredur.frm
02 15:06:23:970 Ejecutando interfase VDINTERAGEREDUR
02 15:08:23:995 Empiezo a leer forms vdinterageredur.frm
02 15:08:24:010 Termino parse forms vdinterageredur.frm
02 15:08:24:010 Ejecutando interfase VDINTERAGEREDUR
02 15:10:24:030 Empiezo a leer forms vdinterageredur.frm
02 15:10:24:047 Termino parse forms vdinterageredur.frm
02 15:10:24:047 Ejecutando interfase VDINTERAGEREDUR
02 15:12:24:060 Empiezo a leer forms vdinterageredur.frm
02 15:12:24:077 Termino parse forms vdinterageredur.frm
02 15:12:24:077 Ejecutando interfase VDINTERAGEREDUR
02 15:14:24:092 Empiezo a leer forms vdinterageredur.frm
02 15:14:24:110 Termino parse forms vdinterageredur.frm
02 15:14:24:110 Ejecutando interfase VDINTERAGEREDUR
02 15:16:24:130 Empiezo a leer forms vdinterageredur.frm
02 15:16:24:147 Termino parse forms vdinterageredur.frm
02 15:16:24:147 Ejecutando interfase VDINTERAGEREDUR
02 15:18:24:167 Empiezo a leer forms vdinterageredur.frm
02 15:18:24:184 Termino parse forms vdinterageredur.frm
02 15:18:24:184 Ejecutando interfase VDINTERAGEREDUR
02 15:51:50:825 Empiezo a leer forms vdinterageredur.frm
02 15:51:50:825 Termino parse forms vdinterageredur.frm
02 15:51:50:825 Ejecutando interfase VDINTERAGEREDUR
02 15:53:50:852 Empiezo a leer forms vdinterageredur.frm
02 15:53:50:862 Termino parse forms vdinterageredur.frm
02 15:53:50:862 Ejecutando interfase VDINTERAGEREDUR
02 15:55:50:872 Empiezo a leer forms vdinterageredur.frm
02 15:55:50:882 Termino parse forms vdinterageredur.frm
02 15:55:50:882 Ejecutando interfase VDINTERAGEREDUR
02 15:57:50:900 Empiezo a leer forms vdinterageredur.frm
02 15:57:50:912 Termino parse forms vdinterageredur.frm
02 15:57:50:912 Ejecutando interfase VDINTERAGEREDUR
02 15:59:50:922 Empiezo a leer forms vdinterageredur.frm
02 15:59:50:930 Termino parse forms vdinterageredur.frm
02 15:59:50:930 Ejecutando interfase VDINTERAGEREDUR
02 16:01:50:940 Empiezo a leer forms vdinterageredur.frm
02 16:01:50:952 Termino parse forms vdinterageredur.frm
02 16:01:50:954 Ejecutando interfase VDINTERAGEREDUR
02 16:03:50:977 Empiezo a leer forms vdinterageredur.frm
02 16:03:50:980 Termino parse forms vdinterageredur.frm
02 16:03:50:980 Ejecutando interfase VDINTERAGEREDUR
02 16:05:50:995 Empiezo a leer forms vdinterageredur.frm
02 16:05:51:012 Termino parse forms vdinterageredur.frm
02 16:05:51:012 Ejecutando interfase VDINTERAGEREDUR
02 16:07:51:027 Empiezo a leer forms vdinterageredur.frm
02 16:07:51:035 Termino parse forms vdinterageredur.frm
02 16:07:51:035 Ejecutando interfase VDINTERAGEREDUR
02 16:09:51:045 Empiezo a leer forms vdinterageredur.frm
02 16:09:51:055 Termino parse forms vdinterageredur.frm
02 16:09:51:055 Ejecutando interfase VDINTERAGEREDUR
02 16:11:51:072 Empiezo a leer forms vdinterageredur.frm
02 16:11:51:090 Termino parse forms vdinterageredur.frm
02 16:11:51:090 Ejecutando interfase VDINTERAGEREDUR
02 16:13:51:115 Empiezo a leer forms vdinterageredur.frm
02 16:13:51:125 Termino parse forms vdinterageredur.frm
02 16:13:51:125 Ejecutando interfase VDINTERAGEREDUR
02 16:15:51:134 Empiezo a leer forms vdinterageredur.frm
02 16:15:51:134 Termino parse forms vdinterageredur.frm
02 16:15:51:134 Ejecutando interfase VDINTERAGEREDUR
02 16:17:51:154 Empiezo a leer forms vdinterageredur.frm
02 16:17:51:167 Termino parse forms vdinterageredur.frm
02 16:17:51:167 Ejecutando interfase VDINTERAGEREDUR
02 16:19:51:182 Empiezo a leer forms vdinterageredur.frm
02 16:19:51:199 Termino parse forms vdinterageredur.frm
02 16:19:51:199 Ejecutando interfase VDINTERAGEREDUR
02 16:21:51:215 Empiezo a leer forms vdinterageredur.frm
02 16:21:51:215 Termino parse forms vdinterageredur.frm
02 16:21:51:215 Ejecutando interfase VDINTERAGEREDUR
02 16:23:51:237 Empiezo a leer forms vdinterageredur.frm
02 16:23:51:240 Termino parse forms vdinterageredur.frm
02 16:23:51:240 Ejecutando interfase VDINTERAGEREDUR
02 16:25:51:262 Empiezo a leer forms vdinterageredur.frm
02 16:25:51:280 Termino parse forms vdinterageredur.frm
02 16:25:51:280 Ejecutando interfase VDINTERAGEREDUR
02 16:27:51:305 Empiezo a leer forms vdinterageredur.frm
02 16:27:51:305 Termino parse forms vdinterageredur.frm
02 16:27:51:305 Ejecutando interfase VDINTERAGEREDUR
02 16:29:51:337 Empiezo a leer forms vdinterageredur.frm
02 16:29:51:337 Termino parse forms vdinterageredur.frm
02 16:29:51:337 Ejecutando interfase VDINTERAGEREDUR
02 16:31:51:362 Empiezo a leer forms vdinterageredur.frm
02 16:31:51:365 Termino parse forms vdinterageredur.frm
02 16:31:51:365 Ejecutando interfase VDINTERAGEREDUR
02 16:33:51:382 Empiezo a leer forms vdinterageredur.frm
02 16:33:51:400 Termino parse forms vdinterageredur.frm
02 16:33:51:400 Ejecutando interfase VDINTERAGEREDUR
02 16:35:51:417 Empiezo a leer forms vdinterageredur.frm
02 16:35:51:432 Termino parse forms vdinterageredur.frm
02 16:35:51:432 Ejecutando interfase VDINTERAGEREDUR
02 16:37:51:455 Empiezo a leer forms vdinterageredur.frm
02 16:37:51:464 Termino parse forms vdinterageredur.frm
02 16:37:51:464 Ejecutando interfase VDINTERAGEREDUR
02 16:39:51:475 Empiezo a leer forms vdinterageredur.frm
02 16:39:51:492 Termino parse forms vdinterageredur.frm
02 16:39:51:492 Ejecutando interfase VDINTERAGEREDUR
02 16:41:51:507 Empiezo a leer forms vdinterageredur.frm
02 16:41:51:512 Termino parse forms vdinterageredur.frm
02 16:41:51:512 Ejecutando interfase VDINTERAGEREDUR
02 16:43:51:545 Empiezo a leer forms vdinterageredur.frm
02 16:43:51:545 Termino parse forms vdinterageredur.frm
02 16:43:51:545 Ejecutando interfase VDINTERAGEREDUR
02 16:45:51:579 Empiezo a leer forms vdinterageredur.frm
02 16:45:51:595 Termino parse forms vdinterageredur.frm
02 16:45:51:595 Ejecutando interfase VDINTERAGEREDUR
02 16:47:51:614 Empiezo a leer forms vdinterageredur.frm
02 16:47:51:617 Termino parse forms vdinterageredur.frm
02 16:47:51:617 Ejecutando interfase VDINTERAGEREDUR
02 16:49:51:632 Empiezo a leer forms vdinterageredur.frm
02 16:49:51:647 Termino parse forms vdinterageredur.frm
02 16:49:51:647 Ejecutando interfase VDINTERAGEREDUR
02 16:51:51:677 Empiezo a leer forms vdinterageredur.frm
02 16:51:51:685 Termino parse forms vdinterageredur.frm
02 16:51:51:685 Ejecutando interfase VDINTERAGEREDUR
02 16:53:51:702 Empiezo a leer forms vdinterageredur.frm
02 16:53:51:705 Termino parse forms vdinterageredur.frm
02 16:53:51:705 Ejecutando interfase VDINTERAGEREDUR
02 16:55:51:740 Empiezo a leer forms vdinterageredur.frm
02 16:55:51:740 Termino parse forms vdinterageredur.frm
02 16:55:51:740 Ejecutando interfase VDINTERAGEREDUR
02 16:57:51:762 Empiezo a leer forms vdinterageredur.frm
02 16:57:51:777 Termino parse forms vdinterageredur.frm
02 16:57:51:777 Ejecutando interfase VDINTERAGEREDUR
02 16:59:51:790 Empiezo a leer forms vdinterageredur.frm
02 16:59:51:807 Termino parse forms vdinterageredur.frm
02 16:59:51:807 Ejecutando interfase VDINTERAGEREDUR
02 17:01:51:830 Empiezo a leer forms vdinterageredur.frm
02 17:01:51:845 Termino parse forms vdinterageredur.frm
02 17:01:51:845 Ejecutando interfase VDINTERAGEREDUR
02 17:03:51:869 Empiezo a leer forms vdinterageredur.frm
02 17:03:51:884 Termino parse forms vdinterageredur.frm
02 17:03:51:884 Ejecutando interfase VDINTERAGEREDUR
02 17:05:51:897 Empiezo a leer forms vdinterageredur.frm
02 17:05:51:914 Termino parse forms vdinterageredur.frm
02 17:05:51:915 Ejecutando interfase VDINTERAGEREDUR
02 17:07:51:935 Empiezo a leer forms vdinterageredur.frm
02 17:07:51:952 Termino parse forms vdinterageredur.frm
02 17:07:51:952 Ejecutando interfase VDINTERAGEREDUR
02 17:09:51:975 Empiezo a leer forms vdinterageredur.frm
02 17:09:51:990 Termino parse forms vdinterageredur.frm
02 17:09:51:990 Ejecutando interfase VDINTERAGEREDUR
02 17:11:52:015 Empiezo a leer forms vdinterageredur.frm
02 17:11:52:020 Termino parse forms vdinterageredur.frm
02 17:11:52:020 Ejecutando interfase VDINTERAGEREDUR
02 17:13:52:055 Empiezo a leer forms vdinterageredur.frm
02 17:13:52:072 Termino parse forms vdinterageredur.frm
02 17:13:52:072 Ejecutando interfase VDINTERAGEREDUR
02 17:15:52:087 Empiezo a leer forms vdinterageredur.frm
02 17:15:52:104 Termino parse forms vdinterageredur.frm
02 17:15:52:104 Ejecutando interfase VDINTERAGEREDUR
02 17:17:52:115 Empiezo a leer forms vdinterageredur.frm
02 17:17:52:115 Termino parse forms vdinterageredur.frm
02 17:17:52:115 Ejecutando interfase VDINTERAGEREDUR
02 17:19:52:140 Empiezo a leer forms vdinterageredur.frm
02 17:19:52:140 Termino parse forms vdinterageredur.frm
02 17:19:52:140 Ejecutando interfase VDINTERAGEREDUR
02 17:21:52:167 Empiezo a leer forms vdinterageredur.frm
02 17:21:52:167 Termino parse forms vdinterageredur.frm
02 17:21:52:167 Ejecutando interfase VDINTERAGEREDUR
02 17:23:52:190 Empiezo a leer forms vdinterageredur.frm
02 17:23:52:207 Termino parse forms vdinterageredur.frm
02 17:23:52:207 Ejecutando interfase VDINTERAGEREDUR
02 17:25:52:230 Empiezo a leer forms vdinterageredur.frm
02 17:25:52:237 Termino parse forms vdinterageredur.frm
02 17:25:52:237 Ejecutando interfase VDINTERAGEREDUR
02 17:27:52:255 Empiezo a leer forms vdinterageredur.frm
02 17:27:52:262 Termino parse forms vdinterageredur.frm
02 17:27:52:262 Ejecutando interfase VDINTERAGEREDUR
02 17:29:52:275 Empiezo a leer forms vdinterageredur.frm
02 17:29:52:285 Termino parse forms vdinterageredur.frm
02 17:29:52:285 Ejecutando interfase VDINTERAGEREDUR
02 17:31:52:302 Empiezo a leer forms vdinterageredur.frm
02 17:31:52:312 Termino parse forms vdinterageredur.frm
02 17:31:52:312 Ejecutando interfase VDINTERAGEREDUR
02 17:33:52:334 Empiezo a leer forms vdinterageredur.frm
02 17:33:52:347 Termino parse forms vdinterageredur.frm
02 17:33:52:347 Ejecutando interfase VDINTERAGEREDUR
02 17:35:52:362 Empiezo a leer forms vdinterageredur.frm
02 17:35:52:374 Termino parse forms vdinterageredur.frm
02 17:35:52:374 Ejecutando interfase VDINTERAGEREDUR
02 17:37:52:399 Empiezo a leer forms vdinterageredur.frm
02 17:37:52:399 Termino parse forms vdinterageredur.frm
02 17:37:52:399 Ejecutando interfase VDINTERAGEREDUR
02 17:39:52:417 Empiezo a leer forms vdinterageredur.frm
02 17:39:52:432 Termino parse forms vdinterageredur.frm
02 17:39:52:432 Ejecutando interfase VDINTERAGEREDUR
02 17:41:52:457 Empiezo a leer forms vdinterageredur.frm
02 17:41:52:469 Termino parse forms vdinterageredur.frm
02 17:41:52:469 Ejecutando interfase VDINTERAGEREDUR
02 17:43:52:484 Empiezo a leer forms vdinterageredur.frm
02 17:43:52:500 Termino parse forms vdinterageredur.frm
02 17:43:52:500 Ejecutando interfase VDINTERAGEREDUR
02 17:45:52:520 Empiezo a leer forms vdinterageredur.frm
02 17:45:52:535 Termino parse forms vdinterageredur.frm
02 17:45:52:535 Ejecutando interfase VDINTERAGEREDUR
02 17:47:52:544 Empiezo a leer forms vdinterageredur.frm
02 17:47:52:549 Termino parse forms vdinterageredur.frm
02 17:47:52:549 Ejecutando interfase VDINTERAGEREDUR
02 17:49:52:582 Empiezo a leer forms vdinterageredur.frm
02 17:49:52:599 Termino parse forms vdinterageredur.frm
02 17:49:52:599 Ejecutando interfase VDINTERAGEREDUR
02 17:51:52:609 Empiezo a leer forms vdinterageredur.frm
02 17:51:52:612 Termino parse forms vdinterageredur.frm
02 17:51:52:612 Ejecutando interfase VDINTERAGEREDUR
02 17:53:52:639 Empiezo a leer forms vdinterageredur.frm
02 17:53:52:655 Termino parse forms vdinterageredur.frm
02 17:53:52:655 Ejecutando interfase VDINTERAGEREDUR
02 17:55:52:674 Empiezo a leer forms vdinterageredur.frm
02 17:55:52:692 Termino parse forms vdinterageredur.frm
02 17:55:52:692 Ejecutando interfase VDINTERAGEREDUR
02 17:57:52:709 Empiezo a leer forms vdinterageredur.frm
02 17:57:52:714 Termino parse forms vdinterageredur.frm
02 17:57:52:714 Ejecutando interfase VDINTERAGEREDUR

00 17:58:49:099 Fichero de log cerrado.

