00 09:22:31:665 Fichero de log abierto PID 1608

02 09:22:31:666 Intentando abrir fichero v10.ini
02 09:22:31:671 Cargando driver v10oracle funcion damedriveroracle
02 09:22:32:166 Conectado a base de datos
02 09:22:32:167 Proceso ENVIOMOVIM encontrado en tabla VDPROCESOS
02 09:22:37:658 Proceso ENVIOMOVIM cargado con función interfasesalida (Librería VDINTERFASES.DLL) direccion 05D6CC80
02 09:22:37:662 PLSQL: INICIALIZADO PAQUETE DE LOG EL DIA 01-07-2022
02 09:22:37:678 Actualizado SID 259 SERIAL 36271 del proceso con PID 1608
00 09:22:37:683 Error al abrir fichero VDST.H
02 09:22:37:683 Empiezo a leer forms vdintermovim.frm
02 09:22:37:702 Termino parse forms vdintermovim.frm
02 09:22:37:702 Ejecutando interfase VDINTERMOVIM
02 09:24:37:710 Empiezo a leer forms vdintermovim.frm
02 09:24:37:710 Termino parse forms vdintermovim.frm
02 09:24:37:710 Ejecutando interfase VDINTERMOVIM
02 09:26:37:736 Empiezo a leer forms vdintermovim.frm
02 09:26:37:736 Termino parse forms vdintermovim.frm
02 09:26:37:736 Ejecutando interfase VDINTERMOVIM
02 09:28:37:757 Empiezo a leer forms vdintermovim.frm
02 09:28:37:757 Termino parse forms vdintermovim.frm
02 09:28:37:757 Ejecutando interfase VDINTERMOVIM
02 09:30:37:778 Empiezo a leer forms vdintermovim.frm
02 09:30:37:778 Termino parse forms vdintermovim.frm
02 09:30:37:778 Ejecutando interfase VDINTERMOVIM
02 09:32:37:801 Empiezo a leer forms vdintermovim.frm
02 09:32:37:801 Termino parse forms vdintermovim.frm
02 09:32:37:801 Ejecutando interfase VDINTERMOVIM
02 09:34:37:828 Empiezo a leer forms vdintermovim.frm
02 09:34:37:828 Termino parse forms vdintermovim.frm
02 09:34:37:828 Ejecutando interfase VDINTERMOVIM
02 09:36:37:862 Empiezo a leer forms vdintermovim.frm
02 09:36:37:862 Termino parse forms vdintermovim.frm
02 09:36:37:862 Ejecutando interfase VDINTERMOVIM
02 09:38:37:877 Empiezo a leer forms vdintermovim.frm
02 09:38:37:877 Termino parse forms vdintermovim.frm
02 09:38:37:877 Ejecutando interfase VDINTERMOVIM
02 09:40:37:898 Empiezo a leer forms vdintermovim.frm
02 09:40:37:898 Termino parse forms vdintermovim.frm
02 09:40:37:898 Ejecutando interfase VDINTERMOVIM
02 09:42:37:920 Empiezo a leer forms vdintermovim.frm
02 09:42:37:920 Termino parse forms vdintermovim.frm
02 09:42:37:920 Ejecutando interfase VDINTERMOVIM
02 09:44:37:942 Empiezo a leer forms vdintermovim.frm
02 09:44:37:942 Termino parse forms vdintermovim.frm
02 09:44:37:942 Ejecutando interfase VDINTERMOVIM
02 09:46:37:963 Empiezo a leer forms vdintermovim.frm
02 09:46:37:963 Termino parse forms vdintermovim.frm
02 09:46:37:963 Ejecutando interfase VDINTERMOVIM
02 09:48:37:990 Empiezo a leer forms vdintermovim.frm
02 09:48:37:990 Termino parse forms vdintermovim.frm
02 09:48:37:990 Ejecutando interfase VDINTERMOVIM
02 09:50:38:018 Empiezo a leer forms vdintermovim.frm
02 09:50:38:018 Termino parse forms vdintermovim.frm
02 09:50:38:018 Ejecutando interfase VDINTERMOVIM
02 09:52:38:047 Empiezo a leer forms vdintermovim.frm
02 09:52:38:047 Termino parse forms vdintermovim.frm
02 09:52:38:047 Ejecutando interfase VDINTERMOVIM
02 09:54:38:070 Empiezo a leer forms vdintermovim.frm
02 09:54:38:070 Termino parse forms vdintermovim.frm
02 09:54:38:070 Ejecutando interfase VDINTERMOVIM
02 09:56:38:097 Empiezo a leer forms vdintermovim.frm
02 09:56:38:102 Termino parse forms vdintermovim.frm
02 09:56:38:102 Ejecutando interfase VDINTERMOVIM
02 09:58:38:115 Empiezo a leer forms vdintermovim.frm
02 09:58:38:118 Termino parse forms vdintermovim.frm
02 09:58:38:118 Ejecutando interfase VDINTERMOVIM
02 10:00:38:131 Empiezo a leer forms vdintermovim.frm
02 10:00:38:131 Termino parse forms vdintermovim.frm
02 10:00:38:131 Ejecutando interfase VDINTERMOVIM
02 10:02:38:152 Empiezo a leer forms vdintermovim.frm
02 10:02:38:152 Termino parse forms vdintermovim.frm
02 10:02:38:152 Ejecutando interfase VDINTERMOVIM
02 10:04:38:172 Empiezo a leer forms vdintermovim.frm
02 10:04:38:172 Termino parse forms vdintermovim.frm
02 10:04:38:172 Ejecutando interfase VDINTERMOVIM
02 10:06:38:202 Empiezo a leer forms vdintermovim.frm
02 10:06:38:202 Termino parse forms vdintermovim.frm
02 10:06:38:202 Ejecutando interfase VDINTERMOVIM
02 10:08:38:232 Empiezo a leer forms vdintermovim.frm
02 10:08:38:232 Termino parse forms vdintermovim.frm
02 10:08:38:232 Ejecutando interfase VDINTERMOVIM
02 10:10:38:248 Empiezo a leer forms vdintermovim.frm
02 10:10:38:248 Termino parse forms vdintermovim.frm
02 10:10:38:248 Ejecutando interfase VDINTERMOVIM
02 10:12:38:277 Empiezo a leer forms vdintermovim.frm
02 10:12:38:277 Termino parse forms vdintermovim.frm
02 10:12:38:277 Ejecutando interfase VDINTERMOVIM
02 10:14:38:306 Empiezo a leer forms vdintermovim.frm
02 10:14:38:306 Termino parse forms vdintermovim.frm
02 10:14:38:306 Ejecutando interfase VDINTERMOVIM
02 10:16:38:323 Empiezo a leer forms vdintermovim.frm
02 10:16:38:323 Termino parse forms vdintermovim.frm
02 10:16:38:323 Ejecutando interfase VDINTERMOVIM
02 10:18:38:358 Empiezo a leer forms vdintermovim.frm
02 10:18:38:366 Termino parse forms vdintermovim.frm
02 10:18:38:366 Ejecutando interfase VDINTERMOVIM
02 10:20:38:387 Empiezo a leer forms vdintermovim.frm
02 10:20:38:387 Termino parse forms vdintermovim.frm
02 10:20:38:387 Ejecutando interfase VDINTERMOVIM
02 10:22:38:407 Empiezo a leer forms vdintermovim.frm
02 10:22:38:407 Termino parse forms vdintermovim.frm
02 10:22:38:407 Ejecutando interfase VDINTERMOVIM
02 10:24:38:437 Empiezo a leer forms vdintermovim.frm
02 10:24:38:437 Termino parse forms vdintermovim.frm
02 10:24:38:437 Ejecutando interfase VDINTERMOVIM
02 10:26:38:460 Empiezo a leer forms vdintermovim.frm
02 10:26:38:460 Termino parse forms vdintermovim.frm
02 10:26:38:460 Ejecutando interfase VDINTERMOVIM
02 10:28:38:477 Empiezo a leer forms vdintermovim.frm
02 10:28:38:477 Termino parse forms vdintermovim.frm
02 10:28:38:477 Ejecutando interfase VDINTERMOVIM
02 10:30:38:495 Empiezo a leer forms vdintermovim.frm
02 10:30:38:495 Termino parse forms vdintermovim.frm
02 10:30:38:495 Ejecutando interfase VDINTERMOVIM
02 10:32:38:518 Empiezo a leer forms vdintermovim.frm
02 10:32:38:518 Termino parse forms vdintermovim.frm
02 10:32:38:518 Ejecutando interfase VDINTERMOVIM
02 10:34:38:551 Empiezo a leer forms vdintermovim.frm
02 10:34:38:551 Termino parse forms vdintermovim.frm
02 10:34:38:551 Ejecutando interfase VDINTERMOVIM
02 10:36:38:575 Empiezo a leer forms vdintermovim.frm
02 10:36:38:575 Termino parse forms vdintermovim.frm
02 10:36:38:575 Ejecutando interfase VDINTERMOVIM
02 10:38:38:602 Empiezo a leer forms vdintermovim.frm
02 10:38:38:602 Termino parse forms vdintermovim.frm
02 10:38:38:602 Ejecutando interfase VDINTERMOVIM
02 10:40:38:630 Empiezo a leer forms vdintermovim.frm
02 10:40:38:630 Termino parse forms vdintermovim.frm
02 10:40:38:630 Ejecutando interfase VDINTERMOVIM
02 10:42:38:648 Empiezo a leer forms vdintermovim.frm
02 10:42:38:648 Termino parse forms vdintermovim.frm
02 10:42:38:648 Ejecutando interfase VDINTERMOVIM
02 10:44:44:318 Empiezo a leer forms vdintermovim.frm
02 10:44:44:322 Termino parse forms vdintermovim.frm
02 10:44:44:322 Ejecutando interfase VDINTERMOVIM
02 10:46:44:341 Empiezo a leer forms vdintermovim.frm
02 10:46:44:341 Termino parse forms vdintermovim.frm
02 10:46:44:341 Ejecutando interfase VDINTERMOVIM
02 10:48:44:357 Empiezo a leer forms vdintermovim.frm
02 10:48:44:363 Termino parse forms vdintermovim.frm
02 10:48:44:363 Ejecutando interfase VDINTERMOVIM
02 10:50:44:386 Empiezo a leer forms vdintermovim.frm
02 10:50:44:390 Termino parse forms vdintermovim.frm
02 10:50:44:390 Ejecutando interfase VDINTERMOVIM
02 10:52:44:408 Empiezo a leer forms vdintermovim.frm
02 10:52:44:408 Termino parse forms vdintermovim.frm
02 10:52:44:408 Ejecutando interfase VDINTERMOVIM
02 10:54:44:427 Empiezo a leer forms vdintermovim.frm
02 10:54:44:427 Termino parse forms vdintermovim.frm
02 10:54:44:427 Ejecutando interfase VDINTERMOVIM
02 10:56:44:438 Empiezo a leer forms vdintermovim.frm
02 10:56:44:438 Termino parse forms vdintermovim.frm
02 10:56:44:438 Ejecutando interfase VDINTERMOVIM
02 10:58:44:457 Empiezo a leer forms vdintermovim.frm
02 10:58:44:457 Termino parse forms vdintermovim.frm
02 10:58:44:457 Ejecutando interfase VDINTERMOVIM
02 11:00:44:468 Empiezo a leer forms vdintermovim.frm
02 11:00:44:468 Termino parse forms vdintermovim.frm
02 11:00:44:468 Ejecutando interfase VDINTERMOVIM
02 11:02:44:492 Empiezo a leer forms vdintermovim.frm
02 11:02:44:497 Termino parse forms vdintermovim.frm
02 11:02:44:498 Ejecutando interfase VDINTERMOVIM
02 11:04:44:515 Empiezo a leer forms vdintermovim.frm
02 11:04:44:520 Termino parse forms vdintermovim.frm
02 11:04:44:520 Ejecutando interfase VDINTERMOVIM
02 11:06:44:562 Empiezo a leer forms vdintermovim.frm
02 11:06:44:566 Termino parse forms vdintermovim.frm
02 11:06:44:566 Ejecutando interfase VDINTERMOVIM
02 11:08:44:583 Empiezo a leer forms vdintermovim.frm
02 11:08:44:583 Termino parse forms vdintermovim.frm
02 11:08:44:583 Ejecutando interfase VDINTERMOVIM
02 11:10:44:612 Empiezo a leer forms vdintermovim.frm
02 11:10:44:612 Termino parse forms vdintermovim.frm
02 11:10:44:612 Ejecutando interfase VDINTERMOVIM
02 11:12:44:632 Empiezo a leer forms vdintermovim.frm
02 11:12:44:632 Termino parse forms vdintermovim.frm
02 11:12:44:632 Ejecutando interfase VDINTERMOVIM
02 11:14:44:652 Empiezo a leer forms vdintermovim.frm
02 11:14:44:652 Termino parse forms vdintermovim.frm
02 11:14:44:652 Ejecutando interfase VDINTERMOVIM
02 11:34:23:237 Empiezo a leer forms vdintermovim.frm
02 11:34:23:237 Termino parse forms vdintermovim.frm
02 11:34:23:973 Ejecutando interfase VDINTERMOVIM
02 11:36:24:012 Empiezo a leer forms vdintermovim.frm
02 11:36:24:012 Termino parse forms vdintermovim.frm
02 11:36:24:012 Ejecutando interfase VDINTERMOVIM
02 11:38:24:033 Empiezo a leer forms vdintermovim.frm
02 11:38:24:037 Termino parse forms vdintermovim.frm
02 11:38:24:037 Ejecutando interfase VDINTERMOVIM
02 11:40:24:055 Empiezo a leer forms vdintermovim.frm
02 11:40:24:055 Termino parse forms vdintermovim.frm
02 11:40:24:055 Ejecutando interfase VDINTERMOVIM
02 11:42:24:080 Empiezo a leer forms vdintermovim.frm
02 11:42:24:087 Termino parse forms vdintermovim.frm
02 11:42:24:087 Ejecutando interfase VDINTERMOVIM
02 11:44:24:112 Empiezo a leer forms vdintermovim.frm
02 11:44:24:112 Termino parse forms vdintermovim.frm
02 11:44:24:112 Ejecutando interfase VDINTERMOVIM
02 11:46:24:137 Empiezo a leer forms vdintermovim.frm
02 11:46:24:140 Termino parse forms vdintermovim.frm
02 11:46:24:140 Ejecutando interfase VDINTERMOVIM
02 11:48:24:152 Empiezo a leer forms vdintermovim.frm
02 11:48:24:155 Termino parse forms vdintermovim.frm
02 11:48:24:155 Ejecutando interfase VDINTERMOVIM
02 11:50:24:179 Empiezo a leer forms vdintermovim.frm
02 11:50:24:179 Termino parse forms vdintermovim.frm
02 11:50:24:179 Ejecutando interfase VDINTERMOVIM
02 11:52:24:202 Empiezo a leer forms vdintermovim.frm
02 11:52:24:202 Termino parse forms vdintermovim.frm
02 11:52:24:202 Ejecutando interfase VDINTERMOVIM
02 11:54:24:235 Empiezo a leer forms vdintermovim.frm
02 11:54:24:242 Termino parse forms vdintermovim.frm
02 11:54:24:242 Ejecutando interfase VDINTERMOVIM
02 11:56:24:262 Empiezo a leer forms vdintermovim.frm
02 11:56:24:262 Termino parse forms vdintermovim.frm
02 11:56:24:262 Ejecutando interfase VDINTERMOVIM
02 11:58:24:285 Empiezo a leer forms vdintermovim.frm
02 11:58:24:290 Termino parse forms vdintermovim.frm
02 11:58:24:290 Ejecutando interfase VDINTERMOVIM
02 12:00:24:299 Empiezo a leer forms vdintermovim.frm
02 12:00:24:299 Termino parse forms vdintermovim.frm
02 12:00:24:299 Ejecutando interfase VDINTERMOVIM
02 12:02:24:317 Empiezo a leer forms vdintermovim.frm
02 12:02:24:317 Termino parse forms vdintermovim.frm
02 12:02:24:317 Ejecutando interfase VDINTERMOVIM
02 12:04:24:340 Empiezo a leer forms vdintermovim.frm
02 12:04:24:345 Termino parse forms vdintermovim.frm
02 12:04:24:345 Ejecutando interfase VDINTERMOVIM
02 12:06:24:367 Empiezo a leer forms vdintermovim.frm
02 12:06:24:375 Termino parse forms vdintermovim.frm
02 12:06:24:375 Ejecutando interfase VDINTERMOVIM
02 12:08:24:390 Empiezo a leer forms vdintermovim.frm
02 12:08:24:397 Termino parse forms vdintermovim.frm
02 12:08:24:397 Ejecutando interfase VDINTERMOVIM
02 12:10:24:410 Empiezo a leer forms vdintermovim.frm
02 12:10:24:410 Termino parse forms vdintermovim.frm
02 12:10:24:410 Ejecutando interfase VDINTERMOVIM
02 12:12:24:424 Empiezo a leer forms vdintermovim.frm
02 12:12:24:424 Termino parse forms vdintermovim.frm
02 12:12:24:424 Ejecutando interfase VDINTERMOVIM
02 12:14:24:450 Empiezo a leer forms vdintermovim.frm
02 12:14:24:450 Termino parse forms vdintermovim.frm
02 12:14:24:450 Ejecutando interfase VDINTERMOVIM
02 12:16:24:475 Empiezo a leer forms vdintermovim.frm
02 12:16:24:475 Termino parse forms vdintermovim.frm
02 12:16:24:475 Ejecutando interfase VDINTERMOVIM
02 12:18:24:500 Empiezo a leer forms vdintermovim.frm
02 12:18:24:500 Termino parse forms vdintermovim.frm
02 12:18:24:500 Ejecutando interfase VDINTERMOVIM
02 12:20:24:519 Empiezo a leer forms vdintermovim.frm
02 12:20:24:519 Termino parse forms vdintermovim.frm
02 12:20:24:519 Ejecutando interfase VDINTERMOVIM
02 12:22:24:547 Empiezo a leer forms vdintermovim.frm
02 12:22:24:547 Termino parse forms vdintermovim.frm
02 12:22:24:547 Ejecutando interfase VDINTERMOVIM
02 12:24:24:579 Empiezo a leer forms vdintermovim.frm
02 12:24:24:579 Termino parse forms vdintermovim.frm
02 12:24:24:579 Ejecutando interfase VDINTERMOVIM
02 12:26:24:599 Empiezo a leer forms vdintermovim.frm
02 12:26:24:599 Termino parse forms vdintermovim.frm
02 12:26:24:599 Ejecutando interfase VDINTERMOVIM
02 12:28:24:632 Empiezo a leer forms vdintermovim.frm
02 12:28:24:632 Termino parse forms vdintermovim.frm
02 12:28:24:632 Ejecutando interfase VDINTERMOVIM
02 12:30:24:650 Empiezo a leer forms vdintermovim.frm
02 12:30:24:650 Termino parse forms vdintermovim.frm
02 12:30:24:650 Ejecutando interfase VDINTERMOVIM
02 12:32:24:670 Empiezo a leer forms vdintermovim.frm
02 12:32:24:670 Termino parse forms vdintermovim.frm
02 12:32:24:670 Ejecutando interfase VDINTERMOVIM
02 12:34:24:700 Empiezo a leer forms vdintermovim.frm
02 12:34:24:700 Termino parse forms vdintermovim.frm
02 12:34:24:700 Ejecutando interfase VDINTERMOVIM
02 12:36:24:707 Empiezo a leer forms vdintermovim.frm
02 12:36:24:707 Termino parse forms vdintermovim.frm
02 12:36:24:707 Ejecutando interfase VDINTERMOVIM
02 12:38:24:730 Empiezo a leer forms vdintermovim.frm
02 12:38:24:730 Termino parse forms vdintermovim.frm
02 12:38:24:730 Ejecutando interfase VDINTERMOVIM
02 12:40:24:749 Empiezo a leer forms vdintermovim.frm
02 12:40:24:749 Termino parse forms vdintermovim.frm
02 12:40:24:749 Ejecutando interfase VDINTERMOVIM
02 12:42:24:775 Empiezo a leer forms vdintermovim.frm
02 12:42:24:775 Termino parse forms vdintermovim.frm
02 12:42:24:775 Ejecutando interfase VDINTERMOVIM
02 12:44:24:807 Empiezo a leer forms vdintermovim.frm
02 12:44:24:812 Termino parse forms vdintermovim.frm
02 12:44:24:814 Ejecutando interfase VDINTERMOVIM
02 12:46:24:834 Empiezo a leer forms vdintermovim.frm
02 12:46:24:834 Termino parse forms vdintermovim.frm
02 12:46:24:834 Ejecutando interfase VDINTERMOVIM
02 12:48:24:864 Empiezo a leer forms vdintermovim.frm
02 12:48:24:864 Termino parse forms vdintermovim.frm
02 12:48:24:864 Ejecutando interfase VDINTERMOVIM
02 12:50:24:892 Empiezo a leer forms vdintermovim.frm
02 12:50:24:892 Termino parse forms vdintermovim.frm
02 12:50:24:892 Ejecutando interfase VDINTERMOVIM
02 12:52:24:909 Empiezo a leer forms vdintermovim.frm
02 12:52:24:909 Termino parse forms vdintermovim.frm
02 12:52:24:909 Ejecutando interfase VDINTERMOVIM
02 12:54:24:932 Empiezo a leer forms vdintermovim.frm
02 12:54:24:932 Termino parse forms vdintermovim.frm
02 12:54:24:932 Ejecutando interfase VDINTERMOVIM
02 12:56:24:960 Empiezo a leer forms vdintermovim.frm
02 12:56:24:967 Termino parse forms vdintermovim.frm
02 12:56:24:967 Ejecutando interfase VDINTERMOVIM
02 12:58:24:979 Empiezo a leer forms vdintermovim.frm
02 12:58:24:985 Termino parse forms vdintermovim.frm
02 12:58:24:985 Ejecutando interfase VDINTERMOVIM
02 13:00:25:007 Empiezo a leer forms vdintermovim.frm
02 13:00:25:014 Termino parse forms vdintermovim.frm
02 13:00:25:014 Ejecutando interfase VDINTERMOVIM
02 13:02:25:027 Empiezo a leer forms vdintermovim.frm
02 13:02:25:034 Termino parse forms vdintermovim.frm
02 13:02:25:034 Ejecutando interfase VDINTERMOVIM
02 13:04:25:057 Empiezo a leer forms vdintermovim.frm
02 13:04:25:064 Termino parse forms vdintermovim.frm
02 13:04:25:065 Ejecutando interfase VDINTERMOVIM
02 13:06:25:075 Empiezo a leer forms vdintermovim.frm
02 13:06:25:080 Termino parse forms vdintermovim.frm
02 13:06:25:082 Ejecutando interfase VDINTERMOVIM
02 13:08:25:097 Empiezo a leer forms vdintermovim.frm
02 13:08:25:105 Termino parse forms vdintermovim.frm
02 13:08:25:105 Ejecutando interfase VDINTERMOVIM

00 13:10:20:349 Fichero de log cerrado.

