00 09:39:32:756 Fichero de log abierto PID 11508

02 09:39:32:757 Intentando abrir fichero v10.ini
02 09:39:32:762 Cargando driver v10oracle funcion damedriveroracle
02 09:39:33:382 Conectado a base de datos
02 09:39:33:386 Proceso ENVIOREDUR encontrado en tabla VDPROCESOS
02 09:39:45:020 Proceso ENVIOREDUR cargado con función interfasesalida (Librería VDINTERFASES.DLL) direccion 0676CC80
02 09:39:45:025 PLSQL: INICIALIZADO PAQUETE DE LOG EL DIA 06-07-2022
02 09:39:45:052 Actualizado SID 502 SERIAL 24566 del proceso con PID 11508
00 09:39:45:061 Error al abrir fichero VDST.H
02 09:39:45:073 Empiezo a leer forms vdinterageredur.frm
02 09:39:45:122 Termino parse forms vdinterageredur.frm
02 09:39:45:122 Ejecutando interfase VDINTERAGEREDUR
02 09:41:45:142 Empiezo a leer forms vdinterageredur.frm
02 09:41:45:148 Termino parse forms vdinterageredur.frm
02 09:41:45:148 Ejecutando interfase VDINTERAGEREDUR
02 09:43:45:161 Empiezo a leer forms vdinterageredur.frm
02 09:43:45:176 Termino parse forms vdinterageredur.frm
02 09:43:45:176 Ejecutando interfase VDINTERAGEREDUR
02 09:45:45:192 Empiezo a leer forms vdinterageredur.frm
02 09:45:45:205 Termino parse forms vdinterageredur.frm
02 09:45:45:205 Ejecutando interfase VDINTERAGEREDUR
02 09:47:45:220 Empiezo a leer forms vdinterageredur.frm
02 09:47:45:232 Termino parse forms vdinterageredur.frm
02 09:47:45:232 Ejecutando interfase VDINTERAGEREDUR
02 09:49:45:256 Empiezo a leer forms vdinterageredur.frm
02 09:49:45:265 Termino parse forms vdinterageredur.frm
02 09:49:45:265 Ejecutando interfase VDINTERAGEREDUR
02 09:51:45:286 Empiezo a leer forms vdinterageredur.frm
02 09:51:45:302 Termino parse forms vdinterageredur.frm
02 09:51:45:303 Ejecutando interfase VDINTERAGEREDUR
02 09:53:45:321 Empiezo a leer forms vdinterageredur.frm
02 09:53:45:338 Termino parse forms vdinterageredur.frm
02 09:53:45:338 Ejecutando interfase VDINTERAGEREDUR
02 09:55:45:360 Empiezo a leer forms vdinterageredur.frm
02 09:55:45:376 Termino parse forms vdinterageredur.frm
02 09:55:45:376 Ejecutando interfase VDINTERAGEREDUR
02 09:57:45:396 Empiezo a leer forms vdinterageredur.frm
02 09:57:45:413 Termino parse forms vdinterageredur.frm
02 09:57:45:413 Ejecutando interfase VDINTERAGEREDUR
02 09:59:45:426 Empiezo a leer forms vdinterageredur.frm
02 09:59:45:433 Termino parse forms vdinterageredur.frm
02 09:59:45:433 Ejecutando interfase VDINTERAGEREDUR
02 10:01:45:453 Empiezo a leer forms vdinterageredur.frm
02 10:01:45:462 Termino parse forms vdinterageredur.frm
02 10:01:45:462 Ejecutando interfase VDINTERAGEREDUR
02 10:03:45:478 Empiezo a leer forms vdinterageredur.frm
02 10:03:45:493 Termino parse forms vdinterageredur.frm
02 10:03:45:493 Ejecutando interfase VDINTERAGEREDUR
02 10:05:45:510 Empiezo a leer forms vdinterageredur.frm
02 10:05:45:517 Termino parse forms vdinterageredur.frm
02 10:05:45:517 Ejecutando interfase VDINTERAGEREDUR
02 10:07:45:526 Empiezo a leer forms vdinterageredur.frm
02 10:07:45:543 Termino parse forms vdinterageredur.frm
02 10:07:45:545 Ejecutando interfase VDINTERAGEREDUR
02 10:09:45:566 Empiezo a leer forms vdinterageredur.frm
02 10:09:45:582 Termino parse forms vdinterageredur.frm
02 10:09:45:582 Ejecutando interfase VDINTERAGEREDUR
02 10:11:45:606 Empiezo a leer forms vdinterageredur.frm
02 10:11:45:618 Termino parse forms vdinterageredur.frm
02 10:11:45:618 Ejecutando interfase VDINTERAGEREDUR
02 10:13:45:626 Empiezo a leer forms vdinterageredur.frm
02 10:13:45:643 Termino parse forms vdinterageredur.frm
02 10:13:45:645 Ejecutando interfase VDINTERAGEREDUR
02 10:15:45:656 Empiezo a leer forms vdinterageredur.frm
02 10:15:45:662 Termino parse forms vdinterageredur.frm
02 10:15:45:662 Ejecutando interfase VDINTERAGEREDUR
02 10:17:45:677 Empiezo a leer forms vdinterageredur.frm
02 10:17:45:688 Termino parse forms vdinterageredur.frm
02 10:17:45:690 Ejecutando interfase VDINTERAGEREDUR
02 10:19:45:697 Empiezo a leer forms vdinterageredur.frm
02 10:19:45:705 Termino parse forms vdinterageredur.frm
02 10:19:45:705 Ejecutando interfase VDINTERAGEREDUR
02 10:21:45:722 Empiezo a leer forms vdinterageredur.frm
02 10:21:45:737 Termino parse forms vdinterageredur.frm
02 10:21:45:737 Ejecutando interfase VDINTERAGEREDUR
02 10:23:45:757 Empiezo a leer forms vdinterageredur.frm
02 10:23:45:767 Termino parse forms vdinterageredur.frm
02 10:23:45:767 Ejecutando interfase VDINTERAGEREDUR
02 10:25:45:778 Empiezo a leer forms vdinterageredur.frm
02 10:25:45:796 Termino parse forms vdinterageredur.frm
02 10:25:45:797 Ejecutando interfase VDINTERAGEREDUR
02 10:27:45:810 Empiezo a leer forms vdinterageredur.frm
02 10:27:45:820 Termino parse forms vdinterageredur.frm
02 10:27:45:820 Ejecutando interfase VDINTERAGEREDUR
02 10:29:45:840 Empiezo a leer forms vdinterageredur.frm
02 10:29:45:857 Termino parse forms vdinterageredur.frm
02 10:29:45:857 Ejecutando interfase VDINTERAGEREDUR
02 10:31:45:886 Empiezo a leer forms vdinterageredur.frm
02 10:31:45:900 Termino parse forms vdinterageredur.frm
02 10:31:45:900 Ejecutando interfase VDINTERAGEREDUR
02 10:33:45:912 Empiezo a leer forms vdinterageredur.frm
02 10:33:45:923 Termino parse forms vdinterageredur.frm
02 10:33:45:923 Ejecutando interfase VDINTERAGEREDUR
02 10:35:45:932 Empiezo a leer forms vdinterageredur.frm
02 10:35:45:938 Termino parse forms vdinterageredur.frm
02 10:35:45:938 Ejecutando interfase VDINTERAGEREDUR
02 10:37:45:948 Empiezo a leer forms vdinterageredur.frm
02 10:37:45:957 Termino parse forms vdinterageredur.frm
02 10:37:45:957 Ejecutando interfase VDINTERAGEREDUR
02 10:39:45:978 Empiezo a leer forms vdinterageredur.frm
02 10:39:45:997 Termino parse forms vdinterageredur.frm
02 10:39:45:997 Ejecutando interfase VDINTERAGEREDUR
02 10:41:46:011 Empiezo a leer forms vdinterageredur.frm
02 10:41:46:022 Termino parse forms vdinterageredur.frm
02 10:41:46:022 Ejecutando interfase VDINTERAGEREDUR
02 10:43:46:040 Empiezo a leer forms vdinterageredur.frm
02 10:43:46:052 Termino parse forms vdinterageredur.frm
02 10:43:46:053 Ejecutando interfase VDINTERAGEREDUR
02 10:45:46:070 Empiezo a leer forms vdinterageredur.frm
02 10:45:46:088 Termino parse forms vdinterageredur.frm
02 10:45:46:088 Ejecutando interfase VDINTERAGEREDUR
02 10:47:46:110 Empiezo a leer forms vdinterageredur.frm
02 10:47:46:120 Termino parse forms vdinterageredur.frm
02 10:47:46:120 Ejecutando interfase VDINTERAGEREDUR
02 10:49:46:142 Empiezo a leer forms vdinterageredur.frm
02 10:49:46:152 Termino parse forms vdinterageredur.frm
02 10:49:46:152 Ejecutando interfase VDINTERAGEREDUR
02 10:51:46:167 Empiezo a leer forms vdinterageredur.frm
02 10:51:46:182 Termino parse forms vdinterageredur.frm
02 10:51:46:183 Ejecutando interfase VDINTERAGEREDUR
02 10:53:46:207 Empiezo a leer forms vdinterageredur.frm
02 10:53:46:212 Termino parse forms vdinterageredur.frm
02 10:53:46:212 Ejecutando interfase VDINTERAGEREDUR
02 10:55:46:231 Empiezo a leer forms vdinterageredur.frm
02 10:55:46:242 Termino parse forms vdinterageredur.frm
02 10:55:46:242 Ejecutando interfase VDINTERAGEREDUR
02 10:57:46:256 Empiezo a leer forms vdinterageredur.frm
02 10:57:46:271 Termino parse forms vdinterageredur.frm
02 10:57:46:271 Ejecutando interfase VDINTERAGEREDUR
02 10:59:46:297 Empiezo a leer forms vdinterageredur.frm
02 10:59:46:316 Termino parse forms vdinterageredur.frm
02 10:59:46:316 Ejecutando interfase VDINTERAGEREDUR
02 11:01:46:341 Empiezo a leer forms vdinterageredur.frm
02 11:01:46:358 Termino parse forms vdinterageredur.frm
02 11:01:46:358 Ejecutando interfase VDINTERAGEREDUR
02 11:03:46:378 Empiezo a leer forms vdinterageredur.frm
02 11:03:46:396 Termino parse forms vdinterageredur.frm
02 11:03:46:397 Ejecutando interfase VDINTERAGEREDUR
02 11:25:37:357 Empiezo a leer forms vdinterageredur.frm
02 11:25:37:372 Termino parse forms vdinterageredur.frm
02 11:25:37:373 Ejecutando interfase VDINTERAGEREDUR
02 11:27:37:396 Empiezo a leer forms vdinterageredur.frm
02 11:27:37:401 Termino parse forms vdinterageredur.frm
02 11:27:37:401 Ejecutando interfase VDINTERAGEREDUR
02 11:29:37:421 Empiezo a leer forms vdinterageredur.frm
02 11:29:37:435 Termino parse forms vdinterageredur.frm
02 11:29:37:435 Ejecutando interfase VDINTERAGEREDUR
02 11:31:37:455 Empiezo a leer forms vdinterageredur.frm
02 11:31:37:467 Termino parse forms vdinterageredur.frm
02 11:31:37:468 Ejecutando interfase VDINTERAGEREDUR
02 11:33:37:486 Empiezo a leer forms vdinterageredur.frm
02 11:33:37:502 Termino parse forms vdinterageredur.frm
02 11:33:37:502 Ejecutando interfase VDINTERAGEREDUR
02 11:35:37:518 Empiezo a leer forms vdinterageredur.frm
02 11:35:37:532 Termino parse forms vdinterageredur.frm
02 11:35:37:533 Ejecutando interfase VDINTERAGEREDUR
02 11:37:37:553 Empiezo a leer forms vdinterageredur.frm
02 11:37:37:561 Termino parse forms vdinterageredur.frm
02 11:37:37:561 Ejecutando interfase VDINTERAGEREDUR
02 11:39:37:580 Empiezo a leer forms vdinterageredur.frm
02 11:39:37:595 Termino parse forms vdinterageredur.frm
02 11:39:37:595 Ejecutando interfase VDINTERAGEREDUR
02 11:41:37:610 Empiezo a leer forms vdinterageredur.frm
02 11:41:37:625 Termino parse forms vdinterageredur.frm
02 11:41:37:625 Ejecutando interfase VDINTERAGEREDUR
02 11:43:37:647 Empiezo a leer forms vdinterageredur.frm
02 11:43:37:662 Termino parse forms vdinterageredur.frm
02 11:43:37:662 Ejecutando interfase VDINTERAGEREDUR
02 11:45:37:682 Empiezo a leer forms vdinterageredur.frm
02 11:45:37:697 Termino parse forms vdinterageredur.frm
02 11:45:37:697 Ejecutando interfase VDINTERAGEREDUR
02 11:47:37:719 Empiezo a leer forms vdinterageredur.frm
02 11:47:37:730 Termino parse forms vdinterageredur.frm
02 11:47:37:730 Ejecutando interfase VDINTERAGEREDUR
02 11:49:37:739 Empiezo a leer forms vdinterageredur.frm
02 11:49:37:755 Termino parse forms vdinterageredur.frm
02 11:49:37:755 Ejecutando interfase VDINTERAGEREDUR
02 11:51:37:772 Empiezo a leer forms vdinterageredur.frm
02 11:51:37:779 Termino parse forms vdinterageredur.frm
02 11:51:37:779 Ejecutando interfase VDINTERAGEREDUR
02 11:53:37:787 Empiezo a leer forms vdinterageredur.frm
02 11:53:37:807 Termino parse forms vdinterageredur.frm
02 11:53:37:807 Ejecutando interfase VDINTERAGEREDUR
02 11:55:37:832 Empiezo a leer forms vdinterageredur.frm
02 11:55:37:850 Termino parse forms vdinterageredur.frm
02 11:55:37:850 Ejecutando interfase VDINTERAGEREDUR
02 11:57:37:877 Empiezo a leer forms vdinterageredur.frm
02 11:57:37:890 Termino parse forms vdinterageredur.frm
02 11:57:37:890 Ejecutando interfase VDINTERAGEREDUR
02 11:59:37:899 Empiezo a leer forms vdinterageredur.frm
02 11:59:37:912 Termino parse forms vdinterageredur.frm
02 11:59:37:912 Ejecutando interfase VDINTERAGEREDUR
02 12:01:37:930 Empiezo a leer forms vdinterageredur.frm
02 12:01:37:945 Termino parse forms vdinterageredur.frm
02 12:01:37:947 Ejecutando interfase VDINTERAGEREDUR
02 12:03:37:972 Empiezo a leer forms vdinterageredur.frm
02 12:03:37:990 Termino parse forms vdinterageredur.frm
02 12:03:37:990 Ejecutando interfase VDINTERAGEREDUR
02 12:05:38:005 Empiezo a leer forms vdinterageredur.frm
02 12:05:38:020 Termino parse forms vdinterageredur.frm
02 12:05:38:020 Ejecutando interfase VDINTERAGEREDUR
02 12:07:38:037 Empiezo a leer forms vdinterageredur.frm
02 12:07:38:055 Termino parse forms vdinterageredur.frm
02 12:07:38:055 Ejecutando interfase VDINTERAGEREDUR
02 12:09:38:074 Empiezo a leer forms vdinterageredur.frm
02 12:09:38:089 Termino parse forms vdinterageredur.frm
02 12:09:38:090 Ejecutando interfase VDINTERAGEREDUR
02 12:11:38:110 Empiezo a leer forms vdinterageredur.frm
02 12:11:38:125 Termino parse forms vdinterageredur.frm
02 12:11:38:127 Ejecutando interfase VDINTERAGEREDUR
02 12:13:38:139 Empiezo a leer forms vdinterageredur.frm
02 12:13:38:150 Termino parse forms vdinterageredur.frm
02 12:13:38:150 Ejecutando interfase VDINTERAGEREDUR
02 12:15:38:157 Empiezo a leer forms vdinterageredur.frm
02 12:15:38:175 Termino parse forms vdinterageredur.frm
02 12:15:38:175 Ejecutando interfase VDINTERAGEREDUR
02 12:17:38:195 Empiezo a leer forms vdinterageredur.frm
02 12:17:38:202 Termino parse forms vdinterageredur.frm
02 12:17:38:202 Ejecutando interfase VDINTERAGEREDUR
02 12:19:38:225 Empiezo a leer forms vdinterageredur.frm
02 12:19:38:242 Termino parse forms vdinterageredur.frm
02 12:19:38:244 Ejecutando interfase VDINTERAGEREDUR
02 12:21:38:257 Empiezo a leer forms vdinterageredur.frm
02 12:21:38:262 Termino parse forms vdinterageredur.frm
02 12:21:38:264 Ejecutando interfase VDINTERAGEREDUR
02 12:23:38:280 Empiezo a leer forms vdinterageredur.frm
02 12:23:38:295 Termino parse forms vdinterageredur.frm
02 12:23:38:295 Ejecutando interfase VDINTERAGEREDUR
02 12:25:38:307 Empiezo a leer forms vdinterageredur.frm
02 12:25:38:320 Termino parse forms vdinterageredur.frm
02 12:25:38:320 Ejecutando interfase VDINTERAGEREDUR
02 12:27:38:335 Empiezo a leer forms vdinterageredur.frm
02 12:27:38:352 Termino parse forms vdinterageredur.frm
02 12:27:38:352 Ejecutando interfase VDINTERAGEREDUR
02 12:29:38:364 Empiezo a leer forms vdinterageredur.frm
02 12:29:38:375 Termino parse forms vdinterageredur.frm
02 12:29:38:375 Ejecutando interfase VDINTERAGEREDUR
02 12:31:38:390 Empiezo a leer forms vdinterageredur.frm
02 12:31:38:402 Termino parse forms vdinterageredur.frm
02 12:31:38:402 Ejecutando interfase VDINTERAGEREDUR
02 12:33:38:410 Empiezo a leer forms vdinterageredur.frm
02 12:33:38:417 Termino parse forms vdinterageredur.frm
02 12:33:38:417 Ejecutando interfase VDINTERAGEREDUR
02 12:35:38:432 Empiezo a leer forms vdinterageredur.frm
02 12:35:38:437 Termino parse forms vdinterageredur.frm
02 12:35:38:437 Ejecutando interfase VDINTERAGEREDUR
02 12:37:38:447 Empiezo a leer forms vdinterageredur.frm
02 12:37:38:457 Termino parse forms vdinterageredur.frm
02 12:37:38:457 Ejecutando interfase VDINTERAGEREDUR
02 12:39:38:480 Empiezo a leer forms vdinterageredur.frm
02 12:39:38:499 Termino parse forms vdinterageredur.frm
02 12:39:38:499 Ejecutando interfase VDINTERAGEREDUR
02 12:41:38:520 Empiezo a leer forms vdinterageredur.frm
02 12:41:38:539 Termino parse forms vdinterageredur.frm
02 12:41:38:539 Ejecutando interfase VDINTERAGEREDUR
02 12:43:38:549 Empiezo a leer forms vdinterageredur.frm
02 12:43:38:562 Termino parse forms vdinterageredur.frm
02 12:43:38:562 Ejecutando interfase VDINTERAGEREDUR
02 12:45:38:580 Empiezo a leer forms vdinterageredur.frm
02 12:45:38:595 Termino parse forms vdinterageredur.frm
02 12:45:38:595 Ejecutando interfase VDINTERAGEREDUR
02 12:47:38:607 Empiezo a leer forms vdinterageredur.frm
02 12:47:38:615 Termino parse forms vdinterageredur.frm
02 12:47:38:615 Ejecutando interfase VDINTERAGEREDUR
02 12:49:38:630 Empiezo a leer forms vdinterageredur.frm
02 12:49:38:640 Termino parse forms vdinterageredur.frm
02 12:49:38:640 Ejecutando interfase VDINTERAGEREDUR
02 12:51:38:660 Empiezo a leer forms vdinterageredur.frm
02 12:51:38:674 Termino parse forms vdinterageredur.frm
02 12:51:38:674 Ejecutando interfase VDINTERAGEREDUR
02 12:53:38:695 Empiezo a leer forms vdinterageredur.frm
02 12:53:38:710 Termino parse forms vdinterageredur.frm
02 12:53:38:712 Ejecutando interfase VDINTERAGEREDUR
02 12:55:38:720 Empiezo a leer forms vdinterageredur.frm
02 12:55:38:732 Termino parse forms vdinterageredur.frm
02 12:55:38:735 Ejecutando interfase VDINTERAGEREDUR
02 12:57:38:755 Empiezo a leer forms vdinterageredur.frm
02 12:57:38:765 Termino parse forms vdinterageredur.frm
02 12:57:38:765 Ejecutando interfase VDINTERAGEREDUR
02 12:59:38:777 Empiezo a leer forms vdinterageredur.frm
02 12:59:38:792 Termino parse forms vdinterageredur.frm
02 12:59:38:792 Ejecutando interfase VDINTERAGEREDUR
02 13:01:38:800 Empiezo a leer forms vdinterageredur.frm
02 13:01:38:812 Termino parse forms vdinterageredur.frm
02 13:01:38:812 Ejecutando interfase VDINTERAGEREDUR
02 13:03:38:827 Empiezo a leer forms vdinterageredur.frm
02 13:03:38:832 Termino parse forms vdinterageredur.frm
02 13:03:38:832 Ejecutando interfase VDINTERAGEREDUR
02 13:05:38:852 Empiezo a leer forms vdinterageredur.frm
02 13:05:38:870 Termino parse forms vdinterageredur.frm
02 13:05:38:870 Ejecutando interfase VDINTERAGEREDUR
02 13:07:38:895 Empiezo a leer forms vdinterageredur.frm
02 13:07:38:907 Termino parse forms vdinterageredur.frm
02 13:07:38:907 Ejecutando interfase VDINTERAGEREDUR
02 13:09:38:924 Empiezo a leer forms vdinterageredur.frm
02 13:09:38:935 Termino parse forms vdinterageredur.frm
02 13:09:38:935 Ejecutando interfase VDINTERAGEREDUR
02 13:11:38:955 Empiezo a leer forms vdinterageredur.frm
02 13:11:38:965 Termino parse forms vdinterageredur.frm
02 13:11:38:965 Ejecutando interfase VDINTERAGEREDUR
02 13:13:38:980 Empiezo a leer forms vdinterageredur.frm
02 13:13:39:000 Termino parse forms vdinterageredur.frm
02 13:13:39:000 Ejecutando interfase VDINTERAGEREDUR
02 13:15:39:015 Empiezo a leer forms vdinterageredur.frm
02 13:15:39:024 Termino parse forms vdinterageredur.frm
02 13:15:39:024 Ejecutando interfase VDINTERAGEREDUR
02 13:17:39:032 Empiezo a leer forms vdinterageredur.frm
02 13:17:39:049 Termino parse forms vdinterageredur.frm
02 13:17:39:050 Ejecutando interfase VDINTERAGEREDUR
02 13:19:39:074 Empiezo a leer forms vdinterageredur.frm
02 13:19:39:090 Termino parse forms vdinterageredur.frm
02 13:19:39:090 Ejecutando interfase VDINTERAGEREDUR
02 13:21:39:114 Empiezo a leer forms vdinterageredur.frm
02 13:21:39:130 Termino parse forms vdinterageredur.frm
02 13:21:39:132 Ejecutando interfase VDINTERAGEREDUR
02 13:23:39:145 Empiezo a leer forms vdinterageredur.frm
02 13:23:39:160 Termino parse forms vdinterageredur.frm
02 13:23:39:160 Ejecutando interfase VDINTERAGEREDUR
02 13:25:39:179 Empiezo a leer forms vdinterageredur.frm
02 13:25:39:197 Termino parse forms vdinterageredur.frm
02 13:25:39:197 Ejecutando interfase VDINTERAGEREDUR
02 13:27:39:212 Empiezo a leer forms vdinterageredur.frm
02 13:27:39:227 Termino parse forms vdinterageredur.frm
02 13:27:39:227 Ejecutando interfase VDINTERAGEREDUR
02 13:29:39:245 Empiezo a leer forms vdinterageredur.frm
02 13:29:39:255 Termino parse forms vdinterageredur.frm
02 13:29:39:255 Ejecutando interfase VDINTERAGEREDUR
02 13:31:39:277 Empiezo a leer forms vdinterageredur.frm
02 13:31:39:292 Termino parse forms vdinterageredur.frm
02 13:31:39:292 Ejecutando interfase VDINTERAGEREDUR
02 13:33:39:307 Empiezo a leer forms vdinterageredur.frm
02 13:33:39:325 Termino parse forms vdinterageredur.frm
02 13:33:39:327 Ejecutando interfase VDINTERAGEREDUR
02 13:35:39:344 Empiezo a leer forms vdinterageredur.frm
02 13:35:39:360 Termino parse forms vdinterageredur.frm
02 13:35:39:360 Ejecutando interfase VDINTERAGEREDUR
02 13:37:39:370 Empiezo a leer forms vdinterageredur.frm
02 13:37:39:375 Termino parse forms vdinterageredur.frm
02 13:37:39:375 Ejecutando interfase VDINTERAGEREDUR
02 13:39:39:394 Empiezo a leer forms vdinterageredur.frm
02 13:39:39:410 Termino parse forms vdinterageredur.frm
02 13:39:39:412 Ejecutando interfase VDINTERAGEREDUR
02 13:41:39:427 Empiezo a leer forms vdinterageredur.frm
02 13:41:39:445 Termino parse forms vdinterageredur.frm
02 13:41:39:445 Ejecutando interfase VDINTERAGEREDUR
02 13:43:39:465 Empiezo a leer forms vdinterageredur.frm
02 13:43:39:480 Termino parse forms vdinterageredur.frm
02 13:43:39:480 Ejecutando interfase VDINTERAGEREDUR
02 14:24:50:815 Empiezo a leer forms vdinterageredur.frm
02 14:24:50:825 Termino parse forms vdinterageredur.frm
02 14:24:50:825 Ejecutando interfase VDINTERAGEREDUR
02 14:26:50:835 Empiezo a leer forms vdinterageredur.frm
02 14:26:50:855 Termino parse forms vdinterageredur.frm
02 14:26:50:855 Ejecutando interfase VDINTERAGEREDUR
02 14:28:50:875 Empiezo a leer forms vdinterageredur.frm
02 14:28:50:887 Termino parse forms vdinterageredur.frm
02 14:28:50:889 Ejecutando interfase VDINTERAGEREDUR
02 14:30:50:900 Empiezo a leer forms vdinterageredur.frm
02 14:30:50:909 Termino parse forms vdinterageredur.frm
02 14:30:50:909 Ejecutando interfase VDINTERAGEREDUR
02 14:32:50:925 Empiezo a leer forms vdinterageredur.frm
02 14:32:50:937 Termino parse forms vdinterageredur.frm
02 14:32:50:939 Ejecutando interfase VDINTERAGEREDUR
02 14:34:50:964 Empiezo a leer forms vdinterageredur.frm
02 14:34:50:977 Termino parse forms vdinterageredur.frm
02 14:34:50:977 Ejecutando interfase VDINTERAGEREDUR
02 14:36:50:994 Empiezo a leer forms vdinterageredur.frm
02 14:36:51:010 Termino parse forms vdinterageredur.frm
02 14:36:51:010 Ejecutando interfase VDINTERAGEREDUR
02 14:38:51:029 Empiezo a leer forms vdinterageredur.frm
02 14:38:51:042 Termino parse forms vdinterageredur.frm
02 14:38:51:044 Ejecutando interfase VDINTERAGEREDUR
02 14:40:51:054 Empiezo a leer forms vdinterageredur.frm
02 14:40:51:072 Termino parse forms vdinterageredur.frm
02 14:40:51:074 Ejecutando interfase VDINTERAGEREDUR
02 14:42:51:094 Empiezo a leer forms vdinterageredur.frm
02 14:42:51:100 Termino parse forms vdinterageredur.frm
02 14:42:51:100 Ejecutando interfase VDINTERAGEREDUR
02 14:44:51:120 Empiezo a leer forms vdinterageredur.frm
02 14:44:51:137 Termino parse forms vdinterageredur.frm
02 14:44:51:137 Ejecutando interfase VDINTERAGEREDUR
02 14:46:51:152 Empiezo a leer forms vdinterageredur.frm
02 14:46:51:157 Termino parse forms vdinterageredur.frm
02 14:46:51:157 Ejecutando interfase VDINTERAGEREDUR
02 14:48:51:177 Empiezo a leer forms vdinterageredur.frm
02 14:48:51:195 Termino parse forms vdinterageredur.frm
02 14:48:51:197 Ejecutando interfase VDINTERAGEREDUR
02 14:50:51:222 Empiezo a leer forms vdinterageredur.frm
02 14:50:51:227 Termino parse forms vdinterageredur.frm
02 14:50:51:227 Ejecutando interfase VDINTERAGEREDUR
02 14:52:51:237 Empiezo a leer forms vdinterageredur.frm
02 14:52:51:250 Termino parse forms vdinterageredur.frm
02 14:52:51:250 Ejecutando interfase VDINTERAGEREDUR
02 14:54:51:265 Empiezo a leer forms vdinterageredur.frm
02 14:54:51:282 Termino parse forms vdinterageredur.frm
02 14:54:51:282 Ejecutando interfase VDINTERAGEREDUR
02 14:56:51:307 Empiezo a leer forms vdinterageredur.frm
02 14:56:51:324 Termino parse forms vdinterageredur.frm
02 14:56:51:324 Ejecutando interfase VDINTERAGEREDUR
02 14:58:51:335 Empiezo a leer forms vdinterageredur.frm
02 14:58:51:352 Termino parse forms vdinterageredur.frm
02 14:58:51:352 Ejecutando interfase VDINTERAGEREDUR
02 15:00:51:362 Empiezo a leer forms vdinterageredur.frm
02 15:00:51:370 Termino parse forms vdinterageredur.frm
02 15:00:51:370 Ejecutando interfase VDINTERAGEREDUR
02 15:02:51:380 Empiezo a leer forms vdinterageredur.frm
02 15:02:51:394 Termino parse forms vdinterageredur.frm
02 15:02:51:394 Ejecutando interfase VDINTERAGEREDUR
02 15:04:51:405 Empiezo a leer forms vdinterageredur.frm
02 15:04:51:415 Termino parse forms vdinterageredur.frm
02 15:04:51:415 Ejecutando interfase VDINTERAGEREDUR
02 15:06:51:437 Empiezo a leer forms vdinterageredur.frm
02 15:06:51:447 Termino parse forms vdinterageredur.frm
02 15:06:51:447 Ejecutando interfase VDINTERAGEREDUR
02 15:08:51:467 Empiezo a leer forms vdinterageredur.frm
02 15:08:51:484 Termino parse forms vdinterageredur.frm
02 15:08:51:484 Ejecutando interfase VDINTERAGEREDUR
02 15:10:51:500 Empiezo a leer forms vdinterageredur.frm
02 15:10:51:507 Termino parse forms vdinterageredur.frm
02 15:10:51:509 Ejecutando interfase VDINTERAGEREDUR
02 15:12:51:530 Empiezo a leer forms vdinterageredur.frm
02 15:12:51:540 Termino parse forms vdinterageredur.frm
02 15:12:51:540 Ejecutando interfase VDINTERAGEREDUR
02 15:14:51:557 Empiezo a leer forms vdinterageredur.frm
02 15:14:51:572 Termino parse forms vdinterageredur.frm
02 15:14:51:572 Ejecutando interfase VDINTERAGEREDUR
02 15:43:54:465 Empiezo a leer forms vdinterageredur.frm
02 15:43:54:475 Termino parse forms vdinterageredur.frm
02 15:43:54:475 Ejecutando interfase VDINTERAGEREDUR
02 15:45:54:484 Empiezo a leer forms vdinterageredur.frm
02 15:45:54:497 Termino parse forms vdinterageredur.frm
02 15:45:54:497 Ejecutando interfase VDINTERAGEREDUR
02 15:47:54:514 Empiezo a leer forms vdinterageredur.frm
02 15:47:54:530 Termino parse forms vdinterageredur.frm
02 15:47:54:530 Ejecutando interfase VDINTERAGEREDUR
02 15:49:54:552 Empiezo a leer forms vdinterageredur.frm
02 15:49:54:570 Termino parse forms vdinterageredur.frm
02 15:49:54:570 Ejecutando interfase VDINTERAGEREDUR
02 15:51:54:595 Empiezo a leer forms vdinterageredur.frm
02 15:51:54:605 Termino parse forms vdinterageredur.frm
02 15:51:54:605 Ejecutando interfase VDINTERAGEREDUR
02 15:53:54:625 Empiezo a leer forms vdinterageredur.frm
02 15:53:54:630 Termino parse forms vdinterageredur.frm
02 15:53:54:630 Ejecutando interfase VDINTERAGEREDUR
02 15:55:54:640 Empiezo a leer forms vdinterageredur.frm
02 15:55:54:655 Termino parse forms vdinterageredur.frm
02 15:55:54:657 Ejecutando interfase VDINTERAGEREDUR
02 15:57:54:672 Empiezo a leer forms vdinterageredur.frm
02 15:57:54:679 Termino parse forms vdinterageredur.frm
02 15:57:54:679 Ejecutando interfase VDINTERAGEREDUR
02 15:59:54:690 Empiezo a leer forms vdinterageredur.frm
02 15:59:54:702 Termino parse forms vdinterageredur.frm
02 15:59:54:702 Ejecutando interfase VDINTERAGEREDUR
02 16:01:54:720 Empiezo a leer forms vdinterageredur.frm
02 16:01:54:730 Termino parse forms vdinterageredur.frm
02 16:01:54:730 Ejecutando interfase VDINTERAGEREDUR
02 16:03:54:745 Empiezo a leer forms vdinterageredur.frm
02 16:03:54:755 Termino parse forms vdinterageredur.frm
02 16:03:54:755 Ejecutando interfase VDINTERAGEREDUR
02 16:05:54:769 Empiezo a leer forms vdinterageredur.frm
02 16:05:54:784 Termino parse forms vdinterageredur.frm
02 16:05:54:784 Ejecutando interfase VDINTERAGEREDUR
02 16:07:54:794 Empiezo a leer forms vdinterageredur.frm
02 16:07:54:805 Termino parse forms vdinterageredur.frm
02 16:07:54:805 Ejecutando interfase VDINTERAGEREDUR
02 16:09:54:817 Empiezo a leer forms vdinterageredur.frm
02 16:09:54:825 Termino parse forms vdinterageredur.frm
02 16:09:54:825 Ejecutando interfase VDINTERAGEREDUR
02 16:11:54:840 Empiezo a leer forms vdinterageredur.frm
02 16:11:54:859 Termino parse forms vdinterageredur.frm
02 16:11:54:859 Ejecutando interfase VDINTERAGEREDUR
02 16:13:54:870 Empiezo a leer forms vdinterageredur.frm
02 16:13:54:887 Termino parse forms vdinterageredur.frm
02 16:13:54:887 Ejecutando interfase VDINTERAGEREDUR
02 16:15:54:910 Empiezo a leer forms vdinterageredur.frm
02 16:15:54:927 Termino parse forms vdinterageredur.frm
02 16:15:54:927 Ejecutando interfase VDINTERAGEREDUR
02 16:17:54:947 Empiezo a leer forms vdinterageredur.frm
02 16:17:54:964 Termino parse forms vdinterageredur.frm
02 16:17:54:964 Ejecutando interfase VDINTERAGEREDUR
02 16:19:54:985 Empiezo a leer forms vdinterageredur.frm
02 16:19:55:002 Termino parse forms vdinterageredur.frm
02 16:19:55:002 Ejecutando interfase VDINTERAGEREDUR
02 16:21:55:017 Empiezo a leer forms vdinterageredur.frm
02 16:21:55:025 Termino parse forms vdinterageredur.frm
02 16:21:55:025 Ejecutando interfase VDINTERAGEREDUR
02 16:23:55:037 Empiezo a leer forms vdinterageredur.frm
02 16:23:55:052 Termino parse forms vdinterageredur.frm
02 16:23:55:052 Ejecutando interfase VDINTERAGEREDUR
02 16:25:55:070 Empiezo a leer forms vdinterageredur.frm
02 16:25:55:089 Termino parse forms vdinterageredur.frm
02 16:25:55:089 Ejecutando interfase VDINTERAGEREDUR
02 16:27:55:105 Empiezo a leer forms vdinterageredur.frm
02 16:27:55:120 Termino parse forms vdinterageredur.frm
02 16:27:55:120 Ejecutando interfase VDINTERAGEREDUR
02 16:29:55:130 Empiezo a leer forms vdinterageredur.frm
02 16:29:55:142 Termino parse forms vdinterageredur.frm
02 16:29:55:142 Ejecutando interfase VDINTERAGEREDUR
02 16:31:55:155 Empiezo a leer forms vdinterageredur.frm
02 16:31:55:174 Termino parse forms vdinterageredur.frm
02 16:31:55:174 Ejecutando interfase VDINTERAGEREDUR
02 16:33:55:199 Empiezo a leer forms vdinterageredur.frm
02 16:33:55:217 Termino parse forms vdinterageredur.frm
02 16:33:55:217 Ejecutando interfase VDINTERAGEREDUR
02 16:35:55:232 Empiezo a leer forms vdinterageredur.frm
02 16:35:55:245 Termino parse forms vdinterageredur.frm
02 16:35:55:245 Ejecutando interfase VDINTERAGEREDUR
02 16:37:55:257 Empiezo a leer forms vdinterageredur.frm
02 16:37:55:265 Termino parse forms vdinterageredur.frm
02 16:37:55:265 Ejecutando interfase VDINTERAGEREDUR
02 16:39:55:282 Empiezo a leer forms vdinterageredur.frm
02 16:39:55:297 Termino parse forms vdinterageredur.frm
02 16:39:55:297 Ejecutando interfase VDINTERAGEREDUR
02 16:41:55:312 Empiezo a leer forms vdinterageredur.frm
02 16:41:55:322 Termino parse forms vdinterageredur.frm
02 16:41:55:322 Ejecutando interfase VDINTERAGEREDUR
02 16:43:55:337 Empiezo a leer forms vdinterageredur.frm
02 16:43:55:347 Termino parse forms vdinterageredur.frm
02 16:43:55:347 Ejecutando interfase VDINTERAGEREDUR
02 16:45:55:370 Empiezo a leer forms vdinterageredur.frm
02 16:45:55:377 Termino parse forms vdinterageredur.frm
02 16:45:55:377 Ejecutando interfase VDINTERAGEREDUR
02 16:47:55:399 Empiezo a leer forms vdinterageredur.frm
02 16:47:55:410 Termino parse forms vdinterageredur.frm
02 16:47:55:412 Ejecutando interfase VDINTERAGEREDUR
02 16:49:55:425 Empiezo a leer forms vdinterageredur.frm
02 16:49:55:439 Termino parse forms vdinterageredur.frm
02 16:49:55:439 Ejecutando interfase VDINTERAGEREDUR
02 16:51:55:457 Empiezo a leer forms vdinterageredur.frm
02 16:51:55:472 Termino parse forms vdinterageredur.frm
02 16:51:55:472 Ejecutando interfase VDINTERAGEREDUR
02 16:53:55:487 Empiezo a leer forms vdinterageredur.frm
02 16:53:55:507 Termino parse forms vdinterageredur.frm
02 16:53:55:507 Ejecutando interfase VDINTERAGEREDUR
02 16:55:55:524 Empiezo a leer forms vdinterageredur.frm
02 16:55:55:539 Termino parse forms vdinterageredur.frm
02 16:55:55:539 Ejecutando interfase VDINTERAGEREDUR
02 16:57:55:560 Empiezo a leer forms vdinterageredur.frm
02 16:57:55:579 Termino parse forms vdinterageredur.frm
02 16:57:55:579 Ejecutando interfase VDINTERAGEREDUR
02 16:59:55:605 Empiezo a leer forms vdinterageredur.frm
02 16:59:55:622 Termino parse forms vdinterageredur.frm
02 16:59:55:622 Ejecutando interfase VDINTERAGEREDUR
02 17:01:55:637 Empiezo a leer forms vdinterageredur.frm
02 17:01:55:652 Termino parse forms vdinterageredur.frm
02 17:01:55:652 Ejecutando interfase VDINTERAGEREDUR
02 17:03:55:667 Empiezo a leer forms vdinterageredur.frm
02 17:03:55:684 Termino parse forms vdinterageredur.frm
02 17:03:55:684 Ejecutando interfase VDINTERAGEREDUR
02 17:05:55:697 Empiezo a leer forms vdinterageredur.frm
02 17:05:55:705 Termino parse forms vdinterageredur.frm
02 17:05:55:705 Ejecutando interfase VDINTERAGEREDUR
02 17:07:55:714 Empiezo a leer forms vdinterageredur.frm
02 17:07:55:727 Termino parse forms vdinterageredur.frm
02 17:07:55:727 Ejecutando interfase VDINTERAGEREDUR
02 17:09:55:749 Empiezo a leer forms vdinterageredur.frm
02 17:09:55:755 Termino parse forms vdinterageredur.frm
02 17:09:55:755 Ejecutando interfase VDINTERAGEREDUR

00 17:10:24:224 Fichero de log cerrado.

