00 09:10:30:510 Fichero de log abierto PID 13692

02 09:10:30:512 Intentando abrir fichero v10.ini
02 09:10:30:517 Cargando driver v10oracle funcion damedriveroracle
02 09:10:30:951 Conectado a base de datos
02 09:10:30:952 Proceso ENVIOREDUR encontrado en tabla VDPROCESOS
02 09:10:30:982 Proceso ENVIOREDUR cargado con función interfasesalida (Librería VDINTERFASES.DLL) direccion 065FCC80
02 09:10:30:985 PLSQL: INICIALIZADO PAQUETE DE LOG EL DIA 06-04-2022
02 09:10:30:997 Actualizado SID 13 SERIAL 54689 del proceso con PID 13692
00 09:10:31:002 Error al abrir fichero VDST.H
02 09:10:31:012 Empiezo a leer forms vdinterageredur.frm
02 09:10:31:047 Termino parse forms vdinterageredur.frm
02 09:10:31:047 Ejecutando interfase VDINTERAGEREDUR
02 09:12:31:063 Empiezo a leer forms vdinterageredur.frm
02 09:12:31:070 Termino parse forms vdinterageredur.frm
02 09:12:31:070 Ejecutando interfase VDINTERAGEREDUR
02 09:14:31:082 Empiezo a leer forms vdinterageredur.frm
02 09:14:31:096 Termino parse forms vdinterageredur.frm
02 09:14:31:096 Ejecutando interfase VDINTERAGEREDUR
02 09:16:31:116 Empiezo a leer forms vdinterageredur.frm
02 09:16:31:131 Termino parse forms vdinterageredur.frm
02 09:16:31:131 Ejecutando interfase VDINTERAGEREDUR
02 09:18:31:138 Empiezo a leer forms vdinterageredur.frm
02 09:18:31:147 Termino parse forms vdinterageredur.frm
02 09:18:31:147 Ejecutando interfase VDINTERAGEREDUR
02 09:20:31:167 Empiezo a leer forms vdinterageredur.frm
02 09:20:31:177 Termino parse forms vdinterageredur.frm
02 09:20:31:177 Ejecutando interfase VDINTERAGEREDUR
02 09:22:31:191 Empiezo a leer forms vdinterageredur.frm
02 09:22:31:205 Termino parse forms vdinterageredur.frm
02 09:22:31:205 Ejecutando interfase VDINTERAGEREDUR
02 09:24:31:216 Empiezo a leer forms vdinterageredur.frm
02 09:24:31:225 Termino parse forms vdinterageredur.frm
02 09:24:31:226 Ejecutando interfase VDINTERAGEREDUR
02 09:26:31:246 Empiezo a leer forms vdinterageredur.frm
02 09:26:31:260 Termino parse forms vdinterageredur.frm
02 09:26:31:261 Ejecutando interfase VDINTERAGEREDUR
02 09:28:31:282 Empiezo a leer forms vdinterageredur.frm
02 09:28:31:291 Termino parse forms vdinterageredur.frm
02 09:28:31:291 Ejecutando interfase VDINTERAGEREDUR
02 09:30:31:311 Empiezo a leer forms vdinterageredur.frm
02 09:30:31:326 Termino parse forms vdinterageredur.frm
02 09:30:31:327 Ejecutando interfase VDINTERAGEREDUR
02 09:32:31:343 Empiezo a leer forms vdinterageredur.frm
02 09:32:31:357 Termino parse forms vdinterageredur.frm
02 09:32:31:357 Ejecutando interfase VDINTERAGEREDUR
02 09:34:31:373 Empiezo a leer forms vdinterageredur.frm
02 09:34:31:387 Termino parse forms vdinterageredur.frm
02 09:34:31:387 Ejecutando interfase VDINTERAGEREDUR
02 09:36:31:405 Empiezo a leer forms vdinterageredur.frm
02 09:36:31:417 Termino parse forms vdinterageredur.frm
02 09:36:31:417 Ejecutando interfase VDINTERAGEREDUR
02 09:38:31:437 Empiezo a leer forms vdinterageredur.frm
02 09:38:31:446 Termino parse forms vdinterageredur.frm
02 09:38:31:446 Ejecutando interfase VDINTERAGEREDUR
02 09:40:31:458 Empiezo a leer forms vdinterageredur.frm
02 09:40:31:465 Termino parse forms vdinterageredur.frm
02 09:40:31:465 Ejecutando interfase VDINTERAGEREDUR
02 09:42:31:482 Empiezo a leer forms vdinterageredur.frm
02 09:42:31:492 Termino parse forms vdinterageredur.frm
02 09:42:31:492 Ejecutando interfase VDINTERAGEREDUR
02 09:44:31:505 Empiezo a leer forms vdinterageredur.frm
02 09:44:31:520 Termino parse forms vdinterageredur.frm
02 09:44:31:520 Ejecutando interfase VDINTERAGEREDUR
02 09:46:31:540 Empiezo a leer forms vdinterageredur.frm
02 09:46:31:552 Termino parse forms vdinterageredur.frm
02 09:46:31:552 Ejecutando interfase VDINTERAGEREDUR
02 09:48:31:562 Empiezo a leer forms vdinterageredur.frm
02 09:48:31:572 Termino parse forms vdinterageredur.frm
02 09:48:31:572 Ejecutando interfase VDINTERAGEREDUR
02 09:50:31:582 Empiezo a leer forms vdinterageredur.frm
02 09:50:31:593 Termino parse forms vdinterageredur.frm
02 09:50:31:593 Ejecutando interfase VDINTERAGEREDUR

00 09:52:22:432 Fichero de log cerrado.

00 09:52:39:477 Fichero de log abierto PID 13956

02 09:52:39:478 Intentando abrir fichero v10.ini
02 09:52:39:487 Cargando driver v10oracle funcion damedriveroracle
02 09:52:40:191 Conectado a base de datos
02 09:52:40:192 Proceso ENVIOREDUR encontrado en tabla VDPROCESOS
02 09:52:40:200 Proceso ENVIOREDUR cargado con función interfasesalida (Librería VDINTERFASES.DLL) direccion 066BCC80
02 09:52:40:202 PLSQL: INICIALIZADO PAQUETE DE LOG EL DIA 06-04-2022
02 09:52:40:215 Actualizado SID 871 SERIAL 16879 del proceso con PID 13956
00 09:52:40:221 Error al abrir fichero VDST.H
02 09:52:40:222 Empiezo a leer forms vdinterageredur.frm
02 09:52:40:270 Termino parse forms vdinterageredur.frm
02 09:52:40:271 Ejecutando interfase VDINTERAGEREDUR
02 09:54:40:285 Empiezo a leer forms vdinterageredur.frm
02 09:54:40:303 Termino parse forms vdinterageredur.frm
02 09:54:40:305 Ejecutando interfase VDINTERAGEREDUR
02 09:56:40:325 Empiezo a leer forms vdinterageredur.frm
02 09:56:40:332 Termino parse forms vdinterageredur.frm
02 09:56:40:333 Ejecutando interfase VDINTERAGEREDUR
02 09:58:40:350 Empiezo a leer forms vdinterageredur.frm
02 09:58:40:357 Termino parse forms vdinterageredur.frm
02 09:58:40:357 Ejecutando interfase VDINTERAGEREDUR
02 10:00:40:376 Empiezo a leer forms vdinterageredur.frm
02 10:00:40:396 Termino parse forms vdinterageredur.frm
02 10:00:40:396 Ejecutando interfase VDINTERAGEREDUR
02 10:02:40:416 Empiezo a leer forms vdinterageredur.frm
02 10:02:40:431 Termino parse forms vdinterageredur.frm
02 10:02:40:431 Ejecutando interfase VDINTERAGEREDUR
02 10:04:40:446 Empiezo a leer forms vdinterageredur.frm
02 10:04:40:465 Termino parse forms vdinterageredur.frm
02 10:04:40:466 Ejecutando interfase VDINTERAGEREDUR
02 10:06:40:483 Empiezo a leer forms vdinterageredur.frm
02 10:06:40:500 Termino parse forms vdinterageredur.frm
02 10:06:40:500 Ejecutando interfase VDINTERAGEREDUR
02 10:08:40:518 Empiezo a leer forms vdinterageredur.frm
02 10:08:40:532 Termino parse forms vdinterageredur.frm
02 10:08:40:532 Ejecutando interfase VDINTERAGEREDUR
02 10:10:40:551 Empiezo a leer forms vdinterageredur.frm
02 10:10:40:560 Termino parse forms vdinterageredur.frm
02 10:10:40:560 Ejecutando interfase VDINTERAGEREDUR
02 10:12:40:568 Empiezo a leer forms vdinterageredur.frm
02 10:12:40:577 Termino parse forms vdinterageredur.frm
02 10:12:40:577 Ejecutando interfase VDINTERAGEREDUR
02 10:14:40:597 Empiezo a leer forms vdinterageredur.frm
02 10:14:40:607 Termino parse forms vdinterageredur.frm
02 10:14:40:607 Ejecutando interfase VDINTERAGEREDUR
02 10:16:40:617 Empiezo a leer forms vdinterageredur.frm
02 10:16:40:622 Termino parse forms vdinterageredur.frm
02 10:16:40:625 Ejecutando interfase VDINTERAGEREDUR
02 10:18:40:632 Empiezo a leer forms vdinterageredur.frm
02 10:18:40:641 Termino parse forms vdinterageredur.frm
02 10:18:40:641 Ejecutando interfase VDINTERAGEREDUR
02 10:20:40:653 Empiezo a leer forms vdinterageredur.frm
02 10:20:40:660 Termino parse forms vdinterageredur.frm
02 10:20:40:661 Ejecutando interfase VDINTERAGEREDUR
02 10:22:40:672 Empiezo a leer forms vdinterageredur.frm
02 10:22:40:683 Termino parse forms vdinterageredur.frm
02 10:22:40:683 Ejecutando interfase VDINTERAGEREDUR
02 10:24:40:705 Empiezo a leer forms vdinterageredur.frm
02 10:24:40:715 Termino parse forms vdinterageredur.frm
02 10:24:40:715 Ejecutando interfase VDINTERAGEREDUR
02 10:26:40:727 Empiezo a leer forms vdinterageredur.frm
02 10:26:40:741 Termino parse forms vdinterageredur.frm
02 10:26:40:741 Ejecutando interfase VDINTERAGEREDUR
02 10:28:40:758 Empiezo a leer forms vdinterageredur.frm
02 10:28:40:767 Termino parse forms vdinterageredur.frm
02 10:28:40:767 Ejecutando interfase VDINTERAGEREDUR
02 10:30:40:776 Empiezo a leer forms vdinterageredur.frm
02 10:30:40:783 Termino parse forms vdinterageredur.frm
02 10:30:40:785 Ejecutando interfase VDINTERAGEREDUR
02 10:32:40:802 Empiezo a leer forms vdinterageredur.frm
02 10:32:40:812 Termino parse forms vdinterageredur.frm
02 10:32:40:812 Ejecutando interfase VDINTERAGEREDUR
02 10:34:40:831 Empiezo a leer forms vdinterageredur.frm
02 10:34:40:841 Termino parse forms vdinterageredur.frm
02 10:34:40:842 Ejecutando interfase VDINTERAGEREDUR
02 10:36:40:863 Empiezo a leer forms vdinterageredur.frm
02 10:36:40:873 Termino parse forms vdinterageredur.frm
02 10:36:40:873 Ejecutando interfase VDINTERAGEREDUR
02 10:38:40:880 Empiezo a leer forms vdinterageredur.frm
02 10:38:40:888 Termino parse forms vdinterageredur.frm
02 10:38:40:888 Ejecutando interfase VDINTERAGEREDUR
02 10:40:40:900 Empiezo a leer forms vdinterageredur.frm
02 10:40:40:908 Termino parse forms vdinterageredur.frm
02 10:40:40:908 Ejecutando interfase VDINTERAGEREDUR
02 10:42:40:925 Empiezo a leer forms vdinterageredur.frm
02 10:42:40:932 Termino parse forms vdinterageredur.frm
02 10:42:40:932 Ejecutando interfase VDINTERAGEREDUR
02 10:44:40:940 Empiezo a leer forms vdinterageredur.frm
02 10:44:40:952 Termino parse forms vdinterageredur.frm
02 10:44:40:952 Ejecutando interfase VDINTERAGEREDUR
02 10:46:40:977 Empiezo a leer forms vdinterageredur.frm
02 10:46:40:988 Termino parse forms vdinterageredur.frm
02 10:46:40:990 Ejecutando interfase VDINTERAGEREDUR
02 10:48:41:007 Empiezo a leer forms vdinterageredur.frm
02 10:48:41:020 Termino parse forms vdinterageredur.frm
02 10:48:41:020 Ejecutando interfase VDINTERAGEREDUR
02 10:50:41:030 Empiezo a leer forms vdinterageredur.frm
02 10:50:41:037 Termino parse forms vdinterageredur.frm
02 10:50:41:037 Ejecutando interfase VDINTERAGEREDUR
02 10:52:41:052 Empiezo a leer forms vdinterageredur.frm
02 10:52:41:063 Termino parse forms vdinterageredur.frm
02 10:52:41:063 Ejecutando interfase VDINTERAGEREDUR
02 10:54:41:087 Empiezo a leer forms vdinterageredur.frm
02 10:54:41:096 Termino parse forms vdinterageredur.frm
02 10:54:41:096 Ejecutando interfase VDINTERAGEREDUR
02 10:56:41:115 Empiezo a leer forms vdinterageredur.frm
02 10:56:41:128 Termino parse forms vdinterageredur.frm
02 10:56:41:128 Ejecutando interfase VDINTERAGEREDUR
02 10:58:41:151 Empiezo a leer forms vdinterageredur.frm
02 10:58:41:157 Termino parse forms vdinterageredur.frm
02 10:58:41:157 Ejecutando interfase VDINTERAGEREDUR
02 11:00:41:181 Empiezo a leer forms vdinterageredur.frm
02 11:00:41:192 Termino parse forms vdinterageredur.frm
02 11:00:41:192 Ejecutando interfase VDINTERAGEREDUR
02 11:02:41:213 Empiezo a leer forms vdinterageredur.frm
02 11:02:41:230 Termino parse forms vdinterageredur.frm
02 11:02:41:230 Ejecutando interfase VDINTERAGEREDUR
02 11:04:41:257 Empiezo a leer forms vdinterageredur.frm
02 11:04:41:277 Termino parse forms vdinterageredur.frm
02 11:04:41:278 Ejecutando interfase VDINTERAGEREDUR
02 11:06:41:303 Empiezo a leer forms vdinterageredur.frm
02 11:06:41:318 Termino parse forms vdinterageredur.frm
02 11:06:41:318 Ejecutando interfase VDINTERAGEREDUR
02 11:08:41:328 Empiezo a leer forms vdinterageredur.frm
02 11:08:41:338 Termino parse forms vdinterageredur.frm
02 11:08:41:340 Ejecutando interfase VDINTERAGEREDUR
02 11:10:41:363 Empiezo a leer forms vdinterageredur.frm
02 11:10:41:377 Termino parse forms vdinterageredur.frm
02 11:10:41:377 Ejecutando interfase VDINTERAGEREDUR
02 11:12:41:387 Empiezo a leer forms vdinterageredur.frm
02 11:12:41:397 Termino parse forms vdinterageredur.frm
02 11:12:41:397 Ejecutando interfase VDINTERAGEREDUR
02 11:14:41:411 Empiezo a leer forms vdinterageredur.frm
02 11:14:41:417 Termino parse forms vdinterageredur.frm
02 11:14:41:418 Ejecutando interfase VDINTERAGEREDUR
02 11:16:41:428 Empiezo a leer forms vdinterageredur.frm
02 11:16:41:436 Termino parse forms vdinterageredur.frm
02 11:16:41:436 Ejecutando interfase VDINTERAGEREDUR
02 11:18:41:453 Empiezo a leer forms vdinterageredur.frm
02 11:18:41:465 Termino parse forms vdinterageredur.frm
02 11:18:41:465 Ejecutando interfase VDINTERAGEREDUR
02 11:20:41:476 Empiezo a leer forms vdinterageredur.frm
02 11:20:41:492 Termino parse forms vdinterageredur.frm
02 11:20:41:492 Ejecutando interfase VDINTERAGEREDUR
02 11:22:41:507 Empiezo a leer forms vdinterageredur.frm
02 11:22:41:521 Termino parse forms vdinterageredur.frm
02 11:22:41:522 Ejecutando interfase VDINTERAGEREDUR
02 11:42:15:000 Empiezo a leer forms vdinterageredur.frm
02 11:42:15:017 Termino parse forms vdinterageredur.frm
02 11:42:15:772 Ejecutando interfase VDINTERAGEREDUR
02 11:44:15:815 Empiezo a leer forms vdinterageredur.frm
02 11:44:15:824 Termino parse forms vdinterageredur.frm
02 11:44:15:824 Ejecutando interfase VDINTERAGEREDUR
02 11:46:15:845 Empiezo a leer forms vdinterageredur.frm
02 11:46:15:857 Termino parse forms vdinterageredur.frm
02 11:46:15:859 Ejecutando interfase VDINTERAGEREDUR
02 11:48:15:875 Empiezo a leer forms vdinterageredur.frm
02 11:48:15:885 Termino parse forms vdinterageredur.frm
02 11:48:15:885 Ejecutando interfase VDINTERAGEREDUR
02 11:50:15:905 Empiezo a leer forms vdinterageredur.frm
02 11:50:15:915 Termino parse forms vdinterageredur.frm
02 11:50:15:915 Ejecutando interfase VDINTERAGEREDUR
02 11:52:15:935 Empiezo a leer forms vdinterageredur.frm
02 11:52:15:945 Termino parse forms vdinterageredur.frm
02 11:52:15:945 Ejecutando interfase VDINTERAGEREDUR
02 11:54:15:962 Empiezo a leer forms vdinterageredur.frm
02 11:54:15:972 Termino parse forms vdinterageredur.frm
02 11:54:15:972 Ejecutando interfase VDINTERAGEREDUR
02 11:56:15:985 Empiezo a leer forms vdinterageredur.frm
02 11:56:15:995 Termino parse forms vdinterageredur.frm
02 11:56:15:995 Ejecutando interfase VDINTERAGEREDUR
02 11:58:16:019 Empiezo a leer forms vdinterageredur.frm
02 11:58:16:030 Termino parse forms vdinterageredur.frm
02 11:58:16:030 Ejecutando interfase VDINTERAGEREDUR
02 12:00:16:047 Empiezo a leer forms vdinterageredur.frm
02 12:00:16:055 Termino parse forms vdinterageredur.frm
02 12:00:16:057 Ejecutando interfase VDINTERAGEREDUR
02 12:02:16:079 Empiezo a leer forms vdinterageredur.frm
02 12:02:16:087 Termino parse forms vdinterageredur.frm
02 12:02:16:087 Ejecutando interfase VDINTERAGEREDUR
02 12:04:16:095 Empiezo a leer forms vdinterageredur.frm
02 12:04:16:105 Termino parse forms vdinterageredur.frm
02 12:04:16:105 Ejecutando interfase VDINTERAGEREDUR
02 12:06:16:132 Empiezo a leer forms vdinterageredur.frm
02 12:06:16:147 Termino parse forms vdinterageredur.frm
02 12:06:16:147 Ejecutando interfase VDINTERAGEREDUR
02 12:08:16:162 Empiezo a leer forms vdinterageredur.frm
02 12:08:16:175 Termino parse forms vdinterageredur.frm
02 12:08:16:175 Ejecutando interfase VDINTERAGEREDUR
02 12:10:16:192 Empiezo a leer forms vdinterageredur.frm
02 12:10:16:202 Termino parse forms vdinterageredur.frm
02 12:10:16:204 Ejecutando interfase VDINTERAGEREDUR
02 12:12:16:214 Empiezo a leer forms vdinterageredur.frm
02 12:12:16:222 Termino parse forms vdinterageredur.frm
02 12:12:16:222 Ejecutando interfase VDINTERAGEREDUR
02 12:14:16:232 Empiezo a leer forms vdinterageredur.frm
02 12:14:16:237 Termino parse forms vdinterageredur.frm
02 12:14:16:239 Ejecutando interfase VDINTERAGEREDUR
02 12:16:16:247 Empiezo a leer forms vdinterageredur.frm
02 12:16:16:260 Termino parse forms vdinterageredur.frm
02 12:16:16:260 Ejecutando interfase VDINTERAGEREDUR
02 12:18:16:285 Empiezo a leer forms vdinterageredur.frm
02 12:18:16:297 Termino parse forms vdinterageredur.frm
02 12:18:16:299 Ejecutando interfase VDINTERAGEREDUR
02 12:20:16:315 Empiezo a leer forms vdinterageredur.frm
02 12:20:16:325 Termino parse forms vdinterageredur.frm
02 12:20:16:325 Ejecutando interfase VDINTERAGEREDUR
02 12:22:16:342 Empiezo a leer forms vdinterageredur.frm
02 12:22:16:354 Termino parse forms vdinterageredur.frm
02 12:22:16:355 Ejecutando interfase VDINTERAGEREDUR
02 12:24:16:370 Empiezo a leer forms vdinterageredur.frm
02 12:24:16:382 Termino parse forms vdinterageredur.frm
02 12:24:16:382 Ejecutando interfase VDINTERAGEREDUR
02 12:26:16:397 Empiezo a leer forms vdinterageredur.frm
02 12:26:16:402 Termino parse forms vdinterageredur.frm
02 12:26:16:402 Ejecutando interfase VDINTERAGEREDUR
02 12:28:16:425 Empiezo a leer forms vdinterageredur.frm
02 12:28:16:439 Termino parse forms vdinterageredur.frm
02 12:28:16:439 Ejecutando interfase VDINTERAGEREDUR
02 12:30:16:462 Empiezo a leer forms vdinterageredur.frm
02 12:30:16:479 Termino parse forms vdinterageredur.frm
02 12:30:16:479 Ejecutando interfase VDINTERAGEREDUR
02 12:32:16:494 Empiezo a leer forms vdinterageredur.frm
02 12:32:16:507 Termino parse forms vdinterageredur.frm
02 12:32:16:507 Ejecutando interfase VDINTERAGEREDUR
02 12:34:16:525 Empiezo a leer forms vdinterageredur.frm
02 12:34:16:539 Termino parse forms vdinterageredur.frm
02 12:34:16:539 Ejecutando interfase VDINTERAGEREDUR
02 12:36:16:564 Empiezo a leer forms vdinterageredur.frm
02 12:36:16:575 Termino parse forms vdinterageredur.frm
02 12:36:16:575 Ejecutando interfase VDINTERAGEREDUR
02 12:38:16:587 Empiezo a leer forms vdinterageredur.frm
02 12:38:16:599 Termino parse forms vdinterageredur.frm
02 12:38:16:599 Ejecutando interfase VDINTERAGEREDUR
02 12:40:16:622 Empiezo a leer forms vdinterageredur.frm
02 12:40:16:632 Termino parse forms vdinterageredur.frm
02 12:40:16:634 Ejecutando interfase VDINTERAGEREDUR
02 12:42:16:647 Empiezo a leer forms vdinterageredur.frm
02 12:42:16:655 Termino parse forms vdinterageredur.frm
02 12:42:16:657 Ejecutando interfase VDINTERAGEREDUR
02 12:44:16:675 Empiezo a leer forms vdinterageredur.frm
02 12:44:16:687 Termino parse forms vdinterageredur.frm
02 12:44:16:687 Ejecutando interfase VDINTERAGEREDUR
02 12:46:16:717 Empiezo a leer forms vdinterageredur.frm
02 12:46:16:734 Termino parse forms vdinterageredur.frm
02 12:46:16:735 Ejecutando interfase VDINTERAGEREDUR
02 12:48:16:760 Empiezo a leer forms vdinterageredur.frm
02 12:48:16:770 Termino parse forms vdinterageredur.frm
02 12:48:16:770 Ejecutando interfase VDINTERAGEREDUR
02 12:50:16:797 Empiezo a leer forms vdinterageredur.frm
02 12:50:16:812 Termino parse forms vdinterageredur.frm
02 12:50:16:812 Ejecutando interfase VDINTERAGEREDUR
02 12:52:16:832 Empiezo a leer forms vdinterageredur.frm
02 12:52:16:842 Termino parse forms vdinterageredur.frm
02 12:52:16:842 Ejecutando interfase VDINTERAGEREDUR
02 12:54:16:869 Empiezo a leer forms vdinterageredur.frm
02 12:54:16:880 Termino parse forms vdinterageredur.frm
02 12:54:16:880 Ejecutando interfase VDINTERAGEREDUR
02 12:56:16:900 Empiezo a leer forms vdinterageredur.frm
02 12:56:16:909 Termino parse forms vdinterageredur.frm
02 12:56:16:910 Ejecutando interfase VDINTERAGEREDUR
02 12:58:16:932 Empiezo a leer forms vdinterageredur.frm
02 12:58:16:945 Termino parse forms vdinterageredur.frm
02 12:58:16:945 Ejecutando interfase VDINTERAGEREDUR
02 13:00:16:955 Empiezo a leer forms vdinterageredur.frm
02 13:00:16:967 Termino parse forms vdinterageredur.frm
02 13:00:16:967 Ejecutando interfase VDINTERAGEREDUR
02 13:02:16:990 Empiezo a leer forms vdinterageredur.frm
02 13:02:17:007 Termino parse forms vdinterageredur.frm
02 13:02:17:007 Ejecutando interfase VDINTERAGEREDUR
02 13:04:17:027 Empiezo a leer forms vdinterageredur.frm
02 13:04:17:037 Termino parse forms vdinterageredur.frm
02 13:04:17:037 Ejecutando interfase VDINTERAGEREDUR
02 13:06:17:057 Empiezo a leer forms vdinterageredur.frm
02 13:06:17:067 Termino parse forms vdinterageredur.frm
02 13:06:17:067 Ejecutando interfase VDINTERAGEREDUR
02 13:08:17:079 Empiezo a leer forms vdinterageredur.frm
02 13:08:17:090 Termino parse forms vdinterageredur.frm
02 13:08:17:090 Ejecutando interfase VDINTERAGEREDUR
02 13:10:17:105 Empiezo a leer forms vdinterageredur.frm
02 13:10:17:115 Termino parse forms vdinterageredur.frm
02 13:10:17:115 Ejecutando interfase VDINTERAGEREDUR
02 13:12:17:139 Empiezo a leer forms vdinterageredur.frm
02 13:12:17:150 Termino parse forms vdinterageredur.frm
02 13:12:17:150 Ejecutando interfase VDINTERAGEREDUR
02 13:14:17:177 Empiezo a leer forms vdinterageredur.frm
02 13:14:17:192 Termino parse forms vdinterageredur.frm
02 13:14:17:192 Ejecutando interfase VDINTERAGEREDUR
02 13:16:17:215 Empiezo a leer forms vdinterageredur.frm
02 13:16:17:224 Termino parse forms vdinterageredur.frm
02 13:16:17:224 Ejecutando interfase VDINTERAGEREDUR
02 13:18:17:242 Empiezo a leer forms vdinterageredur.frm
02 13:18:17:254 Termino parse forms vdinterageredur.frm
02 13:18:17:254 Ejecutando interfase VDINTERAGEREDUR
02 13:20:17:269 Empiezo a leer forms vdinterageredur.frm
02 13:20:17:284 Termino parse forms vdinterageredur.frm
02 13:20:17:284 Ejecutando interfase VDINTERAGEREDUR
02 13:22:17:297 Empiezo a leer forms vdinterageredur.frm
02 13:22:17:307 Termino parse forms vdinterageredur.frm
02 13:22:17:307 Ejecutando interfase VDINTERAGEREDUR
02 13:24:17:319 Empiezo a leer forms vdinterageredur.frm
02 13:24:17:332 Termino parse forms vdinterageredur.frm
02 13:24:17:332 Ejecutando interfase VDINTERAGEREDUR
02 13:26:17:347 Empiezo a leer forms vdinterageredur.frm
02 13:26:17:359 Termino parse forms vdinterageredur.frm
02 13:26:17:359 Ejecutando interfase VDINTERAGEREDUR
02 13:28:17:385 Empiezo a leer forms vdinterageredur.frm
02 13:28:17:395 Termino parse forms vdinterageredur.frm
02 13:28:17:395 Ejecutando interfase VDINTERAGEREDUR
02 13:30:17:417 Empiezo a leer forms vdinterageredur.frm
02 13:30:17:435 Termino parse forms vdinterageredur.frm
02 13:30:17:437 Ejecutando interfase VDINTERAGEREDUR
02 13:32:17:452 Empiezo a leer forms vdinterageredur.frm
02 13:32:17:470 Termino parse forms vdinterageredur.frm
02 13:32:17:472 Ejecutando interfase VDINTERAGEREDUR
02 13:34:17:495 Empiezo a leer forms vdinterageredur.frm
02 13:34:17:512 Termino parse forms vdinterageredur.frm
02 13:34:17:512 Ejecutando interfase VDINTERAGEREDUR
02 13:36:17:525 Empiezo a leer forms vdinterageredur.frm
02 13:36:17:542 Termino parse forms vdinterageredur.frm
02 13:36:17:542 Ejecutando interfase VDINTERAGEREDUR
02 13:38:17:555 Empiezo a leer forms vdinterageredur.frm
02 13:38:17:562 Termino parse forms vdinterageredur.frm
02 13:38:17:562 Ejecutando interfase VDINTERAGEREDUR
02 13:40:17:580 Empiezo a leer forms vdinterageredur.frm
02 13:40:17:594 Termino parse forms vdinterageredur.frm
02 13:40:17:595 Ejecutando interfase VDINTERAGEREDUR
02 13:42:17:604 Empiezo a leer forms vdinterageredur.frm
02 13:42:17:612 Termino parse forms vdinterageredur.frm
02 13:42:17:612 Ejecutando interfase VDINTERAGEREDUR
02 13:44:17:627 Empiezo a leer forms vdinterageredur.frm
02 13:44:17:634 Termino parse forms vdinterageredur.frm
02 13:44:17:634 Ejecutando interfase VDINTERAGEREDUR
02 13:46:17:647 Empiezo a leer forms vdinterageredur.frm
02 13:46:17:654 Termino parse forms vdinterageredur.frm
02 13:46:17:654 Ejecutando interfase VDINTERAGEREDUR
02 13:48:17:660 Empiezo a leer forms vdinterageredur.frm
02 13:48:17:667 Termino parse forms vdinterageredur.frm
02 13:48:17:667 Ejecutando interfase VDINTERAGEREDUR
02 13:50:17:677 Empiezo a leer forms vdinterageredur.frm
02 13:50:17:689 Termino parse forms vdinterageredur.frm
02 13:50:17:689 Ejecutando interfase VDINTERAGEREDUR
02 13:52:17:712 Empiezo a leer forms vdinterageredur.frm
02 13:52:17:724 Termino parse forms vdinterageredur.frm
02 13:52:17:725 Ejecutando interfase VDINTERAGEREDUR
02 13:54:17:739 Empiezo a leer forms vdinterageredur.frm
02 13:54:17:747 Termino parse forms vdinterageredur.frm
02 13:54:17:749 Ejecutando interfase VDINTERAGEREDUR
02 13:56:17:770 Empiezo a leer forms vdinterageredur.frm
02 13:56:17:780 Termino parse forms vdinterageredur.frm
02 13:56:17:780 Ejecutando interfase VDINTERAGEREDUR
02 13:58:17:805 Empiezo a leer forms vdinterageredur.frm
02 13:58:17:815 Termino parse forms vdinterageredur.frm
02 13:58:17:815 Ejecutando interfase VDINTERAGEREDUR
02 14:00:17:830 Empiezo a leer forms vdinterageredur.frm
02 14:00:17:842 Termino parse forms vdinterageredur.frm
02 14:00:17:842 Ejecutando interfase VDINTERAGEREDUR
02 14:02:17:854 Empiezo a leer forms vdinterageredur.frm
02 14:02:17:864 Termino parse forms vdinterageredur.frm
02 14:02:17:865 Ejecutando interfase VDINTERAGEREDUR
02 14:04:17:880 Empiezo a leer forms vdinterageredur.frm
02 14:04:17:892 Termino parse forms vdinterageredur.frm
02 14:04:17:894 Ejecutando interfase VDINTERAGEREDUR
02 14:06:17:902 Empiezo a leer forms vdinterageredur.frm
02 14:06:17:915 Termino parse forms vdinterageredur.frm
02 14:06:17:917 Ejecutando interfase VDINTERAGEREDUR
02 14:08:17:935 Empiezo a leer forms vdinterageredur.frm
02 14:08:17:949 Termino parse forms vdinterageredur.frm
02 14:08:17:949 Ejecutando interfase VDINTERAGEREDUR
02 14:10:17:962 Empiezo a leer forms vdinterageredur.frm
02 14:10:17:974 Termino parse forms vdinterageredur.frm
02 14:10:17:975 Ejecutando interfase VDINTERAGEREDUR
02 14:12:17:989 Empiezo a leer forms vdinterageredur.frm
02 14:12:18:000 Termino parse forms vdinterageredur.frm
02 14:12:18:000 Ejecutando interfase VDINTERAGEREDUR
02 14:14:18:010 Empiezo a leer forms vdinterageredur.frm
02 14:14:18:020 Termino parse forms vdinterageredur.frm
02 14:14:18:020 Ejecutando interfase VDINTERAGEREDUR
02 14:16:18:045 Empiezo a leer forms vdinterageredur.frm
02 14:16:18:057 Termino parse forms vdinterageredur.frm
02 14:16:18:057 Ejecutando interfase VDINTERAGEREDUR
02 14:18:18:080 Empiezo a leer forms vdinterageredur.frm
02 14:18:18:092 Termino parse forms vdinterageredur.frm
02 14:18:18:092 Ejecutando interfase VDINTERAGEREDUR
02 14:20:18:100 Empiezo a leer forms vdinterageredur.frm
02 14:20:18:107 Termino parse forms vdinterageredur.frm
02 14:20:18:107 Ejecutando interfase VDINTERAGEREDUR
02 14:22:18:130 Empiezo a leer forms vdinterageredur.frm
02 14:22:18:145 Termino parse forms vdinterageredur.frm
02 14:22:18:145 Ejecutando interfase VDINTERAGEREDUR
02 14:24:18:167 Empiezo a leer forms vdinterageredur.frm
02 14:24:18:180 Termino parse forms vdinterageredur.frm
02 14:24:18:180 Ejecutando interfase VDINTERAGEREDUR
02 14:26:18:192 Empiezo a leer forms vdinterageredur.frm
02 14:26:18:202 Termino parse forms vdinterageredur.frm
02 14:26:18:204 Ejecutando interfase VDINTERAGEREDUR
02 14:28:18:215 Empiezo a leer forms vdinterageredur.frm
02 14:28:18:225 Termino parse forms vdinterageredur.frm
02 14:28:18:225 Ejecutando interfase VDINTERAGEREDUR
02 14:30:18:237 Empiezo a leer forms vdinterageredur.frm
02 14:30:18:247 Termino parse forms vdinterageredur.frm
02 14:30:18:249 Ejecutando interfase VDINTERAGEREDUR
02 14:32:18:270 Empiezo a leer forms vdinterageredur.frm
02 14:32:18:280 Termino parse forms vdinterageredur.frm
02 14:32:18:280 Ejecutando interfase VDINTERAGEREDUR
02 14:34:18:297 Empiezo a leer forms vdinterageredur.frm
02 14:34:18:309 Termino parse forms vdinterageredur.frm
02 14:34:18:309 Ejecutando interfase VDINTERAGEREDUR
02 14:36:18:324 Empiezo a leer forms vdinterageredur.frm
02 14:36:18:334 Termino parse forms vdinterageredur.frm
02 14:36:18:334 Ejecutando interfase VDINTERAGEREDUR
02 14:38:18:352 Empiezo a leer forms vdinterageredur.frm
02 14:38:18:360 Termino parse forms vdinterageredur.frm
02 14:38:18:360 Ejecutando interfase VDINTERAGEREDUR
02 14:40:18:379 Empiezo a leer forms vdinterageredur.frm
02 14:40:18:390 Termino parse forms vdinterageredur.frm
02 14:40:18:390 Ejecutando interfase VDINTERAGEREDUR
02 14:42:18:404 Empiezo a leer forms vdinterageredur.frm
02 14:42:18:415 Termino parse forms vdinterageredur.frm
02 14:42:18:417 Ejecutando interfase VDINTERAGEREDUR
02 14:44:18:437 Empiezo a leer forms vdinterageredur.frm
02 14:44:18:450 Termino parse forms vdinterageredur.frm
02 14:44:18:452 Ejecutando interfase VDINTERAGEREDUR
02 14:46:18:462 Empiezo a leer forms vdinterageredur.frm
02 14:46:18:472 Termino parse forms vdinterageredur.frm
02 14:46:18:472 Ejecutando interfase VDINTERAGEREDUR
02 14:48:18:482 Empiezo a leer forms vdinterageredur.frm
02 14:48:18:492 Termino parse forms vdinterageredur.frm
02 14:48:18:492 Ejecutando interfase VDINTERAGEREDUR
02 14:50:18:512 Empiezo a leer forms vdinterageredur.frm
02 14:50:18:522 Termino parse forms vdinterageredur.frm
02 14:50:18:522 Ejecutando interfase VDINTERAGEREDUR
02 14:52:18:532 Empiezo a leer forms vdinterageredur.frm
02 14:52:18:544 Termino parse forms vdinterageredur.frm
02 14:52:18:544 Ejecutando interfase VDINTERAGEREDUR
02 14:54:18:567 Empiezo a leer forms vdinterageredur.frm
02 14:54:18:577 Termino parse forms vdinterageredur.frm
02 14:54:18:577 Ejecutando interfase VDINTERAGEREDUR
02 15:49:40:852 Empiezo a leer forms vdinterageredur.frm
02 15:49:40:859 Termino parse forms vdinterageredur.frm
02 15:49:40:859 Ejecutando interfase VDINTERAGEREDUR
02 15:53:03:095 Empiezo a leer forms vdinterageredur.frm
02 15:53:03:102 Termino parse forms vdinterageredur.frm
02 15:53:03:102 Ejecutando interfase VDINTERAGEREDUR
02 15:55:03:115 Empiezo a leer forms vdinterageredur.frm
02 15:55:03:124 Termino parse forms vdinterageredur.frm
02 15:55:03:124 Ejecutando interfase VDINTERAGEREDUR
02 15:57:03:132 Empiezo a leer forms vdinterageredur.frm
02 15:57:03:139 Termino parse forms vdinterageredur.frm
02 15:57:03:139 Ejecutando interfase VDINTERAGEREDUR
02 15:59:03:155 Empiezo a leer forms vdinterageredur.frm
02 15:59:03:162 Termino parse forms vdinterageredur.frm
02 15:59:03:162 Ejecutando interfase VDINTERAGEREDUR
02 16:01:03:169 Empiezo a leer forms vdinterageredur.frm
02 16:01:03:175 Termino parse forms vdinterageredur.frm
02 16:01:03:175 Ejecutando interfase VDINTERAGEREDUR
02 16:03:03:192 Empiezo a leer forms vdinterageredur.frm
02 16:03:03:199 Termino parse forms vdinterageredur.frm
02 16:03:03:200 Ejecutando interfase VDINTERAGEREDUR
02 16:05:03:214 Empiezo a leer forms vdinterageredur.frm
02 16:05:03:220 Termino parse forms vdinterageredur.frm
02 16:05:03:220 Ejecutando interfase VDINTERAGEREDUR
02 16:07:03:237 Empiezo a leer forms vdinterageredur.frm
02 16:07:03:249 Termino parse forms vdinterageredur.frm
02 16:07:03:250 Ejecutando interfase VDINTERAGEREDUR
02 16:09:03:272 Empiezo a leer forms vdinterageredur.frm
02 16:09:03:285 Termino parse forms vdinterageredur.frm
02 16:09:03:287 Ejecutando interfase VDINTERAGEREDUR
02 16:11:03:309 Empiezo a leer forms vdinterageredur.frm
02 16:11:03:320 Termino parse forms vdinterageredur.frm
02 16:11:03:320 Ejecutando interfase VDINTERAGEREDUR
02 16:13:03:337 Empiezo a leer forms vdinterageredur.frm
02 16:13:03:347 Termino parse forms vdinterageredur.frm
02 16:13:03:347 Ejecutando interfase VDINTERAGEREDUR
02 16:15:03:370 Empiezo a leer forms vdinterageredur.frm
02 16:15:03:382 Termino parse forms vdinterageredur.frm
02 16:15:03:382 Ejecutando interfase VDINTERAGEREDUR
02 16:17:03:394 Empiezo a leer forms vdinterageredur.frm
02 16:17:03:405 Termino parse forms vdinterageredur.frm
02 16:17:03:405 Ejecutando interfase VDINTERAGEREDUR
02 16:19:03:425 Empiezo a leer forms vdinterageredur.frm
02 16:19:03:435 Termino parse forms vdinterageredur.frm
02 16:19:03:435 Ejecutando interfase VDINTERAGEREDUR
02 16:21:03:452 Empiezo a leer forms vdinterageredur.frm
02 16:21:03:464 Termino parse forms vdinterageredur.frm
02 16:21:03:465 Ejecutando interfase VDINTERAGEREDUR
02 16:23:03:480 Empiezo a leer forms vdinterageredur.frm
02 16:23:03:492 Termino parse forms vdinterageredur.frm
02 16:23:03:492 Ejecutando interfase VDINTERAGEREDUR
02 16:25:03:507 Empiezo a leer forms vdinterageredur.frm
02 16:25:03:517 Termino parse forms vdinterageredur.frm
02 16:25:03:517 Ejecutando interfase VDINTERAGEREDUR
02 16:27:03:542 Empiezo a leer forms vdinterageredur.frm
02 16:27:03:552 Termino parse forms vdinterageredur.frm
02 16:27:03:554 Ejecutando interfase VDINTERAGEREDUR
02 16:29:03:570 Empiezo a leer forms vdinterageredur.frm
02 16:29:03:584 Termino parse forms vdinterageredur.frm
02 16:29:03:584 Ejecutando interfase VDINTERAGEREDUR
02 16:31:03:595 Empiezo a leer forms vdinterageredur.frm
02 16:31:03:605 Termino parse forms vdinterageredur.frm
02 16:31:03:607 Ejecutando interfase VDINTERAGEREDUR
02 16:33:03:630 Empiezo a leer forms vdinterageredur.frm
02 16:33:03:647 Termino parse forms vdinterageredur.frm
02 16:33:03:647 Ejecutando interfase VDINTERAGEREDUR
02 16:35:03:664 Empiezo a leer forms vdinterageredur.frm
02 16:35:03:675 Termino parse forms vdinterageredur.frm
02 16:35:03:675 Ejecutando interfase VDINTERAGEREDUR
02 16:37:03:695 Empiezo a leer forms vdinterageredur.frm
02 16:37:03:705 Termino parse forms vdinterageredur.frm
02 16:37:03:705 Ejecutando interfase VDINTERAGEREDUR
02 16:39:03:727 Empiezo a leer forms vdinterageredur.frm
02 16:39:03:740 Termino parse forms vdinterageredur.frm
02 16:39:03:740 Ejecutando interfase VDINTERAGEREDUR
02 16:41:03:762 Empiezo a leer forms vdinterageredur.frm
02 16:41:03:779 Termino parse forms vdinterageredur.frm
02 16:41:03:779 Ejecutando interfase VDINTERAGEREDUR
02 16:43:03:804 Empiezo a leer forms vdinterageredur.frm
02 16:43:03:814 Termino parse forms vdinterageredur.frm
02 16:43:03:814 Ejecutando interfase VDINTERAGEREDUR
02 16:45:03:834 Empiezo a leer forms vdinterageredur.frm
02 16:45:03:847 Termino parse forms vdinterageredur.frm
02 16:45:03:847 Ejecutando interfase VDINTERAGEREDUR
02 16:47:03:869 Empiezo a leer forms vdinterageredur.frm
02 16:47:03:879 Termino parse forms vdinterageredur.frm
02 16:47:03:879 Ejecutando interfase VDINTERAGEREDUR
02 16:49:03:899 Empiezo a leer forms vdinterageredur.frm
02 16:49:03:907 Termino parse forms vdinterageredur.frm
02 16:49:03:909 Ejecutando interfase VDINTERAGEREDUR
02 16:51:03:922 Empiezo a leer forms vdinterageredur.frm
02 16:51:03:932 Termino parse forms vdinterageredur.frm
02 16:51:03:934 Ejecutando interfase VDINTERAGEREDUR
02 16:53:03:952 Empiezo a leer forms vdinterageredur.frm
02 16:53:03:964 Termino parse forms vdinterageredur.frm
02 16:53:03:964 Ejecutando interfase VDINTERAGEREDUR
02 16:55:03:972 Empiezo a leer forms vdinterageredur.frm
02 16:55:03:980 Termino parse forms vdinterageredur.frm
02 16:55:03:980 Ejecutando interfase VDINTERAGEREDUR
02 16:57:03:990 Empiezo a leer forms vdinterageredur.frm
02 16:57:04:002 Termino parse forms vdinterageredur.frm
02 16:57:04:004 Ejecutando interfase VDINTERAGEREDUR
02 16:59:04:017 Empiezo a leer forms vdinterageredur.frm
02 16:59:04:027 Termino parse forms vdinterageredur.frm
02 16:59:04:027 Ejecutando interfase VDINTERAGEREDUR
02 17:01:04:045 Empiezo a leer forms vdinterageredur.frm
02 17:01:04:060 Termino parse forms vdinterageredur.frm
02 17:01:04:060 Ejecutando interfase VDINTERAGEREDUR
02 17:03:04:084 Empiezo a leer forms vdinterageredur.frm
02 17:03:04:097 Termino parse forms vdinterageredur.frm
02 17:03:04:097 Ejecutando interfase VDINTERAGEREDUR
02 17:05:04:107 Empiezo a leer forms vdinterageredur.frm
02 17:05:04:120 Termino parse forms vdinterageredur.frm
02 17:05:04:120 Ejecutando interfase VDINTERAGEREDUR
02 17:07:04:140 Empiezo a leer forms vdinterageredur.frm
02 17:07:04:155 Termino parse forms vdinterageredur.frm
02 17:07:04:155 Ejecutando interfase VDINTERAGEREDUR
02 17:09:04:172 Empiezo a leer forms vdinterageredur.frm
02 17:09:04:180 Termino parse forms vdinterageredur.frm
02 17:09:04:180 Ejecutando interfase VDINTERAGEREDUR
02 17:11:04:190 Empiezo a leer forms vdinterageredur.frm
02 17:11:04:199 Termino parse forms vdinterageredur.frm
02 17:11:04:200 Ejecutando interfase VDINTERAGEREDUR
02 17:13:04:225 Empiezo a leer forms vdinterageredur.frm
02 17:13:04:232 Termino parse forms vdinterageredur.frm
02 17:13:04:232 Ejecutando interfase VDINTERAGEREDUR
02 17:15:04:250 Empiezo a leer forms vdinterageredur.frm
02 17:15:04:260 Termino parse forms vdinterageredur.frm
02 17:15:04:260 Ejecutando interfase VDINTERAGEREDUR
02 17:17:04:275 Empiezo a leer forms vdinterageredur.frm
02 17:17:04:285 Termino parse forms vdinterageredur.frm
02 17:17:04:285 Ejecutando interfase VDINTERAGEREDUR
02 17:19:04:307 Empiezo a leer forms vdinterageredur.frm
02 17:19:04:322 Termino parse forms vdinterageredur.frm
02 17:19:04:322 Ejecutando interfase VDINTERAGEREDUR
02 17:21:04:335 Empiezo a leer forms vdinterageredur.frm
02 17:21:04:354 Termino parse forms vdinterageredur.frm
02 17:21:04:354 Ejecutando interfase VDINTERAGEREDUR
02 17:23:04:365 Empiezo a leer forms vdinterageredur.frm
02 17:23:04:377 Termino parse forms vdinterageredur.frm
02 17:23:04:377 Ejecutando interfase VDINTERAGEREDUR
02 17:25:04:389 Empiezo a leer forms vdinterageredur.frm
02 17:25:04:409 Termino parse forms vdinterageredur.frm
02 17:25:04:409 Ejecutando interfase VDINTERAGEREDUR
02 17:27:04:430 Empiezo a leer forms vdinterageredur.frm
02 17:27:04:450 Termino parse forms vdinterageredur.frm
02 17:27:04:450 Ejecutando interfase VDINTERAGEREDUR
02 17:29:04:470 Empiezo a leer forms vdinterageredur.frm
02 17:29:04:484 Termino parse forms vdinterageredur.frm
02 17:29:04:484 Ejecutando interfase VDINTERAGEREDUR
02 17:31:04:495 Empiezo a leer forms vdinterageredur.frm
02 17:31:04:502 Termino parse forms vdinterageredur.frm
02 17:31:04:502 Ejecutando interfase VDINTERAGEREDUR
02 17:33:04:512 Empiezo a leer forms vdinterageredur.frm
02 17:33:04:525 Termino parse forms vdinterageredur.frm
02 17:33:04:525 Ejecutando interfase VDINTERAGEREDUR
02 17:35:04:549 Empiezo a leer forms vdinterageredur.frm
02 17:35:04:560 Termino parse forms vdinterageredur.frm
02 17:35:04:562 Ejecutando interfase VDINTERAGEREDUR
02 17:37:04:577 Empiezo a leer forms vdinterageredur.frm
02 17:37:04:592 Termino parse forms vdinterageredur.frm
02 17:37:04:592 Ejecutando interfase VDINTERAGEREDUR
02 17:39:04:607 Empiezo a leer forms vdinterageredur.frm
02 17:39:04:617 Termino parse forms vdinterageredur.frm
02 17:39:04:617 Ejecutando interfase VDINTERAGEREDUR
02 17:41:04:635 Empiezo a leer forms vdinterageredur.frm
02 17:41:04:655 Termino parse forms vdinterageredur.frm
02 17:41:04:655 Ejecutando interfase VDINTERAGEREDUR
02 17:43:04:675 Empiezo a leer forms vdinterageredur.frm
02 17:43:04:684 Termino parse forms vdinterageredur.frm
02 17:43:04:684 Ejecutando interfase VDINTERAGEREDUR
02 17:45:04:699 Empiezo a leer forms vdinterageredur.frm
02 17:45:04:710 Termino parse forms vdinterageredur.frm
02 17:45:04:710 Ejecutando interfase VDINTERAGEREDUR
02 17:47:04:725 Empiezo a leer forms vdinterageredur.frm
02 17:47:04:735 Termino parse forms vdinterageredur.frm
02 17:47:04:735 Ejecutando interfase VDINTERAGEREDUR
02 17:49:04:750 Empiezo a leer forms vdinterageredur.frm
02 17:49:04:764 Termino parse forms vdinterageredur.frm
02 17:49:04:764 Ejecutando interfase VDINTERAGEREDUR
02 17:51:04:779 Empiezo a leer forms vdinterageredur.frm
02 17:51:04:792 Termino parse forms vdinterageredur.frm
02 17:51:04:792 Ejecutando interfase VDINTERAGEREDUR
02 17:53:04:812 Empiezo a leer forms vdinterageredur.frm
02 17:53:04:822 Termino parse forms vdinterageredur.frm
02 17:53:04:822 Ejecutando interfase VDINTERAGEREDUR
02 17:55:04:842 Empiezo a leer forms vdinterageredur.frm
02 17:55:04:852 Termino parse forms vdinterageredur.frm
02 17:55:04:852 Ejecutando interfase VDINTERAGEREDUR

00 17:56:19:852 Fichero de log cerrado.

