00 09:09:26:382 Fichero de log abierto PID 14160

02 09:09:26:383 Intentando abrir fichero v10.ini
02 09:09:26:390 Cargando driver v10oracle funcion damedriveroracle
02 09:09:27:108 Conectado a base de datos
02 09:09:27:111 Proceso ENVIOREDUR encontrado en tabla VDPROCESOS
02 09:09:27:120 Proceso ENVIOREDUR cargado con función interfasesalida (Librería VDINTERFASES.DLL) direccion 059ACC80
02 09:09:27:122 PLSQL: INICIALIZADO PAQUETE DE LOG EL DIA 29-03-2022
02 09:09:27:130 Actualizado SID 262 SERIAL 24470 del proceso con PID 14160
00 09:09:27:135 Error al abrir fichero VDST.H
02 09:09:27:147 Empiezo a leer forms vdinterageredur.frm
02 09:09:27:181 Termino parse forms vdinterageredur.frm
02 09:09:27:181 Ejecutando interfase VDINTERAGEREDUR
02 09:11:27:192 Empiezo a leer forms vdinterageredur.frm
02 09:11:27:211 Termino parse forms vdinterageredur.frm
02 09:11:27:211 Ejecutando interfase VDINTERAGEREDUR
02 09:13:27:221 Empiezo a leer forms vdinterageredur.frm
02 09:13:27:232 Termino parse forms vdinterageredur.frm
02 09:13:27:232 Ejecutando interfase VDINTERAGEREDUR
02 09:15:27:242 Empiezo a leer forms vdinterageredur.frm
02 09:15:27:261 Termino parse forms vdinterageredur.frm
02 09:15:27:261 Ejecutando interfase VDINTERAGEREDUR
02 09:17:27:282 Empiezo a leer forms vdinterageredur.frm
02 09:17:27:302 Termino parse forms vdinterageredur.frm
02 09:17:27:302 Ejecutando interfase VDINTERAGEREDUR
02 09:19:27:331 Empiezo a leer forms vdinterageredur.frm
02 09:19:27:351 Termino parse forms vdinterageredur.frm
02 09:19:27:351 Ejecutando interfase VDINTERAGEREDUR
02 09:21:27:367 Empiezo a leer forms vdinterageredur.frm
02 09:21:27:375 Termino parse forms vdinterageredur.frm
02 09:21:27:375 Ejecutando interfase VDINTERAGEREDUR
02 09:23:27:382 Empiezo a leer forms vdinterageredur.frm
02 09:23:27:405 Termino parse forms vdinterageredur.frm
02 09:23:27:405 Ejecutando interfase VDINTERAGEREDUR
02 09:25:27:421 Empiezo a leer forms vdinterageredur.frm
02 09:25:27:441 Termino parse forms vdinterageredur.frm
02 09:25:27:441 Ejecutando interfase VDINTERAGEREDUR
02 09:27:27:466 Empiezo a leer forms vdinterageredur.frm
02 09:27:27:480 Termino parse forms vdinterageredur.frm
02 09:27:27:480 Ejecutando interfase VDINTERAGEREDUR
02 09:29:27:502 Empiezo a leer forms vdinterageredur.frm
02 09:29:27:522 Termino parse forms vdinterageredur.frm
02 09:29:27:522 Ejecutando interfase VDINTERAGEREDUR
02 09:31:27:547 Empiezo a leer forms vdinterageredur.frm
02 09:31:27:565 Termino parse forms vdinterageredur.frm
02 09:31:27:566 Ejecutando interfase VDINTERAGEREDUR
02 09:33:27:585 Empiezo a leer forms vdinterageredur.frm
02 09:33:27:605 Termino parse forms vdinterageredur.frm
02 09:33:27:605 Ejecutando interfase VDINTERAGEREDUR
02 09:35:27:622 Empiezo a leer forms vdinterageredur.frm
02 09:35:27:641 Termino parse forms vdinterageredur.frm
02 09:35:27:641 Ejecutando interfase VDINTERAGEREDUR
02 09:37:27:665 Empiezo a leer forms vdinterageredur.frm
02 09:37:27:685 Termino parse forms vdinterageredur.frm
02 09:37:27:685 Ejecutando interfase VDINTERAGEREDUR
02 09:39:27:713 Empiezo a leer forms vdinterageredur.frm
02 09:39:27:732 Termino parse forms vdinterageredur.frm
02 09:39:27:733 Ejecutando interfase VDINTERAGEREDUR
02 09:41:27:757 Empiezo a leer forms vdinterageredur.frm
02 09:41:27:777 Termino parse forms vdinterageredur.frm
02 09:41:27:777 Ejecutando interfase VDINTERAGEREDUR
02 09:43:27:791 Empiezo a leer forms vdinterageredur.frm
02 09:43:27:806 Termino parse forms vdinterageredur.frm
02 09:43:27:807 Ejecutando interfase VDINTERAGEREDUR
02 09:45:27:821 Empiezo a leer forms vdinterageredur.frm
02 09:45:27:842 Termino parse forms vdinterageredur.frm
02 09:45:27:842 Ejecutando interfase VDINTERAGEREDUR
02 09:47:27:861 Empiezo a leer forms vdinterageredur.frm
02 09:47:27:880 Termino parse forms vdinterageredur.frm
02 09:47:27:881 Ejecutando interfase VDINTERAGEREDUR
02 09:49:27:903 Empiezo a leer forms vdinterageredur.frm
02 09:49:27:915 Termino parse forms vdinterageredur.frm
02 09:49:27:916 Ejecutando interfase VDINTERAGEREDUR
02 09:51:27:928 Empiezo a leer forms vdinterageredur.frm
02 09:51:27:947 Termino parse forms vdinterageredur.frm
02 09:51:27:947 Ejecutando interfase VDINTERAGEREDUR
02 09:53:27:972 Empiezo a leer forms vdinterageredur.frm
02 09:53:27:992 Termino parse forms vdinterageredur.frm
02 09:53:27:992 Ejecutando interfase VDINTERAGEREDUR
02 09:55:28:015 Empiezo a leer forms vdinterageredur.frm
02 09:55:28:031 Termino parse forms vdinterageredur.frm
02 09:55:28:031 Ejecutando interfase VDINTERAGEREDUR
02 09:57:28:042 Empiezo a leer forms vdinterageredur.frm
02 09:57:28:062 Termino parse forms vdinterageredur.frm
02 09:57:28:062 Ejecutando interfase VDINTERAGEREDUR
02 09:59:28:082 Empiezo a leer forms vdinterageredur.frm
02 09:59:28:097 Termino parse forms vdinterageredur.frm
02 09:59:28:097 Ejecutando interfase VDINTERAGEREDUR
02 10:01:28:120 Empiezo a leer forms vdinterageredur.frm
02 10:01:28:141 Termino parse forms vdinterageredur.frm
02 10:01:28:142 Ejecutando interfase VDINTERAGEREDUR
02 10:03:28:151 Empiezo a leer forms vdinterageredur.frm
02 10:03:28:170 Termino parse forms vdinterageredur.frm
02 10:03:28:170 Ejecutando interfase VDINTERAGEREDUR
02 10:05:28:191 Empiezo a leer forms vdinterageredur.frm
02 10:05:28:207 Termino parse forms vdinterageredur.frm
02 10:05:28:207 Ejecutando interfase VDINTERAGEREDUR
02 10:07:28:226 Empiezo a leer forms vdinterageredur.frm
02 10:07:28:245 Termino parse forms vdinterageredur.frm
02 10:07:28:245 Ejecutando interfase VDINTERAGEREDUR
02 10:09:28:267 Empiezo a leer forms vdinterageredur.frm
02 10:09:28:285 Termino parse forms vdinterageredur.frm
02 10:09:28:285 Ejecutando interfase VDINTERAGEREDUR
02 10:11:28:312 Empiezo a leer forms vdinterageredur.frm
02 10:11:28:332 Termino parse forms vdinterageredur.frm
02 10:11:28:332 Ejecutando interfase VDINTERAGEREDUR
02 10:13:28:357 Empiezo a leer forms vdinterageredur.frm
02 10:13:28:370 Termino parse forms vdinterageredur.frm
02 10:13:28:371 Ejecutando interfase VDINTERAGEREDUR
02 10:15:28:381 Empiezo a leer forms vdinterageredur.frm
02 10:15:28:402 Termino parse forms vdinterageredur.frm
02 10:15:28:402 Ejecutando interfase VDINTERAGEREDUR
02 10:17:28:413 Empiezo a leer forms vdinterageredur.frm
02 10:17:28:433 Termino parse forms vdinterageredur.frm
02 10:17:28:433 Ejecutando interfase VDINTERAGEREDUR
02 10:19:28:455 Empiezo a leer forms vdinterageredur.frm
02 10:19:28:475 Termino parse forms vdinterageredur.frm
02 10:19:28:476 Ejecutando interfase VDINTERAGEREDUR
02 10:21:28:497 Empiezo a leer forms vdinterageredur.frm
02 10:21:28:517 Termino parse forms vdinterageredur.frm
02 10:21:28:517 Ejecutando interfase VDINTERAGEREDUR
02 10:23:28:538 Empiezo a leer forms vdinterageredur.frm
02 10:23:28:558 Termino parse forms vdinterageredur.frm
02 10:23:28:558 Ejecutando interfase VDINTERAGEREDUR
02 10:25:28:585 Empiezo a leer forms vdinterageredur.frm
02 10:25:28:603 Termino parse forms vdinterageredur.frm
02 10:25:28:603 Ejecutando interfase VDINTERAGEREDUR
02 10:27:28:627 Empiezo a leer forms vdinterageredur.frm
02 10:27:28:643 Termino parse forms vdinterageredur.frm
02 10:27:28:643 Ejecutando interfase VDINTERAGEREDUR
02 10:29:28:670 Empiezo a leer forms vdinterageredur.frm
02 10:29:28:683 Termino parse forms vdinterageredur.frm
02 10:29:28:683 Ejecutando interfase VDINTERAGEREDUR
02 10:31:28:693 Empiezo a leer forms vdinterageredur.frm
02 10:31:28:712 Termino parse forms vdinterageredur.frm
02 10:31:28:712 Ejecutando interfase VDINTERAGEREDUR
02 10:33:28:732 Empiezo a leer forms vdinterageredur.frm
02 10:33:28:752 Termino parse forms vdinterageredur.frm
02 10:33:28:752 Ejecutando interfase VDINTERAGEREDUR
02 10:35:28:772 Empiezo a leer forms vdinterageredur.frm
02 10:35:28:780 Termino parse forms vdinterageredur.frm
02 10:35:28:780 Ejecutando interfase VDINTERAGEREDUR
02 10:37:28:797 Empiezo a leer forms vdinterageredur.frm
02 10:37:28:816 Termino parse forms vdinterageredur.frm
02 10:37:28:816 Ejecutando interfase VDINTERAGEREDUR
02 10:39:28:840 Empiezo a leer forms vdinterageredur.frm
02 10:39:28:852 Termino parse forms vdinterageredur.frm
02 10:39:28:852 Ejecutando interfase VDINTERAGEREDUR
02 10:41:28:881 Empiezo a leer forms vdinterageredur.frm
02 10:41:28:897 Termino parse forms vdinterageredur.frm
02 10:41:28:897 Ejecutando interfase VDINTERAGEREDUR
02 10:43:28:920 Empiezo a leer forms vdinterageredur.frm
02 10:43:28:931 Termino parse forms vdinterageredur.frm
02 10:43:28:931 Ejecutando interfase VDINTERAGEREDUR
02 10:45:28:953 Empiezo a leer forms vdinterageredur.frm
02 10:45:28:972 Termino parse forms vdinterageredur.frm
02 10:45:28:972 Ejecutando interfase VDINTERAGEREDUR
02 10:47:28:991 Empiezo a leer forms vdinterageredur.frm
02 10:47:29:007 Termino parse forms vdinterageredur.frm
02 10:47:29:007 Ejecutando interfase VDINTERAGEREDUR
02 10:49:29:032 Empiezo a leer forms vdinterageredur.frm
02 10:49:29:043 Termino parse forms vdinterageredur.frm
02 10:49:29:043 Ejecutando interfase VDINTERAGEREDUR
02 10:51:29:067 Empiezo a leer forms vdinterageredur.frm
02 10:51:29:073 Termino parse forms vdinterageredur.frm
02 10:51:29:073 Ejecutando interfase VDINTERAGEREDUR
02 10:53:29:090 Empiezo a leer forms vdinterageredur.frm
02 10:53:29:107 Termino parse forms vdinterageredur.frm
02 10:53:29:107 Ejecutando interfase VDINTERAGEREDUR
02 10:55:29:122 Empiezo a leer forms vdinterageredur.frm
02 10:55:29:140 Termino parse forms vdinterageredur.frm
02 10:55:29:141 Ejecutando interfase VDINTERAGEREDUR
02 10:57:29:157 Empiezo a leer forms vdinterageredur.frm
02 10:57:29:173 Termino parse forms vdinterageredur.frm
02 10:57:29:173 Ejecutando interfase VDINTERAGEREDUR
02 10:59:29:188 Empiezo a leer forms vdinterageredur.frm
02 10:59:29:207 Termino parse forms vdinterageredur.frm
02 10:59:29:207 Ejecutando interfase VDINTERAGEREDUR
02 11:01:29:235 Empiezo a leer forms vdinterageredur.frm
02 11:01:29:252 Termino parse forms vdinterageredur.frm
02 11:01:29:252 Ejecutando interfase VDINTERAGEREDUR
02 11:03:29:280 Empiezo a leer forms vdinterageredur.frm
02 11:03:29:297 Termino parse forms vdinterageredur.frm
02 11:03:29:297 Ejecutando interfase VDINTERAGEREDUR
02 11:05:29:313 Empiezo a leer forms vdinterageredur.frm
02 11:05:29:328 Termino parse forms vdinterageredur.frm
02 11:05:29:328 Ejecutando interfase VDINTERAGEREDUR
02 11:07:29:351 Empiezo a leer forms vdinterageredur.frm
02 11:07:29:370 Termino parse forms vdinterageredur.frm
02 11:07:29:371 Ejecutando interfase VDINTERAGEREDUR
02 11:09:29:393 Empiezo a leer forms vdinterageredur.frm
02 11:09:29:413 Termino parse forms vdinterageredur.frm
02 11:09:29:413 Ejecutando interfase VDINTERAGEREDUR
02 11:11:29:428 Empiezo a leer forms vdinterageredur.frm
02 11:11:29:447 Termino parse forms vdinterageredur.frm
02 11:11:29:447 Ejecutando interfase VDINTERAGEREDUR
02 11:13:29:467 Empiezo a leer forms vdinterageredur.frm
02 11:13:29:487 Termino parse forms vdinterageredur.frm
02 11:13:29:487 Ejecutando interfase VDINTERAGEREDUR
02 11:15:29:516 Empiezo a leer forms vdinterageredur.frm
02 11:15:29:526 Termino parse forms vdinterageredur.frm
02 11:15:29:526 Ejecutando interfase VDINTERAGEREDUR
02 11:17:29:535 Empiezo a leer forms vdinterageredur.frm
02 11:17:29:555 Termino parse forms vdinterageredur.frm
02 11:17:29:555 Ejecutando interfase VDINTERAGEREDUR
02 11:19:29:575 Empiezo a leer forms vdinterageredur.frm
02 11:19:29:592 Termino parse forms vdinterageredur.frm
02 11:19:29:592 Ejecutando interfase VDINTERAGEREDUR
02 11:21:29:621 Empiezo a leer forms vdinterageredur.frm
02 11:21:29:642 Termino parse forms vdinterageredur.frm
02 11:21:29:642 Ejecutando interfase VDINTERAGEREDUR
02 11:23:29:671 Empiezo a leer forms vdinterageredur.frm
02 11:23:29:681 Termino parse forms vdinterageredur.frm
02 11:23:29:681 Ejecutando interfase VDINTERAGEREDUR
02 11:25:29:702 Empiezo a leer forms vdinterageredur.frm
02 11:25:29:718 Termino parse forms vdinterageredur.frm
02 11:25:29:720 Ejecutando interfase VDINTERAGEREDUR
02 11:27:29:736 Empiezo a leer forms vdinterageredur.frm
02 11:27:29:753 Termino parse forms vdinterageredur.frm
02 11:27:29:753 Ejecutando interfase VDINTERAGEREDUR
02 11:29:29:775 Empiezo a leer forms vdinterageredur.frm
02 11:29:29:790 Termino parse forms vdinterageredur.frm
02 11:29:29:790 Ejecutando interfase VDINTERAGEREDUR
02 11:31:29:802 Empiezo a leer forms vdinterageredur.frm
02 11:31:29:821 Termino parse forms vdinterageredur.frm
02 11:31:29:821 Ejecutando interfase VDINTERAGEREDUR
02 11:33:29:843 Empiezo a leer forms vdinterageredur.frm
02 11:33:29:858 Termino parse forms vdinterageredur.frm
02 11:33:29:858 Ejecutando interfase VDINTERAGEREDUR
02 11:35:29:877 Empiezo a leer forms vdinterageredur.frm
02 11:35:29:892 Termino parse forms vdinterageredur.frm
02 11:35:29:892 Ejecutando interfase VDINTERAGEREDUR
02 11:37:29:910 Empiezo a leer forms vdinterageredur.frm
02 11:37:29:927 Termino parse forms vdinterageredur.frm
02 11:37:29:927 Ejecutando interfase VDINTERAGEREDUR
02 11:39:29:947 Empiezo a leer forms vdinterageredur.frm
02 11:39:29:962 Termino parse forms vdinterageredur.frm
02 11:39:29:962 Ejecutando interfase VDINTERAGEREDUR
02 11:41:29:977 Empiezo a leer forms vdinterageredur.frm
02 11:41:29:997 Termino parse forms vdinterageredur.frm
02 11:41:29:997 Ejecutando interfase VDINTERAGEREDUR
02 11:43:30:022 Empiezo a leer forms vdinterageredur.frm
02 11:43:30:044 Termino parse forms vdinterageredur.frm
02 11:43:30:045 Ejecutando interfase VDINTERAGEREDUR
02 11:45:30:057 Empiezo a leer forms vdinterageredur.frm
02 11:45:30:077 Termino parse forms vdinterageredur.frm
02 11:45:30:077 Ejecutando interfase VDINTERAGEREDUR
02 11:47:30:095 Empiezo a leer forms vdinterageredur.frm
02 11:47:30:114 Termino parse forms vdinterageredur.frm
02 11:47:30:114 Ejecutando interfase VDINTERAGEREDUR
02 11:49:30:129 Empiezo a leer forms vdinterageredur.frm
02 11:49:30:147 Termino parse forms vdinterageredur.frm
02 11:49:30:149 Ejecutando interfase VDINTERAGEREDUR
02 11:51:30:175 Empiezo a leer forms vdinterageredur.frm
02 11:51:30:190 Termino parse forms vdinterageredur.frm
02 11:51:30:190 Ejecutando interfase VDINTERAGEREDUR
02 11:53:30:197 Empiezo a leer forms vdinterageredur.frm
02 11:53:30:205 Termino parse forms vdinterageredur.frm
02 11:53:30:205 Ejecutando interfase VDINTERAGEREDUR
02 11:55:30:212 Empiezo a leer forms vdinterageredur.frm
02 11:55:30:230 Termino parse forms vdinterageredur.frm
02 11:55:30:230 Ejecutando interfase VDINTERAGEREDUR
02 11:57:30:242 Empiezo a leer forms vdinterageredur.frm
02 11:57:30:257 Termino parse forms vdinterageredur.frm
02 11:57:30:259 Ejecutando interfase VDINTERAGEREDUR
02 11:59:30:277 Empiezo a leer forms vdinterageredur.frm
02 11:59:30:295 Termino parse forms vdinterageredur.frm
02 11:59:30:295 Ejecutando interfase VDINTERAGEREDUR
02 12:01:30:314 Empiezo a leer forms vdinterageredur.frm
02 12:01:30:329 Termino parse forms vdinterageredur.frm
02 12:01:30:329 Ejecutando interfase VDINTERAGEREDUR
02 12:03:30:347 Empiezo a leer forms vdinterageredur.frm
02 12:03:30:365 Termino parse forms vdinterageredur.frm
02 12:03:30:365 Ejecutando interfase VDINTERAGEREDUR
02 12:05:30:380 Empiezo a leer forms vdinterageredur.frm
02 12:05:30:400 Termino parse forms vdinterageredur.frm
02 12:05:30:400 Ejecutando interfase VDINTERAGEREDUR
02 12:07:30:424 Empiezo a leer forms vdinterageredur.frm
02 12:07:30:442 Termino parse forms vdinterageredur.frm
02 12:07:30:442 Ejecutando interfase VDINTERAGEREDUR
02 12:09:30:455 Empiezo a leer forms vdinterageredur.frm
02 12:09:30:472 Termino parse forms vdinterageredur.frm
02 12:09:30:474 Ejecutando interfase VDINTERAGEREDUR
02 12:11:30:487 Empiezo a leer forms vdinterageredur.frm
02 12:11:30:505 Termino parse forms vdinterageredur.frm
02 12:11:30:505 Ejecutando interfase VDINTERAGEREDUR
02 12:13:30:525 Empiezo a leer forms vdinterageredur.frm
02 12:13:30:535 Termino parse forms vdinterageredur.frm
02 12:13:30:535 Ejecutando interfase VDINTERAGEREDUR
02 12:15:30:545 Empiezo a leer forms vdinterageredur.frm
02 12:15:30:564 Termino parse forms vdinterageredur.frm
02 12:15:30:564 Ejecutando interfase VDINTERAGEREDUR
02 12:17:30:582 Empiezo a leer forms vdinterageredur.frm
02 12:17:30:597 Termino parse forms vdinterageredur.frm
02 12:17:30:597 Ejecutando interfase VDINTERAGEREDUR
02 12:19:30:619 Empiezo a leer forms vdinterageredur.frm
02 12:19:30:625 Termino parse forms vdinterageredur.frm
02 12:19:30:625 Ejecutando interfase VDINTERAGEREDUR
02 12:21:30:642 Empiezo a leer forms vdinterageredur.frm
02 12:21:30:660 Termino parse forms vdinterageredur.frm
02 12:21:30:660 Ejecutando interfase VDINTERAGEREDUR
02 12:23:30:685 Empiezo a leer forms vdinterageredur.frm
02 12:23:30:707 Termino parse forms vdinterageredur.frm
02 12:23:30:707 Ejecutando interfase VDINTERAGEREDUR
02 12:25:30:725 Empiezo a leer forms vdinterageredur.frm
02 12:25:30:744 Termino parse forms vdinterageredur.frm
02 12:25:30:745 Ejecutando interfase VDINTERAGEREDUR
02 12:27:30:765 Empiezo a leer forms vdinterageredur.frm
02 12:27:30:784 Termino parse forms vdinterageredur.frm
02 12:27:30:784 Ejecutando interfase VDINTERAGEREDUR
02 12:29:30:799 Empiezo a leer forms vdinterageredur.frm
02 12:29:30:817 Termino parse forms vdinterageredur.frm
02 12:29:30:819 Ejecutando interfase VDINTERAGEREDUR
02 12:31:30:842 Empiezo a leer forms vdinterageredur.frm
02 12:31:30:859 Termino parse forms vdinterageredur.frm
02 12:31:30:859 Ejecutando interfase VDINTERAGEREDUR
02 12:33:30:880 Empiezo a leer forms vdinterageredur.frm
02 12:33:30:900 Termino parse forms vdinterageredur.frm
02 12:33:30:900 Ejecutando interfase VDINTERAGEREDUR
02 12:35:30:914 Empiezo a leer forms vdinterageredur.frm
02 12:35:30:927 Termino parse forms vdinterageredur.frm
02 12:35:30:929 Ejecutando interfase VDINTERAGEREDUR
02 12:37:30:940 Empiezo a leer forms vdinterageredur.frm
02 12:37:30:957 Termino parse forms vdinterageredur.frm
02 12:37:30:957 Ejecutando interfase VDINTERAGEREDUR
02 12:39:30:979 Empiezo a leer forms vdinterageredur.frm
02 12:39:30:994 Termino parse forms vdinterageredur.frm
02 12:39:30:994 Ejecutando interfase VDINTERAGEREDUR
02 12:41:31:015 Empiezo a leer forms vdinterageredur.frm
02 12:41:31:029 Termino parse forms vdinterageredur.frm
02 12:41:31:029 Ejecutando interfase VDINTERAGEREDUR
02 12:43:31:052 Empiezo a leer forms vdinterageredur.frm
02 12:43:31:072 Termino parse forms vdinterageredur.frm
02 12:43:31:072 Ejecutando interfase VDINTERAGEREDUR
02 12:45:31:087 Empiezo a leer forms vdinterageredur.frm
02 12:45:31:095 Termino parse forms vdinterageredur.frm
02 12:45:31:095 Ejecutando interfase VDINTERAGEREDUR
02 12:47:31:107 Empiezo a leer forms vdinterageredur.frm
02 12:47:31:122 Termino parse forms vdinterageredur.frm
02 12:47:31:124 Ejecutando interfase VDINTERAGEREDUR
02 12:49:31:145 Empiezo a leer forms vdinterageredur.frm
02 12:49:31:159 Termino parse forms vdinterageredur.frm
02 12:49:31:159 Ejecutando interfase VDINTERAGEREDUR
02 12:51:31:172 Empiezo a leer forms vdinterageredur.frm
02 12:51:31:190 Termino parse forms vdinterageredur.frm
02 12:51:31:190 Ejecutando interfase VDINTERAGEREDUR
02 12:53:31:214 Empiezo a leer forms vdinterageredur.frm
02 12:53:31:234 Termino parse forms vdinterageredur.frm
02 12:53:31:234 Ejecutando interfase VDINTERAGEREDUR
02 12:55:31:257 Empiezo a leer forms vdinterageredur.frm
02 12:55:31:277 Termino parse forms vdinterageredur.frm
02 12:55:31:277 Ejecutando interfase VDINTERAGEREDUR
02 12:57:31:300 Empiezo a leer forms vdinterageredur.frm
02 12:57:31:315 Termino parse forms vdinterageredur.frm
02 12:57:31:315 Ejecutando interfase VDINTERAGEREDUR
02 12:59:31:329 Empiezo a leer forms vdinterageredur.frm
02 12:59:31:342 Termino parse forms vdinterageredur.frm
02 12:59:31:342 Ejecutando interfase VDINTERAGEREDUR
02 13:01:31:357 Empiezo a leer forms vdinterageredur.frm
02 13:01:31:375 Termino parse forms vdinterageredur.frm
02 13:01:31:377 Ejecutando interfase VDINTERAGEREDUR
02 13:03:31:402 Empiezo a leer forms vdinterageredur.frm
02 13:03:31:422 Termino parse forms vdinterageredur.frm
02 13:03:31:422 Ejecutando interfase VDINTERAGEREDUR
02 13:05:31:442 Empiezo a leer forms vdinterageredur.frm
02 13:05:31:460 Termino parse forms vdinterageredur.frm
02 13:05:31:460 Ejecutando interfase VDINTERAGEREDUR
02 13:07:31:480 Empiezo a leer forms vdinterageredur.frm
02 13:07:31:499 Termino parse forms vdinterageredur.frm
02 13:07:31:499 Ejecutando interfase VDINTERAGEREDUR
02 13:09:31:517 Empiezo a leer forms vdinterageredur.frm
02 13:09:31:539 Termino parse forms vdinterageredur.frm
02 13:09:31:539 Ejecutando interfase VDINTERAGEREDUR
02 13:11:31:562 Empiezo a leer forms vdinterageredur.frm
02 13:11:31:577 Termino parse forms vdinterageredur.frm
02 13:11:31:577 Ejecutando interfase VDINTERAGEREDUR
02 13:13:31:597 Empiezo a leer forms vdinterageredur.frm
02 13:13:31:614 Termino parse forms vdinterageredur.frm
02 13:13:31:615 Ejecutando interfase VDINTERAGEREDUR
02 13:15:31:635 Empiezo a leer forms vdinterageredur.frm
02 13:15:31:654 Termino parse forms vdinterageredur.frm
02 13:15:31:654 Ejecutando interfase VDINTERAGEREDUR
02 13:17:31:670 Empiezo a leer forms vdinterageredur.frm
02 13:17:31:690 Termino parse forms vdinterageredur.frm
02 13:17:31:690 Ejecutando interfase VDINTERAGEREDUR
02 13:19:31:720 Empiezo a leer forms vdinterageredur.frm
02 13:19:31:735 Termino parse forms vdinterageredur.frm
02 13:19:31:735 Ejecutando interfase VDINTERAGEREDUR
02 13:21:31:750 Empiezo a leer forms vdinterageredur.frm
02 13:21:31:772 Termino parse forms vdinterageredur.frm
02 13:21:31:772 Ejecutando interfase VDINTERAGEREDUR
02 13:23:31:790 Empiezo a leer forms vdinterageredur.frm
02 13:23:31:807 Termino parse forms vdinterageredur.frm
02 13:23:31:807 Ejecutando interfase VDINTERAGEREDUR
02 13:25:31:824 Empiezo a leer forms vdinterageredur.frm
02 13:25:31:835 Termino parse forms vdinterageredur.frm
02 13:25:31:835 Ejecutando interfase VDINTERAGEREDUR
02 13:27:31:857 Empiezo a leer forms vdinterageredur.frm
02 13:27:31:870 Termino parse forms vdinterageredur.frm
02 13:27:31:870 Ejecutando interfase VDINTERAGEREDUR
02 13:29:31:884 Empiezo a leer forms vdinterageredur.frm
02 13:29:31:904 Termino parse forms vdinterageredur.frm
02 13:29:31:904 Ejecutando interfase VDINTERAGEREDUR
02 13:31:31:925 Empiezo a leer forms vdinterageredur.frm
02 13:31:31:944 Termino parse forms vdinterageredur.frm
02 13:31:31:945 Ejecutando interfase VDINTERAGEREDUR
02 13:33:31:960 Empiezo a leer forms vdinterageredur.frm
02 13:33:31:982 Termino parse forms vdinterageredur.frm
02 13:33:31:982 Ejecutando interfase VDINTERAGEREDUR
02 13:35:32:002 Empiezo a leer forms vdinterageredur.frm
02 13:35:32:024 Termino parse forms vdinterageredur.frm
02 13:35:32:025 Ejecutando interfase VDINTERAGEREDUR
02 13:37:32:050 Empiezo a leer forms vdinterageredur.frm
02 13:37:32:070 Termino parse forms vdinterageredur.frm
02 13:37:32:070 Ejecutando interfase VDINTERAGEREDUR
02 13:39:32:090 Empiezo a leer forms vdinterageredur.frm
02 13:39:32:110 Termino parse forms vdinterageredur.frm
02 13:39:32:112 Ejecutando interfase VDINTERAGEREDUR
02 13:41:32:134 Empiezo a leer forms vdinterageredur.frm
02 13:41:32:142 Termino parse forms vdinterageredur.frm
02 13:41:32:142 Ejecutando interfase VDINTERAGEREDUR
02 13:43:32:162 Empiezo a leer forms vdinterageredur.frm
02 13:43:32:169 Termino parse forms vdinterageredur.frm
02 13:43:32:170 Ejecutando interfase VDINTERAGEREDUR
02 13:45:32:185 Empiezo a leer forms vdinterageredur.frm
02 13:45:32:192 Termino parse forms vdinterageredur.frm
02 13:45:32:194 Ejecutando interfase VDINTERAGEREDUR
02 13:47:32:210 Empiezo a leer forms vdinterageredur.frm
02 13:47:32:225 Termino parse forms vdinterageredur.frm
02 13:47:32:225 Ejecutando interfase VDINTERAGEREDUR
02 13:49:32:242 Empiezo a leer forms vdinterageredur.frm
02 13:49:32:257 Termino parse forms vdinterageredur.frm
02 13:49:32:257 Ejecutando interfase VDINTERAGEREDUR

00 13:50:25:450 Fichero de log cerrado.

00 13:50:30:087 Fichero de log abierto PID 7612

02 13:50:30:090 Intentando abrir fichero v10.ini
02 13:50:30:097 Cargando driver v10oracle funcion damedriveroracle
02 13:50:30:995 Conectado a base de datos
02 13:50:30:997 Proceso ENVIOREDUR encontrado en tabla VDPROCESOS
02 13:50:31:004 Proceso ENVIOREDUR cargado con función interfasesalida (Librería VDINTERFASES.DLL) direccion 061CCC80
02 13:50:31:006 PLSQL: INICIALIZADO PAQUETE DE LOG EL DIA 29-03-2022
02 13:50:31:017 Actualizado SID 265 SERIAL 60772 del proceso con PID 7612
00 13:50:31:024 Error al abrir fichero VDST.H
02 13:50:31:025 Empiezo a leer forms vdinterageredur.frm
02 13:50:31:067 Termino parse forms vdinterageredur.frm
02 13:50:31:067 Ejecutando interfase VDINTERAGEREDUR
02 13:52:31:082 Empiezo a leer forms vdinterageredur.frm
02 13:52:31:100 Termino parse forms vdinterageredur.frm
02 13:52:31:100 Ejecutando interfase VDINTERAGEREDUR
02 13:54:31:110 Empiezo a leer forms vdinterageredur.frm
02 13:54:31:130 Termino parse forms vdinterageredur.frm
02 13:54:31:130 Ejecutando interfase VDINTERAGEREDUR
02 13:56:31:150 Empiezo a leer forms vdinterageredur.frm
02 13:56:31:170 Termino parse forms vdinterageredur.frm
02 13:56:31:170 Ejecutando interfase VDINTERAGEREDUR

00 13:56:42:807 Fichero de log cerrado.

00 13:56:46:192 Fichero de log abierto PID 14424

02 13:56:46:195 Intentando abrir fichero v10.ini
02 13:56:46:202 Cargando driver v10oracle funcion damedriveroracle
02 13:56:47:064 Conectado a base de datos
02 13:56:47:065 Proceso ENVIOREDUR encontrado en tabla VDPROCESOS
02 13:56:47:072 Proceso ENVIOREDUR cargado con función interfasesalida (Librería VDINTERFASES.DLL) direccion 061CCC80
02 13:56:47:074 PLSQL: INICIALIZADO PAQUETE DE LOG EL DIA 29-03-2022
02 13:56:47:085 Actualizado SID 258 SERIAL 12824 del proceso con PID 14424
00 13:56:47:090 Error al abrir fichero VDST.H
02 13:56:47:092 Empiezo a leer forms vdinterageredur.frm
02 13:56:47:125 Termino parse forms vdinterageredur.frm
02 13:56:47:125 Ejecutando interfase VDINTERAGEREDUR
02 13:58:47:142 Empiezo a leer forms vdinterageredur.frm
02 13:58:47:150 Termino parse forms vdinterageredur.frm
02 13:58:47:150 Ejecutando interfase VDINTERAGEREDUR
02 14:00:47:167 Empiezo a leer forms vdinterageredur.frm
02 14:00:47:189 Termino parse forms vdinterageredur.frm
02 14:00:47:189 Ejecutando interfase VDINTERAGEREDUR
02 14:02:47:204 Empiezo a leer forms vdinterageredur.frm
02 14:02:47:225 Termino parse forms vdinterageredur.frm
02 14:02:47:225 Ejecutando interfase VDINTERAGEREDUR
02 14:04:47:240 Empiezo a leer forms vdinterageredur.frm
02 14:04:47:260 Termino parse forms vdinterageredur.frm
02 14:04:47:260 Ejecutando interfase VDINTERAGEREDUR
02 14:06:47:284 Empiezo a leer forms vdinterageredur.frm
02 14:06:47:300 Termino parse forms vdinterageredur.frm
02 14:06:47:300 Ejecutando interfase VDINTERAGEREDUR
02 14:08:47:322 Empiezo a leer forms vdinterageredur.frm
02 14:08:47:329 Termino parse forms vdinterageredur.frm
02 14:08:47:329 Ejecutando interfase VDINTERAGEREDUR
02 14:10:47:342 Empiezo a leer forms vdinterageredur.frm
02 14:10:47:362 Termino parse forms vdinterageredur.frm
02 14:10:47:362 Ejecutando interfase VDINTERAGEREDUR
02 14:12:47:382 Empiezo a leer forms vdinterageredur.frm
02 14:12:47:390 Termino parse forms vdinterageredur.frm
02 14:12:47:390 Ejecutando interfase VDINTERAGEREDUR
02 14:14:47:402 Empiezo a leer forms vdinterageredur.frm
02 14:14:47:409 Termino parse forms vdinterageredur.frm
02 14:14:47:409 Ejecutando interfase VDINTERAGEREDUR
02 14:16:47:417 Empiezo a leer forms vdinterageredur.frm
02 14:16:47:425 Termino parse forms vdinterageredur.frm
02 14:16:47:425 Ejecutando interfase VDINTERAGEREDUR
02 14:18:47:437 Empiezo a leer forms vdinterageredur.frm
02 14:18:47:449 Termino parse forms vdinterageredur.frm
02 14:18:47:449 Ejecutando interfase VDINTERAGEREDUR
02 14:20:47:457 Empiezo a leer forms vdinterageredur.frm
02 14:20:47:467 Termino parse forms vdinterageredur.frm
02 14:20:47:467 Ejecutando interfase VDINTERAGEREDUR
02 14:22:47:475 Empiezo a leer forms vdinterageredur.frm
02 14:22:47:489 Termino parse forms vdinterageredur.frm
02 14:22:47:490 Ejecutando interfase VDINTERAGEREDUR
02 14:24:47:509 Empiezo a leer forms vdinterageredur.frm
02 14:24:47:517 Termino parse forms vdinterageredur.frm
02 14:24:47:517 Ejecutando interfase VDINTERAGEREDUR
02 14:26:47:532 Empiezo a leer forms vdinterageredur.frm
02 14:26:47:540 Termino parse forms vdinterageredur.frm
02 14:26:47:540 Ejecutando interfase VDINTERAGEREDUR
02 14:28:47:555 Empiezo a leer forms vdinterageredur.frm
02 14:28:47:562 Termino parse forms vdinterageredur.frm
02 14:28:47:562 Ejecutando interfase VDINTERAGEREDUR
02 14:30:47:582 Empiezo a leer forms vdinterageredur.frm
02 14:30:47:592 Termino parse forms vdinterageredur.frm
02 14:30:47:592 Ejecutando interfase VDINTERAGEREDUR
02 14:32:47:612 Empiezo a leer forms vdinterageredur.frm
02 14:32:47:625 Termino parse forms vdinterageredur.frm
02 14:32:47:625 Ejecutando interfase VDINTERAGEREDUR
02 14:34:47:635 Empiezo a leer forms vdinterageredur.frm
02 14:34:47:647 Termino parse forms vdinterageredur.frm
02 14:34:47:647 Ejecutando interfase VDINTERAGEREDUR
02 14:36:47:655 Empiezo a leer forms vdinterageredur.frm
02 14:36:47:667 Termino parse forms vdinterageredur.frm
02 14:36:47:667 Ejecutando interfase VDINTERAGEREDUR
02 14:38:47:680 Empiezo a leer forms vdinterageredur.frm
02 14:38:47:690 Termino parse forms vdinterageredur.frm
02 14:38:47:690 Ejecutando interfase VDINTERAGEREDUR
02 15:29:43:335 Empiezo a leer forms vdinterageredur.frm
02 15:29:43:344 Termino parse forms vdinterageredur.frm
02 15:29:43:344 Ejecutando interfase VDINTERAGEREDUR
02 15:31:43:352 Empiezo a leer forms vdinterageredur.frm
02 15:31:43:362 Termino parse forms vdinterageredur.frm
02 15:31:43:362 Ejecutando interfase VDINTERAGEREDUR

00 15:32:15:834 Fichero de log cerrado.

00 15:32:21:495 Fichero de log abierto PID 17968

02 15:32:21:497 Intentando abrir fichero v10.ini
02 15:32:21:504 Cargando driver v10oracle funcion damedriveroracle
02 15:32:22:310 Conectado a base de datos
02 15:32:22:312 Proceso ENVIOREDUR encontrado en tabla VDPROCESOS
02 15:32:22:319 Proceso ENVIOREDUR cargado con función interfasesalida (Librería VDINTERFASES.DLL) direccion 069CCC80
02 15:32:22:321 PLSQL: INICIALIZADO PAQUETE DE LOG EL DIA 29-03-2022
02 15:32:22:334 Actualizado SID 751 SERIAL 35744 del proceso con PID 17968
00 15:32:22:339 Error al abrir fichero VDST.H
02 15:32:22:340 Empiezo a leer forms vdinterageredur.frm
02 15:32:22:380 Termino parse forms vdinterageredur.frm
02 15:32:22:380 Ejecutando interfase VDINTERAGEREDUR
02 15:34:22:399 Empiezo a leer forms vdinterageredur.frm
02 15:34:22:410 Termino parse forms vdinterageredur.frm
02 15:34:22:410 Ejecutando interfase VDINTERAGEREDUR
02 15:36:22:424 Empiezo a leer forms vdinterageredur.frm
02 15:36:22:437 Termino parse forms vdinterageredur.frm
02 15:36:22:437 Ejecutando interfase VDINTERAGEREDUR
02 15:38:22:460 Empiezo a leer forms vdinterageredur.frm
02 15:38:22:474 Termino parse forms vdinterageredur.frm
02 15:38:22:474 Ejecutando interfase VDINTERAGEREDUR
02 15:40:22:499 Empiezo a leer forms vdinterageredur.frm
02 15:40:22:517 Termino parse forms vdinterageredur.frm
02 15:40:22:517 Ejecutando interfase VDINTERAGEREDUR
02 15:42:22:540 Empiezo a leer forms vdinterageredur.frm
02 15:42:22:559 Termino parse forms vdinterageredur.frm
02 15:42:22:559 Ejecutando interfase VDINTERAGEREDUR
02 15:44:22:572 Empiezo a leer forms vdinterageredur.frm
02 15:44:22:592 Termino parse forms vdinterageredur.frm
02 15:44:22:592 Ejecutando interfase VDINTERAGEREDUR
02 15:46:22:615 Empiezo a leer forms vdinterageredur.frm
02 15:46:22:627 Termino parse forms vdinterageredur.frm
02 15:46:22:627 Ejecutando interfase VDINTERAGEREDUR
02 15:48:22:655 Empiezo a leer forms vdinterageredur.frm
02 15:48:22:674 Termino parse forms vdinterageredur.frm
02 15:48:22:674 Ejecutando interfase VDINTERAGEREDUR
02 15:50:22:690 Empiezo a leer forms vdinterageredur.frm
02 15:50:22:710 Termino parse forms vdinterageredur.frm
02 15:50:22:710 Ejecutando interfase VDINTERAGEREDUR
02 15:52:22:727 Empiezo a leer forms vdinterageredur.frm
02 15:52:22:747 Termino parse forms vdinterageredur.frm
02 15:52:22:747 Ejecutando interfase VDINTERAGEREDUR
02 15:54:22:775 Empiezo a leer forms vdinterageredur.frm
02 15:54:22:794 Termino parse forms vdinterageredur.frm
02 15:54:22:795 Ejecutando interfase VDINTERAGEREDUR
02 15:56:22:812 Empiezo a leer forms vdinterageredur.frm
02 15:56:22:825 Termino parse forms vdinterageredur.frm
02 15:56:22:825 Ejecutando interfase VDINTERAGEREDUR
02 15:58:22:842 Empiezo a leer forms vdinterageredur.frm
02 15:58:22:855 Termino parse forms vdinterageredur.frm
02 15:58:22:855 Ejecutando interfase VDINTERAGEREDUR
02 16:00:22:862 Empiezo a leer forms vdinterageredur.frm
02 16:00:22:875 Termino parse forms vdinterageredur.frm
02 16:00:22:875 Ejecutando interfase VDINTERAGEREDUR
02 16:02:22:894 Empiezo a leer forms vdinterageredur.frm
02 16:02:22:905 Termino parse forms vdinterageredur.frm
02 16:02:22:905 Ejecutando interfase VDINTERAGEREDUR
02 16:04:22:912 Empiezo a leer forms vdinterageredur.frm
02 16:04:22:922 Termino parse forms vdinterageredur.frm
02 16:04:22:922 Ejecutando interfase VDINTERAGEREDUR
02 16:06:22:940 Empiezo a leer forms vdinterageredur.frm
02 16:06:22:949 Termino parse forms vdinterageredur.frm
02 16:06:22:949 Ejecutando interfase VDINTERAGEREDUR
02 16:08:22:964 Empiezo a leer forms vdinterageredur.frm
02 16:08:22:972 Termino parse forms vdinterageredur.frm
02 16:08:22:972 Ejecutando interfase VDINTERAGEREDUR
02 16:10:22:984 Empiezo a leer forms vdinterageredur.frm
02 16:10:22:992 Termino parse forms vdinterageredur.frm
02 16:10:22:992 Ejecutando interfase VDINTERAGEREDUR
02 16:12:23:010 Empiezo a leer forms vdinterageredur.frm
02 16:12:23:020 Termino parse forms vdinterageredur.frm
02 16:12:23:020 Ejecutando interfase VDINTERAGEREDUR
02 16:14:23:032 Empiezo a leer forms vdinterageredur.frm
02 16:14:23:045 Termino parse forms vdinterageredur.frm
02 16:14:23:045 Ejecutando interfase VDINTERAGEREDUR
02 16:16:23:069 Empiezo a leer forms vdinterageredur.frm
02 16:16:23:084 Termino parse forms vdinterageredur.frm
02 16:16:23:085 Ejecutando interfase VDINTERAGEREDUR
02 16:18:23:100 Empiezo a leer forms vdinterageredur.frm
02 16:18:23:114 Termino parse forms vdinterageredur.frm
02 16:18:23:115 Ejecutando interfase VDINTERAGEREDUR
02 16:20:23:130 Empiezo a leer forms vdinterageredur.frm
02 16:20:23:140 Termino parse forms vdinterageredur.frm
02 16:20:23:140 Ejecutando interfase VDINTERAGEREDUR
02 16:22:23:152 Empiezo a leer forms vdinterageredur.frm
02 16:22:23:160 Termino parse forms vdinterageredur.frm
02 16:22:23:160 Ejecutando interfase VDINTERAGEREDUR
02 16:24:23:179 Empiezo a leer forms vdinterageredur.frm
02 16:24:23:190 Termino parse forms vdinterageredur.frm
02 16:24:23:190 Ejecutando interfase VDINTERAGEREDUR
02 16:26:23:205 Empiezo a leer forms vdinterageredur.frm
02 16:26:23:215 Termino parse forms vdinterageredur.frm
02 16:26:23:215 Ejecutando interfase VDINTERAGEREDUR
02 16:28:23:225 Empiezo a leer forms vdinterageredur.frm
02 16:28:23:232 Termino parse forms vdinterageredur.frm
02 16:28:23:232 Ejecutando interfase VDINTERAGEREDUR
02 16:30:23:247 Empiezo a leer forms vdinterageredur.frm
02 16:30:23:262 Termino parse forms vdinterageredur.frm
02 16:30:23:262 Ejecutando interfase VDINTERAGEREDUR
02 16:32:23:272 Empiezo a leer forms vdinterageredur.frm
02 16:32:23:285 Termino parse forms vdinterageredur.frm
02 16:32:23:285 Ejecutando interfase VDINTERAGEREDUR
02 16:34:23:299 Empiezo a leer forms vdinterageredur.frm
02 16:34:23:310 Termino parse forms vdinterageredur.frm
02 16:34:23:312 Ejecutando interfase VDINTERAGEREDUR
02 16:36:23:325 Empiezo a leer forms vdinterageredur.frm
02 16:36:23:332 Termino parse forms vdinterageredur.frm
02 16:36:23:332 Ejecutando interfase VDINTERAGEREDUR
02 16:38:23:352 Empiezo a leer forms vdinterageredur.frm
02 16:38:23:364 Termino parse forms vdinterageredur.frm
02 16:38:23:365 Ejecutando interfase VDINTERAGEREDUR
02 16:40:23:379 Empiezo a leer forms vdinterageredur.frm
02 16:40:23:387 Termino parse forms vdinterageredur.frm
02 16:40:23:387 Ejecutando interfase VDINTERAGEREDUR
02 16:42:23:397 Empiezo a leer forms vdinterageredur.frm
02 16:42:23:405 Termino parse forms vdinterageredur.frm
02 16:42:23:405 Ejecutando interfase VDINTERAGEREDUR
02 16:44:23:410 Empiezo a leer forms vdinterageredur.frm
02 16:44:23:419 Termino parse forms vdinterageredur.frm
02 16:44:23:419 Ejecutando interfase VDINTERAGEREDUR
02 16:46:23:437 Empiezo a leer forms vdinterageredur.frm
02 16:46:23:449 Termino parse forms vdinterageredur.frm
02 16:46:23:449 Ejecutando interfase VDINTERAGEREDUR
02 16:48:23:467 Empiezo a leer forms vdinterageredur.frm
02 16:48:23:477 Termino parse forms vdinterageredur.frm
02 16:48:23:477 Ejecutando interfase VDINTERAGEREDUR
02 16:50:23:495 Empiezo a leer forms vdinterageredur.frm
02 16:50:23:504 Termino parse forms vdinterageredur.frm
02 16:50:23:504 Ejecutando interfase VDINTERAGEREDUR
02 16:52:23:520 Empiezo a leer forms vdinterageredur.frm
02 16:52:23:527 Termino parse forms vdinterageredur.frm
02 16:52:23:527 Ejecutando interfase VDINTERAGEREDUR
02 16:54:23:545 Empiezo a leer forms vdinterageredur.frm
02 16:54:23:557 Termino parse forms vdinterageredur.frm
02 16:54:23:557 Ejecutando interfase VDINTERAGEREDUR
02 16:56:23:579 Empiezo a leer forms vdinterageredur.frm
02 16:56:23:592 Termino parse forms vdinterageredur.frm
02 16:56:23:592 Ejecutando interfase VDINTERAGEREDUR
02 16:58:23:604 Empiezo a leer forms vdinterageredur.frm
02 16:58:23:617 Termino parse forms vdinterageredur.frm
02 16:58:23:617 Ejecutando interfase VDINTERAGEREDUR
02 17:00:23:627 Empiezo a leer forms vdinterageredur.frm
02 17:00:23:640 Termino parse forms vdinterageredur.frm
02 17:00:23:640 Ejecutando interfase VDINTERAGEREDUR
02 17:02:23:657 Empiezo a leer forms vdinterageredur.frm
02 17:02:23:667 Termino parse forms vdinterageredur.frm
02 17:02:23:667 Ejecutando interfase VDINTERAGEREDUR
02 17:04:23:682 Empiezo a leer forms vdinterageredur.frm
02 17:04:23:694 Termino parse forms vdinterageredur.frm
02 17:04:23:694 Ejecutando interfase VDINTERAGEREDUR
02 17:06:23:705 Empiezo a leer forms vdinterageredur.frm
02 17:06:23:717 Termino parse forms vdinterageredur.frm
02 17:06:23:717 Ejecutando interfase VDINTERAGEREDUR
02 17:08:23:737 Empiezo a leer forms vdinterageredur.frm
02 17:08:23:750 Termino parse forms vdinterageredur.frm
02 17:08:23:750 Ejecutando interfase VDINTERAGEREDUR
02 17:10:23:767 Empiezo a leer forms vdinterageredur.frm
02 17:10:23:777 Termino parse forms vdinterageredur.frm
02 17:10:23:777 Ejecutando interfase VDINTERAGEREDUR
02 17:12:23:787 Empiezo a leer forms vdinterageredur.frm
02 17:12:23:799 Termino parse forms vdinterageredur.frm
02 17:12:23:799 Ejecutando interfase VDINTERAGEREDUR
02 17:14:23:809 Empiezo a leer forms vdinterageredur.frm
02 17:14:23:820 Termino parse forms vdinterageredur.frm
02 17:14:23:820 Ejecutando interfase VDINTERAGEREDUR
02 17:16:23:842 Empiezo a leer forms vdinterageredur.frm
02 17:16:23:850 Termino parse forms vdinterageredur.frm
02 17:16:23:850 Ejecutando interfase VDINTERAGEREDUR
02 17:18:23:857 Empiezo a leer forms vdinterageredur.frm
02 17:18:23:870 Termino parse forms vdinterageredur.frm
02 17:18:23:870 Ejecutando interfase VDINTERAGEREDUR
02 17:20:23:885 Empiezo a leer forms vdinterageredur.frm
02 17:20:23:895 Termino parse forms vdinterageredur.frm
02 17:20:23:895 Ejecutando interfase VDINTERAGEREDUR
02 17:22:23:915 Empiezo a leer forms vdinterageredur.frm
02 17:22:23:925 Termino parse forms vdinterageredur.frm
02 17:22:23:925 Ejecutando interfase VDINTERAGEREDUR
02 17:24:23:937 Empiezo a leer forms vdinterageredur.frm
02 17:24:23:949 Termino parse forms vdinterageredur.frm
02 17:24:23:950 Ejecutando interfase VDINTERAGEREDUR
02 17:26:23:959 Empiezo a leer forms vdinterageredur.frm
02 17:26:23:969 Termino parse forms vdinterageredur.frm
02 17:26:23:969 Ejecutando interfase VDINTERAGEREDUR
02 17:28:23:980 Empiezo a leer forms vdinterageredur.frm
02 17:28:23:995 Termino parse forms vdinterageredur.frm
02 17:28:23:995 Ejecutando interfase VDINTERAGEREDUR
02 17:30:24:015 Empiezo a leer forms vdinterageredur.frm
02 17:30:24:022 Termino parse forms vdinterageredur.frm
02 17:30:24:024 Ejecutando interfase VDINTERAGEREDUR
02 17:32:24:032 Empiezo a leer forms vdinterageredur.frm
02 17:32:24:040 Termino parse forms vdinterageredur.frm
02 17:32:24:040 Ejecutando interfase VDINTERAGEREDUR
02 17:34:24:060 Empiezo a leer forms vdinterageredur.frm
02 17:34:24:067 Termino parse forms vdinterageredur.frm
02 17:34:24:067 Ejecutando interfase VDINTERAGEREDUR
02 17:36:24:090 Empiezo a leer forms vdinterageredur.frm
02 17:36:24:100 Termino parse forms vdinterageredur.frm
02 17:36:24:100 Ejecutando interfase VDINTERAGEREDUR
02 17:38:24:122 Empiezo a leer forms vdinterageredur.frm
02 17:38:24:130 Termino parse forms vdinterageredur.frm
02 17:38:24:130 Ejecutando interfase VDINTERAGEREDUR
02 17:40:24:152 Empiezo a leer forms vdinterageredur.frm
02 17:40:24:162 Termino parse forms vdinterageredur.frm
02 17:40:24:164 Ejecutando interfase VDINTERAGEREDUR
02 17:42:24:180 Empiezo a leer forms vdinterageredur.frm
02 17:42:24:189 Termino parse forms vdinterageredur.frm
02 17:42:24:189 Ejecutando interfase VDINTERAGEREDUR

00 17:42:37:152 Fichero de log cerrado.

00 17:42:47:812 Fichero de log abierto PID 10808

02 17:42:47:814 Intentando abrir fichero v10.ini
02 17:42:47:822 Cargando driver v10oracle funcion damedriveroracle
02 17:42:48:449 Conectado a base de datos
02 17:42:48:450 Proceso ENVIOREDUR encontrado en tabla VDPROCESOS
02 17:42:48:457 Proceso ENVIOREDUR cargado con función interfasesalida (Librería VDINTERFASES.DLL) direccion 065CCC80
02 17:42:48:461 PLSQL: INICIALIZADO PAQUETE DE LOG EL DIA 29-03-2022
02 17:42:48:472 Actualizado SID 258 SERIAL 26005 del proceso con PID 10808
00 17:42:48:477 Error al abrir fichero VDST.H
02 17:42:48:480 Empiezo a leer forms vdinterageredur.frm
02 17:42:48:522 Termino parse forms vdinterageredur.frm
02 17:42:48:522 Ejecutando interfase VDINTERAGEREDUR
02 17:44:48:540 Empiezo a leer forms vdinterageredur.frm
02 17:44:48:550 Termino parse forms vdinterageredur.frm
02 17:44:48:550 Ejecutando interfase VDINTERAGEREDUR

00 17:45:26:707 Fichero de log cerrado.

00 17:45:32:387 Fichero de log abierto PID 18056

02 17:45:32:390 Intentando abrir fichero v10.ini
02 17:45:32:397 Cargando driver v10oracle funcion damedriveroracle
02 17:45:33:497 Conectado a base de datos
02 17:45:33:504 Proceso ENVIOREDUR encontrado en tabla VDPROCESOS
02 17:45:33:525 Proceso ENVIOREDUR cargado con función interfasesalida (Librería VDINTERFASES.DLL) direccion 06FECC80
02 17:45:33:532 PLSQL: INICIALIZADO PAQUETE DE LOG EL DIA 29-03-2022
02 17:45:33:565 Actualizado SID 132 SERIAL 37018 del proceso con PID 18056
00 17:45:33:584 Error al abrir fichero VDST.H
02 17:45:33:589 Empiezo a leer forms vdinterageredur.frm
02 17:45:33:730 Termino parse forms vdinterageredur.frm
02 17:45:33:730 Ejecutando interfase VDINTERAGEREDUR
02 17:47:33:759 Empiezo a leer forms vdinterageredur.frm
02 17:47:33:780 Termino parse forms vdinterageredur.frm
02 17:47:33:782 Ejecutando interfase VDINTERAGEREDUR
02 17:49:33:800 Empiezo a leer forms vdinterageredur.frm
02 17:49:33:820 Termino parse forms vdinterageredur.frm
02 17:49:33:820 Ejecutando interfase VDINTERAGEREDUR
02 17:51:33:844 Empiezo a leer forms vdinterageredur.frm
02 17:51:33:862 Termino parse forms vdinterageredur.frm
02 17:51:33:862 Ejecutando interfase VDINTERAGEREDUR
02 17:53:33:882 Empiezo a leer forms vdinterageredur.frm
02 17:53:33:902 Termino parse forms vdinterageredur.frm
02 17:53:33:902 Ejecutando interfase VDINTERAGEREDUR
02 17:55:33:919 Empiezo a leer forms vdinterageredur.frm
02 17:55:33:935 Termino parse forms vdinterageredur.frm
02 17:55:33:935 Ejecutando interfase VDINTERAGEREDUR
02 17:57:33:952 Empiezo a leer forms vdinterageredur.frm
02 17:57:33:970 Termino parse forms vdinterageredur.frm
02 17:57:33:972 Ejecutando interfase VDINTERAGEREDUR

00 17:58:58:369 Fichero de log cerrado.

