00 14:47:31:907 Fichero de log abierto PID 10764

02 14:47:31:915 Intentando abrir fichero v10.ini
02 14:47:31:915 Cargando driver v10oracle funcion damedriveroracle
02 14:47:32:322 Conectado a base de datos
02 14:47:32:330 Proceso ENVIORECEP encontrado en tabla VDPROCESOS
02 14:47:33:255 Proceso ENVIORECEP cargado con función interfasesalida (Librería VDINTERFASES.DLL) direccion 05E4CC80
02 14:47:33:256 PLSQL: INICIALIZADO PAQUETE DE LOG EL DIA 23-06-2022
02 14:47:33:265 Actualizado SID 387 SERIAL 61906 del proceso con PID 10764
00 14:47:33:265 Error al abrir fichero VDST.H
02 14:47:33:275 Empiezo a leer forms vdinterrecep.frm
02 14:47:33:315 Termino parse forms vdinterrecep.frm
02 14:47:33:315 Ejecutando interfase VDINTERRECEP
02 14:48:09:345 Empiezo a leer forms vdinterrecep.frm
02 14:48:09:352 Termino parse forms vdinterrecep.frm
02 14:48:09:352 Ejecutando interfase VDINTERRECEP
02 14:48:45:362 Empiezo a leer forms vdinterrecep.frm
02 14:48:45:369 Termino parse forms vdinterrecep.frm
02 14:48:45:369 Ejecutando interfase VDINTERRECEP
02 14:49:21:402 Empiezo a leer forms vdinterrecep.frm
02 14:49:21:402 Termino parse forms vdinterrecep.frm
02 14:49:21:402 Ejecutando interfase VDINTERRECEP
02 14:49:57:430 Empiezo a leer forms vdinterrecep.frm
02 14:49:57:430 Termino parse forms vdinterrecep.frm
02 14:49:57:430 Ejecutando interfase VDINTERRECEP
02 14:50:33:445 Empiezo a leer forms vdinterrecep.frm
02 14:50:33:460 Termino parse forms vdinterrecep.frm
02 14:50:33:460 Ejecutando interfase VDINTERRECEP
02 14:51:09:475 Empiezo a leer forms vdinterrecep.frm
02 14:51:09:475 Termino parse forms vdinterrecep.frm
02 14:51:09:475 Ejecutando interfase VDINTERRECEP
02 14:51:45:507 Empiezo a leer forms vdinterrecep.frm
02 14:51:45:507 Termino parse forms vdinterrecep.frm
02 14:51:45:507 Ejecutando interfase VDINTERRECEP
02 14:52:21:532 Empiezo a leer forms vdinterrecep.frm
02 14:52:21:537 Termino parse forms vdinterrecep.frm
02 14:52:21:537 Ejecutando interfase VDINTERRECEP
02 14:52:57:557 Empiezo a leer forms vdinterrecep.frm
02 14:52:57:557 Termino parse forms vdinterrecep.frm
02 14:52:57:557 Ejecutando interfase VDINTERRECEP
02 14:53:33:585 Empiezo a leer forms vdinterrecep.frm
02 14:53:33:594 Termino parse forms vdinterrecep.frm
02 14:53:33:594 Ejecutando interfase VDINTERRECEP
02 14:54:09:620 Empiezo a leer forms vdinterrecep.frm
02 14:54:09:620 Termino parse forms vdinterrecep.frm
02 14:54:09:620 Ejecutando interfase VDINTERRECEP
02 14:54:45:642 Empiezo a leer forms vdinterrecep.frm
02 14:54:45:642 Termino parse forms vdinterrecep.frm
02 14:54:45:642 Ejecutando interfase VDINTERRECEP
02 14:55:21:675 Empiezo a leer forms vdinterrecep.frm
02 14:55:21:675 Termino parse forms vdinterrecep.frm
02 14:55:21:675 Ejecutando interfase VDINTERRECEP
02 14:55:57:705 Empiezo a leer forms vdinterrecep.frm
02 14:55:57:712 Termino parse forms vdinterrecep.frm
02 14:55:57:712 Ejecutando interfase VDINTERRECEP
02 14:56:33:735 Empiezo a leer forms vdinterrecep.frm
02 14:56:33:744 Termino parse forms vdinterrecep.frm
02 14:56:33:744 Ejecutando interfase VDINTERRECEP
02 14:57:09:762 Empiezo a leer forms vdinterrecep.frm
02 14:57:09:770 Termino parse forms vdinterrecep.frm
02 14:57:09:770 Ejecutando interfase VDINTERRECEP
02 14:57:45:787 Empiezo a leer forms vdinterrecep.frm
02 14:57:45:800 Termino parse forms vdinterrecep.frm
02 14:57:45:800 Ejecutando interfase VDINTERRECEP
02 14:58:21:822 Empiezo a leer forms vdinterrecep.frm
02 14:58:21:830 Termino parse forms vdinterrecep.frm
02 14:58:21:830 Ejecutando interfase VDINTERRECEP
02 14:58:57:850 Empiezo a leer forms vdinterrecep.frm
02 14:58:57:859 Termino parse forms vdinterrecep.frm
02 14:58:57:859 Ejecutando interfase VDINTERRECEP
02 14:59:33:874 Empiezo a leer forms vdinterrecep.frm
02 14:59:33:885 Termino parse forms vdinterrecep.frm
02 14:59:33:885 Ejecutando interfase VDINTERRECEP
02 15:00:09:899 Empiezo a leer forms vdinterrecep.frm
02 15:00:09:907 Termino parse forms vdinterrecep.frm
02 15:00:09:907 Ejecutando interfase VDINTERRECEP
02 15:00:45:932 Empiezo a leer forms vdinterrecep.frm
02 15:00:45:940 Termino parse forms vdinterrecep.frm
02 15:00:45:940 Ejecutando interfase VDINTERRECEP
02 15:01:21:959 Empiezo a leer forms vdinterrecep.frm
02 15:01:21:970 Termino parse forms vdinterrecep.frm
02 15:01:21:970 Ejecutando interfase VDINTERRECEP
02 15:01:57:985 Empiezo a leer forms vdinterrecep.frm
02 15:01:57:997 Termino parse forms vdinterrecep.frm
02 15:01:57:997 Ejecutando interfase VDINTERRECEP
02 15:02:34:014 Empiezo a leer forms vdinterrecep.frm
02 15:02:34:022 Termino parse forms vdinterrecep.frm
02 15:02:34:025 Ejecutando interfase VDINTERRECEP
02 15:03:10:045 Empiezo a leer forms vdinterrecep.frm
02 15:03:10:055 Termino parse forms vdinterrecep.frm
02 15:03:10:055 Ejecutando interfase VDINTERRECEP
02 15:03:46:065 Empiezo a leer forms vdinterrecep.frm
02 15:03:46:077 Termino parse forms vdinterrecep.frm
02 15:03:46:077 Ejecutando interfase VDINTERRECEP
02 15:04:22:094 Empiezo a leer forms vdinterrecep.frm
02 15:04:22:105 Termino parse forms vdinterrecep.frm
02 15:04:22:105 Ejecutando interfase VDINTERRECEP
02 15:04:58:117 Empiezo a leer forms vdinterrecep.frm
02 15:04:58:129 Termino parse forms vdinterrecep.frm
02 15:04:58:129 Ejecutando interfase VDINTERRECEP
02 15:05:34:150 Empiezo a leer forms vdinterrecep.frm
02 15:05:34:157 Termino parse forms vdinterrecep.frm
02 15:05:34:157 Ejecutando interfase VDINTERRECEP
02 15:06:10:182 Empiezo a leer forms vdinterrecep.frm
02 15:06:10:185 Termino parse forms vdinterrecep.frm
02 15:06:10:185 Ejecutando interfase VDINTERRECEP
02 15:06:46:202 Empiezo a leer forms vdinterrecep.frm
02 15:06:46:214 Termino parse forms vdinterrecep.frm
02 15:06:46:214 Ejecutando interfase VDINTERRECEP
02 15:07:22:227 Empiezo a leer forms vdinterrecep.frm
02 15:07:22:235 Termino parse forms vdinterrecep.frm
02 15:07:22:235 Ejecutando interfase VDINTERRECEP
02 15:07:58:245 Empiezo a leer forms vdinterrecep.frm
02 15:07:58:257 Termino parse forms vdinterrecep.frm
02 15:07:58:257 Ejecutando interfase VDINTERRECEP
02 15:08:34:272 Empiezo a leer forms vdinterrecep.frm
02 15:08:34:285 Termino parse forms vdinterrecep.frm
02 15:08:34:285 Ejecutando interfase VDINTERRECEP
02 15:09:10:297 Empiezo a leer forms vdinterrecep.frm
02 15:09:10:307 Termino parse forms vdinterrecep.frm
02 15:09:10:307 Ejecutando interfase VDINTERRECEP
02 15:09:46:335 Empiezo a leer forms vdinterrecep.frm
02 15:09:46:344 Termino parse forms vdinterrecep.frm
02 15:09:46:344 Ejecutando interfase VDINTERRECEP
00 16:16:47:445 Programa finaliza por Error Oracle Fatal 3135 en cursor
	SELPROEJECUTAINMEDIATO

00 16:16:47:790 Fichero de log cerrado.

00 16:19:02:627 Fichero de log abierto PID 6088

02 16:19:02:644 Intentando abrir fichero v10.ini
02 16:19:02:647 Cargando driver v10oracle funcion damedriveroracle
02 16:19:03:194 Conectado a base de datos
02 16:19:03:195 Proceso ENVIORECEP encontrado en tabla VDPROCESOS
02 16:19:03:200 Proceso ENVIORECEP cargado con función interfasesalida (Librería VDINTERFASES.DLL) direccion 05E0CC80
02 16:19:03:203 PLSQL: INICIALIZADO PAQUETE DE LOG EL DIA 23-06-2022
02 16:19:03:212 Actualizado SID 509 SERIAL 29266 del proceso con PID 6088
00 16:19:03:217 Error al abrir fichero VDST.H
02 16:19:03:217 Empiezo a leer forms vdinterrecep.frm
02 16:19:03:232 Termino parse forms vdinterrecep.frm
02 16:19:03:232 Ejecutando interfase VDINTERRECEP
02 16:19:39:247 Empiezo a leer forms vdinterrecep.frm
02 16:19:39:255 Termino parse forms vdinterrecep.frm
02 16:19:39:255 Ejecutando interfase VDINTERRECEP
02 16:20:15:267 Empiezo a leer forms vdinterrecep.frm
02 16:20:15:275 Termino parse forms vdinterrecep.frm
02 16:20:15:275 Ejecutando interfase VDINTERRECEP
02 16:20:51:287 Empiezo a leer forms vdinterrecep.frm
02 16:20:51:299 Termino parse forms vdinterrecep.frm
02 16:20:51:300 Ejecutando interfase VDINTERRECEP
02 16:21:27:309 Empiezo a leer forms vdinterrecep.frm
02 16:21:27:317 Termino parse forms vdinterrecep.frm
02 16:21:27:317 Ejecutando interfase VDINTERRECEP
02 16:22:03:335 Empiezo a leer forms vdinterrecep.frm
02 16:22:03:342 Termino parse forms vdinterrecep.frm
02 16:22:03:342 Ejecutando interfase VDINTERRECEP
02 16:22:39:360 Empiezo a leer forms vdinterrecep.frm
02 16:22:39:369 Termino parse forms vdinterrecep.frm
02 16:22:39:369 Ejecutando interfase VDINTERRECEP
02 16:23:15:382 Empiezo a leer forms vdinterrecep.frm
02 16:23:15:390 Termino parse forms vdinterrecep.frm
02 16:23:15:390 Ejecutando interfase VDINTERRECEP
02 16:23:51:404 Empiezo a leer forms vdinterrecep.frm
02 16:23:51:414 Termino parse forms vdinterrecep.frm
02 16:23:51:414 Ejecutando interfase VDINTERRECEP
02 16:24:27:430 Empiezo a leer forms vdinterrecep.frm
02 16:24:27:444 Termino parse forms vdinterrecep.frm
02 16:24:27:444 Ejecutando interfase VDINTERRECEP
02 16:25:03:460 Empiezo a leer forms vdinterrecep.frm
02 16:25:03:470 Termino parse forms vdinterrecep.frm
02 16:25:03:470 Ejecutando interfase VDINTERRECEP
02 16:25:39:485 Empiezo a leer forms vdinterrecep.frm
02 16:25:39:492 Termino parse forms vdinterrecep.frm
02 16:25:39:492 Ejecutando interfase VDINTERRECEP
02 16:26:15:512 Empiezo a leer forms vdinterrecep.frm
02 16:26:15:520 Termino parse forms vdinterrecep.frm
02 16:26:15:520 Ejecutando interfase VDINTERRECEP
02 16:26:51:540 Empiezo a leer forms vdinterrecep.frm
02 16:26:51:547 Termino parse forms vdinterrecep.frm
02 16:26:51:547 Ejecutando interfase VDINTERRECEP
02 16:27:27:572 Empiezo a leer forms vdinterrecep.frm
02 16:27:27:577 Termino parse forms vdinterrecep.frm
02 16:27:27:577 Ejecutando interfase VDINTERRECEP
02 16:28:03:592 Empiezo a leer forms vdinterrecep.frm
02 16:28:03:600 Termino parse forms vdinterrecep.frm
02 16:28:03:600 Ejecutando interfase VDINTERRECEP
02 16:28:39:614 Empiezo a leer forms vdinterrecep.frm
02 16:28:39:625 Termino parse forms vdinterrecep.frm
02 16:28:39:625 Ejecutando interfase VDINTERRECEP
02 16:29:15:642 Empiezo a leer forms vdinterrecep.frm
02 16:29:15:652 Termino parse forms vdinterrecep.frm
02 16:29:15:652 Ejecutando interfase VDINTERRECEP
02 16:29:51:674 Empiezo a leer forms vdinterrecep.frm
02 16:29:51:679 Termino parse forms vdinterrecep.frm
02 16:29:51:679 Ejecutando interfase VDINTERRECEP
02 16:30:27:690 Empiezo a leer forms vdinterrecep.frm
02 16:30:27:700 Termino parse forms vdinterrecep.frm
02 16:30:27:700 Ejecutando interfase VDINTERRECEP
02 16:31:03:722 Empiezo a leer forms vdinterrecep.frm
02 16:31:03:730 Termino parse forms vdinterrecep.frm
02 16:31:03:732 Ejecutando interfase VDINTERRECEP
02 16:31:39:754 Empiezo a leer forms vdinterrecep.frm
02 16:31:39:762 Termino parse forms vdinterrecep.frm
02 16:31:39:762 Ejecutando interfase VDINTERRECEP
02 16:32:15:780 Empiezo a leer forms vdinterrecep.frm
02 16:32:15:785 Termino parse forms vdinterrecep.frm
02 16:32:15:785 Ejecutando interfase VDINTERRECEP
02 16:32:51:797 Empiezo a leer forms vdinterrecep.frm
02 16:32:51:805 Termino parse forms vdinterrecep.frm
02 16:32:51:805 Ejecutando interfase VDINTERRECEP
02 16:33:27:815 Empiezo a leer forms vdinterrecep.frm
02 16:33:27:822 Termino parse forms vdinterrecep.frm
02 16:33:27:822 Ejecutando interfase VDINTERRECEP
02 16:34:03:832 Empiezo a leer forms vdinterrecep.frm
02 16:34:03:839 Termino parse forms vdinterrecep.frm
02 16:34:03:842 Ejecutando interfase VDINTERRECEP
02 16:34:39:859 Empiezo a leer forms vdinterrecep.frm
02 16:34:39:862 Termino parse forms vdinterrecep.frm
02 16:34:39:862 Ejecutando interfase VDINTERRECEP
02 16:35:15:880 Empiezo a leer forms vdinterrecep.frm
02 16:35:15:887 Termino parse forms vdinterrecep.frm
02 16:35:15:887 Ejecutando interfase VDINTERRECEP
02 16:35:51:905 Empiezo a leer forms vdinterrecep.frm
02 16:35:51:917 Termino parse forms vdinterrecep.frm
02 16:35:51:917 Ejecutando interfase VDINTERRECEP

00 16:36:14:754 Fichero de log cerrado.

00 16:37:29:674 Fichero de log abierto PID 8612

02 16:37:29:675 Intentando abrir fichero v10.ini
02 16:37:29:679 Cargando driver v10oracle funcion damedriveroracle
02 16:37:30:217 Conectado a base de datos
02 16:37:30:220 Proceso ENVIORECEP encontrado en tabla VDPROCESOS
02 16:37:30:225 Proceso ENVIORECEP cargado con función interfasesalida (Librería VDINTERFASES.DLL) direccion 06FACC80
02 16:37:30:228 PLSQL: INICIALIZADO PAQUETE DE LOG EL DIA 23-06-2022
02 16:37:30:237 Actualizado SID 9 SERIAL 36422 del proceso con PID 8612
00 16:37:30:242 Error al abrir fichero VDST.H
02 16:37:30:244 Empiezo a leer forms vdinterrecep.frm
02 16:37:30:259 Termino parse forms vdinterrecep.frm
02 16:37:30:259 Ejecutando interfase VDINTERRECEP
02 16:38:06:275 Empiezo a leer forms vdinterrecep.frm
02 16:38:06:285 Termino parse forms vdinterrecep.frm
02 16:38:06:285 Ejecutando interfase VDINTERRECEP
02 16:38:42:295 Empiezo a leer forms vdinterrecep.frm
02 16:38:42:305 Termino parse forms vdinterrecep.frm
02 16:38:42:305 Ejecutando interfase VDINTERRECEP
02 16:39:18:327 Empiezo a leer forms vdinterrecep.frm
02 16:39:18:332 Termino parse forms vdinterrecep.frm
02 16:39:18:332 Ejecutando interfase VDINTERRECEP
02 16:39:54:344 Empiezo a leer forms vdinterrecep.frm
02 16:39:54:355 Termino parse forms vdinterrecep.frm
02 16:39:54:355 Ejecutando interfase VDINTERRECEP
02 16:40:30:365 Empiezo a leer forms vdinterrecep.frm
02 16:40:30:369 Termino parse forms vdinterrecep.frm
02 16:40:30:369 Ejecutando interfase VDINTERRECEP
02 16:41:06:390 Empiezo a leer forms vdinterrecep.frm
02 16:41:06:395 Termino parse forms vdinterrecep.frm
02 16:41:06:395 Ejecutando interfase VDINTERRECEP
02 16:41:42:417 Empiezo a leer forms vdinterrecep.frm
02 16:41:42:427 Termino parse forms vdinterrecep.frm
02 16:41:42:427 Ejecutando interfase VDINTERRECEP
02 16:42:18:447 Empiezo a leer forms vdinterrecep.frm
02 16:42:18:457 Termino parse forms vdinterrecep.frm
02 16:42:18:457 Ejecutando interfase VDINTERRECEP
02 16:42:54:482 Empiezo a leer forms vdinterrecep.frm
02 16:42:54:492 Termino parse forms vdinterrecep.frm
02 16:42:54:492 Ejecutando interfase VDINTERRECEP
02 16:43:30:502 Empiezo a leer forms vdinterrecep.frm
02 16:43:30:510 Termino parse forms vdinterrecep.frm
02 16:43:30:510 Ejecutando interfase VDINTERRECEP
02 16:44:06:532 Empiezo a leer forms vdinterrecep.frm
02 16:44:06:544 Termino parse forms vdinterrecep.frm
02 16:44:06:544 Ejecutando interfase VDINTERRECEP
02 16:44:42:559 Empiezo a leer forms vdinterrecep.frm
02 16:44:42:569 Termino parse forms vdinterrecep.frm
02 16:44:42:569 Ejecutando interfase VDINTERRECEP
02 16:45:18:590 Empiezo a leer forms vdinterrecep.frm
02 16:45:18:600 Termino parse forms vdinterrecep.frm
02 16:45:18:600 Ejecutando interfase VDINTERRECEP
02 16:45:54:612 Empiezo a leer forms vdinterrecep.frm
02 16:45:54:619 Termino parse forms vdinterrecep.frm
02 16:45:54:620 Ejecutando interfase VDINTERRECEP
02 16:46:30:640 Empiezo a leer forms vdinterrecep.frm
02 16:46:30:645 Termino parse forms vdinterrecep.frm
02 16:46:30:645 Ejecutando interfase VDINTERRECEP
02 16:47:06:657 Empiezo a leer forms vdinterrecep.frm
02 16:47:06:669 Termino parse forms vdinterrecep.frm
02 16:47:06:669 Ejecutando interfase VDINTERRECEP
02 16:47:42:685 Empiezo a leer forms vdinterrecep.frm
02 16:47:42:695 Termino parse forms vdinterrecep.frm
02 16:47:42:695 Ejecutando interfase VDINTERRECEP
02 16:48:18:714 Empiezo a leer forms vdinterrecep.frm
02 16:48:18:724 Termino parse forms vdinterrecep.frm
02 16:48:18:725 Ejecutando interfase VDINTERRECEP
02 16:48:54:742 Empiezo a leer forms vdinterrecep.frm
02 16:48:54:752 Termino parse forms vdinterrecep.frm
02 16:48:54:752 Ejecutando interfase VDINTERRECEP
02 16:49:30:767 Empiezo a leer forms vdinterrecep.frm
02 16:49:30:775 Termino parse forms vdinterrecep.frm
02 16:49:30:775 Ejecutando interfase VDINTERRECEP
02 16:50:06:785 Empiezo a leer forms vdinterrecep.frm
02 16:50:06:795 Termino parse forms vdinterrecep.frm
02 16:50:06:795 Ejecutando interfase VDINTERRECEP
02 16:50:42:805 Empiezo a leer forms vdinterrecep.frm
02 16:50:42:807 Termino parse forms vdinterrecep.frm
02 16:50:42:809 Ejecutando interfase VDINTERRECEP
02 16:51:18:817 Empiezo a leer forms vdinterrecep.frm
02 16:51:18:820 Termino parse forms vdinterrecep.frm
02 16:51:18:822 Ejecutando interfase VDINTERRECEP
02 16:51:54:840 Empiezo a leer forms vdinterrecep.frm
02 16:51:54:845 Termino parse forms vdinterrecep.frm
02 16:51:54:845 Ejecutando interfase VDINTERRECEP

00 16:52:15:365 Fichero de log cerrado.

00 16:52:30:025 Fichero de log abierto PID 13516

02 16:52:30:025 Intentando abrir fichero v10.ini
02 16:52:30:030 Cargando driver v10oracle funcion damedriveroracle
02 16:52:30:670 Conectado a base de datos
02 16:52:30:672 Proceso ENVIORECEP encontrado en tabla VDPROCESOS
02 16:52:30:677 Proceso ENVIORECEP cargado con función interfasesalida (Librería VDINTERFASES.DLL) direccion 05DACC80
02 16:52:30:679 PLSQL: INICIALIZADO PAQUETE DE LOG EL DIA 23-06-2022
02 16:52:30:689 Actualizado SID 389 SERIAL 41855 del proceso con PID 13516
00 16:52:30:694 Error al abrir fichero VDST.H
02 16:52:30:695 Empiezo a leer forms vdinterrecep.frm
02 16:52:30:715 Termino parse forms vdinterrecep.frm
02 16:52:30:715 Ejecutando interfase VDINTERRECEP
02 16:53:06:725 Empiezo a leer forms vdinterrecep.frm
02 16:53:06:737 Termino parse forms vdinterrecep.frm
02 16:53:06:737 Ejecutando interfase VDINTERRECEP
02 16:53:42:747 Empiezo a leer forms vdinterrecep.frm
02 16:53:42:750 Termino parse forms vdinterrecep.frm
02 16:53:42:750 Ejecutando interfase VDINTERRECEP
02 16:54:18:769 Empiezo a leer forms vdinterrecep.frm
02 16:54:18:779 Termino parse forms vdinterrecep.frm
02 16:54:18:779 Ejecutando interfase VDINTERRECEP
02 16:54:54:799 Empiezo a leer forms vdinterrecep.frm
02 16:54:54:804 Termino parse forms vdinterrecep.frm
02 16:54:54:804 Ejecutando interfase VDINTERRECEP
02 16:55:30:815 Empiezo a leer forms vdinterrecep.frm
02 16:55:30:825 Termino parse forms vdinterrecep.frm
02 16:55:30:825 Ejecutando interfase VDINTERRECEP
02 16:56:06:837 Empiezo a leer forms vdinterrecep.frm
02 16:56:06:850 Termino parse forms vdinterrecep.frm
02 16:56:06:850 Ejecutando interfase VDINTERRECEP
02 16:56:42:870 Empiezo a leer forms vdinterrecep.frm
02 16:56:42:879 Termino parse forms vdinterrecep.frm
02 16:56:42:879 Ejecutando interfase VDINTERRECEP
02 16:57:18:897 Empiezo a leer forms vdinterrecep.frm
02 16:57:18:907 Termino parse forms vdinterrecep.frm
02 16:57:18:909 Ejecutando interfase VDINTERRECEP
02 16:57:54:924 Empiezo a leer forms vdinterrecep.frm
02 16:57:54:934 Termino parse forms vdinterrecep.frm
02 16:57:54:934 Ejecutando interfase VDINTERRECEP
02 16:58:30:950 Empiezo a leer forms vdinterrecep.frm
02 16:58:30:960 Termino parse forms vdinterrecep.frm
02 16:58:30:960 Ejecutando interfase VDINTERRECEP
02 16:59:06:975 Empiezo a leer forms vdinterrecep.frm
02 16:59:06:984 Termino parse forms vdinterrecep.frm
02 16:59:06:984 Ejecutando interfase VDINTERRECEP
02 16:59:42:994 Empiezo a leer forms vdinterrecep.frm
02 16:59:43:004 Termino parse forms vdinterrecep.frm
02 16:59:43:004 Ejecutando interfase VDINTERRECEP
02 17:00:19:022 Empiezo a leer forms vdinterrecep.frm
02 17:00:19:025 Termino parse forms vdinterrecep.frm
02 17:00:19:025 Ejecutando interfase VDINTERRECEP
02 17:00:55:045 Empiezo a leer forms vdinterrecep.frm
02 17:00:55:050 Termino parse forms vdinterrecep.frm
02 17:00:55:050 Ejecutando interfase VDINTERRECEP
02 17:01:31:065 Empiezo a leer forms vdinterrecep.frm
02 17:01:31:075 Termino parse forms vdinterrecep.frm
02 17:01:31:075 Ejecutando interfase VDINTERRECEP
02 17:02:07:100 Empiezo a leer forms vdinterrecep.frm
02 17:02:07:105 Termino parse forms vdinterrecep.frm
02 17:02:07:105 Ejecutando interfase VDINTERRECEP
02 17:02:43:120 Empiezo a leer forms vdinterrecep.frm
02 17:02:43:127 Termino parse forms vdinterrecep.frm
02 17:02:43:127 Ejecutando interfase VDINTERRECEP
02 17:03:19:144 Empiezo a leer forms vdinterrecep.frm
02 17:03:19:152 Termino parse forms vdinterrecep.frm
02 17:03:19:154 Ejecutando interfase VDINTERRECEP
02 17:03:55:170 Empiezo a leer forms vdinterrecep.frm
02 17:03:55:180 Termino parse forms vdinterrecep.frm
02 17:03:55:180 Ejecutando interfase VDINTERRECEP
02 17:04:31:190 Empiezo a leer forms vdinterrecep.frm
02 17:04:31:190 Termino parse forms vdinterrecep.frm
02 17:04:31:190 Ejecutando interfase VDINTERRECEP
02 17:05:07:217 Empiezo a leer forms vdinterrecep.frm
02 17:05:07:217 Termino parse forms vdinterrecep.frm
02 17:05:07:217 Ejecutando interfase VDINTERRECEP
02 17:05:43:252 Empiezo a leer forms vdinterrecep.frm
02 17:05:43:257 Termino parse forms vdinterrecep.frm
02 17:05:43:257 Ejecutando interfase VDINTERRECEP
02 17:06:19:270 Empiezo a leer forms vdinterrecep.frm
02 17:06:19:270 Termino parse forms vdinterrecep.frm
02 17:06:19:270 Ejecutando interfase VDINTERRECEP

00 17:06:53:494 Fichero de log cerrado.

00 17:07:20:979 Fichero de log abierto PID 10000

02 17:07:20:982 Intentando abrir fichero v10.ini
02 17:07:20:985 Cargando driver v10oracle funcion damedriveroracle
02 17:07:21:557 Conectado a base de datos
02 17:07:21:559 Proceso ENVIORECEP encontrado en tabla VDPROCESOS
02 17:07:21:564 Proceso ENVIORECEP cargado con función interfasesalida (Librería VDINTERFASES.DLL) direccion 0624CC80
02 17:07:21:566 PLSQL: INICIALIZADO PAQUETE DE LOG EL DIA 23-06-2022
02 17:07:21:575 Actualizado SID 256 SERIAL 58550 del proceso con PID 10000
00 17:07:21:580 Error al abrir fichero VDST.H
02 17:07:21:582 Empiezo a leer forms vdinterrecep.frm
02 17:07:21:597 Termino parse forms vdinterrecep.frm
02 17:07:21:597 Ejecutando interfase VDINTERRECEP
02 17:07:57:612 Empiezo a leer forms vdinterrecep.frm
02 17:07:57:612 Termino parse forms vdinterrecep.frm
02 17:07:57:612 Ejecutando interfase VDINTERRECEP
02 17:08:33:635 Empiezo a leer forms vdinterrecep.frm
02 17:08:33:635 Termino parse forms vdinterrecep.frm
02 17:08:33:635 Ejecutando interfase VDINTERRECEP
02 17:09:09:659 Empiezo a leer forms vdinterrecep.frm
02 17:09:09:659 Termino parse forms vdinterrecep.frm
02 17:09:09:659 Ejecutando interfase VDINTERRECEP
02 17:09:45:675 Empiezo a leer forms vdinterrecep.frm
02 17:09:45:675 Termino parse forms vdinterrecep.frm
02 17:09:45:675 Ejecutando interfase VDINTERRECEP
02 17:10:21:702 Empiezo a leer forms vdinterrecep.frm
02 17:10:21:702 Termino parse forms vdinterrecep.frm
02 17:10:21:702 Ejecutando interfase VDINTERRECEP
02 17:10:57:734 Empiezo a leer forms vdinterrecep.frm
02 17:10:57:734 Termino parse forms vdinterrecep.frm
02 17:10:57:734 Ejecutando interfase VDINTERRECEP
02 17:11:33:764 Empiezo a leer forms vdinterrecep.frm
02 17:11:33:779 Termino parse forms vdinterrecep.frm
02 17:11:33:779 Ejecutando interfase VDINTERRECEP
02 17:12:09:802 Empiezo a leer forms vdinterrecep.frm
02 17:12:09:807 Termino parse forms vdinterrecep.frm
02 17:12:09:807 Ejecutando interfase VDINTERRECEP
02 17:12:45:814 Empiezo a leer forms vdinterrecep.frm
02 17:12:45:814 Termino parse forms vdinterrecep.frm
02 17:12:45:814 Ejecutando interfase VDINTERRECEP
02 17:13:21:837 Empiezo a leer forms vdinterrecep.frm
02 17:13:21:840 Termino parse forms vdinterrecep.frm
02 17:13:21:840 Ejecutando interfase VDINTERRECEP
02 17:13:57:850 Empiezo a leer forms vdinterrecep.frm
02 17:13:57:862 Termino parse forms vdinterrecep.frm
02 17:13:57:862 Ejecutando interfase VDINTERRECEP
02 17:14:33:882 Empiezo a leer forms vdinterrecep.frm
02 17:14:33:882 Termino parse forms vdinterrecep.frm
02 17:14:33:882 Ejecutando interfase VDINTERRECEP
02 17:15:09:904 Empiezo a leer forms vdinterrecep.frm
02 17:15:09:904 Termino parse forms vdinterrecep.frm
02 17:15:09:904 Ejecutando interfase VDINTERRECEP
02 17:15:45:927 Empiezo a leer forms vdinterrecep.frm
02 17:15:45:927 Termino parse forms vdinterrecep.frm
02 17:15:45:927 Ejecutando interfase VDINTERRECEP
02 17:16:21:950 Empiezo a leer forms vdinterrecep.frm
02 17:16:21:950 Termino parse forms vdinterrecep.frm
02 17:16:21:950 Ejecutando interfase VDINTERRECEP
02 17:16:57:972 Empiezo a leer forms vdinterrecep.frm
02 17:16:57:972 Termino parse forms vdinterrecep.frm
02 17:16:57:972 Ejecutando interfase VDINTERRECEP
02 17:17:34:005 Empiezo a leer forms vdinterrecep.frm
02 17:17:34:005 Termino parse forms vdinterrecep.frm
02 17:17:34:005 Ejecutando interfase VDINTERRECEP

00 17:17:38:192 Fichero de log cerrado.

00 17:17:45:264 Fichero de log abierto PID 2336

02 17:17:45:267 Intentando abrir fichero v10.ini
02 17:17:45:270 Cargando driver v10oracle funcion damedriveroracle
02 17:17:45:932 Conectado a base de datos
02 17:17:45:934 Proceso ENVIORECEP encontrado en tabla VDPROCESOS
02 17:17:45:939 Proceso ENVIORECEP cargado con función interfasesalida (Librería VDINTERFASES.DLL) direccion 06E1CC80
02 17:17:45:942 PLSQL: INICIALIZADO PAQUETE DE LOG EL DIA 23-06-2022
02 17:17:45:952 Actualizado SID 747 SERIAL 11758 del proceso con PID 2336
00 17:17:45:957 Error al abrir fichero VDST.H
02 17:17:45:957 Empiezo a leer forms vdinterrecep.frm
02 17:17:45:974 Termino parse forms vdinterrecep.frm
02 17:17:45:974 Ejecutando interfase VDINTERRECEP
02 17:18:21:992 Empiezo a leer forms vdinterrecep.frm
02 17:18:22:002 Termino parse forms vdinterrecep.frm
02 17:18:22:002 Ejecutando interfase VDINTERRECEP
02 17:18:58:019 Empiezo a leer forms vdinterrecep.frm
02 17:18:58:027 Termino parse forms vdinterrecep.frm
02 17:18:58:027 Ejecutando interfase VDINTERRECEP
02 17:19:34:042 Empiezo a leer forms vdinterrecep.frm
02 17:19:34:050 Termino parse forms vdinterrecep.frm
02 17:19:34:050 Ejecutando interfase VDINTERRECEP
02 17:20:10:065 Empiezo a leer forms vdinterrecep.frm
02 17:20:10:075 Termino parse forms vdinterrecep.frm
02 17:20:10:075 Ejecutando interfase VDINTERRECEP
02 17:20:46:092 Empiezo a leer forms vdinterrecep.frm
02 17:20:46:097 Termino parse forms vdinterrecep.frm
02 17:20:46:097 Ejecutando interfase VDINTERRECEP
02 17:21:22:105 Empiezo a leer forms vdinterrecep.frm
02 17:21:22:114 Termino parse forms vdinterrecep.frm
02 17:21:22:114 Ejecutando interfase VDINTERRECEP
02 17:21:58:132 Empiezo a leer forms vdinterrecep.frm
02 17:21:58:140 Termino parse forms vdinterrecep.frm
02 17:21:58:140 Ejecutando interfase VDINTERRECEP
02 17:22:34:152 Empiezo a leer forms vdinterrecep.frm
02 17:22:34:160 Termino parse forms vdinterrecep.frm
02 17:22:34:162 Ejecutando interfase VDINTERRECEP
02 17:23:10:180 Empiezo a leer forms vdinterrecep.frm
02 17:23:10:187 Termino parse forms vdinterrecep.frm
02 17:23:10:187 Ejecutando interfase VDINTERRECEP
02 17:23:46:199 Empiezo a leer forms vdinterrecep.frm
02 17:23:46:204 Termino parse forms vdinterrecep.frm
02 17:23:46:204 Ejecutando interfase VDINTERRECEP
02 17:24:22:227 Empiezo a leer forms vdinterrecep.frm
02 17:24:22:235 Termino parse forms vdinterrecep.frm
02 17:24:22:235 Ejecutando interfase VDINTERRECEP
02 17:24:58:257 Empiezo a leer forms vdinterrecep.frm
02 17:24:58:262 Termino parse forms vdinterrecep.frm
02 17:24:58:262 Ejecutando interfase VDINTERRECEP
02 17:25:34:275 Empiezo a leer forms vdinterrecep.frm
02 17:25:34:282 Termino parse forms vdinterrecep.frm
02 17:25:34:282 Ejecutando interfase VDINTERRECEP
02 17:26:10:304 Empiezo a leer forms vdinterrecep.frm
02 17:26:10:312 Termino parse forms vdinterrecep.frm
02 17:26:10:312 Ejecutando interfase VDINTERRECEP
02 17:26:46:334 Empiezo a leer forms vdinterrecep.frm
02 17:26:46:342 Termino parse forms vdinterrecep.frm
02 17:26:46:342 Ejecutando interfase VDINTERRECEP
02 17:27:22:357 Empiezo a leer forms vdinterrecep.frm
02 17:27:22:365 Termino parse forms vdinterrecep.frm
02 17:27:22:365 Ejecutando interfase VDINTERRECEP
02 17:27:58:380 Empiezo a leer forms vdinterrecep.frm
02 17:27:58:387 Termino parse forms vdinterrecep.frm
02 17:27:58:389 Ejecutando interfase VDINTERRECEP
02 17:28:34:410 Empiezo a leer forms vdinterrecep.frm
02 17:28:34:417 Termino parse forms vdinterrecep.frm
02 17:28:34:417 Ejecutando interfase VDINTERRECEP
02 17:29:10:435 Empiezo a leer forms vdinterrecep.frm
02 17:29:10:445 Termino parse forms vdinterrecep.frm
02 17:29:10:445 Ejecutando interfase VDINTERRECEP
02 17:29:46:464 Empiezo a leer forms vdinterrecep.frm
02 17:29:46:467 Termino parse forms vdinterrecep.frm
02 17:29:46:467 Ejecutando interfase VDINTERRECEP
02 17:30:22:485 Empiezo a leer forms vdinterrecep.frm
02 17:30:22:492 Termino parse forms vdinterrecep.frm
02 17:30:22:494 Ejecutando interfase VDINTERRECEP
02 17:30:58:512 Empiezo a leer forms vdinterrecep.frm
02 17:30:58:520 Termino parse forms vdinterrecep.frm
02 17:30:58:520 Ejecutando interfase VDINTERRECEP
02 17:31:34:532 Empiezo a leer forms vdinterrecep.frm
02 17:31:34:539 Termino parse forms vdinterrecep.frm
02 17:31:34:539 Ejecutando interfase VDINTERRECEP
02 17:32:10:559 Empiezo a leer forms vdinterrecep.frm
02 17:32:10:567 Termino parse forms vdinterrecep.frm
02 17:32:10:567 Ejecutando interfase VDINTERRECEP
02 17:32:46:579 Empiezo a leer forms vdinterrecep.frm
02 17:32:46:584 Termino parse forms vdinterrecep.frm
02 17:32:46:584 Ejecutando interfase VDINTERRECEP
02 17:33:22:600 Empiezo a leer forms vdinterrecep.frm
02 17:33:22:607 Termino parse forms vdinterrecep.frm
02 17:33:22:607 Ejecutando interfase VDINTERRECEP
02 17:33:58:617 Empiezo a leer forms vdinterrecep.frm
02 17:33:58:622 Termino parse forms vdinterrecep.frm
02 17:33:58:624 Ejecutando interfase VDINTERRECEP
02 17:34:34:632 Empiezo a leer forms vdinterrecep.frm
02 17:34:34:640 Termino parse forms vdinterrecep.frm
02 17:34:34:640 Ejecutando interfase VDINTERRECEP
02 17:35:10:660 Empiezo a leer forms vdinterrecep.frm
02 17:35:10:665 Termino parse forms vdinterrecep.frm
02 17:35:10:665 Ejecutando interfase VDINTERRECEP
02 17:35:46:675 Empiezo a leer forms vdinterrecep.frm
02 17:35:46:682 Termino parse forms vdinterrecep.frm
02 17:35:46:682 Ejecutando interfase VDINTERRECEP
02 17:36:22:697 Empiezo a leer forms vdinterrecep.frm
02 17:36:22:705 Termino parse forms vdinterrecep.frm
02 17:36:22:705 Ejecutando interfase VDINTERRECEP
02 17:36:58:720 Empiezo a leer forms vdinterrecep.frm
02 17:36:58:725 Termino parse forms vdinterrecep.frm
02 17:36:58:727 Ejecutando interfase VDINTERRECEP
02 17:37:34:740 Empiezo a leer forms vdinterrecep.frm
02 17:37:34:745 Termino parse forms vdinterrecep.frm
02 17:37:34:745 Ejecutando interfase VDINTERRECEP
02 17:38:10:762 Empiezo a leer forms vdinterrecep.frm
02 17:38:10:769 Termino parse forms vdinterrecep.frm
02 17:38:10:770 Ejecutando interfase VDINTERRECEP
02 17:38:46:782 Empiezo a leer forms vdinterrecep.frm
02 17:38:46:789 Termino parse forms vdinterrecep.frm
02 17:38:46:789 Ejecutando interfase VDINTERRECEP
02 17:39:22:812 Empiezo a leer forms vdinterrecep.frm
02 17:39:22:817 Termino parse forms vdinterrecep.frm
02 17:39:22:817 Ejecutando interfase VDINTERRECEP
02 17:39:58:827 Empiezo a leer forms vdinterrecep.frm
02 17:39:58:837 Termino parse forms vdinterrecep.frm
02 17:39:58:837 Ejecutando interfase VDINTERRECEP
02 17:40:34:854 Empiezo a leer forms vdinterrecep.frm
02 17:40:34:862 Termino parse forms vdinterrecep.frm
02 17:40:34:864 Ejecutando interfase VDINTERRECEP
02 17:41:10:882 Empiezo a leer forms vdinterrecep.frm
02 17:41:10:890 Termino parse forms vdinterrecep.frm
02 17:41:10:890 Ejecutando interfase VDINTERRECEP
02 17:41:46:912 Empiezo a leer forms vdinterrecep.frm
02 17:41:46:920 Termino parse forms vdinterrecep.frm
02 17:41:46:922 Ejecutando interfase VDINTERRECEP
02 17:42:22:940 Empiezo a leer forms vdinterrecep.frm
02 17:42:22:947 Termino parse forms vdinterrecep.frm
02 17:42:22:947 Ejecutando interfase VDINTERRECEP
02 17:42:58:962 Empiezo a leer forms vdinterrecep.frm
02 17:42:58:967 Termino parse forms vdinterrecep.frm
02 17:42:58:967 Ejecutando interfase VDINTERRECEP
02 17:43:34:980 Empiezo a leer forms vdinterrecep.frm
02 17:43:34:985 Termino parse forms vdinterrecep.frm
02 17:43:34:987 Ejecutando interfase VDINTERRECEP
02 17:44:10:997 Empiezo a leer forms vdinterrecep.frm
02 17:44:11:002 Termino parse forms vdinterrecep.frm
02 17:44:11:002 Ejecutando interfase VDINTERRECEP
02 17:44:47:012 Empiezo a leer forms vdinterrecep.frm
02 17:44:47:017 Termino parse forms vdinterrecep.frm
02 17:44:47:017 Ejecutando interfase VDINTERRECEP
02 17:45:23:029 Empiezo a leer forms vdinterrecep.frm
02 17:45:23:037 Termino parse forms vdinterrecep.frm
02 17:45:23:037 Ejecutando interfase VDINTERRECEP

00 17:45:44:532 Fichero de log cerrado.

