00 08:59:49:083 Fichero de log abierto PID 7324

02 08:59:49:086 Intentando abrir fichero v10.ini
02 08:59:49:090 Cargando driver v10oracle funcion damedriveroracle
02 08:59:49:557 Conectado a base de datos
02 08:59:49:557 Proceso ENVIOMOVIM encontrado en tabla VDPROCESOS
02 08:59:49:563 Proceso ENVIOMOVIM cargado con función interfasesalida (Librería VDINTERFASES.DLL) direccion 05B6CC80
02 08:59:49:567 PLSQL: INICIALIZADO PAQUETE DE LOG EL DIA 27-06-2022
02 08:59:49:577 Actualizado SID 751 SERIAL 28980 del proceso con PID 7324
00 08:59:49:582 Error al abrir fichero VDST.H
02 08:59:49:582 Empiezo a leer forms vdintermovim.frm
02 08:59:49:597 Termino parse forms vdintermovim.frm
02 08:59:49:597 Ejecutando interfase VDINTERMOVIM
02 09:01:49:603 Empiezo a leer forms vdintermovim.frm
02 09:01:49:603 Termino parse forms vdintermovim.frm
02 09:01:49:620 Ejecutando interfase VDINTERMOVIM
02 09:03:49:627 Empiezo a leer forms vdintermovim.frm
02 09:03:49:627 Termino parse forms vdintermovim.frm
02 09:03:49:627 Ejecutando interfase VDINTERMOVIM
02 09:05:49:648 Empiezo a leer forms vdintermovim.frm
02 09:05:49:648 Termino parse forms vdintermovim.frm
02 09:05:49:648 Ejecutando interfase VDINTERMOVIM
02 09:07:49:670 Empiezo a leer forms vdintermovim.frm
02 09:07:49:675 Termino parse forms vdintermovim.frm
02 09:07:49:675 Ejecutando interfase VDINTERMOVIM
02 09:09:49:702 Empiezo a leer forms vdintermovim.frm
02 09:09:49:702 Termino parse forms vdintermovim.frm
02 09:09:49:702 Ejecutando interfase VDINTERMOVIM
02 09:11:49:717 Empiezo a leer forms vdintermovim.frm
02 09:11:49:722 Termino parse forms vdintermovim.frm
02 09:11:49:722 Ejecutando interfase VDINTERMOVIM
02 09:13:49:740 Empiezo a leer forms vdintermovim.frm
02 09:13:49:740 Termino parse forms vdintermovim.frm
02 09:13:49:740 Ejecutando interfase VDINTERMOVIM
02 09:15:49:760 Empiezo a leer forms vdintermovim.frm
02 09:15:49:766 Termino parse forms vdintermovim.frm
02 09:15:49:766 Ejecutando interfase VDINTERMOVIM
02 09:17:49:777 Empiezo a leer forms vdintermovim.frm
02 09:17:49:777 Termino parse forms vdintermovim.frm
02 09:17:49:777 Ejecutando interfase VDINTERMOVIM
02 09:19:49:805 Empiezo a leer forms vdintermovim.frm
02 09:19:49:805 Termino parse forms vdintermovim.frm
02 09:19:49:805 Ejecutando interfase VDINTERMOVIM
02 09:21:49:828 Empiezo a leer forms vdintermovim.frm
02 09:21:49:828 Termino parse forms vdintermovim.frm
02 09:21:49:828 Ejecutando interfase VDINTERMOVIM
02 09:23:49:855 Empiezo a leer forms vdintermovim.frm
02 09:23:49:855 Termino parse forms vdintermovim.frm
02 09:23:49:855 Ejecutando interfase VDINTERMOVIM
02 09:25:49:890 Empiezo a leer forms vdintermovim.frm
02 09:25:49:890 Termino parse forms vdintermovim.frm
02 09:25:49:890 Ejecutando interfase VDINTERMOVIM
02 09:27:49:910 Empiezo a leer forms vdintermovim.frm
02 09:27:49:916 Termino parse forms vdintermovim.frm
02 09:27:49:916 Ejecutando interfase VDINTERMOVIM
02 09:29:49:926 Empiezo a leer forms vdintermovim.frm
02 09:29:49:926 Termino parse forms vdintermovim.frm
02 09:29:49:926 Ejecutando interfase VDINTERMOVIM
02 09:31:49:948 Empiezo a leer forms vdintermovim.frm
02 09:31:49:953 Termino parse forms vdintermovim.frm
02 09:31:49:953 Ejecutando interfase VDINTERMOVIM
02 09:33:49:967 Empiezo a leer forms vdintermovim.frm
02 09:33:49:967 Termino parse forms vdintermovim.frm
02 09:33:49:967 Ejecutando interfase VDINTERMOVIM
02 09:35:49:987 Empiezo a leer forms vdintermovim.frm
02 09:35:49:987 Termino parse forms vdintermovim.frm
02 09:35:49:987 Ejecutando interfase VDINTERMOVIM
02 09:37:50:005 Empiezo a leer forms vdintermovim.frm
02 09:37:50:005 Termino parse forms vdintermovim.frm
02 09:37:50:005 Ejecutando interfase VDINTERMOVIM
02 09:39:50:032 Empiezo a leer forms vdintermovim.frm
02 09:39:50:032 Termino parse forms vdintermovim.frm
02 09:39:50:032 Ejecutando interfase VDINTERMOVIM
02 09:41:50:053 Empiezo a leer forms vdintermovim.frm
02 09:41:50:053 Termino parse forms vdintermovim.frm
02 09:41:50:053 Ejecutando interfase VDINTERMOVIM
02 09:43:50:072 Empiezo a leer forms vdintermovim.frm
02 09:43:50:072 Termino parse forms vdintermovim.frm
02 09:43:50:072 Ejecutando interfase VDINTERMOVIM
02 09:45:50:087 Empiezo a leer forms vdintermovim.frm
02 09:45:50:087 Termino parse forms vdintermovim.frm
02 09:45:50:087 Ejecutando interfase VDINTERMOVIM
02 09:47:50:112 Empiezo a leer forms vdintermovim.frm
02 09:47:50:116 Termino parse forms vdintermovim.frm
02 09:47:50:116 Ejecutando interfase VDINTERMOVIM
02 09:49:50:132 Empiezo a leer forms vdintermovim.frm
02 09:49:50:137 Termino parse forms vdintermovim.frm
02 09:49:50:137 Ejecutando interfase VDINTERMOVIM
02 09:51:50:158 Empiezo a leer forms vdintermovim.frm
02 09:51:50:158 Termino parse forms vdintermovim.frm
02 09:51:50:158 Ejecutando interfase VDINTERMOVIM
02 09:53:50:178 Empiezo a leer forms vdintermovim.frm
02 09:53:50:178 Termino parse forms vdintermovim.frm
02 09:53:50:178 Ejecutando interfase VDINTERMOVIM
02 09:55:50:197 Empiezo a leer forms vdintermovim.frm
02 09:55:50:197 Termino parse forms vdintermovim.frm
02 09:55:50:197 Ejecutando interfase VDINTERMOVIM
02 09:57:50:222 Empiezo a leer forms vdintermovim.frm
02 09:57:50:228 Termino parse forms vdintermovim.frm
02 09:57:50:230 Ejecutando interfase VDINTERMOVIM
02 09:59:50:243 Empiezo a leer forms vdintermovim.frm
02 09:59:50:243 Termino parse forms vdintermovim.frm
02 09:59:50:243 Ejecutando interfase VDINTERMOVIM
02 10:01:50:261 Empiezo a leer forms vdintermovim.frm
02 10:01:50:266 Termino parse forms vdintermovim.frm
02 10:01:50:266 Ejecutando interfase VDINTERMOVIM
02 10:03:50:283 Empiezo a leer forms vdintermovim.frm
02 10:03:50:283 Termino parse forms vdintermovim.frm
02 10:03:50:283 Ejecutando interfase VDINTERMOVIM
02 10:05:50:303 Empiezo a leer forms vdintermovim.frm
02 10:05:50:307 Termino parse forms vdintermovim.frm
02 10:05:50:307 Ejecutando interfase VDINTERMOVIM
02 10:07:50:317 Empiezo a leer forms vdintermovim.frm
02 10:07:50:321 Termino parse forms vdintermovim.frm
02 10:07:50:321 Ejecutando interfase VDINTERMOVIM
02 10:09:50:327 Empiezo a leer forms vdintermovim.frm
02 10:09:50:327 Termino parse forms vdintermovim.frm
02 10:09:50:327 Ejecutando interfase VDINTERMOVIM
02 10:11:49:220 Empiezo a leer forms vdintermovim.frm
02 10:11:49:220 Termino parse forms vdintermovim.frm
02 10:11:49:220 Ejecutando interfase VDINTERMOVIM
02 10:13:49:232 Empiezo a leer forms vdintermovim.frm
02 10:13:49:232 Termino parse forms vdintermovim.frm
02 10:13:49:232 Ejecutando interfase VDINTERMOVIM
02 10:15:49:252 Empiezo a leer forms vdintermovim.frm
02 10:15:49:252 Termino parse forms vdintermovim.frm
02 10:15:49:252 Ejecutando interfase VDINTERMOVIM
02 10:17:49:267 Empiezo a leer forms vdintermovim.frm
02 10:17:49:267 Termino parse forms vdintermovim.frm
02 10:17:49:267 Ejecutando interfase VDINTERMOVIM
02 10:19:49:286 Empiezo a leer forms vdintermovim.frm
02 10:19:49:286 Termino parse forms vdintermovim.frm
02 10:19:49:286 Ejecutando interfase VDINTERMOVIM
02 10:21:49:307 Empiezo a leer forms vdintermovim.frm
02 10:21:49:311 Termino parse forms vdintermovim.frm
02 10:21:49:311 Ejecutando interfase VDINTERMOVIM
02 10:23:49:327 Empiezo a leer forms vdintermovim.frm
02 10:23:49:327 Termino parse forms vdintermovim.frm
02 10:23:49:327 Ejecutando interfase VDINTERMOVIM
02 10:25:49:351 Empiezo a leer forms vdintermovim.frm
02 10:25:49:351 Termino parse forms vdintermovim.frm
02 10:25:49:351 Ejecutando interfase VDINTERMOVIM
02 10:27:49:366 Empiezo a leer forms vdintermovim.frm
02 10:27:49:366 Termino parse forms vdintermovim.frm
02 10:27:49:366 Ejecutando interfase VDINTERMOVIM
02 10:29:49:407 Empiezo a leer forms vdintermovim.frm
02 10:29:49:407 Termino parse forms vdintermovim.frm
02 10:29:49:407 Ejecutando interfase VDINTERMOVIM
02 10:31:49:447 Empiezo a leer forms vdintermovim.frm
02 10:31:49:447 Termino parse forms vdintermovim.frm
02 10:31:49:447 Ejecutando interfase VDINTERMOVIM
02 10:33:49:477 Empiezo a leer forms vdintermovim.frm
02 10:33:49:477 Termino parse forms vdintermovim.frm
02 10:33:49:477 Ejecutando interfase VDINTERMOVIM
02 10:35:49:498 Empiezo a leer forms vdintermovim.frm
02 10:35:49:498 Termino parse forms vdintermovim.frm
02 10:35:49:498 Ejecutando interfase VDINTERMOVIM
02 10:37:49:530 Empiezo a leer forms vdintermovim.frm
02 10:37:49:535 Termino parse forms vdintermovim.frm
02 10:37:49:535 Ejecutando interfase VDINTERMOVIM
02 10:39:49:547 Empiezo a leer forms vdintermovim.frm
02 10:39:49:551 Termino parse forms vdintermovim.frm
02 10:39:49:551 Ejecutando interfase VDINTERMOVIM
02 10:41:49:567 Empiezo a leer forms vdintermovim.frm
02 10:41:49:567 Termino parse forms vdintermovim.frm
02 10:41:49:567 Ejecutando interfase VDINTERMOVIM
02 10:43:49:585 Empiezo a leer forms vdintermovim.frm
02 10:43:49:588 Termino parse forms vdintermovim.frm
02 10:43:49:588 Ejecutando interfase VDINTERMOVIM
02 10:45:49:607 Empiezo a leer forms vdintermovim.frm
02 10:45:49:607 Termino parse forms vdintermovim.frm
02 10:45:49:607 Ejecutando interfase VDINTERMOVIM
02 10:47:49:627 Empiezo a leer forms vdintermovim.frm
02 10:47:49:627 Termino parse forms vdintermovim.frm
02 10:47:49:627 Ejecutando interfase VDINTERMOVIM
02 10:49:49:642 Empiezo a leer forms vdintermovim.frm
02 10:49:49:642 Termino parse forms vdintermovim.frm
02 10:49:49:642 Ejecutando interfase VDINTERMOVIM
02 10:51:49:677 Empiezo a leer forms vdintermovim.frm
02 10:51:49:677 Termino parse forms vdintermovim.frm
02 10:51:49:677 Ejecutando interfase VDINTERMOVIM
02 11:00:27:212 Empiezo a leer forms vdintermovim.frm
02 11:00:27:217 Termino parse forms vdintermovim.frm
02 11:00:27:217 Ejecutando interfase VDINTERMOVIM
02 11:02:27:236 Empiezo a leer forms vdintermovim.frm
02 11:02:27:236 Termino parse forms vdintermovim.frm
02 11:02:27:236 Ejecutando interfase VDINTERMOVIM
02 11:04:27:251 Empiezo a leer forms vdintermovim.frm
02 11:04:27:251 Termino parse forms vdintermovim.frm
02 11:04:27:251 Ejecutando interfase VDINTERMOVIM
02 11:06:27:268 Empiezo a leer forms vdintermovim.frm
02 11:06:27:268 Termino parse forms vdintermovim.frm
02 11:06:27:268 Ejecutando interfase VDINTERMOVIM
02 11:08:27:283 Empiezo a leer forms vdintermovim.frm
02 11:08:27:288 Termino parse forms vdintermovim.frm
02 11:08:27:288 Ejecutando interfase VDINTERMOVIM
02 11:10:27:302 Empiezo a leer forms vdintermovim.frm
02 11:10:27:307 Termino parse forms vdintermovim.frm
02 11:10:27:308 Ejecutando interfase VDINTERMOVIM
02 11:12:27:327 Empiezo a leer forms vdintermovim.frm
02 11:12:27:328 Termino parse forms vdintermovim.frm
02 11:12:27:328 Ejecutando interfase VDINTERMOVIM
02 11:14:27:347 Empiezo a leer forms vdintermovim.frm
02 11:14:27:347 Termino parse forms vdintermovim.frm
02 11:14:27:347 Ejecutando interfase VDINTERMOVIM
02 11:16:27:367 Empiezo a leer forms vdintermovim.frm
02 11:16:27:367 Termino parse forms vdintermovim.frm
02 11:16:27:367 Ejecutando interfase VDINTERMOVIM
02 11:18:27:385 Empiezo a leer forms vdintermovim.frm
02 11:18:27:385 Termino parse forms vdintermovim.frm
02 11:18:27:385 Ejecutando interfase VDINTERMOVIM
02 11:20:27:408 Empiezo a leer forms vdintermovim.frm
02 11:20:27:408 Termino parse forms vdintermovim.frm
02 11:20:27:408 Ejecutando interfase VDINTERMOVIM
02 11:22:27:432 Empiezo a leer forms vdintermovim.frm
02 11:22:27:432 Termino parse forms vdintermovim.frm
02 11:22:27:432 Ejecutando interfase VDINTERMOVIM
02 11:24:27:450 Empiezo a leer forms vdintermovim.frm
02 11:24:27:450 Termino parse forms vdintermovim.frm
02 11:24:27:450 Ejecutando interfase VDINTERMOVIM
02 11:26:27:482 Empiezo a leer forms vdintermovim.frm
02 11:26:27:487 Termino parse forms vdintermovim.frm
02 11:26:27:487 Ejecutando interfase VDINTERMOVIM
02 11:28:27:502 Empiezo a leer forms vdintermovim.frm
02 11:28:27:502 Termino parse forms vdintermovim.frm
02 11:28:27:502 Ejecutando interfase VDINTERMOVIM
02 11:30:27:522 Empiezo a leer forms vdintermovim.frm
02 11:30:27:526 Termino parse forms vdintermovim.frm
02 11:30:27:526 Ejecutando interfase VDINTERMOVIM
02 11:32:27:543 Empiezo a leer forms vdintermovim.frm
02 11:32:27:543 Termino parse forms vdintermovim.frm
02 11:32:27:543 Ejecutando interfase VDINTERMOVIM
02 11:34:27:557 Empiezo a leer forms vdintermovim.frm
02 11:34:27:557 Termino parse forms vdintermovim.frm
02 11:34:27:557 Ejecutando interfase VDINTERMOVIM
02 11:36:27:585 Empiezo a leer forms vdintermovim.frm
02 11:36:27:585 Termino parse forms vdintermovim.frm
02 11:36:27:585 Ejecutando interfase VDINTERMOVIM
02 11:38:27:607 Empiezo a leer forms vdintermovim.frm
02 11:38:27:607 Termino parse forms vdintermovim.frm
02 11:38:27:607 Ejecutando interfase VDINTERMOVIM
02 11:40:27:630 Empiezo a leer forms vdintermovim.frm
02 11:40:27:630 Termino parse forms vdintermovim.frm
02 11:40:27:630 Ejecutando interfase VDINTERMOVIM
02 11:42:27:642 Empiezo a leer forms vdintermovim.frm
02 11:42:27:647 Termino parse forms vdintermovim.frm
02 11:42:27:649 Ejecutando interfase VDINTERMOVIM
02 11:44:27:670 Empiezo a leer forms vdintermovim.frm
02 11:44:27:670 Termino parse forms vdintermovim.frm
02 11:44:27:670 Ejecutando interfase VDINTERMOVIM
02 11:46:27:695 Empiezo a leer forms vdintermovim.frm
02 11:46:27:695 Termino parse forms vdintermovim.frm
02 11:46:27:695 Ejecutando interfase VDINTERMOVIM
02 11:48:27:727 Empiezo a leer forms vdintermovim.frm
02 11:48:27:727 Termino parse forms vdintermovim.frm
02 11:48:27:727 Ejecutando interfase VDINTERMOVIM
02 11:50:27:744 Empiezo a leer forms vdintermovim.frm
02 11:50:27:744 Termino parse forms vdintermovim.frm
02 11:50:27:744 Ejecutando interfase VDINTERMOVIM
02 11:52:27:767 Empiezo a leer forms vdintermovim.frm
02 11:52:27:767 Termino parse forms vdintermovim.frm
02 11:52:27:767 Ejecutando interfase VDINTERMOVIM
02 11:54:27:792 Empiezo a leer forms vdintermovim.frm
02 11:54:27:792 Termino parse forms vdintermovim.frm
02 11:54:27:792 Ejecutando interfase VDINTERMOVIM
02 11:56:27:817 Empiezo a leer forms vdintermovim.frm
02 11:56:27:817 Termino parse forms vdintermovim.frm
02 11:56:27:817 Ejecutando interfase VDINTERMOVIM
02 11:58:27:835 Empiezo a leer forms vdintermovim.frm
02 11:58:27:835 Termino parse forms vdintermovim.frm
02 11:58:27:835 Ejecutando interfase VDINTERMOVIM
02 12:00:27:865 Empiezo a leer forms vdintermovim.frm
02 12:00:27:865 Termino parse forms vdintermovim.frm
02 12:00:27:865 Ejecutando interfase VDINTERMOVIM
02 12:02:27:895 Empiezo a leer forms vdintermovim.frm
02 12:02:27:899 Termino parse forms vdintermovim.frm
02 12:02:27:899 Ejecutando interfase VDINTERMOVIM
02 12:04:27:905 Empiezo a leer forms vdintermovim.frm
02 12:04:27:907 Termino parse forms vdintermovim.frm
02 12:04:27:907 Ejecutando interfase VDINTERMOVIM
02 12:06:27:932 Empiezo a leer forms vdintermovim.frm
02 12:06:27:935 Termino parse forms vdintermovim.frm
02 12:06:27:937 Ejecutando interfase VDINTERMOVIM
02 12:08:27:960 Empiezo a leer forms vdintermovim.frm
02 12:08:27:960 Termino parse forms vdintermovim.frm
02 12:08:27:960 Ejecutando interfase VDINTERMOVIM
02 12:10:27:982 Empiezo a leer forms vdintermovim.frm
02 12:10:27:982 Termino parse forms vdintermovim.frm
02 12:10:27:982 Ejecutando interfase VDINTERMOVIM
02 12:12:28:005 Empiezo a leer forms vdintermovim.frm
02 12:12:28:010 Termino parse forms vdintermovim.frm
02 12:12:28:010 Ejecutando interfase VDINTERMOVIM
02 12:14:28:024 Empiezo a leer forms vdintermovim.frm
02 12:14:28:024 Termino parse forms vdintermovim.frm
02 12:14:28:024 Ejecutando interfase VDINTERMOVIM
02 12:16:28:042 Empiezo a leer forms vdintermovim.frm
02 12:16:28:049 Termino parse forms vdintermovim.frm
02 12:16:28:050 Ejecutando interfase VDINTERMOVIM
02 12:18:28:057 Empiezo a leer forms vdintermovim.frm
02 12:18:28:057 Termino parse forms vdintermovim.frm
02 12:18:28:057 Ejecutando interfase VDINTERMOVIM
02 12:20:28:077 Empiezo a leer forms vdintermovim.frm
02 12:20:28:077 Termino parse forms vdintermovim.frm
02 12:20:28:077 Ejecutando interfase VDINTERMOVIM
02 12:22:28:099 Empiezo a leer forms vdintermovim.frm
02 12:22:28:099 Termino parse forms vdintermovim.frm
02 12:22:28:099 Ejecutando interfase VDINTERMOVIM
02 12:24:28:117 Empiezo a leer forms vdintermovim.frm
02 12:24:28:117 Termino parse forms vdintermovim.frm
02 12:24:28:117 Ejecutando interfase VDINTERMOVIM
02 12:26:28:144 Empiezo a leer forms vdintermovim.frm
02 12:26:28:147 Termino parse forms vdintermovim.frm
02 12:26:28:149 Ejecutando interfase VDINTERMOVIM
02 12:28:28:164 Empiezo a leer forms vdintermovim.frm
02 12:28:28:164 Termino parse forms vdintermovim.frm
02 12:28:28:164 Ejecutando interfase VDINTERMOVIM
02 12:30:28:200 Empiezo a leer forms vdintermovim.frm
02 12:30:28:200 Termino parse forms vdintermovim.frm
02 12:30:28:200 Ejecutando interfase VDINTERMOVIM
02 12:32:28:230 Empiezo a leer forms vdintermovim.frm
02 12:32:28:232 Termino parse forms vdintermovim.frm
02 12:32:28:232 Ejecutando interfase VDINTERMOVIM
02 12:34:28:257 Empiezo a leer forms vdintermovim.frm
02 12:34:28:267 Termino parse forms vdintermovim.frm
02 12:34:28:267 Ejecutando interfase VDINTERMOVIM
02 12:36:28:282 Empiezo a leer forms vdintermovim.frm
02 12:36:28:285 Termino parse forms vdintermovim.frm
02 12:36:28:285 Ejecutando interfase VDINTERMOVIM
02 12:38:28:310 Empiezo a leer forms vdintermovim.frm
02 12:38:28:310 Termino parse forms vdintermovim.frm
02 12:38:28:310 Ejecutando interfase VDINTERMOVIM
02 12:40:28:330 Empiezo a leer forms vdintermovim.frm
02 12:40:28:330 Termino parse forms vdintermovim.frm
02 12:40:28:330 Ejecutando interfase VDINTERMOVIM
02 12:42:28:357 Empiezo a leer forms vdintermovim.frm
02 12:42:28:357 Termino parse forms vdintermovim.frm
02 12:42:28:357 Ejecutando interfase VDINTERMOVIM
02 12:44:28:382 Empiezo a leer forms vdintermovim.frm
02 12:44:28:385 Termino parse forms vdintermovim.frm
02 12:44:28:385 Ejecutando interfase VDINTERMOVIM
02 12:46:28:405 Empiezo a leer forms vdintermovim.frm
02 12:46:28:412 Termino parse forms vdintermovim.frm
02 12:46:28:412 Ejecutando interfase VDINTERMOVIM
02 12:48:28:427 Empiezo a leer forms vdintermovim.frm
02 12:48:28:427 Termino parse forms vdintermovim.frm
02 12:48:28:427 Ejecutando interfase VDINTERMOVIM
02 12:50:28:455 Empiezo a leer forms vdintermovim.frm
02 12:50:28:455 Termino parse forms vdintermovim.frm
02 12:50:28:455 Ejecutando interfase VDINTERMOVIM
02 12:52:28:487 Empiezo a leer forms vdintermovim.frm
02 12:52:28:495 Termino parse forms vdintermovim.frm
02 12:52:28:495 Ejecutando interfase VDINTERMOVIM
02 12:54:28:510 Empiezo a leer forms vdintermovim.frm
02 12:54:28:510 Termino parse forms vdintermovim.frm
02 12:54:28:510 Ejecutando interfase VDINTERMOVIM
02 12:56:28:529 Empiezo a leer forms vdintermovim.frm
02 12:56:28:529 Termino parse forms vdintermovim.frm
02 12:56:28:529 Ejecutando interfase VDINTERMOVIM
02 12:58:28:545 Empiezo a leer forms vdintermovim.frm
02 12:58:28:545 Termino parse forms vdintermovim.frm
02 12:58:28:545 Ejecutando interfase VDINTERMOVIM
02 13:00:28:570 Empiezo a leer forms vdintermovim.frm
02 13:00:28:570 Termino parse forms vdintermovim.frm
02 13:00:28:570 Ejecutando interfase VDINTERMOVIM
02 13:02:28:595 Empiezo a leer forms vdintermovim.frm
02 13:02:28:595 Termino parse forms vdintermovim.frm
02 13:02:28:595 Ejecutando interfase VDINTERMOVIM
02 13:04:28:612 Empiezo a leer forms vdintermovim.frm
02 13:04:28:612 Termino parse forms vdintermovim.frm
02 13:04:28:612 Ejecutando interfase VDINTERMOVIM
02 13:06:28:632 Empiezo a leer forms vdintermovim.frm
02 13:06:28:635 Termino parse forms vdintermovim.frm
02 13:06:28:635 Ejecutando interfase VDINTERMOVIM
02 13:08:28:650 Empiezo a leer forms vdintermovim.frm
02 13:08:28:650 Termino parse forms vdintermovim.frm
02 13:08:28:650 Ejecutando interfase VDINTERMOVIM
02 13:10:28:674 Empiezo a leer forms vdintermovim.frm
02 13:10:28:674 Termino parse forms vdintermovim.frm
02 13:10:28:674 Ejecutando interfase VDINTERMOVIM
02 13:12:28:700 Empiezo a leer forms vdintermovim.frm
02 13:12:28:700 Termino parse forms vdintermovim.frm
02 13:12:28:700 Ejecutando interfase VDINTERMOVIM
02 13:14:28:732 Empiezo a leer forms vdintermovim.frm
02 13:14:28:739 Termino parse forms vdintermovim.frm
02 13:14:28:739 Ejecutando interfase VDINTERMOVIM
02 13:16:28:750 Empiezo a leer forms vdintermovim.frm
02 13:16:28:750 Termino parse forms vdintermovim.frm
02 13:16:28:750 Ejecutando interfase VDINTERMOVIM
02 13:18:28:767 Empiezo a leer forms vdintermovim.frm
02 13:18:28:767 Termino parse forms vdintermovim.frm
02 13:18:28:767 Ejecutando interfase VDINTERMOVIM
02 13:20:28:782 Empiezo a leer forms vdintermovim.frm
02 13:20:28:787 Termino parse forms vdintermovim.frm
02 13:20:28:787 Ejecutando interfase VDINTERMOVIM
02 13:22:28:800 Empiezo a leer forms vdintermovim.frm
02 13:22:28:807 Termino parse forms vdintermovim.frm
02 13:22:28:807 Ejecutando interfase VDINTERMOVIM
02 13:24:28:825 Empiezo a leer forms vdintermovim.frm
02 13:24:28:830 Termino parse forms vdintermovim.frm
02 13:24:28:830 Ejecutando interfase VDINTERMOVIM
02 13:26:28:857 Empiezo a leer forms vdintermovim.frm
02 13:26:28:862 Termino parse forms vdintermovim.frm
02 13:26:28:862 Ejecutando interfase VDINTERMOVIM
02 13:28:28:885 Empiezo a leer forms vdintermovim.frm
02 13:28:28:887 Termino parse forms vdintermovim.frm
02 13:28:28:887 Ejecutando interfase VDINTERMOVIM
02 13:30:28:910 Empiezo a leer forms vdintermovim.frm
02 13:30:28:910 Termino parse forms vdintermovim.frm
02 13:30:28:910 Ejecutando interfase VDINTERMOVIM
02 13:32:28:930 Empiezo a leer forms vdintermovim.frm
02 13:32:28:934 Termino parse forms vdintermovim.frm
02 13:32:28:934 Ejecutando interfase VDINTERMOVIM
02 13:34:28:964 Empiezo a leer forms vdintermovim.frm
02 13:34:28:967 Termino parse forms vdintermovim.frm
02 13:34:28:967 Ejecutando interfase VDINTERMOVIM
02 13:36:28:982 Empiezo a leer forms vdintermovim.frm
02 13:36:28:982 Termino parse forms vdintermovim.frm
02 13:36:28:982 Ejecutando interfase VDINTERMOVIM
02 13:38:29:010 Empiezo a leer forms vdintermovim.frm
02 13:38:29:010 Termino parse forms vdintermovim.frm
02 13:38:29:010 Ejecutando interfase VDINTERMOVIM
02 13:40:29:030 Empiezo a leer forms vdintermovim.frm
02 13:40:29:030 Termino parse forms vdintermovim.frm
02 13:40:29:030 Ejecutando interfase VDINTERMOVIM
02 13:42:29:049 Empiezo a leer forms vdintermovim.frm
02 13:42:29:049 Termino parse forms vdintermovim.frm
02 13:42:29:049 Ejecutando interfase VDINTERMOVIM
02 13:44:29:077 Empiezo a leer forms vdintermovim.frm
02 13:44:29:079 Termino parse forms vdintermovim.frm
02 13:44:29:079 Ejecutando interfase VDINTERMOVIM
02 13:46:29:085 Empiezo a leer forms vdintermovim.frm
02 13:46:29:090 Termino parse forms vdintermovim.frm
02 13:46:29:090 Ejecutando interfase VDINTERMOVIM
02 13:48:29:105 Empiezo a leer forms vdintermovim.frm
02 13:48:29:112 Termino parse forms vdintermovim.frm
02 13:48:29:112 Ejecutando interfase VDINTERMOVIM
02 13:50:29:120 Empiezo a leer forms vdintermovim.frm
02 13:50:29:125 Termino parse forms vdintermovim.frm
02 13:50:29:125 Ejecutando interfase VDINTERMOVIM
02 13:52:29:154 Empiezo a leer forms vdintermovim.frm
02 13:52:29:154 Termino parse forms vdintermovim.frm
02 13:52:29:154 Ejecutando interfase VDINTERMOVIM
02 13:54:29:174 Empiezo a leer forms vdintermovim.frm
02 13:54:29:174 Termino parse forms vdintermovim.frm
02 13:54:29:174 Ejecutando interfase VDINTERMOVIM
02 13:56:29:195 Empiezo a leer forms vdintermovim.frm
02 13:56:29:195 Termino parse forms vdintermovim.frm
02 13:56:29:195 Ejecutando interfase VDINTERMOVIM
02 13:58:29:217 Empiezo a leer forms vdintermovim.frm
02 13:58:29:217 Termino parse forms vdintermovim.frm
02 13:58:29:217 Ejecutando interfase VDINTERMOVIM
02 14:00:29:245 Empiezo a leer forms vdintermovim.frm
02 14:00:29:252 Termino parse forms vdintermovim.frm
02 14:00:29:252 Ejecutando interfase VDINTERMOVIM
02 14:02:29:270 Empiezo a leer forms vdintermovim.frm
02 14:02:29:270 Termino parse forms vdintermovim.frm
02 14:02:29:270 Ejecutando interfase VDINTERMOVIM
02 14:04:29:307 Empiezo a leer forms vdintermovim.frm
02 14:04:29:307 Termino parse forms vdintermovim.frm
02 14:04:29:307 Ejecutando interfase VDINTERMOVIM
02 14:06:29:342 Empiezo a leer forms vdintermovim.frm
02 14:06:29:342 Termino parse forms vdintermovim.frm
02 14:06:29:342 Ejecutando interfase VDINTERMOVIM
02 14:08:29:372 Empiezo a leer forms vdintermovim.frm
02 14:08:29:372 Termino parse forms vdintermovim.frm
02 14:08:29:372 Ejecutando interfase VDINTERMOVIM
02 14:10:29:394 Empiezo a leer forms vdintermovim.frm
02 14:10:29:399 Termino parse forms vdintermovim.frm
02 14:10:29:399 Ejecutando interfase VDINTERMOVIM
02 14:12:29:405 Empiezo a leer forms vdintermovim.frm
02 14:12:29:405 Termino parse forms vdintermovim.frm
02 14:12:29:405 Ejecutando interfase VDINTERMOVIM
02 14:14:29:434 Empiezo a leer forms vdintermovim.frm
02 14:14:29:434 Termino parse forms vdintermovim.frm
02 14:14:29:434 Ejecutando interfase VDINTERMOVIM
02 14:16:29:452 Empiezo a leer forms vdintermovim.frm
02 14:16:29:452 Termino parse forms vdintermovim.frm
02 14:16:29:452 Ejecutando interfase VDINTERMOVIM
02 14:18:29:485 Empiezo a leer forms vdintermovim.frm
02 14:18:29:485 Termino parse forms vdintermovim.frm
02 14:18:29:485 Ejecutando interfase VDINTERMOVIM
02 14:20:29:515 Empiezo a leer forms vdintermovim.frm
02 14:20:29:515 Termino parse forms vdintermovim.frm
02 14:20:29:515 Ejecutando interfase VDINTERMOVIM
02 14:22:29:529 Empiezo a leer forms vdintermovim.frm
02 14:22:29:529 Termino parse forms vdintermovim.frm
02 14:22:29:529 Ejecutando interfase VDINTERMOVIM
02 14:24:29:557 Empiezo a leer forms vdintermovim.frm
02 14:24:29:557 Termino parse forms vdintermovim.frm
02 14:24:29:557 Ejecutando interfase VDINTERMOVIM
02 14:26:29:587 Empiezo a leer forms vdintermovim.frm
02 14:26:29:587 Termino parse forms vdintermovim.frm
02 14:26:29:587 Ejecutando interfase VDINTERMOVIM
02 14:28:29:617 Empiezo a leer forms vdintermovim.frm
02 14:28:29:617 Termino parse forms vdintermovim.frm
02 14:28:29:617 Ejecutando interfase VDINTERMOVIM
02 14:30:29:647 Empiezo a leer forms vdintermovim.frm
02 14:30:29:647 Termino parse forms vdintermovim.frm
02 14:30:29:647 Ejecutando interfase VDINTERMOVIM
02 14:32:29:685 Empiezo a leer forms vdintermovim.frm
02 14:32:29:685 Termino parse forms vdintermovim.frm
02 14:32:29:685 Ejecutando interfase VDINTERMOVIM
02 14:34:29:705 Empiezo a leer forms vdintermovim.frm
02 14:34:29:705 Termino parse forms vdintermovim.frm
02 14:34:29:705 Ejecutando interfase VDINTERMOVIM
02 14:36:29:719 Empiezo a leer forms vdintermovim.frm
02 14:36:29:719 Termino parse forms vdintermovim.frm
02 14:36:29:719 Ejecutando interfase VDINTERMOVIM
02 14:38:29:735 Empiezo a leer forms vdintermovim.frm
02 14:38:29:735 Termino parse forms vdintermovim.frm
02 14:38:29:735 Ejecutando interfase VDINTERMOVIM
02 14:40:29:752 Empiezo a leer forms vdintermovim.frm
02 14:40:29:752 Termino parse forms vdintermovim.frm
02 14:40:29:752 Ejecutando interfase VDINTERMOVIM
02 14:42:29:785 Empiezo a leer forms vdintermovim.frm
02 14:42:29:785 Termino parse forms vdintermovim.frm
02 14:42:29:785 Ejecutando interfase VDINTERMOVIM
02 14:44:29:802 Empiezo a leer forms vdintermovim.frm
02 14:44:29:802 Termino parse forms vdintermovim.frm
02 14:44:29:802 Ejecutando interfase VDINTERMOVIM
02 14:46:29:827 Empiezo a leer forms vdintermovim.frm
02 14:46:29:827 Termino parse forms vdintermovim.frm
02 14:46:29:827 Ejecutando interfase VDINTERMOVIM
02 14:48:29:850 Empiezo a leer forms vdintermovim.frm
02 14:48:29:850 Termino parse forms vdintermovim.frm
02 14:48:29:850 Ejecutando interfase VDINTERMOVIM
02 14:50:29:875 Empiezo a leer forms vdintermovim.frm
02 14:50:29:879 Termino parse forms vdintermovim.frm
02 14:50:29:880 Ejecutando interfase VDINTERMOVIM
02 14:52:29:889 Empiezo a leer forms vdintermovim.frm
02 14:52:29:889 Termino parse forms vdintermovim.frm
02 14:52:29:889 Ejecutando interfase VDINTERMOVIM
02 14:54:29:915 Empiezo a leer forms vdintermovim.frm
02 14:54:29:915 Termino parse forms vdintermovim.frm
02 14:54:29:915 Ejecutando interfase VDINTERMOVIM
02 14:56:29:932 Empiezo a leer forms vdintermovim.frm
02 14:56:29:932 Termino parse forms vdintermovim.frm
02 14:56:29:932 Ejecutando interfase VDINTERMOVIM
02 14:58:29:964 Empiezo a leer forms vdintermovim.frm
02 14:58:29:970 Termino parse forms vdintermovim.frm
02 14:58:29:970 Ejecutando interfase VDINTERMOVIM
02 15:00:29:990 Empiezo a leer forms vdintermovim.frm
02 15:00:29:990 Termino parse forms vdintermovim.frm
02 15:00:29:990 Ejecutando interfase VDINTERMOVIM
02 15:02:30:015 Empiezo a leer forms vdintermovim.frm
02 15:02:30:020 Termino parse forms vdintermovim.frm
02 15:02:30:020 Ejecutando interfase VDINTERMOVIM
02 15:04:30:045 Empiezo a leer forms vdintermovim.frm
02 15:04:30:045 Termino parse forms vdintermovim.frm
02 15:04:30:045 Ejecutando interfase VDINTERMOVIM
02 15:06:30:067 Empiezo a leer forms vdintermovim.frm
02 15:06:30:067 Termino parse forms vdintermovim.frm
02 15:06:30:067 Ejecutando interfase VDINTERMOVIM
02 15:08:30:087 Empiezo a leer forms vdintermovim.frm
02 15:08:30:087 Termino parse forms vdintermovim.frm
02 15:08:30:087 Ejecutando interfase VDINTERMOVIM
02 15:10:30:110 Empiezo a leer forms vdintermovim.frm
02 15:10:30:115 Termino parse forms vdintermovim.frm
02 15:10:30:115 Ejecutando interfase VDINTERMOVIM
02 16:09:06:009 Empiezo a leer forms vdintermovim.frm
02 16:09:06:019 Termino parse forms vdintermovim.frm
02 16:09:06:019 Ejecutando interfase VDINTERMOVIM
02 16:11:06:037 Empiezo a leer forms vdintermovim.frm
02 16:11:06:040 Termino parse forms vdintermovim.frm
02 16:11:06:040 Ejecutando interfase VDINTERMOVIM
02 16:13:06:067 Empiezo a leer forms vdintermovim.frm
02 16:13:06:067 Termino parse forms vdintermovim.frm
02 16:13:06:067 Ejecutando interfase VDINTERMOVIM
02 16:15:06:090 Empiezo a leer forms vdintermovim.frm
02 16:15:06:090 Termino parse forms vdintermovim.frm
02 16:15:06:090 Ejecutando interfase VDINTERMOVIM
02 16:17:06:125 Empiezo a leer forms vdintermovim.frm
02 16:17:06:130 Termino parse forms vdintermovim.frm
02 16:17:06:132 Ejecutando interfase VDINTERMOVIM
02 16:19:06:152 Empiezo a leer forms vdintermovim.frm
02 16:19:06:155 Termino parse forms vdintermovim.frm
02 16:19:06:155 Ejecutando interfase VDINTERMOVIM
02 16:21:06:175 Empiezo a leer forms vdintermovim.frm
02 16:21:06:182 Termino parse forms vdintermovim.frm
02 16:21:06:184 Ejecutando interfase VDINTERMOVIM
02 16:23:06:202 Empiezo a leer forms vdintermovim.frm
02 16:23:06:202 Termino parse forms vdintermovim.frm
02 16:23:06:202 Ejecutando interfase VDINTERMOVIM
02 16:25:06:225 Empiezo a leer forms vdintermovim.frm
02 16:25:06:225 Termino parse forms vdintermovim.frm
02 16:25:06:225 Ejecutando interfase VDINTERMOVIM
02 16:27:06:245 Empiezo a leer forms vdintermovim.frm
02 16:27:06:245 Termino parse forms vdintermovim.frm
02 16:27:06:245 Ejecutando interfase VDINTERMOVIM
02 16:29:06:262 Empiezo a leer forms vdintermovim.frm
02 16:29:06:269 Termino parse forms vdintermovim.frm
02 16:29:06:269 Ejecutando interfase VDINTERMOVIM
02 16:31:06:295 Empiezo a leer forms vdintermovim.frm
02 16:31:06:295 Termino parse forms vdintermovim.frm
02 16:31:06:295 Ejecutando interfase VDINTERMOVIM
02 16:33:06:325 Empiezo a leer forms vdintermovim.frm
02 16:33:06:330 Termino parse forms vdintermovim.frm
02 16:33:06:332 Ejecutando interfase VDINTERMOVIM
02 16:35:06:349 Empiezo a leer forms vdintermovim.frm
02 16:35:06:349 Termino parse forms vdintermovim.frm
02 16:35:06:349 Ejecutando interfase VDINTERMOVIM
02 16:37:06:387 Empiezo a leer forms vdintermovim.frm
02 16:37:06:387 Termino parse forms vdintermovim.frm
02 16:37:06:387 Ejecutando interfase VDINTERMOVIM
02 16:39:06:410 Empiezo a leer forms vdintermovim.frm
02 16:39:06:415 Termino parse forms vdintermovim.frm
02 16:39:06:415 Ejecutando interfase VDINTERMOVIM
02 16:41:06:439 Empiezo a leer forms vdintermovim.frm
02 16:41:06:439 Termino parse forms vdintermovim.frm
02 16:41:06:439 Ejecutando interfase VDINTERMOVIM
02 16:43:06:457 Empiezo a leer forms vdintermovim.frm
02 16:43:06:457 Termino parse forms vdintermovim.frm
02 16:43:06:457 Ejecutando interfase VDINTERMOVIM
02 16:45:06:482 Empiezo a leer forms vdintermovim.frm
02 16:45:06:482 Termino parse forms vdintermovim.frm
02 16:45:06:482 Ejecutando interfase VDINTERMOVIM
02 16:47:06:500 Empiezo a leer forms vdintermovim.frm
02 16:47:06:500 Termino parse forms vdintermovim.frm
02 16:47:06:500 Ejecutando interfase VDINTERMOVIM
02 16:49:06:517 Empiezo a leer forms vdintermovim.frm
02 16:49:06:517 Termino parse forms vdintermovim.frm
02 16:49:06:517 Ejecutando interfase VDINTERMOVIM
02 16:51:06:537 Empiezo a leer forms vdintermovim.frm
02 16:51:06:537 Termino parse forms vdintermovim.frm
02 16:51:06:537 Ejecutando interfase VDINTERMOVIM
02 16:53:06:550 Empiezo a leer forms vdintermovim.frm
02 16:53:06:550 Termino parse forms vdintermovim.frm
02 16:53:06:550 Ejecutando interfase VDINTERMOVIM
02 16:55:06:572 Empiezo a leer forms vdintermovim.frm
02 16:55:06:572 Termino parse forms vdintermovim.frm
02 16:55:06:572 Ejecutando interfase VDINTERMOVIM
02 16:57:06:602 Empiezo a leer forms vdintermovim.frm
02 16:57:06:602 Termino parse forms vdintermovim.frm
02 16:57:06:602 Ejecutando interfase VDINTERMOVIM
02 16:59:06:627 Empiezo a leer forms vdintermovim.frm
02 16:59:06:627 Termino parse forms vdintermovim.frm
02 16:59:06:627 Ejecutando interfase VDINTERMOVIM
02 17:01:06:649 Empiezo a leer forms vdintermovim.frm
02 17:01:06:649 Termino parse forms vdintermovim.frm
02 17:01:06:649 Ejecutando interfase VDINTERMOVIM
02 17:03:06:670 Empiezo a leer forms vdintermovim.frm
02 17:03:06:674 Termino parse forms vdintermovim.frm
02 17:03:06:674 Ejecutando interfase VDINTERMOVIM
02 17:05:06:694 Empiezo a leer forms vdintermovim.frm
02 17:05:06:699 Termino parse forms vdintermovim.frm
02 17:05:06:699 Ejecutando interfase VDINTERMOVIM
02 17:07:06:720 Empiezo a leer forms vdintermovim.frm
02 17:07:06:727 Termino parse forms vdintermovim.frm
02 17:07:06:729 Ejecutando interfase VDINTERMOVIM
02 17:09:06:752 Empiezo a leer forms vdintermovim.frm
02 17:09:06:752 Termino parse forms vdintermovim.frm
02 17:09:06:752 Ejecutando interfase VDINTERMOVIM
02 17:11:06:780 Empiezo a leer forms vdintermovim.frm
02 17:11:06:780 Termino parse forms vdintermovim.frm
02 17:11:06:780 Ejecutando interfase VDINTERMOVIM
02 17:13:06:810 Empiezo a leer forms vdintermovim.frm
02 17:13:06:810 Termino parse forms vdintermovim.frm
02 17:13:06:810 Ejecutando interfase VDINTERMOVIM
02 17:15:06:829 Empiezo a leer forms vdintermovim.frm
02 17:15:06:829 Termino parse forms vdintermovim.frm
02 17:15:06:829 Ejecutando interfase VDINTERMOVIM
02 17:17:06:857 Empiezo a leer forms vdintermovim.frm
02 17:17:06:862 Termino parse forms vdintermovim.frm
02 17:17:06:862 Ejecutando interfase VDINTERMOVIM
02 17:19:06:882 Empiezo a leer forms vdintermovim.frm
02 17:19:06:882 Termino parse forms vdintermovim.frm
02 17:19:06:882 Ejecutando interfase VDINTERMOVIM
02 17:21:06:902 Empiezo a leer forms vdintermovim.frm
02 17:21:06:905 Termino parse forms vdintermovim.frm
02 17:21:06:907 Ejecutando interfase VDINTERMOVIM
02 17:23:06:922 Empiezo a leer forms vdintermovim.frm
02 17:23:06:922 Termino parse forms vdintermovim.frm
02 17:23:06:922 Ejecutando interfase VDINTERMOVIM
02 17:25:06:942 Empiezo a leer forms vdintermovim.frm
02 17:25:06:949 Termino parse forms vdintermovim.frm
02 17:25:06:950 Ejecutando interfase VDINTERMOVIM
02 17:27:06:962 Empiezo a leer forms vdintermovim.frm
02 17:27:06:962 Termino parse forms vdintermovim.frm
02 17:27:06:962 Ejecutando interfase VDINTERMOVIM
02 17:29:06:985 Empiezo a leer forms vdintermovim.frm
02 17:29:06:985 Termino parse forms vdintermovim.frm
02 17:29:06:985 Ejecutando interfase VDINTERMOVIM
02 17:31:07:002 Empiezo a leer forms vdintermovim.frm
02 17:31:07:005 Termino parse forms vdintermovim.frm
02 17:31:07:007 Ejecutando interfase VDINTERMOVIM
02 17:33:07:015 Empiezo a leer forms vdintermovim.frm
02 17:33:07:015 Termino parse forms vdintermovim.frm
02 17:33:07:015 Ejecutando interfase VDINTERMOVIM
02 17:35:07:044 Empiezo a leer forms vdintermovim.frm
02 17:35:07:044 Termino parse forms vdintermovim.frm
02 17:35:07:044 Ejecutando interfase VDINTERMOVIM
02 17:37:07:067 Empiezo a leer forms vdintermovim.frm
02 17:37:07:067 Termino parse forms vdintermovim.frm
02 17:37:07:067 Ejecutando interfase VDINTERMOVIM
02 17:39:07:100 Empiezo a leer forms vdintermovim.frm
02 17:39:07:100 Termino parse forms vdintermovim.frm
02 17:39:07:100 Ejecutando interfase VDINTERMOVIM
02 17:41:07:134 Empiezo a leer forms vdintermovim.frm
02 17:41:07:140 Termino parse forms vdintermovim.frm
02 17:41:07:140 Ejecutando interfase VDINTERMOVIM
02 17:43:07:155 Empiezo a leer forms vdintermovim.frm
02 17:43:07:159 Termino parse forms vdintermovim.frm
02 17:43:07:159 Ejecutando interfase VDINTERMOVIM
02 17:45:07:175 Empiezo a leer forms vdintermovim.frm
02 17:45:07:180 Termino parse forms vdintermovim.frm
02 17:45:07:180 Ejecutando interfase VDINTERMOVIM
02 17:47:07:187 Empiezo a leer forms vdintermovim.frm
02 17:47:07:187 Termino parse forms vdintermovim.frm
02 17:47:07:187 Ejecutando interfase VDINTERMOVIM

00 17:47:53:380 Fichero de log cerrado.

00 17:48:08:519 Fichero de log abierto PID 12664

02 17:48:08:520 Intentando abrir fichero v10.ini
02 17:48:08:520 Cargando driver v10oracle funcion damedriveroracle
02 17:48:09:182 Conectado a base de datos
02 17:48:09:185 Proceso ENVIOMOVIM encontrado en tabla VDPROCESOS
02 17:48:09:557 Proceso ENVIOMOVIM cargado con función interfasesalida (Librería VDINTERFASES.DLL) direccion 0595CC80
02 17:48:09:559 PLSQL: INICIALIZADO PAQUETE DE LOG EL DIA 27-06-2022
02 17:48:09:564 Actualizado SID 129 SERIAL 61062 del proceso con PID 12664
00 17:48:09:564 Error al abrir fichero VDST.H
02 17:48:09:564 Empiezo a leer forms vdintermovim.frm
02 17:48:09:575 Termino parse forms vdintermovim.frm
02 17:48:09:575 Ejecutando interfase VDINTERMOVIM
02 17:50:09:599 Empiezo a leer forms vdintermovim.frm
02 17:50:09:599 Termino parse forms vdintermovim.frm
02 17:50:09:599 Ejecutando interfase VDINTERMOVIM
02 17:52:09:620 Empiezo a leer forms vdintermovim.frm
02 17:52:09:620 Termino parse forms vdintermovim.frm
02 17:52:09:620 Ejecutando interfase VDINTERMOVIM
02 17:54:09:644 Empiezo a leer forms vdintermovim.frm
02 17:54:09:644 Termino parse forms vdintermovim.frm
02 17:54:09:644 Ejecutando interfase VDINTERMOVIM
02 17:56:09:669 Empiezo a leer forms vdintermovim.frm
02 17:56:09:669 Termino parse forms vdintermovim.frm
02 17:56:09:669 Ejecutando interfase VDINTERMOVIM

00 17:57:06:537 Fichero de log cerrado.

