00 09:04:44:550 Fichero de log abierto PID 11092

02 09:04:44:555 Intentando abrir fichero v10.ini
02 09:04:44:560 Cargando driver v10oracle funcion damedriveroracle
02 09:04:45:431 Conectado a base de datos
02 09:04:45:432 Proceso ENVIOMOVIM encontrado en tabla VDPROCESOS
02 09:04:45:437 Proceso ENVIOMOVIM cargado con función interfasesalida (Librería VDINTERFASES.DLL) direccion 07D0CC80
02 09:04:45:440 PLSQL: INICIALIZADO PAQUETE DE LOG EL DIA 25-03-2022
02 09:04:45:450 Actualizado SID 132 SERIAL 14619 del proceso con PID 11092
00 09:04:45:456 Error al abrir fichero VDST.H
02 09:04:45:463 Empiezo a leer forms vdintermovim.frm
02 09:04:45:477 Termino parse forms vdintermovim.frm
02 09:04:45:477 Ejecutando interfase VDINTERMOVIM
02 09:06:45:500 Empiezo a leer forms vdintermovim.frm
02 09:06:45:502 Termino parse forms vdintermovim.frm
02 09:06:45:502 Ejecutando interfase VDINTERMOVIM
02 09:08:45:520 Empiezo a leer forms vdintermovim.frm
02 09:08:45:525 Termino parse forms vdintermovim.frm
02 09:08:45:526 Ejecutando interfase VDINTERMOVIM
02 09:10:45:542 Empiezo a leer forms vdintermovim.frm
02 09:10:45:546 Termino parse forms vdintermovim.frm
02 09:10:45:547 Ejecutando interfase VDINTERMOVIM
02 09:12:45:555 Empiezo a leer forms vdintermovim.frm
02 09:12:45:561 Termino parse forms vdintermovim.frm
02 09:12:45:561 Ejecutando interfase VDINTERMOVIM
02 09:14:45:577 Empiezo a leer forms vdintermovim.frm
02 09:14:45:580 Termino parse forms vdintermovim.frm
02 09:14:45:580 Ejecutando interfase VDINTERMOVIM
02 09:16:45:591 Empiezo a leer forms vdintermovim.frm
02 09:16:45:592 Termino parse forms vdintermovim.frm
02 09:16:45:593 Ejecutando interfase VDINTERMOVIM
02 09:18:45:605 Empiezo a leer forms vdintermovim.frm
02 09:18:45:608 Termino parse forms vdintermovim.frm
02 09:18:45:608 Ejecutando interfase VDINTERMOVIM
02 09:20:45:626 Empiezo a leer forms vdintermovim.frm
02 09:20:45:628 Termino parse forms vdintermovim.frm
02 09:20:45:628 Ejecutando interfase VDINTERMOVIM
02 09:22:45:645 Empiezo a leer forms vdintermovim.frm
02 09:22:45:648 Termino parse forms vdintermovim.frm
02 09:22:45:648 Ejecutando interfase VDINTERMOVIM
02 09:24:45:667 Empiezo a leer forms vdintermovim.frm
02 09:24:45:671 Termino parse forms vdintermovim.frm
02 09:24:45:671 Ejecutando interfase VDINTERMOVIM
02 09:26:45:682 Empiezo a leer forms vdintermovim.frm
02 09:26:45:687 Termino parse forms vdintermovim.frm
02 09:26:45:687 Ejecutando interfase VDINTERMOVIM
02 09:28:45:703 Empiezo a leer forms vdintermovim.frm
02 09:28:45:708 Termino parse forms vdintermovim.frm
02 09:28:45:710 Ejecutando interfase VDINTERMOVIM
02 09:30:45:717 Empiezo a leer forms vdintermovim.frm
02 09:30:45:720 Termino parse forms vdintermovim.frm
02 09:30:45:720 Ejecutando interfase VDINTERMOVIM
02 09:32:45:736 Empiezo a leer forms vdintermovim.frm
02 09:32:45:741 Termino parse forms vdintermovim.frm
02 09:32:45:741 Ejecutando interfase VDINTERMOVIM
02 09:34:45:758 Empiezo a leer forms vdintermovim.frm
02 09:34:45:762 Termino parse forms vdintermovim.frm
02 09:34:45:762 Ejecutando interfase VDINTERMOVIM
02 09:36:45:780 Empiezo a leer forms vdintermovim.frm
02 09:36:45:783 Termino parse forms vdintermovim.frm
02 09:36:45:783 Ejecutando interfase VDINTERMOVIM

00 09:37:54:927 Fichero de log cerrado.

00 09:38:19:633 Fichero de log abierto PID 11240

02 09:38:19:636 Intentando abrir fichero v10.ini
02 09:38:19:643 Cargando driver v10oracle funcion damedriveroracle
02 09:38:20:440 Conectado a base de datos
02 09:38:20:442 Proceso ENVIOMOVIM encontrado en tabla VDPROCESOS
02 09:38:20:448 Proceso ENVIOMOVIM cargado con función interfasesalida (Librería VDINTERFASES.DLL) direccion 0781CC80
02 09:38:20:451 PLSQL: INICIALIZADO PAQUETE DE LOG EL DIA 25-03-2022
02 09:38:20:488 Actualizado SID 506 SERIAL 12370 del proceso con PID 11240
00 09:38:20:495 Error al abrir fichero VDST.H
02 09:38:20:497 Empiezo a leer forms vdintermovim.frm
02 09:38:20:512 Termino parse forms vdintermovim.frm
02 09:38:20:512 Ejecutando interfase VDINTERMOVIM
02 09:40:20:537 Empiezo a leer forms vdintermovim.frm
02 09:40:20:545 Termino parse forms vdintermovim.frm
02 09:40:20:545 Ejecutando interfase VDINTERMOVIM
02 09:42:20:560 Empiezo a leer forms vdintermovim.frm
02 09:42:20:567 Termino parse forms vdintermovim.frm
02 09:42:20:567 Ejecutando interfase VDINTERMOVIM
02 09:44:20:586 Empiezo a leer forms vdintermovim.frm
02 09:44:20:593 Termino parse forms vdintermovim.frm
02 09:44:20:593 Ejecutando interfase VDINTERMOVIM
02 09:46:20:612 Empiezo a leer forms vdintermovim.frm
02 09:46:20:620 Termino parse forms vdintermovim.frm
02 09:46:20:620 Ejecutando interfase VDINTERMOVIM
02 09:48:20:633 Empiezo a leer forms vdintermovim.frm
02 09:48:20:637 Termino parse forms vdintermovim.frm
02 09:48:20:637 Ejecutando interfase VDINTERMOVIM
02 09:50:20:643 Empiezo a leer forms vdintermovim.frm
02 09:50:20:647 Termino parse forms vdintermovim.frm
02 09:50:20:648 Ejecutando interfase VDINTERMOVIM
02 09:52:20:671 Empiezo a leer forms vdintermovim.frm
02 09:52:20:675 Termino parse forms vdintermovim.frm
02 09:52:20:675 Ejecutando interfase VDINTERMOVIM
02 09:54:20:687 Empiezo a leer forms vdintermovim.frm
02 09:54:20:692 Termino parse forms vdintermovim.frm
02 09:54:20:692 Ejecutando interfase VDINTERMOVIM
02 09:56:20:712 Empiezo a leer forms vdintermovim.frm
02 09:56:20:716 Termino parse forms vdintermovim.frm
02 09:56:20:716 Ejecutando interfase VDINTERMOVIM
02 09:58:20:735 Empiezo a leer forms vdintermovim.frm
02 09:58:20:738 Termino parse forms vdintermovim.frm
02 09:58:20:740 Ejecutando interfase VDINTERMOVIM
02 10:00:20:760 Empiezo a leer forms vdintermovim.frm
02 10:00:20:766 Termino parse forms vdintermovim.frm
02 10:00:20:767 Ejecutando interfase VDINTERMOVIM
02 10:02:20:812 Empiezo a leer forms vdintermovim.frm
02 10:02:20:817 Termino parse forms vdintermovim.frm
02 10:02:20:817 Ejecutando interfase VDINTERMOVIM
02 10:04:20:838 Empiezo a leer forms vdintermovim.frm
02 10:04:20:845 Termino parse forms vdintermovim.frm
02 10:04:20:845 Ejecutando interfase VDINTERMOVIM
02 10:06:20:860 Empiezo a leer forms vdintermovim.frm
02 10:06:20:865 Termino parse forms vdintermovim.frm
02 10:06:20:865 Ejecutando interfase VDINTERMOVIM
02 10:08:20:878 Empiezo a leer forms vdintermovim.frm
02 10:08:20:883 Termino parse forms vdintermovim.frm
02 10:08:20:883 Ejecutando interfase VDINTERMOVIM
02 10:10:20:895 Empiezo a leer forms vdintermovim.frm
02 10:10:20:901 Termino parse forms vdintermovim.frm
02 10:10:20:902 Ejecutando interfase VDINTERMOVIM
02 10:12:20:922 Empiezo a leer forms vdintermovim.frm
02 10:12:20:926 Termino parse forms vdintermovim.frm
02 10:12:20:926 Ejecutando interfase VDINTERMOVIM
02 10:14:20:947 Empiezo a leer forms vdintermovim.frm
02 10:14:20:952 Termino parse forms vdintermovim.frm
02 10:14:20:952 Ejecutando interfase VDINTERMOVIM
02 10:16:20:966 Empiezo a leer forms vdintermovim.frm
02 10:16:20:970 Termino parse forms vdintermovim.frm
02 10:16:20:971 Ejecutando interfase VDINTERMOVIM
02 10:18:20:988 Empiezo a leer forms vdintermovim.frm
02 10:18:20:993 Termino parse forms vdintermovim.frm
02 10:18:20:993 Ejecutando interfase VDINTERMOVIM
02 10:20:21:010 Empiezo a leer forms vdintermovim.frm
02 10:20:21:013 Termino parse forms vdintermovim.frm
02 10:20:21:013 Ejecutando interfase VDINTERMOVIM
02 10:22:21:022 Empiezo a leer forms vdintermovim.frm
02 10:22:21:026 Termino parse forms vdintermovim.frm
02 10:22:21:026 Ejecutando interfase VDINTERMOVIM
02 10:24:21:047 Empiezo a leer forms vdintermovim.frm
02 10:24:21:052 Termino parse forms vdintermovim.frm
02 10:24:21:053 Ejecutando interfase VDINTERMOVIM
02 10:26:21:063 Empiezo a leer forms vdintermovim.frm
02 10:26:21:070 Termino parse forms vdintermovim.frm
02 10:26:21:070 Ejecutando interfase VDINTERMOVIM
02 10:28:21:080 Empiezo a leer forms vdintermovim.frm
02 10:28:21:086 Termino parse forms vdintermovim.frm
02 10:28:21:086 Ejecutando interfase VDINTERMOVIM
02 10:30:21:105 Empiezo a leer forms vdintermovim.frm
02 10:30:21:111 Termino parse forms vdintermovim.frm
02 10:30:21:112 Ejecutando interfase VDINTERMOVIM
02 10:32:21:132 Empiezo a leer forms vdintermovim.frm
02 10:32:21:137 Termino parse forms vdintermovim.frm
02 10:32:21:137 Ejecutando interfase VDINTERMOVIM
02 10:34:21:161 Empiezo a leer forms vdintermovim.frm
02 10:34:21:166 Termino parse forms vdintermovim.frm
02 10:34:21:166 Ejecutando interfase VDINTERMOVIM
02 10:36:21:180 Empiezo a leer forms vdintermovim.frm
02 10:36:21:185 Termino parse forms vdintermovim.frm
02 10:36:21:186 Ejecutando interfase VDINTERMOVIM
02 10:38:21:197 Empiezo a leer forms vdintermovim.frm
02 10:38:21:202 Termino parse forms vdintermovim.frm
02 10:38:21:202 Ejecutando interfase VDINTERMOVIM
02 10:40:21:213 Empiezo a leer forms vdintermovim.frm
02 10:40:21:217 Termino parse forms vdintermovim.frm
02 10:40:21:218 Ejecutando interfase VDINTERMOVIM
02 10:42:21:228 Empiezo a leer forms vdintermovim.frm
02 10:42:21:232 Termino parse forms vdintermovim.frm
02 10:42:21:232 Ejecutando interfase VDINTERMOVIM
02 10:44:21:247 Empiezo a leer forms vdintermovim.frm
02 10:44:21:252 Termino parse forms vdintermovim.frm
02 10:44:21:252 Ejecutando interfase VDINTERMOVIM
02 10:46:21:271 Empiezo a leer forms vdintermovim.frm
02 10:46:21:275 Termino parse forms vdintermovim.frm
02 10:46:21:276 Ejecutando interfase VDINTERMOVIM
02 10:48:21:291 Empiezo a leer forms vdintermovim.frm
02 10:48:21:297 Termino parse forms vdintermovim.frm
02 10:48:21:297 Ejecutando interfase VDINTERMOVIM
02 10:50:21:318 Empiezo a leer forms vdintermovim.frm
02 10:50:21:323 Termino parse forms vdintermovim.frm
02 10:50:21:323 Ejecutando interfase VDINTERMOVIM
02 10:52:21:335 Empiezo a leer forms vdintermovim.frm
02 10:52:21:340 Termino parse forms vdintermovim.frm
02 10:52:21:340 Ejecutando interfase VDINTERMOVIM
02 10:54:21:361 Empiezo a leer forms vdintermovim.frm
02 10:54:21:366 Termino parse forms vdintermovim.frm
02 10:54:21:367 Ejecutando interfase VDINTERMOVIM
02 10:56:21:390 Empiezo a leer forms vdintermovim.frm
02 10:56:21:395 Termino parse forms vdintermovim.frm
02 10:56:21:395 Ejecutando interfase VDINTERMOVIM
02 10:58:21:411 Empiezo a leer forms vdintermovim.frm
02 10:58:21:416 Termino parse forms vdintermovim.frm
02 10:58:21:416 Ejecutando interfase VDINTERMOVIM
02 11:00:21:427 Empiezo a leer forms vdintermovim.frm
02 11:00:21:432 Termino parse forms vdintermovim.frm
02 11:00:21:433 Ejecutando interfase VDINTERMOVIM
02 11:02:21:452 Empiezo a leer forms vdintermovim.frm
02 11:02:21:457 Termino parse forms vdintermovim.frm
02 11:02:21:457 Ejecutando interfase VDINTERMOVIM
02 11:04:21:480 Empiezo a leer forms vdintermovim.frm
02 11:04:21:482 Termino parse forms vdintermovim.frm
02 11:04:21:482 Ejecutando interfase VDINTERMOVIM
02 11:06:21:493 Empiezo a leer forms vdintermovim.frm
02 11:06:21:498 Termino parse forms vdintermovim.frm
02 11:06:21:500 Ejecutando interfase VDINTERMOVIM
02 11:08:21:515 Empiezo a leer forms vdintermovim.frm
02 11:08:21:520 Termino parse forms vdintermovim.frm
02 11:08:21:520 Ejecutando interfase VDINTERMOVIM
02 11:10:21:535 Empiezo a leer forms vdintermovim.frm
02 11:10:21:540 Termino parse forms vdintermovim.frm
02 11:10:21:540 Ejecutando interfase VDINTERMOVIM
02 11:12:21:557 Empiezo a leer forms vdintermovim.frm
02 11:12:21:562 Termino parse forms vdintermovim.frm
02 11:12:21:563 Ejecutando interfase VDINTERMOVIM
02 11:14:21:583 Empiezo a leer forms vdintermovim.frm
02 11:14:21:588 Termino parse forms vdintermovim.frm
02 11:14:21:590 Ejecutando interfase VDINTERMOVIM
02 11:16:21:597 Empiezo a leer forms vdintermovim.frm
02 11:16:21:601 Termino parse forms vdintermovim.frm
02 11:16:21:601 Ejecutando interfase VDINTERMOVIM
02 11:18:21:611 Empiezo a leer forms vdintermovim.frm
02 11:18:21:618 Termino parse forms vdintermovim.frm
02 11:18:21:620 Ejecutando interfase VDINTERMOVIM
02 11:20:21:641 Empiezo a leer forms vdintermovim.frm
02 11:20:21:646 Termino parse forms vdintermovim.frm
02 11:20:21:646 Ejecutando interfase VDINTERMOVIM
02 11:22:21:655 Empiezo a leer forms vdintermovim.frm
02 11:22:21:660 Termino parse forms vdintermovim.frm
02 11:22:21:660 Ejecutando interfase VDINTERMOVIM
02 11:24:21:670 Empiezo a leer forms vdintermovim.frm
02 11:24:21:676 Termino parse forms vdintermovim.frm
02 11:24:21:677 Ejecutando interfase VDINTERMOVIM
02 11:26:21:695 Empiezo a leer forms vdintermovim.frm
02 11:26:21:701 Termino parse forms vdintermovim.frm
02 11:26:21:701 Ejecutando interfase VDINTERMOVIM
02 12:02:47:097 Empiezo a leer forms vdintermovim.frm
02 12:02:47:099 Termino parse forms vdintermovim.frm
02 12:02:47:099 Ejecutando interfase VDINTERMOVIM
02 12:04:47:105 Empiezo a leer forms vdintermovim.frm
02 12:04:47:109 Termino parse forms vdintermovim.frm
02 12:04:47:109 Ejecutando interfase VDINTERMOVIM
02 12:06:47:117 Empiezo a leer forms vdintermovim.frm
02 12:06:47:120 Termino parse forms vdintermovim.frm
02 12:06:47:120 Ejecutando interfase VDINTERMOVIM
02 12:08:47:137 Empiezo a leer forms vdintermovim.frm
02 12:08:47:140 Termino parse forms vdintermovim.frm
02 12:08:47:140 Ejecutando interfase VDINTERMOVIM
02 12:10:47:162 Empiezo a leer forms vdintermovim.frm
02 12:10:47:167 Termino parse forms vdintermovim.frm
02 12:10:47:169 Ejecutando interfase VDINTERMOVIM
02 12:12:47:192 Empiezo a leer forms vdintermovim.frm
02 12:12:47:195 Termino parse forms vdintermovim.frm
02 12:12:47:197 Ejecutando interfase VDINTERMOVIM
02 12:14:47:210 Empiezo a leer forms vdintermovim.frm
02 12:14:47:217 Termino parse forms vdintermovim.frm
02 12:14:47:217 Ejecutando interfase VDINTERMOVIM
02 12:16:47:225 Empiezo a leer forms vdintermovim.frm
02 12:16:47:229 Termino parse forms vdintermovim.frm
02 12:16:47:230 Ejecutando interfase VDINTERMOVIM
02 12:18:47:250 Empiezo a leer forms vdintermovim.frm
02 12:18:47:255 Termino parse forms vdintermovim.frm
02 12:18:47:255 Ejecutando interfase VDINTERMOVIM
02 12:20:47:269 Empiezo a leer forms vdintermovim.frm
02 12:20:47:274 Termino parse forms vdintermovim.frm
02 12:20:47:274 Ejecutando interfase VDINTERMOVIM
02 12:22:47:285 Empiezo a leer forms vdintermovim.frm
02 12:22:47:290 Termino parse forms vdintermovim.frm
02 12:22:47:290 Ejecutando interfase VDINTERMOVIM
02 12:24:47:310 Empiezo a leer forms vdintermovim.frm
02 12:24:47:312 Termino parse forms vdintermovim.frm
02 12:24:47:312 Ejecutando interfase VDINTERMOVIM
02 12:26:47:334 Empiezo a leer forms vdintermovim.frm
02 12:26:47:339 Termino parse forms vdintermovim.frm
02 12:26:47:339 Ejecutando interfase VDINTERMOVIM
02 12:28:47:357 Empiezo a leer forms vdintermovim.frm
02 12:28:47:360 Termino parse forms vdintermovim.frm
02 12:28:47:362 Ejecutando interfase VDINTERMOVIM
02 12:30:47:380 Empiezo a leer forms vdintermovim.frm
02 12:30:47:385 Termino parse forms vdintermovim.frm
02 12:30:47:385 Ejecutando interfase VDINTERMOVIM
02 12:32:47:392 Empiezo a leer forms vdintermovim.frm
02 12:32:47:395 Termino parse forms vdintermovim.frm
02 12:32:47:395 Ejecutando interfase VDINTERMOVIM
02 12:34:47:412 Empiezo a leer forms vdintermovim.frm
02 12:34:47:417 Termino parse forms vdintermovim.frm
02 12:34:47:417 Ejecutando interfase VDINTERMOVIM
02 12:36:47:435 Empiezo a leer forms vdintermovim.frm
02 12:36:47:442 Termino parse forms vdintermovim.frm
02 12:36:47:444 Ejecutando interfase VDINTERMOVIM
02 12:38:47:455 Empiezo a leer forms vdintermovim.frm
02 12:38:47:460 Termino parse forms vdintermovim.frm
02 12:38:47:460 Ejecutando interfase VDINTERMOVIM
02 12:40:47:469 Empiezo a leer forms vdintermovim.frm
02 12:40:47:472 Termino parse forms vdintermovim.frm
02 12:40:47:472 Ejecutando interfase VDINTERMOVIM
02 12:42:47:490 Empiezo a leer forms vdintermovim.frm
02 12:42:47:495 Termino parse forms vdintermovim.frm
02 12:42:47:495 Ejecutando interfase VDINTERMOVIM
02 12:44:47:517 Empiezo a leer forms vdintermovim.frm
02 12:44:47:522 Termino parse forms vdintermovim.frm
02 12:44:47:522 Ejecutando interfase VDINTERMOVIM
02 12:46:47:535 Empiezo a leer forms vdintermovim.frm
02 12:46:47:539 Termino parse forms vdintermovim.frm
02 12:46:47:539 Ejecutando interfase VDINTERMOVIM
02 12:48:47:552 Empiezo a leer forms vdintermovim.frm
02 12:48:47:557 Termino parse forms vdintermovim.frm
02 12:48:47:557 Ejecutando interfase VDINTERMOVIM
02 12:50:47:572 Empiezo a leer forms vdintermovim.frm
02 12:50:47:575 Termino parse forms vdintermovim.frm
02 12:50:47:575 Ejecutando interfase VDINTERMOVIM
02 12:52:47:592 Empiezo a leer forms vdintermovim.frm
02 12:52:47:600 Termino parse forms vdintermovim.frm
02 12:52:47:600 Ejecutando interfase VDINTERMOVIM
02 12:54:47:612 Empiezo a leer forms vdintermovim.frm
02 12:54:47:617 Termino parse forms vdintermovim.frm
02 12:54:47:617 Ejecutando interfase VDINTERMOVIM
02 12:56:47:637 Empiezo a leer forms vdintermovim.frm
02 12:56:47:640 Termino parse forms vdintermovim.frm
02 12:56:47:640 Ejecutando interfase VDINTERMOVIM

00 12:57:00:244 Fichero de log cerrado.

00 12:57:20:695 Fichero de log abierto PID 4248

02 12:57:20:697 Intentando abrir fichero v10.ini
02 12:57:20:705 Cargando driver v10oracle funcion damedriveroracle
02 12:57:21:582 Conectado a base de datos
02 12:57:21:584 Proceso ENVIOMOVIM encontrado en tabla VDPROCESOS
02 12:57:21:590 Proceso ENVIOMOVIM cargado con función interfasesalida (Librería VDINTERFASES.DLL) direccion 061DCC80
02 12:57:21:592 PLSQL: INICIALIZADO PAQUETE DE LOG EL DIA 25-03-2022
02 12:57:21:605 Actualizado SID 746 SERIAL 37669 del proceso con PID 4248
00 12:57:21:612 Error al abrir fichero VDST.H
02 12:57:21:614 Empiezo a leer forms vdintermovim.frm
02 12:57:21:627 Termino parse forms vdintermovim.frm
02 12:57:21:627 Ejecutando interfase VDINTERMOVIM
02 12:59:21:642 Empiezo a leer forms vdintermovim.frm
02 12:59:21:649 Termino parse forms vdintermovim.frm
02 12:59:21:649 Ejecutando interfase VDINTERMOVIM
02 13:01:21:667 Empiezo a leer forms vdintermovim.frm
02 13:01:21:674 Termino parse forms vdintermovim.frm
02 13:01:21:675 Ejecutando interfase VDINTERMOVIM
02 13:03:21:689 Empiezo a leer forms vdintermovim.frm
02 13:03:21:697 Termino parse forms vdintermovim.frm
02 13:03:21:697 Ejecutando interfase VDINTERMOVIM
02 13:05:21:719 Empiezo a leer forms vdintermovim.frm
02 13:05:21:725 Termino parse forms vdintermovim.frm
02 13:05:21:727 Ejecutando interfase VDINTERMOVIM
02 13:07:21:744 Empiezo a leer forms vdintermovim.frm
02 13:07:21:747 Termino parse forms vdintermovim.frm
02 13:07:21:747 Ejecutando interfase VDINTERMOVIM
02 13:09:21:752 Empiezo a leer forms vdintermovim.frm
02 13:09:21:757 Termino parse forms vdintermovim.frm
02 13:09:21:757 Ejecutando interfase VDINTERMOVIM
02 13:11:21:780 Empiezo a leer forms vdintermovim.frm
02 13:11:21:787 Termino parse forms vdintermovim.frm
02 13:11:21:787 Ejecutando interfase VDINTERMOVIM
02 13:13:21:809 Empiezo a leer forms vdintermovim.frm
02 13:13:21:812 Termino parse forms vdintermovim.frm
02 13:13:21:812 Ejecutando interfase VDINTERMOVIM
02 13:15:21:822 Empiezo a leer forms vdintermovim.frm
02 13:15:21:825 Termino parse forms vdintermovim.frm
02 13:15:21:825 Ejecutando interfase VDINTERMOVIM
02 13:17:21:837 Empiezo a leer forms vdintermovim.frm
02 13:17:21:840 Termino parse forms vdintermovim.frm
02 13:17:21:840 Ejecutando interfase VDINTERMOVIM
02 13:19:21:850 Empiezo a leer forms vdintermovim.frm
02 13:19:21:852 Termino parse forms vdintermovim.frm
02 13:19:21:852 Ejecutando interfase VDINTERMOVIM
02 13:21:21:867 Empiezo a leer forms vdintermovim.frm
02 13:21:21:872 Termino parse forms vdintermovim.frm
02 13:21:21:872 Ejecutando interfase VDINTERMOVIM
02 13:23:21:885 Empiezo a leer forms vdintermovim.frm
02 13:23:21:887 Termino parse forms vdintermovim.frm
02 13:23:21:887 Ejecutando interfase VDINTERMOVIM
02 13:25:21:904 Empiezo a leer forms vdintermovim.frm
02 13:25:21:909 Termino parse forms vdintermovim.frm
02 13:25:21:909 Ejecutando interfase VDINTERMOVIM
02 13:27:21:919 Empiezo a leer forms vdintermovim.frm
02 13:27:21:924 Termino parse forms vdintermovim.frm
02 13:27:21:925 Ejecutando interfase VDINTERMOVIM
02 13:29:21:940 Empiezo a leer forms vdintermovim.frm
02 13:29:21:942 Termino parse forms vdintermovim.frm
02 13:29:21:942 Ejecutando interfase VDINTERMOVIM
02 13:31:21:950 Empiezo a leer forms vdintermovim.frm
02 13:31:21:957 Termino parse forms vdintermovim.frm
02 13:31:21:957 Ejecutando interfase VDINTERMOVIM
02 13:33:21:975 Empiezo a leer forms vdintermovim.frm
02 13:33:21:977 Termino parse forms vdintermovim.frm
02 13:33:21:977 Ejecutando interfase VDINTERMOVIM
02 13:35:21:984 Empiezo a leer forms vdintermovim.frm
02 13:35:21:989 Termino parse forms vdintermovim.frm
02 13:35:21:989 Ejecutando interfase VDINTERMOVIM
02 13:37:22:002 Empiezo a leer forms vdintermovim.frm
02 13:37:22:007 Termino parse forms vdintermovim.frm
02 13:37:22:007 Ejecutando interfase VDINTERMOVIM
02 13:39:22:022 Empiezo a leer forms vdintermovim.frm
02 13:39:22:025 Termino parse forms vdintermovim.frm
02 13:39:22:027 Ejecutando interfase VDINTERMOVIM
02 13:41:22:047 Empiezo a leer forms vdintermovim.frm
02 13:41:22:050 Termino parse forms vdintermovim.frm
02 13:41:22:052 Ejecutando interfase VDINTERMOVIM
02 13:43:22:070 Empiezo a leer forms vdintermovim.frm
02 13:43:22:077 Termino parse forms vdintermovim.frm
02 13:43:22:077 Ejecutando interfase VDINTERMOVIM
02 13:45:22:094 Empiezo a leer forms vdintermovim.frm
02 13:45:22:097 Termino parse forms vdintermovim.frm
02 13:45:22:097 Ejecutando interfase VDINTERMOVIM
02 13:47:22:115 Empiezo a leer forms vdintermovim.frm
02 13:47:22:119 Termino parse forms vdintermovim.frm
02 13:47:22:119 Ejecutando interfase VDINTERMOVIM
02 13:49:22:140 Empiezo a leer forms vdintermovim.frm
02 13:49:22:145 Termino parse forms vdintermovim.frm
02 13:49:22:145 Ejecutando interfase VDINTERMOVIM
02 13:51:22:165 Empiezo a leer forms vdintermovim.frm
02 13:51:22:169 Termino parse forms vdintermovim.frm
02 13:51:22:169 Ejecutando interfase VDINTERMOVIM
02 13:53:22:180 Empiezo a leer forms vdintermovim.frm
02 13:53:22:185 Termino parse forms vdintermovim.frm
02 13:53:22:185 Ejecutando interfase VDINTERMOVIM
02 13:55:22:207 Empiezo a leer forms vdintermovim.frm
02 13:55:22:212 Termino parse forms vdintermovim.frm
02 13:55:22:212 Ejecutando interfase VDINTERMOVIM
02 13:57:22:230 Empiezo a leer forms vdintermovim.frm
02 13:57:22:235 Termino parse forms vdintermovim.frm
02 13:57:22:235 Ejecutando interfase VDINTERMOVIM

00 13:58:46:912 Fichero de log cerrado.

