00 11:54:47:630 Fichero de log abierto PID 2960

02 11:54:47:632 Intentando abrir fichero v10.ini
02 11:54:47:637 Cargando driver v10oracle funcion damedriveroracle
02 11:54:48:187 Conectado a base de datos
02 11:54:48:189 Proceso ENVIOREDUR encontrado en tabla VDPROCESOS
02 11:54:50:070 Proceso ENVIOREDUR cargado con función interfasesalida (Librería VDINTERFASES.DLL) direccion 05DACC80
02 11:54:50:072 PLSQL: INICIALIZADO PAQUETE DE LOG EL DIA 30-06-2022
02 11:54:50:090 Actualizado SID 866 SERIAL 1571 del proceso con PID 2960
00 11:54:50:095 Error al abrir fichero VDST.H
02 11:54:50:099 Empiezo a leer forms vdinterageredur.frm
02 11:54:50:137 Termino parse forms vdinterageredur.frm
02 11:54:50:137 Ejecutando interfase VDINTERAGEREDUR
02 11:56:50:159 Empiezo a leer forms vdinterageredur.frm
02 11:56:50:164 Termino parse forms vdinterageredur.frm
02 11:56:50:164 Ejecutando interfase VDINTERAGEREDUR
02 11:58:50:184 Empiezo a leer forms vdinterageredur.frm
02 11:58:50:197 Termino parse forms vdinterageredur.frm
02 11:58:50:197 Ejecutando interfase VDINTERAGEREDUR
02 12:00:50:222 Empiezo a leer forms vdinterageredur.frm
02 12:00:50:232 Termino parse forms vdinterageredur.frm
02 12:00:50:232 Ejecutando interfase VDINTERAGEREDUR
02 12:02:50:242 Empiezo a leer forms vdinterageredur.frm
02 12:02:50:257 Termino parse forms vdinterageredur.frm
02 12:02:50:257 Ejecutando interfase VDINTERAGEREDUR

00 12:04:30:227 Fichero de log cerrado.

00 12:04:43:155 Fichero de log abierto PID 7800

02 12:04:43:157 Intentando abrir fichero v10.ini
02 12:04:43:160 Cargando driver v10oracle funcion damedriveroracle
02 12:04:43:652 Conectado a base de datos
02 12:04:43:654 Proceso ENVIOREDUR encontrado en tabla VDPROCESOS
02 12:04:43:659 Proceso ENVIOREDUR cargado con función interfasesalida (Librería VDINTERFASES.DLL) direccion 0566CC80
02 12:04:43:661 PLSQL: INICIALIZADO PAQUETE DE LOG EL DIA 30-06-2022
02 12:04:43:675 Actualizado SID 503 SERIAL 33013 del proceso con PID 7800
00 12:04:43:682 Error al abrir fichero VDST.H
02 12:04:43:682 Empiezo a leer forms vdinterageredur.frm
02 12:04:43:735 Termino parse forms vdinterageredur.frm
02 12:04:43:735 Ejecutando interfase VDINTERAGEREDUR

00 12:05:30:430 Fichero de log cerrado.

00 12:07:06:272 Fichero de log abierto PID 5916

02 12:07:06:272 Intentando abrir fichero v10.ini
02 12:07:06:280 Cargando driver v10oracle funcion damedriveroracle
02 12:07:06:837 Conectado a base de datos
02 12:07:06:839 Proceso ENVIOREDUR encontrado en tabla VDPROCESOS
02 12:07:06:844 Proceso ENVIOREDUR cargado con función interfasesalida (Librería VDINTERFASES.DLL) direccion 07F8CC80
02 12:07:06:846 PLSQL: INICIALIZADO PAQUETE DE LOG EL DIA 30-06-2022
02 12:07:06:857 Actualizado SID 866 SERIAL 35581 del proceso con PID 5916
00 12:07:06:862 Error al abrir fichero VDST.H
02 12:07:06:864 Empiezo a leer forms vdinterageredur.frm
02 12:07:06:895 Termino parse forms vdinterageredur.frm
02 12:07:06:895 Ejecutando interfase VDINTERAGEREDUR
02 12:09:06:905 Empiezo a leer forms vdinterageredur.frm
02 12:09:06:910 Termino parse forms vdinterageredur.frm
02 12:09:06:910 Ejecutando interfase VDINTERAGEREDUR
02 12:11:06:917 Empiezo a leer forms vdinterageredur.frm
02 12:11:06:917 Termino parse forms vdinterageredur.frm
02 12:11:06:917 Ejecutando interfase VDINTERAGEREDUR
02 12:13:05:729 Empiezo a leer forms vdinterageredur.frm
02 12:13:05:729 Termino parse forms vdinterageredur.frm
02 12:13:05:729 Ejecutando interfase VDINTERAGEREDUR
02 12:15:05:790 Empiezo a leer forms vdinterageredur.frm
02 12:15:05:805 Termino parse forms vdinterageredur.frm
02 12:15:05:805 Ejecutando interfase VDINTERAGEREDUR
02 12:17:05:832 Empiezo a leer forms vdinterageredur.frm
02 12:17:05:849 Termino parse forms vdinterageredur.frm
02 12:17:05:849 Ejecutando interfase VDINTERAGEREDUR
02 12:19:05:877 Empiezo a leer forms vdinterageredur.frm
02 12:19:05:877 Termino parse forms vdinterageredur.frm
02 12:19:05:877 Ejecutando interfase VDINTERAGEREDUR
02 12:21:05:905 Empiezo a leer forms vdinterageredur.frm
02 12:21:05:924 Termino parse forms vdinterageredur.frm
02 12:21:05:924 Ejecutando interfase VDINTERAGEREDUR
02 12:23:05:939 Empiezo a leer forms vdinterageredur.frm
02 12:23:05:955 Termino parse forms vdinterageredur.frm
02 12:23:05:955 Ejecutando interfase VDINTERAGEREDUR
02 12:25:05:974 Empiezo a leer forms vdinterageredur.frm
02 12:25:05:990 Termino parse forms vdinterageredur.frm
02 12:25:05:990 Ejecutando interfase VDINTERAGEREDUR
02 12:27:06:014 Empiezo a leer forms vdinterageredur.frm
02 12:27:06:020 Termino parse forms vdinterageredur.frm
02 12:27:06:022 Ejecutando interfase VDINTERAGEREDUR
02 12:29:06:035 Empiezo a leer forms vdinterageredur.frm
02 12:29:06:050 Termino parse forms vdinterageredur.frm
02 12:29:06:050 Ejecutando interfase VDINTERAGEREDUR
02 12:31:06:069 Empiezo a leer forms vdinterageredur.frm
02 12:31:06:085 Termino parse forms vdinterageredur.frm
02 12:31:06:085 Ejecutando interfase VDINTERAGEREDUR
02 12:33:06:105 Empiezo a leer forms vdinterageredur.frm
02 12:33:06:120 Termino parse forms vdinterageredur.frm
02 12:33:06:120 Ejecutando interfase VDINTERAGEREDUR
02 12:35:06:135 Empiezo a leer forms vdinterageredur.frm
02 12:35:06:152 Termino parse forms vdinterageredur.frm
02 12:35:06:152 Ejecutando interfase VDINTERAGEREDUR
02 12:37:06:180 Empiezo a leer forms vdinterageredur.frm
02 12:37:06:200 Termino parse forms vdinterageredur.frm
02 12:37:06:200 Ejecutando interfase VDINTERAGEREDUR
02 12:39:06:224 Empiezo a leer forms vdinterageredur.frm
02 12:39:06:240 Termino parse forms vdinterageredur.frm
02 12:39:06:240 Ejecutando interfase VDINTERAGEREDUR
02 12:41:06:255 Empiezo a leer forms vdinterageredur.frm
02 12:41:06:260 Termino parse forms vdinterageredur.frm
02 12:41:06:260 Ejecutando interfase VDINTERAGEREDUR
02 12:43:06:297 Empiezo a leer forms vdinterageredur.frm
02 12:43:06:317 Termino parse forms vdinterageredur.frm
02 12:43:06:317 Ejecutando interfase VDINTERAGEREDUR
02 12:45:06:334 Empiezo a leer forms vdinterageredur.frm
02 12:45:06:347 Termino parse forms vdinterageredur.frm
02 12:45:06:347 Ejecutando interfase VDINTERAGEREDUR
02 12:47:06:369 Empiezo a leer forms vdinterageredur.frm
02 12:47:06:385 Termino parse forms vdinterageredur.frm
02 12:47:06:385 Ejecutando interfase VDINTERAGEREDUR
02 12:49:06:409 Empiezo a leer forms vdinterageredur.frm
02 12:49:06:425 Termino parse forms vdinterageredur.frm
02 12:49:06:425 Ejecutando interfase VDINTERAGEREDUR
02 12:51:06:439 Empiezo a leer forms vdinterageredur.frm
02 12:51:06:439 Termino parse forms vdinterageredur.frm
02 12:51:06:439 Ejecutando interfase VDINTERAGEREDUR
02 12:53:06:465 Empiezo a leer forms vdinterageredur.frm
02 12:53:06:482 Termino parse forms vdinterageredur.frm
02 12:53:06:482 Ejecutando interfase VDINTERAGEREDUR
02 12:55:06:497 Empiezo a leer forms vdinterageredur.frm
02 12:55:06:504 Termino parse forms vdinterageredur.frm
02 12:55:06:504 Ejecutando interfase VDINTERAGEREDUR
02 12:57:06:524 Empiezo a leer forms vdinterageredur.frm
02 12:57:06:527 Termino parse forms vdinterageredur.frm
02 12:57:06:527 Ejecutando interfase VDINTERAGEREDUR
02 12:59:06:557 Empiezo a leer forms vdinterageredur.frm
02 12:59:06:565 Termino parse forms vdinterageredur.frm
02 12:59:06:565 Ejecutando interfase VDINTERAGEREDUR
02 13:01:06:570 Empiezo a leer forms vdinterageredur.frm
02 13:01:06:575 Termino parse forms vdinterageredur.frm
02 13:01:06:575 Ejecutando interfase VDINTERAGEREDUR
02 13:03:06:610 Empiezo a leer forms vdinterageredur.frm
02 13:03:06:619 Termino parse forms vdinterageredur.frm
02 13:03:06:619 Ejecutando interfase VDINTERAGEREDUR
02 13:05:06:632 Empiezo a leer forms vdinterageredur.frm
02 13:05:06:632 Termino parse forms vdinterageredur.frm
02 13:05:06:632 Ejecutando interfase VDINTERAGEREDUR
02 13:07:06:670 Empiezo a leer forms vdinterageredur.frm
02 13:07:06:687 Termino parse forms vdinterageredur.frm
02 13:07:06:687 Ejecutando interfase VDINTERAGEREDUR
02 13:09:06:705 Empiezo a leer forms vdinterageredur.frm
02 13:09:06:720 Termino parse forms vdinterageredur.frm
02 13:09:06:720 Ejecutando interfase VDINTERAGEREDUR
02 13:11:06:739 Empiezo a leer forms vdinterageredur.frm
02 13:11:06:745 Termino parse forms vdinterageredur.frm
02 13:11:06:745 Ejecutando interfase VDINTERAGEREDUR
02 13:13:06:760 Empiezo a leer forms vdinterageredur.frm
02 13:13:06:775 Termino parse forms vdinterageredur.frm
02 13:13:06:775 Ejecutando interfase VDINTERAGEREDUR
02 13:15:06:787 Empiezo a leer forms vdinterageredur.frm
02 13:15:06:787 Termino parse forms vdinterageredur.frm
02 13:15:06:787 Ejecutando interfase VDINTERAGEREDUR
02 13:17:06:817 Empiezo a leer forms vdinterageredur.frm
02 13:17:06:817 Termino parse forms vdinterageredur.frm
02 13:17:06:817 Ejecutando interfase VDINTERAGEREDUR
02 13:19:06:839 Empiezo a leer forms vdinterageredur.frm
02 13:19:06:839 Termino parse forms vdinterageredur.frm
02 13:19:06:839 Ejecutando interfase VDINTERAGEREDUR
02 13:21:06:885 Empiezo a leer forms vdinterageredur.frm
02 13:21:06:900 Termino parse forms vdinterageredur.frm
02 13:21:06:900 Ejecutando interfase VDINTERAGEREDUR
02 13:23:06:927 Empiezo a leer forms vdinterageredur.frm
02 13:23:06:940 Termino parse forms vdinterageredur.frm
02 13:23:06:940 Ejecutando interfase VDINTERAGEREDUR
02 13:25:06:952 Empiezo a leer forms vdinterageredur.frm
02 13:25:06:952 Termino parse forms vdinterageredur.frm
02 13:25:06:952 Ejecutando interfase VDINTERAGEREDUR
02 13:27:06:987 Empiezo a leer forms vdinterageredur.frm
02 13:27:07:002 Termino parse forms vdinterageredur.frm
02 13:27:07:002 Ejecutando interfase VDINTERAGEREDUR
02 13:29:07:007 Empiezo a leer forms vdinterageredur.frm
02 13:29:07:007 Termino parse forms vdinterageredur.frm
02 13:29:07:007 Ejecutando interfase VDINTERAGEREDUR
02 13:31:07:035 Empiezo a leer forms vdinterageredur.frm
02 13:31:07:035 Termino parse forms vdinterageredur.frm
02 13:31:07:035 Ejecutando interfase VDINTERAGEREDUR
02 13:33:07:069 Empiezo a leer forms vdinterageredur.frm
02 13:33:07:084 Termino parse forms vdinterageredur.frm
02 13:33:07:084 Ejecutando interfase VDINTERAGEREDUR
02 13:35:07:102 Empiezo a leer forms vdinterageredur.frm
02 13:35:07:102 Termino parse forms vdinterageredur.frm
02 13:35:07:102 Ejecutando interfase VDINTERAGEREDUR
02 13:37:07:127 Empiezo a leer forms vdinterageredur.frm
02 13:37:07:144 Termino parse forms vdinterageredur.frm
02 13:37:07:144 Ejecutando interfase VDINTERAGEREDUR
02 13:39:07:154 Empiezo a leer forms vdinterageredur.frm
02 13:39:07:169 Termino parse forms vdinterageredur.frm
02 13:39:07:169 Ejecutando interfase VDINTERAGEREDUR
02 13:41:07:207 Empiezo a leer forms vdinterageredur.frm
02 13:41:07:224 Termino parse forms vdinterageredur.frm
02 13:41:07:224 Ejecutando interfase VDINTERAGEREDUR
02 13:43:07:240 Empiezo a leer forms vdinterageredur.frm
02 13:43:07:257 Termino parse forms vdinterageredur.frm
02 13:43:07:257 Ejecutando interfase VDINTERAGEREDUR
02 13:45:07:269 Empiezo a leer forms vdinterageredur.frm
02 13:45:07:269 Termino parse forms vdinterageredur.frm
02 13:45:07:269 Ejecutando interfase VDINTERAGEREDUR
02 13:47:07:294 Empiezo a leer forms vdinterageredur.frm
02 13:47:07:310 Termino parse forms vdinterageredur.frm
02 13:47:07:310 Ejecutando interfase VDINTERAGEREDUR
02 13:49:07:325 Empiezo a leer forms vdinterageredur.frm
02 13:49:07:325 Termino parse forms vdinterageredur.frm
02 13:49:07:325 Ejecutando interfase VDINTERAGEREDUR
02 13:51:07:345 Empiezo a leer forms vdinterageredur.frm
02 13:51:07:360 Termino parse forms vdinterageredur.frm
02 13:51:07:360 Ejecutando interfase VDINTERAGEREDUR
02 13:53:07:372 Empiezo a leer forms vdinterageredur.frm
02 13:53:07:379 Termino parse forms vdinterageredur.frm
02 13:53:07:379 Ejecutando interfase VDINTERAGEREDUR
02 13:55:07:414 Empiezo a leer forms vdinterageredur.frm
02 13:55:07:430 Termino parse forms vdinterageredur.frm
02 13:55:07:430 Ejecutando interfase VDINTERAGEREDUR
02 13:57:07:442 Empiezo a leer forms vdinterageredur.frm
02 13:57:07:457 Termino parse forms vdinterageredur.frm
02 13:57:07:457 Ejecutando interfase VDINTERAGEREDUR

00 13:58:50:710 Fichero de log cerrado.

00 13:59:07:607 Fichero de log abierto PID 13468

02 13:59:07:607 Intentando abrir fichero v10.ini
02 13:59:07:615 Cargando driver v10oracle funcion damedriveroracle
02 13:59:08:430 Conectado a base de datos
02 13:59:08:432 Proceso ENVIOREDUR encontrado en tabla VDPROCESOS
02 13:59:08:437 Proceso ENVIOREDUR cargado con función interfasesalida (Librería VDINTERFASES.DLL) direccion 0626CC80
02 13:59:08:439 PLSQL: INICIALIZADO PAQUETE DE LOG EL DIA 30-06-2022
02 13:59:08:447 Actualizado SID 756 SERIAL 63834 del proceso con PID 13468
00 13:59:08:454 Error al abrir fichero VDST.H
02 13:59:08:455 Empiezo a leer forms vdinterageredur.frm
02 13:59:08:490 Termino parse forms vdinterageredur.frm
02 13:59:08:490 Ejecutando interfase VDINTERAGEREDUR
02 14:01:08:512 Empiezo a leer forms vdinterageredur.frm
02 14:01:08:529 Termino parse forms vdinterageredur.frm
02 14:01:08:529 Ejecutando interfase VDINTERAGEREDUR
02 14:03:08:542 Empiezo a leer forms vdinterageredur.frm
02 14:03:08:559 Termino parse forms vdinterageredur.frm
02 14:03:08:559 Ejecutando interfase VDINTERAGEREDUR
02 14:05:08:577 Empiezo a leer forms vdinterageredur.frm
02 14:05:08:577 Termino parse forms vdinterageredur.frm
02 14:05:08:594 Ejecutando interfase VDINTERAGEREDUR
02 14:07:08:612 Empiezo a leer forms vdinterageredur.frm
02 14:07:08:630 Termino parse forms vdinterageredur.frm
02 14:07:08:630 Ejecutando interfase VDINTERAGEREDUR
02 14:09:08:655 Empiezo a leer forms vdinterageredur.frm
02 14:09:08:670 Termino parse forms vdinterageredur.frm
02 14:09:08:670 Ejecutando interfase VDINTERAGEREDUR
02 14:11:08:687 Empiezo a leer forms vdinterageredur.frm
02 14:11:08:704 Termino parse forms vdinterageredur.frm
02 14:11:08:704 Ejecutando interfase VDINTERAGEREDUR
02 14:13:08:717 Empiezo a leer forms vdinterageredur.frm
02 14:13:08:722 Termino parse forms vdinterageredur.frm
02 14:13:08:722 Ejecutando interfase VDINTERAGEREDUR
02 14:15:08:737 Empiezo a leer forms vdinterageredur.frm
02 14:15:08:752 Termino parse forms vdinterageredur.frm
02 14:15:08:752 Ejecutando interfase VDINTERAGEREDUR
02 14:17:08:775 Empiezo a leer forms vdinterageredur.frm
02 14:17:08:792 Termino parse forms vdinterageredur.frm
02 14:17:08:792 Ejecutando interfase VDINTERAGEREDUR
02 14:19:08:804 Empiezo a leer forms vdinterageredur.frm
02 14:19:08:804 Termino parse forms vdinterageredur.frm
02 14:19:08:804 Ejecutando interfase VDINTERAGEREDUR
02 14:21:08:842 Empiezo a leer forms vdinterageredur.frm
02 14:21:08:857 Termino parse forms vdinterageredur.frm
02 14:21:08:857 Ejecutando interfase VDINTERAGEREDUR
02 14:23:08:870 Empiezo a leer forms vdinterageredur.frm
02 14:23:08:887 Termino parse forms vdinterageredur.frm
02 14:23:08:887 Ejecutando interfase VDINTERAGEREDUR
02 14:25:08:907 Empiezo a leer forms vdinterageredur.frm
02 14:25:08:924 Termino parse forms vdinterageredur.frm
02 14:25:08:924 Ejecutando interfase VDINTERAGEREDUR
02 14:27:08:945 Empiezo a leer forms vdinterageredur.frm
02 14:27:08:962 Termino parse forms vdinterageredur.frm
02 14:27:08:962 Ejecutando interfase VDINTERAGEREDUR
02 14:29:08:985 Empiezo a leer forms vdinterageredur.frm
02 14:29:09:002 Termino parse forms vdinterageredur.frm
02 14:29:09:002 Ejecutando interfase VDINTERAGEREDUR
02 14:31:09:015 Empiezo a leer forms vdinterageredur.frm
02 14:31:09:030 Termino parse forms vdinterageredur.frm
02 14:31:09:030 Ejecutando interfase VDINTERAGEREDUR
02 14:33:09:047 Empiezo a leer forms vdinterageredur.frm
02 14:33:09:064 Termino parse forms vdinterageredur.frm
02 14:33:09:064 Ejecutando interfase VDINTERAGEREDUR
02 14:35:09:077 Empiezo a leer forms vdinterageredur.frm
02 14:35:09:094 Termino parse forms vdinterageredur.frm
02 14:35:09:095 Ejecutando interfase VDINTERAGEREDUR
02 14:37:09:112 Empiezo a leer forms vdinterageredur.frm
02 14:37:09:122 Termino parse forms vdinterageredur.frm
02 14:37:09:122 Ejecutando interfase VDINTERAGEREDUR
02 14:39:09:140 Empiezo a leer forms vdinterageredur.frm
02 14:39:09:140 Termino parse forms vdinterageredur.frm
02 14:39:09:140 Ejecutando interfase VDINTERAGEREDUR
02 14:41:09:175 Empiezo a leer forms vdinterageredur.frm
02 14:41:09:175 Termino parse forms vdinterageredur.frm
02 14:41:09:175 Ejecutando interfase VDINTERAGEREDUR
02 14:43:09:204 Empiezo a leer forms vdinterageredur.frm
02 14:43:09:212 Termino parse forms vdinterageredur.frm
02 14:43:09:212 Ejecutando interfase VDINTERAGEREDUR
02 14:45:09:227 Empiezo a leer forms vdinterageredur.frm
02 14:45:09:227 Termino parse forms vdinterageredur.frm
02 14:45:09:227 Ejecutando interfase VDINTERAGEREDUR
02 14:47:09:265 Empiezo a leer forms vdinterageredur.frm
02 14:47:09:265 Termino parse forms vdinterageredur.frm
02 14:47:09:265 Ejecutando interfase VDINTERAGEREDUR
02 14:49:09:287 Empiezo a leer forms vdinterageredur.frm
02 14:49:09:300 Termino parse forms vdinterageredur.frm
02 14:49:09:300 Ejecutando interfase VDINTERAGEREDUR
02 14:51:09:322 Empiezo a leer forms vdinterageredur.frm
02 14:51:09:322 Termino parse forms vdinterageredur.frm
02 14:51:09:322 Ejecutando interfase VDINTERAGEREDUR
02 14:53:09:352 Empiezo a leer forms vdinterageredur.frm
02 14:53:09:357 Termino parse forms vdinterageredur.frm
02 14:53:09:357 Ejecutando interfase VDINTERAGEREDUR
02 14:55:09:372 Empiezo a leer forms vdinterageredur.frm
02 14:55:09:389 Termino parse forms vdinterageredur.frm
02 14:55:09:389 Ejecutando interfase VDINTERAGEREDUR
02 14:57:09:410 Empiezo a leer forms vdinterageredur.frm
02 14:57:09:425 Termino parse forms vdinterageredur.frm
02 14:57:09:425 Ejecutando interfase VDINTERAGEREDUR
02 14:59:09:440 Empiezo a leer forms vdinterageredur.frm
02 14:59:09:455 Termino parse forms vdinterageredur.frm
02 14:59:09:455 Ejecutando interfase VDINTERAGEREDUR
02 15:01:09:477 Empiezo a leer forms vdinterageredur.frm
02 15:01:09:495 Termino parse forms vdinterageredur.frm
02 15:01:09:495 Ejecutando interfase VDINTERAGEREDUR
02 15:03:09:507 Empiezo a leer forms vdinterageredur.frm
02 15:03:09:522 Termino parse forms vdinterageredur.frm
02 15:03:09:522 Ejecutando interfase VDINTERAGEREDUR
02 15:05:09:542 Empiezo a leer forms vdinterageredur.frm
02 15:05:09:559 Termino parse forms vdinterageredur.frm
02 15:05:09:559 Ejecutando interfase VDINTERAGEREDUR
02 15:07:09:575 Empiezo a leer forms vdinterageredur.frm
02 15:07:09:590 Termino parse forms vdinterageredur.frm
02 15:07:09:590 Ejecutando interfase VDINTERAGEREDUR
02 15:09:09:609 Empiezo a leer forms vdinterageredur.frm
02 15:09:09:609 Termino parse forms vdinterageredur.frm
02 15:09:09:624 Ejecutando interfase VDINTERAGEREDUR
02 15:11:09:647 Empiezo a leer forms vdinterageredur.frm
02 15:11:09:662 Termino parse forms vdinterageredur.frm
02 15:11:09:662 Ejecutando interfase VDINTERAGEREDUR
02 15:13:09:679 Empiezo a leer forms vdinterageredur.frm
02 15:13:09:697 Termino parse forms vdinterageredur.frm
02 15:13:09:697 Ejecutando interfase VDINTERAGEREDUR
02 15:15:09:712 Empiezo a leer forms vdinterageredur.frm
02 15:15:09:712 Termino parse forms vdinterageredur.frm
02 15:15:09:712 Ejecutando interfase VDINTERAGEREDUR
02 15:17:09:742 Empiezo a leer forms vdinterageredur.frm
02 15:17:09:757 Termino parse forms vdinterageredur.frm
02 15:17:09:757 Ejecutando interfase VDINTERAGEREDUR
02 15:19:09:777 Empiezo a leer forms vdinterageredur.frm
02 15:19:09:795 Termino parse forms vdinterageredur.frm
02 15:19:09:795 Ejecutando interfase VDINTERAGEREDUR
02 15:21:09:817 Empiezo a leer forms vdinterageredur.frm
02 15:21:09:834 Termino parse forms vdinterageredur.frm
02 15:21:09:834 Ejecutando interfase VDINTERAGEREDUR
02 15:23:09:862 Empiezo a leer forms vdinterageredur.frm
02 15:23:09:862 Termino parse forms vdinterageredur.frm
02 15:23:09:862 Ejecutando interfase VDINTERAGEREDUR
02 15:25:09:882 Empiezo a leer forms vdinterageredur.frm
02 15:25:09:897 Termino parse forms vdinterageredur.frm
02 15:25:09:897 Ejecutando interfase VDINTERAGEREDUR
02 15:27:09:919 Empiezo a leer forms vdinterageredur.frm
02 15:27:09:919 Termino parse forms vdinterageredur.frm
02 15:27:09:935 Ejecutando interfase VDINTERAGEREDUR
02 15:29:09:952 Empiezo a leer forms vdinterageredur.frm
02 15:29:09:957 Termino parse forms vdinterageredur.frm
02 15:29:09:957 Ejecutando interfase VDINTERAGEREDUR
02 15:31:09:984 Empiezo a leer forms vdinterageredur.frm
02 15:31:10:000 Termino parse forms vdinterageredur.frm
02 15:31:10:000 Ejecutando interfase VDINTERAGEREDUR
02 15:33:10:017 Empiezo a leer forms vdinterageredur.frm
02 15:33:10:017 Termino parse forms vdinterageredur.frm
02 15:33:10:017 Ejecutando interfase VDINTERAGEREDUR
02 15:35:10:042 Empiezo a leer forms vdinterageredur.frm
02 15:35:10:045 Termino parse forms vdinterageredur.frm
02 15:35:10:045 Ejecutando interfase VDINTERAGEREDUR
02 15:37:10:067 Empiezo a leer forms vdinterageredur.frm
02 15:37:10:067 Termino parse forms vdinterageredur.frm
02 15:37:10:067 Ejecutando interfase VDINTERAGEREDUR
02 15:39:10:100 Empiezo a leer forms vdinterageredur.frm
02 15:39:10:100 Termino parse forms vdinterageredur.frm
02 15:39:10:100 Ejecutando interfase VDINTERAGEREDUR
02 15:41:10:129 Empiezo a leer forms vdinterageredur.frm
02 15:41:10:145 Termino parse forms vdinterageredur.frm
02 15:41:10:145 Ejecutando interfase VDINTERAGEREDUR
02 15:43:10:160 Empiezo a leer forms vdinterageredur.frm
02 15:43:10:160 Termino parse forms vdinterageredur.frm
02 15:43:10:160 Ejecutando interfase VDINTERAGEREDUR
02 15:45:10:187 Empiezo a leer forms vdinterageredur.frm
02 15:45:10:205 Termino parse forms vdinterageredur.frm
02 15:45:10:205 Ejecutando interfase VDINTERAGEREDUR
02 15:47:10:225 Empiezo a leer forms vdinterageredur.frm
02 15:47:10:242 Termino parse forms vdinterageredur.frm
02 15:47:10:242 Ejecutando interfase VDINTERAGEREDUR
02 15:49:10:267 Empiezo a leer forms vdinterageredur.frm
02 15:49:10:285 Termino parse forms vdinterageredur.frm
02 15:49:10:285 Ejecutando interfase VDINTERAGEREDUR
02 15:51:10:304 Empiezo a leer forms vdinterageredur.frm
02 15:51:10:305 Termino parse forms vdinterageredur.frm
02 15:51:10:305 Ejecutando interfase VDINTERAGEREDUR
02 15:53:10:344 Empiezo a leer forms vdinterageredur.frm
02 15:53:10:344 Termino parse forms vdinterageredur.frm
02 15:53:10:344 Ejecutando interfase VDINTERAGEREDUR
02 15:55:10:372 Empiezo a leer forms vdinterageredur.frm
02 15:55:10:372 Termino parse forms vdinterageredur.frm
02 15:55:10:372 Ejecutando interfase VDINTERAGEREDUR
02 15:57:10:395 Empiezo a leer forms vdinterageredur.frm
02 15:57:10:412 Termino parse forms vdinterageredur.frm
02 15:57:10:412 Ejecutando interfase VDINTERAGEREDUR
02 15:59:10:434 Empiezo a leer forms vdinterageredur.frm
02 15:59:10:434 Termino parse forms vdinterageredur.frm
02 15:59:10:434 Ejecutando interfase VDINTERAGEREDUR
02 16:01:10:662 Empiezo a leer forms vdinterageredur.frm
02 16:01:10:669 Termino parse forms vdinterageredur.frm
02 16:01:10:669 Ejecutando interfase VDINTERAGEREDUR
02 16:03:10:689 Empiezo a leer forms vdinterageredur.frm
02 16:03:10:704 Termino parse forms vdinterageredur.frm
02 16:03:10:704 Ejecutando interfase VDINTERAGEREDUR
02 16:05:10:725 Empiezo a leer forms vdinterageredur.frm
02 16:05:10:740 Termino parse forms vdinterageredur.frm
02 16:05:10:740 Ejecutando interfase VDINTERAGEREDUR
02 16:07:10:825 Empiezo a leer forms vdinterageredur.frm
02 16:07:10:835 Termino parse forms vdinterageredur.frm
02 16:07:10:835 Ejecutando interfase VDINTERAGEREDUR
02 16:09:10:867 Empiezo a leer forms vdinterageredur.frm
02 16:09:10:887 Termino parse forms vdinterageredur.frm
02 16:09:10:887 Ejecutando interfase VDINTERAGEREDUR
02 16:11:10:905 Empiezo a leer forms vdinterageredur.frm
02 16:11:10:917 Termino parse forms vdinterageredur.frm
02 16:11:10:917 Ejecutando interfase VDINTERAGEREDUR
02 16:13:10:927 Empiezo a leer forms vdinterageredur.frm
02 16:13:10:927 Termino parse forms vdinterageredur.frm
02 16:13:10:944 Ejecutando interfase VDINTERAGEREDUR
02 16:15:10:952 Empiezo a leer forms vdinterageredur.frm
02 16:15:10:969 Termino parse forms vdinterageredur.frm
02 16:15:10:969 Ejecutando interfase VDINTERAGEREDUR
02 16:17:11:000 Empiezo a leer forms vdinterageredur.frm
02 16:17:11:005 Termino parse forms vdinterageredur.frm
02 16:17:11:005 Ejecutando interfase VDINTERAGEREDUR
02 16:19:11:017 Empiezo a leer forms vdinterageredur.frm
02 16:19:11:034 Termino parse forms vdinterageredur.frm
02 16:19:11:034 Ejecutando interfase VDINTERAGEREDUR
02 16:21:11:047 Empiezo a leer forms vdinterageredur.frm
02 16:21:11:062 Termino parse forms vdinterageredur.frm
02 16:21:11:062 Ejecutando interfase VDINTERAGEREDUR
02 16:23:11:089 Empiezo a leer forms vdinterageredur.frm
02 16:23:11:104 Termino parse forms vdinterageredur.frm
02 16:23:11:104 Ejecutando interfase VDINTERAGEREDUR
02 16:25:11:134 Empiezo a leer forms vdinterageredur.frm
02 16:25:11:149 Termino parse forms vdinterageredur.frm
02 16:25:11:149 Ejecutando interfase VDINTERAGEREDUR
02 16:27:11:170 Empiezo a leer forms vdinterageredur.frm
02 16:27:11:185 Termino parse forms vdinterageredur.frm
02 16:27:11:185 Ejecutando interfase VDINTERAGEREDUR
02 16:29:11:214 Empiezo a leer forms vdinterageredur.frm
02 16:29:11:230 Termino parse forms vdinterageredur.frm
02 16:29:11:230 Ejecutando interfase VDINTERAGEREDUR
02 16:31:11:242 Empiezo a leer forms vdinterageredur.frm
02 16:31:11:262 Termino parse forms vdinterageredur.frm
02 16:31:11:262 Ejecutando interfase VDINTERAGEREDUR
02 16:33:11:272 Empiezo a leer forms vdinterageredur.frm
02 16:33:11:290 Termino parse forms vdinterageredur.frm
02 16:33:11:290 Ejecutando interfase VDINTERAGEREDUR
02 16:35:11:312 Empiezo a leer forms vdinterageredur.frm
02 16:35:11:332 Termino parse forms vdinterageredur.frm
02 16:35:11:332 Ejecutando interfase VDINTERAGEREDUR
02 16:37:11:347 Empiezo a leer forms vdinterageredur.frm
02 16:37:11:347 Termino parse forms vdinterageredur.frm
02 16:37:11:347 Ejecutando interfase VDINTERAGEREDUR
02 16:39:11:380 Empiezo a leer forms vdinterageredur.frm
02 16:39:11:397 Termino parse forms vdinterageredur.frm
02 16:39:11:397 Ejecutando interfase VDINTERAGEREDUR
02 16:41:11:422 Empiezo a leer forms vdinterageredur.frm
02 16:41:11:427 Termino parse forms vdinterageredur.frm
02 16:41:11:429 Ejecutando interfase VDINTERAGEREDUR
02 16:43:11:435 Empiezo a leer forms vdinterageredur.frm
02 16:43:11:435 Termino parse forms vdinterageredur.frm
02 16:43:11:435 Ejecutando interfase VDINTERAGEREDUR
02 16:45:11:454 Empiezo a leer forms vdinterageredur.frm
02 16:45:11:474 Termino parse forms vdinterageredur.frm
02 16:45:11:474 Ejecutando interfase VDINTERAGEREDUR
02 16:47:11:500 Empiezo a leer forms vdinterageredur.frm
02 16:47:11:515 Termino parse forms vdinterageredur.frm
02 16:47:11:515 Ejecutando interfase VDINTERAGEREDUR
02 16:49:11:537 Empiezo a leer forms vdinterageredur.frm
02 16:49:11:555 Termino parse forms vdinterageredur.frm
02 16:49:11:555 Ejecutando interfase VDINTERAGEREDUR
02 16:51:11:565 Empiezo a leer forms vdinterageredur.frm
02 16:51:11:585 Termino parse forms vdinterageredur.frm
02 16:51:11:585 Ejecutando interfase VDINTERAGEREDUR
02 16:53:11:597 Empiezo a leer forms vdinterageredur.frm
02 16:53:11:614 Termino parse forms vdinterageredur.frm
02 16:53:11:614 Ejecutando interfase VDINTERAGEREDUR
02 16:55:11:629 Empiezo a leer forms vdinterageredur.frm
02 16:55:11:644 Termino parse forms vdinterageredur.frm
02 16:55:11:644 Ejecutando interfase VDINTERAGEREDUR
02 16:57:11:665 Empiezo a leer forms vdinterageredur.frm
02 16:57:11:680 Termino parse forms vdinterageredur.frm
02 16:57:11:680 Ejecutando interfase VDINTERAGEREDUR
02 16:59:11:692 Empiezo a leer forms vdinterageredur.frm
02 16:59:11:709 Termino parse forms vdinterageredur.frm
02 16:59:11:709 Ejecutando interfase VDINTERAGEREDUR
02 17:01:11:725 Empiezo a leer forms vdinterageredur.frm
02 17:01:11:742 Termino parse forms vdinterageredur.frm
02 17:01:11:742 Ejecutando interfase VDINTERAGEREDUR
02 17:03:11:780 Empiezo a leer forms vdinterageredur.frm
02 17:03:11:795 Termino parse forms vdinterageredur.frm
02 17:03:11:795 Ejecutando interfase VDINTERAGEREDUR
02 17:05:11:815 Empiezo a leer forms vdinterageredur.frm
02 17:05:11:830 Termino parse forms vdinterageredur.frm
02 17:05:11:830 Ejecutando interfase VDINTERAGEREDUR
02 17:07:11:845 Empiezo a leer forms vdinterageredur.frm
02 17:07:11:860 Termino parse forms vdinterageredur.frm
02 17:07:11:860 Ejecutando interfase VDINTERAGEREDUR
02 17:09:11:872 Empiezo a leer forms vdinterageredur.frm
02 17:09:11:887 Termino parse forms vdinterageredur.frm
02 17:09:11:890 Ejecutando interfase VDINTERAGEREDUR
02 17:11:11:905 Empiezo a leer forms vdinterageredur.frm
02 17:11:11:917 Termino parse forms vdinterageredur.frm
02 17:11:11:917 Ejecutando interfase VDINTERAGEREDUR
02 17:13:11:935 Empiezo a leer forms vdinterageredur.frm
02 17:13:11:935 Termino parse forms vdinterageredur.frm
02 17:13:11:935 Ejecutando interfase VDINTERAGEREDUR
02 17:15:11:965 Empiezo a leer forms vdinterageredur.frm
02 17:15:11:967 Termino parse forms vdinterageredur.frm
02 17:15:11:967 Ejecutando interfase VDINTERAGEREDUR
02 17:17:11:999 Empiezo a leer forms vdinterageredur.frm
02 17:17:12:015 Termino parse forms vdinterageredur.frm
02 17:17:12:015 Ejecutando interfase VDINTERAGEREDUR
02 17:19:12:025 Empiezo a leer forms vdinterageredur.frm
02 17:19:12:029 Termino parse forms vdinterageredur.frm
02 17:19:12:029 Ejecutando interfase VDINTERAGEREDUR
02 17:21:12:049 Empiezo a leer forms vdinterageredur.frm
02 17:21:12:049 Termino parse forms vdinterageredur.frm
02 17:21:12:049 Ejecutando interfase VDINTERAGEREDUR
02 17:23:12:077 Empiezo a leer forms vdinterageredur.frm
02 17:23:12:094 Termino parse forms vdinterageredur.frm
02 17:23:12:094 Ejecutando interfase VDINTERAGEREDUR
02 17:25:12:110 Empiezo a leer forms vdinterageredur.frm
02 17:25:12:125 Termino parse forms vdinterageredur.frm
02 17:25:12:125 Ejecutando interfase VDINTERAGEREDUR
02 17:27:12:137 Empiezo a leer forms vdinterageredur.frm
02 17:27:12:152 Termino parse forms vdinterageredur.frm
02 17:27:12:152 Ejecutando interfase VDINTERAGEREDUR
02 17:29:12:170 Empiezo a leer forms vdinterageredur.frm
02 17:29:12:185 Termino parse forms vdinterageredur.frm
02 17:29:12:185 Ejecutando interfase VDINTERAGEREDUR
02 17:31:12:220 Empiezo a leer forms vdinterageredur.frm
02 17:31:12:237 Termino parse forms vdinterageredur.frm
02 17:31:12:237 Ejecutando interfase VDINTERAGEREDUR

00 17:31:35:285 Fichero de log cerrado.

00 17:31:48:240 Fichero de log abierto PID 14224

02 17:31:48:242 Intentando abrir fichero v10.ini
02 17:31:48:247 Cargando driver v10oracle funcion damedriveroracle
02 17:31:48:937 Conectado a base de datos
02 17:31:48:940 Proceso ENVIOREDUR encontrado en tabla VDPROCESOS
02 17:31:48:945 Proceso ENVIOREDUR cargado con función interfasesalida (Librería VDINTERFASES.DLL) direccion 0658CC80
02 17:31:48:947 PLSQL: INICIALIZADO PAQUETE DE LOG EL DIA 30-06-2022
02 17:31:48:957 Actualizado SID 136 SERIAL 63584 del proceso con PID 14224
00 17:31:48:960 Error al abrir fichero VDST.H
02 17:31:48:960 Empiezo a leer forms vdinterageredur.frm
02 17:31:48:995 Termino parse forms vdinterageredur.frm
02 17:31:48:995 Ejecutando interfase VDINTERAGEREDUR
02 17:33:49:012 Empiezo a leer forms vdinterageredur.frm
02 17:33:49:012 Termino parse forms vdinterageredur.frm
02 17:33:49:012 Ejecutando interfase VDINTERAGEREDUR
02 17:35:49:027 Empiezo a leer forms vdinterageredur.frm
02 17:35:49:037 Termino parse forms vdinterageredur.frm
02 17:35:49:037 Ejecutando interfase VDINTERAGEREDUR
02 17:37:49:062 Empiezo a leer forms vdinterageredur.frm
02 17:37:49:067 Termino parse forms vdinterageredur.frm
02 17:37:49:067 Ejecutando interfase VDINTERAGEREDUR
02 17:39:49:080 Empiezo a leer forms vdinterageredur.frm
02 17:39:49:097 Termino parse forms vdinterageredur.frm
02 17:39:49:097 Ejecutando interfase VDINTERAGEREDUR
02 17:41:49:114 Empiezo a leer forms vdinterageredur.frm
02 17:41:49:129 Termino parse forms vdinterageredur.frm
02 17:41:49:129 Ejecutando interfase VDINTERAGEREDUR
02 17:43:49:145 Empiezo a leer forms vdinterageredur.frm
02 17:43:49:145 Termino parse forms vdinterageredur.frm
02 17:43:49:145 Ejecutando interfase VDINTERAGEREDUR
02 17:45:49:172 Empiezo a leer forms vdinterageredur.frm
02 17:45:49:177 Termino parse forms vdinterageredur.frm
02 17:45:49:177 Ejecutando interfase VDINTERAGEREDUR

00 17:46:21:447 Fichero de log cerrado.

00 17:46:33:939 Fichero de log abierto PID 15972

02 17:46:33:940 Intentando abrir fichero v10.ini
02 17:46:33:945 Cargando driver v10oracle funcion damedriveroracle
02 17:46:34:612 Conectado a base de datos
02 17:46:34:614 Proceso ENVIOREDUR encontrado en tabla VDPROCESOS
02 17:46:34:619 Proceso ENVIOREDUR cargado con función interfasesalida (Librería VDINTERFASES.DLL) direccion 051BCC80
02 17:46:34:621 PLSQL: INICIALIZADO PAQUETE DE LOG EL DIA 30-06-2022
02 17:46:34:632 Actualizado SID 14 SERIAL 59673 del proceso con PID 15972
00 17:46:34:637 Error al abrir fichero VDST.H
02 17:46:34:639 Empiezo a leer forms vdinterageredur.frm
02 17:46:34:670 Termino parse forms vdinterageredur.frm
02 17:46:34:670 Ejecutando interfase VDINTERAGEREDUR
02 17:48:34:682 Empiezo a leer forms vdinterageredur.frm
02 17:48:34:689 Termino parse forms vdinterageredur.frm
02 17:48:34:689 Ejecutando interfase VDINTERAGEREDUR

00 17:49:57:490 Fichero de log cerrado.

00 17:51:15:122 Fichero de log abierto PID 15068

02 17:51:15:124 Intentando abrir fichero v10.ini
02 17:51:15:130 Cargando driver v10oracle funcion damedriveroracle
02 17:51:15:590 Conectado a base de datos
02 17:51:15:592 Proceso ENVIOREDUR encontrado en tabla VDPROCESOS
02 17:51:15:599 Proceso ENVIOREDUR cargado con función interfasesalida (Librería VDINTERFASES.DLL) direccion 0664CC80
02 17:51:15:601 PLSQL: INICIALIZADO PAQUETE DE LOG EL DIA 30-06-2022
02 17:51:15:614 Actualizado SID 387 SERIAL 54196 del proceso con PID 15068
00 17:51:15:620 Error al abrir fichero VDST.H
02 17:51:15:622 Empiezo a leer forms vdinterageredur.frm
02 17:51:15:657 Termino parse forms vdinterageredur.frm
02 17:51:15:657 Ejecutando interfase VDINTERAGEREDUR

00 17:52:14:352 Fichero de log cerrado.

