00 09:08:33:107 Fichero de log abierto PID 9404

02 09:08:33:108 Intentando abrir fichero v10.ini
02 09:08:33:115 Cargando driver v10oracle funcion damedriveroracle
02 09:08:33:672 Conectado a base de datos
02 09:08:33:672 Proceso ENVIOREDUR encontrado en tabla VDPROCESOS
02 09:08:33:706 Proceso ENVIOREDUR cargado con función interfasesalida (Librería VDINTERFASES.DLL) direccion 0559CC80
02 09:08:33:707 PLSQL: INICIALIZADO PAQUETE DE LOG EL DIA 01-04-2022
02 09:08:33:717 Actualizado SID 748 SERIAL 28077 del proceso con PID 9404
00 09:08:33:726 Error al abrir fichero VDST.H
02 09:08:33:732 Empiezo a leer forms vdinterageredur.frm
02 09:08:33:773 Termino parse forms vdinterageredur.frm
02 09:08:33:773 Ejecutando interfase VDINTERAGEREDUR
02 09:10:33:793 Empiezo a leer forms vdinterageredur.frm
02 09:10:33:800 Termino parse forms vdinterageredur.frm
02 09:10:33:800 Ejecutando interfase VDINTERAGEREDUR
02 09:12:33:821 Empiezo a leer forms vdinterageredur.frm
02 09:12:33:830 Termino parse forms vdinterageredur.frm
02 09:12:33:830 Ejecutando interfase VDINTERAGEREDUR
02 09:14:33:847 Empiezo a leer forms vdinterageredur.frm
02 09:14:33:855 Termino parse forms vdinterageredur.frm
02 09:14:33:855 Ejecutando interfase VDINTERAGEREDUR
02 09:16:33:867 Empiezo a leer forms vdinterageredur.frm
02 09:16:33:875 Termino parse forms vdinterageredur.frm
02 09:16:33:875 Ejecutando interfase VDINTERAGEREDUR
02 09:18:33:881 Empiezo a leer forms vdinterageredur.frm
02 09:18:33:887 Termino parse forms vdinterageredur.frm
02 09:18:33:887 Ejecutando interfase VDINTERAGEREDUR
02 09:20:33:902 Empiezo a leer forms vdinterageredur.frm
02 09:20:33:907 Termino parse forms vdinterageredur.frm
02 09:20:33:907 Ejecutando interfase VDINTERAGEREDUR
02 09:22:33:927 Empiezo a leer forms vdinterageredur.frm
02 09:22:33:941 Termino parse forms vdinterageredur.frm
02 09:22:33:941 Ejecutando interfase VDINTERAGEREDUR
02 09:24:33:965 Empiezo a leer forms vdinterageredur.frm
02 09:24:33:973 Termino parse forms vdinterageredur.frm
02 09:24:33:973 Ejecutando interfase VDINTERAGEREDUR
02 09:26:33:982 Empiezo a leer forms vdinterageredur.frm
02 09:26:33:988 Termino parse forms vdinterageredur.frm
02 09:26:33:988 Ejecutando interfase VDINTERAGEREDUR
02 09:28:34:010 Empiezo a leer forms vdinterageredur.frm
02 09:28:34:016 Termino parse forms vdinterageredur.frm
02 09:28:34:016 Ejecutando interfase VDINTERAGEREDUR
02 09:30:34:023 Empiezo a leer forms vdinterageredur.frm
02 09:30:34:031 Termino parse forms vdinterageredur.frm
02 09:30:34:031 Ejecutando interfase VDINTERAGEREDUR
02 09:32:34:042 Empiezo a leer forms vdinterageredur.frm
02 09:32:34:052 Termino parse forms vdinterageredur.frm
02 09:32:34:052 Ejecutando interfase VDINTERAGEREDUR
02 09:34:34:066 Empiezo a leer forms vdinterageredur.frm
02 09:34:34:075 Termino parse forms vdinterageredur.frm
02 09:34:34:076 Ejecutando interfase VDINTERAGEREDUR
02 09:36:34:096 Empiezo a leer forms vdinterageredur.frm
02 09:36:34:106 Termino parse forms vdinterageredur.frm
02 09:36:34:106 Ejecutando interfase VDINTERAGEREDUR
02 09:38:34:113 Empiezo a leer forms vdinterageredur.frm
02 09:38:34:126 Termino parse forms vdinterageredur.frm
02 09:38:34:127 Ejecutando interfase VDINTERAGEREDUR
02 09:40:34:141 Empiezo a leer forms vdinterageredur.frm
02 09:40:34:151 Termino parse forms vdinterageredur.frm
02 09:40:34:152 Ejecutando interfase VDINTERAGEREDUR
02 09:42:34:167 Empiezo a leer forms vdinterageredur.frm
02 09:42:34:176 Termino parse forms vdinterageredur.frm
02 09:42:34:176 Ejecutando interfase VDINTERAGEREDUR
02 09:44:34:188 Empiezo a leer forms vdinterageredur.frm
02 09:44:34:198 Termino parse forms vdinterageredur.frm
02 09:44:34:200 Ejecutando interfase VDINTERAGEREDUR
02 09:46:34:215 Empiezo a leer forms vdinterageredur.frm
02 09:46:34:222 Termino parse forms vdinterageredur.frm
02 09:46:34:223 Ejecutando interfase VDINTERAGEREDUR
02 09:48:34:242 Empiezo a leer forms vdinterageredur.frm
02 09:48:34:251 Termino parse forms vdinterageredur.frm
02 09:48:34:251 Ejecutando interfase VDINTERAGEREDUR
02 09:50:34:260 Empiezo a leer forms vdinterageredur.frm
02 09:50:34:272 Termino parse forms vdinterageredur.frm
02 09:50:34:272 Ejecutando interfase VDINTERAGEREDUR
02 09:52:34:292 Empiezo a leer forms vdinterageredur.frm
02 09:52:34:303 Termino parse forms vdinterageredur.frm
02 09:52:34:303 Ejecutando interfase VDINTERAGEREDUR
02 09:54:34:316 Empiezo a leer forms vdinterageredur.frm
02 09:54:34:326 Termino parse forms vdinterageredur.frm
02 09:54:34:326 Ejecutando interfase VDINTERAGEREDUR
02 09:56:34:343 Empiezo a leer forms vdinterageredur.frm
02 09:56:34:352 Termino parse forms vdinterageredur.frm
02 09:56:34:352 Ejecutando interfase VDINTERAGEREDUR
02 09:58:34:362 Empiezo a leer forms vdinterageredur.frm
02 09:58:34:376 Termino parse forms vdinterageredur.frm
02 09:58:34:376 Ejecutando interfase VDINTERAGEREDUR
02 10:00:34:395 Empiezo a leer forms vdinterageredur.frm
02 10:00:34:408 Termino parse forms vdinterageredur.frm
02 10:00:34:410 Ejecutando interfase VDINTERAGEREDUR
02 10:02:34:418 Empiezo a leer forms vdinterageredur.frm
02 10:02:34:427 Termino parse forms vdinterageredur.frm
02 10:02:34:427 Ejecutando interfase VDINTERAGEREDUR
02 10:04:34:441 Empiezo a leer forms vdinterageredur.frm
02 10:04:34:452 Termino parse forms vdinterageredur.frm
02 10:04:34:452 Ejecutando interfase VDINTERAGEREDUR
02 10:06:34:476 Empiezo a leer forms vdinterageredur.frm
02 10:06:34:483 Termino parse forms vdinterageredur.frm
02 10:06:34:483 Ejecutando interfase VDINTERAGEREDUR
02 10:08:34:492 Empiezo a leer forms vdinterageredur.frm
02 10:08:34:502 Termino parse forms vdinterageredur.frm
02 10:08:34:502 Ejecutando interfase VDINTERAGEREDUR
02 10:10:34:520 Empiezo a leer forms vdinterageredur.frm
02 10:10:34:530 Termino parse forms vdinterageredur.frm
02 10:10:34:531 Ejecutando interfase VDINTERAGEREDUR
02 10:12:34:552 Empiezo a leer forms vdinterageredur.frm
02 10:12:34:563 Termino parse forms vdinterageredur.frm
02 10:12:34:563 Ejecutando interfase VDINTERAGEREDUR
02 10:14:34:580 Empiezo a leer forms vdinterageredur.frm
02 10:14:34:587 Termino parse forms vdinterageredur.frm
02 10:14:34:587 Ejecutando interfase VDINTERAGEREDUR
02 10:16:34:595 Empiezo a leer forms vdinterageredur.frm
02 10:16:34:603 Termino parse forms vdinterageredur.frm
02 10:16:34:605 Ejecutando interfase VDINTERAGEREDUR
02 10:18:34:626 Empiezo a leer forms vdinterageredur.frm
02 10:18:34:638 Termino parse forms vdinterageredur.frm
02 10:18:34:638 Ejecutando interfase VDINTERAGEREDUR
02 10:20:34:651 Empiezo a leer forms vdinterageredur.frm
02 10:20:34:663 Termino parse forms vdinterageredur.frm
02 10:20:34:665 Ejecutando interfase VDINTERAGEREDUR
02 10:22:34:690 Empiezo a leer forms vdinterageredur.frm
02 10:22:34:703 Termino parse forms vdinterageredur.frm
02 10:22:34:705 Ejecutando interfase VDINTERAGEREDUR
02 10:24:34:716 Empiezo a leer forms vdinterageredur.frm
02 10:24:34:726 Termino parse forms vdinterageredur.frm
02 10:24:34:726 Ejecutando interfase VDINTERAGEREDUR
02 10:26:34:746 Empiezo a leer forms vdinterageredur.frm
02 10:26:34:757 Termino parse forms vdinterageredur.frm
02 10:26:34:757 Ejecutando interfase VDINTERAGEREDUR
02 10:28:34:776 Empiezo a leer forms vdinterageredur.frm
02 10:28:34:782 Termino parse forms vdinterageredur.frm
02 10:28:34:782 Ejecutando interfase VDINTERAGEREDUR
02 10:30:34:801 Empiezo a leer forms vdinterageredur.frm
02 10:30:34:812 Termino parse forms vdinterageredur.frm
02 10:30:34:812 Ejecutando interfase VDINTERAGEREDUR
02 10:32:34:825 Empiezo a leer forms vdinterageredur.frm
02 10:32:34:837 Termino parse forms vdinterageredur.frm
02 10:32:34:837 Ejecutando interfase VDINTERAGEREDUR
02 10:34:34:860 Empiezo a leer forms vdinterageredur.frm
02 10:34:34:876 Termino parse forms vdinterageredur.frm
02 10:34:34:876 Ejecutando interfase VDINTERAGEREDUR
02 10:36:34:887 Empiezo a leer forms vdinterageredur.frm
02 10:36:34:898 Termino parse forms vdinterageredur.frm
02 10:36:34:898 Ejecutando interfase VDINTERAGEREDUR
02 10:38:34:911 Empiezo a leer forms vdinterageredur.frm
02 10:38:34:917 Termino parse forms vdinterageredur.frm
02 10:38:34:918 Ejecutando interfase VDINTERAGEREDUR
02 10:40:34:938 Empiezo a leer forms vdinterageredur.frm
02 10:40:34:947 Termino parse forms vdinterageredur.frm
02 10:40:34:947 Ejecutando interfase VDINTERAGEREDUR

00 10:41:41:292 Fichero de log cerrado.

00 10:42:00:932 Fichero de log abierto PID 17140

02 10:42:00:937 Intentando abrir fichero v10.ini
02 10:42:00:945 Cargando driver v10oracle funcion damedriveroracle
02 10:42:01:752 Conectado a base de datos
02 10:42:01:756 Proceso ENVIOREDUR encontrado en tabla VDPROCESOS
02 10:42:01:763 Proceso ENVIOREDUR cargado con función interfasesalida (Librería VDINTERFASES.DLL) direccion 06B1CC80
02 10:42:01:767 PLSQL: INICIALIZADO PAQUETE DE LOG EL DIA 01-04-2022
02 10:42:01:781 Actualizado SID 15 SERIAL 1657 del proceso con PID 17140
00 10:42:01:787 Error al abrir fichero VDST.H
02 10:42:01:788 Empiezo a leer forms vdinterageredur.frm
02 10:42:01:832 Termino parse forms vdinterageredur.frm
02 10:42:01:832 Ejecutando interfase VDINTERAGEREDUR
02 10:44:01:851 Empiezo a leer forms vdinterageredur.frm
02 10:44:01:862 Termino parse forms vdinterageredur.frm
02 10:44:01:862 Ejecutando interfase VDINTERAGEREDUR
02 10:46:01:887 Empiezo a leer forms vdinterageredur.frm
02 10:46:01:907 Termino parse forms vdinterageredur.frm
02 10:46:01:907 Ejecutando interfase VDINTERAGEREDUR
02 10:48:01:931 Empiezo a leer forms vdinterageredur.frm
02 10:48:01:938 Termino parse forms vdinterageredur.frm
02 10:48:01:938 Ejecutando interfase VDINTERAGEREDUR
02 10:50:01:956 Empiezo a leer forms vdinterageredur.frm
02 10:50:01:968 Termino parse forms vdinterageredur.frm
02 10:50:01:968 Ejecutando interfase VDINTERAGEREDUR
02 10:52:01:982 Empiezo a leer forms vdinterageredur.frm
02 10:52:01:990 Termino parse forms vdinterageredur.frm
02 10:52:01:990 Ejecutando interfase VDINTERAGEREDUR
02 10:54:02:012 Empiezo a leer forms vdinterageredur.frm
02 10:54:02:018 Termino parse forms vdinterageredur.frm
02 10:54:02:020 Ejecutando interfase VDINTERAGEREDUR
02 10:56:02:030 Empiezo a leer forms vdinterageredur.frm
02 10:56:02:040 Termino parse forms vdinterageredur.frm
02 10:56:02:040 Ejecutando interfase VDINTERAGEREDUR
02 10:58:02:055 Empiezo a leer forms vdinterageredur.frm
02 10:58:02:066 Termino parse forms vdinterageredur.frm
02 10:58:02:066 Ejecutando interfase VDINTERAGEREDUR
02 11:00:02:076 Empiezo a leer forms vdinterageredur.frm
02 11:00:02:082 Termino parse forms vdinterageredur.frm
02 11:00:02:082 Ejecutando interfase VDINTERAGEREDUR
02 11:02:02:103 Empiezo a leer forms vdinterageredur.frm
02 11:02:02:112 Termino parse forms vdinterageredur.frm
02 11:02:02:112 Ejecutando interfase VDINTERAGEREDUR
02 11:04:02:132 Empiezo a leer forms vdinterageredur.frm
02 11:04:02:142 Termino parse forms vdinterageredur.frm
02 11:04:02:142 Ejecutando interfase VDINTERAGEREDUR
02 11:06:02:153 Empiezo a leer forms vdinterageredur.frm
02 11:06:02:163 Termino parse forms vdinterageredur.frm
02 11:06:02:163 Ejecutando interfase VDINTERAGEREDUR
02 11:08:02:176 Empiezo a leer forms vdinterageredur.frm
02 11:08:02:183 Termino parse forms vdinterageredur.frm
02 11:08:02:183 Ejecutando interfase VDINTERAGEREDUR
02 11:10:02:205 Empiezo a leer forms vdinterageredur.frm
02 11:10:02:217 Termino parse forms vdinterageredur.frm
02 11:10:02:217 Ejecutando interfase VDINTERAGEREDUR
02 11:12:02:241 Empiezo a leer forms vdinterageredur.frm
02 11:12:02:252 Termino parse forms vdinterageredur.frm
02 11:12:02:252 Ejecutando interfase VDINTERAGEREDUR
02 11:14:02:272 Empiezo a leer forms vdinterageredur.frm
02 11:14:02:281 Termino parse forms vdinterageredur.frm
02 11:14:02:281 Ejecutando interfase VDINTERAGEREDUR
02 11:16:02:302 Empiezo a leer forms vdinterageredur.frm
02 11:16:02:308 Termino parse forms vdinterageredur.frm
02 11:16:02:308 Ejecutando interfase VDINTERAGEREDUR
02 11:18:02:316 Empiezo a leer forms vdinterageredur.frm
02 11:18:02:328 Termino parse forms vdinterageredur.frm
02 11:18:02:328 Ejecutando interfase VDINTERAGEREDUR
02 11:20:02:342 Empiezo a leer forms vdinterageredur.frm
02 11:20:02:348 Termino parse forms vdinterageredur.frm
02 11:20:02:348 Ejecutando interfase VDINTERAGEREDUR
02 11:22:02:362 Empiezo a leer forms vdinterageredur.frm
02 11:22:02:373 Termino parse forms vdinterageredur.frm
02 11:22:02:375 Ejecutando interfase VDINTERAGEREDUR
02 11:24:02:387 Empiezo a leer forms vdinterageredur.frm
02 11:24:02:397 Termino parse forms vdinterageredur.frm
02 11:24:02:397 Ejecutando interfase VDINTERAGEREDUR
02 11:26:02:417 Empiezo a leer forms vdinterageredur.frm
02 11:26:02:428 Termino parse forms vdinterageredur.frm
02 11:26:02:428 Ejecutando interfase VDINTERAGEREDUR
02 11:28:02:446 Empiezo a leer forms vdinterageredur.frm
02 11:28:02:457 Termino parse forms vdinterageredur.frm
02 11:28:02:457 Ejecutando interfase VDINTERAGEREDUR
02 11:30:02:478 Empiezo a leer forms vdinterageredur.frm
02 11:30:02:487 Termino parse forms vdinterageredur.frm
02 11:30:02:487 Ejecutando interfase VDINTERAGEREDUR
02 11:47:07:417 Empiezo a leer forms vdinterageredur.frm
02 11:47:07:427 Termino parse forms vdinterageredur.frm
02 11:47:07:427 Ejecutando interfase VDINTERAGEREDUR
02 11:49:07:492 Empiezo a leer forms vdinterageredur.frm
02 11:49:07:500 Termino parse forms vdinterageredur.frm
02 11:49:07:500 Ejecutando interfase VDINTERAGEREDUR
02 11:51:07:510 Empiezo a leer forms vdinterageredur.frm
02 11:51:07:515 Termino parse forms vdinterageredur.frm
02 11:51:07:515 Ejecutando interfase VDINTERAGEREDUR
02 11:53:07:527 Empiezo a leer forms vdinterageredur.frm
02 11:53:07:532 Termino parse forms vdinterageredur.frm
02 11:53:07:532 Ejecutando interfase VDINTERAGEREDUR
02 11:55:07:549 Empiezo a leer forms vdinterageredur.frm
02 11:55:07:557 Termino parse forms vdinterageredur.frm
02 11:55:07:557 Ejecutando interfase VDINTERAGEREDUR
02 11:57:07:579 Empiezo a leer forms vdinterageredur.frm
02 11:57:07:585 Termino parse forms vdinterageredur.frm
02 11:57:07:585 Ejecutando interfase VDINTERAGEREDUR
02 11:59:07:594 Empiezo a leer forms vdinterageredur.frm
02 11:59:07:602 Termino parse forms vdinterageredur.frm
02 11:59:07:604 Ejecutando interfase VDINTERAGEREDUR
02 12:01:07:612 Empiezo a leer forms vdinterageredur.frm
02 12:01:07:620 Termino parse forms vdinterageredur.frm
02 12:01:07:620 Ejecutando interfase VDINTERAGEREDUR
02 12:03:07:627 Empiezo a leer forms vdinterageredur.frm
02 12:03:07:637 Termino parse forms vdinterageredur.frm
02 12:03:07:637 Ejecutando interfase VDINTERAGEREDUR
02 12:05:07:644 Empiezo a leer forms vdinterageredur.frm
02 12:05:07:650 Termino parse forms vdinterageredur.frm
02 12:05:07:650 Ejecutando interfase VDINTERAGEREDUR
02 12:07:07:659 Empiezo a leer forms vdinterageredur.frm
02 12:07:07:667 Termino parse forms vdinterageredur.frm
02 12:07:07:667 Ejecutando interfase VDINTERAGEREDUR
02 12:09:07:689 Empiezo a leer forms vdinterageredur.frm
02 12:09:07:697 Termino parse forms vdinterageredur.frm
02 12:09:07:697 Ejecutando interfase VDINTERAGEREDUR
02 12:11:07:720 Empiezo a leer forms vdinterageredur.frm
02 12:11:07:730 Termino parse forms vdinterageredur.frm
02 12:11:07:732 Ejecutando interfase VDINTERAGEREDUR
02 12:13:07:744 Empiezo a leer forms vdinterageredur.frm
02 12:13:07:755 Termino parse forms vdinterageredur.frm
02 12:13:07:755 Ejecutando interfase VDINTERAGEREDUR
02 12:15:07:765 Empiezo a leer forms vdinterageredur.frm
02 12:15:07:772 Termino parse forms vdinterageredur.frm
02 12:15:07:772 Ejecutando interfase VDINTERAGEREDUR

00 12:15:10:325 Fichero de log cerrado.

00 12:15:19:000 Fichero de log abierto PID 8048

02 12:15:19:002 Intentando abrir fichero v10.ini
02 12:15:19:009 Cargando driver v10oracle funcion damedriveroracle
02 12:15:19:735 Conectado a base de datos
02 12:15:19:739 Proceso ENVIOREDUR encontrado en tabla VDPROCESOS
02 12:15:19:745 Proceso ENVIOREDUR cargado con función interfasesalida (Librería VDINTERFASES.DLL) direccion 05B0CC80
02 12:15:19:748 PLSQL: INICIALIZADO PAQUETE DE LOG EL DIA 01-04-2022
02 12:15:19:762 Actualizado SID 254 SERIAL 17414 del proceso con PID 8048
00 12:15:19:767 Error al abrir fichero VDST.H
02 12:15:19:770 Empiezo a leer forms vdinterageredur.frm
02 12:15:19:817 Termino parse forms vdinterageredur.frm
02 12:15:19:819 Ejecutando interfase VDINTERAGEREDUR
02 12:17:19:842 Empiezo a leer forms vdinterageredur.frm
02 12:17:19:864 Termino parse forms vdinterageredur.frm
02 12:17:19:864 Ejecutando interfase VDINTERAGEREDUR
02 12:19:19:884 Empiezo a leer forms vdinterageredur.frm
02 12:19:19:900 Termino parse forms vdinterageredur.frm
02 12:19:19:900 Ejecutando interfase VDINTERAGEREDUR
02 12:21:19:925 Empiezo a leer forms vdinterageredur.frm
02 12:21:19:942 Termino parse forms vdinterageredur.frm
02 12:21:19:944 Ejecutando interfase VDINTERAGEREDUR
02 12:23:19:967 Empiezo a leer forms vdinterageredur.frm
02 12:23:19:985 Termino parse forms vdinterageredur.frm
02 12:23:19:985 Ejecutando interfase VDINTERAGEREDUR
02 12:25:20:005 Empiezo a leer forms vdinterageredur.frm
02 12:25:20:010 Termino parse forms vdinterageredur.frm
02 12:25:20:010 Ejecutando interfase VDINTERAGEREDUR
02 12:27:20:025 Empiezo a leer forms vdinterageredur.frm
02 12:27:20:035 Termino parse forms vdinterageredur.frm
02 12:27:20:035 Ejecutando interfase VDINTERAGEREDUR
02 12:29:20:052 Empiezo a leer forms vdinterageredur.frm
02 12:29:20:064 Termino parse forms vdinterageredur.frm
02 12:29:20:064 Ejecutando interfase VDINTERAGEREDUR
02 12:31:20:080 Empiezo a leer forms vdinterageredur.frm
02 12:31:20:089 Termino parse forms vdinterageredur.frm
02 12:31:20:089 Ejecutando interfase VDINTERAGEREDUR
02 12:33:20:097 Empiezo a leer forms vdinterageredur.frm
02 12:33:20:105 Termino parse forms vdinterageredur.frm
02 12:33:20:105 Ejecutando interfase VDINTERAGEREDUR
02 12:35:20:122 Empiezo a leer forms vdinterageredur.frm
02 12:35:20:129 Termino parse forms vdinterageredur.frm
02 12:35:20:129 Ejecutando interfase VDINTERAGEREDUR
02 12:37:20:135 Empiezo a leer forms vdinterageredur.frm
02 12:37:20:147 Termino parse forms vdinterageredur.frm
02 12:37:20:147 Ejecutando interfase VDINTERAGEREDUR
02 12:39:20:167 Empiezo a leer forms vdinterageredur.frm
02 12:39:20:172 Termino parse forms vdinterageredur.frm
02 12:39:20:174 Ejecutando interfase VDINTERAGEREDUR
02 12:41:20:185 Empiezo a leer forms vdinterageredur.frm
02 12:41:20:195 Termino parse forms vdinterageredur.frm
02 12:41:20:195 Ejecutando interfase VDINTERAGEREDUR
02 12:43:20:205 Empiezo a leer forms vdinterageredur.frm
02 12:43:20:212 Termino parse forms vdinterageredur.frm
02 12:43:20:212 Ejecutando interfase VDINTERAGEREDUR
02 12:45:20:234 Empiezo a leer forms vdinterageredur.frm
02 12:45:20:247 Termino parse forms vdinterageredur.frm
02 12:45:20:247 Ejecutando interfase VDINTERAGEREDUR
02 12:47:20:255 Empiezo a leer forms vdinterageredur.frm
02 12:47:20:265 Termino parse forms vdinterageredur.frm
02 12:47:20:265 Ejecutando interfase VDINTERAGEREDUR
02 12:49:20:282 Empiezo a leer forms vdinterageredur.frm
02 12:49:20:292 Termino parse forms vdinterageredur.frm
02 12:49:20:292 Ejecutando interfase VDINTERAGEREDUR
02 12:51:20:312 Empiezo a leer forms vdinterageredur.frm
02 12:51:20:324 Termino parse forms vdinterageredur.frm
02 12:51:20:325 Ejecutando interfase VDINTERAGEREDUR
02 12:53:20:332 Empiezo a leer forms vdinterageredur.frm
02 12:53:20:340 Termino parse forms vdinterageredur.frm
02 12:53:20:340 Ejecutando interfase VDINTERAGEREDUR
02 12:55:20:357 Empiezo a leer forms vdinterageredur.frm
02 12:55:20:370 Termino parse forms vdinterageredur.frm
02 12:55:20:370 Ejecutando interfase VDINTERAGEREDUR
02 12:57:20:385 Empiezo a leer forms vdinterageredur.frm
02 12:57:20:395 Termino parse forms vdinterageredur.frm
02 12:57:20:397 Ejecutando interfase VDINTERAGEREDUR
02 12:59:20:409 Empiezo a leer forms vdinterageredur.frm
02 12:59:20:415 Termino parse forms vdinterageredur.frm
02 12:59:20:415 Ejecutando interfase VDINTERAGEREDUR
02 13:01:20:429 Empiezo a leer forms vdinterageredur.frm
02 13:01:20:440 Termino parse forms vdinterageredur.frm
02 13:01:20:440 Ejecutando interfase VDINTERAGEREDUR
02 13:03:20:459 Empiezo a leer forms vdinterageredur.frm
02 13:03:20:467 Termino parse forms vdinterageredur.frm
02 13:03:20:467 Ejecutando interfase VDINTERAGEREDUR
02 13:05:20:477 Empiezo a leer forms vdinterageredur.frm
02 13:05:20:484 Termino parse forms vdinterageredur.frm
02 13:05:20:484 Ejecutando interfase VDINTERAGEREDUR
02 13:07:20:497 Empiezo a leer forms vdinterageredur.frm
02 13:07:20:504 Termino parse forms vdinterageredur.frm
02 13:07:20:505 Ejecutando interfase VDINTERAGEREDUR
02 13:09:20:525 Empiezo a leer forms vdinterageredur.frm
02 13:09:20:535 Termino parse forms vdinterageredur.frm
02 13:09:20:535 Ejecutando interfase VDINTERAGEREDUR

00 13:10:54:649 Fichero de log cerrado.

00 13:11:07:195 Fichero de log abierto PID 14384

02 13:11:07:199 Intentando abrir fichero v10.ini
02 13:11:07:207 Cargando driver v10oracle funcion damedriveroracle
02 13:11:07:812 Conectado a base de datos
02 13:11:07:814 Proceso ENVIOREDUR encontrado en tabla VDPROCESOS
02 13:11:07:822 Proceso ENVIOREDUR cargado con función interfasesalida (Librería VDINTERFASES.DLL) direccion 066DCC80
02 13:11:07:824 PLSQL: INICIALIZADO PAQUETE DE LOG EL DIA 01-04-2022
02 13:11:07:835 Actualizado SID 507 SERIAL 36938 del proceso con PID 14384
00 13:11:07:842 Error al abrir fichero VDST.H
02 13:11:07:844 Empiezo a leer forms vdinterageredur.frm
02 13:11:07:894 Termino parse forms vdinterageredur.frm
02 13:11:07:894 Ejecutando interfase VDINTERAGEREDUR
02 13:13:07:905 Empiezo a leer forms vdinterageredur.frm
02 13:13:07:920 Termino parse forms vdinterageredur.frm
02 13:13:07:920 Ejecutando interfase VDINTERAGEREDUR
02 13:15:07:927 Empiezo a leer forms vdinterageredur.frm
02 13:15:07:939 Termino parse forms vdinterageredur.frm
02 13:15:07:939 Ejecutando interfase VDINTERAGEREDUR
02 13:17:07:955 Empiezo a leer forms vdinterageredur.frm
02 13:17:07:970 Termino parse forms vdinterageredur.frm
02 13:17:07:972 Ejecutando interfase VDINTERAGEREDUR
02 13:19:07:987 Empiezo a leer forms vdinterageredur.frm
02 13:19:08:004 Termino parse forms vdinterageredur.frm
02 13:19:08:005 Ejecutando interfase VDINTERAGEREDUR
02 13:21:08:017 Empiezo a leer forms vdinterageredur.frm
02 13:21:08:027 Termino parse forms vdinterageredur.frm
02 13:21:08:027 Ejecutando interfase VDINTERAGEREDUR
02 13:23:08:045 Empiezo a leer forms vdinterageredur.frm
02 13:23:08:054 Termino parse forms vdinterageredur.frm
02 13:23:08:054 Ejecutando interfase VDINTERAGEREDUR
02 13:25:08:069 Empiezo a leer forms vdinterageredur.frm
02 13:25:08:079 Termino parse forms vdinterageredur.frm
02 13:25:08:079 Ejecutando interfase VDINTERAGEREDUR
02 13:27:08:095 Empiezo a leer forms vdinterageredur.frm
02 13:27:08:102 Termino parse forms vdinterageredur.frm
02 13:27:08:102 Ejecutando interfase VDINTERAGEREDUR
02 13:29:08:124 Empiezo a leer forms vdinterageredur.frm
02 13:29:08:132 Termino parse forms vdinterageredur.frm
02 13:29:08:132 Ejecutando interfase VDINTERAGEREDUR

00 13:31:06:367 Fichero de log cerrado.

00 13:31:13:330 Fichero de log abierto PID 12472

02 13:31:13:332 Intentando abrir fichero v10.ini
02 13:31:13:339 Cargando driver v10oracle funcion damedriveroracle
02 13:31:14:314 Conectado a base de datos
02 13:31:14:315 Proceso ENVIOREDUR encontrado en tabla VDPROCESOS
02 13:31:14:322 Proceso ENVIOREDUR cargado con función interfasesalida (Librería VDINTERFASES.DLL) direccion 0645CC80
02 13:31:14:325 PLSQL: INICIALIZADO PAQUETE DE LOG EL DIA 01-04-2022
02 13:31:14:335 Actualizado SID 18 SERIAL 28897 del proceso con PID 12472
00 13:31:14:349 Error al abrir fichero VDST.H
02 13:31:14:350 Empiezo a leer forms vdinterageredur.frm
02 13:31:14:397 Termino parse forms vdinterageredur.frm
02 13:31:14:397 Ejecutando interfase VDINTERAGEREDUR
02 13:33:14:414 Empiezo a leer forms vdinterageredur.frm
02 13:33:14:422 Termino parse forms vdinterageredur.frm
02 13:33:14:422 Ejecutando interfase VDINTERAGEREDUR
02 13:35:14:445 Empiezo a leer forms vdinterageredur.frm
02 13:35:14:455 Termino parse forms vdinterageredur.frm
02 13:35:14:455 Ejecutando interfase VDINTERAGEREDUR
02 13:37:14:470 Empiezo a leer forms vdinterageredur.frm
02 13:37:14:480 Termino parse forms vdinterageredur.frm
02 13:37:14:480 Ejecutando interfase VDINTERAGEREDUR
02 13:39:14:495 Empiezo a leer forms vdinterageredur.frm
02 13:39:14:505 Termino parse forms vdinterageredur.frm
02 13:39:14:505 Ejecutando interfase VDINTERAGEREDUR

00 13:39:34:107 Fichero de log cerrado.

00 13:39:48:352 Fichero de log abierto PID 5992

02 13:39:48:354 Intentando abrir fichero v10.ini
02 13:39:48:360 Cargando driver v10oracle funcion damedriveroracle
02 13:39:48:955 Conectado a base de datos
02 13:39:48:955 Proceso ENVIOREDUR encontrado en tabla VDPROCESOS
02 13:39:48:962 Proceso ENVIOREDUR cargado con función interfasesalida (Librería VDINTERFASES.DLL) direccion 058FCC80
02 13:39:48:966 PLSQL: INICIALIZADO PAQUETE DE LOG EL DIA 01-04-2022
02 13:39:48:977 Actualizado SID 750 SERIAL 9651 del proceso con PID 5992
00 13:39:48:982 Error al abrir fichero VDST.H
02 13:39:48:984 Empiezo a leer forms vdinterageredur.frm
02 13:39:49:025 Termino parse forms vdinterageredur.frm
02 13:39:49:025 Ejecutando interfase VDINTERAGEREDUR

00 13:41:22:215 Fichero de log cerrado.

00 13:41:28:999 Fichero de log abierto PID 2888

02 13:41:29:002 Intentando abrir fichero v10.ini
02 13:41:29:010 Cargando driver v10oracle funcion damedriveroracle
02 13:41:29:595 Conectado a base de datos
02 13:41:29:597 Proceso ENVIOREDUR encontrado en tabla VDPROCESOS
02 13:41:29:602 Proceso ENVIOREDUR cargado con función interfasesalida (Librería VDINTERFASES.DLL) direccion 05DDCC80
02 13:41:29:606 PLSQL: INICIALIZADO PAQUETE DE LOG EL DIA 01-04-2022
02 13:41:29:615 Actualizado SID 625 SERIAL 6344 del proceso con PID 2888
00 13:41:29:622 Error al abrir fichero VDST.H
02 13:41:29:625 Empiezo a leer forms vdinterageredur.frm
02 13:41:29:662 Termino parse forms vdinterageredur.frm
02 13:41:29:662 Ejecutando interfase VDINTERAGEREDUR
02 13:43:29:675 Empiezo a leer forms vdinterageredur.frm
02 13:43:29:690 Termino parse forms vdinterageredur.frm
02 13:43:29:690 Ejecutando interfase VDINTERAGEREDUR
02 13:45:29:704 Empiezo a leer forms vdinterageredur.frm
02 13:45:29:715 Termino parse forms vdinterageredur.frm
02 13:45:29:715 Ejecutando interfase VDINTERAGEREDUR
02 13:47:29:732 Empiezo a leer forms vdinterageredur.frm
02 13:47:29:752 Termino parse forms vdinterageredur.frm
02 13:47:29:754 Ejecutando interfase VDINTERAGEREDUR
02 13:49:29:774 Empiezo a leer forms vdinterageredur.frm
02 13:49:29:795 Termino parse forms vdinterageredur.frm
02 13:49:29:795 Ejecutando interfase VDINTERAGEREDUR
02 13:51:29:817 Empiezo a leer forms vdinterageredur.frm
02 13:51:29:837 Termino parse forms vdinterageredur.frm
02 13:51:29:837 Ejecutando interfase VDINTERAGEREDUR
02 13:53:29:850 Empiezo a leer forms vdinterageredur.frm
02 13:53:29:872 Termino parse forms vdinterageredur.frm
02 13:53:29:872 Ejecutando interfase VDINTERAGEREDUR
02 13:55:29:899 Empiezo a leer forms vdinterageredur.frm
02 13:55:29:917 Termino parse forms vdinterageredur.frm
02 13:55:29:917 Ejecutando interfase VDINTERAGEREDUR
02 13:57:29:937 Empiezo a leer forms vdinterageredur.frm
02 13:57:29:947 Termino parse forms vdinterageredur.frm
02 13:57:29:947 Ejecutando interfase VDINTERAGEREDUR

00 13:58:39:757 Fichero de log cerrado.

