00 09:08:31:743 Fichero de log abierto PID 1320

02 09:08:31:746 Intentando abrir fichero v10.ini
02 09:08:31:752 Cargando driver v10oracle funcion damedriveroracle
02 09:08:32:261 Conectado a base de datos
02 09:08:32:262 Proceso ENVIOREDUR encontrado en tabla VDPROCESOS
02 09:08:32:268 Proceso ENVIOREDUR cargado con función interfasesalida (Librería VDINTERFASES.DLL) direccion 0631CC80
02 09:08:32:270 PLSQL: INICIALIZADO PAQUETE DE LOG EL DIA 28-03-2022
02 09:08:32:280 Actualizado SID 748 SERIAL 7870 del proceso con PID 1320
00 09:08:32:287 Error al abrir fichero VDST.H
02 09:08:32:296 Empiezo a leer forms vdinterageredur.frm
02 09:08:32:330 Termino parse forms vdinterageredur.frm
02 09:08:32:331 Ejecutando interfase VDINTERAGEREDUR
02 09:10:32:340 Empiezo a leer forms vdinterageredur.frm
02 09:10:32:348 Termino parse forms vdinterageredur.frm
02 09:10:32:348 Ejecutando interfase VDINTERAGEREDUR
02 09:12:32:358 Empiezo a leer forms vdinterageredur.frm
02 09:12:32:376 Termino parse forms vdinterageredur.frm
02 09:12:32:376 Ejecutando interfase VDINTERAGEREDUR
02 09:14:32:386 Empiezo a leer forms vdinterageredur.frm
02 09:14:32:397 Termino parse forms vdinterageredur.frm
02 09:14:32:397 Ejecutando interfase VDINTERAGEREDUR
02 09:16:32:420 Empiezo a leer forms vdinterageredur.frm
02 09:16:32:433 Termino parse forms vdinterageredur.frm
02 09:16:32:433 Ejecutando interfase VDINTERAGEREDUR
02 09:18:32:455 Empiezo a leer forms vdinterageredur.frm
02 09:18:32:467 Termino parse forms vdinterageredur.frm
02 09:18:32:468 Ejecutando interfase VDINTERAGEREDUR
02 09:20:32:486 Empiezo a leer forms vdinterageredur.frm
02 09:20:32:497 Termino parse forms vdinterageredur.frm
02 09:20:32:497 Ejecutando interfase VDINTERAGEREDUR
02 09:22:32:518 Empiezo a leer forms vdinterageredur.frm
02 09:22:32:531 Termino parse forms vdinterageredur.frm
02 09:22:32:531 Ejecutando interfase VDINTERAGEREDUR
02 09:24:32:545 Empiezo a leer forms vdinterageredur.frm
02 09:24:32:552 Termino parse forms vdinterageredur.frm
02 09:24:32:552 Ejecutando interfase VDINTERAGEREDUR
02 09:26:32:562 Empiezo a leer forms vdinterageredur.frm
02 09:26:32:571 Termino parse forms vdinterageredur.frm
02 09:26:32:571 Ejecutando interfase VDINTERAGEREDUR
02 09:28:32:587 Empiezo a leer forms vdinterageredur.frm
02 09:28:32:598 Termino parse forms vdinterageredur.frm
02 09:28:32:600 Ejecutando interfase VDINTERAGEREDUR
02 09:30:32:617 Empiezo a leer forms vdinterageredur.frm
02 09:30:32:630 Termino parse forms vdinterageredur.frm
02 09:30:32:630 Ejecutando interfase VDINTERAGEREDUR
02 09:32:32:652 Empiezo a leer forms vdinterageredur.frm
02 09:32:32:661 Termino parse forms vdinterageredur.frm
02 09:32:32:661 Ejecutando interfase VDINTERAGEREDUR
02 09:34:32:682 Empiezo a leer forms vdinterageredur.frm
02 09:34:32:690 Termino parse forms vdinterageredur.frm
02 09:34:32:690 Ejecutando interfase VDINTERAGEREDUR
02 09:36:32:707 Empiezo a leer forms vdinterageredur.frm
02 09:36:32:717 Termino parse forms vdinterageredur.frm
02 09:36:32:717 Ejecutando interfase VDINTERAGEREDUR
02 09:38:32:740 Empiezo a leer forms vdinterageredur.frm
02 09:38:32:747 Termino parse forms vdinterageredur.frm
02 09:38:32:747 Ejecutando interfase VDINTERAGEREDUR
02 09:40:32:757 Empiezo a leer forms vdinterageredur.frm
02 09:40:32:763 Termino parse forms vdinterageredur.frm
02 09:40:32:763 Ejecutando interfase VDINTERAGEREDUR
02 09:42:32:773 Empiezo a leer forms vdinterageredur.frm
02 09:42:32:781 Termino parse forms vdinterageredur.frm
02 09:42:32:781 Ejecutando interfase VDINTERAGEREDUR
02 09:44:32:801 Empiezo a leer forms vdinterageredur.frm
02 09:44:32:807 Termino parse forms vdinterageredur.frm
02 09:44:32:807 Ejecutando interfase VDINTERAGEREDUR
02 09:46:32:820 Empiezo a leer forms vdinterageredur.frm
02 09:46:32:827 Termino parse forms vdinterageredur.frm
02 09:46:32:827 Ejecutando interfase VDINTERAGEREDUR
02 09:48:32:836 Empiezo a leer forms vdinterageredur.frm
02 09:48:32:850 Termino parse forms vdinterageredur.frm
02 09:48:32:850 Ejecutando interfase VDINTERAGEREDUR
02 09:50:32:857 Empiezo a leer forms vdinterageredur.frm
02 09:50:32:867 Termino parse forms vdinterageredur.frm
02 09:50:32:867 Ejecutando interfase VDINTERAGEREDUR
02 09:52:32:877 Empiezo a leer forms vdinterageredur.frm
02 09:52:32:887 Termino parse forms vdinterageredur.frm
02 09:52:32:887 Ejecutando interfase VDINTERAGEREDUR
02 09:54:32:907 Empiezo a leer forms vdinterageredur.frm
02 09:54:32:921 Termino parse forms vdinterageredur.frm
02 09:54:32:921 Ejecutando interfase VDINTERAGEREDUR
02 09:56:32:942 Empiezo a leer forms vdinterageredur.frm
02 09:56:32:948 Termino parse forms vdinterageredur.frm
02 09:56:32:948 Ejecutando interfase VDINTERAGEREDUR
02 09:58:32:967 Empiezo a leer forms vdinterageredur.frm
02 09:58:32:977 Termino parse forms vdinterageredur.frm
02 09:58:32:977 Ejecutando interfase VDINTERAGEREDUR
02 10:00:32:993 Empiezo a leer forms vdinterageredur.frm
02 10:00:33:005 Termino parse forms vdinterageredur.frm
02 10:00:33:005 Ejecutando interfase VDINTERAGEREDUR
02 10:02:33:017 Empiezo a leer forms vdinterageredur.frm
02 10:02:33:027 Termino parse forms vdinterageredur.frm
02 10:02:33:027 Ejecutando interfase VDINTERAGEREDUR
02 10:04:33:048 Empiezo a leer forms vdinterageredur.frm
02 10:04:33:058 Termino parse forms vdinterageredur.frm
02 10:04:33:060 Ejecutando interfase VDINTERAGEREDUR
02 10:06:33:076 Empiezo a leer forms vdinterageredur.frm
02 10:06:33:086 Termino parse forms vdinterageredur.frm
02 10:06:33:086 Ejecutando interfase VDINTERAGEREDUR
02 10:08:33:106 Empiezo a leer forms vdinterageredur.frm
02 10:08:33:117 Termino parse forms vdinterageredur.frm
02 10:08:33:117 Ejecutando interfase VDINTERAGEREDUR
02 10:10:33:132 Empiezo a leer forms vdinterageredur.frm
02 10:10:33:142 Termino parse forms vdinterageredur.frm
02 10:10:33:142 Ejecutando interfase VDINTERAGEREDUR
02 10:12:33:163 Empiezo a leer forms vdinterageredur.frm
02 10:12:33:177 Termino parse forms vdinterageredur.frm
02 10:12:33:177 Ejecutando interfase VDINTERAGEREDUR
02 10:14:33:188 Empiezo a leer forms vdinterageredur.frm
02 10:14:33:197 Termino parse forms vdinterageredur.frm
02 10:14:33:197 Ejecutando interfase VDINTERAGEREDUR
02 10:16:33:212 Empiezo a leer forms vdinterageredur.frm
02 10:16:33:220 Termino parse forms vdinterageredur.frm
02 10:16:33:220 Ejecutando interfase VDINTERAGEREDUR
02 10:18:33:230 Empiezo a leer forms vdinterageredur.frm
02 10:18:33:242 Termino parse forms vdinterageredur.frm
02 10:18:33:242 Ejecutando interfase VDINTERAGEREDUR
02 10:20:33:252 Empiezo a leer forms vdinterageredur.frm
02 10:20:33:265 Termino parse forms vdinterageredur.frm
02 10:20:33:265 Ejecutando interfase VDINTERAGEREDUR
02 10:22:33:281 Empiezo a leer forms vdinterageredur.frm
02 10:22:33:287 Termino parse forms vdinterageredur.frm
02 10:22:33:287 Ejecutando interfase VDINTERAGEREDUR
02 10:24:33:307 Empiezo a leer forms vdinterageredur.frm
02 10:24:33:317 Termino parse forms vdinterageredur.frm
02 10:24:33:317 Ejecutando interfase VDINTERAGEREDUR
02 10:26:33:331 Empiezo a leer forms vdinterageredur.frm
02 10:26:33:340 Termino parse forms vdinterageredur.frm
02 10:26:33:340 Ejecutando interfase VDINTERAGEREDUR
02 10:28:33:361 Empiezo a leer forms vdinterageredur.frm
02 10:28:33:370 Termino parse forms vdinterageredur.frm
02 10:28:33:370 Ejecutando interfase VDINTERAGEREDUR
02 10:30:33:386 Empiezo a leer forms vdinterageredur.frm
02 10:30:33:395 Termino parse forms vdinterageredur.frm
02 10:30:33:395 Ejecutando interfase VDINTERAGEREDUR
02 10:32:33:402 Empiezo a leer forms vdinterageredur.frm
02 10:32:33:410 Termino parse forms vdinterageredur.frm
02 10:32:33:410 Ejecutando interfase VDINTERAGEREDUR
02 10:34:33:432 Empiezo a leer forms vdinterageredur.frm
02 10:34:33:447 Termino parse forms vdinterageredur.frm
02 10:34:33:447 Ejecutando interfase VDINTERAGEREDUR
02 10:36:33:467 Empiezo a leer forms vdinterageredur.frm
02 10:36:33:480 Termino parse forms vdinterageredur.frm
02 10:36:33:480 Ejecutando interfase VDINTERAGEREDUR
02 10:38:33:496 Empiezo a leer forms vdinterageredur.frm
02 10:38:33:508 Termino parse forms vdinterageredur.frm
02 10:38:33:508 Ejecutando interfase VDINTERAGEREDUR
02 10:40:33:532 Empiezo a leer forms vdinterageredur.frm
02 10:40:33:543 Termino parse forms vdinterageredur.frm
02 10:40:33:545 Ejecutando interfase VDINTERAGEREDUR
02 10:42:33:558 Empiezo a leer forms vdinterageredur.frm
02 10:42:33:570 Termino parse forms vdinterageredur.frm
02 10:42:33:571 Ejecutando interfase VDINTERAGEREDUR
02 10:44:33:577 Empiezo a leer forms vdinterageredur.frm
02 10:44:33:587 Termino parse forms vdinterageredur.frm
02 10:44:33:587 Ejecutando interfase VDINTERAGEREDUR
02 10:46:33:603 Empiezo a leer forms vdinterageredur.frm
02 10:46:33:611 Termino parse forms vdinterageredur.frm
02 10:46:33:611 Ejecutando interfase VDINTERAGEREDUR
02 10:48:33:625 Empiezo a leer forms vdinterageredur.frm
02 10:48:33:636 Termino parse forms vdinterageredur.frm
02 10:48:33:637 Ejecutando interfase VDINTERAGEREDUR
02 10:50:33:643 Empiezo a leer forms vdinterageredur.frm
02 10:50:33:656 Termino parse forms vdinterageredur.frm
02 10:50:33:656 Ejecutando interfase VDINTERAGEREDUR
02 10:52:33:671 Empiezo a leer forms vdinterageredur.frm
02 10:52:33:682 Termino parse forms vdinterageredur.frm
02 10:52:33:683 Ejecutando interfase VDINTERAGEREDUR
02 10:54:33:701 Empiezo a leer forms vdinterageredur.frm
02 10:54:33:710 Termino parse forms vdinterageredur.frm
02 10:54:33:711 Ejecutando interfase VDINTERAGEREDUR
02 10:56:33:723 Empiezo a leer forms vdinterageredur.frm
02 10:56:33:731 Termino parse forms vdinterageredur.frm
02 10:56:33:731 Ejecutando interfase VDINTERAGEREDUR
02 10:58:33:743 Empiezo a leer forms vdinterageredur.frm
02 10:58:33:752 Termino parse forms vdinterageredur.frm
02 10:58:33:752 Ejecutando interfase VDINTERAGEREDUR
02 11:00:33:763 Empiezo a leer forms vdinterageredur.frm
02 11:00:33:776 Termino parse forms vdinterageredur.frm
02 11:00:33:776 Ejecutando interfase VDINTERAGEREDUR
02 11:02:33:783 Empiezo a leer forms vdinterageredur.frm
02 11:02:33:792 Termino parse forms vdinterageredur.frm
02 11:02:33:793 Ejecutando interfase VDINTERAGEREDUR
02 11:04:33:807 Empiezo a leer forms vdinterageredur.frm
02 11:04:33:816 Termino parse forms vdinterageredur.frm
02 11:04:33:816 Ejecutando interfase VDINTERAGEREDUR
02 11:06:33:838 Empiezo a leer forms vdinterageredur.frm
02 11:06:33:847 Termino parse forms vdinterageredur.frm
02 11:06:33:848 Ejecutando interfase VDINTERAGEREDUR
02 11:08:33:862 Empiezo a leer forms vdinterageredur.frm
02 11:08:33:872 Termino parse forms vdinterageredur.frm
02 11:08:33:872 Ejecutando interfase VDINTERAGEREDUR
02 11:10:33:886 Empiezo a leer forms vdinterageredur.frm
02 11:10:33:897 Termino parse forms vdinterageredur.frm
02 11:10:33:898 Ejecutando interfase VDINTERAGEREDUR
02 11:12:29:691 Empiezo a leer forms vdinterageredur.frm
02 11:12:29:707 Termino parse forms vdinterageredur.frm
02 11:12:29:707 Ejecutando interfase VDINTERAGEREDUR
02 11:14:29:733 Empiezo a leer forms vdinterageredur.frm
02 11:14:29:743 Termino parse forms vdinterageredur.frm
02 11:14:29:745 Ejecutando interfase VDINTERAGEREDUR
02 11:16:29:765 Empiezo a leer forms vdinterageredur.frm
02 11:16:29:777 Termino parse forms vdinterageredur.frm
02 11:16:29:777 Ejecutando interfase VDINTERAGEREDUR
02 11:18:29:790 Empiezo a leer forms vdinterageredur.frm
02 11:18:29:797 Termino parse forms vdinterageredur.frm
02 11:18:29:798 Ejecutando interfase VDINTERAGEREDUR
02 11:20:29:818 Empiezo a leer forms vdinterageredur.frm
02 11:20:29:832 Termino parse forms vdinterageredur.frm
02 11:20:29:832 Ejecutando interfase VDINTERAGEREDUR
02 11:22:29:843 Empiezo a leer forms vdinterageredur.frm
02 11:22:29:852 Termino parse forms vdinterageredur.frm
02 11:22:29:852 Ejecutando interfase VDINTERAGEREDUR
02 11:24:29:858 Empiezo a leer forms vdinterageredur.frm
02 11:24:29:868 Termino parse forms vdinterageredur.frm
02 11:24:29:868 Ejecutando interfase VDINTERAGEREDUR
02 11:26:29:878 Empiezo a leer forms vdinterageredur.frm
02 11:26:29:890 Termino parse forms vdinterageredur.frm
02 11:26:29:891 Ejecutando interfase VDINTERAGEREDUR
02 11:28:29:907 Empiezo a leer forms vdinterageredur.frm
02 11:28:29:921 Termino parse forms vdinterageredur.frm
02 11:28:29:921 Ejecutando interfase VDINTERAGEREDUR
02 11:30:29:931 Empiezo a leer forms vdinterageredur.frm
02 11:30:29:940 Termino parse forms vdinterageredur.frm
02 11:30:29:940 Ejecutando interfase VDINTERAGEREDUR
02 11:32:29:952 Empiezo a leer forms vdinterageredur.frm
02 11:32:29:960 Termino parse forms vdinterageredur.frm
02 11:32:29:960 Ejecutando interfase VDINTERAGEREDUR
02 11:34:29:973 Empiezo a leer forms vdinterageredur.frm
02 11:34:29:985 Termino parse forms vdinterageredur.frm
02 11:34:29:985 Ejecutando interfase VDINTERAGEREDUR
02 11:36:30:006 Empiezo a leer forms vdinterageredur.frm
02 11:36:30:020 Termino parse forms vdinterageredur.frm
02 11:36:30:020 Ejecutando interfase VDINTERAGEREDUR
02 11:38:30:036 Empiezo a leer forms vdinterageredur.frm
02 11:38:30:045 Termino parse forms vdinterageredur.frm
02 11:38:30:045 Ejecutando interfase VDINTERAGEREDUR
02 11:40:30:070 Empiezo a leer forms vdinterageredur.frm
02 11:40:30:082 Termino parse forms vdinterageredur.frm
02 11:40:30:082 Ejecutando interfase VDINTERAGEREDUR
02 11:42:30:105 Empiezo a leer forms vdinterageredur.frm
02 11:42:30:115 Termino parse forms vdinterageredur.frm
02 11:42:30:115 Ejecutando interfase VDINTERAGEREDUR
02 11:44:30:129 Empiezo a leer forms vdinterageredur.frm
02 11:44:30:137 Termino parse forms vdinterageredur.frm
02 11:44:30:137 Ejecutando interfase VDINTERAGEREDUR
02 11:46:30:152 Empiezo a leer forms vdinterageredur.frm
02 11:46:30:165 Termino parse forms vdinterageredur.frm
02 11:46:30:165 Ejecutando interfase VDINTERAGEREDUR
02 11:48:30:180 Empiezo a leer forms vdinterageredur.frm
02 11:48:30:192 Termino parse forms vdinterageredur.frm
02 11:48:30:194 Ejecutando interfase VDINTERAGEREDUR
02 11:50:30:220 Empiezo a leer forms vdinterageredur.frm
02 11:50:30:232 Termino parse forms vdinterageredur.frm
02 11:50:30:232 Ejecutando interfase VDINTERAGEREDUR
02 11:52:30:255 Empiezo a leer forms vdinterageredur.frm
02 11:52:30:262 Termino parse forms vdinterageredur.frm
02 11:52:30:262 Ejecutando interfase VDINTERAGEREDUR
02 11:54:30:285 Empiezo a leer forms vdinterageredur.frm
02 11:54:30:295 Termino parse forms vdinterageredur.frm
02 11:54:30:295 Ejecutando interfase VDINTERAGEREDUR
02 11:56:30:320 Empiezo a leer forms vdinterageredur.frm
02 11:56:30:332 Termino parse forms vdinterageredur.frm
02 11:56:30:332 Ejecutando interfase VDINTERAGEREDUR
02 11:58:30:354 Empiezo a leer forms vdinterageredur.frm
02 11:58:30:365 Termino parse forms vdinterageredur.frm
02 11:58:30:365 Ejecutando interfase VDINTERAGEREDUR
02 12:00:30:382 Empiezo a leer forms vdinterageredur.frm
02 12:00:30:390 Termino parse forms vdinterageredur.frm
02 12:00:30:390 Ejecutando interfase VDINTERAGEREDUR
02 12:02:30:405 Empiezo a leer forms vdinterageredur.frm
02 12:02:30:417 Termino parse forms vdinterageredur.frm
02 12:02:30:417 Ejecutando interfase VDINTERAGEREDUR
02 12:04:30:429 Empiezo a leer forms vdinterageredur.frm
02 12:04:30:439 Termino parse forms vdinterageredur.frm
02 12:04:30:439 Ejecutando interfase VDINTERAGEREDUR
02 12:06:30:464 Empiezo a leer forms vdinterageredur.frm
02 12:06:30:475 Termino parse forms vdinterageredur.frm
02 12:06:30:475 Ejecutando interfase VDINTERAGEREDUR
02 12:08:30:492 Empiezo a leer forms vdinterageredur.frm
02 12:08:30:502 Termino parse forms vdinterageredur.frm
02 12:08:30:502 Ejecutando interfase VDINTERAGEREDUR
02 12:10:30:525 Empiezo a leer forms vdinterageredur.frm
02 12:10:30:540 Termino parse forms vdinterageredur.frm
02 12:10:30:540 Ejecutando interfase VDINTERAGEREDUR
02 12:12:30:557 Empiezo a leer forms vdinterageredur.frm
02 12:12:30:567 Termino parse forms vdinterageredur.frm
02 12:12:30:567 Ejecutando interfase VDINTERAGEREDUR
02 12:14:30:577 Empiezo a leer forms vdinterageredur.frm
02 12:14:30:590 Termino parse forms vdinterageredur.frm
02 12:14:30:592 Ejecutando interfase VDINTERAGEREDUR
02 12:16:30:605 Empiezo a leer forms vdinterageredur.frm
02 12:16:30:615 Termino parse forms vdinterageredur.frm
02 12:16:30:615 Ejecutando interfase VDINTERAGEREDUR
02 12:18:30:637 Empiezo a leer forms vdinterageredur.frm
02 12:18:30:647 Termino parse forms vdinterageredur.frm
02 12:18:30:647 Ejecutando interfase VDINTERAGEREDUR
02 12:20:30:667 Empiezo a leer forms vdinterageredur.frm
02 12:20:30:684 Termino parse forms vdinterageredur.frm
02 12:20:30:685 Ejecutando interfase VDINTERAGEREDUR
02 12:22:30:700 Empiezo a leer forms vdinterageredur.frm
02 12:22:30:705 Termino parse forms vdinterageredur.frm
02 12:22:30:707 Ejecutando interfase VDINTERAGEREDUR
02 12:24:30:720 Empiezo a leer forms vdinterageredur.frm
02 12:24:30:727 Termino parse forms vdinterageredur.frm
02 12:24:30:727 Ejecutando interfase VDINTERAGEREDUR
02 12:26:30:742 Empiezo a leer forms vdinterageredur.frm
02 12:26:30:752 Termino parse forms vdinterageredur.frm
02 12:26:30:752 Ejecutando interfase VDINTERAGEREDUR
02 12:28:30:765 Empiezo a leer forms vdinterageredur.frm
02 12:28:30:777 Termino parse forms vdinterageredur.frm
02 12:28:30:777 Ejecutando interfase VDINTERAGEREDUR
02 12:30:30:799 Empiezo a leer forms vdinterageredur.frm
02 12:30:30:810 Termino parse forms vdinterageredur.frm
02 12:30:30:810 Ejecutando interfase VDINTERAGEREDUR
02 12:32:30:832 Empiezo a leer forms vdinterageredur.frm
02 12:32:30:842 Termino parse forms vdinterageredur.frm
02 12:32:30:842 Ejecutando interfase VDINTERAGEREDUR
02 12:34:30:865 Empiezo a leer forms vdinterageredur.frm
02 12:34:30:877 Termino parse forms vdinterageredur.frm
02 12:34:30:879 Ejecutando interfase VDINTERAGEREDUR
02 12:36:30:899 Empiezo a leer forms vdinterageredur.frm
02 12:36:30:910 Termino parse forms vdinterageredur.frm
02 12:36:30:910 Ejecutando interfase VDINTERAGEREDUR
02 12:38:30:929 Empiezo a leer forms vdinterageredur.frm
02 12:38:30:940 Termino parse forms vdinterageredur.frm
02 12:38:30:940 Ejecutando interfase VDINTERAGEREDUR
02 12:40:30:962 Empiezo a leer forms vdinterageredur.frm
02 12:40:30:974 Termino parse forms vdinterageredur.frm
02 12:40:30:974 Ejecutando interfase VDINTERAGEREDUR
02 12:42:30:989 Empiezo a leer forms vdinterageredur.frm
02 12:42:30:997 Termino parse forms vdinterageredur.frm
02 12:42:30:997 Ejecutando interfase VDINTERAGEREDUR
02 12:44:31:012 Empiezo a leer forms vdinterageredur.frm
02 12:44:31:022 Termino parse forms vdinterageredur.frm
02 12:44:31:022 Ejecutando interfase VDINTERAGEREDUR
02 12:46:31:045 Empiezo a leer forms vdinterageredur.frm
02 12:46:31:059 Termino parse forms vdinterageredur.frm
02 12:46:31:059 Ejecutando interfase VDINTERAGEREDUR
02 12:48:31:075 Empiezo a leer forms vdinterageredur.frm
02 12:48:31:087 Termino parse forms vdinterageredur.frm
02 12:48:31:089 Ejecutando interfase VDINTERAGEREDUR
02 12:50:31:102 Empiezo a leer forms vdinterageredur.frm
02 12:50:31:112 Termino parse forms vdinterageredur.frm
02 12:50:31:112 Ejecutando interfase VDINTERAGEREDUR
02 12:52:31:129 Empiezo a leer forms vdinterageredur.frm
02 12:52:31:139 Termino parse forms vdinterageredur.frm
02 12:52:31:139 Ejecutando interfase VDINTERAGEREDUR
02 12:54:31:150 Empiezo a leer forms vdinterageredur.frm
02 12:54:31:160 Termino parse forms vdinterageredur.frm
02 12:54:31:160 Ejecutando interfase VDINTERAGEREDUR
02 12:56:31:185 Empiezo a leer forms vdinterageredur.frm
02 12:56:31:194 Termino parse forms vdinterageredur.frm
02 12:56:31:194 Ejecutando interfase VDINTERAGEREDUR
02 12:58:31:207 Empiezo a leer forms vdinterageredur.frm
02 12:58:31:217 Termino parse forms vdinterageredur.frm
02 12:58:31:217 Ejecutando interfase VDINTERAGEREDUR
02 13:00:31:230 Empiezo a leer forms vdinterageredur.frm
02 13:00:31:240 Termino parse forms vdinterageredur.frm
02 13:00:31:240 Ejecutando interfase VDINTERAGEREDUR
02 13:02:31:252 Empiezo a leer forms vdinterageredur.frm
02 13:02:31:265 Termino parse forms vdinterageredur.frm
02 13:02:31:265 Ejecutando interfase VDINTERAGEREDUR
02 13:04:31:287 Empiezo a leer forms vdinterageredur.frm
02 13:04:31:300 Termino parse forms vdinterageredur.frm
02 13:04:31:300 Ejecutando interfase VDINTERAGEREDUR
02 13:06:31:324 Empiezo a leer forms vdinterageredur.frm
02 13:06:31:339 Termino parse forms vdinterageredur.frm
02 13:06:31:340 Ejecutando interfase VDINTERAGEREDUR
02 13:08:31:360 Empiezo a leer forms vdinterageredur.frm
02 13:08:31:372 Termino parse forms vdinterageredur.frm
02 13:08:31:372 Ejecutando interfase VDINTERAGEREDUR
02 13:10:31:395 Empiezo a leer forms vdinterageredur.frm
02 13:10:31:407 Termino parse forms vdinterageredur.frm
02 13:10:31:407 Ejecutando interfase VDINTERAGEREDUR
02 13:12:31:427 Empiezo a leer forms vdinterageredur.frm
02 13:12:31:440 Termino parse forms vdinterageredur.frm
02 13:12:31:440 Ejecutando interfase VDINTERAGEREDUR
02 13:14:31:457 Empiezo a leer forms vdinterageredur.frm
02 13:14:31:472 Termino parse forms vdinterageredur.frm
02 13:14:31:472 Ejecutando interfase VDINTERAGEREDUR
02 13:16:31:495 Empiezo a leer forms vdinterageredur.frm
02 13:16:31:507 Termino parse forms vdinterageredur.frm
02 13:16:31:509 Ejecutando interfase VDINTERAGEREDUR
02 13:18:31:535 Empiezo a leer forms vdinterageredur.frm
02 13:18:31:545 Termino parse forms vdinterageredur.frm
02 13:18:31:545 Ejecutando interfase VDINTERAGEREDUR
02 13:20:31:567 Empiezo a leer forms vdinterageredur.frm
02 13:20:31:585 Termino parse forms vdinterageredur.frm
02 13:20:31:587 Ejecutando interfase VDINTERAGEREDUR
02 13:22:31:612 Empiezo a leer forms vdinterageredur.frm
02 13:22:31:627 Termino parse forms vdinterageredur.frm
02 13:22:31:629 Ejecutando interfase VDINTERAGEREDUR
02 13:24:31:645 Empiezo a leer forms vdinterageredur.frm
02 13:24:31:660 Termino parse forms vdinterageredur.frm
02 13:24:31:662 Ejecutando interfase VDINTERAGEREDUR
02 13:26:31:685 Empiezo a leer forms vdinterageredur.frm
02 13:26:31:704 Termino parse forms vdinterageredur.frm
02 13:26:31:704 Ejecutando interfase VDINTERAGEREDUR
02 13:28:31:730 Empiezo a leer forms vdinterageredur.frm
02 13:28:31:745 Termino parse forms vdinterageredur.frm
02 13:28:31:745 Ejecutando interfase VDINTERAGEREDUR
02 13:30:31:767 Empiezo a leer forms vdinterageredur.frm
02 13:30:31:782 Termino parse forms vdinterageredur.frm
02 13:30:31:782 Ejecutando interfase VDINTERAGEREDUR
02 13:32:31:800 Empiezo a leer forms vdinterageredur.frm
02 13:32:31:815 Termino parse forms vdinterageredur.frm
02 13:32:31:815 Ejecutando interfase VDINTERAGEREDUR
02 13:34:31:839 Empiezo a leer forms vdinterageredur.frm
02 13:34:31:854 Termino parse forms vdinterageredur.frm
02 13:34:31:854 Ejecutando interfase VDINTERAGEREDUR
02 13:36:31:872 Empiezo a leer forms vdinterageredur.frm
02 13:36:31:890 Termino parse forms vdinterageredur.frm
02 13:36:31:890 Ejecutando interfase VDINTERAGEREDUR
02 13:38:31:912 Empiezo a leer forms vdinterageredur.frm
02 13:38:31:927 Termino parse forms vdinterageredur.frm
02 13:38:31:929 Ejecutando interfase VDINTERAGEREDUR
02 13:40:31:942 Empiezo a leer forms vdinterageredur.frm
02 13:40:31:960 Termino parse forms vdinterageredur.frm
02 13:40:31:960 Ejecutando interfase VDINTERAGEREDUR
02 13:42:31:980 Empiezo a leer forms vdinterageredur.frm
02 13:42:32:002 Termino parse forms vdinterageredur.frm
02 13:42:32:002 Ejecutando interfase VDINTERAGEREDUR
02 13:44:32:032 Empiezo a leer forms vdinterageredur.frm
02 13:44:32:050 Termino parse forms vdinterageredur.frm
02 13:44:32:050 Ejecutando interfase VDINTERAGEREDUR
02 13:46:32:077 Empiezo a leer forms vdinterageredur.frm
02 13:46:32:092 Termino parse forms vdinterageredur.frm
02 13:46:32:094 Ejecutando interfase VDINTERAGEREDUR
02 13:48:32:110 Empiezo a leer forms vdinterageredur.frm
02 13:48:32:125 Termino parse forms vdinterageredur.frm
02 13:48:32:125 Ejecutando interfase VDINTERAGEREDUR
02 13:50:32:150 Empiezo a leer forms vdinterageredur.frm
02 13:50:32:165 Termino parse forms vdinterageredur.frm
02 13:50:32:165 Ejecutando interfase VDINTERAGEREDUR
02 13:52:32:180 Empiezo a leer forms vdinterageredur.frm
02 13:52:32:197 Termino parse forms vdinterageredur.frm
02 13:52:32:197 Ejecutando interfase VDINTERAGEREDUR
02 13:54:32:215 Empiezo a leer forms vdinterageredur.frm
02 13:54:32:232 Termino parse forms vdinterageredur.frm
02 13:54:32:232 Ejecutando interfase VDINTERAGEREDUR
02 13:56:32:260 Empiezo a leer forms vdinterageredur.frm
02 13:56:32:279 Termino parse forms vdinterageredur.frm
02 13:56:32:280 Ejecutando interfase VDINTERAGEREDUR
02 13:58:32:309 Empiezo a leer forms vdinterageredur.frm
02 13:58:32:325 Termino parse forms vdinterageredur.frm
02 13:58:32:325 Ejecutando interfase VDINTERAGEREDUR
02 14:00:32:350 Empiezo a leer forms vdinterageredur.frm
02 14:00:32:362 Termino parse forms vdinterageredur.frm
02 14:00:32:364 Ejecutando interfase VDINTERAGEREDUR
02 14:02:32:379 Empiezo a leer forms vdinterageredur.frm
02 14:02:32:397 Termino parse forms vdinterageredur.frm
02 14:02:32:397 Ejecutando interfase VDINTERAGEREDUR
02 14:04:32:415 Empiezo a leer forms vdinterageredur.frm
02 14:04:32:430 Termino parse forms vdinterageredur.frm
02 14:04:32:432 Ejecutando interfase VDINTERAGEREDUR
02 14:06:32:452 Empiezo a leer forms vdinterageredur.frm
02 14:06:32:467 Termino parse forms vdinterageredur.frm
02 14:06:32:469 Ejecutando interfase VDINTERAGEREDUR
02 14:08:32:487 Empiezo a leer forms vdinterageredur.frm
02 14:08:32:502 Termino parse forms vdinterageredur.frm
02 14:08:32:502 Ejecutando interfase VDINTERAGEREDUR
02 14:10:32:517 Empiezo a leer forms vdinterageredur.frm
02 14:10:32:532 Termino parse forms vdinterageredur.frm
02 14:10:32:532 Ejecutando interfase VDINTERAGEREDUR
02 14:12:32:545 Empiezo a leer forms vdinterageredur.frm
02 14:12:32:565 Termino parse forms vdinterageredur.frm
02 14:12:32:565 Ejecutando interfase VDINTERAGEREDUR
02 14:14:32:584 Empiezo a leer forms vdinterageredur.frm
02 14:14:32:599 Termino parse forms vdinterageredur.frm
02 14:14:32:599 Ejecutando interfase VDINTERAGEREDUR
02 14:16:32:619 Empiezo a leer forms vdinterageredur.frm
02 14:16:32:635 Termino parse forms vdinterageredur.frm
02 14:16:32:635 Ejecutando interfase VDINTERAGEREDUR
02 14:18:32:655 Empiezo a leer forms vdinterageredur.frm
02 14:18:32:672 Termino parse forms vdinterageredur.frm
02 14:18:32:672 Ejecutando interfase VDINTERAGEREDUR
02 14:20:32:687 Empiezo a leer forms vdinterageredur.frm
02 14:20:32:704 Termino parse forms vdinterageredur.frm
02 14:20:32:704 Ejecutando interfase VDINTERAGEREDUR
02 14:22:32:725 Empiezo a leer forms vdinterageredur.frm
02 14:22:32:740 Termino parse forms vdinterageredur.frm
02 14:22:32:740 Ejecutando interfase VDINTERAGEREDUR
02 14:24:32:760 Empiezo a leer forms vdinterageredur.frm
02 14:24:32:775 Termino parse forms vdinterageredur.frm
02 14:24:32:775 Ejecutando interfase VDINTERAGEREDUR
02 14:26:32:790 Empiezo a leer forms vdinterageredur.frm
02 14:26:32:802 Termino parse forms vdinterageredur.frm
02 14:26:32:804 Ejecutando interfase VDINTERAGEREDUR
02 14:28:32:825 Empiezo a leer forms vdinterageredur.frm
02 14:28:32:839 Termino parse forms vdinterageredur.frm
02 14:28:32:839 Ejecutando interfase VDINTERAGEREDUR
02 14:30:32:862 Empiezo a leer forms vdinterageredur.frm
02 14:30:32:874 Termino parse forms vdinterageredur.frm
02 14:30:32:875 Ejecutando interfase VDINTERAGEREDUR
02 14:32:32:887 Empiezo a leer forms vdinterageredur.frm
02 14:32:32:900 Termino parse forms vdinterageredur.frm
02 14:32:32:900 Ejecutando interfase VDINTERAGEREDUR
02 14:34:32:925 Empiezo a leer forms vdinterageredur.frm
02 14:34:32:940 Termino parse forms vdinterageredur.frm
02 14:34:32:940 Ejecutando interfase VDINTERAGEREDUR
02 14:36:32:960 Empiezo a leer forms vdinterageredur.frm
02 14:36:32:975 Termino parse forms vdinterageredur.frm
02 14:36:32:975 Ejecutando interfase VDINTERAGEREDUR
02 14:38:32:999 Empiezo a leer forms vdinterageredur.frm
02 14:38:33:015 Termino parse forms vdinterageredur.frm
02 14:38:33:015 Ejecutando interfase VDINTERAGEREDUR
02 14:40:33:042 Empiezo a leer forms vdinterageredur.frm
02 14:40:33:060 Termino parse forms vdinterageredur.frm
02 14:40:33:060 Ejecutando interfase VDINTERAGEREDUR
02 14:42:33:087 Empiezo a leer forms vdinterageredur.frm
02 14:42:33:104 Termino parse forms vdinterageredur.frm
02 14:42:33:104 Ejecutando interfase VDINTERAGEREDUR
02 14:44:33:119 Empiezo a leer forms vdinterageredur.frm
02 14:44:33:132 Termino parse forms vdinterageredur.frm
02 14:44:33:132 Ejecutando interfase VDINTERAGEREDUR
02 14:46:33:160 Empiezo a leer forms vdinterageredur.frm
02 14:46:33:175 Termino parse forms vdinterageredur.frm
02 14:46:33:175 Ejecutando interfase VDINTERAGEREDUR
02 14:48:33:189 Empiezo a leer forms vdinterageredur.frm
02 14:48:33:205 Termino parse forms vdinterageredur.frm
02 14:48:33:207 Ejecutando interfase VDINTERAGEREDUR
02 14:50:33:222 Empiezo a leer forms vdinterageredur.frm
02 14:50:33:239 Termino parse forms vdinterageredur.frm
02 14:50:33:240 Ejecutando interfase VDINTERAGEREDUR
02 14:52:33:255 Empiezo a leer forms vdinterageredur.frm
02 14:52:33:270 Termino parse forms vdinterageredur.frm
02 14:52:33:270 Ejecutando interfase VDINTERAGEREDUR
02 14:54:33:287 Empiezo a leer forms vdinterageredur.frm
02 14:54:33:302 Termino parse forms vdinterageredur.frm
02 14:54:33:302 Ejecutando interfase VDINTERAGEREDUR
02 14:56:33:315 Empiezo a leer forms vdinterageredur.frm
02 14:56:33:329 Termino parse forms vdinterageredur.frm
02 14:56:33:329 Ejecutando interfase VDINTERAGEREDUR
02 14:58:33:354 Empiezo a leer forms vdinterageredur.frm
02 14:58:33:365 Termino parse forms vdinterageredur.frm
02 14:58:33:365 Ejecutando interfase VDINTERAGEREDUR
02 15:00:33:387 Empiezo a leer forms vdinterageredur.frm
02 15:00:33:402 Termino parse forms vdinterageredur.frm
02 15:00:33:402 Ejecutando interfase VDINTERAGEREDUR
02 15:02:33:427 Empiezo a leer forms vdinterageredur.frm
02 15:02:33:437 Termino parse forms vdinterageredur.frm
02 15:02:33:437 Ejecutando interfase VDINTERAGEREDUR
02 15:04:33:455 Empiezo a leer forms vdinterageredur.frm
02 15:04:33:467 Termino parse forms vdinterageredur.frm
02 15:04:33:467 Ejecutando interfase VDINTERAGEREDUR
02 15:06:33:482 Empiezo a leer forms vdinterageredur.frm
02 15:06:33:495 Termino parse forms vdinterageredur.frm
02 15:06:33:495 Ejecutando interfase VDINTERAGEREDUR
02 15:08:33:517 Empiezo a leer forms vdinterageredur.frm
02 15:08:33:535 Termino parse forms vdinterageredur.frm
02 15:08:33:535 Ejecutando interfase VDINTERAGEREDUR
02 15:10:33:555 Empiezo a leer forms vdinterageredur.frm
02 15:10:33:572 Termino parse forms vdinterageredur.frm
02 15:10:33:572 Ejecutando interfase VDINTERAGEREDUR
02 15:12:33:592 Empiezo a leer forms vdinterageredur.frm
02 15:12:33:610 Termino parse forms vdinterageredur.frm
02 15:12:33:610 Ejecutando interfase VDINTERAGEREDUR
02 15:14:33:634 Empiezo a leer forms vdinterageredur.frm
02 15:14:33:649 Termino parse forms vdinterageredur.frm
02 15:14:33:650 Ejecutando interfase VDINTERAGEREDUR
02 15:16:33:677 Empiezo a leer forms vdinterageredur.frm
02 15:16:33:694 Termino parse forms vdinterageredur.frm
02 15:16:33:695 Ejecutando interfase VDINTERAGEREDUR
02 15:18:33:719 Empiezo a leer forms vdinterageredur.frm
02 15:18:33:735 Termino parse forms vdinterageredur.frm
02 15:18:33:735 Ejecutando interfase VDINTERAGEREDUR

00 15:19:41:784 Fichero de log cerrado.

00 15:19:48:454 Fichero de log abierto PID 17248

02 15:19:48:457 Intentando abrir fichero v10.ini
02 15:19:48:465 Cargando driver v10oracle funcion damedriveroracle
02 15:19:49:294 Conectado a base de datos
02 15:19:49:295 Proceso ENVIOREDUR encontrado en tabla VDPROCESOS
02 15:19:49:302 Proceso ENVIOREDUR cargado con función interfasesalida (Librería VDINTERFASES.DLL) direccion 063CCC80
02 15:19:49:305 PLSQL: INICIALIZADO PAQUETE DE LOG EL DIA 28-03-2022
02 15:19:49:315 Actualizado SID 632 SERIAL 16383 del proceso con PID 17248
00 15:19:49:322 Error al abrir fichero VDST.H
02 15:19:49:325 Empiezo a leer forms vdinterageredur.frm
02 15:19:49:365 Termino parse forms vdinterageredur.frm
02 15:19:49:365 Ejecutando interfase VDINTERAGEREDUR
02 15:21:49:390 Empiezo a leer forms vdinterageredur.frm
02 15:21:49:404 Termino parse forms vdinterageredur.frm
02 15:21:49:405 Ejecutando interfase VDINTERAGEREDUR
02 15:23:49:427 Empiezo a leer forms vdinterageredur.frm
02 15:23:49:444 Termino parse forms vdinterageredur.frm
02 15:23:49:444 Ejecutando interfase VDINTERAGEREDUR
02 15:25:49:455 Empiezo a leer forms vdinterageredur.frm
02 15:25:49:472 Termino parse forms vdinterageredur.frm
02 15:25:49:472 Ejecutando interfase VDINTERAGEREDUR
02 15:27:49:497 Empiezo a leer forms vdinterageredur.frm
02 15:27:49:510 Termino parse forms vdinterageredur.frm
02 15:27:49:510 Ejecutando interfase VDINTERAGEREDUR
02 15:29:49:524 Empiezo a leer forms vdinterageredur.frm
02 15:29:49:537 Termino parse forms vdinterageredur.frm
02 15:29:49:539 Ejecutando interfase VDINTERAGEREDUR
02 15:31:49:565 Empiezo a leer forms vdinterageredur.frm
02 15:31:49:572 Termino parse forms vdinterageredur.frm
02 15:31:49:572 Ejecutando interfase VDINTERAGEREDUR
02 15:33:49:592 Empiezo a leer forms vdinterageredur.frm
02 15:33:49:597 Termino parse forms vdinterageredur.frm
02 15:33:49:597 Ejecutando interfase VDINTERAGEREDUR
02 15:35:49:612 Empiezo a leer forms vdinterageredur.frm
02 15:35:49:632 Termino parse forms vdinterageredur.frm
02 15:35:49:632 Ejecutando interfase VDINTERAGEREDUR
02 15:37:49:649 Empiezo a leer forms vdinterageredur.frm
02 15:37:49:660 Termino parse forms vdinterageredur.frm
02 15:37:49:660 Ejecutando interfase VDINTERAGEREDUR
02 15:39:49:674 Empiezo a leer forms vdinterageredur.frm
02 15:39:49:690 Termino parse forms vdinterageredur.frm
02 15:39:49:690 Ejecutando interfase VDINTERAGEREDUR
02 15:41:49:714 Empiezo a leer forms vdinterageredur.frm
02 15:41:49:720 Termino parse forms vdinterageredur.frm
02 15:41:49:720 Ejecutando interfase VDINTERAGEREDUR
02 15:43:49:744 Empiezo a leer forms vdinterageredur.frm
02 15:43:49:757 Termino parse forms vdinterageredur.frm
02 15:43:49:757 Ejecutando interfase VDINTERAGEREDUR
02 15:45:49:779 Empiezo a leer forms vdinterageredur.frm
02 15:45:49:797 Termino parse forms vdinterageredur.frm
02 15:45:49:797 Ejecutando interfase VDINTERAGEREDUR
02 15:47:49:815 Empiezo a leer forms vdinterageredur.frm
02 15:47:49:832 Termino parse forms vdinterageredur.frm
02 15:47:49:832 Ejecutando interfase VDINTERAGEREDUR
02 15:49:49:842 Empiezo a leer forms vdinterageredur.frm
02 15:49:49:862 Termino parse forms vdinterageredur.frm
02 15:49:49:862 Ejecutando interfase VDINTERAGEREDUR
02 15:51:49:875 Empiezo a leer forms vdinterageredur.frm
02 15:51:49:890 Termino parse forms vdinterageredur.frm
02 15:51:49:890 Ejecutando interfase VDINTERAGEREDUR
02 15:53:49:907 Empiezo a leer forms vdinterageredur.frm
02 15:53:49:922 Termino parse forms vdinterageredur.frm
02 15:53:49:922 Ejecutando interfase VDINTERAGEREDUR
02 15:55:49:944 Empiezo a leer forms vdinterageredur.frm
02 15:55:49:962 Termino parse forms vdinterageredur.frm
02 15:55:49:962 Ejecutando interfase VDINTERAGEREDUR
02 15:57:49:979 Empiezo a leer forms vdinterageredur.frm
02 15:57:49:997 Termino parse forms vdinterageredur.frm
02 15:57:49:997 Ejecutando interfase VDINTERAGEREDUR
02 15:59:50:015 Empiezo a leer forms vdinterageredur.frm
02 15:59:50:035 Termino parse forms vdinterageredur.frm
02 15:59:50:035 Ejecutando interfase VDINTERAGEREDUR
02 16:01:50:049 Empiezo a leer forms vdinterageredur.frm
02 16:01:50:057 Termino parse forms vdinterageredur.frm
02 16:01:50:057 Ejecutando interfase VDINTERAGEREDUR
02 16:03:50:074 Empiezo a leer forms vdinterageredur.frm
02 16:03:50:082 Termino parse forms vdinterageredur.frm
02 16:03:50:082 Ejecutando interfase VDINTERAGEREDUR
02 16:05:50:092 Empiezo a leer forms vdinterageredur.frm
02 16:05:50:104 Termino parse forms vdinterageredur.frm
02 16:05:50:104 Ejecutando interfase VDINTERAGEREDUR

00 16:06:05:725 Fichero de log cerrado.

00 16:06:21:027 Fichero de log abierto PID 5356

02 16:06:21:030 Intentando abrir fichero v10.ini
02 16:06:21:035 Cargando driver v10oracle funcion damedriveroracle
02 16:06:21:942 Conectado a base de datos
02 16:06:21:944 Proceso ENVIOREDUR encontrado en tabla VDPROCESOS
02 16:06:21:950 Proceso ENVIOREDUR cargado con función interfasesalida (Librería VDINTERFASES.DLL) direccion 0642CC80
02 16:06:21:954 PLSQL: INICIALIZADO PAQUETE DE LOG EL DIA 28-03-2022
02 16:06:21:965 Actualizado SID 862 SERIAL 10574 del proceso con PID 5356
00 16:06:21:970 Error al abrir fichero VDST.H
02 16:06:21:972 Empiezo a leer forms vdinterageredur.frm
02 16:06:22:009 Termino parse forms vdinterageredur.frm
02 16:06:22:009 Ejecutando interfase VDINTERAGEREDUR
02 16:08:22:030 Empiezo a leer forms vdinterageredur.frm
02 16:08:22:047 Termino parse forms vdinterageredur.frm
02 16:08:22:047 Ejecutando interfase VDINTERAGEREDUR
02 16:10:22:059 Empiezo a leer forms vdinterageredur.frm
02 16:10:22:070 Termino parse forms vdinterageredur.frm
02 16:10:22:070 Ejecutando interfase VDINTERAGEREDUR
02 16:12:22:090 Empiezo a leer forms vdinterageredur.frm
02 16:12:22:105 Termino parse forms vdinterageredur.frm
02 16:12:22:105 Ejecutando interfase VDINTERAGEREDUR
02 16:14:22:114 Empiezo a leer forms vdinterageredur.frm
02 16:14:22:127 Termino parse forms vdinterageredur.frm
02 16:14:22:127 Ejecutando interfase VDINTERAGEREDUR
02 16:16:22:140 Empiezo a leer forms vdinterageredur.frm
02 16:16:22:147 Termino parse forms vdinterageredur.frm
02 16:16:22:147 Ejecutando interfase VDINTERAGEREDUR
02 16:18:22:162 Empiezo a leer forms vdinterageredur.frm
02 16:18:22:172 Termino parse forms vdinterageredur.frm
02 16:18:22:172 Ejecutando interfase VDINTERAGEREDUR
02 16:20:22:189 Empiezo a leer forms vdinterageredur.frm
02 16:20:22:197 Termino parse forms vdinterageredur.frm
02 16:20:22:197 Ejecutando interfase VDINTERAGEREDUR
02 16:22:22:220 Empiezo a leer forms vdinterageredur.frm
02 16:22:22:232 Termino parse forms vdinterageredur.frm
02 16:22:22:232 Ejecutando interfase VDINTERAGEREDUR
02 16:24:22:252 Empiezo a leer forms vdinterageredur.frm
02 16:24:22:260 Termino parse forms vdinterageredur.frm
02 16:24:22:262 Ejecutando interfase VDINTERAGEREDUR
02 16:26:22:270 Empiezo a leer forms vdinterageredur.frm
02 16:26:22:279 Termino parse forms vdinterageredur.frm
02 16:26:22:280 Ejecutando interfase VDINTERAGEREDUR
02 16:28:22:297 Empiezo a leer forms vdinterageredur.frm
02 16:28:22:304 Termino parse forms vdinterageredur.frm
02 16:28:22:304 Ejecutando interfase VDINTERAGEREDUR
02 16:30:22:315 Empiezo a leer forms vdinterageredur.frm
02 16:30:22:324 Termino parse forms vdinterageredur.frm
02 16:30:22:325 Ejecutando interfase VDINTERAGEREDUR
02 16:32:22:334 Empiezo a leer forms vdinterageredur.frm
02 16:32:22:349 Termino parse forms vdinterageredur.frm
02 16:32:22:349 Ejecutando interfase VDINTERAGEREDUR
02 16:34:22:364 Empiezo a leer forms vdinterageredur.frm
02 16:34:22:374 Termino parse forms vdinterageredur.frm
02 16:34:22:374 Ejecutando interfase VDINTERAGEREDUR
02 16:36:22:395 Empiezo a leer forms vdinterageredur.frm
02 16:36:22:405 Termino parse forms vdinterageredur.frm
02 16:36:22:405 Ejecutando interfase VDINTERAGEREDUR
02 16:38:22:417 Empiezo a leer forms vdinterageredur.frm
02 16:38:22:425 Termino parse forms vdinterageredur.frm
02 16:38:22:425 Ejecutando interfase VDINTERAGEREDUR
02 16:40:22:434 Empiezo a leer forms vdinterageredur.frm
02 16:40:22:440 Termino parse forms vdinterageredur.frm
02 16:40:22:442 Ejecutando interfase VDINTERAGEREDUR
02 16:42:22:457 Empiezo a leer forms vdinterageredur.frm
02 16:42:22:475 Termino parse forms vdinterageredur.frm
02 16:42:22:475 Ejecutando interfase VDINTERAGEREDUR
02 16:44:22:502 Empiezo a leer forms vdinterageredur.frm
02 16:44:22:509 Termino parse forms vdinterageredur.frm
02 16:44:22:510 Ejecutando interfase VDINTERAGEREDUR
02 16:46:22:522 Empiezo a leer forms vdinterageredur.frm
02 16:46:22:535 Termino parse forms vdinterageredur.frm
02 16:46:22:535 Ejecutando interfase VDINTERAGEREDUR
02 16:48:22:557 Empiezo a leer forms vdinterageredur.frm
02 16:48:22:577 Termino parse forms vdinterageredur.frm
02 16:48:22:577 Ejecutando interfase VDINTERAGEREDUR
02 16:50:22:595 Empiezo a leer forms vdinterageredur.frm
02 16:50:22:615 Termino parse forms vdinterageredur.frm
02 16:50:22:615 Ejecutando interfase VDINTERAGEREDUR
02 16:52:22:630 Empiezo a leer forms vdinterageredur.frm
02 16:52:22:647 Termino parse forms vdinterageredur.frm
02 16:52:22:647 Ejecutando interfase VDINTERAGEREDUR
02 16:54:22:660 Empiezo a leer forms vdinterageredur.frm
02 16:54:22:669 Termino parse forms vdinterageredur.frm
02 16:54:22:669 Ejecutando interfase VDINTERAGEREDUR
02 16:56:22:682 Empiezo a leer forms vdinterageredur.frm
02 16:56:22:692 Termino parse forms vdinterageredur.frm
02 16:56:22:692 Ejecutando interfase VDINTERAGEREDUR
02 16:58:22:712 Empiezo a leer forms vdinterageredur.frm
02 16:58:22:730 Termino parse forms vdinterageredur.frm
02 16:58:22:730 Ejecutando interfase VDINTERAGEREDUR
02 17:00:22:757 Empiezo a leer forms vdinterageredur.frm
02 17:00:22:775 Termino parse forms vdinterageredur.frm
02 17:00:22:775 Ejecutando interfase VDINTERAGEREDUR
02 17:02:22:800 Empiezo a leer forms vdinterageredur.frm
02 17:02:22:815 Termino parse forms vdinterageredur.frm
02 17:02:22:815 Ejecutando interfase VDINTERAGEREDUR
02 17:04:22:832 Empiezo a leer forms vdinterageredur.frm
02 17:04:22:852 Termino parse forms vdinterageredur.frm
02 17:04:22:852 Ejecutando interfase VDINTERAGEREDUR
02 17:06:22:877 Empiezo a leer forms vdinterageredur.frm
02 17:06:22:885 Termino parse forms vdinterageredur.frm
02 17:06:22:887 Ejecutando interfase VDINTERAGEREDUR
02 17:08:22:902 Empiezo a leer forms vdinterageredur.frm
02 17:08:22:909 Termino parse forms vdinterageredur.frm
02 17:08:22:909 Ejecutando interfase VDINTERAGEREDUR
02 17:10:22:927 Empiezo a leer forms vdinterageredur.frm
02 17:10:22:940 Termino parse forms vdinterageredur.frm
02 17:10:22:940 Ejecutando interfase VDINTERAGEREDUR
02 17:12:22:957 Empiezo a leer forms vdinterageredur.frm
02 17:12:22:975 Termino parse forms vdinterageredur.frm
02 17:12:22:977 Ejecutando interfase VDINTERAGEREDUR
02 17:14:22:992 Empiezo a leer forms vdinterageredur.frm
02 17:14:23:012 Termino parse forms vdinterageredur.frm
02 17:14:23:014 Ejecutando interfase VDINTERAGEREDUR
02 17:16:23:035 Empiezo a leer forms vdinterageredur.frm
02 17:16:23:054 Termino parse forms vdinterageredur.frm
02 17:16:23:055 Ejecutando interfase VDINTERAGEREDUR
02 17:18:23:077 Empiezo a leer forms vdinterageredur.frm
02 17:18:23:094 Termino parse forms vdinterageredur.frm
02 17:18:23:094 Ejecutando interfase VDINTERAGEREDUR
02 17:20:23:107 Empiezo a leer forms vdinterageredur.frm
02 17:20:23:120 Termino parse forms vdinterageredur.frm
02 17:20:23:120 Ejecutando interfase VDINTERAGEREDUR
02 17:22:23:144 Empiezo a leer forms vdinterageredur.frm
02 17:22:23:165 Termino parse forms vdinterageredur.frm
02 17:22:23:165 Ejecutando interfase VDINTERAGEREDUR
02 17:24:23:180 Empiezo a leer forms vdinterageredur.frm
02 17:24:23:197 Termino parse forms vdinterageredur.frm
02 17:24:23:197 Ejecutando interfase VDINTERAGEREDUR
02 17:26:23:212 Empiezo a leer forms vdinterageredur.frm
02 17:26:23:230 Termino parse forms vdinterageredur.frm
02 17:26:23:232 Ejecutando interfase VDINTERAGEREDUR
02 17:28:23:247 Empiezo a leer forms vdinterageredur.frm
02 17:28:23:260 Termino parse forms vdinterageredur.frm
02 17:28:23:262 Ejecutando interfase VDINTERAGEREDUR
02 17:30:23:275 Empiezo a leer forms vdinterageredur.frm
02 17:30:23:290 Termino parse forms vdinterageredur.frm
02 17:30:23:292 Ejecutando interfase VDINTERAGEREDUR
02 17:32:23:307 Empiezo a leer forms vdinterageredur.frm
02 17:32:23:327 Termino parse forms vdinterageredur.frm
02 17:32:23:327 Ejecutando interfase VDINTERAGEREDUR
02 17:34:23:350 Empiezo a leer forms vdinterageredur.frm
02 17:34:23:367 Termino parse forms vdinterageredur.frm
02 17:34:23:367 Ejecutando interfase VDINTERAGEREDUR
02 17:36:23:387 Empiezo a leer forms vdinterageredur.frm
02 17:36:23:405 Termino parse forms vdinterageredur.frm
02 17:36:23:405 Ejecutando interfase VDINTERAGEREDUR
02 17:38:23:430 Empiezo a leer forms vdinterageredur.frm
02 17:38:23:447 Termino parse forms vdinterageredur.frm
02 17:38:23:449 Ejecutando interfase VDINTERAGEREDUR
02 17:40:23:470 Empiezo a leer forms vdinterageredur.frm
02 17:40:23:489 Termino parse forms vdinterageredur.frm
02 17:40:23:489 Ejecutando interfase VDINTERAGEREDUR
02 17:42:23:515 Empiezo a leer forms vdinterageredur.frm
02 17:42:23:532 Termino parse forms vdinterageredur.frm
02 17:42:23:532 Ejecutando interfase VDINTERAGEREDUR
02 17:44:23:549 Empiezo a leer forms vdinterageredur.frm
02 17:44:23:560 Termino parse forms vdinterageredur.frm
02 17:44:23:560 Ejecutando interfase VDINTERAGEREDUR
02 17:46:23:582 Empiezo a leer forms vdinterageredur.frm
02 17:46:23:599 Termino parse forms vdinterageredur.frm
02 17:46:23:599 Ejecutando interfase VDINTERAGEREDUR
02 17:48:23:620 Empiezo a leer forms vdinterageredur.frm
02 17:48:23:635 Termino parse forms vdinterageredur.frm
02 17:48:23:635 Ejecutando interfase VDINTERAGEREDUR
02 17:50:23:655 Empiezo a leer forms vdinterageredur.frm
02 17:50:23:670 Termino parse forms vdinterageredur.frm
02 17:50:23:672 Ejecutando interfase VDINTERAGEREDUR
02 17:52:23:680 Empiezo a leer forms vdinterageredur.frm
02 17:52:23:700 Termino parse forms vdinterageredur.frm
02 17:52:23:702 Ejecutando interfase VDINTERAGEREDUR
02 17:54:23:715 Empiezo a leer forms vdinterageredur.frm
02 17:54:23:732 Termino parse forms vdinterageredur.frm
02 17:54:23:734 Ejecutando interfase VDINTERAGEREDUR
02 17:56:23:742 Empiezo a leer forms vdinterageredur.frm
02 17:56:23:762 Termino parse forms vdinterageredur.frm
02 17:56:23:762 Ejecutando interfase VDINTERAGEREDUR
02 17:58:23:779 Empiezo a leer forms vdinterageredur.frm
02 17:58:23:795 Termino parse forms vdinterageredur.frm
02 17:58:23:795 Ejecutando interfase VDINTERAGEREDUR

00 17:59:49:292 Fichero de log cerrado.

