00 09:05:28:092 Fichero de log abierto PID 1336

02 09:05:28:092 Intentando abrir fichero v10.ini
02 09:05:28:097 Cargando driver v10oracle funcion damedriveroracle
02 09:05:28:587 Conectado a base de datos
02 09:05:28:588 Proceso ENVIOMOVIM encontrado en tabla VDPROCESOS
02 09:05:28:660 Proceso ENVIOMOVIM cargado con función interfasesalida (Librería VDINTERFASES.DLL) direccion 06BCCC80
02 09:05:28:662 PLSQL: INICIALIZADO PAQUETE DE LOG EL DIA 21-03-2022
02 09:05:28:672 Actualizado SID 255 SERIAL 15112 del proceso con PID 1336
00 09:05:28:677 Error al abrir fichero VDST.H
02 09:05:28:685 Empiezo a leer forms vdintermovim.frm
02 09:05:28:697 Termino parse forms vdintermovim.frm
02 09:05:28:698 Ejecutando interfase VDINTERMOVIM
02 09:07:28:718 Empiezo a leer forms vdintermovim.frm
02 09:07:28:718 Termino parse forms vdintermovim.frm
02 09:07:28:718 Ejecutando interfase VDINTERMOVIM
02 09:09:28:746 Empiezo a leer forms vdintermovim.frm
02 09:09:28:747 Termino parse forms vdintermovim.frm
02 09:09:28:747 Ejecutando interfase VDINTERMOVIM
02 09:11:28:765 Empiezo a leer forms vdintermovim.frm
02 09:11:28:765 Termino parse forms vdintermovim.frm
02 09:11:28:765 Ejecutando interfase VDINTERMOVIM
02 09:13:28:792 Empiezo a leer forms vdintermovim.frm
02 09:13:28:792 Termino parse forms vdintermovim.frm
02 09:13:28:792 Ejecutando interfase VDINTERMOVIM
02 09:15:28:801 Empiezo a leer forms vdintermovim.frm
02 09:15:28:801 Termino parse forms vdintermovim.frm
02 09:15:28:801 Ejecutando interfase VDINTERMOVIM
02 09:17:28:817 Empiezo a leer forms vdintermovim.frm
02 09:17:28:817 Termino parse forms vdintermovim.frm
02 09:17:28:817 Ejecutando interfase VDINTERMOVIM
02 09:19:28:845 Empiezo a leer forms vdintermovim.frm
02 09:19:28:847 Termino parse forms vdintermovim.frm
02 09:19:28:847 Ejecutando interfase VDINTERMOVIM
02 09:21:28:861 Empiezo a leer forms vdintermovim.frm
02 09:21:28:861 Termino parse forms vdintermovim.frm
02 09:21:28:861 Ejecutando interfase VDINTERMOVIM
02 09:23:28:882 Empiezo a leer forms vdintermovim.frm
02 09:23:28:882 Termino parse forms vdintermovim.frm
02 09:23:28:882 Ejecutando interfase VDINTERMOVIM
02 09:25:28:905 Empiezo a leer forms vdintermovim.frm
02 09:25:28:905 Termino parse forms vdintermovim.frm
02 09:25:28:905 Ejecutando interfase VDINTERMOVIM
02 09:27:28:918 Empiezo a leer forms vdintermovim.frm
02 09:27:28:922 Termino parse forms vdintermovim.frm
02 09:27:28:923 Ejecutando interfase VDINTERMOVIM
02 09:29:28:942 Empiezo a leer forms vdintermovim.frm
02 09:29:28:945 Termino parse forms vdintermovim.frm
02 09:29:28:945 Ejecutando interfase VDINTERMOVIM
02 09:31:28:967 Empiezo a leer forms vdintermovim.frm
02 09:31:28:971 Termino parse forms vdintermovim.frm
02 09:31:28:971 Ejecutando interfase VDINTERMOVIM
02 09:33:28:980 Empiezo a leer forms vdintermovim.frm
02 09:33:28:982 Termino parse forms vdintermovim.frm
02 09:33:28:982 Ejecutando interfase VDINTERMOVIM
02 09:35:28:992 Empiezo a leer forms vdintermovim.frm
02 09:35:28:998 Termino parse forms vdintermovim.frm
02 09:35:28:998 Ejecutando interfase VDINTERMOVIM
02 09:37:29:007 Empiezo a leer forms vdintermovim.frm
02 09:37:29:012 Termino parse forms vdintermovim.frm
02 09:37:29:012 Ejecutando interfase VDINTERMOVIM
02 09:39:29:022 Empiezo a leer forms vdintermovim.frm
02 09:39:29:025 Termino parse forms vdintermovim.frm
02 09:39:29:025 Ejecutando interfase VDINTERMOVIM
02 09:41:29:040 Empiezo a leer forms vdintermovim.frm
02 09:41:29:042 Termino parse forms vdintermovim.frm
02 09:41:29:042 Ejecutando interfase VDINTERMOVIM
02 09:43:29:050 Empiezo a leer forms vdintermovim.frm
02 09:43:29:053 Termino parse forms vdintermovim.frm
02 09:43:29:053 Ejecutando interfase VDINTERMOVIM
02 09:45:29:072 Empiezo a leer forms vdintermovim.frm
02 09:45:29:077 Termino parse forms vdintermovim.frm
02 09:45:29:077 Ejecutando interfase VDINTERMOVIM
02 09:47:29:085 Empiezo a leer forms vdintermovim.frm
02 09:47:29:088 Termino parse forms vdintermovim.frm
02 09:47:29:088 Ejecutando interfase VDINTERMOVIM
02 09:49:29:107 Empiezo a leer forms vdintermovim.frm
02 09:49:29:111 Termino parse forms vdintermovim.frm
02 09:49:29:111 Ejecutando interfase VDINTERMOVIM
02 09:51:29:130 Empiezo a leer forms vdintermovim.frm
02 09:51:29:133 Termino parse forms vdintermovim.frm
02 09:51:29:133 Ejecutando interfase VDINTERMOVIM
02 09:53:29:155 Empiezo a leer forms vdintermovim.frm
02 09:53:29:161 Termino parse forms vdintermovim.frm
02 09:53:29:162 Ejecutando interfase VDINTERMOVIM
02 09:55:29:181 Empiezo a leer forms vdintermovim.frm
02 09:55:29:186 Termino parse forms vdintermovim.frm
02 09:55:29:187 Ejecutando interfase VDINTERMOVIM
02 09:57:29:208 Empiezo a leer forms vdintermovim.frm
02 09:57:29:212 Termino parse forms vdintermovim.frm
02 09:57:29:212 Ejecutando interfase VDINTERMOVIM
02 09:59:29:218 Empiezo a leer forms vdintermovim.frm
02 09:59:29:222 Termino parse forms vdintermovim.frm
02 09:59:29:222 Ejecutando interfase VDINTERMOVIM
02 10:01:29:241 Empiezo a leer forms vdintermovim.frm
02 10:01:29:245 Termino parse forms vdintermovim.frm
02 10:01:29:246 Ejecutando interfase VDINTERMOVIM
02 10:03:29:262 Empiezo a leer forms vdintermovim.frm
02 10:03:29:267 Termino parse forms vdintermovim.frm
02 10:03:29:267 Ejecutando interfase VDINTERMOVIM
02 10:05:29:273 Empiezo a leer forms vdintermovim.frm
02 10:05:29:278 Termino parse forms vdintermovim.frm
02 10:05:29:278 Ejecutando interfase VDINTERMOVIM
02 10:07:29:298 Empiezo a leer forms vdintermovim.frm
02 10:07:29:302 Termino parse forms vdintermovim.frm
02 10:07:29:302 Ejecutando interfase VDINTERMOVIM
02 10:09:29:317 Empiezo a leer forms vdintermovim.frm
02 10:09:29:321 Termino parse forms vdintermovim.frm
02 10:09:29:321 Ejecutando interfase VDINTERMOVIM
02 10:11:29:340 Empiezo a leer forms vdintermovim.frm
02 10:11:29:345 Termino parse forms vdintermovim.frm
02 10:11:29:345 Ejecutando interfase VDINTERMOVIM
02 10:13:29:352 Empiezo a leer forms vdintermovim.frm
02 10:13:29:357 Termino parse forms vdintermovim.frm
02 10:13:29:357 Ejecutando interfase VDINTERMOVIM
02 10:15:29:376 Empiezo a leer forms vdintermovim.frm
02 10:15:29:378 Termino parse forms vdintermovim.frm
02 10:15:29:378 Ejecutando interfase VDINTERMOVIM
02 10:17:29:398 Empiezo a leer forms vdintermovim.frm
02 10:17:29:402 Termino parse forms vdintermovim.frm
02 10:17:29:403 Ejecutando interfase VDINTERMOVIM
02 10:19:29:422 Empiezo a leer forms vdintermovim.frm
02 10:19:29:427 Termino parse forms vdintermovim.frm
02 10:19:29:427 Ejecutando interfase VDINTERMOVIM
02 10:21:29:442 Empiezo a leer forms vdintermovim.frm
02 10:21:29:446 Termino parse forms vdintermovim.frm
02 10:21:29:446 Ejecutando interfase VDINTERMOVIM
02 10:23:29:455 Empiezo a leer forms vdintermovim.frm
02 10:23:29:460 Termino parse forms vdintermovim.frm
02 10:23:29:461 Ejecutando interfase VDINTERMOVIM
02 10:25:29:477 Empiezo a leer forms vdintermovim.frm
02 10:25:29:481 Termino parse forms vdintermovim.frm
02 10:25:29:481 Ejecutando interfase VDINTERMOVIM
02 10:27:29:502 Empiezo a leer forms vdintermovim.frm
02 10:27:29:506 Termino parse forms vdintermovim.frm
02 10:27:29:506 Ejecutando interfase VDINTERMOVIM
02 10:29:29:515 Empiezo a leer forms vdintermovim.frm
02 10:29:29:520 Termino parse forms vdintermovim.frm
02 10:29:29:520 Ejecutando interfase VDINTERMOVIM
02 10:31:29:537 Empiezo a leer forms vdintermovim.frm
02 10:31:29:542 Termino parse forms vdintermovim.frm
02 10:31:29:542 Ejecutando interfase VDINTERMOVIM
02 10:33:29:557 Empiezo a leer forms vdintermovim.frm
02 10:33:29:562 Termino parse forms vdintermovim.frm
02 10:33:29:562 Ejecutando interfase VDINTERMOVIM
02 10:35:29:575 Empiezo a leer forms vdintermovim.frm
02 10:35:29:581 Termino parse forms vdintermovim.frm
02 10:35:29:581 Ejecutando interfase VDINTERMOVIM
02 10:37:29:600 Empiezo a leer forms vdintermovim.frm
02 10:37:29:602 Termino parse forms vdintermovim.frm
02 10:37:29:602 Ejecutando interfase VDINTERMOVIM
02 10:39:29:612 Empiezo a leer forms vdintermovim.frm
02 10:39:29:617 Termino parse forms vdintermovim.frm
02 10:39:29:617 Ejecutando interfase VDINTERMOVIM
02 10:41:29:632 Empiezo a leer forms vdintermovim.frm
02 10:41:29:638 Termino parse forms vdintermovim.frm
02 10:41:29:638 Ejecutando interfase VDINTERMOVIM
02 10:43:29:647 Empiezo a leer forms vdintermovim.frm
02 10:43:29:653 Termino parse forms vdintermovim.frm
02 10:43:29:655 Ejecutando interfase VDINTERMOVIM
02 10:45:29:663 Empiezo a leer forms vdintermovim.frm
02 10:45:29:667 Termino parse forms vdintermovim.frm
02 10:45:29:667 Ejecutando interfase VDINTERMOVIM
02 10:47:29:688 Empiezo a leer forms vdintermovim.frm
02 10:47:29:695 Termino parse forms vdintermovim.frm
02 10:47:29:695 Ejecutando interfase VDINTERMOVIM
02 10:49:29:711 Empiezo a leer forms vdintermovim.frm
02 10:49:29:713 Termino parse forms vdintermovim.frm
02 10:49:29:715 Ejecutando interfase VDINTERMOVIM
02 10:51:29:730 Empiezo a leer forms vdintermovim.frm
02 10:51:29:735 Termino parse forms vdintermovim.frm
02 10:51:29:735 Ejecutando interfase VDINTERMOVIM
02 10:53:29:757 Empiezo a leer forms vdintermovim.frm
02 10:53:29:762 Termino parse forms vdintermovim.frm
02 10:53:29:762 Ejecutando interfase VDINTERMOVIM
02 10:55:29:785 Empiezo a leer forms vdintermovim.frm
02 10:55:29:790 Termino parse forms vdintermovim.frm
02 10:55:29:790 Ejecutando interfase VDINTERMOVIM
02 10:57:25:337 Empiezo a leer forms vdintermovim.frm
02 10:57:25:342 Termino parse forms vdintermovim.frm
02 10:57:25:342 Ejecutando interfase VDINTERMOVIM
02 10:59:25:357 Empiezo a leer forms vdintermovim.frm
02 10:59:25:362 Termino parse forms vdintermovim.frm
02 10:59:25:362 Ejecutando interfase VDINTERMOVIM
02 11:01:25:377 Empiezo a leer forms vdintermovim.frm
02 11:01:25:381 Termino parse forms vdintermovim.frm
02 11:01:25:381 Ejecutando interfase VDINTERMOVIM
02 11:03:25:398 Empiezo a leer forms vdintermovim.frm
02 11:03:25:402 Termino parse forms vdintermovim.frm
02 11:03:25:402 Ejecutando interfase VDINTERMOVIM
02 11:05:25:412 Empiezo a leer forms vdintermovim.frm
02 11:05:25:416 Termino parse forms vdintermovim.frm
02 11:05:25:416 Ejecutando interfase VDINTERMOVIM
02 11:07:25:432 Empiezo a leer forms vdintermovim.frm
02 11:07:25:436 Termino parse forms vdintermovim.frm
02 11:07:25:437 Ejecutando interfase VDINTERMOVIM
02 11:09:25:447 Empiezo a leer forms vdintermovim.frm
02 11:09:25:452 Termino parse forms vdintermovim.frm
02 11:09:25:452 Ejecutando interfase VDINTERMOVIM
02 11:11:25:467 Empiezo a leer forms vdintermovim.frm
02 11:11:25:472 Termino parse forms vdintermovim.frm
02 11:11:25:472 Ejecutando interfase VDINTERMOVIM
02 11:13:25:483 Empiezo a leer forms vdintermovim.frm
02 11:13:25:487 Termino parse forms vdintermovim.frm
02 11:13:25:487 Ejecutando interfase VDINTERMOVIM
02 11:15:25:502 Empiezo a leer forms vdintermovim.frm
02 11:15:25:505 Termino parse forms vdintermovim.frm
02 11:15:25:505 Ejecutando interfase VDINTERMOVIM
02 11:17:25:512 Empiezo a leer forms vdintermovim.frm
02 11:17:25:517 Termino parse forms vdintermovim.frm
02 11:17:25:517 Ejecutando interfase VDINTERMOVIM
02 11:19:25:535 Empiezo a leer forms vdintermovim.frm
02 11:19:25:537 Termino parse forms vdintermovim.frm
02 11:19:25:538 Ejecutando interfase VDINTERMOVIM
02 11:21:25:550 Empiezo a leer forms vdintermovim.frm
02 11:21:25:556 Termino parse forms vdintermovim.frm
02 11:21:25:557 Ejecutando interfase VDINTERMOVIM
02 11:23:25:567 Empiezo a leer forms vdintermovim.frm
02 11:23:25:570 Termino parse forms vdintermovim.frm
02 11:23:25:570 Ejecutando interfase VDINTERMOVIM
02 11:25:25:580 Empiezo a leer forms vdintermovim.frm
02 11:25:25:586 Termino parse forms vdintermovim.frm
02 11:25:25:586 Ejecutando interfase VDINTERMOVIM
02 11:27:25:597 Empiezo a leer forms vdintermovim.frm
02 11:27:25:602 Termino parse forms vdintermovim.frm
02 11:27:25:602 Ejecutando interfase VDINTERMOVIM
02 11:29:25:622 Empiezo a leer forms vdintermovim.frm
02 11:29:25:627 Termino parse forms vdintermovim.frm
02 11:29:25:627 Ejecutando interfase VDINTERMOVIM
02 11:31:25:637 Empiezo a leer forms vdintermovim.frm
02 11:31:25:642 Termino parse forms vdintermovim.frm
02 11:31:25:642 Ejecutando interfase VDINTERMOVIM
02 11:33:25:660 Empiezo a leer forms vdintermovim.frm
02 11:33:25:666 Termino parse forms vdintermovim.frm
02 11:33:25:667 Ejecutando interfase VDINTERMOVIM
02 11:35:25:682 Empiezo a leer forms vdintermovim.frm
02 11:35:25:688 Termino parse forms vdintermovim.frm
02 11:35:25:688 Ejecutando interfase VDINTERMOVIM
02 11:37:25:710 Empiezo a leer forms vdintermovim.frm
02 11:37:25:716 Termino parse forms vdintermovim.frm
02 11:37:25:716 Ejecutando interfase VDINTERMOVIM
02 11:39:25:737 Empiezo a leer forms vdintermovim.frm
02 11:39:25:742 Termino parse forms vdintermovim.frm
02 11:39:25:742 Ejecutando interfase VDINTERMOVIM
02 11:41:25:755 Empiezo a leer forms vdintermovim.frm
02 11:41:25:760 Termino parse forms vdintermovim.frm
02 11:41:25:760 Ejecutando interfase VDINTERMOVIM
02 11:43:25:784 Empiezo a leer forms vdintermovim.frm
02 11:43:25:787 Termino parse forms vdintermovim.frm
02 11:43:25:787 Ejecutando interfase VDINTERMOVIM
02 11:45:25:797 Empiezo a leer forms vdintermovim.frm
02 11:45:25:800 Termino parse forms vdintermovim.frm
02 11:45:25:802 Ejecutando interfase VDINTERMOVIM
02 11:47:25:810 Empiezo a leer forms vdintermovim.frm
02 11:47:25:814 Termino parse forms vdintermovim.frm
02 11:47:25:814 Ejecutando interfase VDINTERMOVIM
02 11:49:25:834 Empiezo a leer forms vdintermovim.frm
02 11:49:25:840 Termino parse forms vdintermovim.frm
02 11:49:25:840 Ejecutando interfase VDINTERMOVIM
02 11:51:25:855 Empiezo a leer forms vdintermovim.frm
02 11:51:25:859 Termino parse forms vdintermovim.frm
02 11:51:25:859 Ejecutando interfase VDINTERMOVIM
02 11:53:25:870 Empiezo a leer forms vdintermovim.frm
02 11:53:25:875 Termino parse forms vdintermovim.frm
02 11:53:25:877 Ejecutando interfase VDINTERMOVIM
02 11:55:25:890 Empiezo a leer forms vdintermovim.frm
02 11:55:25:897 Termino parse forms vdintermovim.frm
02 11:55:25:897 Ejecutando interfase VDINTERMOVIM
02 11:57:25:910 Empiezo a leer forms vdintermovim.frm
02 11:57:25:915 Termino parse forms vdintermovim.frm
02 11:57:25:915 Ejecutando interfase VDINTERMOVIM
02 11:59:25:927 Empiezo a leer forms vdintermovim.frm
02 11:59:25:927 Termino parse forms vdintermovim.frm
02 11:59:25:927 Ejecutando interfase VDINTERMOVIM
02 12:01:25:942 Empiezo a leer forms vdintermovim.frm
02 12:01:25:942 Termino parse forms vdintermovim.frm
02 12:01:25:942 Ejecutando interfase VDINTERMOVIM
02 12:03:25:957 Empiezo a leer forms vdintermovim.frm
02 12:03:25:959 Termino parse forms vdintermovim.frm
02 12:03:25:959 Ejecutando interfase VDINTERMOVIM
02 12:05:25:980 Empiezo a leer forms vdintermovim.frm
02 12:05:25:982 Termino parse forms vdintermovim.frm
02 12:05:25:982 Ejecutando interfase VDINTERMOVIM
02 12:07:26:015 Empiezo a leer forms vdintermovim.frm
02 12:07:26:015 Termino parse forms vdintermovim.frm
02 12:07:26:015 Ejecutando interfase VDINTERMOVIM
02 12:29:59:705 Empiezo a leer forms vdintermovim.frm
02 12:29:59:705 Termino parse forms vdintermovim.frm
02 12:29:59:705 Ejecutando interfase VDINTERMOVIM
02 12:31:59:722 Empiezo a leer forms vdintermovim.frm
02 12:31:59:724 Termino parse forms vdintermovim.frm
02 12:31:59:724 Ejecutando interfase VDINTERMOVIM
02 12:33:59:742 Empiezo a leer forms vdintermovim.frm
02 12:33:59:744 Termino parse forms vdintermovim.frm
02 12:33:59:744 Ejecutando interfase VDINTERMOVIM
02 12:35:59:757 Empiezo a leer forms vdintermovim.frm
02 12:35:59:757 Termino parse forms vdintermovim.frm
02 12:35:59:757 Ejecutando interfase VDINTERMOVIM
02 12:37:59:770 Empiezo a leer forms vdintermovim.frm
02 12:37:59:772 Termino parse forms vdintermovim.frm
02 12:37:59:772 Ejecutando interfase VDINTERMOVIM
02 12:39:59:794 Empiezo a leer forms vdintermovim.frm
02 12:39:59:795 Termino parse forms vdintermovim.frm
02 12:39:59:795 Ejecutando interfase VDINTERMOVIM
02 12:41:59:812 Empiezo a leer forms vdintermovim.frm
02 12:41:59:812 Termino parse forms vdintermovim.frm
02 12:41:59:812 Ejecutando interfase VDINTERMOVIM
02 12:43:59:835 Empiezo a leer forms vdintermovim.frm
02 12:43:59:835 Termino parse forms vdintermovim.frm
02 12:43:59:835 Ejecutando interfase VDINTERMOVIM
02 12:45:59:859 Empiezo a leer forms vdintermovim.frm
02 12:45:59:859 Termino parse forms vdintermovim.frm
02 12:45:59:859 Ejecutando interfase VDINTERMOVIM
02 12:47:59:875 Empiezo a leer forms vdintermovim.frm
02 12:47:59:877 Termino parse forms vdintermovim.frm
02 12:47:59:877 Ejecutando interfase VDINTERMOVIM
02 12:49:59:894 Empiezo a leer forms vdintermovim.frm
02 12:49:59:895 Termino parse forms vdintermovim.frm
02 12:49:59:895 Ejecutando interfase VDINTERMOVIM
02 12:51:59:919 Empiezo a leer forms vdintermovim.frm
02 12:51:59:920 Termino parse forms vdintermovim.frm
02 12:51:59:920 Ejecutando interfase VDINTERMOVIM
02 12:53:59:942 Empiezo a leer forms vdintermovim.frm
02 12:53:59:947 Termino parse forms vdintermovim.frm
02 12:53:59:947 Ejecutando interfase VDINTERMOVIM
02 12:55:59:967 Empiezo a leer forms vdintermovim.frm
02 12:55:59:970 Termino parse forms vdintermovim.frm
02 12:55:59:970 Ejecutando interfase VDINTERMOVIM
02 12:57:59:990 Empiezo a leer forms vdintermovim.frm
02 12:57:59:992 Termino parse forms vdintermovim.frm
02 12:57:59:992 Ejecutando interfase VDINTERMOVIM
02 13:00:00:004 Empiezo a leer forms vdintermovim.frm
02 13:00:00:004 Termino parse forms vdintermovim.frm
02 13:00:00:004 Ejecutando interfase VDINTERMOVIM
02 13:02:00:015 Empiezo a leer forms vdintermovim.frm
02 13:02:00:015 Termino parse forms vdintermovim.frm
02 13:02:00:015 Ejecutando interfase VDINTERMOVIM
02 13:04:00:034 Empiezo a leer forms vdintermovim.frm
02 13:04:00:039 Termino parse forms vdintermovim.frm
02 13:04:00:039 Ejecutando interfase VDINTERMOVIM
02 13:06:00:052 Empiezo a leer forms vdintermovim.frm
02 13:06:00:052 Termino parse forms vdintermovim.frm
02 13:06:00:052 Ejecutando interfase VDINTERMOVIM
02 13:08:00:065 Empiezo a leer forms vdintermovim.frm
02 13:08:00:065 Termino parse forms vdintermovim.frm
02 13:08:00:065 Ejecutando interfase VDINTERMOVIM
02 13:10:00:080 Empiezo a leer forms vdintermovim.frm
02 13:10:00:080 Termino parse forms vdintermovim.frm
02 13:10:00:080 Ejecutando interfase VDINTERMOVIM
02 13:12:00:102 Empiezo a leer forms vdintermovim.frm
02 13:12:00:102 Termino parse forms vdintermovim.frm
02 13:12:00:102 Ejecutando interfase VDINTERMOVIM
02 13:14:00:130 Empiezo a leer forms vdintermovim.frm
02 13:14:00:130 Termino parse forms vdintermovim.frm
02 13:14:00:130 Ejecutando interfase VDINTERMOVIM
02 13:16:00:145 Empiezo a leer forms vdintermovim.frm
02 13:16:00:145 Termino parse forms vdintermovim.frm
02 13:16:00:145 Ejecutando interfase VDINTERMOVIM
02 13:18:00:169 Empiezo a leer forms vdintermovim.frm
02 13:18:00:169 Termino parse forms vdintermovim.frm
02 13:18:00:169 Ejecutando interfase VDINTERMOVIM
02 13:20:00:190 Empiezo a leer forms vdintermovim.frm
02 13:20:00:192 Termino parse forms vdintermovim.frm
02 13:20:00:192 Ejecutando interfase VDINTERMOVIM
02 13:22:00:222 Empiezo a leer forms vdintermovim.frm
02 13:22:00:222 Termino parse forms vdintermovim.frm
02 13:22:00:222 Ejecutando interfase VDINTERMOVIM
02 13:24:00:239 Empiezo a leer forms vdintermovim.frm
02 13:24:00:239 Termino parse forms vdintermovim.frm
02 13:24:00:239 Ejecutando interfase VDINTERMOVIM
02 13:26:00:252 Empiezo a leer forms vdintermovim.frm
02 13:26:00:254 Termino parse forms vdintermovim.frm
02 13:26:00:254 Ejecutando interfase VDINTERMOVIM
02 13:28:00:279 Empiezo a leer forms vdintermovim.frm
02 13:28:00:279 Termino parse forms vdintermovim.frm
02 13:28:00:279 Ejecutando interfase VDINTERMOVIM
02 13:30:00:305 Empiezo a leer forms vdintermovim.frm
02 13:30:00:305 Termino parse forms vdintermovim.frm
02 13:30:00:305 Ejecutando interfase VDINTERMOVIM
02 13:32:00:329 Empiezo a leer forms vdintermovim.frm
02 13:32:00:335 Termino parse forms vdintermovim.frm
02 13:32:00:335 Ejecutando interfase VDINTERMOVIM
02 13:34:00:365 Empiezo a leer forms vdintermovim.frm
02 13:34:00:370 Termino parse forms vdintermovim.frm
02 13:34:00:370 Ejecutando interfase VDINTERMOVIM
02 13:36:00:377 Empiezo a leer forms vdintermovim.frm
02 13:36:00:380 Termino parse forms vdintermovim.frm
02 13:36:00:380 Ejecutando interfase VDINTERMOVIM
02 13:38:00:389 Empiezo a leer forms vdintermovim.frm
02 13:38:00:392 Termino parse forms vdintermovim.frm
02 13:38:00:392 Ejecutando interfase VDINTERMOVIM
02 13:40:00:404 Empiezo a leer forms vdintermovim.frm
02 13:40:00:410 Termino parse forms vdintermovim.frm
02 13:40:00:410 Ejecutando interfase VDINTERMOVIM
02 13:42:00:434 Empiezo a leer forms vdintermovim.frm
02 13:42:00:440 Termino parse forms vdintermovim.frm
02 13:42:00:440 Ejecutando interfase VDINTERMOVIM
02 13:44:00:455 Empiezo a leer forms vdintermovim.frm
02 13:44:00:457 Termino parse forms vdintermovim.frm
02 13:44:00:457 Ejecutando interfase VDINTERMOVIM
02 13:46:00:474 Empiezo a leer forms vdintermovim.frm
02 13:46:00:480 Termino parse forms vdintermovim.frm
02 13:46:00:480 Ejecutando interfase VDINTERMOVIM
02 13:48:00:497 Empiezo a leer forms vdintermovim.frm
02 13:48:00:502 Termino parse forms vdintermovim.frm
02 13:48:00:502 Ejecutando interfase VDINTERMOVIM
02 13:50:00:517 Empiezo a leer forms vdintermovim.frm
02 13:50:00:522 Termino parse forms vdintermovim.frm
02 13:50:00:522 Ejecutando interfase VDINTERMOVIM
02 13:52:00:539 Empiezo a leer forms vdintermovim.frm
02 13:52:00:542 Termino parse forms vdintermovim.frm
02 13:52:00:542 Ejecutando interfase VDINTERMOVIM
02 13:54:00:562 Empiezo a leer forms vdintermovim.frm
02 13:54:00:565 Termino parse forms vdintermovim.frm
02 13:54:00:567 Ejecutando interfase VDINTERMOVIM
02 13:56:00:574 Empiezo a leer forms vdintermovim.frm
02 13:56:00:577 Termino parse forms vdintermovim.frm
02 13:56:00:577 Ejecutando interfase VDINTERMOVIM
02 13:58:00:595 Empiezo a leer forms vdintermovim.frm
02 13:58:00:600 Termino parse forms vdintermovim.frm
02 13:58:00:600 Ejecutando interfase VDINTERMOVIM
02 14:00:00:622 Empiezo a leer forms vdintermovim.frm
02 14:00:00:627 Termino parse forms vdintermovim.frm
02 14:00:00:627 Ejecutando interfase VDINTERMOVIM
02 14:02:00:642 Empiezo a leer forms vdintermovim.frm
02 14:02:00:649 Termino parse forms vdintermovim.frm
02 14:02:00:649 Ejecutando interfase VDINTERMOVIM
02 14:04:00:660 Empiezo a leer forms vdintermovim.frm
02 14:04:00:665 Termino parse forms vdintermovim.frm
02 14:04:00:665 Ejecutando interfase VDINTERMOVIM
02 14:06:00:684 Empiezo a leer forms vdintermovim.frm
02 14:06:00:689 Termino parse forms vdintermovim.frm
02 14:06:00:689 Ejecutando interfase VDINTERMOVIM
02 14:08:00:697 Empiezo a leer forms vdintermovim.frm
02 14:08:00:702 Termino parse forms vdintermovim.frm
02 14:08:00:702 Ejecutando interfase VDINTERMOVIM
02 14:10:00:724 Empiezo a leer forms vdintermovim.frm
02 14:10:00:729 Termino parse forms vdintermovim.frm
02 14:10:00:729 Ejecutando interfase VDINTERMOVIM
02 14:12:00:737 Empiezo a leer forms vdintermovim.frm
02 14:12:00:744 Termino parse forms vdintermovim.frm
02 14:12:00:744 Ejecutando interfase VDINTERMOVIM
02 14:14:00:767 Empiezo a leer forms vdintermovim.frm
02 14:14:00:774 Termino parse forms vdintermovim.frm
02 14:14:00:774 Ejecutando interfase VDINTERMOVIM
02 14:16:00:790 Empiezo a leer forms vdintermovim.frm
02 14:16:00:795 Termino parse forms vdintermovim.frm
02 14:16:00:795 Ejecutando interfase VDINTERMOVIM
02 14:18:00:812 Empiezo a leer forms vdintermovim.frm
02 14:18:00:820 Termino parse forms vdintermovim.frm
02 14:18:00:820 Ejecutando interfase VDINTERMOVIM
02 14:20:00:840 Empiezo a leer forms vdintermovim.frm
02 14:20:00:844 Termino parse forms vdintermovim.frm
02 14:20:00:844 Ejecutando interfase VDINTERMOVIM
02 14:22:00:855 Empiezo a leer forms vdintermovim.frm
02 14:22:00:860 Termino parse forms vdintermovim.frm
02 14:22:00:860 Ejecutando interfase VDINTERMOVIM
02 14:24:00:867 Empiezo a leer forms vdintermovim.frm
02 14:24:00:870 Termino parse forms vdintermovim.frm
02 14:24:00:870 Ejecutando interfase VDINTERMOVIM
02 14:26:00:887 Empiezo a leer forms vdintermovim.frm
02 14:26:00:892 Termino parse forms vdintermovim.frm
02 14:26:00:892 Ejecutando interfase VDINTERMOVIM
02 14:28:00:907 Empiezo a leer forms vdintermovim.frm
02 14:28:00:912 Termino parse forms vdintermovim.frm
02 14:28:00:914 Ejecutando interfase VDINTERMOVIM
02 14:30:00:930 Empiezo a leer forms vdintermovim.frm
02 14:30:00:935 Termino parse forms vdintermovim.frm
02 14:30:00:937 Ejecutando interfase VDINTERMOVIM
02 14:32:00:955 Empiezo a leer forms vdintermovim.frm
02 14:32:00:960 Termino parse forms vdintermovim.frm
02 14:32:00:960 Ejecutando interfase VDINTERMOVIM
02 14:34:00:974 Empiezo a leer forms vdintermovim.frm
02 14:34:00:977 Termino parse forms vdintermovim.frm
02 14:34:00:977 Ejecutando interfase VDINTERMOVIM
02 14:36:00:997 Empiezo a leer forms vdintermovim.frm
02 14:36:01:002 Termino parse forms vdintermovim.frm
02 14:36:01:002 Ejecutando interfase VDINTERMOVIM
02 14:38:01:010 Empiezo a leer forms vdintermovim.frm
02 14:38:01:015 Termino parse forms vdintermovim.frm
02 14:38:01:015 Ejecutando interfase VDINTERMOVIM
02 15:28:02:785 Empiezo a leer forms vdintermovim.frm
02 15:28:02:787 Termino parse forms vdintermovim.frm
02 15:28:02:787 Ejecutando interfase VDINTERMOVIM
02 15:30:02:800 Empiezo a leer forms vdintermovim.frm
02 15:30:02:802 Termino parse forms vdintermovim.frm
02 15:30:02:802 Ejecutando interfase VDINTERMOVIM
02 15:32:02:812 Empiezo a leer forms vdintermovim.frm
02 15:32:02:817 Termino parse forms vdintermovim.frm
02 15:32:02:817 Ejecutando interfase VDINTERMOVIM
02 15:34:02:827 Empiezo a leer forms vdintermovim.frm
02 15:34:02:830 Termino parse forms vdintermovim.frm
02 15:34:02:830 Ejecutando interfase VDINTERMOVIM
02 15:36:02:845 Empiezo a leer forms vdintermovim.frm
02 15:36:02:850 Termino parse forms vdintermovim.frm
02 15:36:02:850 Ejecutando interfase VDINTERMOVIM
02 15:38:02:864 Empiezo a leer forms vdintermovim.frm
02 15:38:02:865 Termino parse forms vdintermovim.frm
02 15:38:02:867 Ejecutando interfase VDINTERMOVIM
02 15:40:02:877 Empiezo a leer forms vdintermovim.frm
02 15:40:02:882 Termino parse forms vdintermovim.frm
02 15:40:02:884 Ejecutando interfase VDINTERMOVIM
02 15:42:02:895 Empiezo a leer forms vdintermovim.frm
02 15:42:02:900 Termino parse forms vdintermovim.frm
02 15:42:02:900 Ejecutando interfase VDINTERMOVIM
02 15:44:02:917 Empiezo a leer forms vdintermovim.frm
02 15:44:02:922 Termino parse forms vdintermovim.frm
02 15:44:02:922 Ejecutando interfase VDINTERMOVIM
02 15:46:02:945 Empiezo a leer forms vdintermovim.frm
02 15:46:02:950 Termino parse forms vdintermovim.frm
02 15:46:02:950 Ejecutando interfase VDINTERMOVIM
02 15:48:02:965 Empiezo a leer forms vdintermovim.frm
02 15:48:02:970 Termino parse forms vdintermovim.frm
02 15:48:02:970 Ejecutando interfase VDINTERMOVIM
02 15:50:02:990 Empiezo a leer forms vdintermovim.frm
02 15:50:02:995 Termino parse forms vdintermovim.frm
02 15:50:02:995 Ejecutando interfase VDINTERMOVIM
02 15:52:03:004 Empiezo a leer forms vdintermovim.frm
02 15:52:03:009 Termino parse forms vdintermovim.frm
02 15:52:03:009 Ejecutando interfase VDINTERMOVIM
02 15:54:03:024 Empiezo a leer forms vdintermovim.frm
02 15:54:03:030 Termino parse forms vdintermovim.frm
02 15:54:03:030 Ejecutando interfase VDINTERMOVIM
02 15:56:03:045 Empiezo a leer forms vdintermovim.frm
02 15:56:03:050 Termino parse forms vdintermovim.frm
02 15:56:03:050 Ejecutando interfase VDINTERMOVIM
02 15:58:03:070 Empiezo a leer forms vdintermovim.frm
02 15:58:03:075 Termino parse forms vdintermovim.frm
02 15:58:03:075 Ejecutando interfase VDINTERMOVIM
02 16:00:03:092 Empiezo a leer forms vdintermovim.frm
02 16:00:03:100 Termino parse forms vdintermovim.frm
02 16:00:03:100 Ejecutando interfase VDINTERMOVIM
02 16:02:03:122 Empiezo a leer forms vdintermovim.frm
02 16:02:03:125 Termino parse forms vdintermovim.frm
02 16:02:03:125 Ejecutando interfase VDINTERMOVIM
02 16:04:03:132 Empiezo a leer forms vdintermovim.frm
02 16:04:03:134 Termino parse forms vdintermovim.frm
02 16:04:03:134 Ejecutando interfase VDINTERMOVIM
02 16:06:03:145 Empiezo a leer forms vdintermovim.frm
02 16:06:03:149 Termino parse forms vdintermovim.frm
02 16:06:03:149 Ejecutando interfase VDINTERMOVIM
02 16:08:03:172 Empiezo a leer forms vdintermovim.frm
02 16:08:03:177 Termino parse forms vdintermovim.frm
02 16:08:03:177 Ejecutando interfase VDINTERMOVIM
02 16:10:03:189 Empiezo a leer forms vdintermovim.frm
02 16:10:03:195 Termino parse forms vdintermovim.frm
02 16:10:03:195 Ejecutando interfase VDINTERMOVIM
02 16:12:03:205 Empiezo a leer forms vdintermovim.frm
02 16:12:03:209 Termino parse forms vdintermovim.frm
02 16:12:03:209 Ejecutando interfase VDINTERMOVIM
02 16:14:03:225 Empiezo a leer forms vdintermovim.frm
02 16:14:03:229 Termino parse forms vdintermovim.frm
02 16:14:03:229 Ejecutando interfase VDINTERMOVIM
02 16:16:03:247 Empiezo a leer forms vdintermovim.frm
02 16:16:03:250 Termino parse forms vdintermovim.frm
02 16:16:03:250 Ejecutando interfase VDINTERMOVIM
02 16:18:03:272 Empiezo a leer forms vdintermovim.frm
02 16:18:03:277 Termino parse forms vdintermovim.frm
02 16:18:03:279 Ejecutando interfase VDINTERMOVIM
02 16:20:03:297 Empiezo a leer forms vdintermovim.frm
02 16:20:03:300 Termino parse forms vdintermovim.frm
02 16:20:03:300 Ejecutando interfase VDINTERMOVIM
02 16:22:03:317 Empiezo a leer forms vdintermovim.frm
02 16:22:03:322 Termino parse forms vdintermovim.frm
02 16:22:03:322 Ejecutando interfase VDINTERMOVIM
02 16:24:03:342 Empiezo a leer forms vdintermovim.frm
02 16:24:03:347 Termino parse forms vdintermovim.frm
02 16:24:03:347 Ejecutando interfase VDINTERMOVIM
02 16:26:03:362 Empiezo a leer forms vdintermovim.frm
02 16:26:03:367 Termino parse forms vdintermovim.frm
02 16:26:03:367 Ejecutando interfase VDINTERMOVIM
02 16:28:03:390 Empiezo a leer forms vdintermovim.frm
02 16:28:03:394 Termino parse forms vdintermovim.frm
02 16:28:03:394 Ejecutando interfase VDINTERMOVIM
02 16:30:03:407 Empiezo a leer forms vdintermovim.frm
02 16:30:03:414 Termino parse forms vdintermovim.frm
02 16:30:03:414 Ejecutando interfase VDINTERMOVIM
02 16:32:03:422 Empiezo a leer forms vdintermovim.frm
02 16:32:03:425 Termino parse forms vdintermovim.frm
02 16:32:03:425 Ejecutando interfase VDINTERMOVIM
02 16:34:03:442 Empiezo a leer forms vdintermovim.frm
02 16:34:03:445 Termino parse forms vdintermovim.frm
02 16:34:03:445 Ejecutando interfase VDINTERMOVIM
02 16:36:03:462 Empiezo a leer forms vdintermovim.frm
02 16:36:03:465 Termino parse forms vdintermovim.frm
02 16:36:03:467 Ejecutando interfase VDINTERMOVIM
02 16:38:03:485 Empiezo a leer forms vdintermovim.frm
02 16:38:03:490 Termino parse forms vdintermovim.frm
02 16:38:03:490 Ejecutando interfase VDINTERMOVIM
02 16:40:03:512 Empiezo a leer forms vdintermovim.frm
02 16:40:03:517 Termino parse forms vdintermovim.frm
02 16:40:03:517 Ejecutando interfase VDINTERMOVIM
02 16:42:03:530 Empiezo a leer forms vdintermovim.frm
02 16:42:03:535 Termino parse forms vdintermovim.frm
02 16:42:03:537 Ejecutando interfase VDINTERMOVIM
02 16:44:03:550 Empiezo a leer forms vdintermovim.frm
02 16:44:03:555 Termino parse forms vdintermovim.frm
02 16:44:03:555 Ejecutando interfase VDINTERMOVIM
02 16:46:03:574 Empiezo a leer forms vdintermovim.frm
02 16:46:03:577 Termino parse forms vdintermovim.frm
02 16:46:03:577 Ejecutando interfase VDINTERMOVIM
02 16:48:03:592 Empiezo a leer forms vdintermovim.frm
02 16:48:03:595 Termino parse forms vdintermovim.frm
02 16:48:03:595 Ejecutando interfase VDINTERMOVIM
02 16:50:03:609 Empiezo a leer forms vdintermovim.frm
02 16:50:03:614 Termino parse forms vdintermovim.frm
02 16:50:03:614 Ejecutando interfase VDINTERMOVIM
02 16:52:03:630 Empiezo a leer forms vdintermovim.frm
02 16:52:03:637 Termino parse forms vdintermovim.frm
02 16:52:03:637 Ejecutando interfase VDINTERMOVIM
02 16:54:03:655 Empiezo a leer forms vdintermovim.frm
02 16:54:03:659 Termino parse forms vdintermovim.frm
02 16:54:03:660 Ejecutando interfase VDINTERMOVIM
02 16:56:03:670 Empiezo a leer forms vdintermovim.frm
02 16:56:03:677 Termino parse forms vdintermovim.frm
02 16:56:03:677 Ejecutando interfase VDINTERMOVIM
02 16:58:03:697 Empiezo a leer forms vdintermovim.frm
02 16:58:03:700 Termino parse forms vdintermovim.frm
02 16:58:03:702 Ejecutando interfase VDINTERMOVIM
02 17:00:03:725 Empiezo a leer forms vdintermovim.frm
02 17:00:03:730 Termino parse forms vdintermovim.frm
02 17:00:03:730 Ejecutando interfase VDINTERMOVIM
02 17:02:03:747 Empiezo a leer forms vdintermovim.frm
02 17:02:03:754 Termino parse forms vdintermovim.frm
02 17:02:03:754 Ejecutando interfase VDINTERMOVIM
02 17:04:03:772 Empiezo a leer forms vdintermovim.frm
02 17:04:03:777 Termino parse forms vdintermovim.frm
02 17:04:03:777 Ejecutando interfase VDINTERMOVIM
02 17:06:03:795 Empiezo a leer forms vdintermovim.frm
02 17:06:03:799 Termino parse forms vdintermovim.frm
02 17:06:03:799 Ejecutando interfase VDINTERMOVIM
02 17:08:03:819 Empiezo a leer forms vdintermovim.frm
02 17:08:03:824 Termino parse forms vdintermovim.frm
02 17:08:03:824 Ejecutando interfase VDINTERMOVIM
02 17:10:03:832 Empiezo a leer forms vdintermovim.frm
02 17:10:03:835 Termino parse forms vdintermovim.frm
02 17:10:03:835 Ejecutando interfase VDINTERMOVIM
02 17:12:03:844 Empiezo a leer forms vdintermovim.frm
02 17:12:03:844 Termino parse forms vdintermovim.frm
02 17:12:03:844 Ejecutando interfase VDINTERMOVIM
02 17:14:03:865 Empiezo a leer forms vdintermovim.frm
02 17:14:03:865 Termino parse forms vdintermovim.frm
02 17:14:03:865 Ejecutando interfase VDINTERMOVIM
02 17:16:03:889 Empiezo a leer forms vdintermovim.frm
02 17:16:03:889 Termino parse forms vdintermovim.frm
02 17:16:03:889 Ejecutando interfase VDINTERMOVIM
02 17:18:03:912 Empiezo a leer forms vdintermovim.frm
02 17:18:03:912 Termino parse forms vdintermovim.frm
02 17:18:03:912 Ejecutando interfase VDINTERMOVIM
02 17:20:03:935 Empiezo a leer forms vdintermovim.frm
02 17:20:03:939 Termino parse forms vdintermovim.frm
02 17:20:03:939 Ejecutando interfase VDINTERMOVIM
02 17:22:03:950 Empiezo a leer forms vdintermovim.frm
02 17:22:03:950 Termino parse forms vdintermovim.frm
02 17:22:03:950 Ejecutando interfase VDINTERMOVIM
02 17:24:03:970 Empiezo a leer forms vdintermovim.frm
02 17:24:03:970 Termino parse forms vdintermovim.frm
02 17:24:03:970 Ejecutando interfase VDINTERMOVIM
02 17:26:03:997 Empiezo a leer forms vdintermovim.frm
02 17:26:04:000 Termino parse forms vdintermovim.frm
02 17:26:04:000 Ejecutando interfase VDINTERMOVIM
02 17:28:04:017 Empiezo a leer forms vdintermovim.frm
02 17:28:04:020 Termino parse forms vdintermovim.frm
02 17:28:04:020 Ejecutando interfase VDINTERMOVIM
02 17:30:04:030 Empiezo a leer forms vdintermovim.frm
02 17:30:04:035 Termino parse forms vdintermovim.frm
02 17:30:04:035 Ejecutando interfase VDINTERMOVIM
02 17:32:04:044 Empiezo a leer forms vdintermovim.frm
02 17:32:04:047 Termino parse forms vdintermovim.frm
02 17:32:04:047 Ejecutando interfase VDINTERMOVIM
02 17:34:04:059 Empiezo a leer forms vdintermovim.frm
02 17:34:04:059 Termino parse forms vdintermovim.frm
02 17:34:04:059 Ejecutando interfase VDINTERMOVIM
02 17:36:04:075 Empiezo a leer forms vdintermovim.frm
02 17:36:04:075 Termino parse forms vdintermovim.frm
02 17:36:04:075 Ejecutando interfase VDINTERMOVIM
02 17:38:04:095 Empiezo a leer forms vdintermovim.frm
02 17:38:04:095 Termino parse forms vdintermovim.frm
02 17:38:04:095 Ejecutando interfase VDINTERMOVIM
02 17:40:04:107 Empiezo a leer forms vdintermovim.frm
02 17:40:04:107 Termino parse forms vdintermovim.frm
02 17:40:04:107 Ejecutando interfase VDINTERMOVIM
02 17:42:04:122 Empiezo a leer forms vdintermovim.frm
02 17:42:04:124 Termino parse forms vdintermovim.frm
02 17:42:04:124 Ejecutando interfase VDINTERMOVIM
02 17:44:04:154 Empiezo a leer forms vdintermovim.frm
02 17:44:04:155 Termino parse forms vdintermovim.frm
02 17:44:04:155 Ejecutando interfase VDINTERMOVIM
02 17:46:04:179 Empiezo a leer forms vdintermovim.frm
02 17:46:04:182 Termino parse forms vdintermovim.frm
02 17:46:04:182 Ejecutando interfase VDINTERMOVIM
02 17:48:04:207 Empiezo a leer forms vdintermovim.frm
02 17:48:04:212 Termino parse forms vdintermovim.frm
02 17:48:04:212 Ejecutando interfase VDINTERMOVIM
02 17:50:04:229 Empiezo a leer forms vdintermovim.frm
02 17:50:04:232 Termino parse forms vdintermovim.frm
02 17:50:04:232 Ejecutando interfase VDINTERMOVIM
02 17:52:04:244 Empiezo a leer forms vdintermovim.frm
02 17:52:04:247 Termino parse forms vdintermovim.frm
02 17:52:04:249 Ejecutando interfase VDINTERMOVIM

00 17:53:19:365 Fichero de log cerrado.

00 17:53:20:544 Fichero de log abierto PID 2980

02 17:53:20:547 Intentando abrir fichero v10.ini
02 17:53:20:727 Cargando driver v10oracle funcion damedriveroracle
02 17:53:22:210 Conectado a base de datos
02 17:53:22:217 Proceso ENVIOMOVIM encontrado en tabla VDPROCESOS
02 17:53:23:072 Proceso ENVIOMOVIM cargado con función interfasesalida (Librería VDINTERFASES.DLL) direccion 05BECC80
02 17:53:23:080 PLSQL: INICIALIZADO PAQUETE DE LOG EL DIA 21-03-2022
02 17:53:23:147 Actualizado SID 750 SERIAL 26671 del proceso con PID 2980
00 17:53:23:167 Error al abrir fichero VDST.H
02 17:53:23:170 Empiezo a leer forms vdintermovim.frm
02 17:53:23:220 Termino parse forms vdintermovim.frm
02 17:53:23:220 Ejecutando interfase VDINTERMOVIM

00 17:53:25:014 Fichero de log cerrado.

