00 09:09:35:401 Fichero de log abierto PID 2256

02 09:09:35:402 Intentando abrir fichero v10.ini
02 09:09:35:408 Cargando driver v10oracle funcion damedriveroracle
02 09:09:36:217 Conectado a base de datos
02 09:09:36:221 Proceso ENVIOREDUR encontrado en tabla VDPROCESOS
02 09:09:36:227 Proceso ENVIOREDUR cargado con función interfasesalida (Librería VDINTERFASES.DLL) direccion 06E3CC80
02 09:09:36:230 PLSQL: INICIALIZADO PAQUETE DE LOG EL DIA 05-04-2022
02 09:09:36:238 Actualizado SID 750 SERIAL 5394 del proceso con PID 2256
00 09:09:36:245 Error al abrir fichero VDST.H
02 09:09:36:255 Empiezo a leer forms vdinterageredur.frm
02 09:09:36:296 Termino parse forms vdinterageredur.frm
02 09:09:36:296 Ejecutando interfase VDINTERAGEREDUR
02 09:11:36:306 Empiezo a leer forms vdinterageredur.frm
02 09:11:36:312 Termino parse forms vdinterageredur.frm
02 09:11:36:312 Ejecutando interfase VDINTERAGEREDUR
02 09:13:36:321 Empiezo a leer forms vdinterageredur.frm
02 09:13:36:327 Termino parse forms vdinterageredur.frm
02 09:13:36:328 Ejecutando interfase VDINTERAGEREDUR
02 09:15:36:342 Empiezo a leer forms vdinterageredur.frm
02 09:15:36:353 Termino parse forms vdinterageredur.frm
02 09:15:36:355 Ejecutando interfase VDINTERAGEREDUR
02 09:17:36:370 Empiezo a leer forms vdinterageredur.frm
02 09:17:36:383 Termino parse forms vdinterageredur.frm
02 09:17:36:383 Ejecutando interfase VDINTERAGEREDUR
02 09:19:36:401 Empiezo a leer forms vdinterageredur.frm
02 09:19:36:415 Termino parse forms vdinterageredur.frm
02 09:19:36:416 Ejecutando interfase VDINTERAGEREDUR
02 09:21:36:433 Empiezo a leer forms vdinterageredur.frm
02 09:21:36:442 Termino parse forms vdinterageredur.frm
02 09:21:36:442 Ejecutando interfase VDINTERAGEREDUR
02 09:23:36:452 Empiezo a leer forms vdinterageredur.frm
02 09:23:36:466 Termino parse forms vdinterageredur.frm
02 09:23:36:466 Ejecutando interfase VDINTERAGEREDUR
02 09:25:36:487 Empiezo a leer forms vdinterageredur.frm
02 09:25:36:497 Termino parse forms vdinterageredur.frm
02 09:25:36:498 Ejecutando interfase VDINTERAGEREDUR
02 09:27:36:517 Empiezo a leer forms vdinterageredur.frm
02 09:27:36:528 Termino parse forms vdinterageredur.frm
02 09:27:36:528 Ejecutando interfase VDINTERAGEREDUR
02 09:29:36:543 Empiezo a leer forms vdinterageredur.frm
02 09:29:36:557 Termino parse forms vdinterageredur.frm
02 09:29:36:557 Ejecutando interfase VDINTERAGEREDUR
02 09:31:36:580 Empiezo a leer forms vdinterageredur.frm
02 09:31:36:590 Termino parse forms vdinterageredur.frm
02 09:31:36:590 Ejecutando interfase VDINTERAGEREDUR
02 09:33:36:612 Empiezo a leer forms vdinterageredur.frm
02 09:33:36:623 Termino parse forms vdinterageredur.frm
02 09:33:36:623 Ejecutando interfase VDINTERAGEREDUR
02 09:35:36:640 Empiezo a leer forms vdinterageredur.frm
02 09:35:36:655 Termino parse forms vdinterageredur.frm
02 09:35:36:655 Ejecutando interfase VDINTERAGEREDUR
02 09:37:36:678 Empiezo a leer forms vdinterageredur.frm
02 09:37:36:687 Termino parse forms vdinterageredur.frm
02 09:37:36:687 Ejecutando interfase VDINTERAGEREDUR
02 09:39:36:697 Empiezo a leer forms vdinterageredur.frm
02 09:39:36:712 Termino parse forms vdinterageredur.frm
02 09:39:36:713 Ejecutando interfase VDINTERAGEREDUR
02 09:41:36:740 Empiezo a leer forms vdinterageredur.frm
02 09:41:36:752 Termino parse forms vdinterageredur.frm
02 09:41:36:752 Ejecutando interfase VDINTERAGEREDUR
02 09:43:36:771 Empiezo a leer forms vdinterageredur.frm
02 09:43:36:780 Termino parse forms vdinterageredur.frm
02 09:43:36:780 Ejecutando interfase VDINTERAGEREDUR
02 09:45:36:788 Empiezo a leer forms vdinterageredur.frm
02 09:45:36:800 Termino parse forms vdinterageredur.frm
02 09:45:36:800 Ejecutando interfase VDINTERAGEREDUR
02 09:47:36:821 Empiezo a leer forms vdinterageredur.frm
02 09:47:36:833 Termino parse forms vdinterageredur.frm
02 09:47:36:833 Ejecutando interfase VDINTERAGEREDUR
02 09:49:36:857 Empiezo a leer forms vdinterageredur.frm
02 09:49:36:870 Termino parse forms vdinterageredur.frm
02 09:49:36:870 Ejecutando interfase VDINTERAGEREDUR
02 09:51:36:881 Empiezo a leer forms vdinterageredur.frm
02 09:51:36:892 Termino parse forms vdinterageredur.frm
02 09:51:36:892 Ejecutando interfase VDINTERAGEREDUR
02 09:53:36:916 Empiezo a leer forms vdinterageredur.frm
02 09:53:36:928 Termino parse forms vdinterageredur.frm
02 09:53:36:928 Ejecutando interfase VDINTERAGEREDUR
02 09:55:36:947 Empiezo a leer forms vdinterageredur.frm
02 09:55:36:957 Termino parse forms vdinterageredur.frm
02 09:55:36:957 Ejecutando interfase VDINTERAGEREDUR

00 09:57:03:190 Fichero de log cerrado.

00 09:57:16:493 Fichero de log abierto PID 16220

02 09:57:16:507 Intentando abrir fichero v10.ini
02 09:57:16:526 Cargando driver v10oracle funcion damedriveroracle
02 09:57:17:168 Conectado a base de datos
02 09:57:17:172 Proceso ENVIOREDUR encontrado en tabla VDPROCESOS
02 09:57:17:177 Proceso ENVIOREDUR cargado con función interfasesalida (Librería VDINTERFASES.DLL) direccion 0637CC80
02 09:57:17:180 PLSQL: INICIALIZADO PAQUETE DE LOG EL DIA 05-04-2022
02 09:57:17:191 Actualizado SID 129 SERIAL 46732 del proceso con PID 16220
00 09:57:17:196 Error al abrir fichero VDST.H
02 09:57:17:197 Empiezo a leer forms vdinterageredur.frm
02 09:57:17:238 Termino parse forms vdinterageredur.frm
02 09:57:17:238 Ejecutando interfase VDINTERAGEREDUR
02 09:59:17:258 Empiezo a leer forms vdinterageredur.frm
02 09:59:17:278 Termino parse forms vdinterageredur.frm
02 09:59:17:280 Ejecutando interfase VDINTERAGEREDUR
02 10:01:17:292 Empiezo a leer forms vdinterageredur.frm
02 10:01:17:302 Termino parse forms vdinterageredur.frm
02 10:01:17:302 Ejecutando interfase VDINTERAGEREDUR

00 10:01:40:407 Fichero de log cerrado.

00 10:03:38:672 Fichero de log abierto PID 7532

02 10:03:38:677 Intentando abrir fichero v10.ini
02 10:03:38:682 Cargando driver v10oracle funcion damedriveroracle
02 10:03:39:450 Conectado a base de datos
02 10:03:39:452 Proceso ENVIOREDUR encontrado en tabla VDPROCESOS
02 10:03:39:458 Proceso ENVIOREDUR cargado con función interfasesalida (Librería VDINTERFASES.DLL) direccion 062CCC80
02 10:03:39:460 PLSQL: INICIALIZADO PAQUETE DE LOG EL DIA 05-04-2022
02 10:03:39:472 Actualizado SID 135 SERIAL 13410 del proceso con PID 7532
00 10:03:39:477 Error al abrir fichero VDST.H
02 10:03:39:487 Empiezo a leer forms vdinterageredur.frm
02 10:03:39:527 Termino parse forms vdinterageredur.frm
02 10:03:39:527 Ejecutando interfase VDINTERAGEREDUR
02 10:05:39:581 Empiezo a leer forms vdinterageredur.frm
02 10:05:39:587 Termino parse forms vdinterageredur.frm
02 10:05:39:587 Ejecutando interfase VDINTERAGEREDUR
02 10:07:39:596 Empiezo a leer forms vdinterageredur.frm
02 10:07:39:596 Termino parse forms vdinterageredur.frm
02 10:07:39:596 Ejecutando interfase VDINTERAGEREDUR
02 10:09:39:617 Empiezo a leer forms vdinterageredur.frm
02 10:09:39:622 Termino parse forms vdinterageredur.frm
02 10:09:39:622 Ejecutando interfase VDINTERAGEREDUR
02 10:11:39:638 Empiezo a leer forms vdinterageredur.frm
02 10:11:39:646 Termino parse forms vdinterageredur.frm
02 10:11:39:647 Ejecutando interfase VDINTERAGEREDUR
02 10:13:39:668 Empiezo a leer forms vdinterageredur.frm
02 10:13:39:680 Termino parse forms vdinterageredur.frm
02 10:13:39:680 Ejecutando interfase VDINTERAGEREDUR
02 10:15:39:698 Empiezo a leer forms vdinterageredur.frm
02 10:15:39:707 Termino parse forms vdinterageredur.frm
02 10:15:39:708 Ejecutando interfase VDINTERAGEREDUR
02 10:17:39:721 Empiezo a leer forms vdinterageredur.frm
02 10:17:39:731 Termino parse forms vdinterageredur.frm
02 10:17:39:732 Ejecutando interfase VDINTERAGEREDUR
02 10:19:39:750 Empiezo a leer forms vdinterageredur.frm
02 10:19:39:757 Termino parse forms vdinterageredur.frm
02 10:19:39:757 Ejecutando interfase VDINTERAGEREDUR
02 10:21:39:780 Empiezo a leer forms vdinterageredur.frm
02 10:21:39:787 Termino parse forms vdinterageredur.frm
02 10:21:39:787 Ejecutando interfase VDINTERAGEREDUR
02 10:23:39:806 Empiezo a leer forms vdinterageredur.frm
02 10:23:39:812 Termino parse forms vdinterageredur.frm
02 10:23:39:812 Ejecutando interfase VDINTERAGEREDUR
02 10:25:39:820 Empiezo a leer forms vdinterageredur.frm
02 10:25:39:830 Termino parse forms vdinterageredur.frm
02 10:25:39:830 Ejecutando interfase VDINTERAGEREDUR
02 10:27:39:842 Empiezo a leer forms vdinterageredur.frm
02 10:27:39:848 Termino parse forms vdinterageredur.frm
02 10:27:39:848 Ejecutando interfase VDINTERAGEREDUR
02 10:29:39:870 Empiezo a leer forms vdinterageredur.frm
02 10:29:39:877 Termino parse forms vdinterageredur.frm
02 10:29:39:878 Ejecutando interfase VDINTERAGEREDUR
02 10:31:39:893 Empiezo a leer forms vdinterageredur.frm
02 10:31:39:905 Termino parse forms vdinterageredur.frm
02 10:31:39:905 Ejecutando interfase VDINTERAGEREDUR
02 10:33:39:922 Empiezo a leer forms vdinterageredur.frm
02 10:33:39:936 Termino parse forms vdinterageredur.frm
02 10:33:39:936 Ejecutando interfase VDINTERAGEREDUR
02 10:35:39:947 Empiezo a leer forms vdinterageredur.frm
02 10:35:39:961 Termino parse forms vdinterageredur.frm
02 10:35:39:961 Ejecutando interfase VDINTERAGEREDUR
02 10:37:39:972 Empiezo a leer forms vdinterageredur.frm
02 10:37:39:981 Termino parse forms vdinterageredur.frm
02 10:37:39:981 Ejecutando interfase VDINTERAGEREDUR
02 10:39:39:997 Empiezo a leer forms vdinterageredur.frm
02 10:39:40:011 Termino parse forms vdinterageredur.frm
02 10:39:40:011 Ejecutando interfase VDINTERAGEREDUR
02 10:41:40:022 Empiezo a leer forms vdinterageredur.frm
02 10:41:40:028 Termino parse forms vdinterageredur.frm
02 10:41:40:030 Ejecutando interfase VDINTERAGEREDUR
02 10:43:40:051 Empiezo a leer forms vdinterageredur.frm
02 10:43:40:067 Termino parse forms vdinterageredur.frm
02 10:43:40:067 Ejecutando interfase VDINTERAGEREDUR
02 10:45:40:087 Empiezo a leer forms vdinterageredur.frm
02 10:45:40:097 Termino parse forms vdinterageredur.frm
02 10:45:40:097 Ejecutando interfase VDINTERAGEREDUR
02 10:47:40:118 Empiezo a leer forms vdinterageredur.frm
02 10:47:40:128 Termino parse forms vdinterageredur.frm
02 10:47:40:128 Ejecutando interfase VDINTERAGEREDUR
02 10:49:40:147 Empiezo a leer forms vdinterageredur.frm
02 10:49:40:161 Termino parse forms vdinterageredur.frm
02 10:49:40:161 Ejecutando interfase VDINTERAGEREDUR
02 10:51:40:173 Empiezo a leer forms vdinterageredur.frm
02 10:51:40:183 Termino parse forms vdinterageredur.frm
02 10:51:40:185 Ejecutando interfase VDINTERAGEREDUR
02 10:53:40:193 Empiezo a leer forms vdinterageredur.frm
02 10:53:40:201 Termino parse forms vdinterageredur.frm
02 10:53:40:201 Ejecutando interfase VDINTERAGEREDUR
02 10:55:40:213 Empiezo a leer forms vdinterageredur.frm
02 10:55:40:218 Termino parse forms vdinterageredur.frm
02 10:55:40:218 Ejecutando interfase VDINTERAGEREDUR
02 10:57:40:231 Empiezo a leer forms vdinterageredur.frm
02 10:57:40:242 Termino parse forms vdinterageredur.frm
02 10:57:40:242 Ejecutando interfase VDINTERAGEREDUR
02 10:59:40:265 Empiezo a leer forms vdinterageredur.frm
02 10:59:40:272 Termino parse forms vdinterageredur.frm
02 10:59:40:272 Ejecutando interfase VDINTERAGEREDUR
02 11:01:40:291 Empiezo a leer forms vdinterageredur.frm
02 11:01:40:302 Termino parse forms vdinterageredur.frm
02 11:01:40:302 Ejecutando interfase VDINTERAGEREDUR
02 11:03:40:320 Empiezo a leer forms vdinterageredur.frm
02 11:03:40:327 Termino parse forms vdinterageredur.frm
02 11:03:40:327 Ejecutando interfase VDINTERAGEREDUR
02 11:05:40:345 Empiezo a leer forms vdinterageredur.frm
02 11:05:40:355 Termino parse forms vdinterageredur.frm
02 11:05:40:355 Ejecutando interfase VDINTERAGEREDUR
02 11:32:04:857 Empiezo a leer forms vdinterageredur.frm
02 11:32:04:882 Termino parse forms vdinterageredur.frm
02 11:32:04:887 Ejecutando interfase VDINTERAGEREDUR
02 11:34:04:920 Empiezo a leer forms vdinterageredur.frm
02 11:34:04:927 Termino parse forms vdinterageredur.frm
02 11:34:04:927 Ejecutando interfase VDINTERAGEREDUR
02 11:36:04:950 Empiezo a leer forms vdinterageredur.frm
02 11:36:04:967 Termino parse forms vdinterageredur.frm
02 11:36:04:967 Ejecutando interfase VDINTERAGEREDUR
02 11:38:04:977 Empiezo a leer forms vdinterageredur.frm
02 11:38:04:995 Termino parse forms vdinterageredur.frm
02 11:38:04:996 Ejecutando interfase VDINTERAGEREDUR
02 11:40:05:019 Empiezo a leer forms vdinterageredur.frm
02 11:40:05:025 Termino parse forms vdinterageredur.frm
02 11:40:05:025 Ejecutando interfase VDINTERAGEREDUR
02 11:42:05:037 Empiezo a leer forms vdinterageredur.frm
02 11:42:05:050 Termino parse forms vdinterageredur.frm
02 11:42:05:050 Ejecutando interfase VDINTERAGEREDUR
02 11:44:05:070 Empiezo a leer forms vdinterageredur.frm
02 11:44:05:079 Termino parse forms vdinterageredur.frm
02 11:44:05:079 Ejecutando interfase VDINTERAGEREDUR
02 11:46:05:097 Empiezo a leer forms vdinterageredur.frm
02 11:46:05:112 Termino parse forms vdinterageredur.frm
02 11:46:05:112 Ejecutando interfase VDINTERAGEREDUR
02 11:48:05:125 Empiezo a leer forms vdinterageredur.frm
02 11:48:05:137 Termino parse forms vdinterageredur.frm
02 11:48:05:139 Ejecutando interfase VDINTERAGEREDUR
02 11:50:05:160 Empiezo a leer forms vdinterageredur.frm
02 11:50:05:175 Termino parse forms vdinterageredur.frm
02 11:50:05:175 Ejecutando interfase VDINTERAGEREDUR
02 11:52:05:190 Empiezo a leer forms vdinterageredur.frm
02 11:52:05:197 Termino parse forms vdinterageredur.frm
02 11:52:05:197 Ejecutando interfase VDINTERAGEREDUR
02 11:54:05:210 Empiezo a leer forms vdinterageredur.frm
02 11:54:05:220 Termino parse forms vdinterageredur.frm
02 11:54:05:220 Ejecutando interfase VDINTERAGEREDUR
02 11:56:05:232 Empiezo a leer forms vdinterageredur.frm
02 11:56:05:240 Termino parse forms vdinterageredur.frm
02 11:56:05:240 Ejecutando interfase VDINTERAGEREDUR
02 11:58:05:257 Empiezo a leer forms vdinterageredur.frm
02 11:58:05:267 Termino parse forms vdinterageredur.frm
02 11:58:05:267 Ejecutando interfase VDINTERAGEREDUR
02 12:00:05:275 Empiezo a leer forms vdinterageredur.frm
02 12:00:05:287 Termino parse forms vdinterageredur.frm
02 12:00:05:287 Ejecutando interfase VDINTERAGEREDUR
02 12:02:05:300 Empiezo a leer forms vdinterageredur.frm
02 12:02:05:315 Termino parse forms vdinterageredur.frm
02 12:02:05:315 Ejecutando interfase VDINTERAGEREDUR
02 12:04:05:340 Empiezo a leer forms vdinterageredur.frm
02 12:04:05:349 Termino parse forms vdinterageredur.frm
02 12:04:05:349 Ejecutando interfase VDINTERAGEREDUR
02 12:06:05:370 Empiezo a leer forms vdinterageredur.frm
02 12:06:05:379 Termino parse forms vdinterageredur.frm
02 12:06:05:379 Ejecutando interfase VDINTERAGEREDUR
02 12:08:05:395 Empiezo a leer forms vdinterageredur.frm
02 12:08:05:407 Termino parse forms vdinterageredur.frm
02 12:08:05:409 Ejecutando interfase VDINTERAGEREDUR
02 12:10:05:419 Empiezo a leer forms vdinterageredur.frm
02 12:10:05:434 Termino parse forms vdinterageredur.frm
02 12:10:05:435 Ejecutando interfase VDINTERAGEREDUR
02 12:12:05:455 Empiezo a leer forms vdinterageredur.frm
02 12:12:05:465 Termino parse forms vdinterageredur.frm
02 12:12:05:465 Ejecutando interfase VDINTERAGEREDUR
02 12:14:05:485 Empiezo a leer forms vdinterageredur.frm
02 12:14:05:497 Termino parse forms vdinterageredur.frm
02 12:14:05:497 Ejecutando interfase VDINTERAGEREDUR
02 12:16:05:525 Empiezo a leer forms vdinterageredur.frm
02 12:16:05:532 Termino parse forms vdinterageredur.frm
02 12:16:05:534 Ejecutando interfase VDINTERAGEREDUR
02 12:18:05:545 Empiezo a leer forms vdinterageredur.frm
02 12:18:05:557 Termino parse forms vdinterageredur.frm
02 12:18:05:557 Ejecutando interfase VDINTERAGEREDUR
02 12:20:05:579 Empiezo a leer forms vdinterageredur.frm
02 12:20:05:597 Termino parse forms vdinterageredur.frm
02 12:20:05:597 Ejecutando interfase VDINTERAGEREDUR
02 12:22:05:622 Empiezo a leer forms vdinterageredur.frm
02 12:22:05:637 Termino parse forms vdinterageredur.frm
02 12:22:05:637 Ejecutando interfase VDINTERAGEREDUR
02 12:24:05:657 Empiezo a leer forms vdinterageredur.frm
02 12:24:05:674 Termino parse forms vdinterageredur.frm
02 12:24:05:675 Ejecutando interfase VDINTERAGEREDUR
02 12:26:05:699 Empiezo a leer forms vdinterageredur.frm
02 12:26:05:710 Termino parse forms vdinterageredur.frm
02 12:26:05:720 Ejecutando interfase VDINTERAGEREDUR
02 12:28:05:732 Empiezo a leer forms vdinterageredur.frm
02 12:28:05:740 Termino parse forms vdinterageredur.frm
02 12:28:05:740 Ejecutando interfase VDINTERAGEREDUR
02 12:30:05:762 Empiezo a leer forms vdinterageredur.frm
02 12:30:05:769 Termino parse forms vdinterageredur.frm
02 12:30:05:770 Ejecutando interfase VDINTERAGEREDUR
02 12:32:05:784 Empiezo a leer forms vdinterageredur.frm
02 12:32:05:795 Termino parse forms vdinterageredur.frm
02 12:32:05:795 Ejecutando interfase VDINTERAGEREDUR
02 12:34:05:807 Empiezo a leer forms vdinterageredur.frm
02 12:34:05:822 Termino parse forms vdinterageredur.frm
02 12:34:05:822 Ejecutando interfase VDINTERAGEREDUR
02 12:36:05:842 Empiezo a leer forms vdinterageredur.frm
02 12:36:05:852 Termino parse forms vdinterageredur.frm
02 12:36:05:854 Ejecutando interfase VDINTERAGEREDUR
02 12:38:05:875 Empiezo a leer forms vdinterageredur.frm
02 12:38:05:885 Termino parse forms vdinterageredur.frm
02 12:38:05:885 Ejecutando interfase VDINTERAGEREDUR
02 12:40:05:900 Empiezo a leer forms vdinterageredur.frm
02 12:40:05:910 Termino parse forms vdinterageredur.frm
02 12:40:05:912 Ejecutando interfase VDINTERAGEREDUR
02 12:42:05:929 Empiezo a leer forms vdinterageredur.frm
02 12:42:05:942 Termino parse forms vdinterageredur.frm
02 12:42:05:942 Ejecutando interfase VDINTERAGEREDUR
02 12:44:05:957 Empiezo a leer forms vdinterageredur.frm
02 12:44:05:970 Termino parse forms vdinterageredur.frm
02 12:44:05:970 Ejecutando interfase VDINTERAGEREDUR
02 12:46:05:989 Empiezo a leer forms vdinterageredur.frm
02 12:46:05:997 Termino parse forms vdinterageredur.frm
02 12:46:05:997 Ejecutando interfase VDINTERAGEREDUR
02 12:48:06:014 Empiezo a leer forms vdinterageredur.frm
02 12:48:06:022 Termino parse forms vdinterageredur.frm
02 12:48:06:022 Ejecutando interfase VDINTERAGEREDUR
02 12:50:06:045 Empiezo a leer forms vdinterageredur.frm
02 12:50:06:062 Termino parse forms vdinterageredur.frm
02 12:50:06:064 Ejecutando interfase VDINTERAGEREDUR
02 12:52:06:085 Empiezo a leer forms vdinterageredur.frm
02 12:52:06:099 Termino parse forms vdinterageredur.frm
02 12:52:06:099 Ejecutando interfase VDINTERAGEREDUR
02 12:54:06:122 Empiezo a leer forms vdinterageredur.frm
02 12:54:06:135 Termino parse forms vdinterageredur.frm
02 12:54:06:135 Ejecutando interfase VDINTERAGEREDUR
02 12:56:06:154 Empiezo a leer forms vdinterageredur.frm
02 12:56:06:162 Termino parse forms vdinterageredur.frm
02 12:56:06:162 Ejecutando interfase VDINTERAGEREDUR
02 12:58:06:182 Empiezo a leer forms vdinterageredur.frm
02 12:58:06:195 Termino parse forms vdinterageredur.frm
02 12:58:06:195 Ejecutando interfase VDINTERAGEREDUR
02 13:00:06:219 Empiezo a leer forms vdinterageredur.frm
02 13:00:06:227 Termino parse forms vdinterageredur.frm
02 13:00:06:227 Ejecutando interfase VDINTERAGEREDUR
02 13:02:06:244 Empiezo a leer forms vdinterageredur.frm
02 13:02:06:259 Termino parse forms vdinterageredur.frm
02 13:02:06:260 Ejecutando interfase VDINTERAGEREDUR
02 13:04:06:284 Empiezo a leer forms vdinterageredur.frm
02 13:04:06:299 Termino parse forms vdinterageredur.frm
02 13:04:06:299 Ejecutando interfase VDINTERAGEREDUR
02 13:06:06:320 Empiezo a leer forms vdinterageredur.frm
02 13:06:06:339 Termino parse forms vdinterageredur.frm
02 13:06:06:339 Ejecutando interfase VDINTERAGEREDUR
02 13:08:06:345 Empiezo a leer forms vdinterageredur.frm
02 13:08:06:350 Termino parse forms vdinterageredur.frm
02 13:08:06:350 Ejecutando interfase VDINTERAGEREDUR
02 13:10:06:362 Empiezo a leer forms vdinterageredur.frm
02 13:10:06:382 Termino parse forms vdinterageredur.frm
02 13:10:06:382 Ejecutando interfase VDINTERAGEREDUR
02 13:12:06:395 Empiezo a leer forms vdinterageredur.frm
02 13:12:06:415 Termino parse forms vdinterageredur.frm
02 13:12:06:415 Ejecutando interfase VDINTERAGEREDUR
02 13:14:06:432 Empiezo a leer forms vdinterageredur.frm
02 13:14:06:440 Termino parse forms vdinterageredur.frm
02 13:14:06:440 Ejecutando interfase VDINTERAGEREDUR
02 13:16:06:447 Empiezo a leer forms vdinterageredur.frm
02 13:16:06:452 Termino parse forms vdinterageredur.frm
02 13:16:06:452 Ejecutando interfase VDINTERAGEREDUR
02 13:18:06:460 Empiezo a leer forms vdinterageredur.frm
02 13:18:06:480 Termino parse forms vdinterageredur.frm
02 13:18:06:480 Ejecutando interfase VDINTERAGEREDUR
02 13:20:06:500 Empiezo a leer forms vdinterageredur.frm
02 13:20:06:520 Termino parse forms vdinterageredur.frm
02 13:20:06:520 Ejecutando interfase VDINTERAGEREDUR
02 13:22:06:542 Empiezo a leer forms vdinterageredur.frm
02 13:22:06:560 Termino parse forms vdinterageredur.frm
02 13:22:06:560 Ejecutando interfase VDINTERAGEREDUR
02 13:24:06:587 Empiezo a leer forms vdinterageredur.frm
02 13:24:06:605 Termino parse forms vdinterageredur.frm
02 13:24:06:605 Ejecutando interfase VDINTERAGEREDUR
02 13:26:06:629 Empiezo a leer forms vdinterageredur.frm
02 13:26:06:637 Termino parse forms vdinterageredur.frm
02 13:26:06:637 Ejecutando interfase VDINTERAGEREDUR
02 13:28:06:647 Empiezo a leer forms vdinterageredur.frm
02 13:28:06:654 Termino parse forms vdinterageredur.frm
02 13:28:06:654 Ejecutando interfase VDINTERAGEREDUR
02 13:30:06:662 Empiezo a leer forms vdinterageredur.frm
02 13:30:06:672 Termino parse forms vdinterageredur.frm
02 13:30:06:672 Ejecutando interfase VDINTERAGEREDUR
02 13:32:06:684 Empiezo a leer forms vdinterageredur.frm
02 13:32:06:692 Termino parse forms vdinterageredur.frm
02 13:32:06:692 Ejecutando interfase VDINTERAGEREDUR
02 13:34:06:712 Empiezo a leer forms vdinterageredur.frm
02 13:34:06:717 Termino parse forms vdinterageredur.frm
02 13:34:06:717 Ejecutando interfase VDINTERAGEREDUR
02 13:36:06:732 Empiezo a leer forms vdinterageredur.frm
02 13:36:06:745 Termino parse forms vdinterageredur.frm
02 13:36:06:745 Ejecutando interfase VDINTERAGEREDUR
02 13:38:06:755 Empiezo a leer forms vdinterageredur.frm
02 13:38:06:767 Termino parse forms vdinterageredur.frm
02 13:38:06:769 Ejecutando interfase VDINTERAGEREDUR
02 13:40:06:785 Empiezo a leer forms vdinterageredur.frm
02 13:40:06:792 Termino parse forms vdinterageredur.frm
02 13:40:06:792 Ejecutando interfase VDINTERAGEREDUR
02 13:42:06:802 Empiezo a leer forms vdinterageredur.frm
02 13:42:06:810 Termino parse forms vdinterageredur.frm
02 13:42:06:810 Ejecutando interfase VDINTERAGEREDUR
02 13:44:06:827 Empiezo a leer forms vdinterageredur.frm
02 13:44:06:835 Termino parse forms vdinterageredur.frm
02 13:44:06:837 Ejecutando interfase VDINTERAGEREDUR
02 13:46:06:847 Empiezo a leer forms vdinterageredur.frm
02 13:46:06:852 Termino parse forms vdinterageredur.frm
02 13:46:06:854 Ejecutando interfase VDINTERAGEREDUR
02 13:48:06:860 Empiezo a leer forms vdinterageredur.frm
02 13:48:06:870 Termino parse forms vdinterageredur.frm
02 13:48:06:870 Ejecutando interfase VDINTERAGEREDUR
02 13:50:06:887 Empiezo a leer forms vdinterageredur.frm
02 13:50:06:897 Termino parse forms vdinterageredur.frm
02 13:50:06:897 Ejecutando interfase VDINTERAGEREDUR
02 13:52:06:912 Empiezo a leer forms vdinterageredur.frm
02 13:52:06:925 Termino parse forms vdinterageredur.frm
02 13:52:06:925 Ejecutando interfase VDINTERAGEREDUR
02 13:54:06:942 Empiezo a leer forms vdinterageredur.frm
02 13:54:06:952 Termino parse forms vdinterageredur.frm
02 13:54:06:952 Ejecutando interfase VDINTERAGEREDUR
02 13:56:06:965 Empiezo a leer forms vdinterageredur.frm
02 13:56:06:980 Termino parse forms vdinterageredur.frm
02 13:56:06:980 Ejecutando interfase VDINTERAGEREDUR
02 13:58:06:992 Empiezo a leer forms vdinterageredur.frm
02 13:58:07:004 Termino parse forms vdinterageredur.frm
02 13:58:07:004 Ejecutando interfase VDINTERAGEREDUR
02 14:00:07:024 Empiezo a leer forms vdinterageredur.frm
02 14:00:07:032 Termino parse forms vdinterageredur.frm
02 14:00:07:032 Ejecutando interfase VDINTERAGEREDUR
02 14:02:07:050 Empiezo a leer forms vdinterageredur.frm
02 14:02:07:057 Termino parse forms vdinterageredur.frm
02 14:02:07:057 Ejecutando interfase VDINTERAGEREDUR
02 14:04:07:067 Empiezo a leer forms vdinterageredur.frm
02 14:04:07:075 Termino parse forms vdinterageredur.frm
02 14:04:07:075 Ejecutando interfase VDINTERAGEREDUR
02 14:06:07:090 Empiezo a leer forms vdinterageredur.frm
02 14:06:07:104 Termino parse forms vdinterageredur.frm
02 14:06:07:104 Ejecutando interfase VDINTERAGEREDUR
02 14:08:07:119 Empiezo a leer forms vdinterageredur.frm
02 14:08:07:134 Termino parse forms vdinterageredur.frm
02 14:08:07:134 Ejecutando interfase VDINTERAGEREDUR
02 14:10:07:147 Empiezo a leer forms vdinterageredur.frm
02 14:10:07:155 Termino parse forms vdinterageredur.frm
02 14:10:07:155 Ejecutando interfase VDINTERAGEREDUR
02 14:12:07:165 Empiezo a leer forms vdinterageredur.frm
02 14:12:07:175 Termino parse forms vdinterageredur.frm
02 14:12:07:175 Ejecutando interfase VDINTERAGEREDUR
02 14:14:07:195 Empiezo a leer forms vdinterageredur.frm
02 14:14:07:212 Termino parse forms vdinterageredur.frm
02 14:14:07:212 Ejecutando interfase VDINTERAGEREDUR
02 14:16:07:230 Empiezo a leer forms vdinterageredur.frm
02 14:16:07:242 Termino parse forms vdinterageredur.frm
02 14:16:07:242 Ejecutando interfase VDINTERAGEREDUR
02 14:18:07:252 Empiezo a leer forms vdinterageredur.frm
02 14:18:07:265 Termino parse forms vdinterageredur.frm
02 14:18:07:267 Ejecutando interfase VDINTERAGEREDUR
02 14:20:07:285 Empiezo a leer forms vdinterageredur.frm
02 14:20:07:299 Termino parse forms vdinterageredur.frm
02 14:20:07:299 Ejecutando interfase VDINTERAGEREDUR
02 14:22:07:310 Empiezo a leer forms vdinterageredur.frm
02 14:22:07:317 Termino parse forms vdinterageredur.frm
02 14:22:07:317 Ejecutando interfase VDINTERAGEREDUR
02 14:24:07:327 Empiezo a leer forms vdinterageredur.frm
02 14:24:07:340 Termino parse forms vdinterageredur.frm
02 14:24:07:340 Ejecutando interfase VDINTERAGEREDUR
02 14:26:07:355 Empiezo a leer forms vdinterageredur.frm
02 14:26:07:370 Termino parse forms vdinterageredur.frm
02 14:26:07:370 Ejecutando interfase VDINTERAGEREDUR
02 14:28:07:380 Empiezo a leer forms vdinterageredur.frm
02 14:28:07:387 Termino parse forms vdinterageredur.frm
02 14:28:07:387 Ejecutando interfase VDINTERAGEREDUR
02 14:30:07:407 Empiezo a leer forms vdinterageredur.frm
02 14:30:07:420 Termino parse forms vdinterageredur.frm
02 14:30:07:420 Ejecutando interfase VDINTERAGEREDUR
02 14:32:07:435 Empiezo a leer forms vdinterageredur.frm
02 14:32:07:449 Termino parse forms vdinterageredur.frm
02 14:32:07:449 Ejecutando interfase VDINTERAGEREDUR
02 14:34:07:462 Empiezo a leer forms vdinterageredur.frm
02 14:34:07:472 Termino parse forms vdinterageredur.frm
02 14:34:07:472 Ejecutando interfase VDINTERAGEREDUR
02 14:36:07:487 Empiezo a leer forms vdinterageredur.frm
02 14:36:07:497 Termino parse forms vdinterageredur.frm
02 14:36:07:497 Ejecutando interfase VDINTERAGEREDUR
02 14:38:07:515 Empiezo a leer forms vdinterageredur.frm
02 14:38:07:524 Termino parse forms vdinterageredur.frm
02 14:38:07:524 Ejecutando interfase VDINTERAGEREDUR
02 14:40:07:537 Empiezo a leer forms vdinterageredur.frm
02 14:40:07:550 Termino parse forms vdinterageredur.frm
02 14:40:07:550 Ejecutando interfase VDINTERAGEREDUR
02 14:42:07:572 Empiezo a leer forms vdinterageredur.frm
02 14:42:07:585 Termino parse forms vdinterageredur.frm
02 14:42:07:585 Ejecutando interfase VDINTERAGEREDUR
02 14:44:07:607 Empiezo a leer forms vdinterageredur.frm
02 14:44:07:617 Termino parse forms vdinterageredur.frm
02 14:44:07:617 Ejecutando interfase VDINTERAGEREDUR
02 14:46:07:632 Empiezo a leer forms vdinterageredur.frm
02 14:46:07:645 Termino parse forms vdinterageredur.frm
02 14:46:07:645 Ejecutando interfase VDINTERAGEREDUR
02 14:48:07:660 Empiezo a leer forms vdinterageredur.frm
02 14:48:07:672 Termino parse forms vdinterageredur.frm
02 14:48:07:672 Ejecutando interfase VDINTERAGEREDUR
02 14:50:07:684 Empiezo a leer forms vdinterageredur.frm
02 14:50:07:695 Termino parse forms vdinterageredur.frm
02 14:50:07:695 Ejecutando interfase VDINTERAGEREDUR
02 14:52:07:719 Empiezo a leer forms vdinterageredur.frm
02 14:52:07:727 Termino parse forms vdinterageredur.frm
02 14:52:07:727 Ejecutando interfase VDINTERAGEREDUR
02 14:54:07:750 Empiezo a leer forms vdinterageredur.frm
02 14:54:07:769 Termino parse forms vdinterageredur.frm
02 14:54:07:769 Ejecutando interfase VDINTERAGEREDUR
02 14:56:07:789 Empiezo a leer forms vdinterageredur.frm
02 14:56:07:797 Termino parse forms vdinterageredur.frm
02 14:56:07:797 Ejecutando interfase VDINTERAGEREDUR
02 15:46:31:872 Empiezo a leer forms vdinterageredur.frm
02 15:46:31:887 Termino parse forms vdinterageredur.frm
02 15:46:31:887 Ejecutando interfase VDINTERAGEREDUR
02 15:48:31:902 Empiezo a leer forms vdinterageredur.frm
02 15:48:31:910 Termino parse forms vdinterageredur.frm
02 15:48:31:910 Ejecutando interfase VDINTERAGEREDUR
02 15:50:31:929 Empiezo a leer forms vdinterageredur.frm
02 15:50:31:935 Termino parse forms vdinterageredur.frm
02 15:50:31:935 Ejecutando interfase VDINTERAGEREDUR
02 15:52:31:954 Empiezo a leer forms vdinterageredur.frm
02 15:52:31:962 Termino parse forms vdinterageredur.frm
02 15:52:31:962 Ejecutando interfase VDINTERAGEREDUR
02 15:54:31:984 Empiezo a leer forms vdinterageredur.frm
02 15:54:31:995 Termino parse forms vdinterageredur.frm
02 15:54:31:995 Ejecutando interfase VDINTERAGEREDUR
02 15:56:32:020 Empiezo a leer forms vdinterageredur.frm
02 15:56:32:029 Termino parse forms vdinterageredur.frm
02 15:56:32:030 Ejecutando interfase VDINTERAGEREDUR
02 15:58:32:047 Empiezo a leer forms vdinterageredur.frm
02 15:58:32:055 Termino parse forms vdinterageredur.frm
02 15:58:32:055 Ejecutando interfase VDINTERAGEREDUR
02 16:00:32:077 Empiezo a leer forms vdinterageredur.frm
02 16:00:32:085 Termino parse forms vdinterageredur.frm
02 16:00:32:085 Ejecutando interfase VDINTERAGEREDUR
02 16:02:32:107 Empiezo a leer forms vdinterageredur.frm
02 16:02:32:117 Termino parse forms vdinterageredur.frm
02 16:02:32:117 Ejecutando interfase VDINTERAGEREDUR
02 16:04:32:132 Empiezo a leer forms vdinterageredur.frm
02 16:04:32:140 Termino parse forms vdinterageredur.frm
02 16:04:32:140 Ejecutando interfase VDINTERAGEREDUR
02 16:06:32:160 Empiezo a leer forms vdinterageredur.frm
02 16:06:32:170 Termino parse forms vdinterageredur.frm
02 16:06:32:170 Ejecutando interfase VDINTERAGEREDUR
02 16:08:32:190 Empiezo a leer forms vdinterageredur.frm
02 16:08:32:195 Termino parse forms vdinterageredur.frm
02 16:08:32:195 Ejecutando interfase VDINTERAGEREDUR
02 16:10:32:209 Empiezo a leer forms vdinterageredur.frm
02 16:10:32:220 Termino parse forms vdinterageredur.frm
02 16:10:32:220 Ejecutando interfase VDINTERAGEREDUR
02 16:12:32:244 Empiezo a leer forms vdinterageredur.frm
02 16:12:32:257 Termino parse forms vdinterageredur.frm
02 16:12:32:259 Ejecutando interfase VDINTERAGEREDUR
02 16:14:32:275 Empiezo a leer forms vdinterageredur.frm
02 16:14:32:287 Termino parse forms vdinterageredur.frm
02 16:14:32:287 Ejecutando interfase VDINTERAGEREDUR

00 16:14:51:320 Fichero de log cerrado.

00 16:15:02:184 Fichero de log abierto PID 7076

02 16:15:02:185 Intentando abrir fichero v10.ini
02 16:15:02:192 Cargando driver v10oracle funcion damedriveroracle
02 16:15:03:807 Conectado a base de datos
02 16:15:03:815 Proceso ENVIOREDUR encontrado en tabla VDPROCESOS
02 16:15:03:840 Proceso ENVIOREDUR cargado con función interfasesalida (Librería VDINTERFASES.DLL) direccion 066CCC80
02 16:15:03:846 PLSQL: INICIALIZADO PAQUETE DE LOG EL DIA 05-04-2022
02 16:15:03:880 Actualizado SID 136 SERIAL 50760 del proceso con PID 7076
00 16:15:03:902 Error al abrir fichero VDST.H
02 16:15:03:909 Empiezo a leer forms vdinterageredur.frm
02 16:15:04:082 Termino parse forms vdinterageredur.frm
02 16:15:04:084 Ejecutando interfase VDINTERAGEREDUR
02 16:17:04:140 Empiezo a leer forms vdinterageredur.frm
02 16:17:04:155 Termino parse forms vdinterageredur.frm
02 16:17:04:155 Ejecutando interfase VDINTERAGEREDUR
02 16:19:04:175 Empiezo a leer forms vdinterageredur.frm
02 16:19:04:195 Termino parse forms vdinterageredur.frm
02 16:19:04:195 Ejecutando interfase VDINTERAGEREDUR
02 16:21:04:219 Empiezo a leer forms vdinterageredur.frm
02 16:21:04:234 Termino parse forms vdinterageredur.frm
02 16:21:04:234 Ejecutando interfase VDINTERAGEREDUR
02 16:23:04:250 Empiezo a leer forms vdinterageredur.frm
02 16:23:04:257 Termino parse forms vdinterageredur.frm
02 16:23:04:257 Ejecutando interfase VDINTERAGEREDUR
02 16:25:04:277 Empiezo a leer forms vdinterageredur.frm
02 16:25:04:285 Termino parse forms vdinterageredur.frm
02 16:25:04:285 Ejecutando interfase VDINTERAGEREDUR
02 16:27:04:294 Empiezo a leer forms vdinterageredur.frm
02 16:27:04:297 Termino parse forms vdinterageredur.frm
02 16:27:04:299 Ejecutando interfase VDINTERAGEREDUR
02 16:29:04:305 Empiezo a leer forms vdinterageredur.frm
02 16:29:04:324 Termino parse forms vdinterageredur.frm
02 16:29:04:324 Ejecutando interfase VDINTERAGEREDUR
02 16:31:04:344 Empiezo a leer forms vdinterageredur.frm
02 16:31:04:355 Termino parse forms vdinterageredur.frm
02 16:31:04:355 Ejecutando interfase VDINTERAGEREDUR
02 16:33:04:374 Empiezo a leer forms vdinterageredur.frm
02 16:33:04:384 Termino parse forms vdinterageredur.frm
02 16:33:04:384 Ejecutando interfase VDINTERAGEREDUR
02 16:35:04:402 Empiezo a leer forms vdinterageredur.frm
02 16:35:04:410 Termino parse forms vdinterageredur.frm
02 16:35:04:410 Ejecutando interfase VDINTERAGEREDUR
02 16:37:04:427 Empiezo a leer forms vdinterageredur.frm
02 16:37:04:437 Termino parse forms vdinterageredur.frm
02 16:37:04:439 Ejecutando interfase VDINTERAGEREDUR
02 16:39:04:445 Empiezo a leer forms vdinterageredur.frm
02 16:39:04:452 Termino parse forms vdinterageredur.frm
02 16:39:04:452 Ejecutando interfase VDINTERAGEREDUR
02 16:41:04:470 Empiezo a leer forms vdinterageredur.frm
02 16:41:04:482 Termino parse forms vdinterageredur.frm
02 16:41:04:482 Ejecutando interfase VDINTERAGEREDUR
02 16:43:04:497 Empiezo a leer forms vdinterageredur.frm
02 16:43:04:505 Termino parse forms vdinterageredur.frm
02 16:43:04:505 Ejecutando interfase VDINTERAGEREDUR
02 16:45:04:520 Empiezo a leer forms vdinterageredur.frm
02 16:45:04:527 Termino parse forms vdinterageredur.frm
02 16:45:04:527 Ejecutando interfase VDINTERAGEREDUR
02 16:47:04:539 Empiezo a leer forms vdinterageredur.frm
02 16:47:04:550 Termino parse forms vdinterageredur.frm
02 16:47:04:552 Ejecutando interfase VDINTERAGEREDUR
02 16:49:04:562 Empiezo a leer forms vdinterageredur.frm
02 16:49:04:574 Termino parse forms vdinterageredur.frm
02 16:49:04:574 Ejecutando interfase VDINTERAGEREDUR
02 16:51:04:585 Empiezo a leer forms vdinterageredur.frm
02 16:51:04:594 Termino parse forms vdinterageredur.frm
02 16:51:04:594 Ejecutando interfase VDINTERAGEREDUR
02 16:53:04:604 Empiezo a leer forms vdinterageredur.frm
02 16:53:04:615 Termino parse forms vdinterageredur.frm
02 16:53:04:615 Ejecutando interfase VDINTERAGEREDUR
02 16:55:04:632 Empiezo a leer forms vdinterageredur.frm
02 16:55:04:642 Termino parse forms vdinterageredur.frm
02 16:55:04:642 Ejecutando interfase VDINTERAGEREDUR
02 16:57:04:655 Empiezo a leer forms vdinterageredur.frm
02 16:57:04:667 Termino parse forms vdinterageredur.frm
02 16:57:04:667 Ejecutando interfase VDINTERAGEREDUR
02 16:59:04:695 Empiezo a leer forms vdinterageredur.frm
02 16:59:04:710 Termino parse forms vdinterageredur.frm
02 16:59:04:710 Ejecutando interfase VDINTERAGEREDUR
02 17:01:04:722 Empiezo a leer forms vdinterageredur.frm
02 17:01:04:742 Termino parse forms vdinterageredur.frm
02 17:01:04:742 Ejecutando interfase VDINTERAGEREDUR
02 17:03:04:757 Empiezo a leer forms vdinterageredur.frm
02 17:03:04:762 Termino parse forms vdinterageredur.frm
02 17:03:04:762 Ejecutando interfase VDINTERAGEREDUR
02 17:05:04:770 Empiezo a leer forms vdinterageredur.frm
02 17:05:04:789 Termino parse forms vdinterageredur.frm
02 17:05:04:790 Ejecutando interfase VDINTERAGEREDUR
02 17:07:04:809 Empiezo a leer forms vdinterageredur.frm
02 17:07:04:825 Termino parse forms vdinterageredur.frm
02 17:07:04:825 Ejecutando interfase VDINTERAGEREDUR
02 17:09:04:842 Empiezo a leer forms vdinterageredur.frm
02 17:09:04:855 Termino parse forms vdinterageredur.frm
02 17:09:04:855 Ejecutando interfase VDINTERAGEREDUR
02 17:11:04:865 Empiezo a leer forms vdinterageredur.frm
02 17:11:04:880 Termino parse forms vdinterageredur.frm
02 17:11:04:880 Ejecutando interfase VDINTERAGEREDUR
02 17:13:04:902 Empiezo a leer forms vdinterageredur.frm
02 17:13:04:919 Termino parse forms vdinterageredur.frm
02 17:13:04:919 Ejecutando interfase VDINTERAGEREDUR
02 17:15:04:925 Empiezo a leer forms vdinterageredur.frm
02 17:15:04:932 Termino parse forms vdinterageredur.frm
02 17:15:04:932 Ejecutando interfase VDINTERAGEREDUR
02 17:17:04:952 Empiezo a leer forms vdinterageredur.frm
02 17:17:04:960 Termino parse forms vdinterageredur.frm
02 17:17:04:960 Ejecutando interfase VDINTERAGEREDUR
02 17:19:04:970 Empiezo a leer forms vdinterageredur.frm
02 17:19:04:975 Termino parse forms vdinterageredur.frm
02 17:19:04:975 Ejecutando interfase VDINTERAGEREDUR
02 17:21:04:990 Empiezo a leer forms vdinterageredur.frm
02 17:21:04:999 Termino parse forms vdinterageredur.frm
02 17:21:05:000 Ejecutando interfase VDINTERAGEREDUR
02 17:23:05:010 Empiezo a leer forms vdinterageredur.frm
02 17:23:05:019 Termino parse forms vdinterageredur.frm
02 17:23:05:019 Ejecutando interfase VDINTERAGEREDUR
02 17:25:05:032 Empiezo a leer forms vdinterageredur.frm
02 17:25:05:042 Termino parse forms vdinterageredur.frm
02 17:25:05:044 Ejecutando interfase VDINTERAGEREDUR
02 17:27:05:065 Empiezo a leer forms vdinterageredur.frm
02 17:27:05:072 Termino parse forms vdinterageredur.frm
02 17:27:05:072 Ejecutando interfase VDINTERAGEREDUR
02 17:29:05:082 Empiezo a leer forms vdinterageredur.frm
02 17:29:05:092 Termino parse forms vdinterageredur.frm
02 17:29:05:092 Ejecutando interfase VDINTERAGEREDUR
02 17:31:05:115 Empiezo a leer forms vdinterageredur.frm
02 17:31:05:119 Termino parse forms vdinterageredur.frm
02 17:31:05:119 Ejecutando interfase VDINTERAGEREDUR
02 17:33:05:130 Empiezo a leer forms vdinterageredur.frm
02 17:33:05:142 Termino parse forms vdinterageredur.frm
02 17:33:05:142 Ejecutando interfase VDINTERAGEREDUR
02 17:35:05:162 Empiezo a leer forms vdinterageredur.frm
02 17:35:05:175 Termino parse forms vdinterageredur.frm
02 17:35:05:175 Ejecutando interfase VDINTERAGEREDUR
02 17:37:05:189 Empiezo a leer forms vdinterageredur.frm
02 17:37:05:202 Termino parse forms vdinterageredur.frm
02 17:37:05:202 Ejecutando interfase VDINTERAGEREDUR
02 17:39:05:215 Empiezo a leer forms vdinterageredur.frm
02 17:39:05:224 Termino parse forms vdinterageredur.frm
02 17:39:05:225 Ejecutando interfase VDINTERAGEREDUR
02 17:41:05:237 Empiezo a leer forms vdinterageredur.frm
02 17:41:05:250 Termino parse forms vdinterageredur.frm
02 17:41:05:250 Ejecutando interfase VDINTERAGEREDUR
02 17:43:05:267 Empiezo a leer forms vdinterageredur.frm
02 17:43:05:279 Termino parse forms vdinterageredur.frm
02 17:43:05:279 Ejecutando interfase VDINTERAGEREDUR
02 17:45:05:302 Empiezo a leer forms vdinterageredur.frm
02 17:45:05:312 Termino parse forms vdinterageredur.frm
02 17:45:05:312 Ejecutando interfase VDINTERAGEREDUR
02 17:47:05:337 Empiezo a leer forms vdinterageredur.frm
02 17:47:05:350 Termino parse forms vdinterageredur.frm
02 17:47:05:350 Ejecutando interfase VDINTERAGEREDUR
02 17:49:05:370 Empiezo a leer forms vdinterageredur.frm
02 17:49:05:380 Termino parse forms vdinterageredur.frm
02 17:49:05:380 Ejecutando interfase VDINTERAGEREDUR
02 17:51:05:402 Empiezo a leer forms vdinterageredur.frm
02 17:51:05:412 Termino parse forms vdinterageredur.frm
02 17:51:05:412 Ejecutando interfase VDINTERAGEREDUR
02 17:53:05:422 Empiezo a leer forms vdinterageredur.frm
02 17:53:05:432 Termino parse forms vdinterageredur.frm
02 17:53:05:432 Ejecutando interfase VDINTERAGEREDUR
02 17:55:05:445 Empiezo a leer forms vdinterageredur.frm
02 17:55:05:459 Termino parse forms vdinterageredur.frm
02 17:55:05:460 Ejecutando interfase VDINTERAGEREDUR
02 17:57:05:480 Empiezo a leer forms vdinterageredur.frm
02 17:57:05:495 Termino parse forms vdinterageredur.frm
02 17:57:05:495 Ejecutando interfase VDINTERAGEREDUR

00 17:58:46:534 Fichero de log cerrado.

