00 09:13:10:225 Fichero de log abierto PID 16348

02 09:13:10:227 Intentando abrir fichero v10.ini
02 09:13:10:232 Cargando driver v10oracle funcion damedriveroracle
02 09:13:10:627 Conectado a base de datos
02 09:13:10:628 Proceso ENVIOMOVIM encontrado en tabla VDPROCESOS
02 09:13:10:637 Proceso ENVIOMOVIM cargado con función interfasesalida (Librería VDINTERFASES.DLL) direccion 05A0CC80
02 09:13:10:639 PLSQL: INICIALIZADO PAQUETE DE LOG EL DIA 13-04-2022
02 09:13:10:647 Actualizado SID 257 SERIAL 23748 del proceso con PID 16348
00 09:13:10:653 Error al abrir fichero VDST.H
02 09:13:10:656 Empiezo a leer forms vdintermovim.frm
02 09:13:10:675 Termino parse forms vdintermovim.frm
02 09:13:10:675 Ejecutando interfase VDINTERMOVIM
02 09:15:10:692 Empiezo a leer forms vdintermovim.frm
02 09:15:10:696 Termino parse forms vdintermovim.frm
02 09:15:10:696 Ejecutando interfase VDINTERMOVIM
02 09:17:10:710 Empiezo a leer forms vdintermovim.frm
02 09:17:10:716 Termino parse forms vdintermovim.frm
02 09:17:10:716 Ejecutando interfase VDINTERMOVIM
02 09:19:10:732 Empiezo a leer forms vdintermovim.frm
02 09:19:10:740 Termino parse forms vdintermovim.frm
02 09:19:10:740 Ejecutando interfase VDINTERMOVIM
02 09:21:10:752 Empiezo a leer forms vdintermovim.frm
02 09:21:10:758 Termino parse forms vdintermovim.frm
02 09:21:10:760 Ejecutando interfase VDINTERMOVIM
02 09:23:10:768 Empiezo a leer forms vdintermovim.frm
02 09:23:10:775 Termino parse forms vdintermovim.frm
02 09:23:10:776 Ejecutando interfase VDINTERMOVIM
02 09:25:10:783 Empiezo a leer forms vdintermovim.frm
02 09:25:10:786 Termino parse forms vdintermovim.frm
02 09:25:10:786 Ejecutando interfase VDINTERMOVIM
02 09:27:10:805 Empiezo a leer forms vdintermovim.frm
02 09:27:10:811 Termino parse forms vdintermovim.frm
02 09:27:10:811 Ejecutando interfase VDINTERMOVIM
02 09:29:10:831 Empiezo a leer forms vdintermovim.frm
02 09:29:10:833 Termino parse forms vdintermovim.frm
02 09:29:10:833 Ejecutando interfase VDINTERMOVIM
02 09:31:10:850 Empiezo a leer forms vdintermovim.frm
02 09:31:10:855 Termino parse forms vdintermovim.frm
02 09:31:10:855 Ejecutando interfase VDINTERMOVIM
02 09:33:10:866 Empiezo a leer forms vdintermovim.frm
02 09:33:10:872 Termino parse forms vdintermovim.frm
02 09:33:10:872 Ejecutando interfase VDINTERMOVIM
02 09:35:10:886 Empiezo a leer forms vdintermovim.frm
02 09:35:10:892 Termino parse forms vdintermovim.frm
02 09:35:10:892 Ejecutando interfase VDINTERMOVIM
02 09:37:10:906 Empiezo a leer forms vdintermovim.frm
02 09:37:10:910 Termino parse forms vdintermovim.frm
02 09:37:10:910 Ejecutando interfase VDINTERMOVIM
02 09:39:10:922 Empiezo a leer forms vdintermovim.frm
02 09:39:10:927 Termino parse forms vdintermovim.frm
02 09:39:10:927 Ejecutando interfase VDINTERMOVIM
02 09:41:10:942 Empiezo a leer forms vdintermovim.frm
02 09:41:10:946 Termino parse forms vdintermovim.frm
02 09:41:10:946 Ejecutando interfase VDINTERMOVIM
02 09:43:10:961 Empiezo a leer forms vdintermovim.frm
02 09:43:10:967 Termino parse forms vdintermovim.frm
02 09:43:10:967 Ejecutando interfase VDINTERMOVIM
02 09:45:10:981 Empiezo a leer forms vdintermovim.frm
02 09:45:10:987 Termino parse forms vdintermovim.frm
02 09:45:10:987 Ejecutando interfase VDINTERMOVIM
02 09:47:11:001 Empiezo a leer forms vdintermovim.frm
02 09:47:11:006 Termino parse forms vdintermovim.frm
02 09:47:11:007 Ejecutando interfase VDINTERMOVIM
02 09:49:11:031 Empiezo a leer forms vdintermovim.frm
02 09:49:11:037 Termino parse forms vdintermovim.frm
02 09:49:11:037 Ejecutando interfase VDINTERMOVIM
02 09:51:11:057 Empiezo a leer forms vdintermovim.frm
02 09:51:11:063 Termino parse forms vdintermovim.frm
02 09:51:11:063 Ejecutando interfase VDINTERMOVIM
02 09:53:11:082 Empiezo a leer forms vdintermovim.frm
02 09:53:11:087 Termino parse forms vdintermovim.frm
02 09:53:11:087 Ejecutando interfase VDINTERMOVIM
02 09:55:11:107 Empiezo a leer forms vdintermovim.frm
02 09:55:11:115 Termino parse forms vdintermovim.frm
02 09:55:11:116 Ejecutando interfase VDINTERMOVIM
02 09:57:11:128 Empiezo a leer forms vdintermovim.frm
02 09:57:11:135 Termino parse forms vdintermovim.frm
02 09:57:11:136 Ejecutando interfase VDINTERMOVIM
02 09:59:11:157 Empiezo a leer forms vdintermovim.frm
02 09:59:11:163 Termino parse forms vdintermovim.frm
02 09:59:11:163 Ejecutando interfase VDINTERMOVIM
02 10:01:11:188 Empiezo a leer forms vdintermovim.frm
02 10:01:11:195 Termino parse forms vdintermovim.frm
02 10:01:11:195 Ejecutando interfase VDINTERMOVIM
02 10:03:09:828 Empiezo a leer forms vdintermovim.frm
02 10:03:09:835 Termino parse forms vdintermovim.frm
02 10:03:09:835 Ejecutando interfase VDINTERMOVIM
02 10:05:09:856 Empiezo a leer forms vdintermovim.frm
02 10:05:09:860 Termino parse forms vdintermovim.frm
02 10:05:09:860 Ejecutando interfase VDINTERMOVIM
02 10:07:09:875 Empiezo a leer forms vdintermovim.frm
02 10:07:09:878 Termino parse forms vdintermovim.frm
02 10:07:09:880 Ejecutando interfase VDINTERMOVIM
02 10:09:09:893 Empiezo a leer forms vdintermovim.frm
02 10:09:09:897 Termino parse forms vdintermovim.frm
02 10:09:09:898 Ejecutando interfase VDINTERMOVIM
02 10:11:09:915 Empiezo a leer forms vdintermovim.frm
02 10:11:09:918 Termino parse forms vdintermovim.frm
02 10:11:09:920 Ejecutando interfase VDINTERMOVIM
02 10:13:09:936 Empiezo a leer forms vdintermovim.frm
02 10:13:09:941 Termino parse forms vdintermovim.frm
02 10:13:09:942 Ejecutando interfase VDINTERMOVIM
02 10:15:09:951 Empiezo a leer forms vdintermovim.frm
02 10:15:09:957 Termino parse forms vdintermovim.frm
02 10:15:09:957 Ejecutando interfase VDINTERMOVIM
02 10:17:09:975 Empiezo a leer forms vdintermovim.frm
02 10:17:09:981 Termino parse forms vdintermovim.frm
02 10:17:09:981 Ejecutando interfase VDINTERMOVIM
02 10:19:10:006 Empiezo a leer forms vdintermovim.frm
02 10:19:10:010 Termino parse forms vdintermovim.frm
02 10:19:10:010 Ejecutando interfase VDINTERMOVIM
02 10:21:10:021 Empiezo a leer forms vdintermovim.frm
02 10:21:10:026 Termino parse forms vdintermovim.frm
02 10:21:10:027 Ejecutando interfase VDINTERMOVIM
02 10:23:10:045 Empiezo a leer forms vdintermovim.frm
02 10:23:10:051 Termino parse forms vdintermovim.frm
02 10:23:10:052 Ejecutando interfase VDINTERMOVIM
02 10:25:10:062 Empiezo a leer forms vdintermovim.frm
02 10:25:10:067 Termino parse forms vdintermovim.frm
02 10:25:10:068 Ejecutando interfase VDINTERMOVIM
02 10:27:10:081 Empiezo a leer forms vdintermovim.frm
02 10:27:10:086 Termino parse forms vdintermovim.frm
02 10:27:10:087 Ejecutando interfase VDINTERMOVIM
02 10:29:10:108 Empiezo a leer forms vdintermovim.frm
02 10:29:10:115 Termino parse forms vdintermovim.frm
02 10:29:10:115 Ejecutando interfase VDINTERMOVIM
02 10:31:10:137 Empiezo a leer forms vdintermovim.frm
02 10:31:10:142 Termino parse forms vdintermovim.frm
02 10:31:10:143 Ejecutando interfase VDINTERMOVIM
02 10:33:10:160 Empiezo a leer forms vdintermovim.frm
02 10:33:10:163 Termino parse forms vdintermovim.frm
02 10:33:10:163 Ejecutando interfase VDINTERMOVIM
02 10:35:10:186 Empiezo a leer forms vdintermovim.frm
02 10:35:10:192 Termino parse forms vdintermovim.frm
02 10:35:10:192 Ejecutando interfase VDINTERMOVIM
02 10:37:10:202 Empiezo a leer forms vdintermovim.frm
02 10:37:10:207 Termino parse forms vdintermovim.frm
02 10:37:10:208 Ejecutando interfase VDINTERMOVIM
02 10:39:10:227 Empiezo a leer forms vdintermovim.frm
02 10:39:10:231 Termino parse forms vdintermovim.frm
02 10:39:10:231 Ejecutando interfase VDINTERMOVIM
02 10:41:10:250 Empiezo a leer forms vdintermovim.frm
02 10:41:10:253 Termino parse forms vdintermovim.frm
02 10:41:10:253 Ejecutando interfase VDINTERMOVIM
02 10:43:10:265 Empiezo a leer forms vdintermovim.frm
02 10:43:10:271 Termino parse forms vdintermovim.frm
02 10:43:10:272 Ejecutando interfase VDINTERMOVIM
02 10:45:10:292 Empiezo a leer forms vdintermovim.frm
02 10:45:10:295 Termino parse forms vdintermovim.frm
02 10:45:10:295 Ejecutando interfase VDINTERMOVIM
02 10:47:10:302 Empiezo a leer forms vdintermovim.frm
02 10:47:10:308 Termino parse forms vdintermovim.frm
02 10:47:10:308 Ejecutando interfase VDINTERMOVIM
02 10:49:10:332 Empiezo a leer forms vdintermovim.frm
02 10:49:10:337 Termino parse forms vdintermovim.frm
02 10:49:10:337 Ejecutando interfase VDINTERMOVIM
02 10:51:10:357 Empiezo a leer forms vdintermovim.frm
02 10:51:10:365 Termino parse forms vdintermovim.frm
02 10:51:10:365 Ejecutando interfase VDINTERMOVIM
02 10:53:10:376 Empiezo a leer forms vdintermovim.frm
02 10:53:10:380 Termino parse forms vdintermovim.frm
02 10:53:10:380 Ejecutando interfase VDINTERMOVIM
02 10:55:10:400 Empiezo a leer forms vdintermovim.frm
02 10:55:10:407 Termino parse forms vdintermovim.frm
02 10:55:10:407 Ejecutando interfase VDINTERMOVIM
02 10:57:10:418 Empiezo a leer forms vdintermovim.frm
02 10:57:10:426 Termino parse forms vdintermovim.frm
02 10:57:10:426 Ejecutando interfase VDINTERMOVIM
02 10:59:10:450 Empiezo a leer forms vdintermovim.frm
02 10:59:10:456 Termino parse forms vdintermovim.frm
02 10:59:10:456 Ejecutando interfase VDINTERMOVIM
02 11:01:10:476 Empiezo a leer forms vdintermovim.frm
02 11:01:10:481 Termino parse forms vdintermovim.frm
02 11:01:10:481 Ejecutando interfase VDINTERMOVIM
02 11:03:10:492 Empiezo a leer forms vdintermovim.frm
02 11:03:10:497 Termino parse forms vdintermovim.frm
02 11:03:10:497 Ejecutando interfase VDINTERMOVIM
02 11:05:10:503 Empiezo a leer forms vdintermovim.frm
02 11:05:10:507 Termino parse forms vdintermovim.frm
02 11:05:10:507 Ejecutando interfase VDINTERMOVIM
02 11:07:10:527 Empiezo a leer forms vdintermovim.frm
02 11:07:10:532 Termino parse forms vdintermovim.frm
02 11:07:10:532 Ejecutando interfase VDINTERMOVIM
02 11:31:04:142 Empiezo a leer forms vdintermovim.frm
02 11:31:04:147 Termino parse forms vdintermovim.frm
02 11:31:04:147 Ejecutando interfase VDINTERMOVIM
02 11:33:04:162 Empiezo a leer forms vdintermovim.frm
02 11:33:04:167 Termino parse forms vdintermovim.frm
02 11:33:04:167 Ejecutando interfase VDINTERMOVIM
02 11:35:04:180 Empiezo a leer forms vdintermovim.frm
02 11:35:04:185 Termino parse forms vdintermovim.frm
02 11:35:04:185 Ejecutando interfase VDINTERMOVIM
02 11:37:04:205 Empiezo a leer forms vdintermovim.frm
02 11:37:04:207 Termino parse forms vdintermovim.frm
02 11:37:04:207 Ejecutando interfase VDINTERMOVIM
02 11:39:04:229 Empiezo a leer forms vdintermovim.frm
02 11:39:04:235 Termino parse forms vdintermovim.frm
02 11:39:04:235 Ejecutando interfase VDINTERMOVIM
02 11:41:04:244 Empiezo a leer forms vdintermovim.frm
02 11:41:04:247 Termino parse forms vdintermovim.frm
02 11:41:04:247 Ejecutando interfase VDINTERMOVIM
02 11:43:04:257 Empiezo a leer forms vdintermovim.frm
02 11:43:04:262 Termino parse forms vdintermovim.frm
02 11:43:04:262 Ejecutando interfase VDINTERMOVIM
02 11:45:04:275 Empiezo a leer forms vdintermovim.frm
02 11:45:04:279 Termino parse forms vdintermovim.frm
02 11:45:04:280 Ejecutando interfase VDINTERMOVIM
02 11:47:04:289 Empiezo a leer forms vdintermovim.frm
02 11:47:04:294 Termino parse forms vdintermovim.frm
02 11:47:04:294 Ejecutando interfase VDINTERMOVIM
02 11:49:04:310 Empiezo a leer forms vdintermovim.frm
02 11:49:04:315 Termino parse forms vdintermovim.frm
02 11:49:04:315 Ejecutando interfase VDINTERMOVIM
02 11:51:04:330 Empiezo a leer forms vdintermovim.frm
02 11:51:04:332 Termino parse forms vdintermovim.frm
02 11:51:04:334 Ejecutando interfase VDINTERMOVIM
02 11:53:04:340 Empiezo a leer forms vdintermovim.frm
02 11:53:04:342 Termino parse forms vdintermovim.frm
02 11:53:04:342 Ejecutando interfase VDINTERMOVIM
02 11:55:04:354 Empiezo a leer forms vdintermovim.frm
02 11:55:04:359 Termino parse forms vdintermovim.frm
02 11:55:04:359 Ejecutando interfase VDINTERMOVIM
02 11:57:04:367 Empiezo a leer forms vdintermovim.frm
02 11:57:04:372 Termino parse forms vdintermovim.frm
02 11:57:04:374 Ejecutando interfase VDINTERMOVIM
02 11:59:04:385 Empiezo a leer forms vdintermovim.frm
02 11:59:04:392 Termino parse forms vdintermovim.frm
02 11:59:04:392 Ejecutando interfase VDINTERMOVIM
02 12:01:04:409 Empiezo a leer forms vdintermovim.frm
02 12:01:04:415 Termino parse forms vdintermovim.frm
02 12:01:04:415 Ejecutando interfase VDINTERMOVIM
02 12:03:04:430 Empiezo a leer forms vdintermovim.frm
02 12:03:04:435 Termino parse forms vdintermovim.frm
02 12:03:04:435 Ejecutando interfase VDINTERMOVIM
02 12:05:04:442 Empiezo a leer forms vdintermovim.frm
02 12:05:04:449 Termino parse forms vdintermovim.frm
02 12:05:04:450 Ejecutando interfase VDINTERMOVIM
02 12:07:04:467 Empiezo a leer forms vdintermovim.frm
02 12:07:04:472 Termino parse forms vdintermovim.frm
02 12:07:04:474 Ejecutando interfase VDINTERMOVIM
02 12:09:04:494 Empiezo a leer forms vdintermovim.frm
02 12:09:04:497 Termino parse forms vdintermovim.frm
02 12:09:04:499 Ejecutando interfase VDINTERMOVIM
02 12:11:04:517 Empiezo a leer forms vdintermovim.frm
02 12:11:04:524 Termino parse forms vdintermovim.frm
02 12:11:04:524 Ejecutando interfase VDINTERMOVIM
02 12:13:04:549 Empiezo a leer forms vdintermovim.frm
02 12:13:04:555 Termino parse forms vdintermovim.frm
02 12:13:04:555 Ejecutando interfase VDINTERMOVIM
02 12:15:04:575 Empiezo a leer forms vdintermovim.frm
02 12:15:04:580 Termino parse forms vdintermovim.frm
02 12:15:04:580 Ejecutando interfase VDINTERMOVIM
02 12:17:04:594 Empiezo a leer forms vdintermovim.frm
02 12:17:04:600 Termino parse forms vdintermovim.frm
02 12:17:04:602 Ejecutando interfase VDINTERMOVIM
02 12:19:04:620 Empiezo a leer forms vdintermovim.frm
02 12:19:04:627 Termino parse forms vdintermovim.frm
02 12:19:04:629 Ejecutando interfase VDINTERMOVIM
02 12:21:04:654 Empiezo a leer forms vdintermovim.frm
02 12:21:04:660 Termino parse forms vdintermovim.frm
02 12:21:04:662 Ejecutando interfase VDINTERMOVIM
02 12:23:04:679 Empiezo a leer forms vdintermovim.frm
02 12:23:04:685 Termino parse forms vdintermovim.frm
02 12:23:04:685 Ejecutando interfase VDINTERMOVIM
02 12:25:04:700 Empiezo a leer forms vdintermovim.frm
02 12:25:04:704 Termino parse forms vdintermovim.frm
02 12:25:04:704 Ejecutando interfase VDINTERMOVIM
02 12:27:04:725 Empiezo a leer forms vdintermovim.frm
02 12:27:04:729 Termino parse forms vdintermovim.frm
02 12:27:04:729 Ejecutando interfase VDINTERMOVIM
02 12:29:04:752 Empiezo a leer forms vdintermovim.frm
02 12:29:04:757 Termino parse forms vdintermovim.frm
02 12:29:04:757 Ejecutando interfase VDINTERMOVIM
02 12:31:04:770 Empiezo a leer forms vdintermovim.frm
02 12:31:04:774 Termino parse forms vdintermovim.frm
02 12:31:04:775 Ejecutando interfase VDINTERMOVIM
02 12:33:04:785 Empiezo a leer forms vdintermovim.frm
02 12:33:04:790 Termino parse forms vdintermovim.frm
02 12:33:04:790 Ejecutando interfase VDINTERMOVIM
02 12:35:04:800 Empiezo a leer forms vdintermovim.frm
02 12:35:04:805 Termino parse forms vdintermovim.frm
02 12:35:04:805 Ejecutando interfase VDINTERMOVIM
02 12:37:04:820 Empiezo a leer forms vdintermovim.frm
02 12:37:04:825 Termino parse forms vdintermovim.frm
02 12:37:04:825 Ejecutando interfase VDINTERMOVIM
02 12:39:04:847 Empiezo a leer forms vdintermovim.frm
02 12:39:04:852 Termino parse forms vdintermovim.frm
02 12:39:04:852 Ejecutando interfase VDINTERMOVIM
02 12:41:04:862 Empiezo a leer forms vdintermovim.frm
02 12:41:04:867 Termino parse forms vdintermovim.frm
02 12:41:04:867 Ejecutando interfase VDINTERMOVIM
02 12:43:04:887 Empiezo a leer forms vdintermovim.frm
02 12:43:04:894 Termino parse forms vdintermovim.frm
02 12:43:04:895 Ejecutando interfase VDINTERMOVIM
02 12:45:04:902 Empiezo a leer forms vdintermovim.frm
02 12:45:04:909 Termino parse forms vdintermovim.frm
02 12:45:04:909 Ejecutando interfase VDINTERMOVIM
02 12:47:04:930 Empiezo a leer forms vdintermovim.frm
02 12:47:04:935 Termino parse forms vdintermovim.frm
02 12:47:04:935 Ejecutando interfase VDINTERMOVIM
02 12:49:04:957 Empiezo a leer forms vdintermovim.frm
02 12:49:04:962 Termino parse forms vdintermovim.frm
02 12:49:04:962 Ejecutando interfase VDINTERMOVIM
02 12:51:04:977 Empiezo a leer forms vdintermovim.frm
02 12:51:04:985 Termino parse forms vdintermovim.frm
02 12:51:04:985 Ejecutando interfase VDINTERMOVIM
02 12:53:04:997 Empiezo a leer forms vdintermovim.frm
02 12:53:05:004 Termino parse forms vdintermovim.frm
02 12:53:05:004 Ejecutando interfase VDINTERMOVIM
02 12:55:05:017 Empiezo a leer forms vdintermovim.frm
02 12:55:05:022 Termino parse forms vdintermovim.frm
02 12:55:05:022 Ejecutando interfase VDINTERMOVIM
02 12:57:05:037 Empiezo a leer forms vdintermovim.frm
02 12:57:05:044 Termino parse forms vdintermovim.frm
02 12:57:05:045 Ejecutando interfase VDINTERMOVIM
02 12:59:05:067 Empiezo a leer forms vdintermovim.frm
02 12:59:05:070 Termino parse forms vdintermovim.frm
02 12:59:05:072 Ejecutando interfase VDINTERMOVIM
02 13:01:05:080 Empiezo a leer forms vdintermovim.frm
02 13:01:05:085 Termino parse forms vdintermovim.frm
02 13:01:05:085 Ejecutando interfase VDINTERMOVIM
02 13:03:05:099 Empiezo a leer forms vdintermovim.frm
02 13:03:05:105 Termino parse forms vdintermovim.frm
02 13:03:05:105 Ejecutando interfase VDINTERMOVIM
02 13:05:05:120 Empiezo a leer forms vdintermovim.frm
02 13:05:05:125 Termino parse forms vdintermovim.frm
02 13:05:05:125 Ejecutando interfase VDINTERMOVIM
02 13:07:05:140 Empiezo a leer forms vdintermovim.frm
02 13:07:05:145 Termino parse forms vdintermovim.frm
02 13:07:05:145 Ejecutando interfase VDINTERMOVIM
02 13:09:05:157 Empiezo a leer forms vdintermovim.frm
02 13:09:05:162 Termino parse forms vdintermovim.frm
02 13:09:05:162 Ejecutando interfase VDINTERMOVIM
02 13:11:05:180 Empiezo a leer forms vdintermovim.frm
02 13:11:05:185 Termino parse forms vdintermovim.frm
02 13:11:05:185 Ejecutando interfase VDINTERMOVIM
02 13:13:05:205 Empiezo a leer forms vdintermovim.frm
02 13:13:05:210 Termino parse forms vdintermovim.frm
02 13:13:05:210 Ejecutando interfase VDINTERMOVIM
02 13:15:05:222 Empiezo a leer forms vdintermovim.frm
02 13:15:05:227 Termino parse forms vdintermovim.frm
02 13:15:05:227 Ejecutando interfase VDINTERMOVIM
02 13:17:05:240 Empiezo a leer forms vdintermovim.frm
02 13:17:05:245 Termino parse forms vdintermovim.frm
02 13:17:05:245 Ejecutando interfase VDINTERMOVIM
02 13:19:05:267 Empiezo a leer forms vdintermovim.frm
02 13:19:05:275 Termino parse forms vdintermovim.frm
02 13:19:05:275 Ejecutando interfase VDINTERMOVIM
02 13:21:05:299 Empiezo a leer forms vdintermovim.frm
02 13:21:05:302 Termino parse forms vdintermovim.frm
02 13:21:05:302 Ejecutando interfase VDINTERMOVIM
02 13:23:05:310 Empiezo a leer forms vdintermovim.frm
02 13:23:05:317 Termino parse forms vdintermovim.frm
02 13:23:05:317 Ejecutando interfase VDINTERMOVIM
02 13:25:05:340 Empiezo a leer forms vdintermovim.frm
02 13:25:05:345 Termino parse forms vdintermovim.frm
02 13:25:05:345 Ejecutando interfase VDINTERMOVIM
02 13:27:05:365 Empiezo a leer forms vdintermovim.frm
02 13:27:05:369 Termino parse forms vdintermovim.frm
02 13:27:05:369 Ejecutando interfase VDINTERMOVIM
02 13:29:05:382 Empiezo a leer forms vdintermovim.frm
02 13:29:05:387 Termino parse forms vdintermovim.frm
02 13:29:05:387 Ejecutando interfase VDINTERMOVIM
02 13:31:05:407 Empiezo a leer forms vdintermovim.frm
02 13:31:05:412 Termino parse forms vdintermovim.frm
02 13:31:05:412 Ejecutando interfase VDINTERMOVIM
02 13:33:05:425 Empiezo a leer forms vdintermovim.frm
02 13:33:05:432 Termino parse forms vdintermovim.frm
02 13:33:05:432 Ejecutando interfase VDINTERMOVIM
02 13:35:05:450 Empiezo a leer forms vdintermovim.frm
02 13:35:05:455 Termino parse forms vdintermovim.frm
02 13:35:05:455 Ejecutando interfase VDINTERMOVIM
02 13:37:05:472 Empiezo a leer forms vdintermovim.frm
02 13:37:05:477 Termino parse forms vdintermovim.frm
02 13:37:05:477 Ejecutando interfase VDINTERMOVIM
02 13:39:05:500 Empiezo a leer forms vdintermovim.frm
02 13:39:05:505 Termino parse forms vdintermovim.frm
02 13:39:05:505 Ejecutando interfase VDINTERMOVIM
02 13:41:05:522 Empiezo a leer forms vdintermovim.frm
02 13:41:05:529 Termino parse forms vdintermovim.frm
02 13:41:05:529 Ejecutando interfase VDINTERMOVIM
02 13:43:05:545 Empiezo a leer forms vdintermovim.frm
02 13:43:05:552 Termino parse forms vdintermovim.frm
02 13:43:05:554 Ejecutando interfase VDINTERMOVIM
02 13:45:05:569 Empiezo a leer forms vdintermovim.frm
02 13:45:05:574 Termino parse forms vdintermovim.frm
02 13:45:05:574 Ejecutando interfase VDINTERMOVIM
02 13:47:05:590 Empiezo a leer forms vdintermovim.frm
02 13:47:05:595 Termino parse forms vdintermovim.frm
02 13:47:05:597 Ejecutando interfase VDINTERMOVIM
02 13:49:05:614 Empiezo a leer forms vdintermovim.frm
02 13:49:05:615 Termino parse forms vdintermovim.frm
02 13:49:05:617 Ejecutando interfase VDINTERMOVIM
02 13:51:05:630 Empiezo a leer forms vdintermovim.frm
02 13:51:05:634 Termino parse forms vdintermovim.frm
02 13:51:05:635 Ejecutando interfase VDINTERMOVIM
02 13:53:05:645 Empiezo a leer forms vdintermovim.frm
02 13:53:05:652 Termino parse forms vdintermovim.frm
02 13:53:05:652 Ejecutando interfase VDINTERMOVIM
02 13:55:05:665 Empiezo a leer forms vdintermovim.frm
02 13:55:05:672 Termino parse forms vdintermovim.frm
02 13:55:05:672 Ejecutando interfase VDINTERMOVIM
02 13:57:05:692 Empiezo a leer forms vdintermovim.frm
02 13:57:05:699 Termino parse forms vdintermovim.frm
02 13:57:05:699 Ejecutando interfase VDINTERMOVIM
02 13:59:05:717 Empiezo a leer forms vdintermovim.frm
02 13:59:05:722 Termino parse forms vdintermovim.frm
02 13:59:05:722 Ejecutando interfase VDINTERMOVIM
02 14:01:05:742 Empiezo a leer forms vdintermovim.frm
02 14:01:05:750 Termino parse forms vdintermovim.frm
02 14:01:05:750 Ejecutando interfase VDINTERMOVIM
02 14:03:05:774 Empiezo a leer forms vdintermovim.frm
02 14:03:05:779 Termino parse forms vdintermovim.frm
02 14:03:05:779 Ejecutando interfase VDINTERMOVIM
02 14:05:05:789 Empiezo a leer forms vdintermovim.frm
02 14:05:05:792 Termino parse forms vdintermovim.frm
02 14:05:05:792 Ejecutando interfase VDINTERMOVIM
02 14:07:05:800 Empiezo a leer forms vdintermovim.frm
02 14:07:05:802 Termino parse forms vdintermovim.frm
02 14:07:05:804 Ejecutando interfase VDINTERMOVIM
02 14:09:05:825 Empiezo a leer forms vdintermovim.frm
02 14:09:05:830 Termino parse forms vdintermovim.frm
02 14:09:05:830 Ejecutando interfase VDINTERMOVIM
02 14:11:05:842 Empiezo a leer forms vdintermovim.frm
02 14:11:05:845 Termino parse forms vdintermovim.frm
02 14:11:05:845 Ejecutando interfase VDINTERMOVIM
02 14:13:05:860 Empiezo a leer forms vdintermovim.frm
02 14:13:05:865 Termino parse forms vdintermovim.frm
02 14:13:05:865 Ejecutando interfase VDINTERMOVIM
02 14:15:05:887 Empiezo a leer forms vdintermovim.frm
02 14:15:05:894 Termino parse forms vdintermovim.frm
02 14:15:05:895 Ejecutando interfase VDINTERMOVIM
02 14:17:05:909 Empiezo a leer forms vdintermovim.frm
02 14:17:05:914 Termino parse forms vdintermovim.frm
02 14:17:05:915 Ejecutando interfase VDINTERMOVIM
02 14:19:05:934 Empiezo a leer forms vdintermovim.frm
02 14:19:05:939 Termino parse forms vdintermovim.frm
02 14:19:05:939 Ejecutando interfase VDINTERMOVIM
02 14:21:05:955 Empiezo a leer forms vdintermovim.frm
02 14:21:05:960 Termino parse forms vdintermovim.frm
02 14:21:05:960 Ejecutando interfase VDINTERMOVIM
02 14:23:05:975 Empiezo a leer forms vdintermovim.frm
02 14:23:05:980 Termino parse forms vdintermovim.frm
02 14:23:05:980 Ejecutando interfase VDINTERMOVIM
02 14:25:05:992 Empiezo a leer forms vdintermovim.frm
02 14:25:05:995 Termino parse forms vdintermovim.frm
02 14:25:05:995 Ejecutando interfase VDINTERMOVIM
02 14:27:06:005 Empiezo a leer forms vdintermovim.frm
02 14:27:06:012 Termino parse forms vdintermovim.frm
02 14:27:06:014 Ejecutando interfase VDINTERMOVIM
02 14:29:06:025 Empiezo a leer forms vdintermovim.frm
02 14:29:06:030 Termino parse forms vdintermovim.frm
02 14:29:06:030 Ejecutando interfase VDINTERMOVIM
02 14:31:06:050 Empiezo a leer forms vdintermovim.frm
02 14:31:06:057 Termino parse forms vdintermovim.frm
02 14:31:06:057 Ejecutando interfase VDINTERMOVIM
02 14:33:06:065 Empiezo a leer forms vdintermovim.frm
02 14:33:06:069 Termino parse forms vdintermovim.frm
02 14:33:06:069 Ejecutando interfase VDINTERMOVIM
02 14:35:06:082 Empiezo a leer forms vdintermovim.frm
02 14:35:06:085 Termino parse forms vdintermovim.frm
02 14:35:06:085 Ejecutando interfase VDINTERMOVIM
02 14:37:06:100 Empiezo a leer forms vdintermovim.frm
02 14:37:06:105 Termino parse forms vdintermovim.frm
02 14:37:06:105 Ejecutando interfase VDINTERMOVIM
02 14:39:06:120 Empiezo a leer forms vdintermovim.frm
02 14:39:06:122 Termino parse forms vdintermovim.frm
02 14:39:06:122 Ejecutando interfase VDINTERMOVIM
02 14:41:06:134 Empiezo a leer forms vdintermovim.frm
02 14:41:06:137 Termino parse forms vdintermovim.frm
02 14:41:06:137 Ejecutando interfase VDINTERMOVIM
02 14:43:06:147 Empiezo a leer forms vdintermovim.frm
02 14:43:06:152 Termino parse forms vdintermovim.frm
02 14:43:06:152 Ejecutando interfase VDINTERMOVIM
02 14:45:06:159 Empiezo a leer forms vdintermovim.frm
02 14:45:06:165 Termino parse forms vdintermovim.frm
02 14:45:06:165 Ejecutando interfase VDINTERMOVIM
02 14:47:06:177 Empiezo a leer forms vdintermovim.frm
02 14:47:06:180 Termino parse forms vdintermovim.frm
02 14:47:06:180 Ejecutando interfase VDINTERMOVIM
02 14:49:06:195 Empiezo a leer forms vdintermovim.frm
02 14:49:06:202 Termino parse forms vdintermovim.frm
02 14:49:06:202 Ejecutando interfase VDINTERMOVIM
02 14:51:06:215 Empiezo a leer forms vdintermovim.frm
02 14:51:06:219 Termino parse forms vdintermovim.frm
02 14:51:06:219 Ejecutando interfase VDINTERMOVIM
02 14:53:06:232 Empiezo a leer forms vdintermovim.frm
02 14:53:06:235 Termino parse forms vdintermovim.frm
02 14:53:06:235 Ejecutando interfase VDINTERMOVIM
02 14:55:06:260 Empiezo a leer forms vdintermovim.frm
02 14:55:06:265 Termino parse forms vdintermovim.frm
02 14:55:06:265 Ejecutando interfase VDINTERMOVIM
02 14:57:06:280 Empiezo a leer forms vdintermovim.frm
02 14:57:06:284 Termino parse forms vdintermovim.frm
02 14:57:06:284 Ejecutando interfase VDINTERMOVIM
02 14:59:06:292 Empiezo a leer forms vdintermovim.frm
02 14:59:06:297 Termino parse forms vdintermovim.frm
02 14:59:06:297 Ejecutando interfase VDINTERMOVIM
02 15:01:06:315 Empiezo a leer forms vdintermovim.frm
02 15:01:06:320 Termino parse forms vdintermovim.frm
02 15:01:06:320 Ejecutando interfase VDINTERMOVIM
02 15:03:06:325 Empiezo a leer forms vdintermovim.frm
02 15:03:06:330 Termino parse forms vdintermovim.frm
02 15:03:06:330 Ejecutando interfase VDINTERMOVIM
02 15:59:32:727 Empiezo a leer forms vdintermovim.frm
02 15:59:32:730 Termino parse forms vdintermovim.frm
02 15:59:32:730 Ejecutando interfase VDINTERMOVIM
02 16:01:32:737 Empiezo a leer forms vdintermovim.frm
02 16:01:32:740 Termino parse forms vdintermovim.frm
02 16:01:32:740 Ejecutando interfase VDINTERMOVIM
02 16:03:32:760 Empiezo a leer forms vdintermovim.frm
02 16:03:32:765 Termino parse forms vdintermovim.frm
02 16:03:32:765 Ejecutando interfase VDINTERMOVIM
02 16:05:32:774 Empiezo a leer forms vdintermovim.frm
02 16:05:32:777 Termino parse forms vdintermovim.frm
02 16:05:32:777 Ejecutando interfase VDINTERMOVIM
02 16:07:32:785 Empiezo a leer forms vdintermovim.frm
02 16:07:32:790 Termino parse forms vdintermovim.frm
02 16:07:32:790 Ejecutando interfase VDINTERMOVIM
02 16:09:32:812 Empiezo a leer forms vdintermovim.frm
02 16:09:32:815 Termino parse forms vdintermovim.frm
02 16:09:32:815 Ejecutando interfase VDINTERMOVIM
02 16:11:32:835 Empiezo a leer forms vdintermovim.frm
02 16:11:32:842 Termino parse forms vdintermovim.frm
02 16:11:32:842 Ejecutando interfase VDINTERMOVIM
02 16:13:32:862 Empiezo a leer forms vdintermovim.frm
02 16:13:32:865 Termino parse forms vdintermovim.frm
02 16:13:32:865 Ejecutando interfase VDINTERMOVIM
02 16:15:32:872 Empiezo a leer forms vdintermovim.frm
02 16:15:32:877 Termino parse forms vdintermovim.frm
02 16:15:32:877 Ejecutando interfase VDINTERMOVIM
02 16:17:32:885 Empiezo a leer forms vdintermovim.frm
02 16:17:32:890 Termino parse forms vdintermovim.frm
02 16:17:32:890 Ejecutando interfase VDINTERMOVIM
02 16:19:32:905 Empiezo a leer forms vdintermovim.frm
02 16:19:32:910 Termino parse forms vdintermovim.frm
02 16:19:32:910 Ejecutando interfase VDINTERMOVIM
02 16:21:32:929 Empiezo a leer forms vdintermovim.frm
02 16:21:32:934 Termino parse forms vdintermovim.frm
02 16:21:32:934 Ejecutando interfase VDINTERMOVIM
02 16:23:32:944 Empiezo a leer forms vdintermovim.frm
02 16:23:32:947 Termino parse forms vdintermovim.frm
02 16:23:32:947 Ejecutando interfase VDINTERMOVIM
02 16:25:32:962 Empiezo a leer forms vdintermovim.frm
02 16:25:32:965 Termino parse forms vdintermovim.frm
02 16:25:32:965 Ejecutando interfase VDINTERMOVIM
02 16:27:32:975 Empiezo a leer forms vdintermovim.frm
02 16:27:32:980 Termino parse forms vdintermovim.frm
02 16:27:32:980 Ejecutando interfase VDINTERMOVIM
02 16:29:33:002 Empiezo a leer forms vdintermovim.frm
02 16:29:33:005 Termino parse forms vdintermovim.frm
02 16:29:33:007 Ejecutando interfase VDINTERMOVIM
02 16:31:33:024 Empiezo a leer forms vdintermovim.frm
02 16:31:33:027 Termino parse forms vdintermovim.frm
02 16:31:33:029 Ejecutando interfase VDINTERMOVIM
02 16:33:33:040 Empiezo a leer forms vdintermovim.frm
02 16:33:33:047 Termino parse forms vdintermovim.frm
02 16:33:33:047 Ejecutando interfase VDINTERMOVIM
02 16:35:33:064 Empiezo a leer forms vdintermovim.frm
02 16:35:33:067 Termino parse forms vdintermovim.frm
02 16:35:33:067 Ejecutando interfase VDINTERMOVIM
02 16:37:33:092 Empiezo a leer forms vdintermovim.frm
02 16:37:33:097 Termino parse forms vdintermovim.frm
02 16:37:33:097 Ejecutando interfase VDINTERMOVIM
02 16:39:33:115 Empiezo a leer forms vdintermovim.frm
02 16:39:33:117 Termino parse forms vdintermovim.frm
02 16:39:33:117 Ejecutando interfase VDINTERMOVIM
02 16:41:33:129 Empiezo a leer forms vdintermovim.frm
02 16:41:33:132 Termino parse forms vdintermovim.frm
02 16:41:33:132 Ejecutando interfase VDINTERMOVIM
02 16:43:33:147 Empiezo a leer forms vdintermovim.frm
02 16:43:33:152 Termino parse forms vdintermovim.frm
02 16:43:33:152 Ejecutando interfase VDINTERMOVIM
02 16:45:33:170 Empiezo a leer forms vdintermovim.frm
02 16:45:33:177 Termino parse forms vdintermovim.frm
02 16:45:33:177 Ejecutando interfase VDINTERMOVIM
02 16:47:33:199 Empiezo a leer forms vdintermovim.frm
02 16:47:33:204 Termino parse forms vdintermovim.frm
02 16:47:33:205 Ejecutando interfase VDINTERMOVIM
02 16:49:33:224 Empiezo a leer forms vdintermovim.frm
02 16:49:33:227 Termino parse forms vdintermovim.frm
02 16:49:33:229 Ejecutando interfase VDINTERMOVIM
02 16:51:33:237 Empiezo a leer forms vdintermovim.frm
02 16:51:33:240 Termino parse forms vdintermovim.frm
02 16:51:33:240 Ejecutando interfase VDINTERMOVIM
02 16:53:33:250 Empiezo a leer forms vdintermovim.frm
02 16:53:33:255 Termino parse forms vdintermovim.frm
02 16:53:33:255 Ejecutando interfase VDINTERMOVIM
02 16:55:33:270 Empiezo a leer forms vdintermovim.frm
02 16:55:33:275 Termino parse forms vdintermovim.frm
02 16:55:33:275 Ejecutando interfase VDINTERMOVIM
02 16:57:33:290 Empiezo a leer forms vdintermovim.frm
02 16:57:33:292 Termino parse forms vdintermovim.frm
02 16:57:33:294 Ejecutando interfase VDINTERMOVIM
02 16:59:33:310 Empiezo a leer forms vdintermovim.frm
02 16:59:33:315 Termino parse forms vdintermovim.frm
02 16:59:33:315 Ejecutando interfase VDINTERMOVIM
02 17:01:33:329 Empiezo a leer forms vdintermovim.frm
02 17:01:33:332 Termino parse forms vdintermovim.frm
02 17:01:33:332 Ejecutando interfase VDINTERMOVIM
02 17:03:33:354 Empiezo a leer forms vdintermovim.frm
02 17:03:33:359 Termino parse forms vdintermovim.frm
02 17:03:33:359 Ejecutando interfase VDINTERMOVIM
02 17:05:33:374 Empiezo a leer forms vdintermovim.frm
02 17:05:33:377 Termino parse forms vdintermovim.frm
02 17:05:33:377 Ejecutando interfase VDINTERMOVIM
02 17:07:33:400 Empiezo a leer forms vdintermovim.frm
02 17:07:33:405 Termino parse forms vdintermovim.frm
02 17:07:33:405 Ejecutando interfase VDINTERMOVIM
02 17:09:33:422 Empiezo a leer forms vdintermovim.frm
02 17:09:33:427 Termino parse forms vdintermovim.frm
02 17:09:33:427 Ejecutando interfase VDINTERMOVIM
02 17:11:33:440 Empiezo a leer forms vdintermovim.frm
02 17:11:33:444 Termino parse forms vdintermovim.frm
02 17:11:33:445 Ejecutando interfase VDINTERMOVIM
02 17:13:33:455 Empiezo a leer forms vdintermovim.frm
02 17:13:33:462 Termino parse forms vdintermovim.frm
02 17:13:33:464 Ejecutando interfase VDINTERMOVIM
02 17:15:33:480 Empiezo a leer forms vdintermovim.frm
02 17:15:33:482 Termino parse forms vdintermovim.frm
02 17:15:33:482 Ejecutando interfase VDINTERMOVIM
02 17:17:33:492 Empiezo a leer forms vdintermovim.frm
02 17:17:33:497 Termino parse forms vdintermovim.frm
02 17:17:33:497 Ejecutando interfase VDINTERMOVIM
02 17:19:33:507 Empiezo a leer forms vdintermovim.frm
02 17:19:33:512 Termino parse forms vdintermovim.frm
02 17:19:33:512 Ejecutando interfase VDINTERMOVIM
02 17:21:33:522 Empiezo a leer forms vdintermovim.frm
02 17:21:33:527 Termino parse forms vdintermovim.frm
02 17:21:33:527 Ejecutando interfase VDINTERMOVIM
02 17:23:33:545 Empiezo a leer forms vdintermovim.frm
02 17:23:33:550 Termino parse forms vdintermovim.frm
02 17:23:33:550 Ejecutando interfase VDINTERMOVIM
02 17:25:33:574 Empiezo a leer forms vdintermovim.frm
02 17:25:33:580 Termino parse forms vdintermovim.frm
02 17:25:33:580 Ejecutando interfase VDINTERMOVIM
02 17:27:33:602 Empiezo a leer forms vdintermovim.frm
02 17:27:33:607 Termino parse forms vdintermovim.frm
02 17:27:33:609 Ejecutando interfase VDINTERMOVIM
02 17:29:33:625 Empiezo a leer forms vdintermovim.frm
02 17:29:33:630 Termino parse forms vdintermovim.frm
02 17:29:33:630 Ejecutando interfase VDINTERMOVIM
02 17:31:33:655 Empiezo a leer forms vdintermovim.frm
02 17:31:33:660 Termino parse forms vdintermovim.frm
02 17:31:33:662 Ejecutando interfase VDINTERMOVIM
02 17:33:33:670 Empiezo a leer forms vdintermovim.frm
02 17:33:33:675 Termino parse forms vdintermovim.frm
02 17:33:33:675 Ejecutando interfase VDINTERMOVIM
02 17:35:33:690 Empiezo a leer forms vdintermovim.frm
02 17:35:33:694 Termino parse forms vdintermovim.frm
02 17:35:33:695 Ejecutando interfase VDINTERMOVIM
02 17:37:33:705 Empiezo a leer forms vdintermovim.frm
02 17:37:33:710 Termino parse forms vdintermovim.frm
02 17:37:33:710 Ejecutando interfase VDINTERMOVIM
02 17:39:33:735 Empiezo a leer forms vdintermovim.frm
02 17:39:33:742 Termino parse forms vdintermovim.frm
02 17:39:33:742 Ejecutando interfase VDINTERMOVIM
02 17:41:33:767 Empiezo a leer forms vdintermovim.frm
02 17:41:33:775 Termino parse forms vdintermovim.frm
02 17:41:33:775 Ejecutando interfase VDINTERMOVIM
02 17:43:33:789 Empiezo a leer forms vdintermovim.frm
02 17:43:33:792 Termino parse forms vdintermovim.frm
02 17:43:33:792 Ejecutando interfase VDINTERMOVIM
02 17:45:33:810 Empiezo a leer forms vdintermovim.frm
02 17:45:33:814 Termino parse forms vdintermovim.frm
02 17:45:33:815 Ejecutando interfase VDINTERMOVIM
02 17:47:33:830 Empiezo a leer forms vdintermovim.frm
02 17:47:33:837 Termino parse forms vdintermovim.frm
02 17:47:33:837 Ejecutando interfase VDINTERMOVIM
02 17:49:33:860 Empiezo a leer forms vdintermovim.frm
02 17:49:33:865 Termino parse forms vdintermovim.frm
02 17:49:33:865 Ejecutando interfase VDINTERMOVIM
02 17:51:33:872 Empiezo a leer forms vdintermovim.frm
02 17:51:33:875 Termino parse forms vdintermovim.frm
02 17:51:33:875 Ejecutando interfase VDINTERMOVIM
02 17:53:33:890 Empiezo a leer forms vdintermovim.frm
02 17:53:33:895 Termino parse forms vdintermovim.frm
02 17:53:33:895 Ejecutando interfase VDINTERMOVIM

00 17:54:53:305 Fichero de log cerrado.

