00 09:11:28:667 Fichero de log abierto PID 14064

02 09:11:28:670 Intentando abrir fichero v10.ini
02 09:11:28:676 Cargando driver v10oracle funcion damedriveroracle
02 09:11:29:100 Conectado a base de datos
02 09:11:29:102 Proceso ENVIORECEP encontrado en tabla VDPROCESOS
02 09:11:29:107 Proceso ENVIORECEP cargado con función interfasesalida (Librería VDINTERFASES.DLL) direccion 06D8CC80
02 09:11:29:109 PLSQL: INICIALIZADO PAQUETE DE LOG EL DIA 08-04-2022
02 09:11:29:117 Actualizado SID 633 SERIAL 53514 del proceso con PID 14064
00 09:11:29:123 Error al abrir fichero VDST.H
02 09:11:29:125 Empiezo a leer forms vdinterrecep.frm
02 09:11:29:143 Termino parse forms vdinterrecep.frm
02 09:11:29:143 Ejecutando interfase VDINTERRECEP
02 09:12:05:155 Empiezo a leer forms vdinterrecep.frm
02 09:12:05:161 Termino parse forms vdinterrecep.frm
02 09:12:05:161 Ejecutando interfase VDINTERRECEP
02 09:12:41:175 Empiezo a leer forms vdinterrecep.frm
02 09:12:41:183 Termino parse forms vdinterrecep.frm
02 09:12:41:185 Ejecutando interfase VDINTERRECEP
02 09:13:17:202 Empiezo a leer forms vdinterrecep.frm
02 09:13:17:211 Termino parse forms vdinterrecep.frm
02 09:13:17:212 Ejecutando interfase VDINTERRECEP
02 09:13:53:226 Empiezo a leer forms vdinterrecep.frm
02 09:13:53:235 Termino parse forms vdinterrecep.frm
02 09:13:53:235 Ejecutando interfase VDINTERRECEP
02 09:14:29:247 Empiezo a leer forms vdinterrecep.frm
02 09:14:29:257 Termino parse forms vdinterrecep.frm
02 09:14:29:257 Ejecutando interfase VDINTERRECEP
02 09:15:05:273 Empiezo a leer forms vdinterrecep.frm
02 09:15:05:282 Termino parse forms vdinterrecep.frm
02 09:15:05:283 Ejecutando interfase VDINTERRECEP
02 09:15:41:298 Empiezo a leer forms vdinterrecep.frm
02 09:15:41:303 Termino parse forms vdinterrecep.frm
02 09:15:41:303 Ejecutando interfase VDINTERRECEP
02 09:16:17:320 Empiezo a leer forms vdinterrecep.frm
02 09:16:17:328 Termino parse forms vdinterrecep.frm
02 09:16:17:330 Ejecutando interfase VDINTERRECEP
02 09:16:53:347 Empiezo a leer forms vdinterrecep.frm
02 09:16:53:353 Termino parse forms vdinterrecep.frm
02 09:16:53:353 Ejecutando interfase VDINTERRECEP
02 09:17:29:373 Empiezo a leer forms vdinterrecep.frm
02 09:17:29:382 Termino parse forms vdinterrecep.frm
02 09:17:29:383 Ejecutando interfase VDINTERRECEP
02 09:18:05:403 Empiezo a leer forms vdinterrecep.frm
02 09:18:05:413 Termino parse forms vdinterrecep.frm
02 09:18:05:413 Ejecutando interfase VDINTERRECEP
02 09:18:41:430 Empiezo a leer forms vdinterrecep.frm
02 09:18:41:437 Termino parse forms vdinterrecep.frm
02 09:18:41:437 Ejecutando interfase VDINTERRECEP
02 09:19:17:447 Empiezo a leer forms vdinterrecep.frm
02 09:19:17:457 Termino parse forms vdinterrecep.frm
02 09:19:17:457 Ejecutando interfase VDINTERRECEP
02 09:19:53:477 Empiezo a leer forms vdinterrecep.frm
02 09:19:53:483 Termino parse forms vdinterrecep.frm
02 09:19:53:483 Ejecutando interfase VDINTERRECEP
02 09:20:29:507 Empiezo a leer forms vdinterrecep.frm
02 09:20:29:517 Termino parse forms vdinterrecep.frm
02 09:20:29:517 Ejecutando interfase VDINTERRECEP
02 09:21:05:527 Empiezo a leer forms vdinterrecep.frm
02 09:21:05:537 Termino parse forms vdinterrecep.frm
02 09:21:05:537 Ejecutando interfase VDINTERRECEP
02 09:21:41:558 Empiezo a leer forms vdinterrecep.frm
02 09:21:41:567 Termino parse forms vdinterrecep.frm
02 09:21:41:567 Ejecutando interfase VDINTERRECEP
02 09:22:17:582 Empiezo a leer forms vdinterrecep.frm
02 09:22:17:590 Termino parse forms vdinterrecep.frm
02 09:22:17:591 Ejecutando interfase VDINTERRECEP
02 09:22:53:602 Empiezo a leer forms vdinterrecep.frm
02 09:22:53:612 Termino parse forms vdinterrecep.frm
02 09:22:53:612 Ejecutando interfase VDINTERRECEP
02 09:23:29:625 Empiezo a leer forms vdinterrecep.frm
02 09:23:29:633 Termino parse forms vdinterrecep.frm
02 09:23:29:633 Ejecutando interfase VDINTERRECEP
02 09:24:05:657 Empiezo a leer forms vdinterrecep.frm
02 09:24:05:667 Termino parse forms vdinterrecep.frm
02 09:24:05:667 Ejecutando interfase VDINTERRECEP
02 09:24:41:688 Empiezo a leer forms vdinterrecep.frm
02 09:24:41:697 Termino parse forms vdinterrecep.frm
02 09:24:41:697 Ejecutando interfase VDINTERRECEP
02 09:25:17:720 Empiezo a leer forms vdinterrecep.frm
02 09:25:17:728 Termino parse forms vdinterrecep.frm
02 09:25:17:730 Ejecutando interfase VDINTERRECEP
02 09:25:53:752 Empiezo a leer forms vdinterrecep.frm
02 09:25:53:756 Termino parse forms vdinterrecep.frm
02 09:25:53:757 Ejecutando interfase VDINTERRECEP
02 09:26:29:780 Empiezo a leer forms vdinterrecep.frm
02 09:26:29:788 Termino parse forms vdinterrecep.frm
02 09:26:29:788 Ejecutando interfase VDINTERRECEP
02 09:27:05:805 Empiezo a leer forms vdinterrecep.frm
02 09:27:05:815 Termino parse forms vdinterrecep.frm
02 09:27:05:815 Ejecutando interfase VDINTERRECEP
02 09:27:41:835 Empiezo a leer forms vdinterrecep.frm
02 09:27:41:845 Termino parse forms vdinterrecep.frm
02 09:27:41:845 Ejecutando interfase VDINTERRECEP
02 09:28:17:860 Empiezo a leer forms vdinterrecep.frm
02 09:28:17:865 Termino parse forms vdinterrecep.frm
02 09:28:17:865 Ejecutando interfase VDINTERRECEP
02 09:28:53:878 Empiezo a leer forms vdinterrecep.frm
02 09:28:53:887 Termino parse forms vdinterrecep.frm
02 09:28:53:888 Ejecutando interfase VDINTERRECEP
02 09:29:29:902 Empiezo a leer forms vdinterrecep.frm
02 09:29:29:911 Termino parse forms vdinterrecep.frm
02 09:29:29:911 Ejecutando interfase VDINTERRECEP
02 09:30:05:925 Empiezo a leer forms vdinterrecep.frm
02 09:30:05:935 Termino parse forms vdinterrecep.frm
02 09:30:05:935 Ejecutando interfase VDINTERRECEP
02 09:30:41:942 Empiezo a leer forms vdinterrecep.frm
02 09:30:41:952 Termino parse forms vdinterrecep.frm
02 09:30:41:952 Ejecutando interfase VDINTERRECEP
02 09:31:17:976 Empiezo a leer forms vdinterrecep.frm
02 09:31:17:985 Termino parse forms vdinterrecep.frm
02 09:31:17:985 Ejecutando interfase VDINTERRECEP
02 09:31:54:003 Empiezo a leer forms vdinterrecep.frm
02 09:31:54:013 Termino parse forms vdinterrecep.frm
02 09:31:54:013 Ejecutando interfase VDINTERRECEP
02 09:32:30:023 Empiezo a leer forms vdinterrecep.frm
02 09:32:30:032 Termino parse forms vdinterrecep.frm
02 09:32:30:032 Ejecutando interfase VDINTERRECEP
02 09:33:06:047 Empiezo a leer forms vdinterrecep.frm
02 09:33:06:057 Termino parse forms vdinterrecep.frm
02 09:33:06:057 Ejecutando interfase VDINTERRECEP
02 09:33:42:081 Empiezo a leer forms vdinterrecep.frm
02 09:33:42:090 Termino parse forms vdinterrecep.frm
02 09:33:42:090 Ejecutando interfase VDINTERRECEP
02 09:34:18:112 Empiezo a leer forms vdinterrecep.frm
02 09:34:18:121 Termino parse forms vdinterrecep.frm
02 09:34:18:121 Ejecutando interfase VDINTERRECEP
02 09:34:54:137 Empiezo a leer forms vdinterrecep.frm
02 09:34:54:147 Termino parse forms vdinterrecep.frm
02 09:34:54:147 Ejecutando interfase VDINTERRECEP
02 09:35:30:167 Empiezo a leer forms vdinterrecep.frm
02 09:35:30:173 Termino parse forms vdinterrecep.frm
02 09:35:30:173 Ejecutando interfase VDINTERRECEP
02 09:36:06:183 Empiezo a leer forms vdinterrecep.frm
02 09:36:06:193 Termino parse forms vdinterrecep.frm
02 09:36:06:193 Ejecutando interfase VDINTERRECEP
02 09:36:42:206 Empiezo a leer forms vdinterrecep.frm
02 09:36:42:215 Termino parse forms vdinterrecep.frm
02 09:36:42:216 Ejecutando interfase VDINTERRECEP
02 09:37:18:237 Empiezo a leer forms vdinterrecep.frm
02 09:37:18:242 Termino parse forms vdinterrecep.frm
02 09:37:18:242 Ejecutando interfase VDINTERRECEP
02 09:37:54:252 Empiezo a leer forms vdinterrecep.frm
02 09:37:54:261 Termino parse forms vdinterrecep.frm
02 09:37:54:261 Ejecutando interfase VDINTERRECEP
02 09:38:30:280 Empiezo a leer forms vdinterrecep.frm
02 09:38:30:286 Termino parse forms vdinterrecep.frm
02 09:38:30:286 Ejecutando interfase VDINTERRECEP
02 09:39:06:302 Empiezo a leer forms vdinterrecep.frm
02 09:39:06:310 Termino parse forms vdinterrecep.frm
02 09:39:06:310 Ejecutando interfase VDINTERRECEP
02 09:39:42:322 Empiezo a leer forms vdinterrecep.frm
02 09:39:42:332 Termino parse forms vdinterrecep.frm
02 09:39:42:332 Ejecutando interfase VDINTERRECEP
02 09:40:18:347 Empiezo a leer forms vdinterrecep.frm
02 09:40:18:356 Termino parse forms vdinterrecep.frm
02 09:40:18:356 Ejecutando interfase VDINTERRECEP
02 09:40:54:367 Empiezo a leer forms vdinterrecep.frm
02 09:40:54:376 Termino parse forms vdinterrecep.frm
02 09:40:54:376 Ejecutando interfase VDINTERRECEP
02 09:41:30:387 Empiezo a leer forms vdinterrecep.frm
02 09:41:30:396 Termino parse forms vdinterrecep.frm
02 09:41:30:396 Ejecutando interfase VDINTERRECEP
02 09:42:06:417 Empiezo a leer forms vdinterrecep.frm
02 09:42:06:425 Termino parse forms vdinterrecep.frm
02 09:42:06:426 Ejecutando interfase VDINTERRECEP
02 09:42:42:447 Empiezo a leer forms vdinterrecep.frm
02 09:42:42:457 Termino parse forms vdinterrecep.frm
02 09:42:42:457 Ejecutando interfase VDINTERRECEP
02 09:43:18:472 Empiezo a leer forms vdinterrecep.frm
02 09:43:18:477 Termino parse forms vdinterrecep.frm
02 09:43:18:477 Ejecutando interfase VDINTERRECEP
02 09:43:54:491 Empiezo a leer forms vdinterrecep.frm
02 09:43:54:501 Termino parse forms vdinterrecep.frm
02 09:43:54:501 Ejecutando interfase VDINTERRECEP
02 09:44:30:522 Empiezo a leer forms vdinterrecep.frm
02 09:44:30:532 Termino parse forms vdinterrecep.frm
02 09:44:30:532 Ejecutando interfase VDINTERRECEP
02 09:45:06:545 Empiezo a leer forms vdinterrecep.frm
02 09:45:06:553 Termino parse forms vdinterrecep.frm
02 09:45:06:555 Ejecutando interfase VDINTERRECEP
02 09:45:42:572 Empiezo a leer forms vdinterrecep.frm
02 09:45:42:582 Termino parse forms vdinterrecep.frm
02 09:45:42:582 Ejecutando interfase VDINTERRECEP
02 09:46:18:595 Empiezo a leer forms vdinterrecep.frm
02 09:46:18:602 Termino parse forms vdinterrecep.frm
02 09:46:18:603 Ejecutando interfase VDINTERRECEP
02 09:46:54:617 Empiezo a leer forms vdinterrecep.frm
02 09:46:54:623 Termino parse forms vdinterrecep.frm
02 09:46:54:623 Ejecutando interfase VDINTERRECEP
02 09:47:30:636 Empiezo a leer forms vdinterrecep.frm
02 09:47:30:642 Termino parse forms vdinterrecep.frm
02 09:47:30:642 Ejecutando interfase VDINTERRECEP
02 09:48:06:658 Empiezo a leer forms vdinterrecep.frm
02 09:48:06:667 Termino parse forms vdinterrecep.frm
02 09:48:06:667 Ejecutando interfase VDINTERRECEP
02 09:48:42:682 Empiezo a leer forms vdinterrecep.frm
02 09:48:42:691 Termino parse forms vdinterrecep.frm
02 09:48:42:691 Ejecutando interfase VDINTERRECEP
02 09:49:18:708 Empiezo a leer forms vdinterrecep.frm
02 09:49:18:717 Termino parse forms vdinterrecep.frm
02 09:49:18:717 Ejecutando interfase VDINTERRECEP
02 09:49:54:727 Empiezo a leer forms vdinterrecep.frm
02 09:49:54:733 Termino parse forms vdinterrecep.frm
02 09:49:54:733 Ejecutando interfase VDINTERRECEP
02 09:50:30:755 Empiezo a leer forms vdinterrecep.frm
02 09:50:30:758 Termino parse forms vdinterrecep.frm
02 09:50:30:758 Ejecutando interfase VDINTERRECEP
02 09:51:06:777 Empiezo a leer forms vdinterrecep.frm
02 09:51:06:787 Termino parse forms vdinterrecep.frm
02 09:51:06:787 Ejecutando interfase VDINTERRECEP
02 09:51:42:807 Empiezo a leer forms vdinterrecep.frm
02 09:51:42:816 Termino parse forms vdinterrecep.frm
02 09:51:42:816 Ejecutando interfase VDINTERRECEP
02 09:52:18:827 Empiezo a leer forms vdinterrecep.frm
02 09:52:18:837 Termino parse forms vdinterrecep.frm
02 09:52:18:837 Ejecutando interfase VDINTERRECEP
02 09:52:54:850 Empiezo a leer forms vdinterrecep.frm
02 09:52:54:858 Termino parse forms vdinterrecep.frm
02 09:52:54:860 Ejecutando interfase VDINTERRECEP
02 09:53:30:880 Empiezo a leer forms vdinterrecep.frm
02 09:53:30:888 Termino parse forms vdinterrecep.frm
02 09:53:30:888 Ejecutando interfase VDINTERRECEP
02 09:54:06:900 Empiezo a leer forms vdinterrecep.frm
02 09:54:06:905 Termino parse forms vdinterrecep.frm
02 09:54:06:905 Ejecutando interfase VDINTERRECEP
02 09:54:42:912 Empiezo a leer forms vdinterrecep.frm
02 09:54:42:922 Termino parse forms vdinterrecep.frm
02 09:54:42:922 Ejecutando interfase VDINTERRECEP
02 09:55:18:936 Empiezo a leer forms vdinterrecep.frm
02 09:55:18:942 Termino parse forms vdinterrecep.frm
02 09:55:18:942 Ejecutando interfase VDINTERRECEP
02 09:55:54:958 Empiezo a leer forms vdinterrecep.frm
02 09:55:54:967 Termino parse forms vdinterrecep.frm
02 09:55:54:967 Ejecutando interfase VDINTERRECEP
02 09:56:30:987 Empiezo a leer forms vdinterrecep.frm
02 09:56:30:996 Termino parse forms vdinterrecep.frm
02 09:56:30:996 Ejecutando interfase VDINTERRECEP
02 09:57:07:015 Empiezo a leer forms vdinterrecep.frm
02 09:57:07:022 Termino parse forms vdinterrecep.frm
02 09:57:07:022 Ejecutando interfase VDINTERRECEP
02 09:57:43:036 Empiezo a leer forms vdinterrecep.frm
02 09:57:43:042 Termino parse forms vdinterrecep.frm
02 09:57:43:042 Ejecutando interfase VDINTERRECEP
02 09:58:19:053 Empiezo a leer forms vdinterrecep.frm
02 09:58:19:062 Termino parse forms vdinterrecep.frm
02 09:58:19:062 Ejecutando interfase VDINTERRECEP
02 09:58:55:086 Empiezo a leer forms vdinterrecep.frm
02 09:58:55:092 Termino parse forms vdinterrecep.frm
02 09:58:55:092 Ejecutando interfase VDINTERRECEP
02 09:59:31:113 Empiezo a leer forms vdinterrecep.frm
02 09:59:31:122 Termino parse forms vdinterrecep.frm
02 09:59:31:123 Ejecutando interfase VDINTERRECEP
02 10:00:07:147 Empiezo a leer forms vdinterrecep.frm
02 10:00:07:156 Termino parse forms vdinterrecep.frm
02 10:00:07:156 Ejecutando interfase VDINTERRECEP
02 10:00:43:167 Empiezo a leer forms vdinterrecep.frm
02 10:00:43:175 Termino parse forms vdinterrecep.frm
02 10:00:43:176 Ejecutando interfase VDINTERRECEP
02 10:01:19:192 Empiezo a leer forms vdinterrecep.frm
02 10:01:19:202 Termino parse forms vdinterrecep.frm
02 10:01:19:202 Ejecutando interfase VDINTERRECEP
02 10:01:55:216 Empiezo a leer forms vdinterrecep.frm
02 10:01:55:225 Termino parse forms vdinterrecep.frm
02 10:01:55:226 Ejecutando interfase VDINTERRECEP
02 10:02:31:246 Empiezo a leer forms vdinterrecep.frm
02 10:02:31:251 Termino parse forms vdinterrecep.frm
02 10:02:31:251 Ejecutando interfase VDINTERRECEP
02 10:03:07:266 Empiezo a leer forms vdinterrecep.frm
02 10:03:07:275 Termino parse forms vdinterrecep.frm
02 10:03:07:276 Ejecutando interfase VDINTERRECEP
02 10:03:43:296 Empiezo a leer forms vdinterrecep.frm
02 10:03:43:306 Termino parse forms vdinterrecep.frm
02 10:03:43:307 Ejecutando interfase VDINTERRECEP
02 10:04:19:322 Empiezo a leer forms vdinterrecep.frm
02 10:04:19:330 Termino parse forms vdinterrecep.frm
02 10:04:19:331 Ejecutando interfase VDINTERRECEP
02 10:04:55:352 Empiezo a leer forms vdinterrecep.frm
02 10:04:55:361 Termino parse forms vdinterrecep.frm
02 10:04:55:362 Ejecutando interfase VDINTERRECEP
02 10:05:31:380 Empiezo a leer forms vdinterrecep.frm
02 10:05:31:388 Termino parse forms vdinterrecep.frm
02 10:05:31:388 Ejecutando interfase VDINTERRECEP
02 10:06:07:413 Empiezo a leer forms vdinterrecep.frm
02 10:06:07:421 Termino parse forms vdinterrecep.frm
02 10:06:07:422 Ejecutando interfase VDINTERRECEP
02 10:06:43:432 Empiezo a leer forms vdinterrecep.frm
02 10:06:43:442 Termino parse forms vdinterrecep.frm
02 10:06:43:442 Ejecutando interfase VDINTERRECEP
02 10:07:19:456 Empiezo a leer forms vdinterrecep.frm
02 10:07:19:463 Termino parse forms vdinterrecep.frm
02 10:07:19:463 Ejecutando interfase VDINTERRECEP
02 10:07:55:482 Empiezo a leer forms vdinterrecep.frm
02 10:07:55:487 Termino parse forms vdinterrecep.frm
02 10:07:55:488 Ejecutando interfase VDINTERRECEP
02 10:08:31:496 Empiezo a leer forms vdinterrecep.frm
02 10:08:31:506 Termino parse forms vdinterrecep.frm
02 10:08:31:506 Ejecutando interfase VDINTERRECEP
02 10:09:07:513 Empiezo a leer forms vdinterrecep.frm
02 10:09:07:520 Termino parse forms vdinterrecep.frm
02 10:09:07:521 Ejecutando interfase VDINTERRECEP
02 10:09:43:531 Empiezo a leer forms vdinterrecep.frm
02 10:09:43:538 Termino parse forms vdinterrecep.frm
02 10:09:43:538 Ejecutando interfase VDINTERRECEP
02 10:10:19:551 Empiezo a leer forms vdinterrecep.frm
02 10:10:19:561 Termino parse forms vdinterrecep.frm
02 10:10:19:561 Ejecutando interfase VDINTERRECEP
02 10:10:55:571 Empiezo a leer forms vdinterrecep.frm
02 10:10:55:577 Termino parse forms vdinterrecep.frm
02 10:10:55:577 Ejecutando interfase VDINTERRECEP
02 10:11:31:586 Empiezo a leer forms vdinterrecep.frm
02 10:11:31:595 Termino parse forms vdinterrecep.frm
02 10:11:31:595 Ejecutando interfase VDINTERRECEP
02 10:12:07:607 Empiezo a leer forms vdinterrecep.frm
02 10:12:07:617 Termino parse forms vdinterrecep.frm
02 10:12:07:617 Ejecutando interfase VDINTERRECEP
02 10:12:43:633 Empiezo a leer forms vdinterrecep.frm
02 10:12:43:642 Termino parse forms vdinterrecep.frm
02 10:12:43:643 Ejecutando interfase VDINTERRECEP
02 10:13:19:660 Empiezo a leer forms vdinterrecep.frm
02 10:13:19:670 Termino parse forms vdinterrecep.frm
02 10:13:19:671 Ejecutando interfase VDINTERRECEP
02 10:13:55:693 Empiezo a leer forms vdinterrecep.frm
02 10:13:55:702 Termino parse forms vdinterrecep.frm
02 10:13:55:702 Ejecutando interfase VDINTERRECEP
02 10:14:31:713 Empiezo a leer forms vdinterrecep.frm
02 10:14:31:722 Termino parse forms vdinterrecep.frm
02 10:14:31:723 Ejecutando interfase VDINTERRECEP
02 10:15:07:742 Empiezo a leer forms vdinterrecep.frm
02 10:15:07:752 Termino parse forms vdinterrecep.frm
02 10:15:07:752 Ejecutando interfase VDINTERRECEP
02 10:15:43:772 Empiezo a leer forms vdinterrecep.frm
02 10:15:43:780 Termino parse forms vdinterrecep.frm
02 10:15:43:780 Ejecutando interfase VDINTERRECEP
02 10:16:19:796 Empiezo a leer forms vdinterrecep.frm
02 10:16:19:805 Termino parse forms vdinterrecep.frm
02 10:16:19:805 Ejecutando interfase VDINTERRECEP
02 10:16:55:822 Empiezo a leer forms vdinterrecep.frm
02 10:16:55:832 Termino parse forms vdinterrecep.frm
02 10:16:55:832 Ejecutando interfase VDINTERRECEP
02 10:17:31:857 Empiezo a leer forms vdinterrecep.frm
02 10:17:31:867 Termino parse forms vdinterrecep.frm
02 10:17:31:867 Ejecutando interfase VDINTERRECEP
02 10:18:07:877 Empiezo a leer forms vdinterrecep.frm
02 10:18:07:887 Termino parse forms vdinterrecep.frm
02 10:18:07:887 Ejecutando interfase VDINTERRECEP
02 10:18:43:911 Empiezo a leer forms vdinterrecep.frm
02 10:18:43:920 Termino parse forms vdinterrecep.frm
02 10:18:43:920 Ejecutando interfase VDINTERRECEP
02 10:19:19:932 Empiezo a leer forms vdinterrecep.frm
02 10:19:19:938 Termino parse forms vdinterrecep.frm
02 10:19:19:938 Ejecutando interfase VDINTERRECEP
02 10:19:55:947 Empiezo a leer forms vdinterrecep.frm
02 10:19:55:957 Termino parse forms vdinterrecep.frm
02 10:19:55:957 Ejecutando interfase VDINTERRECEP
02 10:20:31:971 Empiezo a leer forms vdinterrecep.frm
02 10:20:31:981 Termino parse forms vdinterrecep.frm
02 10:20:31:982 Ejecutando interfase VDINTERRECEP
02 10:21:08:005 Empiezo a leer forms vdinterrecep.frm
02 10:21:08:015 Termino parse forms vdinterrecep.frm
02 10:21:08:016 Ejecutando interfase VDINTERRECEP
02 10:21:44:036 Empiezo a leer forms vdinterrecep.frm
02 10:21:44:045 Termino parse forms vdinterrecep.frm
02 10:21:44:045 Ejecutando interfase VDINTERRECEP
02 10:22:20:068 Empiezo a leer forms vdinterrecep.frm
02 10:22:20:077 Termino parse forms vdinterrecep.frm
02 10:22:20:077 Ejecutando interfase VDINTERRECEP
02 10:22:56:087 Empiezo a leer forms vdinterrecep.frm
02 10:22:56:097 Termino parse forms vdinterrecep.frm
02 10:22:56:097 Ejecutando interfase VDINTERRECEP
02 10:23:32:122 Empiezo a leer forms vdinterrecep.frm
02 10:23:32:131 Termino parse forms vdinterrecep.frm
02 10:23:32:132 Ejecutando interfase VDINTERRECEP
02 10:24:08:151 Empiezo a leer forms vdinterrecep.frm
02 10:24:08:161 Termino parse forms vdinterrecep.frm
02 10:24:08:161 Ejecutando interfase VDINTERRECEP
02 10:24:44:175 Empiezo a leer forms vdinterrecep.frm
02 10:24:44:183 Termino parse forms vdinterrecep.frm
02 10:24:44:183 Ejecutando interfase VDINTERRECEP
02 10:25:20:202 Empiezo a leer forms vdinterrecep.frm
02 10:25:20:210 Termino parse forms vdinterrecep.frm
02 10:25:20:210 Ejecutando interfase VDINTERRECEP
02 10:25:56:227 Empiezo a leer forms vdinterrecep.frm
02 10:25:56:236 Termino parse forms vdinterrecep.frm
02 10:25:56:236 Ejecutando interfase VDINTERRECEP
02 10:26:32:252 Empiezo a leer forms vdinterrecep.frm
02 10:26:32:262 Termino parse forms vdinterrecep.frm
02 10:26:32:263 Ejecutando interfase VDINTERRECEP
02 10:27:08:283 Empiezo a leer forms vdinterrecep.frm
02 10:27:08:288 Termino parse forms vdinterrecep.frm
02 10:27:08:288 Ejecutando interfase VDINTERRECEP
02 10:27:44:300 Empiezo a leer forms vdinterrecep.frm
02 10:27:44:310 Termino parse forms vdinterrecep.frm
02 10:27:44:310 Ejecutando interfase VDINTERRECEP
02 10:28:20:330 Empiezo a leer forms vdinterrecep.frm
02 10:28:20:338 Termino parse forms vdinterrecep.frm
02 10:28:20:340 Ejecutando interfase VDINTERRECEP
02 10:28:56:355 Empiezo a leer forms vdinterrecep.frm
02 10:28:56:363 Termino parse forms vdinterrecep.frm
02 10:28:56:363 Ejecutando interfase VDINTERRECEP
02 10:29:32:373 Empiezo a leer forms vdinterrecep.frm
02 10:29:32:382 Termino parse forms vdinterrecep.frm
02 10:29:32:382 Ejecutando interfase VDINTERRECEP
02 10:30:08:400 Empiezo a leer forms vdinterrecep.frm
02 10:30:08:407 Termino parse forms vdinterrecep.frm
02 10:30:08:407 Ejecutando interfase VDINTERRECEP
02 10:30:44:420 Empiezo a leer forms vdinterrecep.frm
02 10:30:44:428 Termino parse forms vdinterrecep.frm
02 10:30:44:428 Ejecutando interfase VDINTERRECEP
02 10:31:20:447 Empiezo a leer forms vdinterrecep.frm
02 10:31:20:457 Termino parse forms vdinterrecep.frm
02 10:31:20:457 Ejecutando interfase VDINTERRECEP
02 10:31:56:475 Empiezo a leer forms vdinterrecep.frm
02 10:31:56:483 Termino parse forms vdinterrecep.frm
02 10:31:56:483 Ejecutando interfase VDINTERRECEP
02 10:32:32:506 Empiezo a leer forms vdinterrecep.frm
02 10:32:32:515 Termino parse forms vdinterrecep.frm
02 10:32:32:516 Ejecutando interfase VDINTERRECEP
02 10:33:08:530 Empiezo a leer forms vdinterrecep.frm
02 10:33:08:538 Termino parse forms vdinterrecep.frm
02 10:33:08:538 Ejecutando interfase VDINTERRECEP
02 10:33:44:550 Empiezo a leer forms vdinterrecep.frm
02 10:33:44:558 Termino parse forms vdinterrecep.frm
02 10:33:44:558 Ejecutando interfase VDINTERRECEP
02 10:34:20:571 Empiezo a leer forms vdinterrecep.frm
02 10:34:20:577 Termino parse forms vdinterrecep.frm
02 10:34:20:578 Ejecutando interfase VDINTERRECEP
02 10:34:56:592 Empiezo a leer forms vdinterrecep.frm
02 10:34:56:602 Termino parse forms vdinterrecep.frm
02 10:34:56:602 Ejecutando interfase VDINTERRECEP
02 10:35:32:626 Empiezo a leer forms vdinterrecep.frm
02 10:35:32:635 Termino parse forms vdinterrecep.frm
02 10:35:32:636 Ejecutando interfase VDINTERRECEP
02 10:36:08:653 Empiezo a leer forms vdinterrecep.frm
02 10:36:08:662 Termino parse forms vdinterrecep.frm
02 10:36:08:663 Ejecutando interfase VDINTERRECEP
02 10:36:43:597 Empiezo a leer forms vdinterrecep.frm
02 10:36:43:602 Termino parse forms vdinterrecep.frm
02 10:36:43:602 Ejecutando interfase VDINTERRECEP
02 10:37:19:612 Empiezo a leer forms vdinterrecep.frm
02 10:37:19:621 Termino parse forms vdinterrecep.frm
02 10:37:19:621 Ejecutando interfase VDINTERRECEP
02 10:37:55:638 Empiezo a leer forms vdinterrecep.frm
02 10:37:55:648 Termino parse forms vdinterrecep.frm
02 10:37:55:648 Ejecutando interfase VDINTERRECEP
02 10:38:31:665 Empiezo a leer forms vdinterrecep.frm
02 10:38:31:673 Termino parse forms vdinterrecep.frm
02 10:38:31:673 Ejecutando interfase VDINTERRECEP
02 10:39:07:691 Empiezo a leer forms vdinterrecep.frm
02 10:39:07:701 Termino parse forms vdinterrecep.frm
02 10:39:07:702 Ejecutando interfase VDINTERRECEP
02 10:39:43:722 Empiezo a leer forms vdinterrecep.frm
02 10:39:43:732 Termino parse forms vdinterrecep.frm
02 10:39:43:732 Ejecutando interfase VDINTERRECEP
02 10:40:19:752 Empiezo a leer forms vdinterrecep.frm
02 10:40:19:762 Termino parse forms vdinterrecep.frm
02 10:40:19:762 Ejecutando interfase VDINTERRECEP
02 10:40:55:781 Empiezo a leer forms vdinterrecep.frm
02 10:40:55:786 Termino parse forms vdinterrecep.frm
02 10:40:55:786 Ejecutando interfase VDINTERRECEP
02 10:41:31:806 Empiezo a leer forms vdinterrecep.frm
02 10:41:31:813 Termino parse forms vdinterrecep.frm
02 10:41:31:815 Ejecutando interfase VDINTERRECEP
02 10:42:07:825 Empiezo a leer forms vdinterrecep.frm
02 10:42:07:836 Termino parse forms vdinterrecep.frm
02 10:42:07:836 Ejecutando interfase VDINTERRECEP
02 10:42:43:852 Empiezo a leer forms vdinterrecep.frm
02 10:42:43:862 Termino parse forms vdinterrecep.frm
02 10:42:43:863 Ejecutando interfase VDINTERRECEP
02 10:43:19:876 Empiezo a leer forms vdinterrecep.frm
02 10:43:19:887 Termino parse forms vdinterrecep.frm
02 10:43:19:887 Ejecutando interfase VDINTERRECEP
02 10:43:55:906 Empiezo a leer forms vdinterrecep.frm
02 10:43:55:917 Termino parse forms vdinterrecep.frm
02 10:43:55:917 Ejecutando interfase VDINTERRECEP
02 10:44:31:941 Empiezo a leer forms vdinterrecep.frm
02 10:44:31:952 Termino parse forms vdinterrecep.frm
02 10:44:31:952 Ejecutando interfase VDINTERRECEP
02 10:45:07:962 Empiezo a leer forms vdinterrecep.frm
02 10:45:07:975 Termino parse forms vdinterrecep.frm
02 10:45:07:975 Ejecutando interfase VDINTERRECEP
02 10:45:44:001 Empiezo a leer forms vdinterrecep.frm
02 10:45:44:011 Termino parse forms vdinterrecep.frm
02 10:45:44:012 Ejecutando interfase VDINTERRECEP
02 10:46:20:026 Empiezo a leer forms vdinterrecep.frm
02 10:46:20:037 Termino parse forms vdinterrecep.frm
02 10:46:20:038 Ejecutando interfase VDINTERRECEP
02 10:46:56:050 Empiezo a leer forms vdinterrecep.frm
02 10:46:56:055 Termino parse forms vdinterrecep.frm
02 10:46:56:055 Ejecutando interfase VDINTERRECEP
02 10:47:32:063 Empiezo a leer forms vdinterrecep.frm
02 10:47:32:067 Termino parse forms vdinterrecep.frm
02 10:47:32:067 Ejecutando interfase VDINTERRECEP
02 10:48:08:087 Empiezo a leer forms vdinterrecep.frm
02 10:48:08:092 Termino parse forms vdinterrecep.frm
02 10:48:08:092 Ejecutando interfase VDINTERRECEP
02 10:48:44:106 Empiezo a leer forms vdinterrecep.frm
02 10:48:44:112 Termino parse forms vdinterrecep.frm
02 10:48:44:112 Ejecutando interfase VDINTERRECEP
02 10:49:20:122 Empiezo a leer forms vdinterrecep.frm
02 10:49:20:128 Termino parse forms vdinterrecep.frm
02 10:49:20:128 Ejecutando interfase VDINTERRECEP
02 10:49:56:137 Empiezo a leer forms vdinterrecep.frm
02 10:49:56:142 Termino parse forms vdinterrecep.frm
02 10:49:56:142 Ejecutando interfase VDINTERRECEP
02 10:50:32:153 Empiezo a leer forms vdinterrecep.frm
02 10:50:32:161 Termino parse forms vdinterrecep.frm
02 10:50:32:161 Ejecutando interfase VDINTERRECEP
02 10:51:08:183 Empiezo a leer forms vdinterrecep.frm
02 10:51:08:190 Termino parse forms vdinterrecep.frm
02 10:51:08:190 Ejecutando interfase VDINTERRECEP
02 10:51:44:210 Empiezo a leer forms vdinterrecep.frm
02 10:51:44:216 Termino parse forms vdinterrecep.frm
02 10:51:44:216 Ejecutando interfase VDINTERRECEP
02 10:52:20:227 Empiezo a leer forms vdinterrecep.frm
02 10:52:20:235 Termino parse forms vdinterrecep.frm
02 10:52:20:235 Ejecutando interfase VDINTERRECEP
02 10:52:56:245 Empiezo a leer forms vdinterrecep.frm
02 10:52:56:253 Termino parse forms vdinterrecep.frm
02 10:52:56:253 Ejecutando interfase VDINTERRECEP
02 10:53:32:262 Empiezo a leer forms vdinterrecep.frm
02 10:53:32:270 Termino parse forms vdinterrecep.frm
02 10:53:32:270 Ejecutando interfase VDINTERRECEP
02 10:54:08:278 Empiezo a leer forms vdinterrecep.frm
02 10:54:08:285 Termino parse forms vdinterrecep.frm
02 10:54:08:286 Ejecutando interfase VDINTERRECEP
02 10:54:44:296 Empiezo a leer forms vdinterrecep.frm
02 10:54:44:301 Termino parse forms vdinterrecep.frm
02 10:54:44:301 Ejecutando interfase VDINTERRECEP
02 10:55:20:312 Empiezo a leer forms vdinterrecep.frm
02 10:55:20:321 Termino parse forms vdinterrecep.frm
02 10:55:20:322 Ejecutando interfase VDINTERRECEP
02 10:55:56:342 Empiezo a leer forms vdinterrecep.frm
02 10:55:56:350 Termino parse forms vdinterrecep.frm
02 10:55:56:351 Ejecutando interfase VDINTERRECEP
02 10:56:32:357 Empiezo a leer forms vdinterrecep.frm
02 10:56:32:367 Termino parse forms vdinterrecep.frm
02 10:56:32:367 Ejecutando interfase VDINTERRECEP
02 10:57:08:375 Empiezo a leer forms vdinterrecep.frm
02 10:57:08:380 Termino parse forms vdinterrecep.frm
02 10:57:08:380 Ejecutando interfase VDINTERRECEP
02 10:57:44:387 Empiezo a leer forms vdinterrecep.frm
02 10:57:44:395 Termino parse forms vdinterrecep.frm
02 10:57:44:395 Ejecutando interfase VDINTERRECEP
02 10:58:20:408 Empiezo a leer forms vdinterrecep.frm
02 10:58:20:413 Termino parse forms vdinterrecep.frm
02 10:58:20:415 Ejecutando interfase VDINTERRECEP
02 10:58:56:435 Empiezo a leer forms vdinterrecep.frm
02 10:58:56:443 Termino parse forms vdinterrecep.frm
02 10:58:56:445 Ejecutando interfase VDINTERRECEP
02 10:59:32:455 Empiezo a leer forms vdinterrecep.frm
02 10:59:32:463 Termino parse forms vdinterrecep.frm
02 10:59:32:465 Ejecutando interfase VDINTERRECEP
02 11:00:08:473 Empiezo a leer forms vdinterrecep.frm
02 11:00:08:478 Termino parse forms vdinterrecep.frm
02 11:00:08:478 Ejecutando interfase VDINTERRECEP
02 11:00:44:501 Empiezo a leer forms vdinterrecep.frm
02 11:00:44:505 Termino parse forms vdinterrecep.frm
02 11:00:44:506 Ejecutando interfase VDINTERRECEP
02 11:01:20:527 Empiezo a leer forms vdinterrecep.frm
02 11:01:20:533 Termino parse forms vdinterrecep.frm
02 11:01:20:533 Ejecutando interfase VDINTERRECEP
02 11:01:56:552 Empiezo a leer forms vdinterrecep.frm
02 11:01:56:561 Termino parse forms vdinterrecep.frm
02 11:01:56:561 Ejecutando interfase VDINTERRECEP
02 11:02:32:577 Empiezo a leer forms vdinterrecep.frm
02 11:02:32:582 Termino parse forms vdinterrecep.frm
02 11:02:32:582 Ejecutando interfase VDINTERRECEP
02 11:03:08:593 Empiezo a leer forms vdinterrecep.frm
02 11:03:08:602 Termino parse forms vdinterrecep.frm
02 11:03:08:602 Ejecutando interfase VDINTERRECEP
02 11:03:44:615 Empiezo a leer forms vdinterrecep.frm
02 11:03:44:620 Termino parse forms vdinterrecep.frm
02 11:03:44:620 Ejecutando interfase VDINTERRECEP
02 11:04:20:637 Empiezo a leer forms vdinterrecep.frm
02 11:04:20:645 Termino parse forms vdinterrecep.frm
02 11:04:20:646 Ejecutando interfase VDINTERRECEP
02 11:04:56:668 Empiezo a leer forms vdinterrecep.frm
02 11:04:56:673 Termino parse forms vdinterrecep.frm
02 11:04:56:673 Ejecutando interfase VDINTERRECEP
02 11:05:32:682 Empiezo a leer forms vdinterrecep.frm
02 11:05:32:691 Termino parse forms vdinterrecep.frm
02 11:05:32:692 Ejecutando interfase VDINTERRECEP
02 11:06:08:705 Empiezo a leer forms vdinterrecep.frm
02 11:06:08:713 Termino parse forms vdinterrecep.frm
02 11:06:08:715 Ejecutando interfase VDINTERRECEP
02 11:06:44:728 Empiezo a leer forms vdinterrecep.frm
02 11:06:44:736 Termino parse forms vdinterrecep.frm
02 11:06:44:736 Ejecutando interfase VDINTERRECEP
02 11:38:45:242 Empiezo a leer forms vdinterrecep.frm
02 11:38:45:250 Termino parse forms vdinterrecep.frm
02 11:38:45:970 Ejecutando interfase VDINTERRECEP
02 11:39:22:025 Empiezo a leer forms vdinterrecep.frm
02 11:39:22:034 Termino parse forms vdinterrecep.frm
02 11:39:22:035 Ejecutando interfase VDINTERRECEP
02 11:39:58:052 Empiezo a leer forms vdinterrecep.frm
02 11:39:58:059 Termino parse forms vdinterrecep.frm
02 11:39:58:059 Ejecutando interfase VDINTERRECEP
02 11:40:34:072 Empiezo a leer forms vdinterrecep.frm
02 11:40:34:080 Termino parse forms vdinterrecep.frm
02 11:40:34:080 Ejecutando interfase VDINTERRECEP
02 11:41:10:089 Empiezo a leer forms vdinterrecep.frm
02 11:41:10:094 Termino parse forms vdinterrecep.frm
02 11:41:10:095 Ejecutando interfase VDINTERRECEP
02 11:41:46:112 Empiezo a leer forms vdinterrecep.frm
02 11:41:46:120 Termino parse forms vdinterrecep.frm
02 11:41:46:120 Ejecutando interfase VDINTERRECEP
02 11:42:22:130 Empiezo a leer forms vdinterrecep.frm
02 11:42:22:140 Termino parse forms vdinterrecep.frm
02 11:42:22:140 Ejecutando interfase VDINTERRECEP
02 11:42:58:160 Empiezo a leer forms vdinterrecep.frm
02 11:42:58:170 Termino parse forms vdinterrecep.frm
02 11:42:58:170 Ejecutando interfase VDINTERRECEP
02 11:43:34:189 Empiezo a leer forms vdinterrecep.frm
02 11:43:34:194 Termino parse forms vdinterrecep.frm
02 11:43:34:194 Ejecutando interfase VDINTERRECEP
02 11:44:10:202 Empiezo a leer forms vdinterrecep.frm
02 11:44:10:207 Termino parse forms vdinterrecep.frm
02 11:44:10:207 Ejecutando interfase VDINTERRECEP
02 11:44:46:225 Empiezo a leer forms vdinterrecep.frm
02 11:44:46:232 Termino parse forms vdinterrecep.frm
02 11:44:46:232 Ejecutando interfase VDINTERRECEP
02 11:45:22:242 Empiezo a leer forms vdinterrecep.frm
02 11:45:22:250 Termino parse forms vdinterrecep.frm
02 11:45:22:250 Ejecutando interfase VDINTERRECEP
02 11:45:58:272 Empiezo a leer forms vdinterrecep.frm
02 11:45:58:279 Termino parse forms vdinterrecep.frm
02 11:45:58:279 Ejecutando interfase VDINTERRECEP
02 11:46:34:290 Empiezo a leer forms vdinterrecep.frm
02 11:46:34:299 Termino parse forms vdinterrecep.frm
02 11:46:34:299 Ejecutando interfase VDINTERRECEP
02 11:47:10:317 Empiezo a leer forms vdinterrecep.frm
02 11:47:10:322 Termino parse forms vdinterrecep.frm
02 11:47:10:324 Ejecutando interfase VDINTERRECEP
02 11:47:46:332 Empiezo a leer forms vdinterrecep.frm
02 11:47:46:342 Termino parse forms vdinterrecep.frm
02 11:47:46:342 Ejecutando interfase VDINTERRECEP
02 11:48:22:364 Empiezo a leer forms vdinterrecep.frm
02 11:48:22:370 Termino parse forms vdinterrecep.frm
02 11:48:22:370 Ejecutando interfase VDINTERRECEP
02 11:48:58:387 Empiezo a leer forms vdinterrecep.frm
02 11:48:58:395 Termino parse forms vdinterrecep.frm
02 11:48:58:395 Ejecutando interfase VDINTERRECEP
02 11:49:34:407 Empiezo a leer forms vdinterrecep.frm
02 11:49:34:414 Termino parse forms vdinterrecep.frm
02 11:49:34:415 Ejecutando interfase VDINTERRECEP
02 11:50:10:435 Empiezo a leer forms vdinterrecep.frm
02 11:50:10:442 Termino parse forms vdinterrecep.frm
02 11:50:10:442 Ejecutando interfase VDINTERRECEP
02 11:50:46:452 Empiezo a leer forms vdinterrecep.frm
02 11:50:46:460 Termino parse forms vdinterrecep.frm
02 11:50:46:460 Ejecutando interfase VDINTERRECEP
02 11:51:22:469 Empiezo a leer forms vdinterrecep.frm
02 11:51:22:487 Termino parse forms vdinterrecep.frm
02 11:51:22:500 Ejecutando interfase VDINTERRECEP
02 11:51:58:512 Empiezo a leer forms vdinterrecep.frm
02 11:51:58:517 Termino parse forms vdinterrecep.frm
02 11:51:58:517 Ejecutando interfase VDINTERRECEP
02 11:52:34:532 Empiezo a leer forms vdinterrecep.frm
02 11:52:34:537 Termino parse forms vdinterrecep.frm
02 11:52:34:537 Ejecutando interfase VDINTERRECEP
02 11:53:10:557 Empiezo a leer forms vdinterrecep.frm
02 11:53:10:564 Termino parse forms vdinterrecep.frm
02 11:53:10:564 Ejecutando interfase VDINTERRECEP
02 11:53:46:572 Empiezo a leer forms vdinterrecep.frm
02 11:53:46:580 Termino parse forms vdinterrecep.frm
02 11:53:46:580 Ejecutando interfase VDINTERRECEP
02 11:54:22:595 Empiezo a leer forms vdinterrecep.frm
02 11:54:22:602 Termino parse forms vdinterrecep.frm
02 11:54:22:602 Ejecutando interfase VDINTERRECEP
02 11:54:58:607 Empiezo a leer forms vdinterrecep.frm
02 11:54:58:615 Termino parse forms vdinterrecep.frm
02 11:54:58:615 Ejecutando interfase VDINTERRECEP
02 11:55:34:635 Empiezo a leer forms vdinterrecep.frm
02 11:55:34:642 Termino parse forms vdinterrecep.frm
02 11:55:34:642 Ejecutando interfase VDINTERRECEP
02 11:56:10:660 Empiezo a leer forms vdinterrecep.frm
02 11:56:10:670 Termino parse forms vdinterrecep.frm
02 11:56:10:670 Ejecutando interfase VDINTERRECEP
02 11:56:46:692 Empiezo a leer forms vdinterrecep.frm
02 11:56:46:702 Termino parse forms vdinterrecep.frm
02 11:56:46:702 Ejecutando interfase VDINTERRECEP
02 11:57:22:712 Empiezo a leer forms vdinterrecep.frm
02 11:57:22:720 Termino parse forms vdinterrecep.frm
02 11:57:22:722 Ejecutando interfase VDINTERRECEP
02 11:57:58:735 Empiezo a leer forms vdinterrecep.frm
02 11:57:58:744 Termino parse forms vdinterrecep.frm
02 11:57:58:745 Ejecutando interfase VDINTERRECEP
02 11:58:34:757 Empiezo a leer forms vdinterrecep.frm
02 11:58:34:765 Termino parse forms vdinterrecep.frm
02 11:58:34:765 Ejecutando interfase VDINTERRECEP
02 11:59:10:777 Empiezo a leer forms vdinterrecep.frm
02 11:59:10:787 Termino parse forms vdinterrecep.frm
02 11:59:10:787 Ejecutando interfase VDINTERRECEP
02 11:59:46:797 Empiezo a leer forms vdinterrecep.frm
02 11:59:46:805 Termino parse forms vdinterrecep.frm
02 11:59:46:805 Ejecutando interfase VDINTERRECEP
02 12:00:22:825 Empiezo a leer forms vdinterrecep.frm
02 12:00:22:832 Termino parse forms vdinterrecep.frm
02 12:00:22:832 Ejecutando interfase VDINTERRECEP
02 12:00:58:840 Empiezo a leer forms vdinterrecep.frm
02 12:00:58:847 Termino parse forms vdinterrecep.frm
02 12:00:58:847 Ejecutando interfase VDINTERRECEP
02 12:01:34:855 Empiezo a leer forms vdinterrecep.frm
02 12:01:34:865 Termino parse forms vdinterrecep.frm
02 12:01:34:865 Ejecutando interfase VDINTERRECEP
02 12:02:10:872 Empiezo a leer forms vdinterrecep.frm
02 12:02:10:877 Termino parse forms vdinterrecep.frm
02 12:02:10:877 Ejecutando interfase VDINTERRECEP
02 12:02:46:897 Empiezo a leer forms vdinterrecep.frm
02 12:02:46:900 Termino parse forms vdinterrecep.frm
02 12:02:46:900 Ejecutando interfase VDINTERRECEP
02 12:03:22:910 Empiezo a leer forms vdinterrecep.frm
02 12:03:22:919 Termino parse forms vdinterrecep.frm
02 12:03:22:919 Ejecutando interfase VDINTERRECEP
02 12:03:58:940 Empiezo a leer forms vdinterrecep.frm
02 12:03:58:950 Termino parse forms vdinterrecep.frm
02 12:03:58:950 Ejecutando interfase VDINTERRECEP
02 12:04:34:970 Empiezo a leer forms vdinterrecep.frm
02 12:04:34:979 Termino parse forms vdinterrecep.frm
02 12:04:34:979 Ejecutando interfase VDINTERRECEP
02 12:05:10:999 Empiezo a leer forms vdinterrecep.frm
02 12:05:11:005 Termino parse forms vdinterrecep.frm
02 12:05:11:005 Ejecutando interfase VDINTERRECEP
02 12:05:47:024 Empiezo a leer forms vdinterrecep.frm
02 12:05:47:032 Termino parse forms vdinterrecep.frm
02 12:05:47:032 Ejecutando interfase VDINTERRECEP
02 12:06:23:055 Empiezo a leer forms vdinterrecep.frm
02 12:06:23:060 Termino parse forms vdinterrecep.frm
02 12:06:23:060 Ejecutando interfase VDINTERRECEP
02 12:06:59:070 Empiezo a leer forms vdinterrecep.frm
02 12:06:59:077 Termino parse forms vdinterrecep.frm
02 12:06:59:077 Ejecutando interfase VDINTERRECEP
02 12:07:35:082 Empiezo a leer forms vdinterrecep.frm
02 12:07:35:089 Termino parse forms vdinterrecep.frm
02 12:07:35:090 Ejecutando interfase VDINTERRECEP
02 12:08:11:100 Empiezo a leer forms vdinterrecep.frm
02 12:08:11:107 Termino parse forms vdinterrecep.frm
02 12:08:11:107 Ejecutando interfase VDINTERRECEP
02 12:08:47:117 Empiezo a leer forms vdinterrecep.frm
02 12:08:47:124 Termino parse forms vdinterrecep.frm
02 12:08:47:125 Ejecutando interfase VDINTERRECEP
02 12:09:23:140 Empiezo a leer forms vdinterrecep.frm
02 12:09:23:150 Termino parse forms vdinterrecep.frm
02 12:09:23:150 Ejecutando interfase VDINTERRECEP
02 12:09:59:160 Empiezo a leer forms vdinterrecep.frm
02 12:09:59:170 Termino parse forms vdinterrecep.frm
02 12:09:59:170 Ejecutando interfase VDINTERRECEP
02 12:10:35:182 Empiezo a leer forms vdinterrecep.frm
02 12:10:35:189 Termino parse forms vdinterrecep.frm
02 12:10:35:189 Ejecutando interfase VDINTERRECEP
02 12:11:11:205 Empiezo a leer forms vdinterrecep.frm
02 12:11:11:210 Termino parse forms vdinterrecep.frm
02 12:11:11:210 Ejecutando interfase VDINTERRECEP
02 12:11:47:227 Empiezo a leer forms vdinterrecep.frm
02 12:11:47:234 Termino parse forms vdinterrecep.frm
02 12:11:47:234 Ejecutando interfase VDINTERRECEP
02 12:12:23:249 Empiezo a leer forms vdinterrecep.frm
02 12:12:23:255 Termino parse forms vdinterrecep.frm
02 12:12:23:255 Ejecutando interfase VDINTERRECEP
02 12:12:59:277 Empiezo a leer forms vdinterrecep.frm
02 12:12:59:285 Termino parse forms vdinterrecep.frm
02 12:12:59:285 Ejecutando interfase VDINTERRECEP
02 12:13:35:302 Empiezo a leer forms vdinterrecep.frm
02 12:13:35:309 Termino parse forms vdinterrecep.frm
02 12:13:35:309 Ejecutando interfase VDINTERRECEP
02 12:14:11:319 Empiezo a leer forms vdinterrecep.frm
02 12:14:11:327 Termino parse forms vdinterrecep.frm
02 12:14:11:327 Ejecutando interfase VDINTERRECEP
02 12:14:47:349 Empiezo a leer forms vdinterrecep.frm
02 12:14:47:355 Termino parse forms vdinterrecep.frm
02 12:14:47:355 Ejecutando interfase VDINTERRECEP
02 12:15:23:372 Empiezo a leer forms vdinterrecep.frm
02 12:15:23:380 Termino parse forms vdinterrecep.frm
02 12:15:23:382 Ejecutando interfase VDINTERRECEP
02 12:15:59:402 Empiezo a leer forms vdinterrecep.frm
02 12:15:59:407 Termino parse forms vdinterrecep.frm
02 12:15:59:407 Ejecutando interfase VDINTERRECEP
02 12:16:35:425 Empiezo a leer forms vdinterrecep.frm
02 12:16:35:432 Termino parse forms vdinterrecep.frm
02 12:16:35:434 Ejecutando interfase VDINTERRECEP
02 12:17:11:457 Empiezo a leer forms vdinterrecep.frm
02 12:17:11:467 Termino parse forms vdinterrecep.frm
02 12:17:11:467 Ejecutando interfase VDINTERRECEP
02 12:17:47:485 Empiezo a leer forms vdinterrecep.frm
02 12:17:47:492 Termino parse forms vdinterrecep.frm
02 12:17:47:492 Ejecutando interfase VDINTERRECEP
02 12:18:23:509 Empiezo a leer forms vdinterrecep.frm
02 12:18:23:515 Termino parse forms vdinterrecep.frm
02 12:18:23:515 Ejecutando interfase VDINTERRECEP
02 12:18:59:524 Empiezo a leer forms vdinterrecep.frm
02 12:18:59:532 Termino parse forms vdinterrecep.frm
02 12:18:59:532 Ejecutando interfase VDINTERRECEP
02 12:19:35:545 Empiezo a leer forms vdinterrecep.frm
02 12:19:35:555 Termino parse forms vdinterrecep.frm
02 12:19:35:555 Ejecutando interfase VDINTERRECEP
02 12:20:11:565 Empiezo a leer forms vdinterrecep.frm
02 12:20:11:572 Termino parse forms vdinterrecep.frm
02 12:20:11:572 Ejecutando interfase VDINTERRECEP
02 12:20:47:590 Empiezo a leer forms vdinterrecep.frm
02 12:20:47:599 Termino parse forms vdinterrecep.frm
02 12:20:47:599 Ejecutando interfase VDINTERRECEP
02 12:21:23:607 Empiezo a leer forms vdinterrecep.frm
02 12:21:23:617 Termino parse forms vdinterrecep.frm
02 12:21:23:617 Ejecutando interfase VDINTERRECEP
02 12:21:59:627 Empiezo a leer forms vdinterrecep.frm
02 12:21:59:632 Termino parse forms vdinterrecep.frm
02 12:21:59:632 Ejecutando interfase VDINTERRECEP
02 12:22:35:655 Empiezo a leer forms vdinterrecep.frm
02 12:22:35:665 Termino parse forms vdinterrecep.frm
02 12:22:35:665 Ejecutando interfase VDINTERRECEP
02 12:23:11:675 Empiezo a leer forms vdinterrecep.frm
02 12:23:11:680 Termino parse forms vdinterrecep.frm
02 12:23:11:680 Ejecutando interfase VDINTERRECEP
02 12:23:47:700 Empiezo a leer forms vdinterrecep.frm
02 12:23:47:707 Termino parse forms vdinterrecep.frm
02 12:23:47:707 Ejecutando interfase VDINTERRECEP
02 12:24:23:729 Empiezo a leer forms vdinterrecep.frm
02 12:24:23:735 Termino parse forms vdinterrecep.frm
02 12:24:23:737 Ejecutando interfase VDINTERRECEP
02 12:24:59:755 Empiezo a leer forms vdinterrecep.frm
02 12:24:59:765 Termino parse forms vdinterrecep.frm
02 12:24:59:765 Ejecutando interfase VDINTERRECEP
02 12:25:35:784 Empiezo a leer forms vdinterrecep.frm
02 12:25:35:790 Termino parse forms vdinterrecep.frm
02 12:25:35:790 Ejecutando interfase VDINTERRECEP
02 12:26:11:804 Empiezo a leer forms vdinterrecep.frm
02 12:26:11:812 Termino parse forms vdinterrecep.frm
02 12:26:11:812 Ejecutando interfase VDINTERRECEP
02 12:26:47:825 Empiezo a leer forms vdinterrecep.frm
02 12:26:47:834 Termino parse forms vdinterrecep.frm
02 12:26:47:834 Ejecutando interfase VDINTERRECEP
02 12:27:23:842 Empiezo a leer forms vdinterrecep.frm
02 12:27:23:847 Termino parse forms vdinterrecep.frm
02 12:27:23:849 Ejecutando interfase VDINTERRECEP
02 12:27:59:862 Empiezo a leer forms vdinterrecep.frm
02 12:27:59:867 Termino parse forms vdinterrecep.frm
02 12:27:59:867 Ejecutando interfase VDINTERRECEP
02 12:28:35:890 Empiezo a leer forms vdinterrecep.frm
02 12:28:35:897 Termino parse forms vdinterrecep.frm
02 12:28:35:897 Ejecutando interfase VDINTERRECEP
02 12:29:11:912 Empiezo a leer forms vdinterrecep.frm
02 12:29:11:920 Termino parse forms vdinterrecep.frm
02 12:29:11:920 Ejecutando interfase VDINTERRECEP
02 12:29:47:940 Empiezo a leer forms vdinterrecep.frm
02 12:29:47:947 Termino parse forms vdinterrecep.frm
02 12:29:47:947 Ejecutando interfase VDINTERRECEP
02 12:30:23:962 Empiezo a leer forms vdinterrecep.frm
02 12:30:23:969 Termino parse forms vdinterrecep.frm
02 12:30:23:969 Ejecutando interfase VDINTERRECEP
02 12:30:59:985 Empiezo a leer forms vdinterrecep.frm
02 12:30:59:994 Termino parse forms vdinterrecep.frm
02 12:30:59:995 Ejecutando interfase VDINTERRECEP
02 12:31:36:015 Empiezo a leer forms vdinterrecep.frm
02 12:31:36:022 Termino parse forms vdinterrecep.frm
02 12:31:36:022 Ejecutando interfase VDINTERRECEP
02 12:32:12:044 Empiezo a leer forms vdinterrecep.frm
02 12:32:12:052 Termino parse forms vdinterrecep.frm
02 12:32:12:052 Ejecutando interfase VDINTERRECEP
02 12:32:48:067 Empiezo a leer forms vdinterrecep.frm
02 12:32:48:074 Termino parse forms vdinterrecep.frm
02 12:32:48:075 Ejecutando interfase VDINTERRECEP
02 12:33:24:090 Empiezo a leer forms vdinterrecep.frm
02 12:33:24:097 Termino parse forms vdinterrecep.frm
02 12:33:24:097 Ejecutando interfase VDINTERRECEP
02 12:34:00:120 Empiezo a leer forms vdinterrecep.frm
02 12:34:00:132 Termino parse forms vdinterrecep.frm
02 12:34:00:132 Ejecutando interfase VDINTERRECEP
02 12:34:36:144 Empiezo a leer forms vdinterrecep.frm
02 12:34:36:150 Termino parse forms vdinterrecep.frm
02 12:34:36:150 Ejecutando interfase VDINTERRECEP
02 12:35:12:170 Empiezo a leer forms vdinterrecep.frm
02 12:35:12:179 Termino parse forms vdinterrecep.frm
02 12:35:12:180 Ejecutando interfase VDINTERRECEP
02 12:35:48:190 Empiezo a leer forms vdinterrecep.frm
02 12:35:48:199 Termino parse forms vdinterrecep.frm
02 12:35:48:200 Ejecutando interfase VDINTERRECEP
02 12:36:24:220 Empiezo a leer forms vdinterrecep.frm
02 12:36:24:227 Termino parse forms vdinterrecep.frm
02 12:36:24:227 Ejecutando interfase VDINTERRECEP
02 12:37:00:240 Empiezo a leer forms vdinterrecep.frm
02 12:37:00:247 Termino parse forms vdinterrecep.frm
02 12:37:00:247 Ejecutando interfase VDINTERRECEP
02 12:37:36:260 Empiezo a leer forms vdinterrecep.frm
02 12:37:36:267 Termino parse forms vdinterrecep.frm
02 12:37:36:267 Ejecutando interfase VDINTERRECEP
02 12:38:12:277 Empiezo a leer forms vdinterrecep.frm
02 12:38:12:287 Termino parse forms vdinterrecep.frm
02 12:38:12:287 Ejecutando interfase VDINTERRECEP
02 12:38:48:302 Empiezo a leer forms vdinterrecep.frm
02 12:38:48:310 Termino parse forms vdinterrecep.frm
02 12:38:48:310 Ejecutando interfase VDINTERRECEP
02 12:39:24:322 Empiezo a leer forms vdinterrecep.frm
02 12:39:24:330 Termino parse forms vdinterrecep.frm
02 12:39:24:332 Ejecutando interfase VDINTERRECEP
02 12:40:00:354 Empiezo a leer forms vdinterrecep.frm
02 12:40:00:362 Termino parse forms vdinterrecep.frm
02 12:40:00:362 Ejecutando interfase VDINTERRECEP
02 12:40:36:370 Empiezo a leer forms vdinterrecep.frm
02 12:40:36:377 Termino parse forms vdinterrecep.frm
02 12:40:36:377 Ejecutando interfase VDINTERRECEP
02 12:41:12:390 Empiezo a leer forms vdinterrecep.frm
02 12:41:12:399 Termino parse forms vdinterrecep.frm
02 12:41:12:399 Ejecutando interfase VDINTERRECEP
02 12:41:48:417 Empiezo a leer forms vdinterrecep.frm
02 12:41:48:427 Termino parse forms vdinterrecep.frm
02 12:41:48:427 Ejecutando interfase VDINTERRECEP
02 12:42:24:439 Empiezo a leer forms vdinterrecep.frm
02 12:42:24:447 Termino parse forms vdinterrecep.frm
02 12:42:24:447 Ejecutando interfase VDINTERRECEP
02 12:43:00:460 Empiezo a leer forms vdinterrecep.frm
02 12:43:00:470 Termino parse forms vdinterrecep.frm
02 12:43:00:470 Ejecutando interfase VDINTERRECEP
02 12:43:36:490 Empiezo a leer forms vdinterrecep.frm
02 12:43:36:495 Termino parse forms vdinterrecep.frm
02 12:43:36:497 Ejecutando interfase VDINTERRECEP
02 12:44:12:512 Empiezo a leer forms vdinterrecep.frm
02 12:44:12:522 Termino parse forms vdinterrecep.frm
02 12:44:12:522 Ejecutando interfase VDINTERRECEP
02 12:44:48:545 Empiezo a leer forms vdinterrecep.frm
02 12:44:48:554 Termino parse forms vdinterrecep.frm
02 12:44:48:555 Ejecutando interfase VDINTERRECEP
02 12:45:24:565 Empiezo a leer forms vdinterrecep.frm
02 12:45:24:570 Termino parse forms vdinterrecep.frm
02 12:45:24:570 Ejecutando interfase VDINTERRECEP
02 12:46:00:582 Empiezo a leer forms vdinterrecep.frm
02 12:46:00:592 Termino parse forms vdinterrecep.frm
02 12:46:00:592 Ejecutando interfase VDINTERRECEP
02 12:46:36:614 Empiezo a leer forms vdinterrecep.frm
02 12:46:36:622 Termino parse forms vdinterrecep.frm
02 12:46:36:622 Ejecutando interfase VDINTERRECEP
02 12:47:12:635 Empiezo a leer forms vdinterrecep.frm
02 12:47:12:642 Termino parse forms vdinterrecep.frm
02 12:47:12:642 Ejecutando interfase VDINTERRECEP
02 12:47:48:659 Empiezo a leer forms vdinterrecep.frm
02 12:47:48:665 Termino parse forms vdinterrecep.frm
02 12:47:48:665 Ejecutando interfase VDINTERRECEP
02 12:48:24:680 Empiezo a leer forms vdinterrecep.frm
02 12:48:24:687 Termino parse forms vdinterrecep.frm
02 12:48:24:687 Ejecutando interfase VDINTERRECEP
02 12:49:00:697 Empiezo a leer forms vdinterrecep.frm
02 12:49:00:700 Termino parse forms vdinterrecep.frm
02 12:49:00:700 Ejecutando interfase VDINTERRECEP
02 12:49:36:717 Empiezo a leer forms vdinterrecep.frm
02 12:49:36:725 Termino parse forms vdinterrecep.frm
02 12:49:36:725 Ejecutando interfase VDINTERRECEP
02 12:50:12:740 Empiezo a leer forms vdinterrecep.frm
02 12:50:12:747 Termino parse forms vdinterrecep.frm
02 12:50:12:747 Ejecutando interfase VDINTERRECEP
02 12:50:48:757 Empiezo a leer forms vdinterrecep.frm
02 12:50:48:765 Termino parse forms vdinterrecep.frm
02 12:50:48:767 Ejecutando interfase VDINTERRECEP
02 12:51:24:785 Empiezo a leer forms vdinterrecep.frm
02 12:51:24:795 Termino parse forms vdinterrecep.frm
02 12:51:24:795 Ejecutando interfase VDINTERRECEP
02 12:52:00:815 Empiezo a leer forms vdinterrecep.frm
02 12:52:00:822 Termino parse forms vdinterrecep.frm
02 12:52:00:822 Ejecutando interfase VDINTERRECEP
02 12:52:36:835 Empiezo a leer forms vdinterrecep.frm
02 12:52:36:840 Termino parse forms vdinterrecep.frm
02 12:52:36:842 Ejecutando interfase VDINTERRECEP
02 12:53:12:865 Empiezo a leer forms vdinterrecep.frm
02 12:53:12:872 Termino parse forms vdinterrecep.frm
02 12:53:12:872 Ejecutando interfase VDINTERRECEP
02 12:53:48:882 Empiezo a leer forms vdinterrecep.frm
02 12:53:48:889 Termino parse forms vdinterrecep.frm
02 12:53:48:889 Ejecutando interfase VDINTERRECEP
02 12:54:24:907 Empiezo a leer forms vdinterrecep.frm
02 12:54:24:915 Termino parse forms vdinterrecep.frm
02 12:54:24:915 Ejecutando interfase VDINTERRECEP
02 12:55:00:927 Empiezo a leer forms vdinterrecep.frm
02 12:55:00:932 Termino parse forms vdinterrecep.frm
02 12:55:00:932 Ejecutando interfase VDINTERRECEP
02 12:55:36:937 Empiezo a leer forms vdinterrecep.frm
02 12:55:36:944 Termino parse forms vdinterrecep.frm
02 12:55:36:944 Ejecutando interfase VDINTERRECEP
02 12:56:12:957 Empiezo a leer forms vdinterrecep.frm
02 12:56:12:967 Termino parse forms vdinterrecep.frm
02 12:56:12:967 Ejecutando interfase VDINTERRECEP
02 12:56:48:985 Empiezo a leer forms vdinterrecep.frm
02 12:56:48:995 Termino parse forms vdinterrecep.frm
02 12:56:48:995 Ejecutando interfase VDINTERRECEP
02 12:57:25:010 Empiezo a leer forms vdinterrecep.frm
02 12:57:25:017 Termino parse forms vdinterrecep.frm
02 12:57:25:017 Ejecutando interfase VDINTERRECEP
02 12:58:01:032 Empiezo a leer forms vdinterrecep.frm
02 12:58:01:040 Termino parse forms vdinterrecep.frm
02 12:58:01:040 Ejecutando interfase VDINTERRECEP
02 12:58:37:055 Empiezo a leer forms vdinterrecep.frm
02 12:58:37:062 Termino parse forms vdinterrecep.frm
02 12:58:37:064 Ejecutando interfase VDINTERRECEP
02 12:59:13:072 Empiezo a leer forms vdinterrecep.frm
02 12:59:13:079 Termino parse forms vdinterrecep.frm
02 12:59:13:079 Ejecutando interfase VDINTERRECEP
02 12:59:49:097 Empiezo a leer forms vdinterrecep.frm
02 12:59:49:105 Termino parse forms vdinterrecep.frm
02 12:59:49:107 Ejecutando interfase VDINTERRECEP
02 13:00:25:130 Empiezo a leer forms vdinterrecep.frm
02 13:00:25:139 Termino parse forms vdinterrecep.frm
02 13:00:25:139 Ejecutando interfase VDINTERRECEP
02 13:01:01:150 Empiezo a leer forms vdinterrecep.frm
02 13:01:01:159 Termino parse forms vdinterrecep.frm
02 13:01:01:160 Ejecutando interfase VDINTERRECEP
02 13:01:37:175 Empiezo a leer forms vdinterrecep.frm
02 13:01:37:182 Termino parse forms vdinterrecep.frm
02 13:01:37:182 Ejecutando interfase VDINTERRECEP
02 13:02:13:199 Empiezo a leer forms vdinterrecep.frm
02 13:02:13:205 Termino parse forms vdinterrecep.frm
02 13:02:13:205 Ejecutando interfase VDINTERRECEP
02 13:02:49:215 Empiezo a leer forms vdinterrecep.frm
02 13:02:49:224 Termino parse forms vdinterrecep.frm
02 13:02:49:224 Ejecutando interfase VDINTERRECEP
02 13:03:25:237 Empiezo a leer forms vdinterrecep.frm
02 13:03:25:245 Termino parse forms vdinterrecep.frm
02 13:03:25:245 Ejecutando interfase VDINTERRECEP
02 13:04:01:269 Empiezo a leer forms vdinterrecep.frm
02 13:04:01:279 Termino parse forms vdinterrecep.frm
02 13:04:01:280 Ejecutando interfase VDINTERRECEP
02 13:04:37:290 Empiezo a leer forms vdinterrecep.frm
02 13:04:37:300 Termino parse forms vdinterrecep.frm
02 13:04:37:300 Ejecutando interfase VDINTERRECEP
02 13:05:13:315 Empiezo a leer forms vdinterrecep.frm
02 13:05:13:324 Termino parse forms vdinterrecep.frm
02 13:05:13:325 Ejecutando interfase VDINTERRECEP
02 13:05:49:334 Empiezo a leer forms vdinterrecep.frm
02 13:05:49:337 Termino parse forms vdinterrecep.frm
02 13:05:49:337 Ejecutando interfase VDINTERRECEP
02 13:06:25:352 Empiezo a leer forms vdinterrecep.frm
02 13:06:25:362 Termino parse forms vdinterrecep.frm
02 13:06:25:362 Ejecutando interfase VDINTERRECEP
02 13:07:01:384 Empiezo a leer forms vdinterrecep.frm
02 13:07:01:392 Termino parse forms vdinterrecep.frm
02 13:07:01:392 Ejecutando interfase VDINTERRECEP
02 13:07:37:415 Empiezo a leer forms vdinterrecep.frm
02 13:07:37:422 Termino parse forms vdinterrecep.frm
02 13:07:37:422 Ejecutando interfase VDINTERRECEP
02 13:08:13:442 Empiezo a leer forms vdinterrecep.frm
02 13:08:13:452 Termino parse forms vdinterrecep.frm
02 13:08:13:452 Ejecutando interfase VDINTERRECEP
02 13:08:49:474 Empiezo a leer forms vdinterrecep.frm
02 13:08:49:479 Termino parse forms vdinterrecep.frm
02 13:08:49:479 Ejecutando interfase VDINTERRECEP
02 13:09:25:500 Empiezo a leer forms vdinterrecep.frm
02 13:09:25:507 Termino parse forms vdinterrecep.frm
02 13:09:25:509 Ejecutando interfase VDINTERRECEP
02 13:10:01:529 Empiezo a leer forms vdinterrecep.frm
02 13:10:01:537 Termino parse forms vdinterrecep.frm
02 13:10:01:537 Ejecutando interfase VDINTERRECEP
02 13:10:37:560 Empiezo a leer forms vdinterrecep.frm
02 13:10:37:567 Termino parse forms vdinterrecep.frm
02 13:10:37:567 Ejecutando interfase VDINTERRECEP
02 13:11:13:577 Empiezo a leer forms vdinterrecep.frm
02 13:11:13:585 Termino parse forms vdinterrecep.frm
02 13:11:13:585 Ejecutando interfase VDINTERRECEP
02 13:11:49:602 Empiezo a leer forms vdinterrecep.frm
02 13:11:49:609 Termino parse forms vdinterrecep.frm
02 13:11:49:610 Ejecutando interfase VDINTERRECEP
02 13:12:25:627 Empiezo a leer forms vdinterrecep.frm
02 13:12:25:637 Termino parse forms vdinterrecep.frm
02 13:12:25:637 Ejecutando interfase VDINTERRECEP
02 13:13:01:655 Empiezo a leer forms vdinterrecep.frm
02 13:13:01:662 Termino parse forms vdinterrecep.frm
02 13:13:01:664 Ejecutando interfase VDINTERRECEP
02 13:13:37:675 Empiezo a leer forms vdinterrecep.frm
02 13:13:37:685 Termino parse forms vdinterrecep.frm
02 13:13:37:685 Ejecutando interfase VDINTERRECEP
02 13:14:13:707 Empiezo a leer forms vdinterrecep.frm
02 13:14:13:717 Termino parse forms vdinterrecep.frm
02 13:14:13:717 Ejecutando interfase VDINTERRECEP
02 13:14:49:735 Empiezo a leer forms vdinterrecep.frm
02 13:14:49:745 Termino parse forms vdinterrecep.frm
02 13:14:49:745 Ejecutando interfase VDINTERRECEP
02 13:15:25:767 Empiezo a leer forms vdinterrecep.frm
02 13:15:25:772 Termino parse forms vdinterrecep.frm
02 13:15:25:774 Ejecutando interfase VDINTERRECEP
02 13:16:01:785 Empiezo a leer forms vdinterrecep.frm
02 13:16:01:794 Termino parse forms vdinterrecep.frm
02 13:16:01:794 Ejecutando interfase VDINTERRECEP
02 13:16:37:815 Empiezo a leer forms vdinterrecep.frm
02 13:16:37:822 Termino parse forms vdinterrecep.frm
02 13:16:37:822 Ejecutando interfase VDINTERRECEP
02 13:17:13:839 Empiezo a leer forms vdinterrecep.frm
02 13:17:13:845 Termino parse forms vdinterrecep.frm
02 13:17:13:845 Ejecutando interfase VDINTERRECEP
02 13:17:49:867 Empiezo a leer forms vdinterrecep.frm
02 13:17:49:877 Termino parse forms vdinterrecep.frm
02 13:17:49:877 Ejecutando interfase VDINTERRECEP
02 13:18:25:890 Empiezo a leer forms vdinterrecep.frm
02 13:18:25:895 Termino parse forms vdinterrecep.frm
02 13:18:25:895 Ejecutando interfase VDINTERRECEP
02 13:19:01:915 Empiezo a leer forms vdinterrecep.frm
02 13:19:01:922 Termino parse forms vdinterrecep.frm
02 13:19:01:922 Ejecutando interfase VDINTERRECEP
02 13:19:37:937 Empiezo a leer forms vdinterrecep.frm
02 13:19:37:945 Termino parse forms vdinterrecep.frm
02 13:19:37:945 Ejecutando interfase VDINTERRECEP
02 13:20:13:960 Empiezo a leer forms vdinterrecep.frm
02 13:20:13:967 Termino parse forms vdinterrecep.frm
02 13:20:13:967 Ejecutando interfase VDINTERRECEP
02 13:20:49:985 Empiezo a leer forms vdinterrecep.frm
02 13:20:49:990 Termino parse forms vdinterrecep.frm
02 13:20:49:990 Ejecutando interfase VDINTERRECEP
02 13:21:26:012 Empiezo a leer forms vdinterrecep.frm
02 13:21:26:020 Termino parse forms vdinterrecep.frm
02 13:21:26:022 Ejecutando interfase VDINTERRECEP
02 13:22:02:035 Empiezo a leer forms vdinterrecep.frm
02 13:22:02:044 Termino parse forms vdinterrecep.frm
02 13:22:02:044 Ejecutando interfase VDINTERRECEP
02 13:22:38:062 Empiezo a leer forms vdinterrecep.frm
02 13:22:38:070 Termino parse forms vdinterrecep.frm
02 13:22:38:070 Ejecutando interfase VDINTERRECEP
02 13:23:14:077 Empiezo a leer forms vdinterrecep.frm
02 13:23:14:087 Termino parse forms vdinterrecep.frm
02 13:23:14:087 Ejecutando interfase VDINTERRECEP
02 13:23:50:099 Empiezo a leer forms vdinterrecep.frm
02 13:23:50:105 Termino parse forms vdinterrecep.frm
02 13:23:50:105 Ejecutando interfase VDINTERRECEP
02 13:24:26:117 Empiezo a leer forms vdinterrecep.frm
02 13:24:26:122 Termino parse forms vdinterrecep.frm
02 13:24:26:122 Ejecutando interfase VDINTERRECEP
02 13:25:02:135 Empiezo a leer forms vdinterrecep.frm
02 13:25:02:145 Termino parse forms vdinterrecep.frm
02 13:25:02:145 Ejecutando interfase VDINTERRECEP
02 13:25:38:164 Empiezo a leer forms vdinterrecep.frm
02 13:25:38:170 Termino parse forms vdinterrecep.frm
02 13:25:38:170 Ejecutando interfase VDINTERRECEP
02 13:26:14:180 Empiezo a leer forms vdinterrecep.frm
02 13:26:14:187 Termino parse forms vdinterrecep.frm
02 13:26:14:187 Ejecutando interfase VDINTERRECEP
02 13:26:50:205 Empiezo a leer forms vdinterrecep.frm
02 13:26:50:212 Termino parse forms vdinterrecep.frm
02 13:26:50:212 Ejecutando interfase VDINTERRECEP
02 13:27:26:222 Empiezo a leer forms vdinterrecep.frm
02 13:27:26:230 Termino parse forms vdinterrecep.frm
02 13:27:26:230 Ejecutando interfase VDINTERRECEP
02 13:28:02:244 Empiezo a leer forms vdinterrecep.frm
02 13:28:02:249 Termino parse forms vdinterrecep.frm
02 13:28:02:249 Ejecutando interfase VDINTERRECEP
02 13:28:38:260 Empiezo a leer forms vdinterrecep.frm
02 13:28:38:267 Termino parse forms vdinterrecep.frm
02 13:28:38:267 Ejecutando interfase VDINTERRECEP
02 13:29:14:285 Empiezo a leer forms vdinterrecep.frm
02 13:29:14:292 Termino parse forms vdinterrecep.frm
02 13:29:14:292 Ejecutando interfase VDINTERRECEP
02 13:29:50:307 Empiezo a leer forms vdinterrecep.frm
02 13:29:50:314 Termino parse forms vdinterrecep.frm
02 13:29:50:315 Ejecutando interfase VDINTERRECEP
02 13:30:26:325 Empiezo a leer forms vdinterrecep.frm
02 13:30:26:330 Termino parse forms vdinterrecep.frm
02 13:30:26:330 Ejecutando interfase VDINTERRECEP
02 13:31:02:349 Empiezo a leer forms vdinterrecep.frm
02 13:31:02:357 Termino parse forms vdinterrecep.frm
02 13:31:02:357 Ejecutando interfase VDINTERRECEP
02 13:31:38:370 Empiezo a leer forms vdinterrecep.frm
02 13:31:38:379 Termino parse forms vdinterrecep.frm
02 13:31:38:379 Ejecutando interfase VDINTERRECEP
02 13:32:14:397 Empiezo a leer forms vdinterrecep.frm
02 13:32:14:405 Termino parse forms vdinterrecep.frm
02 13:32:14:405 Ejecutando interfase VDINTERRECEP
02 13:32:50:430 Empiezo a leer forms vdinterrecep.frm
02 13:32:50:439 Termino parse forms vdinterrecep.frm
02 13:32:50:439 Ejecutando interfase VDINTERRECEP
02 13:33:26:457 Empiezo a leer forms vdinterrecep.frm
02 13:33:26:464 Termino parse forms vdinterrecep.frm
02 13:33:26:465 Ejecutando interfase VDINTERRECEP
02 13:34:02:475 Empiezo a leer forms vdinterrecep.frm
02 13:34:02:487 Termino parse forms vdinterrecep.frm
02 13:34:02:487 Ejecutando interfase VDINTERRECEP
02 13:34:38:505 Empiezo a leer forms vdinterrecep.frm
02 13:34:38:512 Termino parse forms vdinterrecep.frm
02 13:34:38:512 Ejecutando interfase VDINTERRECEP
02 13:35:14:530 Empiezo a leer forms vdinterrecep.frm
02 13:35:14:537 Termino parse forms vdinterrecep.frm
02 13:35:14:537 Ejecutando interfase VDINTERRECEP
02 13:35:50:560 Empiezo a leer forms vdinterrecep.frm
02 13:35:50:569 Termino parse forms vdinterrecep.frm
02 13:35:50:570 Ejecutando interfase VDINTERRECEP
02 13:36:26:582 Empiezo a leer forms vdinterrecep.frm
02 13:36:26:590 Termino parse forms vdinterrecep.frm
02 13:36:26:590 Ejecutando interfase VDINTERRECEP
02 13:37:02:610 Empiezo a leer forms vdinterrecep.frm
02 13:37:02:617 Termino parse forms vdinterrecep.frm
02 13:37:02:617 Ejecutando interfase VDINTERRECEP
02 13:37:38:635 Empiezo a leer forms vdinterrecep.frm
02 13:37:38:640 Termino parse forms vdinterrecep.frm
02 13:37:38:640 Ejecutando interfase VDINTERRECEP
02 13:38:14:650 Empiezo a leer forms vdinterrecep.frm
02 13:38:14:657 Termino parse forms vdinterrecep.frm
02 13:38:14:657 Ejecutando interfase VDINTERRECEP
02 13:38:50:670 Empiezo a leer forms vdinterrecep.frm
02 13:38:50:680 Termino parse forms vdinterrecep.frm
02 13:38:50:680 Ejecutando interfase VDINTERRECEP
02 13:39:26:699 Empiezo a leer forms vdinterrecep.frm
02 13:39:26:705 Termino parse forms vdinterrecep.frm
02 13:39:26:705 Ejecutando interfase VDINTERRECEP
02 13:40:02:720 Empiezo a leer forms vdinterrecep.frm
02 13:40:02:727 Termino parse forms vdinterrecep.frm
02 13:40:02:727 Ejecutando interfase VDINTERRECEP
02 13:40:38:742 Empiezo a leer forms vdinterrecep.frm
02 13:40:38:752 Termino parse forms vdinterrecep.frm
02 13:40:38:752 Ejecutando interfase VDINTERRECEP
02 13:41:14:767 Empiezo a leer forms vdinterrecep.frm
02 13:41:14:774 Termino parse forms vdinterrecep.frm
02 13:41:14:774 Ejecutando interfase VDINTERRECEP
02 13:41:50:785 Empiezo a leer forms vdinterrecep.frm
02 13:41:50:792 Termino parse forms vdinterrecep.frm
02 13:41:50:792 Ejecutando interfase VDINTERRECEP
02 13:42:26:810 Empiezo a leer forms vdinterrecep.frm
02 13:42:26:817 Termino parse forms vdinterrecep.frm
02 13:42:26:817 Ejecutando interfase VDINTERRECEP
02 13:43:02:832 Empiezo a leer forms vdinterrecep.frm
02 13:43:02:839 Termino parse forms vdinterrecep.frm
02 13:43:02:839 Ejecutando interfase VDINTERRECEP
02 13:43:38:855 Empiezo a leer forms vdinterrecep.frm
02 13:43:38:865 Termino parse forms vdinterrecep.frm
02 13:43:38:865 Ejecutando interfase VDINTERRECEP
02 13:44:14:875 Empiezo a leer forms vdinterrecep.frm
02 13:44:14:885 Termino parse forms vdinterrecep.frm
02 13:44:14:885 Ejecutando interfase VDINTERRECEP
02 13:44:50:909 Empiezo a leer forms vdinterrecep.frm
02 13:44:50:917 Termino parse forms vdinterrecep.frm
02 13:44:50:917 Ejecutando interfase VDINTERRECEP
02 13:45:26:929 Empiezo a leer forms vdinterrecep.frm
02 13:45:26:937 Termino parse forms vdinterrecep.frm
02 13:45:26:937 Ejecutando interfase VDINTERRECEP
02 13:46:02:955 Empiezo a leer forms vdinterrecep.frm
02 13:46:02:964 Termino parse forms vdinterrecep.frm
02 13:46:02:964 Ejecutando interfase VDINTERRECEP
02 13:46:38:975 Empiezo a leer forms vdinterrecep.frm
02 13:46:38:982 Termino parse forms vdinterrecep.frm
02 13:46:38:982 Ejecutando interfase VDINTERRECEP
02 13:47:14:997 Empiezo a leer forms vdinterrecep.frm
02 13:47:15:007 Termino parse forms vdinterrecep.frm
02 13:47:15:007 Ejecutando interfase VDINTERRECEP
02 13:47:51:025 Empiezo a leer forms vdinterrecep.frm
02 13:47:51:035 Termino parse forms vdinterrecep.frm
02 13:47:51:035 Ejecutando interfase VDINTERRECEP
02 13:48:27:055 Empiezo a leer forms vdinterrecep.frm
02 13:48:27:062 Termino parse forms vdinterrecep.frm
02 13:48:27:064 Ejecutando interfase VDINTERRECEP
02 13:49:03:085 Empiezo a leer forms vdinterrecep.frm
02 13:49:03:095 Termino parse forms vdinterrecep.frm
02 13:49:03:095 Ejecutando interfase VDINTERRECEP
02 13:49:39:115 Empiezo a leer forms vdinterrecep.frm
02 13:49:39:120 Termino parse forms vdinterrecep.frm
02 13:49:39:120 Ejecutando interfase VDINTERRECEP
02 13:50:15:132 Empiezo a leer forms vdinterrecep.frm
02 13:50:15:137 Termino parse forms vdinterrecep.frm
02 13:50:15:137 Ejecutando interfase VDINTERRECEP
02 13:50:51:149 Empiezo a leer forms vdinterrecep.frm
02 13:50:51:155 Termino parse forms vdinterrecep.frm
02 13:50:51:157 Ejecutando interfase VDINTERRECEP
02 13:51:27:175 Empiezo a leer forms vdinterrecep.frm
02 13:51:27:185 Termino parse forms vdinterrecep.frm
02 13:51:27:185 Ejecutando interfase VDINTERRECEP
02 13:52:03:207 Empiezo a leer forms vdinterrecep.frm
02 13:52:03:215 Termino parse forms vdinterrecep.frm
02 13:52:03:217 Ejecutando interfase VDINTERRECEP
02 13:52:39:235 Empiezo a leer forms vdinterrecep.frm
02 13:52:39:247 Termino parse forms vdinterrecep.frm
02 13:52:39:247 Ejecutando interfase VDINTERRECEP
02 13:53:15:265 Empiezo a leer forms vdinterrecep.frm
02 13:53:15:270 Termino parse forms vdinterrecep.frm
02 13:53:15:270 Ejecutando interfase VDINTERRECEP
02 13:53:51:285 Empiezo a leer forms vdinterrecep.frm
02 13:53:51:292 Termino parse forms vdinterrecep.frm
02 13:53:51:292 Ejecutando interfase VDINTERRECEP
02 13:54:27:305 Empiezo a leer forms vdinterrecep.frm
02 13:54:27:312 Termino parse forms vdinterrecep.frm
02 13:54:27:312 Ejecutando interfase VDINTERRECEP
02 13:55:03:329 Empiezo a leer forms vdinterrecep.frm
02 13:55:03:337 Termino parse forms vdinterrecep.frm
02 13:55:03:337 Ejecutando interfase VDINTERRECEP
02 13:55:39:347 Empiezo a leer forms vdinterrecep.frm
02 13:55:39:355 Termino parse forms vdinterrecep.frm
02 13:55:39:355 Ejecutando interfase VDINTERRECEP
02 13:56:15:379 Empiezo a leer forms vdinterrecep.frm
02 13:56:15:385 Termino parse forms vdinterrecep.frm
02 13:56:15:385 Ejecutando interfase VDINTERRECEP
02 13:56:51:400 Empiezo a leer forms vdinterrecep.frm
02 13:56:51:405 Termino parse forms vdinterrecep.frm
02 13:56:51:405 Ejecutando interfase VDINTERRECEP
02 13:57:27:420 Empiezo a leer forms vdinterrecep.frm
02 13:57:27:425 Termino parse forms vdinterrecep.frm
02 13:57:27:425 Ejecutando interfase VDINTERRECEP
02 13:58:03:445 Empiezo a leer forms vdinterrecep.frm
02 13:58:03:455 Termino parse forms vdinterrecep.frm
02 13:58:03:457 Ejecutando interfase VDINTERRECEP
02 13:58:39:470 Empiezo a leer forms vdinterrecep.frm
02 13:58:39:470 Termino parse forms vdinterrecep.frm
02 13:58:39:485 Ejecutando interfase VDINTERRECEP
02 13:59:15:500 Empiezo a leer forms vdinterrecep.frm
02 13:59:15:512 Termino parse forms vdinterrecep.frm
02 13:59:15:512 Ejecutando interfase VDINTERRECEP

00 13:59:39:797 Fichero de log cerrado.

