00 12:50:18:500 Fichero de log abierto PID 11156

02 12:50:18:549 Intentando abrir fichero v10.ini
02 12:50:18:552 Cargando driver v10oracle funcion damedriveroracle
02 12:50:19:087 Conectado a base de datos
02 12:50:19:090 Proceso ENVIOMOVIM encontrado en tabla VDPROCESOS
02 12:50:19:252 Proceso ENVIOMOVIM cargado con función interfasesalida (Librería VDINTERFASES.DLL) direccion 0650CC80
02 12:50:19:255 PLSQL: INICIALIZADO PAQUETE DE LOG EL DIA 24-06-2022
02 12:50:19:265 Actualizado SID 748 SERIAL 42055 del proceso con PID 11156
00 12:50:19:712 Error al abrir fichero VDST.H
02 12:50:19:737 Empiezo a leer forms vdintermovim.frm
02 12:50:19:792 Termino parse forms vdintermovim.frm
02 12:50:19:792 Ejecutando interfase VDINTERMOVIM
02 12:52:19:837 Empiezo a leer forms vdintermovim.frm
02 12:52:19:837 Termino parse forms vdintermovim.frm
02 12:52:19:837 Ejecutando interfase VDINTERMOVIM
02 12:54:19:852 Empiezo a leer forms vdintermovim.frm
02 12:54:19:852 Termino parse forms vdintermovim.frm
02 12:54:19:852 Ejecutando interfase VDINTERMOVIM
02 12:56:19:880 Empiezo a leer forms vdintermovim.frm
02 12:56:19:880 Termino parse forms vdintermovim.frm
02 12:56:19:880 Ejecutando interfase VDINTERMOVIM
02 12:58:19:910 Empiezo a leer forms vdintermovim.frm
02 12:58:19:910 Termino parse forms vdintermovim.frm
02 12:58:19:910 Ejecutando interfase VDINTERMOVIM
02 13:00:19:930 Empiezo a leer forms vdintermovim.frm
02 13:00:19:937 Termino parse forms vdintermovim.frm
02 13:00:19:937 Ejecutando interfase VDINTERMOVIM
02 13:02:19:959 Empiezo a leer forms vdintermovim.frm
02 13:02:19:959 Termino parse forms vdintermovim.frm
02 13:02:19:959 Ejecutando interfase VDINTERMOVIM
02 13:04:19:977 Empiezo a leer forms vdintermovim.frm
02 13:04:19:977 Termino parse forms vdintermovim.frm
02 13:04:19:977 Ejecutando interfase VDINTERMOVIM
02 13:06:20:007 Empiezo a leer forms vdintermovim.frm
02 13:06:20:007 Termino parse forms vdintermovim.frm
02 13:06:20:007 Ejecutando interfase VDINTERMOVIM
02 13:08:20:034 Empiezo a leer forms vdintermovim.frm
02 13:08:20:034 Termino parse forms vdintermovim.frm
02 13:08:20:034 Ejecutando interfase VDINTERMOVIM
02 13:10:20:055 Empiezo a leer forms vdintermovim.frm
02 13:10:20:055 Termino parse forms vdintermovim.frm
02 13:10:20:055 Ejecutando interfase VDINTERMOVIM
02 13:12:20:072 Empiezo a leer forms vdintermovim.frm
02 13:12:20:080 Termino parse forms vdintermovim.frm
02 13:12:20:080 Ejecutando interfase VDINTERMOVIM
02 13:14:20:102 Empiezo a leer forms vdintermovim.frm
02 13:14:20:102 Termino parse forms vdintermovim.frm
02 13:14:20:102 Ejecutando interfase VDINTERMOVIM
02 13:16:20:125 Empiezo a leer forms vdintermovim.frm
02 13:16:20:125 Termino parse forms vdintermovim.frm
02 13:16:20:125 Ejecutando interfase VDINTERMOVIM
02 13:18:20:155 Empiezo a leer forms vdintermovim.frm
02 13:18:20:155 Termino parse forms vdintermovim.frm
02 13:18:20:155 Ejecutando interfase VDINTERMOVIM
02 13:20:20:182 Empiezo a leer forms vdintermovim.frm
02 13:20:20:182 Termino parse forms vdintermovim.frm
02 13:20:20:182 Ejecutando interfase VDINTERMOVIM
02 13:22:20:197 Empiezo a leer forms vdintermovim.frm
02 13:22:20:197 Termino parse forms vdintermovim.frm
02 13:22:20:197 Ejecutando interfase VDINTERMOVIM
02 13:24:20:222 Empiezo a leer forms vdintermovim.frm
02 13:24:20:222 Termino parse forms vdintermovim.frm
02 13:24:20:222 Ejecutando interfase VDINTERMOVIM
02 13:26:20:244 Empiezo a leer forms vdintermovim.frm
02 13:26:20:244 Termino parse forms vdintermovim.frm
02 13:26:20:244 Ejecutando interfase VDINTERMOVIM
02 13:28:20:265 Empiezo a leer forms vdintermovim.frm
02 13:28:20:267 Termino parse forms vdintermovim.frm
02 13:28:20:267 Ejecutando interfase VDINTERMOVIM

00 13:29:56:469 Fichero de log cerrado.

