00 09:07:46:177 Fichero de log abierto PID 14620

02 09:07:46:178 Intentando abrir fichero v10.ini
02 09:07:46:185 Cargando driver v10oracle funcion damedriveroracle
02 09:07:47:053 Conectado a base de datos
02 09:07:47:056 Proceso ENVIOREDUR encontrado en tabla VDPROCESOS
02 09:07:47:061 Proceso ENVIOREDUR cargado con función interfasesalida (Librería VDINTERFASES.DLL) direccion 05A1CC80
02 09:07:47:064 PLSQL: INICIALIZADO PAQUETE DE LOG EL DIA 07-04-2022
02 09:07:47:072 Actualizado SID 377 SERIAL 50318 del proceso con PID 14620
00 09:07:47:077 Error al abrir fichero VDST.H
02 09:07:47:087 Empiezo a leer forms vdinterageredur.frm
02 09:07:47:122 Termino parse forms vdinterageredur.frm
02 09:07:47:122 Ejecutando interfase VDINTERAGEREDUR
02 09:09:47:140 Empiezo a leer forms vdinterageredur.frm
02 09:09:47:152 Termino parse forms vdinterageredur.frm
02 09:09:47:152 Ejecutando interfase VDINTERAGEREDUR
02 09:11:47:161 Empiezo a leer forms vdinterageredur.frm
02 09:11:47:172 Termino parse forms vdinterageredur.frm
02 09:11:47:173 Ejecutando interfase VDINTERAGEREDUR
02 09:13:47:192 Empiezo a leer forms vdinterageredur.frm
02 09:13:47:202 Termino parse forms vdinterageredur.frm
02 09:13:47:203 Ejecutando interfase VDINTERAGEREDUR
02 09:15:47:226 Empiezo a leer forms vdinterageredur.frm
02 09:15:47:238 Termino parse forms vdinterageredur.frm
02 09:15:47:238 Ejecutando interfase VDINTERAGEREDUR
02 09:17:47:252 Empiezo a leer forms vdinterageredur.frm
02 09:17:47:267 Termino parse forms vdinterageredur.frm
02 09:17:47:267 Ejecutando interfase VDINTERAGEREDUR
02 09:19:47:277 Empiezo a leer forms vdinterageredur.frm
02 09:19:47:288 Termino parse forms vdinterageredur.frm
02 09:19:47:290 Ejecutando interfase VDINTERAGEREDUR
02 09:21:47:308 Empiezo a leer forms vdinterageredur.frm
02 09:21:47:322 Termino parse forms vdinterageredur.frm
02 09:21:47:322 Ejecutando interfase VDINTERAGEREDUR
02 09:23:47:346 Empiezo a leer forms vdinterageredur.frm
02 09:23:47:357 Termino parse forms vdinterageredur.frm
02 09:23:47:357 Ejecutando interfase VDINTERAGEREDUR
02 09:25:47:373 Empiezo a leer forms vdinterageredur.frm
02 09:25:47:386 Termino parse forms vdinterageredur.frm
02 09:25:47:386 Ejecutando interfase VDINTERAGEREDUR
02 09:27:47:403 Empiezo a leer forms vdinterageredur.frm
02 09:27:47:416 Termino parse forms vdinterageredur.frm
02 09:27:47:416 Ejecutando interfase VDINTERAGEREDUR
02 09:29:47:436 Empiezo a leer forms vdinterageredur.frm
02 09:29:47:455 Termino parse forms vdinterageredur.frm
02 09:29:47:455 Ejecutando interfase VDINTERAGEREDUR
02 09:31:47:475 Empiezo a leer forms vdinterageredur.frm
02 09:31:47:496 Termino parse forms vdinterageredur.frm
02 09:31:47:496 Ejecutando interfase VDINTERAGEREDUR
02 09:33:47:516 Empiezo a leer forms vdinterageredur.frm
02 09:33:47:535 Termino parse forms vdinterageredur.frm
02 09:33:47:536 Ejecutando interfase VDINTERAGEREDUR
02 09:35:47:553 Empiezo a leer forms vdinterageredur.frm
02 09:35:47:565 Termino parse forms vdinterageredur.frm
02 09:35:47:565 Ejecutando interfase VDINTERAGEREDUR
02 09:37:47:585 Empiezo a leer forms vdinterageredur.frm
02 09:37:47:595 Termino parse forms vdinterageredur.frm
02 09:37:47:595 Ejecutando interfase VDINTERAGEREDUR
02 09:39:47:607 Empiezo a leer forms vdinterageredur.frm
02 09:39:47:616 Termino parse forms vdinterageredur.frm
02 09:39:47:617 Ejecutando interfase VDINTERAGEREDUR
02 09:41:47:628 Empiezo a leer forms vdinterageredur.frm
02 09:41:47:637 Termino parse forms vdinterageredur.frm
02 09:41:47:638 Ejecutando interfase VDINTERAGEREDUR
02 09:43:47:656 Empiezo a leer forms vdinterageredur.frm
02 09:43:47:662 Termino parse forms vdinterageredur.frm
02 09:43:47:663 Ejecutando interfase VDINTERAGEREDUR
02 09:45:47:670 Empiezo a leer forms vdinterageredur.frm
02 09:45:47:682 Termino parse forms vdinterageredur.frm
02 09:45:47:682 Ejecutando interfase VDINTERAGEREDUR
02 09:47:47:703 Empiezo a leer forms vdinterageredur.frm
02 09:47:47:712 Termino parse forms vdinterageredur.frm
02 09:47:47:712 Ejecutando interfase VDINTERAGEREDUR
02 09:49:47:727 Empiezo a leer forms vdinterageredur.frm
02 09:49:47:736 Termino parse forms vdinterageredur.frm
02 09:49:47:736 Ejecutando interfase VDINTERAGEREDUR
02 09:51:47:760 Empiezo a leer forms vdinterageredur.frm
02 09:51:47:767 Termino parse forms vdinterageredur.frm
02 09:51:47:767 Ejecutando interfase VDINTERAGEREDUR
02 09:53:47:782 Empiezo a leer forms vdinterageredur.frm
02 09:53:47:792 Termino parse forms vdinterageredur.frm
02 09:53:47:792 Ejecutando interfase VDINTERAGEREDUR
02 09:55:47:803 Empiezo a leer forms vdinterageredur.frm
02 09:55:47:812 Termino parse forms vdinterageredur.frm
02 09:55:47:812 Ejecutando interfase VDINTERAGEREDUR
02 09:57:47:823 Empiezo a leer forms vdinterageredur.frm
02 09:57:47:836 Termino parse forms vdinterageredur.frm
02 09:57:47:836 Ejecutando interfase VDINTERAGEREDUR
02 09:59:47:848 Empiezo a leer forms vdinterageredur.frm
02 09:59:47:857 Termino parse forms vdinterageredur.frm
02 09:59:47:857 Ejecutando interfase VDINTERAGEREDUR
02 10:01:47:872 Empiezo a leer forms vdinterageredur.frm
02 10:01:47:877 Termino parse forms vdinterageredur.frm
02 10:01:47:877 Ejecutando interfase VDINTERAGEREDUR
02 10:03:47:892 Empiezo a leer forms vdinterageredur.frm
02 10:03:47:897 Termino parse forms vdinterageredur.frm
02 10:03:47:897 Ejecutando interfase VDINTERAGEREDUR
02 10:05:47:910 Empiezo a leer forms vdinterageredur.frm
02 10:05:47:921 Termino parse forms vdinterageredur.frm
02 10:05:47:921 Ejecutando interfase VDINTERAGEREDUR
02 10:07:47:936 Empiezo a leer forms vdinterageredur.frm
02 10:07:47:946 Termino parse forms vdinterageredur.frm
02 10:07:47:946 Ejecutando interfase VDINTERAGEREDUR
02 10:09:47:956 Empiezo a leer forms vdinterageredur.frm
02 10:09:47:966 Termino parse forms vdinterageredur.frm
02 10:09:47:966 Ejecutando interfase VDINTERAGEREDUR
02 10:11:47:982 Empiezo a leer forms vdinterageredur.frm
02 10:11:47:995 Termino parse forms vdinterageredur.frm
02 10:11:47:996 Ejecutando interfase VDINTERAGEREDUR
02 10:13:48:006 Empiezo a leer forms vdinterageredur.frm
02 10:13:48:013 Termino parse forms vdinterageredur.frm
02 10:13:48:013 Ejecutando interfase VDINTERAGEREDUR
02 10:15:48:021 Empiezo a leer forms vdinterageredur.frm
02 10:15:48:032 Termino parse forms vdinterageredur.frm
02 10:15:48:032 Ejecutando interfase VDINTERAGEREDUR
02 10:17:48:045 Empiezo a leer forms vdinterageredur.frm
02 10:17:48:056 Termino parse forms vdinterageredur.frm
02 10:17:48:057 Ejecutando interfase VDINTERAGEREDUR
02 10:19:48:065 Empiezo a leer forms vdinterageredur.frm
02 10:19:48:072 Termino parse forms vdinterageredur.frm
02 10:19:48:072 Ejecutando interfase VDINTERAGEREDUR
02 10:21:48:091 Empiezo a leer forms vdinterageredur.frm
02 10:21:48:103 Termino parse forms vdinterageredur.frm
02 10:21:48:105 Ejecutando interfase VDINTERAGEREDUR
02 10:23:48:130 Empiezo a leer forms vdinterageredur.frm
02 10:23:48:137 Termino parse forms vdinterageredur.frm
02 10:23:48:138 Ejecutando interfase VDINTERAGEREDUR
02 10:25:48:161 Empiezo a leer forms vdinterageredur.frm
02 10:25:48:176 Termino parse forms vdinterageredur.frm
02 10:25:48:177 Ejecutando interfase VDINTERAGEREDUR
02 10:27:48:198 Empiezo a leer forms vdinterageredur.frm
02 10:27:48:207 Termino parse forms vdinterageredur.frm
02 10:27:48:207 Ejecutando interfase VDINTERAGEREDUR
02 10:29:48:217 Empiezo a leer forms vdinterageredur.frm
02 10:29:48:227 Termino parse forms vdinterageredur.frm
02 10:29:48:228 Ejecutando interfase VDINTERAGEREDUR
02 10:31:48:243 Empiezo a leer forms vdinterageredur.frm
02 10:31:48:253 Termino parse forms vdinterageredur.frm
02 10:31:48:253 Ejecutando interfase VDINTERAGEREDUR
02 10:33:48:266 Empiezo a leer forms vdinterageredur.frm
02 10:33:48:275 Termino parse forms vdinterageredur.frm
02 10:33:48:275 Ejecutando interfase VDINTERAGEREDUR
02 10:35:48:283 Empiezo a leer forms vdinterageredur.frm
02 10:35:48:296 Termino parse forms vdinterageredur.frm
02 10:35:48:296 Ejecutando interfase VDINTERAGEREDUR
02 10:37:48:312 Empiezo a leer forms vdinterageredur.frm
02 10:37:48:325 Termino parse forms vdinterageredur.frm
02 10:37:48:325 Ejecutando interfase VDINTERAGEREDUR
02 10:39:48:342 Empiezo a leer forms vdinterageredur.frm
02 10:39:48:351 Termino parse forms vdinterageredur.frm
02 10:39:48:351 Ejecutando interfase VDINTERAGEREDUR
02 10:41:48:362 Empiezo a leer forms vdinterageredur.frm
02 10:41:48:376 Termino parse forms vdinterageredur.frm
02 10:41:48:377 Ejecutando interfase VDINTERAGEREDUR
02 10:43:48:395 Empiezo a leer forms vdinterageredur.frm
02 10:43:48:408 Termino parse forms vdinterageredur.frm
02 10:43:48:408 Ejecutando interfase VDINTERAGEREDUR
02 10:45:48:427 Empiezo a leer forms vdinterageredur.frm
02 10:45:48:437 Termino parse forms vdinterageredur.frm
02 10:45:48:437 Ejecutando interfase VDINTERAGEREDUR
02 10:47:48:455 Empiezo a leer forms vdinterageredur.frm
02 10:47:48:463 Termino parse forms vdinterageredur.frm
02 10:47:48:465 Ejecutando interfase VDINTERAGEREDUR
02 10:49:48:475 Empiezo a leer forms vdinterageredur.frm
02 10:49:48:482 Termino parse forms vdinterageredur.frm
02 10:49:48:482 Ejecutando interfase VDINTERAGEREDUR
02 10:51:48:500 Empiezo a leer forms vdinterageredur.frm
02 10:51:48:508 Termino parse forms vdinterageredur.frm
02 10:51:48:508 Ejecutando interfase VDINTERAGEREDUR
02 10:53:48:518 Empiezo a leer forms vdinterageredur.frm
02 10:53:48:527 Termino parse forms vdinterageredur.frm
02 10:53:48:527 Ejecutando interfase VDINTERAGEREDUR
02 10:55:48:548 Empiezo a leer forms vdinterageredur.frm
02 10:55:48:556 Termino parse forms vdinterageredur.frm
02 10:55:48:556 Ejecutando interfase VDINTERAGEREDUR
02 10:57:48:575 Empiezo a leer forms vdinterageredur.frm
02 10:57:48:586 Termino parse forms vdinterageredur.frm
02 10:57:48:586 Ejecutando interfase VDINTERAGEREDUR
02 10:59:48:602 Empiezo a leer forms vdinterageredur.frm
02 10:59:48:618 Termino parse forms vdinterageredur.frm
02 10:59:48:618 Ejecutando interfase VDINTERAGEREDUR
02 11:01:48:636 Empiezo a leer forms vdinterageredur.frm
02 11:01:48:651 Termino parse forms vdinterageredur.frm
02 11:01:48:651 Ejecutando interfase VDINTERAGEREDUR
02 11:03:48:670 Empiezo a leer forms vdinterageredur.frm
02 11:03:48:678 Termino parse forms vdinterageredur.frm
02 11:03:48:678 Ejecutando interfase VDINTERAGEREDUR
02 11:05:48:701 Empiezo a leer forms vdinterageredur.frm
02 11:05:48:713 Termino parse forms vdinterageredur.frm
02 11:05:48:713 Ejecutando interfase VDINTERAGEREDUR
02 11:07:48:737 Empiezo a leer forms vdinterageredur.frm
02 11:07:48:751 Termino parse forms vdinterageredur.frm
02 11:07:48:751 Ejecutando interfase VDINTERAGEREDUR
02 11:09:48:775 Empiezo a leer forms vdinterageredur.frm
02 11:09:48:783 Termino parse forms vdinterageredur.frm
02 11:09:48:785 Ejecutando interfase VDINTERAGEREDUR
02 11:11:48:803 Empiezo a leer forms vdinterageredur.frm
02 11:11:48:813 Termino parse forms vdinterageredur.frm
02 11:11:48:815 Ejecutando interfase VDINTERAGEREDUR
02 11:13:48:832 Empiezo a leer forms vdinterageredur.frm
02 11:13:48:847 Termino parse forms vdinterageredur.frm
02 11:13:48:848 Ejecutando interfase VDINTERAGEREDUR
02 11:15:48:872 Empiezo a leer forms vdinterageredur.frm
02 11:15:48:887 Termino parse forms vdinterageredur.frm
02 11:15:48:887 Ejecutando interfase VDINTERAGEREDUR
02 11:17:48:913 Empiezo a leer forms vdinterageredur.frm
02 11:17:48:927 Termino parse forms vdinterageredur.frm
02 11:17:48:927 Ejecutando interfase VDINTERAGEREDUR
02 11:19:48:941 Empiezo a leer forms vdinterageredur.frm
02 11:19:48:952 Termino parse forms vdinterageredur.frm
02 11:19:48:952 Ejecutando interfase VDINTERAGEREDUR
02 11:21:48:967 Empiezo a leer forms vdinterageredur.frm
02 11:21:48:977 Termino parse forms vdinterageredur.frm
02 11:21:48:977 Ejecutando interfase VDINTERAGEREDUR
02 11:23:48:997 Empiezo a leer forms vdinterageredur.frm
02 11:23:49:025 Termino parse forms vdinterageredur.frm
02 11:23:49:026 Ejecutando interfase VDINTERAGEREDUR
02 11:25:49:042 Empiezo a leer forms vdinterageredur.frm
02 11:25:49:052 Termino parse forms vdinterageredur.frm
02 11:25:49:052 Ejecutando interfase VDINTERAGEREDUR
02 11:53:51:525 Empiezo a leer forms vdinterageredur.frm
02 11:53:51:530 Termino parse forms vdinterageredur.frm
02 11:53:51:532 Ejecutando interfase VDINTERAGEREDUR
02 11:55:51:550 Empiezo a leer forms vdinterageredur.frm
02 11:55:51:557 Termino parse forms vdinterageredur.frm
02 11:55:51:557 Ejecutando interfase VDINTERAGEREDUR
02 11:57:51:575 Empiezo a leer forms vdinterageredur.frm
02 11:57:51:584 Termino parse forms vdinterageredur.frm
02 11:57:51:585 Ejecutando interfase VDINTERAGEREDUR
02 11:59:51:595 Empiezo a leer forms vdinterageredur.frm
02 11:59:51:604 Termino parse forms vdinterageredur.frm
02 11:59:51:604 Ejecutando interfase VDINTERAGEREDUR
02 12:01:51:625 Empiezo a leer forms vdinterageredur.frm
02 12:01:51:637 Termino parse forms vdinterageredur.frm
02 12:01:51:637 Ejecutando interfase VDINTERAGEREDUR
02 12:03:51:657 Empiezo a leer forms vdinterageredur.frm
02 12:03:51:665 Termino parse forms vdinterageredur.frm
02 12:03:51:665 Ejecutando interfase VDINTERAGEREDUR
02 12:05:51:680 Empiezo a leer forms vdinterageredur.frm
02 12:05:51:690 Termino parse forms vdinterageredur.frm
02 12:05:51:690 Ejecutando interfase VDINTERAGEREDUR
02 12:07:51:707 Empiezo a leer forms vdinterageredur.frm
02 12:07:51:720 Termino parse forms vdinterageredur.frm
02 12:07:51:720 Ejecutando interfase VDINTERAGEREDUR
02 12:09:51:740 Empiezo a leer forms vdinterageredur.frm
02 12:09:51:749 Termino parse forms vdinterageredur.frm
02 12:09:51:749 Ejecutando interfase VDINTERAGEREDUR
02 12:11:51:765 Empiezo a leer forms vdinterageredur.frm
02 12:11:51:775 Termino parse forms vdinterageredur.frm
02 12:11:51:775 Ejecutando interfase VDINTERAGEREDUR
02 12:13:51:792 Empiezo a leer forms vdinterageredur.frm
02 12:13:51:800 Termino parse forms vdinterageredur.frm
02 12:13:51:800 Ejecutando interfase VDINTERAGEREDUR
02 12:15:51:815 Empiezo a leer forms vdinterageredur.frm
02 12:15:51:824 Termino parse forms vdinterageredur.frm
02 12:15:51:824 Ejecutando interfase VDINTERAGEREDUR
02 12:17:51:845 Empiezo a leer forms vdinterageredur.frm
02 12:17:51:854 Termino parse forms vdinterageredur.frm
02 12:17:51:855 Ejecutando interfase VDINTERAGEREDUR
02 12:19:51:875 Empiezo a leer forms vdinterageredur.frm
02 12:19:51:887 Termino parse forms vdinterageredur.frm
02 12:19:51:889 Ejecutando interfase VDINTERAGEREDUR
02 12:21:51:900 Empiezo a leer forms vdinterageredur.frm
02 12:21:51:917 Termino parse forms vdinterageredur.frm
02 12:21:51:917 Ejecutando interfase VDINTERAGEREDUR
02 12:23:51:934 Empiezo a leer forms vdinterageredur.frm
02 12:23:51:944 Termino parse forms vdinterageredur.frm
02 12:23:51:944 Ejecutando interfase VDINTERAGEREDUR
02 12:25:51:964 Empiezo a leer forms vdinterageredur.frm
02 12:25:51:975 Termino parse forms vdinterageredur.frm
02 12:25:51:975 Ejecutando interfase VDINTERAGEREDUR
02 12:27:51:992 Empiezo a leer forms vdinterageredur.frm
02 12:27:52:005 Termino parse forms vdinterageredur.frm
02 12:27:52:005 Ejecutando interfase VDINTERAGEREDUR
02 12:29:52:024 Empiezo a leer forms vdinterageredur.frm
02 12:29:52:035 Termino parse forms vdinterageredur.frm
02 12:29:52:035 Ejecutando interfase VDINTERAGEREDUR
02 12:31:52:047 Empiezo a leer forms vdinterageredur.frm
02 12:31:52:060 Termino parse forms vdinterageredur.frm
02 12:31:52:060 Ejecutando interfase VDINTERAGEREDUR
02 12:33:52:077 Empiezo a leer forms vdinterageredur.frm
02 12:33:52:089 Termino parse forms vdinterageredur.frm
02 12:33:52:089 Ejecutando interfase VDINTERAGEREDUR
02 12:35:52:112 Empiezo a leer forms vdinterageredur.frm
02 12:35:52:125 Termino parse forms vdinterageredur.frm
02 12:35:52:125 Ejecutando interfase VDINTERAGEREDUR
02 12:37:52:145 Empiezo a leer forms vdinterageredur.frm
02 12:37:52:157 Termino parse forms vdinterageredur.frm
02 12:37:52:157 Ejecutando interfase VDINTERAGEREDUR
02 12:39:52:182 Empiezo a leer forms vdinterageredur.frm
02 12:39:52:190 Termino parse forms vdinterageredur.frm
02 12:39:52:190 Ejecutando interfase VDINTERAGEREDUR
02 12:41:52:207 Empiezo a leer forms vdinterageredur.frm
02 12:41:52:220 Termino parse forms vdinterageredur.frm
02 12:41:52:220 Ejecutando interfase VDINTERAGEREDUR
02 12:43:52:242 Empiezo a leer forms vdinterageredur.frm
02 12:43:52:262 Termino parse forms vdinterageredur.frm
02 12:43:52:262 Ejecutando interfase VDINTERAGEREDUR
02 12:45:52:285 Empiezo a leer forms vdinterageredur.frm
02 12:45:52:300 Termino parse forms vdinterageredur.frm
02 12:45:52:300 Ejecutando interfase VDINTERAGEREDUR
02 12:47:52:322 Empiezo a leer forms vdinterageredur.frm
02 12:47:52:335 Termino parse forms vdinterageredur.frm
02 12:47:52:335 Ejecutando interfase VDINTERAGEREDUR
02 12:49:52:357 Empiezo a leer forms vdinterageredur.frm
02 12:49:52:367 Termino parse forms vdinterageredur.frm
02 12:49:52:367 Ejecutando interfase VDINTERAGEREDUR
02 12:51:52:377 Empiezo a leer forms vdinterageredur.frm
02 12:51:52:390 Termino parse forms vdinterageredur.frm
02 12:51:52:390 Ejecutando interfase VDINTERAGEREDUR
02 12:53:52:415 Empiezo a leer forms vdinterageredur.frm
02 12:53:52:427 Termino parse forms vdinterageredur.frm
02 12:53:52:429 Ejecutando interfase VDINTERAGEREDUR
02 12:55:52:450 Empiezo a leer forms vdinterageredur.frm
02 12:55:52:462 Termino parse forms vdinterageredur.frm
02 12:55:52:464 Ejecutando interfase VDINTERAGEREDUR
02 12:57:52:480 Empiezo a leer forms vdinterageredur.frm
02 12:57:52:495 Termino parse forms vdinterageredur.frm
02 12:57:52:495 Ejecutando interfase VDINTERAGEREDUR
02 12:59:52:520 Empiezo a leer forms vdinterageredur.frm
02 12:59:52:532 Termino parse forms vdinterageredur.frm
02 12:59:52:534 Ejecutando interfase VDINTERAGEREDUR
02 13:01:52:550 Empiezo a leer forms vdinterageredur.frm
02 13:01:52:562 Termino parse forms vdinterageredur.frm
02 13:01:52:562 Ejecutando interfase VDINTERAGEREDUR
02 13:03:52:590 Empiezo a leer forms vdinterageredur.frm
02 13:03:52:605 Termino parse forms vdinterageredur.frm
02 13:03:52:607 Ejecutando interfase VDINTERAGEREDUR
02 13:05:52:630 Empiezo a leer forms vdinterageredur.frm
02 13:05:52:642 Termino parse forms vdinterageredur.frm
02 13:05:52:642 Ejecutando interfase VDINTERAGEREDUR
02 13:07:52:660 Empiezo a leer forms vdinterageredur.frm
02 13:07:52:670 Termino parse forms vdinterageredur.frm
02 13:07:52:672 Ejecutando interfase VDINTERAGEREDUR
02 13:09:52:697 Empiezo a leer forms vdinterageredur.frm
02 13:09:52:709 Termino parse forms vdinterageredur.frm
02 13:09:52:709 Ejecutando interfase VDINTERAGEREDUR
02 13:11:52:725 Empiezo a leer forms vdinterageredur.frm
02 13:11:52:740 Termino parse forms vdinterageredur.frm
02 13:11:52:740 Ejecutando interfase VDINTERAGEREDUR
02 13:13:52:772 Empiezo a leer forms vdinterageredur.frm
02 13:13:52:787 Termino parse forms vdinterageredur.frm
02 13:13:52:789 Ejecutando interfase VDINTERAGEREDUR
02 13:15:52:814 Empiezo a leer forms vdinterageredur.frm
02 13:15:52:825 Termino parse forms vdinterageredur.frm
02 13:15:52:825 Ejecutando interfase VDINTERAGEREDUR
02 13:17:52:840 Empiezo a leer forms vdinterageredur.frm
02 13:17:52:850 Termino parse forms vdinterageredur.frm
02 13:17:52:852 Ejecutando interfase VDINTERAGEREDUR
02 13:19:52:877 Empiezo a leer forms vdinterageredur.frm
02 13:19:52:890 Termino parse forms vdinterageredur.frm
02 13:19:52:890 Ejecutando interfase VDINTERAGEREDUR
02 13:21:52:905 Empiezo a leer forms vdinterageredur.frm
02 13:21:52:917 Termino parse forms vdinterageredur.frm
02 13:21:52:919 Ejecutando interfase VDINTERAGEREDUR
02 13:23:52:937 Empiezo a leer forms vdinterageredur.frm
02 13:23:52:949 Termino parse forms vdinterageredur.frm
02 13:23:52:950 Ejecutando interfase VDINTERAGEREDUR
02 13:25:52:975 Empiezo a leer forms vdinterageredur.frm
02 13:25:52:987 Termino parse forms vdinterageredur.frm
02 13:25:52:987 Ejecutando interfase VDINTERAGEREDUR
02 13:27:53:005 Empiezo a leer forms vdinterageredur.frm
02 13:27:53:017 Termino parse forms vdinterageredur.frm
02 13:27:53:019 Ejecutando interfase VDINTERAGEREDUR
02 13:29:53:045 Empiezo a leer forms vdinterageredur.frm
02 13:29:53:060 Termino parse forms vdinterageredur.frm
02 13:29:53:060 Ejecutando interfase VDINTERAGEREDUR
02 13:31:53:077 Empiezo a leer forms vdinterageredur.frm
02 13:31:53:090 Termino parse forms vdinterageredur.frm
02 13:31:53:092 Ejecutando interfase VDINTERAGEREDUR
02 13:33:53:105 Empiezo a leer forms vdinterageredur.frm
02 13:33:53:117 Termino parse forms vdinterageredur.frm
02 13:33:53:117 Ejecutando interfase VDINTERAGEREDUR
02 13:35:53:137 Empiezo a leer forms vdinterageredur.frm
02 13:35:53:149 Termino parse forms vdinterageredur.frm
02 13:35:53:150 Ejecutando interfase VDINTERAGEREDUR
02 13:37:53:174 Empiezo a leer forms vdinterageredur.frm
02 13:37:53:187 Termino parse forms vdinterageredur.frm
02 13:37:53:187 Ejecutando interfase VDINTERAGEREDUR
02 13:39:53:212 Empiezo a leer forms vdinterageredur.frm
02 13:39:53:227 Termino parse forms vdinterageredur.frm
02 13:39:53:227 Ejecutando interfase VDINTERAGEREDUR
02 13:41:53:245 Empiezo a leer forms vdinterageredur.frm
02 13:41:53:257 Termino parse forms vdinterageredur.frm
02 13:41:53:259 Ejecutando interfase VDINTERAGEREDUR
02 13:43:53:289 Empiezo a leer forms vdinterageredur.frm
02 13:43:53:307 Termino parse forms vdinterageredur.frm
02 13:43:53:307 Ejecutando interfase VDINTERAGEREDUR
02 13:45:53:330 Empiezo a leer forms vdinterageredur.frm
02 13:45:53:350 Termino parse forms vdinterageredur.frm
02 13:45:53:350 Ejecutando interfase VDINTERAGEREDUR
02 13:47:53:369 Empiezo a leer forms vdinterageredur.frm
02 13:47:53:377 Termino parse forms vdinterageredur.frm
02 13:47:53:377 Ejecutando interfase VDINTERAGEREDUR
02 13:49:53:397 Empiezo a leer forms vdinterageredur.frm
02 13:49:53:417 Termino parse forms vdinterageredur.frm
02 13:49:53:417 Ejecutando interfase VDINTERAGEREDUR
02 13:51:53:430 Empiezo a leer forms vdinterageredur.frm
02 13:51:53:450 Termino parse forms vdinterageredur.frm
02 13:51:53:450 Ejecutando interfase VDINTERAGEREDUR
02 13:53:53:475 Empiezo a leer forms vdinterageredur.frm
02 13:53:53:497 Termino parse forms vdinterageredur.frm
02 13:53:53:497 Ejecutando interfase VDINTERAGEREDUR
02 13:55:53:515 Empiezo a leer forms vdinterageredur.frm
02 13:55:53:535 Termino parse forms vdinterageredur.frm
02 13:55:53:535 Ejecutando interfase VDINTERAGEREDUR
02 13:57:53:554 Empiezo a leer forms vdinterageredur.frm
02 13:57:53:572 Termino parse forms vdinterageredur.frm
02 13:57:53:574 Ejecutando interfase VDINTERAGEREDUR
02 13:59:53:587 Empiezo a leer forms vdinterageredur.frm
02 13:59:53:595 Termino parse forms vdinterageredur.frm
02 13:59:53:595 Ejecutando interfase VDINTERAGEREDUR
02 14:01:53:602 Empiezo a leer forms vdinterageredur.frm
02 14:01:53:615 Termino parse forms vdinterageredur.frm
02 14:01:53:615 Ejecutando interfase VDINTERAGEREDUR
02 14:03:53:642 Empiezo a leer forms vdinterageredur.frm
02 14:03:53:660 Termino parse forms vdinterageredur.frm
02 14:03:53:660 Ejecutando interfase VDINTERAGEREDUR
02 14:05:53:675 Empiezo a leer forms vdinterageredur.frm
02 14:05:53:694 Termino parse forms vdinterageredur.frm
02 14:05:53:694 Ejecutando interfase VDINTERAGEREDUR
02 14:07:53:720 Empiezo a leer forms vdinterageredur.frm
02 14:07:53:739 Termino parse forms vdinterageredur.frm
02 14:07:53:739 Ejecutando interfase VDINTERAGEREDUR
02 14:09:53:767 Empiezo a leer forms vdinterageredur.frm
02 14:09:53:787 Termino parse forms vdinterageredur.frm
02 14:09:53:787 Ejecutando interfase VDINTERAGEREDUR
02 14:11:53:809 Empiezo a leer forms vdinterageredur.frm
02 14:11:53:817 Termino parse forms vdinterageredur.frm
02 14:11:53:817 Ejecutando interfase VDINTERAGEREDUR
02 14:13:53:835 Empiezo a leer forms vdinterageredur.frm
02 14:13:53:852 Termino parse forms vdinterageredur.frm
02 14:13:53:854 Ejecutando interfase VDINTERAGEREDUR
02 14:15:53:872 Empiezo a leer forms vdinterageredur.frm
02 14:15:53:889 Termino parse forms vdinterageredur.frm
02 14:15:53:889 Ejecutando interfase VDINTERAGEREDUR
02 14:17:53:912 Empiezo a leer forms vdinterageredur.frm
02 14:17:53:927 Termino parse forms vdinterageredur.frm
02 14:17:53:927 Ejecutando interfase VDINTERAGEREDUR
02 14:19:53:942 Empiezo a leer forms vdinterageredur.frm
02 14:19:53:960 Termino parse forms vdinterageredur.frm
02 14:19:53:960 Ejecutando interfase VDINTERAGEREDUR
02 14:21:53:970 Empiezo a leer forms vdinterageredur.frm
02 14:21:53:990 Termino parse forms vdinterageredur.frm
02 14:21:53:990 Ejecutando interfase VDINTERAGEREDUR
02 14:23:54:007 Empiezo a leer forms vdinterageredur.frm
02 14:23:54:027 Termino parse forms vdinterageredur.frm
02 14:23:54:027 Ejecutando interfase VDINTERAGEREDUR
02 14:25:54:040 Empiezo a leer forms vdinterageredur.frm
02 14:25:54:060 Termino parse forms vdinterageredur.frm
02 14:25:54:060 Ejecutando interfase VDINTERAGEREDUR
02 14:27:54:077 Empiezo a leer forms vdinterageredur.frm
02 14:27:54:082 Termino parse forms vdinterageredur.frm
02 14:27:54:082 Ejecutando interfase VDINTERAGEREDUR
02 14:29:54:095 Empiezo a leer forms vdinterageredur.frm
02 14:29:54:110 Termino parse forms vdinterageredur.frm
02 14:29:54:110 Ejecutando interfase VDINTERAGEREDUR
02 14:31:54:134 Empiezo a leer forms vdinterageredur.frm
02 14:31:54:152 Termino parse forms vdinterageredur.frm
02 14:31:54:154 Ejecutando interfase VDINTERAGEREDUR
02 14:33:54:167 Empiezo a leer forms vdinterageredur.frm
02 14:33:54:177 Termino parse forms vdinterageredur.frm
02 14:33:54:177 Ejecutando interfase VDINTERAGEREDUR
02 14:35:54:197 Empiezo a leer forms vdinterageredur.frm
02 14:35:54:207 Termino parse forms vdinterageredur.frm
02 14:35:54:207 Ejecutando interfase VDINTERAGEREDUR
02 14:37:54:220 Empiezo a leer forms vdinterageredur.frm
02 14:37:54:240 Termino parse forms vdinterageredur.frm
02 14:37:54:240 Ejecutando interfase VDINTERAGEREDUR
02 14:39:54:265 Empiezo a leer forms vdinterageredur.frm
02 14:39:54:285 Termino parse forms vdinterageredur.frm
02 14:39:54:287 Ejecutando interfase VDINTERAGEREDUR
02 14:41:54:312 Empiezo a leer forms vdinterageredur.frm
02 14:41:54:330 Termino parse forms vdinterageredur.frm
02 14:41:54:332 Ejecutando interfase VDINTERAGEREDUR
02 14:43:54:355 Empiezo a leer forms vdinterageredur.frm
02 14:43:54:375 Termino parse forms vdinterageredur.frm
02 14:43:54:375 Ejecutando interfase VDINTERAGEREDUR
02 14:45:54:402 Empiezo a leer forms vdinterageredur.frm
02 14:45:54:422 Termino parse forms vdinterageredur.frm
02 14:45:54:422 Ejecutando interfase VDINTERAGEREDUR
02 15:41:22:334 Empiezo a leer forms vdinterageredur.frm
02 15:41:22:342 Termino parse forms vdinterageredur.frm
02 15:41:22:342 Ejecutando interfase VDINTERAGEREDUR
02 15:46:56:275 Empiezo a leer forms vdinterageredur.frm
02 15:46:56:282 Termino parse forms vdinterageredur.frm
02 15:46:56:282 Ejecutando interfase VDINTERAGEREDUR
02 15:48:56:294 Empiezo a leer forms vdinterageredur.frm
02 15:48:56:310 Termino parse forms vdinterageredur.frm
02 15:48:56:310 Ejecutando interfase VDINTERAGEREDUR
02 15:50:56:327 Empiezo a leer forms vdinterageredur.frm
02 15:50:56:342 Termino parse forms vdinterageredur.frm
02 15:50:56:342 Ejecutando interfase VDINTERAGEREDUR
02 15:52:56:352 Empiezo a leer forms vdinterageredur.frm
02 15:52:56:370 Termino parse forms vdinterageredur.frm
02 15:52:56:370 Ejecutando interfase VDINTERAGEREDUR
02 15:54:56:389 Empiezo a leer forms vdinterageredur.frm
02 15:54:56:407 Termino parse forms vdinterageredur.frm
02 15:54:56:407 Ejecutando interfase VDINTERAGEREDUR
02 15:56:56:432 Empiezo a leer forms vdinterageredur.frm
02 15:56:56:449 Termino parse forms vdinterageredur.frm
02 15:56:56:450 Ejecutando interfase VDINTERAGEREDUR
02 15:58:56:470 Empiezo a leer forms vdinterageredur.frm
02 15:58:56:485 Termino parse forms vdinterageredur.frm
02 15:58:56:485 Ejecutando interfase VDINTERAGEREDUR
02 16:00:56:509 Empiezo a leer forms vdinterageredur.frm
02 16:00:56:525 Termino parse forms vdinterageredur.frm
02 16:00:56:525 Ejecutando interfase VDINTERAGEREDUR
02 16:02:56:542 Empiezo a leer forms vdinterageredur.frm
02 16:02:56:562 Termino parse forms vdinterageredur.frm
02 16:02:56:562 Ejecutando interfase VDINTERAGEREDUR
02 16:04:56:574 Empiezo a leer forms vdinterageredur.frm
02 16:04:56:590 Termino parse forms vdinterageredur.frm
02 16:04:56:592 Ejecutando interfase VDINTERAGEREDUR
02 16:06:56:612 Empiezo a leer forms vdinterageredur.frm
02 16:06:56:630 Termino parse forms vdinterageredur.frm
02 16:06:56:630 Ejecutando interfase VDINTERAGEREDUR
02 16:08:56:642 Empiezo a leer forms vdinterageredur.frm
02 16:08:56:660 Termino parse forms vdinterageredur.frm
02 16:08:56:660 Ejecutando interfase VDINTERAGEREDUR
02 16:10:56:672 Empiezo a leer forms vdinterageredur.frm
02 16:10:56:692 Termino parse forms vdinterageredur.frm
02 16:10:56:692 Ejecutando interfase VDINTERAGEREDUR
02 16:12:56:719 Empiezo a leer forms vdinterageredur.frm
02 16:12:56:737 Termino parse forms vdinterageredur.frm
02 16:12:56:739 Ejecutando interfase VDINTERAGEREDUR
02 16:14:56:767 Empiezo a leer forms vdinterageredur.frm
02 16:14:56:787 Termino parse forms vdinterageredur.frm
02 16:14:56:787 Ejecutando interfase VDINTERAGEREDUR
02 16:16:56:814 Empiezo a leer forms vdinterageredur.frm
02 16:16:56:834 Termino parse forms vdinterageredur.frm
02 16:16:56:835 Ejecutando interfase VDINTERAGEREDUR
02 16:18:56:854 Empiezo a leer forms vdinterageredur.frm
02 16:18:56:862 Termino parse forms vdinterageredur.frm
02 16:18:56:862 Ejecutando interfase VDINTERAGEREDUR
02 16:20:56:884 Empiezo a leer forms vdinterageredur.frm
02 16:20:56:905 Termino parse forms vdinterageredur.frm
02 16:20:56:905 Ejecutando interfase VDINTERAGEREDUR
02 16:22:56:930 Empiezo a leer forms vdinterageredur.frm
02 16:22:56:940 Termino parse forms vdinterageredur.frm
02 16:22:56:940 Ejecutando interfase VDINTERAGEREDUR
02 16:24:56:962 Empiezo a leer forms vdinterageredur.frm
02 16:24:56:982 Termino parse forms vdinterageredur.frm
02 16:24:56:984 Ejecutando interfase VDINTERAGEREDUR
02 16:26:57:004 Empiezo a leer forms vdinterageredur.frm
02 16:26:57:022 Termino parse forms vdinterageredur.frm
02 16:26:57:024 Ejecutando interfase VDINTERAGEREDUR
02 16:28:57:035 Empiezo a leer forms vdinterageredur.frm
02 16:28:57:045 Termino parse forms vdinterageredur.frm
02 16:28:57:045 Ejecutando interfase VDINTERAGEREDUR
02 16:30:57:069 Empiezo a leer forms vdinterageredur.frm
02 16:30:57:080 Termino parse forms vdinterageredur.frm
02 16:30:57:080 Ejecutando interfase VDINTERAGEREDUR
02 16:32:57:100 Empiezo a leer forms vdinterageredur.frm
02 16:32:57:107 Termino parse forms vdinterageredur.frm
02 16:32:57:107 Ejecutando interfase VDINTERAGEREDUR
02 16:34:57:127 Empiezo a leer forms vdinterageredur.frm
02 16:34:57:140 Termino parse forms vdinterageredur.frm
02 16:34:57:140 Ejecutando interfase VDINTERAGEREDUR
02 16:36:57:157 Empiezo a leer forms vdinterageredur.frm
02 16:36:57:170 Termino parse forms vdinterageredur.frm
02 16:36:57:170 Ejecutando interfase VDINTERAGEREDUR
02 16:38:57:189 Empiezo a leer forms vdinterageredur.frm
02 16:38:57:200 Termino parse forms vdinterageredur.frm
02 16:38:57:200 Ejecutando interfase VDINTERAGEREDUR
02 16:40:57:215 Empiezo a leer forms vdinterageredur.frm
02 16:40:57:230 Termino parse forms vdinterageredur.frm
02 16:40:57:230 Ejecutando interfase VDINTERAGEREDUR
02 16:42:57:242 Empiezo a leer forms vdinterageredur.frm
02 16:42:57:257 Termino parse forms vdinterageredur.frm
02 16:42:57:257 Ejecutando interfase VDINTERAGEREDUR
02 16:44:57:284 Empiezo a leer forms vdinterageredur.frm
02 16:44:57:294 Termino parse forms vdinterageredur.frm
02 16:44:57:294 Ejecutando interfase VDINTERAGEREDUR
02 16:46:57:314 Empiezo a leer forms vdinterageredur.frm
02 16:46:57:327 Termino parse forms vdinterageredur.frm
02 16:46:57:327 Ejecutando interfase VDINTERAGEREDUR
02 16:48:57:334 Empiezo a leer forms vdinterageredur.frm
02 16:48:57:344 Termino parse forms vdinterageredur.frm
02 16:48:57:345 Ejecutando interfase VDINTERAGEREDUR
02 16:50:57:359 Empiezo a leer forms vdinterageredur.frm
02 16:50:57:367 Termino parse forms vdinterageredur.frm
02 16:50:57:369 Ejecutando interfase VDINTERAGEREDUR
02 16:52:57:390 Empiezo a leer forms vdinterageredur.frm
02 16:52:57:405 Termino parse forms vdinterageredur.frm
02 16:52:57:405 Ejecutando interfase VDINTERAGEREDUR
02 16:54:57:427 Empiezo a leer forms vdinterageredur.frm
02 16:54:57:437 Termino parse forms vdinterageredur.frm
02 16:54:57:437 Ejecutando interfase VDINTERAGEREDUR
02 16:56:57:454 Empiezo a leer forms vdinterageredur.frm
02 16:56:57:464 Termino parse forms vdinterageredur.frm
02 16:56:57:464 Ejecutando interfase VDINTERAGEREDUR
02 16:58:57:480 Empiezo a leer forms vdinterageredur.frm
02 16:58:57:492 Termino parse forms vdinterageredur.frm
02 16:58:57:492 Ejecutando interfase VDINTERAGEREDUR
02 17:00:57:512 Empiezo a leer forms vdinterageredur.frm
02 17:00:57:522 Termino parse forms vdinterageredur.frm
02 17:00:57:522 Ejecutando interfase VDINTERAGEREDUR
02 17:02:57:532 Empiezo a leer forms vdinterageredur.frm
02 17:02:57:542 Termino parse forms vdinterageredur.frm
02 17:02:57:542 Ejecutando interfase VDINTERAGEREDUR
02 17:04:57:562 Empiezo a leer forms vdinterageredur.frm
02 17:04:57:572 Termino parse forms vdinterageredur.frm
02 17:04:57:572 Ejecutando interfase VDINTERAGEREDUR
02 17:06:57:582 Empiezo a leer forms vdinterageredur.frm
02 17:06:57:597 Termino parse forms vdinterageredur.frm
02 17:06:57:597 Ejecutando interfase VDINTERAGEREDUR
02 17:08:57:615 Empiezo a leer forms vdinterageredur.frm
02 17:08:57:625 Termino parse forms vdinterageredur.frm
02 17:08:57:625 Ejecutando interfase VDINTERAGEREDUR
02 17:10:57:640 Empiezo a leer forms vdinterageredur.frm
02 17:10:57:649 Termino parse forms vdinterageredur.frm
02 17:10:57:650 Ejecutando interfase VDINTERAGEREDUR
02 17:12:57:672 Empiezo a leer forms vdinterageredur.frm
02 17:12:57:685 Termino parse forms vdinterageredur.frm
02 17:12:57:685 Ejecutando interfase VDINTERAGEREDUR
02 17:14:57:707 Empiezo a leer forms vdinterageredur.frm
02 17:14:57:712 Termino parse forms vdinterageredur.frm
02 17:14:57:714 Ejecutando interfase VDINTERAGEREDUR
02 17:16:57:729 Empiezo a leer forms vdinterageredur.frm
02 17:16:57:737 Termino parse forms vdinterageredur.frm
02 17:16:57:737 Ejecutando interfase VDINTERAGEREDUR
02 17:18:57:754 Empiezo a leer forms vdinterageredur.frm
02 17:18:57:765 Termino parse forms vdinterageredur.frm
02 17:18:57:767 Ejecutando interfase VDINTERAGEREDUR
02 17:20:57:774 Empiezo a leer forms vdinterageredur.frm
02 17:20:57:784 Termino parse forms vdinterageredur.frm
02 17:20:57:784 Ejecutando interfase VDINTERAGEREDUR
02 17:22:57:799 Empiezo a leer forms vdinterageredur.frm
02 17:22:57:805 Termino parse forms vdinterageredur.frm
02 17:22:57:805 Ejecutando interfase VDINTERAGEREDUR
02 17:24:57:820 Empiezo a leer forms vdinterageredur.frm
02 17:24:57:832 Termino parse forms vdinterageredur.frm
02 17:24:57:832 Ejecutando interfase VDINTERAGEREDUR
02 17:26:57:852 Empiezo a leer forms vdinterageredur.frm
02 17:26:57:860 Termino parse forms vdinterageredur.frm
02 17:26:57:862 Ejecutando interfase VDINTERAGEREDUR
02 17:28:57:882 Empiezo a leer forms vdinterageredur.frm
02 17:28:57:889 Termino parse forms vdinterageredur.frm
02 17:28:57:890 Ejecutando interfase VDINTERAGEREDUR
02 17:30:57:902 Empiezo a leer forms vdinterageredur.frm
02 17:30:57:909 Termino parse forms vdinterageredur.frm
02 17:30:57:909 Ejecutando interfase VDINTERAGEREDUR
02 17:32:57:924 Empiezo a leer forms vdinterageredur.frm
02 17:32:57:930 Termino parse forms vdinterageredur.frm
02 17:32:57:930 Ejecutando interfase VDINTERAGEREDUR
02 17:34:57:952 Empiezo a leer forms vdinterageredur.frm
02 17:34:57:962 Termino parse forms vdinterageredur.frm
02 17:34:57:962 Ejecutando interfase VDINTERAGEREDUR
02 17:36:57:975 Empiezo a leer forms vdinterageredur.frm
02 17:36:57:987 Termino parse forms vdinterageredur.frm
02 17:36:57:987 Ejecutando interfase VDINTERAGEREDUR
02 17:38:57:997 Empiezo a leer forms vdinterageredur.frm
02 17:38:58:002 Termino parse forms vdinterageredur.frm
02 17:38:58:004 Ejecutando interfase VDINTERAGEREDUR
02 17:40:58:012 Empiezo a leer forms vdinterageredur.frm
02 17:40:58:022 Termino parse forms vdinterageredur.frm
02 17:40:58:022 Ejecutando interfase VDINTERAGEREDUR
02 17:42:58:035 Empiezo a leer forms vdinterageredur.frm
02 17:42:58:045 Termino parse forms vdinterageredur.frm
02 17:42:58:045 Ejecutando interfase VDINTERAGEREDUR
02 17:44:58:067 Empiezo a leer forms vdinterageredur.frm
02 17:44:58:080 Termino parse forms vdinterageredur.frm
02 17:44:58:080 Ejecutando interfase VDINTERAGEREDUR
02 17:46:58:090 Empiezo a leer forms vdinterageredur.frm
02 17:46:58:105 Termino parse forms vdinterageredur.frm
02 17:46:58:105 Ejecutando interfase VDINTERAGEREDUR
02 17:48:58:124 Empiezo a leer forms vdinterageredur.frm
02 17:48:58:139 Termino parse forms vdinterageredur.frm
02 17:48:58:139 Ejecutando interfase VDINTERAGEREDUR
02 17:50:58:165 Empiezo a leer forms vdinterageredur.frm
02 17:50:58:172 Termino parse forms vdinterageredur.frm
02 17:50:58:172 Ejecutando interfase VDINTERAGEREDUR
02 17:52:58:187 Empiezo a leer forms vdinterageredur.frm
02 17:52:58:195 Termino parse forms vdinterageredur.frm
02 17:52:58:195 Ejecutando interfase VDINTERAGEREDUR

00 17:54:57:785 Fichero de log cerrado.

