00 09:14:07:078 Fichero de log abierto PID 4260

02 09:14:07:082 Intentando abrir fichero v10.ini
02 09:14:07:090 Cargando driver v10oracle funcion damedriveroracle
02 09:14:07:721 Conectado a base de datos
02 09:14:07:732 Proceso ENVIORECEP encontrado en tabla VDPROCESOS
02 09:14:13:983 Proceso ENVIORECEP cargado con función interfasesalida (Librería VDINTERFASES.DLL) direccion 06A7CC80
02 09:14:13:986 PLSQL: INICIALIZADO PAQUETE DE LOG EL DIA 29-06-2022
02 09:14:14:020 Actualizado SID 259 SERIAL 63754 del proceso con PID 4260
00 09:14:14:023 Error al abrir fichero VDST.H
02 09:14:14:025 Empiezo a leer forms vdinterrecep.frm
02 09:14:14:046 Termino parse forms vdinterrecep.frm
02 09:14:14:046 Ejecutando interfase VDINTERRECEP
02 09:14:50:051 Empiezo a leer forms vdinterrecep.frm
02 09:14:50:058 Termino parse forms vdinterrecep.frm
02 09:14:50:058 Ejecutando interfase VDINTERRECEP
02 09:15:26:072 Empiezo a leer forms vdinterrecep.frm
02 09:15:26:081 Termino parse forms vdinterrecep.frm
02 09:15:26:081 Ejecutando interfase VDINTERRECEP
02 09:16:02:102 Empiezo a leer forms vdinterrecep.frm
02 09:16:02:116 Termino parse forms vdinterrecep.frm
02 09:16:02:116 Ejecutando interfase VDINTERRECEP
02 09:16:38:125 Empiezo a leer forms vdinterrecep.frm
02 09:16:38:132 Termino parse forms vdinterrecep.frm
02 09:16:38:132 Ejecutando interfase VDINTERRECEP
02 09:17:14:152 Empiezo a leer forms vdinterrecep.frm
02 09:17:14:160 Termino parse forms vdinterrecep.frm
02 09:17:14:160 Ejecutando interfase VDINTERRECEP
02 09:17:50:177 Empiezo a leer forms vdinterrecep.frm
02 09:17:50:190 Termino parse forms vdinterrecep.frm
02 09:17:50:190 Ejecutando interfase VDINTERRECEP
02 09:18:26:202 Empiezo a leer forms vdinterrecep.frm
02 09:18:26:210 Termino parse forms vdinterrecep.frm
02 09:18:26:210 Ejecutando interfase VDINTERRECEP
02 09:19:02:237 Empiezo a leer forms vdinterrecep.frm
02 09:19:02:245 Termino parse forms vdinterrecep.frm
02 09:19:02:245 Ejecutando interfase VDINTERRECEP
02 09:19:38:261 Empiezo a leer forms vdinterrecep.frm
02 09:19:38:268 Termino parse forms vdinterrecep.frm
02 09:19:38:268 Ejecutando interfase VDINTERRECEP
02 09:20:14:291 Empiezo a leer forms vdinterrecep.frm
02 09:20:14:298 Termino parse forms vdinterrecep.frm
02 09:20:14:298 Ejecutando interfase VDINTERRECEP
02 09:20:50:316 Empiezo a leer forms vdinterrecep.frm
02 09:20:50:323 Termino parse forms vdinterrecep.frm
02 09:20:50:323 Ejecutando interfase VDINTERRECEP
02 09:21:26:346 Empiezo a leer forms vdinterrecep.frm
02 09:21:26:353 Termino parse forms vdinterrecep.frm
02 09:21:26:353 Ejecutando interfase VDINTERRECEP
02 09:22:02:371 Empiezo a leer forms vdinterrecep.frm
02 09:22:02:378 Termino parse forms vdinterrecep.frm
02 09:22:02:378 Ejecutando interfase VDINTERRECEP
02 09:22:38:407 Empiezo a leer forms vdinterrecep.frm
02 09:22:38:417 Termino parse forms vdinterrecep.frm
02 09:22:38:417 Ejecutando interfase VDINTERRECEP
02 09:23:14:437 Empiezo a leer forms vdinterrecep.frm
02 09:23:14:445 Termino parse forms vdinterrecep.frm
02 09:23:14:445 Ejecutando interfase VDINTERRECEP
02 09:23:50:467 Empiezo a leer forms vdinterrecep.frm
02 09:23:50:473 Termino parse forms vdinterrecep.frm
02 09:23:50:473 Ejecutando interfase VDINTERRECEP
02 09:24:26:492 Empiezo a leer forms vdinterrecep.frm
02 09:24:26:500 Termino parse forms vdinterrecep.frm
02 09:24:26:500 Ejecutando interfase VDINTERRECEP
02 09:25:02:513 Empiezo a leer forms vdinterrecep.frm
02 09:25:02:523 Termino parse forms vdinterrecep.frm
02 09:25:02:523 Ejecutando interfase VDINTERRECEP
02 09:25:38:547 Empiezo a leer forms vdinterrecep.frm
02 09:25:38:557 Termino parse forms vdinterrecep.frm
02 09:25:38:557 Ejecutando interfase VDINTERRECEP
02 09:26:14:576 Empiezo a leer forms vdinterrecep.frm
02 09:26:14:583 Termino parse forms vdinterrecep.frm
02 09:26:14:583 Ejecutando interfase VDINTERRECEP
02 09:26:50:606 Empiezo a leer forms vdinterrecep.frm
02 09:26:50:613 Termino parse forms vdinterrecep.frm
02 09:26:50:613 Ejecutando interfase VDINTERRECEP
02 09:27:26:633 Empiezo a leer forms vdinterrecep.frm
02 09:27:26:642 Termino parse forms vdinterrecep.frm
02 09:27:26:642 Ejecutando interfase VDINTERRECEP
02 09:28:02:658 Empiezo a leer forms vdinterrecep.frm
02 09:28:02:667 Termino parse forms vdinterrecep.frm
02 09:28:02:667 Ejecutando interfase VDINTERRECEP
02 09:28:38:695 Empiezo a leer forms vdinterrecep.frm
02 09:28:38:702 Termino parse forms vdinterrecep.frm
02 09:28:38:702 Ejecutando interfase VDINTERRECEP
02 09:29:14:722 Empiezo a leer forms vdinterrecep.frm
02 09:29:14:730 Termino parse forms vdinterrecep.frm
02 09:29:14:730 Ejecutando interfase VDINTERRECEP
02 09:29:50:748 Empiezo a leer forms vdinterrecep.frm
02 09:29:50:757 Termino parse forms vdinterrecep.frm
02 09:29:50:757 Ejecutando interfase VDINTERRECEP
02 09:30:26:777 Empiezo a leer forms vdinterrecep.frm
02 09:30:26:785 Termino parse forms vdinterrecep.frm
02 09:30:26:785 Ejecutando interfase VDINTERRECEP
02 09:31:02:811 Empiezo a leer forms vdinterrecep.frm
02 09:31:02:818 Termino parse forms vdinterrecep.frm
02 09:31:02:818 Ejecutando interfase VDINTERRECEP
02 09:31:38:837 Empiezo a leer forms vdinterrecep.frm
02 09:31:38:845 Termino parse forms vdinterrecep.frm
02 09:31:38:845 Ejecutando interfase VDINTERRECEP
02 09:32:14:871 Empiezo a leer forms vdinterrecep.frm
02 09:32:14:878 Termino parse forms vdinterrecep.frm
02 09:32:14:878 Ejecutando interfase VDINTERRECEP
02 09:32:50:902 Empiezo a leer forms vdinterrecep.frm
02 09:32:50:911 Termino parse forms vdinterrecep.frm
02 09:32:50:911 Ejecutando interfase VDINTERRECEP
02 09:33:26:925 Empiezo a leer forms vdinterrecep.frm
02 09:33:26:932 Termino parse forms vdinterrecep.frm
02 09:33:26:932 Ejecutando interfase VDINTERRECEP
02 09:34:02:947 Empiezo a leer forms vdinterrecep.frm
02 09:34:02:956 Termino parse forms vdinterrecep.frm
02 09:34:02:956 Ejecutando interfase VDINTERRECEP
02 09:34:38:972 Empiezo a leer forms vdinterrecep.frm
02 09:34:38:980 Termino parse forms vdinterrecep.frm
02 09:34:38:980 Ejecutando interfase VDINTERRECEP
02 09:35:15:008 Empiezo a leer forms vdinterrecep.frm
02 09:35:15:017 Termino parse forms vdinterrecep.frm
02 09:35:15:017 Ejecutando interfase VDINTERRECEP
02 09:35:51:035 Empiezo a leer forms vdinterrecep.frm
02 09:35:51:043 Termino parse forms vdinterrecep.frm
02 09:35:51:043 Ejecutando interfase VDINTERRECEP
02 09:36:27:062 Empiezo a leer forms vdinterrecep.frm
02 09:36:27:071 Termino parse forms vdinterrecep.frm
02 09:36:27:071 Ejecutando interfase VDINTERRECEP
02 09:37:03:093 Empiezo a leer forms vdinterrecep.frm
02 09:37:03:102 Termino parse forms vdinterrecep.frm
02 09:37:03:102 Ejecutando interfase VDINTERRECEP
02 09:37:39:130 Empiezo a leer forms vdinterrecep.frm
02 09:37:39:137 Termino parse forms vdinterrecep.frm
02 09:37:39:137 Ejecutando interfase VDINTERRECEP
02 09:38:15:163 Empiezo a leer forms vdinterrecep.frm
02 09:38:15:171 Termino parse forms vdinterrecep.frm
02 09:38:15:171 Ejecutando interfase VDINTERRECEP
02 09:38:51:191 Empiezo a leer forms vdinterrecep.frm
02 09:38:51:198 Termino parse forms vdinterrecep.frm
02 09:38:51:198 Ejecutando interfase VDINTERRECEP
02 09:39:27:218 Empiezo a leer forms vdinterrecep.frm
02 09:39:27:227 Termino parse forms vdinterrecep.frm
02 09:39:27:227 Ejecutando interfase VDINTERRECEP
02 09:40:03:256 Empiezo a leer forms vdinterrecep.frm
02 09:40:03:263 Termino parse forms vdinterrecep.frm
02 09:40:03:263 Ejecutando interfase VDINTERRECEP
02 09:40:39:286 Empiezo a leer forms vdinterrecep.frm
02 09:40:39:293 Termino parse forms vdinterrecep.frm
02 09:40:39:293 Ejecutando interfase VDINTERRECEP
02 09:41:15:316 Empiezo a leer forms vdinterrecep.frm
02 09:41:15:323 Termino parse forms vdinterrecep.frm
02 09:41:15:323 Ejecutando interfase VDINTERRECEP
02 09:41:51:342 Empiezo a leer forms vdinterrecep.frm
02 09:41:51:350 Termino parse forms vdinterrecep.frm
02 09:41:51:350 Ejecutando interfase VDINTERRECEP
02 09:42:27:363 Empiezo a leer forms vdinterrecep.frm
02 09:42:27:372 Termino parse forms vdinterrecep.frm
02 09:42:27:372 Ejecutando interfase VDINTERRECEP
02 09:43:03:400 Empiezo a leer forms vdinterrecep.frm
02 09:43:03:407 Termino parse forms vdinterrecep.frm
02 09:43:03:407 Ejecutando interfase VDINTERRECEP
02 09:43:39:427 Empiezo a leer forms vdinterrecep.frm
02 09:43:39:436 Termino parse forms vdinterrecep.frm
02 09:43:39:436 Ejecutando interfase VDINTERRECEP
02 09:44:15:462 Empiezo a leer forms vdinterrecep.frm
02 09:44:15:471 Termino parse forms vdinterrecep.frm
02 09:44:15:471 Ejecutando interfase VDINTERRECEP
02 09:44:51:486 Empiezo a leer forms vdinterrecep.frm
02 09:44:51:493 Termino parse forms vdinterrecep.frm
02 09:44:51:493 Ejecutando interfase VDINTERRECEP
02 09:45:27:512 Empiezo a leer forms vdinterrecep.frm
02 09:45:27:521 Termino parse forms vdinterrecep.frm
02 09:45:27:521 Ejecutando interfase VDINTERRECEP
02 09:46:03:535 Empiezo a leer forms vdinterrecep.frm
02 09:46:03:542 Termino parse forms vdinterrecep.frm
02 09:46:03:542 Ejecutando interfase VDINTERRECEP
02 09:46:39:557 Empiezo a leer forms vdinterrecep.frm
02 09:46:39:565 Termino parse forms vdinterrecep.frm
02 09:46:39:565 Ejecutando interfase VDINTERRECEP
02 09:47:15:581 Empiezo a leer forms vdinterrecep.frm
02 09:47:15:587 Termino parse forms vdinterrecep.frm
02 09:47:15:587 Ejecutando interfase VDINTERRECEP
02 09:47:51:607 Empiezo a leer forms vdinterrecep.frm
02 09:47:51:632 Termino parse forms vdinterrecep.frm
02 09:47:51:640 Ejecutando interfase VDINTERRECEP
02 09:48:27:666 Empiezo a leer forms vdinterrecep.frm
02 09:48:27:673 Termino parse forms vdinterrecep.frm
02 09:48:27:673 Ejecutando interfase VDINTERRECEP
02 09:49:03:692 Empiezo a leer forms vdinterrecep.frm
02 09:49:03:700 Termino parse forms vdinterrecep.frm
02 09:49:03:700 Ejecutando interfase VDINTERRECEP
02 09:49:39:720 Empiezo a leer forms vdinterrecep.frm
02 09:49:39:728 Termino parse forms vdinterrecep.frm
02 09:49:39:728 Ejecutando interfase VDINTERRECEP
02 09:50:15:752 Empiezo a leer forms vdinterrecep.frm
02 09:50:15:761 Termino parse forms vdinterrecep.frm
02 09:50:15:761 Ejecutando interfase VDINTERRECEP
02 09:50:51:785 Empiezo a leer forms vdinterrecep.frm
02 09:50:51:792 Termino parse forms vdinterrecep.frm
02 09:50:51:792 Ejecutando interfase VDINTERRECEP
02 09:51:27:820 Empiezo a leer forms vdinterrecep.frm
02 09:51:27:828 Termino parse forms vdinterrecep.frm
02 09:51:27:828 Ejecutando interfase VDINTERRECEP
02 09:52:03:847 Empiezo a leer forms vdinterrecep.frm
02 09:52:03:853 Termino parse forms vdinterrecep.frm
02 09:52:03:853 Ejecutando interfase VDINTERRECEP
02 09:52:39:877 Empiezo a leer forms vdinterrecep.frm
02 09:52:39:883 Termino parse forms vdinterrecep.frm
02 09:52:39:883 Ejecutando interfase VDINTERRECEP
02 09:53:15:910 Empiezo a leer forms vdinterrecep.frm
02 09:53:15:910 Termino parse forms vdinterrecep.frm
02 09:53:15:910 Ejecutando interfase VDINTERRECEP
02 09:53:51:937 Empiezo a leer forms vdinterrecep.frm
02 09:53:51:942 Termino parse forms vdinterrecep.frm
02 09:53:51:942 Ejecutando interfase VDINTERRECEP
02 09:54:27:963 Empiezo a leer forms vdinterrecep.frm
02 09:54:27:963 Termino parse forms vdinterrecep.frm
02 09:54:27:963 Ejecutando interfase VDINTERRECEP
02 09:55:03:993 Empiezo a leer forms vdinterrecep.frm
02 09:55:03:998 Termino parse forms vdinterrecep.frm
02 09:55:03:998 Ejecutando interfase VDINTERRECEP
02 09:55:40:030 Empiezo a leer forms vdinterrecep.frm
02 09:55:40:033 Termino parse forms vdinterrecep.frm
02 09:55:40:033 Ejecutando interfase VDINTERRECEP
02 09:56:16:062 Empiezo a leer forms vdinterrecep.frm
02 09:56:16:071 Termino parse forms vdinterrecep.frm
02 09:56:16:071 Ejecutando interfase VDINTERRECEP
02 09:56:52:087 Empiezo a leer forms vdinterrecep.frm
02 09:56:52:087 Termino parse forms vdinterrecep.frm
02 09:56:52:087 Ejecutando interfase VDINTERRECEP
02 09:57:28:127 Empiezo a leer forms vdinterrecep.frm
02 09:57:28:127 Termino parse forms vdinterrecep.frm
02 09:57:28:127 Ejecutando interfase VDINTERRECEP
02 09:58:04:147 Empiezo a leer forms vdinterrecep.frm
02 09:58:04:147 Termino parse forms vdinterrecep.frm
02 09:58:04:147 Ejecutando interfase VDINTERRECEP
02 09:58:40:175 Empiezo a leer forms vdinterrecep.frm
02 09:58:40:175 Termino parse forms vdinterrecep.frm
02 09:58:40:175 Ejecutando interfase VDINTERRECEP
02 09:59:16:205 Empiezo a leer forms vdinterrecep.frm
02 09:59:16:205 Termino parse forms vdinterrecep.frm
02 09:59:16:220 Ejecutando interfase VDINTERRECEP
02 09:59:52:235 Empiezo a leer forms vdinterrecep.frm
02 09:59:52:235 Termino parse forms vdinterrecep.frm
02 09:59:52:235 Ejecutando interfase VDINTERRECEP
02 10:00:28:266 Empiezo a leer forms vdinterrecep.frm
02 10:00:28:266 Termino parse forms vdinterrecep.frm
02 10:00:28:266 Ejecutando interfase VDINTERRECEP
02 10:01:04:287 Empiezo a leer forms vdinterrecep.frm
02 10:01:04:287 Termino parse forms vdinterrecep.frm
02 10:01:04:287 Ejecutando interfase VDINTERRECEP
02 10:01:40:317 Empiezo a leer forms vdinterrecep.frm
02 10:01:40:317 Termino parse forms vdinterrecep.frm
02 10:01:40:317 Ejecutando interfase VDINTERRECEP
02 10:02:16:342 Empiezo a leer forms vdinterrecep.frm
02 10:02:16:342 Termino parse forms vdinterrecep.frm
02 10:02:16:342 Ejecutando interfase VDINTERRECEP
02 10:02:52:376 Empiezo a leer forms vdinterrecep.frm
02 10:02:52:376 Termino parse forms vdinterrecep.frm
02 10:02:52:376 Ejecutando interfase VDINTERRECEP
02 10:03:28:402 Empiezo a leer forms vdinterrecep.frm
02 10:03:28:402 Termino parse forms vdinterrecep.frm
02 10:03:28:402 Ejecutando interfase VDINTERRECEP
02 10:04:04:447 Empiezo a leer forms vdinterrecep.frm
02 10:04:04:447 Termino parse forms vdinterrecep.frm
02 10:04:04:447 Ejecutando interfase VDINTERRECEP
02 10:04:40:473 Empiezo a leer forms vdinterrecep.frm
02 10:04:40:473 Termino parse forms vdinterrecep.frm
02 10:04:40:473 Ejecutando interfase VDINTERRECEP
02 10:05:16:505 Empiezo a leer forms vdinterrecep.frm
02 10:05:16:512 Termino parse forms vdinterrecep.frm
02 10:05:16:512 Ejecutando interfase VDINTERRECEP
02 10:05:52:540 Empiezo a leer forms vdinterrecep.frm
02 10:05:52:552 Termino parse forms vdinterrecep.frm
02 10:05:52:552 Ejecutando interfase VDINTERRECEP
02 10:06:28:575 Empiezo a leer forms vdinterrecep.frm
02 10:06:28:575 Termino parse forms vdinterrecep.frm
02 10:06:28:575 Ejecutando interfase VDINTERRECEP
02 10:07:04:602 Empiezo a leer forms vdinterrecep.frm
02 10:07:04:602 Termino parse forms vdinterrecep.frm
02 10:07:04:602 Ejecutando interfase VDINTERRECEP
02 10:07:40:626 Empiezo a leer forms vdinterrecep.frm
02 10:07:40:626 Termino parse forms vdinterrecep.frm
02 10:07:40:626 Ejecutando interfase VDINTERRECEP
02 10:08:16:652 Empiezo a leer forms vdinterrecep.frm
02 10:08:16:652 Termino parse forms vdinterrecep.frm
02 10:08:16:652 Ejecutando interfase VDINTERRECEP
02 10:08:52:690 Empiezo a leer forms vdinterrecep.frm
02 10:08:52:693 Termino parse forms vdinterrecep.frm
02 10:08:52:693 Ejecutando interfase VDINTERRECEP
02 10:09:28:711 Empiezo a leer forms vdinterrecep.frm
02 10:09:28:711 Termino parse forms vdinterrecep.frm
02 10:09:28:711 Ejecutando interfase VDINTERRECEP
02 10:10:04:741 Empiezo a leer forms vdinterrecep.frm
02 10:10:04:741 Termino parse forms vdinterrecep.frm
02 10:10:04:741 Ejecutando interfase VDINTERRECEP
02 10:10:40:778 Empiezo a leer forms vdinterrecep.frm
02 10:10:40:778 Termino parse forms vdinterrecep.frm
02 10:10:40:778 Ejecutando interfase VDINTERRECEP
02 10:11:16:803 Empiezo a leer forms vdinterrecep.frm
02 10:11:16:808 Termino parse forms vdinterrecep.frm
02 10:11:16:808 Ejecutando interfase VDINTERRECEP
02 10:11:52:837 Empiezo a leer forms vdinterrecep.frm
02 10:11:52:841 Termino parse forms vdinterrecep.frm
02 10:11:52:841 Ejecutando interfase VDINTERRECEP
02 10:12:28:867 Empiezo a leer forms vdinterrecep.frm
02 10:12:28:867 Termino parse forms vdinterrecep.frm
02 10:12:28:867 Ejecutando interfase VDINTERRECEP
02 10:13:04:901 Empiezo a leer forms vdinterrecep.frm
02 10:13:04:906 Termino parse forms vdinterrecep.frm
02 10:13:04:906 Ejecutando interfase VDINTERRECEP
02 10:13:40:933 Empiezo a leer forms vdinterrecep.frm
02 10:13:40:933 Termino parse forms vdinterrecep.frm
02 10:13:40:933 Ejecutando interfase VDINTERRECEP
02 10:14:16:971 Empiezo a leer forms vdinterrecep.frm
02 10:14:16:971 Termino parse forms vdinterrecep.frm
02 10:14:16:971 Ejecutando interfase VDINTERRECEP
02 10:14:53:002 Empiezo a leer forms vdinterrecep.frm
02 10:14:53:002 Termino parse forms vdinterrecep.frm
02 10:14:53:002 Ejecutando interfase VDINTERRECEP
02 10:15:29:036 Empiezo a leer forms vdinterrecep.frm
02 10:15:29:036 Termino parse forms vdinterrecep.frm
02 10:15:29:036 Ejecutando interfase VDINTERRECEP
02 10:16:05:063 Empiezo a leer forms vdinterrecep.frm
02 10:16:05:063 Termino parse forms vdinterrecep.frm
02 10:16:05:063 Ejecutando interfase VDINTERRECEP
02 10:16:41:087 Empiezo a leer forms vdinterrecep.frm
02 10:16:41:087 Termino parse forms vdinterrecep.frm
02 10:16:41:087 Ejecutando interfase VDINTERRECEP
02 10:17:17:113 Empiezo a leer forms vdinterrecep.frm
02 10:17:17:113 Termino parse forms vdinterrecep.frm
02 10:17:17:113 Ejecutando interfase VDINTERRECEP
02 10:17:53:157 Empiezo a leer forms vdinterrecep.frm
02 10:17:53:157 Termino parse forms vdinterrecep.frm
02 10:17:53:157 Ejecutando interfase VDINTERRECEP
02 10:18:29:187 Empiezo a leer forms vdinterrecep.frm
02 10:18:29:187 Termino parse forms vdinterrecep.frm
02 10:18:29:202 Ejecutando interfase VDINTERRECEP
02 10:19:05:213 Empiezo a leer forms vdinterrecep.frm
02 10:19:05:220 Termino parse forms vdinterrecep.frm
02 10:19:05:220 Ejecutando interfase VDINTERRECEP
02 10:19:41:250 Empiezo a leer forms vdinterrecep.frm
02 10:19:41:250 Termino parse forms vdinterrecep.frm
02 10:19:41:250 Ejecutando interfase VDINTERRECEP
02 10:20:17:282 Empiezo a leer forms vdinterrecep.frm
02 10:20:17:282 Termino parse forms vdinterrecep.frm
02 10:20:17:282 Ejecutando interfase VDINTERRECEP
02 10:20:53:317 Empiezo a leer forms vdinterrecep.frm
02 10:20:53:317 Termino parse forms vdinterrecep.frm
02 10:20:53:317 Ejecutando interfase VDINTERRECEP
02 10:21:29:353 Empiezo a leer forms vdinterrecep.frm
02 10:21:29:353 Termino parse forms vdinterrecep.frm
02 10:21:29:353 Ejecutando interfase VDINTERRECEP
02 10:22:05:387 Empiezo a leer forms vdinterrecep.frm
02 10:22:05:387 Termino parse forms vdinterrecep.frm
02 10:22:05:387 Ejecutando interfase VDINTERRECEP
02 10:22:41:426 Empiezo a leer forms vdinterrecep.frm
02 10:22:41:426 Termino parse forms vdinterrecep.frm
02 10:22:41:426 Ejecutando interfase VDINTERRECEP
02 10:23:17:456 Empiezo a leer forms vdinterrecep.frm
02 10:23:17:456 Termino parse forms vdinterrecep.frm
02 10:23:17:456 Ejecutando interfase VDINTERRECEP
02 10:23:53:487 Empiezo a leer forms vdinterrecep.frm
02 10:23:53:487 Termino parse forms vdinterrecep.frm
02 10:23:53:487 Ejecutando interfase VDINTERRECEP
02 10:24:29:527 Empiezo a leer forms vdinterrecep.frm
02 10:24:29:527 Termino parse forms vdinterrecep.frm
02 10:24:29:527 Ejecutando interfase VDINTERRECEP
02 10:25:05:558 Empiezo a leer forms vdinterrecep.frm
02 10:25:05:558 Termino parse forms vdinterrecep.frm
02 10:25:05:558 Ejecutando interfase VDINTERRECEP
02 10:25:41:580 Empiezo a leer forms vdinterrecep.frm
02 10:25:41:580 Termino parse forms vdinterrecep.frm
02 10:25:41:580 Ejecutando interfase VDINTERRECEP
02 10:26:17:617 Empiezo a leer forms vdinterrecep.frm
02 10:26:17:617 Termino parse forms vdinterrecep.frm
02 10:26:17:617 Ejecutando interfase VDINTERRECEP
02 10:26:53:645 Empiezo a leer forms vdinterrecep.frm
02 10:26:53:645 Termino parse forms vdinterrecep.frm
02 10:26:53:645 Ejecutando interfase VDINTERRECEP
02 10:27:29:673 Empiezo a leer forms vdinterrecep.frm
02 10:27:29:680 Termino parse forms vdinterrecep.frm
02 10:27:29:680 Ejecutando interfase VDINTERRECEP
02 10:28:05:711 Empiezo a leer forms vdinterrecep.frm
02 10:28:05:711 Termino parse forms vdinterrecep.frm
02 10:28:05:711 Ejecutando interfase VDINTERRECEP
02 10:28:41:736 Empiezo a leer forms vdinterrecep.frm
02 10:28:41:742 Termino parse forms vdinterrecep.frm
02 10:28:41:742 Ejecutando interfase VDINTERRECEP
02 10:29:17:757 Empiezo a leer forms vdinterrecep.frm
02 10:29:17:757 Termino parse forms vdinterrecep.frm
02 10:29:17:757 Ejecutando interfase VDINTERRECEP
02 10:29:53:793 Empiezo a leer forms vdinterrecep.frm
02 10:29:53:802 Termino parse forms vdinterrecep.frm
02 10:29:53:802 Ejecutando interfase VDINTERRECEP
02 10:30:29:825 Empiezo a leer forms vdinterrecep.frm
02 10:30:29:831 Termino parse forms vdinterrecep.frm
02 10:30:29:831 Ejecutando interfase VDINTERRECEP
02 10:31:05:847 Empiezo a leer forms vdinterrecep.frm
02 10:31:05:847 Termino parse forms vdinterrecep.frm
02 10:31:05:847 Ejecutando interfase VDINTERRECEP
02 10:31:41:878 Empiezo a leer forms vdinterrecep.frm
02 10:31:41:883 Termino parse forms vdinterrecep.frm
02 10:31:41:883 Ejecutando interfase VDINTERRECEP
02 10:32:17:906 Empiezo a leer forms vdinterrecep.frm
02 10:32:17:906 Termino parse forms vdinterrecep.frm
02 10:32:17:906 Ejecutando interfase VDINTERRECEP
02 10:32:53:945 Empiezo a leer forms vdinterrecep.frm
02 10:32:53:945 Termino parse forms vdinterrecep.frm
02 10:32:53:945 Ejecutando interfase VDINTERRECEP
02 10:33:29:973 Empiezo a leer forms vdinterrecep.frm
02 10:33:29:977 Termino parse forms vdinterrecep.frm
02 10:33:29:977 Ejecutando interfase VDINTERRECEP
02 10:34:06:000 Empiezo a leer forms vdinterrecep.frm
02 10:34:06:013 Termino parse forms vdinterrecep.frm
02 10:34:06:013 Ejecutando interfase VDINTERRECEP
02 10:34:42:032 Empiezo a leer forms vdinterrecep.frm
02 10:34:42:032 Termino parse forms vdinterrecep.frm
02 10:34:42:032 Ejecutando interfase VDINTERRECEP
02 10:35:18:062 Empiezo a leer forms vdinterrecep.frm
02 10:35:18:067 Termino parse forms vdinterrecep.frm
02 10:35:18:067 Ejecutando interfase VDINTERRECEP
02 10:35:54:083 Empiezo a leer forms vdinterrecep.frm
02 10:35:54:083 Termino parse forms vdinterrecep.frm
02 10:35:54:083 Ejecutando interfase VDINTERRECEP
02 10:36:30:133 Empiezo a leer forms vdinterrecep.frm
02 10:36:30:133 Termino parse forms vdinterrecep.frm
02 10:36:30:133 Ejecutando interfase VDINTERRECEP
02 10:37:06:157 Empiezo a leer forms vdinterrecep.frm
02 10:37:06:157 Termino parse forms vdinterrecep.frm
02 10:37:06:157 Ejecutando interfase VDINTERRECEP
02 10:37:42:192 Empiezo a leer forms vdinterrecep.frm
02 10:37:42:192 Termino parse forms vdinterrecep.frm
02 10:37:42:192 Ejecutando interfase VDINTERRECEP
02 10:38:18:216 Empiezo a leer forms vdinterrecep.frm
02 10:38:18:216 Termino parse forms vdinterrecep.frm
02 10:38:18:216 Ejecutando interfase VDINTERRECEP
02 10:38:54:247 Empiezo a leer forms vdinterrecep.frm
02 10:38:54:247 Termino parse forms vdinterrecep.frm
02 10:38:54:247 Ejecutando interfase VDINTERRECEP
02 10:39:30:277 Empiezo a leer forms vdinterrecep.frm
02 10:39:30:282 Termino parse forms vdinterrecep.frm
02 10:39:30:282 Ejecutando interfase VDINTERRECEP
02 10:40:06:311 Empiezo a leer forms vdinterrecep.frm
02 10:40:06:311 Termino parse forms vdinterrecep.frm
02 10:40:06:311 Ejecutando interfase VDINTERRECEP
02 10:40:42:346 Empiezo a leer forms vdinterrecep.frm
02 10:40:42:346 Termino parse forms vdinterrecep.frm
02 10:40:42:346 Ejecutando interfase VDINTERRECEP
02 10:41:18:370 Empiezo a leer forms vdinterrecep.frm
02 10:41:18:370 Termino parse forms vdinterrecep.frm
02 10:41:18:370 Ejecutando interfase VDINTERRECEP
02 10:41:54:397 Empiezo a leer forms vdinterrecep.frm
02 10:41:54:407 Termino parse forms vdinterrecep.frm
02 10:41:54:407 Ejecutando interfase VDINTERRECEP
02 10:42:30:427 Empiezo a leer forms vdinterrecep.frm
02 10:42:30:427 Termino parse forms vdinterrecep.frm
02 10:42:30:427 Ejecutando interfase VDINTERRECEP
02 10:43:06:462 Empiezo a leer forms vdinterrecep.frm
02 10:43:06:462 Termino parse forms vdinterrecep.frm
02 10:43:06:462 Ejecutando interfase VDINTERRECEP
02 10:43:42:496 Empiezo a leer forms vdinterrecep.frm
02 10:43:42:496 Termino parse forms vdinterrecep.frm
02 10:43:42:496 Ejecutando interfase VDINTERRECEP
02 10:44:18:527 Empiezo a leer forms vdinterrecep.frm
02 10:44:18:527 Termino parse forms vdinterrecep.frm
02 10:44:18:527 Ejecutando interfase VDINTERRECEP
02 10:44:54:560 Empiezo a leer forms vdinterrecep.frm
02 10:44:54:566 Termino parse forms vdinterrecep.frm
02 10:44:54:566 Ejecutando interfase VDINTERRECEP
02 10:45:30:585 Empiezo a leer forms vdinterrecep.frm
02 10:45:30:600 Termino parse forms vdinterrecep.frm
02 10:45:30:600 Ejecutando interfase VDINTERRECEP
02 10:46:06:621 Empiezo a leer forms vdinterrecep.frm
02 10:46:06:627 Termino parse forms vdinterrecep.frm
02 10:46:06:627 Ejecutando interfase VDINTERRECEP
02 10:46:42:653 Empiezo a leer forms vdinterrecep.frm
02 10:46:42:653 Termino parse forms vdinterrecep.frm
02 10:46:42:653 Ejecutando interfase VDINTERRECEP
02 10:47:18:686 Empiezo a leer forms vdinterrecep.frm
02 10:47:18:686 Termino parse forms vdinterrecep.frm
02 10:47:18:686 Ejecutando interfase VDINTERRECEP
02 10:47:54:707 Empiezo a leer forms vdinterrecep.frm
02 10:47:54:707 Termino parse forms vdinterrecep.frm
02 10:47:54:707 Ejecutando interfase VDINTERRECEP
02 10:48:30:737 Empiezo a leer forms vdinterrecep.frm
02 10:48:30:742 Termino parse forms vdinterrecep.frm
02 10:48:30:742 Ejecutando interfase VDINTERRECEP
02 10:49:06:771 Empiezo a leer forms vdinterrecep.frm
02 10:49:06:776 Termino parse forms vdinterrecep.frm
02 10:49:06:776 Ejecutando interfase VDINTERRECEP
02 10:49:42:806 Empiezo a leer forms vdinterrecep.frm
02 10:49:42:813 Termino parse forms vdinterrecep.frm
02 10:49:42:813 Ejecutando interfase VDINTERRECEP
02 10:50:18:835 Empiezo a leer forms vdinterrecep.frm
02 10:50:18:838 Termino parse forms vdinterrecep.frm
02 10:50:18:838 Ejecutando interfase VDINTERRECEP
02 10:50:54:872 Empiezo a leer forms vdinterrecep.frm
02 10:50:54:872 Termino parse forms vdinterrecep.frm
02 10:50:54:872 Ejecutando interfase VDINTERRECEP
02 10:51:30:898 Empiezo a leer forms vdinterrecep.frm
02 10:51:30:898 Termino parse forms vdinterrecep.frm
02 10:51:30:898 Ejecutando interfase VDINTERRECEP
02 10:52:06:932 Empiezo a leer forms vdinterrecep.frm
02 10:52:06:932 Termino parse forms vdinterrecep.frm
02 10:52:06:932 Ejecutando interfase VDINTERRECEP
02 10:52:42:956 Empiezo a leer forms vdinterrecep.frm
02 10:52:42:956 Termino parse forms vdinterrecep.frm
02 10:52:42:956 Ejecutando interfase VDINTERRECEP
02 10:53:18:988 Empiezo a leer forms vdinterrecep.frm
02 10:53:18:988 Termino parse forms vdinterrecep.frm
02 10:53:18:988 Ejecutando interfase VDINTERRECEP
02 10:53:55:035 Empiezo a leer forms vdinterrecep.frm
02 10:53:55:035 Termino parse forms vdinterrecep.frm
02 10:53:55:035 Ejecutando interfase VDINTERRECEP
02 10:54:31:061 Empiezo a leer forms vdinterrecep.frm
02 10:54:31:061 Termino parse forms vdinterrecep.frm
02 10:54:31:061 Ejecutando interfase VDINTERRECEP
02 10:55:07:087 Empiezo a leer forms vdinterrecep.frm
02 10:55:07:087 Termino parse forms vdinterrecep.frm
02 10:55:07:087 Ejecutando interfase VDINTERRECEP
02 10:55:43:120 Empiezo a leer forms vdinterrecep.frm
02 10:55:43:120 Termino parse forms vdinterrecep.frm
02 10:55:43:120 Ejecutando interfase VDINTERRECEP
02 11:12:44:678 Empiezo a leer forms vdinterrecep.frm
02 11:12:44:687 Termino parse forms vdinterrecep.frm
02 11:12:44:687 Ejecutando interfase VDINTERRECEP
02 11:13:20:702 Empiezo a leer forms vdinterrecep.frm
02 11:13:20:702 Termino parse forms vdinterrecep.frm
02 11:13:20:702 Ejecutando interfase VDINTERRECEP
02 11:13:56:740 Empiezo a leer forms vdinterrecep.frm
02 11:13:56:751 Termino parse forms vdinterrecep.frm
02 11:13:56:751 Ejecutando interfase VDINTERRECEP
02 11:14:32:768 Empiezo a leer forms vdinterrecep.frm
02 11:14:32:768 Termino parse forms vdinterrecep.frm
02 11:14:32:768 Ejecutando interfase VDINTERRECEP
02 11:15:08:797 Empiezo a leer forms vdinterrecep.frm
02 11:15:08:797 Termino parse forms vdinterrecep.frm
02 11:15:08:797 Ejecutando interfase VDINTERRECEP
02 11:15:44:817 Empiezo a leer forms vdinterrecep.frm
02 11:15:44:817 Termino parse forms vdinterrecep.frm
02 11:15:44:817 Ejecutando interfase VDINTERRECEP
02 11:16:20:847 Empiezo a leer forms vdinterrecep.frm
02 11:16:20:848 Termino parse forms vdinterrecep.frm
02 11:16:20:848 Ejecutando interfase VDINTERRECEP
02 11:16:56:867 Empiezo a leer forms vdinterrecep.frm
02 11:16:56:867 Termino parse forms vdinterrecep.frm
02 11:16:56:867 Ejecutando interfase VDINTERRECEP
02 11:17:32:902 Empiezo a leer forms vdinterrecep.frm
02 11:17:32:902 Termino parse forms vdinterrecep.frm
02 11:17:32:902 Ejecutando interfase VDINTERRECEP

00 11:17:59:493 Fichero de log cerrado.

00 11:18:11:525 Fichero de log abierto PID 10104

02 11:18:11:527 Intentando abrir fichero v10.ini
02 11:18:11:532 Cargando driver v10oracle funcion damedriveroracle
02 11:18:12:236 Conectado a base de datos
02 11:18:12:236 Proceso ENVIORECEP encontrado en tabla VDPROCESOS
02 11:18:12:242 Proceso ENVIORECEP cargado con función interfasesalida (Librería VDINTERFASES.DLL) direccion 05E1CC80
02 11:18:12:245 PLSQL: INICIALIZADO PAQUETE DE LOG EL DIA 29-06-2022
02 11:18:12:253 Actualizado SID 633 SERIAL 28187 del proceso con PID 10104
00 11:18:12:257 Error al abrir fichero VDST.H
02 11:18:12:258 Empiezo a leer forms vdinterrecep.frm
02 11:18:12:275 Termino parse forms vdinterrecep.frm
02 11:18:12:275 Ejecutando interfase VDINTERRECEP
02 11:18:48:292 Empiezo a leer forms vdinterrecep.frm
02 11:18:48:292 Termino parse forms vdinterrecep.frm
02 11:18:48:292 Ejecutando interfase VDINTERRECEP
02 11:19:24:316 Empiezo a leer forms vdinterrecep.frm
02 11:19:24:316 Termino parse forms vdinterrecep.frm
02 11:19:24:316 Ejecutando interfase VDINTERRECEP
02 11:20:00:332 Empiezo a leer forms vdinterrecep.frm
02 11:20:00:332 Termino parse forms vdinterrecep.frm
02 11:20:00:332 Ejecutando interfase VDINTERRECEP
02 11:20:36:348 Empiezo a leer forms vdinterrecep.frm
02 11:20:36:352 Termino parse forms vdinterrecep.frm
02 11:20:36:352 Ejecutando interfase VDINTERRECEP
02 11:21:12:368 Empiezo a leer forms vdinterrecep.frm
02 11:21:12:368 Termino parse forms vdinterrecep.frm
02 11:21:12:368 Ejecutando interfase VDINTERRECEP
02 11:21:48:396 Empiezo a leer forms vdinterrecep.frm
02 11:21:48:402 Termino parse forms vdinterrecep.frm
02 11:21:48:402 Ejecutando interfase VDINTERRECEP
02 11:22:24:425 Empiezo a leer forms vdinterrecep.frm
02 11:22:24:425 Termino parse forms vdinterrecep.frm
02 11:22:24:425 Ejecutando interfase VDINTERRECEP
02 11:23:00:445 Empiezo a leer forms vdinterrecep.frm
02 11:23:00:445 Termino parse forms vdinterrecep.frm
02 11:23:00:445 Ejecutando interfase VDINTERRECEP
02 11:23:36:471 Empiezo a leer forms vdinterrecep.frm
02 11:23:36:472 Termino parse forms vdinterrecep.frm
02 11:23:36:472 Ejecutando interfase VDINTERRECEP
02 11:24:12:492 Empiezo a leer forms vdinterrecep.frm
02 11:24:12:492 Termino parse forms vdinterrecep.frm
02 11:24:12:492 Ejecutando interfase VDINTERRECEP
02 11:24:48:513 Empiezo a leer forms vdinterrecep.frm
02 11:24:48:513 Termino parse forms vdinterrecep.frm
02 11:24:48:513 Ejecutando interfase VDINTERRECEP
02 11:25:24:551 Empiezo a leer forms vdinterrecep.frm
02 11:25:24:552 Termino parse forms vdinterrecep.frm
02 11:25:24:552 Ejecutando interfase VDINTERRECEP
02 11:26:00:575 Empiezo a leer forms vdinterrecep.frm
02 11:26:00:575 Termino parse forms vdinterrecep.frm
02 11:26:00:575 Ejecutando interfase VDINTERRECEP
02 11:26:36:601 Empiezo a leer forms vdinterrecep.frm
02 11:26:36:601 Termino parse forms vdinterrecep.frm
02 11:26:36:601 Ejecutando interfase VDINTERRECEP
02 11:27:12:636 Empiezo a leer forms vdinterrecep.frm
02 11:27:12:642 Termino parse forms vdinterrecep.frm
02 11:27:12:642 Ejecutando interfase VDINTERRECEP
02 11:27:48:648 Empiezo a leer forms vdinterrecep.frm
02 11:27:48:648 Termino parse forms vdinterrecep.frm
02 11:27:48:648 Ejecutando interfase VDINTERRECEP
02 11:28:24:671 Empiezo a leer forms vdinterrecep.frm
02 11:28:24:671 Termino parse forms vdinterrecep.frm
02 11:28:24:671 Ejecutando interfase VDINTERRECEP
02 11:29:00:691 Empiezo a leer forms vdinterrecep.frm
02 11:29:00:691 Termino parse forms vdinterrecep.frm
02 11:29:00:691 Ejecutando interfase VDINTERRECEP
02 11:29:36:713 Empiezo a leer forms vdinterrecep.frm
02 11:29:36:713 Termino parse forms vdinterrecep.frm
02 11:29:36:713 Ejecutando interfase VDINTERRECEP
02 11:30:12:732 Empiezo a leer forms vdinterrecep.frm
02 11:30:12:732 Termino parse forms vdinterrecep.frm
02 11:30:12:732 Ejecutando interfase VDINTERRECEP
02 11:30:48:750 Empiezo a leer forms vdinterrecep.frm
02 11:30:48:750 Termino parse forms vdinterrecep.frm
02 11:30:48:750 Ejecutando interfase VDINTERRECEP
02 11:31:24:781 Empiezo a leer forms vdinterrecep.frm
02 11:31:24:781 Termino parse forms vdinterrecep.frm
02 11:31:24:781 Ejecutando interfase VDINTERRECEP
02 11:32:00:805 Empiezo a leer forms vdinterrecep.frm
02 11:32:00:807 Termino parse forms vdinterrecep.frm
02 11:32:00:807 Ejecutando interfase VDINTERRECEP
02 11:32:36:830 Empiezo a leer forms vdinterrecep.frm
02 11:32:36:830 Termino parse forms vdinterrecep.frm
02 11:32:36:830 Ejecutando interfase VDINTERRECEP
02 11:33:12:845 Empiezo a leer forms vdinterrecep.frm
02 11:33:12:845 Termino parse forms vdinterrecep.frm
02 11:33:12:845 Ejecutando interfase VDINTERRECEP
02 11:33:48:872 Empiezo a leer forms vdinterrecep.frm
02 11:33:48:881 Termino parse forms vdinterrecep.frm
02 11:33:48:881 Ejecutando interfase VDINTERRECEP
02 11:34:24:898 Empiezo a leer forms vdinterrecep.frm
02 11:34:24:905 Termino parse forms vdinterrecep.frm
02 11:34:24:905 Ejecutando interfase VDINTERRECEP
02 11:35:00:927 Empiezo a leer forms vdinterrecep.frm
02 11:35:00:930 Termino parse forms vdinterrecep.frm
02 11:35:00:930 Ejecutando interfase VDINTERRECEP
02 11:35:36:950 Empiezo a leer forms vdinterrecep.frm
02 11:35:36:957 Termino parse forms vdinterrecep.frm
02 11:35:36:957 Ejecutando interfase VDINTERRECEP
02 11:36:12:970 Empiezo a leer forms vdinterrecep.frm
02 11:36:12:970 Termino parse forms vdinterrecep.frm
02 11:36:12:970 Ejecutando interfase VDINTERRECEP
02 11:36:48:992 Empiezo a leer forms vdinterrecep.frm
02 11:36:48:997 Termino parse forms vdinterrecep.frm
02 11:36:48:997 Ejecutando interfase VDINTERRECEP
02 11:37:25:003 Empiezo a leer forms vdinterrecep.frm
02 11:37:25:008 Termino parse forms vdinterrecep.frm
02 11:37:25:010 Ejecutando interfase VDINTERRECEP
02 11:38:01:018 Empiezo a leer forms vdinterrecep.frm
02 11:38:01:025 Termino parse forms vdinterrecep.frm
02 11:38:01:025 Ejecutando interfase VDINTERRECEP
02 11:38:37:035 Empiezo a leer forms vdinterrecep.frm
02 11:38:37:035 Termino parse forms vdinterrecep.frm
02 11:38:37:035 Ejecutando interfase VDINTERRECEP
02 11:39:13:052 Empiezo a leer forms vdinterrecep.frm
02 11:39:13:055 Termino parse forms vdinterrecep.frm
02 11:39:13:055 Ejecutando interfase VDINTERRECEP
02 11:39:49:077 Empiezo a leer forms vdinterrecep.frm
02 11:39:49:077 Termino parse forms vdinterrecep.frm
02 11:39:49:077 Ejecutando interfase VDINTERRECEP
02 11:40:25:102 Empiezo a leer forms vdinterrecep.frm
02 11:40:25:102 Termino parse forms vdinterrecep.frm
02 11:40:25:102 Ejecutando interfase VDINTERRECEP
02 11:41:01:122 Empiezo a leer forms vdinterrecep.frm
02 11:41:01:122 Termino parse forms vdinterrecep.frm
02 11:41:01:122 Ejecutando interfase VDINTERRECEP
02 11:41:37:150 Empiezo a leer forms vdinterrecep.frm
02 11:41:37:152 Termino parse forms vdinterrecep.frm
02 11:41:37:152 Ejecutando interfase VDINTERRECEP

00 11:42:13:490 Fichero de log cerrado.

00 13:46:18:489 Fichero de log abierto PID 600

02 13:46:18:490 Intentando abrir fichero v10.ini
02 13:46:18:495 Cargando driver v10oracle funcion damedriveroracle
02 13:46:19:227 Conectado a base de datos
02 13:46:19:229 Proceso ENVIORECEP encontrado en tabla VDPROCESOS
02 13:46:19:925 Proceso ENVIORECEP cargado con función interfasesalida (Librería VDINTERFASES.DLL) direccion 069BCC80
02 13:46:19:927 PLSQL: INICIALIZADO PAQUETE DE LOG EL DIA 29-06-2022
02 13:46:19:942 Actualizado SID 631 SERIAL 12607 del proceso con PID 600
00 13:46:19:947 Error al abrir fichero VDST.H
02 13:46:19:954 Empiezo a leer forms vdinterrecep.frm
02 13:46:19:965 Termino parse forms vdinterrecep.frm
02 13:46:19:965 Ejecutando interfase VDINTERRECEP
02 13:46:55:972 Empiezo a leer forms vdinterrecep.frm
02 13:46:55:982 Termino parse forms vdinterrecep.frm
02 13:46:55:982 Ejecutando interfase VDINTERRECEP
02 13:47:32:005 Empiezo a leer forms vdinterrecep.frm
02 13:47:32:014 Termino parse forms vdinterrecep.frm
02 13:47:32:015 Ejecutando interfase VDINTERRECEP
02 13:48:08:032 Empiezo a leer forms vdinterrecep.frm
02 13:48:08:042 Termino parse forms vdinterrecep.frm
02 13:48:08:042 Ejecutando interfase VDINTERRECEP
02 13:48:44:062 Empiezo a leer forms vdinterrecep.frm
02 13:48:44:072 Termino parse forms vdinterrecep.frm
02 13:48:44:072 Ejecutando interfase VDINTERRECEP
02 13:49:20:097 Empiezo a leer forms vdinterrecep.frm
02 13:49:20:107 Termino parse forms vdinterrecep.frm
02 13:49:20:107 Ejecutando interfase VDINTERRECEP
02 13:49:56:124 Empiezo a leer forms vdinterrecep.frm
02 13:49:56:132 Termino parse forms vdinterrecep.frm
02 13:49:56:132 Ejecutando interfase VDINTERRECEP

00 13:50:10:250 Fichero de log cerrado.

00 17:03:13:237 Fichero de log abierto PID 14572

02 17:03:13:239 Intentando abrir fichero v10.ini
02 17:03:13:245 Cargando driver v10oracle funcion damedriveroracle
02 17:03:13:920 Conectado a base de datos
02 17:03:13:922 Proceso ENVIORECEP encontrado en tabla VDPROCESOS
02 17:03:13:927 Proceso ENVIORECEP cargado con función interfasesalida (Librería VDINTERFASES.DLL) direccion 06D2CC80
02 17:03:13:930 PLSQL: INICIALIZADO PAQUETE DE LOG EL DIA 29-06-2022
02 17:03:13:940 Actualizado SID 749 SERIAL 37866 del proceso con PID 14572
00 17:03:13:945 Error al abrir fichero VDST.H
02 17:03:13:947 Empiezo a leer forms vdinterrecep.frm
02 17:03:13:964 Termino parse forms vdinterrecep.frm
02 17:03:13:964 Ejecutando interfase VDINTERRECEP
02 17:03:49:975 Empiezo a leer forms vdinterrecep.frm
02 17:03:49:977 Termino parse forms vdinterrecep.frm
02 17:03:49:977 Ejecutando interfase VDINTERRECEP
02 17:04:25:985 Empiezo a leer forms vdinterrecep.frm
02 17:04:25:985 Termino parse forms vdinterrecep.frm
02 17:04:25:985 Ejecutando interfase VDINTERRECEP
02 17:05:02:009 Empiezo a leer forms vdinterrecep.frm
02 17:05:02:015 Termino parse forms vdinterrecep.frm
02 17:05:02:015 Ejecutando interfase VDINTERRECEP
02 17:05:38:032 Empiezo a leer forms vdinterrecep.frm
02 17:05:38:040 Termino parse forms vdinterrecep.frm
02 17:05:38:040 Ejecutando interfase VDINTERRECEP
02 17:06:14:065 Empiezo a leer forms vdinterrecep.frm
02 17:06:14:065 Termino parse forms vdinterrecep.frm
02 17:06:14:065 Ejecutando interfase VDINTERRECEP
02 17:06:50:089 Empiezo a leer forms vdinterrecep.frm
02 17:06:50:089 Termino parse forms vdinterrecep.frm
02 17:06:50:089 Ejecutando interfase VDINTERRECEP
02 17:07:26:110 Empiezo a leer forms vdinterrecep.frm
02 17:07:26:110 Termino parse forms vdinterrecep.frm
02 17:07:26:110 Ejecutando interfase VDINTERRECEP
02 17:08:02:135 Empiezo a leer forms vdinterrecep.frm
02 17:08:02:135 Termino parse forms vdinterrecep.frm
02 17:08:02:135 Ejecutando interfase VDINTERRECEP
02 17:08:38:154 Empiezo a leer forms vdinterrecep.frm
02 17:08:38:154 Termino parse forms vdinterrecep.frm
02 17:08:38:154 Ejecutando interfase VDINTERRECEP
02 17:09:14:167 Empiezo a leer forms vdinterrecep.frm
02 17:09:14:167 Termino parse forms vdinterrecep.frm
02 17:09:14:167 Ejecutando interfase VDINTERRECEP
02 17:09:50:185 Empiezo a leer forms vdinterrecep.frm
02 17:09:50:187 Termino parse forms vdinterrecep.frm
02 17:09:50:187 Ejecutando interfase VDINTERRECEP
02 17:10:26:199 Empiezo a leer forms vdinterrecep.frm
02 17:10:26:199 Termino parse forms vdinterrecep.frm
02 17:10:26:199 Ejecutando interfase VDINTERRECEP
02 17:11:02:214 Empiezo a leer forms vdinterrecep.frm
02 17:11:02:232 Termino parse forms vdinterrecep.frm
02 17:11:02:232 Ejecutando interfase VDINTERRECEP
02 17:11:38:239 Empiezo a leer forms vdinterrecep.frm
02 17:11:38:239 Termino parse forms vdinterrecep.frm
02 17:11:38:239 Ejecutando interfase VDINTERRECEP
02 17:12:14:257 Empiezo a leer forms vdinterrecep.frm
02 17:12:14:257 Termino parse forms vdinterrecep.frm
02 17:12:14:257 Ejecutando interfase VDINTERRECEP
02 17:12:50:282 Empiezo a leer forms vdinterrecep.frm
02 17:12:50:282 Termino parse forms vdinterrecep.frm
02 17:12:50:282 Ejecutando interfase VDINTERRECEP
02 17:13:26:309 Empiezo a leer forms vdinterrecep.frm
02 17:13:26:312 Termino parse forms vdinterrecep.frm
02 17:13:26:312 Ejecutando interfase VDINTERRECEP
02 17:14:02:329 Empiezo a leer forms vdinterrecep.frm
02 17:14:02:332 Termino parse forms vdinterrecep.frm
02 17:14:02:332 Ejecutando interfase VDINTERRECEP
02 17:14:38:352 Empiezo a leer forms vdinterrecep.frm
02 17:14:38:355 Termino parse forms vdinterrecep.frm
02 17:14:38:355 Ejecutando interfase VDINTERRECEP
02 17:15:14:382 Empiezo a leer forms vdinterrecep.frm
02 17:15:14:382 Termino parse forms vdinterrecep.frm
02 17:15:14:382 Ejecutando interfase VDINTERRECEP
02 17:15:50:400 Empiezo a leer forms vdinterrecep.frm
02 17:15:50:400 Termino parse forms vdinterrecep.frm
02 17:15:50:400 Ejecutando interfase VDINTERRECEP
02 17:16:26:427 Empiezo a leer forms vdinterrecep.frm
02 17:16:26:427 Termino parse forms vdinterrecep.frm
02 17:16:26:427 Ejecutando interfase VDINTERRECEP
02 17:17:02:447 Empiezo a leer forms vdinterrecep.frm
02 17:17:02:449 Termino parse forms vdinterrecep.frm
02 17:17:02:449 Ejecutando interfase VDINTERRECEP
02 17:17:38:477 Empiezo a leer forms vdinterrecep.frm
02 17:17:38:477 Termino parse forms vdinterrecep.frm
02 17:17:38:477 Ejecutando interfase VDINTERRECEP
02 17:18:14:509 Empiezo a leer forms vdinterrecep.frm
02 17:18:14:510 Termino parse forms vdinterrecep.frm
02 17:18:14:510 Ejecutando interfase VDINTERRECEP
02 17:18:50:522 Empiezo a leer forms vdinterrecep.frm
02 17:18:50:522 Termino parse forms vdinterrecep.frm
02 17:18:50:522 Ejecutando interfase VDINTERRECEP
02 17:19:26:540 Empiezo a leer forms vdinterrecep.frm
02 17:19:26:540 Termino parse forms vdinterrecep.frm
02 17:19:26:540 Ejecutando interfase VDINTERRECEP
02 17:20:02:560 Empiezo a leer forms vdinterrecep.frm
02 17:20:02:560 Termino parse forms vdinterrecep.frm
02 17:20:02:560 Ejecutando interfase VDINTERRECEP
02 17:20:38:572 Empiezo a leer forms vdinterrecep.frm
02 17:20:38:572 Termino parse forms vdinterrecep.frm
02 17:20:38:572 Ejecutando interfase VDINTERRECEP
02 17:21:14:592 Empiezo a leer forms vdinterrecep.frm
02 17:21:14:595 Termino parse forms vdinterrecep.frm
02 17:21:14:595 Ejecutando interfase VDINTERRECEP
02 17:21:50:607 Empiezo a leer forms vdinterrecep.frm
02 17:21:50:610 Termino parse forms vdinterrecep.frm
02 17:21:50:610 Ejecutando interfase VDINTERRECEP
02 17:22:26:620 Empiezo a leer forms vdinterrecep.frm
02 17:22:26:620 Termino parse forms vdinterrecep.frm
02 17:22:26:620 Ejecutando interfase VDINTERRECEP
02 17:23:02:632 Empiezo a leer forms vdinterrecep.frm
02 17:23:02:632 Termino parse forms vdinterrecep.frm
02 17:23:02:632 Ejecutando interfase VDINTERRECEP
02 17:23:38:654 Empiezo a leer forms vdinterrecep.frm
02 17:23:38:654 Termino parse forms vdinterrecep.frm
02 17:23:38:654 Ejecutando interfase VDINTERRECEP
02 17:24:14:670 Empiezo a leer forms vdinterrecep.frm
02 17:24:14:670 Termino parse forms vdinterrecep.frm
02 17:24:14:670 Ejecutando interfase VDINTERRECEP
02 17:24:50:687 Empiezo a leer forms vdinterrecep.frm
02 17:24:50:687 Termino parse forms vdinterrecep.frm
02 17:24:50:687 Ejecutando interfase VDINTERRECEP
02 17:25:26:720 Empiezo a leer forms vdinterrecep.frm
02 17:25:26:722 Termino parse forms vdinterrecep.frm
02 17:25:26:722 Ejecutando interfase VDINTERRECEP
02 17:26:02:742 Empiezo a leer forms vdinterrecep.frm
02 17:26:02:744 Termino parse forms vdinterrecep.frm
02 17:26:02:744 Ejecutando interfase VDINTERRECEP
02 17:26:38:757 Empiezo a leer forms vdinterrecep.frm
02 17:26:38:757 Termino parse forms vdinterrecep.frm
02 17:26:38:757 Ejecutando interfase VDINTERRECEP
02 17:27:14:775 Empiezo a leer forms vdinterrecep.frm
02 17:27:14:775 Termino parse forms vdinterrecep.frm
02 17:27:14:775 Ejecutando interfase VDINTERRECEP
02 17:27:50:799 Empiezo a leer forms vdinterrecep.frm
02 17:27:50:800 Termino parse forms vdinterrecep.frm
02 17:27:50:800 Ejecutando interfase VDINTERRECEP
02 17:28:26:825 Empiezo a leer forms vdinterrecep.frm
02 17:28:26:825 Termino parse forms vdinterrecep.frm
02 17:28:26:825 Ejecutando interfase VDINTERRECEP
02 17:29:02:847 Empiezo a leer forms vdinterrecep.frm
02 17:29:02:849 Termino parse forms vdinterrecep.frm
02 17:29:02:849 Ejecutando interfase VDINTERRECEP
02 17:29:38:867 Empiezo a leer forms vdinterrecep.frm
02 17:29:38:867 Termino parse forms vdinterrecep.frm
02 17:29:38:867 Ejecutando interfase VDINTERRECEP
02 17:30:14:885 Empiezo a leer forms vdinterrecep.frm
02 17:30:14:887 Termino parse forms vdinterrecep.frm
02 17:30:14:887 Ejecutando interfase VDINTERRECEP
02 17:30:50:902 Empiezo a leer forms vdinterrecep.frm
02 17:30:50:904 Termino parse forms vdinterrecep.frm
02 17:30:50:904 Ejecutando interfase VDINTERRECEP
02 17:31:26:917 Empiezo a leer forms vdinterrecep.frm
02 17:31:26:917 Termino parse forms vdinterrecep.frm
02 17:31:26:917 Ejecutando interfase VDINTERRECEP
02 17:32:02:944 Empiezo a leer forms vdinterrecep.frm
02 17:32:02:944 Termino parse forms vdinterrecep.frm
02 17:32:02:944 Ejecutando interfase VDINTERRECEP
02 17:32:38:974 Empiezo a leer forms vdinterrecep.frm
02 17:32:38:975 Termino parse forms vdinterrecep.frm
02 17:32:38:975 Ejecutando interfase VDINTERRECEP
02 17:33:15:002 Empiezo a leer forms vdinterrecep.frm
02 17:33:15:004 Termino parse forms vdinterrecep.frm
02 17:33:15:004 Ejecutando interfase VDINTERRECEP
02 17:33:51:035 Empiezo a leer forms vdinterrecep.frm
02 17:33:51:037 Termino parse forms vdinterrecep.frm
02 17:33:51:037 Ejecutando interfase VDINTERRECEP
02 17:34:27:059 Empiezo a leer forms vdinterrecep.frm
02 17:34:27:059 Termino parse forms vdinterrecep.frm
02 17:34:27:059 Ejecutando interfase VDINTERRECEP
02 17:35:03:077 Empiezo a leer forms vdinterrecep.frm
02 17:35:03:080 Termino parse forms vdinterrecep.frm
02 17:35:03:080 Ejecutando interfase VDINTERRECEP
02 17:35:39:100 Empiezo a leer forms vdinterrecep.frm
02 17:35:39:100 Termino parse forms vdinterrecep.frm
02 17:35:39:100 Ejecutando interfase VDINTERRECEP
02 17:36:15:117 Empiezo a leer forms vdinterrecep.frm
02 17:36:15:120 Termino parse forms vdinterrecep.frm
02 17:36:15:120 Ejecutando interfase VDINTERRECEP
02 17:36:51:145 Empiezo a leer forms vdinterrecep.frm
02 17:36:51:154 Termino parse forms vdinterrecep.frm
02 17:36:51:154 Ejecutando interfase VDINTERRECEP
02 17:37:27:167 Empiezo a leer forms vdinterrecep.frm
02 17:37:27:169 Termino parse forms vdinterrecep.frm
02 17:37:27:169 Ejecutando interfase VDINTERRECEP
02 17:38:03:185 Empiezo a leer forms vdinterrecep.frm
02 17:38:03:187 Termino parse forms vdinterrecep.frm
02 17:38:03:187 Ejecutando interfase VDINTERRECEP
02 17:38:39:202 Empiezo a leer forms vdinterrecep.frm
02 17:38:39:202 Termino parse forms vdinterrecep.frm
02 17:38:39:202 Ejecutando interfase VDINTERRECEP
02 17:39:15:224 Empiezo a leer forms vdinterrecep.frm
02 17:39:15:224 Termino parse forms vdinterrecep.frm
02 17:39:15:224 Ejecutando interfase VDINTERRECEP
02 17:39:51:235 Empiezo a leer forms vdinterrecep.frm
02 17:39:51:235 Termino parse forms vdinterrecep.frm
02 17:39:51:235 Ejecutando interfase VDINTERRECEP
02 17:40:27:252 Empiezo a leer forms vdinterrecep.frm
02 17:40:27:252 Termino parse forms vdinterrecep.frm
02 17:40:27:252 Ejecutando interfase VDINTERRECEP
02 17:41:03:280 Empiezo a leer forms vdinterrecep.frm
02 17:41:03:280 Termino parse forms vdinterrecep.frm
02 17:41:03:280 Ejecutando interfase VDINTERRECEP
02 17:41:39:299 Empiezo a leer forms vdinterrecep.frm
02 17:41:39:299 Termino parse forms vdinterrecep.frm
02 17:41:39:299 Ejecutando interfase VDINTERRECEP
02 17:42:15:322 Empiezo a leer forms vdinterrecep.frm
02 17:42:15:322 Termino parse forms vdinterrecep.frm
02 17:42:15:322 Ejecutando interfase VDINTERRECEP
02 17:42:51:340 Empiezo a leer forms vdinterrecep.frm
02 17:42:51:342 Termino parse forms vdinterrecep.frm
02 17:42:51:342 Ejecutando interfase VDINTERRECEP
02 17:43:27:365 Empiezo a leer forms vdinterrecep.frm
02 17:43:27:367 Termino parse forms vdinterrecep.frm
02 17:43:27:367 Ejecutando interfase VDINTERRECEP
02 17:44:03:387 Empiezo a leer forms vdinterrecep.frm
02 17:44:03:389 Termino parse forms vdinterrecep.frm
02 17:44:03:389 Ejecutando interfase VDINTERRECEP
02 17:44:39:415 Empiezo a leer forms vdinterrecep.frm
02 17:44:39:417 Termino parse forms vdinterrecep.frm
02 17:44:39:417 Ejecutando interfase VDINTERRECEP
02 17:45:15:445 Empiezo a leer forms vdinterrecep.frm
02 17:45:15:454 Termino parse forms vdinterrecep.frm
02 17:45:15:454 Ejecutando interfase VDINTERRECEP
02 17:45:51:460 Empiezo a leer forms vdinterrecep.frm
02 17:45:51:462 Termino parse forms vdinterrecep.frm
02 17:45:51:462 Ejecutando interfase VDINTERRECEP
02 17:46:27:485 Empiezo a leer forms vdinterrecep.frm
02 17:46:27:494 Termino parse forms vdinterrecep.frm
02 17:46:27:494 Ejecutando interfase VDINTERRECEP
02 17:47:03:505 Empiezo a leer forms vdinterrecep.frm
02 17:47:03:507 Termino parse forms vdinterrecep.frm
02 17:47:03:507 Ejecutando interfase VDINTERRECEP
02 17:47:39:522 Empiezo a leer forms vdinterrecep.frm
02 17:47:39:522 Termino parse forms vdinterrecep.frm
02 17:47:39:522 Ejecutando interfase VDINTERRECEP
02 17:48:15:550 Empiezo a leer forms vdinterrecep.frm
02 17:48:15:552 Termino parse forms vdinterrecep.frm
02 17:48:15:552 Ejecutando interfase VDINTERRECEP
02 17:48:51:580 Empiezo a leer forms vdinterrecep.frm
02 17:48:51:582 Termino parse forms vdinterrecep.frm
02 17:48:51:582 Ejecutando interfase VDINTERRECEP
02 17:49:27:594 Empiezo a leer forms vdinterrecep.frm
02 17:49:27:595 Termino parse forms vdinterrecep.frm
02 17:49:27:595 Ejecutando interfase VDINTERRECEP
02 17:50:03:610 Empiezo a leer forms vdinterrecep.frm
02 17:50:03:612 Termino parse forms vdinterrecep.frm
02 17:50:03:612 Ejecutando interfase VDINTERRECEP
02 17:50:39:639 Empiezo a leer forms vdinterrecep.frm
02 17:50:39:640 Termino parse forms vdinterrecep.frm
02 17:50:39:640 Ejecutando interfase VDINTERRECEP
02 17:51:15:662 Empiezo a leer forms vdinterrecep.frm
02 17:51:15:667 Termino parse forms vdinterrecep.frm
02 17:51:15:667 Ejecutando interfase VDINTERRECEP
02 17:51:51:677 Empiezo a leer forms vdinterrecep.frm
02 17:51:51:685 Termino parse forms vdinterrecep.frm
02 17:51:51:685 Ejecutando interfase VDINTERRECEP
02 17:52:27:702 Empiezo a leer forms vdinterrecep.frm
02 17:52:27:707 Termino parse forms vdinterrecep.frm
02 17:52:27:707 Ejecutando interfase VDINTERRECEP
02 17:53:03:720 Empiezo a leer forms vdinterrecep.frm
02 17:53:03:720 Termino parse forms vdinterrecep.frm
02 17:53:03:720 Ejecutando interfase VDINTERRECEP
02 17:53:39:742 Empiezo a leer forms vdinterrecep.frm
02 17:53:39:745 Termino parse forms vdinterrecep.frm
02 17:53:39:745 Ejecutando interfase VDINTERRECEP
02 17:54:15:762 Empiezo a leer forms vdinterrecep.frm
02 17:54:15:764 Termino parse forms vdinterrecep.frm
02 17:54:15:764 Ejecutando interfase VDINTERRECEP
02 17:54:51:782 Empiezo a leer forms vdinterrecep.frm
02 17:54:51:785 Termino parse forms vdinterrecep.frm
02 17:54:51:785 Ejecutando interfase VDINTERRECEP
02 17:55:27:800 Empiezo a leer forms vdinterrecep.frm
02 17:55:27:802 Termino parse forms vdinterrecep.frm
02 17:55:27:802 Ejecutando interfase VDINTERRECEP
02 17:56:03:817 Empiezo a leer forms vdinterrecep.frm
02 17:56:03:820 Termino parse forms vdinterrecep.frm
02 17:56:03:820 Ejecutando interfase VDINTERRECEP
02 17:56:39:845 Empiezo a leer forms vdinterrecep.frm
02 17:56:39:845 Termino parse forms vdinterrecep.frm
02 17:56:39:845 Ejecutando interfase VDINTERRECEP

00 17:57:09:029 Fichero de log cerrado.

