00 09:22:31:540 Fichero de log abierto PID 7424

02 09:22:31:542 Intentando abrir fichero v10.ini
02 09:22:31:572 Cargando driver v10oracle funcion damedriveroracle
02 09:22:32:036 Conectado a base de datos
02 09:22:32:036 Proceso ENVIORECEP encontrado en tabla VDPROCESOS
02 09:22:37:660 Proceso ENVIORECEP cargado con función interfasesalida (Librería VDINTERFASES.DLL) direccion 05DACC80
02 09:22:37:662 PLSQL: INICIALIZADO PAQUETE DE LOG EL DIA 01-07-2022
02 09:22:37:678 Actualizado SID 508 SERIAL 17911 del proceso con PID 7424
00 09:22:37:683 Error al abrir fichero VDST.H
02 09:22:37:683 Empiezo a leer forms vdinterrecep.frm
02 09:22:37:705 Termino parse forms vdinterrecep.frm
02 09:22:37:706 Ejecutando interfase VDINTERRECEP
02 09:23:13:712 Empiezo a leer forms vdinterrecep.frm
02 09:23:13:712 Termino parse forms vdinterrecep.frm
02 09:23:13:712 Ejecutando interfase VDINTERRECEP
02 09:23:49:742 Empiezo a leer forms vdinterrecep.frm
02 09:23:49:745 Termino parse forms vdinterrecep.frm
02 09:23:49:745 Ejecutando interfase VDINTERRECEP
02 09:24:25:762 Empiezo a leer forms vdinterrecep.frm
02 09:24:25:762 Termino parse forms vdinterrecep.frm
02 09:24:25:762 Ejecutando interfase VDINTERRECEP
02 09:25:01:793 Empiezo a leer forms vdinterrecep.frm
02 09:25:01:793 Termino parse forms vdinterrecep.frm
02 09:25:01:793 Ejecutando interfase VDINTERRECEP
02 09:25:37:826 Empiezo a leer forms vdinterrecep.frm
02 09:25:37:826 Termino parse forms vdinterrecep.frm
02 09:25:37:826 Ejecutando interfase VDINTERRECEP
02 09:26:13:848 Empiezo a leer forms vdinterrecep.frm
02 09:26:13:848 Termino parse forms vdinterrecep.frm
02 09:26:13:848 Ejecutando interfase VDINTERRECEP
02 09:26:49:877 Empiezo a leer forms vdinterrecep.frm
02 09:26:49:877 Termino parse forms vdinterrecep.frm
02 09:26:49:877 Ejecutando interfase VDINTERRECEP
02 09:27:25:907 Empiezo a leer forms vdinterrecep.frm
02 09:27:25:907 Termino parse forms vdinterrecep.frm
02 09:27:25:907 Ejecutando interfase VDINTERRECEP
02 09:28:01:935 Empiezo a leer forms vdinterrecep.frm
02 09:28:01:935 Termino parse forms vdinterrecep.frm
02 09:28:01:935 Ejecutando interfase VDINTERRECEP
02 09:28:37:968 Empiezo a leer forms vdinterrecep.frm
02 09:28:37:972 Termino parse forms vdinterrecep.frm
02 09:28:37:972 Ejecutando interfase VDINTERRECEP
02 09:29:13:986 Empiezo a leer forms vdinterrecep.frm
02 09:29:13:988 Termino parse forms vdinterrecep.frm
02 09:29:13:988 Ejecutando interfase VDINTERRECEP
02 09:29:49:997 Empiezo a leer forms vdinterrecep.frm
02 09:29:49:997 Termino parse forms vdinterrecep.frm
02 09:29:49:997 Ejecutando interfase VDINTERRECEP
02 09:30:26:027 Empiezo a leer forms vdinterrecep.frm
02 09:30:26:027 Termino parse forms vdinterrecep.frm
02 09:30:26:027 Ejecutando interfase VDINTERRECEP
02 09:31:02:057 Empiezo a leer forms vdinterrecep.frm
02 09:31:02:072 Termino parse forms vdinterrecep.frm
02 09:31:02:072 Ejecutando interfase VDINTERRECEP
02 09:31:38:096 Empiezo a leer forms vdinterrecep.frm
02 09:31:38:098 Termino parse forms vdinterrecep.frm
02 09:31:38:098 Ejecutando interfase VDINTERRECEP
02 09:32:14:118 Empiezo a leer forms vdinterrecep.frm
02 09:32:14:123 Termino parse forms vdinterrecep.frm
02 09:32:14:123 Ejecutando interfase VDINTERRECEP
02 09:32:50:142 Empiezo a leer forms vdinterrecep.frm
02 09:32:50:142 Termino parse forms vdinterrecep.frm
02 09:32:50:142 Ejecutando interfase VDINTERRECEP
02 09:33:26:177 Empiezo a leer forms vdinterrecep.frm
02 09:33:26:177 Termino parse forms vdinterrecep.frm
02 09:33:26:177 Ejecutando interfase VDINTERRECEP
02 09:34:02:208 Empiezo a leer forms vdinterrecep.frm
02 09:34:02:208 Termino parse forms vdinterrecep.frm
02 09:34:02:208 Ejecutando interfase VDINTERRECEP
02 09:34:38:231 Empiezo a leer forms vdinterrecep.frm
02 09:34:38:231 Termino parse forms vdinterrecep.frm
02 09:34:38:231 Ejecutando interfase VDINTERRECEP
02 09:35:14:262 Empiezo a leer forms vdinterrecep.frm
02 09:35:14:267 Termino parse forms vdinterrecep.frm
02 09:35:14:267 Ejecutando interfase VDINTERRECEP
02 09:35:50:283 Empiezo a leer forms vdinterrecep.frm
02 09:35:50:283 Termino parse forms vdinterrecep.frm
02 09:35:50:283 Ejecutando interfase VDINTERRECEP
02 09:36:26:307 Empiezo a leer forms vdinterrecep.frm
02 09:36:26:307 Termino parse forms vdinterrecep.frm
02 09:36:26:307 Ejecutando interfase VDINTERRECEP
02 09:37:02:327 Empiezo a leer forms vdinterrecep.frm
02 09:37:02:335 Termino parse forms vdinterrecep.frm
02 09:37:02:336 Ejecutando interfase VDINTERRECEP
02 09:37:38:356 Empiezo a leer forms vdinterrecep.frm
02 09:37:38:356 Termino parse forms vdinterrecep.frm
02 09:37:38:356 Ejecutando interfase VDINTERRECEP
02 09:38:14:378 Empiezo a leer forms vdinterrecep.frm
02 09:38:14:378 Termino parse forms vdinterrecep.frm
02 09:38:14:378 Ejecutando interfase VDINTERRECEP
02 09:38:50:415 Empiezo a leer forms vdinterrecep.frm
02 09:38:50:420 Termino parse forms vdinterrecep.frm
02 09:38:50:420 Ejecutando interfase VDINTERRECEP
02 09:39:26:437 Empiezo a leer forms vdinterrecep.frm
02 09:39:26:437 Termino parse forms vdinterrecep.frm
02 09:39:26:437 Ejecutando interfase VDINTERRECEP
02 09:40:02:481 Empiezo a leer forms vdinterrecep.frm
02 09:40:02:481 Termino parse forms vdinterrecep.frm
02 09:40:02:481 Ejecutando interfase VDINTERRECEP
02 09:40:38:508 Empiezo a leer forms vdinterrecep.frm
02 09:40:38:508 Termino parse forms vdinterrecep.frm
02 09:40:38:508 Ejecutando interfase VDINTERRECEP
02 09:41:14:531 Empiezo a leer forms vdinterrecep.frm
02 09:41:14:531 Termino parse forms vdinterrecep.frm
02 09:41:14:531 Ejecutando interfase VDINTERRECEP
02 09:41:50:562 Empiezo a leer forms vdinterrecep.frm
02 09:41:50:566 Termino parse forms vdinterrecep.frm
02 09:41:50:566 Ejecutando interfase VDINTERRECEP
02 09:42:26:586 Empiezo a leer forms vdinterrecep.frm
02 09:42:26:586 Termino parse forms vdinterrecep.frm
02 09:42:26:586 Ejecutando interfase VDINTERRECEP
02 09:43:02:616 Empiezo a leer forms vdinterrecep.frm
02 09:43:02:616 Termino parse forms vdinterrecep.frm
02 09:43:02:616 Ejecutando interfase VDINTERRECEP
02 09:43:38:643 Empiezo a leer forms vdinterrecep.frm
02 09:43:38:647 Termino parse forms vdinterrecep.frm
02 09:43:38:647 Ejecutando interfase VDINTERRECEP
02 09:44:14:678 Empiezo a leer forms vdinterrecep.frm
02 09:44:14:678 Termino parse forms vdinterrecep.frm
02 09:44:14:678 Ejecutando interfase VDINTERRECEP
02 09:44:50:703 Empiezo a leer forms vdinterrecep.frm
02 09:44:50:703 Termino parse forms vdinterrecep.frm
02 09:44:50:703 Ejecutando interfase VDINTERRECEP
02 09:45:26:728 Empiezo a leer forms vdinterrecep.frm
02 09:45:26:728 Termino parse forms vdinterrecep.frm
02 09:45:26:728 Ejecutando interfase VDINTERRECEP
02 09:46:02:752 Empiezo a leer forms vdinterrecep.frm
02 09:46:02:752 Termino parse forms vdinterrecep.frm
02 09:46:02:752 Ejecutando interfase VDINTERRECEP
02 09:46:38:781 Empiezo a leer forms vdinterrecep.frm
02 09:46:38:786 Termino parse forms vdinterrecep.frm
02 09:46:38:786 Ejecutando interfase VDINTERRECEP
02 09:47:14:807 Empiezo a leer forms vdinterrecep.frm
02 09:47:14:807 Termino parse forms vdinterrecep.frm
02 09:47:14:807 Ejecutando interfase VDINTERRECEP
02 09:47:50:846 Empiezo a leer forms vdinterrecep.frm
02 09:47:50:846 Termino parse forms vdinterrecep.frm
02 09:47:50:846 Ejecutando interfase VDINTERRECEP
02 09:48:26:868 Empiezo a leer forms vdinterrecep.frm
02 09:48:26:890 Termino parse forms vdinterrecep.frm
02 09:48:26:890 Ejecutando interfase VDINTERRECEP
02 09:49:02:902 Empiezo a leer forms vdinterrecep.frm
02 09:49:02:902 Termino parse forms vdinterrecep.frm
02 09:49:02:902 Ejecutando interfase VDINTERRECEP
02 09:49:38:936 Empiezo a leer forms vdinterrecep.frm
02 09:49:38:943 Termino parse forms vdinterrecep.frm
02 09:49:38:943 Ejecutando interfase VDINTERRECEP
02 09:50:14:952 Empiezo a leer forms vdinterrecep.frm
02 09:50:14:952 Termino parse forms vdinterrecep.frm
02 09:50:14:952 Ejecutando interfase VDINTERRECEP
02 09:50:50:975 Empiezo a leer forms vdinterrecep.frm
02 09:50:50:977 Termino parse forms vdinterrecep.frm
02 09:50:50:977 Ejecutando interfase VDINTERRECEP
02 09:51:26:988 Empiezo a leer forms vdinterrecep.frm
02 09:51:26:988 Termino parse forms vdinterrecep.frm
02 09:51:26:988 Ejecutando interfase VDINTERRECEP
02 09:52:03:008 Empiezo a leer forms vdinterrecep.frm
02 09:52:03:012 Termino parse forms vdinterrecep.frm
02 09:52:03:012 Ejecutando interfase VDINTERRECEP
02 09:52:39:022 Empiezo a leer forms vdinterrecep.frm
02 09:52:39:022 Termino parse forms vdinterrecep.frm
02 09:52:39:022 Ejecutando interfase VDINTERRECEP
02 09:53:15:041 Empiezo a leer forms vdinterrecep.frm
02 09:53:15:041 Termino parse forms vdinterrecep.frm
02 09:53:15:041 Ejecutando interfase VDINTERRECEP
02 09:53:51:070 Empiezo a leer forms vdinterrecep.frm
02 09:53:51:070 Termino parse forms vdinterrecep.frm
02 09:53:51:070 Ejecutando interfase VDINTERRECEP
02 09:54:27:095 Empiezo a leer forms vdinterrecep.frm
02 09:54:27:095 Termino parse forms vdinterrecep.frm
02 09:54:27:095 Ejecutando interfase VDINTERRECEP
02 09:55:03:130 Empiezo a leer forms vdinterrecep.frm
02 09:55:03:130 Termino parse forms vdinterrecep.frm
02 09:55:03:130 Ejecutando interfase VDINTERRECEP
02 09:55:39:170 Empiezo a leer forms vdinterrecep.frm
02 09:55:39:170 Termino parse forms vdinterrecep.frm
02 09:55:39:170 Ejecutando interfase VDINTERRECEP
02 09:56:15:198 Empiezo a leer forms vdinterrecep.frm
02 09:56:15:202 Termino parse forms vdinterrecep.frm
02 09:56:15:202 Ejecutando interfase VDINTERRECEP
02 09:56:51:230 Empiezo a leer forms vdinterrecep.frm
02 09:56:51:230 Termino parse forms vdinterrecep.frm
02 09:56:51:230 Ejecutando interfase VDINTERRECEP
02 09:57:27:261 Empiezo a leer forms vdinterrecep.frm
02 09:57:27:261 Termino parse forms vdinterrecep.frm
02 09:57:27:261 Ejecutando interfase VDINTERRECEP
02 09:58:03:281 Empiezo a leer forms vdinterrecep.frm
02 09:58:03:285 Termino parse forms vdinterrecep.frm
02 09:58:03:285 Ejecutando interfase VDINTERRECEP
02 09:58:39:301 Empiezo a leer forms vdinterrecep.frm
02 09:58:39:301 Termino parse forms vdinterrecep.frm
02 09:58:39:301 Ejecutando interfase VDINTERRECEP
02 09:59:15:332 Empiezo a leer forms vdinterrecep.frm
02 09:59:15:332 Termino parse forms vdinterrecep.frm
02 09:59:15:332 Ejecutando interfase VDINTERRECEP
02 09:59:51:355 Empiezo a leer forms vdinterrecep.frm
02 09:59:51:360 Termino parse forms vdinterrecep.frm
02 09:59:51:360 Ejecutando interfase VDINTERRECEP
02 10:00:27:376 Empiezo a leer forms vdinterrecep.frm
02 10:00:27:376 Termino parse forms vdinterrecep.frm
02 10:00:27:376 Ejecutando interfase VDINTERRECEP
02 10:01:03:405 Empiezo a leer forms vdinterrecep.frm
02 10:01:03:410 Termino parse forms vdinterrecep.frm
02 10:01:03:410 Ejecutando interfase VDINTERRECEP
02 10:01:39:433 Empiezo a leer forms vdinterrecep.frm
02 10:01:39:433 Termino parse forms vdinterrecep.frm
02 10:01:39:433 Ejecutando interfase VDINTERRECEP
02 10:02:15:456 Empiezo a leer forms vdinterrecep.frm
02 10:02:15:462 Termino parse forms vdinterrecep.frm
02 10:02:15:462 Ejecutando interfase VDINTERRECEP
02 10:02:51:492 Empiezo a leer forms vdinterrecep.frm
02 10:02:51:492 Termino parse forms vdinterrecep.frm
02 10:02:51:492 Ejecutando interfase VDINTERRECEP
02 10:03:27:517 Empiezo a leer forms vdinterrecep.frm
02 10:03:27:517 Termino parse forms vdinterrecep.frm
02 10:03:27:517 Ejecutando interfase VDINTERRECEP
02 10:04:03:551 Empiezo a leer forms vdinterrecep.frm
02 10:04:03:551 Termino parse forms vdinterrecep.frm
02 10:04:03:551 Ejecutando interfase VDINTERRECEP
02 10:04:39:573 Empiezo a leer forms vdinterrecep.frm
02 10:04:39:573 Termino parse forms vdinterrecep.frm
02 10:04:39:573 Ejecutando interfase VDINTERRECEP
02 10:05:15:597 Empiezo a leer forms vdinterrecep.frm
02 10:05:15:597 Termino parse forms vdinterrecep.frm
02 10:05:15:597 Ejecutando interfase VDINTERRECEP
02 10:05:51:622 Empiezo a leer forms vdinterrecep.frm
02 10:05:51:622 Termino parse forms vdinterrecep.frm
02 10:05:51:622 Ejecutando interfase VDINTERRECEP
02 10:06:27:667 Empiezo a leer forms vdinterrecep.frm
02 10:06:27:667 Termino parse forms vdinterrecep.frm
02 10:06:27:667 Ejecutando interfase VDINTERRECEP
02 10:07:03:700 Empiezo a leer forms vdinterrecep.frm
02 10:07:03:700 Termino parse forms vdinterrecep.frm
02 10:07:03:700 Ejecutando interfase VDINTERRECEP
02 10:07:39:722 Empiezo a leer forms vdinterrecep.frm
02 10:07:39:722 Termino parse forms vdinterrecep.frm
02 10:07:39:722 Ejecutando interfase VDINTERRECEP
02 10:08:15:742 Empiezo a leer forms vdinterrecep.frm
02 10:08:15:742 Termino parse forms vdinterrecep.frm
02 10:08:15:742 Ejecutando interfase VDINTERRECEP
02 10:08:51:767 Empiezo a leer forms vdinterrecep.frm
02 10:08:51:767 Termino parse forms vdinterrecep.frm
02 10:08:51:767 Ejecutando interfase VDINTERRECEP
02 10:09:27:807 Empiezo a leer forms vdinterrecep.frm
02 10:09:27:807 Termino parse forms vdinterrecep.frm
02 10:09:27:807 Ejecutando interfase VDINTERRECEP
02 10:10:03:835 Empiezo a leer forms vdinterrecep.frm
02 10:10:03:835 Termino parse forms vdinterrecep.frm
02 10:10:03:835 Ejecutando interfase VDINTERRECEP
02 10:10:39:867 Empiezo a leer forms vdinterrecep.frm
02 10:10:39:867 Termino parse forms vdinterrecep.frm
02 10:10:39:867 Ejecutando interfase VDINTERRECEP
02 10:11:15:903 Empiezo a leer forms vdinterrecep.frm
02 10:11:15:903 Termino parse forms vdinterrecep.frm
02 10:11:15:903 Ejecutando interfase VDINTERRECEP
02 10:11:51:940 Empiezo a leer forms vdinterrecep.frm
02 10:11:51:940 Termino parse forms vdinterrecep.frm
02 10:11:51:940 Ejecutando interfase VDINTERRECEP
02 10:12:27:972 Empiezo a leer forms vdinterrecep.frm
02 10:12:27:972 Termino parse forms vdinterrecep.frm
02 10:12:27:972 Ejecutando interfase VDINTERRECEP
02 10:13:04:006 Empiezo a leer forms vdinterrecep.frm
02 10:13:04:008 Termino parse forms vdinterrecep.frm
02 10:13:04:008 Ejecutando interfase VDINTERRECEP
02 10:13:40:037 Empiezo a leer forms vdinterrecep.frm
02 10:13:40:037 Termino parse forms vdinterrecep.frm
02 10:13:40:037 Ejecutando interfase VDINTERRECEP
02 10:14:16:067 Empiezo a leer forms vdinterrecep.frm
02 10:14:16:067 Termino parse forms vdinterrecep.frm
02 10:14:16:067 Ejecutando interfase VDINTERRECEP
02 10:14:52:096 Empiezo a leer forms vdinterrecep.frm
02 10:14:52:098 Termino parse forms vdinterrecep.frm
02 10:14:52:098 Ejecutando interfase VDINTERRECEP
02 10:15:28:122 Empiezo a leer forms vdinterrecep.frm
02 10:15:28:122 Termino parse forms vdinterrecep.frm
02 10:15:28:122 Ejecutando interfase VDINTERRECEP
02 10:16:04:147 Empiezo a leer forms vdinterrecep.frm
02 10:16:04:147 Termino parse forms vdinterrecep.frm
02 10:16:04:147 Ejecutando interfase VDINTERRECEP
02 10:16:40:176 Empiezo a leer forms vdinterrecep.frm
02 10:16:40:181 Termino parse forms vdinterrecep.frm
02 10:16:40:181 Ejecutando interfase VDINTERRECEP
02 10:17:16:198 Empiezo a leer forms vdinterrecep.frm
02 10:17:16:198 Termino parse forms vdinterrecep.frm
02 10:17:16:198 Ejecutando interfase VDINTERRECEP
02 10:17:52:228 Empiezo a leer forms vdinterrecep.frm
02 10:17:52:228 Termino parse forms vdinterrecep.frm
02 10:17:52:228 Ejecutando interfase VDINTERRECEP
02 10:18:28:256 Empiezo a leer forms vdinterrecep.frm
02 10:18:28:256 Termino parse forms vdinterrecep.frm
02 10:18:28:256 Ejecutando interfase VDINTERRECEP
02 10:19:04:292 Empiezo a leer forms vdinterrecep.frm
02 10:19:04:292 Termino parse forms vdinterrecep.frm
02 10:19:04:292 Ejecutando interfase VDINTERRECEP
02 10:19:40:313 Empiezo a leer forms vdinterrecep.frm
02 10:19:40:313 Termino parse forms vdinterrecep.frm
02 10:19:40:313 Ejecutando interfase VDINTERRECEP
02 10:20:16:348 Empiezo a leer forms vdinterrecep.frm
02 10:20:16:352 Termino parse forms vdinterrecep.frm
02 10:20:16:352 Ejecutando interfase VDINTERRECEP
02 10:20:52:365 Empiezo a leer forms vdinterrecep.frm
02 10:20:52:365 Termino parse forms vdinterrecep.frm
02 10:20:52:365 Ejecutando interfase VDINTERRECEP
02 10:21:28:397 Empiezo a leer forms vdinterrecep.frm
02 10:21:28:397 Termino parse forms vdinterrecep.frm
02 10:21:28:397 Ejecutando interfase VDINTERRECEP
02 10:22:04:417 Empiezo a leer forms vdinterrecep.frm
02 10:22:04:417 Termino parse forms vdinterrecep.frm
02 10:22:04:417 Ejecutando interfase VDINTERRECEP
02 10:22:40:450 Empiezo a leer forms vdinterrecep.frm
02 10:22:40:453 Termino parse forms vdinterrecep.frm
02 10:22:40:453 Ejecutando interfase VDINTERRECEP
02 10:23:16:475 Empiezo a leer forms vdinterrecep.frm
02 10:23:16:480 Termino parse forms vdinterrecep.frm
02 10:23:16:481 Ejecutando interfase VDINTERRECEP
02 10:23:52:490 Empiezo a leer forms vdinterrecep.frm
02 10:23:52:495 Termino parse forms vdinterrecep.frm
02 10:23:52:495 Ejecutando interfase VDINTERRECEP
02 10:24:28:517 Empiezo a leer forms vdinterrecep.frm
02 10:24:28:517 Termino parse forms vdinterrecep.frm
02 10:24:28:517 Ejecutando interfase VDINTERRECEP
02 10:25:04:543 Empiezo a leer forms vdinterrecep.frm
02 10:25:04:543 Termino parse forms vdinterrecep.frm
02 10:25:04:543 Ejecutando interfase VDINTERRECEP
02 10:25:40:571 Empiezo a leer forms vdinterrecep.frm
02 10:25:40:571 Termino parse forms vdinterrecep.frm
02 10:25:40:571 Ejecutando interfase VDINTERRECEP
02 10:26:16:602 Empiezo a leer forms vdinterrecep.frm
02 10:26:16:602 Termino parse forms vdinterrecep.frm
02 10:26:16:602 Ejecutando interfase VDINTERRECEP
02 10:26:52:622 Empiezo a leer forms vdinterrecep.frm
02 10:26:52:622 Termino parse forms vdinterrecep.frm
02 10:26:52:622 Ejecutando interfase VDINTERRECEP
02 10:27:28:658 Empiezo a leer forms vdinterrecep.frm
02 10:27:28:658 Termino parse forms vdinterrecep.frm
02 10:27:28:658 Ejecutando interfase VDINTERRECEP
02 10:28:04:695 Empiezo a leer forms vdinterrecep.frm
02 10:28:04:695 Termino parse forms vdinterrecep.frm
02 10:28:04:695 Ejecutando interfase VDINTERRECEP
02 10:28:40:731 Empiezo a leer forms vdinterrecep.frm
02 10:28:40:733 Termino parse forms vdinterrecep.frm
02 10:28:40:733 Ejecutando interfase VDINTERRECEP
02 10:29:16:753 Empiezo a leer forms vdinterrecep.frm
02 10:29:16:756 Termino parse forms vdinterrecep.frm
02 10:29:16:756 Ejecutando interfase VDINTERRECEP
02 10:29:52:781 Empiezo a leer forms vdinterrecep.frm
02 10:29:52:788 Termino parse forms vdinterrecep.frm
02 10:29:52:788 Ejecutando interfase VDINTERRECEP
02 10:30:28:818 Empiezo a leer forms vdinterrecep.frm
02 10:30:28:823 Termino parse forms vdinterrecep.frm
02 10:30:28:823 Ejecutando interfase VDINTERRECEP
02 10:31:04:847 Empiezo a leer forms vdinterrecep.frm
02 10:31:04:847 Termino parse forms vdinterrecep.frm
02 10:31:04:847 Ejecutando interfase VDINTERRECEP
02 10:31:40:867 Empiezo a leer forms vdinterrecep.frm
02 10:31:40:867 Termino parse forms vdinterrecep.frm
02 10:31:40:867 Ejecutando interfase VDINTERRECEP
02 10:32:16:887 Empiezo a leer forms vdinterrecep.frm
02 10:32:16:887 Termino parse forms vdinterrecep.frm
02 10:32:16:887 Ejecutando interfase VDINTERRECEP
02 10:32:52:918 Empiezo a leer forms vdinterrecep.frm
02 10:32:52:918 Termino parse forms vdinterrecep.frm
02 10:32:52:918 Ejecutando interfase VDINTERRECEP
02 10:33:28:952 Empiezo a leer forms vdinterrecep.frm
02 10:33:28:952 Termino parse forms vdinterrecep.frm
02 10:33:28:952 Ejecutando interfase VDINTERRECEP
02 10:34:04:982 Empiezo a leer forms vdinterrecep.frm
02 10:34:04:982 Termino parse forms vdinterrecep.frm
02 10:34:04:982 Ejecutando interfase VDINTERRECEP
02 10:34:41:016 Empiezo a leer forms vdinterrecep.frm
02 10:34:41:016 Termino parse forms vdinterrecep.frm
02 10:34:41:016 Ejecutando interfase VDINTERRECEP
02 10:35:17:057 Empiezo a leer forms vdinterrecep.frm
02 10:35:17:057 Termino parse forms vdinterrecep.frm
02 10:35:17:057 Ejecutando interfase VDINTERRECEP
02 10:35:53:073 Empiezo a leer forms vdinterrecep.frm
02 10:35:53:073 Termino parse forms vdinterrecep.frm
02 10:35:53:073 Ejecutando interfase VDINTERRECEP
02 10:36:29:093 Empiezo a leer forms vdinterrecep.frm
02 10:36:29:093 Termino parse forms vdinterrecep.frm
02 10:36:29:093 Ejecutando interfase VDINTERRECEP
02 10:37:05:130 Empiezo a leer forms vdinterrecep.frm
02 10:37:05:130 Termino parse forms vdinterrecep.frm
02 10:37:05:130 Ejecutando interfase VDINTERRECEP
02 10:37:41:142 Empiezo a leer forms vdinterrecep.frm
02 10:37:41:142 Termino parse forms vdinterrecep.frm
02 10:37:41:142 Ejecutando interfase VDINTERRECEP
02 10:38:17:163 Empiezo a leer forms vdinterrecep.frm
02 10:38:17:163 Termino parse forms vdinterrecep.frm
02 10:38:17:163 Ejecutando interfase VDINTERRECEP
02 10:38:53:198 Empiezo a leer forms vdinterrecep.frm
02 10:38:53:198 Termino parse forms vdinterrecep.frm
02 10:38:53:198 Ejecutando interfase VDINTERRECEP
02 10:39:29:235 Empiezo a leer forms vdinterrecep.frm
02 10:39:29:235 Termino parse forms vdinterrecep.frm
02 10:39:29:235 Ejecutando interfase VDINTERRECEP
02 10:40:05:270 Empiezo a leer forms vdinterrecep.frm
02 10:40:05:270 Termino parse forms vdinterrecep.frm
02 10:40:05:270 Ejecutando interfase VDINTERRECEP
02 10:40:41:305 Empiezo a leer forms vdinterrecep.frm
02 10:40:41:305 Termino parse forms vdinterrecep.frm
02 10:40:41:305 Ejecutando interfase VDINTERRECEP
02 10:41:17:335 Empiezo a leer forms vdinterrecep.frm
02 10:41:17:335 Termino parse forms vdinterrecep.frm
02 10:41:17:335 Ejecutando interfase VDINTERRECEP
02 10:41:53:372 Empiezo a leer forms vdinterrecep.frm
02 10:41:53:377 Termino parse forms vdinterrecep.frm
02 10:41:53:377 Ejecutando interfase VDINTERRECEP
02 10:42:29:393 Empiezo a leer forms vdinterrecep.frm
02 10:42:29:393 Termino parse forms vdinterrecep.frm
02 10:42:29:393 Ejecutando interfase VDINTERRECEP
02 10:43:05:425 Empiezo a leer forms vdinterrecep.frm
02 10:43:05:425 Termino parse forms vdinterrecep.frm
02 10:43:05:425 Ejecutando interfase VDINTERRECEP
02 10:44:44:317 Empiezo a leer forms vdinterrecep.frm
02 10:44:44:321 Termino parse forms vdinterrecep.frm
02 10:44:44:322 Ejecutando interfase VDINTERRECEP
02 10:45:20:327 Empiezo a leer forms vdinterrecep.frm
02 10:45:20:327 Termino parse forms vdinterrecep.frm
02 10:45:20:327 Ejecutando interfase VDINTERRECEP
02 10:45:56:361 Empiezo a leer forms vdinterrecep.frm
02 10:45:56:372 Termino parse forms vdinterrecep.frm
02 10:45:56:372 Ejecutando interfase VDINTERRECEP
02 10:46:32:385 Empiezo a leer forms vdinterrecep.frm
02 10:46:32:385 Termino parse forms vdinterrecep.frm
02 10:46:32:385 Ejecutando interfase VDINTERRECEP
02 10:47:08:416 Empiezo a leer forms vdinterrecep.frm
02 10:47:08:416 Termino parse forms vdinterrecep.frm
02 10:47:08:416 Ejecutando interfase VDINTERRECEP
02 10:47:44:450 Empiezo a leer forms vdinterrecep.frm
02 10:47:44:457 Termino parse forms vdinterrecep.frm
02 10:47:44:457 Ejecutando interfase VDINTERRECEP
02 10:48:20:463 Empiezo a leer forms vdinterrecep.frm
02 10:48:20:467 Termino parse forms vdinterrecep.frm
02 10:48:20:468 Ejecutando interfase VDINTERRECEP
02 10:48:56:476 Empiezo a leer forms vdinterrecep.frm
02 10:48:56:486 Termino parse forms vdinterrecep.frm
02 10:48:56:486 Ejecutando interfase VDINTERRECEP
02 10:49:32:497 Empiezo a leer forms vdinterrecep.frm
02 10:49:32:507 Termino parse forms vdinterrecep.frm
02 10:49:32:507 Ejecutando interfase VDINTERRECEP
02 10:50:08:532 Empiezo a leer forms vdinterrecep.frm
02 10:50:08:542 Termino parse forms vdinterrecep.frm
02 10:50:08:542 Ejecutando interfase VDINTERRECEP
02 10:50:44:557 Empiezo a leer forms vdinterrecep.frm
02 10:50:44:557 Termino parse forms vdinterrecep.frm
02 10:50:44:557 Ejecutando interfase VDINTERRECEP
02 10:51:20:585 Empiezo a leer forms vdinterrecep.frm
02 10:51:20:590 Termino parse forms vdinterrecep.frm
02 10:51:20:590 Ejecutando interfase VDINTERRECEP
02 10:51:56:617 Empiezo a leer forms vdinterrecep.frm
02 10:51:56:617 Termino parse forms vdinterrecep.frm
02 10:51:56:617 Ejecutando interfase VDINTERRECEP
02 10:52:32:636 Empiezo a leer forms vdinterrecep.frm
02 10:52:32:636 Termino parse forms vdinterrecep.frm
02 10:52:32:636 Ejecutando interfase VDINTERRECEP
02 10:53:08:670 Empiezo a leer forms vdinterrecep.frm
02 10:53:08:670 Termino parse forms vdinterrecep.frm
02 10:53:08:670 Ejecutando interfase VDINTERRECEP
02 10:53:44:692 Empiezo a leer forms vdinterrecep.frm
02 10:53:44:692 Termino parse forms vdinterrecep.frm
02 10:53:44:692 Ejecutando interfase VDINTERRECEP
02 10:54:20:723 Empiezo a leer forms vdinterrecep.frm
02 10:54:20:727 Termino parse forms vdinterrecep.frm
02 10:54:20:727 Ejecutando interfase VDINTERRECEP
02 10:54:56:743 Empiezo a leer forms vdinterrecep.frm
02 10:54:56:743 Termino parse forms vdinterrecep.frm
02 10:54:56:743 Ejecutando interfase VDINTERRECEP
02 10:55:32:775 Empiezo a leer forms vdinterrecep.frm
02 10:55:32:775 Termino parse forms vdinterrecep.frm
02 10:55:32:775 Ejecutando interfase VDINTERRECEP
02 10:56:08:805 Empiezo a leer forms vdinterrecep.frm
02 10:56:08:805 Termino parse forms vdinterrecep.frm
02 10:56:08:805 Ejecutando interfase VDINTERRECEP
02 10:56:44:837 Empiezo a leer forms vdinterrecep.frm
02 10:56:44:837 Termino parse forms vdinterrecep.frm
02 10:56:44:837 Ejecutando interfase VDINTERRECEP
02 10:57:20:868 Empiezo a leer forms vdinterrecep.frm
02 10:57:20:868 Termino parse forms vdinterrecep.frm
02 10:57:20:868 Ejecutando interfase VDINTERRECEP
02 10:57:56:890 Empiezo a leer forms vdinterrecep.frm
02 10:57:56:890 Termino parse forms vdinterrecep.frm
02 10:57:56:890 Ejecutando interfase VDINTERRECEP
02 10:58:32:922 Empiezo a leer forms vdinterrecep.frm
02 10:58:32:922 Termino parse forms vdinterrecep.frm
02 10:58:32:922 Ejecutando interfase VDINTERRECEP
02 10:59:08:938 Empiezo a leer forms vdinterrecep.frm
02 10:59:08:938 Termino parse forms vdinterrecep.frm
02 10:59:08:938 Ejecutando interfase VDINTERRECEP
02 10:59:44:961 Empiezo a leer forms vdinterrecep.frm
02 10:59:44:961 Termino parse forms vdinterrecep.frm
02 10:59:44:961 Ejecutando interfase VDINTERRECEP
02 11:00:20:996 Empiezo a leer forms vdinterrecep.frm
02 11:00:20:996 Termino parse forms vdinterrecep.frm
02 11:00:20:996 Ejecutando interfase VDINTERRECEP
02 11:00:57:026 Empiezo a leer forms vdinterrecep.frm
02 11:00:57:026 Termino parse forms vdinterrecep.frm
02 11:00:57:026 Ejecutando interfase VDINTERRECEP
02 11:01:33:038 Empiezo a leer forms vdinterrecep.frm
02 11:01:33:038 Termino parse forms vdinterrecep.frm
02 11:01:33:038 Ejecutando interfase VDINTERRECEP
02 11:02:09:075 Empiezo a leer forms vdinterrecep.frm
02 11:02:09:075 Termino parse forms vdinterrecep.frm
02 11:02:09:075 Ejecutando interfase VDINTERRECEP
02 11:02:45:106 Empiezo a leer forms vdinterrecep.frm
02 11:02:45:106 Termino parse forms vdinterrecep.frm
02 11:02:45:106 Ejecutando interfase VDINTERRECEP
02 11:03:21:143 Empiezo a leer forms vdinterrecep.frm
02 11:03:21:143 Termino parse forms vdinterrecep.frm
02 11:03:21:143 Ejecutando interfase VDINTERRECEP
02 11:03:57:173 Empiezo a leer forms vdinterrecep.frm
02 11:03:57:173 Termino parse forms vdinterrecep.frm
02 11:03:57:173 Ejecutando interfase VDINTERRECEP
02 11:04:33:190 Empiezo a leer forms vdinterrecep.frm
02 11:04:33:190 Termino parse forms vdinterrecep.frm
02 11:04:33:190 Ejecutando interfase VDINTERRECEP
02 11:05:09:220 Empiezo a leer forms vdinterrecep.frm
02 11:05:09:220 Termino parse forms vdinterrecep.frm
02 11:05:09:220 Ejecutando interfase VDINTERRECEP
02 11:05:45:248 Empiezo a leer forms vdinterrecep.frm
02 11:05:45:248 Termino parse forms vdinterrecep.frm
02 11:05:45:248 Ejecutando interfase VDINTERRECEP
02 11:06:21:267 Empiezo a leer forms vdinterrecep.frm
02 11:06:21:267 Termino parse forms vdinterrecep.frm
02 11:06:21:267 Ejecutando interfase VDINTERRECEP
02 11:06:57:293 Empiezo a leer forms vdinterrecep.frm
02 11:06:57:293 Termino parse forms vdinterrecep.frm
02 11:06:57:293 Ejecutando interfase VDINTERRECEP
02 11:07:33:313 Empiezo a leer forms vdinterrecep.frm
02 11:07:33:313 Termino parse forms vdinterrecep.frm
02 11:07:33:313 Ejecutando interfase VDINTERRECEP
02 11:08:09:357 Empiezo a leer forms vdinterrecep.frm
02 11:08:09:357 Termino parse forms vdinterrecep.frm
02 11:08:09:357 Ejecutando interfase VDINTERRECEP
02 11:08:45:386 Empiezo a leer forms vdinterrecep.frm
02 11:08:45:386 Termino parse forms vdinterrecep.frm
02 11:08:45:386 Ejecutando interfase VDINTERRECEP
02 11:09:21:413 Empiezo a leer forms vdinterrecep.frm
02 11:09:21:413 Termino parse forms vdinterrecep.frm
02 11:09:21:413 Ejecutando interfase VDINTERRECEP
02 11:09:57:447 Empiezo a leer forms vdinterrecep.frm
02 11:09:57:447 Termino parse forms vdinterrecep.frm
02 11:09:57:447 Ejecutando interfase VDINTERRECEP
02 11:10:33:466 Empiezo a leer forms vdinterrecep.frm
02 11:10:33:468 Termino parse forms vdinterrecep.frm
02 11:10:33:468 Ejecutando interfase VDINTERRECEP
02 11:11:09:487 Empiezo a leer forms vdinterrecep.frm
02 11:11:09:487 Termino parse forms vdinterrecep.frm
02 11:11:09:487 Ejecutando interfase VDINTERRECEP
02 11:11:45:522 Empiezo a leer forms vdinterrecep.frm
02 11:11:45:522 Termino parse forms vdinterrecep.frm
02 11:11:45:522 Ejecutando interfase VDINTERRECEP
02 11:12:21:553 Empiezo a leer forms vdinterrecep.frm
02 11:12:21:553 Termino parse forms vdinterrecep.frm
02 11:12:21:553 Ejecutando interfase VDINTERRECEP
02 11:12:57:567 Empiezo a leer forms vdinterrecep.frm
02 11:12:57:567 Termino parse forms vdinterrecep.frm
02 11:12:57:567 Ejecutando interfase VDINTERRECEP
02 11:13:33:601 Empiezo a leer forms vdinterrecep.frm
02 11:13:33:602 Termino parse forms vdinterrecep.frm
02 11:13:33:602 Ejecutando interfase VDINTERRECEP
02 11:14:09:621 Empiezo a leer forms vdinterrecep.frm
02 11:14:09:621 Termino parse forms vdinterrecep.frm
02 11:14:09:621 Ejecutando interfase VDINTERRECEP
02 11:14:45:652 Empiezo a leer forms vdinterrecep.frm
02 11:14:45:652 Termino parse forms vdinterrecep.frm
02 11:14:45:652 Ejecutando interfase VDINTERRECEP
02 11:15:21:677 Empiezo a leer forms vdinterrecep.frm
02 11:15:21:677 Termino parse forms vdinterrecep.frm
02 11:15:21:677 Ejecutando interfase VDINTERRECEP
02 11:15:57:707 Empiezo a leer forms vdinterrecep.frm
02 11:15:57:707 Termino parse forms vdinterrecep.frm
02 11:15:57:707 Ejecutando interfase VDINTERRECEP
02 11:34:23:187 Empiezo a leer forms vdinterrecep.frm
02 11:34:23:187 Termino parse forms vdinterrecep.frm
02 11:34:23:187 Ejecutando interfase VDINTERRECEP
02 11:34:59:211 Empiezo a leer forms vdinterrecep.frm
02 11:34:59:215 Termino parse forms vdinterrecep.frm
02 11:34:59:215 Ejecutando interfase VDINTERRECEP
02 11:35:35:246 Empiezo a leer forms vdinterrecep.frm
02 11:35:35:256 Termino parse forms vdinterrecep.frm
02 11:35:35:256 Ejecutando interfase VDINTERRECEP
02 11:36:11:277 Empiezo a leer forms vdinterrecep.frm
02 11:36:11:277 Termino parse forms vdinterrecep.frm
02 11:36:11:277 Ejecutando interfase VDINTERRECEP
02 11:36:47:300 Empiezo a leer forms vdinterrecep.frm
02 11:36:47:305 Termino parse forms vdinterrecep.frm
02 11:36:47:305 Ejecutando interfase VDINTERRECEP
02 11:37:23:321 Empiezo a leer forms vdinterrecep.frm
02 11:37:23:321 Termino parse forms vdinterrecep.frm
02 11:37:23:321 Ejecutando interfase VDINTERRECEP
02 11:37:59:361 Empiezo a leer forms vdinterrecep.frm
02 11:37:59:361 Termino parse forms vdinterrecep.frm
02 11:37:59:361 Ejecutando interfase VDINTERRECEP
02 11:38:35:381 Empiezo a leer forms vdinterrecep.frm
02 11:38:35:381 Termino parse forms vdinterrecep.frm
02 11:38:35:381 Ejecutando interfase VDINTERRECEP
02 11:39:11:410 Empiezo a leer forms vdinterrecep.frm
02 11:39:11:410 Termino parse forms vdinterrecep.frm
02 11:39:11:410 Ejecutando interfase VDINTERRECEP
02 11:39:47:437 Empiezo a leer forms vdinterrecep.frm
02 11:39:47:437 Termino parse forms vdinterrecep.frm
02 11:39:47:437 Ejecutando interfase VDINTERRECEP
02 11:40:23:469 Empiezo a leer forms vdinterrecep.frm
02 11:40:23:472 Termino parse forms vdinterrecep.frm
02 11:40:23:472 Ejecutando interfase VDINTERRECEP
02 11:40:59:497 Empiezo a leer forms vdinterrecep.frm
02 11:40:59:497 Termino parse forms vdinterrecep.frm
02 11:40:59:497 Ejecutando interfase VDINTERRECEP
02 11:41:35:522 Empiezo a leer forms vdinterrecep.frm
02 11:41:35:527 Termino parse forms vdinterrecep.frm
02 11:41:35:527 Ejecutando interfase VDINTERRECEP
02 11:42:11:537 Empiezo a leer forms vdinterrecep.frm
02 11:42:11:537 Termino parse forms vdinterrecep.frm
02 11:42:11:537 Ejecutando interfase VDINTERRECEP
02 11:42:47:570 Empiezo a leer forms vdinterrecep.frm
02 11:42:47:570 Termino parse forms vdinterrecep.frm
02 11:42:47:570 Ejecutando interfase VDINTERRECEP
02 11:43:23:605 Empiezo a leer forms vdinterrecep.frm
02 11:43:23:605 Termino parse forms vdinterrecep.frm
02 11:43:23:605 Ejecutando interfase VDINTERRECEP
02 11:43:59:632 Empiezo a leer forms vdinterrecep.frm
02 11:43:59:632 Termino parse forms vdinterrecep.frm
02 11:43:59:632 Ejecutando interfase VDINTERRECEP
02 11:44:35:667 Empiezo a leer forms vdinterrecep.frm
02 11:44:35:667 Termino parse forms vdinterrecep.frm
02 11:44:35:667 Ejecutando interfase VDINTERRECEP
02 11:45:11:690 Empiezo a leer forms vdinterrecep.frm
02 11:45:11:702 Termino parse forms vdinterrecep.frm
02 11:45:11:702 Ejecutando interfase VDINTERRECEP
02 11:45:47:720 Empiezo a leer forms vdinterrecep.frm
02 11:45:47:720 Termino parse forms vdinterrecep.frm
02 11:45:47:720 Ejecutando interfase VDINTERRECEP
02 11:46:23:755 Empiezo a leer forms vdinterrecep.frm
02 11:46:23:755 Termino parse forms vdinterrecep.frm
02 11:46:23:755 Ejecutando interfase VDINTERRECEP
02 11:46:59:787 Empiezo a leer forms vdinterrecep.frm
02 11:46:59:787 Termino parse forms vdinterrecep.frm
02 11:46:59:787 Ejecutando interfase VDINTERRECEP
02 11:47:35:829 Empiezo a leer forms vdinterrecep.frm
02 11:47:35:835 Termino parse forms vdinterrecep.frm
02 11:47:35:835 Ejecutando interfase VDINTERRECEP
02 11:48:11:849 Empiezo a leer forms vdinterrecep.frm
02 11:48:11:854 Termino parse forms vdinterrecep.frm
02 11:48:11:854 Ejecutando interfase VDINTERRECEP
02 11:48:47:860 Empiezo a leer forms vdinterrecep.frm
02 11:48:47:860 Termino parse forms vdinterrecep.frm
02 11:48:47:860 Ejecutando interfase VDINTERRECEP
02 11:49:23:890 Empiezo a leer forms vdinterrecep.frm
02 11:49:23:890 Termino parse forms vdinterrecep.frm
02 11:49:23:890 Ejecutando interfase VDINTERRECEP
02 11:49:59:924 Empiezo a leer forms vdinterrecep.frm
02 11:49:59:925 Termino parse forms vdinterrecep.frm
02 11:49:59:925 Ejecutando interfase VDINTERRECEP
02 11:50:35:952 Empiezo a leer forms vdinterrecep.frm
02 11:50:35:960 Termino parse forms vdinterrecep.frm
02 11:50:35:960 Ejecutando interfase VDINTERRECEP
02 11:51:11:980 Empiezo a leer forms vdinterrecep.frm
02 11:51:11:980 Termino parse forms vdinterrecep.frm
02 11:51:11:980 Ejecutando interfase VDINTERRECEP
02 11:51:48:007 Empiezo a leer forms vdinterrecep.frm
02 11:51:48:009 Termino parse forms vdinterrecep.frm
02 11:51:48:009 Ejecutando interfase VDINTERRECEP
02 11:52:24:035 Empiezo a leer forms vdinterrecep.frm
02 11:52:24:035 Termino parse forms vdinterrecep.frm
02 11:52:24:035 Ejecutando interfase VDINTERRECEP
02 11:53:00:070 Empiezo a leer forms vdinterrecep.frm
02 11:53:00:070 Termino parse forms vdinterrecep.frm
02 11:53:00:070 Ejecutando interfase VDINTERRECEP
02 11:53:36:105 Empiezo a leer forms vdinterrecep.frm
02 11:53:36:107 Termino parse forms vdinterrecep.frm
02 11:53:36:107 Ejecutando interfase VDINTERRECEP
02 11:54:12:132 Empiezo a leer forms vdinterrecep.frm
02 11:54:12:142 Termino parse forms vdinterrecep.frm
02 11:54:12:142 Ejecutando interfase VDINTERRECEP
02 11:54:48:154 Empiezo a leer forms vdinterrecep.frm
02 11:54:48:154 Termino parse forms vdinterrecep.frm
02 11:54:48:154 Ejecutando interfase VDINTERRECEP
02 11:55:24:194 Empiezo a leer forms vdinterrecep.frm
02 11:55:24:205 Termino parse forms vdinterrecep.frm
02 11:55:24:205 Ejecutando interfase VDINTERRECEP
02 11:56:00:229 Empiezo a leer forms vdinterrecep.frm
02 11:56:00:232 Termino parse forms vdinterrecep.frm
02 11:56:00:232 Ejecutando interfase VDINTERRECEP
02 11:56:36:264 Empiezo a leer forms vdinterrecep.frm
02 11:56:36:264 Termino parse forms vdinterrecep.frm
02 11:56:36:264 Ejecutando interfase VDINTERRECEP
02 11:57:12:289 Empiezo a leer forms vdinterrecep.frm
02 11:57:12:289 Termino parse forms vdinterrecep.frm
02 11:57:12:289 Ejecutando interfase VDINTERRECEP
02 11:57:48:302 Empiezo a leer forms vdinterrecep.frm
02 11:57:48:302 Termino parse forms vdinterrecep.frm
02 11:57:48:302 Ejecutando interfase VDINTERRECEP
02 11:58:24:324 Empiezo a leer forms vdinterrecep.frm
02 11:58:24:324 Termino parse forms vdinterrecep.frm
02 11:58:24:324 Ejecutando interfase VDINTERRECEP
02 11:59:00:344 Empiezo a leer forms vdinterrecep.frm
02 11:59:00:344 Termino parse forms vdinterrecep.frm
02 11:59:00:344 Ejecutando interfase VDINTERRECEP
02 11:59:36:377 Empiezo a leer forms vdinterrecep.frm
02 11:59:36:387 Termino parse forms vdinterrecep.frm
02 11:59:36:387 Ejecutando interfase VDINTERRECEP
02 12:00:12:407 Empiezo a leer forms vdinterrecep.frm
02 12:00:12:415 Termino parse forms vdinterrecep.frm
02 12:00:12:415 Ejecutando interfase VDINTERRECEP
02 12:00:48:430 Empiezo a leer forms vdinterrecep.frm
02 12:00:48:430 Termino parse forms vdinterrecep.frm
02 12:00:48:430 Ejecutando interfase VDINTERRECEP
02 12:01:24:460 Empiezo a leer forms vdinterrecep.frm
02 12:01:24:460 Termino parse forms vdinterrecep.frm
02 12:01:24:460 Ejecutando interfase VDINTERRECEP
02 12:02:00:489 Empiezo a leer forms vdinterrecep.frm
02 12:02:00:489 Termino parse forms vdinterrecep.frm
02 12:02:00:489 Ejecutando interfase VDINTERRECEP
02 12:02:36:522 Empiezo a leer forms vdinterrecep.frm
02 12:02:36:522 Termino parse forms vdinterrecep.frm
02 12:02:36:522 Ejecutando interfase VDINTERRECEP
02 12:03:12:547 Empiezo a leer forms vdinterrecep.frm
02 12:03:12:547 Termino parse forms vdinterrecep.frm
02 12:03:12:547 Ejecutando interfase VDINTERRECEP
02 12:03:48:577 Empiezo a leer forms vdinterrecep.frm
02 12:03:48:577 Termino parse forms vdinterrecep.frm
02 12:03:48:577 Ejecutando interfase VDINTERRECEP
02 12:04:24:612 Empiezo a leer forms vdinterrecep.frm
02 12:04:24:612 Termino parse forms vdinterrecep.frm
02 12:04:24:612 Ejecutando interfase VDINTERRECEP
02 12:05:00:640 Empiezo a leer forms vdinterrecep.frm
02 12:05:00:640 Termino parse forms vdinterrecep.frm
02 12:05:00:640 Ejecutando interfase VDINTERRECEP
02 12:05:36:682 Empiezo a leer forms vdinterrecep.frm
02 12:05:36:687 Termino parse forms vdinterrecep.frm
02 12:05:36:687 Ejecutando interfase VDINTERRECEP
02 12:06:12:707 Empiezo a leer forms vdinterrecep.frm
02 12:06:12:712 Termino parse forms vdinterrecep.frm
02 12:06:12:712 Ejecutando interfase VDINTERRECEP
02 12:06:48:724 Empiezo a leer forms vdinterrecep.frm
02 12:06:48:734 Termino parse forms vdinterrecep.frm
02 12:06:48:735 Ejecutando interfase VDINTERRECEP
02 12:07:24:747 Empiezo a leer forms vdinterrecep.frm
02 12:07:24:754 Termino parse forms vdinterrecep.frm
02 12:07:24:754 Ejecutando interfase VDINTERRECEP
02 12:08:00:772 Empiezo a leer forms vdinterrecep.frm
02 12:08:00:777 Termino parse forms vdinterrecep.frm
02 12:08:00:777 Ejecutando interfase VDINTERRECEP
02 12:08:36:792 Empiezo a leer forms vdinterrecep.frm
02 12:08:36:804 Termino parse forms vdinterrecep.frm
02 12:08:36:804 Ejecutando interfase VDINTERRECEP
02 12:09:12:815 Empiezo a leer forms vdinterrecep.frm
02 12:09:12:820 Termino parse forms vdinterrecep.frm
02 12:09:12:820 Ejecutando interfase VDINTERRECEP
02 12:09:48:835 Empiezo a leer forms vdinterrecep.frm
02 12:09:48:847 Termino parse forms vdinterrecep.frm
02 12:09:48:849 Ejecutando interfase VDINTERRECEP
02 12:10:24:870 Empiezo a leer forms vdinterrecep.frm
02 12:10:24:870 Termino parse forms vdinterrecep.frm
02 12:10:24:870 Ejecutando interfase VDINTERRECEP
02 12:11:00:892 Empiezo a leer forms vdinterrecep.frm
02 12:11:00:900 Termino parse forms vdinterrecep.frm
02 12:11:00:902 Ejecutando interfase VDINTERRECEP
02 12:11:36:914 Empiezo a leer forms vdinterrecep.frm
02 12:11:36:914 Termino parse forms vdinterrecep.frm
02 12:11:36:914 Ejecutando interfase VDINTERRECEP
02 12:12:12:947 Empiezo a leer forms vdinterrecep.frm
02 12:12:12:947 Termino parse forms vdinterrecep.frm
02 12:12:12:947 Ejecutando interfase VDINTERRECEP
02 12:12:48:975 Empiezo a leer forms vdinterrecep.frm
02 12:12:48:975 Termino parse forms vdinterrecep.frm
02 12:12:48:975 Ejecutando interfase VDINTERRECEP
02 12:13:24:997 Empiezo a leer forms vdinterrecep.frm
02 12:13:25:009 Termino parse forms vdinterrecep.frm
02 12:13:25:009 Ejecutando interfase VDINTERRECEP
02 12:14:01:017 Empiezo a leer forms vdinterrecep.frm
02 12:14:01:017 Termino parse forms vdinterrecep.frm
02 12:14:01:017 Ejecutando interfase VDINTERRECEP
02 12:14:37:044 Empiezo a leer forms vdinterrecep.frm
02 12:14:37:044 Termino parse forms vdinterrecep.frm
02 12:14:37:044 Ejecutando interfase VDINTERRECEP
02 12:15:13:077 Empiezo a leer forms vdinterrecep.frm
02 12:15:13:077 Termino parse forms vdinterrecep.frm
02 12:15:13:077 Ejecutando interfase VDINTERRECEP
02 12:15:49:114 Empiezo a leer forms vdinterrecep.frm
02 12:15:49:117 Termino parse forms vdinterrecep.frm
02 12:15:49:117 Ejecutando interfase VDINTERRECEP
02 12:16:25:142 Empiezo a leer forms vdinterrecep.frm
02 12:16:25:142 Termino parse forms vdinterrecep.frm
02 12:16:25:142 Ejecutando interfase VDINTERRECEP
02 12:17:01:180 Empiezo a leer forms vdinterrecep.frm
02 12:17:01:180 Termino parse forms vdinterrecep.frm
02 12:17:01:180 Ejecutando interfase VDINTERRECEP
02 12:17:37:202 Empiezo a leer forms vdinterrecep.frm
02 12:17:37:202 Termino parse forms vdinterrecep.frm
02 12:17:37:202 Ejecutando interfase VDINTERRECEP
02 12:18:13:232 Empiezo a leer forms vdinterrecep.frm
02 12:18:13:234 Termino parse forms vdinterrecep.frm
02 12:18:13:234 Ejecutando interfase VDINTERRECEP
02 12:18:49:260 Empiezo a leer forms vdinterrecep.frm
02 12:18:49:260 Termino parse forms vdinterrecep.frm
02 12:18:49:260 Ejecutando interfase VDINTERRECEP
02 12:19:25:295 Empiezo a leer forms vdinterrecep.frm
02 12:19:25:295 Termino parse forms vdinterrecep.frm
02 12:19:25:295 Ejecutando interfase VDINTERRECEP
02 12:20:01:320 Empiezo a leer forms vdinterrecep.frm
02 12:20:01:325 Termino parse forms vdinterrecep.frm
02 12:20:01:325 Ejecutando interfase VDINTERRECEP
02 12:20:37:342 Empiezo a leer forms vdinterrecep.frm
02 12:20:37:342 Termino parse forms vdinterrecep.frm
02 12:20:37:342 Ejecutando interfase VDINTERRECEP
02 12:21:13:380 Empiezo a leer forms vdinterrecep.frm
02 12:21:13:380 Termino parse forms vdinterrecep.frm
02 12:21:13:380 Ejecutando interfase VDINTERRECEP
02 12:21:49:412 Empiezo a leer forms vdinterrecep.frm
02 12:21:49:412 Termino parse forms vdinterrecep.frm
02 12:21:49:412 Ejecutando interfase VDINTERRECEP
02 12:22:25:434 Empiezo a leer forms vdinterrecep.frm
02 12:22:25:434 Termino parse forms vdinterrecep.frm
02 12:22:25:434 Ejecutando interfase VDINTERRECEP
02 12:23:01:450 Empiezo a leer forms vdinterrecep.frm
02 12:23:01:450 Termino parse forms vdinterrecep.frm
02 12:23:01:450 Ejecutando interfase VDINTERRECEP
02 12:23:37:475 Empiezo a leer forms vdinterrecep.frm
02 12:23:37:475 Termino parse forms vdinterrecep.frm
02 12:23:37:475 Ejecutando interfase VDINTERRECEP
02 12:24:13:502 Empiezo a leer forms vdinterrecep.frm
02 12:24:13:505 Termino parse forms vdinterrecep.frm
02 12:24:13:505 Ejecutando interfase VDINTERRECEP
02 12:24:49:527 Empiezo a leer forms vdinterrecep.frm
02 12:24:49:527 Termino parse forms vdinterrecep.frm
02 12:24:49:527 Ejecutando interfase VDINTERRECEP
02 12:25:25:550 Empiezo a leer forms vdinterrecep.frm
02 12:25:25:552 Termino parse forms vdinterrecep.frm
02 12:25:25:552 Ejecutando interfase VDINTERRECEP
02 12:26:01:584 Empiezo a leer forms vdinterrecep.frm
02 12:26:01:584 Termino parse forms vdinterrecep.frm
02 12:26:01:584 Ejecutando interfase VDINTERRECEP
02 12:26:37:607 Empiezo a leer forms vdinterrecep.frm
02 12:26:37:617 Termino parse forms vdinterrecep.frm
02 12:26:37:617 Ejecutando interfase VDINTERRECEP
02 12:27:13:625 Empiezo a leer forms vdinterrecep.frm
02 12:27:13:625 Termino parse forms vdinterrecep.frm
02 12:27:13:625 Ejecutando interfase VDINTERRECEP
02 12:27:49:650 Empiezo a leer forms vdinterrecep.frm
02 12:27:49:654 Termino parse forms vdinterrecep.frm
02 12:27:49:654 Ejecutando interfase VDINTERRECEP
02 12:28:25:687 Empiezo a leer forms vdinterrecep.frm
02 12:28:25:687 Termino parse forms vdinterrecep.frm
02 12:28:25:687 Ejecutando interfase VDINTERRECEP
02 12:29:01:715 Empiezo a leer forms vdinterrecep.frm
02 12:29:01:715 Termino parse forms vdinterrecep.frm
02 12:29:01:715 Ejecutando interfase VDINTERRECEP
02 12:29:37:739 Empiezo a leer forms vdinterrecep.frm
02 12:29:37:740 Termino parse forms vdinterrecep.frm
02 12:29:37:740 Ejecutando interfase VDINTERRECEP
02 12:30:13:757 Empiezo a leer forms vdinterrecep.frm
02 12:30:13:757 Termino parse forms vdinterrecep.frm
02 12:30:13:757 Ejecutando interfase VDINTERRECEP
02 12:30:49:784 Empiezo a leer forms vdinterrecep.frm
02 12:30:49:784 Termino parse forms vdinterrecep.frm
02 12:30:49:784 Ejecutando interfase VDINTERRECEP
02 12:31:25:807 Empiezo a leer forms vdinterrecep.frm
02 12:31:25:807 Termino parse forms vdinterrecep.frm
02 12:31:25:807 Ejecutando interfase VDINTERRECEP
02 12:32:01:837 Empiezo a leer forms vdinterrecep.frm
02 12:32:01:837 Termino parse forms vdinterrecep.frm
02 12:32:01:837 Ejecutando interfase VDINTERRECEP
02 12:32:37:860 Empiezo a leer forms vdinterrecep.frm
02 12:32:37:860 Termino parse forms vdinterrecep.frm
02 12:32:37:860 Ejecutando interfase VDINTERRECEP
02 12:33:13:882 Empiezo a leer forms vdinterrecep.frm
02 12:33:13:889 Termino parse forms vdinterrecep.frm
02 12:33:13:889 Ejecutando interfase VDINTERRECEP
02 12:33:49:897 Empiezo a leer forms vdinterrecep.frm
02 12:33:49:897 Termino parse forms vdinterrecep.frm
02 12:33:49:897 Ejecutando interfase VDINTERRECEP
02 12:34:25:922 Empiezo a leer forms vdinterrecep.frm
02 12:34:25:922 Termino parse forms vdinterrecep.frm
02 12:34:25:922 Ejecutando interfase VDINTERRECEP
02 12:35:01:955 Empiezo a leer forms vdinterrecep.frm
02 12:35:01:955 Termino parse forms vdinterrecep.frm
02 12:35:01:955 Ejecutando interfase VDINTERRECEP
02 12:35:37:977 Empiezo a leer forms vdinterrecep.frm
02 12:35:37:977 Termino parse forms vdinterrecep.frm
02 12:35:37:977 Ejecutando interfase VDINTERRECEP
02 12:36:14:004 Empiezo a leer forms vdinterrecep.frm
02 12:36:14:004 Termino parse forms vdinterrecep.frm
02 12:36:14:004 Ejecutando interfase VDINTERRECEP
02 12:36:50:035 Empiezo a leer forms vdinterrecep.frm
02 12:36:50:035 Termino parse forms vdinterrecep.frm
02 12:36:50:035 Ejecutando interfase VDINTERRECEP
02 12:37:26:067 Empiezo a leer forms vdinterrecep.frm
02 12:37:26:074 Termino parse forms vdinterrecep.frm
02 12:37:26:074 Ejecutando interfase VDINTERRECEP
02 12:38:02:090 Empiezo a leer forms vdinterrecep.frm
02 12:38:02:097 Termino parse forms vdinterrecep.frm
02 12:38:02:099 Ejecutando interfase VDINTERRECEP
02 12:38:38:114 Empiezo a leer forms vdinterrecep.frm
02 12:38:38:117 Termino parse forms vdinterrecep.frm
02 12:38:38:117 Ejecutando interfase VDINTERRECEP
02 12:39:14:139 Empiezo a leer forms vdinterrecep.frm
02 12:39:14:150 Termino parse forms vdinterrecep.frm
02 12:39:14:150 Ejecutando interfase VDINTERRECEP
02 12:39:50:164 Empiezo a leer forms vdinterrecep.frm
02 12:39:50:164 Termino parse forms vdinterrecep.frm
02 12:39:50:164 Ejecutando interfase VDINTERRECEP
02 12:40:26:187 Empiezo a leer forms vdinterrecep.frm
02 12:40:26:187 Termino parse forms vdinterrecep.frm
02 12:40:26:187 Ejecutando interfase VDINTERRECEP
02 12:41:02:205 Empiezo a leer forms vdinterrecep.frm
02 12:41:02:212 Termino parse forms vdinterrecep.frm
02 12:41:02:212 Ejecutando interfase VDINTERRECEP
02 12:41:38:232 Empiezo a leer forms vdinterrecep.frm
02 12:41:38:232 Termino parse forms vdinterrecep.frm
02 12:41:38:232 Ejecutando interfase VDINTERRECEP
02 12:42:14:255 Empiezo a leer forms vdinterrecep.frm
02 12:42:14:255 Termino parse forms vdinterrecep.frm
02 12:42:14:255 Ejecutando interfase VDINTERRECEP
02 12:42:50:275 Empiezo a leer forms vdinterrecep.frm
02 12:42:50:282 Termino parse forms vdinterrecep.frm
02 12:42:50:282 Ejecutando interfase VDINTERRECEP
02 12:43:26:287 Empiezo a leer forms vdinterrecep.frm
02 12:43:26:287 Termino parse forms vdinterrecep.frm
02 12:43:26:287 Ejecutando interfase VDINTERRECEP
02 12:44:02:314 Empiezo a leer forms vdinterrecep.frm
02 12:44:02:314 Termino parse forms vdinterrecep.frm
02 12:44:02:314 Ejecutando interfase VDINTERRECEP
02 12:44:38:340 Empiezo a leer forms vdinterrecep.frm
02 12:44:38:347 Termino parse forms vdinterrecep.frm
02 12:44:38:347 Ejecutando interfase VDINTERRECEP
02 12:45:14:357 Empiezo a leer forms vdinterrecep.frm
02 12:45:14:357 Termino parse forms vdinterrecep.frm
02 12:45:14:357 Ejecutando interfase VDINTERRECEP
02 12:45:50:387 Empiezo a leer forms vdinterrecep.frm
02 12:45:50:387 Termino parse forms vdinterrecep.frm
02 12:45:50:387 Ejecutando interfase VDINTERRECEP
02 12:46:26:417 Empiezo a leer forms vdinterrecep.frm
02 12:46:26:417 Termino parse forms vdinterrecep.frm
02 12:46:26:417 Ejecutando interfase VDINTERRECEP
02 12:47:02:442 Empiezo a leer forms vdinterrecep.frm
02 12:47:02:442 Termino parse forms vdinterrecep.frm
02 12:47:02:442 Ejecutando interfase VDINTERRECEP
02 12:47:38:460 Empiezo a leer forms vdinterrecep.frm
02 12:47:38:465 Termino parse forms vdinterrecep.frm
02 12:47:38:465 Ejecutando interfase VDINTERRECEP
02 12:48:14:480 Empiezo a leer forms vdinterrecep.frm
02 12:48:14:480 Termino parse forms vdinterrecep.frm
02 12:48:14:480 Ejecutando interfase VDINTERRECEP
02 12:48:50:510 Empiezo a leer forms vdinterrecep.frm
02 12:48:50:510 Termino parse forms vdinterrecep.frm
02 12:48:50:510 Ejecutando interfase VDINTERRECEP
02 12:49:26:535 Empiezo a leer forms vdinterrecep.frm
02 12:49:26:537 Termino parse forms vdinterrecep.frm
02 12:49:26:547 Ejecutando interfase VDINTERRECEP
02 12:50:02:570 Empiezo a leer forms vdinterrecep.frm
02 12:50:02:574 Termino parse forms vdinterrecep.frm
02 12:50:02:574 Ejecutando interfase VDINTERRECEP
02 12:50:38:582 Empiezo a leer forms vdinterrecep.frm
02 12:50:38:587 Termino parse forms vdinterrecep.frm
02 12:50:38:587 Ejecutando interfase VDINTERRECEP
02 12:51:14:607 Empiezo a leer forms vdinterrecep.frm
02 12:51:14:607 Termino parse forms vdinterrecep.frm
02 12:51:14:607 Ejecutando interfase VDINTERRECEP
02 12:51:50:642 Empiezo a leer forms vdinterrecep.frm
02 12:51:50:642 Termino parse forms vdinterrecep.frm
02 12:51:50:642 Ejecutando interfase VDINTERRECEP
02 12:52:26:675 Empiezo a leer forms vdinterrecep.frm
02 12:52:26:685 Termino parse forms vdinterrecep.frm
02 12:52:26:685 Ejecutando interfase VDINTERRECEP
02 12:53:02:692 Empiezo a leer forms vdinterrecep.frm
02 12:53:02:692 Termino parse forms vdinterrecep.frm
02 12:53:02:692 Ejecutando interfase VDINTERRECEP
02 12:53:38:715 Empiezo a leer forms vdinterrecep.frm
02 12:53:38:715 Termino parse forms vdinterrecep.frm
02 12:53:38:725 Ejecutando interfase VDINTERRECEP
02 12:54:14:742 Empiezo a leer forms vdinterrecep.frm
02 12:54:14:742 Termino parse forms vdinterrecep.frm
02 12:54:14:742 Ejecutando interfase VDINTERRECEP
02 12:54:50:767 Empiezo a leer forms vdinterrecep.frm
02 12:54:50:777 Termino parse forms vdinterrecep.frm
02 12:54:50:777 Ejecutando interfase VDINTERRECEP
02 12:55:26:790 Empiezo a leer forms vdinterrecep.frm
02 12:55:26:790 Termino parse forms vdinterrecep.frm
02 12:55:26:790 Ejecutando interfase VDINTERRECEP
02 12:56:02:820 Empiezo a leer forms vdinterrecep.frm
02 12:56:02:820 Termino parse forms vdinterrecep.frm
02 12:56:02:820 Ejecutando interfase VDINTERRECEP
02 12:56:38:847 Empiezo a leer forms vdinterrecep.frm
02 12:56:38:857 Termino parse forms vdinterrecep.frm
02 12:56:38:857 Ejecutando interfase VDINTERRECEP
02 12:57:14:870 Empiezo a leer forms vdinterrecep.frm
02 12:57:14:880 Termino parse forms vdinterrecep.frm
02 12:57:14:880 Ejecutando interfase VDINTERRECEP
02 12:57:50:902 Empiezo a leer forms vdinterrecep.frm
02 12:57:50:907 Termino parse forms vdinterrecep.frm
02 12:57:50:909 Ejecutando interfase VDINTERRECEP
02 12:58:26:927 Empiezo a leer forms vdinterrecep.frm
02 12:58:26:935 Termino parse forms vdinterrecep.frm
02 12:58:26:935 Ejecutando interfase VDINTERRECEP
02 12:59:02:950 Empiezo a leer forms vdinterrecep.frm
02 12:59:02:960 Termino parse forms vdinterrecep.frm
02 12:59:02:960 Ejecutando interfase VDINTERRECEP
02 12:59:38:980 Empiezo a leer forms vdinterrecep.frm
02 12:59:38:992 Termino parse forms vdinterrecep.frm
02 12:59:38:992 Ejecutando interfase VDINTERRECEP
02 13:00:15:010 Empiezo a leer forms vdinterrecep.frm
02 13:00:15:019 Termino parse forms vdinterrecep.frm
02 13:00:15:019 Ejecutando interfase VDINTERRECEP
02 13:00:51:030 Empiezo a leer forms vdinterrecep.frm
02 13:00:51:037 Termino parse forms vdinterrecep.frm
02 13:00:51:037 Ejecutando interfase VDINTERRECEP
02 13:01:27:047 Empiezo a leer forms vdinterrecep.frm
02 13:01:27:055 Termino parse forms vdinterrecep.frm
02 13:01:27:055 Ejecutando interfase VDINTERRECEP
02 13:02:03:072 Empiezo a leer forms vdinterrecep.frm
02 13:02:03:082 Termino parse forms vdinterrecep.frm
02 13:02:03:082 Ejecutando interfase VDINTERRECEP
02 13:02:39:097 Empiezo a leer forms vdinterrecep.frm
02 13:02:39:107 Termino parse forms vdinterrecep.frm
02 13:02:39:107 Ejecutando interfase VDINTERRECEP
02 13:03:15:120 Empiezo a leer forms vdinterrecep.frm
02 13:03:15:130 Termino parse forms vdinterrecep.frm
02 13:03:15:130 Ejecutando interfase VDINTERRECEP
02 13:03:51:147 Empiezo a leer forms vdinterrecep.frm
02 13:03:51:157 Termino parse forms vdinterrecep.frm
02 13:03:51:157 Ejecutando interfase VDINTERRECEP
02 13:04:27:180 Empiezo a leer forms vdinterrecep.frm
02 13:04:27:189 Termino parse forms vdinterrecep.frm
02 13:04:27:189 Ejecutando interfase VDINTERRECEP
02 13:05:03:205 Empiezo a leer forms vdinterrecep.frm
02 13:05:03:209 Termino parse forms vdinterrecep.frm
02 13:05:03:209 Ejecutando interfase VDINTERRECEP
02 13:05:39:225 Empiezo a leer forms vdinterrecep.frm
02 13:05:39:234 Termino parse forms vdinterrecep.frm
02 13:05:39:234 Ejecutando interfase VDINTERRECEP
02 13:06:15:255 Empiezo a leer forms vdinterrecep.frm
02 13:06:15:265 Termino parse forms vdinterrecep.frm
02 13:06:15:265 Ejecutando interfase VDINTERRECEP
02 13:06:51:285 Empiezo a leer forms vdinterrecep.frm
02 13:06:51:289 Termino parse forms vdinterrecep.frm
02 13:06:51:289 Ejecutando interfase VDINTERRECEP
02 13:07:27:305 Empiezo a leer forms vdinterrecep.frm
02 13:07:27:312 Termino parse forms vdinterrecep.frm
02 13:07:27:312 Ejecutando interfase VDINTERRECEP
02 13:08:03:332 Empiezo a leer forms vdinterrecep.frm
02 13:08:03:342 Termino parse forms vdinterrecep.frm
02 13:08:03:344 Ejecutando interfase VDINTERRECEP
02 13:08:39:352 Empiezo a leer forms vdinterrecep.frm
02 13:08:39:362 Termino parse forms vdinterrecep.frm
02 13:08:39:362 Ejecutando interfase VDINTERRECEP
02 13:09:15:382 Empiezo a leer forms vdinterrecep.frm
02 13:09:15:387 Termino parse forms vdinterrecep.frm
02 13:09:15:389 Ejecutando interfase VDINTERRECEP
02 13:09:51:399 Empiezo a leer forms vdinterrecep.frm
02 13:09:51:405 Termino parse forms vdinterrecep.frm
02 13:09:51:405 Ejecutando interfase VDINTERRECEP

00 13:10:20:345 Fichero de log cerrado.

