00 09:08:31:897 Fichero de log abierto PID 11368

02 09:08:31:901 Intentando abrir fichero v10.ini
02 09:08:31:911 Cargando driver v10oracle funcion damedriveroracle
02 09:08:32:610 Conectado a base de datos
02 09:08:32:612 Proceso ENVIOMOVIM encontrado en tabla VDPROCESOS
02 09:08:32:617 Proceso ENVIOMOVIM cargado con función interfasesalida (Librería VDINTERFASES.DLL) direccion 06EACC80
02 09:08:32:619 PLSQL: INICIALIZADO PAQUETE DE LOG EL DIA 28-03-2022
02 09:08:32:627 Actualizado SID 262 SERIAL 13530 del proceso con PID 11368
00 09:08:32:632 Error al abrir fichero VDST.H
02 09:08:32:642 Empiezo a leer forms vdintermovim.frm
02 09:08:32:652 Termino parse forms vdintermovim.frm
02 09:08:32:652 Ejecutando interfase VDINTERMOVIM
02 09:10:32:666 Empiezo a leer forms vdintermovim.frm
02 09:10:32:672 Termino parse forms vdintermovim.frm
02 09:10:32:672 Ejecutando interfase VDINTERMOVIM
02 09:12:32:687 Empiezo a leer forms vdintermovim.frm
02 09:12:32:692 Termino parse forms vdintermovim.frm
02 09:12:32:693 Ejecutando interfase VDINTERMOVIM
02 09:14:32:716 Empiezo a leer forms vdintermovim.frm
02 09:14:32:722 Termino parse forms vdintermovim.frm
02 09:14:32:722 Ejecutando interfase VDINTERMOVIM
02 09:16:32:731 Empiezo a leer forms vdintermovim.frm
02 09:16:32:733 Termino parse forms vdintermovim.frm
02 09:16:32:735 Ejecutando interfase VDINTERMOVIM
02 09:18:32:756 Empiezo a leer forms vdintermovim.frm
02 09:18:32:762 Termino parse forms vdintermovim.frm
02 09:18:32:762 Ejecutando interfase VDINTERMOVIM
02 09:20:32:781 Empiezo a leer forms vdintermovim.frm
02 09:20:32:785 Termino parse forms vdintermovim.frm
02 09:20:32:785 Ejecutando interfase VDINTERMOVIM
02 09:22:32:801 Empiezo a leer forms vdintermovim.frm
02 09:22:32:806 Termino parse forms vdintermovim.frm
02 09:22:32:806 Ejecutando interfase VDINTERMOVIM
02 09:24:32:826 Empiezo a leer forms vdintermovim.frm
02 09:24:32:832 Termino parse forms vdintermovim.frm
02 09:24:32:832 Ejecutando interfase VDINTERMOVIM
02 09:26:32:855 Empiezo a leer forms vdintermovim.frm
02 09:26:32:861 Termino parse forms vdintermovim.frm
02 09:26:32:861 Ejecutando interfase VDINTERMOVIM
02 09:28:32:882 Empiezo a leer forms vdintermovim.frm
02 09:28:32:887 Termino parse forms vdintermovim.frm
02 09:28:32:888 Ejecutando interfase VDINTERMOVIM
02 09:30:32:911 Empiezo a leer forms vdintermovim.frm
02 09:30:32:917 Termino parse forms vdintermovim.frm
02 09:30:32:917 Ejecutando interfase VDINTERMOVIM
02 09:32:32:930 Empiezo a leer forms vdintermovim.frm
02 09:32:32:937 Termino parse forms vdintermovim.frm
02 09:32:32:937 Ejecutando interfase VDINTERMOVIM
02 09:34:32:945 Empiezo a leer forms vdintermovim.frm
02 09:34:32:950 Termino parse forms vdintermovim.frm
02 09:34:32:951 Ejecutando interfase VDINTERMOVIM
02 09:36:32:971 Empiezo a leer forms vdintermovim.frm
02 09:36:32:975 Termino parse forms vdintermovim.frm
02 09:36:32:976 Ejecutando interfase VDINTERMOVIM
02 09:38:32:988 Empiezo a leer forms vdintermovim.frm
02 09:38:32:995 Termino parse forms vdintermovim.frm
02 09:38:32:995 Ejecutando interfase VDINTERMOVIM
02 09:40:33:007 Empiezo a leer forms vdintermovim.frm
02 09:40:33:010 Termino parse forms vdintermovim.frm
02 09:40:33:011 Ejecutando interfase VDINTERMOVIM
02 09:42:33:023 Empiezo a leer forms vdintermovim.frm
02 09:42:33:027 Termino parse forms vdintermovim.frm
02 09:42:33:028 Ejecutando interfase VDINTERMOVIM
02 09:44:33:081 Empiezo a leer forms vdintermovim.frm
02 09:44:33:083 Termino parse forms vdintermovim.frm
02 09:44:33:083 Ejecutando interfase VDINTERMOVIM
02 09:46:33:098 Empiezo a leer forms vdintermovim.frm
02 09:46:33:102 Termino parse forms vdintermovim.frm
02 09:46:33:102 Ejecutando interfase VDINTERMOVIM
02 09:48:33:115 Empiezo a leer forms vdintermovim.frm
02 09:48:33:118 Termino parse forms vdintermovim.frm
02 09:48:33:118 Ejecutando interfase VDINTERMOVIM
02 09:50:33:132 Empiezo a leer forms vdintermovim.frm
02 09:50:33:137 Termino parse forms vdintermovim.frm
02 09:50:33:137 Ejecutando interfase VDINTERMOVIM
02 09:52:33:142 Empiezo a leer forms vdintermovim.frm
02 09:52:33:145 Termino parse forms vdintermovim.frm
02 09:52:33:145 Ejecutando interfase VDINTERMOVIM
02 09:54:33:153 Empiezo a leer forms vdintermovim.frm
02 09:54:33:157 Termino parse forms vdintermovim.frm
02 09:54:33:157 Ejecutando interfase VDINTERMOVIM
02 09:56:33:173 Empiezo a leer forms vdintermovim.frm
02 09:56:33:177 Termino parse forms vdintermovim.frm
02 09:56:33:177 Ejecutando interfase VDINTERMOVIM
02 09:58:33:200 Empiezo a leer forms vdintermovim.frm
02 09:58:33:203 Termino parse forms vdintermovim.frm
02 09:58:33:203 Ejecutando interfase VDINTERMOVIM
02 10:00:33:212 Empiezo a leer forms vdintermovim.frm
02 10:00:33:217 Termino parse forms vdintermovim.frm
02 10:00:33:217 Ejecutando interfase VDINTERMOVIM
02 10:02:33:233 Empiezo a leer forms vdintermovim.frm
02 10:02:33:240 Termino parse forms vdintermovim.frm
02 10:02:33:240 Ejecutando interfase VDINTERMOVIM
02 10:04:33:250 Empiezo a leer forms vdintermovim.frm
02 10:04:33:253 Termino parse forms vdintermovim.frm
02 10:04:33:253 Ejecutando interfase VDINTERMOVIM
02 10:06:33:262 Empiezo a leer forms vdintermovim.frm
02 10:06:33:265 Termino parse forms vdintermovim.frm
02 10:06:33:266 Ejecutando interfase VDINTERMOVIM
02 10:08:33:275 Empiezo a leer forms vdintermovim.frm
02 10:08:33:278 Termino parse forms vdintermovim.frm
02 10:08:33:278 Ejecutando interfase VDINTERMOVIM
02 10:10:33:287 Empiezo a leer forms vdintermovim.frm
02 10:10:33:291 Termino parse forms vdintermovim.frm
02 10:10:33:291 Ejecutando interfase VDINTERMOVIM
02 10:12:33:302 Empiezo a leer forms vdintermovim.frm
02 10:12:33:306 Termino parse forms vdintermovim.frm
02 10:12:33:306 Ejecutando interfase VDINTERMOVIM
02 10:14:33:315 Empiezo a leer forms vdintermovim.frm
02 10:14:33:321 Termino parse forms vdintermovim.frm
02 10:14:33:321 Ejecutando interfase VDINTERMOVIM
02 10:16:33:336 Empiezo a leer forms vdintermovim.frm
02 10:16:33:340 Termino parse forms vdintermovim.frm
02 10:16:33:340 Ejecutando interfase VDINTERMOVIM
02 10:18:33:353 Empiezo a leer forms vdintermovim.frm
02 10:18:33:357 Termino parse forms vdintermovim.frm
02 10:18:33:358 Ejecutando interfase VDINTERMOVIM
02 10:20:33:377 Empiezo a leer forms vdintermovim.frm
02 10:20:33:382 Termino parse forms vdintermovim.frm
02 10:20:33:382 Ejecutando interfase VDINTERMOVIM
02 10:22:33:388 Empiezo a leer forms vdintermovim.frm
02 10:22:33:392 Termino parse forms vdintermovim.frm
02 10:22:33:392 Ejecutando interfase VDINTERMOVIM
02 10:24:33:400 Empiezo a leer forms vdintermovim.frm
02 10:24:33:403 Termino parse forms vdintermovim.frm
02 10:24:33:403 Ejecutando interfase VDINTERMOVIM
02 10:26:33:426 Empiezo a leer forms vdintermovim.frm
02 10:26:33:432 Termino parse forms vdintermovim.frm
02 10:26:33:432 Ejecutando interfase VDINTERMOVIM
02 10:28:33:437 Empiezo a leer forms vdintermovim.frm
02 10:28:33:442 Termino parse forms vdintermovim.frm
02 10:28:33:442 Ejecutando interfase VDINTERMOVIM
02 10:30:33:466 Empiezo a leer forms vdintermovim.frm
02 10:30:33:472 Termino parse forms vdintermovim.frm
02 10:30:33:472 Ejecutando interfase VDINTERMOVIM
02 10:32:33:480 Empiezo a leer forms vdintermovim.frm
02 10:32:33:482 Termino parse forms vdintermovim.frm
02 10:32:33:482 Ejecutando interfase VDINTERMOVIM
02 10:34:33:493 Empiezo a leer forms vdintermovim.frm
02 10:34:33:497 Termino parse forms vdintermovim.frm
02 10:34:33:497 Ejecutando interfase VDINTERMOVIM
02 10:36:33:513 Empiezo a leer forms vdintermovim.frm
02 10:36:33:517 Termino parse forms vdintermovim.frm
02 10:36:33:517 Ejecutando interfase VDINTERMOVIM
02 10:38:33:527 Empiezo a leer forms vdintermovim.frm
02 10:38:33:532 Termino parse forms vdintermovim.frm
02 10:38:33:532 Ejecutando interfase VDINTERMOVIM
02 10:40:33:547 Empiezo a leer forms vdintermovim.frm
02 10:40:33:551 Termino parse forms vdintermovim.frm
02 10:40:33:551 Ejecutando interfase VDINTERMOVIM
02 10:42:33:558 Empiezo a leer forms vdintermovim.frm
02 10:42:33:563 Termino parse forms vdintermovim.frm
02 10:42:33:563 Ejecutando interfase VDINTERMOVIM
02 10:44:33:577 Empiezo a leer forms vdintermovim.frm
02 10:44:33:582 Termino parse forms vdintermovim.frm
02 10:44:33:582 Ejecutando interfase VDINTERMOVIM
02 10:46:33:603 Empiezo a leer forms vdintermovim.frm
02 10:46:33:606 Termino parse forms vdintermovim.frm
02 10:46:33:607 Ejecutando interfase VDINTERMOVIM
02 10:48:33:625 Empiezo a leer forms vdintermovim.frm
02 10:48:33:630 Termino parse forms vdintermovim.frm
02 10:48:33:630 Ejecutando interfase VDINTERMOVIM
02 10:50:33:643 Empiezo a leer forms vdintermovim.frm
02 10:50:33:648 Termino parse forms vdintermovim.frm
02 10:50:33:648 Ejecutando interfase VDINTERMOVIM
02 10:52:33:671 Empiezo a leer forms vdintermovim.frm
02 10:52:33:675 Termino parse forms vdintermovim.frm
02 10:52:33:675 Ejecutando interfase VDINTERMOVIM
02 10:54:33:685 Empiezo a leer forms vdintermovim.frm
02 10:54:33:687 Termino parse forms vdintermovim.frm
02 10:54:33:687 Ejecutando interfase VDINTERMOVIM
02 10:56:33:708 Empiezo a leer forms vdintermovim.frm
02 10:56:33:712 Termino parse forms vdintermovim.frm
02 10:56:33:713 Ejecutando interfase VDINTERMOVIM
02 10:58:33:727 Empiezo a leer forms vdintermovim.frm
02 10:58:33:732 Termino parse forms vdintermovim.frm
02 10:58:33:732 Ejecutando interfase VDINTERMOVIM
02 11:00:33:748 Empiezo a leer forms vdintermovim.frm
02 11:00:33:752 Termino parse forms vdintermovim.frm
02 11:00:33:752 Ejecutando interfase VDINTERMOVIM
02 11:02:33:768 Empiezo a leer forms vdintermovim.frm
02 11:02:33:773 Termino parse forms vdintermovim.frm
02 11:02:33:775 Ejecutando interfase VDINTERMOVIM
02 11:04:33:792 Empiezo a leer forms vdintermovim.frm
02 11:04:33:798 Termino parse forms vdintermovim.frm
02 11:04:33:798 Ejecutando interfase VDINTERMOVIM
02 11:06:33:807 Empiezo a leer forms vdintermovim.frm
02 11:06:33:815 Termino parse forms vdintermovim.frm
02 11:06:33:815 Ejecutando interfase VDINTERMOVIM
02 11:08:33:832 Empiezo a leer forms vdintermovim.frm
02 11:08:33:837 Termino parse forms vdintermovim.frm
02 11:08:33:837 Ejecutando interfase VDINTERMOVIM
02 11:10:33:856 Empiezo a leer forms vdintermovim.frm
02 11:10:33:858 Termino parse forms vdintermovim.frm
02 11:10:33:858 Ejecutando interfase VDINTERMOVIM
02 11:12:29:645 Empiezo a leer forms vdintermovim.frm
02 11:12:29:652 Termino parse forms vdintermovim.frm
02 11:12:29:652 Ejecutando interfase VDINTERMOVIM
02 11:14:29:673 Empiezo a leer forms vdintermovim.frm
02 11:14:29:680 Termino parse forms vdintermovim.frm
02 11:14:29:680 Ejecutando interfase VDINTERMOVIM
02 11:16:29:702 Empiezo a leer forms vdintermovim.frm
02 11:16:29:707 Termino parse forms vdintermovim.frm
02 11:16:29:707 Ejecutando interfase VDINTERMOVIM
02 11:18:29:727 Empiezo a leer forms vdintermovim.frm
02 11:18:29:732 Termino parse forms vdintermovim.frm
02 11:18:29:732 Ejecutando interfase VDINTERMOVIM
02 11:20:29:755 Empiezo a leer forms vdintermovim.frm
02 11:20:29:757 Termino parse forms vdintermovim.frm
02 11:20:29:757 Ejecutando interfase VDINTERMOVIM
02 11:22:29:765 Empiezo a leer forms vdintermovim.frm
02 11:22:29:771 Termino parse forms vdintermovim.frm
02 11:22:29:772 Ejecutando interfase VDINTERMOVIM
02 11:24:29:780 Empiezo a leer forms vdintermovim.frm
02 11:24:29:782 Termino parse forms vdintermovim.frm
02 11:24:29:783 Ejecutando interfase VDINTERMOVIM
02 11:26:29:801 Empiezo a leer forms vdintermovim.frm
02 11:26:29:806 Termino parse forms vdintermovim.frm
02 11:26:29:806 Ejecutando interfase VDINTERMOVIM
02 11:28:29:812 Empiezo a leer forms vdintermovim.frm
02 11:28:29:817 Termino parse forms vdintermovim.frm
02 11:28:29:817 Ejecutando interfase VDINTERMOVIM
02 11:30:29:836 Empiezo a leer forms vdintermovim.frm
02 11:30:29:841 Termino parse forms vdintermovim.frm
02 11:30:29:842 Ejecutando interfase VDINTERMOVIM
02 11:32:29:857 Empiezo a leer forms vdintermovim.frm
02 11:32:29:861 Termino parse forms vdintermovim.frm
02 11:32:29:861 Ejecutando interfase VDINTERMOVIM
02 11:34:29:866 Empiezo a leer forms vdintermovim.frm
02 11:34:29:870 Termino parse forms vdintermovim.frm
02 11:34:29:870 Ejecutando interfase VDINTERMOVIM
02 11:36:29:880 Empiezo a leer forms vdintermovim.frm
02 11:36:29:885 Termino parse forms vdintermovim.frm
02 11:36:29:885 Ejecutando interfase VDINTERMOVIM
02 11:38:29:896 Empiezo a leer forms vdintermovim.frm
02 11:38:29:898 Termino parse forms vdintermovim.frm
02 11:38:29:900 Ejecutando interfase VDINTERMOVIM
02 11:40:29:915 Empiezo a leer forms vdintermovim.frm
02 11:40:29:920 Termino parse forms vdintermovim.frm
02 11:40:29:920 Ejecutando interfase VDINTERMOVIM
02 11:42:29:932 Empiezo a leer forms vdintermovim.frm
02 11:42:29:934 Termino parse forms vdintermovim.frm
02 11:42:29:934 Ejecutando interfase VDINTERMOVIM
02 11:44:29:957 Empiezo a leer forms vdintermovim.frm
02 11:44:29:962 Termino parse forms vdintermovim.frm
02 11:44:29:962 Ejecutando interfase VDINTERMOVIM
02 11:46:29:980 Empiezo a leer forms vdintermovim.frm
02 11:46:29:985 Termino parse forms vdintermovim.frm
02 11:46:29:985 Ejecutando interfase VDINTERMOVIM
02 11:48:30:009 Empiezo a leer forms vdintermovim.frm
02 11:48:30:012 Termino parse forms vdintermovim.frm
02 11:48:30:012 Ejecutando interfase VDINTERMOVIM
02 11:50:30:032 Empiezo a leer forms vdintermovim.frm
02 11:50:30:037 Termino parse forms vdintermovim.frm
02 11:50:30:037 Ejecutando interfase VDINTERMOVIM
02 11:52:30:052 Empiezo a leer forms vdintermovim.frm
02 11:52:30:057 Termino parse forms vdintermovim.frm
02 11:52:30:057 Ejecutando interfase VDINTERMOVIM
02 11:54:30:067 Empiezo a leer forms vdintermovim.frm
02 11:54:30:070 Termino parse forms vdintermovim.frm
02 11:54:30:070 Ejecutando interfase VDINTERMOVIM
02 11:56:30:087 Empiezo a leer forms vdintermovim.frm
02 11:56:30:092 Termino parse forms vdintermovim.frm
02 11:56:30:092 Ejecutando interfase VDINTERMOVIM
02 11:58:30:102 Empiezo a leer forms vdintermovim.frm
02 11:58:30:109 Termino parse forms vdintermovim.frm
02 11:58:30:109 Ejecutando interfase VDINTERMOVIM
02 12:00:30:130 Empiezo a leer forms vdintermovim.frm
02 12:00:30:135 Termino parse forms vdintermovim.frm
02 12:00:30:135 Ejecutando interfase VDINTERMOVIM
02 12:02:30:155 Empiezo a leer forms vdintermovim.frm
02 12:02:30:160 Termino parse forms vdintermovim.frm
02 12:02:30:160 Ejecutando interfase VDINTERMOVIM
02 12:04:30:179 Empiezo a leer forms vdintermovim.frm
02 12:04:30:182 Termino parse forms vdintermovim.frm
02 12:04:30:182 Ejecutando interfase VDINTERMOVIM
02 12:06:30:197 Empiezo a leer forms vdintermovim.frm
02 12:06:30:202 Termino parse forms vdintermovim.frm
02 12:06:30:202 Ejecutando interfase VDINTERMOVIM
02 12:08:30:225 Empiezo a leer forms vdintermovim.frm
02 12:08:30:227 Termino parse forms vdintermovim.frm
02 12:08:30:227 Ejecutando interfase VDINTERMOVIM
02 12:10:30:244 Empiezo a leer forms vdintermovim.frm
02 12:10:30:249 Termino parse forms vdintermovim.frm
02 12:10:30:249 Ejecutando interfase VDINTERMOVIM
02 12:12:30:264 Empiezo a leer forms vdintermovim.frm
02 12:12:30:269 Termino parse forms vdintermovim.frm
02 12:12:30:269 Ejecutando interfase VDINTERMOVIM
02 12:14:30:282 Empiezo a leer forms vdintermovim.frm
02 12:14:30:287 Termino parse forms vdintermovim.frm
02 12:14:30:287 Ejecutando interfase VDINTERMOVIM
02 12:16:30:310 Empiezo a leer forms vdintermovim.frm
02 12:16:30:315 Termino parse forms vdintermovim.frm
02 12:16:30:315 Ejecutando interfase VDINTERMOVIM
02 12:18:30:325 Empiezo a leer forms vdintermovim.frm
02 12:18:30:330 Termino parse forms vdintermovim.frm
02 12:18:30:332 Ejecutando interfase VDINTERMOVIM
02 12:20:30:355 Empiezo a leer forms vdintermovim.frm
02 12:20:30:360 Termino parse forms vdintermovim.frm
02 12:20:30:360 Ejecutando interfase VDINTERMOVIM
02 12:22:30:374 Empiezo a leer forms vdintermovim.frm
02 12:22:30:380 Termino parse forms vdintermovim.frm
02 12:22:30:380 Ejecutando interfase VDINTERMOVIM
02 12:24:30:395 Empiezo a leer forms vdintermovim.frm
02 12:24:30:399 Termino parse forms vdintermovim.frm
02 12:24:30:399 Ejecutando interfase VDINTERMOVIM
02 12:26:30:414 Empiezo a leer forms vdintermovim.frm
02 12:26:30:415 Termino parse forms vdintermovim.frm
02 12:26:30:415 Ejecutando interfase VDINTERMOVIM
02 12:28:30:422 Empiezo a leer forms vdintermovim.frm
02 12:28:30:429 Termino parse forms vdintermovim.frm
02 12:28:30:429 Ejecutando interfase VDINTERMOVIM
02 12:30:30:440 Empiezo a leer forms vdintermovim.frm
02 12:30:30:445 Termino parse forms vdintermovim.frm
02 12:30:30:447 Ejecutando interfase VDINTERMOVIM
02 12:32:30:457 Empiezo a leer forms vdintermovim.frm
02 12:32:30:462 Termino parse forms vdintermovim.frm
02 12:32:30:464 Ejecutando interfase VDINTERMOVIM
02 12:34:30:475 Empiezo a leer forms vdintermovim.frm
02 12:34:30:482 Termino parse forms vdintermovim.frm
02 12:34:30:482 Ejecutando interfase VDINTERMOVIM
02 12:36:30:492 Empiezo a leer forms vdintermovim.frm
02 12:36:30:497 Termino parse forms vdintermovim.frm
02 12:36:30:499 Ejecutando interfase VDINTERMOVIM
02 12:38:30:507 Empiezo a leer forms vdintermovim.frm
02 12:38:30:512 Termino parse forms vdintermovim.frm
02 12:38:30:512 Ejecutando interfase VDINTERMOVIM
02 12:40:30:525 Empiezo a leer forms vdintermovim.frm
02 12:40:30:530 Termino parse forms vdintermovim.frm
02 12:40:30:532 Ejecutando interfase VDINTERMOVIM
02 12:42:30:555 Empiezo a leer forms vdintermovim.frm
02 12:42:30:562 Termino parse forms vdintermovim.frm
02 12:42:30:562 Ejecutando interfase VDINTERMOVIM
02 12:44:30:575 Empiezo a leer forms vdintermovim.frm
02 12:44:30:577 Termino parse forms vdintermovim.frm
02 12:44:30:579 Ejecutando interfase VDINTERMOVIM
02 12:46:30:592 Empiezo a leer forms vdintermovim.frm
02 12:46:30:600 Termino parse forms vdintermovim.frm
02 12:46:30:602 Ejecutando interfase VDINTERMOVIM
02 12:48:30:610 Empiezo a leer forms vdintermovim.frm
02 12:48:30:619 Termino parse forms vdintermovim.frm
02 12:48:30:620 Ejecutando interfase VDINTERMOVIM
02 12:50:30:635 Empiezo a leer forms vdintermovim.frm
02 12:50:30:640 Termino parse forms vdintermovim.frm
02 12:50:30:640 Ejecutando interfase VDINTERMOVIM
02 12:52:30:652 Empiezo a leer forms vdintermovim.frm
02 12:52:30:657 Termino parse forms vdintermovim.frm
02 12:52:30:657 Ejecutando interfase VDINTERMOVIM
02 12:54:30:669 Empiezo a leer forms vdintermovim.frm
02 12:54:30:674 Termino parse forms vdintermovim.frm
02 12:54:30:674 Ejecutando interfase VDINTERMOVIM
02 12:56:30:690 Empiezo a leer forms vdintermovim.frm
02 12:56:30:695 Termino parse forms vdintermovim.frm
02 12:56:30:695 Ejecutando interfase VDINTERMOVIM
02 12:58:30:707 Empiezo a leer forms vdintermovim.frm
02 12:58:30:710 Termino parse forms vdintermovim.frm
02 12:58:30:710 Ejecutando interfase VDINTERMOVIM
02 13:00:30:719 Empiezo a leer forms vdintermovim.frm
02 13:00:30:724 Termino parse forms vdintermovim.frm
02 13:00:30:725 Ejecutando interfase VDINTERMOVIM
02 13:02:30:742 Empiezo a leer forms vdintermovim.frm
02 13:02:30:750 Termino parse forms vdintermovim.frm
02 13:02:30:750 Ejecutando interfase VDINTERMOVIM
02 13:04:30:775 Empiezo a leer forms vdintermovim.frm
02 13:04:30:780 Termino parse forms vdintermovim.frm
02 13:04:30:780 Ejecutando interfase VDINTERMOVIM
02 13:06:30:794 Empiezo a leer forms vdintermovim.frm
02 13:06:30:800 Termino parse forms vdintermovim.frm
02 13:06:30:800 Ejecutando interfase VDINTERMOVIM
02 13:08:30:812 Empiezo a leer forms vdintermovim.frm
02 13:08:30:815 Termino parse forms vdintermovim.frm
02 13:08:30:817 Ejecutando interfase VDINTERMOVIM
02 13:10:30:840 Empiezo a leer forms vdintermovim.frm
02 13:10:30:847 Termino parse forms vdintermovim.frm
02 13:10:30:847 Ejecutando interfase VDINTERMOVIM
02 13:12:30:857 Empiezo a leer forms vdintermovim.frm
02 13:12:30:862 Termino parse forms vdintermovim.frm
02 13:12:30:862 Ejecutando interfase VDINTERMOVIM
02 13:14:30:885 Empiezo a leer forms vdintermovim.frm
02 13:14:30:892 Termino parse forms vdintermovim.frm
02 13:14:30:892 Ejecutando interfase VDINTERMOVIM
02 13:16:30:905 Empiezo a leer forms vdintermovim.frm
02 13:16:30:912 Termino parse forms vdintermovim.frm
02 13:16:30:912 Ejecutando interfase VDINTERMOVIM
02 13:18:30:930 Empiezo a leer forms vdintermovim.frm
02 13:18:30:935 Termino parse forms vdintermovim.frm
02 13:18:30:935 Ejecutando interfase VDINTERMOVIM
02 13:20:30:947 Empiezo a leer forms vdintermovim.frm
02 13:20:30:955 Termino parse forms vdintermovim.frm
02 13:20:30:955 Ejecutando interfase VDINTERMOVIM
02 13:22:30:980 Empiezo a leer forms vdintermovim.frm
02 13:22:30:987 Termino parse forms vdintermovim.frm
02 13:22:30:987 Ejecutando interfase VDINTERMOVIM
02 13:24:31:000 Empiezo a leer forms vdintermovim.frm
02 13:24:31:007 Termino parse forms vdintermovim.frm
02 13:24:31:007 Ejecutando interfase VDINTERMOVIM
02 13:26:31:020 Empiezo a leer forms vdintermovim.frm
02 13:26:31:027 Termino parse forms vdintermovim.frm
02 13:26:31:027 Ejecutando interfase VDINTERMOVIM
02 13:28:31:054 Empiezo a leer forms vdintermovim.frm
02 13:28:31:062 Termino parse forms vdintermovim.frm
02 13:28:31:062 Ejecutando interfase VDINTERMOVIM
02 13:30:31:074 Empiezo a leer forms vdintermovim.frm
02 13:30:31:080 Termino parse forms vdintermovim.frm
02 13:30:31:080 Ejecutando interfase VDINTERMOVIM
02 13:32:31:092 Empiezo a leer forms vdintermovim.frm
02 13:32:31:099 Termino parse forms vdintermovim.frm
02 13:32:31:099 Ejecutando interfase VDINTERMOVIM
02 13:34:31:119 Empiezo a leer forms vdintermovim.frm
02 13:34:31:127 Termino parse forms vdintermovim.frm
02 13:34:31:127 Ejecutando interfase VDINTERMOVIM
02 13:36:31:152 Empiezo a leer forms vdintermovim.frm
02 13:36:31:160 Termino parse forms vdintermovim.frm
02 13:36:31:160 Ejecutando interfase VDINTERMOVIM
02 13:38:31:174 Empiezo a leer forms vdintermovim.frm
02 13:38:31:180 Termino parse forms vdintermovim.frm
02 13:38:31:182 Ejecutando interfase VDINTERMOVIM
02 13:40:31:202 Empiezo a leer forms vdintermovim.frm
02 13:40:31:210 Termino parse forms vdintermovim.frm
02 13:40:31:210 Ejecutando interfase VDINTERMOVIM
02 13:42:31:222 Empiezo a leer forms vdintermovim.frm
02 13:42:31:229 Termino parse forms vdintermovim.frm
02 13:42:31:230 Ejecutando interfase VDINTERMOVIM
02 13:44:31:245 Empiezo a leer forms vdintermovim.frm
02 13:44:31:252 Termino parse forms vdintermovim.frm
02 13:44:31:252 Ejecutando interfase VDINTERMOVIM
02 13:46:31:277 Empiezo a leer forms vdintermovim.frm
02 13:46:31:284 Termino parse forms vdintermovim.frm
02 13:46:31:284 Ejecutando interfase VDINTERMOVIM
02 13:48:31:310 Empiezo a leer forms vdintermovim.frm
02 13:48:31:317 Termino parse forms vdintermovim.frm
02 13:48:31:317 Ejecutando interfase VDINTERMOVIM
02 13:50:31:337 Empiezo a leer forms vdintermovim.frm
02 13:50:31:345 Termino parse forms vdintermovim.frm
02 13:50:31:345 Ejecutando interfase VDINTERMOVIM
02 13:52:31:362 Empiezo a leer forms vdintermovim.frm
02 13:52:31:370 Termino parse forms vdintermovim.frm
02 13:52:31:370 Ejecutando interfase VDINTERMOVIM
02 13:54:31:382 Empiezo a leer forms vdintermovim.frm
02 13:54:31:390 Termino parse forms vdintermovim.frm
02 13:54:31:390 Ejecutando interfase VDINTERMOVIM
02 13:56:31:402 Empiezo a leer forms vdintermovim.frm
02 13:56:31:409 Termino parse forms vdintermovim.frm
02 13:56:31:410 Ejecutando interfase VDINTERMOVIM
02 13:58:31:430 Empiezo a leer forms vdintermovim.frm
02 13:58:31:437 Termino parse forms vdintermovim.frm
02 13:58:31:439 Ejecutando interfase VDINTERMOVIM
02 14:00:31:457 Empiezo a leer forms vdintermovim.frm
02 14:00:31:465 Termino parse forms vdintermovim.frm
02 14:00:31:467 Ejecutando interfase VDINTERMOVIM
02 14:02:31:487 Empiezo a leer forms vdintermovim.frm
02 14:02:31:495 Termino parse forms vdintermovim.frm
02 14:02:31:495 Ejecutando interfase VDINTERMOVIM
02 14:04:31:510 Empiezo a leer forms vdintermovim.frm
02 14:04:31:517 Termino parse forms vdintermovim.frm
02 14:04:31:517 Ejecutando interfase VDINTERMOVIM
02 14:06:31:530 Empiezo a leer forms vdintermovim.frm
02 14:06:31:537 Termino parse forms vdintermovim.frm
02 14:06:31:537 Ejecutando interfase VDINTERMOVIM
02 14:08:31:560 Empiezo a leer forms vdintermovim.frm
02 14:08:31:565 Termino parse forms vdintermovim.frm
02 14:08:31:567 Ejecutando interfase VDINTERMOVIM
02 14:10:31:584 Empiezo a leer forms vdintermovim.frm
02 14:10:31:590 Termino parse forms vdintermovim.frm
02 14:10:31:592 Ejecutando interfase VDINTERMOVIM
02 14:12:31:612 Empiezo a leer forms vdintermovim.frm
02 14:12:31:619 Termino parse forms vdintermovim.frm
02 14:12:31:620 Ejecutando interfase VDINTERMOVIM
02 14:14:31:635 Empiezo a leer forms vdintermovim.frm
02 14:14:31:642 Termino parse forms vdintermovim.frm
02 14:14:31:642 Ejecutando interfase VDINTERMOVIM
02 14:16:31:665 Empiezo a leer forms vdintermovim.frm
02 14:16:31:672 Termino parse forms vdintermovim.frm
02 14:16:31:674 Ejecutando interfase VDINTERMOVIM
02 14:18:31:685 Empiezo a leer forms vdintermovim.frm
02 14:18:31:692 Termino parse forms vdintermovim.frm
02 14:18:31:694 Ejecutando interfase VDINTERMOVIM
02 14:20:31:702 Empiezo a leer forms vdintermovim.frm
02 14:20:31:709 Termino parse forms vdintermovim.frm
02 14:20:31:710 Ejecutando interfase VDINTERMOVIM
02 14:22:31:725 Empiezo a leer forms vdintermovim.frm
02 14:22:31:730 Termino parse forms vdintermovim.frm
02 14:22:31:732 Ejecutando interfase VDINTERMOVIM
02 14:24:31:747 Empiezo a leer forms vdintermovim.frm
02 14:24:31:754 Termino parse forms vdintermovim.frm
02 14:24:31:754 Ejecutando interfase VDINTERMOVIM
02 14:26:31:777 Empiezo a leer forms vdintermovim.frm
02 14:26:31:782 Termino parse forms vdintermovim.frm
02 14:26:31:782 Ejecutando interfase VDINTERMOVIM
02 14:28:31:799 Empiezo a leer forms vdintermovim.frm
02 14:28:31:805 Termino parse forms vdintermovim.frm
02 14:28:31:805 Ejecutando interfase VDINTERMOVIM
02 14:30:31:819 Empiezo a leer forms vdintermovim.frm
02 14:30:31:822 Termino parse forms vdintermovim.frm
02 14:30:31:824 Ejecutando interfase VDINTERMOVIM
02 14:32:31:839 Empiezo a leer forms vdintermovim.frm
02 14:32:31:842 Termino parse forms vdintermovim.frm
02 14:32:31:844 Ejecutando interfase VDINTERMOVIM
02 14:34:31:855 Empiezo a leer forms vdintermovim.frm
02 14:34:31:862 Termino parse forms vdintermovim.frm
02 14:34:31:864 Ejecutando interfase VDINTERMOVIM
02 14:36:31:875 Empiezo a leer forms vdintermovim.frm
02 14:36:31:882 Termino parse forms vdintermovim.frm
02 14:36:31:884 Ejecutando interfase VDINTERMOVIM
02 14:38:31:909 Empiezo a leer forms vdintermovim.frm
02 14:38:31:915 Termino parse forms vdintermovim.frm
02 14:38:31:915 Ejecutando interfase VDINTERMOVIM
02 14:40:31:932 Empiezo a leer forms vdintermovim.frm
02 14:40:31:939 Termino parse forms vdintermovim.frm
02 14:40:31:940 Ejecutando interfase VDINTERMOVIM
02 14:42:31:950 Empiezo a leer forms vdintermovim.frm
02 14:42:31:957 Termino parse forms vdintermovim.frm
02 14:42:31:959 Ejecutando interfase VDINTERMOVIM
02 14:44:31:982 Empiezo a leer forms vdintermovim.frm
02 14:44:31:987 Termino parse forms vdintermovim.frm
02 14:44:31:987 Ejecutando interfase VDINTERMOVIM
02 14:46:32:007 Empiezo a leer forms vdintermovim.frm
02 14:46:32:012 Termino parse forms vdintermovim.frm
02 14:46:32:012 Ejecutando interfase VDINTERMOVIM
02 14:48:32:035 Empiezo a leer forms vdintermovim.frm
02 14:48:32:042 Termino parse forms vdintermovim.frm
02 14:48:32:044 Ejecutando interfase VDINTERMOVIM
02 14:50:32:057 Empiezo a leer forms vdintermovim.frm
02 14:50:32:065 Termino parse forms vdintermovim.frm
02 14:50:32:065 Ejecutando interfase VDINTERMOVIM
02 14:52:32:090 Empiezo a leer forms vdintermovim.frm
02 14:52:32:097 Termino parse forms vdintermovim.frm
02 14:52:32:097 Ejecutando interfase VDINTERMOVIM
02 14:54:32:115 Empiezo a leer forms vdintermovim.frm
02 14:54:32:122 Termino parse forms vdintermovim.frm
02 14:54:32:122 Ejecutando interfase VDINTERMOVIM
02 14:56:32:132 Empiezo a leer forms vdintermovim.frm
02 14:56:32:140 Termino parse forms vdintermovim.frm
02 14:56:32:142 Ejecutando interfase VDINTERMOVIM
02 14:58:32:152 Empiezo a leer forms vdintermovim.frm
02 14:58:32:157 Termino parse forms vdintermovim.frm
02 14:58:32:159 Ejecutando interfase VDINTERMOVIM
02 15:00:32:175 Empiezo a leer forms vdintermovim.frm
02 15:00:32:180 Termino parse forms vdintermovim.frm
02 15:00:32:182 Ejecutando interfase VDINTERMOVIM
02 15:02:32:199 Empiezo a leer forms vdintermovim.frm
02 15:02:32:204 Termino parse forms vdintermovim.frm
02 15:02:32:204 Ejecutando interfase VDINTERMOVIM
02 15:04:32:215 Empiezo a leer forms vdintermovim.frm
02 15:04:32:220 Termino parse forms vdintermovim.frm
02 15:04:32:220 Ejecutando interfase VDINTERMOVIM
02 15:06:32:237 Empiezo a leer forms vdintermovim.frm
02 15:06:32:242 Termino parse forms vdintermovim.frm
02 15:06:32:242 Ejecutando interfase VDINTERMOVIM
02 15:08:32:259 Empiezo a leer forms vdintermovim.frm
02 15:08:32:265 Termino parse forms vdintermovim.frm
02 15:08:32:267 Ejecutando interfase VDINTERMOVIM
02 15:10:32:280 Empiezo a leer forms vdintermovim.frm
02 15:10:32:289 Termino parse forms vdintermovim.frm
02 15:10:32:290 Ejecutando interfase VDINTERMOVIM
02 15:12:32:304 Empiezo a leer forms vdintermovim.frm
02 15:12:32:310 Termino parse forms vdintermovim.frm
02 15:12:32:310 Ejecutando interfase VDINTERMOVIM
02 15:14:32:330 Empiezo a leer forms vdintermovim.frm
02 15:14:32:337 Termino parse forms vdintermovim.frm
02 15:14:32:337 Ejecutando interfase VDINTERMOVIM
02 15:16:32:359 Empiezo a leer forms vdintermovim.frm
02 15:16:32:365 Termino parse forms vdintermovim.frm
02 15:16:32:367 Ejecutando interfase VDINTERMOVIM
02 15:18:32:382 Empiezo a leer forms vdintermovim.frm
02 15:18:32:390 Termino parse forms vdintermovim.frm
02 15:18:32:390 Ejecutando interfase VDINTERMOVIM

00 15:19:41:782 Fichero de log cerrado.

00 15:19:48:375 Fichero de log abierto PID 14576

02 15:19:48:377 Intentando abrir fichero v10.ini
02 15:19:48:384 Cargando driver v10oracle funcion damedriveroracle
02 15:19:49:324 Conectado a base de datos
02 15:19:49:325 Proceso ENVIOMOVIM encontrado en tabla VDPROCESOS
02 15:19:49:332 Proceso ENVIOMOVIM cargado con función interfasesalida (Librería VDINTERFASES.DLL) direccion 058CCC80
02 15:19:49:334 PLSQL: INICIALIZADO PAQUETE DE LOG EL DIA 28-03-2022
02 15:19:49:345 Actualizado SID 374 SERIAL 59896 del proceso con PID 14576
00 15:19:49:350 Error al abrir fichero VDST.H
02 15:19:49:352 Empiezo a leer forms vdintermovim.frm
02 15:19:49:367 Termino parse forms vdintermovim.frm
02 15:19:49:367 Ejecutando interfase VDINTERMOVIM
02 15:21:49:390 Empiezo a leer forms vdintermovim.frm
02 15:21:49:394 Termino parse forms vdintermovim.frm
02 15:21:49:395 Ejecutando interfase VDINTERMOVIM
02 15:23:49:412 Empiezo a leer forms vdintermovim.frm
02 15:23:49:420 Termino parse forms vdintermovim.frm
02 15:23:49:420 Ejecutando interfase VDINTERMOVIM
02 15:25:49:442 Empiezo a leer forms vdintermovim.frm
02 15:25:49:449 Termino parse forms vdintermovim.frm
02 15:25:49:449 Ejecutando interfase VDINTERMOVIM
02 15:27:49:465 Empiezo a leer forms vdintermovim.frm
02 15:27:49:470 Termino parse forms vdintermovim.frm
02 15:27:49:472 Ejecutando interfase VDINTERMOVIM
02 15:29:49:492 Empiezo a leer forms vdintermovim.frm
02 15:29:49:499 Termino parse forms vdintermovim.frm
02 15:29:49:500 Ejecutando interfase VDINTERMOVIM
02 15:31:49:520 Empiezo a leer forms vdintermovim.frm
02 15:31:49:527 Termino parse forms vdintermovim.frm
02 15:31:49:527 Ejecutando interfase VDINTERMOVIM
02 15:33:49:547 Empiezo a leer forms vdintermovim.frm
02 15:33:49:554 Termino parse forms vdintermovim.frm
02 15:33:49:555 Ejecutando interfase VDINTERMOVIM
02 15:35:49:565 Empiezo a leer forms vdintermovim.frm
02 15:35:49:572 Termino parse forms vdintermovim.frm
02 15:35:49:572 Ejecutando interfase VDINTERMOVIM
02 15:37:49:589 Empiezo a leer forms vdintermovim.frm
02 15:37:49:595 Termino parse forms vdintermovim.frm
02 15:37:49:597 Ejecutando interfase VDINTERMOVIM
02 15:39:49:612 Empiezo a leer forms vdintermovim.frm
02 15:39:49:620 Termino parse forms vdintermovim.frm
02 15:39:49:620 Ejecutando interfase VDINTERMOVIM
02 15:41:49:637 Empiezo a leer forms vdintermovim.frm
02 15:41:49:645 Termino parse forms vdintermovim.frm
02 15:41:49:645 Ejecutando interfase VDINTERMOVIM
02 15:43:49:665 Empiezo a leer forms vdintermovim.frm
02 15:43:49:670 Termino parse forms vdintermovim.frm
02 15:43:49:670 Ejecutando interfase VDINTERMOVIM
02 15:45:49:685 Empiezo a leer forms vdintermovim.frm
02 15:45:49:692 Termino parse forms vdintermovim.frm
02 15:45:49:692 Ejecutando interfase VDINTERMOVIM
02 15:47:49:705 Empiezo a leer forms vdintermovim.frm
02 15:47:49:712 Termino parse forms vdintermovim.frm
02 15:47:49:712 Ejecutando interfase VDINTERMOVIM
02 15:49:49:735 Empiezo a leer forms vdintermovim.frm
02 15:49:49:742 Termino parse forms vdintermovim.frm
02 15:49:49:742 Ejecutando interfase VDINTERMOVIM
02 15:51:49:765 Empiezo a leer forms vdintermovim.frm
02 15:51:49:772 Termino parse forms vdintermovim.frm
02 15:51:49:774 Ejecutando interfase VDINTERMOVIM
02 15:53:49:799 Empiezo a leer forms vdintermovim.frm
02 15:53:49:805 Termino parse forms vdintermovim.frm
02 15:53:49:805 Ejecutando interfase VDINTERMOVIM
02 15:55:49:820 Empiezo a leer forms vdintermovim.frm
02 15:55:49:827 Termino parse forms vdintermovim.frm
02 15:55:49:827 Ejecutando interfase VDINTERMOVIM
02 15:57:49:839 Empiezo a leer forms vdintermovim.frm
02 15:57:49:847 Termino parse forms vdintermovim.frm
02 15:57:49:847 Ejecutando interfase VDINTERMOVIM
02 15:59:49:862 Empiezo a leer forms vdintermovim.frm
02 15:59:49:870 Termino parse forms vdintermovim.frm
02 15:59:49:870 Ejecutando interfase VDINTERMOVIM
02 16:01:49:880 Empiezo a leer forms vdintermovim.frm
02 16:01:49:885 Termino parse forms vdintermovim.frm
02 16:01:49:885 Ejecutando interfase VDINTERMOVIM
02 16:03:49:902 Empiezo a leer forms vdintermovim.frm
02 16:03:49:905 Termino parse forms vdintermovim.frm
02 16:03:49:905 Ejecutando interfase VDINTERMOVIM
02 16:05:49:919 Empiezo a leer forms vdintermovim.frm
02 16:05:49:925 Termino parse forms vdintermovim.frm
02 16:05:49:927 Ejecutando interfase VDINTERMOVIM

00 16:06:05:725 Fichero de log cerrado.

00 16:06:20:810 Fichero de log abierto PID 16260

02 16:06:20:812 Intentando abrir fichero v10.ini
02 16:06:20:820 Cargando driver v10oracle funcion damedriveroracle
02 16:06:21:684 Conectado a base de datos
02 16:06:21:685 Proceso ENVIOMOVIM encontrado en tabla VDPROCESOS
02 16:06:21:692 Proceso ENVIOMOVIM cargado con función interfasesalida (Librería VDINTERFASES.DLL) direccion 07DECC80
02 16:06:21:695 PLSQL: INICIALIZADO PAQUETE DE LOG EL DIA 28-03-2022
02 16:06:21:705 Actualizado SID 261 SERIAL 16343 del proceso con PID 16260
00 16:06:21:712 Error al abrir fichero VDST.H
02 16:06:21:714 Empiezo a leer forms vdintermovim.frm
02 16:06:21:727 Termino parse forms vdintermovim.frm
02 16:06:21:727 Ejecutando interfase VDINTERMOVIM
02 16:08:21:752 Empiezo a leer forms vdintermovim.frm
02 16:08:21:759 Termino parse forms vdintermovim.frm
02 16:08:21:759 Ejecutando interfase VDINTERMOVIM
02 16:10:21:777 Empiezo a leer forms vdintermovim.frm
02 16:10:21:780 Termino parse forms vdintermovim.frm
02 16:10:21:780 Ejecutando interfase VDINTERMOVIM
02 16:12:21:797 Empiezo a leer forms vdintermovim.frm
02 16:12:21:800 Termino parse forms vdintermovim.frm
02 16:12:21:800 Ejecutando interfase VDINTERMOVIM
02 16:14:21:817 Empiezo a leer forms vdintermovim.frm
02 16:14:21:824 Termino parse forms vdintermovim.frm
02 16:14:21:824 Ejecutando interfase VDINTERMOVIM
02 16:16:21:847 Empiezo a leer forms vdintermovim.frm
02 16:16:21:852 Termino parse forms vdintermovim.frm
02 16:16:21:852 Ejecutando interfase VDINTERMOVIM
02 16:18:21:865 Empiezo a leer forms vdintermovim.frm
02 16:18:21:869 Termino parse forms vdintermovim.frm
02 16:18:21:870 Ejecutando interfase VDINTERMOVIM
02 16:20:21:877 Empiezo a leer forms vdintermovim.frm
02 16:20:21:880 Termino parse forms vdintermovim.frm
02 16:20:21:880 Ejecutando interfase VDINTERMOVIM
02 16:22:21:895 Empiezo a leer forms vdintermovim.frm
02 16:22:21:897 Termino parse forms vdintermovim.frm
02 16:22:21:897 Ejecutando interfase VDINTERMOVIM
02 16:24:21:910 Empiezo a leer forms vdintermovim.frm
02 16:24:21:914 Termino parse forms vdintermovim.frm
02 16:24:21:914 Ejecutando interfase VDINTERMOVIM
02 16:26:21:927 Empiezo a leer forms vdintermovim.frm
02 16:26:21:932 Termino parse forms vdintermovim.frm
02 16:26:21:932 Ejecutando interfase VDINTERMOVIM
02 16:28:21:940 Empiezo a leer forms vdintermovim.frm
02 16:28:21:944 Termino parse forms vdintermovim.frm
02 16:28:21:944 Ejecutando interfase VDINTERMOVIM
02 16:30:21:960 Empiezo a leer forms vdintermovim.frm
02 16:30:21:965 Termino parse forms vdintermovim.frm
02 16:30:21:965 Ejecutando interfase VDINTERMOVIM
02 16:32:21:975 Empiezo a leer forms vdintermovim.frm
02 16:32:21:980 Termino parse forms vdintermovim.frm
02 16:32:21:980 Ejecutando interfase VDINTERMOVIM
02 16:34:21:992 Empiezo a leer forms vdintermovim.frm
02 16:34:21:995 Termino parse forms vdintermovim.frm
02 16:34:21:997 Ejecutando interfase VDINTERMOVIM
02 16:36:22:010 Empiezo a leer forms vdintermovim.frm
02 16:36:22:015 Termino parse forms vdintermovim.frm
02 16:36:22:015 Ejecutando interfase VDINTERMOVIM
02 16:38:22:027 Empiezo a leer forms vdintermovim.frm
02 16:38:22:030 Termino parse forms vdintermovim.frm
02 16:38:22:030 Ejecutando interfase VDINTERMOVIM
02 16:40:22:045 Empiezo a leer forms vdintermovim.frm
02 16:40:22:049 Termino parse forms vdintermovim.frm
02 16:40:22:049 Ejecutando interfase VDINTERMOVIM
02 16:42:22:065 Empiezo a leer forms vdintermovim.frm
02 16:42:22:072 Termino parse forms vdintermovim.frm
02 16:42:22:072 Ejecutando interfase VDINTERMOVIM
02 16:44:22:095 Empiezo a leer forms vdintermovim.frm
02 16:44:22:100 Termino parse forms vdintermovim.frm
02 16:44:22:100 Ejecutando interfase VDINTERMOVIM
02 16:46:22:120 Empiezo a leer forms vdintermovim.frm
02 16:46:22:124 Termino parse forms vdintermovim.frm
02 16:46:22:124 Ejecutando interfase VDINTERMOVIM
02 16:48:22:135 Empiezo a leer forms vdintermovim.frm
02 16:48:22:142 Termino parse forms vdintermovim.frm
02 16:48:22:142 Ejecutando interfase VDINTERMOVIM
02 16:50:22:157 Empiezo a leer forms vdintermovim.frm
02 16:50:22:162 Termino parse forms vdintermovim.frm
02 16:50:22:162 Ejecutando interfase VDINTERMOVIM
02 16:52:22:179 Empiezo a leer forms vdintermovim.frm
02 16:52:22:185 Termino parse forms vdintermovim.frm
02 16:52:22:185 Ejecutando interfase VDINTERMOVIM
02 16:54:22:195 Empiezo a leer forms vdintermovim.frm
02 16:54:22:200 Termino parse forms vdintermovim.frm
02 16:54:22:200 Ejecutando interfase VDINTERMOVIM
02 16:56:22:217 Empiezo a leer forms vdintermovim.frm
02 16:56:22:222 Termino parse forms vdintermovim.frm
02 16:56:22:222 Ejecutando interfase VDINTERMOVIM
02 16:58:22:245 Empiezo a leer forms vdintermovim.frm
02 16:58:22:252 Termino parse forms vdintermovim.frm
02 16:58:22:254 Ejecutando interfase VDINTERMOVIM
02 17:00:22:274 Empiezo a leer forms vdintermovim.frm
02 17:00:22:282 Termino parse forms vdintermovim.frm
02 17:00:22:282 Ejecutando interfase VDINTERMOVIM
02 17:02:22:302 Empiezo a leer forms vdintermovim.frm
02 17:02:22:310 Termino parse forms vdintermovim.frm
02 17:02:22:310 Ejecutando interfase VDINTERMOVIM
02 17:04:22:320 Empiezo a leer forms vdintermovim.frm
02 17:04:22:327 Termino parse forms vdintermovim.frm
02 17:04:22:327 Ejecutando interfase VDINTERMOVIM
02 17:06:22:345 Empiezo a leer forms vdintermovim.frm
02 17:06:22:352 Termino parse forms vdintermovim.frm
02 17:06:22:352 Ejecutando interfase VDINTERMOVIM
02 17:08:22:374 Empiezo a leer forms vdintermovim.frm
02 17:08:22:380 Termino parse forms vdintermovim.frm
02 17:08:22:380 Ejecutando interfase VDINTERMOVIM
02 17:10:22:397 Empiezo a leer forms vdintermovim.frm
02 17:10:22:405 Termino parse forms vdintermovim.frm
02 17:10:22:405 Ejecutando interfase VDINTERMOVIM
02 17:12:22:429 Empiezo a leer forms vdintermovim.frm
02 17:12:22:437 Termino parse forms vdintermovim.frm
02 17:12:22:437 Ejecutando interfase VDINTERMOVIM
02 17:14:22:460 Empiezo a leer forms vdintermovim.frm
02 17:14:22:464 Termino parse forms vdintermovim.frm
02 17:14:22:464 Ejecutando interfase VDINTERMOVIM
02 17:16:22:474 Empiezo a leer forms vdintermovim.frm
02 17:16:22:480 Termino parse forms vdintermovim.frm
02 17:16:22:480 Ejecutando interfase VDINTERMOVIM
02 17:18:22:497 Empiezo a leer forms vdintermovim.frm
02 17:18:22:504 Termino parse forms vdintermovim.frm
02 17:18:22:505 Ejecutando interfase VDINTERMOVIM
02 17:20:22:517 Empiezo a leer forms vdintermovim.frm
02 17:20:22:524 Termino parse forms vdintermovim.frm
02 17:20:22:525 Ejecutando interfase VDINTERMOVIM
02 17:22:22:550 Empiezo a leer forms vdintermovim.frm
02 17:22:22:557 Termino parse forms vdintermovim.frm
02 17:22:22:557 Ejecutando interfase VDINTERMOVIM
02 17:24:22:570 Empiezo a leer forms vdintermovim.frm
02 17:24:22:575 Termino parse forms vdintermovim.frm
02 17:24:22:575 Ejecutando interfase VDINTERMOVIM
02 17:26:22:590 Empiezo a leer forms vdintermovim.frm
02 17:26:22:597 Termino parse forms vdintermovim.frm
02 17:26:22:599 Ejecutando interfase VDINTERMOVIM
02 17:28:22:619 Empiezo a leer forms vdintermovim.frm
02 17:28:22:622 Termino parse forms vdintermovim.frm
02 17:28:22:622 Ejecutando interfase VDINTERMOVIM
02 17:30:22:637 Empiezo a leer forms vdintermovim.frm
02 17:30:22:644 Termino parse forms vdintermovim.frm
02 17:30:22:644 Ejecutando interfase VDINTERMOVIM
02 17:32:22:667 Empiezo a leer forms vdintermovim.frm
02 17:32:22:670 Termino parse forms vdintermovim.frm
02 17:32:22:670 Ejecutando interfase VDINTERMOVIM
02 17:34:22:680 Empiezo a leer forms vdintermovim.frm
02 17:34:22:687 Termino parse forms vdintermovim.frm
02 17:34:22:687 Ejecutando interfase VDINTERMOVIM
02 17:36:22:702 Empiezo a leer forms vdintermovim.frm
02 17:36:22:705 Termino parse forms vdintermovim.frm
02 17:36:22:705 Ejecutando interfase VDINTERMOVIM
02 17:38:22:717 Empiezo a leer forms vdintermovim.frm
02 17:38:22:724 Termino parse forms vdintermovim.frm
02 17:38:22:725 Ejecutando interfase VDINTERMOVIM
02 17:40:22:742 Empiezo a leer forms vdintermovim.frm
02 17:40:22:749 Termino parse forms vdintermovim.frm
02 17:40:22:750 Ejecutando interfase VDINTERMOVIM
02 17:42:22:774 Empiezo a leer forms vdintermovim.frm
02 17:42:22:780 Termino parse forms vdintermovim.frm
02 17:42:22:780 Ejecutando interfase VDINTERMOVIM
02 17:44:22:800 Empiezo a leer forms vdintermovim.frm
02 17:44:22:807 Termino parse forms vdintermovim.frm
02 17:44:22:807 Ejecutando interfase VDINTERMOVIM
02 17:46:22:820 Empiezo a leer forms vdintermovim.frm
02 17:46:22:827 Termino parse forms vdintermovim.frm
02 17:46:22:827 Ejecutando interfase VDINTERMOVIM
02 17:48:22:845 Empiezo a leer forms vdintermovim.frm
02 17:48:22:852 Termino parse forms vdintermovim.frm
02 17:48:22:852 Ejecutando interfase VDINTERMOVIM
02 17:50:22:877 Empiezo a leer forms vdintermovim.frm
02 17:50:22:885 Termino parse forms vdintermovim.frm
02 17:50:22:885 Ejecutando interfase VDINTERMOVIM
02 17:52:22:904 Empiezo a leer forms vdintermovim.frm
02 17:52:22:910 Termino parse forms vdintermovim.frm
02 17:52:22:910 Ejecutando interfase VDINTERMOVIM
02 17:54:22:934 Empiezo a leer forms vdintermovim.frm
02 17:54:22:940 Termino parse forms vdintermovim.frm
02 17:54:22:942 Ejecutando interfase VDINTERMOVIM
02 17:56:22:962 Empiezo a leer forms vdintermovim.frm
02 17:56:22:967 Termino parse forms vdintermovim.frm
02 17:56:22:967 Ejecutando interfase VDINTERMOVIM
02 17:58:22:989 Empiezo a leer forms vdintermovim.frm
02 17:58:22:995 Termino parse forms vdintermovim.frm
02 17:58:22:995 Ejecutando interfase VDINTERMOVIM

00 17:59:49:285 Fichero de log cerrado.

