00 09:11:09:330 Fichero de log abierto PID 13028

02 09:11:09:332 Intentando abrir fichero v10.ini
02 09:11:09:337 Cargando driver v10oracle funcion damedriveroracle
02 09:11:09:937 Conectado a base de datos
02 09:11:09:938 Proceso ENVIOMOVIM encontrado en tabla VDPROCESOS
02 09:11:09:945 Proceso ENVIOMOVIM cargado con función interfasesalida (Librería VDINTERFASES.DLL) direccion 0621CC80
02 09:11:09:947 PLSQL: INICIALIZADO PAQUETE DE LOG EL DIA 04-04-2022
02 09:11:09:957 Actualizado SID 8 SERIAL 28873 del proceso con PID 13028
00 09:11:09:962 Error al abrir fichero VDST.H
02 09:11:09:963 Empiezo a leer forms vdintermovim.frm
02 09:11:09:978 Termino parse forms vdintermovim.frm
02 09:11:09:978 Ejecutando interfase VDINTERMOVIM
02 09:13:09:988 Empiezo a leer forms vdintermovim.frm
02 09:13:09:992 Termino parse forms vdintermovim.frm
02 09:13:09:992 Ejecutando interfase VDINTERMOVIM
02 09:15:10:016 Empiezo a leer forms vdintermovim.frm
02 09:15:10:022 Termino parse forms vdintermovim.frm
02 09:15:10:022 Ejecutando interfase VDINTERMOVIM
02 09:17:10:037 Empiezo a leer forms vdintermovim.frm
02 09:17:10:042 Termino parse forms vdintermovim.frm
02 09:17:10:043 Ejecutando interfase VDINTERMOVIM
02 09:19:10:058 Empiezo a leer forms vdintermovim.frm
02 09:19:10:065 Termino parse forms vdintermovim.frm
02 09:19:10:066 Ejecutando interfase VDINTERMOVIM
02 09:21:10:082 Empiezo a leer forms vdintermovim.frm
02 09:21:10:087 Termino parse forms vdintermovim.frm
02 09:21:10:087 Ejecutando interfase VDINTERMOVIM
02 09:23:10:097 Empiezo a leer forms vdintermovim.frm
02 09:23:10:100 Termino parse forms vdintermovim.frm
02 09:23:10:101 Ejecutando interfase VDINTERMOVIM
02 09:25:10:125 Empiezo a leer forms vdintermovim.frm
02 09:25:10:127 Termino parse forms vdintermovim.frm
02 09:25:10:127 Ejecutando interfase VDINTERMOVIM
02 09:27:10:137 Empiezo a leer forms vdintermovim.frm
02 09:27:10:142 Termino parse forms vdintermovim.frm
02 09:27:10:143 Ejecutando interfase VDINTERMOVIM
02 09:29:10:153 Empiezo a leer forms vdintermovim.frm
02 09:29:10:157 Termino parse forms vdintermovim.frm
02 09:29:10:157 Ejecutando interfase VDINTERMOVIM
02 09:31:10:176 Empiezo a leer forms vdintermovim.frm
02 09:31:10:181 Termino parse forms vdintermovim.frm
02 09:31:10:181 Ejecutando interfase VDINTERMOVIM
02 09:33:10:192 Empiezo a leer forms vdintermovim.frm
02 09:33:10:197 Termino parse forms vdintermovim.frm
02 09:33:10:197 Ejecutando interfase VDINTERMOVIM
02 09:35:10:208 Empiezo a leer forms vdintermovim.frm
02 09:35:10:212 Termino parse forms vdintermovim.frm
02 09:35:10:212 Ejecutando interfase VDINTERMOVIM
02 09:37:10:227 Empiezo a leer forms vdintermovim.frm
02 09:37:10:232 Termino parse forms vdintermovim.frm
02 09:37:10:232 Ejecutando interfase VDINTERMOVIM
02 09:39:10:243 Empiezo a leer forms vdintermovim.frm
02 09:39:10:247 Termino parse forms vdintermovim.frm
02 09:39:10:247 Ejecutando interfase VDINTERMOVIM
02 09:41:10:263 Empiezo a leer forms vdintermovim.frm
02 09:41:10:267 Termino parse forms vdintermovim.frm
02 09:41:10:267 Ejecutando interfase VDINTERMOVIM
02 09:43:10:277 Empiezo a leer forms vdintermovim.frm
02 09:43:10:280 Termino parse forms vdintermovim.frm
02 09:43:10:280 Ejecutando interfase VDINTERMOVIM
02 09:45:10:300 Empiezo a leer forms vdintermovim.frm
02 09:45:10:302 Termino parse forms vdintermovim.frm
02 09:45:10:302 Ejecutando interfase VDINTERMOVIM
02 09:47:10:316 Empiezo a leer forms vdintermovim.frm
02 09:47:10:318 Termino parse forms vdintermovim.frm
02 09:47:10:318 Ejecutando interfase VDINTERMOVIM
02 09:49:10:336 Empiezo a leer forms vdintermovim.frm
02 09:49:10:341 Termino parse forms vdintermovim.frm
02 09:49:10:342 Ejecutando interfase VDINTERMOVIM
02 09:51:10:360 Empiezo a leer forms vdintermovim.frm
02 09:51:10:362 Termino parse forms vdintermovim.frm
02 09:51:10:363 Ejecutando interfase VDINTERMOVIM
02 09:53:10:377 Empiezo a leer forms vdintermovim.frm
02 09:53:10:382 Termino parse forms vdintermovim.frm
02 09:53:10:382 Ejecutando interfase VDINTERMOVIM
02 09:55:10:396 Empiezo a leer forms vdintermovim.frm
02 09:55:10:401 Termino parse forms vdintermovim.frm
02 09:55:10:401 Ejecutando interfase VDINTERMOVIM
02 09:57:10:418 Empiezo a leer forms vdintermovim.frm
02 09:57:10:422 Termino parse forms vdintermovim.frm
02 09:57:10:422 Ejecutando interfase VDINTERMOVIM
02 09:59:10:438 Empiezo a leer forms vdintermovim.frm
02 09:59:10:443 Termino parse forms vdintermovim.frm
02 09:59:10:443 Ejecutando interfase VDINTERMOVIM
02 10:01:10:460 Empiezo a leer forms vdintermovim.frm
02 10:01:10:465 Termino parse forms vdintermovim.frm
02 10:01:10:465 Ejecutando interfase VDINTERMOVIM
02 10:03:10:483 Empiezo a leer forms vdintermovim.frm
02 10:03:10:490 Termino parse forms vdintermovim.frm
02 10:03:10:490 Ejecutando interfase VDINTERMOVIM
02 10:05:10:503 Empiezo a leer forms vdintermovim.frm
02 10:05:10:507 Termino parse forms vdintermovim.frm
02 10:05:10:507 Ejecutando interfase VDINTERMOVIM
02 10:07:10:528 Empiezo a leer forms vdintermovim.frm
02 10:07:10:531 Termino parse forms vdintermovim.frm
02 10:07:10:531 Ejecutando interfase VDINTERMOVIM
02 10:09:10:538 Empiezo a leer forms vdintermovim.frm
02 10:09:10:541 Termino parse forms vdintermovim.frm
02 10:09:10:542 Ejecutando interfase VDINTERMOVIM
02 10:11:10:553 Empiezo a leer forms vdintermovim.frm
02 10:11:10:558 Termino parse forms vdintermovim.frm
02 10:11:10:558 Ejecutando interfase VDINTERMOVIM
02 10:13:10:576 Empiezo a leer forms vdintermovim.frm
02 10:13:10:578 Termino parse forms vdintermovim.frm
02 10:13:10:578 Ejecutando interfase VDINTERMOVIM
02 10:15:10:597 Empiezo a leer forms vdintermovim.frm
02 10:15:10:603 Termino parse forms vdintermovim.frm
02 10:15:10:603 Ejecutando interfase VDINTERMOVIM
02 10:17:10:615 Empiezo a leer forms vdintermovim.frm
02 10:17:10:618 Termino parse forms vdintermovim.frm
02 10:17:10:620 Ejecutando interfase VDINTERMOVIM
02 10:19:10:630 Empiezo a leer forms vdintermovim.frm
02 10:19:10:632 Termino parse forms vdintermovim.frm
02 10:19:10:633 Ejecutando interfase VDINTERMOVIM
02 10:21:10:642 Empiezo a leer forms vdintermovim.frm
02 10:21:10:647 Termino parse forms vdintermovim.frm
02 10:21:10:647 Ejecutando interfase VDINTERMOVIM

00 10:22:53:437 Fichero de log cerrado.

00 10:23:01:975 Fichero de log abierto PID 9668

02 10:23:01:978 Intentando abrir fichero v10.ini
02 10:23:01:987 Cargando driver v10oracle funcion damedriveroracle
02 10:23:02:872 Conectado a base de datos
02 10:23:02:876 Proceso ENVIOMOVIM encontrado en tabla VDPROCESOS
02 10:23:02:882 Proceso ENVIOMOVIM cargado con función interfasesalida (Librería VDINTERFASES.DLL) direccion 0638CC80
02 10:23:02:885 PLSQL: INICIALIZADO PAQUETE DE LOG EL DIA 04-04-2022
02 10:23:02:897 Actualizado SID 257 SERIAL 61968 del proceso con PID 9668
00 10:23:02:903 Error al abrir fichero VDST.H
02 10:23:02:905 Empiezo a leer forms vdintermovim.frm
02 10:23:02:923 Termino parse forms vdintermovim.frm
02 10:23:02:923 Ejecutando interfase VDINTERMOVIM
02 10:25:02:941 Empiezo a leer forms vdintermovim.frm
02 10:25:02:947 Termino parse forms vdintermovim.frm
02 10:25:02:948 Ejecutando interfase VDINTERMOVIM
02 10:27:02:961 Empiezo a leer forms vdintermovim.frm
02 10:27:02:962 Termino parse forms vdintermovim.frm
02 10:27:02:963 Ejecutando interfase VDINTERMOVIM
02 10:29:02:978 Empiezo a leer forms vdintermovim.frm
02 10:29:02:982 Termino parse forms vdintermovim.frm
02 10:29:02:982 Ejecutando interfase VDINTERMOVIM
02 10:31:02:997 Empiezo a leer forms vdintermovim.frm
02 10:31:03:001 Termino parse forms vdintermovim.frm
02 10:31:03:001 Ejecutando interfase VDINTERMOVIM
02 10:33:03:010 Empiezo a leer forms vdintermovim.frm
02 10:33:03:016 Termino parse forms vdintermovim.frm
02 10:33:03:016 Ejecutando interfase VDINTERMOVIM
02 10:35:03:038 Empiezo a leer forms vdintermovim.frm
02 10:35:03:042 Termino parse forms vdintermovim.frm
02 10:35:03:042 Ejecutando interfase VDINTERMOVIM
02 10:37:03:062 Empiezo a leer forms vdintermovim.frm
02 10:37:03:063 Termino parse forms vdintermovim.frm
02 10:37:03:063 Ejecutando interfase VDINTERMOVIM

00 10:38:58:296 Fichero de log cerrado.

00 10:39:08:456 Fichero de log abierto PID 15980

02 10:39:08:460 Intentando abrir fichero v10.ini
02 10:39:08:467 Cargando driver v10oracle funcion damedriveroracle
02 10:39:09:160 Conectado a base de datos
02 10:39:09:162 Proceso ENVIOMOVIM encontrado en tabla VDPROCESOS
02 10:39:09:167 Proceso ENVIOMOVIM cargado con función interfasesalida (Librería VDINTERFASES.DLL) direccion 062DCC80
02 10:39:09:171 PLSQL: INICIALIZADO PAQUETE DE LOG EL DIA 04-04-2022
02 10:39:09:182 Actualizado SID 870 SERIAL 37340 del proceso con PID 15980
00 10:39:09:188 Error al abrir fichero VDST.H
02 10:39:09:191 Empiezo a leer forms vdintermovim.frm
02 10:39:09:207 Termino parse forms vdintermovim.frm
02 10:39:09:207 Ejecutando interfase VDINTERMOVIM
02 10:41:09:230 Empiezo a leer forms vdintermovim.frm
02 10:41:09:237 Termino parse forms vdintermovim.frm
02 10:41:09:237 Ejecutando interfase VDINTERMOVIM
02 10:43:09:262 Empiezo a leer forms vdintermovim.frm
02 10:43:09:270 Termino parse forms vdintermovim.frm
02 10:43:09:270 Ejecutando interfase VDINTERMOVIM
02 10:45:09:281 Empiezo a leer forms vdintermovim.frm
02 10:45:09:287 Termino parse forms vdintermovim.frm
02 10:45:09:288 Ejecutando interfase VDINTERMOVIM
02 10:47:09:312 Empiezo a leer forms vdintermovim.frm
02 10:47:09:320 Termino parse forms vdintermovim.frm
02 10:47:09:321 Ejecutando interfase VDINTERMOVIM
02 10:49:09:345 Empiezo a leer forms vdintermovim.frm
02 10:49:09:350 Termino parse forms vdintermovim.frm
02 10:49:09:350 Ejecutando interfase VDINTERMOVIM
02 10:51:09:362 Empiezo a leer forms vdintermovim.frm
02 10:51:09:367 Termino parse forms vdintermovim.frm
02 10:51:09:367 Ejecutando interfase VDINTERMOVIM
02 10:53:09:387 Empiezo a leer forms vdintermovim.frm
02 10:53:09:392 Termino parse forms vdintermovim.frm
02 10:53:09:392 Ejecutando interfase VDINTERMOVIM
02 10:55:09:403 Empiezo a leer forms vdintermovim.frm
02 10:55:09:408 Termino parse forms vdintermovim.frm
02 10:55:09:408 Ejecutando interfase VDINTERMOVIM
02 10:57:09:423 Empiezo a leer forms vdintermovim.frm
02 10:57:09:428 Termino parse forms vdintermovim.frm
02 10:57:09:428 Ejecutando interfase VDINTERMOVIM
02 10:59:09:442 Empiezo a leer forms vdintermovim.frm
02 10:59:09:443 Termino parse forms vdintermovim.frm
02 10:59:09:443 Ejecutando interfase VDINTERMOVIM
02 11:01:06:067 Empiezo a leer forms vdintermovim.frm
02 11:01:06:072 Termino parse forms vdintermovim.frm
02 11:01:06:072 Ejecutando interfase VDINTERMOVIM
02 11:03:06:085 Empiezo a leer forms vdintermovim.frm
02 11:03:06:091 Termino parse forms vdintermovim.frm
02 11:03:06:091 Ejecutando interfase VDINTERMOVIM
02 11:05:06:098 Empiezo a leer forms vdintermovim.frm
02 11:05:06:103 Termino parse forms vdintermovim.frm
02 11:05:06:103 Ejecutando interfase VDINTERMOVIM
02 11:07:06:126 Empiezo a leer forms vdintermovim.frm
02 11:07:06:131 Termino parse forms vdintermovim.frm
02 11:07:06:132 Ejecutando interfase VDINTERMOVIM
02 11:09:06:150 Empiezo a leer forms vdintermovim.frm
02 11:09:06:155 Termino parse forms vdintermovim.frm
02 11:09:06:155 Ejecutando interfase VDINTERMOVIM
02 11:11:06:172 Empiezo a leer forms vdintermovim.frm
02 11:11:06:177 Termino parse forms vdintermovim.frm
02 11:11:06:177 Ejecutando interfase VDINTERMOVIM
02 11:13:06:200 Empiezo a leer forms vdintermovim.frm
02 11:13:06:203 Termino parse forms vdintermovim.frm
02 11:13:06:203 Ejecutando interfase VDINTERMOVIM
02 11:15:06:212 Empiezo a leer forms vdintermovim.frm
02 11:15:06:217 Termino parse forms vdintermovim.frm
02 11:15:06:217 Ejecutando interfase VDINTERMOVIM
02 11:17:06:231 Empiezo a leer forms vdintermovim.frm
02 11:17:06:236 Termino parse forms vdintermovim.frm
02 11:17:06:237 Ejecutando interfase VDINTERMOVIM
02 11:19:06:256 Empiezo a leer forms vdintermovim.frm
02 11:19:06:260 Termino parse forms vdintermovim.frm
02 11:19:06:260 Ejecutando interfase VDINTERMOVIM
02 11:21:06:281 Empiezo a leer forms vdintermovim.frm
02 11:21:06:286 Termino parse forms vdintermovim.frm
02 11:21:06:286 Ejecutando interfase VDINTERMOVIM
02 11:23:06:307 Empiezo a leer forms vdintermovim.frm
02 11:23:06:308 Termino parse forms vdintermovim.frm
02 11:23:06:308 Ejecutando interfase VDINTERMOVIM
02 11:25:06:328 Empiezo a leer forms vdintermovim.frm
02 11:25:06:333 Termino parse forms vdintermovim.frm
02 11:25:06:335 Ejecutando interfase VDINTERMOVIM
02 11:27:06:350 Empiezo a leer forms vdintermovim.frm
02 11:27:06:355 Termino parse forms vdintermovim.frm
02 11:27:06:356 Ejecutando interfase VDINTERMOVIM
02 11:29:28:577 Empiezo a leer forms vdintermovim.frm
02 11:29:28:582 Termino parse forms vdintermovim.frm
02 11:29:28:582 Ejecutando interfase VDINTERMOVIM
02 11:31:28:603 Empiezo a leer forms vdintermovim.frm
02 11:31:28:607 Termino parse forms vdintermovim.frm
02 11:31:28:607 Ejecutando interfase VDINTERMOVIM
02 11:33:28:620 Empiezo a leer forms vdintermovim.frm
02 11:33:28:623 Termino parse forms vdintermovim.frm
02 11:33:28:623 Ejecutando interfase VDINTERMOVIM
02 11:35:28:642 Empiezo a leer forms vdintermovim.frm
02 11:35:28:645 Termino parse forms vdintermovim.frm
02 11:35:28:646 Ejecutando interfase VDINTERMOVIM
02 11:37:28:660 Empiezo a leer forms vdintermovim.frm
02 11:37:28:662 Termino parse forms vdintermovim.frm
02 11:37:28:662 Ejecutando interfase VDINTERMOVIM
02 11:39:28:682 Empiezo a leer forms vdintermovim.frm
02 11:39:28:685 Termino parse forms vdintermovim.frm
02 11:39:28:687 Ejecutando interfase VDINTERMOVIM
02 11:41:28:692 Empiezo a leer forms vdintermovim.frm
02 11:41:28:697 Termino parse forms vdintermovim.frm
02 11:41:28:697 Ejecutando interfase VDINTERMOVIM
02 11:43:28:705 Empiezo a leer forms vdintermovim.frm
02 11:43:28:710 Termino parse forms vdintermovim.frm
02 11:43:28:710 Ejecutando interfase VDINTERMOVIM
02 11:45:28:720 Empiezo a leer forms vdintermovim.frm
02 11:45:28:722 Termino parse forms vdintermovim.frm
02 11:45:28:724 Ejecutando interfase VDINTERMOVIM
02 11:47:28:739 Empiezo a leer forms vdintermovim.frm
02 11:47:28:742 Termino parse forms vdintermovim.frm
02 11:47:28:742 Ejecutando interfase VDINTERMOVIM
02 11:49:28:749 Empiezo a leer forms vdintermovim.frm
02 11:49:28:754 Termino parse forms vdintermovim.frm
02 11:49:28:754 Ejecutando interfase VDINTERMOVIM
02 11:51:28:770 Empiezo a leer forms vdintermovim.frm
02 11:51:28:774 Termino parse forms vdintermovim.frm
02 11:51:28:774 Ejecutando interfase VDINTERMOVIM
02 11:53:28:782 Empiezo a leer forms vdintermovim.frm
02 11:53:28:785 Termino parse forms vdintermovim.frm
02 11:53:28:785 Ejecutando interfase VDINTERMOVIM
02 11:55:28:795 Empiezo a leer forms vdintermovim.frm
02 11:55:28:800 Termino parse forms vdintermovim.frm
02 11:55:28:800 Ejecutando interfase VDINTERMOVIM
02 11:57:28:807 Empiezo a leer forms vdintermovim.frm
02 11:57:28:812 Termino parse forms vdintermovim.frm
02 11:57:28:812 Ejecutando interfase VDINTERMOVIM
02 11:59:28:827 Empiezo a leer forms vdintermovim.frm
02 11:59:28:834 Termino parse forms vdintermovim.frm
02 11:59:28:834 Ejecutando interfase VDINTERMOVIM
02 12:01:28:845 Empiezo a leer forms vdintermovim.frm
02 12:01:28:850 Termino parse forms vdintermovim.frm
02 12:01:28:850 Ejecutando interfase VDINTERMOVIM
02 12:03:28:860 Empiezo a leer forms vdintermovim.frm
02 12:03:28:865 Termino parse forms vdintermovim.frm
02 12:03:28:865 Ejecutando interfase VDINTERMOVIM
02 12:05:28:877 Empiezo a leer forms vdintermovim.frm
02 12:05:28:882 Termino parse forms vdintermovim.frm
02 12:05:28:882 Ejecutando interfase VDINTERMOVIM
02 12:07:28:900 Empiezo a leer forms vdintermovim.frm
02 12:07:28:907 Termino parse forms vdintermovim.frm
02 12:07:28:907 Ejecutando interfase VDINTERMOVIM
02 12:09:28:922 Empiezo a leer forms vdintermovim.frm
02 12:09:28:927 Termino parse forms vdintermovim.frm
02 12:09:28:927 Ejecutando interfase VDINTERMOVIM
02 12:11:28:949 Empiezo a leer forms vdintermovim.frm
02 12:11:28:954 Termino parse forms vdintermovim.frm
02 12:11:28:955 Ejecutando interfase VDINTERMOVIM
02 12:13:28:960 Empiezo a leer forms vdintermovim.frm
02 12:13:28:967 Termino parse forms vdintermovim.frm
02 12:13:28:967 Ejecutando interfase VDINTERMOVIM

00 12:14:33:882 Fichero de log cerrado.

00 12:14:45:414 Fichero de log abierto PID 11260

02 12:14:45:415 Intentando abrir fichero v10.ini
02 12:14:45:422 Cargando driver v10oracle funcion damedriveroracle
02 12:14:46:364 Conectado a base de datos
02 12:14:46:365 Proceso ENVIOMOVIM encontrado en tabla VDPROCESOS
02 12:14:46:372 Proceso ENVIOMOVIM cargado con función interfasesalida (Librería VDINTERFASES.DLL) direccion 05C8CC80
02 12:14:46:375 PLSQL: INICIALIZADO PAQUETE DE LOG EL DIA 04-04-2022
02 12:14:46:385 Actualizado SID 627 SERIAL 62459 del proceso con PID 11260
00 12:14:46:392 Error al abrir fichero VDST.H
02 12:14:46:392 Empiezo a leer forms vdintermovim.frm
02 12:14:46:407 Termino parse forms vdintermovim.frm
02 12:14:46:410 Ejecutando interfase VDINTERMOVIM
02 12:16:46:427 Empiezo a leer forms vdintermovim.frm
02 12:16:46:434 Termino parse forms vdintermovim.frm
02 12:16:46:434 Ejecutando interfase VDINTERMOVIM
02 12:18:46:447 Empiezo a leer forms vdintermovim.frm
02 12:18:46:454 Termino parse forms vdintermovim.frm
02 12:18:46:454 Ejecutando interfase VDINTERMOVIM
02 12:20:46:469 Empiezo a leer forms vdintermovim.frm
02 12:20:46:477 Termino parse forms vdintermovim.frm
02 12:20:46:477 Ejecutando interfase VDINTERMOVIM
02 12:22:46:492 Empiezo a leer forms vdintermovim.frm
02 12:22:46:499 Termino parse forms vdintermovim.frm
02 12:22:46:500 Ejecutando interfase VDINTERMOVIM
02 12:24:46:517 Empiezo a leer forms vdintermovim.frm
02 12:24:46:520 Termino parse forms vdintermovim.frm
02 12:24:46:522 Ejecutando interfase VDINTERMOVIM
02 12:26:46:535 Empiezo a leer forms vdintermovim.frm
02 12:26:46:540 Termino parse forms vdintermovim.frm
02 12:26:46:540 Ejecutando interfase VDINTERMOVIM
02 12:28:46:550 Empiezo a leer forms vdintermovim.frm
02 12:28:46:555 Termino parse forms vdintermovim.frm
02 12:28:46:557 Ejecutando interfase VDINTERMOVIM
02 12:30:46:582 Empiezo a leer forms vdintermovim.frm
02 12:30:46:587 Termino parse forms vdintermovim.frm
02 12:30:46:589 Ejecutando interfase VDINTERMOVIM
02 12:32:46:605 Empiezo a leer forms vdintermovim.frm
02 12:32:46:612 Termino parse forms vdintermovim.frm
02 12:32:46:612 Ejecutando interfase VDINTERMOVIM
02 12:34:46:629 Empiezo a leer forms vdintermovim.frm
02 12:34:46:635 Termino parse forms vdintermovim.frm
02 12:34:46:635 Ejecutando interfase VDINTERMOVIM
02 12:36:46:647 Empiezo a leer forms vdintermovim.frm
02 12:36:46:655 Termino parse forms vdintermovim.frm
02 12:36:46:655 Ejecutando interfase VDINTERMOVIM
02 12:38:46:665 Empiezo a leer forms vdintermovim.frm
02 12:38:46:672 Termino parse forms vdintermovim.frm
02 12:38:46:672 Ejecutando interfase VDINTERMOVIM

00 12:39:53:232 Fichero de log cerrado.

00 12:39:57:349 Fichero de log abierto PID 14700

02 12:39:57:352 Intentando abrir fichero v10.ini
02 12:39:57:359 Cargando driver v10oracle funcion damedriveroracle
02 12:39:57:777 Conectado a base de datos
02 12:39:57:782 Proceso ENVIOMOVIM encontrado en tabla VDPROCESOS
02 12:39:57:787 Proceso ENVIOMOVIM cargado con función interfasesalida (Librería VDINTERFASES.DLL) direccion 064FCC80
02 12:39:57:790 PLSQL: INICIALIZADO PAQUETE DE LOG EL DIA 04-04-2022
02 12:39:57:800 Actualizado SID 253 SERIAL 33210 del proceso con PID 14700
00 12:39:57:807 Error al abrir fichero VDST.H
02 12:39:57:807 Empiezo a leer forms vdintermovim.frm
02 12:39:57:822 Termino parse forms vdintermovim.frm
02 12:39:57:822 Ejecutando interfase VDINTERMOVIM

00 12:40:52:377 Fichero de log cerrado.

00 12:40:57:760 Fichero de log abierto PID 5204

02 12:40:57:767 Intentando abrir fichero v10.ini
02 12:40:57:779 Cargando driver v10oracle funcion damedriveroracle
02 12:40:58:202 Conectado a base de datos
02 12:40:58:205 Proceso ENVIOMOVIM encontrado en tabla VDPROCESOS
02 12:40:58:210 Proceso ENVIOMOVIM cargado con función interfasesalida (Librería VDINTERFASES.DLL) direccion 05E6CC80
02 12:40:58:213 PLSQL: INICIALIZADO PAQUETE DE LOG EL DIA 04-04-2022
02 12:40:58:222 Actualizado SID 134 SERIAL 52969 del proceso con PID 5204
00 12:40:58:227 Error al abrir fichero VDST.H
02 12:40:58:229 Empiezo a leer forms vdintermovim.frm
02 12:40:58:240 Termino parse forms vdintermovim.frm
02 12:40:58:242 Ejecutando interfase VDINTERMOVIM
02 12:42:58:252 Empiezo a leer forms vdintermovim.frm
02 12:42:58:260 Termino parse forms vdintermovim.frm
02 12:42:58:260 Ejecutando interfase VDINTERMOVIM
02 12:44:58:275 Empiezo a leer forms vdintermovim.frm
02 12:44:58:279 Termino parse forms vdintermovim.frm
02 12:44:58:279 Ejecutando interfase VDINTERMOVIM
02 12:46:58:292 Empiezo a leer forms vdintermovim.frm
02 12:46:58:300 Termino parse forms vdintermovim.frm
02 12:46:58:300 Ejecutando interfase VDINTERMOVIM
02 12:48:58:315 Empiezo a leer forms vdintermovim.frm
02 12:48:58:320 Termino parse forms vdintermovim.frm
02 12:48:58:322 Ejecutando interfase VDINTERMOVIM
02 12:50:58:332 Empiezo a leer forms vdintermovim.frm
02 12:50:58:337 Termino parse forms vdintermovim.frm
02 12:50:58:339 Ejecutando interfase VDINTERMOVIM
02 12:52:58:359 Empiezo a leer forms vdintermovim.frm
02 12:52:58:364 Termino parse forms vdintermovim.frm
02 12:52:58:364 Ejecutando interfase VDINTERMOVIM
02 12:54:58:379 Empiezo a leer forms vdintermovim.frm
02 12:54:58:382 Termino parse forms vdintermovim.frm
02 12:54:58:382 Ejecutando interfase VDINTERMOVIM
02 12:56:58:404 Empiezo a leer forms vdintermovim.frm
02 12:56:58:407 Termino parse forms vdintermovim.frm
02 12:56:58:407 Ejecutando interfase VDINTERMOVIM
02 12:58:58:422 Empiezo a leer forms vdintermovim.frm
02 12:58:58:427 Termino parse forms vdintermovim.frm
02 12:58:58:427 Ejecutando interfase VDINTERMOVIM
02 13:00:58:444 Empiezo a leer forms vdintermovim.frm
02 13:00:58:447 Termino parse forms vdintermovim.frm
02 13:00:58:447 Ejecutando interfase VDINTERMOVIM
02 13:02:58:452 Empiezo a leer forms vdintermovim.frm
02 13:02:58:459 Termino parse forms vdintermovim.frm
02 13:02:58:459 Ejecutando interfase VDINTERMOVIM
02 13:04:58:467 Empiezo a leer forms vdintermovim.frm
02 13:04:58:472 Termino parse forms vdintermovim.frm
02 13:04:58:474 Ejecutando interfase VDINTERMOVIM
02 13:06:58:490 Empiezo a leer forms vdintermovim.frm
02 13:06:58:495 Termino parse forms vdintermovim.frm
02 13:06:58:495 Ejecutando interfase VDINTERMOVIM
02 13:08:58:507 Empiezo a leer forms vdintermovim.frm
02 13:08:58:514 Termino parse forms vdintermovim.frm
02 13:08:58:515 Ejecutando interfase VDINTERMOVIM
02 13:10:58:535 Empiezo a leer forms vdintermovim.frm
02 13:10:58:540 Termino parse forms vdintermovim.frm
02 13:10:58:542 Ejecutando interfase VDINTERMOVIM
02 13:12:58:554 Empiezo a leer forms vdintermovim.frm
02 13:12:58:559 Termino parse forms vdintermovim.frm
02 13:12:58:559 Ejecutando interfase VDINTERMOVIM
02 13:14:58:577 Empiezo a leer forms vdintermovim.frm
02 13:14:58:582 Termino parse forms vdintermovim.frm
02 13:14:58:582 Ejecutando interfase VDINTERMOVIM
02 13:16:58:600 Empiezo a leer forms vdintermovim.frm
02 13:16:58:605 Termino parse forms vdintermovim.frm
02 13:16:58:605 Ejecutando interfase VDINTERMOVIM
02 13:18:58:627 Empiezo a leer forms vdintermovim.frm
02 13:18:58:632 Termino parse forms vdintermovim.frm
02 13:18:58:632 Ejecutando interfase VDINTERMOVIM
02 13:20:58:650 Empiezo a leer forms vdintermovim.frm
02 13:20:58:655 Termino parse forms vdintermovim.frm
02 13:20:58:655 Ejecutando interfase VDINTERMOVIM
02 13:22:58:674 Empiezo a leer forms vdintermovim.frm
02 13:22:58:677 Termino parse forms vdintermovim.frm
02 13:22:58:679 Ejecutando interfase VDINTERMOVIM
02 13:24:58:697 Empiezo a leer forms vdintermovim.frm
02 13:24:58:702 Termino parse forms vdintermovim.frm
02 13:24:58:702 Ejecutando interfase VDINTERMOVIM
02 13:26:58:722 Empiezo a leer forms vdintermovim.frm
02 13:26:58:725 Termino parse forms vdintermovim.frm
02 13:26:58:725 Ejecutando interfase VDINTERMOVIM
02 13:28:58:747 Empiezo a leer forms vdintermovim.frm
02 13:28:58:752 Termino parse forms vdintermovim.frm
02 13:28:58:752 Ejecutando interfase VDINTERMOVIM
02 13:30:58:772 Empiezo a leer forms vdintermovim.frm
02 13:30:58:777 Termino parse forms vdintermovim.frm
02 13:30:58:777 Ejecutando interfase VDINTERMOVIM
02 13:32:58:792 Empiezo a leer forms vdintermovim.frm
02 13:32:58:797 Termino parse forms vdintermovim.frm
02 13:32:58:797 Ejecutando interfase VDINTERMOVIM
02 13:34:58:805 Empiezo a leer forms vdintermovim.frm
02 13:34:58:810 Termino parse forms vdintermovim.frm
02 13:34:58:810 Ejecutando interfase VDINTERMOVIM
02 13:36:58:835 Empiezo a leer forms vdintermovim.frm
02 13:36:58:839 Termino parse forms vdintermovim.frm
02 13:36:58:839 Ejecutando interfase VDINTERMOVIM
02 13:38:58:855 Empiezo a leer forms vdintermovim.frm
02 13:38:58:859 Termino parse forms vdintermovim.frm
02 13:38:58:859 Ejecutando interfase VDINTERMOVIM
02 13:40:58:879 Empiezo a leer forms vdintermovim.frm
02 13:40:58:885 Termino parse forms vdintermovim.frm
02 13:40:58:885 Ejecutando interfase VDINTERMOVIM
02 13:42:58:894 Empiezo a leer forms vdintermovim.frm
02 13:42:58:899 Termino parse forms vdintermovim.frm
02 13:42:58:899 Ejecutando interfase VDINTERMOVIM
02 13:44:58:917 Empiezo a leer forms vdintermovim.frm
02 13:44:58:922 Termino parse forms vdintermovim.frm
02 13:44:58:922 Ejecutando interfase VDINTERMOVIM
02 13:46:58:940 Empiezo a leer forms vdintermovim.frm
02 13:46:58:945 Termino parse forms vdintermovim.frm
02 13:46:58:945 Ejecutando interfase VDINTERMOVIM
02 13:48:58:962 Empiezo a leer forms vdintermovim.frm
02 13:48:58:965 Termino parse forms vdintermovim.frm
02 13:48:58:967 Ejecutando interfase VDINTERMOVIM
02 13:50:58:980 Empiezo a leer forms vdintermovim.frm
02 13:50:58:984 Termino parse forms vdintermovim.frm
02 13:50:58:984 Ejecutando interfase VDINTERMOVIM
02 13:52:58:994 Empiezo a leer forms vdintermovim.frm
02 13:52:58:997 Termino parse forms vdintermovim.frm
02 13:52:58:997 Ejecutando interfase VDINTERMOVIM
02 13:54:59:017 Empiezo a leer forms vdintermovim.frm
02 13:54:59:022 Termino parse forms vdintermovim.frm
02 13:54:59:022 Ejecutando interfase VDINTERMOVIM
02 13:56:59:032 Empiezo a leer forms vdintermovim.frm
02 13:56:59:037 Termino parse forms vdintermovim.frm
02 13:56:59:037 Ejecutando interfase VDINTERMOVIM
02 13:58:59:050 Empiezo a leer forms vdintermovim.frm
02 13:58:59:055 Termino parse forms vdintermovim.frm
02 13:58:59:055 Ejecutando interfase VDINTERMOVIM
02 14:00:59:062 Empiezo a leer forms vdintermovim.frm
02 14:00:59:065 Termino parse forms vdintermovim.frm
02 14:00:59:065 Ejecutando interfase VDINTERMOVIM
02 14:02:59:084 Empiezo a leer forms vdintermovim.frm
02 14:02:59:087 Termino parse forms vdintermovim.frm
02 14:02:59:089 Ejecutando interfase VDINTERMOVIM
02 14:04:59:102 Empiezo a leer forms vdintermovim.frm
02 14:04:59:105 Termino parse forms vdintermovim.frm
02 14:04:59:107 Ejecutando interfase VDINTERMOVIM
02 14:06:59:115 Empiezo a leer forms vdintermovim.frm
02 14:06:59:119 Termino parse forms vdintermovim.frm
02 14:06:59:120 Ejecutando interfase VDINTERMOVIM
02 14:08:59:134 Empiezo a leer forms vdintermovim.frm
02 14:08:59:140 Termino parse forms vdintermovim.frm
02 14:08:59:140 Ejecutando interfase VDINTERMOVIM
02 14:10:59:162 Empiezo a leer forms vdintermovim.frm
02 14:10:59:167 Termino parse forms vdintermovim.frm
02 14:10:59:167 Ejecutando interfase VDINTERMOVIM
02 14:12:59:177 Empiezo a leer forms vdintermovim.frm
02 14:12:59:180 Termino parse forms vdintermovim.frm
02 14:12:59:182 Ejecutando interfase VDINTERMOVIM
02 14:14:59:195 Empiezo a leer forms vdintermovim.frm
02 14:14:59:200 Termino parse forms vdintermovim.frm
02 14:14:59:200 Ejecutando interfase VDINTERMOVIM
02 14:16:59:215 Empiezo a leer forms vdintermovim.frm
02 14:16:59:220 Termino parse forms vdintermovim.frm
02 14:16:59:220 Ejecutando interfase VDINTERMOVIM
02 14:18:59:245 Empiezo a leer forms vdintermovim.frm
02 14:18:59:250 Termino parse forms vdintermovim.frm
02 14:18:59:250 Ejecutando interfase VDINTERMOVIM
02 14:20:59:269 Empiezo a leer forms vdintermovim.frm
02 14:20:59:272 Termino parse forms vdintermovim.frm
02 14:20:59:274 Ejecutando interfase VDINTERMOVIM
02 14:22:59:290 Empiezo a leer forms vdintermovim.frm
02 14:22:59:295 Termino parse forms vdintermovim.frm
02 14:22:59:295 Ejecutando interfase VDINTERMOVIM
02 14:24:59:317 Empiezo a leer forms vdintermovim.frm
02 14:24:59:317 Termino parse forms vdintermovim.frm
02 14:24:59:317 Ejecutando interfase VDINTERMOVIM
02 14:26:59:342 Empiezo a leer forms vdintermovim.frm
02 14:26:59:342 Termino parse forms vdintermovim.frm
02 14:26:59:342 Ejecutando interfase VDINTERMOVIM
02 14:28:59:369 Empiezo a leer forms vdintermovim.frm
02 14:28:59:375 Termino parse forms vdintermovim.frm
02 14:28:59:375 Ejecutando interfase VDINTERMOVIM
02 14:30:59:397 Empiezo a leer forms vdintermovim.frm
02 14:30:59:402 Termino parse forms vdintermovim.frm
02 14:30:59:402 Ejecutando interfase VDINTERMOVIM
02 14:32:59:417 Empiezo a leer forms vdintermovim.frm
02 14:32:59:422 Termino parse forms vdintermovim.frm
02 14:32:59:422 Ejecutando interfase VDINTERMOVIM
02 14:34:59:442 Empiezo a leer forms vdintermovim.frm
02 14:34:59:447 Termino parse forms vdintermovim.frm
02 14:34:59:447 Ejecutando interfase VDINTERMOVIM
02 14:36:59:465 Empiezo a leer forms vdintermovim.frm
02 14:36:59:467 Termino parse forms vdintermovim.frm
02 14:36:59:467 Ejecutando interfase VDINTERMOVIM
02 14:38:59:479 Empiezo a leer forms vdintermovim.frm
02 14:38:59:484 Termino parse forms vdintermovim.frm
02 14:38:59:485 Ejecutando interfase VDINTERMOVIM
02 14:40:59:495 Empiezo a leer forms vdintermovim.frm
02 14:40:59:500 Termino parse forms vdintermovim.frm
02 14:40:59:500 Ejecutando interfase VDINTERMOVIM
02 14:42:59:514 Empiezo a leer forms vdintermovim.frm
02 14:42:59:517 Termino parse forms vdintermovim.frm
02 14:42:59:517 Ejecutando interfase VDINTERMOVIM
02 14:44:59:537 Empiezo a leer forms vdintermovim.frm
02 14:44:59:542 Termino parse forms vdintermovim.frm
02 14:44:59:542 Ejecutando interfase VDINTERMOVIM
02 14:46:59:550 Empiezo a leer forms vdintermovim.frm
02 14:46:59:552 Termino parse forms vdintermovim.frm
02 14:46:59:552 Ejecutando interfase VDINTERMOVIM
02 14:48:59:570 Empiezo a leer forms vdintermovim.frm
02 14:48:59:575 Termino parse forms vdintermovim.frm
02 14:48:59:575 Ejecutando interfase VDINTERMOVIM
02 14:50:59:582 Empiezo a leer forms vdintermovim.frm
02 14:50:59:587 Termino parse forms vdintermovim.frm
02 14:50:59:587 Ejecutando interfase VDINTERMOVIM
02 15:04:56:135 Empiezo a leer forms vdintermovim.frm
02 15:04:56:137 Termino parse forms vdintermovim.frm
02 15:04:56:137 Ejecutando interfase VDINTERMOVIM
02 15:44:52:195 Empiezo a leer forms vdintermovim.frm
02 15:44:52:200 Termino parse forms vdintermovim.frm
02 15:44:52:200 Ejecutando interfase VDINTERMOVIM
02 15:46:52:220 Empiezo a leer forms vdintermovim.frm
02 15:46:52:222 Termino parse forms vdintermovim.frm
02 15:46:52:222 Ejecutando interfase VDINTERMOVIM
02 15:48:52:234 Empiezo a leer forms vdintermovim.frm
02 15:48:52:237 Termino parse forms vdintermovim.frm
02 15:48:52:237 Ejecutando interfase VDINTERMOVIM
02 15:50:52:257 Empiezo a leer forms vdintermovim.frm
02 15:50:52:260 Termino parse forms vdintermovim.frm
02 15:50:52:260 Ejecutando interfase VDINTERMOVIM
02 15:52:52:277 Empiezo a leer forms vdintermovim.frm
02 15:52:52:282 Termino parse forms vdintermovim.frm
02 15:52:52:282 Ejecutando interfase VDINTERMOVIM
02 15:54:52:292 Empiezo a leer forms vdintermovim.frm
02 15:54:52:300 Termino parse forms vdintermovim.frm
02 15:54:52:300 Ejecutando interfase VDINTERMOVIM
02 15:56:52:322 Empiezo a leer forms vdintermovim.frm
02 15:56:52:327 Termino parse forms vdintermovim.frm
02 15:56:52:327 Ejecutando interfase VDINTERMOVIM
02 15:58:52:395 Empiezo a leer forms vdintermovim.frm
02 15:58:52:400 Termino parse forms vdintermovim.frm
02 15:58:52:400 Ejecutando interfase VDINTERMOVIM
02 16:00:52:410 Empiezo a leer forms vdintermovim.frm
02 16:00:52:417 Termino parse forms vdintermovim.frm
02 16:00:52:417 Ejecutando interfase VDINTERMOVIM
02 16:02:52:435 Empiezo a leer forms vdintermovim.frm
02 16:02:52:440 Termino parse forms vdintermovim.frm
02 16:02:52:440 Ejecutando interfase VDINTERMOVIM
02 16:04:52:452 Empiezo a leer forms vdintermovim.frm
02 16:04:52:460 Termino parse forms vdintermovim.frm
02 16:04:52:460 Ejecutando interfase VDINTERMOVIM
02 16:06:52:477 Empiezo a leer forms vdintermovim.frm
02 16:06:52:482 Termino parse forms vdintermovim.frm
02 16:06:52:482 Ejecutando interfase VDINTERMOVIM
02 16:08:52:490 Empiezo a leer forms vdintermovim.frm
02 16:08:52:494 Termino parse forms vdintermovim.frm
02 16:08:52:494 Ejecutando interfase VDINTERMOVIM
02 16:10:52:514 Empiezo a leer forms vdintermovim.frm
02 16:10:52:517 Termino parse forms vdintermovim.frm
02 16:10:52:517 Ejecutando interfase VDINTERMOVIM
02 16:12:52:525 Empiezo a leer forms vdintermovim.frm
02 16:12:52:527 Termino parse forms vdintermovim.frm
02 16:12:52:529 Ejecutando interfase VDINTERMOVIM
02 16:14:52:545 Empiezo a leer forms vdintermovim.frm
02 16:14:52:549 Termino parse forms vdintermovim.frm
02 16:14:52:549 Ejecutando interfase VDINTERMOVIM
02 16:16:52:570 Empiezo a leer forms vdintermovim.frm
02 16:16:52:575 Termino parse forms vdintermovim.frm
02 16:16:52:575 Ejecutando interfase VDINTERMOVIM
02 16:18:52:592 Empiezo a leer forms vdintermovim.frm
02 16:18:52:597 Termino parse forms vdintermovim.frm
02 16:18:52:597 Ejecutando interfase VDINTERMOVIM
02 16:20:52:617 Empiezo a leer forms vdintermovim.frm
02 16:20:52:622 Termino parse forms vdintermovim.frm
02 16:20:52:622 Ejecutando interfase VDINTERMOVIM
02 16:22:52:632 Empiezo a leer forms vdintermovim.frm
02 16:22:52:637 Termino parse forms vdintermovim.frm
02 16:22:52:637 Ejecutando interfase VDINTERMOVIM
02 16:24:52:650 Empiezo a leer forms vdintermovim.frm
02 16:24:52:657 Termino parse forms vdintermovim.frm
02 16:24:52:657 Ejecutando interfase VDINTERMOVIM
02 16:26:52:679 Empiezo a leer forms vdintermovim.frm
02 16:26:52:684 Termino parse forms vdintermovim.frm
02 16:26:52:684 Ejecutando interfase VDINTERMOVIM
02 16:28:52:697 Empiezo a leer forms vdintermovim.frm
02 16:28:52:699 Termino parse forms vdintermovim.frm
02 16:28:52:700 Ejecutando interfase VDINTERMOVIM
02 16:30:52:710 Empiezo a leer forms vdintermovim.frm
02 16:30:52:715 Termino parse forms vdintermovim.frm
02 16:30:52:717 Ejecutando interfase VDINTERMOVIM
02 16:32:52:732 Empiezo a leer forms vdintermovim.frm
02 16:32:52:737 Termino parse forms vdintermovim.frm
02 16:32:52:739 Ejecutando interfase VDINTERMOVIM
02 16:34:52:760 Empiezo a leer forms vdintermovim.frm
02 16:34:52:765 Termino parse forms vdintermovim.frm
02 16:34:52:765 Ejecutando interfase VDINTERMOVIM
02 16:36:52:784 Empiezo a leer forms vdintermovim.frm
02 16:36:52:789 Termino parse forms vdintermovim.frm
02 16:36:52:789 Ejecutando interfase VDINTERMOVIM
02 16:38:52:804 Empiezo a leer forms vdintermovim.frm
02 16:38:52:809 Termino parse forms vdintermovim.frm
02 16:38:52:809 Ejecutando interfase VDINTERMOVIM
02 16:40:52:830 Empiezo a leer forms vdintermovim.frm
02 16:40:52:835 Termino parse forms vdintermovim.frm
02 16:40:52:835 Ejecutando interfase VDINTERMOVIM
02 16:42:52:849 Empiezo a leer forms vdintermovim.frm
02 16:42:52:854 Termino parse forms vdintermovim.frm
02 16:42:52:854 Ejecutando interfase VDINTERMOVIM
02 16:44:52:870 Empiezo a leer forms vdintermovim.frm
02 16:44:52:875 Termino parse forms vdintermovim.frm
02 16:44:52:875 Ejecutando interfase VDINTERMOVIM
02 16:46:52:895 Empiezo a leer forms vdintermovim.frm
02 16:46:52:899 Termino parse forms vdintermovim.frm
02 16:46:52:899 Ejecutando interfase VDINTERMOVIM
02 16:48:52:920 Empiezo a leer forms vdintermovim.frm
02 16:48:52:925 Termino parse forms vdintermovim.frm
02 16:48:52:925 Ejecutando interfase VDINTERMOVIM
02 16:50:52:935 Empiezo a leer forms vdintermovim.frm
02 16:50:52:939 Termino parse forms vdintermovim.frm
02 16:50:52:939 Ejecutando interfase VDINTERMOVIM
02 16:52:52:959 Empiezo a leer forms vdintermovim.frm
02 16:52:52:962 Termino parse forms vdintermovim.frm
02 16:52:52:962 Ejecutando interfase VDINTERMOVIM
02 16:54:52:977 Empiezo a leer forms vdintermovim.frm
02 16:54:52:982 Termino parse forms vdintermovim.frm
02 16:54:52:984 Ejecutando interfase VDINTERMOVIM
02 16:56:52:992 Empiezo a leer forms vdintermovim.frm
02 16:56:52:995 Termino parse forms vdintermovim.frm
02 16:56:52:997 Ejecutando interfase VDINTERMOVIM
02 16:58:53:012 Empiezo a leer forms vdintermovim.frm
02 16:58:53:017 Termino parse forms vdintermovim.frm
02 16:58:53:017 Ejecutando interfase VDINTERMOVIM
02 17:00:53:029 Empiezo a leer forms vdintermovim.frm
02 17:00:53:032 Termino parse forms vdintermovim.frm
02 17:00:53:034 Ejecutando interfase VDINTERMOVIM
02 17:02:53:042 Empiezo a leer forms vdintermovim.frm
02 17:02:53:047 Termino parse forms vdintermovim.frm
02 17:02:53:047 Ejecutando interfase VDINTERMOVIM
02 17:04:53:064 Empiezo a leer forms vdintermovim.frm
02 17:04:53:067 Termino parse forms vdintermovim.frm
02 17:04:53:067 Ejecutando interfase VDINTERMOVIM
02 17:06:53:085 Empiezo a leer forms vdintermovim.frm
02 17:06:53:092 Termino parse forms vdintermovim.frm
02 17:06:53:092 Ejecutando interfase VDINTERMOVIM
02 17:08:53:110 Empiezo a leer forms vdintermovim.frm
02 17:08:53:114 Termino parse forms vdintermovim.frm
02 17:08:53:114 Ejecutando interfase VDINTERMOVIM
02 17:10:53:130 Empiezo a leer forms vdintermovim.frm
02 17:10:53:135 Termino parse forms vdintermovim.frm
02 17:10:53:137 Ejecutando interfase VDINTERMOVIM
02 17:12:53:155 Empiezo a leer forms vdintermovim.frm
02 17:12:53:160 Termino parse forms vdintermovim.frm
02 17:12:53:160 Ejecutando interfase VDINTERMOVIM

00 17:13:21:680 Fichero de log cerrado.

00 17:13:27:115 Fichero de log abierto PID 16140

02 17:13:27:117 Intentando abrir fichero v10.ini
02 17:13:27:124 Cargando driver v10oracle funcion damedriveroracle
02 17:13:27:937 Conectado a base de datos
02 17:13:27:937 Proceso ENVIOMOVIM encontrado en tabla VDPROCESOS
02 17:13:27:945 Proceso ENVIOMOVIM cargado con función interfasesalida (Librería VDINTERFASES.DLL) direccion 0673CC80
02 17:13:27:948 PLSQL: INICIALIZADO PAQUETE DE LOG EL DIA 04-04-2022
02 17:13:27:962 Actualizado SID 753 SERIAL 26501 del proceso con PID 16140
00 17:13:27:969 Error al abrir fichero VDST.H
02 17:13:27:970 Empiezo a leer forms vdintermovim.frm
02 17:13:27:985 Termino parse forms vdintermovim.frm
02 17:13:27:985 Ejecutando interfase VDINTERMOVIM
02 17:15:28:000 Empiezo a leer forms vdintermovim.frm
02 17:15:28:007 Termino parse forms vdintermovim.frm
02 17:15:28:007 Ejecutando interfase VDINTERMOVIM
02 17:17:28:032 Empiezo a leer forms vdintermovim.frm
02 17:17:28:035 Termino parse forms vdintermovim.frm
02 17:17:28:035 Ejecutando interfase VDINTERMOVIM
02 17:19:28:055 Empiezo a leer forms vdintermovim.frm
02 17:19:28:062 Termino parse forms vdintermovim.frm
02 17:19:28:064 Ejecutando interfase VDINTERMOVIM
02 17:21:28:075 Empiezo a leer forms vdintermovim.frm
02 17:21:28:077 Termino parse forms vdintermovim.frm
02 17:21:28:077 Ejecutando interfase VDINTERMOVIM
02 17:23:28:092 Empiezo a leer forms vdintermovim.frm
02 17:23:28:095 Termino parse forms vdintermovim.frm
02 17:23:28:097 Ejecutando interfase VDINTERMOVIM
02 17:25:28:112 Empiezo a leer forms vdintermovim.frm
02 17:25:28:117 Termino parse forms vdintermovim.frm
02 17:25:28:117 Ejecutando interfase VDINTERMOVIM
02 17:27:28:139 Empiezo a leer forms vdintermovim.frm
02 17:27:28:142 Termino parse forms vdintermovim.frm
02 17:27:28:142 Ejecutando interfase VDINTERMOVIM
02 17:29:28:155 Empiezo a leer forms vdintermovim.frm
02 17:29:28:160 Termino parse forms vdintermovim.frm
02 17:29:28:160 Ejecutando interfase VDINTERMOVIM
02 17:31:28:170 Empiezo a leer forms vdintermovim.frm
02 17:31:28:174 Termino parse forms vdintermovim.frm
02 17:31:28:174 Ejecutando interfase VDINTERMOVIM
02 17:33:28:182 Empiezo a leer forms vdintermovim.frm
02 17:33:28:189 Termino parse forms vdintermovim.frm
02 17:33:28:189 Ejecutando interfase VDINTERMOVIM
02 17:35:28:199 Empiezo a leer forms vdintermovim.frm
02 17:35:28:202 Termino parse forms vdintermovim.frm
02 17:35:28:204 Ejecutando interfase VDINTERMOVIM
02 17:37:28:217 Empiezo a leer forms vdintermovim.frm
02 17:37:28:224 Termino parse forms vdintermovim.frm
02 17:37:28:224 Ejecutando interfase VDINTERMOVIM
02 17:39:28:239 Empiezo a leer forms vdintermovim.frm
02 17:39:28:242 Termino parse forms vdintermovim.frm
02 17:39:28:245 Ejecutando interfase VDINTERMOVIM
02 17:41:28:264 Empiezo a leer forms vdintermovim.frm
02 17:41:28:267 Termino parse forms vdintermovim.frm
02 17:41:28:267 Ejecutando interfase VDINTERMOVIM
02 17:43:28:284 Empiezo a leer forms vdintermovim.frm
02 17:43:28:287 Termino parse forms vdintermovim.frm
02 17:43:28:287 Ejecutando interfase VDINTERMOVIM
02 17:45:28:307 Empiezo a leer forms vdintermovim.frm
02 17:45:28:310 Termino parse forms vdintermovim.frm
02 17:45:28:310 Ejecutando interfase VDINTERMOVIM
02 17:47:28:317 Empiezo a leer forms vdintermovim.frm
02 17:47:28:322 Termino parse forms vdintermovim.frm
02 17:47:28:324 Ejecutando interfase VDINTERMOVIM
02 17:49:28:335 Empiezo a leer forms vdintermovim.frm
02 17:49:28:339 Termino parse forms vdintermovim.frm
02 17:49:28:340 Ejecutando interfase VDINTERMOVIM
02 17:51:28:352 Empiezo a leer forms vdintermovim.frm
02 17:51:28:357 Termino parse forms vdintermovim.frm
02 17:51:28:357 Ejecutando interfase VDINTERMOVIM
02 17:53:28:375 Empiezo a leer forms vdintermovim.frm
02 17:53:28:380 Termino parse forms vdintermovim.frm
02 17:53:28:380 Ejecutando interfase VDINTERMOVIM
02 17:55:28:392 Empiezo a leer forms vdintermovim.frm
02 17:55:28:397 Termino parse forms vdintermovim.frm
02 17:55:28:397 Ejecutando interfase VDINTERMOVIM
02 17:57:28:417 Empiezo a leer forms vdintermovim.frm
02 17:57:28:425 Termino parse forms vdintermovim.frm
02 17:57:28:425 Ejecutando interfase VDINTERMOVIM

00 17:58:21:365 Fichero de log cerrado.

