00 14:47:31:695 Fichero de log abierto PID 4816

02 14:47:31:695 Intentando abrir fichero v10.ini
02 14:47:31:704 Cargando driver v10oracle funcion damedriveroracle
02 14:47:32:280 Conectado a base de datos
02 14:47:32:280 Proceso ENVIOMOVIM encontrado en tabla VDPROCESOS
02 14:47:33:255 Proceso ENVIOMOVIM cargado con función interfasesalida (Librería VDINTERFASES.DLL) direccion 06A7CC80
02 14:47:33:256 PLSQL: INICIALIZADO PAQUETE DE LOG EL DIA 23-06-2022
02 14:47:33:275 Actualizado SID 634 SERIAL 52518 del proceso con PID 4816
00 14:47:33:275 Error al abrir fichero VDST.H
02 14:47:33:285 Empiezo a leer forms vdintermovim.frm
02 14:47:33:315 Termino parse forms vdintermovim.frm
02 14:47:33:315 Ejecutando interfase VDINTERMOVIM
02 14:49:33:362 Empiezo a leer forms vdintermovim.frm
02 14:49:33:362 Termino parse forms vdintermovim.frm
02 14:49:33:362 Ejecutando interfase VDINTERMOVIM
02 14:51:33:387 Empiezo a leer forms vdintermovim.frm
02 14:51:33:387 Termino parse forms vdintermovim.frm
02 14:51:33:387 Ejecutando interfase VDINTERMOVIM
02 14:53:33:405 Empiezo a leer forms vdintermovim.frm
02 14:53:33:405 Termino parse forms vdintermovim.frm
02 14:53:33:405 Ejecutando interfase VDINTERMOVIM
02 14:55:33:440 Empiezo a leer forms vdintermovim.frm
02 14:55:33:444 Termino parse forms vdintermovim.frm
02 14:55:33:444 Ejecutando interfase VDINTERMOVIM
02 14:57:33:457 Empiezo a leer forms vdintermovim.frm
02 14:57:33:464 Termino parse forms vdintermovim.frm
02 14:57:33:464 Ejecutando interfase VDINTERMOVIM
02 14:59:33:477 Empiezo a leer forms vdintermovim.frm
02 14:59:33:482 Termino parse forms vdintermovim.frm
02 14:59:33:482 Ejecutando interfase VDINTERMOVIM
02 15:01:33:497 Empiezo a leer forms vdintermovim.frm
02 15:01:33:502 Termino parse forms vdintermovim.frm
02 15:01:33:502 Ejecutando interfase VDINTERMOVIM
02 15:03:33:517 Empiezo a leer forms vdintermovim.frm
02 15:03:33:520 Termino parse forms vdintermovim.frm
02 15:03:33:520 Ejecutando interfase VDINTERMOVIM
02 15:05:33:540 Empiezo a leer forms vdintermovim.frm
02 15:05:33:549 Termino parse forms vdintermovim.frm
02 15:05:33:549 Ejecutando interfase VDINTERMOVIM
02 15:07:33:557 Empiezo a leer forms vdintermovim.frm
02 15:07:33:565 Termino parse forms vdintermovim.frm
02 15:07:33:565 Ejecutando interfase VDINTERMOVIM
02 15:09:33:579 Empiezo a leer forms vdintermovim.frm
02 15:09:33:585 Termino parse forms vdintermovim.frm
02 15:09:33:585 Ejecutando interfase VDINTERMOVIM
00 16:16:47:450 Programa finaliza por Error Oracle Fatal 3135 en cursor
	SELPROEJECUTAINMEDIATO

00 16:16:47:810 Fichero de log cerrado.

00 16:19:02:855 Fichero de log abierto PID 1308

02 16:19:02:857 Intentando abrir fichero v10.ini
02 16:19:02:860 Cargando driver v10oracle funcion damedriveroracle
02 16:19:03:485 Conectado a base de datos
02 16:19:03:487 Proceso ENVIOMOVIM encontrado en tabla VDPROCESOS
02 16:19:03:492 Proceso ENVIOMOVIM cargado con función interfasesalida (Librería VDINTERFASES.DLL) direccion 067BCC80
02 16:19:03:493 PLSQL: INICIALIZADO PAQUETE DE LOG EL DIA 23-06-2022
02 16:19:03:510 Actualizado SID 129 SERIAL 61394 del proceso con PID 1308
00 16:19:03:515 Error al abrir fichero VDST.H
02 16:19:03:517 Empiezo a leer forms vdintermovim.frm
02 16:19:03:527 Termino parse forms vdintermovim.frm
02 16:19:03:529 Ejecutando interfase VDINTERMOVIM
02 16:21:03:542 Empiezo a leer forms vdintermovim.frm
02 16:21:03:545 Termino parse forms vdintermovim.frm
02 16:21:03:545 Ejecutando interfase VDINTERMOVIM
02 16:23:03:555 Empiezo a leer forms vdintermovim.frm
02 16:23:03:564 Termino parse forms vdintermovim.frm
02 16:23:03:564 Ejecutando interfase VDINTERMOVIM
02 16:25:03:577 Empiezo a leer forms vdintermovim.frm
02 16:25:03:584 Termino parse forms vdintermovim.frm
02 16:25:03:584 Ejecutando interfase VDINTERMOVIM
02 16:27:03:600 Empiezo a leer forms vdintermovim.frm
02 16:27:03:607 Termino parse forms vdintermovim.frm
02 16:27:03:607 Ejecutando interfase VDINTERMOVIM
02 16:29:03:625 Empiezo a leer forms vdintermovim.frm
02 16:29:03:630 Termino parse forms vdintermovim.frm
02 16:29:03:632 Ejecutando interfase VDINTERMOVIM
02 16:31:03:637 Empiezo a leer forms vdintermovim.frm
02 16:31:03:645 Termino parse forms vdintermovim.frm
02 16:31:03:645 Ejecutando interfase VDINTERMOVIM
02 16:33:03:657 Empiezo a leer forms vdintermovim.frm
02 16:33:03:662 Termino parse forms vdintermovim.frm
02 16:33:03:662 Ejecutando interfase VDINTERMOVIM
02 16:35:03:689 Empiezo a leer forms vdintermovim.frm
02 16:35:03:692 Termino parse forms vdintermovim.frm
02 16:35:03:692 Ejecutando interfase VDINTERMOVIM

00 16:36:14:754 Fichero de log cerrado.

00 16:37:29:999 Fichero de log abierto PID 5648

02 16:37:30:002 Intentando abrir fichero v10.ini
02 16:37:30:007 Cargando driver v10oracle funcion damedriveroracle
02 16:37:30:599 Conectado a base de datos
02 16:37:30:600 Proceso ENVIOMOVIM encontrado en tabla VDPROCESOS
02 16:37:30:605 Proceso ENVIOMOVIM cargado con función interfasesalida (Librería VDINTERFASES.DLL) direccion 0537CC80
02 16:37:30:607 PLSQL: INICIALIZADO PAQUETE DE LOG EL DIA 23-06-2022
02 16:37:30:615 Actualizado SID 13 SERIAL 34543 del proceso con PID 5648
00 16:37:30:620 Error al abrir fichero VDST.H
02 16:37:30:620 Empiezo a leer forms vdintermovim.frm
02 16:37:30:632 Termino parse forms vdintermovim.frm
02 16:37:30:632 Ejecutando interfase VDINTERMOVIM
02 16:39:30:640 Empiezo a leer forms vdintermovim.frm
02 16:39:30:647 Termino parse forms vdintermovim.frm
02 16:39:30:647 Ejecutando interfase VDINTERMOVIM
02 16:41:30:665 Empiezo a leer forms vdintermovim.frm
02 16:41:30:670 Termino parse forms vdintermovim.frm
02 16:41:30:670 Ejecutando interfase VDINTERMOVIM
02 16:43:30:690 Empiezo a leer forms vdintermovim.frm
02 16:43:30:695 Termino parse forms vdintermovim.frm
02 16:43:30:697 Ejecutando interfase VDINTERMOVIM
02 16:45:30:710 Empiezo a leer forms vdintermovim.frm
02 16:45:30:717 Termino parse forms vdintermovim.frm
02 16:45:30:717 Ejecutando interfase VDINTERMOVIM
02 16:47:30:735 Empiezo a leer forms vdintermovim.frm
02 16:47:30:740 Termino parse forms vdintermovim.frm
02 16:47:30:740 Ejecutando interfase VDINTERMOVIM
02 16:49:30:752 Empiezo a leer forms vdintermovim.frm
02 16:49:30:757 Termino parse forms vdintermovim.frm
02 16:49:30:757 Ejecutando interfase VDINTERMOVIM
02 16:51:30:782 Empiezo a leer forms vdintermovim.frm
02 16:51:30:790 Termino parse forms vdintermovim.frm
02 16:51:30:790 Ejecutando interfase VDINTERMOVIM

00 16:52:15:362 Fichero de log cerrado.

00 16:52:30:035 Fichero de log abierto PID 13508

02 16:52:30:035 Intentando abrir fichero v10.ini
02 16:52:30:067 Cargando driver v10oracle funcion damedriveroracle
02 16:52:30:699 Conectado a base de datos
02 16:52:30:700 Proceso ENVIOMOVIM encontrado en tabla VDPROCESOS
02 16:52:30:705 Proceso ENVIOMOVIM cargado con función interfasesalida (Librería VDINTERFASES.DLL) direccion 064ECC80
02 16:52:30:708 PLSQL: INICIALIZADO PAQUETE DE LOG EL DIA 23-06-2022
02 16:52:30:717 Actualizado SID 510 SERIAL 18439 del proceso con PID 13508
00 16:52:30:722 Error al abrir fichero VDST.H
02 16:52:30:724 Empiezo a leer forms vdintermovim.frm
02 16:52:30:737 Termino parse forms vdintermovim.frm
02 16:52:30:737 Ejecutando interfase VDINTERMOVIM
02 16:54:30:744 Empiezo a leer forms vdintermovim.frm
02 16:54:30:745 Termino parse forms vdintermovim.frm
02 16:54:30:745 Ejecutando interfase VDINTERMOVIM
02 16:56:30:757 Empiezo a leer forms vdintermovim.frm
02 16:56:30:760 Termino parse forms vdintermovim.frm
02 16:56:30:762 Ejecutando interfase VDINTERMOVIM
02 16:58:30:780 Empiezo a leer forms vdintermovim.frm
02 16:58:30:782 Termino parse forms vdintermovim.frm
02 16:58:30:782 Ejecutando interfase VDINTERMOVIM
02 17:00:30:792 Empiezo a leer forms vdintermovim.frm
02 17:00:30:797 Termino parse forms vdintermovim.frm
02 17:00:30:797 Ejecutando interfase VDINTERMOVIM
02 17:02:30:810 Empiezo a leer forms vdintermovim.frm
02 17:02:30:817 Termino parse forms vdintermovim.frm
02 17:02:30:817 Ejecutando interfase VDINTERMOVIM
02 17:04:30:827 Empiezo a leer forms vdintermovim.frm
02 17:04:30:830 Termino parse forms vdintermovim.frm
02 17:04:30:830 Ejecutando interfase VDINTERMOVIM
02 17:06:30:844 Empiezo a leer forms vdintermovim.frm
02 17:06:30:847 Termino parse forms vdintermovim.frm
02 17:06:30:847 Ejecutando interfase VDINTERMOVIM

00 17:06:53:494 Fichero de log cerrado.

00 17:07:20:807 Fichero de log abierto PID 2344

02 17:07:20:809 Intentando abrir fichero v10.ini
02 17:07:20:812 Cargando driver v10oracle funcion damedriveroracle
02 17:07:21:397 Conectado a base de datos
02 17:07:21:402 Proceso ENVIOMOVIM encontrado en tabla VDPROCESOS
02 17:07:21:405 Proceso ENVIOMOVIM cargado con función interfasesalida (Librería VDINTERFASES.DLL) direccion 062ECC80
02 17:07:21:409 PLSQL: INICIALIZADO PAQUETE DE LOG EL DIA 23-06-2022
02 17:07:21:419 Actualizado SID 636 SERIAL 9546 del proceso con PID 2344
00 17:07:21:424 Error al abrir fichero VDST.H
02 17:07:21:425 Empiezo a leer forms vdintermovim.frm
02 17:07:21:439 Termino parse forms vdintermovim.frm
02 17:07:21:439 Ejecutando interfase VDINTERMOVIM
02 17:09:21:447 Empiezo a leer forms vdintermovim.frm
02 17:09:21:452 Termino parse forms vdintermovim.frm
02 17:09:21:452 Ejecutando interfase VDINTERMOVIM
02 17:11:21:469 Empiezo a leer forms vdintermovim.frm
02 17:11:21:469 Termino parse forms vdintermovim.frm
02 17:11:21:469 Ejecutando interfase VDINTERMOVIM
02 17:13:21:497 Empiezo a leer forms vdintermovim.frm
02 17:13:21:505 Termino parse forms vdintermovim.frm
02 17:13:21:505 Ejecutando interfase VDINTERMOVIM
02 17:15:21:530 Empiezo a leer forms vdintermovim.frm
02 17:15:21:530 Termino parse forms vdintermovim.frm
02 17:15:21:530 Ejecutando interfase VDINTERMOVIM
02 17:17:21:559 Empiezo a leer forms vdintermovim.frm
02 17:17:21:562 Termino parse forms vdintermovim.frm
02 17:17:21:562 Ejecutando interfase VDINTERMOVIM

00 17:17:38:190 Fichero de log cerrado.

00 17:17:45:217 Fichero de log abierto PID 1400

02 17:17:45:220 Intentando abrir fichero v10.ini
02 17:17:45:224 Cargando driver v10oracle funcion damedriveroracle
02 17:17:45:665 Conectado a base de datos
02 17:17:45:667 Proceso ENVIOMOVIM encontrado en tabla VDPROCESOS
02 17:17:45:672 Proceso ENVIOMOVIM cargado con función interfasesalida (Librería VDINTERFASES.DLL) direccion 0650CC80
02 17:17:45:675 PLSQL: INICIALIZADO PAQUETE DE LOG EL DIA 23-06-2022
02 17:17:45:685 Actualizado SID 133 SERIAL 29917 del proceso con PID 1400
00 17:17:45:690 Error al abrir fichero VDST.H
02 17:17:45:692 Empiezo a leer forms vdintermovim.frm
02 17:17:45:707 Termino parse forms vdintermovim.frm
02 17:17:45:707 Ejecutando interfase VDINTERMOVIM
02 17:19:45:725 Empiezo a leer forms vdintermovim.frm
02 17:19:45:730 Termino parse forms vdintermovim.frm
02 17:19:45:732 Ejecutando interfase VDINTERMOVIM
02 17:21:45:742 Empiezo a leer forms vdintermovim.frm
02 17:21:45:747 Termino parse forms vdintermovim.frm
02 17:21:45:747 Ejecutando interfase VDINTERMOVIM
02 17:23:45:760 Empiezo a leer forms vdintermovim.frm
02 17:23:45:764 Termino parse forms vdintermovim.frm
02 17:23:45:765 Ejecutando interfase VDINTERMOVIM
02 17:25:45:772 Empiezo a leer forms vdintermovim.frm
02 17:25:45:777 Termino parse forms vdintermovim.frm
02 17:25:45:777 Ejecutando interfase VDINTERMOVIM
02 17:27:45:797 Empiezo a leer forms vdintermovim.frm
02 17:27:45:800 Termino parse forms vdintermovim.frm
02 17:27:45:800 Ejecutando interfase VDINTERMOVIM
02 17:29:45:810 Empiezo a leer forms vdintermovim.frm
02 17:29:45:815 Termino parse forms vdintermovim.frm
02 17:29:45:815 Ejecutando interfase VDINTERMOVIM
02 17:31:45:825 Empiezo a leer forms vdintermovim.frm
02 17:31:45:830 Termino parse forms vdintermovim.frm
02 17:31:45:830 Ejecutando interfase VDINTERMOVIM
02 17:33:45:845 Empiezo a leer forms vdintermovim.frm
02 17:33:45:849 Termino parse forms vdintermovim.frm
02 17:33:45:849 Ejecutando interfase VDINTERMOVIM
02 17:35:45:862 Empiezo a leer forms vdintermovim.frm
02 17:35:45:865 Termino parse forms vdintermovim.frm
02 17:35:45:865 Ejecutando interfase VDINTERMOVIM
02 17:37:45:875 Empiezo a leer forms vdintermovim.frm
02 17:37:45:880 Termino parse forms vdintermovim.frm
02 17:37:45:880 Ejecutando interfase VDINTERMOVIM
02 17:39:45:897 Empiezo a leer forms vdintermovim.frm
02 17:39:45:902 Termino parse forms vdintermovim.frm
02 17:39:45:902 Ejecutando interfase VDINTERMOVIM
02 17:41:45:914 Empiezo a leer forms vdintermovim.frm
02 17:41:45:917 Termino parse forms vdintermovim.frm
02 17:41:45:917 Ejecutando interfase VDINTERMOVIM
02 17:43:45:930 Empiezo a leer forms vdintermovim.frm
02 17:43:45:932 Termino parse forms vdintermovim.frm
02 17:43:45:932 Ejecutando interfase VDINTERMOVIM

00 17:45:44:532 Fichero de log cerrado.

