00 09:43:02:597 Fichero de log abierto PID 1532

02 09:43:02:598 Intentando abrir fichero v10.ini
02 09:43:02:605 Cargando driver v10oracle funcion damedriveroracle
02 09:43:03:176 Conectado a base de datos
02 09:43:03:178 Proceso ENVIOMOVIM encontrado en tabla VDPROCESOS
02 09:43:03:202 Proceso ENVIOMOVIM cargado con función interfasesalida (Librería VDINTERFASES.DLL) direccion 064CCC80
02 09:43:03:209 PLSQL: INICIALIZADO PAQUETE DE LOG EL DIA 31-03-2022
02 09:43:03:217 Actualizado SID 506 SERIAL 38650 del proceso con PID 1532
00 09:43:03:231 Error al abrir fichero VDST.H
02 09:43:03:237 Empiezo a leer forms vdintermovim.frm
02 09:43:03:280 Termino parse forms vdintermovim.frm
02 09:43:03:280 Ejecutando interfase VDINTERMOVIM
02 09:45:03:371 Empiezo a leer forms vdintermovim.frm
02 09:45:03:377 Termino parse forms vdintermovim.frm
02 09:45:03:377 Ejecutando interfase VDINTERMOVIM
02 09:47:03:393 Empiezo a leer forms vdintermovim.frm
02 09:47:03:393 Termino parse forms vdintermovim.frm
02 09:47:03:393 Ejecutando interfase VDINTERMOVIM
02 09:49:03:422 Empiezo a leer forms vdintermovim.frm
02 09:49:03:422 Termino parse forms vdintermovim.frm
02 09:49:03:422 Ejecutando interfase VDINTERMOVIM
02 09:51:03:443 Empiezo a leer forms vdintermovim.frm
02 09:51:03:443 Termino parse forms vdintermovim.frm
02 09:51:03:443 Ejecutando interfase VDINTERMOVIM
02 09:53:03:468 Empiezo a leer forms vdintermovim.frm
02 09:53:03:468 Termino parse forms vdintermovim.frm
02 09:53:03:468 Ejecutando interfase VDINTERMOVIM
02 09:55:03:497 Empiezo a leer forms vdintermovim.frm
02 09:55:03:497 Termino parse forms vdintermovim.frm
02 09:55:03:497 Ejecutando interfase VDINTERMOVIM
02 09:57:03:517 Empiezo a leer forms vdintermovim.frm
02 09:57:03:517 Termino parse forms vdintermovim.frm
02 09:57:03:517 Ejecutando interfase VDINTERMOVIM
02 09:59:03:547 Empiezo a leer forms vdintermovim.frm
02 09:59:03:547 Termino parse forms vdintermovim.frm
02 09:59:03:547 Ejecutando interfase VDINTERMOVIM
02 10:01:03:576 Empiezo a leer forms vdintermovim.frm
02 10:01:03:576 Termino parse forms vdintermovim.frm
02 10:01:03:576 Ejecutando interfase VDINTERMOVIM
02 10:03:03:603 Empiezo a leer forms vdintermovim.frm
02 10:03:03:603 Termino parse forms vdintermovim.frm
02 10:03:03:603 Ejecutando interfase VDINTERMOVIM
02 10:05:03:630 Empiezo a leer forms vdintermovim.frm
02 10:05:03:630 Termino parse forms vdintermovim.frm
02 10:05:03:630 Ejecutando interfase VDINTERMOVIM
02 10:07:03:653 Empiezo a leer forms vdintermovim.frm
02 10:07:03:662 Termino parse forms vdintermovim.frm
02 10:07:03:662 Ejecutando interfase VDINTERMOVIM
02 10:09:03:682 Empiezo a leer forms vdintermovim.frm
02 10:09:03:682 Termino parse forms vdintermovim.frm
02 10:09:03:682 Ejecutando interfase VDINTERMOVIM
02 10:11:03:716 Empiezo a leer forms vdintermovim.frm
02 10:11:03:716 Termino parse forms vdintermovim.frm
02 10:11:03:716 Ejecutando interfase VDINTERMOVIM
02 10:13:03:747 Empiezo a leer forms vdintermovim.frm
02 10:13:03:747 Termino parse forms vdintermovim.frm
02 10:13:03:747 Ejecutando interfase VDINTERMOVIM
02 10:15:03:773 Empiezo a leer forms vdintermovim.frm
02 10:15:03:773 Termino parse forms vdintermovim.frm
02 10:15:03:773 Ejecutando interfase VDINTERMOVIM
02 10:17:03:792 Empiezo a leer forms vdintermovim.frm
02 10:17:03:792 Termino parse forms vdintermovim.frm
02 10:17:03:792 Ejecutando interfase VDINTERMOVIM
02 10:19:03:823 Empiezo a leer forms vdintermovim.frm
02 10:19:03:823 Termino parse forms vdintermovim.frm
02 10:19:03:823 Ejecutando interfase VDINTERMOVIM
02 10:21:03:852 Empiezo a leer forms vdintermovim.frm
02 10:21:03:852 Termino parse forms vdintermovim.frm
02 10:21:03:852 Ejecutando interfase VDINTERMOVIM
02 10:23:03:885 Empiezo a leer forms vdintermovim.frm
02 10:23:03:891 Termino parse forms vdintermovim.frm
02 10:23:03:892 Ejecutando interfase VDINTERMOVIM
02 10:25:03:915 Empiezo a leer forms vdintermovim.frm
02 10:25:03:921 Termino parse forms vdintermovim.frm
02 10:25:03:921 Ejecutando interfase VDINTERMOVIM
02 10:27:03:941 Empiezo a leer forms vdintermovim.frm
02 10:27:03:941 Termino parse forms vdintermovim.frm
02 10:27:03:941 Ejecutando interfase VDINTERMOVIM
02 10:29:03:962 Empiezo a leer forms vdintermovim.frm
02 10:29:03:962 Termino parse forms vdintermovim.frm
02 10:29:03:962 Ejecutando interfase VDINTERMOVIM
02 10:31:03:981 Empiezo a leer forms vdintermovim.frm
02 10:31:03:981 Termino parse forms vdintermovim.frm
02 10:31:03:981 Ejecutando interfase VDINTERMOVIM
02 10:33:04:002 Empiezo a leer forms vdintermovim.frm
02 10:33:04:008 Termino parse forms vdintermovim.frm
02 10:33:04:010 Ejecutando interfase VDINTERMOVIM
02 10:35:04:022 Empiezo a leer forms vdintermovim.frm
02 10:35:04:026 Termino parse forms vdintermovim.frm
02 10:35:04:026 Ejecutando interfase VDINTERMOVIM
02 10:37:04:041 Empiezo a leer forms vdintermovim.frm
02 10:37:04:041 Termino parse forms vdintermovim.frm
02 10:37:04:041 Ejecutando interfase VDINTERMOVIM
02 10:39:04:058 Empiezo a leer forms vdintermovim.frm
02 10:39:04:058 Termino parse forms vdintermovim.frm
02 10:39:04:058 Ejecutando interfase VDINTERMOVIM
02 10:41:04:088 Empiezo a leer forms vdintermovim.frm
02 10:41:04:088 Termino parse forms vdintermovim.frm
02 10:41:04:088 Ejecutando interfase VDINTERMOVIM
02 10:43:04:112 Empiezo a leer forms vdintermovim.frm
02 10:43:04:112 Termino parse forms vdintermovim.frm
02 10:43:04:112 Ejecutando interfase VDINTERMOVIM
02 10:45:04:137 Empiezo a leer forms vdintermovim.frm
02 10:45:04:137 Termino parse forms vdintermovim.frm
02 10:45:04:137 Ejecutando interfase VDINTERMOVIM
02 10:47:04:158 Empiezo a leer forms vdintermovim.frm
02 10:47:04:165 Termino parse forms vdintermovim.frm
02 10:47:04:165 Ejecutando interfase VDINTERMOVIM
02 10:49:04:177 Empiezo a leer forms vdintermovim.frm
02 10:49:04:177 Termino parse forms vdintermovim.frm
02 10:49:04:177 Ejecutando interfase VDINTERMOVIM
02 10:51:04:192 Empiezo a leer forms vdintermovim.frm
02 10:51:04:192 Termino parse forms vdintermovim.frm
02 10:51:04:192 Ejecutando interfase VDINTERMOVIM
02 10:53:04:220 Empiezo a leer forms vdintermovim.frm
02 10:53:04:220 Termino parse forms vdintermovim.frm
02 10:53:04:220 Ejecutando interfase VDINTERMOVIM
02 10:55:04:246 Empiezo a leer forms vdintermovim.frm
02 10:55:04:246 Termino parse forms vdintermovim.frm
02 10:55:04:246 Ejecutando interfase VDINTERMOVIM
02 10:57:04:276 Empiezo a leer forms vdintermovim.frm
02 10:57:04:276 Termino parse forms vdintermovim.frm
02 10:57:04:276 Ejecutando interfase VDINTERMOVIM
02 10:59:04:293 Empiezo a leer forms vdintermovim.frm
02 10:59:04:293 Termino parse forms vdintermovim.frm
02 10:59:04:293 Ejecutando interfase VDINTERMOVIM
02 11:01:04:310 Empiezo a leer forms vdintermovim.frm
02 11:01:04:310 Termino parse forms vdintermovim.frm
02 11:01:04:310 Ejecutando interfase VDINTERMOVIM
02 11:03:04:342 Empiezo a leer forms vdintermovim.frm
02 11:03:04:347 Termino parse forms vdintermovim.frm
02 11:03:04:347 Ejecutando interfase VDINTERMOVIM
02 11:05:04:372 Empiezo a leer forms vdintermovim.frm
02 11:05:04:372 Termino parse forms vdintermovim.frm
02 11:05:04:372 Ejecutando interfase VDINTERMOVIM
02 11:16:15:497 Empiezo a leer forms vdintermovim.frm
02 11:16:15:497 Termino parse forms vdintermovim.frm
02 11:16:15:497 Ejecutando interfase VDINTERMOVIM
02 11:18:15:546 Empiezo a leer forms vdintermovim.frm
02 11:18:15:546 Termino parse forms vdintermovim.frm
02 11:18:15:546 Ejecutando interfase VDINTERMOVIM
02 11:20:15:571 Empiezo a leer forms vdintermovim.frm
02 11:20:15:571 Termino parse forms vdintermovim.frm
02 11:20:15:571 Ejecutando interfase VDINTERMOVIM
02 11:22:15:597 Empiezo a leer forms vdintermovim.frm
02 11:22:15:597 Termino parse forms vdintermovim.frm
02 11:22:15:597 Ejecutando interfase VDINTERMOVIM
02 11:24:15:626 Empiezo a leer forms vdintermovim.frm
02 11:24:15:626 Termino parse forms vdintermovim.frm
02 11:24:15:626 Ejecutando interfase VDINTERMOVIM
02 11:26:15:660 Empiezo a leer forms vdintermovim.frm
02 11:26:15:660 Termino parse forms vdintermovim.frm
02 11:26:15:660 Ejecutando interfase VDINTERMOVIM
02 11:28:15:691 Empiezo a leer forms vdintermovim.frm
02 11:28:15:696 Termino parse forms vdintermovim.frm
02 11:28:15:696 Ejecutando interfase VDINTERMOVIM
02 11:30:15:711 Empiezo a leer forms vdintermovim.frm
02 11:30:15:711 Termino parse forms vdintermovim.frm
02 11:30:15:711 Ejecutando interfase VDINTERMOVIM
02 11:32:15:747 Empiezo a leer forms vdintermovim.frm
02 11:32:15:747 Termino parse forms vdintermovim.frm
02 11:32:15:747 Ejecutando interfase VDINTERMOVIM
02 11:34:15:775 Empiezo a leer forms vdintermovim.frm
02 11:34:15:775 Termino parse forms vdintermovim.frm
02 11:34:15:775 Ejecutando interfase VDINTERMOVIM
02 11:36:15:792 Empiezo a leer forms vdintermovim.frm
02 11:36:15:792 Termino parse forms vdintermovim.frm
02 11:36:15:792 Ejecutando interfase VDINTERMOVIM
02 11:38:15:820 Empiezo a leer forms vdintermovim.frm
02 11:38:15:820 Termino parse forms vdintermovim.frm
02 11:38:15:820 Ejecutando interfase VDINTERMOVIM
02 11:40:15:840 Empiezo a leer forms vdintermovim.frm
02 11:40:15:850 Termino parse forms vdintermovim.frm
02 11:40:15:850 Ejecutando interfase VDINTERMOVIM
02 11:42:15:859 Empiezo a leer forms vdintermovim.frm
02 11:42:15:859 Termino parse forms vdintermovim.frm
02 11:42:15:859 Ejecutando interfase VDINTERMOVIM
02 11:44:15:895 Empiezo a leer forms vdintermovim.frm
02 11:44:15:895 Termino parse forms vdintermovim.frm
02 11:44:15:895 Ejecutando interfase VDINTERMOVIM
02 11:46:15:919 Empiezo a leer forms vdintermovim.frm
02 11:46:15:919 Termino parse forms vdintermovim.frm
02 11:46:15:919 Ejecutando interfase VDINTERMOVIM
02 11:48:15:944 Empiezo a leer forms vdintermovim.frm
02 11:48:15:944 Termino parse forms vdintermovim.frm
02 11:48:15:944 Ejecutando interfase VDINTERMOVIM
02 11:50:15:980 Empiezo a leer forms vdintermovim.frm
02 11:50:15:980 Termino parse forms vdintermovim.frm
02 11:50:15:980 Ejecutando interfase VDINTERMOVIM
02 11:52:16:010 Empiezo a leer forms vdintermovim.frm
02 11:52:16:015 Termino parse forms vdintermovim.frm
02 11:52:16:015 Ejecutando interfase VDINTERMOVIM
02 11:54:16:035 Empiezo a leer forms vdintermovim.frm
02 11:54:16:035 Termino parse forms vdintermovim.frm
02 11:54:16:035 Ejecutando interfase VDINTERMOVIM
02 11:56:16:055 Empiezo a leer forms vdintermovim.frm
02 11:56:16:055 Termino parse forms vdintermovim.frm
02 11:56:16:055 Ejecutando interfase VDINTERMOVIM
02 11:58:16:082 Empiezo a leer forms vdintermovim.frm
02 11:58:16:082 Termino parse forms vdintermovim.frm
02 11:58:16:082 Ejecutando interfase VDINTERMOVIM
02 12:00:16:112 Empiezo a leer forms vdintermovim.frm
02 12:00:16:112 Termino parse forms vdintermovim.frm
02 12:00:16:112 Ejecutando interfase VDINTERMOVIM
02 12:02:16:140 Empiezo a leer forms vdintermovim.frm
02 12:02:16:147 Termino parse forms vdintermovim.frm
02 12:02:16:147 Ejecutando interfase VDINTERMOVIM
02 12:04:16:165 Empiezo a leer forms vdintermovim.frm
02 12:04:16:165 Termino parse forms vdintermovim.frm
02 12:04:16:165 Ejecutando interfase VDINTERMOVIM
02 12:06:16:202 Empiezo a leer forms vdintermovim.frm
02 12:06:16:212 Termino parse forms vdintermovim.frm
02 12:06:16:212 Ejecutando interfase VDINTERMOVIM
02 12:08:16:234 Empiezo a leer forms vdintermovim.frm
02 12:08:16:234 Termino parse forms vdintermovim.frm
02 12:08:16:234 Ejecutando interfase VDINTERMOVIM
02 12:10:16:252 Empiezo a leer forms vdintermovim.frm
02 12:10:16:252 Termino parse forms vdintermovim.frm
02 12:10:16:252 Ejecutando interfase VDINTERMOVIM
02 12:12:16:282 Empiezo a leer forms vdintermovim.frm
02 12:12:16:290 Termino parse forms vdintermovim.frm
02 12:12:16:290 Ejecutando interfase VDINTERMOVIM
02 12:14:16:315 Empiezo a leer forms vdintermovim.frm
02 12:14:16:315 Termino parse forms vdintermovim.frm
02 12:14:16:315 Ejecutando interfase VDINTERMOVIM
02 12:16:16:337 Empiezo a leer forms vdintermovim.frm
02 12:16:16:337 Termino parse forms vdintermovim.frm
02 12:16:16:337 Ejecutando interfase VDINTERMOVIM
02 12:18:16:357 Empiezo a leer forms vdintermovim.frm
02 12:18:16:357 Termino parse forms vdintermovim.frm
02 12:18:16:357 Ejecutando interfase VDINTERMOVIM
02 12:20:16:389 Empiezo a leer forms vdintermovim.frm
02 12:20:16:389 Termino parse forms vdintermovim.frm
02 12:20:16:389 Ejecutando interfase VDINTERMOVIM
02 12:22:16:419 Empiezo a leer forms vdintermovim.frm
02 12:22:16:419 Termino parse forms vdintermovim.frm
02 12:22:16:419 Ejecutando interfase VDINTERMOVIM
02 12:24:16:447 Empiezo a leer forms vdintermovim.frm
02 12:24:16:452 Termino parse forms vdintermovim.frm
02 12:24:16:452 Ejecutando interfase VDINTERMOVIM
02 12:26:16:477 Empiezo a leer forms vdintermovim.frm
02 12:26:16:477 Termino parse forms vdintermovim.frm
02 12:26:16:477 Ejecutando interfase VDINTERMOVIM
02 12:28:16:504 Empiezo a leer forms vdintermovim.frm
02 12:28:16:504 Termino parse forms vdintermovim.frm
02 12:28:16:504 Ejecutando interfase VDINTERMOVIM
02 12:30:16:532 Empiezo a leer forms vdintermovim.frm
02 12:30:16:535 Termino parse forms vdintermovim.frm
02 12:30:16:535 Ejecutando interfase VDINTERMOVIM
02 12:32:16:562 Empiezo a leer forms vdintermovim.frm
02 12:32:16:562 Termino parse forms vdintermovim.frm
02 12:32:16:562 Ejecutando interfase VDINTERMOVIM
02 12:34:16:575 Empiezo a leer forms vdintermovim.frm
02 12:34:16:575 Termino parse forms vdintermovim.frm
02 12:34:16:575 Ejecutando interfase VDINTERMOVIM
02 12:36:16:599 Empiezo a leer forms vdintermovim.frm
02 12:36:16:599 Termino parse forms vdintermovim.frm
02 12:36:16:599 Ejecutando interfase VDINTERMOVIM
02 12:38:16:630 Empiezo a leer forms vdintermovim.frm
02 12:38:16:630 Termino parse forms vdintermovim.frm
02 12:38:16:630 Ejecutando interfase VDINTERMOVIM
02 12:40:16:662 Empiezo a leer forms vdintermovim.frm
02 12:40:16:662 Termino parse forms vdintermovim.frm
02 12:40:16:662 Ejecutando interfase VDINTERMOVIM
02 12:42:16:710 Empiezo a leer forms vdintermovim.frm
02 12:42:16:710 Termino parse forms vdintermovim.frm
02 12:42:16:710 Ejecutando interfase VDINTERMOVIM
02 12:44:16:732 Empiezo a leer forms vdintermovim.frm
02 12:44:16:737 Termino parse forms vdintermovim.frm
02 12:44:16:737 Ejecutando interfase VDINTERMOVIM
02 12:46:16:760 Empiezo a leer forms vdintermovim.frm
02 12:46:16:760 Termino parse forms vdintermovim.frm
02 12:46:16:760 Ejecutando interfase VDINTERMOVIM
02 12:48:16:799 Empiezo a leer forms vdintermovim.frm
02 12:48:16:799 Termino parse forms vdintermovim.frm
02 12:48:16:799 Ejecutando interfase VDINTERMOVIM
02 12:50:16:832 Empiezo a leer forms vdintermovim.frm
02 12:50:16:835 Termino parse forms vdintermovim.frm
02 12:50:16:835 Ejecutando interfase VDINTERMOVIM
02 12:52:16:852 Empiezo a leer forms vdintermovim.frm
02 12:52:16:852 Termino parse forms vdintermovim.frm
02 12:52:16:852 Ejecutando interfase VDINTERMOVIM
02 12:54:16:877 Empiezo a leer forms vdintermovim.frm
02 12:54:16:884 Termino parse forms vdintermovim.frm
02 12:54:16:885 Ejecutando interfase VDINTERMOVIM
02 12:56:16:907 Empiezo a leer forms vdintermovim.frm
02 12:56:16:907 Termino parse forms vdintermovim.frm
02 12:56:16:907 Ejecutando interfase VDINTERMOVIM
02 12:58:16:935 Empiezo a leer forms vdintermovim.frm
02 12:58:16:935 Termino parse forms vdintermovim.frm
02 12:58:16:935 Ejecutando interfase VDINTERMOVIM
02 13:00:16:962 Empiezo a leer forms vdintermovim.frm
02 13:00:16:962 Termino parse forms vdintermovim.frm
02 13:00:16:962 Ejecutando interfase VDINTERMOVIM
02 13:02:16:995 Empiezo a leer forms vdintermovim.frm
02 13:02:16:995 Termino parse forms vdintermovim.frm
02 13:02:16:995 Ejecutando interfase VDINTERMOVIM
02 13:04:17:027 Empiezo a leer forms vdintermovim.frm
02 13:04:17:029 Termino parse forms vdintermovim.frm
02 13:04:17:029 Ejecutando interfase VDINTERMOVIM
02 13:06:17:044 Empiezo a leer forms vdintermovim.frm
02 13:06:17:047 Termino parse forms vdintermovim.frm
02 13:06:17:047 Ejecutando interfase VDINTERMOVIM
02 13:08:17:075 Empiezo a leer forms vdintermovim.frm
02 13:08:17:075 Termino parse forms vdintermovim.frm
02 13:08:17:075 Ejecutando interfase VDINTERMOVIM
02 13:10:17:112 Empiezo a leer forms vdintermovim.frm
02 13:10:17:112 Termino parse forms vdintermovim.frm
02 13:10:17:112 Ejecutando interfase VDINTERMOVIM
02 13:12:17:142 Empiezo a leer forms vdintermovim.frm
02 13:12:17:149 Termino parse forms vdintermovim.frm
02 13:12:17:149 Ejecutando interfase VDINTERMOVIM
02 13:14:17:160 Empiezo a leer forms vdintermovim.frm
02 13:14:17:160 Termino parse forms vdintermovim.frm
02 13:14:17:160 Ejecutando interfase VDINTERMOVIM
02 13:16:17:195 Empiezo a leer forms vdintermovim.frm
02 13:16:17:200 Termino parse forms vdintermovim.frm
02 13:16:17:200 Ejecutando interfase VDINTERMOVIM
02 13:18:17:222 Empiezo a leer forms vdintermovim.frm
02 13:18:17:222 Termino parse forms vdintermovim.frm
02 13:18:17:222 Ejecutando interfase VDINTERMOVIM
02 13:20:17:254 Empiezo a leer forms vdintermovim.frm
02 13:20:17:254 Termino parse forms vdintermovim.frm
02 13:20:17:254 Ejecutando interfase VDINTERMOVIM
02 13:22:17:289 Empiezo a leer forms vdintermovim.frm
02 13:22:17:289 Termino parse forms vdintermovim.frm
02 13:22:17:289 Ejecutando interfase VDINTERMOVIM
02 13:24:17:315 Empiezo a leer forms vdintermovim.frm
02 13:24:17:327 Termino parse forms vdintermovim.frm
02 13:24:17:327 Ejecutando interfase VDINTERMOVIM
02 13:26:17:342 Empiezo a leer forms vdintermovim.frm
02 13:26:17:342 Termino parse forms vdintermovim.frm
02 13:26:17:342 Ejecutando interfase VDINTERMOVIM
02 13:28:17:367 Empiezo a leer forms vdintermovim.frm
02 13:28:17:367 Termino parse forms vdintermovim.frm
02 13:28:17:367 Ejecutando interfase VDINTERMOVIM
02 13:30:17:382 Empiezo a leer forms vdintermovim.frm
02 13:30:17:382 Termino parse forms vdintermovim.frm
02 13:30:17:382 Ejecutando interfase VDINTERMOVIM
02 13:32:17:400 Empiezo a leer forms vdintermovim.frm
02 13:32:17:400 Termino parse forms vdintermovim.frm
02 13:32:17:400 Ejecutando interfase VDINTERMOVIM
02 13:34:17:420 Empiezo a leer forms vdintermovim.frm
02 13:34:17:420 Termino parse forms vdintermovim.frm
02 13:34:17:420 Ejecutando interfase VDINTERMOVIM
02 13:36:17:445 Empiezo a leer forms vdintermovim.frm
02 13:36:17:445 Termino parse forms vdintermovim.frm
02 13:36:17:445 Ejecutando interfase VDINTERMOVIM
02 13:38:17:472 Empiezo a leer forms vdintermovim.frm
02 13:38:17:472 Termino parse forms vdintermovim.frm
02 13:38:17:472 Ejecutando interfase VDINTERMOVIM
02 13:40:17:489 Empiezo a leer forms vdintermovim.frm
02 13:40:17:489 Termino parse forms vdintermovim.frm
02 13:40:17:489 Ejecutando interfase VDINTERMOVIM
02 13:42:17:517 Empiezo a leer forms vdintermovim.frm
02 13:42:17:522 Termino parse forms vdintermovim.frm
02 13:42:17:522 Ejecutando interfase VDINTERMOVIM
02 13:44:17:530 Empiezo a leer forms vdintermovim.frm
02 13:44:17:530 Termino parse forms vdintermovim.frm
02 13:44:17:530 Ejecutando interfase VDINTERMOVIM
02 13:46:17:557 Empiezo a leer forms vdintermovim.frm
02 13:46:17:565 Termino parse forms vdintermovim.frm
02 13:46:17:565 Ejecutando interfase VDINTERMOVIM
02 13:48:17:579 Empiezo a leer forms vdintermovim.frm
02 13:48:17:579 Termino parse forms vdintermovim.frm
02 13:48:17:579 Ejecutando interfase VDINTERMOVIM
02 13:50:17:600 Empiezo a leer forms vdintermovim.frm
02 13:50:17:600 Termino parse forms vdintermovim.frm
02 13:50:17:600 Ejecutando interfase VDINTERMOVIM
02 13:52:17:635 Empiezo a leer forms vdintermovim.frm
02 13:52:17:635 Termino parse forms vdintermovim.frm
02 13:52:17:635 Ejecutando interfase VDINTERMOVIM
02 13:54:17:664 Empiezo a leer forms vdintermovim.frm
02 13:54:17:664 Termino parse forms vdintermovim.frm
02 13:54:17:664 Ejecutando interfase VDINTERMOVIM
02 13:56:17:707 Empiezo a leer forms vdintermovim.frm
02 13:56:17:707 Termino parse forms vdintermovim.frm
02 13:56:17:707 Ejecutando interfase VDINTERMOVIM
02 13:58:17:732 Empiezo a leer forms vdintermovim.frm
02 13:58:17:732 Termino parse forms vdintermovim.frm
02 13:58:17:732 Ejecutando interfase VDINTERMOVIM
02 14:00:17:755 Empiezo a leer forms vdintermovim.frm
02 14:00:17:755 Termino parse forms vdintermovim.frm
02 14:00:17:755 Ejecutando interfase VDINTERMOVIM
02 14:02:17:770 Empiezo a leer forms vdintermovim.frm
02 14:02:17:770 Termino parse forms vdintermovim.frm
02 14:02:17:770 Ejecutando interfase VDINTERMOVIM
02 14:04:17:787 Empiezo a leer forms vdintermovim.frm
02 14:04:17:790 Termino parse forms vdintermovim.frm
02 14:04:17:790 Ejecutando interfase VDINTERMOVIM
02 14:06:17:799 Empiezo a leer forms vdintermovim.frm
02 14:06:17:802 Termino parse forms vdintermovim.frm
02 14:06:17:802 Ejecutando interfase VDINTERMOVIM
02 14:08:17:815 Empiezo a leer forms vdintermovim.frm
02 14:08:17:820 Termino parse forms vdintermovim.frm
02 14:08:17:820 Ejecutando interfase VDINTERMOVIM
02 14:10:17:839 Empiezo a leer forms vdintermovim.frm
02 14:10:17:842 Termino parse forms vdintermovim.frm
02 14:10:17:842 Ejecutando interfase VDINTERMOVIM
02 14:12:17:850 Empiezo a leer forms vdintermovim.frm
02 14:12:17:852 Termino parse forms vdintermovim.frm
02 14:12:17:852 Ejecutando interfase VDINTERMOVIM
02 14:14:17:870 Empiezo a leer forms vdintermovim.frm
02 14:14:17:875 Termino parse forms vdintermovim.frm
02 14:14:17:877 Ejecutando interfase VDINTERMOVIM
02 14:16:17:884 Empiezo a leer forms vdintermovim.frm
02 14:16:17:889 Termino parse forms vdintermovim.frm
02 14:16:17:889 Ejecutando interfase VDINTERMOVIM

00 14:17:57:457 Fichero de log cerrado.

00 14:18:05:860 Fichero de log abierto PID 12632

02 14:18:05:862 Intentando abrir fichero v10.ini
02 14:18:05:870 Cargando driver v10oracle funcion damedriveroracle
02 14:18:06:590 Conectado a base de datos
02 14:18:06:592 Proceso ENVIOMOVIM encontrado en tabla VDPROCESOS
02 14:18:06:599 Proceso ENVIOMOVIM cargado con función interfasesalida (Librería VDINTERFASES.DLL) direccion 0618CC80
02 14:18:06:601 PLSQL: INICIALIZADO PAQUETE DE LOG EL DIA 31-03-2022
02 14:18:06:612 Actualizado SID 499 SERIAL 38510 del proceso con PID 12632
00 14:18:06:617 Error al abrir fichero VDST.H
02 14:18:06:619 Empiezo a leer forms vdintermovim.frm
02 14:18:06:635 Termino parse forms vdintermovim.frm
02 14:18:06:635 Ejecutando interfase VDINTERMOVIM
02 14:20:06:655 Empiezo a leer forms vdintermovim.frm
02 14:20:06:659 Termino parse forms vdintermovim.frm
02 14:20:06:660 Ejecutando interfase VDINTERMOVIM
02 14:22:06:677 Empiezo a leer forms vdintermovim.frm
02 14:22:06:682 Termino parse forms vdintermovim.frm
02 14:22:06:682 Ejecutando interfase VDINTERMOVIM
02 14:24:06:702 Empiezo a leer forms vdintermovim.frm
02 14:24:06:709 Termino parse forms vdintermovim.frm
02 14:24:06:709 Ejecutando interfase VDINTERMOVIM
02 14:26:06:732 Empiezo a leer forms vdintermovim.frm
02 14:26:06:735 Termino parse forms vdintermovim.frm
02 14:26:06:735 Ejecutando interfase VDINTERMOVIM
02 14:28:06:745 Empiezo a leer forms vdintermovim.frm
02 14:28:06:750 Termino parse forms vdintermovim.frm
02 14:28:06:750 Ejecutando interfase VDINTERMOVIM
02 14:30:06:769 Empiezo a leer forms vdintermovim.frm
02 14:30:06:775 Termino parse forms vdintermovim.frm
02 14:30:06:775 Ejecutando interfase VDINTERMOVIM
02 14:32:06:792 Empiezo a leer forms vdintermovim.frm
02 14:32:06:797 Termino parse forms vdintermovim.frm
02 14:32:06:799 Ejecutando interfase VDINTERMOVIM
02 14:34:06:809 Empiezo a leer forms vdintermovim.frm
02 14:34:06:815 Termino parse forms vdintermovim.frm
02 14:34:06:815 Ejecutando interfase VDINTERMOVIM
02 15:28:39:425 Empiezo a leer forms vdintermovim.frm
02 15:28:40:045 Termino parse forms vdintermovim.frm
02 15:28:40:060 Ejecutando interfase VDINTERMOVIM
02 15:30:40:075 Empiezo a leer forms vdintermovim.frm
02 15:30:40:080 Termino parse forms vdintermovim.frm
02 15:30:40:082 Ejecutando interfase VDINTERMOVIM
02 15:32:40:097 Empiezo a leer forms vdintermovim.frm
02 15:32:40:104 Termino parse forms vdintermovim.frm
02 15:32:40:104 Ejecutando interfase VDINTERMOVIM
02 15:34:40:125 Empiezo a leer forms vdintermovim.frm
02 15:34:40:129 Termino parse forms vdintermovim.frm
02 15:34:40:130 Ejecutando interfase VDINTERMOVIM
02 15:36:40:145 Empiezo a leer forms vdintermovim.frm
02 15:36:40:150 Termino parse forms vdintermovim.frm
02 15:36:40:150 Ejecutando interfase VDINTERMOVIM
02 15:38:40:170 Empiezo a leer forms vdintermovim.frm
02 15:38:40:175 Termino parse forms vdintermovim.frm
02 15:38:40:175 Ejecutando interfase VDINTERMOVIM
02 15:40:40:190 Empiezo a leer forms vdintermovim.frm
02 15:40:40:194 Termino parse forms vdintermovim.frm
02 15:40:40:194 Ejecutando interfase VDINTERMOVIM
02 15:42:40:210 Empiezo a leer forms vdintermovim.frm
02 15:42:40:215 Termino parse forms vdintermovim.frm
02 15:42:40:215 Ejecutando interfase VDINTERMOVIM
02 15:44:40:230 Empiezo a leer forms vdintermovim.frm
02 15:44:40:235 Termino parse forms vdintermovim.frm
02 15:44:40:235 Ejecutando interfase VDINTERMOVIM
02 15:46:40:252 Empiezo a leer forms vdintermovim.frm
02 15:46:40:255 Termino parse forms vdintermovim.frm
02 15:46:40:257 Ejecutando interfase VDINTERMOVIM
02 15:48:40:265 Empiezo a leer forms vdintermovim.frm
02 15:48:40:270 Termino parse forms vdintermovim.frm
02 15:48:40:270 Ejecutando interfase VDINTERMOVIM
02 15:50:40:287 Empiezo a leer forms vdintermovim.frm
02 15:50:40:290 Termino parse forms vdintermovim.frm
02 15:50:40:290 Ejecutando interfase VDINTERMOVIM
02 15:52:40:297 Empiezo a leer forms vdintermovim.frm
02 15:52:40:302 Termino parse forms vdintermovim.frm
02 15:52:40:302 Ejecutando interfase VDINTERMOVIM
02 15:54:40:312 Empiezo a leer forms vdintermovim.frm
02 15:54:40:317 Termino parse forms vdintermovim.frm
02 15:54:40:317 Ejecutando interfase VDINTERMOVIM
02 15:56:40:337 Empiezo a leer forms vdintermovim.frm
02 15:56:40:340 Termino parse forms vdintermovim.frm
02 15:56:40:340 Ejecutando interfase VDINTERMOVIM
02 15:58:40:362 Empiezo a leer forms vdintermovim.frm
02 15:58:40:367 Termino parse forms vdintermovim.frm
02 15:58:40:367 Ejecutando interfase VDINTERMOVIM
02 16:00:40:382 Empiezo a leer forms vdintermovim.frm
02 16:00:40:387 Termino parse forms vdintermovim.frm
02 16:00:40:387 Ejecutando interfase VDINTERMOVIM
02 16:02:40:405 Empiezo a leer forms vdintermovim.frm
02 16:02:40:412 Termino parse forms vdintermovim.frm
02 16:02:40:412 Ejecutando interfase VDINTERMOVIM
02 16:04:40:425 Empiezo a leer forms vdintermovim.frm
02 16:04:40:430 Termino parse forms vdintermovim.frm
02 16:04:40:430 Ejecutando interfase VDINTERMOVIM
02 16:06:40:440 Empiezo a leer forms vdintermovim.frm
02 16:06:40:447 Termino parse forms vdintermovim.frm
02 16:06:40:447 Ejecutando interfase VDINTERMOVIM
02 16:08:40:462 Empiezo a leer forms vdintermovim.frm
02 16:08:40:465 Termino parse forms vdintermovim.frm
02 16:08:40:465 Ejecutando interfase VDINTERMOVIM
02 16:10:40:472 Empiezo a leer forms vdintermovim.frm
02 16:10:40:477 Termino parse forms vdintermovim.frm
02 16:10:40:477 Ejecutando interfase VDINTERMOVIM
02 16:12:40:490 Empiezo a leer forms vdintermovim.frm
02 16:12:40:495 Termino parse forms vdintermovim.frm
02 16:12:40:495 Ejecutando interfase VDINTERMOVIM
02 16:14:40:519 Empiezo a leer forms vdintermovim.frm
02 16:14:40:524 Termino parse forms vdintermovim.frm
02 16:14:40:525 Ejecutando interfase VDINTERMOVIM
02 16:16:40:539 Empiezo a leer forms vdintermovim.frm
02 16:16:40:542 Termino parse forms vdintermovim.frm
02 16:16:40:544 Ejecutando interfase VDINTERMOVIM
02 16:18:40:555 Empiezo a leer forms vdintermovim.frm
02 16:18:40:557 Termino parse forms vdintermovim.frm
02 16:18:40:559 Ejecutando interfase VDINTERMOVIM
02 16:20:40:577 Empiezo a leer forms vdintermovim.frm
02 16:20:40:582 Termino parse forms vdintermovim.frm
02 16:20:40:582 Ejecutando interfase VDINTERMOVIM
02 16:22:40:600 Empiezo a leer forms vdintermovim.frm
02 16:22:40:605 Termino parse forms vdintermovim.frm
02 16:22:40:607 Ejecutando interfase VDINTERMOVIM
02 16:24:40:625 Empiezo a leer forms vdintermovim.frm
02 16:24:40:634 Termino parse forms vdintermovim.frm
02 16:24:40:635 Ejecutando interfase VDINTERMOVIM
02 16:26:40:657 Empiezo a leer forms vdintermovim.frm
02 16:26:40:662 Termino parse forms vdintermovim.frm
02 16:26:40:662 Ejecutando interfase VDINTERMOVIM
02 16:28:40:672 Empiezo a leer forms vdintermovim.frm
02 16:28:40:677 Termino parse forms vdintermovim.frm
02 16:28:40:677 Ejecutando interfase VDINTERMOVIM
02 16:30:40:687 Empiezo a leer forms vdintermovim.frm
02 16:30:40:690 Termino parse forms vdintermovim.frm
02 16:30:40:690 Ejecutando interfase VDINTERMOVIM
02 16:32:40:710 Empiezo a leer forms vdintermovim.frm
02 16:32:40:714 Termino parse forms vdintermovim.frm
02 16:32:40:714 Ejecutando interfase VDINTERMOVIM
02 16:34:40:735 Empiezo a leer forms vdintermovim.frm
02 16:34:40:745 Termino parse forms vdintermovim.frm
02 16:34:40:745 Ejecutando interfase VDINTERMOVIM
02 16:36:40:765 Empiezo a leer forms vdintermovim.frm
02 16:36:40:770 Termino parse forms vdintermovim.frm
02 16:36:40:770 Ejecutando interfase VDINTERMOVIM
02 16:38:40:780 Empiezo a leer forms vdintermovim.frm
02 16:38:40:787 Termino parse forms vdintermovim.frm
02 16:38:40:787 Ejecutando interfase VDINTERMOVIM
02 16:40:40:800 Empiezo a leer forms vdintermovim.frm
02 16:40:40:805 Termino parse forms vdintermovim.frm
02 16:40:40:807 Ejecutando interfase VDINTERMOVIM
02 16:42:40:829 Empiezo a leer forms vdintermovim.frm
02 16:42:40:832 Termino parse forms vdintermovim.frm
02 16:42:40:832 Ejecutando interfase VDINTERMOVIM
02 16:44:40:844 Empiezo a leer forms vdintermovim.frm
02 16:44:40:849 Termino parse forms vdintermovim.frm
02 16:44:40:849 Ejecutando interfase VDINTERMOVIM
02 16:46:40:870 Empiezo a leer forms vdintermovim.frm
02 16:46:40:874 Termino parse forms vdintermovim.frm
02 16:46:40:875 Ejecutando interfase VDINTERMOVIM
02 16:48:40:892 Empiezo a leer forms vdintermovim.frm
02 16:48:40:897 Termino parse forms vdintermovim.frm
02 16:48:40:897 Ejecutando interfase VDINTERMOVIM
02 16:50:40:912 Empiezo a leer forms vdintermovim.frm
02 16:50:40:917 Termino parse forms vdintermovim.frm
02 16:50:40:917 Ejecutando interfase VDINTERMOVIM
02 16:52:40:935 Empiezo a leer forms vdintermovim.frm
02 16:52:40:940 Termino parse forms vdintermovim.frm
02 16:52:40:940 Ejecutando interfase VDINTERMOVIM
02 16:54:40:957 Empiezo a leer forms vdintermovim.frm
02 16:54:40:967 Termino parse forms vdintermovim.frm
02 16:54:40:967 Ejecutando interfase VDINTERMOVIM
02 16:56:40:987 Empiezo a leer forms vdintermovim.frm
02 16:56:40:990 Termino parse forms vdintermovim.frm
02 16:56:40:992 Ejecutando interfase VDINTERMOVIM
02 16:58:41:015 Empiezo a leer forms vdintermovim.frm
02 16:58:41:020 Termino parse forms vdintermovim.frm
02 16:58:41:020 Ejecutando interfase VDINTERMOVIM
02 17:00:41:039 Empiezo a leer forms vdintermovim.frm
02 17:00:41:044 Termino parse forms vdintermovim.frm
02 17:00:41:045 Ejecutando interfase VDINTERMOVIM
02 17:02:41:064 Empiezo a leer forms vdintermovim.frm
02 17:02:41:069 Termino parse forms vdintermovim.frm
02 17:02:41:069 Ejecutando interfase VDINTERMOVIM
02 17:04:41:090 Empiezo a leer forms vdintermovim.frm
02 17:04:41:097 Termino parse forms vdintermovim.frm
02 17:04:41:097 Ejecutando interfase VDINTERMOVIM
02 17:06:41:107 Empiezo a leer forms vdintermovim.frm
02 17:06:41:112 Termino parse forms vdintermovim.frm
02 17:06:41:112 Ejecutando interfase VDINTERMOVIM
02 17:08:41:124 Empiezo a leer forms vdintermovim.frm
02 17:08:41:130 Termino parse forms vdintermovim.frm
02 17:08:41:132 Ejecutando interfase VDINTERMOVIM
02 17:10:41:150 Empiezo a leer forms vdintermovim.frm
02 17:10:41:155 Termino parse forms vdintermovim.frm
02 17:10:41:155 Ejecutando interfase VDINTERMOVIM
02 17:12:41:174 Empiezo a leer forms vdintermovim.frm
02 17:12:41:179 Termino parse forms vdintermovim.frm
02 17:12:41:179 Ejecutando interfase VDINTERMOVIM
02 17:14:41:200 Empiezo a leer forms vdintermovim.frm
02 17:14:41:205 Termino parse forms vdintermovim.frm
02 17:14:41:205 Ejecutando interfase VDINTERMOVIM
02 17:16:41:224 Empiezo a leer forms vdintermovim.frm
02 17:16:41:229 Termino parse forms vdintermovim.frm
02 17:16:41:229 Ejecutando interfase VDINTERMOVIM
02 17:18:41:240 Empiezo a leer forms vdintermovim.frm
02 17:18:41:245 Termino parse forms vdintermovim.frm
02 17:18:41:245 Ejecutando interfase VDINTERMOVIM
02 17:20:41:264 Empiezo a leer forms vdintermovim.frm
02 17:20:41:267 Termino parse forms vdintermovim.frm
02 17:20:41:267 Ejecutando interfase VDINTERMOVIM
02 17:22:41:290 Empiezo a leer forms vdintermovim.frm
02 17:22:41:299 Termino parse forms vdintermovim.frm
02 17:22:41:299 Ejecutando interfase VDINTERMOVIM
02 17:24:41:322 Empiezo a leer forms vdintermovim.frm
02 17:24:41:327 Termino parse forms vdintermovim.frm
02 17:24:41:327 Ejecutando interfase VDINTERMOVIM
02 17:26:41:342 Empiezo a leer forms vdintermovim.frm
02 17:26:41:347 Termino parse forms vdintermovim.frm
02 17:26:41:347 Ejecutando interfase VDINTERMOVIM
02 17:28:41:357 Empiezo a leer forms vdintermovim.frm
02 17:28:41:362 Termino parse forms vdintermovim.frm
02 17:28:41:362 Ejecutando interfase VDINTERMOVIM
02 17:30:41:372 Empiezo a leer forms vdintermovim.frm
02 17:30:41:377 Termino parse forms vdintermovim.frm
02 17:30:41:377 Ejecutando interfase VDINTERMOVIM
02 17:32:41:392 Empiezo a leer forms vdintermovim.frm
02 17:32:41:400 Termino parse forms vdintermovim.frm
02 17:32:41:400 Ejecutando interfase VDINTERMOVIM
02 17:34:41:412 Empiezo a leer forms vdintermovim.frm
02 17:34:41:419 Termino parse forms vdintermovim.frm
02 17:34:41:419 Ejecutando interfase VDINTERMOVIM
02 17:36:41:432 Empiezo a leer forms vdintermovim.frm
02 17:36:41:435 Termino parse forms vdintermovim.frm
02 17:36:41:437 Ejecutando interfase VDINTERMOVIM
02 17:38:41:455 Empiezo a leer forms vdintermovim.frm
02 17:38:41:462 Termino parse forms vdintermovim.frm
02 17:38:41:462 Ejecutando interfase VDINTERMOVIM
02 17:40:41:475 Empiezo a leer forms vdintermovim.frm
02 17:40:41:482 Termino parse forms vdintermovim.frm
02 17:40:41:482 Ejecutando interfase VDINTERMOVIM
02 17:42:41:500 Empiezo a leer forms vdintermovim.frm
02 17:42:41:507 Termino parse forms vdintermovim.frm
02 17:42:41:507 Ejecutando interfase VDINTERMOVIM
02 17:44:41:524 Empiezo a leer forms vdintermovim.frm
02 17:44:41:529 Termino parse forms vdintermovim.frm
02 17:44:41:529 Ejecutando interfase VDINTERMOVIM
02 17:46:41:550 Empiezo a leer forms vdintermovim.frm
02 17:46:41:557 Termino parse forms vdintermovim.frm
02 17:46:41:559 Ejecutando interfase VDINTERMOVIM
02 17:48:41:580 Empiezo a leer forms vdintermovim.frm
02 17:48:41:587 Termino parse forms vdintermovim.frm
02 17:48:41:587 Ejecutando interfase VDINTERMOVIM
02 17:50:41:605 Empiezo a leer forms vdintermovim.frm
02 17:50:41:612 Termino parse forms vdintermovim.frm
02 17:50:41:612 Ejecutando interfase VDINTERMOVIM
02 17:52:41:627 Empiezo a leer forms vdintermovim.frm
02 17:52:41:632 Termino parse forms vdintermovim.frm
02 17:52:41:634 Ejecutando interfase VDINTERMOVIM
02 17:54:41:649 Empiezo a leer forms vdintermovim.frm
02 17:54:41:652 Termino parse forms vdintermovim.frm
02 17:54:41:652 Ejecutando interfase VDINTERMOVIM
02 17:56:41:662 Empiezo a leer forms vdintermovim.frm
02 17:56:41:667 Termino parse forms vdintermovim.frm
02 17:56:41:667 Ejecutando interfase VDINTERMOVIM
02 17:58:41:684 Empiezo a leer forms vdintermovim.frm
02 17:58:41:687 Termino parse forms vdintermovim.frm
02 17:58:41:689 Ejecutando interfase VDINTERMOVIM

00 17:58:44:700 Fichero de log cerrado.

