00 09:09:35:286 Fichero de log abierto PID 5972

02 09:09:35:287 Intentando abrir fichero v10.ini
02 09:09:35:292 Cargando driver v10oracle funcion damedriveroracle
02 09:09:35:900 Conectado a base de datos
02 09:09:35:902 Proceso ENVIOMOVIM encontrado en tabla VDPROCESOS
02 09:09:35:932 Proceso ENVIOMOVIM cargado con función interfasesalida (Librería VDINTERFASES.DLL) direccion 0675CC80
02 09:09:35:935 PLSQL: INICIALIZADO PAQUETE DE LOG EL DIA 05-04-2022
02 09:09:35:943 Actualizado SID 256 SERIAL 25746 del proceso con PID 5972
00 09:09:35:963 Error al abrir fichero VDST.H
02 09:09:35:997 Empiezo a leer forms vdintermovim.frm
02 09:09:36:007 Termino parse forms vdintermovim.frm
02 09:09:36:007 Ejecutando interfase VDINTERMOVIM
02 09:11:36:027 Empiezo a leer forms vdintermovim.frm
02 09:11:36:031 Termino parse forms vdintermovim.frm
02 09:11:36:031 Ejecutando interfase VDINTERMOVIM
02 09:13:36:042 Empiezo a leer forms vdintermovim.frm
02 09:13:36:046 Termino parse forms vdintermovim.frm
02 09:13:36:047 Ejecutando interfase VDINTERMOVIM
02 09:15:36:063 Empiezo a leer forms vdintermovim.frm
02 09:15:36:067 Termino parse forms vdintermovim.frm
02 09:15:36:067 Ejecutando interfase VDINTERMOVIM
02 09:17:36:077 Empiezo a leer forms vdintermovim.frm
02 09:17:36:082 Termino parse forms vdintermovim.frm
02 09:17:36:083 Ejecutando interfase VDINTERMOVIM
02 09:19:36:098 Empiezo a leer forms vdintermovim.frm
02 09:19:36:105 Termino parse forms vdintermovim.frm
02 09:19:36:105 Ejecutando interfase VDINTERMOVIM
02 09:21:36:123 Empiezo a leer forms vdintermovim.frm
02 09:21:36:130 Termino parse forms vdintermovim.frm
02 09:21:36:131 Ejecutando interfase VDINTERMOVIM
02 09:23:36:151 Empiezo a leer forms vdintermovim.frm
02 09:23:36:157 Termino parse forms vdintermovim.frm
02 09:23:36:157 Ejecutando interfase VDINTERMOVIM
02 09:25:36:175 Empiezo a leer forms vdintermovim.frm
02 09:25:36:181 Termino parse forms vdintermovim.frm
02 09:25:36:182 Ejecutando interfase VDINTERMOVIM
02 09:27:36:202 Empiezo a leer forms vdintermovim.frm
02 09:27:36:207 Termino parse forms vdintermovim.frm
02 09:27:36:208 Ejecutando interfase VDINTERMOVIM
02 09:29:36:230 Empiezo a leer forms vdintermovim.frm
02 09:29:36:235 Termino parse forms vdintermovim.frm
02 09:29:36:236 Ejecutando interfase VDINTERMOVIM
02 09:31:36:252 Empiezo a leer forms vdintermovim.frm
02 09:31:36:257 Termino parse forms vdintermovim.frm
02 09:31:36:257 Ejecutando interfase VDINTERMOVIM
02 09:33:36:270 Empiezo a leer forms vdintermovim.frm
02 09:33:36:276 Termino parse forms vdintermovim.frm
02 09:33:36:277 Ejecutando interfase VDINTERMOVIM
02 09:35:36:295 Empiezo a leer forms vdintermovim.frm
02 09:35:36:300 Termino parse forms vdintermovim.frm
02 09:35:36:300 Ejecutando interfase VDINTERMOVIM
02 09:37:36:315 Empiezo a leer forms vdintermovim.frm
02 09:37:36:318 Termino parse forms vdintermovim.frm
02 09:37:36:318 Ejecutando interfase VDINTERMOVIM
02 09:39:36:336 Empiezo a leer forms vdintermovim.frm
02 09:39:36:340 Termino parse forms vdintermovim.frm
02 09:39:36:341 Ejecutando interfase VDINTERMOVIM
02 09:41:36:362 Empiezo a leer forms vdintermovim.frm
02 09:41:36:368 Termino parse forms vdintermovim.frm
02 09:41:36:370 Ejecutando interfase VDINTERMOVIM
02 09:43:36:392 Empiezo a leer forms vdintermovim.frm
02 09:43:36:397 Termino parse forms vdintermovim.frm
02 09:43:36:398 Ejecutando interfase VDINTERMOVIM
02 09:45:36:410 Empiezo a leer forms vdintermovim.frm
02 09:45:36:416 Termino parse forms vdintermovim.frm
02 09:45:36:417 Ejecutando interfase VDINTERMOVIM
02 09:47:36:441 Empiezo a leer forms vdintermovim.frm
02 09:47:36:447 Termino parse forms vdintermovim.frm
02 09:47:36:447 Ejecutando interfase VDINTERMOVIM
02 09:49:36:462 Empiezo a leer forms vdintermovim.frm
02 09:49:36:468 Termino parse forms vdintermovim.frm
02 09:49:36:470 Ejecutando interfase VDINTERMOVIM
02 09:51:36:483 Empiezo a leer forms vdintermovim.frm
02 09:51:36:490 Termino parse forms vdintermovim.frm
02 09:51:36:490 Ejecutando interfase VDINTERMOVIM
02 09:53:36:507 Empiezo a leer forms vdintermovim.frm
02 09:53:36:512 Termino parse forms vdintermovim.frm
02 09:53:36:512 Ejecutando interfase VDINTERMOVIM
02 09:55:36:530 Empiezo a leer forms vdintermovim.frm
02 09:55:36:535 Termino parse forms vdintermovim.frm
02 09:55:36:535 Ejecutando interfase VDINTERMOVIM

00 09:57:03:190 Fichero de log cerrado.

00 09:57:16:493 Fichero de log abierto PID 9040

02 09:57:16:495 Intentando abrir fichero v10.ini
02 09:57:16:503 Cargando driver v10oracle funcion damedriveroracle
02 09:57:17:048 Conectado a base de datos
02 09:57:17:052 Proceso ENVIOMOVIM encontrado en tabla VDPROCESOS
02 09:57:17:058 Proceso ENVIOMOVIM cargado con función interfasesalida (Librería VDINTERFASES.DLL) direccion 0615CC80
02 09:57:17:061 PLSQL: INICIALIZADO PAQUETE DE LOG EL DIA 05-04-2022
02 09:57:17:071 Actualizado SID 748 SERIAL 43218 del proceso con PID 9040
00 09:57:17:082 Error al abrir fichero VDST.H
02 09:57:17:083 Empiezo a leer forms vdintermovim.frm
02 09:57:17:097 Termino parse forms vdintermovim.frm
02 09:57:17:097 Ejecutando interfase VDINTERMOVIM
02 09:59:17:117 Empiezo a leer forms vdintermovim.frm
02 09:59:17:127 Termino parse forms vdintermovim.frm
02 09:59:17:127 Ejecutando interfase VDINTERMOVIM
02 10:01:17:152 Empiezo a leer forms vdintermovim.frm
02 10:01:17:158 Termino parse forms vdintermovim.frm
02 10:01:17:160 Ejecutando interfase VDINTERMOVIM

00 10:01:40:407 Fichero de log cerrado.

00 10:03:38:632 Fichero de log abierto PID 2720

02 10:03:38:635 Intentando abrir fichero v10.ini
02 10:03:38:641 Cargando driver v10oracle funcion damedriveroracle
02 10:03:39:101 Conectado a base de datos
02 10:03:39:102 Proceso ENVIOMOVIM encontrado en tabla VDPROCESOS
02 10:03:39:136 Proceso ENVIOMOVIM cargado con función interfasesalida (Librería VDINTERFASES.DLL) direccion 05A5CC80
02 10:03:39:138 PLSQL: INICIALIZADO PAQUETE DE LOG EL DIA 05-04-2022
02 10:03:39:147 Actualizado SID 7 SERIAL 33934 del proceso con PID 2720
00 10:03:39:161 Error al abrir fichero VDST.H
02 10:03:39:167 Empiezo a leer forms vdintermovim.frm
02 10:03:39:213 Termino parse forms vdintermovim.frm
02 10:03:39:213 Ejecutando interfase VDINTERMOVIM
02 10:05:39:322 Empiezo a leer forms vdintermovim.frm
02 10:05:39:322 Termino parse forms vdintermovim.frm
02 10:05:39:322 Ejecutando interfase VDINTERMOVIM
02 10:07:39:332 Empiezo a leer forms vdintermovim.frm
02 10:07:39:332 Termino parse forms vdintermovim.frm
02 10:07:39:332 Ejecutando interfase VDINTERMOVIM
02 10:09:39:346 Empiezo a leer forms vdintermovim.frm
02 10:09:39:346 Termino parse forms vdintermovim.frm
02 10:09:39:346 Ejecutando interfase VDINTERMOVIM
02 10:11:39:360 Empiezo a leer forms vdintermovim.frm
02 10:11:39:362 Termino parse forms vdintermovim.frm
02 10:11:39:362 Ejecutando interfase VDINTERMOVIM
02 10:13:39:382 Empiezo a leer forms vdintermovim.frm
02 10:13:39:386 Termino parse forms vdintermovim.frm
02 10:13:39:386 Ejecutando interfase VDINTERMOVIM
02 10:15:39:391 Empiezo a leer forms vdintermovim.frm
02 10:15:39:393 Termino parse forms vdintermovim.frm
02 10:15:39:393 Ejecutando interfase VDINTERMOVIM
02 10:17:39:412 Empiezo a leer forms vdintermovim.frm
02 10:17:39:416 Termino parse forms vdintermovim.frm
02 10:17:39:416 Ejecutando interfase VDINTERMOVIM
02 10:19:39:427 Empiezo a leer forms vdintermovim.frm
02 10:19:39:432 Termino parse forms vdintermovim.frm
02 10:19:39:432 Ejecutando interfase VDINTERMOVIM
02 10:21:39:460 Empiezo a leer forms vdintermovim.frm
02 10:21:39:462 Termino parse forms vdintermovim.frm
02 10:21:39:462 Ejecutando interfase VDINTERMOVIM
02 10:23:39:480 Empiezo a leer forms vdintermovim.frm
02 10:23:39:483 Termino parse forms vdintermovim.frm
02 10:23:39:483 Ejecutando interfase VDINTERMOVIM
02 10:25:39:491 Empiezo a leer forms vdintermovim.frm
02 10:25:39:493 Termino parse forms vdintermovim.frm
02 10:25:39:495 Ejecutando interfase VDINTERMOVIM
02 10:27:39:515 Empiezo a leer forms vdintermovim.frm
02 10:27:39:517 Termino parse forms vdintermovim.frm
02 10:27:39:517 Ejecutando interfase VDINTERMOVIM
02 10:29:39:527 Empiezo a leer forms vdintermovim.frm
02 10:29:39:528 Termino parse forms vdintermovim.frm
02 10:29:39:530 Ejecutando interfase VDINTERMOVIM
02 10:31:39:547 Empiezo a leer forms vdintermovim.frm
02 10:31:39:552 Termino parse forms vdintermovim.frm
02 10:31:39:552 Ejecutando interfase VDINTERMOVIM
02 10:33:39:563 Empiezo a leer forms vdintermovim.frm
02 10:33:39:567 Termino parse forms vdintermovim.frm
02 10:33:39:567 Ejecutando interfase VDINTERMOVIM
02 10:35:39:588 Empiezo a leer forms vdintermovim.frm
02 10:35:39:593 Termino parse forms vdintermovim.frm
02 10:35:39:593 Ejecutando interfase VDINTERMOVIM
02 10:37:39:612 Empiezo a leer forms vdintermovim.frm
02 10:37:39:625 Termino parse forms vdintermovim.frm
02 10:37:39:626 Ejecutando interfase VDINTERMOVIM
02 10:39:39:637 Empiezo a leer forms vdintermovim.frm
02 10:39:39:642 Termino parse forms vdintermovim.frm
02 10:39:39:642 Ejecutando interfase VDINTERMOVIM
02 10:41:39:651 Empiezo a leer forms vdintermovim.frm
02 10:41:39:653 Termino parse forms vdintermovim.frm
02 10:41:39:655 Ejecutando interfase VDINTERMOVIM
02 10:43:39:673 Empiezo a leer forms vdintermovim.frm
02 10:43:39:680 Termino parse forms vdintermovim.frm
02 10:43:39:680 Ejecutando interfase VDINTERMOVIM
02 10:45:39:698 Empiezo a leer forms vdintermovim.frm
02 10:45:39:702 Termino parse forms vdintermovim.frm
02 10:45:39:702 Ejecutando interfase VDINTERMOVIM
02 10:47:39:715 Empiezo a leer forms vdintermovim.frm
02 10:47:39:717 Termino parse forms vdintermovim.frm
02 10:47:39:717 Ejecutando interfase VDINTERMOVIM
02 10:49:39:730 Empiezo a leer forms vdintermovim.frm
02 10:49:39:732 Termino parse forms vdintermovim.frm
02 10:49:39:732 Ejecutando interfase VDINTERMOVIM
02 10:51:39:738 Empiezo a leer forms vdintermovim.frm
02 10:51:39:745 Termino parse forms vdintermovim.frm
02 10:51:39:745 Ejecutando interfase VDINTERMOVIM
02 10:53:39:761 Empiezo a leer forms vdintermovim.frm
02 10:53:39:765 Termino parse forms vdintermovim.frm
02 10:53:39:765 Ejecutando interfase VDINTERMOVIM
02 10:55:39:777 Empiezo a leer forms vdintermovim.frm
02 10:55:39:782 Termino parse forms vdintermovim.frm
02 10:55:39:782 Ejecutando interfase VDINTERMOVIM
02 10:57:39:795 Empiezo a leer forms vdintermovim.frm
02 10:57:39:801 Termino parse forms vdintermovim.frm
02 10:57:39:801 Ejecutando interfase VDINTERMOVIM
02 10:59:39:812 Empiezo a leer forms vdintermovim.frm
02 10:59:39:817 Termino parse forms vdintermovim.frm
02 10:59:39:817 Ejecutando interfase VDINTERMOVIM
02 11:01:39:837 Empiezo a leer forms vdintermovim.frm
02 11:01:39:840 Termino parse forms vdintermovim.frm
02 11:01:39:840 Ejecutando interfase VDINTERMOVIM
02 11:03:39:855 Empiezo a leer forms vdintermovim.frm
02 11:03:39:860 Termino parse forms vdintermovim.frm
02 11:03:39:860 Ejecutando interfase VDINTERMOVIM
02 11:05:39:878 Empiezo a leer forms vdintermovim.frm
02 11:05:39:882 Termino parse forms vdintermovim.frm
02 11:05:39:883 Ejecutando interfase VDINTERMOVIM
02 11:32:04:860 Empiezo a leer forms vdintermovim.frm
02 11:32:04:877 Termino parse forms vdintermovim.frm
02 11:32:04:887 Ejecutando interfase VDINTERMOVIM
02 11:34:04:920 Empiezo a leer forms vdintermovim.frm
02 11:34:04:922 Termino parse forms vdintermovim.frm
02 11:34:04:922 Ejecutando interfase VDINTERMOVIM
02 11:36:04:933 Empiezo a leer forms vdintermovim.frm
02 11:36:04:937 Termino parse forms vdintermovim.frm
02 11:36:04:937 Ejecutando interfase VDINTERMOVIM
02 11:38:04:960 Empiezo a leer forms vdintermovim.frm
02 11:38:04:967 Termino parse forms vdintermovim.frm
02 11:38:04:967 Ejecutando interfase VDINTERMOVIM
02 11:40:04:987 Empiezo a leer forms vdintermovim.frm
02 11:40:04:992 Termino parse forms vdintermovim.frm
02 11:40:04:992 Ejecutando interfase VDINTERMOVIM
02 11:42:05:005 Empiezo a leer forms vdintermovim.frm
02 11:42:05:012 Termino parse forms vdintermovim.frm
02 11:42:05:012 Ejecutando interfase VDINTERMOVIM
02 11:44:05:024 Empiezo a leer forms vdintermovim.frm
02 11:44:05:030 Termino parse forms vdintermovim.frm
02 11:44:05:030 Ejecutando interfase VDINTERMOVIM
02 11:46:05:052 Empiezo a leer forms vdintermovim.frm
02 11:46:05:055 Termino parse forms vdintermovim.frm
02 11:46:05:055 Ejecutando interfase VDINTERMOVIM
02 11:48:05:077 Empiezo a leer forms vdintermovim.frm
02 11:48:05:080 Termino parse forms vdintermovim.frm
02 11:48:05:080 Ejecutando interfase VDINTERMOVIM
02 11:50:05:097 Empiezo a leer forms vdintermovim.frm
02 11:50:05:102 Termino parse forms vdintermovim.frm
02 11:50:05:102 Ejecutando interfase VDINTERMOVIM
02 11:52:05:114 Empiezo a leer forms vdintermovim.frm
02 11:52:05:117 Termino parse forms vdintermovim.frm
02 11:52:05:117 Ejecutando interfase VDINTERMOVIM
02 11:54:05:130 Empiezo a leer forms vdintermovim.frm
02 11:54:05:134 Termino parse forms vdintermovim.frm
02 11:54:05:134 Ejecutando interfase VDINTERMOVIM
02 11:56:05:155 Empiezo a leer forms vdintermovim.frm
02 11:56:05:159 Termino parse forms vdintermovim.frm
02 11:56:05:159 Ejecutando interfase VDINTERMOVIM
02 11:58:05:165 Empiezo a leer forms vdintermovim.frm
02 11:58:05:167 Termino parse forms vdintermovim.frm
02 11:58:05:169 Ejecutando interfase VDINTERMOVIM
02 12:00:05:182 Empiezo a leer forms vdintermovim.frm
02 12:00:05:187 Termino parse forms vdintermovim.frm
02 12:00:05:187 Ejecutando interfase VDINTERMOVIM
02 12:02:05:205 Empiezo a leer forms vdintermovim.frm
02 12:02:05:209 Termino parse forms vdintermovim.frm
02 12:02:05:209 Ejecutando interfase VDINTERMOVIM
02 12:04:05:232 Empiezo a leer forms vdintermovim.frm
02 12:04:05:237 Termino parse forms vdintermovim.frm
02 12:04:05:237 Ejecutando interfase VDINTERMOVIM
02 12:06:05:260 Empiezo a leer forms vdintermovim.frm
02 12:06:05:265 Termino parse forms vdintermovim.frm
02 12:06:05:265 Ejecutando interfase VDINTERMOVIM
02 12:08:05:272 Empiezo a leer forms vdintermovim.frm
02 12:08:05:275 Termino parse forms vdintermovim.frm
02 12:08:05:275 Ejecutando interfase VDINTERMOVIM
02 12:10:05:294 Empiezo a leer forms vdintermovim.frm
02 12:10:05:302 Termino parse forms vdintermovim.frm
02 12:10:05:302 Ejecutando interfase VDINTERMOVIM
02 12:12:05:315 Empiezo a leer forms vdintermovim.frm
02 12:12:05:320 Termino parse forms vdintermovim.frm
02 12:12:05:320 Ejecutando interfase VDINTERMOVIM
02 12:14:05:332 Empiezo a leer forms vdintermovim.frm
02 12:14:05:337 Termino parse forms vdintermovim.frm
02 12:14:05:337 Ejecutando interfase VDINTERMOVIM
02 12:16:05:352 Empiezo a leer forms vdintermovim.frm
02 12:16:05:355 Termino parse forms vdintermovim.frm
02 12:16:05:355 Ejecutando interfase VDINTERMOVIM
02 12:18:05:370 Empiezo a leer forms vdintermovim.frm
02 12:18:05:374 Termino parse forms vdintermovim.frm
02 12:18:05:374 Ejecutando interfase VDINTERMOVIM
02 12:20:05:394 Empiezo a leer forms vdintermovim.frm
02 12:20:05:400 Termino parse forms vdintermovim.frm
02 12:20:05:400 Ejecutando interfase VDINTERMOVIM
02 12:22:05:420 Empiezo a leer forms vdintermovim.frm
02 12:22:05:425 Termino parse forms vdintermovim.frm
02 12:22:05:425 Ejecutando interfase VDINTERMOVIM
02 12:24:05:439 Empiezo a leer forms vdintermovim.frm
02 12:24:05:445 Termino parse forms vdintermovim.frm
02 12:24:05:445 Ejecutando interfase VDINTERMOVIM
02 12:26:05:465 Empiezo a leer forms vdintermovim.frm
02 12:26:05:470 Termino parse forms vdintermovim.frm
02 12:26:05:470 Ejecutando interfase VDINTERMOVIM
02 12:28:05:482 Empiezo a leer forms vdintermovim.frm
02 12:28:05:485 Termino parse forms vdintermovim.frm
02 12:28:05:487 Ejecutando interfase VDINTERMOVIM
02 12:30:05:497 Empiezo a leer forms vdintermovim.frm
02 12:30:05:500 Termino parse forms vdintermovim.frm
02 12:30:05:502 Ejecutando interfase VDINTERMOVIM
02 12:32:05:520 Empiezo a leer forms vdintermovim.frm
02 12:32:05:525 Termino parse forms vdintermovim.frm
02 12:32:05:527 Ejecutando interfase VDINTERMOVIM
02 12:34:05:545 Empiezo a leer forms vdintermovim.frm
02 12:34:05:552 Termino parse forms vdintermovim.frm
02 12:34:05:552 Ejecutando interfase VDINTERMOVIM
02 12:36:05:575 Empiezo a leer forms vdintermovim.frm
02 12:36:05:584 Termino parse forms vdintermovim.frm
02 12:36:05:584 Ejecutando interfase VDINTERMOVIM
02 12:38:05:595 Empiezo a leer forms vdintermovim.frm
02 12:38:05:600 Termino parse forms vdintermovim.frm
02 12:38:05:600 Ejecutando interfase VDINTERMOVIM
02 12:40:05:620 Empiezo a leer forms vdintermovim.frm
02 12:40:05:624 Termino parse forms vdintermovim.frm
02 12:40:05:625 Ejecutando interfase VDINTERMOVIM
02 12:42:05:647 Empiezo a leer forms vdintermovim.frm
02 12:42:05:655 Termino parse forms vdintermovim.frm
02 12:42:05:655 Ejecutando interfase VDINTERMOVIM
02 12:44:05:677 Empiezo a leer forms vdintermovim.frm
02 12:44:05:684 Termino parse forms vdintermovim.frm
02 12:44:05:684 Ejecutando interfase VDINTERMOVIM
02 12:46:05:694 Empiezo a leer forms vdintermovim.frm
02 12:46:05:697 Termino parse forms vdintermovim.frm
02 12:46:05:699 Ejecutando interfase VDINTERMOVIM
02 12:48:05:717 Empiezo a leer forms vdintermovim.frm
02 12:48:05:722 Termino parse forms vdintermovim.frm
02 12:48:05:722 Ejecutando interfase VDINTERMOVIM
02 12:50:05:735 Empiezo a leer forms vdintermovim.frm
02 12:50:05:747 Termino parse forms vdintermovim.frm
02 12:50:05:747 Ejecutando interfase VDINTERMOVIM
02 12:52:05:772 Empiezo a leer forms vdintermovim.frm
02 12:52:05:782 Termino parse forms vdintermovim.frm
02 12:52:05:782 Ejecutando interfase VDINTERMOVIM
02 12:54:05:795 Empiezo a leer forms vdintermovim.frm
02 12:54:05:802 Termino parse forms vdintermovim.frm
02 12:54:05:802 Ejecutando interfase VDINTERMOVIM
02 12:56:05:825 Empiezo a leer forms vdintermovim.frm
02 12:56:05:832 Termino parse forms vdintermovim.frm
02 12:56:05:832 Ejecutando interfase VDINTERMOVIM
02 12:58:05:855 Empiezo a leer forms vdintermovim.frm
02 12:58:05:860 Termino parse forms vdintermovim.frm
02 12:58:05:860 Ejecutando interfase VDINTERMOVIM
02 13:00:05:877 Empiezo a leer forms vdintermovim.frm
02 13:00:05:882 Termino parse forms vdintermovim.frm
02 13:00:05:882 Ejecutando interfase VDINTERMOVIM
02 13:02:05:897 Empiezo a leer forms vdintermovim.frm
02 13:02:05:900 Termino parse forms vdintermovim.frm
02 13:02:05:900 Ejecutando interfase VDINTERMOVIM
02 13:04:05:925 Empiezo a leer forms vdintermovim.frm
02 13:04:05:929 Termino parse forms vdintermovim.frm
02 13:04:05:929 Ejecutando interfase VDINTERMOVIM
02 13:06:05:949 Empiezo a leer forms vdintermovim.frm
02 13:06:05:955 Termino parse forms vdintermovim.frm
02 13:06:05:955 Ejecutando interfase VDINTERMOVIM
02 13:08:05:975 Empiezo a leer forms vdintermovim.frm
02 13:08:05:982 Termino parse forms vdintermovim.frm
02 13:08:05:982 Ejecutando interfase VDINTERMOVIM
02 13:10:06:005 Empiezo a leer forms vdintermovim.frm
02 13:10:06:012 Termino parse forms vdintermovim.frm
02 13:10:06:012 Ejecutando interfase VDINTERMOVIM
02 13:12:06:024 Empiezo a leer forms vdintermovim.frm
02 13:12:06:030 Termino parse forms vdintermovim.frm
02 13:12:06:030 Ejecutando interfase VDINTERMOVIM
02 13:14:06:042 Empiezo a leer forms vdintermovim.frm
02 13:14:06:045 Termino parse forms vdintermovim.frm
02 13:14:06:045 Ejecutando interfase VDINTERMOVIM
02 13:16:06:054 Empiezo a leer forms vdintermovim.frm
02 13:16:06:057 Termino parse forms vdintermovim.frm
02 13:16:06:059 Ejecutando interfase VDINTERMOVIM
02 13:18:06:074 Empiezo a leer forms vdintermovim.frm
02 13:18:06:080 Termino parse forms vdintermovim.frm
02 13:18:06:080 Ejecutando interfase VDINTERMOVIM
02 13:20:06:097 Empiezo a leer forms vdintermovim.frm
02 13:20:06:105 Termino parse forms vdintermovim.frm
02 13:20:06:105 Ejecutando interfase VDINTERMOVIM
02 13:22:06:115 Empiezo a leer forms vdintermovim.frm
02 13:22:06:122 Termino parse forms vdintermovim.frm
02 13:22:06:124 Ejecutando interfase VDINTERMOVIM
02 13:24:06:147 Empiezo a leer forms vdintermovim.frm
02 13:24:06:155 Termino parse forms vdintermovim.frm
02 13:24:06:155 Ejecutando interfase VDINTERMOVIM
02 13:26:06:175 Empiezo a leer forms vdintermovim.frm
02 13:26:06:180 Termino parse forms vdintermovim.frm
02 13:26:06:182 Ejecutando interfase VDINTERMOVIM
02 13:28:06:197 Empiezo a leer forms vdintermovim.frm
02 13:28:06:200 Termino parse forms vdintermovim.frm
02 13:28:06:200 Ejecutando interfase VDINTERMOVIM
02 13:30:06:210 Empiezo a leer forms vdintermovim.frm
02 13:30:06:212 Termino parse forms vdintermovim.frm
02 13:30:06:214 Ejecutando interfase VDINTERMOVIM
02 13:32:06:232 Empiezo a leer forms vdintermovim.frm
02 13:32:06:239 Termino parse forms vdintermovim.frm
02 13:32:06:239 Ejecutando interfase VDINTERMOVIM
02 13:34:06:259 Empiezo a leer forms vdintermovim.frm
02 13:34:06:262 Termino parse forms vdintermovim.frm
02 13:34:06:262 Ejecutando interfase VDINTERMOVIM
02 13:36:06:284 Empiezo a leer forms vdintermovim.frm
02 13:36:06:290 Termino parse forms vdintermovim.frm
02 13:36:06:290 Ejecutando interfase VDINTERMOVIM
02 13:38:06:302 Empiezo a leer forms vdintermovim.frm
02 13:38:06:309 Termino parse forms vdintermovim.frm
02 13:38:06:309 Ejecutando interfase VDINTERMOVIM
02 13:40:06:352 Empiezo a leer forms vdintermovim.frm
02 13:40:06:355 Termino parse forms vdintermovim.frm
02 13:40:06:355 Ejecutando interfase VDINTERMOVIM
02 13:42:06:365 Empiezo a leer forms vdintermovim.frm
02 13:42:06:370 Termino parse forms vdintermovim.frm
02 13:42:06:370 Ejecutando interfase VDINTERMOVIM
02 13:44:06:377 Empiezo a leer forms vdintermovim.frm
02 13:44:06:380 Termino parse forms vdintermovim.frm
02 13:44:06:380 Ejecutando interfase VDINTERMOVIM
02 13:46:06:397 Empiezo a leer forms vdintermovim.frm
02 13:46:06:404 Termino parse forms vdintermovim.frm
02 13:46:06:404 Ejecutando interfase VDINTERMOVIM
02 13:48:06:422 Empiezo a leer forms vdintermovim.frm
02 13:48:06:427 Termino parse forms vdintermovim.frm
02 13:48:06:427 Ejecutando interfase VDINTERMOVIM
02 13:50:06:449 Empiezo a leer forms vdintermovim.frm
02 13:50:06:452 Termino parse forms vdintermovim.frm
02 13:50:06:452 Ejecutando interfase VDINTERMOVIM
02 13:52:06:474 Empiezo a leer forms vdintermovim.frm
02 13:52:06:479 Termino parse forms vdintermovim.frm
02 13:52:06:479 Ejecutando interfase VDINTERMOVIM
02 13:54:06:492 Empiezo a leer forms vdintermovim.frm
02 13:54:06:497 Termino parse forms vdintermovim.frm
02 13:54:06:497 Ejecutando interfase VDINTERMOVIM
02 13:56:06:514 Empiezo a leer forms vdintermovim.frm
02 13:56:06:517 Termino parse forms vdintermovim.frm
02 13:56:06:517 Ejecutando interfase VDINTERMOVIM
02 13:58:06:537 Empiezo a leer forms vdintermovim.frm
02 13:58:06:542 Termino parse forms vdintermovim.frm
02 13:58:06:542 Ejecutando interfase VDINTERMOVIM
02 14:00:06:557 Empiezo a leer forms vdintermovim.frm
02 14:00:06:562 Termino parse forms vdintermovim.frm
02 14:00:06:562 Ejecutando interfase VDINTERMOVIM
02 14:02:06:582 Empiezo a leer forms vdintermovim.frm
02 14:02:06:587 Termino parse forms vdintermovim.frm
02 14:02:06:587 Ejecutando interfase VDINTERMOVIM
02 14:04:06:602 Empiezo a leer forms vdintermovim.frm
02 14:04:06:605 Termino parse forms vdintermovim.frm
02 14:04:06:607 Ejecutando interfase VDINTERMOVIM
02 14:06:06:622 Empiezo a leer forms vdintermovim.frm
02 14:06:06:629 Termino parse forms vdintermovim.frm
02 14:06:06:629 Ejecutando interfase VDINTERMOVIM
02 14:08:06:639 Empiezo a leer forms vdintermovim.frm
02 14:08:06:642 Termino parse forms vdintermovim.frm
02 14:08:06:644 Ejecutando interfase VDINTERMOVIM
02 14:10:06:662 Empiezo a leer forms vdintermovim.frm
02 14:10:06:667 Termino parse forms vdintermovim.frm
02 14:10:06:667 Ejecutando interfase VDINTERMOVIM
02 14:12:06:680 Empiezo a leer forms vdintermovim.frm
02 14:12:06:685 Termino parse forms vdintermovim.frm
02 14:12:06:685 Ejecutando interfase VDINTERMOVIM
02 14:14:06:699 Empiezo a leer forms vdintermovim.frm
02 14:14:06:704 Termino parse forms vdintermovim.frm
02 14:14:06:704 Ejecutando interfase VDINTERMOVIM
02 14:16:06:717 Empiezo a leer forms vdintermovim.frm
02 14:16:06:722 Termino parse forms vdintermovim.frm
02 14:16:06:722 Ejecutando interfase VDINTERMOVIM
02 14:18:06:740 Empiezo a leer forms vdintermovim.frm
02 14:18:06:742 Termino parse forms vdintermovim.frm
02 14:18:06:742 Ejecutando interfase VDINTERMOVIM
02 14:20:06:755 Empiezo a leer forms vdintermovim.frm
02 14:20:06:760 Termino parse forms vdintermovim.frm
02 14:20:06:760 Ejecutando interfase VDINTERMOVIM
02 14:22:06:777 Empiezo a leer forms vdintermovim.frm
02 14:22:06:782 Termino parse forms vdintermovim.frm
02 14:22:06:782 Ejecutando interfase VDINTERMOVIM
02 14:24:06:797 Empiezo a leer forms vdintermovim.frm
02 14:24:06:802 Termino parse forms vdintermovim.frm
02 14:24:06:802 Ejecutando interfase VDINTERMOVIM
02 14:26:06:810 Empiezo a leer forms vdintermovim.frm
02 14:26:06:815 Termino parse forms vdintermovim.frm
02 14:26:06:815 Ejecutando interfase VDINTERMOVIM
02 14:28:06:835 Empiezo a leer forms vdintermovim.frm
02 14:28:06:840 Termino parse forms vdintermovim.frm
02 14:28:06:840 Ejecutando interfase VDINTERMOVIM
02 14:30:06:859 Empiezo a leer forms vdintermovim.frm
02 14:30:06:864 Termino parse forms vdintermovim.frm
02 14:30:06:865 Ejecutando interfase VDINTERMOVIM
02 14:32:06:874 Empiezo a leer forms vdintermovim.frm
02 14:32:06:877 Termino parse forms vdintermovim.frm
02 14:32:06:877 Ejecutando interfase VDINTERMOVIM
02 14:34:06:885 Empiezo a leer forms vdintermovim.frm
02 14:34:06:890 Termino parse forms vdintermovim.frm
02 14:34:06:890 Ejecutando interfase VDINTERMOVIM
02 14:36:06:910 Empiezo a leer forms vdintermovim.frm
02 14:36:06:917 Termino parse forms vdintermovim.frm
02 14:36:06:917 Ejecutando interfase VDINTERMOVIM
02 14:38:06:924 Empiezo a leer forms vdintermovim.frm
02 14:38:06:929 Termino parse forms vdintermovim.frm
02 14:38:06:930 Ejecutando interfase VDINTERMOVIM
02 14:40:06:945 Empiezo a leer forms vdintermovim.frm
02 14:40:06:950 Termino parse forms vdintermovim.frm
02 14:40:06:950 Ejecutando interfase VDINTERMOVIM
02 14:42:06:962 Empiezo a leer forms vdintermovim.frm
02 14:42:06:967 Termino parse forms vdintermovim.frm
02 14:42:06:967 Ejecutando interfase VDINTERMOVIM
02 14:44:06:987 Empiezo a leer forms vdintermovim.frm
02 14:44:06:992 Termino parse forms vdintermovim.frm
02 14:44:06:992 Ejecutando interfase VDINTERMOVIM
02 14:46:07:007 Empiezo a leer forms vdintermovim.frm
02 14:46:07:012 Termino parse forms vdintermovim.frm
02 14:46:07:014 Ejecutando interfase VDINTERMOVIM
02 14:48:07:020 Empiezo a leer forms vdintermovim.frm
02 14:48:07:024 Termino parse forms vdintermovim.frm
02 14:48:07:025 Ejecutando interfase VDINTERMOVIM
02 14:50:07:040 Empiezo a leer forms vdintermovim.frm
02 14:50:07:047 Termino parse forms vdintermovim.frm
02 14:50:07:047 Ejecutando interfase VDINTERMOVIM
02 14:52:07:065 Empiezo a leer forms vdintermovim.frm
02 14:52:07:069 Termino parse forms vdintermovim.frm
02 14:52:07:069 Ejecutando interfase VDINTERMOVIM
02 14:54:07:090 Empiezo a leer forms vdintermovim.frm
02 14:54:07:100 Termino parse forms vdintermovim.frm
02 14:54:07:100 Ejecutando interfase VDINTERMOVIM
02 14:56:07:114 Empiezo a leer forms vdintermovim.frm
02 14:56:07:119 Termino parse forms vdintermovim.frm
02 14:56:07:119 Ejecutando interfase VDINTERMOVIM
02 15:46:31:879 Empiezo a leer forms vdintermovim.frm
02 15:46:31:884 Termino parse forms vdintermovim.frm
02 15:46:31:885 Ejecutando interfase VDINTERMOVIM
02 15:48:31:889 Empiezo a leer forms vdintermovim.frm
02 15:48:31:892 Termino parse forms vdintermovim.frm
02 15:48:31:892 Ejecutando interfase VDINTERMOVIM
02 15:50:31:899 Empiezo a leer forms vdintermovim.frm
02 15:50:31:902 Termino parse forms vdintermovim.frm
02 15:50:31:902 Ejecutando interfase VDINTERMOVIM
02 15:52:31:922 Empiezo a leer forms vdintermovim.frm
02 15:52:31:925 Termino parse forms vdintermovim.frm
02 15:52:31:925 Ejecutando interfase VDINTERMOVIM
02 15:54:31:937 Empiezo a leer forms vdintermovim.frm
02 15:54:31:944 Termino parse forms vdintermovim.frm
02 15:54:31:944 Ejecutando interfase VDINTERMOVIM
02 15:56:31:957 Empiezo a leer forms vdintermovim.frm
02 15:56:31:962 Termino parse forms vdintermovim.frm
02 15:56:31:962 Ejecutando interfase VDINTERMOVIM
02 15:58:31:985 Empiezo a leer forms vdintermovim.frm
02 15:58:31:987 Termino parse forms vdintermovim.frm
02 15:58:31:987 Ejecutando interfase VDINTERMOVIM
02 16:00:31:999 Empiezo a leer forms vdintermovim.frm
02 16:00:32:002 Termino parse forms vdintermovim.frm
02 16:00:32:002 Ejecutando interfase VDINTERMOVIM
02 16:02:32:015 Empiezo a leer forms vdintermovim.frm
02 16:02:32:020 Termino parse forms vdintermovim.frm
02 16:02:32:020 Ejecutando interfase VDINTERMOVIM
02 16:04:32:037 Empiezo a leer forms vdintermovim.frm
02 16:04:32:042 Termino parse forms vdintermovim.frm
02 16:04:32:042 Ejecutando interfase VDINTERMOVIM
02 16:06:32:050 Empiezo a leer forms vdintermovim.frm
02 16:06:32:054 Termino parse forms vdintermovim.frm
02 16:06:32:054 Ejecutando interfase VDINTERMOVIM
02 16:08:32:067 Empiezo a leer forms vdintermovim.frm
02 16:08:32:070 Termino parse forms vdintermovim.frm
02 16:08:32:070 Ejecutando interfase VDINTERMOVIM
02 16:10:32:085 Empiezo a leer forms vdintermovim.frm
02 16:10:32:087 Termino parse forms vdintermovim.frm
02 16:10:32:089 Ejecutando interfase VDINTERMOVIM
02 16:12:32:102 Empiezo a leer forms vdintermovim.frm
02 16:12:32:107 Termino parse forms vdintermovim.frm
02 16:12:32:107 Ejecutando interfase VDINTERMOVIM
02 16:14:32:117 Empiezo a leer forms vdintermovim.frm
02 16:14:32:122 Termino parse forms vdintermovim.frm
02 16:14:32:124 Ejecutando interfase VDINTERMOVIM

00 16:14:51:335 Fichero de log cerrado.

00 16:15:02:060 Fichero de log abierto PID 8672

02 16:15:02:062 Intentando abrir fichero v10.ini
02 16:15:02:069 Cargando driver v10oracle funcion damedriveroracle
02 16:15:03:140 Conectado a base de datos
02 16:15:03:145 Proceso ENVIOMOVIM encontrado en tabla VDPROCESOS
02 16:15:03:170 Proceso ENVIOMOVIM cargado con función interfasesalida (Librería VDINTERFASES.DLL) direccion 05E7CC80
02 16:15:03:177 PLSQL: INICIALIZADO PAQUETE DE LOG EL DIA 05-04-2022
02 16:15:03:210 Actualizado SID 134 SERIAL 21356 del proceso con PID 8672
00 16:15:03:232 Error al abrir fichero VDST.H
02 16:15:03:237 Empiezo a leer forms vdintermovim.frm
02 16:15:03:285 Termino parse forms vdintermovim.frm
02 16:15:03:285 Ejecutando interfase VDINTERMOVIM
02 16:17:03:317 Empiezo a leer forms vdintermovim.frm
02 16:17:03:325 Termino parse forms vdintermovim.frm
02 16:17:03:325 Ejecutando interfase VDINTERMOVIM
02 16:19:03:347 Empiezo a leer forms vdintermovim.frm
02 16:19:03:355 Termino parse forms vdintermovim.frm
02 16:19:03:355 Ejecutando interfase VDINTERMOVIM
02 16:21:03:377 Empiezo a leer forms vdintermovim.frm
02 16:21:03:382 Termino parse forms vdintermovim.frm
02 16:21:03:382 Ejecutando interfase VDINTERMOVIM
02 16:23:03:392 Empiezo a leer forms vdintermovim.frm
02 16:23:03:400 Termino parse forms vdintermovim.frm
02 16:23:03:400 Ejecutando interfase VDINTERMOVIM
02 16:25:03:420 Empiezo a leer forms vdintermovim.frm
02 16:25:03:427 Termino parse forms vdintermovim.frm
02 16:25:03:427 Ejecutando interfase VDINTERMOVIM
02 16:27:03:452 Empiezo a leer forms vdintermovim.frm
02 16:27:03:460 Termino parse forms vdintermovim.frm
02 16:27:03:460 Ejecutando interfase VDINTERMOVIM
02 16:29:03:479 Empiezo a leer forms vdintermovim.frm
02 16:29:03:485 Termino parse forms vdintermovim.frm
02 16:29:03:485 Ejecutando interfase VDINTERMOVIM
02 16:31:03:502 Empiezo a leer forms vdintermovim.frm
02 16:31:03:505 Termino parse forms vdintermovim.frm
02 16:31:03:505 Ejecutando interfase VDINTERMOVIM
02 16:33:03:522 Empiezo a leer forms vdintermovim.frm
02 16:33:03:524 Termino parse forms vdintermovim.frm
02 16:33:03:524 Ejecutando interfase VDINTERMOVIM
02 16:35:03:535 Empiezo a leer forms vdintermovim.frm
02 16:35:03:540 Termino parse forms vdintermovim.frm
02 16:35:03:542 Ejecutando interfase VDINTERMOVIM
02 16:37:03:557 Empiezo a leer forms vdintermovim.frm
02 16:37:03:560 Termino parse forms vdintermovim.frm
02 16:37:03:560 Ejecutando interfase VDINTERMOVIM
02 16:39:03:572 Empiezo a leer forms vdintermovim.frm
02 16:39:03:575 Termino parse forms vdintermovim.frm
02 16:39:03:575 Ejecutando interfase VDINTERMOVIM
02 16:41:03:585 Empiezo a leer forms vdintermovim.frm
02 16:41:03:590 Termino parse forms vdintermovim.frm
02 16:41:03:590 Ejecutando interfase VDINTERMOVIM
02 16:43:03:610 Empiezo a leer forms vdintermovim.frm
02 16:43:03:615 Termino parse forms vdintermovim.frm
02 16:43:03:615 Ejecutando interfase VDINTERMOVIM
02 16:45:03:622 Empiezo a leer forms vdintermovim.frm
02 16:45:03:625 Termino parse forms vdintermovim.frm
02 16:45:03:625 Ejecutando interfase VDINTERMOVIM
02 16:47:03:637 Empiezo a leer forms vdintermovim.frm
02 16:47:03:642 Termino parse forms vdintermovim.frm
02 16:47:03:642 Ejecutando interfase VDINTERMOVIM
02 16:49:03:660 Empiezo a leer forms vdintermovim.frm
02 16:49:03:662 Termino parse forms vdintermovim.frm
02 16:49:03:664 Ejecutando interfase VDINTERMOVIM
02 16:51:03:682 Empiezo a leer forms vdintermovim.frm
02 16:51:03:689 Termino parse forms vdintermovim.frm
02 16:51:03:689 Ejecutando interfase VDINTERMOVIM
02 16:53:03:704 Empiezo a leer forms vdintermovim.frm
02 16:53:03:707 Termino parse forms vdintermovim.frm
02 16:53:03:707 Ejecutando interfase VDINTERMOVIM
02 16:55:03:727 Empiezo a leer forms vdintermovim.frm
02 16:55:03:732 Termino parse forms vdintermovim.frm
02 16:55:03:732 Ejecutando interfase VDINTERMOVIM
02 16:57:03:752 Empiezo a leer forms vdintermovim.frm
02 16:57:03:755 Termino parse forms vdintermovim.frm
02 16:57:03:755 Ejecutando interfase VDINTERMOVIM
02 16:59:03:770 Empiezo a leer forms vdintermovim.frm
02 16:59:03:777 Termino parse forms vdintermovim.frm
02 16:59:03:777 Ejecutando interfase VDINTERMOVIM
02 17:01:03:799 Empiezo a leer forms vdintermovim.frm
02 17:01:03:805 Termino parse forms vdintermovim.frm
02 17:01:03:807 Ejecutando interfase VDINTERMOVIM
02 17:03:03:825 Empiezo a leer forms vdintermovim.frm
02 17:03:03:834 Termino parse forms vdintermovim.frm
02 17:03:03:834 Ejecutando interfase VDINTERMOVIM
02 17:05:03:850 Empiezo a leer forms vdintermovim.frm
02 17:05:03:859 Termino parse forms vdintermovim.frm
02 17:05:03:859 Ejecutando interfase VDINTERMOVIM
02 17:07:03:877 Empiezo a leer forms vdintermovim.frm
02 17:07:03:885 Termino parse forms vdintermovim.frm
02 17:07:03:885 Ejecutando interfase VDINTERMOVIM
02 17:09:03:910 Empiezo a leer forms vdintermovim.frm
02 17:09:03:917 Termino parse forms vdintermovim.frm
02 17:09:03:917 Ejecutando interfase VDINTERMOVIM
02 17:11:03:930 Empiezo a leer forms vdintermovim.frm
02 17:11:03:937 Termino parse forms vdintermovim.frm
02 17:11:03:939 Ejecutando interfase VDINTERMOVIM
02 17:13:03:950 Empiezo a leer forms vdintermovim.frm
02 17:13:03:957 Termino parse forms vdintermovim.frm
02 17:13:03:957 Ejecutando interfase VDINTERMOVIM
02 17:15:03:977 Empiezo a leer forms vdintermovim.frm
02 17:15:03:980 Termino parse forms vdintermovim.frm
02 17:15:03:980 Ejecutando interfase VDINTERMOVIM
02 17:17:03:992 Empiezo a leer forms vdintermovim.frm
02 17:17:03:995 Termino parse forms vdintermovim.frm
02 17:17:03:997 Ejecutando interfase VDINTERMOVIM
02 17:19:04:005 Empiezo a leer forms vdintermovim.frm
02 17:19:04:010 Termino parse forms vdintermovim.frm
02 17:19:04:010 Ejecutando interfase VDINTERMOVIM
02 17:21:04:025 Empiezo a leer forms vdintermovim.frm
02 17:21:04:030 Termino parse forms vdintermovim.frm
02 17:21:04:030 Ejecutando interfase VDINTERMOVIM
02 17:23:04:049 Empiezo a leer forms vdintermovim.frm
02 17:23:04:055 Termino parse forms vdintermovim.frm
02 17:23:04:055 Ejecutando interfase VDINTERMOVIM
02 17:25:04:070 Empiezo a leer forms vdintermovim.frm
02 17:25:04:075 Termino parse forms vdintermovim.frm
02 17:25:04:075 Ejecutando interfase VDINTERMOVIM
02 17:27:04:082 Empiezo a leer forms vdintermovim.frm
02 17:27:04:087 Termino parse forms vdintermovim.frm
02 17:27:04:087 Ejecutando interfase VDINTERMOVIM
02 17:29:04:102 Empiezo a leer forms vdintermovim.frm
02 17:29:04:105 Termino parse forms vdintermovim.frm
02 17:29:04:105 Ejecutando interfase VDINTERMOVIM
02 17:31:04:115 Empiezo a leer forms vdintermovim.frm
02 17:31:04:122 Termino parse forms vdintermovim.frm
02 17:31:04:122 Ejecutando interfase VDINTERMOVIM
02 17:33:04:134 Empiezo a leer forms vdintermovim.frm
02 17:33:04:137 Termino parse forms vdintermovim.frm
02 17:33:04:139 Ejecutando interfase VDINTERMOVIM
02 17:35:04:149 Empiezo a leer forms vdintermovim.frm
02 17:35:04:154 Termino parse forms vdintermovim.frm
02 17:35:04:154 Ejecutando interfase VDINTERMOVIM
02 17:37:04:175 Empiezo a leer forms vdintermovim.frm
02 17:37:04:180 Termino parse forms vdintermovim.frm
02 17:37:04:180 Ejecutando interfase VDINTERMOVIM
02 17:39:04:202 Empiezo a leer forms vdintermovim.frm
02 17:39:04:205 Termino parse forms vdintermovim.frm
02 17:39:04:205 Ejecutando interfase VDINTERMOVIM
02 17:41:04:224 Empiezo a leer forms vdintermovim.frm
02 17:41:04:229 Termino parse forms vdintermovim.frm
02 17:41:04:229 Ejecutando interfase VDINTERMOVIM
02 17:43:04:252 Empiezo a leer forms vdintermovim.frm
02 17:43:04:259 Termino parse forms vdintermovim.frm
02 17:43:04:260 Ejecutando interfase VDINTERMOVIM
02 17:45:04:280 Empiezo a leer forms vdintermovim.frm
02 17:45:04:285 Termino parse forms vdintermovim.frm
02 17:45:04:287 Ejecutando interfase VDINTERMOVIM
02 17:47:04:309 Empiezo a leer forms vdintermovim.frm
02 17:47:04:315 Termino parse forms vdintermovim.frm
02 17:47:04:315 Ejecutando interfase VDINTERMOVIM
02 17:49:04:325 Empiezo a leer forms vdintermovim.frm
02 17:49:04:332 Termino parse forms vdintermovim.frm
02 17:49:04:332 Ejecutando interfase VDINTERMOVIM
02 17:51:04:352 Empiezo a leer forms vdintermovim.frm
02 17:51:04:357 Termino parse forms vdintermovim.frm
02 17:51:04:357 Ejecutando interfase VDINTERMOVIM
02 17:53:04:377 Empiezo a leer forms vdintermovim.frm
02 17:53:04:382 Termino parse forms vdintermovim.frm
02 17:53:04:384 Ejecutando interfase VDINTERMOVIM
02 17:55:04:397 Empiezo a leer forms vdintermovim.frm
02 17:55:04:402 Termino parse forms vdintermovim.frm
02 17:55:04:402 Ejecutando interfase VDINTERMOVIM
02 17:57:04:419 Empiezo a leer forms vdintermovim.frm
02 17:57:04:425 Termino parse forms vdintermovim.frm
02 17:57:04:425 Ejecutando interfase VDINTERMOVIM

00 17:58:46:532 Fichero de log cerrado.

