00 09:10:30:680 Fichero de log abierto PID 13032

02 09:10:30:682 Intentando abrir fichero v10.ini
02 09:10:30:683 Cargando driver v10oracle funcion damedriveroracle
02 09:10:31:208 Conectado a base de datos
02 09:10:31:211 Proceso ENVIOMOVIM encontrado en tabla VDPROCESOS
02 09:10:31:215 Proceso ENVIOMOVIM cargado con función interfasesalida (Librería VDINTERFASES.DLL) direccion 06D3CC80
02 09:10:31:217 PLSQL: INICIALIZADO PAQUETE DE LOG EL DIA 06-04-2022
02 09:10:31:226 Actualizado SID 756 SERIAL 4044 del proceso con PID 13032
00 09:10:31:231 Error al abrir fichero VDST.H
02 09:10:31:237 Empiezo a leer forms vdintermovim.frm
02 09:10:31:250 Termino parse forms vdintermovim.frm
02 09:10:31:250 Ejecutando interfase VDINTERMOVIM
02 09:12:31:261 Empiezo a leer forms vdintermovim.frm
02 09:12:31:265 Termino parse forms vdintermovim.frm
02 09:12:31:265 Ejecutando interfase VDINTERMOVIM
02 09:14:31:283 Empiezo a leer forms vdintermovim.frm
02 09:14:31:288 Termino parse forms vdintermovim.frm
02 09:14:31:288 Ejecutando interfase VDINTERMOVIM
02 09:16:31:305 Empiezo a leer forms vdintermovim.frm
02 09:16:31:307 Termino parse forms vdintermovim.frm
02 09:16:31:307 Ejecutando interfase VDINTERMOVIM
02 09:18:31:326 Empiezo a leer forms vdintermovim.frm
02 09:18:31:332 Termino parse forms vdintermovim.frm
02 09:18:31:332 Ejecutando interfase VDINTERMOVIM
02 09:20:31:351 Empiezo a leer forms vdintermovim.frm
02 09:20:31:356 Termino parse forms vdintermovim.frm
02 09:20:31:356 Ejecutando interfase VDINTERMOVIM
02 09:22:31:363 Empiezo a leer forms vdintermovim.frm
02 09:22:31:370 Termino parse forms vdintermovim.frm
02 09:22:31:370 Ejecutando interfase VDINTERMOVIM
02 09:24:31:388 Empiezo a leer forms vdintermovim.frm
02 09:24:31:392 Termino parse forms vdintermovim.frm
02 09:24:31:392 Ejecutando interfase VDINTERMOVIM
02 09:26:31:406 Empiezo a leer forms vdintermovim.frm
02 09:26:31:412 Termino parse forms vdintermovim.frm
02 09:26:31:412 Ejecutando interfase VDINTERMOVIM
02 09:28:31:425 Empiezo a leer forms vdintermovim.frm
02 09:28:31:430 Termino parse forms vdintermovim.frm
02 09:28:31:430 Ejecutando interfase VDINTERMOVIM
02 09:30:31:452 Empiezo a leer forms vdintermovim.frm
02 09:30:31:457 Termino parse forms vdintermovim.frm
02 09:30:31:457 Ejecutando interfase VDINTERMOVIM
02 09:32:31:471 Empiezo a leer forms vdintermovim.frm
02 09:32:31:477 Termino parse forms vdintermovim.frm
02 09:32:31:477 Ejecutando interfase VDINTERMOVIM
02 09:34:31:500 Empiezo a leer forms vdintermovim.frm
02 09:34:31:505 Termino parse forms vdintermovim.frm
02 09:34:31:505 Ejecutando interfase VDINTERMOVIM
02 09:36:31:515 Empiezo a leer forms vdintermovim.frm
02 09:36:31:521 Termino parse forms vdintermovim.frm
02 09:36:31:521 Ejecutando interfase VDINTERMOVIM
02 09:38:31:531 Empiezo a leer forms vdintermovim.frm
02 09:38:31:535 Termino parse forms vdintermovim.frm
02 09:38:31:536 Ejecutando interfase VDINTERMOVIM
02 09:40:31:552 Empiezo a leer forms vdintermovim.frm
02 09:40:31:557 Termino parse forms vdintermovim.frm
02 09:40:31:557 Ejecutando interfase VDINTERMOVIM
02 09:42:31:576 Empiezo a leer forms vdintermovim.frm
02 09:42:31:581 Termino parse forms vdintermovim.frm
02 09:42:31:581 Ejecutando interfase VDINTERMOVIM
02 09:44:31:598 Empiezo a leer forms vdintermovim.frm
02 09:44:31:605 Termino parse forms vdintermovim.frm
02 09:44:31:606 Ejecutando interfase VDINTERMOVIM
02 09:46:31:617 Empiezo a leer forms vdintermovim.frm
02 09:46:31:622 Termino parse forms vdintermovim.frm
02 09:46:31:622 Ejecutando interfase VDINTERMOVIM
02 09:48:31:641 Empiezo a leer forms vdintermovim.frm
02 09:48:31:645 Termino parse forms vdintermovim.frm
02 09:48:31:645 Ejecutando interfase VDINTERMOVIM
02 09:50:31:661 Empiezo a leer forms vdintermovim.frm
02 09:50:31:666 Termino parse forms vdintermovim.frm
02 09:50:31:667 Ejecutando interfase VDINTERMOVIM

00 09:52:22:433 Fichero de log cerrado.

00 09:52:39:533 Fichero de log abierto PID 1360

02 09:52:39:535 Intentando abrir fichero v10.ini
02 09:52:39:542 Cargando driver v10oracle funcion damedriveroracle
02 09:52:40:416 Conectado a base de datos
02 09:52:40:417 Proceso ENVIOMOVIM encontrado en tabla VDPROCESOS
02 09:52:40:426 Proceso ENVIOMOVIM cargado con función interfasesalida (Librería VDINTERFASES.DLL) direccion 0594CC80
02 09:52:40:428 PLSQL: INICIALIZADO PAQUETE DE LOG EL DIA 06-04-2022
02 09:52:40:438 Actualizado SID 878 SERIAL 63208 del proceso con PID 1360
00 09:52:40:445 Error al abrir fichero VDST.H
02 09:52:40:447 Empiezo a leer forms vdintermovim.frm
02 09:52:40:462 Termino parse forms vdintermovim.frm
02 09:52:40:462 Ejecutando interfase VDINTERMOVIM
02 09:54:40:472 Empiezo a leer forms vdintermovim.frm
02 09:54:40:478 Termino parse forms vdintermovim.frm
02 09:54:40:480 Ejecutando interfase VDINTERMOVIM
02 09:56:40:492 Empiezo a leer forms vdintermovim.frm
02 09:56:40:496 Termino parse forms vdintermovim.frm
02 09:56:40:497 Ejecutando interfase VDINTERMOVIM
02 09:58:40:506 Empiezo a leer forms vdintermovim.frm
02 09:58:40:512 Termino parse forms vdintermovim.frm
02 09:58:40:512 Ejecutando interfase VDINTERMOVIM
02 10:00:40:532 Empiezo a leer forms vdintermovim.frm
02 10:00:40:541 Termino parse forms vdintermovim.frm
02 10:00:40:541 Ejecutando interfase VDINTERMOVIM
02 10:02:40:555 Empiezo a leer forms vdintermovim.frm
02 10:02:40:562 Termino parse forms vdintermovim.frm
02 10:02:40:562 Ejecutando interfase VDINTERMOVIM
02 10:04:40:587 Empiezo a leer forms vdintermovim.frm
02 10:04:40:593 Termino parse forms vdintermovim.frm
02 10:04:40:595 Ejecutando interfase VDINTERMOVIM
02 10:06:40:606 Empiezo a leer forms vdintermovim.frm
02 10:06:40:610 Termino parse forms vdintermovim.frm
02 10:06:40:610 Ejecutando interfase VDINTERMOVIM
02 10:08:40:627 Empiezo a leer forms vdintermovim.frm
02 10:08:40:632 Termino parse forms vdintermovim.frm
02 10:08:40:633 Ejecutando interfase VDINTERMOVIM
02 10:10:40:643 Empiezo a leer forms vdintermovim.frm
02 10:10:40:650 Termino parse forms vdintermovim.frm
02 10:10:40:650 Ejecutando interfase VDINTERMOVIM
02 10:12:40:662 Empiezo a leer forms vdintermovim.frm
02 10:12:40:666 Termino parse forms vdintermovim.frm
02 10:12:40:666 Ejecutando interfase VDINTERMOVIM
02 10:14:40:676 Empiezo a leer forms vdintermovim.frm
02 10:14:40:682 Termino parse forms vdintermovim.frm
02 10:14:40:682 Ejecutando interfase VDINTERMOVIM
02 10:16:40:695 Empiezo a leer forms vdintermovim.frm
02 10:16:40:698 Termino parse forms vdintermovim.frm
02 10:16:40:698 Ejecutando interfase VDINTERMOVIM
02 10:18:40:710 Empiezo a leer forms vdintermovim.frm
02 10:18:40:713 Termino parse forms vdintermovim.frm
02 10:18:40:713 Ejecutando interfase VDINTERMOVIM
02 10:20:40:731 Empiezo a leer forms vdintermovim.frm
02 10:20:40:733 Termino parse forms vdintermovim.frm
02 10:20:40:733 Ejecutando interfase VDINTERMOVIM
02 10:22:40:747 Empiezo a leer forms vdintermovim.frm
02 10:22:40:750 Termino parse forms vdintermovim.frm
02 10:22:40:750 Ejecutando interfase VDINTERMOVIM
02 10:24:40:767 Empiezo a leer forms vdintermovim.frm
02 10:24:40:771 Termino parse forms vdintermovim.frm
02 10:24:40:771 Ejecutando interfase VDINTERMOVIM
02 10:26:40:791 Empiezo a leer forms vdintermovim.frm
02 10:26:40:795 Termino parse forms vdintermovim.frm
02 10:26:40:796 Ejecutando interfase VDINTERMOVIM
02 10:28:40:805 Empiezo a leer forms vdintermovim.frm
02 10:28:40:810 Termino parse forms vdintermovim.frm
02 10:28:40:811 Ejecutando interfase VDINTERMOVIM
02 10:30:40:822 Empiezo a leer forms vdintermovim.frm
02 10:30:40:827 Termino parse forms vdintermovim.frm
02 10:30:40:827 Ejecutando interfase VDINTERMOVIM
02 10:32:40:833 Empiezo a leer forms vdintermovim.frm
02 10:32:40:837 Termino parse forms vdintermovim.frm
02 10:32:40:837 Ejecutando interfase VDINTERMOVIM
02 10:34:40:846 Empiezo a leer forms vdintermovim.frm
02 10:34:40:848 Termino parse forms vdintermovim.frm
02 10:34:40:850 Ejecutando interfase VDINTERMOVIM
02 10:36:40:863 Empiezo a leer forms vdintermovim.frm
02 10:36:40:867 Termino parse forms vdintermovim.frm
02 10:36:40:867 Ejecutando interfase VDINTERMOVIM
02 10:38:40:880 Empiezo a leer forms vdintermovim.frm
02 10:38:40:882 Termino parse forms vdintermovim.frm
02 10:38:40:883 Ejecutando interfase VDINTERMOVIM
02 10:40:40:900 Empiezo a leer forms vdintermovim.frm
02 10:40:40:902 Termino parse forms vdintermovim.frm
02 10:40:40:902 Ejecutando interfase VDINTERMOVIM
02 10:42:40:910 Empiezo a leer forms vdintermovim.frm
02 10:42:40:912 Termino parse forms vdintermovim.frm
02 10:42:40:912 Ejecutando interfase VDINTERMOVIM
02 10:44:40:925 Empiezo a leer forms vdintermovim.frm
02 10:44:40:931 Termino parse forms vdintermovim.frm
02 10:44:40:931 Ejecutando interfase VDINTERMOVIM
02 10:46:40:943 Empiezo a leer forms vdintermovim.frm
02 10:46:40:947 Termino parse forms vdintermovim.frm
02 10:46:40:947 Ejecutando interfase VDINTERMOVIM
02 10:48:40:960 Empiezo a leer forms vdintermovim.frm
02 10:48:40:965 Termino parse forms vdintermovim.frm
02 10:48:40:965 Ejecutando interfase VDINTERMOVIM
02 10:50:40:983 Empiezo a leer forms vdintermovim.frm
02 10:50:40:988 Termino parse forms vdintermovim.frm
02 10:50:40:988 Ejecutando interfase VDINTERMOVIM
02 10:52:41:006 Empiezo a leer forms vdintermovim.frm
02 10:52:41:008 Termino parse forms vdintermovim.frm
02 10:52:41:010 Ejecutando interfase VDINTERMOVIM
02 10:54:41:023 Empiezo a leer forms vdintermovim.frm
02 10:54:41:027 Termino parse forms vdintermovim.frm
02 10:54:41:027 Ejecutando interfase VDINTERMOVIM
02 10:56:41:037 Empiezo a leer forms vdintermovim.frm
02 10:56:41:042 Termino parse forms vdintermovim.frm
02 10:56:41:042 Ejecutando interfase VDINTERMOVIM
02 10:58:41:060 Empiezo a leer forms vdintermovim.frm
02 10:58:41:065 Termino parse forms vdintermovim.frm
02 10:58:41:065 Ejecutando interfase VDINTERMOVIM
02 11:00:41:087 Empiezo a leer forms vdintermovim.frm
02 11:00:41:091 Termino parse forms vdintermovim.frm
02 11:00:41:092 Ejecutando interfase VDINTERMOVIM
02 11:02:41:103 Empiezo a leer forms vdintermovim.frm
02 11:02:41:110 Termino parse forms vdintermovim.frm
02 11:02:41:111 Ejecutando interfase VDINTERMOVIM
02 11:04:41:130 Empiezo a leer forms vdintermovim.frm
02 11:04:41:138 Termino parse forms vdintermovim.frm
02 11:04:41:140 Ejecutando interfase VDINTERMOVIM
02 11:06:41:162 Empiezo a leer forms vdintermovim.frm
02 11:06:41:168 Termino parse forms vdintermovim.frm
02 11:06:41:168 Ejecutando interfase VDINTERMOVIM
02 11:08:41:190 Empiezo a leer forms vdintermovim.frm
02 11:08:41:195 Termino parse forms vdintermovim.frm
02 11:08:41:195 Ejecutando interfase VDINTERMOVIM
02 11:10:41:207 Empiezo a leer forms vdintermovim.frm
02 11:10:41:213 Termino parse forms vdintermovim.frm
02 11:10:41:213 Ejecutando interfase VDINTERMOVIM
02 11:12:41:231 Empiezo a leer forms vdintermovim.frm
02 11:12:41:235 Termino parse forms vdintermovim.frm
02 11:12:41:235 Ejecutando interfase VDINTERMOVIM
02 11:14:41:241 Empiezo a leer forms vdintermovim.frm
02 11:14:41:246 Termino parse forms vdintermovim.frm
02 11:14:41:246 Ejecutando interfase VDINTERMOVIM
02 11:16:41:256 Empiezo a leer forms vdintermovim.frm
02 11:16:41:258 Termino parse forms vdintermovim.frm
02 11:16:41:260 Ejecutando interfase VDINTERMOVIM
02 11:18:41:282 Empiezo a leer forms vdintermovim.frm
02 11:18:41:290 Termino parse forms vdintermovim.frm
02 11:18:41:290 Ejecutando interfase VDINTERMOVIM
02 11:20:41:306 Empiezo a leer forms vdintermovim.frm
02 11:20:41:312 Termino parse forms vdintermovim.frm
02 11:20:41:312 Ejecutando interfase VDINTERMOVIM
02 11:22:41:320 Empiezo a leer forms vdintermovim.frm
02 11:22:41:323 Termino parse forms vdintermovim.frm
02 11:22:41:325 Ejecutando interfase VDINTERMOVIM
02 11:42:14:950 Empiezo a leer forms vdintermovim.frm
02 11:42:14:954 Termino parse forms vdintermovim.frm
02 11:42:14:954 Ejecutando interfase VDINTERMOVIM
02 11:44:14:959 Empiezo a leer forms vdintermovim.frm
02 11:44:14:962 Termino parse forms vdintermovim.frm
02 11:44:14:962 Ejecutando interfase VDINTERMOVIM
02 11:46:14:974 Empiezo a leer forms vdintermovim.frm
02 11:46:14:977 Termino parse forms vdintermovim.frm
02 11:46:14:977 Ejecutando interfase VDINTERMOVIM
02 11:48:14:990 Empiezo a leer forms vdintermovim.frm
02 11:48:14:994 Termino parse forms vdintermovim.frm
02 11:48:14:995 Ejecutando interfase VDINTERMOVIM
02 11:50:15:004 Empiezo a leer forms vdintermovim.frm
02 11:50:15:007 Termino parse forms vdintermovim.frm
02 11:50:15:007 Ejecutando interfase VDINTERMOVIM
02 11:52:15:020 Empiezo a leer forms vdintermovim.frm
02 11:52:15:024 Termino parse forms vdintermovim.frm
02 11:52:15:024 Ejecutando interfase VDINTERMOVIM
02 11:54:15:045 Empiezo a leer forms vdintermovim.frm
02 11:54:15:049 Termino parse forms vdintermovim.frm
02 11:54:15:050 Ejecutando interfase VDINTERMOVIM
02 11:56:15:072 Empiezo a leer forms vdintermovim.frm
02 11:56:15:077 Termino parse forms vdintermovim.frm
02 11:56:15:077 Ejecutando interfase VDINTERMOVIM
02 11:58:15:100 Empiezo a leer forms vdintermovim.frm
02 11:58:15:105 Termino parse forms vdintermovim.frm
02 11:58:15:105 Ejecutando interfase VDINTERMOVIM
02 12:00:15:114 Empiezo a leer forms vdintermovim.frm
02 12:00:15:119 Termino parse forms vdintermovim.frm
02 12:00:15:119 Ejecutando interfase VDINTERMOVIM
02 12:02:15:130 Empiezo a leer forms vdintermovim.frm
02 12:02:15:135 Termino parse forms vdintermovim.frm
02 12:02:15:135 Ejecutando interfase VDINTERMOVIM
02 12:04:15:150 Empiezo a leer forms vdintermovim.frm
02 12:04:15:154 Termino parse forms vdintermovim.frm
02 12:04:15:154 Ejecutando interfase VDINTERMOVIM
02 12:06:15:160 Empiezo a leer forms vdintermovim.frm
02 12:06:15:165 Termino parse forms vdintermovim.frm
02 12:06:15:165 Ejecutando interfase VDINTERMOVIM
02 12:08:15:179 Empiezo a leer forms vdintermovim.frm
02 12:08:15:184 Termino parse forms vdintermovim.frm
02 12:08:15:184 Ejecutando interfase VDINTERMOVIM
02 12:10:15:197 Empiezo a leer forms vdintermovim.frm
02 12:10:15:202 Termino parse forms vdintermovim.frm
02 12:10:15:202 Ejecutando interfase VDINTERMOVIM
02 12:12:15:222 Empiezo a leer forms vdintermovim.frm
02 12:12:15:227 Termino parse forms vdintermovim.frm
02 12:12:15:227 Ejecutando interfase VDINTERMOVIM
02 12:14:15:235 Empiezo a leer forms vdintermovim.frm
02 12:14:15:237 Termino parse forms vdintermovim.frm
02 12:14:15:237 Ejecutando interfase VDINTERMOVIM
02 12:16:15:250 Empiezo a leer forms vdintermovim.frm
02 12:16:15:255 Termino parse forms vdintermovim.frm
02 12:16:15:255 Ejecutando interfase VDINTERMOVIM
02 12:18:15:277 Empiezo a leer forms vdintermovim.frm
02 12:18:15:282 Termino parse forms vdintermovim.frm
02 12:18:15:282 Ejecutando interfase VDINTERMOVIM
02 12:20:15:304 Empiezo a leer forms vdintermovim.frm
02 12:20:15:310 Termino parse forms vdintermovim.frm
02 12:20:15:310 Ejecutando interfase VDINTERMOVIM
02 12:22:15:330 Empiezo a leer forms vdintermovim.frm
02 12:22:15:335 Termino parse forms vdintermovim.frm
02 12:22:15:335 Ejecutando interfase VDINTERMOVIM
02 12:24:15:362 Empiezo a leer forms vdintermovim.frm
02 12:24:15:367 Termino parse forms vdintermovim.frm
02 12:24:15:367 Ejecutando interfase VDINTERMOVIM
02 12:26:15:385 Empiezo a leer forms vdintermovim.frm
02 12:26:15:387 Termino parse forms vdintermovim.frm
02 12:26:15:387 Ejecutando interfase VDINTERMOVIM
02 12:28:15:397 Empiezo a leer forms vdintermovim.frm
02 12:28:15:402 Termino parse forms vdintermovim.frm
02 12:28:15:402 Ejecutando interfase VDINTERMOVIM
02 12:30:15:425 Empiezo a leer forms vdintermovim.frm
02 12:30:15:430 Termino parse forms vdintermovim.frm
02 12:30:15:430 Ejecutando interfase VDINTERMOVIM
02 12:32:15:449 Empiezo a leer forms vdintermovim.frm
02 12:32:15:452 Termino parse forms vdintermovim.frm
02 12:32:15:452 Ejecutando interfase VDINTERMOVIM
02 12:34:15:462 Empiezo a leer forms vdintermovim.frm
02 12:34:15:467 Termino parse forms vdintermovim.frm
02 12:34:15:469 Ejecutando interfase VDINTERMOVIM
02 12:36:15:487 Empiezo a leer forms vdintermovim.frm
02 12:36:15:492 Termino parse forms vdintermovim.frm
02 12:36:15:492 Ejecutando interfase VDINTERMOVIM
02 12:38:15:512 Empiezo a leer forms vdintermovim.frm
02 12:38:15:517 Termino parse forms vdintermovim.frm
02 12:38:15:517 Ejecutando interfase VDINTERMOVIM
02 12:40:15:532 Empiezo a leer forms vdintermovim.frm
02 12:40:15:537 Termino parse forms vdintermovim.frm
02 12:40:15:539 Ejecutando interfase VDINTERMOVIM
02 12:42:15:559 Empiezo a leer forms vdintermovim.frm
02 12:42:15:562 Termino parse forms vdintermovim.frm
02 12:42:15:564 Ejecutando interfase VDINTERMOVIM
02 12:44:15:585 Empiezo a leer forms vdintermovim.frm
02 12:44:15:590 Termino parse forms vdintermovim.frm
02 12:44:15:590 Ejecutando interfase VDINTERMOVIM
02 12:46:15:607 Empiezo a leer forms vdintermovim.frm
02 12:46:15:614 Termino parse forms vdintermovim.frm
02 12:46:15:614 Ejecutando interfase VDINTERMOVIM
02 12:48:15:635 Empiezo a leer forms vdintermovim.frm
02 12:48:15:640 Termino parse forms vdintermovim.frm
02 12:48:15:640 Ejecutando interfase VDINTERMOVIM
02 12:50:15:660 Empiezo a leer forms vdintermovim.frm
02 12:50:15:665 Termino parse forms vdintermovim.frm
02 12:50:15:665 Ejecutando interfase VDINTERMOVIM
02 12:52:15:680 Empiezo a leer forms vdintermovim.frm
02 12:52:15:685 Termino parse forms vdintermovim.frm
02 12:52:15:685 Ejecutando interfase VDINTERMOVIM
02 12:54:15:700 Empiezo a leer forms vdintermovim.frm
02 12:54:15:702 Termino parse forms vdintermovim.frm
02 12:54:15:702 Ejecutando interfase VDINTERMOVIM
02 12:56:15:719 Empiezo a leer forms vdintermovim.frm
02 12:56:15:724 Termino parse forms vdintermovim.frm
02 12:56:15:725 Ejecutando interfase VDINTERMOVIM
02 12:58:15:747 Empiezo a leer forms vdintermovim.frm
02 12:58:15:752 Termino parse forms vdintermovim.frm
02 12:58:15:752 Ejecutando interfase VDINTERMOVIM
02 13:00:15:772 Empiezo a leer forms vdintermovim.frm
02 13:00:15:777 Termino parse forms vdintermovim.frm
02 13:00:15:777 Ejecutando interfase VDINTERMOVIM
02 13:02:15:797 Empiezo a leer forms vdintermovim.frm
02 13:02:15:804 Termino parse forms vdintermovim.frm
02 13:02:15:805 Ejecutando interfase VDINTERMOVIM
02 13:04:15:827 Empiezo a leer forms vdintermovim.frm
02 13:04:15:832 Termino parse forms vdintermovim.frm
02 13:04:15:832 Ejecutando interfase VDINTERMOVIM
02 13:06:15:845 Empiezo a leer forms vdintermovim.frm
02 13:06:15:849 Termino parse forms vdintermovim.frm
02 13:06:15:849 Ejecutando interfase VDINTERMOVIM
02 13:08:15:862 Empiezo a leer forms vdintermovim.frm
02 13:08:15:867 Termino parse forms vdintermovim.frm
02 13:08:15:869 Ejecutando interfase VDINTERMOVIM
02 13:10:15:889 Empiezo a leer forms vdintermovim.frm
02 13:10:15:892 Termino parse forms vdintermovim.frm
02 13:10:15:892 Ejecutando interfase VDINTERMOVIM
02 13:12:15:907 Empiezo a leer forms vdintermovim.frm
02 13:12:15:914 Termino parse forms vdintermovim.frm
02 13:12:15:915 Ejecutando interfase VDINTERMOVIM
02 13:14:15:934 Empiezo a leer forms vdintermovim.frm
02 13:14:15:940 Termino parse forms vdintermovim.frm
02 13:14:15:940 Ejecutando interfase VDINTERMOVIM
02 13:16:15:954 Empiezo a leer forms vdintermovim.frm
02 13:16:15:959 Termino parse forms vdintermovim.frm
02 13:16:15:960 Ejecutando interfase VDINTERMOVIM
02 13:18:15:982 Empiezo a leer forms vdintermovim.frm
02 13:18:15:987 Termino parse forms vdintermovim.frm
02 13:18:15:987 Ejecutando interfase VDINTERMOVIM
02 13:20:16:007 Empiezo a leer forms vdintermovim.frm
02 13:20:16:012 Termino parse forms vdintermovim.frm
02 13:20:16:012 Ejecutando interfase VDINTERMOVIM
02 13:22:16:022 Empiezo a leer forms vdintermovim.frm
02 13:22:16:025 Termino parse forms vdintermovim.frm
02 13:22:16:027 Ejecutando interfase VDINTERMOVIM
02 13:24:16:039 Empiezo a leer forms vdintermovim.frm
02 13:24:16:042 Termino parse forms vdintermovim.frm
02 13:24:16:042 Ejecutando interfase VDINTERMOVIM
02 13:26:16:050 Empiezo a leer forms vdintermovim.frm
02 13:26:16:055 Termino parse forms vdintermovim.frm
02 13:26:16:055 Ejecutando interfase VDINTERMOVIM
02 13:28:16:077 Empiezo a leer forms vdintermovim.frm
02 13:28:16:082 Termino parse forms vdintermovim.frm
02 13:28:16:082 Ejecutando interfase VDINTERMOVIM
02 13:30:16:090 Empiezo a leer forms vdintermovim.frm
02 13:30:16:099 Termino parse forms vdintermovim.frm
02 13:30:16:099 Ejecutando interfase VDINTERMOVIM
02 13:32:16:112 Empiezo a leer forms vdintermovim.frm
02 13:32:16:117 Termino parse forms vdintermovim.frm
02 13:32:16:119 Ejecutando interfase VDINTERMOVIM
02 13:34:16:140 Empiezo a leer forms vdintermovim.frm
02 13:34:16:144 Termino parse forms vdintermovim.frm
02 13:34:16:144 Ejecutando interfase VDINTERMOVIM
02 13:36:16:154 Empiezo a leer forms vdintermovim.frm
02 13:36:16:160 Termino parse forms vdintermovim.frm
02 13:36:16:160 Ejecutando interfase VDINTERMOVIM
02 13:38:16:177 Empiezo a leer forms vdintermovim.frm
02 13:38:16:182 Termino parse forms vdintermovim.frm
02 13:38:16:182 Ejecutando interfase VDINTERMOVIM
02 13:40:16:195 Empiezo a leer forms vdintermovim.frm
02 13:40:16:202 Termino parse forms vdintermovim.frm
02 13:40:16:202 Ejecutando interfase VDINTERMOVIM
02 13:42:16:220 Empiezo a leer forms vdintermovim.frm
02 13:42:16:225 Termino parse forms vdintermovim.frm
02 13:42:16:225 Ejecutando interfase VDINTERMOVIM
02 13:44:16:247 Empiezo a leer forms vdintermovim.frm
02 13:44:16:250 Termino parse forms vdintermovim.frm
02 13:44:16:250 Ejecutando interfase VDINTERMOVIM
02 13:46:16:267 Empiezo a leer forms vdintermovim.frm
02 13:46:16:270 Termino parse forms vdintermovim.frm
02 13:46:16:270 Ejecutando interfase VDINTERMOVIM
02 13:48:16:282 Empiezo a leer forms vdintermovim.frm
02 13:48:16:287 Termino parse forms vdintermovim.frm
02 13:48:16:287 Ejecutando interfase VDINTERMOVIM
02 13:50:16:297 Empiezo a leer forms vdintermovim.frm
02 13:50:16:300 Termino parse forms vdintermovim.frm
02 13:50:16:302 Ejecutando interfase VDINTERMOVIM
02 13:52:16:314 Empiezo a leer forms vdintermovim.frm
02 13:52:16:319 Termino parse forms vdintermovim.frm
02 13:52:16:320 Ejecutando interfase VDINTERMOVIM
02 13:54:16:335 Empiezo a leer forms vdintermovim.frm
02 13:54:16:342 Termino parse forms vdintermovim.frm
02 13:54:16:342 Ejecutando interfase VDINTERMOVIM
02 13:56:16:355 Empiezo a leer forms vdintermovim.frm
02 13:56:16:360 Termino parse forms vdintermovim.frm
02 13:56:16:360 Ejecutando interfase VDINTERMOVIM
02 13:58:16:375 Empiezo a leer forms vdintermovim.frm
02 13:58:16:380 Termino parse forms vdintermovim.frm
02 13:58:16:380 Ejecutando interfase VDINTERMOVIM
02 14:00:16:392 Empiezo a leer forms vdintermovim.frm
02 14:00:16:397 Termino parse forms vdintermovim.frm
02 14:00:16:397 Ejecutando interfase VDINTERMOVIM
02 14:02:16:410 Empiezo a leer forms vdintermovim.frm
02 14:02:16:415 Termino parse forms vdintermovim.frm
02 14:02:16:415 Ejecutando interfase VDINTERMOVIM
02 14:04:16:432 Empiezo a leer forms vdintermovim.frm
02 14:04:16:435 Termino parse forms vdintermovim.frm
02 14:04:16:435 Ejecutando interfase VDINTERMOVIM
02 14:06:16:455 Empiezo a leer forms vdintermovim.frm
02 14:06:16:459 Termino parse forms vdintermovim.frm
02 14:06:16:459 Ejecutando interfase VDINTERMOVIM
02 14:08:16:475 Empiezo a leer forms vdintermovim.frm
02 14:08:16:482 Termino parse forms vdintermovim.frm
02 14:08:16:482 Ejecutando interfase VDINTERMOVIM
02 14:10:16:490 Empiezo a leer forms vdintermovim.frm
02 14:10:16:497 Termino parse forms vdintermovim.frm
02 14:10:16:497 Ejecutando interfase VDINTERMOVIM
02 14:12:16:517 Empiezo a leer forms vdintermovim.frm
02 14:12:16:522 Termino parse forms vdintermovim.frm
02 14:12:16:522 Ejecutando interfase VDINTERMOVIM
02 14:14:16:537 Empiezo a leer forms vdintermovim.frm
02 14:14:16:542 Termino parse forms vdintermovim.frm
02 14:14:16:542 Ejecutando interfase VDINTERMOVIM
02 14:16:16:555 Empiezo a leer forms vdintermovim.frm
02 14:16:16:562 Termino parse forms vdintermovim.frm
02 14:16:16:562 Ejecutando interfase VDINTERMOVIM
02 14:18:16:577 Empiezo a leer forms vdintermovim.frm
02 14:18:16:580 Termino parse forms vdintermovim.frm
02 14:18:16:580 Ejecutando interfase VDINTERMOVIM
02 14:20:16:600 Empiezo a leer forms vdintermovim.frm
02 14:20:16:605 Termino parse forms vdintermovim.frm
02 14:20:16:607 Ejecutando interfase VDINTERMOVIM
02 14:22:16:627 Empiezo a leer forms vdintermovim.frm
02 14:22:16:632 Termino parse forms vdintermovim.frm
02 14:22:16:632 Ejecutando interfase VDINTERMOVIM
02 14:24:16:652 Empiezo a leer forms vdintermovim.frm
02 14:24:16:655 Termino parse forms vdintermovim.frm
02 14:24:16:655 Ejecutando interfase VDINTERMOVIM
02 14:26:16:672 Empiezo a leer forms vdintermovim.frm
02 14:26:16:677 Termino parse forms vdintermovim.frm
02 14:26:16:677 Ejecutando interfase VDINTERMOVIM
02 14:28:16:697 Empiezo a leer forms vdintermovim.frm
02 14:28:16:702 Termino parse forms vdintermovim.frm
02 14:28:16:702 Ejecutando interfase VDINTERMOVIM
02 14:30:16:715 Empiezo a leer forms vdintermovim.frm
02 14:30:16:719 Termino parse forms vdintermovim.frm
02 14:30:16:720 Ejecutando interfase VDINTERMOVIM
02 14:32:16:732 Empiezo a leer forms vdintermovim.frm
02 14:32:16:735 Termino parse forms vdintermovim.frm
02 14:32:16:735 Ejecutando interfase VDINTERMOVIM
02 14:34:16:745 Empiezo a leer forms vdintermovim.frm
02 14:34:16:750 Termino parse forms vdintermovim.frm
02 14:34:16:750 Ejecutando interfase VDINTERMOVIM
02 14:36:16:772 Empiezo a leer forms vdintermovim.frm
02 14:36:16:775 Termino parse forms vdintermovim.frm
02 14:36:16:775 Ejecutando interfase VDINTERMOVIM
02 14:38:16:785 Empiezo a leer forms vdintermovim.frm
02 14:38:16:789 Termino parse forms vdintermovim.frm
02 14:38:16:789 Ejecutando interfase VDINTERMOVIM
02 14:40:16:795 Empiezo a leer forms vdintermovim.frm
02 14:40:16:800 Termino parse forms vdintermovim.frm
02 14:40:16:800 Ejecutando interfase VDINTERMOVIM
02 14:42:16:817 Empiezo a leer forms vdintermovim.frm
02 14:42:16:822 Termino parse forms vdintermovim.frm
02 14:42:16:822 Ejecutando interfase VDINTERMOVIM
02 14:44:16:834 Empiezo a leer forms vdintermovim.frm
02 14:44:16:840 Termino parse forms vdintermovim.frm
02 14:44:16:840 Ejecutando interfase VDINTERMOVIM
02 14:46:16:849 Empiezo a leer forms vdintermovim.frm
02 14:46:16:854 Termino parse forms vdintermovim.frm
02 14:46:16:854 Ejecutando interfase VDINTERMOVIM
02 14:48:16:877 Empiezo a leer forms vdintermovim.frm
02 14:48:16:882 Termino parse forms vdintermovim.frm
02 14:48:16:882 Ejecutando interfase VDINTERMOVIM
02 14:50:16:889 Empiezo a leer forms vdintermovim.frm
02 14:50:16:892 Termino parse forms vdintermovim.frm
02 14:50:16:892 Ejecutando interfase VDINTERMOVIM
02 14:52:16:907 Empiezo a leer forms vdintermovim.frm
02 14:52:16:912 Termino parse forms vdintermovim.frm
02 14:52:16:912 Ejecutando interfase VDINTERMOVIM
02 14:54:16:922 Empiezo a leer forms vdintermovim.frm
02 14:54:16:927 Termino parse forms vdintermovim.frm
02 14:54:16:927 Ejecutando interfase VDINTERMOVIM
02 15:49:40:850 Empiezo a leer forms vdintermovim.frm
02 15:49:40:852 Termino parse forms vdintermovim.frm
02 15:49:40:854 Ejecutando interfase VDINTERMOVIM
02 15:53:03:095 Empiezo a leer forms vdintermovim.frm
02 15:53:03:097 Termino parse forms vdintermovim.frm
02 15:53:03:097 Ejecutando interfase VDINTERMOVIM
02 15:55:03:115 Empiezo a leer forms vdintermovim.frm
02 15:55:03:119 Termino parse forms vdintermovim.frm
02 15:55:03:119 Ejecutando interfase VDINTERMOVIM
02 15:57:03:132 Empiezo a leer forms vdintermovim.frm
02 15:57:03:135 Termino parse forms vdintermovim.frm
02 15:57:03:135 Ejecutando interfase VDINTERMOVIM
02 15:59:03:155 Empiezo a leer forms vdintermovim.frm
02 15:59:03:157 Termino parse forms vdintermovim.frm
02 15:59:03:157 Ejecutando interfase VDINTERMOVIM
02 16:01:03:169 Empiezo a leer forms vdintermovim.frm
02 16:01:03:172 Termino parse forms vdintermovim.frm
02 16:01:03:172 Ejecutando interfase VDINTERMOVIM
02 16:03:03:192 Empiezo a leer forms vdintermovim.frm
02 16:03:03:195 Termino parse forms vdintermovim.frm
02 16:03:03:195 Ejecutando interfase VDINTERMOVIM
02 16:05:03:214 Empiezo a leer forms vdintermovim.frm
02 16:05:03:217 Termino parse forms vdintermovim.frm
02 16:05:03:217 Ejecutando interfase VDINTERMOVIM
02 16:07:03:237 Empiezo a leer forms vdintermovim.frm
02 16:07:03:240 Termino parse forms vdintermovim.frm
02 16:07:03:240 Ejecutando interfase VDINTERMOVIM
02 16:09:03:255 Empiezo a leer forms vdintermovim.frm
02 16:09:03:262 Termino parse forms vdintermovim.frm
02 16:09:03:264 Ejecutando interfase VDINTERMOVIM
02 16:11:03:279 Empiezo a leer forms vdintermovim.frm
02 16:11:03:284 Termino parse forms vdintermovim.frm
02 16:11:03:284 Ejecutando interfase VDINTERMOVIM
02 16:13:03:292 Empiezo a leer forms vdintermovim.frm
02 16:13:03:295 Termino parse forms vdintermovim.frm
02 16:13:03:295 Ejecutando interfase VDINTERMOVIM
02 16:15:03:309 Empiezo a leer forms vdintermovim.frm
02 16:15:03:312 Termino parse forms vdintermovim.frm
02 16:15:03:312 Ejecutando interfase VDINTERMOVIM
02 16:17:03:332 Empiezo a leer forms vdintermovim.frm
02 16:17:03:337 Termino parse forms vdintermovim.frm
02 16:17:03:337 Ejecutando interfase VDINTERMOVIM
02 16:19:03:347 Empiezo a leer forms vdintermovim.frm
02 16:19:03:352 Termino parse forms vdintermovim.frm
02 16:19:03:352 Ejecutando interfase VDINTERMOVIM
02 16:21:03:377 Empiezo a leer forms vdintermovim.frm
02 16:21:03:380 Termino parse forms vdintermovim.frm
02 16:21:03:380 Ejecutando interfase VDINTERMOVIM
02 16:23:03:402 Empiezo a leer forms vdintermovim.frm
02 16:23:03:405 Termino parse forms vdintermovim.frm
02 16:23:03:405 Ejecutando interfase VDINTERMOVIM
02 16:25:03:427 Empiezo a leer forms vdintermovim.frm
02 16:25:03:432 Termino parse forms vdintermovim.frm
02 16:25:03:432 Ejecutando interfase VDINTERMOVIM
02 16:27:03:447 Empiezo a leer forms vdintermovim.frm
02 16:27:03:452 Termino parse forms vdintermovim.frm
02 16:27:03:452 Ejecutando interfase VDINTERMOVIM
02 16:29:03:460 Empiezo a leer forms vdintermovim.frm
02 16:29:03:465 Termino parse forms vdintermovim.frm
02 16:29:03:467 Ejecutando interfase VDINTERMOVIM
02 16:31:03:487 Empiezo a leer forms vdintermovim.frm
02 16:31:03:494 Termino parse forms vdintermovim.frm
02 16:31:03:494 Ejecutando interfase VDINTERMOVIM
02 16:33:03:505 Empiezo a leer forms vdintermovim.frm
02 16:33:03:510 Termino parse forms vdintermovim.frm
02 16:33:03:510 Ejecutando interfase VDINTERMOVIM
02 16:35:03:525 Empiezo a leer forms vdintermovim.frm
02 16:35:03:529 Termino parse forms vdintermovim.frm
02 16:35:03:530 Ejecutando interfase VDINTERMOVIM
02 16:37:03:540 Empiezo a leer forms vdintermovim.frm
02 16:37:03:544 Termino parse forms vdintermovim.frm
02 16:37:03:544 Ejecutando interfase VDINTERMOVIM
02 16:39:03:557 Empiezo a leer forms vdintermovim.frm
02 16:39:03:562 Termino parse forms vdintermovim.frm
02 16:39:03:562 Ejecutando interfase VDINTERMOVIM
02 16:41:03:577 Empiezo a leer forms vdintermovim.frm
02 16:41:03:582 Termino parse forms vdintermovim.frm
02 16:41:03:582 Ejecutando interfase VDINTERMOVIM
02 16:43:03:600 Empiezo a leer forms vdintermovim.frm
02 16:43:03:604 Termino parse forms vdintermovim.frm
02 16:43:03:605 Ejecutando interfase VDINTERMOVIM
02 16:45:03:617 Empiezo a leer forms vdintermovim.frm
02 16:45:03:620 Termino parse forms vdintermovim.frm
02 16:45:03:620 Ejecutando interfase VDINTERMOVIM
02 16:47:03:635 Empiezo a leer forms vdintermovim.frm
02 16:47:03:640 Termino parse forms vdintermovim.frm
02 16:47:03:640 Ejecutando interfase VDINTERMOVIM
02 16:49:03:650 Empiezo a leer forms vdintermovim.frm
02 16:49:03:654 Termino parse forms vdintermovim.frm
02 16:49:03:654 Ejecutando interfase VDINTERMOVIM
02 16:51:03:672 Empiezo a leer forms vdintermovim.frm
02 16:51:03:679 Termino parse forms vdintermovim.frm
02 16:51:03:679 Ejecutando interfase VDINTERMOVIM
02 16:53:03:700 Empiezo a leer forms vdintermovim.frm
02 16:53:03:705 Termino parse forms vdintermovim.frm
02 16:53:03:705 Ejecutando interfase VDINTERMOVIM
02 16:55:03:724 Empiezo a leer forms vdintermovim.frm
02 16:55:03:725 Termino parse forms vdintermovim.frm
02 16:55:03:727 Ejecutando interfase VDINTERMOVIM
02 16:57:03:740 Empiezo a leer forms vdintermovim.frm
02 16:57:03:747 Termino parse forms vdintermovim.frm
02 16:57:03:749 Ejecutando interfase VDINTERMOVIM
02 16:59:03:765 Empiezo a leer forms vdintermovim.frm
02 16:59:03:772 Termino parse forms vdintermovim.frm
02 16:59:03:772 Ejecutando interfase VDINTERMOVIM
02 17:01:03:782 Empiezo a leer forms vdintermovim.frm
02 17:01:03:787 Termino parse forms vdintermovim.frm
02 17:01:03:787 Ejecutando interfase VDINTERMOVIM
02 17:03:03:805 Empiezo a leer forms vdintermovim.frm
02 17:03:03:812 Termino parse forms vdintermovim.frm
02 17:03:03:812 Ejecutando interfase VDINTERMOVIM
02 17:05:03:830 Empiezo a leer forms vdintermovim.frm
02 17:05:03:835 Termino parse forms vdintermovim.frm
02 17:05:03:835 Ejecutando interfase VDINTERMOVIM
02 17:07:03:859 Empiezo a leer forms vdintermovim.frm
02 17:07:03:865 Termino parse forms vdintermovim.frm
02 17:07:03:865 Ejecutando interfase VDINTERMOVIM
02 17:09:03:875 Empiezo a leer forms vdintermovim.frm
02 17:09:03:879 Termino parse forms vdintermovim.frm
02 17:09:03:880 Ejecutando interfase VDINTERMOVIM
02 17:11:03:894 Empiezo a leer forms vdintermovim.frm
02 17:11:03:900 Termino parse forms vdintermovim.frm
02 17:11:03:902 Ejecutando interfase VDINTERMOVIM
02 17:13:03:910 Empiezo a leer forms vdintermovim.frm
02 17:13:03:915 Termino parse forms vdintermovim.frm
02 17:13:03:915 Ejecutando interfase VDINTERMOVIM
02 17:15:03:924 Empiezo a leer forms vdintermovim.frm
02 17:15:03:930 Termino parse forms vdintermovim.frm
02 17:15:03:930 Ejecutando interfase VDINTERMOVIM
02 17:17:03:947 Empiezo a leer forms vdintermovim.frm
02 17:17:03:955 Termino parse forms vdintermovim.frm
02 17:17:03:955 Ejecutando interfase VDINTERMOVIM
02 17:19:03:964 Empiezo a leer forms vdintermovim.frm
02 17:19:03:967 Termino parse forms vdintermovim.frm
02 17:19:03:967 Ejecutando interfase VDINTERMOVIM
02 17:21:03:977 Empiezo a leer forms vdintermovim.frm
02 17:21:03:980 Termino parse forms vdintermovim.frm
02 17:21:03:980 Ejecutando interfase VDINTERMOVIM
02 17:23:03:992 Empiezo a leer forms vdintermovim.frm
02 17:23:03:997 Termino parse forms vdintermovim.frm
02 17:23:03:999 Ejecutando interfase VDINTERMOVIM
02 17:25:04:015 Empiezo a leer forms vdintermovim.frm
02 17:25:04:022 Termino parse forms vdintermovim.frm
02 17:25:04:022 Ejecutando interfase VDINTERMOVIM
02 17:27:04:042 Empiezo a leer forms vdintermovim.frm
02 17:27:04:050 Termino parse forms vdintermovim.frm
02 17:27:04:050 Ejecutando interfase VDINTERMOVIM
02 17:29:04:065 Empiezo a leer forms vdintermovim.frm
02 17:29:04:072 Termino parse forms vdintermovim.frm
02 17:29:04:072 Ejecutando interfase VDINTERMOVIM
02 17:31:04:090 Empiezo a leer forms vdintermovim.frm
02 17:31:04:095 Termino parse forms vdintermovim.frm
02 17:31:04:095 Ejecutando interfase VDINTERMOVIM
02 17:33:04:107 Empiezo a leer forms vdintermovim.frm
02 17:33:04:110 Termino parse forms vdintermovim.frm
02 17:33:04:110 Ejecutando interfase VDINTERMOVIM
02 17:35:04:132 Empiezo a leer forms vdintermovim.frm
02 17:35:04:135 Termino parse forms vdintermovim.frm
02 17:35:04:137 Ejecutando interfase VDINTERMOVIM
02 17:37:04:157 Empiezo a leer forms vdintermovim.frm
02 17:37:04:162 Termino parse forms vdintermovim.frm
02 17:37:04:162 Ejecutando interfase VDINTERMOVIM
02 17:39:04:170 Empiezo a leer forms vdintermovim.frm
02 17:39:04:175 Termino parse forms vdintermovim.frm
02 17:39:04:177 Ejecutando interfase VDINTERMOVIM
02 17:41:04:187 Empiezo a leer forms vdintermovim.frm
02 17:41:04:192 Termino parse forms vdintermovim.frm
02 17:41:04:192 Ejecutando interfase VDINTERMOVIM
02 17:43:04:207 Empiezo a leer forms vdintermovim.frm
02 17:43:04:210 Termino parse forms vdintermovim.frm
02 17:43:04:210 Ejecutando interfase VDINTERMOVIM
02 17:45:04:232 Empiezo a leer forms vdintermovim.frm
02 17:45:04:237 Termino parse forms vdintermovim.frm
02 17:45:04:237 Ejecutando interfase VDINTERMOVIM
02 17:47:04:260 Empiezo a leer forms vdintermovim.frm
02 17:47:04:265 Termino parse forms vdintermovim.frm
02 17:47:04:265 Ejecutando interfase VDINTERMOVIM
02 17:49:04:287 Empiezo a leer forms vdintermovim.frm
02 17:49:04:294 Termino parse forms vdintermovim.frm
02 17:49:04:294 Ejecutando interfase VDINTERMOVIM
02 17:51:04:310 Empiezo a leer forms vdintermovim.frm
02 17:51:04:317 Termino parse forms vdintermovim.frm
02 17:51:04:317 Ejecutando interfase VDINTERMOVIM
02 17:53:04:334 Empiezo a leer forms vdintermovim.frm
02 17:53:04:337 Termino parse forms vdintermovim.frm
02 17:53:04:339 Ejecutando interfase VDINTERMOVIM
02 17:55:04:345 Empiezo a leer forms vdintermovim.frm
02 17:55:04:352 Termino parse forms vdintermovim.frm
02 17:55:04:352 Ejecutando interfase VDINTERMOVIM

00 17:56:19:852 Fichero de log cerrado.

