00 09:03:09:445 Fichero de log abierto PID 13584

02 09:03:09:446 Intentando abrir fichero v10.ini
02 09:03:09:452 Cargando driver v10oracle funcion damedriveroracle
02 09:03:09:882 Conectado a base de datos
02 09:03:09:883 Proceso ENVIOMOVIM encontrado en tabla VDPROCESOS
02 09:03:09:915 Proceso ENVIOMOVIM cargado con función interfasesalida (Librería VDINTERFASES.DLL) direccion 07FDCC80
02 09:03:09:917 PLSQL: INICIALIZADO PAQUETE DE LOG EL DIA 18-03-2022
02 09:03:09:932 Actualizado SID 260 SERIAL 57153 del proceso con PID 13584
00 09:03:09:965 Error al abrir fichero VDST.H
02 09:03:09:971 Empiezo a leer forms vdintermovim.frm
02 09:03:09:986 Termino parse forms vdintermovim.frm
02 09:03:09:986 Ejecutando interfase VDINTERMOVIM
02 09:05:10:003 Empiezo a leer forms vdintermovim.frm
02 09:05:10:007 Termino parse forms vdintermovim.frm
02 09:05:10:007 Ejecutando interfase VDINTERMOVIM
02 09:07:10:016 Empiezo a leer forms vdintermovim.frm
02 09:07:10:021 Termino parse forms vdintermovim.frm
02 09:07:10:021 Ejecutando interfase VDINTERMOVIM
02 09:09:10:028 Empiezo a leer forms vdintermovim.frm
02 09:09:10:035 Termino parse forms vdintermovim.frm
02 09:09:10:035 Ejecutando interfase VDINTERMOVIM
02 09:11:10:051 Empiezo a leer forms vdintermovim.frm
02 09:11:10:053 Termino parse forms vdintermovim.frm
02 09:11:10:056 Ejecutando interfase VDINTERMOVIM
02 09:13:10:070 Empiezo a leer forms vdintermovim.frm
02 09:13:10:075 Termino parse forms vdintermovim.frm
02 09:13:10:075 Ejecutando interfase VDINTERMOVIM
02 09:15:10:096 Empiezo a leer forms vdintermovim.frm
02 09:15:10:102 Termino parse forms vdintermovim.frm
02 09:15:10:102 Ejecutando interfase VDINTERMOVIM
02 09:17:10:113 Empiezo a leer forms vdintermovim.frm
02 09:17:10:117 Termino parse forms vdintermovim.frm
02 09:17:10:117 Ejecutando interfase VDINTERMOVIM
02 09:19:10:127 Empiezo a leer forms vdintermovim.frm
02 09:19:10:130 Termino parse forms vdintermovim.frm
02 09:19:10:130 Ejecutando interfase VDINTERMOVIM
02 09:21:10:141 Empiezo a leer forms vdintermovim.frm
02 09:21:10:143 Termino parse forms vdintermovim.frm
02 09:21:10:143 Ejecutando interfase VDINTERMOVIM
02 09:23:10:153 Empiezo a leer forms vdintermovim.frm
02 09:23:10:157 Termino parse forms vdintermovim.frm
02 09:23:10:157 Ejecutando interfase VDINTERMOVIM
02 09:25:10:175 Empiezo a leer forms vdintermovim.frm
02 09:25:10:181 Termino parse forms vdintermovim.frm
02 09:25:10:181 Ejecutando interfase VDINTERMOVIM
02 09:27:10:197 Empiezo a leer forms vdintermovim.frm
02 09:27:10:203 Termino parse forms vdintermovim.frm
02 09:27:10:203 Ejecutando interfase VDINTERMOVIM
02 09:29:10:223 Empiezo a leer forms vdintermovim.frm
02 09:29:10:230 Termino parse forms vdintermovim.frm
02 09:29:10:231 Ejecutando interfase VDINTERMOVIM
02 09:31:10:252 Empiezo a leer forms vdintermovim.frm
02 09:31:10:255 Termino parse forms vdintermovim.frm
02 09:31:10:255 Ejecutando interfase VDINTERMOVIM
02 09:33:10:272 Empiezo a leer forms vdintermovim.frm
02 09:33:10:277 Termino parse forms vdintermovim.frm
02 09:33:10:277 Ejecutando interfase VDINTERMOVIM
02 09:35:10:295 Empiezo a leer forms vdintermovim.frm
02 09:35:10:300 Termino parse forms vdintermovim.frm
02 09:35:10:300 Ejecutando interfase VDINTERMOVIM
02 09:37:10:312 Empiezo a leer forms vdintermovim.frm
02 09:37:10:317 Termino parse forms vdintermovim.frm
02 09:37:10:317 Ejecutando interfase VDINTERMOVIM
02 09:39:10:340 Empiezo a leer forms vdintermovim.frm
02 09:39:10:343 Termino parse forms vdintermovim.frm
02 09:39:10:345 Ejecutando interfase VDINTERMOVIM
02 09:41:10:352 Empiezo a leer forms vdintermovim.frm
02 09:41:10:356 Termino parse forms vdintermovim.frm
02 09:41:10:356 Ejecutando interfase VDINTERMOVIM
02 09:43:10:365 Empiezo a leer forms vdintermovim.frm
02 09:43:10:371 Termino parse forms vdintermovim.frm
02 09:43:10:371 Ejecutando interfase VDINTERMOVIM
02 09:45:10:385 Empiezo a leer forms vdintermovim.frm
02 09:45:10:391 Termino parse forms vdintermovim.frm
02 09:45:10:391 Ejecutando interfase VDINTERMOVIM
02 09:47:10:410 Empiezo a leer forms vdintermovim.frm
02 09:47:10:412 Termino parse forms vdintermovim.frm
02 09:47:10:412 Ejecutando interfase VDINTERMOVIM
02 09:49:10:422 Empiezo a leer forms vdintermovim.frm
02 09:49:10:426 Termino parse forms vdintermovim.frm
02 09:49:10:427 Ejecutando interfase VDINTERMOVIM
02 09:51:10:446 Empiezo a leer forms vdintermovim.frm
02 09:51:10:451 Termino parse forms vdintermovim.frm
02 09:51:10:451 Ejecutando interfase VDINTERMOVIM
02 09:53:10:463 Empiezo a leer forms vdintermovim.frm
02 09:53:10:467 Termino parse forms vdintermovim.frm
02 09:53:10:467 Ejecutando interfase VDINTERMOVIM
02 09:55:10:476 Empiezo a leer forms vdintermovim.frm
02 09:55:10:481 Termino parse forms vdintermovim.frm
02 09:55:10:481 Ejecutando interfase VDINTERMOVIM
02 09:57:10:487 Empiezo a leer forms vdintermovim.frm
02 09:57:10:492 Termino parse forms vdintermovim.frm
02 09:57:10:492 Ejecutando interfase VDINTERMOVIM
02 09:59:10:506 Empiezo a leer forms vdintermovim.frm
02 09:59:10:508 Termino parse forms vdintermovim.frm
02 09:59:10:508 Ejecutando interfase VDINTERMOVIM
02 10:01:10:516 Empiezo a leer forms vdintermovim.frm
02 10:01:10:520 Termino parse forms vdintermovim.frm
02 10:01:10:521 Ejecutando interfase VDINTERMOVIM
02 10:03:10:541 Empiezo a leer forms vdintermovim.frm
02 10:03:10:543 Termino parse forms vdintermovim.frm
02 10:03:10:545 Ejecutando interfase VDINTERMOVIM
02 10:05:10:556 Empiezo a leer forms vdintermovim.frm
02 10:05:10:560 Termino parse forms vdintermovim.frm
02 10:05:10:560 Ejecutando interfase VDINTERMOVIM
02 10:07:10:573 Empiezo a leer forms vdintermovim.frm
02 10:07:10:580 Termino parse forms vdintermovim.frm
02 10:07:10:580 Ejecutando interfase VDINTERMOVIM
02 10:09:10:597 Empiezo a leer forms vdintermovim.frm
02 10:09:10:603 Termino parse forms vdintermovim.frm
02 10:09:10:605 Ejecutando interfase VDINTERMOVIM
02 10:11:10:621 Empiezo a leer forms vdintermovim.frm
02 10:11:10:627 Termino parse forms vdintermovim.frm
02 10:11:10:627 Ejecutando interfase VDINTERMOVIM
02 10:13:10:635 Empiezo a leer forms vdintermovim.frm
02 10:13:10:642 Termino parse forms vdintermovim.frm
02 10:13:10:642 Ejecutando interfase VDINTERMOVIM
02 10:15:10:661 Empiezo a leer forms vdintermovim.frm
02 10:15:10:665 Termino parse forms vdintermovim.frm
02 10:15:10:665 Ejecutando interfase VDINTERMOVIM
02 10:17:10:680 Empiezo a leer forms vdintermovim.frm
02 10:17:10:683 Termino parse forms vdintermovim.frm
02 10:17:10:683 Ejecutando interfase VDINTERMOVIM
02 10:19:10:702 Empiezo a leer forms vdintermovim.frm
02 10:19:10:706 Termino parse forms vdintermovim.frm
02 10:19:10:706 Ejecutando interfase VDINTERMOVIM
02 10:21:10:723 Empiezo a leer forms vdintermovim.frm
02 10:21:10:730 Termino parse forms vdintermovim.frm
02 10:21:10:730 Ejecutando interfase VDINTERMOVIM
02 10:23:10:741 Empiezo a leer forms vdintermovim.frm
02 10:23:10:747 Termino parse forms vdintermovim.frm
02 10:23:10:747 Ejecutando interfase VDINTERMOVIM
02 10:25:10:757 Empiezo a leer forms vdintermovim.frm
02 10:25:10:761 Termino parse forms vdintermovim.frm
02 10:25:10:761 Ejecutando interfase VDINTERMOVIM
02 10:27:10:767 Empiezo a leer forms vdintermovim.frm
02 10:27:10:772 Termino parse forms vdintermovim.frm
02 10:27:10:772 Ejecutando interfase VDINTERMOVIM
02 10:29:10:793 Empiezo a leer forms vdintermovim.frm
02 10:29:10:797 Termino parse forms vdintermovim.frm
02 10:29:10:797 Ejecutando interfase VDINTERMOVIM
02 10:31:10:805 Empiezo a leer forms vdintermovim.frm
02 10:31:10:810 Termino parse forms vdintermovim.frm
02 10:31:10:811 Ejecutando interfase VDINTERMOVIM
02 10:33:10:833 Empiezo a leer forms vdintermovim.frm
02 10:33:10:841 Termino parse forms vdintermovim.frm
02 10:33:10:841 Ejecutando interfase VDINTERMOVIM
02 10:35:10:860 Empiezo a leer forms vdintermovim.frm
02 10:35:10:865 Termino parse forms vdintermovim.frm
02 10:35:10:866 Ejecutando interfase VDINTERMOVIM
02 10:37:10:872 Empiezo a leer forms vdintermovim.frm
02 10:37:10:878 Termino parse forms vdintermovim.frm
02 10:37:10:880 Ejecutando interfase VDINTERMOVIM
02 10:39:10:902 Empiezo a leer forms vdintermovim.frm
02 10:39:10:906 Termino parse forms vdintermovim.frm
02 10:39:10:906 Ejecutando interfase VDINTERMOVIM
02 10:41:10:912 Empiezo a leer forms vdintermovim.frm
02 10:41:10:916 Termino parse forms vdintermovim.frm
02 10:41:10:916 Ejecutando interfase VDINTERMOVIM
02 10:43:10:932 Empiezo a leer forms vdintermovim.frm
02 10:43:10:937 Termino parse forms vdintermovim.frm
02 10:43:10:937 Ejecutando interfase VDINTERMOVIM
02 10:45:10:958 Empiezo a leer forms vdintermovim.frm
02 10:45:10:965 Termino parse forms vdintermovim.frm
02 10:45:10:965 Ejecutando interfase VDINTERMOVIM
02 10:47:10:977 Empiezo a leer forms vdintermovim.frm
02 10:47:10:983 Termino parse forms vdintermovim.frm
02 10:47:10:985 Ejecutando interfase VDINTERMOVIM
02 10:49:11:006 Empiezo a leer forms vdintermovim.frm
02 10:49:11:012 Termino parse forms vdintermovim.frm
02 10:49:11:012 Ejecutando interfase VDINTERMOVIM
02 10:51:11:031 Empiezo a leer forms vdintermovim.frm
02 10:51:11:036 Termino parse forms vdintermovim.frm
02 10:51:11:036 Ejecutando interfase VDINTERMOVIM
02 10:53:11:056 Empiezo a leer forms vdintermovim.frm
02 10:53:11:062 Termino parse forms vdintermovim.frm
02 10:53:11:062 Ejecutando interfase VDINTERMOVIM
02 10:55:11:077 Empiezo a leer forms vdintermovim.frm
02 10:55:11:082 Termino parse forms vdintermovim.frm
02 10:55:11:082 Ejecutando interfase VDINTERMOVIM
02 10:57:11:102 Empiezo a leer forms vdintermovim.frm
02 10:57:11:108 Termino parse forms vdintermovim.frm
02 10:57:11:108 Ejecutando interfase VDINTERMOVIM
02 10:59:11:118 Empiezo a leer forms vdintermovim.frm
02 10:59:11:122 Termino parse forms vdintermovim.frm
02 10:59:11:122 Ejecutando interfase VDINTERMOVIM
02 11:01:11:132 Empiezo a leer forms vdintermovim.frm
02 11:01:11:135 Termino parse forms vdintermovim.frm
02 11:01:11:135 Ejecutando interfase VDINTERMOVIM
02 11:03:11:143 Empiezo a leer forms vdintermovim.frm
02 11:03:11:147 Termino parse forms vdintermovim.frm
02 11:03:11:147 Ejecutando interfase VDINTERMOVIM
02 11:05:11:156 Empiezo a leer forms vdintermovim.frm
02 11:05:11:162 Termino parse forms vdintermovim.frm
02 11:05:11:162 Ejecutando interfase VDINTERMOVIM
02 11:07:11:173 Empiezo a leer forms vdintermovim.frm
02 11:07:11:180 Termino parse forms vdintermovim.frm
02 11:07:11:181 Ejecutando interfase VDINTERMOVIM
02 11:28:29:973 Empiezo a leer forms vdintermovim.frm
02 11:28:29:976 Termino parse forms vdintermovim.frm
02 11:28:29:977 Ejecutando interfase VDINTERMOVIM
02 11:30:30:797 Empiezo a leer forms vdintermovim.frm
02 11:30:30:801 Termino parse forms vdintermovim.frm
02 11:30:30:801 Ejecutando interfase VDINTERMOVIM
02 11:32:30:818 Empiezo a leer forms vdintermovim.frm
02 11:32:30:822 Termino parse forms vdintermovim.frm
02 11:32:30:822 Ejecutando interfase VDINTERMOVIM
02 11:34:30:837 Empiezo a leer forms vdintermovim.frm
02 11:34:30:842 Termino parse forms vdintermovim.frm
02 11:34:30:842 Ejecutando interfase VDINTERMOVIM
02 11:36:30:858 Empiezo a leer forms vdintermovim.frm
02 11:36:30:862 Termino parse forms vdintermovim.frm
02 11:36:30:862 Ejecutando interfase VDINTERMOVIM
02 11:38:30:883 Empiezo a leer forms vdintermovim.frm
02 11:38:30:888 Termino parse forms vdintermovim.frm
02 11:38:30:888 Ejecutando interfase VDINTERMOVIM
02 11:40:30:900 Empiezo a leer forms vdintermovim.frm
02 11:40:30:905 Termino parse forms vdintermovim.frm
02 11:40:30:905 Ejecutando interfase VDINTERMOVIM
02 11:42:30:919 Empiezo a leer forms vdintermovim.frm
02 11:42:30:922 Termino parse forms vdintermovim.frm
02 11:42:30:922 Ejecutando interfase VDINTERMOVIM
02 11:44:30:932 Empiezo a leer forms vdintermovim.frm
02 11:44:30:939 Termino parse forms vdintermovim.frm
02 11:44:30:939 Ejecutando interfase VDINTERMOVIM
02 11:46:30:947 Empiezo a leer forms vdintermovim.frm
02 11:46:30:952 Termino parse forms vdintermovim.frm
02 11:46:30:952 Ejecutando interfase VDINTERMOVIM
02 11:48:30:972 Empiezo a leer forms vdintermovim.frm
02 11:48:30:979 Termino parse forms vdintermovim.frm
02 11:48:30:979 Ejecutando interfase VDINTERMOVIM
02 11:50:30:997 Empiezo a leer forms vdintermovim.frm
02 11:50:31:004 Termino parse forms vdintermovim.frm
02 11:50:31:004 Ejecutando interfase VDINTERMOVIM
02 11:52:31:014 Empiezo a leer forms vdintermovim.frm
02 11:52:31:017 Termino parse forms vdintermovim.frm
02 11:52:31:017 Ejecutando interfase VDINTERMOVIM
02 11:54:31:035 Empiezo a leer forms vdintermovim.frm
02 11:54:31:042 Termino parse forms vdintermovim.frm
02 11:54:31:042 Ejecutando interfase VDINTERMOVIM
02 11:56:31:060 Empiezo a leer forms vdintermovim.frm
02 11:56:31:067 Termino parse forms vdintermovim.frm
02 11:56:31:067 Ejecutando interfase VDINTERMOVIM
02 11:58:31:085 Empiezo a leer forms vdintermovim.frm
02 11:58:31:089 Termino parse forms vdintermovim.frm
02 11:58:31:089 Ejecutando interfase VDINTERMOVIM
02 12:00:31:104 Empiezo a leer forms vdintermovim.frm
02 12:00:31:110 Termino parse forms vdintermovim.frm
02 12:00:31:110 Ejecutando interfase VDINTERMOVIM
02 12:02:31:122 Empiezo a leer forms vdintermovim.frm
02 12:02:31:125 Termino parse forms vdintermovim.frm
02 12:02:31:125 Ejecutando interfase VDINTERMOVIM
02 12:04:31:145 Empiezo a leer forms vdintermovim.frm
02 12:04:31:150 Termino parse forms vdintermovim.frm
02 12:04:31:150 Ejecutando interfase VDINTERMOVIM
02 12:06:31:170 Empiezo a leer forms vdintermovim.frm
02 12:06:31:177 Termino parse forms vdintermovim.frm
02 12:06:31:177 Ejecutando interfase VDINTERMOVIM
02 12:08:31:200 Empiezo a leer forms vdintermovim.frm
02 12:08:31:207 Termino parse forms vdintermovim.frm
02 12:08:31:207 Ejecutando interfase VDINTERMOVIM
02 12:10:31:220 Empiezo a leer forms vdintermovim.frm
02 12:10:31:227 Termino parse forms vdintermovim.frm
02 12:10:31:227 Ejecutando interfase VDINTERMOVIM
02 12:12:31:237 Empiezo a leer forms vdintermovim.frm
02 12:12:31:242 Termino parse forms vdintermovim.frm
02 12:12:31:242 Ejecutando interfase VDINTERMOVIM
02 12:14:31:262 Empiezo a leer forms vdintermovim.frm
02 12:14:31:265 Termino parse forms vdintermovim.frm
02 12:14:31:265 Ejecutando interfase VDINTERMOVIM
02 12:16:31:272 Empiezo a leer forms vdintermovim.frm
02 12:16:31:277 Termino parse forms vdintermovim.frm
02 12:16:31:277 Ejecutando interfase VDINTERMOVIM
02 12:18:31:285 Empiezo a leer forms vdintermovim.frm
02 12:18:31:292 Termino parse forms vdintermovim.frm
02 12:18:31:292 Ejecutando interfase VDINTERMOVIM
02 12:20:31:304 Empiezo a leer forms vdintermovim.frm
02 12:20:31:309 Termino parse forms vdintermovim.frm
02 12:20:31:310 Ejecutando interfase VDINTERMOVIM
02 12:22:31:319 Empiezo a leer forms vdintermovim.frm
02 12:22:31:325 Termino parse forms vdintermovim.frm
02 12:22:31:325 Ejecutando interfase VDINTERMOVIM
02 12:24:31:337 Empiezo a leer forms vdintermovim.frm
02 12:24:31:344 Termino parse forms vdintermovim.frm
02 12:24:31:345 Ejecutando interfase VDINTERMOVIM
02 12:26:31:354 Empiezo a leer forms vdintermovim.frm
02 12:26:31:357 Termino parse forms vdintermovim.frm
02 12:26:31:357 Ejecutando interfase VDINTERMOVIM
02 12:28:31:375 Empiezo a leer forms vdintermovim.frm
02 12:28:31:380 Termino parse forms vdintermovim.frm
02 12:28:31:380 Ejecutando interfase VDINTERMOVIM
02 12:30:31:402 Empiezo a leer forms vdintermovim.frm
02 12:30:31:407 Termino parse forms vdintermovim.frm
02 12:30:31:407 Ejecutando interfase VDINTERMOVIM
02 12:32:31:424 Empiezo a leer forms vdintermovim.frm
02 12:32:31:429 Termino parse forms vdintermovim.frm
02 12:32:31:430 Ejecutando interfase VDINTERMOVIM
02 12:34:31:450 Empiezo a leer forms vdintermovim.frm
02 12:34:31:455 Termino parse forms vdintermovim.frm
02 12:34:31:455 Ejecutando interfase VDINTERMOVIM
02 12:36:31:470 Empiezo a leer forms vdintermovim.frm
02 12:36:31:477 Termino parse forms vdintermovim.frm
02 12:36:31:477 Ejecutando interfase VDINTERMOVIM
02 12:38:31:495 Empiezo a leer forms vdintermovim.frm
02 12:38:31:500 Termino parse forms vdintermovim.frm
02 12:38:31:500 Ejecutando interfase VDINTERMOVIM
02 12:40:31:514 Empiezo a leer forms vdintermovim.frm
02 12:40:31:520 Termino parse forms vdintermovim.frm
02 12:40:31:520 Ejecutando interfase VDINTERMOVIM
02 12:42:31:535 Empiezo a leer forms vdintermovim.frm
02 12:42:31:542 Termino parse forms vdintermovim.frm
02 12:42:31:542 Ejecutando interfase VDINTERMOVIM
02 12:44:31:555 Empiezo a leer forms vdintermovim.frm
02 12:44:31:560 Termino parse forms vdintermovim.frm
02 12:44:31:560 Ejecutando interfase VDINTERMOVIM
02 12:46:31:574 Empiezo a leer forms vdintermovim.frm
02 12:46:31:579 Termino parse forms vdintermovim.frm
02 12:46:31:580 Ejecutando interfase VDINTERMOVIM
02 12:48:31:592 Empiezo a leer forms vdintermovim.frm
02 12:48:31:597 Termino parse forms vdintermovim.frm
02 12:48:31:599 Ejecutando interfase VDINTERMOVIM
02 12:50:31:612 Empiezo a leer forms vdintermovim.frm
02 12:50:31:617 Termino parse forms vdintermovim.frm
02 12:50:31:617 Ejecutando interfase VDINTERMOVIM
02 12:52:31:635 Empiezo a leer forms vdintermovim.frm
02 12:52:31:637 Termino parse forms vdintermovim.frm
02 12:52:31:637 Ejecutando interfase VDINTERMOVIM
02 12:54:31:647 Empiezo a leer forms vdintermovim.frm
02 12:54:31:654 Termino parse forms vdintermovim.frm
02 12:54:31:655 Ejecutando interfase VDINTERMOVIM
02 12:56:31:675 Empiezo a leer forms vdintermovim.frm
02 12:56:31:680 Termino parse forms vdintermovim.frm
02 12:56:31:680 Ejecutando interfase VDINTERMOVIM
02 12:58:31:695 Empiezo a leer forms vdintermovim.frm
02 12:58:31:700 Termino parse forms vdintermovim.frm
02 12:58:31:700 Ejecutando interfase VDINTERMOVIM
02 13:00:31:715 Empiezo a leer forms vdintermovim.frm
02 13:00:31:720 Termino parse forms vdintermovim.frm
02 13:00:31:720 Ejecutando interfase VDINTERMOVIM
02 13:02:31:729 Empiezo a leer forms vdintermovim.frm
02 13:02:31:735 Termino parse forms vdintermovim.frm
02 13:02:31:735 Ejecutando interfase VDINTERMOVIM
02 13:04:31:745 Empiezo a leer forms vdintermovim.frm
02 13:04:31:749 Termino parse forms vdintermovim.frm
02 13:04:31:749 Ejecutando interfase VDINTERMOVIM
02 13:06:31:759 Empiezo a leer forms vdintermovim.frm
02 13:06:31:764 Termino parse forms vdintermovim.frm
02 13:06:31:765 Ejecutando interfase VDINTERMOVIM
02 13:08:31:774 Empiezo a leer forms vdintermovim.frm
02 13:08:31:780 Termino parse forms vdintermovim.frm
02 13:08:31:780 Ejecutando interfase VDINTERMOVIM
02 13:10:31:790 Empiezo a leer forms vdintermovim.frm
02 13:10:31:795 Termino parse forms vdintermovim.frm
02 13:10:31:795 Ejecutando interfase VDINTERMOVIM
02 13:12:31:815 Empiezo a leer forms vdintermovim.frm
02 13:12:31:822 Termino parse forms vdintermovim.frm
02 13:12:31:822 Ejecutando interfase VDINTERMOVIM
02 13:14:31:832 Empiezo a leer forms vdintermovim.frm
02 13:14:31:837 Termino parse forms vdintermovim.frm
02 13:14:31:837 Ejecutando interfase VDINTERMOVIM
02 13:16:31:847 Empiezo a leer forms vdintermovim.frm
02 13:16:31:852 Termino parse forms vdintermovim.frm
02 13:16:31:852 Ejecutando interfase VDINTERMOVIM
02 13:18:31:872 Empiezo a leer forms vdintermovim.frm
02 13:18:31:879 Termino parse forms vdintermovim.frm
02 13:18:31:879 Ejecutando interfase VDINTERMOVIM
02 13:20:31:892 Empiezo a leer forms vdintermovim.frm
02 13:20:31:897 Termino parse forms vdintermovim.frm
02 13:20:31:897 Ejecutando interfase VDINTERMOVIM
02 13:22:31:912 Empiezo a leer forms vdintermovim.frm
02 13:22:31:915 Termino parse forms vdintermovim.frm
02 13:22:31:915 Ejecutando interfase VDINTERMOVIM
02 13:24:31:932 Empiezo a leer forms vdintermovim.frm
02 13:24:31:935 Termino parse forms vdintermovim.frm
02 13:24:31:937 Ejecutando interfase VDINTERMOVIM
02 13:26:31:945 Empiezo a leer forms vdintermovim.frm
02 13:26:31:950 Termino parse forms vdintermovim.frm
02 13:26:31:952 Ejecutando interfase VDINTERMOVIM
02 13:28:31:960 Empiezo a leer forms vdintermovim.frm
02 13:28:31:962 Termino parse forms vdintermovim.frm
02 13:28:31:964 Ejecutando interfase VDINTERMOVIM
02 13:30:31:982 Empiezo a leer forms vdintermovim.frm
02 13:30:31:985 Termino parse forms vdintermovim.frm
02 13:30:31:985 Ejecutando interfase VDINTERMOVIM
02 13:32:31:992 Empiezo a leer forms vdintermovim.frm
02 13:32:31:997 Termino parse forms vdintermovim.frm
02 13:32:31:997 Ejecutando interfase VDINTERMOVIM
02 13:34:32:012 Empiezo a leer forms vdintermovim.frm
02 13:34:32:017 Termino parse forms vdintermovim.frm
02 13:34:32:017 Ejecutando interfase VDINTERMOVIM
02 13:36:32:027 Empiezo a leer forms vdintermovim.frm
02 13:36:32:030 Termino parse forms vdintermovim.frm
02 13:36:32:030 Ejecutando interfase VDINTERMOVIM
02 13:38:32:042 Empiezo a leer forms vdintermovim.frm
02 13:38:32:044 Termino parse forms vdintermovim.frm
02 13:38:32:044 Ejecutando interfase VDINTERMOVIM
02 13:40:32:057 Empiezo a leer forms vdintermovim.frm
02 13:40:32:062 Termino parse forms vdintermovim.frm
02 13:40:32:062 Ejecutando interfase VDINTERMOVIM
02 13:42:32:085 Empiezo a leer forms vdintermovim.frm
02 13:42:32:090 Termino parse forms vdintermovim.frm
02 13:42:32:090 Ejecutando interfase VDINTERMOVIM
02 13:44:32:110 Empiezo a leer forms vdintermovim.frm
02 13:44:32:115 Termino parse forms vdintermovim.frm
02 13:44:32:117 Ejecutando interfase VDINTERMOVIM
02 13:46:32:127 Empiezo a leer forms vdintermovim.frm
02 13:46:32:132 Termino parse forms vdintermovim.frm
02 13:46:32:132 Ejecutando interfase VDINTERMOVIM
02 13:48:32:152 Empiezo a leer forms vdintermovim.frm
02 13:48:32:157 Termino parse forms vdintermovim.frm
02 13:48:32:157 Ejecutando interfase VDINTERMOVIM
02 13:50:32:167 Empiezo a leer forms vdintermovim.frm
02 13:50:32:170 Termino parse forms vdintermovim.frm
02 13:50:32:170 Ejecutando interfase VDINTERMOVIM
02 13:52:32:179 Empiezo a leer forms vdintermovim.frm
02 13:52:32:185 Termino parse forms vdintermovim.frm
02 13:52:32:185 Ejecutando interfase VDINTERMOVIM
02 13:54:32:192 Empiezo a leer forms vdintermovim.frm
02 13:54:32:199 Termino parse forms vdintermovim.frm
02 13:54:32:200 Ejecutando interfase VDINTERMOVIM
02 13:56:32:220 Empiezo a leer forms vdintermovim.frm
02 13:56:32:225 Termino parse forms vdintermovim.frm
02 13:56:32:225 Ejecutando interfase VDINTERMOVIM

00 13:58:12:295 Fichero de log cerrado.

00 13:58:12:390 Fichero de log abierto PID 13544

02 13:58:12:394 Intentando abrir fichero v10.ini
02 13:58:12:400 Cargando driver v10oracle funcion damedriveroracle
02 13:58:13:145 Conectado a base de datos
02 13:58:13:147 Proceso ENVIOMOVIM encontrado en tabla VDPROCESOS
02 13:58:13:154 Proceso ENVIOMOVIM cargado con función interfasesalida (Librería VDINTERFASES.DLL) direccion 059ACC80
02 13:58:13:156 PLSQL: INICIALIZADO PAQUETE DE LOG EL DIA 18-03-2022
02 13:58:13:165 Actualizado SID 382 SERIAL 49674 del proceso con PID 13544
00 13:58:13:172 Error al abrir fichero VDST.H
02 13:58:13:174 Empiezo a leer forms vdintermovim.frm
02 13:58:13:187 Termino parse forms vdintermovim.frm
02 13:58:13:187 Ejecutando interfase VDINTERMOVIM

00 13:59:55:957 Fichero de log cerrado.

