00 09:07:46:172 Fichero de log abierto PID 11720

02 09:07:46:177 Intentando abrir fichero v10.ini
02 09:07:46:186 Cargando driver v10oracle funcion damedriveroracle
02 09:07:46:840 Conectado a base de datos
02 09:07:46:841 Proceso ENVIOMOVIM encontrado en tabla VDPROCESOS
02 09:07:46:847 Proceso ENVIOMOVIM cargado con función interfasesalida (Librería VDINTERFASES.DLL) direccion 05EECC80
02 09:07:46:848 PLSQL: INICIALIZADO PAQUETE DE LOG EL DIA 22-03-2022
02 09:07:46:857 Actualizado SID 624 SERIAL 34386 del proceso con PID 11720
00 09:07:46:861 Error al abrir fichero VDST.H
02 09:07:46:867 Empiezo a leer forms vdintermovim.frm
02 09:07:46:878 Termino parse forms vdintermovim.frm
02 09:07:46:878 Ejecutando interfase VDINTERMOVIM
02 09:09:46:892 Empiezo a leer forms vdintermovim.frm
02 09:09:46:900 Termino parse forms vdintermovim.frm
02 09:09:46:901 Ejecutando interfase VDINTERMOVIM
02 09:11:46:916 Empiezo a leer forms vdintermovim.frm
02 09:11:46:922 Termino parse forms vdintermovim.frm
02 09:11:46:922 Ejecutando interfase VDINTERMOVIM
02 09:13:46:946 Empiezo a leer forms vdintermovim.frm
02 09:13:46:952 Termino parse forms vdintermovim.frm
02 09:13:46:952 Ejecutando interfase VDINTERMOVIM
02 09:15:46:976 Empiezo a leer forms vdintermovim.frm
02 09:15:46:982 Termino parse forms vdintermovim.frm
02 09:15:46:982 Ejecutando interfase VDINTERMOVIM
02 09:17:46:995 Empiezo a leer forms vdintermovim.frm
02 09:17:47:002 Termino parse forms vdintermovim.frm
02 09:17:47:002 Ejecutando interfase VDINTERMOVIM
02 09:19:47:020 Empiezo a leer forms vdintermovim.frm
02 09:19:47:022 Termino parse forms vdintermovim.frm
02 09:19:47:022 Ejecutando interfase VDINTERMOVIM
02 09:21:47:038 Empiezo a leer forms vdintermovim.frm
02 09:21:47:046 Termino parse forms vdintermovim.frm
02 09:21:47:047 Ejecutando interfase VDINTERMOVIM
02 09:23:47:056 Empiezo a leer forms vdintermovim.frm
02 09:23:47:061 Termino parse forms vdintermovim.frm
02 09:23:47:061 Ejecutando interfase VDINTERMOVIM
02 09:25:47:075 Empiezo a leer forms vdintermovim.frm
02 09:25:47:077 Termino parse forms vdintermovim.frm
02 09:25:47:078 Ejecutando interfase VDINTERMOVIM
02 09:27:47:085 Empiezo a leer forms vdintermovim.frm
02 09:27:47:087 Termino parse forms vdintermovim.frm
02 09:27:47:087 Ejecutando interfase VDINTERMOVIM
02 09:29:47:097 Empiezo a leer forms vdintermovim.frm
02 09:29:47:101 Termino parse forms vdintermovim.frm
02 09:29:47:101 Ejecutando interfase VDINTERMOVIM
02 09:31:47:120 Empiezo a leer forms vdintermovim.frm
02 09:31:47:122 Termino parse forms vdintermovim.frm
02 09:31:47:122 Ejecutando interfase VDINTERMOVIM
02 09:33:47:143 Empiezo a leer forms vdintermovim.frm
02 09:33:47:147 Termino parse forms vdintermovim.frm
02 09:33:47:147 Ejecutando interfase VDINTERMOVIM
02 09:35:47:165 Empiezo a leer forms vdintermovim.frm
02 09:35:47:167 Termino parse forms vdintermovim.frm
02 09:35:47:167 Ejecutando interfase VDINTERMOVIM
02 09:37:47:185 Empiezo a leer forms vdintermovim.frm
02 09:37:47:188 Termino parse forms vdintermovim.frm
02 09:37:47:188 Ejecutando interfase VDINTERMOVIM
02 09:39:47:206 Empiezo a leer forms vdintermovim.frm
02 09:39:47:211 Termino parse forms vdintermovim.frm
02 09:39:47:211 Ejecutando interfase VDINTERMOVIM
02 09:41:47:227 Empiezo a leer forms vdintermovim.frm
02 09:41:47:232 Termino parse forms vdintermovim.frm
02 09:41:47:232 Ejecutando interfase VDINTERMOVIM
02 09:43:47:242 Empiezo a leer forms vdintermovim.frm
02 09:43:47:248 Termino parse forms vdintermovim.frm
02 09:43:47:248 Ejecutando interfase VDINTERMOVIM
02 09:45:47:262 Empiezo a leer forms vdintermovim.frm
02 09:45:47:267 Termino parse forms vdintermovim.frm
02 09:45:47:267 Ejecutando interfase VDINTERMOVIM
02 09:47:47:281 Empiezo a leer forms vdintermovim.frm
02 09:47:47:285 Termino parse forms vdintermovim.frm
02 09:47:47:285 Ejecutando interfase VDINTERMOVIM
02 09:49:47:298 Empiezo a leer forms vdintermovim.frm
02 09:49:47:302 Termino parse forms vdintermovim.frm
02 09:49:47:302 Ejecutando interfase VDINTERMOVIM
02 09:51:47:322 Empiezo a leer forms vdintermovim.frm
02 09:51:47:328 Termino parse forms vdintermovim.frm
02 09:51:47:330 Ejecutando interfase VDINTERMOVIM
02 09:53:47:347 Empiezo a leer forms vdintermovim.frm
02 09:53:47:353 Termino parse forms vdintermovim.frm
02 09:53:47:353 Ejecutando interfase VDINTERMOVIM
02 09:55:47:367 Empiezo a leer forms vdintermovim.frm
02 09:55:47:372 Termino parse forms vdintermovim.frm
02 09:55:47:372 Ejecutando interfase VDINTERMOVIM
02 09:57:47:385 Empiezo a leer forms vdintermovim.frm
02 09:57:47:391 Termino parse forms vdintermovim.frm
02 09:57:47:391 Ejecutando interfase VDINTERMOVIM
02 09:59:47:415 Empiezo a leer forms vdintermovim.frm
02 09:59:47:417 Termino parse forms vdintermovim.frm
02 09:59:47:418 Ejecutando interfase VDINTERMOVIM
02 10:01:47:427 Empiezo a leer forms vdintermovim.frm
02 10:01:47:433 Termino parse forms vdintermovim.frm
02 10:01:47:433 Ejecutando interfase VDINTERMOVIM
02 10:03:47:445 Empiezo a leer forms vdintermovim.frm
02 10:03:47:451 Termino parse forms vdintermovim.frm
02 10:03:47:452 Ejecutando interfase VDINTERMOVIM
02 10:05:47:472 Empiezo a leer forms vdintermovim.frm
02 10:05:47:477 Termino parse forms vdintermovim.frm
02 10:05:47:477 Ejecutando interfase VDINTERMOVIM
02 10:07:47:490 Empiezo a leer forms vdintermovim.frm
02 10:07:47:496 Termino parse forms vdintermovim.frm
02 10:07:47:497 Ejecutando interfase VDINTERMOVIM
02 10:09:47:518 Empiezo a leer forms vdintermovim.frm
02 10:09:47:525 Termino parse forms vdintermovim.frm
02 10:09:47:525 Ejecutando interfase VDINTERMOVIM
02 10:11:47:543 Empiezo a leer forms vdintermovim.frm
02 10:11:47:547 Termino parse forms vdintermovim.frm
02 10:11:47:547 Ejecutando interfase VDINTERMOVIM
02 10:13:47:563 Empiezo a leer forms vdintermovim.frm
02 10:13:47:567 Termino parse forms vdintermovim.frm
02 10:13:47:567 Ejecutando interfase VDINTERMOVIM
02 10:15:47:573 Empiezo a leer forms vdintermovim.frm
02 10:15:47:580 Termino parse forms vdintermovim.frm
02 10:15:47:581 Ejecutando interfase VDINTERMOVIM
02 10:17:47:597 Empiezo a leer forms vdintermovim.frm
02 10:17:47:603 Termino parse forms vdintermovim.frm
02 10:17:47:605 Ejecutando interfase VDINTERMOVIM
02 10:19:47:625 Empiezo a leer forms vdintermovim.frm
02 10:19:47:631 Termino parse forms vdintermovim.frm
02 10:19:47:631 Ejecutando interfase VDINTERMOVIM
02 10:21:47:652 Empiezo a leer forms vdintermovim.frm
02 10:21:47:658 Termino parse forms vdintermovim.frm
02 10:21:47:658 Ejecutando interfase VDINTERMOVIM
02 10:23:47:676 Empiezo a leer forms vdintermovim.frm
02 10:23:47:682 Termino parse forms vdintermovim.frm
02 10:23:47:682 Ejecutando interfase VDINTERMOVIM
02 10:25:47:696 Empiezo a leer forms vdintermovim.frm
02 10:25:47:702 Termino parse forms vdintermovim.frm
02 10:25:47:702 Ejecutando interfase VDINTERMOVIM
02 10:27:47:717 Empiezo a leer forms vdintermovim.frm
02 10:27:47:722 Termino parse forms vdintermovim.frm
02 10:27:47:722 Ejecutando interfase VDINTERMOVIM
02 10:29:47:741 Empiezo a leer forms vdintermovim.frm
02 10:29:47:746 Termino parse forms vdintermovim.frm
02 10:29:47:746 Ejecutando interfase VDINTERMOVIM
02 10:31:47:763 Empiezo a leer forms vdintermovim.frm
02 10:31:47:771 Termino parse forms vdintermovim.frm
02 10:31:47:771 Ejecutando interfase VDINTERMOVIM
02 10:33:47:788 Empiezo a leer forms vdintermovim.frm
02 10:33:47:793 Termino parse forms vdintermovim.frm
02 10:33:47:795 Ejecutando interfase VDINTERMOVIM
02 10:35:47:810 Empiezo a leer forms vdintermovim.frm
02 10:35:47:812 Termino parse forms vdintermovim.frm
02 10:35:47:812 Ejecutando interfase VDINTERMOVIM
02 10:37:47:823 Empiezo a leer forms vdintermovim.frm
02 10:37:47:830 Termino parse forms vdintermovim.frm
02 10:37:47:830 Ejecutando interfase VDINTERMOVIM
02 10:39:47:838 Empiezo a leer forms vdintermovim.frm
02 10:39:47:842 Termino parse forms vdintermovim.frm
02 10:39:47:842 Ejecutando interfase VDINTERMOVIM
02 10:41:47:857 Empiezo a leer forms vdintermovim.frm
02 10:41:47:861 Termino parse forms vdintermovim.frm
02 10:41:47:862 Ejecutando interfase VDINTERMOVIM
02 10:43:47:875 Empiezo a leer forms vdintermovim.frm
02 10:43:47:881 Termino parse forms vdintermovim.frm
02 10:43:47:882 Ejecutando interfase VDINTERMOVIM
02 10:45:47:906 Empiezo a leer forms vdintermovim.frm
02 10:45:47:911 Termino parse forms vdintermovim.frm
02 10:45:47:912 Ejecutando interfase VDINTERMOVIM
02 10:47:47:925 Empiezo a leer forms vdintermovim.frm
02 10:47:47:931 Termino parse forms vdintermovim.frm
02 10:47:47:931 Ejecutando interfase VDINTERMOVIM
02 10:49:47:950 Empiezo a leer forms vdintermovim.frm
02 10:49:47:953 Termino parse forms vdintermovim.frm
02 10:49:47:953 Ejecutando interfase VDINTERMOVIM
02 10:51:47:967 Empiezo a leer forms vdintermovim.frm
02 10:51:47:975 Termino parse forms vdintermovim.frm
02 10:51:47:975 Ejecutando interfase VDINTERMOVIM
02 10:53:47:987 Empiezo a leer forms vdintermovim.frm
02 10:53:47:992 Termino parse forms vdintermovim.frm
02 10:53:47:992 Ejecutando interfase VDINTERMOVIM
02 10:55:48:001 Empiezo a leer forms vdintermovim.frm
02 10:55:48:006 Termino parse forms vdintermovim.frm
02 10:55:48:006 Ejecutando interfase VDINTERMOVIM
02 10:57:48:018 Empiezo a leer forms vdintermovim.frm
02 10:57:48:025 Termino parse forms vdintermovim.frm
02 10:57:48:026 Ejecutando interfase VDINTERMOVIM
02 10:59:48:032 Empiezo a leer forms vdintermovim.frm
02 10:59:48:038 Termino parse forms vdintermovim.frm
02 10:59:48:038 Ejecutando interfase VDINTERMOVIM
02 11:01:48:047 Empiezo a leer forms vdintermovim.frm
02 11:01:48:052 Termino parse forms vdintermovim.frm
02 11:01:48:053 Ejecutando interfase VDINTERMOVIM
02 11:03:48:067 Empiezo a leer forms vdintermovim.frm
02 11:03:48:072 Termino parse forms vdintermovim.frm
02 11:03:48:072 Ejecutando interfase VDINTERMOVIM
02 11:05:48:080 Empiezo a leer forms vdintermovim.frm
02 11:05:48:087 Termino parse forms vdintermovim.frm
02 11:05:48:087 Ejecutando interfase VDINTERMOVIM
02 11:07:48:103 Empiezo a leer forms vdintermovim.frm
02 11:07:48:110 Termino parse forms vdintermovim.frm
02 11:07:48:110 Ejecutando interfase VDINTERMOVIM
02 11:09:48:127 Empiezo a leer forms vdintermovim.frm
02 11:09:48:132 Termino parse forms vdintermovim.frm
02 11:09:48:133 Ejecutando interfase VDINTERMOVIM
02 11:11:48:148 Empiezo a leer forms vdintermovim.frm
02 11:11:48:153 Termino parse forms vdintermovim.frm
02 11:11:48:155 Ejecutando interfase VDINTERMOVIM
02 11:13:48:168 Empiezo a leer forms vdintermovim.frm
02 11:13:48:172 Termino parse forms vdintermovim.frm
02 11:13:48:173 Ejecutando interfase VDINTERMOVIM
02 11:15:48:196 Empiezo a leer forms vdintermovim.frm
02 11:15:48:202 Termino parse forms vdintermovim.frm
02 11:15:48:202 Ejecutando interfase VDINTERMOVIM
02 11:17:48:223 Empiezo a leer forms vdintermovim.frm
02 11:17:48:227 Termino parse forms vdintermovim.frm
02 11:17:48:227 Ejecutando interfase VDINTERMOVIM
02 11:19:48:240 Empiezo a leer forms vdintermovim.frm
02 11:19:48:243 Termino parse forms vdintermovim.frm
02 11:19:48:243 Ejecutando interfase VDINTERMOVIM
02 11:21:48:263 Empiezo a leer forms vdintermovim.frm
02 11:21:48:270 Termino parse forms vdintermovim.frm
02 11:21:48:271 Ejecutando interfase VDINTERMOVIM
02 11:23:48:282 Empiezo a leer forms vdintermovim.frm
02 11:23:48:285 Termino parse forms vdintermovim.frm
02 11:23:48:286 Ejecutando interfase VDINTERMOVIM
02 11:25:48:300 Empiezo a leer forms vdintermovim.frm
02 11:25:48:306 Termino parse forms vdintermovim.frm
02 11:25:48:306 Ejecutando interfase VDINTERMOVIM
02 11:27:48:327 Empiezo a leer forms vdintermovim.frm
02 11:27:48:335 Termino parse forms vdintermovim.frm
02 11:27:48:335 Ejecutando interfase VDINTERMOVIM
02 11:29:48:352 Empiezo a leer forms vdintermovim.frm
02 11:29:48:357 Termino parse forms vdintermovim.frm
02 11:29:48:357 Ejecutando interfase VDINTERMOVIM
02 11:31:48:377 Empiezo a leer forms vdintermovim.frm
02 11:31:48:380 Termino parse forms vdintermovim.frm
02 11:31:48:380 Ejecutando interfase VDINTERMOVIM
02 11:33:48:397 Empiezo a leer forms vdintermovim.frm
02 11:33:48:401 Termino parse forms vdintermovim.frm
02 11:33:48:401 Ejecutando interfase VDINTERMOVIM
02 11:35:48:412 Empiezo a leer forms vdintermovim.frm
02 11:35:48:417 Termino parse forms vdintermovim.frm
02 11:35:48:417 Ejecutando interfase VDINTERMOVIM
02 11:37:48:436 Empiezo a leer forms vdintermovim.frm
02 11:37:48:438 Termino parse forms vdintermovim.frm
02 11:37:48:438 Ejecutando interfase VDINTERMOVIM
02 11:39:48:459 Empiezo a leer forms vdintermovim.frm
02 11:39:48:462 Termino parse forms vdintermovim.frm
02 11:39:48:462 Ejecutando interfase VDINTERMOVIM
02 11:41:48:470 Empiezo a leer forms vdintermovim.frm
02 11:41:48:477 Termino parse forms vdintermovim.frm
02 11:41:48:477 Ejecutando interfase VDINTERMOVIM
02 11:43:48:497 Empiezo a leer forms vdintermovim.frm
02 11:43:48:502 Termino parse forms vdintermovim.frm
02 11:43:48:502 Ejecutando interfase VDINTERMOVIM
02 11:45:48:515 Empiezo a leer forms vdintermovim.frm
02 11:45:48:520 Termino parse forms vdintermovim.frm
02 11:45:48:520 Ejecutando interfase VDINTERMOVIM
02 11:47:48:542 Empiezo a leer forms vdintermovim.frm
02 11:47:48:547 Termino parse forms vdintermovim.frm
02 11:47:48:547 Ejecutando interfase VDINTERMOVIM
02 11:49:48:562 Empiezo a leer forms vdintermovim.frm
02 11:49:48:565 Termino parse forms vdintermovim.frm
02 11:49:48:567 Ejecutando interfase VDINTERMOVIM
02 11:51:48:589 Empiezo a leer forms vdintermovim.frm
02 11:51:48:594 Termino parse forms vdintermovim.frm
02 11:51:48:594 Ejecutando interfase VDINTERMOVIM
02 11:53:48:607 Empiezo a leer forms vdintermovim.frm
02 11:53:48:610 Termino parse forms vdintermovim.frm
02 11:53:48:610 Ejecutando interfase VDINTERMOVIM
02 11:55:48:630 Empiezo a leer forms vdintermovim.frm
02 11:55:48:635 Termino parse forms vdintermovim.frm
02 11:55:48:635 Ejecutando interfase VDINTERMOVIM
02 11:57:48:645 Empiezo a leer forms vdintermovim.frm
02 11:57:48:652 Termino parse forms vdintermovim.frm
02 11:57:48:652 Ejecutando interfase VDINTERMOVIM
02 11:59:48:662 Empiezo a leer forms vdintermovim.frm
02 11:59:48:667 Termino parse forms vdintermovim.frm
02 11:59:48:669 Ejecutando interfase VDINTERMOVIM
02 12:01:48:685 Empiezo a leer forms vdintermovim.frm
02 12:01:48:687 Termino parse forms vdintermovim.frm
02 12:01:48:687 Ejecutando interfase VDINTERMOVIM
02 12:03:48:704 Empiezo a leer forms vdintermovim.frm
02 12:03:48:710 Termino parse forms vdintermovim.frm
02 12:03:48:710 Ejecutando interfase VDINTERMOVIM
02 12:05:48:727 Empiezo a leer forms vdintermovim.frm
02 12:05:48:730 Termino parse forms vdintermovim.frm
02 12:05:48:730 Ejecutando interfase VDINTERMOVIM
02 12:07:48:752 Empiezo a leer forms vdintermovim.frm
02 12:07:48:757 Termino parse forms vdintermovim.frm
02 12:07:48:759 Ejecutando interfase VDINTERMOVIM
02 12:09:48:772 Empiezo a leer forms vdintermovim.frm
02 12:09:48:779 Termino parse forms vdintermovim.frm
02 12:09:48:780 Ejecutando interfase VDINTERMOVIM
02 12:11:48:797 Empiezo a leer forms vdintermovim.frm
02 12:11:48:802 Termino parse forms vdintermovim.frm
02 12:11:48:802 Ejecutando interfase VDINTERMOVIM
02 12:13:48:815 Empiezo a leer forms vdintermovim.frm
02 12:13:48:822 Termino parse forms vdintermovim.frm
02 12:13:48:822 Ejecutando interfase VDINTERMOVIM
02 12:15:48:842 Empiezo a leer forms vdintermovim.frm
02 12:15:48:847 Termino parse forms vdintermovim.frm
02 12:15:48:847 Ejecutando interfase VDINTERMOVIM
02 12:17:48:862 Empiezo a leer forms vdintermovim.frm
02 12:17:48:867 Termino parse forms vdintermovim.frm
02 12:17:48:867 Ejecutando interfase VDINTERMOVIM
02 12:19:48:879 Empiezo a leer forms vdintermovim.frm
02 12:19:48:885 Termino parse forms vdintermovim.frm
02 12:19:48:885 Ejecutando interfase VDINTERMOVIM
02 12:21:48:900 Empiezo a leer forms vdintermovim.frm
02 12:21:48:905 Termino parse forms vdintermovim.frm
02 12:21:48:905 Ejecutando interfase VDINTERMOVIM
02 12:23:48:924 Empiezo a leer forms vdintermovim.frm
02 12:23:48:930 Termino parse forms vdintermovim.frm
02 12:23:48:930 Ejecutando interfase VDINTERMOVIM
02 12:25:48:947 Empiezo a leer forms vdintermovim.frm
02 12:25:48:954 Termino parse forms vdintermovim.frm
02 12:25:48:955 Ejecutando interfase VDINTERMOVIM
02 12:27:48:972 Empiezo a leer forms vdintermovim.frm
02 12:27:48:980 Termino parse forms vdintermovim.frm
02 12:27:48:980 Ejecutando interfase VDINTERMOVIM
02 12:29:48:997 Empiezo a leer forms vdintermovim.frm
02 12:29:49:004 Termino parse forms vdintermovim.frm
02 12:29:49:004 Ejecutando interfase VDINTERMOVIM
02 12:31:49:022 Empiezo a leer forms vdintermovim.frm
02 12:31:49:027 Termino parse forms vdintermovim.frm
02 12:31:49:029 Ejecutando interfase VDINTERMOVIM
02 12:33:49:049 Empiezo a leer forms vdintermovim.frm
02 12:33:49:055 Termino parse forms vdintermovim.frm
02 12:33:49:055 Ejecutando interfase VDINTERMOVIM
02 12:35:49:075 Empiezo a leer forms vdintermovim.frm
02 12:35:49:080 Termino parse forms vdintermovim.frm
02 12:35:49:080 Ejecutando interfase VDINTERMOVIM
02 12:37:49:100 Empiezo a leer forms vdintermovim.frm
02 12:37:49:107 Termino parse forms vdintermovim.frm
02 12:37:49:107 Ejecutando interfase VDINTERMOVIM
02 12:39:49:120 Empiezo a leer forms vdintermovim.frm
02 12:39:49:127 Termino parse forms vdintermovim.frm
02 12:39:49:127 Ejecutando interfase VDINTERMOVIM
02 12:41:49:145 Empiezo a leer forms vdintermovim.frm
02 12:41:49:150 Termino parse forms vdintermovim.frm
02 12:41:49:150 Ejecutando interfase VDINTERMOVIM
02 12:43:49:162 Empiezo a leer forms vdintermovim.frm
02 12:43:49:167 Termino parse forms vdintermovim.frm
02 12:43:49:169 Ejecutando interfase VDINTERMOVIM
02 12:45:49:185 Empiezo a leer forms vdintermovim.frm
02 12:45:49:190 Termino parse forms vdintermovim.frm
02 12:45:49:190 Ejecutando interfase VDINTERMOVIM
02 12:47:49:197 Empiezo a leer forms vdintermovim.frm
02 12:47:49:204 Termino parse forms vdintermovim.frm
02 12:47:49:204 Ejecutando interfase VDINTERMOVIM
02 12:49:49:217 Empiezo a leer forms vdintermovim.frm
02 12:49:49:224 Termino parse forms vdintermovim.frm
02 12:49:49:224 Ejecutando interfase VDINTERMOVIM
02 12:51:49:244 Empiezo a leer forms vdintermovim.frm
02 12:51:49:250 Termino parse forms vdintermovim.frm
02 12:51:49:250 Ejecutando interfase VDINTERMOVIM
02 12:53:49:269 Empiezo a leer forms vdintermovim.frm
02 12:53:49:272 Termino parse forms vdintermovim.frm
02 12:53:49:272 Ejecutando interfase VDINTERMOVIM
02 12:55:49:285 Empiezo a leer forms vdintermovim.frm
02 12:55:49:290 Termino parse forms vdintermovim.frm
02 12:55:49:290 Ejecutando interfase VDINTERMOVIM
02 12:57:49:315 Empiezo a leer forms vdintermovim.frm
02 12:57:49:320 Termino parse forms vdintermovim.frm
02 12:57:49:320 Ejecutando interfase VDINTERMOVIM
02 12:59:49:342 Empiezo a leer forms vdintermovim.frm
02 12:59:49:347 Termino parse forms vdintermovim.frm
02 12:59:49:349 Ejecutando interfase VDINTERMOVIM
02 13:01:49:357 Empiezo a leer forms vdintermovim.frm
02 13:01:49:359 Termino parse forms vdintermovim.frm
02 13:01:49:359 Ejecutando interfase VDINTERMOVIM
02 13:03:49:379 Empiezo a leer forms vdintermovim.frm
02 13:03:49:384 Termino parse forms vdintermovim.frm
02 13:03:49:385 Ejecutando interfase VDINTERMOVIM
02 13:05:49:405 Empiezo a leer forms vdintermovim.frm
02 13:05:49:412 Termino parse forms vdintermovim.frm
02 13:05:49:412 Ejecutando interfase VDINTERMOVIM
02 13:07:49:434 Empiezo a leer forms vdintermovim.frm
02 13:07:49:437 Termino parse forms vdintermovim.frm
02 13:07:49:437 Ejecutando interfase VDINTERMOVIM
02 13:09:49:460 Empiezo a leer forms vdintermovim.frm
02 13:09:49:465 Termino parse forms vdintermovim.frm
02 13:09:49:467 Ejecutando interfase VDINTERMOVIM
02 13:11:49:484 Empiezo a leer forms vdintermovim.frm
02 13:11:49:490 Termino parse forms vdintermovim.frm
02 13:11:49:490 Ejecutando interfase VDINTERMOVIM
02 13:13:49:502 Empiezo a leer forms vdintermovim.frm
02 13:13:49:509 Termino parse forms vdintermovim.frm
02 13:13:49:510 Ejecutando interfase VDINTERMOVIM
02 13:15:49:527 Empiezo a leer forms vdintermovim.frm
02 13:15:49:532 Termino parse forms vdintermovim.frm
02 13:15:49:532 Ejecutando interfase VDINTERMOVIM
02 13:17:49:545 Empiezo a leer forms vdintermovim.frm
02 13:17:49:550 Termino parse forms vdintermovim.frm
02 13:17:49:550 Ejecutando interfase VDINTERMOVIM
02 13:19:49:575 Empiezo a leer forms vdintermovim.frm
02 13:19:49:582 Termino parse forms vdintermovim.frm
02 13:19:49:582 Ejecutando interfase VDINTERMOVIM
02 13:21:49:604 Empiezo a leer forms vdintermovim.frm
02 13:21:49:607 Termino parse forms vdintermovim.frm
02 13:21:49:607 Ejecutando interfase VDINTERMOVIM
02 13:23:49:622 Empiezo a leer forms vdintermovim.frm
02 13:23:49:627 Termino parse forms vdintermovim.frm
02 13:23:49:627 Ejecutando interfase VDINTERMOVIM
02 13:25:49:639 Empiezo a leer forms vdintermovim.frm
02 13:25:49:645 Termino parse forms vdintermovim.frm
02 13:25:49:645 Ejecutando interfase VDINTERMOVIM
02 13:27:49:667 Empiezo a leer forms vdintermovim.frm
02 13:27:49:670 Termino parse forms vdintermovim.frm
02 13:27:49:670 Ejecutando interfase VDINTERMOVIM
02 13:29:49:685 Empiezo a leer forms vdintermovim.frm
02 13:29:49:692 Termino parse forms vdintermovim.frm
02 13:29:49:692 Ejecutando interfase VDINTERMOVIM
02 13:31:49:712 Empiezo a leer forms vdintermovim.frm
02 13:31:49:719 Termino parse forms vdintermovim.frm
02 13:31:49:719 Ejecutando interfase VDINTERMOVIM
02 13:33:49:735 Empiezo a leer forms vdintermovim.frm
02 13:33:49:740 Termino parse forms vdintermovim.frm
02 13:33:49:742 Ejecutando interfase VDINTERMOVIM
02 13:35:49:755 Empiezo a leer forms vdintermovim.frm
02 13:35:49:760 Termino parse forms vdintermovim.frm
02 13:35:49:760 Ejecutando interfase VDINTERMOVIM
02 13:37:49:772 Empiezo a leer forms vdintermovim.frm
02 13:37:49:777 Termino parse forms vdintermovim.frm
02 13:37:49:779 Ejecutando interfase VDINTERMOVIM
02 13:39:49:795 Empiezo a leer forms vdintermovim.frm
02 13:39:49:799 Termino parse forms vdintermovim.frm
02 13:39:49:799 Ejecutando interfase VDINTERMOVIM
02 13:41:49:819 Empiezo a leer forms vdintermovim.frm
02 13:41:49:824 Termino parse forms vdintermovim.frm
02 13:41:49:825 Ejecutando interfase VDINTERMOVIM
02 13:43:49:839 Empiezo a leer forms vdintermovim.frm
02 13:43:49:842 Termino parse forms vdintermovim.frm
02 13:43:49:842 Ejecutando interfase VDINTERMOVIM
02 13:45:49:862 Empiezo a leer forms vdintermovim.frm
02 13:45:49:867 Termino parse forms vdintermovim.frm
02 13:45:49:867 Ejecutando interfase VDINTERMOVIM
02 13:47:49:882 Empiezo a leer forms vdintermovim.frm
02 13:47:49:887 Termino parse forms vdintermovim.frm
02 13:47:49:887 Ejecutando interfase VDINTERMOVIM
02 13:49:49:900 Empiezo a leer forms vdintermovim.frm
02 13:49:49:904 Termino parse forms vdintermovim.frm
02 13:49:49:904 Ejecutando interfase VDINTERMOVIM
02 13:51:49:910 Empiezo a leer forms vdintermovim.frm
02 13:51:49:914 Termino parse forms vdintermovim.frm
02 13:51:49:914 Ejecutando interfase VDINTERMOVIM
02 13:53:49:930 Empiezo a leer forms vdintermovim.frm
02 13:53:49:935 Termino parse forms vdintermovim.frm
02 13:53:49:937 Ejecutando interfase VDINTERMOVIM
02 13:55:49:957 Empiezo a leer forms vdintermovim.frm
02 13:55:49:960 Termino parse forms vdintermovim.frm
02 13:55:49:960 Ejecutando interfase VDINTERMOVIM
02 13:57:49:977 Empiezo a leer forms vdintermovim.frm
02 13:57:49:984 Termino parse forms vdintermovim.frm
02 13:57:49:985 Ejecutando interfase VDINTERMOVIM
02 13:59:49:995 Empiezo a leer forms vdintermovim.frm
02 13:59:50:000 Termino parse forms vdintermovim.frm
02 13:59:50:000 Ejecutando interfase VDINTERMOVIM
02 14:01:50:014 Empiezo a leer forms vdintermovim.frm
02 14:01:50:019 Termino parse forms vdintermovim.frm
02 14:01:50:019 Ejecutando interfase VDINTERMOVIM
02 14:03:50:027 Empiezo a leer forms vdintermovim.frm
02 14:03:50:030 Termino parse forms vdintermovim.frm
02 14:03:50:030 Ejecutando interfase VDINTERMOVIM
02 14:05:50:044 Empiezo a leer forms vdintermovim.frm
02 14:05:50:050 Termino parse forms vdintermovim.frm
02 14:05:50:050 Ejecutando interfase VDINTERMOVIM
02 14:07:50:065 Empiezo a leer forms vdintermovim.frm
02 14:07:50:072 Termino parse forms vdintermovim.frm
02 14:07:50:072 Ejecutando interfase VDINTERMOVIM
02 14:09:50:082 Empiezo a leer forms vdintermovim.frm
02 14:09:50:087 Termino parse forms vdintermovim.frm
02 14:09:50:089 Ejecutando interfase VDINTERMOVIM
02 14:11:50:110 Empiezo a leer forms vdintermovim.frm
02 14:11:50:117 Termino parse forms vdintermovim.frm
02 14:11:50:117 Ejecutando interfase VDINTERMOVIM
02 14:13:50:127 Empiezo a leer forms vdintermovim.frm
02 14:13:50:130 Termino parse forms vdintermovim.frm
02 14:13:50:130 Ejecutando interfase VDINTERMOVIM
02 14:15:50:137 Empiezo a leer forms vdintermovim.frm
02 14:15:50:142 Termino parse forms vdintermovim.frm
02 14:15:50:142 Ejecutando interfase VDINTERMOVIM
02 14:17:50:152 Empiezo a leer forms vdintermovim.frm
02 14:17:50:157 Termino parse forms vdintermovim.frm
02 14:17:50:157 Ejecutando interfase VDINTERMOVIM
02 14:19:50:179 Empiezo a leer forms vdintermovim.frm
02 14:19:50:185 Termino parse forms vdintermovim.frm
02 14:19:50:185 Ejecutando interfase VDINTERMOVIM
02 14:21:50:194 Empiezo a leer forms vdintermovim.frm
02 14:21:50:197 Termino parse forms vdintermovim.frm
02 14:21:50:197 Ejecutando interfase VDINTERMOVIM
02 14:23:50:214 Empiezo a leer forms vdintermovim.frm
02 14:23:50:220 Termino parse forms vdintermovim.frm
02 14:23:50:220 Ejecutando interfase VDINTERMOVIM
02 14:25:50:242 Empiezo a leer forms vdintermovim.frm
02 14:25:50:247 Termino parse forms vdintermovim.frm
02 14:25:50:247 Ejecutando interfase VDINTERMOVIM
02 14:27:50:267 Empiezo a leer forms vdintermovim.frm
02 14:27:50:272 Termino parse forms vdintermovim.frm
02 14:27:50:272 Ejecutando interfase VDINTERMOVIM
02 14:29:50:289 Empiezo a leer forms vdintermovim.frm
02 14:29:50:294 Termino parse forms vdintermovim.frm
02 14:29:50:294 Ejecutando interfase VDINTERMOVIM
02 14:31:50:309 Empiezo a leer forms vdintermovim.frm
02 14:31:50:314 Termino parse forms vdintermovim.frm
02 14:31:50:315 Ejecutando interfase VDINTERMOVIM
02 14:33:50:322 Empiezo a leer forms vdintermovim.frm
02 14:33:50:329 Termino parse forms vdintermovim.frm
02 14:33:50:329 Ejecutando interfase VDINTERMOVIM
02 14:35:50:340 Empiezo a leer forms vdintermovim.frm
02 14:35:50:345 Termino parse forms vdintermovim.frm
02 14:35:50:345 Ejecutando interfase VDINTERMOVIM
02 14:37:50:359 Empiezo a leer forms vdintermovim.frm
02 14:37:50:365 Termino parse forms vdintermovim.frm
02 14:37:50:365 Ejecutando interfase VDINTERMOVIM
02 14:39:50:384 Empiezo a leer forms vdintermovim.frm
02 14:39:50:390 Termino parse forms vdintermovim.frm
02 14:39:50:390 Ejecutando interfase VDINTERMOVIM
02 14:41:50:410 Empiezo a leer forms vdintermovim.frm
02 14:41:50:415 Termino parse forms vdintermovim.frm
02 14:41:50:415 Ejecutando interfase VDINTERMOVIM
02 14:43:50:425 Empiezo a leer forms vdintermovim.frm
02 14:43:50:432 Termino parse forms vdintermovim.frm
02 14:43:50:432 Ejecutando interfase VDINTERMOVIM
02 14:45:50:455 Empiezo a leer forms vdintermovim.frm
02 14:45:50:462 Termino parse forms vdintermovim.frm
02 14:45:50:462 Ejecutando interfase VDINTERMOVIM
02 14:47:50:472 Empiezo a leer forms vdintermovim.frm
02 14:47:50:477 Termino parse forms vdintermovim.frm
02 14:47:50:477 Ejecutando interfase VDINTERMOVIM
02 14:49:50:490 Empiezo a leer forms vdintermovim.frm
02 14:49:50:492 Termino parse forms vdintermovim.frm
02 14:49:50:492 Ejecutando interfase VDINTERMOVIM
02 14:51:50:512 Empiezo a leer forms vdintermovim.frm
02 14:51:50:517 Termino parse forms vdintermovim.frm
02 14:51:50:517 Ejecutando interfase VDINTERMOVIM
02 14:53:50:529 Empiezo a leer forms vdintermovim.frm
02 14:53:50:535 Termino parse forms vdintermovim.frm
02 14:53:50:535 Ejecutando interfase VDINTERMOVIM
02 14:55:50:555 Empiezo a leer forms vdintermovim.frm
02 14:55:50:562 Termino parse forms vdintermovim.frm
02 14:55:50:562 Ejecutando interfase VDINTERMOVIM
02 14:57:50:580 Empiezo a leer forms vdintermovim.frm
02 14:57:50:584 Termino parse forms vdintermovim.frm
02 14:57:50:584 Ejecutando interfase VDINTERMOVIM
02 14:59:50:600 Empiezo a leer forms vdintermovim.frm
02 14:59:50:605 Termino parse forms vdintermovim.frm
02 14:59:50:605 Ejecutando interfase VDINTERMOVIM
02 15:01:50:617 Empiezo a leer forms vdintermovim.frm
02 15:01:50:622 Termino parse forms vdintermovim.frm
02 15:01:50:622 Ejecutando interfase VDINTERMOVIM
02 15:03:50:634 Empiezo a leer forms vdintermovim.frm
02 15:03:50:639 Termino parse forms vdintermovim.frm
02 15:03:50:639 Ejecutando interfase VDINTERMOVIM
02 15:05:50:660 Empiezo a leer forms vdintermovim.frm
02 15:05:50:665 Termino parse forms vdintermovim.frm
02 15:05:50:665 Ejecutando interfase VDINTERMOVIM
02 15:07:50:677 Empiezo a leer forms vdintermovim.frm
02 15:07:50:682 Termino parse forms vdintermovim.frm
02 15:07:50:682 Ejecutando interfase VDINTERMOVIM
02 15:09:50:702 Empiezo a leer forms vdintermovim.frm
02 15:09:50:707 Termino parse forms vdintermovim.frm
02 15:09:50:709 Ejecutando interfase VDINTERMOVIM
02 15:11:50:722 Empiezo a leer forms vdintermovim.frm
02 15:11:50:725 Termino parse forms vdintermovim.frm
02 15:11:50:725 Ejecutando interfase VDINTERMOVIM
02 15:13:50:734 Empiezo a leer forms vdintermovim.frm
02 15:13:50:740 Termino parse forms vdintermovim.frm
02 15:13:50:742 Ejecutando interfase VDINTERMOVIM
02 15:15:50:755 Empiezo a leer forms vdintermovim.frm
02 15:15:50:760 Termino parse forms vdintermovim.frm
02 15:15:50:760 Ejecutando interfase VDINTERMOVIM
02 15:17:50:769 Empiezo a leer forms vdintermovim.frm
02 15:17:50:774 Termino parse forms vdintermovim.frm
02 15:17:50:774 Ejecutando interfase VDINTERMOVIM
02 15:19:50:785 Empiezo a leer forms vdintermovim.frm
02 15:19:50:792 Termino parse forms vdintermovim.frm
02 15:19:50:792 Ejecutando interfase VDINTERMOVIM
02 15:21:50:812 Empiezo a leer forms vdintermovim.frm
02 15:21:50:820 Termino parse forms vdintermovim.frm
02 15:21:50:820 Ejecutando interfase VDINTERMOVIM
02 15:23:50:837 Empiezo a leer forms vdintermovim.frm
02 15:23:50:844 Termino parse forms vdintermovim.frm
02 15:23:50:845 Ejecutando interfase VDINTERMOVIM
02 15:25:50:855 Empiezo a leer forms vdintermovim.frm
02 15:25:50:860 Termino parse forms vdintermovim.frm
02 15:25:50:860 Ejecutando interfase VDINTERMOVIM
02 15:27:50:909 Empiezo a leer forms vdintermovim.frm
02 15:27:50:912 Termino parse forms vdintermovim.frm
02 15:27:50:912 Ejecutando interfase VDINTERMOVIM
02 15:38:59:467 Empiezo a leer forms vdintermovim.frm
02 15:38:59:470 Termino parse forms vdintermovim.frm
02 15:38:59:470 Ejecutando interfase VDINTERMOVIM
02 15:40:59:564 Empiezo a leer forms vdintermovim.frm
02 15:40:59:567 Termino parse forms vdintermovim.frm
02 15:40:59:567 Ejecutando interfase VDINTERMOVIM
02 15:42:59:587 Empiezo a leer forms vdintermovim.frm
02 15:42:59:594 Termino parse forms vdintermovim.frm
02 15:42:59:594 Ejecutando interfase VDINTERMOVIM
02 15:44:59:607 Empiezo a leer forms vdintermovim.frm
02 15:44:59:612 Termino parse forms vdintermovim.frm
02 15:44:59:612 Ejecutando interfase VDINTERMOVIM
02 15:46:59:622 Empiezo a leer forms vdintermovim.frm
02 15:46:59:627 Termino parse forms vdintermovim.frm
02 15:46:59:627 Ejecutando interfase VDINTERMOVIM
02 15:48:59:644 Empiezo a leer forms vdintermovim.frm
02 15:48:59:650 Termino parse forms vdintermovim.frm
02 15:48:59:650 Ejecutando interfase VDINTERMOVIM
02 15:50:59:672 Empiezo a leer forms vdintermovim.frm
02 15:50:59:679 Termino parse forms vdintermovim.frm
02 15:50:59:679 Ejecutando interfase VDINTERMOVIM
02 15:52:59:700 Empiezo a leer forms vdintermovim.frm
02 15:52:59:705 Termino parse forms vdintermovim.frm
02 15:52:59:705 Ejecutando interfase VDINTERMOVIM
02 15:54:59:724 Empiezo a leer forms vdintermovim.frm
02 15:54:59:730 Termino parse forms vdintermovim.frm
02 15:54:59:730 Ejecutando interfase VDINTERMOVIM
02 15:56:59:740 Empiezo a leer forms vdintermovim.frm
02 15:56:59:745 Termino parse forms vdintermovim.frm
02 15:56:59:745 Ejecutando interfase VDINTERMOVIM
02 15:58:59:769 Empiezo a leer forms vdintermovim.frm
02 15:58:59:770 Termino parse forms vdintermovim.frm
02 15:58:59:770 Ejecutando interfase VDINTERMOVIM
02 16:00:59:785 Empiezo a leer forms vdintermovim.frm
02 16:00:59:790 Termino parse forms vdintermovim.frm
02 16:00:59:790 Ejecutando interfase VDINTERMOVIM
02 16:02:59:812 Empiezo a leer forms vdintermovim.frm
02 16:02:59:817 Termino parse forms vdintermovim.frm
02 16:02:59:817 Ejecutando interfase VDINTERMOVIM
02 16:04:59:840 Empiezo a leer forms vdintermovim.frm
02 16:04:59:847 Termino parse forms vdintermovim.frm
02 16:04:59:847 Ejecutando interfase VDINTERMOVIM
02 16:06:59:864 Empiezo a leer forms vdintermovim.frm
02 16:06:59:867 Termino parse forms vdintermovim.frm
02 16:06:59:869 Ejecutando interfase VDINTERMOVIM
02 16:08:59:890 Empiezo a leer forms vdintermovim.frm
02 16:08:59:897 Termino parse forms vdintermovim.frm
02 16:08:59:897 Ejecutando interfase VDINTERMOVIM
02 16:10:59:920 Empiezo a leer forms vdintermovim.frm
02 16:10:59:927 Termino parse forms vdintermovim.frm
02 16:10:59:927 Ejecutando interfase VDINTERMOVIM
02 16:12:59:940 Empiezo a leer forms vdintermovim.frm
02 16:12:59:947 Termino parse forms vdintermovim.frm
02 16:12:59:947 Ejecutando interfase VDINTERMOVIM
02 16:14:59:970 Empiezo a leer forms vdintermovim.frm
02 16:14:59:977 Termino parse forms vdintermovim.frm
02 16:14:59:977 Ejecutando interfase VDINTERMOVIM
02 16:16:59:999 Empiezo a leer forms vdintermovim.frm
02 16:17:00:004 Termino parse forms vdintermovim.frm
02 16:17:00:004 Ejecutando interfase VDINTERMOVIM
02 16:19:00:020 Empiezo a leer forms vdintermovim.frm
02 16:19:00:022 Termino parse forms vdintermovim.frm
02 16:19:00:022 Ejecutando interfase VDINTERMOVIM
02 16:21:00:035 Empiezo a leer forms vdintermovim.frm
02 16:21:00:040 Termino parse forms vdintermovim.frm
02 16:21:00:040 Ejecutando interfase VDINTERMOVIM
02 16:23:00:049 Empiezo a leer forms vdintermovim.frm
02 16:23:00:054 Termino parse forms vdintermovim.frm
02 16:23:00:054 Ejecutando interfase VDINTERMOVIM
02 16:25:00:075 Empiezo a leer forms vdintermovim.frm
02 16:25:00:080 Termino parse forms vdintermovim.frm
02 16:25:00:082 Ejecutando interfase VDINTERMOVIM
02 16:27:00:102 Empiezo a leer forms vdintermovim.frm
02 16:27:00:105 Termino parse forms vdintermovim.frm
02 16:27:00:105 Ejecutando interfase VDINTERMOVIM
02 16:29:00:115 Empiezo a leer forms vdintermovim.frm
02 16:29:00:117 Termino parse forms vdintermovim.frm
02 16:29:00:119 Ejecutando interfase VDINTERMOVIM
02 16:31:00:132 Empiezo a leer forms vdintermovim.frm
02 16:31:00:139 Termino parse forms vdintermovim.frm
02 16:31:00:140 Ejecutando interfase VDINTERMOVIM
02 16:33:00:152 Empiezo a leer forms vdintermovim.frm
02 16:33:00:159 Termino parse forms vdintermovim.frm
02 16:33:00:159 Ejecutando interfase VDINTERMOVIM
02 16:35:00:172 Empiezo a leer forms vdintermovim.frm
02 16:35:00:177 Termino parse forms vdintermovim.frm
02 16:35:00:177 Ejecutando interfase VDINTERMOVIM
02 16:37:00:190 Empiezo a leer forms vdintermovim.frm
02 16:37:00:195 Termino parse forms vdintermovim.frm
02 16:37:00:195 Ejecutando interfase VDINTERMOVIM
02 16:39:00:215 Empiezo a leer forms vdintermovim.frm
02 16:39:00:222 Termino parse forms vdintermovim.frm
02 16:39:00:222 Ejecutando interfase VDINTERMOVIM
02 16:41:00:232 Empiezo a leer forms vdintermovim.frm
02 16:41:00:237 Termino parse forms vdintermovim.frm
02 16:41:00:239 Ejecutando interfase VDINTERMOVIM
02 16:43:00:254 Empiezo a leer forms vdintermovim.frm
02 16:43:00:259 Termino parse forms vdintermovim.frm
02 16:43:00:259 Ejecutando interfase VDINTERMOVIM
02 16:45:00:275 Empiezo a leer forms vdintermovim.frm
02 16:45:00:280 Termino parse forms vdintermovim.frm
02 16:45:00:280 Ejecutando interfase VDINTERMOVIM
02 16:47:00:299 Empiezo a leer forms vdintermovim.frm
02 16:47:00:302 Termino parse forms vdintermovim.frm
02 16:47:00:302 Ejecutando interfase VDINTERMOVIM
02 16:49:00:310 Empiezo a leer forms vdintermovim.frm
02 16:49:00:315 Termino parse forms vdintermovim.frm
02 16:49:00:317 Ejecutando interfase VDINTERMOVIM
02 16:51:00:330 Empiezo a leer forms vdintermovim.frm
02 16:51:00:334 Termino parse forms vdintermovim.frm
02 16:51:00:335 Ejecutando interfase VDINTERMOVIM
02 16:53:00:355 Empiezo a leer forms vdintermovim.frm
02 16:53:00:360 Termino parse forms vdintermovim.frm
02 16:53:00:360 Ejecutando interfase VDINTERMOVIM
02 16:55:00:384 Empiezo a leer forms vdintermovim.frm
02 16:55:00:390 Termino parse forms vdintermovim.frm
02 16:55:00:390 Ejecutando interfase VDINTERMOVIM
02 16:57:00:395 Empiezo a leer forms vdintermovim.frm
02 16:57:00:400 Termino parse forms vdintermovim.frm
02 16:57:00:402 Ejecutando interfase VDINTERMOVIM
02 16:59:00:420 Empiezo a leer forms vdintermovim.frm
02 16:59:00:425 Termino parse forms vdintermovim.frm
02 16:59:00:425 Ejecutando interfase VDINTERMOVIM
02 17:01:00:440 Empiezo a leer forms vdintermovim.frm
02 17:01:00:445 Termino parse forms vdintermovim.frm
02 17:01:00:447 Ejecutando interfase VDINTERMOVIM
02 17:03:00:460 Empiezo a leer forms vdintermovim.frm
02 17:03:00:465 Termino parse forms vdintermovim.frm
02 17:03:00:465 Ejecutando interfase VDINTERMOVIM
02 17:05:00:479 Empiezo a leer forms vdintermovim.frm
02 17:05:00:482 Termino parse forms vdintermovim.frm
02 17:05:00:484 Ejecutando interfase VDINTERMOVIM
02 17:07:00:492 Empiezo a leer forms vdintermovim.frm
02 17:07:00:499 Termino parse forms vdintermovim.frm
02 17:07:00:500 Ejecutando interfase VDINTERMOVIM

00 17:07:22:545 Fichero de log cerrado.

00 17:07:34:867 Fichero de log abierto PID 11064

02 17:07:34:869 Intentando abrir fichero v10.ini
02 17:07:34:875 Cargando driver v10oracle funcion damedriveroracle
02 17:07:35:425 Conectado a base de datos
02 17:07:35:427 Proceso ENVIOMOVIM encontrado en tabla VDPROCESOS
02 17:07:35:435 Proceso ENVIOMOVIM cargado con función interfasesalida (Librería VDINTERFASES.DLL) direccion 0669CC80
02 17:07:35:436 PLSQL: INICIALIZADO PAQUETE DE LOG EL DIA 22-03-2022
02 17:07:35:447 Actualizado SID 752 SERIAL 57630 del proceso con PID 11064
00 17:07:35:452 Error al abrir fichero VDST.H
02 17:07:35:455 Empiezo a leer forms vdintermovim.frm
02 17:07:35:467 Termino parse forms vdintermovim.frm
02 17:07:35:467 Ejecutando interfase VDINTERMOVIM
02 17:09:35:479 Empiezo a leer forms vdintermovim.frm
02 17:09:35:487 Termino parse forms vdintermovim.frm
02 17:09:35:487 Ejecutando interfase VDINTERMOVIM
02 17:11:35:510 Empiezo a leer forms vdintermovim.frm
02 17:11:35:512 Termino parse forms vdintermovim.frm
02 17:11:35:512 Ejecutando interfase VDINTERMOVIM

00 17:12:06:680 Fichero de log cerrado.

00 17:12:11:050 Fichero de log abierto PID 5672

02 17:12:11:052 Intentando abrir fichero v10.ini
02 17:12:11:060 Cargando driver v10oracle funcion damedriveroracle
02 17:12:11:840 Conectado a base de datos
02 17:12:11:842 Proceso ENVIOMOVIM encontrado en tabla VDPROCESOS
02 17:12:11:847 Proceso ENVIOMOVIM cargado con función interfasesalida (Librería VDINTERFASES.DLL) direccion 06B9CC80
02 17:12:11:850 PLSQL: INICIALIZADO PAQUETE DE LOG EL DIA 22-03-2022
02 17:12:11:860 Actualizado SID 629 SERIAL 58757 del proceso con PID 5672
00 17:12:11:865 Error al abrir fichero VDST.H
02 17:12:11:865 Empiezo a leer forms vdintermovim.frm
02 17:12:11:879 Termino parse forms vdintermovim.frm
02 17:12:11:879 Ejecutando interfase VDINTERMOVIM
02 17:14:11:900 Empiezo a leer forms vdintermovim.frm
02 17:14:11:905 Termino parse forms vdintermovim.frm
02 17:14:11:907 Ejecutando interfase VDINTERMOVIM
02 17:16:11:924 Empiezo a leer forms vdintermovim.frm
02 17:16:11:932 Termino parse forms vdintermovim.frm
02 17:16:11:932 Ejecutando interfase VDINTERMOVIM
02 17:18:11:955 Empiezo a leer forms vdintermovim.frm
02 17:18:11:962 Termino parse forms vdintermovim.frm
02 17:18:11:962 Ejecutando interfase VDINTERMOVIM
02 17:20:11:980 Empiezo a leer forms vdintermovim.frm
02 17:20:11:989 Termino parse forms vdintermovim.frm
02 17:20:11:989 Ejecutando interfase VDINTERMOVIM
02 17:22:12:002 Empiezo a leer forms vdintermovim.frm
02 17:22:12:009 Termino parse forms vdintermovim.frm
02 17:22:12:009 Ejecutando interfase VDINTERMOVIM
02 17:24:12:030 Empiezo a leer forms vdintermovim.frm
02 17:24:12:037 Termino parse forms vdintermovim.frm
02 17:24:12:039 Ejecutando interfase VDINTERMOVIM
02 17:26:12:064 Empiezo a leer forms vdintermovim.frm
02 17:26:12:070 Termino parse forms vdintermovim.frm
02 17:26:12:070 Ejecutando interfase VDINTERMOVIM
02 17:28:12:085 Empiezo a leer forms vdintermovim.frm
02 17:28:12:092 Termino parse forms vdintermovim.frm
02 17:28:12:094 Ejecutando interfase VDINTERMOVIM
02 17:30:12:117 Empiezo a leer forms vdintermovim.frm
02 17:30:12:124 Termino parse forms vdintermovim.frm
02 17:30:12:125 Ejecutando interfase VDINTERMOVIM
02 17:32:12:140 Empiezo a leer forms vdintermovim.frm
02 17:32:12:149 Termino parse forms vdintermovim.frm
02 17:32:12:149 Ejecutando interfase VDINTERMOVIM
02 17:34:12:172 Empiezo a leer forms vdintermovim.frm
02 17:34:12:180 Termino parse forms vdintermovim.frm
02 17:34:12:180 Ejecutando interfase VDINTERMOVIM
02 17:36:12:200 Empiezo a leer forms vdintermovim.frm
02 17:36:12:205 Termino parse forms vdintermovim.frm
02 17:36:12:205 Ejecutando interfase VDINTERMOVIM
02 17:38:12:224 Empiezo a leer forms vdintermovim.frm
02 17:38:12:232 Termino parse forms vdintermovim.frm
02 17:38:12:232 Ejecutando interfase VDINTERMOVIM
02 17:40:12:245 Empiezo a leer forms vdintermovim.frm
02 17:40:12:252 Termino parse forms vdintermovim.frm
02 17:40:12:252 Ejecutando interfase VDINTERMOVIM
02 17:42:12:272 Empiezo a leer forms vdintermovim.frm
02 17:42:12:279 Termino parse forms vdintermovim.frm
02 17:42:12:280 Ejecutando interfase VDINTERMOVIM
02 17:44:12:299 Empiezo a leer forms vdintermovim.frm
02 17:44:12:307 Termino parse forms vdintermovim.frm
02 17:44:12:307 Ejecutando interfase VDINTERMOVIM
02 17:46:12:317 Empiezo a leer forms vdintermovim.frm
02 17:46:12:324 Termino parse forms vdintermovim.frm
02 17:46:12:324 Ejecutando interfase VDINTERMOVIM
02 17:48:12:347 Empiezo a leer forms vdintermovim.frm
02 17:48:12:352 Termino parse forms vdintermovim.frm
02 17:48:12:354 Ejecutando interfase VDINTERMOVIM
02 17:50:12:365 Empiezo a leer forms vdintermovim.frm
02 17:50:12:372 Termino parse forms vdintermovim.frm
02 17:50:12:372 Ejecutando interfase VDINTERMOVIM
02 17:52:12:387 Empiezo a leer forms vdintermovim.frm
02 17:52:12:394 Termino parse forms vdintermovim.frm
02 17:52:12:395 Ejecutando interfase VDINTERMOVIM
02 17:54:12:405 Empiezo a leer forms vdintermovim.frm
02 17:54:12:412 Termino parse forms vdintermovim.frm
02 17:54:12:414 Ejecutando interfase VDINTERMOVIM
02 17:56:12:435 Empiezo a leer forms vdintermovim.frm
02 17:56:12:440 Termino parse forms vdintermovim.frm
02 17:56:12:440 Ejecutando interfase VDINTERMOVIM
02 17:58:12:462 Empiezo a leer forms vdintermovim.frm
02 17:58:12:469 Termino parse forms vdintermovim.frm
02 17:58:12:469 Ejecutando interfase VDINTERMOVIM

00 17:58:54:104 Fichero de log cerrado.

