00 09:05:35:596 Fichero de log abierto PID 11492

02 09:05:35:597 Intentando abrir fichero v10.ini
02 09:05:35:605 Cargando driver v10oracle funcion damedriveroracle
02 09:05:36:347 Conectado a base de datos
02 09:05:36:348 Proceso ENVIOMOVIM encontrado en tabla VDPROCESOS
02 09:05:36:393 Proceso ENVIOMOVIM cargado con función interfasesalida (Librería VDINTERFASES.DLL) direccion 081ACC80
02 09:05:36:397 PLSQL: INICIALIZADO PAQUETE DE LOG EL DIA 24-03-2022
02 09:05:36:411 Actualizado SID 143 SERIAL 3827 del proceso con PID 11492
00 09:05:36:422 Error al abrir fichero VDST.H
02 09:05:36:431 Empiezo a leer forms vdintermovim.frm
02 09:05:36:442 Termino parse forms vdintermovim.frm
02 09:05:36:443 Ejecutando interfase VDINTERMOVIM
02 09:07:36:457 Empiezo a leer forms vdintermovim.frm
02 09:07:36:465 Termino parse forms vdintermovim.frm
02 09:07:36:466 Ejecutando interfase VDINTERMOVIM
02 09:09:36:476 Empiezo a leer forms vdintermovim.frm
02 09:09:36:482 Termino parse forms vdintermovim.frm
02 09:09:36:483 Ejecutando interfase VDINTERMOVIM
02 09:11:36:500 Empiezo a leer forms vdintermovim.frm
02 09:11:36:507 Termino parse forms vdintermovim.frm
02 09:11:36:507 Ejecutando interfase VDINTERMOVIM
02 09:13:36:521 Empiezo a leer forms vdintermovim.frm
02 09:13:36:528 Termino parse forms vdintermovim.frm
02 09:13:36:528 Ejecutando interfase VDINTERMOVIM
02 09:15:36:542 Empiezo a leer forms vdintermovim.frm
02 09:15:36:550 Termino parse forms vdintermovim.frm
02 09:15:36:551 Ejecutando interfase VDINTERMOVIM
02 09:17:36:572 Empiezo a leer forms vdintermovim.frm
02 09:17:36:578 Termino parse forms vdintermovim.frm
02 09:17:36:580 Ejecutando interfase VDINTERMOVIM
02 09:19:36:602 Empiezo a leer forms vdintermovim.frm
02 09:19:36:608 Termino parse forms vdintermovim.frm
02 09:19:36:610 Ejecutando interfase VDINTERMOVIM
02 09:21:36:635 Empiezo a leer forms vdintermovim.frm
02 09:21:36:642 Termino parse forms vdintermovim.frm
02 09:21:36:642 Ejecutando interfase VDINTERMOVIM
02 09:23:36:658 Empiezo a leer forms vdintermovim.frm
02 09:23:36:667 Termino parse forms vdintermovim.frm
02 09:23:36:667 Ejecutando interfase VDINTERMOVIM
02 09:25:36:685 Empiezo a leer forms vdintermovim.frm
02 09:25:36:692 Termino parse forms vdintermovim.frm
02 09:25:36:692 Ejecutando interfase VDINTERMOVIM
02 09:27:36:703 Empiezo a leer forms vdintermovim.frm
02 09:27:36:712 Termino parse forms vdintermovim.frm
02 09:27:36:712 Ejecutando interfase VDINTERMOVIM
02 09:29:36:737 Empiezo a leer forms vdintermovim.frm
02 09:29:36:745 Termino parse forms vdintermovim.frm
02 09:29:36:745 Ejecutando interfase VDINTERMOVIM
02 09:31:36:770 Empiezo a leer forms vdintermovim.frm
02 09:31:36:777 Termino parse forms vdintermovim.frm
02 09:31:36:777 Ejecutando interfase VDINTERMOVIM
02 09:33:36:801 Empiezo a leer forms vdintermovim.frm
02 09:33:36:803 Termino parse forms vdintermovim.frm
02 09:33:36:803 Ejecutando interfase VDINTERMOVIM
02 09:35:36:817 Empiezo a leer forms vdintermovim.frm
02 09:35:36:825 Termino parse forms vdintermovim.frm
02 09:35:36:825 Ejecutando interfase VDINTERMOVIM
02 09:37:36:842 Empiezo a leer forms vdintermovim.frm
02 09:37:36:847 Termino parse forms vdintermovim.frm
02 09:37:36:847 Ejecutando interfase VDINTERMOVIM
02 09:39:36:866 Empiezo a leer forms vdintermovim.frm
02 09:39:36:870 Termino parse forms vdintermovim.frm
02 09:39:36:870 Ejecutando interfase VDINTERMOVIM
02 09:41:36:876 Empiezo a leer forms vdintermovim.frm
02 09:41:36:882 Termino parse forms vdintermovim.frm
02 09:41:36:883 Ejecutando interfase VDINTERMOVIM
02 09:43:36:906 Empiezo a leer forms vdintermovim.frm
02 09:43:36:912 Termino parse forms vdintermovim.frm
02 09:43:36:913 Ejecutando interfase VDINTERMOVIM
02 09:45:36:932 Empiezo a leer forms vdintermovim.frm
02 09:45:36:938 Termino parse forms vdintermovim.frm
02 09:45:36:938 Ejecutando interfase VDINTERMOVIM
02 09:47:36:957 Empiezo a leer forms vdintermovim.frm
02 09:47:36:966 Termino parse forms vdintermovim.frm
02 09:47:36:966 Ejecutando interfase VDINTERMOVIM
02 09:49:36:986 Empiezo a leer forms vdintermovim.frm
02 09:49:36:992 Termino parse forms vdintermovim.frm
02 09:49:36:993 Ejecutando interfase VDINTERMOVIM
02 09:51:37:012 Empiezo a leer forms vdintermovim.frm
02 09:51:37:021 Termino parse forms vdintermovim.frm
02 09:51:37:021 Ejecutando interfase VDINTERMOVIM
02 09:53:37:028 Empiezo a leer forms vdintermovim.frm
02 09:53:37:033 Termino parse forms vdintermovim.frm
02 09:53:37:033 Ejecutando interfase VDINTERMOVIM
02 09:55:37:046 Empiezo a leer forms vdintermovim.frm
02 09:55:37:052 Termino parse forms vdintermovim.frm
02 09:55:37:052 Ejecutando interfase VDINTERMOVIM
02 09:57:37:065 Empiezo a leer forms vdintermovim.frm
02 09:57:37:072 Termino parse forms vdintermovim.frm
02 09:57:37:072 Ejecutando interfase VDINTERMOVIM
02 09:59:37:092 Empiezo a leer forms vdintermovim.frm
02 09:59:37:100 Termino parse forms vdintermovim.frm
02 09:59:37:100 Ejecutando interfase VDINTERMOVIM
02 10:01:37:113 Empiezo a leer forms vdintermovim.frm
02 10:01:37:122 Termino parse forms vdintermovim.frm
02 10:01:37:122 Ejecutando interfase VDINTERMOVIM
02 10:03:37:133 Empiezo a leer forms vdintermovim.frm
02 10:03:37:141 Termino parse forms vdintermovim.frm
02 10:03:37:141 Ejecutando interfase VDINTERMOVIM
02 10:05:37:156 Empiezo a leer forms vdintermovim.frm
02 10:05:37:162 Termino parse forms vdintermovim.frm
02 10:05:37:162 Ejecutando interfase VDINTERMOVIM
02 10:07:37:177 Empiezo a leer forms vdintermovim.frm
02 10:07:37:181 Termino parse forms vdintermovim.frm
02 10:07:37:181 Ejecutando interfase VDINTERMOVIM
02 10:09:37:196 Empiezo a leer forms vdintermovim.frm
02 10:09:37:198 Termino parse forms vdintermovim.frm
02 10:09:37:198 Ejecutando interfase VDINTERMOVIM
02 10:11:37:221 Empiezo a leer forms vdintermovim.frm
02 10:11:37:223 Termino parse forms vdintermovim.frm
02 10:11:37:223 Ejecutando interfase VDINTERMOVIM
02 10:13:37:231 Empiezo a leer forms vdintermovim.frm
02 10:13:37:235 Termino parse forms vdintermovim.frm
02 10:13:37:235 Ejecutando interfase VDINTERMOVIM
02 10:15:37:253 Empiezo a leer forms vdintermovim.frm
02 10:15:37:257 Termino parse forms vdintermovim.frm
02 10:15:37:257 Ejecutando interfase VDINTERMOVIM
02 10:17:37:262 Empiezo a leer forms vdintermovim.frm
02 10:17:37:267 Termino parse forms vdintermovim.frm
02 10:17:37:267 Ejecutando interfase VDINTERMOVIM
02 10:19:37:277 Empiezo a leer forms vdintermovim.frm
02 10:19:37:281 Termino parse forms vdintermovim.frm
02 10:19:37:281 Ejecutando interfase VDINTERMOVIM
02 10:21:37:297 Empiezo a leer forms vdintermovim.frm
02 10:21:37:301 Termino parse forms vdintermovim.frm
02 10:21:37:301 Ejecutando interfase VDINTERMOVIM
02 10:23:37:320 Empiezo a leer forms vdintermovim.frm
02 10:23:37:323 Termino parse forms vdintermovim.frm
02 10:23:37:323 Ejecutando interfase VDINTERMOVIM

00 10:23:49:043 Fichero de log cerrado.

00 10:23:55:977 Fichero de log abierto PID 3336

02 10:23:55:978 Intentando abrir fichero v10.ini
02 10:23:55:985 Cargando driver v10oracle funcion damedriveroracle
02 10:23:56:826 Conectado a base de datos
02 10:23:56:827 Proceso ENVIOMOVIM encontrado en tabla VDPROCESOS
02 10:23:56:833 Proceso ENVIOMOVIM cargado con función interfasesalida (Librería VDINTERFASES.DLL) direccion 0644CC80
02 10:23:56:837 PLSQL: INICIALIZADO PAQUETE DE LOG EL DIA 24-03-2022
02 10:23:56:847 Actualizado SID 629 SERIAL 43094 del proceso con PID 3336
00 10:23:56:855 Error al abrir fichero VDST.H
02 10:23:56:856 Empiezo a leer forms vdintermovim.frm
02 10:23:56:871 Termino parse forms vdintermovim.frm
02 10:23:56:871 Ejecutando interfase VDINTERMOVIM
02 10:25:56:887 Empiezo a leer forms vdintermovim.frm
02 10:25:56:895 Termino parse forms vdintermovim.frm
02 10:25:56:895 Ejecutando interfase VDINTERMOVIM
02 10:27:56:915 Empiezo a leer forms vdintermovim.frm
02 10:27:56:922 Termino parse forms vdintermovim.frm
02 10:27:56:922 Ejecutando interfase VDINTERMOVIM
02 10:29:56:940 Empiezo a leer forms vdintermovim.frm
02 10:29:56:942 Termino parse forms vdintermovim.frm
02 10:29:56:942 Ejecutando interfase VDINTERMOVIM
02 10:31:56:965 Empiezo a leer forms vdintermovim.frm
02 10:31:56:972 Termino parse forms vdintermovim.frm
02 10:31:56:972 Ejecutando interfase VDINTERMOVIM
02 10:33:56:985 Empiezo a leer forms vdintermovim.frm
02 10:33:56:992 Termino parse forms vdintermovim.frm
02 10:33:56:992 Ejecutando interfase VDINTERMOVIM
02 10:35:57:012 Empiezo a leer forms vdintermovim.frm
02 10:35:57:017 Termino parse forms vdintermovim.frm
02 10:35:57:017 Ejecutando interfase VDINTERMOVIM
02 10:37:57:031 Empiezo a leer forms vdintermovim.frm
02 10:37:57:037 Termino parse forms vdintermovim.frm
02 10:37:57:037 Ejecutando interfase VDINTERMOVIM
02 10:39:57:053 Empiezo a leer forms vdintermovim.frm
02 10:39:57:062 Termino parse forms vdintermovim.frm
02 10:39:57:062 Ejecutando interfase VDINTERMOVIM
02 10:41:57:082 Empiezo a leer forms vdintermovim.frm
02 10:41:57:091 Termino parse forms vdintermovim.frm
02 10:41:57:092 Ejecutando interfase VDINTERMOVIM
02 10:43:57:110 Empiezo a leer forms vdintermovim.frm
02 10:43:57:117 Termino parse forms vdintermovim.frm
02 10:43:57:117 Ejecutando interfase VDINTERMOVIM
02 10:45:57:132 Empiezo a leer forms vdintermovim.frm
02 10:45:57:138 Termino parse forms vdintermovim.frm
02 10:45:57:138 Ejecutando interfase VDINTERMOVIM
02 10:47:57:155 Empiezo a leer forms vdintermovim.frm
02 10:47:57:157 Termino parse forms vdintermovim.frm
02 10:47:57:157 Ejecutando interfase VDINTERMOVIM
02 10:49:57:181 Empiezo a leer forms vdintermovim.frm
02 10:49:57:187 Termino parse forms vdintermovim.frm
02 10:49:57:187 Ejecutando interfase VDINTERMOVIM
02 10:51:57:203 Empiezo a leer forms vdintermovim.frm
02 10:51:57:210 Termino parse forms vdintermovim.frm
02 10:51:57:210 Ejecutando interfase VDINTERMOVIM
02 10:53:57:235 Empiezo a leer forms vdintermovim.frm
02 10:53:57:242 Termino parse forms vdintermovim.frm
02 10:53:57:242 Ejecutando interfase VDINTERMOVIM
02 10:55:57:267 Empiezo a leer forms vdintermovim.frm
02 10:55:57:273 Termino parse forms vdintermovim.frm
02 10:55:57:273 Ejecutando interfase VDINTERMOVIM
02 10:57:57:288 Empiezo a leer forms vdintermovim.frm
02 10:57:57:296 Termino parse forms vdintermovim.frm
02 10:57:57:297 Ejecutando interfase VDINTERMOVIM
02 10:59:57:315 Empiezo a leer forms vdintermovim.frm
02 10:59:57:322 Termino parse forms vdintermovim.frm
02 10:59:57:322 Ejecutando interfase VDINTERMOVIM
02 11:01:57:335 Empiezo a leer forms vdintermovim.frm
02 11:01:57:342 Termino parse forms vdintermovim.frm
02 11:01:57:343 Ejecutando interfase VDINTERMOVIM
02 11:03:55:657 Empiezo a leer forms vdintermovim.frm
02 11:03:55:660 Termino parse forms vdintermovim.frm
02 11:03:55:660 Ejecutando interfase VDINTERMOVIM
02 11:05:55:667 Empiezo a leer forms vdintermovim.frm
02 11:05:55:675 Termino parse forms vdintermovim.frm
02 11:05:55:675 Ejecutando interfase VDINTERMOVIM
02 11:07:55:685 Empiezo a leer forms vdintermovim.frm
02 11:07:55:688 Termino parse forms vdintermovim.frm
02 11:07:55:688 Ejecutando interfase VDINTERMOVIM
02 11:09:55:712 Empiezo a leer forms vdintermovim.frm
02 11:09:55:720 Termino parse forms vdintermovim.frm
02 11:09:55:720 Ejecutando interfase VDINTERMOVIM
02 11:11:55:740 Empiezo a leer forms vdintermovim.frm
02 11:11:55:747 Termino parse forms vdintermovim.frm
02 11:11:55:747 Ejecutando interfase VDINTERMOVIM
02 11:13:55:761 Empiezo a leer forms vdintermovim.frm
02 11:13:55:767 Termino parse forms vdintermovim.frm
02 11:13:55:768 Ejecutando interfase VDINTERMOVIM
02 11:15:55:781 Empiezo a leer forms vdintermovim.frm
02 11:15:55:781 Termino parse forms vdintermovim.frm
02 11:15:55:781 Ejecutando interfase VDINTERMOVIM
02 11:17:55:803 Empiezo a leer forms vdintermovim.frm
02 11:17:55:810 Termino parse forms vdintermovim.frm
02 11:17:55:810 Ejecutando interfase VDINTERMOVIM
02 11:19:55:822 Empiezo a leer forms vdintermovim.frm
02 11:19:55:830 Termino parse forms vdintermovim.frm
02 11:19:55:830 Ejecutando interfase VDINTERMOVIM
02 11:21:55:850 Empiezo a leer forms vdintermovim.frm
02 11:21:55:857 Termino parse forms vdintermovim.frm
02 11:21:55:857 Ejecutando interfase VDINTERMOVIM
02 11:23:55:882 Empiezo a leer forms vdintermovim.frm
02 11:23:55:890 Termino parse forms vdintermovim.frm
02 11:23:55:890 Ejecutando interfase VDINTERMOVIM
02 11:25:55:905 Empiezo a leer forms vdintermovim.frm
02 11:25:55:912 Termino parse forms vdintermovim.frm
02 11:25:55:912 Ejecutando interfase VDINTERMOVIM
02 11:27:55:935 Empiezo a leer forms vdintermovim.frm
02 11:27:55:942 Termino parse forms vdintermovim.frm
02 11:27:55:942 Ejecutando interfase VDINTERMOVIM
02 11:29:55:965 Empiezo a leer forms vdintermovim.frm
02 11:29:55:971 Termino parse forms vdintermovim.frm
02 11:29:55:971 Ejecutando interfase VDINTERMOVIM
02 11:31:55:995 Empiezo a leer forms vdintermovim.frm
02 11:31:56:002 Termino parse forms vdintermovim.frm
02 11:31:56:002 Ejecutando interfase VDINTERMOVIM
02 11:33:56:025 Empiezo a leer forms vdintermovim.frm
02 11:33:56:027 Termino parse forms vdintermovim.frm
02 11:33:56:027 Ejecutando interfase VDINTERMOVIM
02 11:35:56:042 Empiezo a leer forms vdintermovim.frm
02 11:35:56:047 Termino parse forms vdintermovim.frm
02 11:35:56:048 Ejecutando interfase VDINTERMOVIM
02 11:57:25:510 Empiezo a leer forms vdintermovim.frm
02 11:57:25:514 Termino parse forms vdintermovim.frm
02 11:57:25:515 Ejecutando interfase VDINTERMOVIM
02 11:59:25:537 Empiezo a leer forms vdintermovim.frm
02 11:59:25:547 Termino parse forms vdintermovim.frm
02 11:59:25:547 Ejecutando interfase VDINTERMOVIM
02 12:01:25:565 Empiezo a leer forms vdintermovim.frm
02 12:01:25:572 Termino parse forms vdintermovim.frm
02 12:01:25:574 Ejecutando interfase VDINTERMOVIM
02 12:03:25:594 Empiezo a leer forms vdintermovim.frm
02 12:03:25:602 Termino parse forms vdintermovim.frm
02 12:03:25:602 Ejecutando interfase VDINTERMOVIM
02 12:05:25:617 Empiezo a leer forms vdintermovim.frm
02 12:05:25:620 Termino parse forms vdintermovim.frm
02 12:05:25:620 Ejecutando interfase VDINTERMOVIM
02 12:07:25:630 Empiezo a leer forms vdintermovim.frm
02 12:07:25:635 Termino parse forms vdintermovim.frm
02 12:07:25:637 Ejecutando interfase VDINTERMOVIM
02 12:09:25:650 Empiezo a leer forms vdintermovim.frm
02 12:09:25:659 Termino parse forms vdintermovim.frm
02 12:09:25:660 Ejecutando interfase VDINTERMOVIM
02 12:11:25:674 Empiezo a leer forms vdintermovim.frm
02 12:11:25:677 Termino parse forms vdintermovim.frm
02 12:11:25:679 Ejecutando interfase VDINTERMOVIM
02 12:13:25:695 Empiezo a leer forms vdintermovim.frm
02 12:13:25:702 Termino parse forms vdintermovim.frm
02 12:13:25:702 Ejecutando interfase VDINTERMOVIM
02 12:15:25:725 Empiezo a leer forms vdintermovim.frm
02 12:15:25:734 Termino parse forms vdintermovim.frm
02 12:15:25:735 Ejecutando interfase VDINTERMOVIM
02 12:17:25:755 Empiezo a leer forms vdintermovim.frm
02 12:17:25:762 Termino parse forms vdintermovim.frm
02 12:17:25:762 Ejecutando interfase VDINTERMOVIM
02 12:19:25:782 Empiezo a leer forms vdintermovim.frm
02 12:19:25:790 Termino parse forms vdintermovim.frm
02 12:19:25:790 Ejecutando interfase VDINTERMOVIM
02 12:21:25:807 Empiezo a leer forms vdintermovim.frm
02 12:21:25:815 Termino parse forms vdintermovim.frm
02 12:21:25:815 Ejecutando interfase VDINTERMOVIM
02 12:23:25:829 Empiezo a leer forms vdintermovim.frm
02 12:23:25:837 Termino parse forms vdintermovim.frm
02 12:23:25:837 Ejecutando interfase VDINTERMOVIM
02 12:25:25:860 Empiezo a leer forms vdintermovim.frm
02 12:25:25:864 Termino parse forms vdintermovim.frm
02 12:25:25:864 Ejecutando interfase VDINTERMOVIM
02 12:27:25:880 Empiezo a leer forms vdintermovim.frm
02 12:27:25:885 Termino parse forms vdintermovim.frm
02 12:27:25:885 Ejecutando interfase VDINTERMOVIM
02 12:29:25:905 Empiezo a leer forms vdintermovim.frm
02 12:29:25:912 Termino parse forms vdintermovim.frm
02 12:29:25:912 Ejecutando interfase VDINTERMOVIM
02 12:31:25:935 Empiezo a leer forms vdintermovim.frm
02 12:31:25:942 Termino parse forms vdintermovim.frm
02 12:31:25:942 Ejecutando interfase VDINTERMOVIM
02 12:33:25:957 Empiezo a leer forms vdintermovim.frm
02 12:33:25:959 Termino parse forms vdintermovim.frm
02 12:33:25:959 Ejecutando interfase VDINTERMOVIM
02 12:35:25:977 Empiezo a leer forms vdintermovim.frm
02 12:35:25:985 Termino parse forms vdintermovim.frm
02 12:35:25:985 Ejecutando interfase VDINTERMOVIM
02 12:37:26:004 Empiezo a leer forms vdintermovim.frm
02 12:37:26:010 Termino parse forms vdintermovim.frm
02 12:37:26:010 Ejecutando interfase VDINTERMOVIM
02 12:39:26:022 Empiezo a leer forms vdintermovim.frm
02 12:39:26:030 Termino parse forms vdintermovim.frm
02 12:39:26:030 Ejecutando interfase VDINTERMOVIM
02 12:41:26:047 Empiezo a leer forms vdintermovim.frm
02 12:41:26:050 Termino parse forms vdintermovim.frm
02 12:41:26:050 Ejecutando interfase VDINTERMOVIM
02 12:43:26:060 Empiezo a leer forms vdintermovim.frm
02 12:43:26:067 Termino parse forms vdintermovim.frm
02 12:43:26:067 Ejecutando interfase VDINTERMOVIM
02 12:45:26:082 Empiezo a leer forms vdintermovim.frm
02 12:45:26:089 Termino parse forms vdintermovim.frm
02 12:45:26:090 Ejecutando interfase VDINTERMOVIM
02 12:47:26:099 Empiezo a leer forms vdintermovim.frm
02 12:47:26:105 Termino parse forms vdintermovim.frm
02 12:47:26:105 Ejecutando interfase VDINTERMOVIM
02 12:49:26:129 Empiezo a leer forms vdintermovim.frm
02 12:49:26:137 Termino parse forms vdintermovim.frm
02 12:49:26:137 Ejecutando interfase VDINTERMOVIM
02 12:51:26:152 Empiezo a leer forms vdintermovim.frm
02 12:51:26:160 Termino parse forms vdintermovim.frm
02 12:51:26:160 Ejecutando interfase VDINTERMOVIM
02 12:53:26:180 Empiezo a leer forms vdintermovim.frm
02 12:53:26:187 Termino parse forms vdintermovim.frm
02 12:53:26:187 Ejecutando interfase VDINTERMOVIM
02 12:55:26:214 Empiezo a leer forms vdintermovim.frm
02 12:55:26:222 Termino parse forms vdintermovim.frm
02 12:55:26:222 Ejecutando interfase VDINTERMOVIM
02 12:57:26:237 Empiezo a leer forms vdintermovim.frm
02 12:57:26:244 Termino parse forms vdintermovim.frm
02 12:57:26:245 Ejecutando interfase VDINTERMOVIM
02 12:59:26:264 Empiezo a leer forms vdintermovim.frm
02 12:59:26:272 Termino parse forms vdintermovim.frm
02 12:59:26:272 Ejecutando interfase VDINTERMOVIM
02 13:01:26:297 Empiezo a leer forms vdintermovim.frm
02 13:01:26:305 Termino parse forms vdintermovim.frm
02 13:01:26:305 Ejecutando interfase VDINTERMOVIM
02 13:03:26:324 Empiezo a leer forms vdintermovim.frm
02 13:03:26:332 Termino parse forms vdintermovim.frm
02 13:03:26:332 Ejecutando interfase VDINTERMOVIM
02 13:05:26:360 Empiezo a leer forms vdintermovim.frm
02 13:05:26:367 Termino parse forms vdintermovim.frm
02 13:05:26:369 Ejecutando interfase VDINTERMOVIM
02 13:07:26:392 Empiezo a leer forms vdintermovim.frm
02 13:07:26:400 Termino parse forms vdintermovim.frm
02 13:07:26:402 Ejecutando interfase VDINTERMOVIM
02 13:09:26:414 Empiezo a leer forms vdintermovim.frm
02 13:09:26:419 Termino parse forms vdintermovim.frm
02 13:09:26:419 Ejecutando interfase VDINTERMOVIM
02 13:11:26:439 Empiezo a leer forms vdintermovim.frm
02 13:11:26:447 Termino parse forms vdintermovim.frm
02 13:11:26:447 Ejecutando interfase VDINTERMOVIM
02 13:13:26:470 Empiezo a leer forms vdintermovim.frm
02 13:13:26:477 Termino parse forms vdintermovim.frm
02 13:13:26:477 Ejecutando interfase VDINTERMOVIM
02 13:15:26:494 Empiezo a leer forms vdintermovim.frm
02 13:15:26:502 Termino parse forms vdintermovim.frm
02 13:15:26:502 Ejecutando interfase VDINTERMOVIM
02 13:17:26:527 Empiezo a leer forms vdintermovim.frm
02 13:17:26:534 Termino parse forms vdintermovim.frm
02 13:17:26:534 Ejecutando interfase VDINTERMOVIM
02 13:19:26:554 Empiezo a leer forms vdintermovim.frm
02 13:19:26:562 Termino parse forms vdintermovim.frm
02 13:19:26:562 Ejecutando interfase VDINTERMOVIM
02 13:21:26:582 Empiezo a leer forms vdintermovim.frm
02 13:21:26:590 Termino parse forms vdintermovim.frm
02 13:21:26:590 Ejecutando interfase VDINTERMOVIM
02 13:23:26:604 Empiezo a leer forms vdintermovim.frm
02 13:23:26:610 Termino parse forms vdintermovim.frm
02 13:23:26:612 Ejecutando interfase VDINTERMOVIM
02 13:25:26:630 Empiezo a leer forms vdintermovim.frm
02 13:25:26:637 Termino parse forms vdintermovim.frm
02 13:25:26:637 Ejecutando interfase VDINTERMOVIM
02 13:27:26:655 Empiezo a leer forms vdintermovim.frm
02 13:27:26:662 Termino parse forms vdintermovim.frm
02 13:27:26:662 Ejecutando interfase VDINTERMOVIM
02 13:29:26:685 Empiezo a leer forms vdintermovim.frm
02 13:29:26:694 Termino parse forms vdintermovim.frm
02 13:29:26:694 Ejecutando interfase VDINTERMOVIM
02 13:31:26:720 Empiezo a leer forms vdintermovim.frm
02 13:31:26:727 Termino parse forms vdintermovim.frm
02 13:31:26:727 Ejecutando interfase VDINTERMOVIM
02 13:33:26:744 Empiezo a leer forms vdintermovim.frm
02 13:33:26:747 Termino parse forms vdintermovim.frm
02 13:33:26:747 Ejecutando interfase VDINTERMOVIM
02 13:35:26:760 Empiezo a leer forms vdintermovim.frm
02 13:35:26:767 Termino parse forms vdintermovim.frm
02 13:35:26:767 Ejecutando interfase VDINTERMOVIM
02 13:37:26:792 Empiezo a leer forms vdintermovim.frm
02 13:37:26:799 Termino parse forms vdintermovim.frm
02 13:37:26:799 Ejecutando interfase VDINTERMOVIM
02 13:39:26:812 Empiezo a leer forms vdintermovim.frm
02 13:39:26:822 Termino parse forms vdintermovim.frm
02 13:39:26:824 Ejecutando interfase VDINTERMOVIM
02 13:41:26:847 Empiezo a leer forms vdintermovim.frm
02 13:41:26:855 Termino parse forms vdintermovim.frm
02 13:41:26:857 Ejecutando interfase VDINTERMOVIM
02 13:43:26:875 Empiezo a leer forms vdintermovim.frm
02 13:43:26:882 Termino parse forms vdintermovim.frm
02 13:43:26:882 Ejecutando interfase VDINTERMOVIM
02 13:45:26:905 Empiezo a leer forms vdintermovim.frm
02 13:45:26:912 Termino parse forms vdintermovim.frm
02 13:45:26:914 Ejecutando interfase VDINTERMOVIM
02 13:47:26:925 Empiezo a leer forms vdintermovim.frm
02 13:47:26:927 Termino parse forms vdintermovim.frm
02 13:47:26:927 Ejecutando interfase VDINTERMOVIM
02 13:49:26:944 Empiezo a leer forms vdintermovim.frm
02 13:49:26:950 Termino parse forms vdintermovim.frm
02 13:49:26:950 Ejecutando interfase VDINTERMOVIM
02 13:51:26:965 Empiezo a leer forms vdintermovim.frm
02 13:51:26:974 Termino parse forms vdintermovim.frm
02 13:51:26:975 Ejecutando interfase VDINTERMOVIM
02 13:53:26:995 Empiezo a leer forms vdintermovim.frm
02 13:53:27:004 Termino parse forms vdintermovim.frm
02 13:53:27:004 Ejecutando interfase VDINTERMOVIM
02 13:55:27:025 Empiezo a leer forms vdintermovim.frm
02 13:55:27:032 Termino parse forms vdintermovim.frm
02 13:55:27:032 Ejecutando interfase VDINTERMOVIM
02 13:57:27:054 Empiezo a leer forms vdintermovim.frm
02 13:57:27:060 Termino parse forms vdintermovim.frm
02 13:57:27:060 Ejecutando interfase VDINTERMOVIM
02 13:59:27:075 Empiezo a leer forms vdintermovim.frm
02 13:59:27:075 Termino parse forms vdintermovim.frm
02 13:59:27:075 Ejecutando interfase VDINTERMOVIM
02 14:01:27:094 Empiezo a leer forms vdintermovim.frm
02 14:01:27:094 Termino parse forms vdintermovim.frm
02 14:01:27:094 Ejecutando interfase VDINTERMOVIM
02 14:03:27:124 Empiezo a leer forms vdintermovim.frm
02 14:03:27:124 Termino parse forms vdintermovim.frm
02 14:03:27:124 Ejecutando interfase VDINTERMOVIM
02 14:05:27:145 Empiezo a leer forms vdintermovim.frm
02 14:05:27:145 Termino parse forms vdintermovim.frm
02 14:05:27:145 Ejecutando interfase VDINTERMOVIM
02 14:07:27:182 Empiezo a leer forms vdintermovim.frm
02 14:07:27:182 Termino parse forms vdintermovim.frm
02 14:07:27:182 Ejecutando interfase VDINTERMOVIM
02 14:09:27:217 Empiezo a leer forms vdintermovim.frm
02 14:09:27:217 Termino parse forms vdintermovim.frm
02 14:09:27:217 Ejecutando interfase VDINTERMOVIM
02 14:11:27:245 Empiezo a leer forms vdintermovim.frm
02 14:11:27:250 Termino parse forms vdintermovim.frm
02 14:11:27:250 Ejecutando interfase VDINTERMOVIM
02 14:13:27:259 Empiezo a leer forms vdintermovim.frm
02 14:13:27:267 Termino parse forms vdintermovim.frm
02 14:13:27:267 Ejecutando interfase VDINTERMOVIM
02 14:15:27:287 Empiezo a leer forms vdintermovim.frm
02 14:15:27:287 Termino parse forms vdintermovim.frm
02 14:15:27:287 Ejecutando interfase VDINTERMOVIM
02 14:17:27:309 Empiezo a leer forms vdintermovim.frm
02 14:17:27:309 Termino parse forms vdintermovim.frm
02 14:17:27:309 Ejecutando interfase VDINTERMOVIM
02 14:19:27:340 Empiezo a leer forms vdintermovim.frm
02 14:19:27:340 Termino parse forms vdintermovim.frm
02 14:19:27:340 Ejecutando interfase VDINTERMOVIM
02 14:21:27:362 Empiezo a leer forms vdintermovim.frm
02 14:21:27:370 Termino parse forms vdintermovim.frm
02 14:21:27:370 Ejecutando interfase VDINTERMOVIM
02 14:23:27:390 Empiezo a leer forms vdintermovim.frm
02 14:23:27:390 Termino parse forms vdintermovim.frm
02 14:23:27:390 Ejecutando interfase VDINTERMOVIM
02 14:25:27:422 Empiezo a leer forms vdintermovim.frm
02 14:25:27:422 Termino parse forms vdintermovim.frm
02 14:25:27:422 Ejecutando interfase VDINTERMOVIM
02 14:27:27:457 Empiezo a leer forms vdintermovim.frm
02 14:27:27:457 Termino parse forms vdintermovim.frm
02 14:27:27:457 Ejecutando interfase VDINTERMOVIM
02 14:29:27:477 Empiezo a leer forms vdintermovim.frm
02 14:29:27:477 Termino parse forms vdintermovim.frm
02 14:29:27:477 Ejecutando interfase VDINTERMOVIM
02 14:31:27:502 Empiezo a leer forms vdintermovim.frm
02 14:31:27:502 Termino parse forms vdintermovim.frm
02 14:31:27:502 Ejecutando interfase VDINTERMOVIM
02 14:33:27:537 Empiezo a leer forms vdintermovim.frm
02 14:33:27:537 Termino parse forms vdintermovim.frm
02 14:33:27:537 Ejecutando interfase VDINTERMOVIM
02 14:35:27:560 Empiezo a leer forms vdintermovim.frm
02 14:35:27:560 Termino parse forms vdintermovim.frm
02 14:35:27:560 Ejecutando interfase VDINTERMOVIM
02 14:37:27:592 Empiezo a leer forms vdintermovim.frm
02 14:37:27:592 Termino parse forms vdintermovim.frm
02 14:37:27:592 Ejecutando interfase VDINTERMOVIM
02 14:39:27:627 Empiezo a leer forms vdintermovim.frm
02 14:39:27:627 Termino parse forms vdintermovim.frm
02 14:39:27:627 Ejecutando interfase VDINTERMOVIM
02 14:41:27:657 Empiezo a leer forms vdintermovim.frm
02 14:41:27:657 Termino parse forms vdintermovim.frm
02 14:41:27:657 Ejecutando interfase VDINTERMOVIM
02 14:43:27:690 Empiezo a leer forms vdintermovim.frm
02 14:43:27:690 Termino parse forms vdintermovim.frm
02 14:43:27:690 Ejecutando interfase VDINTERMOVIM
02 14:45:27:709 Empiezo a leer forms vdintermovim.frm
02 14:45:27:712 Termino parse forms vdintermovim.frm
02 14:45:27:712 Ejecutando interfase VDINTERMOVIM
02 14:47:27:729 Empiezo a leer forms vdintermovim.frm
02 14:47:27:729 Termino parse forms vdintermovim.frm
02 14:47:27:729 Ejecutando interfase VDINTERMOVIM
02 15:43:56:072 Empiezo a leer forms vdintermovim.frm
02 15:43:56:072 Termino parse forms vdintermovim.frm
02 15:43:56:072 Ejecutando interfase VDINTERMOVIM
02 15:45:56:732 Empiezo a leer forms vdintermovim.frm
02 15:45:56:735 Termino parse forms vdintermovim.frm
02 15:45:56:735 Ejecutando interfase VDINTERMOVIM
02 15:47:56:755 Empiezo a leer forms vdintermovim.frm
02 15:47:56:762 Termino parse forms vdintermovim.frm
02 15:47:56:762 Ejecutando interfase VDINTERMOVIM
02 15:49:56:782 Empiezo a leer forms vdintermovim.frm
02 15:49:56:790 Termino parse forms vdintermovim.frm
02 15:49:56:790 Ejecutando interfase VDINTERMOVIM
02 15:51:56:817 Empiezo a leer forms vdintermovim.frm
02 15:51:56:819 Termino parse forms vdintermovim.frm
02 15:51:56:819 Ejecutando interfase VDINTERMOVIM
02 15:53:56:830 Empiezo a leer forms vdintermovim.frm
02 15:53:56:832 Termino parse forms vdintermovim.frm
02 15:53:56:832 Ejecutando interfase VDINTERMOVIM
02 15:55:56:845 Empiezo a leer forms vdintermovim.frm
02 15:55:56:850 Termino parse forms vdintermovim.frm
02 15:55:56:852 Ejecutando interfase VDINTERMOVIM
02 15:57:56:877 Empiezo a leer forms vdintermovim.frm
02 15:57:56:885 Termino parse forms vdintermovim.frm
02 15:57:56:885 Ejecutando interfase VDINTERMOVIM
02 15:59:56:895 Empiezo a leer forms vdintermovim.frm
02 15:59:56:902 Termino parse forms vdintermovim.frm
02 15:59:56:902 Ejecutando interfase VDINTERMOVIM
02 16:01:56:917 Empiezo a leer forms vdintermovim.frm
02 16:01:56:922 Termino parse forms vdintermovim.frm
02 16:01:56:922 Ejecutando interfase VDINTERMOVIM
02 16:03:56:940 Empiezo a leer forms vdintermovim.frm
02 16:03:56:947 Termino parse forms vdintermovim.frm
02 16:03:56:947 Ejecutando interfase VDINTERMOVIM
02 16:05:56:957 Empiezo a leer forms vdintermovim.frm
02 16:05:56:962 Termino parse forms vdintermovim.frm
02 16:05:56:964 Ejecutando interfase VDINTERMOVIM
02 16:07:56:987 Empiezo a leer forms vdintermovim.frm
02 16:07:56:992 Termino parse forms vdintermovim.frm
02 16:07:56:992 Ejecutando interfase VDINTERMOVIM
02 16:09:57:009 Empiezo a leer forms vdintermovim.frm
02 16:09:57:015 Termino parse forms vdintermovim.frm
02 16:09:57:015 Ejecutando interfase VDINTERMOVIM
02 16:11:57:025 Empiezo a leer forms vdintermovim.frm
02 16:11:57:032 Termino parse forms vdintermovim.frm
02 16:11:57:032 Ejecutando interfase VDINTERMOVIM
02 16:13:57:059 Empiezo a leer forms vdintermovim.frm
02 16:13:57:067 Termino parse forms vdintermovim.frm
02 16:13:57:067 Ejecutando interfase VDINTERMOVIM
02 16:15:57:080 Empiezo a leer forms vdintermovim.frm
02 16:15:57:085 Termino parse forms vdintermovim.frm
02 16:15:57:087 Ejecutando interfase VDINTERMOVIM
02 16:17:57:107 Empiezo a leer forms vdintermovim.frm
02 16:17:57:115 Termino parse forms vdintermovim.frm
02 16:17:57:115 Ejecutando interfase VDINTERMOVIM
02 16:19:57:129 Empiezo a leer forms vdintermovim.frm
02 16:19:57:135 Termino parse forms vdintermovim.frm
02 16:19:57:135 Ejecutando interfase VDINTERMOVIM
02 16:21:57:159 Empiezo a leer forms vdintermovim.frm
02 16:21:57:167 Termino parse forms vdintermovim.frm
02 16:21:57:167 Ejecutando interfase VDINTERMOVIM
02 16:23:57:184 Empiezo a leer forms vdintermovim.frm
02 16:23:57:190 Termino parse forms vdintermovim.frm
02 16:23:57:190 Ejecutando interfase VDINTERMOVIM
02 16:25:57:215 Empiezo a leer forms vdintermovim.frm
02 16:25:57:222 Termino parse forms vdintermovim.frm
02 16:25:57:224 Ejecutando interfase VDINTERMOVIM
02 16:27:57:245 Empiezo a leer forms vdintermovim.frm
02 16:27:57:252 Termino parse forms vdintermovim.frm
02 16:27:57:252 Ejecutando interfase VDINTERMOVIM
02 16:29:57:274 Empiezo a leer forms vdintermovim.frm
02 16:29:57:282 Termino parse forms vdintermovim.frm
02 16:29:57:282 Ejecutando interfase VDINTERMOVIM
02 16:31:57:299 Empiezo a leer forms vdintermovim.frm
02 16:31:57:305 Termino parse forms vdintermovim.frm
02 16:31:57:305 Ejecutando interfase VDINTERMOVIM
02 16:33:57:324 Empiezo a leer forms vdintermovim.frm
02 16:33:57:330 Termino parse forms vdintermovim.frm
02 16:33:57:330 Ejecutando interfase VDINTERMOVIM
02 16:35:57:345 Empiezo a leer forms vdintermovim.frm
02 16:35:57:352 Termino parse forms vdintermovim.frm
02 16:35:57:352 Ejecutando interfase VDINTERMOVIM
02 16:37:57:379 Empiezo a leer forms vdintermovim.frm
02 16:37:57:387 Termino parse forms vdintermovim.frm
02 16:37:57:387 Ejecutando interfase VDINTERMOVIM
02 16:39:57:410 Empiezo a leer forms vdintermovim.frm
02 16:39:57:417 Termino parse forms vdintermovim.frm
02 16:39:57:417 Ejecutando interfase VDINTERMOVIM
02 16:41:57:429 Empiezo a leer forms vdintermovim.frm
02 16:41:57:435 Termino parse forms vdintermovim.frm
02 16:41:57:437 Ejecutando interfase VDINTERMOVIM
02 16:43:57:454 Empiezo a leer forms vdintermovim.frm
02 16:43:57:462 Termino parse forms vdintermovim.frm
02 16:43:57:462 Ejecutando interfase VDINTERMOVIM
02 16:45:57:479 Empiezo a leer forms vdintermovim.frm
02 16:45:57:485 Termino parse forms vdintermovim.frm
02 16:45:57:487 Ejecutando interfase VDINTERMOVIM
02 16:47:57:510 Empiezo a leer forms vdintermovim.frm
02 16:47:57:517 Termino parse forms vdintermovim.frm
02 16:47:57:517 Ejecutando interfase VDINTERMOVIM
02 16:49:57:537 Empiezo a leer forms vdintermovim.frm
02 16:49:57:544 Termino parse forms vdintermovim.frm
02 16:49:57:544 Ejecutando interfase VDINTERMOVIM
02 16:51:57:562 Empiezo a leer forms vdintermovim.frm
02 16:51:57:570 Termino parse forms vdintermovim.frm
02 16:51:57:570 Ejecutando interfase VDINTERMOVIM
02 16:53:57:585 Empiezo a leer forms vdintermovim.frm
02 16:53:57:592 Termino parse forms vdintermovim.frm
02 16:53:57:592 Ejecutando interfase VDINTERMOVIM
02 16:55:57:612 Empiezo a leer forms vdintermovim.frm
02 16:55:57:620 Termino parse forms vdintermovim.frm
02 16:55:57:620 Ejecutando interfase VDINTERMOVIM
02 16:57:57:632 Empiezo a leer forms vdintermovim.frm
02 16:57:57:637 Termino parse forms vdintermovim.frm
02 16:57:57:637 Ejecutando interfase VDINTERMOVIM
02 16:59:57:645 Empiezo a leer forms vdintermovim.frm
02 16:59:57:650 Termino parse forms vdintermovim.frm
02 16:59:57:650 Ejecutando interfase VDINTERMOVIM
02 17:01:57:674 Empiezo a leer forms vdintermovim.frm
02 17:01:57:680 Termino parse forms vdintermovim.frm
02 17:01:57:680 Ejecutando interfase VDINTERMOVIM
02 17:03:57:704 Empiezo a leer forms vdintermovim.frm
02 17:03:57:707 Termino parse forms vdintermovim.frm
02 17:03:57:707 Ejecutando interfase VDINTERMOVIM
02 17:05:57:720 Empiezo a leer forms vdintermovim.frm
02 17:05:57:727 Termino parse forms vdintermovim.frm
02 17:05:57:727 Ejecutando interfase VDINTERMOVIM
02 17:07:57:739 Empiezo a leer forms vdintermovim.frm
02 17:07:57:747 Termino parse forms vdintermovim.frm
02 17:07:57:747 Ejecutando interfase VDINTERMOVIM
02 17:09:57:759 Empiezo a leer forms vdintermovim.frm
02 17:09:57:765 Termino parse forms vdintermovim.frm
02 17:09:57:765 Ejecutando interfase VDINTERMOVIM
02 17:11:57:777 Empiezo a leer forms vdintermovim.frm
02 17:11:57:785 Termino parse forms vdintermovim.frm
02 17:11:57:785 Ejecutando interfase VDINTERMOVIM
02 17:13:57:804 Empiezo a leer forms vdintermovim.frm
02 17:13:57:810 Termino parse forms vdintermovim.frm
02 17:13:57:812 Ejecutando interfase VDINTERMOVIM
02 17:15:57:822 Empiezo a leer forms vdintermovim.frm
02 17:15:57:830 Termino parse forms vdintermovim.frm
02 17:15:57:830 Ejecutando interfase VDINTERMOVIM
02 17:17:57:844 Empiezo a leer forms vdintermovim.frm
02 17:17:57:850 Termino parse forms vdintermovim.frm
02 17:17:57:852 Ejecutando interfase VDINTERMOVIM
02 17:19:57:864 Empiezo a leer forms vdintermovim.frm
02 17:19:57:870 Termino parse forms vdintermovim.frm
02 17:19:57:872 Ejecutando interfase VDINTERMOVIM
02 17:21:57:899 Empiezo a leer forms vdintermovim.frm
02 17:21:57:907 Termino parse forms vdintermovim.frm
02 17:21:57:907 Ejecutando interfase VDINTERMOVIM
02 17:23:57:925 Empiezo a leer forms vdintermovim.frm
02 17:23:57:932 Termino parse forms vdintermovim.frm
02 17:23:57:932 Ejecutando interfase VDINTERMOVIM
02 17:25:57:949 Empiezo a leer forms vdintermovim.frm
02 17:25:57:954 Termino parse forms vdintermovim.frm
02 17:25:57:954 Ejecutando interfase VDINTERMOVIM
02 17:27:57:974 Empiezo a leer forms vdintermovim.frm
02 17:27:57:982 Termino parse forms vdintermovim.frm
02 17:27:57:982 Ejecutando interfase VDINTERMOVIM
02 17:29:57:992 Empiezo a leer forms vdintermovim.frm
02 17:29:57:999 Termino parse forms vdintermovim.frm
02 17:29:58:000 Ejecutando interfase VDINTERMOVIM
02 17:31:58:009 Empiezo a leer forms vdintermovim.frm
02 17:31:58:014 Termino parse forms vdintermovim.frm
02 17:31:58:014 Ejecutando interfase VDINTERMOVIM
02 17:33:58:025 Empiezo a leer forms vdintermovim.frm
02 17:33:58:034 Termino parse forms vdintermovim.frm
02 17:33:58:034 Ejecutando interfase VDINTERMOVIM
02 17:35:58:049 Empiezo a leer forms vdintermovim.frm
02 17:35:58:055 Termino parse forms vdintermovim.frm
02 17:35:58:055 Ejecutando interfase VDINTERMOVIM
02 17:37:58:075 Empiezo a leer forms vdintermovim.frm
02 17:37:58:080 Termino parse forms vdintermovim.frm
02 17:37:58:082 Ejecutando interfase VDINTERMOVIM
02 17:39:58:095 Empiezo a leer forms vdintermovim.frm
02 17:39:58:102 Termino parse forms vdintermovim.frm
02 17:39:58:102 Ejecutando interfase VDINTERMOVIM
02 17:41:58:122 Empiezo a leer forms vdintermovim.frm
02 17:41:58:130 Termino parse forms vdintermovim.frm
02 17:41:58:130 Ejecutando interfase VDINTERMOVIM
02 17:43:58:154 Empiezo a leer forms vdintermovim.frm
02 17:43:58:160 Termino parse forms vdintermovim.frm
02 17:43:58:160 Ejecutando interfase VDINTERMOVIM
02 17:45:58:184 Empiezo a leer forms vdintermovim.frm
02 17:45:58:190 Termino parse forms vdintermovim.frm
02 17:45:58:190 Ejecutando interfase VDINTERMOVIM
02 17:47:58:205 Empiezo a leer forms vdintermovim.frm
02 17:47:58:212 Termino parse forms vdintermovim.frm
02 17:47:58:212 Ejecutando interfase VDINTERMOVIM
02 17:49:58:237 Empiezo a leer forms vdintermovim.frm
02 17:49:58:245 Termino parse forms vdintermovim.frm
02 17:49:58:245 Ejecutando interfase VDINTERMOVIM
02 17:51:58:262 Empiezo a leer forms vdintermovim.frm
02 17:51:58:270 Termino parse forms vdintermovim.frm
02 17:51:58:270 Ejecutando interfase VDINTERMOVIM
02 17:53:58:287 Empiezo a leer forms vdintermovim.frm
02 17:53:58:290 Termino parse forms vdintermovim.frm
02 17:53:58:290 Ejecutando interfase VDINTERMOVIM
02 17:55:58:302 Empiezo a leer forms vdintermovim.frm
02 17:55:58:310 Termino parse forms vdintermovim.frm
02 17:55:58:310 Ejecutando interfase VDINTERMOVIM
02 17:57:58:327 Empiezo a leer forms vdintermovim.frm
02 17:57:58:332 Termino parse forms vdintermovim.frm
02 17:57:58:332 Ejecutando interfase VDINTERMOVIM

00 17:58:50:005 Fichero de log cerrado.

