00 10:16:34:611 Fichero de log abierto PID 12004

02 10:16:34:612 Intentando abrir fichero v10.ini
02 10:16:34:618 Cargando driver v10oracle funcion damedriveroracle
02 10:16:35:016 Conectado a base de datos
02 10:16:35:017 Proceso ENVIOREDUR encontrado en tabla VDPROCESOS
02 10:16:35:022 Proceso ENVIOREDUR cargado con función interfasesalida (Librería VDINTERFASES.DLL) direccion 0632CC80
02 10:16:35:025 PLSQL: INICIALIZADO PAQUETE DE LOG EL DIA 30-03-2022
02 10:16:35:035 Actualizado SID 506 SERIAL 54271 del proceso con PID 12004
00 10:16:35:467 Error al abrir fichero VDST.H
02 10:16:35:477 Empiezo a leer forms vdinterageredur.frm
02 10:16:35:516 Termino parse forms vdinterageredur.frm
02 10:16:35:517 Ejecutando interfase VDINTERAGEREDUR
02 10:18:35:532 Empiezo a leer forms vdinterageredur.frm
02 10:18:35:547 Termino parse forms vdinterageredur.frm
02 10:18:35:547 Ejecutando interfase VDINTERAGEREDUR
02 10:20:35:570 Empiezo a leer forms vdinterageredur.frm
02 10:20:35:582 Termino parse forms vdinterageredur.frm
02 10:20:35:582 Ejecutando interfase VDINTERAGEREDUR
02 10:22:35:601 Empiezo a leer forms vdinterageredur.frm
02 10:22:35:611 Termino parse forms vdinterageredur.frm
02 10:22:35:611 Ejecutando interfase VDINTERAGEREDUR
02 10:24:35:635 Empiezo a leer forms vdinterageredur.frm
02 10:24:35:647 Termino parse forms vdinterageredur.frm
02 10:24:35:647 Ejecutando interfase VDINTERAGEREDUR
02 10:26:35:660 Empiezo a leer forms vdinterageredur.frm
02 10:26:35:672 Termino parse forms vdinterageredur.frm
02 10:26:35:672 Ejecutando interfase VDINTERAGEREDUR
02 10:28:35:686 Empiezo a leer forms vdinterageredur.frm
02 10:28:35:702 Termino parse forms vdinterageredur.frm
02 10:28:35:703 Ejecutando interfase VDINTERAGEREDUR
02 10:30:34:287 Empiezo a leer forms vdinterageredur.frm
02 10:30:34:307 Termino parse forms vdinterageredur.frm
02 10:30:34:307 Ejecutando interfase VDINTERAGEREDUR
02 10:32:34:325 Empiezo a leer forms vdinterageredur.frm
02 10:32:34:336 Termino parse forms vdinterageredur.frm
02 10:32:34:336 Ejecutando interfase VDINTERAGEREDUR
02 10:34:34:360 Empiezo a leer forms vdinterageredur.frm
02 10:34:34:372 Termino parse forms vdinterageredur.frm
02 10:34:34:372 Ejecutando interfase VDINTERAGEREDUR
02 10:36:34:392 Empiezo a leer forms vdinterageredur.frm
02 10:36:34:412 Termino parse forms vdinterageredur.frm
02 10:36:34:412 Ejecutando interfase VDINTERAGEREDUR
02 10:38:34:432 Empiezo a leer forms vdinterageredur.frm
02 10:38:34:446 Termino parse forms vdinterageredur.frm
02 10:38:34:446 Ejecutando interfase VDINTERAGEREDUR
02 10:40:34:462 Empiezo a leer forms vdinterageredur.frm
02 10:40:34:482 Termino parse forms vdinterageredur.frm
02 10:40:34:482 Ejecutando interfase VDINTERAGEREDUR
02 10:42:34:508 Empiezo a leer forms vdinterageredur.frm
02 10:42:34:527 Termino parse forms vdinterageredur.frm
02 10:42:34:527 Ejecutando interfase VDINTERAGEREDUR
02 10:44:34:542 Empiezo a leer forms vdinterageredur.frm
02 10:44:34:560 Termino parse forms vdinterageredur.frm
02 10:44:34:560 Ejecutando interfase VDINTERAGEREDUR
02 10:46:34:582 Empiezo a leer forms vdinterageredur.frm
02 10:46:34:598 Termino parse forms vdinterageredur.frm
02 10:46:34:598 Ejecutando interfase VDINTERAGEREDUR
02 10:48:34:615 Empiezo a leer forms vdinterageredur.frm
02 10:48:34:625 Termino parse forms vdinterageredur.frm
02 10:48:34:625 Ejecutando interfase VDINTERAGEREDUR
02 10:50:34:651 Empiezo a leer forms vdinterageredur.frm
02 10:50:34:670 Termino parse forms vdinterageredur.frm
02 10:50:34:671 Ejecutando interfase VDINTERAGEREDUR
02 10:52:34:691 Empiezo a leer forms vdinterageredur.frm
02 10:52:34:710 Termino parse forms vdinterageredur.frm
02 10:52:34:711 Ejecutando interfase VDINTERAGEREDUR
02 10:54:34:732 Empiezo a leer forms vdinterageredur.frm
02 10:54:34:751 Termino parse forms vdinterageredur.frm
02 10:54:34:752 Ejecutando interfase VDINTERAGEREDUR
02 10:56:34:768 Empiezo a leer forms vdinterageredur.frm
02 10:56:34:787 Termino parse forms vdinterageredur.frm
02 10:56:34:787 Ejecutando interfase VDINTERAGEREDUR
02 10:58:34:810 Empiezo a leer forms vdinterageredur.frm
02 10:58:34:830 Termino parse forms vdinterageredur.frm
02 10:58:34:831 Ejecutando interfase VDINTERAGEREDUR
02 11:15:31:530 Empiezo a leer forms vdinterageredur.frm
02 11:15:31:537 Termino parse forms vdinterageredur.frm
02 11:15:31:537 Ejecutando interfase VDINTERAGEREDUR
02 11:17:32:317 Empiezo a leer forms vdinterageredur.frm
02 11:17:32:332 Termino parse forms vdinterageredur.frm
02 11:17:32:333 Ejecutando interfase VDINTERAGEREDUR
02 11:19:32:342 Empiezo a leer forms vdinterageredur.frm
02 11:19:32:360 Termino parse forms vdinterageredur.frm
02 11:19:32:361 Ejecutando interfase VDINTERAGEREDUR
02 11:21:32:387 Empiezo a leer forms vdinterageredur.frm
02 11:21:32:405 Termino parse forms vdinterageredur.frm
02 11:21:32:405 Ejecutando interfase VDINTERAGEREDUR
02 11:23:32:430 Empiezo a leer forms vdinterageredur.frm
02 11:23:32:436 Termino parse forms vdinterageredur.frm
02 11:23:32:436 Ejecutando interfase VDINTERAGEREDUR
02 11:25:32:457 Empiezo a leer forms vdinterageredur.frm
02 11:25:32:472 Termino parse forms vdinterageredur.frm
02 11:25:32:472 Ejecutando interfase VDINTERAGEREDUR
02 11:27:32:498 Empiezo a leer forms vdinterageredur.frm
02 11:27:32:512 Termino parse forms vdinterageredur.frm
02 11:27:32:512 Ejecutando interfase VDINTERAGEREDUR
02 11:29:32:531 Empiezo a leer forms vdinterageredur.frm
02 11:29:32:548 Termino parse forms vdinterageredur.frm
02 11:29:32:550 Ejecutando interfase VDINTERAGEREDUR
02 11:31:32:562 Empiezo a leer forms vdinterageredur.frm
02 11:31:32:580 Termino parse forms vdinterageredur.frm
02 11:31:32:580 Ejecutando interfase VDINTERAGEREDUR
02 11:33:32:592 Empiezo a leer forms vdinterageredur.frm
02 11:33:32:611 Termino parse forms vdinterageredur.frm
02 11:33:32:611 Ejecutando interfase VDINTERAGEREDUR
02 11:35:32:631 Empiezo a leer forms vdinterageredur.frm
02 11:35:32:651 Termino parse forms vdinterageredur.frm
02 11:35:32:651 Ejecutando interfase VDINTERAGEREDUR
02 11:37:32:677 Empiezo a leer forms vdinterageredur.frm
02 11:37:32:695 Termino parse forms vdinterageredur.frm
02 11:37:32:696 Ejecutando interfase VDINTERAGEREDUR
02 11:39:32:714 Empiezo a leer forms vdinterageredur.frm
02 11:39:32:730 Termino parse forms vdinterageredur.frm
02 11:39:32:730 Ejecutando interfase VDINTERAGEREDUR
02 11:41:32:742 Empiezo a leer forms vdinterageredur.frm
02 11:41:32:765 Termino parse forms vdinterageredur.frm
02 11:41:32:765 Ejecutando interfase VDINTERAGEREDUR
02 11:43:32:787 Empiezo a leer forms vdinterageredur.frm
02 11:43:32:805 Termino parse forms vdinterageredur.frm
02 11:43:32:807 Ejecutando interfase VDINTERAGEREDUR
02 11:45:32:825 Empiezo a leer forms vdinterageredur.frm
02 11:45:32:840 Termino parse forms vdinterageredur.frm
02 11:45:32:840 Ejecutando interfase VDINTERAGEREDUR
02 11:47:32:852 Empiezo a leer forms vdinterageredur.frm
02 11:47:32:865 Termino parse forms vdinterageredur.frm
02 11:47:32:865 Ejecutando interfase VDINTERAGEREDUR
02 11:49:32:890 Empiezo a leer forms vdinterageredur.frm
02 11:49:32:910 Termino parse forms vdinterageredur.frm
02 11:49:32:910 Ejecutando interfase VDINTERAGEREDUR
02 11:51:32:934 Empiezo a leer forms vdinterageredur.frm
02 11:51:32:954 Termino parse forms vdinterageredur.frm
02 11:51:32:955 Ejecutando interfase VDINTERAGEREDUR
02 11:53:32:970 Empiezo a leer forms vdinterageredur.frm
02 11:53:32:989 Termino parse forms vdinterageredur.frm
02 11:53:32:989 Ejecutando interfase VDINTERAGEREDUR
02 11:55:33:005 Empiezo a leer forms vdinterageredur.frm
02 11:55:33:025 Termino parse forms vdinterageredur.frm
02 11:55:33:025 Ejecutando interfase VDINTERAGEREDUR
02 11:57:33:040 Empiezo a leer forms vdinterageredur.frm
02 11:57:33:050 Termino parse forms vdinterageredur.frm
02 11:57:33:050 Ejecutando interfase VDINTERAGEREDUR
02 11:59:33:070 Empiezo a leer forms vdinterageredur.frm
02 11:59:33:079 Termino parse forms vdinterageredur.frm
02 11:59:33:079 Ejecutando interfase VDINTERAGEREDUR
02 12:01:33:095 Empiezo a leer forms vdinterageredur.frm
02 12:01:33:115 Termino parse forms vdinterageredur.frm
02 12:01:33:115 Ejecutando interfase VDINTERAGEREDUR
02 12:03:33:144 Empiezo a leer forms vdinterageredur.frm
02 12:03:33:162 Termino parse forms vdinterageredur.frm
02 12:03:33:162 Ejecutando interfase VDINTERAGEREDUR
02 12:05:33:187 Empiezo a leer forms vdinterageredur.frm
02 12:05:33:205 Termino parse forms vdinterageredur.frm
02 12:05:33:205 Ejecutando interfase VDINTERAGEREDUR
02 12:07:33:222 Empiezo a leer forms vdinterageredur.frm
02 12:07:33:244 Termino parse forms vdinterageredur.frm
02 12:07:33:244 Ejecutando interfase VDINTERAGEREDUR
02 12:09:33:269 Empiezo a leer forms vdinterageredur.frm
02 12:09:33:289 Termino parse forms vdinterageredur.frm
02 12:09:33:289 Ejecutando interfase VDINTERAGEREDUR
02 12:11:33:315 Empiezo a leer forms vdinterageredur.frm
02 12:11:33:332 Termino parse forms vdinterageredur.frm
02 12:11:33:332 Ejecutando interfase VDINTERAGEREDUR
02 12:13:33:345 Empiezo a leer forms vdinterageredur.frm
02 12:13:33:367 Termino parse forms vdinterageredur.frm
02 12:13:33:367 Ejecutando interfase VDINTERAGEREDUR
02 12:15:33:394 Empiezo a leer forms vdinterageredur.frm
02 12:15:33:410 Termino parse forms vdinterageredur.frm
02 12:15:33:412 Ejecutando interfase VDINTERAGEREDUR
02 12:17:33:424 Empiezo a leer forms vdinterageredur.frm
02 12:17:33:444 Termino parse forms vdinterageredur.frm
02 12:17:33:444 Ejecutando interfase VDINTERAGEREDUR
02 12:19:33:465 Empiezo a leer forms vdinterageredur.frm
02 12:19:33:485 Termino parse forms vdinterageredur.frm
02 12:19:33:485 Ejecutando interfase VDINTERAGEREDUR
02 12:21:33:505 Empiezo a leer forms vdinterageredur.frm
02 12:21:33:525 Termino parse forms vdinterageredur.frm
02 12:21:33:527 Ejecutando interfase VDINTERAGEREDUR
02 12:23:33:547 Empiezo a leer forms vdinterageredur.frm
02 12:23:33:564 Termino parse forms vdinterageredur.frm
02 12:23:33:565 Ejecutando interfase VDINTERAGEREDUR
02 12:25:33:582 Empiezo a leer forms vdinterageredur.frm
02 12:25:33:602 Termino parse forms vdinterageredur.frm
02 12:25:33:602 Ejecutando interfase VDINTERAGEREDUR
02 12:27:33:625 Empiezo a leer forms vdinterageredur.frm
02 12:27:33:647 Termino parse forms vdinterageredur.frm
02 12:27:33:647 Ejecutando interfase VDINTERAGEREDUR
02 12:29:33:667 Empiezo a leer forms vdinterageredur.frm
02 12:29:33:680 Termino parse forms vdinterageredur.frm
02 12:29:33:680 Ejecutando interfase VDINTERAGEREDUR
02 12:31:33:705 Empiezo a leer forms vdinterageredur.frm
02 12:31:33:725 Termino parse forms vdinterageredur.frm
02 12:31:33:725 Ejecutando interfase VDINTERAGEREDUR
02 12:33:33:739 Empiezo a leer forms vdinterageredur.frm
02 12:33:33:759 Termino parse forms vdinterageredur.frm
02 12:33:33:759 Ejecutando interfase VDINTERAGEREDUR
02 12:35:33:775 Empiezo a leer forms vdinterageredur.frm
02 12:35:33:795 Termino parse forms vdinterageredur.frm
02 12:35:33:795 Ejecutando interfase VDINTERAGEREDUR
02 12:37:33:807 Empiezo a leer forms vdinterageredur.frm
02 12:37:33:817 Termino parse forms vdinterageredur.frm
02 12:37:33:817 Ejecutando interfase VDINTERAGEREDUR
02 12:39:33:832 Empiezo a leer forms vdinterageredur.frm
02 12:39:33:844 Termino parse forms vdinterageredur.frm
02 12:39:33:845 Ejecutando interfase VDINTERAGEREDUR
02 12:41:33:864 Empiezo a leer forms vdinterageredur.frm
02 12:41:33:872 Termino parse forms vdinterageredur.frm
02 12:41:33:872 Ejecutando interfase VDINTERAGEREDUR
02 12:43:33:884 Empiezo a leer forms vdinterageredur.frm
02 12:43:33:895 Termino parse forms vdinterageredur.frm
02 12:43:33:895 Ejecutando interfase VDINTERAGEREDUR
02 12:45:33:909 Empiezo a leer forms vdinterageredur.frm
02 12:45:33:915 Termino parse forms vdinterageredur.frm
02 12:45:33:915 Ejecutando interfase VDINTERAGEREDUR
02 12:47:33:930 Empiezo a leer forms vdinterageredur.frm
02 12:47:33:947 Termino parse forms vdinterageredur.frm
02 12:47:33:947 Ejecutando interfase VDINTERAGEREDUR
02 12:49:33:962 Empiezo a leer forms vdinterageredur.frm
02 12:49:33:974 Termino parse forms vdinterageredur.frm
02 12:49:33:974 Ejecutando interfase VDINTERAGEREDUR
02 12:51:33:987 Empiezo a leer forms vdinterageredur.frm
02 12:51:34:000 Termino parse forms vdinterageredur.frm
02 12:51:34:000 Ejecutando interfase VDINTERAGEREDUR
02 12:53:34:020 Empiezo a leer forms vdinterageredur.frm
02 12:53:34:032 Termino parse forms vdinterageredur.frm
02 12:53:34:034 Ejecutando interfase VDINTERAGEREDUR
02 12:55:34:045 Empiezo a leer forms vdinterageredur.frm
02 12:55:34:060 Termino parse forms vdinterageredur.frm
02 12:55:34:060 Ejecutando interfase VDINTERAGEREDUR
02 12:57:34:079 Empiezo a leer forms vdinterageredur.frm
02 12:57:34:087 Termino parse forms vdinterageredur.frm
02 12:57:34:087 Ejecutando interfase VDINTERAGEREDUR
02 12:59:34:102 Empiezo a leer forms vdinterageredur.frm
02 12:59:34:114 Termino parse forms vdinterageredur.frm
02 12:59:34:114 Ejecutando interfase VDINTERAGEREDUR
02 13:01:34:127 Empiezo a leer forms vdinterageredur.frm
02 13:01:34:140 Termino parse forms vdinterageredur.frm
02 13:01:34:140 Ejecutando interfase VDINTERAGEREDUR
02 13:03:34:157 Empiezo a leer forms vdinterageredur.frm
02 13:03:34:170 Termino parse forms vdinterageredur.frm
02 13:03:34:170 Ejecutando interfase VDINTERAGEREDUR
02 13:05:34:192 Empiezo a leer forms vdinterageredur.frm
02 13:05:34:205 Termino parse forms vdinterageredur.frm
02 13:05:34:205 Ejecutando interfase VDINTERAGEREDUR
02 13:07:34:225 Empiezo a leer forms vdinterageredur.frm
02 13:07:34:240 Termino parse forms vdinterageredur.frm
02 13:07:34:240 Ejecutando interfase VDINTERAGEREDUR
02 13:09:34:260 Empiezo a leer forms vdinterageredur.frm
02 13:09:34:272 Termino parse forms vdinterageredur.frm
02 13:09:34:272 Ejecutando interfase VDINTERAGEREDUR
02 13:11:34:282 Empiezo a leer forms vdinterageredur.frm
02 13:11:34:292 Termino parse forms vdinterageredur.frm
02 13:11:34:292 Ejecutando interfase VDINTERAGEREDUR
02 13:13:34:300 Empiezo a leer forms vdinterageredur.frm
02 13:13:34:309 Termino parse forms vdinterageredur.frm
02 13:13:34:309 Ejecutando interfase VDINTERAGEREDUR
02 13:15:34:325 Empiezo a leer forms vdinterageredur.frm
02 13:15:34:339 Termino parse forms vdinterageredur.frm
02 13:15:34:340 Ejecutando interfase VDINTERAGEREDUR
02 13:17:34:350 Empiezo a leer forms vdinterageredur.frm
02 13:17:34:360 Termino parse forms vdinterageredur.frm
02 13:17:34:360 Ejecutando interfase VDINTERAGEREDUR
02 13:19:34:382 Empiezo a leer forms vdinterageredur.frm
02 13:19:34:394 Termino parse forms vdinterageredur.frm
02 13:19:34:394 Ejecutando interfase VDINTERAGEREDUR
02 13:21:34:410 Empiezo a leer forms vdinterageredur.frm
02 13:21:34:417 Termino parse forms vdinterageredur.frm
02 13:21:34:417 Ejecutando interfase VDINTERAGEREDUR
02 13:23:34:425 Empiezo a leer forms vdinterageredur.frm
02 13:23:34:440 Termino parse forms vdinterageredur.frm
02 13:23:34:440 Ejecutando interfase VDINTERAGEREDUR
02 13:25:34:455 Empiezo a leer forms vdinterageredur.frm
02 13:25:34:467 Termino parse forms vdinterageredur.frm
02 13:25:34:470 Ejecutando interfase VDINTERAGEREDUR
02 13:27:34:479 Empiezo a leer forms vdinterageredur.frm
02 13:27:34:490 Termino parse forms vdinterageredur.frm
02 13:27:34:490 Ejecutando interfase VDINTERAGEREDUR
02 13:29:34:510 Empiezo a leer forms vdinterageredur.frm
02 13:29:34:522 Termino parse forms vdinterageredur.frm
02 13:29:34:522 Ejecutando interfase VDINTERAGEREDUR
02 13:31:34:537 Empiezo a leer forms vdinterageredur.frm
02 13:31:34:547 Termino parse forms vdinterageredur.frm
02 13:31:34:547 Ejecutando interfase VDINTERAGEREDUR
02 13:33:34:569 Empiezo a leer forms vdinterageredur.frm
02 13:33:34:580 Termino parse forms vdinterageredur.frm
02 13:33:34:582 Ejecutando interfase VDINTERAGEREDUR
02 13:35:34:595 Empiezo a leer forms vdinterageredur.frm
02 13:35:34:607 Termino parse forms vdinterageredur.frm
02 13:35:34:607 Ejecutando interfase VDINTERAGEREDUR
02 13:37:34:622 Empiezo a leer forms vdinterageredur.frm
02 13:37:34:632 Termino parse forms vdinterageredur.frm
02 13:37:34:632 Ejecutando interfase VDINTERAGEREDUR
02 13:39:34:652 Empiezo a leer forms vdinterageredur.frm
02 13:39:34:662 Termino parse forms vdinterageredur.frm
02 13:39:34:662 Ejecutando interfase VDINTERAGEREDUR
02 13:41:34:675 Empiezo a leer forms vdinterageredur.frm
02 13:41:34:689 Termino parse forms vdinterageredur.frm
02 13:41:34:689 Ejecutando interfase VDINTERAGEREDUR

00 13:42:33:554 Fichero de log cerrado.

00 13:42:40:085 Fichero de log abierto PID 15580

02 13:42:40:087 Intentando abrir fichero v10.ini
02 13:42:40:094 Cargando driver v10oracle funcion damedriveroracle
02 13:42:40:865 Conectado a base de datos
02 13:42:40:867 Proceso ENVIOREDUR encontrado en tabla VDPROCESOS
02 13:42:40:875 Proceso ENVIOREDUR cargado con función interfasesalida (Librería VDINTERFASES.DLL) direccion 0550CC80
02 13:42:40:878 PLSQL: INICIALIZADO PAQUETE DE LOG EL DIA 30-03-2022
02 13:42:40:890 Actualizado SID 141 SERIAL 60211 del proceso con PID 15580
00 13:42:40:895 Error al abrir fichero VDST.H
02 13:42:40:897 Empiezo a leer forms vdinterageredur.frm
02 13:42:40:940 Termino parse forms vdinterageredur.frm
02 13:42:40:940 Ejecutando interfase VDINTERAGEREDUR
02 13:44:40:964 Empiezo a leer forms vdinterageredur.frm
02 13:44:40:977 Termino parse forms vdinterageredur.frm
02 13:44:40:977 Ejecutando interfase VDINTERAGEREDUR
02 13:46:40:987 Empiezo a leer forms vdinterageredur.frm
02 13:46:40:997 Termino parse forms vdinterageredur.frm
02 13:46:40:997 Ejecutando interfase VDINTERAGEREDUR
02 13:48:41:012 Empiezo a leer forms vdinterageredur.frm
02 13:48:41:020 Termino parse forms vdinterageredur.frm
02 13:48:41:020 Ejecutando interfase VDINTERAGEREDUR
02 13:50:41:035 Empiezo a leer forms vdinterageredur.frm
02 13:50:41:044 Termino parse forms vdinterageredur.frm
02 13:50:41:044 Ejecutando interfase VDINTERAGEREDUR
02 13:52:41:054 Empiezo a leer forms vdinterageredur.frm
02 13:52:41:064 Termino parse forms vdinterageredur.frm
02 13:52:41:065 Ejecutando interfase VDINTERAGEREDUR
02 13:54:41:085 Empiezo a leer forms vdinterageredur.frm
02 13:54:41:097 Termino parse forms vdinterageredur.frm
02 13:54:41:097 Ejecutando interfase VDINTERAGEREDUR
02 13:56:41:105 Empiezo a leer forms vdinterageredur.frm
02 13:56:41:119 Termino parse forms vdinterageredur.frm
02 13:56:41:120 Ejecutando interfase VDINTERAGEREDUR
02 13:58:41:137 Empiezo a leer forms vdinterageredur.frm
02 13:58:41:144 Termino parse forms vdinterageredur.frm
02 13:58:41:144 Ejecutando interfase VDINTERAGEREDUR
02 14:00:41:162 Empiezo a leer forms vdinterageredur.frm
02 14:00:41:170 Termino parse forms vdinterageredur.frm
02 14:00:41:170 Ejecutando interfase VDINTERAGEREDUR
02 14:02:41:195 Empiezo a leer forms vdinterageredur.frm
02 14:02:41:210 Termino parse forms vdinterageredur.frm
02 14:02:41:210 Ejecutando interfase VDINTERAGEREDUR
02 14:04:41:235 Empiezo a leer forms vdinterageredur.frm
02 14:04:41:245 Termino parse forms vdinterageredur.frm
02 14:04:41:245 Ejecutando interfase VDINTERAGEREDUR
02 14:06:41:260 Empiezo a leer forms vdinterageredur.frm
02 14:06:41:270 Termino parse forms vdinterageredur.frm
02 14:06:41:270 Ejecutando interfase VDINTERAGEREDUR
02 14:08:41:282 Empiezo a leer forms vdinterageredur.frm
02 14:08:41:292 Termino parse forms vdinterageredur.frm
02 14:08:41:292 Ejecutando interfase VDINTERAGEREDUR
02 14:10:41:310 Empiezo a leer forms vdinterageredur.frm
02 14:10:41:322 Termino parse forms vdinterageredur.frm
02 14:10:41:322 Ejecutando interfase VDINTERAGEREDUR
02 14:12:41:342 Empiezo a leer forms vdinterageredur.frm
02 14:12:41:357 Termino parse forms vdinterageredur.frm
02 14:12:41:357 Ejecutando interfase VDINTERAGEREDUR
02 14:14:41:377 Empiezo a leer forms vdinterageredur.frm
02 14:14:41:390 Termino parse forms vdinterageredur.frm
02 14:14:41:390 Ejecutando interfase VDINTERAGEREDUR
02 14:16:41:410 Empiezo a leer forms vdinterageredur.frm
02 14:16:41:422 Termino parse forms vdinterageredur.frm
02 14:16:41:422 Ejecutando interfase VDINTERAGEREDUR
02 14:18:41:432 Empiezo a leer forms vdinterageredur.frm
02 14:18:41:444 Termino parse forms vdinterageredur.frm
02 14:18:41:445 Ejecutando interfase VDINTERAGEREDUR
02 14:20:41:467 Empiezo a leer forms vdinterageredur.frm
02 14:20:41:480 Termino parse forms vdinterageredur.frm
02 14:20:41:482 Ejecutando interfase VDINTERAGEREDUR
02 14:22:41:495 Empiezo a leer forms vdinterageredur.frm
02 14:22:41:509 Termino parse forms vdinterageredur.frm
02 14:22:41:509 Ejecutando interfase VDINTERAGEREDUR
02 14:24:41:522 Empiezo a leer forms vdinterageredur.frm
02 14:24:41:532 Termino parse forms vdinterageredur.frm
02 14:24:41:532 Ejecutando interfase VDINTERAGEREDUR
02 15:17:58:030 Empiezo a leer forms vdinterageredur.frm
02 15:17:58:665 Termino parse forms vdinterageredur.frm
02 15:17:58:669 Ejecutando interfase VDINTERAGEREDUR

00 15:19:56:207 Fichero de log cerrado.

00 15:20:00:135 Fichero de log abierto PID 12800

02 15:20:00:137 Intentando abrir fichero v10.ini
02 15:20:00:142 Cargando driver v10oracle funcion damedriveroracle
02 15:20:01:145 Conectado a base de datos
02 15:20:01:147 Proceso ENVIOREDUR encontrado en tabla VDPROCESOS
02 15:20:01:152 Proceso ENVIOREDUR cargado con función interfasesalida (Librería VDINTERFASES.DLL) direccion 063ACC80
02 15:20:01:155 PLSQL: INICIALIZADO PAQUETE DE LOG EL DIA 30-03-2022
02 15:20:01:167 Actualizado SID 752 SERIAL 20405 del proceso con PID 12800
00 15:20:01:174 Error al abrir fichero VDST.H
02 15:20:01:175 Empiezo a leer forms vdinterageredur.frm
02 15:20:01:214 Termino parse forms vdinterageredur.frm
02 15:20:01:215 Ejecutando interfase VDINTERAGEREDUR
02 15:22:01:235 Empiezo a leer forms vdinterageredur.frm
02 15:22:01:255 Termino parse forms vdinterageredur.frm
02 15:22:01:255 Ejecutando interfase VDINTERAGEREDUR
02 15:24:01:282 Empiezo a leer forms vdinterageredur.frm
02 15:24:01:297 Termino parse forms vdinterageredur.frm
02 15:24:01:297 Ejecutando interfase VDINTERAGEREDUR
02 15:26:01:312 Empiezo a leer forms vdinterageredur.frm
02 15:26:01:325 Termino parse forms vdinterageredur.frm
02 15:26:01:325 Ejecutando interfase VDINTERAGEREDUR
02 15:28:01:334 Empiezo a leer forms vdinterageredur.frm
02 15:28:01:342 Termino parse forms vdinterageredur.frm
02 15:28:01:342 Ejecutando interfase VDINTERAGEREDUR
02 15:30:01:360 Empiezo a leer forms vdinterageredur.frm
02 15:30:01:369 Termino parse forms vdinterageredur.frm
02 15:30:01:370 Ejecutando interfase VDINTERAGEREDUR
02 15:32:01:392 Empiezo a leer forms vdinterageredur.frm
02 15:32:01:405 Termino parse forms vdinterageredur.frm
02 15:32:01:405 Ejecutando interfase VDINTERAGEREDUR
02 15:34:01:422 Empiezo a leer forms vdinterageredur.frm
02 15:34:01:430 Termino parse forms vdinterageredur.frm
02 15:34:01:430 Ejecutando interfase VDINTERAGEREDUR
02 15:36:01:442 Empiezo a leer forms vdinterageredur.frm
02 15:36:01:450 Termino parse forms vdinterageredur.frm
02 15:36:01:450 Ejecutando interfase VDINTERAGEREDUR
02 15:38:01:457 Empiezo a leer forms vdinterageredur.frm
02 15:38:01:465 Termino parse forms vdinterageredur.frm
02 15:38:01:465 Ejecutando interfase VDINTERAGEREDUR
02 15:40:01:490 Empiezo a leer forms vdinterageredur.frm
02 15:40:01:500 Termino parse forms vdinterageredur.frm
02 15:40:01:500 Ejecutando interfase VDINTERAGEREDUR
02 15:42:01:517 Empiezo a leer forms vdinterageredur.frm
02 15:42:01:525 Termino parse forms vdinterageredur.frm
02 15:42:01:525 Ejecutando interfase VDINTERAGEREDUR
02 15:44:01:534 Empiezo a leer forms vdinterageredur.frm
02 15:44:01:544 Termino parse forms vdinterageredur.frm
02 15:44:01:544 Ejecutando interfase VDINTERAGEREDUR
02 15:46:01:555 Empiezo a leer forms vdinterageredur.frm
02 15:46:01:565 Termino parse forms vdinterageredur.frm
02 15:46:01:565 Ejecutando interfase VDINTERAGEREDUR
02 15:48:01:580 Empiezo a leer forms vdinterageredur.frm
02 15:48:01:590 Termino parse forms vdinterageredur.frm
02 15:48:01:590 Ejecutando interfase VDINTERAGEREDUR
02 15:50:01:605 Empiezo a leer forms vdinterageredur.frm
02 15:50:01:615 Termino parse forms vdinterageredur.frm
02 15:50:01:615 Ejecutando interfase VDINTERAGEREDUR
02 15:52:01:632 Empiezo a leer forms vdinterageredur.frm
02 15:52:01:642 Termino parse forms vdinterageredur.frm
02 15:52:01:644 Ejecutando interfase VDINTERAGEREDUR
02 15:54:01:665 Empiezo a leer forms vdinterageredur.frm
02 15:54:01:674 Termino parse forms vdinterageredur.frm
02 15:54:01:675 Ejecutando interfase VDINTERAGEREDUR
02 15:56:01:692 Empiezo a leer forms vdinterageredur.frm
02 15:56:01:704 Termino parse forms vdinterageredur.frm
02 15:56:01:704 Ejecutando interfase VDINTERAGEREDUR
02 15:58:01:724 Empiezo a leer forms vdinterageredur.frm
02 15:58:01:735 Termino parse forms vdinterageredur.frm
02 15:58:01:735 Ejecutando interfase VDINTERAGEREDUR
02 16:00:01:755 Empiezo a leer forms vdinterageredur.frm
02 16:00:01:765 Termino parse forms vdinterageredur.frm
02 16:00:01:767 Ejecutando interfase VDINTERAGEREDUR
02 16:02:01:792 Empiezo a leer forms vdinterageredur.frm
02 16:02:01:805 Termino parse forms vdinterageredur.frm
02 16:02:01:805 Ejecutando interfase VDINTERAGEREDUR
02 16:04:01:817 Empiezo a leer forms vdinterageredur.frm
02 16:04:01:830 Termino parse forms vdinterageredur.frm
02 16:04:01:830 Ejecutando interfase VDINTERAGEREDUR
02 16:06:01:840 Empiezo a leer forms vdinterageredur.frm
02 16:06:01:850 Termino parse forms vdinterageredur.frm
02 16:06:01:850 Ejecutando interfase VDINTERAGEREDUR

00 16:07:52:437 Fichero de log cerrado.

00 16:08:00:152 Fichero de log abierto PID 19356

02 16:08:00:154 Intentando abrir fichero v10.ini
02 16:08:00:162 Cargando driver v10oracle funcion damedriveroracle
02 16:08:01:759 Conectado a base de datos
02 16:08:01:762 Proceso ENVIOREDUR encontrado en tabla VDPROCESOS
02 16:08:01:777 Proceso ENVIOREDUR cargado con función interfasesalida (Librería VDINTERFASES.DLL) direccion 07A4CC80
02 16:08:01:783 PLSQL: INICIALIZADO PAQUETE DE LOG EL DIA 30-03-2022
02 16:08:01:805 Actualizado SID 756 SERIAL 30004 del proceso con PID 19356
00 16:08:01:820 Error al abrir fichero VDST.H
02 16:08:01:822 Empiezo a leer forms vdinterageredur.frm
02 16:08:01:897 Termino parse forms vdinterageredur.frm
02 16:08:01:897 Ejecutando interfase VDINTERAGEREDUR
02 16:10:01:934 Empiezo a leer forms vdinterageredur.frm
02 16:10:01:937 Termino parse forms vdinterageredur.frm
02 16:10:01:939 Ejecutando interfase VDINTERAGEREDUR
02 16:12:01:957 Empiezo a leer forms vdinterageredur.frm
02 16:12:01:965 Termino parse forms vdinterageredur.frm
02 16:12:01:965 Ejecutando interfase VDINTERAGEREDUR
02 16:14:01:982 Empiezo a leer forms vdinterageredur.frm
02 16:14:01:990 Termino parse forms vdinterageredur.frm
02 16:14:01:992 Ejecutando interfase VDINTERAGEREDUR
02 16:16:02:010 Empiezo a leer forms vdinterageredur.frm
02 16:16:02:020 Termino parse forms vdinterageredur.frm
02 16:16:02:022 Ejecutando interfase VDINTERAGEREDUR
02 16:18:02:030 Empiezo a leer forms vdinterageredur.frm
02 16:18:02:039 Termino parse forms vdinterageredur.frm
02 16:18:02:039 Ejecutando interfase VDINTERAGEREDUR
02 16:20:02:052 Empiezo a leer forms vdinterageredur.frm
02 16:20:02:062 Termino parse forms vdinterageredur.frm
02 16:20:02:064 Ejecutando interfase VDINTERAGEREDUR
02 16:22:02:085 Empiezo a leer forms vdinterageredur.frm
02 16:22:02:097 Termino parse forms vdinterageredur.frm
02 16:22:02:097 Ejecutando interfase VDINTERAGEREDUR
02 16:24:02:112 Empiezo a leer forms vdinterageredur.frm
02 16:24:02:124 Termino parse forms vdinterageredur.frm
02 16:24:02:124 Ejecutando interfase VDINTERAGEREDUR
02 16:26:02:145 Empiezo a leer forms vdinterageredur.frm
02 16:26:02:157 Termino parse forms vdinterageredur.frm
02 16:26:02:157 Ejecutando interfase VDINTERAGEREDUR
02 16:28:02:175 Empiezo a leer forms vdinterageredur.frm
02 16:28:02:185 Termino parse forms vdinterageredur.frm
02 16:28:02:185 Ejecutando interfase VDINTERAGEREDUR
02 16:30:02:205 Empiezo a leer forms vdinterageredur.frm
02 16:30:02:217 Termino parse forms vdinterageredur.frm
02 16:30:02:219 Ejecutando interfase VDINTERAGEREDUR
02 16:32:02:232 Empiezo a leer forms vdinterageredur.frm
02 16:32:02:244 Termino parse forms vdinterageredur.frm
02 16:32:02:244 Ejecutando interfase VDINTERAGEREDUR
02 16:34:02:257 Empiezo a leer forms vdinterageredur.frm
02 16:34:02:267 Termino parse forms vdinterageredur.frm
02 16:34:02:269 Ejecutando interfase VDINTERAGEREDUR
02 16:36:02:282 Empiezo a leer forms vdinterageredur.frm
02 16:36:02:295 Termino parse forms vdinterageredur.frm
02 16:36:02:295 Ejecutando interfase VDINTERAGEREDUR
02 16:38:02:309 Empiezo a leer forms vdinterageredur.frm
02 16:38:02:315 Termino parse forms vdinterageredur.frm
02 16:38:02:315 Ejecutando interfase VDINTERAGEREDUR
02 16:40:02:340 Empiezo a leer forms vdinterageredur.frm
02 16:40:02:352 Termino parse forms vdinterageredur.frm
02 16:40:02:352 Ejecutando interfase VDINTERAGEREDUR
02 16:42:02:370 Empiezo a leer forms vdinterageredur.frm
02 16:42:02:377 Termino parse forms vdinterageredur.frm
02 16:42:02:377 Ejecutando interfase VDINTERAGEREDUR
02 16:44:02:394 Empiezo a leer forms vdinterageredur.frm
02 16:44:02:407 Termino parse forms vdinterageredur.frm
02 16:44:02:407 Ejecutando interfase VDINTERAGEREDUR
02 16:46:02:420 Empiezo a leer forms vdinterageredur.frm
02 16:46:02:430 Termino parse forms vdinterageredur.frm
02 16:46:02:430 Ejecutando interfase VDINTERAGEREDUR
02 16:48:02:454 Empiezo a leer forms vdinterageredur.frm
02 16:48:02:464 Termino parse forms vdinterageredur.frm
02 16:48:02:464 Ejecutando interfase VDINTERAGEREDUR
02 16:50:02:472 Empiezo a leer forms vdinterageredur.frm
02 16:50:02:484 Termino parse forms vdinterageredur.frm
02 16:50:02:484 Ejecutando interfase VDINTERAGEREDUR
02 16:52:02:504 Empiezo a leer forms vdinterageredur.frm
02 16:52:02:512 Termino parse forms vdinterageredur.frm
02 16:52:02:512 Ejecutando interfase VDINTERAGEREDUR
02 16:54:02:520 Empiezo a leer forms vdinterageredur.frm
02 16:54:02:529 Termino parse forms vdinterageredur.frm
02 16:54:02:529 Ejecutando interfase VDINTERAGEREDUR
02 16:56:02:542 Empiezo a leer forms vdinterageredur.frm
02 16:56:02:550 Termino parse forms vdinterageredur.frm
02 16:56:02:550 Ejecutando interfase VDINTERAGEREDUR
02 16:58:02:564 Empiezo a leer forms vdinterageredur.frm
02 16:58:02:577 Termino parse forms vdinterageredur.frm
02 16:58:02:577 Ejecutando interfase VDINTERAGEREDUR
02 17:00:02:590 Empiezo a leer forms vdinterageredur.frm
02 17:00:02:602 Termino parse forms vdinterageredur.frm
02 17:00:02:602 Ejecutando interfase VDINTERAGEREDUR
02 17:02:02:625 Empiezo a leer forms vdinterageredur.frm
02 17:02:02:635 Termino parse forms vdinterageredur.frm
02 17:02:02:635 Ejecutando interfase VDINTERAGEREDUR
02 17:04:02:652 Empiezo a leer forms vdinterageredur.frm
02 17:04:02:662 Termino parse forms vdinterageredur.frm
02 17:04:02:662 Ejecutando interfase VDINTERAGEREDUR
02 17:06:02:677 Empiezo a leer forms vdinterageredur.frm
02 17:06:02:694 Termino parse forms vdinterageredur.frm
02 17:06:02:694 Ejecutando interfase VDINTERAGEREDUR
02 17:08:02:715 Empiezo a leer forms vdinterageredur.frm
02 17:08:02:727 Termino parse forms vdinterageredur.frm
02 17:08:02:727 Ejecutando interfase VDINTERAGEREDUR
02 17:10:02:739 Empiezo a leer forms vdinterageredur.frm
02 17:10:02:750 Termino parse forms vdinterageredur.frm
02 17:10:02:750 Ejecutando interfase VDINTERAGEREDUR
02 17:12:02:770 Empiezo a leer forms vdinterageredur.frm
02 17:12:02:777 Termino parse forms vdinterageredur.frm
02 17:12:02:777 Ejecutando interfase VDINTERAGEREDUR
02 17:14:02:792 Empiezo a leer forms vdinterageredur.frm
02 17:14:02:800 Termino parse forms vdinterageredur.frm
02 17:14:02:800 Ejecutando interfase VDINTERAGEREDUR
02 17:16:02:812 Empiezo a leer forms vdinterageredur.frm
02 17:16:02:824 Termino parse forms vdinterageredur.frm
02 17:16:02:824 Ejecutando interfase VDINTERAGEREDUR

00 17:18:02:692 Fichero de log cerrado.

00 17:18:06:742 Fichero de log abierto PID 11212

02 17:18:06:775 Intentando abrir fichero v10.ini
02 17:18:06:797 Cargando driver v10oracle funcion damedriveroracle
02 17:18:08:972 Conectado a base de datos
02 17:18:08:980 Proceso ENVIOREDUR encontrado en tabla VDPROCESOS
02 17:18:09:010 Proceso ENVIOREDUR cargado con función interfasesalida (Librería VDINTERFASES.DLL) direccion 06B8CC80
02 17:18:09:019 PLSQL: INICIALIZADO PAQUETE DE LOG EL DIA 30-03-2022
02 17:18:09:065 Actualizado SID 376 SERIAL 33968 del proceso con PID 11212
00 17:18:09:099 Error al abrir fichero VDST.H
02 17:18:09:104 Empiezo a leer forms vdinterageredur.frm
02 17:18:09:260 Termino parse forms vdinterageredur.frm
02 17:18:09:260 Ejecutando interfase VDINTERAGEREDUR
02 17:20:09:284 Empiezo a leer forms vdinterageredur.frm
02 17:20:09:292 Termino parse forms vdinterageredur.frm
02 17:20:09:292 Ejecutando interfase VDINTERAGEREDUR
02 17:22:09:302 Empiezo a leer forms vdinterageredur.frm
02 17:22:09:312 Termino parse forms vdinterageredur.frm
02 17:22:09:312 Ejecutando interfase VDINTERAGEREDUR
02 17:24:09:334 Empiezo a leer forms vdinterageredur.frm
02 17:24:09:345 Termino parse forms vdinterageredur.frm
02 17:24:09:347 Ejecutando interfase VDINTERAGEREDUR
02 17:26:09:362 Empiezo a leer forms vdinterageredur.frm
02 17:26:09:370 Termino parse forms vdinterageredur.frm
02 17:26:09:370 Ejecutando interfase VDINTERAGEREDUR
02 17:28:09:385 Empiezo a leer forms vdinterageredur.frm
02 17:28:09:395 Termino parse forms vdinterageredur.frm
02 17:28:09:397 Ejecutando interfase VDINTERAGEREDUR
02 17:30:09:405 Empiezo a leer forms vdinterageredur.frm
02 17:30:09:414 Termino parse forms vdinterageredur.frm
02 17:30:09:414 Ejecutando interfase VDINTERAGEREDUR
02 17:32:09:430 Empiezo a leer forms vdinterageredur.frm
02 17:32:09:447 Termino parse forms vdinterageredur.frm
02 17:32:09:447 Ejecutando interfase VDINTERAGEREDUR
02 17:34:09:465 Empiezo a leer forms vdinterageredur.frm
02 17:34:09:477 Termino parse forms vdinterageredur.frm
02 17:34:09:477 Ejecutando interfase VDINTERAGEREDUR
02 17:36:09:502 Empiezo a leer forms vdinterageredur.frm
02 17:36:09:515 Termino parse forms vdinterageredur.frm
02 17:36:09:515 Ejecutando interfase VDINTERAGEREDUR
02 17:38:09:539 Empiezo a leer forms vdinterageredur.frm
02 17:38:09:554 Termino parse forms vdinterageredur.frm
02 17:38:09:554 Ejecutando interfase VDINTERAGEREDUR
02 17:40:09:575 Empiezo a leer forms vdinterageredur.frm
02 17:40:09:582 Termino parse forms vdinterageredur.frm
02 17:40:09:582 Ejecutando interfase VDINTERAGEREDUR
02 17:42:09:590 Empiezo a leer forms vdinterageredur.frm
02 17:42:09:600 Termino parse forms vdinterageredur.frm
02 17:42:09:600 Ejecutando interfase VDINTERAGEREDUR
02 17:44:09:617 Empiezo a leer forms vdinterageredur.frm
02 17:44:09:627 Termino parse forms vdinterageredur.frm
02 17:44:09:629 Ejecutando interfase VDINTERAGEREDUR
02 17:46:09:642 Empiezo a leer forms vdinterageredur.frm
02 17:46:09:654 Termino parse forms vdinterageredur.frm
02 17:46:09:654 Ejecutando interfase VDINTERAGEREDUR
02 17:48:09:660 Empiezo a leer forms vdinterageredur.frm
02 17:48:09:670 Termino parse forms vdinterageredur.frm
02 17:48:09:670 Ejecutando interfase VDINTERAGEREDUR
02 17:50:09:692 Empiezo a leer forms vdinterageredur.frm
02 17:50:09:704 Termino parse forms vdinterageredur.frm
02 17:50:09:705 Ejecutando interfase VDINTERAGEREDUR
02 17:52:09:725 Empiezo a leer forms vdinterageredur.frm
02 17:52:09:737 Termino parse forms vdinterageredur.frm
02 17:52:09:737 Ejecutando interfase VDINTERAGEREDUR
02 17:54:09:747 Empiezo a leer forms vdinterageredur.frm
02 17:54:09:757 Termino parse forms vdinterageredur.frm
02 17:54:09:757 Ejecutando interfase VDINTERAGEREDUR
02 17:56:09:767 Empiezo a leer forms vdinterageredur.frm
02 17:56:09:782 Termino parse forms vdinterageredur.frm
02 17:56:09:782 Ejecutando interfase VDINTERAGEREDUR
02 17:58:09:804 Empiezo a leer forms vdinterageredur.frm
02 17:58:09:815 Termino parse forms vdinterageredur.frm
02 17:58:09:815 Ejecutando interfase VDINTERAGEREDUR

00 17:59:17:454 Fichero de log cerrado.

