00 11:54:47:332 Fichero de log abierto PID 6908

02 11:54:47:334 Intentando abrir fichero v10.ini
02 11:54:47:340 Cargando driver v10oracle funcion damedriveroracle
02 11:54:47:919 Conectado a base de datos
02 11:54:47:920 Proceso ENVIORECEP encontrado en tabla VDPROCESOS
02 11:54:50:070 Proceso ENVIORECEP cargado con función interfasesalida (Librería VDINTERFASES.DLL) direccion 0638CC80
02 11:54:50:072 PLSQL: INICIALIZADO PAQUETE DE LOG EL DIA 30-06-2022
02 11:54:50:090 Actualizado SID 258 SERIAL 47778 del proceso con PID 6908
00 11:54:50:095 Error al abrir fichero VDST.H
02 11:54:50:099 Empiezo a leer forms vdinterrecep.frm
02 11:54:50:117 Termino parse forms vdinterrecep.frm
02 11:54:50:117 Ejecutando interfase VDINTERRECEP
02 11:55:26:127 Empiezo a leer forms vdinterrecep.frm
02 11:55:26:127 Termino parse forms vdinterrecep.frm
02 11:55:26:127 Ejecutando interfase VDINTERRECEP
02 11:56:02:154 Empiezo a leer forms vdinterrecep.frm
02 11:56:02:165 Termino parse forms vdinterrecep.frm
02 11:56:02:165 Ejecutando interfase VDINTERRECEP
02 11:56:38:185 Empiezo a leer forms vdinterrecep.frm
02 11:56:38:195 Termino parse forms vdinterrecep.frm
02 11:56:38:195 Ejecutando interfase VDINTERRECEP
02 11:57:14:209 Empiezo a leer forms vdinterrecep.frm
02 11:57:14:215 Termino parse forms vdinterrecep.frm
02 11:57:14:215 Ejecutando interfase VDINTERRECEP
02 11:57:50:230 Empiezo a leer forms vdinterrecep.frm
02 11:57:50:235 Termino parse forms vdinterrecep.frm
02 11:57:50:235 Ejecutando interfase VDINTERRECEP
02 11:58:26:254 Empiezo a leer forms vdinterrecep.frm
02 11:58:26:262 Termino parse forms vdinterrecep.frm
02 11:58:26:262 Ejecutando interfase VDINTERRECEP
02 11:59:02:292 Empiezo a leer forms vdinterrecep.frm
02 11:59:02:302 Termino parse forms vdinterrecep.frm
02 11:59:02:302 Ejecutando interfase VDINTERRECEP
02 11:59:38:319 Empiezo a leer forms vdinterrecep.frm
02 11:59:38:329 Termino parse forms vdinterrecep.frm
02 11:59:38:329 Ejecutando interfase VDINTERRECEP
02 12:00:14:350 Empiezo a leer forms vdinterrecep.frm
02 12:00:14:357 Termino parse forms vdinterrecep.frm
02 12:00:14:357 Ejecutando interfase VDINTERRECEP
02 12:00:50:379 Empiezo a leer forms vdinterrecep.frm
02 12:00:50:390 Termino parse forms vdinterrecep.frm
02 12:00:50:390 Ejecutando interfase VDINTERRECEP
02 12:01:26:415 Empiezo a leer forms vdinterrecep.frm
02 12:01:26:419 Termino parse forms vdinterrecep.frm
02 12:01:26:419 Ejecutando interfase VDINTERRECEP
02 12:02:02:432 Empiezo a leer forms vdinterrecep.frm
02 12:02:02:445 Termino parse forms vdinterrecep.frm
02 12:02:02:445 Ejecutando interfase VDINTERRECEP
02 12:02:38:467 Empiezo a leer forms vdinterrecep.frm
02 12:02:38:472 Termino parse forms vdinterrecep.frm
02 12:02:38:472 Ejecutando interfase VDINTERRECEP
02 12:03:14:480 Empiezo a leer forms vdinterrecep.frm
02 12:03:14:490 Termino parse forms vdinterrecep.frm
02 12:03:14:490 Ejecutando interfase VDINTERRECEP
02 12:03:50:517 Empiezo a leer forms vdinterrecep.frm
02 12:03:50:527 Termino parse forms vdinterrecep.frm
02 12:03:50:529 Ejecutando interfase VDINTERRECEP
02 12:04:26:550 Empiezo a leer forms vdinterrecep.frm
02 12:04:26:560 Termino parse forms vdinterrecep.frm
02 12:04:26:560 Ejecutando interfase VDINTERRECEP

00 12:04:30:227 Fichero de log cerrado.

00 12:04:42:894 Fichero de log abierto PID 16376

02 12:04:42:897 Intentando abrir fichero v10.ini
02 12:04:42:902 Cargando driver v10oracle funcion damedriveroracle
02 12:04:43:384 Conectado a base de datos
02 12:04:43:387 Proceso ENVIORECEP encontrado en tabla VDPROCESOS
02 12:04:43:392 Proceso ENVIORECEP cargado con función interfasesalida (Librería VDINTERFASES.DLL) direccion 05FDCC80
02 12:04:43:395 PLSQL: INICIALIZADO PAQUETE DE LOG EL DIA 30-06-2022
02 12:04:43:407 Actualizado SID 259 SERIAL 4563 del proceso con PID 16376
00 12:04:43:412 Error al abrir fichero VDST.H
02 12:04:43:412 Empiezo a leer forms vdinterrecep.frm
02 12:04:43:430 Termino parse forms vdinterrecep.frm
02 12:04:43:430 Ejecutando interfase VDINTERRECEP
02 12:05:19:445 Empiezo a leer forms vdinterrecep.frm
02 12:05:19:450 Termino parse forms vdinterrecep.frm
02 12:05:19:450 Ejecutando interfase VDINTERRECEP

00 12:05:30:429 Fichero de log cerrado.

00 12:07:06:230 Fichero de log abierto PID 5080

02 12:07:06:230 Intentando abrir fichero v10.ini
02 12:07:06:237 Cargando driver v10oracle funcion damedriveroracle
02 12:07:06:804 Conectado a base de datos
02 12:07:06:805 Proceso ENVIORECEP encontrado en tabla VDPROCESOS
02 12:07:06:810 Proceso ENVIORECEP cargado con función interfasesalida (Librería VDINTERFASES.DLL) direccion 05B6CC80
02 12:07:06:814 PLSQL: INICIALIZADO PAQUETE DE LOG EL DIA 30-06-2022
02 12:07:06:824 Actualizado SID 378 SERIAL 39437 del proceso con PID 5080
00 12:07:06:829 Error al abrir fichero VDST.H
02 12:07:06:830 Empiezo a leer forms vdinterrecep.frm
02 12:07:06:847 Termino parse forms vdinterrecep.frm
02 12:07:06:847 Ejecutando interfase VDINTERRECEP
02 12:07:42:855 Empiezo a leer forms vdinterrecep.frm
02 12:07:42:855 Termino parse forms vdinterrecep.frm
02 12:07:42:855 Ejecutando interfase VDINTERRECEP
02 12:08:18:877 Empiezo a leer forms vdinterrecep.frm
02 12:08:18:877 Termino parse forms vdinterrecep.frm
02 12:08:18:877 Ejecutando interfase VDINTERRECEP
02 12:08:54:902 Empiezo a leer forms vdinterrecep.frm
02 12:08:54:902 Termino parse forms vdinterrecep.frm
02 12:08:54:902 Ejecutando interfase VDINTERRECEP
02 12:09:30:932 Empiezo a leer forms vdinterrecep.frm
02 12:09:30:932 Termino parse forms vdinterrecep.frm
02 12:09:30:932 Ejecutando interfase VDINTERRECEP
02 12:10:06:947 Empiezo a leer forms vdinterrecep.frm
02 12:10:06:947 Termino parse forms vdinterrecep.frm
02 12:10:06:947 Ejecutando interfase VDINTERRECEP
02 12:10:42:980 Empiezo a leer forms vdinterrecep.frm
02 12:10:42:980 Termino parse forms vdinterrecep.frm
02 12:10:42:980 Ejecutando interfase VDINTERRECEP
02 12:11:19:012 Empiezo a leer forms vdinterrecep.frm
02 12:11:19:012 Termino parse forms vdinterrecep.frm
02 12:11:19:012 Ejecutando interfase VDINTERRECEP
02 12:11:55:035 Empiezo a leer forms vdinterrecep.frm
02 12:11:55:040 Termino parse forms vdinterrecep.frm
02 12:11:55:040 Ejecutando interfase VDINTERRECEP
02 12:12:29:920 Empiezo a leer forms vdinterrecep.frm
02 12:12:29:920 Termino parse forms vdinterrecep.frm
02 12:12:29:920 Ejecutando interfase VDINTERRECEP
02 12:13:05:944 Empiezo a leer forms vdinterrecep.frm
02 12:13:05:944 Termino parse forms vdinterrecep.frm
02 12:13:05:944 Ejecutando interfase VDINTERRECEP
02 12:13:41:967 Empiezo a leer forms vdinterrecep.frm
02 12:13:41:967 Termino parse forms vdinterrecep.frm
02 12:13:41:967 Ejecutando interfase VDINTERRECEP
02 12:14:18:180 Empiezo a leer forms vdinterrecep.frm
02 12:14:18:180 Termino parse forms vdinterrecep.frm
02 12:14:18:180 Ejecutando interfase VDINTERRECEP
02 12:14:54:200 Empiezo a leer forms vdinterrecep.frm
02 12:14:54:200 Termino parse forms vdinterrecep.frm
02 12:14:54:200 Ejecutando interfase VDINTERRECEP
02 12:15:30:237 Empiezo a leer forms vdinterrecep.frm
02 12:15:30:237 Termino parse forms vdinterrecep.frm
02 12:15:30:237 Ejecutando interfase VDINTERRECEP
02 12:16:06:267 Empiezo a leer forms vdinterrecep.frm
02 12:16:06:267 Termino parse forms vdinterrecep.frm
02 12:16:06:267 Ejecutando interfase VDINTERRECEP
02 12:16:42:295 Empiezo a leer forms vdinterrecep.frm
02 12:16:42:295 Termino parse forms vdinterrecep.frm
02 12:16:42:295 Ejecutando interfase VDINTERRECEP
02 12:17:18:325 Empiezo a leer forms vdinterrecep.frm
02 12:17:18:325 Termino parse forms vdinterrecep.frm
02 12:17:18:325 Ejecutando interfase VDINTERRECEP
02 12:17:54:359 Empiezo a leer forms vdinterrecep.frm
02 12:17:54:359 Termino parse forms vdinterrecep.frm
02 12:17:54:359 Ejecutando interfase VDINTERRECEP
02 12:18:30:389 Empiezo a leer forms vdinterrecep.frm
02 12:18:30:389 Termino parse forms vdinterrecep.frm
02 12:18:30:389 Ejecutando interfase VDINTERRECEP
02 12:19:06:409 Empiezo a leer forms vdinterrecep.frm
02 12:19:06:409 Termino parse forms vdinterrecep.frm
02 12:19:06:409 Ejecutando interfase VDINTERRECEP
02 12:19:42:427 Empiezo a leer forms vdinterrecep.frm
02 12:19:42:427 Termino parse forms vdinterrecep.frm
02 12:19:42:427 Ejecutando interfase VDINTERRECEP
02 12:20:18:452 Empiezo a leer forms vdinterrecep.frm
02 12:20:18:452 Termino parse forms vdinterrecep.frm
02 12:20:18:452 Ejecutando interfase VDINTERRECEP
02 12:20:54:477 Empiezo a leer forms vdinterrecep.frm
02 12:20:54:477 Termino parse forms vdinterrecep.frm
02 12:20:54:477 Ejecutando interfase VDINTERRECEP
02 12:21:30:502 Empiezo a leer forms vdinterrecep.frm
02 12:21:30:507 Termino parse forms vdinterrecep.frm
02 12:21:30:507 Ejecutando interfase VDINTERRECEP
02 12:22:06:534 Empiezo a leer forms vdinterrecep.frm
02 12:22:06:534 Termino parse forms vdinterrecep.frm
02 12:22:06:534 Ejecutando interfase VDINTERRECEP
02 12:22:42:565 Empiezo a leer forms vdinterrecep.frm
02 12:22:42:565 Termino parse forms vdinterrecep.frm
02 12:22:42:565 Ejecutando interfase VDINTERRECEP
02 12:23:18:597 Empiezo a leer forms vdinterrecep.frm
02 12:23:18:597 Termino parse forms vdinterrecep.frm
02 12:23:18:597 Ejecutando interfase VDINTERRECEP
02 12:23:54:620 Empiezo a leer forms vdinterrecep.frm
02 12:23:54:620 Termino parse forms vdinterrecep.frm
02 12:23:54:620 Ejecutando interfase VDINTERRECEP
02 12:24:30:642 Empiezo a leer forms vdinterrecep.frm
02 12:24:30:642 Termino parse forms vdinterrecep.frm
02 12:24:30:642 Ejecutando interfase VDINTERRECEP
02 12:25:06:667 Empiezo a leer forms vdinterrecep.frm
02 12:25:06:667 Termino parse forms vdinterrecep.frm
02 12:25:06:667 Ejecutando interfase VDINTERRECEP
02 12:25:42:700 Empiezo a leer forms vdinterrecep.frm
02 12:25:42:700 Termino parse forms vdinterrecep.frm
02 12:25:42:700 Ejecutando interfase VDINTERRECEP
02 12:26:18:730 Empiezo a leer forms vdinterrecep.frm
02 12:26:18:734 Termino parse forms vdinterrecep.frm
02 12:26:18:734 Ejecutando interfase VDINTERRECEP
02 12:26:54:752 Empiezo a leer forms vdinterrecep.frm
02 12:26:54:760 Termino parse forms vdinterrecep.frm
02 12:26:54:760 Ejecutando interfase VDINTERRECEP
02 12:27:30:775 Empiezo a leer forms vdinterrecep.frm
02 12:27:30:775 Termino parse forms vdinterrecep.frm
02 12:27:30:775 Ejecutando interfase VDINTERRECEP
02 12:28:06:805 Empiezo a leer forms vdinterrecep.frm
02 12:28:06:809 Termino parse forms vdinterrecep.frm
02 12:28:06:809 Ejecutando interfase VDINTERRECEP
02 12:28:42:825 Empiezo a leer forms vdinterrecep.frm
02 12:28:42:825 Termino parse forms vdinterrecep.frm
02 12:28:42:825 Ejecutando interfase VDINTERRECEP
02 12:29:18:854 Empiezo a leer forms vdinterrecep.frm
02 12:29:18:854 Termino parse forms vdinterrecep.frm
02 12:29:18:854 Ejecutando interfase VDINTERRECEP
02 12:29:54:885 Empiezo a leer forms vdinterrecep.frm
02 12:29:54:885 Termino parse forms vdinterrecep.frm
02 12:29:54:885 Ejecutando interfase VDINTERRECEP
02 12:30:30:917 Empiezo a leer forms vdinterrecep.frm
02 12:30:30:917 Termino parse forms vdinterrecep.frm
02 12:30:30:917 Ejecutando interfase VDINTERRECEP
02 12:31:06:954 Empiezo a leer forms vdinterrecep.frm
02 12:31:06:954 Termino parse forms vdinterrecep.frm
02 12:31:06:954 Ejecutando interfase VDINTERRECEP
02 12:31:42:977 Empiezo a leer forms vdinterrecep.frm
02 12:31:42:977 Termino parse forms vdinterrecep.frm
02 12:31:42:977 Ejecutando interfase VDINTERRECEP
02 12:32:19:002 Empiezo a leer forms vdinterrecep.frm
02 12:32:19:002 Termino parse forms vdinterrecep.frm
02 12:32:19:002 Ejecutando interfase VDINTERRECEP
02 12:32:55:030 Empiezo a leer forms vdinterrecep.frm
02 12:32:55:030 Termino parse forms vdinterrecep.frm
02 12:32:55:030 Ejecutando interfase VDINTERRECEP
02 12:33:31:064 Empiezo a leer forms vdinterrecep.frm
02 12:33:31:064 Termino parse forms vdinterrecep.frm
02 12:33:31:064 Ejecutando interfase VDINTERRECEP
02 12:34:07:097 Empiezo a leer forms vdinterrecep.frm
02 12:34:07:097 Termino parse forms vdinterrecep.frm
02 12:34:07:097 Ejecutando interfase VDINTERRECEP
02 12:34:43:124 Empiezo a leer forms vdinterrecep.frm
02 12:34:43:124 Termino parse forms vdinterrecep.frm
02 12:34:43:124 Ejecutando interfase VDINTERRECEP
02 12:35:19:157 Empiezo a leer forms vdinterrecep.frm
02 12:35:19:157 Termino parse forms vdinterrecep.frm
02 12:35:19:157 Ejecutando interfase VDINTERRECEP
02 12:35:55:179 Empiezo a leer forms vdinterrecep.frm
02 12:35:55:179 Termino parse forms vdinterrecep.frm
02 12:35:55:179 Ejecutando interfase VDINTERRECEP
02 12:36:31:219 Empiezo a leer forms vdinterrecep.frm
02 12:36:31:219 Termino parse forms vdinterrecep.frm
02 12:36:31:219 Ejecutando interfase VDINTERRECEP
02 12:37:07:249 Empiezo a leer forms vdinterrecep.frm
02 12:37:07:249 Termino parse forms vdinterrecep.frm
02 12:37:07:249 Ejecutando interfase VDINTERRECEP
02 12:37:43:272 Empiezo a leer forms vdinterrecep.frm
02 12:37:43:272 Termino parse forms vdinterrecep.frm
02 12:37:43:272 Ejecutando interfase VDINTERRECEP
02 12:38:19:305 Empiezo a leer forms vdinterrecep.frm
02 12:38:19:305 Termino parse forms vdinterrecep.frm
02 12:38:19:305 Ejecutando interfase VDINTERRECEP
02 12:38:55:347 Empiezo a leer forms vdinterrecep.frm
02 12:38:55:355 Termino parse forms vdinterrecep.frm
02 12:38:55:355 Ejecutando interfase VDINTERRECEP
02 12:39:31:365 Empiezo a leer forms vdinterrecep.frm
02 12:39:31:365 Termino parse forms vdinterrecep.frm
02 12:39:31:365 Ejecutando interfase VDINTERRECEP
02 12:40:07:385 Empiezo a leer forms vdinterrecep.frm
02 12:40:07:387 Termino parse forms vdinterrecep.frm
02 12:40:07:387 Ejecutando interfase VDINTERRECEP
02 12:40:43:405 Empiezo a leer forms vdinterrecep.frm
02 12:40:43:415 Termino parse forms vdinterrecep.frm
02 12:40:43:415 Ejecutando interfase VDINTERRECEP
02 12:41:19:430 Empiezo a leer forms vdinterrecep.frm
02 12:41:19:442 Termino parse forms vdinterrecep.frm
02 12:41:19:442 Ejecutando interfase VDINTERRECEP
02 12:41:55:457 Empiezo a leer forms vdinterrecep.frm
02 12:41:55:462 Termino parse forms vdinterrecep.frm
02 12:41:55:462 Ejecutando interfase VDINTERRECEP
02 12:42:31:472 Empiezo a leer forms vdinterrecep.frm
02 12:42:31:472 Termino parse forms vdinterrecep.frm
02 12:42:31:472 Ejecutando interfase VDINTERRECEP
02 12:43:07:495 Empiezo a leer forms vdinterrecep.frm
02 12:43:07:495 Termino parse forms vdinterrecep.frm
02 12:43:07:495 Ejecutando interfase VDINTERRECEP
02 12:43:43:505 Empiezo a leer forms vdinterrecep.frm
02 12:43:43:505 Termino parse forms vdinterrecep.frm
02 12:43:43:505 Ejecutando interfase VDINTERRECEP
02 12:44:19:535 Empiezo a leer forms vdinterrecep.frm
02 12:44:19:540 Termino parse forms vdinterrecep.frm
02 12:44:19:540 Ejecutando interfase VDINTERRECEP
02 12:44:55:565 Empiezo a leer forms vdinterrecep.frm
02 12:44:55:565 Termino parse forms vdinterrecep.frm
02 12:44:55:565 Ejecutando interfase VDINTERRECEP
02 12:45:31:592 Empiezo a leer forms vdinterrecep.frm
02 12:45:31:592 Termino parse forms vdinterrecep.frm
02 12:45:31:592 Ejecutando interfase VDINTERRECEP
02 12:46:07:620 Empiezo a leer forms vdinterrecep.frm
02 12:46:07:622 Termino parse forms vdinterrecep.frm
02 12:46:07:622 Ejecutando interfase VDINTERRECEP
02 12:46:43:640 Empiezo a leer forms vdinterrecep.frm
02 12:46:43:640 Termino parse forms vdinterrecep.frm
02 12:46:43:640 Ejecutando interfase VDINTERRECEP
02 12:47:19:677 Empiezo a leer forms vdinterrecep.frm
02 12:47:19:677 Termino parse forms vdinterrecep.frm
02 12:47:19:677 Ejecutando interfase VDINTERRECEP
02 12:47:55:702 Empiezo a leer forms vdinterrecep.frm
02 12:47:55:702 Termino parse forms vdinterrecep.frm
02 12:47:55:702 Ejecutando interfase VDINTERRECEP
02 12:48:31:730 Empiezo a leer forms vdinterrecep.frm
02 12:48:31:730 Termino parse forms vdinterrecep.frm
02 12:48:31:730 Ejecutando interfase VDINTERRECEP
02 12:49:07:759 Empiezo a leer forms vdinterrecep.frm
02 12:49:07:759 Termino parse forms vdinterrecep.frm
02 12:49:07:759 Ejecutando interfase VDINTERRECEP
02 12:49:43:790 Empiezo a leer forms vdinterrecep.frm
02 12:49:43:790 Termino parse forms vdinterrecep.frm
02 12:49:43:790 Ejecutando interfase VDINTERRECEP
02 12:50:19:822 Empiezo a leer forms vdinterrecep.frm
02 12:50:19:832 Termino parse forms vdinterrecep.frm
02 12:50:19:832 Ejecutando interfase VDINTERRECEP
02 12:50:55:852 Empiezo a leer forms vdinterrecep.frm
02 12:50:55:852 Termino parse forms vdinterrecep.frm
02 12:50:55:852 Ejecutando interfase VDINTERRECEP
02 12:51:31:874 Empiezo a leer forms vdinterrecep.frm
02 12:51:31:874 Termino parse forms vdinterrecep.frm
02 12:51:31:874 Ejecutando interfase VDINTERRECEP
02 12:52:07:910 Empiezo a leer forms vdinterrecep.frm
02 12:52:07:910 Termino parse forms vdinterrecep.frm
02 12:52:07:910 Ejecutando interfase VDINTERRECEP
02 12:52:43:930 Empiezo a leer forms vdinterrecep.frm
02 12:52:43:932 Termino parse forms vdinterrecep.frm
02 12:52:43:932 Ejecutando interfase VDINTERRECEP
02 12:53:19:945 Empiezo a leer forms vdinterrecep.frm
02 12:53:19:945 Termino parse forms vdinterrecep.frm
02 12:53:19:945 Ejecutando interfase VDINTERRECEP
02 12:53:55:965 Empiezo a leer forms vdinterrecep.frm
02 12:53:55:965 Termino parse forms vdinterrecep.frm
02 12:53:55:965 Ejecutando interfase VDINTERRECEP
02 12:54:31:997 Empiezo a leer forms vdinterrecep.frm
02 12:54:31:997 Termino parse forms vdinterrecep.frm
02 12:54:31:997 Ejecutando interfase VDINTERRECEP
02 12:55:08:030 Empiezo a leer forms vdinterrecep.frm
02 12:55:08:039 Termino parse forms vdinterrecep.frm
02 12:55:08:040 Ejecutando interfase VDINTERRECEP
02 12:55:44:044 Empiezo a leer forms vdinterrecep.frm
02 12:55:44:044 Termino parse forms vdinterrecep.frm
02 12:55:44:044 Ejecutando interfase VDINTERRECEP
02 12:56:20:075 Empiezo a leer forms vdinterrecep.frm
02 12:56:20:075 Termino parse forms vdinterrecep.frm
02 12:56:20:075 Ejecutando interfase VDINTERRECEP
02 12:56:56:107 Empiezo a leer forms vdinterrecep.frm
02 12:56:56:107 Termino parse forms vdinterrecep.frm
02 12:56:56:107 Ejecutando interfase VDINTERRECEP
02 12:57:32:125 Empiezo a leer forms vdinterrecep.frm
02 12:57:32:125 Termino parse forms vdinterrecep.frm
02 12:57:32:125 Ejecutando interfase VDINTERRECEP
02 12:58:08:157 Empiezo a leer forms vdinterrecep.frm
02 12:58:08:157 Termino parse forms vdinterrecep.frm
02 12:58:08:157 Ejecutando interfase VDINTERRECEP
02 12:58:44:182 Empiezo a leer forms vdinterrecep.frm
02 12:58:44:187 Termino parse forms vdinterrecep.frm
02 12:58:44:187 Ejecutando interfase VDINTERRECEP
02 12:59:20:210 Empiezo a leer forms vdinterrecep.frm
02 12:59:20:210 Termino parse forms vdinterrecep.frm
02 12:59:20:210 Ejecutando interfase VDINTERRECEP
02 12:59:56:227 Empiezo a leer forms vdinterrecep.frm
02 12:59:56:227 Termino parse forms vdinterrecep.frm
02 12:59:56:227 Ejecutando interfase VDINTERRECEP
02 13:00:32:250 Empiezo a leer forms vdinterrecep.frm
02 13:00:32:250 Termino parse forms vdinterrecep.frm
02 13:00:32:250 Ejecutando interfase VDINTERRECEP
02 13:01:08:295 Empiezo a leer forms vdinterrecep.frm
02 13:01:08:295 Termino parse forms vdinterrecep.frm
02 13:01:08:295 Ejecutando interfase VDINTERRECEP
02 13:01:44:319 Empiezo a leer forms vdinterrecep.frm
02 13:01:44:319 Termino parse forms vdinterrecep.frm
02 13:01:44:319 Ejecutando interfase VDINTERRECEP
02 13:02:20:345 Empiezo a leer forms vdinterrecep.frm
02 13:02:20:345 Termino parse forms vdinterrecep.frm
02 13:02:20:345 Ejecutando interfase VDINTERRECEP
02 13:02:56:367 Empiezo a leer forms vdinterrecep.frm
02 13:02:56:370 Termino parse forms vdinterrecep.frm
02 13:02:56:370 Ejecutando interfase VDINTERRECEP
02 13:03:32:397 Empiezo a leer forms vdinterrecep.frm
02 13:03:32:397 Termino parse forms vdinterrecep.frm
02 13:03:32:412 Ejecutando interfase VDINTERRECEP
02 13:04:08:417 Empiezo a leer forms vdinterrecep.frm
02 13:04:08:417 Termino parse forms vdinterrecep.frm
02 13:04:08:417 Ejecutando interfase VDINTERRECEP
02 13:04:44:449 Empiezo a leer forms vdinterrecep.frm
02 13:04:44:452 Termino parse forms vdinterrecep.frm
02 13:04:44:452 Ejecutando interfase VDINTERRECEP
02 13:05:20:472 Empiezo a leer forms vdinterrecep.frm
02 13:05:20:475 Termino parse forms vdinterrecep.frm
02 13:05:20:475 Ejecutando interfase VDINTERRECEP
02 13:05:56:497 Empiezo a leer forms vdinterrecep.frm
02 13:05:56:497 Termino parse forms vdinterrecep.frm
02 13:05:56:497 Ejecutando interfase VDINTERRECEP
02 13:06:32:520 Empiezo a leer forms vdinterrecep.frm
02 13:06:32:520 Termino parse forms vdinterrecep.frm
02 13:06:32:520 Ejecutando interfase VDINTERRECEP
02 13:07:08:537 Empiezo a leer forms vdinterrecep.frm
02 13:07:08:537 Termino parse forms vdinterrecep.frm
02 13:07:08:537 Ejecutando interfase VDINTERRECEP
02 13:07:44:569 Empiezo a leer forms vdinterrecep.frm
02 13:07:44:569 Termino parse forms vdinterrecep.frm
02 13:07:44:569 Ejecutando interfase VDINTERRECEP
02 13:08:20:590 Empiezo a leer forms vdinterrecep.frm
02 13:08:20:595 Termino parse forms vdinterrecep.frm
02 13:08:20:595 Ejecutando interfase VDINTERRECEP
02 13:08:56:610 Empiezo a leer forms vdinterrecep.frm
02 13:08:56:610 Termino parse forms vdinterrecep.frm
02 13:08:56:610 Ejecutando interfase VDINTERRECEP
02 13:09:32:630 Empiezo a leer forms vdinterrecep.frm
02 13:09:32:637 Termino parse forms vdinterrecep.frm
02 13:09:32:637 Ejecutando interfase VDINTERRECEP
02 13:10:08:647 Empiezo a leer forms vdinterrecep.frm
02 13:10:08:647 Termino parse forms vdinterrecep.frm
02 13:10:08:647 Ejecutando interfase VDINTERRECEP
02 13:10:44:680 Empiezo a leer forms vdinterrecep.frm
02 13:10:44:680 Termino parse forms vdinterrecep.frm
02 13:10:44:680 Ejecutando interfase VDINTERRECEP
02 13:11:20:712 Empiezo a leer forms vdinterrecep.frm
02 13:11:20:712 Termino parse forms vdinterrecep.frm
02 13:11:20:712 Ejecutando interfase VDINTERRECEP
02 13:11:56:737 Empiezo a leer forms vdinterrecep.frm
02 13:11:56:739 Termino parse forms vdinterrecep.frm
02 13:11:56:747 Ejecutando interfase VDINTERRECEP
02 13:12:32:754 Empiezo a leer forms vdinterrecep.frm
02 13:12:32:754 Termino parse forms vdinterrecep.frm
02 13:12:32:754 Ejecutando interfase VDINTERRECEP
02 13:13:08:779 Empiezo a leer forms vdinterrecep.frm
02 13:13:08:779 Termino parse forms vdinterrecep.frm
02 13:13:08:779 Ejecutando interfase VDINTERRECEP
02 13:13:44:800 Empiezo a leer forms vdinterrecep.frm
02 13:13:44:807 Termino parse forms vdinterrecep.frm
02 13:13:44:807 Ejecutando interfase VDINTERRECEP
02 13:14:20:830 Empiezo a leer forms vdinterrecep.frm
02 13:14:20:830 Termino parse forms vdinterrecep.frm
02 13:14:20:830 Ejecutando interfase VDINTERRECEP
02 13:14:56:850 Empiezo a leer forms vdinterrecep.frm
02 13:14:56:850 Termino parse forms vdinterrecep.frm
02 13:14:56:850 Ejecutando interfase VDINTERRECEP
02 13:15:32:884 Empiezo a leer forms vdinterrecep.frm
02 13:15:32:884 Termino parse forms vdinterrecep.frm
02 13:15:32:884 Ejecutando interfase VDINTERRECEP
02 13:16:08:897 Empiezo a leer forms vdinterrecep.frm
02 13:16:08:897 Termino parse forms vdinterrecep.frm
02 13:16:08:897 Ejecutando interfase VDINTERRECEP
02 13:16:44:932 Empiezo a leer forms vdinterrecep.frm
02 13:16:44:935 Termino parse forms vdinterrecep.frm
02 13:16:44:935 Ejecutando interfase VDINTERRECEP
02 13:17:20:957 Empiezo a leer forms vdinterrecep.frm
02 13:17:20:957 Termino parse forms vdinterrecep.frm
02 13:17:20:957 Ejecutando interfase VDINTERRECEP
02 13:17:56:972 Empiezo a leer forms vdinterrecep.frm
02 13:17:56:974 Termino parse forms vdinterrecep.frm
02 13:17:56:974 Ejecutando interfase VDINTERRECEP
02 13:18:32:997 Empiezo a leer forms vdinterrecep.frm
02 13:18:33:002 Termino parse forms vdinterrecep.frm
02 13:18:33:002 Ejecutando interfase VDINTERRECEP
02 13:19:09:027 Empiezo a leer forms vdinterrecep.frm
02 13:19:09:027 Termino parse forms vdinterrecep.frm
02 13:19:09:027 Ejecutando interfase VDINTERRECEP
02 13:19:45:047 Empiezo a leer forms vdinterrecep.frm
02 13:19:45:047 Termino parse forms vdinterrecep.frm
02 13:19:45:047 Ejecutando interfase VDINTERRECEP
02 13:20:21:070 Empiezo a leer forms vdinterrecep.frm
02 13:20:21:070 Termino parse forms vdinterrecep.frm
02 13:20:21:070 Ejecutando interfase VDINTERRECEP
02 13:20:57:100 Empiezo a leer forms vdinterrecep.frm
02 13:20:57:100 Termino parse forms vdinterrecep.frm
02 13:20:57:100 Ejecutando interfase VDINTERRECEP
02 13:21:33:125 Empiezo a leer forms vdinterrecep.frm
02 13:21:33:125 Termino parse forms vdinterrecep.frm
02 13:21:33:125 Ejecutando interfase VDINTERRECEP
02 13:22:09:152 Empiezo a leer forms vdinterrecep.frm
02 13:22:09:152 Termino parse forms vdinterrecep.frm
02 13:22:09:152 Ejecutando interfase VDINTERRECEP
02 13:22:45:172 Empiezo a leer forms vdinterrecep.frm
02 13:22:45:172 Termino parse forms vdinterrecep.frm
02 13:22:45:172 Ejecutando interfase VDINTERRECEP
02 13:23:21:197 Empiezo a leer forms vdinterrecep.frm
02 13:23:21:205 Termino parse forms vdinterrecep.frm
02 13:23:21:205 Ejecutando interfase VDINTERRECEP
02 13:23:57:224 Empiezo a leer forms vdinterrecep.frm
02 13:23:57:224 Termino parse forms vdinterrecep.frm
02 13:23:57:224 Ejecutando interfase VDINTERRECEP
02 13:24:33:250 Empiezo a leer forms vdinterrecep.frm
02 13:24:33:250 Termino parse forms vdinterrecep.frm
02 13:24:33:250 Ejecutando interfase VDINTERRECEP
02 13:25:09:272 Empiezo a leer forms vdinterrecep.frm
02 13:25:09:272 Termino parse forms vdinterrecep.frm
02 13:25:09:272 Ejecutando interfase VDINTERRECEP
02 13:25:45:290 Empiezo a leer forms vdinterrecep.frm
02 13:25:46:320 Termino parse forms vdinterrecep.frm
02 13:25:46:320 Ejecutando interfase VDINTERRECEP
02 13:26:22:357 Empiezo a leer forms vdinterrecep.frm
02 13:26:22:364 Termino parse forms vdinterrecep.frm
02 13:26:22:365 Ejecutando interfase VDINTERRECEP
02 13:26:58:384 Empiezo a leer forms vdinterrecep.frm
02 13:26:58:384 Termino parse forms vdinterrecep.frm
02 13:26:58:384 Ejecutando interfase VDINTERRECEP
02 13:27:34:415 Empiezo a leer forms vdinterrecep.frm
02 13:27:34:424 Termino parse forms vdinterrecep.frm
02 13:27:34:425 Ejecutando interfase VDINTERRECEP
02 13:28:10:432 Empiezo a leer forms vdinterrecep.frm
02 13:28:10:432 Termino parse forms vdinterrecep.frm
02 13:28:10:432 Ejecutando interfase VDINTERRECEP
02 13:28:46:455 Empiezo a leer forms vdinterrecep.frm
02 13:28:46:455 Termino parse forms vdinterrecep.frm
02 13:28:46:455 Ejecutando interfase VDINTERRECEP
02 13:29:22:484 Empiezo a leer forms vdinterrecep.frm
02 13:29:22:484 Termino parse forms vdinterrecep.frm
02 13:29:22:484 Ejecutando interfase VDINTERRECEP
02 13:29:58:505 Empiezo a leer forms vdinterrecep.frm
02 13:29:58:505 Termino parse forms vdinterrecep.frm
02 13:29:58:505 Ejecutando interfase VDINTERRECEP
02 13:30:34:532 Empiezo a leer forms vdinterrecep.frm
02 13:30:34:542 Termino parse forms vdinterrecep.frm
02 13:30:34:542 Ejecutando interfase VDINTERRECEP
02 13:31:10:559 Empiezo a leer forms vdinterrecep.frm
02 13:31:10:559 Termino parse forms vdinterrecep.frm
02 13:31:10:559 Ejecutando interfase VDINTERRECEP
02 13:31:46:589 Empiezo a leer forms vdinterrecep.frm
02 13:31:46:589 Termino parse forms vdinterrecep.frm
02 13:31:46:589 Ejecutando interfase VDINTERRECEP
02 13:32:22:617 Empiezo a leer forms vdinterrecep.frm
02 13:32:22:617 Termino parse forms vdinterrecep.frm
02 13:32:22:617 Ejecutando interfase VDINTERRECEP
02 13:32:58:635 Empiezo a leer forms vdinterrecep.frm
02 13:32:58:635 Termino parse forms vdinterrecep.frm
02 13:32:58:635 Ejecutando interfase VDINTERRECEP
02 13:33:34:660 Empiezo a leer forms vdinterrecep.frm
02 13:33:34:660 Termino parse forms vdinterrecep.frm
02 13:33:34:660 Ejecutando interfase VDINTERRECEP
02 13:34:10:680 Empiezo a leer forms vdinterrecep.frm
02 13:34:10:680 Termino parse forms vdinterrecep.frm
02 13:34:10:680 Ejecutando interfase VDINTERRECEP
02 13:34:46:710 Empiezo a leer forms vdinterrecep.frm
02 13:34:46:715 Termino parse forms vdinterrecep.frm
02 13:34:46:715 Ejecutando interfase VDINTERRECEP
02 13:35:22:730 Empiezo a leer forms vdinterrecep.frm
02 13:35:22:730 Termino parse forms vdinterrecep.frm
02 13:35:22:730 Ejecutando interfase VDINTERRECEP
02 13:35:58:767 Empiezo a leer forms vdinterrecep.frm
02 13:35:58:767 Termino parse forms vdinterrecep.frm
02 13:35:58:767 Ejecutando interfase VDINTERRECEP
02 13:36:34:799 Empiezo a leer forms vdinterrecep.frm
02 13:36:34:799 Termino parse forms vdinterrecep.frm
02 13:36:34:799 Ejecutando interfase VDINTERRECEP
02 13:37:10:835 Empiezo a leer forms vdinterrecep.frm
02 13:37:10:847 Termino parse forms vdinterrecep.frm
02 13:37:10:847 Ejecutando interfase VDINTERRECEP
02 13:37:46:865 Empiezo a leer forms vdinterrecep.frm
02 13:37:46:867 Termino parse forms vdinterrecep.frm
02 13:37:46:867 Ejecutando interfase VDINTERRECEP
02 13:38:22:885 Empiezo a leer forms vdinterrecep.frm
02 13:38:22:889 Termino parse forms vdinterrecep.frm
02 13:38:22:889 Ejecutando interfase VDINTERRECEP
02 13:38:58:924 Empiezo a leer forms vdinterrecep.frm
02 13:38:58:924 Termino parse forms vdinterrecep.frm
02 13:38:58:924 Ejecutando interfase VDINTERRECEP
02 13:39:34:949 Empiezo a leer forms vdinterrecep.frm
02 13:39:34:949 Termino parse forms vdinterrecep.frm
02 13:39:34:949 Ejecutando interfase VDINTERRECEP
02 13:40:10:972 Empiezo a leer forms vdinterrecep.frm
02 13:40:10:974 Termino parse forms vdinterrecep.frm
02 13:40:10:974 Ejecutando interfase VDINTERRECEP
02 13:40:46:989 Empiezo a leer forms vdinterrecep.frm
02 13:40:46:989 Termino parse forms vdinterrecep.frm
02 13:40:46:989 Ejecutando interfase VDINTERRECEP
02 13:41:23:022 Empiezo a leer forms vdinterrecep.frm
02 13:41:23:022 Termino parse forms vdinterrecep.frm
02 13:41:23:022 Ejecutando interfase VDINTERRECEP
02 13:41:59:059 Empiezo a leer forms vdinterrecep.frm
02 13:41:59:059 Termino parse forms vdinterrecep.frm
02 13:41:59:059 Ejecutando interfase VDINTERRECEP
02 13:42:35:092 Empiezo a leer forms vdinterrecep.frm
02 13:42:35:092 Termino parse forms vdinterrecep.frm
02 13:42:35:092 Ejecutando interfase VDINTERRECEP
02 13:43:11:119 Empiezo a leer forms vdinterrecep.frm
02 13:43:11:119 Termino parse forms vdinterrecep.frm
02 13:43:11:119 Ejecutando interfase VDINTERRECEP
02 13:43:47:137 Empiezo a leer forms vdinterrecep.frm
02 13:43:47:140 Termino parse forms vdinterrecep.frm
02 13:43:47:140 Ejecutando interfase VDINTERRECEP
02 13:44:23:159 Empiezo a leer forms vdinterrecep.frm
02 13:44:23:159 Termino parse forms vdinterrecep.frm
02 13:44:23:159 Ejecutando interfase VDINTERRECEP
02 13:44:59:190 Empiezo a leer forms vdinterrecep.frm
02 13:44:59:190 Termino parse forms vdinterrecep.frm
02 13:44:59:190 Ejecutando interfase VDINTERRECEP
02 13:45:35:220 Empiezo a leer forms vdinterrecep.frm
02 13:45:35:220 Termino parse forms vdinterrecep.frm
02 13:45:35:220 Ejecutando interfase VDINTERRECEP
02 13:46:11:240 Empiezo a leer forms vdinterrecep.frm
02 13:46:11:240 Termino parse forms vdinterrecep.frm
02 13:46:11:240 Ejecutando interfase VDINTERRECEP
02 13:46:47:277 Empiezo a leer forms vdinterrecep.frm
02 13:46:47:277 Termino parse forms vdinterrecep.frm
02 13:46:47:277 Ejecutando interfase VDINTERRECEP
02 13:47:23:310 Empiezo a leer forms vdinterrecep.frm
02 13:47:23:310 Termino parse forms vdinterrecep.frm
02 13:47:23:310 Ejecutando interfase VDINTERRECEP
02 13:47:59:347 Empiezo a leer forms vdinterrecep.frm
02 13:47:59:347 Termino parse forms vdinterrecep.frm
02 13:47:59:347 Ejecutando interfase VDINTERRECEP
02 13:48:35:380 Empiezo a leer forms vdinterrecep.frm
02 13:48:35:384 Termino parse forms vdinterrecep.frm
02 13:48:35:384 Ejecutando interfase VDINTERRECEP
02 13:49:11:397 Empiezo a leer forms vdinterrecep.frm
02 13:49:11:397 Termino parse forms vdinterrecep.frm
02 13:49:11:397 Ejecutando interfase VDINTERRECEP
02 13:49:47:424 Empiezo a leer forms vdinterrecep.frm
02 13:49:47:424 Termino parse forms vdinterrecep.frm
02 13:49:47:424 Ejecutando interfase VDINTERRECEP
02 13:50:23:457 Empiezo a leer forms vdinterrecep.frm
02 13:50:23:457 Termino parse forms vdinterrecep.frm
02 13:50:23:457 Ejecutando interfase VDINTERRECEP
02 13:50:59:495 Empiezo a leer forms vdinterrecep.frm
02 13:50:59:495 Termino parse forms vdinterrecep.frm
02 13:50:59:495 Ejecutando interfase VDINTERRECEP
02 13:51:35:525 Empiezo a leer forms vdinterrecep.frm
02 13:51:35:525 Termino parse forms vdinterrecep.frm
02 13:51:35:525 Ejecutando interfase VDINTERRECEP
02 13:52:11:547 Empiezo a leer forms vdinterrecep.frm
02 13:52:11:547 Termino parse forms vdinterrecep.frm
02 13:52:11:547 Ejecutando interfase VDINTERRECEP
02 13:52:47:569 Empiezo a leer forms vdinterrecep.frm
02 13:52:47:569 Termino parse forms vdinterrecep.frm
02 13:52:47:569 Ejecutando interfase VDINTERRECEP
02 13:53:23:602 Empiezo a leer forms vdinterrecep.frm
02 13:53:23:602 Termino parse forms vdinterrecep.frm
02 13:53:23:602 Ejecutando interfase VDINTERRECEP
02 13:53:59:635 Empiezo a leer forms vdinterrecep.frm
02 13:53:59:635 Termino parse forms vdinterrecep.frm
02 13:53:59:635 Ejecutando interfase VDINTERRECEP
02 13:54:35:667 Empiezo a leer forms vdinterrecep.frm
02 13:54:35:667 Termino parse forms vdinterrecep.frm
02 13:54:35:667 Ejecutando interfase VDINTERRECEP
02 13:55:11:700 Empiezo a leer forms vdinterrecep.frm
02 13:55:11:700 Termino parse forms vdinterrecep.frm
02 13:55:11:700 Ejecutando interfase VDINTERRECEP
02 13:55:47:722 Empiezo a leer forms vdinterrecep.frm
02 13:55:47:725 Termino parse forms vdinterrecep.frm
02 13:55:47:725 Ejecutando interfase VDINTERRECEP
02 13:56:23:739 Empiezo a leer forms vdinterrecep.frm
02 13:56:23:747 Termino parse forms vdinterrecep.frm
02 13:56:23:747 Ejecutando interfase VDINTERRECEP
02 13:56:59:760 Empiezo a leer forms vdinterrecep.frm
02 13:56:59:762 Termino parse forms vdinterrecep.frm
02 13:56:59:762 Ejecutando interfase VDINTERRECEP
02 13:57:35:789 Empiezo a leer forms vdinterrecep.frm
02 13:57:35:789 Termino parse forms vdinterrecep.frm
02 13:57:35:789 Ejecutando interfase VDINTERRECEP
02 13:58:11:810 Empiezo a leer forms vdinterrecep.frm
02 13:58:11:810 Termino parse forms vdinterrecep.frm
02 13:58:11:810 Ejecutando interfase VDINTERRECEP
02 13:58:47:832 Empiezo a leer forms vdinterrecep.frm
02 13:58:47:832 Termino parse forms vdinterrecep.frm
02 13:58:47:832 Ejecutando interfase VDINTERRECEP

00 13:58:50:710 Fichero de log cerrado.

00 13:59:07:635 Fichero de log abierto PID 13348

02 13:59:07:637 Intentando abrir fichero v10.ini
02 13:59:07:642 Cargando driver v10oracle funcion damedriveroracle
02 13:59:08:330 Conectado a base de datos
02 13:59:08:332 Proceso ENVIORECEP encontrado en tabla VDPROCESOS
02 13:59:08:337 Proceso ENVIORECEP cargado con función interfasesalida (Librería VDINTERFASES.DLL) direccion 05FACC80
02 13:59:08:340 PLSQL: INICIALIZADO PAQUETE DE LOG EL DIA 30-06-2022
02 13:59:08:350 Actualizado SID 126 SERIAL 43388 del proceso con PID 13348
00 13:59:08:355 Error al abrir fichero VDST.H
02 13:59:08:355 Empiezo a leer forms vdinterrecep.frm
02 13:59:08:375 Termino parse forms vdinterrecep.frm
02 13:59:08:375 Ejecutando interfase VDINTERRECEP
02 13:59:44:382 Empiezo a leer forms vdinterrecep.frm
02 13:59:44:382 Termino parse forms vdinterrecep.frm
02 13:59:44:382 Ejecutando interfase VDINTERRECEP
02 14:00:20:410 Empiezo a leer forms vdinterrecep.frm
02 14:00:20:410 Termino parse forms vdinterrecep.frm
02 14:00:20:410 Ejecutando interfase VDINTERRECEP
02 14:00:56:427 Empiezo a leer forms vdinterrecep.frm
02 14:00:56:427 Termino parse forms vdinterrecep.frm
02 14:00:56:427 Ejecutando interfase VDINTERRECEP
02 14:01:32:454 Empiezo a leer forms vdinterrecep.frm
02 14:01:32:454 Termino parse forms vdinterrecep.frm
02 14:01:32:454 Ejecutando interfase VDINTERRECEP
02 14:02:08:487 Empiezo a leer forms vdinterrecep.frm
02 14:02:08:487 Termino parse forms vdinterrecep.frm
02 14:02:08:487 Ejecutando interfase VDINTERRECEP
02 14:02:44:515 Empiezo a leer forms vdinterrecep.frm
02 14:02:44:525 Termino parse forms vdinterrecep.frm
02 14:02:44:527 Ejecutando interfase VDINTERRECEP
02 14:03:20:545 Empiezo a leer forms vdinterrecep.frm
02 14:03:20:545 Termino parse forms vdinterrecep.frm
02 14:03:20:545 Ejecutando interfase VDINTERRECEP
02 14:03:56:577 Empiezo a leer forms vdinterrecep.frm
02 14:03:56:577 Termino parse forms vdinterrecep.frm
02 14:03:56:577 Ejecutando interfase VDINTERRECEP
02 14:04:32:597 Empiezo a leer forms vdinterrecep.frm
02 14:04:32:607 Termino parse forms vdinterrecep.frm
02 14:04:32:607 Ejecutando interfase VDINTERRECEP
02 14:05:08:630 Empiezo a leer forms vdinterrecep.frm
02 14:05:08:630 Termino parse forms vdinterrecep.frm
02 14:05:08:630 Ejecutando interfase VDINTERRECEP
02 14:05:44:660 Empiezo a leer forms vdinterrecep.frm
02 14:05:44:674 Termino parse forms vdinterrecep.frm
02 14:05:44:674 Ejecutando interfase VDINTERRECEP
02 14:06:20:690 Empiezo a leer forms vdinterrecep.frm
02 14:06:20:690 Termino parse forms vdinterrecep.frm
02 14:06:20:690 Ejecutando interfase VDINTERRECEP
02 14:06:56:725 Empiezo a leer forms vdinterrecep.frm
02 14:06:56:725 Termino parse forms vdinterrecep.frm
02 14:06:56:725 Ejecutando interfase VDINTERRECEP
02 14:07:32:750 Empiezo a leer forms vdinterrecep.frm
02 14:07:32:750 Termino parse forms vdinterrecep.frm
02 14:07:32:750 Ejecutando interfase VDINTERRECEP
02 14:08:08:775 Empiezo a leer forms vdinterrecep.frm
02 14:08:08:775 Termino parse forms vdinterrecep.frm
02 14:08:08:775 Ejecutando interfase VDINTERRECEP
02 14:08:44:807 Empiezo a leer forms vdinterrecep.frm
02 14:08:44:807 Termino parse forms vdinterrecep.frm
02 14:08:44:807 Ejecutando interfase VDINTERRECEP
02 14:09:20:832 Empiezo a leer forms vdinterrecep.frm
02 14:09:20:835 Termino parse forms vdinterrecep.frm
02 14:09:20:835 Ejecutando interfase VDINTERRECEP
02 14:09:56:852 Empiezo a leer forms vdinterrecep.frm
02 14:09:56:852 Termino parse forms vdinterrecep.frm
02 14:09:56:852 Ejecutando interfase VDINTERRECEP
02 14:10:32:890 Empiezo a leer forms vdinterrecep.frm
02 14:10:32:890 Termino parse forms vdinterrecep.frm
02 14:10:32:890 Ejecutando interfase VDINTERRECEP
02 14:11:08:912 Empiezo a leer forms vdinterrecep.frm
02 14:11:08:912 Termino parse forms vdinterrecep.frm
02 14:11:08:912 Ejecutando interfase VDINTERRECEP
02 14:11:44:947 Empiezo a leer forms vdinterrecep.frm
02 14:11:44:947 Termino parse forms vdinterrecep.frm
02 14:11:44:947 Ejecutando interfase VDINTERRECEP
02 14:12:20:982 Empiezo a leer forms vdinterrecep.frm
02 14:12:20:982 Termino parse forms vdinterrecep.frm
02 14:12:20:982 Ejecutando interfase VDINTERRECEP
02 14:12:57:017 Empiezo a leer forms vdinterrecep.frm
02 14:12:57:017 Termino parse forms vdinterrecep.frm
02 14:12:57:017 Ejecutando interfase VDINTERRECEP
02 14:13:33:035 Empiezo a leer forms vdinterrecep.frm
02 14:13:33:035 Termino parse forms vdinterrecep.frm
02 14:13:33:035 Ejecutando interfase VDINTERRECEP
02 14:14:09:070 Empiezo a leer forms vdinterrecep.frm
02 14:14:09:075 Termino parse forms vdinterrecep.frm
02 14:14:09:075 Ejecutando interfase VDINTERRECEP
02 14:14:45:092 Empiezo a leer forms vdinterrecep.frm
02 14:14:45:092 Termino parse forms vdinterrecep.frm
02 14:14:45:092 Ejecutando interfase VDINTERRECEP
02 14:15:21:120 Empiezo a leer forms vdinterrecep.frm
02 14:15:21:120 Termino parse forms vdinterrecep.frm
02 14:15:21:120 Ejecutando interfase VDINTERRECEP
02 14:15:57:149 Empiezo a leer forms vdinterrecep.frm
02 14:15:57:149 Termino parse forms vdinterrecep.frm
02 14:15:57:149 Ejecutando interfase VDINTERRECEP
02 14:16:33:174 Empiezo a leer forms vdinterrecep.frm
02 14:16:33:174 Termino parse forms vdinterrecep.frm
02 14:16:33:174 Ejecutando interfase VDINTERRECEP
02 14:17:09:194 Empiezo a leer forms vdinterrecep.frm
02 14:17:09:194 Termino parse forms vdinterrecep.frm
02 14:17:09:194 Ejecutando interfase VDINTERRECEP
02 14:17:45:220 Empiezo a leer forms vdinterrecep.frm
02 14:17:45:225 Termino parse forms vdinterrecep.frm
02 14:17:45:225 Ejecutando interfase VDINTERRECEP
02 14:18:21:252 Empiezo a leer forms vdinterrecep.frm
02 14:18:21:257 Termino parse forms vdinterrecep.frm
02 14:18:21:257 Ejecutando interfase VDINTERRECEP
02 14:18:57:270 Empiezo a leer forms vdinterrecep.frm
02 14:18:57:270 Termino parse forms vdinterrecep.frm
02 14:18:57:270 Ejecutando interfase VDINTERRECEP
02 14:19:33:290 Empiezo a leer forms vdinterrecep.frm
02 14:19:33:290 Termino parse forms vdinterrecep.frm
02 14:19:33:290 Ejecutando interfase VDINTERRECEP
02 14:20:09:322 Empiezo a leer forms vdinterrecep.frm
02 14:20:09:322 Termino parse forms vdinterrecep.frm
02 14:20:09:322 Ejecutando interfase VDINTERRECEP
02 14:20:45:357 Empiezo a leer forms vdinterrecep.frm
02 14:20:45:357 Termino parse forms vdinterrecep.frm
02 14:20:45:357 Ejecutando interfase VDINTERRECEP
02 14:21:21:384 Empiezo a leer forms vdinterrecep.frm
02 14:21:21:384 Termino parse forms vdinterrecep.frm
02 14:21:21:384 Ejecutando interfase VDINTERRECEP
02 14:21:57:402 Empiezo a leer forms vdinterrecep.frm
02 14:21:57:402 Termino parse forms vdinterrecep.frm
02 14:21:57:402 Ejecutando interfase VDINTERRECEP
02 14:22:33:432 Empiezo a leer forms vdinterrecep.frm
02 14:22:33:432 Termino parse forms vdinterrecep.frm
02 14:22:33:432 Ejecutando interfase VDINTERRECEP
02 14:23:09:464 Empiezo a leer forms vdinterrecep.frm
02 14:23:09:464 Termino parse forms vdinterrecep.frm
02 14:23:09:464 Ejecutando interfase VDINTERRECEP
02 14:23:45:497 Empiezo a leer forms vdinterrecep.frm
02 14:23:45:502 Termino parse forms vdinterrecep.frm
02 14:23:45:502 Ejecutando interfase VDINTERRECEP
02 14:24:21:532 Empiezo a leer forms vdinterrecep.frm
02 14:24:21:542 Termino parse forms vdinterrecep.frm
02 14:24:21:542 Ejecutando interfase VDINTERRECEP
02 14:24:57:550 Empiezo a leer forms vdinterrecep.frm
02 14:24:57:550 Termino parse forms vdinterrecep.frm
02 14:24:57:550 Ejecutando interfase VDINTERRECEP
02 14:25:33:572 Empiezo a leer forms vdinterrecep.frm
02 14:25:33:572 Termino parse forms vdinterrecep.frm
02 14:25:33:572 Ejecutando interfase VDINTERRECEP
02 14:26:09:602 Empiezo a leer forms vdinterrecep.frm
02 14:26:09:605 Termino parse forms vdinterrecep.frm
02 14:26:09:605 Ejecutando interfase VDINTERRECEP
02 14:26:45:634 Empiezo a leer forms vdinterrecep.frm
02 14:26:45:634 Termino parse forms vdinterrecep.frm
02 14:26:45:634 Ejecutando interfase VDINTERRECEP
02 14:27:21:667 Empiezo a leer forms vdinterrecep.frm
02 14:27:21:667 Termino parse forms vdinterrecep.frm
02 14:27:21:667 Ejecutando interfase VDINTERRECEP
02 14:27:57:697 Empiezo a leer forms vdinterrecep.frm
02 14:27:57:697 Termino parse forms vdinterrecep.frm
02 14:27:57:697 Ejecutando interfase VDINTERRECEP
02 14:28:33:727 Empiezo a leer forms vdinterrecep.frm
02 14:28:33:727 Termino parse forms vdinterrecep.frm
02 14:28:33:727 Ejecutando interfase VDINTERRECEP
02 14:29:09:757 Empiezo a leer forms vdinterrecep.frm
02 14:29:09:757 Termino parse forms vdinterrecep.frm
02 14:29:09:757 Ejecutando interfase VDINTERRECEP
02 14:29:45:787 Empiezo a leer forms vdinterrecep.frm
02 14:29:45:787 Termino parse forms vdinterrecep.frm
02 14:29:45:787 Ejecutando interfase VDINTERRECEP
02 14:30:21:817 Empiezo a leer forms vdinterrecep.frm
02 14:30:21:817 Termino parse forms vdinterrecep.frm
02 14:30:21:817 Ejecutando interfase VDINTERRECEP
02 14:30:57:842 Empiezo a leer forms vdinterrecep.frm
02 14:30:57:842 Termino parse forms vdinterrecep.frm
02 14:30:57:842 Ejecutando interfase VDINTERRECEP
02 14:31:33:870 Empiezo a leer forms vdinterrecep.frm
02 14:31:33:870 Termino parse forms vdinterrecep.frm
02 14:31:33:870 Ejecutando interfase VDINTERRECEP
02 14:32:09:894 Empiezo a leer forms vdinterrecep.frm
02 14:32:09:900 Termino parse forms vdinterrecep.frm
02 14:32:09:900 Ejecutando interfase VDINTERRECEP
02 14:32:45:924 Empiezo a leer forms vdinterrecep.frm
02 14:32:45:924 Termino parse forms vdinterrecep.frm
02 14:32:45:924 Ejecutando interfase VDINTERRECEP
02 14:33:21:949 Empiezo a leer forms vdinterrecep.frm
02 14:33:21:949 Termino parse forms vdinterrecep.frm
02 14:33:21:949 Ejecutando interfase VDINTERRECEP
02 14:33:57:965 Empiezo a leer forms vdinterrecep.frm
02 14:33:57:965 Termino parse forms vdinterrecep.frm
02 14:33:57:965 Ejecutando interfase VDINTERRECEP
02 14:34:33:990 Empiezo a leer forms vdinterrecep.frm
02 14:34:33:997 Termino parse forms vdinterrecep.frm
02 14:34:33:997 Ejecutando interfase VDINTERRECEP
02 14:35:10:017 Empiezo a leer forms vdinterrecep.frm
02 14:35:10:025 Termino parse forms vdinterrecep.frm
02 14:35:10:025 Ejecutando interfase VDINTERRECEP
02 14:35:46:042 Empiezo a leer forms vdinterrecep.frm
02 14:35:46:042 Termino parse forms vdinterrecep.frm
02 14:35:46:042 Ejecutando interfase VDINTERRECEP
02 14:36:22:070 Empiezo a leer forms vdinterrecep.frm
02 14:36:22:079 Termino parse forms vdinterrecep.frm
02 14:36:22:079 Ejecutando interfase VDINTERRECEP
02 14:36:58:100 Empiezo a leer forms vdinterrecep.frm
02 14:36:58:105 Termino parse forms vdinterrecep.frm
02 14:36:58:105 Ejecutando interfase VDINTERRECEP
02 14:37:34:127 Empiezo a leer forms vdinterrecep.frm
02 14:37:34:127 Termino parse forms vdinterrecep.frm
02 14:37:34:127 Ejecutando interfase VDINTERRECEP
02 14:38:10:157 Empiezo a leer forms vdinterrecep.frm
02 14:38:10:157 Termino parse forms vdinterrecep.frm
02 14:38:10:157 Ejecutando interfase VDINTERRECEP
02 14:38:46:184 Empiezo a leer forms vdinterrecep.frm
02 14:38:46:184 Termino parse forms vdinterrecep.frm
02 14:38:46:184 Ejecutando interfase VDINTERRECEP
02 14:39:22:210 Empiezo a leer forms vdinterrecep.frm
02 14:39:22:210 Termino parse forms vdinterrecep.frm
02 14:39:22:210 Ejecutando interfase VDINTERRECEP
02 14:39:58:240 Empiezo a leer forms vdinterrecep.frm
02 14:39:58:240 Termino parse forms vdinterrecep.frm
02 14:39:58:240 Ejecutando interfase VDINTERRECEP
02 14:40:34:272 Empiezo a leer forms vdinterrecep.frm
02 14:40:34:272 Termino parse forms vdinterrecep.frm
02 14:40:34:272 Ejecutando interfase VDINTERRECEP
02 14:41:10:309 Empiezo a leer forms vdinterrecep.frm
02 14:41:10:309 Termino parse forms vdinterrecep.frm
02 14:41:10:309 Ejecutando interfase VDINTERRECEP
02 14:41:46:342 Empiezo a leer forms vdinterrecep.frm
02 14:41:46:342 Termino parse forms vdinterrecep.frm
02 14:41:46:342 Ejecutando interfase VDINTERRECEP
02 14:42:22:365 Empiezo a leer forms vdinterrecep.frm
02 14:42:22:370 Termino parse forms vdinterrecep.frm
02 14:42:22:370 Ejecutando interfase VDINTERRECEP
02 14:42:58:395 Empiezo a leer forms vdinterrecep.frm
02 14:42:58:404 Termino parse forms vdinterrecep.frm
02 14:42:58:404 Ejecutando interfase VDINTERRECEP
02 14:43:34:419 Empiezo a leer forms vdinterrecep.frm
02 14:43:34:419 Termino parse forms vdinterrecep.frm
02 14:43:34:419 Ejecutando interfase VDINTERRECEP
02 14:44:10:437 Empiezo a leer forms vdinterrecep.frm
02 14:44:10:450 Termino parse forms vdinterrecep.frm
02 14:44:10:450 Ejecutando interfase VDINTERRECEP
02 14:44:46:467 Empiezo a leer forms vdinterrecep.frm
02 14:44:46:467 Termino parse forms vdinterrecep.frm
02 14:44:46:467 Ejecutando interfase VDINTERRECEP
02 14:45:22:500 Empiezo a leer forms vdinterrecep.frm
02 14:45:22:500 Termino parse forms vdinterrecep.frm
02 14:45:22:500 Ejecutando interfase VDINTERRECEP
02 14:45:58:530 Empiezo a leer forms vdinterrecep.frm
02 14:45:58:530 Termino parse forms vdinterrecep.frm
02 14:45:58:530 Ejecutando interfase VDINTERRECEP
02 14:46:34:560 Empiezo a leer forms vdinterrecep.frm
02 14:46:34:560 Termino parse forms vdinterrecep.frm
02 14:46:34:560 Ejecutando interfase VDINTERRECEP
02 14:47:10:599 Empiezo a leer forms vdinterrecep.frm
02 14:47:10:599 Termino parse forms vdinterrecep.frm
02 14:47:10:599 Ejecutando interfase VDINTERRECEP
02 14:47:46:625 Empiezo a leer forms vdinterrecep.frm
02 14:47:46:625 Termino parse forms vdinterrecep.frm
02 14:47:46:625 Ejecutando interfase VDINTERRECEP
02 14:48:22:664 Empiezo a leer forms vdinterrecep.frm
02 14:48:22:664 Termino parse forms vdinterrecep.frm
02 14:48:22:664 Ejecutando interfase VDINTERRECEP
02 14:48:58:695 Empiezo a leer forms vdinterrecep.frm
02 14:48:58:695 Termino parse forms vdinterrecep.frm
02 14:48:58:695 Ejecutando interfase VDINTERRECEP
02 14:49:34:710 Empiezo a leer forms vdinterrecep.frm
02 14:49:34:710 Termino parse forms vdinterrecep.frm
02 14:49:34:710 Ejecutando interfase VDINTERRECEP
02 14:50:10:744 Empiezo a leer forms vdinterrecep.frm
02 14:50:10:744 Termino parse forms vdinterrecep.frm
02 14:50:10:744 Ejecutando interfase VDINTERRECEP
02 14:50:46:767 Empiezo a leer forms vdinterrecep.frm
02 14:50:46:769 Termino parse forms vdinterrecep.frm
02 14:50:46:769 Ejecutando interfase VDINTERRECEP
02 14:51:22:795 Empiezo a leer forms vdinterrecep.frm
02 14:51:22:795 Termino parse forms vdinterrecep.frm
02 14:51:22:795 Ejecutando interfase VDINTERRECEP
02 14:51:58:825 Empiezo a leer forms vdinterrecep.frm
02 14:51:58:825 Termino parse forms vdinterrecep.frm
02 14:51:58:825 Ejecutando interfase VDINTERRECEP
02 14:52:34:852 Empiezo a leer forms vdinterrecep.frm
02 14:52:34:857 Termino parse forms vdinterrecep.frm
02 14:52:34:857 Ejecutando interfase VDINTERRECEP
02 14:53:10:875 Empiezo a leer forms vdinterrecep.frm
02 14:53:10:875 Termino parse forms vdinterrecep.frm
02 14:53:10:875 Ejecutando interfase VDINTERRECEP
02 14:53:46:894 Empiezo a leer forms vdinterrecep.frm
02 14:53:46:897 Termino parse forms vdinterrecep.frm
02 14:53:46:897 Ejecutando interfase VDINTERRECEP
02 14:54:22:920 Empiezo a leer forms vdinterrecep.frm
02 14:54:22:925 Termino parse forms vdinterrecep.frm
02 14:54:22:925 Ejecutando interfase VDINTERRECEP
02 14:54:58:952 Empiezo a leer forms vdinterrecep.frm
02 14:54:58:952 Termino parse forms vdinterrecep.frm
02 14:54:58:952 Ejecutando interfase VDINTERRECEP
02 14:55:34:985 Empiezo a leer forms vdinterrecep.frm
02 14:55:34:985 Termino parse forms vdinterrecep.frm
02 14:55:34:985 Ejecutando interfase VDINTERRECEP
02 14:56:11:007 Empiezo a leer forms vdinterrecep.frm
02 14:56:11:007 Termino parse forms vdinterrecep.frm
02 14:56:11:007 Ejecutando interfase VDINTERRECEP
02 14:56:47:035 Empiezo a leer forms vdinterrecep.frm
02 14:56:47:039 Termino parse forms vdinterrecep.frm
02 14:56:47:039 Ejecutando interfase VDINTERRECEP
02 14:57:23:067 Empiezo a leer forms vdinterrecep.frm
02 14:57:23:067 Termino parse forms vdinterrecep.frm
02 14:57:23:067 Ejecutando interfase VDINTERRECEP
02 14:57:59:099 Empiezo a leer forms vdinterrecep.frm
02 14:57:59:099 Termino parse forms vdinterrecep.frm
02 14:57:59:099 Ejecutando interfase VDINTERRECEP
02 14:58:35:120 Empiezo a leer forms vdinterrecep.frm
02 14:58:35:120 Termino parse forms vdinterrecep.frm
02 14:58:35:120 Ejecutando interfase VDINTERRECEP
02 14:59:11:157 Empiezo a leer forms vdinterrecep.frm
02 14:59:11:157 Termino parse forms vdinterrecep.frm
02 14:59:11:157 Ejecutando interfase VDINTERRECEP
02 14:59:47:182 Empiezo a leer forms vdinterrecep.frm
02 14:59:47:182 Termino parse forms vdinterrecep.frm
02 14:59:47:182 Ejecutando interfase VDINTERRECEP
02 15:00:23:217 Empiezo a leer forms vdinterrecep.frm
02 15:00:23:217 Termino parse forms vdinterrecep.frm
02 15:00:23:217 Ejecutando interfase VDINTERRECEP
02 15:00:59:242 Empiezo a leer forms vdinterrecep.frm
02 15:00:59:242 Termino parse forms vdinterrecep.frm
02 15:00:59:242 Ejecutando interfase VDINTERRECEP
02 15:01:35:265 Empiezo a leer forms vdinterrecep.frm
02 15:01:35:270 Termino parse forms vdinterrecep.frm
02 15:01:35:270 Ejecutando interfase VDINTERRECEP
02 15:02:11:282 Empiezo a leer forms vdinterrecep.frm
02 15:02:11:285 Termino parse forms vdinterrecep.frm
02 15:02:11:285 Ejecutando interfase VDINTERRECEP
02 15:02:47:314 Empiezo a leer forms vdinterrecep.frm
02 15:02:47:314 Termino parse forms vdinterrecep.frm
02 15:02:47:314 Ejecutando interfase VDINTERRECEP
02 15:03:23:350 Empiezo a leer forms vdinterrecep.frm
02 15:03:23:350 Termino parse forms vdinterrecep.frm
02 15:03:23:350 Ejecutando interfase VDINTERRECEP
02 15:03:59:382 Empiezo a leer forms vdinterrecep.frm
02 15:03:59:382 Termino parse forms vdinterrecep.frm
02 15:03:59:382 Ejecutando interfase VDINTERRECEP
02 15:04:35:414 Empiezo a leer forms vdinterrecep.frm
02 15:04:35:419 Termino parse forms vdinterrecep.frm
02 15:04:35:419 Ejecutando interfase VDINTERRECEP
02 15:05:11:430 Empiezo a leer forms vdinterrecep.frm
02 15:05:11:430 Termino parse forms vdinterrecep.frm
02 15:05:11:430 Ejecutando interfase VDINTERRECEP
02 15:05:47:459 Empiezo a leer forms vdinterrecep.frm
02 15:05:47:459 Termino parse forms vdinterrecep.frm
02 15:05:47:459 Ejecutando interfase VDINTERRECEP
02 15:06:23:485 Empiezo a leer forms vdinterrecep.frm
02 15:06:23:485 Termino parse forms vdinterrecep.frm
02 15:06:23:485 Ejecutando interfase VDINTERRECEP
02 15:06:59:507 Empiezo a leer forms vdinterrecep.frm
02 15:06:59:512 Termino parse forms vdinterrecep.frm
02 15:06:59:512 Ejecutando interfase VDINTERRECEP
02 15:07:35:540 Empiezo a leer forms vdinterrecep.frm
02 15:07:35:540 Termino parse forms vdinterrecep.frm
02 15:07:35:540 Ejecutando interfase VDINTERRECEP
02 15:08:11:569 Empiezo a leer forms vdinterrecep.frm
02 15:08:11:569 Termino parse forms vdinterrecep.frm
02 15:08:11:569 Ejecutando interfase VDINTERRECEP
02 15:08:47:600 Empiezo a leer forms vdinterrecep.frm
02 15:08:47:600 Termino parse forms vdinterrecep.frm
02 15:08:47:600 Ejecutando interfase VDINTERRECEP
02 15:09:23:634 Empiezo a leer forms vdinterrecep.frm
02 15:09:23:634 Termino parse forms vdinterrecep.frm
02 15:09:23:634 Ejecutando interfase VDINTERRECEP
02 15:09:59:665 Empiezo a leer forms vdinterrecep.frm
02 15:09:59:665 Termino parse forms vdinterrecep.frm
02 15:09:59:665 Ejecutando interfase VDINTERRECEP
02 15:10:35:684 Empiezo a leer forms vdinterrecep.frm
02 15:10:35:684 Termino parse forms vdinterrecep.frm
02 15:10:35:684 Ejecutando interfase VDINTERRECEP
02 15:11:11:702 Empiezo a leer forms vdinterrecep.frm
02 15:11:11:702 Termino parse forms vdinterrecep.frm
02 15:11:11:702 Ejecutando interfase VDINTERRECEP
02 15:11:47:737 Empiezo a leer forms vdinterrecep.frm
02 15:11:47:737 Termino parse forms vdinterrecep.frm
02 15:11:47:737 Ejecutando interfase VDINTERRECEP
02 15:12:23:772 Empiezo a leer forms vdinterrecep.frm
02 15:12:23:772 Termino parse forms vdinterrecep.frm
02 15:12:23:772 Ejecutando interfase VDINTERRECEP
02 15:12:59:799 Empiezo a leer forms vdinterrecep.frm
02 15:12:59:799 Termino parse forms vdinterrecep.frm
02 15:12:59:799 Ejecutando interfase VDINTERRECEP
02 15:13:35:825 Empiezo a leer forms vdinterrecep.frm
02 15:13:35:825 Termino parse forms vdinterrecep.frm
02 15:13:35:825 Ejecutando interfase VDINTERRECEP
02 15:14:11:855 Empiezo a leer forms vdinterrecep.frm
02 15:14:11:855 Termino parse forms vdinterrecep.frm
02 15:14:11:855 Ejecutando interfase VDINTERRECEP
02 15:14:47:889 Empiezo a leer forms vdinterrecep.frm
02 15:14:47:889 Termino parse forms vdinterrecep.frm
02 15:14:47:889 Ejecutando interfase VDINTERRECEP
02 15:15:23:917 Empiezo a leer forms vdinterrecep.frm
02 15:15:23:917 Termino parse forms vdinterrecep.frm
02 15:15:23:917 Ejecutando interfase VDINTERRECEP
02 15:15:59:952 Empiezo a leer forms vdinterrecep.frm
02 15:15:59:952 Termino parse forms vdinterrecep.frm
02 15:15:59:952 Ejecutando interfase VDINTERRECEP
02 15:16:35:989 Empiezo a leer forms vdinterrecep.frm
02 15:16:35:999 Termino parse forms vdinterrecep.frm
02 15:16:36:000 Ejecutando interfase VDINTERRECEP
02 15:17:12:014 Empiezo a leer forms vdinterrecep.frm
02 15:17:12:014 Termino parse forms vdinterrecep.frm
02 15:17:12:014 Ejecutando interfase VDINTERRECEP
02 15:17:48:035 Empiezo a leer forms vdinterrecep.frm
02 15:17:48:035 Termino parse forms vdinterrecep.frm
02 15:17:48:035 Ejecutando interfase VDINTERRECEP
02 15:18:24:065 Empiezo a leer forms vdinterrecep.frm
02 15:18:24:065 Termino parse forms vdinterrecep.frm
02 15:18:24:065 Ejecutando interfase VDINTERRECEP
02 15:19:00:085 Empiezo a leer forms vdinterrecep.frm
02 15:19:00:085 Termino parse forms vdinterrecep.frm
02 15:19:00:085 Ejecutando interfase VDINTERRECEP
02 15:19:36:117 Empiezo a leer forms vdinterrecep.frm
02 15:19:36:117 Termino parse forms vdinterrecep.frm
02 15:19:36:117 Ejecutando interfase VDINTERRECEP
02 15:20:12:142 Empiezo a leer forms vdinterrecep.frm
02 15:20:12:142 Termino parse forms vdinterrecep.frm
02 15:20:12:142 Ejecutando interfase VDINTERRECEP
02 15:20:48:167 Empiezo a leer forms vdinterrecep.frm
02 15:20:48:167 Termino parse forms vdinterrecep.frm
02 15:20:48:167 Ejecutando interfase VDINTERRECEP
02 15:21:24:200 Empiezo a leer forms vdinterrecep.frm
02 15:21:24:200 Termino parse forms vdinterrecep.frm
02 15:21:24:200 Ejecutando interfase VDINTERRECEP
02 15:22:00:230 Empiezo a leer forms vdinterrecep.frm
02 15:22:00:230 Termino parse forms vdinterrecep.frm
02 15:22:00:230 Ejecutando interfase VDINTERRECEP
02 15:22:36:260 Empiezo a leer forms vdinterrecep.frm
02 15:22:36:262 Termino parse forms vdinterrecep.frm
02 15:22:36:262 Ejecutando interfase VDINTERRECEP
02 15:23:12:282 Empiezo a leer forms vdinterrecep.frm
02 15:23:12:282 Termino parse forms vdinterrecep.frm
02 15:23:12:282 Ejecutando interfase VDINTERRECEP
02 15:23:48:304 Empiezo a leer forms vdinterrecep.frm
02 15:23:48:304 Termino parse forms vdinterrecep.frm
02 15:23:48:304 Ejecutando interfase VDINTERRECEP
02 15:24:24:325 Empiezo a leer forms vdinterrecep.frm
02 15:24:24:327 Termino parse forms vdinterrecep.frm
02 15:24:24:327 Ejecutando interfase VDINTERRECEP
02 15:25:00:349 Empiezo a leer forms vdinterrecep.frm
02 15:25:00:349 Termino parse forms vdinterrecep.frm
02 15:25:00:349 Ejecutando interfase VDINTERRECEP
02 15:25:36:374 Empiezo a leer forms vdinterrecep.frm
02 15:25:36:374 Termino parse forms vdinterrecep.frm
02 15:25:36:374 Ejecutando interfase VDINTERRECEP
02 15:26:12:399 Empiezo a leer forms vdinterrecep.frm
02 15:26:12:402 Termino parse forms vdinterrecep.frm
02 15:26:12:402 Ejecutando interfase VDINTERRECEP
02 15:26:48:425 Empiezo a leer forms vdinterrecep.frm
02 15:26:48:434 Termino parse forms vdinterrecep.frm
02 15:26:48:434 Ejecutando interfase VDINTERRECEP
02 15:27:24:457 Empiezo a leer forms vdinterrecep.frm
02 15:27:24:462 Termino parse forms vdinterrecep.frm
02 15:27:24:462 Ejecutando interfase VDINTERRECEP
02 15:28:00:485 Empiezo a leer forms vdinterrecep.frm
02 15:28:00:485 Termino parse forms vdinterrecep.frm
02 15:28:00:485 Ejecutando interfase VDINTERRECEP
02 15:28:36:510 Empiezo a leer forms vdinterrecep.frm
02 15:28:36:510 Termino parse forms vdinterrecep.frm
02 15:28:36:510 Ejecutando interfase VDINTERRECEP
02 15:29:12:539 Empiezo a leer forms vdinterrecep.frm
02 15:29:12:539 Termino parse forms vdinterrecep.frm
02 15:29:12:539 Ejecutando interfase VDINTERRECEP
02 15:29:48:564 Empiezo a leer forms vdinterrecep.frm
02 15:29:48:564 Termino parse forms vdinterrecep.frm
02 15:29:48:564 Ejecutando interfase VDINTERRECEP
02 15:30:24:592 Empiezo a leer forms vdinterrecep.frm
02 15:30:24:592 Termino parse forms vdinterrecep.frm
02 15:30:24:592 Ejecutando interfase VDINTERRECEP
02 15:31:00:612 Empiezo a leer forms vdinterrecep.frm
02 15:31:00:612 Termino parse forms vdinterrecep.frm
02 15:31:00:612 Ejecutando interfase VDINTERRECEP
02 15:31:36:642 Empiezo a leer forms vdinterrecep.frm
02 15:31:36:642 Termino parse forms vdinterrecep.frm
02 15:31:36:642 Ejecutando interfase VDINTERRECEP
02 15:32:12:662 Empiezo a leer forms vdinterrecep.frm
02 15:32:12:665 Termino parse forms vdinterrecep.frm
02 15:32:12:665 Ejecutando interfase VDINTERRECEP
02 15:32:48:680 Empiezo a leer forms vdinterrecep.frm
02 15:32:48:680 Termino parse forms vdinterrecep.frm
02 15:32:48:680 Ejecutando interfase VDINTERRECEP
02 15:33:24:712 Empiezo a leer forms vdinterrecep.frm
02 15:33:24:712 Termino parse forms vdinterrecep.frm
02 15:33:24:712 Ejecutando interfase VDINTERRECEP
02 15:34:00:740 Empiezo a leer forms vdinterrecep.frm
02 15:34:00:740 Termino parse forms vdinterrecep.frm
02 15:34:00:740 Ejecutando interfase VDINTERRECEP
02 15:34:36:765 Empiezo a leer forms vdinterrecep.frm
02 15:34:36:765 Termino parse forms vdinterrecep.frm
02 15:34:36:765 Ejecutando interfase VDINTERRECEP
02 15:35:12:780 Empiezo a leer forms vdinterrecep.frm
02 15:35:12:780 Termino parse forms vdinterrecep.frm
02 15:35:12:780 Ejecutando interfase VDINTERRECEP
02 15:35:48:805 Empiezo a leer forms vdinterrecep.frm
02 15:35:48:805 Termino parse forms vdinterrecep.frm
02 15:35:48:805 Ejecutando interfase VDINTERRECEP
02 15:36:24:832 Empiezo a leer forms vdinterrecep.frm
02 15:36:24:832 Termino parse forms vdinterrecep.frm
02 15:36:24:832 Ejecutando interfase VDINTERRECEP
02 15:37:00:854 Empiezo a leer forms vdinterrecep.frm
02 15:37:00:854 Termino parse forms vdinterrecep.frm
02 15:37:00:854 Ejecutando interfase VDINTERRECEP
02 15:37:36:872 Empiezo a leer forms vdinterrecep.frm
02 15:37:36:874 Termino parse forms vdinterrecep.frm
02 15:37:36:874 Ejecutando interfase VDINTERRECEP
02 15:38:12:899 Empiezo a leer forms vdinterrecep.frm
02 15:38:12:899 Termino parse forms vdinterrecep.frm
02 15:38:12:899 Ejecutando interfase VDINTERRECEP
02 15:38:48:925 Empiezo a leer forms vdinterrecep.frm
02 15:38:48:925 Termino parse forms vdinterrecep.frm
02 15:38:48:925 Ejecutando interfase VDINTERRECEP
02 15:39:24:945 Empiezo a leer forms vdinterrecep.frm
02 15:39:24:945 Termino parse forms vdinterrecep.frm
02 15:39:24:945 Ejecutando interfase VDINTERRECEP
02 15:40:00:965 Empiezo a leer forms vdinterrecep.frm
02 15:40:00:965 Termino parse forms vdinterrecep.frm
02 15:40:00:965 Ejecutando interfase VDINTERRECEP
02 15:40:36:992 Empiezo a leer forms vdinterrecep.frm
02 15:40:36:992 Termino parse forms vdinterrecep.frm
02 15:40:36:992 Ejecutando interfase VDINTERRECEP
02 15:41:13:017 Empiezo a leer forms vdinterrecep.frm
02 15:41:13:017 Termino parse forms vdinterrecep.frm
02 15:41:13:017 Ejecutando interfase VDINTERRECEP
02 15:41:49:035 Empiezo a leer forms vdinterrecep.frm
02 15:41:49:037 Termino parse forms vdinterrecep.frm
02 15:41:49:037 Ejecutando interfase VDINTERRECEP
02 15:42:25:049 Empiezo a leer forms vdinterrecep.frm
02 15:42:25:049 Termino parse forms vdinterrecep.frm
02 15:42:25:049 Ejecutando interfase VDINTERRECEP
02 15:43:01:079 Empiezo a leer forms vdinterrecep.frm
02 15:43:01:079 Termino parse forms vdinterrecep.frm
02 15:43:01:079 Ejecutando interfase VDINTERRECEP
02 15:43:37:099 Empiezo a leer forms vdinterrecep.frm
02 15:43:37:099 Termino parse forms vdinterrecep.frm
02 15:43:37:099 Ejecutando interfase VDINTERRECEP
02 15:44:13:117 Empiezo a leer forms vdinterrecep.frm
02 15:44:13:117 Termino parse forms vdinterrecep.frm
02 15:44:13:117 Ejecutando interfase VDINTERRECEP
02 15:44:49:154 Empiezo a leer forms vdinterrecep.frm
02 15:44:49:154 Termino parse forms vdinterrecep.frm
02 15:44:49:154 Ejecutando interfase VDINTERRECEP
02 15:45:25:182 Empiezo a leer forms vdinterrecep.frm
02 15:45:25:182 Termino parse forms vdinterrecep.frm
02 15:45:25:182 Ejecutando interfase VDINTERRECEP
02 15:46:01:219 Empiezo a leer forms vdinterrecep.frm
02 15:46:01:219 Termino parse forms vdinterrecep.frm
02 15:46:01:219 Ejecutando interfase VDINTERRECEP
02 15:46:37:242 Empiezo a leer forms vdinterrecep.frm
02 15:46:37:242 Termino parse forms vdinterrecep.frm
02 15:46:37:242 Ejecutando interfase VDINTERRECEP
02 15:47:13:264 Empiezo a leer forms vdinterrecep.frm
02 15:47:13:267 Termino parse forms vdinterrecep.frm
02 15:47:13:267 Ejecutando interfase VDINTERRECEP
02 15:47:49:290 Empiezo a leer forms vdinterrecep.frm
02 15:47:49:290 Termino parse forms vdinterrecep.frm
02 15:47:49:290 Ejecutando interfase VDINTERRECEP
02 15:48:25:310 Empiezo a leer forms vdinterrecep.frm
02 15:48:25:310 Termino parse forms vdinterrecep.frm
02 15:48:25:310 Ejecutando interfase VDINTERRECEP
02 15:49:01:339 Empiezo a leer forms vdinterrecep.frm
02 15:49:01:339 Termino parse forms vdinterrecep.frm
02 15:49:01:339 Ejecutando interfase VDINTERRECEP
02 15:49:37:374 Empiezo a leer forms vdinterrecep.frm
02 15:49:37:374 Termino parse forms vdinterrecep.frm
02 15:49:37:374 Ejecutando interfase VDINTERRECEP
02 15:50:13:397 Empiezo a leer forms vdinterrecep.frm
02 15:50:13:397 Termino parse forms vdinterrecep.frm
02 15:50:13:397 Ejecutando interfase VDINTERRECEP
02 15:50:49:422 Empiezo a leer forms vdinterrecep.frm
02 15:50:49:422 Termino parse forms vdinterrecep.frm
02 15:50:49:422 Ejecutando interfase VDINTERRECEP
02 15:51:25:444 Empiezo a leer forms vdinterrecep.frm
02 15:51:25:444 Termino parse forms vdinterrecep.frm
02 15:51:25:444 Ejecutando interfase VDINTERRECEP
02 15:52:01:470 Empiezo a leer forms vdinterrecep.frm
02 15:52:01:470 Termino parse forms vdinterrecep.frm
02 15:52:01:470 Ejecutando interfase VDINTERRECEP
02 15:52:37:492 Empiezo a leer forms vdinterrecep.frm
02 15:52:37:492 Termino parse forms vdinterrecep.frm
02 15:52:37:492 Ejecutando interfase VDINTERRECEP
02 15:53:13:514 Empiezo a leer forms vdinterrecep.frm
02 15:53:13:514 Termino parse forms vdinterrecep.frm
02 15:53:13:514 Ejecutando interfase VDINTERRECEP
02 15:53:49:539 Empiezo a leer forms vdinterrecep.frm
02 15:53:49:539 Termino parse forms vdinterrecep.frm
02 15:53:49:539 Ejecutando interfase VDINTERRECEP
02 15:54:25:572 Empiezo a leer forms vdinterrecep.frm
02 15:54:25:572 Termino parse forms vdinterrecep.frm
02 15:54:25:572 Ejecutando interfase VDINTERRECEP
02 15:55:01:607 Empiezo a leer forms vdinterrecep.frm
02 15:55:01:607 Termino parse forms vdinterrecep.frm
02 15:55:01:607 Ejecutando interfase VDINTERRECEP
02 15:55:37:625 Empiezo a leer forms vdinterrecep.frm
02 15:55:37:625 Termino parse forms vdinterrecep.frm
02 15:55:37:625 Ejecutando interfase VDINTERRECEP
02 15:56:13:657 Empiezo a leer forms vdinterrecep.frm
02 15:56:13:657 Termino parse forms vdinterrecep.frm
02 15:56:13:657 Ejecutando interfase VDINTERRECEP
02 15:56:49:682 Empiezo a leer forms vdinterrecep.frm
02 15:56:49:684 Termino parse forms vdinterrecep.frm
02 15:56:49:684 Ejecutando interfase VDINTERRECEP
02 15:57:25:707 Empiezo a leer forms vdinterrecep.frm
02 15:57:25:707 Termino parse forms vdinterrecep.frm
02 15:57:25:707 Ejecutando interfase VDINTERRECEP
02 15:58:01:740 Empiezo a leer forms vdinterrecep.frm
02 15:58:01:740 Termino parse forms vdinterrecep.frm
02 15:58:01:740 Ejecutando interfase VDINTERRECEP
02 15:58:37:762 Empiezo a leer forms vdinterrecep.frm
02 15:58:37:765 Termino parse forms vdinterrecep.frm
02 15:58:37:765 Ejecutando interfase VDINTERRECEP
02 15:59:13:797 Empiezo a leer forms vdinterrecep.frm
02 15:59:13:797 Termino parse forms vdinterrecep.frm
02 15:59:13:805 Ejecutando interfase VDINTERRECEP
02 15:59:49:817 Empiezo a leer forms vdinterrecep.frm
02 15:59:49:817 Termino parse forms vdinterrecep.frm
02 15:59:49:817 Ejecutando interfase VDINTERRECEP
02 16:00:25:840 Empiezo a leer forms vdinterrecep.frm
02 16:00:25:840 Termino parse forms vdinterrecep.frm
02 16:00:25:840 Ejecutando interfase VDINTERRECEP
02 16:01:01:862 Empiezo a leer forms vdinterrecep.frm
02 16:01:01:862 Termino parse forms vdinterrecep.frm
02 16:01:01:862 Ejecutando interfase VDINTERRECEP
02 16:01:37:895 Empiezo a leer forms vdinterrecep.frm
02 16:01:37:895 Termino parse forms vdinterrecep.frm
02 16:01:37:895 Ejecutando interfase VDINTERRECEP
02 16:02:13:919 Empiezo a leer forms vdinterrecep.frm
02 16:02:13:919 Termino parse forms vdinterrecep.frm
02 16:02:13:919 Ejecutando interfase VDINTERRECEP
02 16:02:49:947 Empiezo a leer forms vdinterrecep.frm
02 16:02:49:947 Termino parse forms vdinterrecep.frm
02 16:02:49:947 Ejecutando interfase VDINTERRECEP
02 16:03:25:980 Empiezo a leer forms vdinterrecep.frm
02 16:03:25:980 Termino parse forms vdinterrecep.frm
02 16:03:25:980 Ejecutando interfase VDINTERRECEP
02 16:04:02:017 Empiezo a leer forms vdinterrecep.frm
02 16:04:02:017 Termino parse forms vdinterrecep.frm
02 16:04:02:017 Ejecutando interfase VDINTERRECEP
02 16:04:38:042 Empiezo a leer forms vdinterrecep.frm
02 16:04:38:045 Termino parse forms vdinterrecep.frm
02 16:04:38:045 Ejecutando interfase VDINTERRECEP
02 16:05:14:064 Empiezo a leer forms vdinterrecep.frm
02 16:05:14:064 Termino parse forms vdinterrecep.frm
02 16:05:14:064 Ejecutando interfase VDINTERRECEP
02 16:05:50:084 Empiezo a leer forms vdinterrecep.frm
02 16:05:50:087 Termino parse forms vdinterrecep.frm
02 16:05:50:087 Ejecutando interfase VDINTERRECEP
02 16:06:26:112 Empiezo a leer forms vdinterrecep.frm
02 16:06:26:112 Termino parse forms vdinterrecep.frm
02 16:06:26:112 Ejecutando interfase VDINTERRECEP
02 16:07:02:134 Empiezo a leer forms vdinterrecep.frm
02 16:07:02:152 Termino parse forms vdinterrecep.frm
02 16:07:02:152 Ejecutando interfase VDINTERRECEP
02 16:07:38:170 Empiezo a leer forms vdinterrecep.frm
02 16:07:38:172 Termino parse forms vdinterrecep.frm
02 16:07:38:172 Ejecutando interfase VDINTERRECEP
02 16:08:14:194 Empiezo a leer forms vdinterrecep.frm
02 16:08:14:194 Termino parse forms vdinterrecep.frm
02 16:08:14:194 Ejecutando interfase VDINTERRECEP
02 16:08:50:209 Empiezo a leer forms vdinterrecep.frm
02 16:08:50:209 Termino parse forms vdinterrecep.frm
02 16:08:50:209 Ejecutando interfase VDINTERRECEP
02 16:09:26:237 Empiezo a leer forms vdinterrecep.frm
02 16:09:26:237 Termino parse forms vdinterrecep.frm
02 16:09:26:237 Ejecutando interfase VDINTERRECEP
02 16:10:02:272 Empiezo a leer forms vdinterrecep.frm
02 16:10:02:272 Termino parse forms vdinterrecep.frm
02 16:10:02:272 Ejecutando interfase VDINTERRECEP
02 16:10:38:309 Empiezo a leer forms vdinterrecep.frm
02 16:10:38:309 Termino parse forms vdinterrecep.frm
02 16:10:38:309 Ejecutando interfase VDINTERRECEP
02 16:11:14:334 Empiezo a leer forms vdinterrecep.frm
02 16:11:14:334 Termino parse forms vdinterrecep.frm
02 16:11:14:334 Ejecutando interfase VDINTERRECEP
02 16:11:50:357 Empiezo a leer forms vdinterrecep.frm
02 16:11:50:357 Termino parse forms vdinterrecep.frm
02 16:11:50:357 Ejecutando interfase VDINTERRECEP
02 16:12:26:392 Empiezo a leer forms vdinterrecep.frm
02 16:12:26:392 Termino parse forms vdinterrecep.frm
02 16:12:26:392 Ejecutando interfase VDINTERRECEP
02 16:13:02:425 Empiezo a leer forms vdinterrecep.frm
02 16:13:02:425 Termino parse forms vdinterrecep.frm
02 16:13:02:425 Ejecutando interfase VDINTERRECEP
02 16:13:38:467 Empiezo a leer forms vdinterrecep.frm
02 16:13:38:467 Termino parse forms vdinterrecep.frm
02 16:13:38:467 Ejecutando interfase VDINTERRECEP
02 16:14:14:490 Empiezo a leer forms vdinterrecep.frm
02 16:14:14:490 Termino parse forms vdinterrecep.frm
02 16:14:14:490 Ejecutando interfase VDINTERRECEP
02 16:14:50:512 Empiezo a leer forms vdinterrecep.frm
02 16:14:50:512 Termino parse forms vdinterrecep.frm
02 16:14:50:512 Ejecutando interfase VDINTERRECEP
02 16:15:26:547 Empiezo a leer forms vdinterrecep.frm
02 16:15:26:547 Termino parse forms vdinterrecep.frm
02 16:15:26:547 Ejecutando interfase VDINTERRECEP
02 16:16:02:574 Empiezo a leer forms vdinterrecep.frm
02 16:16:02:574 Termino parse forms vdinterrecep.frm
02 16:16:02:574 Ejecutando interfase VDINTERRECEP
02 16:16:38:600 Empiezo a leer forms vdinterrecep.frm
02 16:16:38:600 Termino parse forms vdinterrecep.frm
02 16:16:38:600 Ejecutando interfase VDINTERRECEP
02 16:17:14:627 Empiezo a leer forms vdinterrecep.frm
02 16:17:14:627 Termino parse forms vdinterrecep.frm
02 16:17:14:627 Ejecutando interfase VDINTERRECEP
02 16:17:50:649 Empiezo a leer forms vdinterrecep.frm
02 16:17:50:649 Termino parse forms vdinterrecep.frm
02 16:17:50:649 Ejecutando interfase VDINTERRECEP
02 16:18:26:670 Empiezo a leer forms vdinterrecep.frm
02 16:18:26:670 Termino parse forms vdinterrecep.frm
02 16:18:26:670 Ejecutando interfase VDINTERRECEP
02 16:19:02:700 Empiezo a leer forms vdinterrecep.frm
02 16:19:02:700 Termino parse forms vdinterrecep.frm
02 16:19:02:700 Ejecutando interfase VDINTERRECEP
02 16:19:38:724 Empiezo a leer forms vdinterrecep.frm
02 16:19:38:727 Termino parse forms vdinterrecep.frm
02 16:19:38:727 Ejecutando interfase VDINTERRECEP
02 16:20:14:734 Empiezo a leer forms vdinterrecep.frm
02 16:20:14:734 Termino parse forms vdinterrecep.frm
02 16:20:14:734 Ejecutando interfase VDINTERRECEP
02 16:20:50:765 Empiezo a leer forms vdinterrecep.frm
02 16:20:50:765 Termino parse forms vdinterrecep.frm
02 16:20:50:765 Ejecutando interfase VDINTERRECEP
02 16:21:26:797 Empiezo a leer forms vdinterrecep.frm
02 16:21:26:797 Termino parse forms vdinterrecep.frm
02 16:21:26:797 Ejecutando interfase VDINTERRECEP
02 16:22:02:824 Empiezo a leer forms vdinterrecep.frm
02 16:22:02:824 Termino parse forms vdinterrecep.frm
02 16:22:02:824 Ejecutando interfase VDINTERRECEP
02 16:22:38:859 Empiezo a leer forms vdinterrecep.frm
02 16:22:38:859 Termino parse forms vdinterrecep.frm
02 16:22:38:859 Ejecutando interfase VDINTERRECEP
02 16:23:14:895 Empiezo a leer forms vdinterrecep.frm
02 16:23:14:895 Termino parse forms vdinterrecep.frm
02 16:23:14:895 Ejecutando interfase VDINTERRECEP
02 16:23:50:930 Empiezo a leer forms vdinterrecep.frm
02 16:23:50:930 Termino parse forms vdinterrecep.frm
02 16:23:50:930 Ejecutando interfase VDINTERRECEP
02 16:24:26:965 Empiezo a leer forms vdinterrecep.frm
02 16:24:26:965 Termino parse forms vdinterrecep.frm
02 16:24:26:965 Ejecutando interfase VDINTERRECEP
02 16:25:02:987 Empiezo a leer forms vdinterrecep.frm
02 16:25:02:987 Termino parse forms vdinterrecep.frm
02 16:25:02:987 Ejecutando interfase VDINTERRECEP
02 16:25:39:007 Empiezo a leer forms vdinterrecep.frm
02 16:25:39:007 Termino parse forms vdinterrecep.frm
02 16:25:39:007 Ejecutando interfase VDINTERRECEP
02 16:26:15:032 Empiezo a leer forms vdinterrecep.frm
02 16:26:15:032 Termino parse forms vdinterrecep.frm
02 16:26:15:032 Ejecutando interfase VDINTERRECEP
02 16:26:51:047 Empiezo a leer forms vdinterrecep.frm
02 16:26:51:047 Termino parse forms vdinterrecep.frm
02 16:26:51:047 Ejecutando interfase VDINTERRECEP
02 16:27:27:069 Empiezo a leer forms vdinterrecep.frm
02 16:27:27:069 Termino parse forms vdinterrecep.frm
02 16:27:27:069 Ejecutando interfase VDINTERRECEP
02 16:28:03:105 Empiezo a leer forms vdinterrecep.frm
02 16:28:03:109 Termino parse forms vdinterrecep.frm
02 16:28:03:109 Ejecutando interfase VDINTERRECEP
02 16:28:39:119 Empiezo a leer forms vdinterrecep.frm
02 16:28:39:119 Termino parse forms vdinterrecep.frm
02 16:28:39:119 Ejecutando interfase VDINTERRECEP
02 16:29:15:155 Empiezo a leer forms vdinterrecep.frm
02 16:29:15:155 Termino parse forms vdinterrecep.frm
02 16:29:15:155 Ejecutando interfase VDINTERRECEP
02 16:29:51:187 Empiezo a leer forms vdinterrecep.frm
02 16:29:51:187 Termino parse forms vdinterrecep.frm
02 16:29:51:187 Ejecutando interfase VDINTERRECEP
02 16:30:27:210 Empiezo a leer forms vdinterrecep.frm
02 16:30:27:210 Termino parse forms vdinterrecep.frm
02 16:30:27:210 Ejecutando interfase VDINTERRECEP
02 16:31:03:242 Empiezo a leer forms vdinterrecep.frm
02 16:31:03:245 Termino parse forms vdinterrecep.frm
02 16:31:03:245 Ejecutando interfase VDINTERRECEP
02 16:31:39:265 Empiezo a leer forms vdinterrecep.frm
02 16:31:39:265 Termino parse forms vdinterrecep.frm
02 16:31:39:265 Ejecutando interfase VDINTERRECEP
02 16:32:15:284 Empiezo a leer forms vdinterrecep.frm
02 16:32:15:289 Termino parse forms vdinterrecep.frm
02 16:32:15:289 Ejecutando interfase VDINTERRECEP
02 16:32:51:305 Empiezo a leer forms vdinterrecep.frm
02 16:32:51:305 Termino parse forms vdinterrecep.frm
02 16:32:51:305 Ejecutando interfase VDINTERRECEP
02 16:33:27:345 Empiezo a leer forms vdinterrecep.frm
02 16:33:27:350 Termino parse forms vdinterrecep.frm
02 16:33:27:350 Ejecutando interfase VDINTERRECEP
02 16:34:03:365 Empiezo a leer forms vdinterrecep.frm
02 16:34:03:365 Termino parse forms vdinterrecep.frm
02 16:34:03:365 Ejecutando interfase VDINTERRECEP
02 16:34:39:387 Empiezo a leer forms vdinterrecep.frm
02 16:34:39:387 Termino parse forms vdinterrecep.frm
02 16:34:39:387 Ejecutando interfase VDINTERRECEP
02 16:35:15:417 Empiezo a leer forms vdinterrecep.frm
02 16:35:15:417 Termino parse forms vdinterrecep.frm
02 16:35:15:417 Ejecutando interfase VDINTERRECEP
02 16:35:51:440 Empiezo a leer forms vdinterrecep.frm
02 16:35:51:440 Termino parse forms vdinterrecep.frm
02 16:35:51:440 Ejecutando interfase VDINTERRECEP
02 16:36:27:475 Empiezo a leer forms vdinterrecep.frm
02 16:36:27:479 Termino parse forms vdinterrecep.frm
02 16:36:27:479 Ejecutando interfase VDINTERRECEP
02 16:37:03:492 Empiezo a leer forms vdinterrecep.frm
02 16:37:03:492 Termino parse forms vdinterrecep.frm
02 16:37:03:492 Ejecutando interfase VDINTERRECEP
02 16:37:39:532 Empiezo a leer forms vdinterrecep.frm
02 16:37:39:532 Termino parse forms vdinterrecep.frm
02 16:37:39:532 Ejecutando interfase VDINTERRECEP
02 16:38:15:569 Empiezo a leer forms vdinterrecep.frm
02 16:38:15:569 Termino parse forms vdinterrecep.frm
02 16:38:15:569 Ejecutando interfase VDINTERRECEP
02 16:38:51:580 Empiezo a leer forms vdinterrecep.frm
02 16:38:51:580 Termino parse forms vdinterrecep.frm
02 16:38:51:580 Ejecutando interfase VDINTERRECEP
02 16:39:27:600 Empiezo a leer forms vdinterrecep.frm
02 16:39:27:605 Termino parse forms vdinterrecep.frm
02 16:39:27:605 Ejecutando interfase VDINTERRECEP
02 16:40:03:625 Empiezo a leer forms vdinterrecep.frm
02 16:40:03:635 Termino parse forms vdinterrecep.frm
02 16:40:03:635 Ejecutando interfase VDINTERRECEP
02 16:40:39:644 Empiezo a leer forms vdinterrecep.frm
02 16:40:39:644 Termino parse forms vdinterrecep.frm
02 16:40:39:644 Ejecutando interfase VDINTERRECEP
02 16:41:15:677 Empiezo a leer forms vdinterrecep.frm
02 16:41:15:677 Termino parse forms vdinterrecep.frm
02 16:41:15:677 Ejecutando interfase VDINTERRECEP
02 16:41:51:702 Empiezo a leer forms vdinterrecep.frm
02 16:41:51:707 Termino parse forms vdinterrecep.frm
02 16:41:51:709 Ejecutando interfase VDINTERRECEP
02 16:42:27:725 Empiezo a leer forms vdinterrecep.frm
02 16:42:27:725 Termino parse forms vdinterrecep.frm
02 16:42:27:725 Ejecutando interfase VDINTERRECEP
02 16:43:03:750 Empiezo a leer forms vdinterrecep.frm
02 16:43:03:750 Termino parse forms vdinterrecep.frm
02 16:43:03:750 Ejecutando interfase VDINTERRECEP
02 16:43:39:785 Empiezo a leer forms vdinterrecep.frm
02 16:43:39:785 Termino parse forms vdinterrecep.frm
02 16:43:39:785 Ejecutando interfase VDINTERRECEP
02 16:44:15:820 Empiezo a leer forms vdinterrecep.frm
02 16:44:15:827 Termino parse forms vdinterrecep.frm
02 16:44:15:827 Ejecutando interfase VDINTERRECEP
02 16:44:51:845 Empiezo a leer forms vdinterrecep.frm
02 16:44:51:845 Termino parse forms vdinterrecep.frm
02 16:44:51:845 Ejecutando interfase VDINTERRECEP
02 16:45:27:865 Empiezo a leer forms vdinterrecep.frm
02 16:45:27:865 Termino parse forms vdinterrecep.frm
02 16:45:27:865 Ejecutando interfase VDINTERRECEP
02 16:46:03:894 Empiezo a leer forms vdinterrecep.frm
02 16:46:03:894 Termino parse forms vdinterrecep.frm
02 16:46:03:894 Ejecutando interfase VDINTERRECEP
02 16:46:39:919 Empiezo a leer forms vdinterrecep.frm
02 16:46:39:919 Termino parse forms vdinterrecep.frm
02 16:46:39:919 Ejecutando interfase VDINTERRECEP
02 16:47:15:940 Empiezo a leer forms vdinterrecep.frm
02 16:47:15:940 Termino parse forms vdinterrecep.frm
02 16:47:15:940 Ejecutando interfase VDINTERRECEP
02 16:47:51:972 Empiezo a leer forms vdinterrecep.frm
02 16:47:51:972 Termino parse forms vdinterrecep.frm
02 16:47:51:972 Ejecutando interfase VDINTERRECEP
02 16:48:27:999 Empiezo a leer forms vdinterrecep.frm
02 16:48:27:999 Termino parse forms vdinterrecep.frm
02 16:48:27:999 Ejecutando interfase VDINTERRECEP
02 16:49:04:027 Empiezo a leer forms vdinterrecep.frm
02 16:49:04:027 Termino parse forms vdinterrecep.frm
02 16:49:04:027 Ejecutando interfase VDINTERRECEP
02 16:49:40:047 Empiezo a leer forms vdinterrecep.frm
02 16:49:40:047 Termino parse forms vdinterrecep.frm
02 16:49:40:047 Ejecutando interfase VDINTERRECEP
02 16:50:16:077 Empiezo a leer forms vdinterrecep.frm
02 16:50:16:077 Termino parse forms vdinterrecep.frm
02 16:50:16:077 Ejecutando interfase VDINTERRECEP
02 16:50:52:109 Empiezo a leer forms vdinterrecep.frm
02 16:50:52:109 Termino parse forms vdinterrecep.frm
02 16:50:52:109 Ejecutando interfase VDINTERRECEP
02 16:51:28:135 Empiezo a leer forms vdinterrecep.frm
02 16:51:28:135 Termino parse forms vdinterrecep.frm
02 16:51:28:135 Ejecutando interfase VDINTERRECEP
02 16:52:04:167 Empiezo a leer forms vdinterrecep.frm
02 16:52:04:167 Termino parse forms vdinterrecep.frm
02 16:52:04:167 Ejecutando interfase VDINTERRECEP
02 16:52:40:195 Empiezo a leer forms vdinterrecep.frm
02 16:52:40:195 Termino parse forms vdinterrecep.frm
02 16:52:40:195 Ejecutando interfase VDINTERRECEP
02 16:53:16:220 Empiezo a leer forms vdinterrecep.frm
02 16:53:16:229 Termino parse forms vdinterrecep.frm
02 16:53:16:229 Ejecutando interfase VDINTERRECEP
02 16:53:52:237 Empiezo a leer forms vdinterrecep.frm
02 16:53:52:237 Termino parse forms vdinterrecep.frm
02 16:53:52:237 Ejecutando interfase VDINTERRECEP
02 16:54:28:270 Empiezo a leer forms vdinterrecep.frm
02 16:54:28:270 Termino parse forms vdinterrecep.frm
02 16:54:28:270 Ejecutando interfase VDINTERRECEP
02 16:55:04:300 Empiezo a leer forms vdinterrecep.frm
02 16:55:04:300 Termino parse forms vdinterrecep.frm
02 16:55:04:300 Ejecutando interfase VDINTERRECEP
02 16:55:40:334 Empiezo a leer forms vdinterrecep.frm
02 16:55:40:334 Termino parse forms vdinterrecep.frm
02 16:55:40:334 Ejecutando interfase VDINTERRECEP
02 16:56:16:369 Empiezo a leer forms vdinterrecep.frm
02 16:56:16:369 Termino parse forms vdinterrecep.frm
02 16:56:16:369 Ejecutando interfase VDINTERRECEP
02 16:56:52:400 Empiezo a leer forms vdinterrecep.frm
02 16:56:52:400 Termino parse forms vdinterrecep.frm
02 16:56:52:400 Ejecutando interfase VDINTERRECEP
02 16:57:28:430 Empiezo a leer forms vdinterrecep.frm
02 16:57:28:430 Termino parse forms vdinterrecep.frm
02 16:57:28:430 Ejecutando interfase VDINTERRECEP
02 16:58:04:460 Empiezo a leer forms vdinterrecep.frm
02 16:58:04:460 Termino parse forms vdinterrecep.frm
02 16:58:04:460 Ejecutando interfase VDINTERRECEP
02 16:58:40:482 Empiezo a leer forms vdinterrecep.frm
02 16:58:40:485 Termino parse forms vdinterrecep.frm
02 16:58:40:485 Ejecutando interfase VDINTERRECEP
02 16:59:16:502 Empiezo a leer forms vdinterrecep.frm
02 16:59:16:502 Termino parse forms vdinterrecep.frm
02 16:59:16:502 Ejecutando interfase VDINTERRECEP
02 16:59:52:532 Empiezo a leer forms vdinterrecep.frm
02 16:59:52:532 Termino parse forms vdinterrecep.frm
02 16:59:52:532 Ejecutando interfase VDINTERRECEP
02 17:00:28:560 Empiezo a leer forms vdinterrecep.frm
02 17:00:28:560 Termino parse forms vdinterrecep.frm
02 17:00:28:560 Ejecutando interfase VDINTERRECEP
02 17:01:04:592 Empiezo a leer forms vdinterrecep.frm
02 17:01:04:592 Termino parse forms vdinterrecep.frm
02 17:01:04:592 Ejecutando interfase VDINTERRECEP
02 17:01:40:615 Empiezo a leer forms vdinterrecep.frm
02 17:01:40:615 Termino parse forms vdinterrecep.frm
02 17:01:40:615 Ejecutando interfase VDINTERRECEP
02 17:02:16:622 Empiezo a leer forms vdinterrecep.frm
02 17:02:16:622 Termino parse forms vdinterrecep.frm
02 17:02:16:622 Ejecutando interfase VDINTERRECEP
02 17:02:52:657 Empiezo a leer forms vdinterrecep.frm
02 17:02:52:657 Termino parse forms vdinterrecep.frm
02 17:02:52:657 Ejecutando interfase VDINTERRECEP
02 17:03:28:692 Empiezo a leer forms vdinterrecep.frm
02 17:03:28:695 Termino parse forms vdinterrecep.frm
02 17:03:28:695 Ejecutando interfase VDINTERRECEP
02 17:04:04:712 Empiezo a leer forms vdinterrecep.frm
02 17:04:04:712 Termino parse forms vdinterrecep.frm
02 17:04:04:712 Ejecutando interfase VDINTERRECEP
02 17:04:40:747 Empiezo a leer forms vdinterrecep.frm
02 17:04:40:747 Termino parse forms vdinterrecep.frm
02 17:04:40:747 Ejecutando interfase VDINTERRECEP
02 17:05:16:770 Empiezo a leer forms vdinterrecep.frm
02 17:05:16:770 Termino parse forms vdinterrecep.frm
02 17:05:16:770 Ejecutando interfase VDINTERRECEP
02 17:05:52:797 Empiezo a leer forms vdinterrecep.frm
02 17:05:52:797 Termino parse forms vdinterrecep.frm
02 17:05:52:797 Ejecutando interfase VDINTERRECEP
02 17:06:28:820 Empiezo a leer forms vdinterrecep.frm
02 17:06:28:820 Termino parse forms vdinterrecep.frm
02 17:06:28:820 Ejecutando interfase VDINTERRECEP
02 17:07:04:847 Empiezo a leer forms vdinterrecep.frm
02 17:07:04:847 Termino parse forms vdinterrecep.frm
02 17:07:04:847 Ejecutando interfase VDINTERRECEP
02 17:07:40:882 Empiezo a leer forms vdinterrecep.frm
02 17:07:40:882 Termino parse forms vdinterrecep.frm
02 17:07:40:882 Ejecutando interfase VDINTERRECEP
02 17:08:16:912 Empiezo a leer forms vdinterrecep.frm
02 17:08:16:912 Termino parse forms vdinterrecep.frm
02 17:08:16:912 Ejecutando interfase VDINTERRECEP
02 17:08:52:940 Empiezo a leer forms vdinterrecep.frm
02 17:08:52:940 Termino parse forms vdinterrecep.frm
02 17:08:52:940 Ejecutando interfase VDINTERRECEP
02 17:09:28:970 Empiezo a leer forms vdinterrecep.frm
02 17:09:28:970 Termino parse forms vdinterrecep.frm
02 17:09:28:970 Ejecutando interfase VDINTERRECEP
02 17:10:05:000 Empiezo a leer forms vdinterrecep.frm
02 17:10:05:000 Termino parse forms vdinterrecep.frm
02 17:10:05:000 Ejecutando interfase VDINTERRECEP
02 17:10:41:034 Empiezo a leer forms vdinterrecep.frm
02 17:10:41:034 Termino parse forms vdinterrecep.frm
02 17:10:41:034 Ejecutando interfase VDINTERRECEP
02 17:11:17:047 Empiezo a leer forms vdinterrecep.frm
02 17:11:17:047 Termino parse forms vdinterrecep.frm
02 17:11:17:047 Ejecutando interfase VDINTERRECEP
02 17:11:53:075 Empiezo a leer forms vdinterrecep.frm
02 17:11:53:077 Termino parse forms vdinterrecep.frm
02 17:11:53:077 Ejecutando interfase VDINTERRECEP
02 17:12:29:104 Empiezo a leer forms vdinterrecep.frm
02 17:12:29:104 Termino parse forms vdinterrecep.frm
02 17:12:29:104 Ejecutando interfase VDINTERRECEP
02 17:13:05:127 Empiezo a leer forms vdinterrecep.frm
02 17:13:05:134 Termino parse forms vdinterrecep.frm
02 17:13:05:134 Ejecutando interfase VDINTERRECEP
02 17:13:41:150 Empiezo a leer forms vdinterrecep.frm
02 17:13:41:154 Termino parse forms vdinterrecep.frm
02 17:13:41:154 Ejecutando interfase VDINTERRECEP
02 17:14:17:182 Empiezo a leer forms vdinterrecep.frm
02 17:14:17:182 Termino parse forms vdinterrecep.frm
02 17:14:17:182 Ejecutando interfase VDINTERRECEP
02 17:14:53:215 Empiezo a leer forms vdinterrecep.frm
02 17:14:53:215 Termino parse forms vdinterrecep.frm
02 17:14:53:215 Ejecutando interfase VDINTERRECEP
02 17:15:29:244 Empiezo a leer forms vdinterrecep.frm
02 17:15:29:247 Termino parse forms vdinterrecep.frm
02 17:15:29:247 Ejecutando interfase VDINTERRECEP
02 17:16:05:260 Empiezo a leer forms vdinterrecep.frm
02 17:16:05:260 Termino parse forms vdinterrecep.frm
02 17:16:05:260 Ejecutando interfase VDINTERRECEP
02 17:16:41:287 Empiezo a leer forms vdinterrecep.frm
02 17:16:41:287 Termino parse forms vdinterrecep.frm
02 17:16:41:287 Ejecutando interfase VDINTERRECEP
02 17:17:17:325 Empiezo a leer forms vdinterrecep.frm
02 17:17:17:325 Termino parse forms vdinterrecep.frm
02 17:17:17:325 Ejecutando interfase VDINTERRECEP
02 17:17:53:354 Empiezo a leer forms vdinterrecep.frm
02 17:17:53:354 Termino parse forms vdinterrecep.frm
02 17:17:53:354 Ejecutando interfase VDINTERRECEP
02 17:18:29:380 Empiezo a leer forms vdinterrecep.frm
02 17:18:29:380 Termino parse forms vdinterrecep.frm
02 17:18:29:380 Ejecutando interfase VDINTERRECEP
02 17:19:05:402 Empiezo a leer forms vdinterrecep.frm
02 17:19:05:402 Termino parse forms vdinterrecep.frm
02 17:19:05:402 Ejecutando interfase VDINTERRECEP
02 17:19:41:427 Empiezo a leer forms vdinterrecep.frm
02 17:19:41:427 Termino parse forms vdinterrecep.frm
02 17:19:41:427 Ejecutando interfase VDINTERRECEP
02 17:20:17:459 Empiezo a leer forms vdinterrecep.frm
02 17:20:17:459 Termino parse forms vdinterrecep.frm
02 17:20:17:459 Ejecutando interfase VDINTERRECEP
02 17:20:53:482 Empiezo a leer forms vdinterrecep.frm
02 17:20:53:482 Termino parse forms vdinterrecep.frm
02 17:20:53:482 Ejecutando interfase VDINTERRECEP
02 17:21:29:512 Empiezo a leer forms vdinterrecep.frm
02 17:21:29:519 Termino parse forms vdinterrecep.frm
02 17:21:29:519 Ejecutando interfase VDINTERRECEP
02 17:22:05:535 Empiezo a leer forms vdinterrecep.frm
02 17:22:05:535 Termino parse forms vdinterrecep.frm
02 17:22:05:535 Ejecutando interfase VDINTERRECEP
02 17:22:41:564 Empiezo a leer forms vdinterrecep.frm
02 17:22:41:564 Termino parse forms vdinterrecep.frm
02 17:22:41:564 Ejecutando interfase VDINTERRECEP
02 17:23:17:587 Empiezo a leer forms vdinterrecep.frm
02 17:23:17:587 Termino parse forms vdinterrecep.frm
02 17:23:17:587 Ejecutando interfase VDINTERRECEP
02 17:23:53:622 Empiezo a leer forms vdinterrecep.frm
02 17:23:53:622 Termino parse forms vdinterrecep.frm
02 17:23:53:622 Ejecutando interfase VDINTERRECEP
02 17:24:29:647 Empiezo a leer forms vdinterrecep.frm
02 17:24:29:647 Termino parse forms vdinterrecep.frm
02 17:24:29:647 Ejecutando interfase VDINTERRECEP
02 17:25:05:682 Empiezo a leer forms vdinterrecep.frm
02 17:25:05:682 Termino parse forms vdinterrecep.frm
02 17:25:05:682 Ejecutando interfase VDINTERRECEP
02 17:25:41:709 Empiezo a leer forms vdinterrecep.frm
02 17:25:41:709 Termino parse forms vdinterrecep.frm
02 17:25:41:709 Ejecutando interfase VDINTERRECEP
02 17:26:17:742 Empiezo a leer forms vdinterrecep.frm
02 17:26:17:742 Termino parse forms vdinterrecep.frm
02 17:26:17:742 Ejecutando interfase VDINTERRECEP
02 17:26:53:782 Empiezo a leer forms vdinterrecep.frm
02 17:26:53:782 Termino parse forms vdinterrecep.frm
02 17:26:53:782 Ejecutando interfase VDINTERRECEP
02 17:27:29:802 Empiezo a leer forms vdinterrecep.frm
02 17:27:29:802 Termino parse forms vdinterrecep.frm
02 17:27:29:802 Ejecutando interfase VDINTERRECEP
02 17:28:05:820 Empiezo a leer forms vdinterrecep.frm
02 17:28:05:820 Termino parse forms vdinterrecep.frm
02 17:28:05:820 Ejecutando interfase VDINTERRECEP
02 17:28:41:850 Empiezo a leer forms vdinterrecep.frm
02 17:28:41:855 Termino parse forms vdinterrecep.frm
02 17:28:41:855 Ejecutando interfase VDINTERRECEP
02 17:29:17:882 Empiezo a leer forms vdinterrecep.frm
02 17:29:17:882 Termino parse forms vdinterrecep.frm
02 17:29:17:882 Ejecutando interfase VDINTERRECEP
02 17:29:53:910 Empiezo a leer forms vdinterrecep.frm
02 17:29:53:910 Termino parse forms vdinterrecep.frm
02 17:29:53:910 Ejecutando interfase VDINTERRECEP
02 17:30:29:932 Empiezo a leer forms vdinterrecep.frm
02 17:30:29:934 Termino parse forms vdinterrecep.frm
02 17:30:29:934 Ejecutando interfase VDINTERRECEP
02 17:31:05:959 Empiezo a leer forms vdinterrecep.frm
02 17:31:05:959 Termino parse forms vdinterrecep.frm
02 17:31:05:959 Ejecutando interfase VDINTERRECEP

00 17:31:35:285 Fichero de log cerrado.

00 17:31:48:437 Fichero de log abierto PID 12264

02 17:31:48:439 Intentando abrir fichero v10.ini
02 17:31:48:444 Cargando driver v10oracle funcion damedriveroracle
02 17:31:49:064 Conectado a base de datos
02 17:31:49:064 Proceso ENVIORECEP encontrado en tabla VDPROCESOS
02 17:31:49:070 Proceso ENVIORECEP cargado con función interfasesalida (Librería VDINTERFASES.DLL) direccion 05C8CC80
02 17:31:49:072 PLSQL: INICIALIZADO PAQUETE DE LOG EL DIA 30-06-2022
02 17:31:49:080 Actualizado SID 627 SERIAL 39502 del proceso con PID 12264
00 17:31:49:085 Error al abrir fichero VDST.H
02 17:31:49:085 Empiezo a leer forms vdinterrecep.frm
02 17:31:49:102 Termino parse forms vdinterrecep.frm
02 17:31:49:102 Ejecutando interfase VDINTERRECEP
02 17:32:25:115 Empiezo a leer forms vdinterrecep.frm
02 17:32:25:115 Termino parse forms vdinterrecep.frm
02 17:32:25:115 Ejecutando interfase VDINTERRECEP
02 17:33:01:152 Empiezo a leer forms vdinterrecep.frm
02 17:33:01:152 Termino parse forms vdinterrecep.frm
02 17:33:01:152 Ejecutando interfase VDINTERRECEP
02 17:33:37:179 Empiezo a leer forms vdinterrecep.frm
02 17:33:37:190 Termino parse forms vdinterrecep.frm
02 17:33:37:190 Ejecutando interfase VDINTERRECEP
02 17:34:13:200 Empiezo a leer forms vdinterrecep.frm
02 17:34:13:200 Termino parse forms vdinterrecep.frm
02 17:34:13:200 Ejecutando interfase VDINTERRECEP
02 17:34:49:232 Empiezo a leer forms vdinterrecep.frm
02 17:34:49:232 Termino parse forms vdinterrecep.frm
02 17:34:49:232 Ejecutando interfase VDINTERRECEP
02 17:35:25:245 Empiezo a leer forms vdinterrecep.frm
02 17:35:25:250 Termino parse forms vdinterrecep.frm
02 17:35:25:250 Ejecutando interfase VDINTERRECEP
02 17:36:01:269 Empiezo a leer forms vdinterrecep.frm
02 17:36:01:269 Termino parse forms vdinterrecep.frm
02 17:36:01:269 Ejecutando interfase VDINTERRECEP
02 17:36:37:287 Empiezo a leer forms vdinterrecep.frm
02 17:36:37:287 Termino parse forms vdinterrecep.frm
02 17:36:37:287 Ejecutando interfase VDINTERRECEP
02 17:37:13:310 Empiezo a leer forms vdinterrecep.frm
02 17:37:13:310 Termino parse forms vdinterrecep.frm
02 17:37:13:310 Ejecutando interfase VDINTERRECEP
02 17:37:49:347 Empiezo a leer forms vdinterrecep.frm
02 17:37:49:347 Termino parse forms vdinterrecep.frm
02 17:37:49:347 Ejecutando interfase VDINTERRECEP
02 17:38:25:360 Empiezo a leer forms vdinterrecep.frm
02 17:38:25:360 Termino parse forms vdinterrecep.frm
02 17:38:25:360 Ejecutando interfase VDINTERRECEP
02 17:39:01:379 Empiezo a leer forms vdinterrecep.frm
02 17:39:01:379 Termino parse forms vdinterrecep.frm
02 17:39:01:379 Ejecutando interfase VDINTERRECEP
02 17:39:37:407 Empiezo a leer forms vdinterrecep.frm
02 17:39:37:407 Termino parse forms vdinterrecep.frm
02 17:39:37:407 Ejecutando interfase VDINTERRECEP
02 17:40:13:434 Empiezo a leer forms vdinterrecep.frm
02 17:40:13:434 Termino parse forms vdinterrecep.frm
02 17:40:13:434 Ejecutando interfase VDINTERRECEP
02 17:40:49:470 Empiezo a leer forms vdinterrecep.frm
02 17:40:49:470 Termino parse forms vdinterrecep.frm
02 17:40:49:470 Ejecutando interfase VDINTERRECEP
02 17:41:25:489 Empiezo a leer forms vdinterrecep.frm
02 17:41:25:489 Termino parse forms vdinterrecep.frm
02 17:41:25:489 Ejecutando interfase VDINTERRECEP
02 17:42:01:519 Empiezo a leer forms vdinterrecep.frm
02 17:42:01:519 Termino parse forms vdinterrecep.frm
02 17:42:01:519 Ejecutando interfase VDINTERRECEP
02 17:42:37:547 Empiezo a leer forms vdinterrecep.frm
02 17:42:37:547 Termino parse forms vdinterrecep.frm
02 17:42:37:547 Ejecutando interfase VDINTERRECEP
02 17:43:13:582 Empiezo a leer forms vdinterrecep.frm
02 17:43:13:582 Termino parse forms vdinterrecep.frm
02 17:43:13:582 Ejecutando interfase VDINTERRECEP
02 17:43:49:617 Empiezo a leer forms vdinterrecep.frm
02 17:43:49:617 Termino parse forms vdinterrecep.frm
02 17:43:49:617 Ejecutando interfase VDINTERRECEP
02 17:44:25:640 Empiezo a leer forms vdinterrecep.frm
02 17:44:25:640 Termino parse forms vdinterrecep.frm
02 17:44:25:640 Ejecutando interfase VDINTERRECEP
02 17:45:01:662 Empiezo a leer forms vdinterrecep.frm
02 17:45:01:662 Termino parse forms vdinterrecep.frm
02 17:45:01:662 Ejecutando interfase VDINTERRECEP
02 17:45:37:677 Empiezo a leer forms vdinterrecep.frm
02 17:45:37:677 Termino parse forms vdinterrecep.frm
02 17:45:37:677 Ejecutando interfase VDINTERRECEP
02 17:46:13:712 Empiezo a leer forms vdinterrecep.frm
02 17:46:13:712 Termino parse forms vdinterrecep.frm
02 17:46:13:712 Ejecutando interfase VDINTERRECEP

00 17:46:21:447 Fichero de log cerrado.

00 17:46:33:945 Fichero de log abierto PID 9596

02 17:46:33:947 Intentando abrir fichero v10.ini
02 17:46:33:950 Cargando driver v10oracle funcion damedriveroracle
02 17:46:34:684 Conectado a base de datos
02 17:46:34:685 Proceso ENVIORECEP encontrado en tabla VDPROCESOS
02 17:46:34:690 Proceso ENVIORECEP cargado con función interfasesalida (Librería VDINTERFASES.DLL) direccion 062ACC80
02 17:46:34:693 PLSQL: INICIALIZADO PAQUETE DE LOG EL DIA 30-06-2022
02 17:46:34:700 Actualizado SID 137 SERIAL 4203 del proceso con PID 9596
00 17:46:34:707 Error al abrir fichero VDST.H
02 17:46:34:709 Empiezo a leer forms vdinterrecep.frm
02 17:46:34:724 Termino parse forms vdinterrecep.frm
02 17:46:34:724 Ejecutando interfase VDINTERRECEP
02 17:47:10:730 Empiezo a leer forms vdinterrecep.frm
02 17:47:10:730 Termino parse forms vdinterrecep.frm
02 17:47:10:730 Ejecutando interfase VDINTERRECEP
02 17:47:46:754 Empiezo a leer forms vdinterrecep.frm
02 17:47:46:760 Termino parse forms vdinterrecep.frm
02 17:47:46:760 Ejecutando interfase VDINTERRECEP
02 17:48:22:782 Empiezo a leer forms vdinterrecep.frm
02 17:48:22:789 Termino parse forms vdinterrecep.frm
02 17:48:22:789 Ejecutando interfase VDINTERRECEP
02 17:48:58:800 Empiezo a leer forms vdinterrecep.frm
02 17:48:58:805 Termino parse forms vdinterrecep.frm
02 17:48:58:805 Ejecutando interfase VDINTERRECEP
02 17:49:34:824 Empiezo a leer forms vdinterrecep.frm
02 17:49:34:830 Termino parse forms vdinterrecep.frm
02 17:49:34:830 Ejecutando interfase VDINTERRECEP

00 17:49:57:492 Fichero de log cerrado.

00 17:51:15:165 Fichero de log abierto PID 6136

02 17:51:15:167 Intentando abrir fichero v10.ini
02 17:51:15:174 Cargando driver v10oracle funcion damedriveroracle
02 17:51:15:957 Conectado a base de datos
02 17:51:15:959 Proceso ENVIORECEP encontrado en tabla VDPROCESOS
02 17:51:15:965 Proceso ENVIORECEP cargado con función interfasesalida (Librería VDINTERFASES.DLL) direccion 05E2CC80
02 17:51:15:968 PLSQL: INICIALIZADO PAQUETE DE LOG EL DIA 30-06-2022
02 17:51:15:979 Actualizado SID 625 SERIAL 54092 del proceso con PID 6136
00 17:51:15:985 Error al abrir fichero VDST.H
02 17:51:15:985 Empiezo a leer forms vdinterrecep.frm
02 17:51:16:002 Termino parse forms vdinterrecep.frm
02 17:51:16:002 Ejecutando interfase VDINTERRECEP
02 17:51:52:009 Empiezo a leer forms vdinterrecep.frm
02 17:51:52:009 Termino parse forms vdinterrecep.frm
02 17:51:52:009 Ejecutando interfase VDINTERRECEP

00 17:52:14:355 Fichero de log cerrado.

