00 11:54:47:345 Fichero de log abierto PID 9068

02 11:54:47:347 Intentando abrir fichero v10.ini
02 11:54:47:352 Cargando driver v10oracle funcion damedriveroracle
02 11:54:47:857 Conectado a base de datos
02 11:54:47:860 Proceso ENVIOMOVIM encontrado en tabla VDPROCESOS
02 11:54:50:072 Proceso ENVIOMOVIM cargado con función interfasesalida (Librería VDINTERFASES.DLL) direccion 0689CC80
02 11:54:50:073 PLSQL: INICIALIZADO PAQUETE DE LOG EL DIA 30-06-2022
02 11:54:50:092 Actualizado SID 379 SERIAL 18476 del proceso con PID 9068
00 11:54:50:097 Error al abrir fichero VDST.H
02 11:54:50:099 Empiezo a leer forms vdintermovim.frm
02 11:54:50:110 Termino parse forms vdintermovim.frm
02 11:54:50:110 Ejecutando interfase VDINTERMOVIM
02 11:56:50:130 Empiezo a leer forms vdintermovim.frm
02 11:56:50:137 Termino parse forms vdintermovim.frm
02 11:56:50:139 Ejecutando interfase VDINTERMOVIM
02 11:58:50:152 Empiezo a leer forms vdintermovim.frm
02 11:58:50:160 Termino parse forms vdintermovim.frm
02 11:58:50:160 Ejecutando interfase VDINTERMOVIM
02 12:00:50:190 Empiezo a leer forms vdintermovim.frm
02 12:00:50:195 Termino parse forms vdintermovim.frm
02 12:00:50:195 Ejecutando interfase VDINTERMOVIM
02 12:02:50:212 Empiezo a leer forms vdintermovim.frm
02 12:02:50:220 Termino parse forms vdintermovim.frm
02 12:02:50:220 Ejecutando interfase VDINTERMOVIM

00 12:04:30:227 Fichero de log cerrado.

00 12:04:42:839 Fichero de log abierto PID 12500

02 12:04:42:844 Intentando abrir fichero v10.ini
02 12:04:42:850 Cargando driver v10oracle funcion damedriveroracle
02 12:04:43:455 Conectado a base de datos
02 12:04:43:457 Proceso ENVIOMOVIM encontrado en tabla VDPROCESOS
02 12:04:43:464 Proceso ENVIOMOVIM cargado con función interfasesalida (Librería VDINTERFASES.DLL) direccion 0694CC80
02 12:04:43:467 PLSQL: INICIALIZADO PAQUETE DE LOG EL DIA 30-06-2022
02 12:04:43:477 Actualizado SID 377 SERIAL 48630 del proceso con PID 12500
00 12:04:43:482 Error al abrir fichero VDST.H
02 12:04:43:484 Empiezo a leer forms vdintermovim.frm
02 12:04:43:495 Termino parse forms vdintermovim.frm
02 12:04:43:497 Ejecutando interfase VDINTERMOVIM

00 12:05:30:412 Fichero de log cerrado.

00 12:07:06:195 Fichero de log abierto PID 10248

02 12:07:06:197 Intentando abrir fichero v10.ini
02 12:07:06:204 Cargando driver v10oracle funcion damedriveroracle
02 12:07:07:065 Conectado a base de datos
02 12:07:07:067 Proceso ENVIOMOVIM encontrado en tabla VDPROCESOS
02 12:07:07:072 Proceso ENVIOMOVIM cargado con función interfasesalida (Librería VDINTERFASES.DLL) direccion 060ACC80
02 12:07:07:074 PLSQL: INICIALIZADO PAQUETE DE LOG EL DIA 30-06-2022
02 12:07:07:084 Actualizado SID 137 SERIAL 46833 del proceso con PID 10248
00 12:07:07:087 Error al abrir fichero VDST.H
02 12:07:07:087 Empiezo a leer forms vdintermovim.frm
02 12:07:07:102 Termino parse forms vdintermovim.frm
02 12:07:07:102 Ejecutando interfase VDINTERMOVIM
02 12:09:07:130 Empiezo a leer forms vdintermovim.frm
02 12:09:07:135 Termino parse forms vdintermovim.frm
02 12:09:07:135 Ejecutando interfase VDINTERMOVIM
02 12:11:07:170 Empiezo a leer forms vdintermovim.frm
02 12:11:07:170 Termino parse forms vdintermovim.frm
02 12:11:07:170 Ejecutando interfase VDINTERMOVIM
02 12:13:05:977 Empiezo a leer forms vdintermovim.frm
02 12:13:05:980 Termino parse forms vdintermovim.frm
02 12:13:05:980 Ejecutando interfase VDINTERMOVIM
02 12:15:06:005 Empiezo a leer forms vdintermovim.frm
02 12:15:06:005 Termino parse forms vdintermovim.frm
02 12:15:06:005 Ejecutando interfase VDINTERMOVIM
02 12:17:06:032 Empiezo a leer forms vdintermovim.frm
02 12:17:06:032 Termino parse forms vdintermovim.frm
02 12:17:06:032 Ejecutando interfase VDINTERMOVIM
02 12:19:06:052 Empiezo a leer forms vdintermovim.frm
02 12:19:06:052 Termino parse forms vdintermovim.frm
02 12:19:06:052 Ejecutando interfase VDINTERMOVIM
02 12:21:06:077 Empiezo a leer forms vdintermovim.frm
02 12:21:06:077 Termino parse forms vdintermovim.frm
02 12:21:06:077 Ejecutando interfase VDINTERMOVIM
02 12:23:06:109 Empiezo a leer forms vdintermovim.frm
02 12:23:06:109 Termino parse forms vdintermovim.frm
02 12:23:06:109 Ejecutando interfase VDINTERMOVIM
02 12:25:06:137 Empiezo a leer forms vdintermovim.frm
02 12:25:06:137 Termino parse forms vdintermovim.frm
02 12:25:06:137 Ejecutando interfase VDINTERMOVIM
02 12:27:06:167 Empiezo a leer forms vdintermovim.frm
02 12:27:06:172 Termino parse forms vdintermovim.frm
02 12:27:06:172 Ejecutando interfase VDINTERMOVIM
02 12:29:06:185 Empiezo a leer forms vdintermovim.frm
02 12:29:06:185 Termino parse forms vdintermovim.frm
02 12:29:06:185 Ejecutando interfase VDINTERMOVIM
02 12:31:06:205 Empiezo a leer forms vdintermovim.frm
02 12:31:06:205 Termino parse forms vdintermovim.frm
02 12:31:06:205 Ejecutando interfase VDINTERMOVIM
02 12:33:06:220 Empiezo a leer forms vdintermovim.frm
02 12:33:06:220 Termino parse forms vdintermovim.frm
02 12:33:06:220 Ejecutando interfase VDINTERMOVIM
02 12:35:06:235 Empiezo a leer forms vdintermovim.frm
02 12:35:06:235 Termino parse forms vdintermovim.frm
02 12:35:06:235 Ejecutando interfase VDINTERMOVIM
02 12:37:06:254 Empiezo a leer forms vdintermovim.frm
02 12:37:06:254 Termino parse forms vdintermovim.frm
02 12:37:06:254 Ejecutando interfase VDINTERMOVIM
02 12:39:06:272 Empiezo a leer forms vdintermovim.frm
02 12:39:06:275 Termino parse forms vdintermovim.frm
02 12:39:06:275 Ejecutando interfase VDINTERMOVIM
02 12:41:06:294 Empiezo a leer forms vdintermovim.frm
02 12:41:06:297 Termino parse forms vdintermovim.frm
02 12:41:06:299 Ejecutando interfase VDINTERMOVIM
02 12:43:06:317 Empiezo a leer forms vdintermovim.frm
02 12:43:06:322 Termino parse forms vdintermovim.frm
02 12:43:06:322 Ejecutando interfase VDINTERMOVIM
02 12:45:06:334 Empiezo a leer forms vdintermovim.frm
02 12:45:06:334 Termino parse forms vdintermovim.frm
02 12:45:06:334 Ejecutando interfase VDINTERMOVIM
02 12:47:06:352 Empiezo a leer forms vdintermovim.frm
02 12:47:06:352 Termino parse forms vdintermovim.frm
02 12:47:06:352 Ejecutando interfase VDINTERMOVIM
02 12:49:06:392 Empiezo a leer forms vdintermovim.frm
02 12:49:06:392 Termino parse forms vdintermovim.frm
02 12:49:06:392 Ejecutando interfase VDINTERMOVIM
02 12:51:06:422 Empiezo a leer forms vdintermovim.frm
02 12:51:06:422 Termino parse forms vdintermovim.frm
02 12:51:06:422 Ejecutando interfase VDINTERMOVIM
02 12:53:06:450 Empiezo a leer forms vdintermovim.frm
02 12:53:06:450 Termino parse forms vdintermovim.frm
02 12:53:06:450 Ejecutando interfase VDINTERMOVIM
02 12:55:06:482 Empiezo a leer forms vdintermovim.frm
02 12:55:06:485 Termino parse forms vdintermovim.frm
02 12:55:06:485 Ejecutando interfase VDINTERMOVIM
02 12:57:06:490 Empiezo a leer forms vdintermovim.frm
02 12:57:06:490 Termino parse forms vdintermovim.frm
02 12:57:06:490 Ejecutando interfase VDINTERMOVIM
02 12:59:06:510 Empiezo a leer forms vdintermovim.frm
02 12:59:06:510 Termino parse forms vdintermovim.frm
02 12:59:06:510 Ejecutando interfase VDINTERMOVIM
02 13:01:06:539 Empiezo a leer forms vdintermovim.frm
02 13:01:06:539 Termino parse forms vdintermovim.frm
02 13:01:06:539 Ejecutando interfase VDINTERMOVIM
02 13:03:06:570 Empiezo a leer forms vdintermovim.frm
02 13:03:06:570 Termino parse forms vdintermovim.frm
02 13:03:06:577 Ejecutando interfase VDINTERMOVIM
02 13:05:06:600 Empiezo a leer forms vdintermovim.frm
02 13:05:06:600 Termino parse forms vdintermovim.frm
02 13:05:06:600 Ejecutando interfase VDINTERMOVIM
02 13:07:06:617 Empiezo a leer forms vdintermovim.frm
02 13:07:06:617 Termino parse forms vdintermovim.frm
02 13:07:06:617 Ejecutando interfase VDINTERMOVIM
02 13:09:06:627 Empiezo a leer forms vdintermovim.frm
02 13:09:06:627 Termino parse forms vdintermovim.frm
02 13:09:06:627 Ejecutando interfase VDINTERMOVIM
02 13:11:06:652 Empiezo a leer forms vdintermovim.frm
02 13:11:06:652 Termino parse forms vdintermovim.frm
02 13:11:06:652 Ejecutando interfase VDINTERMOVIM
02 13:13:06:677 Empiezo a leer forms vdintermovim.frm
02 13:13:06:677 Termino parse forms vdintermovim.frm
02 13:13:06:677 Ejecutando interfase VDINTERMOVIM
02 13:15:06:689 Empiezo a leer forms vdintermovim.frm
02 13:15:06:694 Termino parse forms vdintermovim.frm
02 13:15:06:694 Ejecutando interfase VDINTERMOVIM
02 13:17:06:702 Empiezo a leer forms vdintermovim.frm
02 13:17:06:702 Termino parse forms vdintermovim.frm
02 13:17:06:702 Ejecutando interfase VDINTERMOVIM
02 13:19:06:722 Empiezo a leer forms vdintermovim.frm
02 13:19:06:722 Termino parse forms vdintermovim.frm
02 13:19:06:722 Ejecutando interfase VDINTERMOVIM
02 13:21:06:749 Empiezo a leer forms vdintermovim.frm
02 13:21:06:749 Termino parse forms vdintermovim.frm
02 13:21:06:749 Ejecutando interfase VDINTERMOVIM
02 13:23:06:765 Empiezo a leer forms vdintermovim.frm
02 13:23:06:765 Termino parse forms vdintermovim.frm
02 13:23:06:765 Ejecutando interfase VDINTERMOVIM
02 13:25:06:784 Empiezo a leer forms vdintermovim.frm
02 13:25:06:784 Termino parse forms vdintermovim.frm
02 13:25:06:784 Ejecutando interfase VDINTERMOVIM
02 13:27:06:799 Empiezo a leer forms vdintermovim.frm
02 13:27:06:810 Termino parse forms vdintermovim.frm
02 13:27:06:810 Ejecutando interfase VDINTERMOVIM
02 13:29:06:824 Empiezo a leer forms vdintermovim.frm
02 13:29:06:824 Termino parse forms vdintermovim.frm
02 13:29:06:824 Ejecutando interfase VDINTERMOVIM
02 13:31:06:840 Empiezo a leer forms vdintermovim.frm
02 13:31:06:840 Termino parse forms vdintermovim.frm
02 13:31:06:840 Ejecutando interfase VDINTERMOVIM
02 13:33:06:852 Empiezo a leer forms vdintermovim.frm
02 13:33:06:852 Termino parse forms vdintermovim.frm
02 13:33:06:852 Ejecutando interfase VDINTERMOVIM
02 13:35:06:885 Empiezo a leer forms vdintermovim.frm
02 13:35:06:885 Termino parse forms vdintermovim.frm
02 13:35:06:885 Ejecutando interfase VDINTERMOVIM
02 13:37:06:912 Empiezo a leer forms vdintermovim.frm
02 13:37:06:912 Termino parse forms vdintermovim.frm
02 13:37:06:912 Ejecutando interfase VDINTERMOVIM
02 13:39:06:942 Empiezo a leer forms vdintermovim.frm
02 13:39:06:942 Termino parse forms vdintermovim.frm
02 13:39:06:942 Ejecutando interfase VDINTERMOVIM
02 13:41:06:962 Empiezo a leer forms vdintermovim.frm
02 13:41:06:962 Termino parse forms vdintermovim.frm
02 13:41:06:962 Ejecutando interfase VDINTERMOVIM
02 13:43:06:992 Empiezo a leer forms vdintermovim.frm
02 13:43:06:992 Termino parse forms vdintermovim.frm
02 13:43:06:992 Ejecutando interfase VDINTERMOVIM
02 13:45:07:022 Empiezo a leer forms vdintermovim.frm
02 13:45:07:022 Termino parse forms vdintermovim.frm
02 13:45:07:022 Ejecutando interfase VDINTERMOVIM
02 13:47:07:045 Empiezo a leer forms vdintermovim.frm
02 13:47:07:045 Termino parse forms vdintermovim.frm
02 13:47:07:045 Ejecutando interfase VDINTERMOVIM
02 13:49:07:072 Empiezo a leer forms vdintermovim.frm
02 13:49:07:075 Termino parse forms vdintermovim.frm
02 13:49:07:075 Ejecutando interfase VDINTERMOVIM
02 13:51:07:090 Empiezo a leer forms vdintermovim.frm
02 13:51:07:090 Termino parse forms vdintermovim.frm
02 13:51:07:090 Ejecutando interfase VDINTERMOVIM
02 13:53:07:112 Empiezo a leer forms vdintermovim.frm
02 13:53:07:112 Termino parse forms vdintermovim.frm
02 13:53:07:112 Ejecutando interfase VDINTERMOVIM
02 13:55:07:140 Empiezo a leer forms vdintermovim.frm
02 13:55:07:140 Termino parse forms vdintermovim.frm
02 13:55:07:140 Ejecutando interfase VDINTERMOVIM
02 13:57:07:162 Empiezo a leer forms vdintermovim.frm
02 13:57:07:165 Termino parse forms vdintermovim.frm
02 13:57:07:165 Ejecutando interfase VDINTERMOVIM

00 13:58:50:712 Fichero de log cerrado.

00 13:59:07:582 Fichero de log abierto PID 3496

02 13:59:07:585 Intentando abrir fichero v10.ini
02 13:59:07:590 Cargando driver v10oracle funcion damedriveroracle
02 13:59:08:092 Conectado a base de datos
02 13:59:08:092 Proceso ENVIOMOVIM encontrado en tabla VDPROCESOS
02 13:59:08:100 Proceso ENVIOMOVIM cargado con función interfasesalida (Librería VDINTERFASES.DLL) direccion 06E4CC80
02 13:59:08:103 PLSQL: INICIALIZADO PAQUETE DE LOG EL DIA 30-06-2022
02 13:59:08:112 Actualizado SID 379 SERIAL 26496 del proceso con PID 3496
00 13:59:08:117 Error al abrir fichero VDST.H
02 13:59:08:119 Empiezo a leer forms vdintermovim.frm
02 13:59:08:134 Termino parse forms vdintermovim.frm
02 13:59:08:134 Ejecutando interfase VDINTERMOVIM
02 14:01:08:142 Empiezo a leer forms vdintermovim.frm
02 14:01:08:142 Termino parse forms vdintermovim.frm
02 14:01:08:142 Ejecutando interfase VDINTERMOVIM
02 14:03:08:175 Empiezo a leer forms vdintermovim.frm
02 14:03:08:175 Termino parse forms vdintermovim.frm
02 14:03:08:175 Ejecutando interfase VDINTERMOVIM
02 14:05:08:194 Empiezo a leer forms vdintermovim.frm
02 14:05:08:194 Termino parse forms vdintermovim.frm
02 14:05:08:194 Ejecutando interfase VDINTERMOVIM
02 14:07:08:210 Empiezo a leer forms vdintermovim.frm
02 14:07:08:210 Termino parse forms vdintermovim.frm
02 14:07:08:210 Ejecutando interfase VDINTERMOVIM
02 14:09:08:232 Empiezo a leer forms vdintermovim.frm
02 14:09:08:232 Termino parse forms vdintermovim.frm
02 14:09:08:232 Ejecutando interfase VDINTERMOVIM
02 14:11:08:257 Empiezo a leer forms vdintermovim.frm
02 14:11:08:262 Termino parse forms vdintermovim.frm
02 14:11:08:262 Ejecutando interfase VDINTERMOVIM
02 14:13:08:270 Empiezo a leer forms vdintermovim.frm
02 14:13:08:270 Termino parse forms vdintermovim.frm
02 14:13:08:270 Ejecutando interfase VDINTERMOVIM
02 14:15:08:300 Empiezo a leer forms vdintermovim.frm
02 14:15:08:300 Termino parse forms vdintermovim.frm
02 14:15:08:300 Ejecutando interfase VDINTERMOVIM
02 14:17:08:317 Empiezo a leer forms vdintermovim.frm
02 14:17:08:317 Termino parse forms vdintermovim.frm
02 14:17:08:317 Ejecutando interfase VDINTERMOVIM
02 14:19:08:335 Empiezo a leer forms vdintermovim.frm
02 14:19:08:335 Termino parse forms vdintermovim.frm
02 14:19:08:335 Ejecutando interfase VDINTERMOVIM
02 14:21:08:355 Empiezo a leer forms vdintermovim.frm
02 14:21:08:355 Termino parse forms vdintermovim.frm
02 14:21:08:355 Ejecutando interfase VDINTERMOVIM
02 14:23:08:377 Empiezo a leer forms vdintermovim.frm
02 14:23:08:377 Termino parse forms vdintermovim.frm
02 14:23:08:377 Ejecutando interfase VDINTERMOVIM
02 14:25:08:407 Empiezo a leer forms vdintermovim.frm
02 14:25:08:407 Termino parse forms vdintermovim.frm
02 14:25:08:407 Ejecutando interfase VDINTERMOVIM
02 14:27:08:429 Empiezo a leer forms vdintermovim.frm
02 14:27:08:429 Termino parse forms vdintermovim.frm
02 14:27:08:429 Ejecutando interfase VDINTERMOVIM
02 14:29:08:452 Empiezo a leer forms vdintermovim.frm
02 14:29:08:452 Termino parse forms vdintermovim.frm
02 14:29:08:452 Ejecutando interfase VDINTERMOVIM
02 14:31:08:477 Empiezo a leer forms vdintermovim.frm
02 14:31:08:477 Termino parse forms vdintermovim.frm
02 14:31:08:477 Ejecutando interfase VDINTERMOVIM
02 14:33:08:495 Empiezo a leer forms vdintermovim.frm
02 14:33:08:497 Termino parse forms vdintermovim.frm
02 14:33:08:497 Ejecutando interfase VDINTERMOVIM
02 14:35:08:527 Empiezo a leer forms vdintermovim.frm
02 14:35:08:527 Termino parse forms vdintermovim.frm
02 14:35:08:527 Ejecutando interfase VDINTERMOVIM
02 14:37:08:540 Empiezo a leer forms vdintermovim.frm
02 14:37:08:542 Termino parse forms vdintermovim.frm
02 14:37:08:542 Ejecutando interfase VDINTERMOVIM
02 14:39:08:557 Empiezo a leer forms vdintermovim.frm
02 14:39:08:557 Termino parse forms vdintermovim.frm
02 14:39:08:557 Ejecutando interfase VDINTERMOVIM
02 14:41:08:589 Empiezo a leer forms vdintermovim.frm
02 14:41:08:589 Termino parse forms vdintermovim.frm
02 14:41:08:589 Ejecutando interfase VDINTERMOVIM
02 14:43:08:620 Empiezo a leer forms vdintermovim.frm
02 14:43:08:620 Termino parse forms vdintermovim.frm
02 14:43:08:620 Ejecutando interfase VDINTERMOVIM
02 14:45:08:650 Empiezo a leer forms vdintermovim.frm
02 14:45:08:650 Termino parse forms vdintermovim.frm
02 14:45:08:650 Ejecutando interfase VDINTERMOVIM
02 14:47:08:675 Empiezo a leer forms vdintermovim.frm
02 14:47:08:675 Termino parse forms vdintermovim.frm
02 14:47:08:675 Ejecutando interfase VDINTERMOVIM
02 14:49:08:700 Empiezo a leer forms vdintermovim.frm
02 14:49:08:700 Termino parse forms vdintermovim.frm
02 14:49:08:700 Ejecutando interfase VDINTERMOVIM
02 14:51:08:720 Empiezo a leer forms vdintermovim.frm
02 14:51:08:720 Termino parse forms vdintermovim.frm
02 14:51:08:720 Ejecutando interfase VDINTERMOVIM
02 14:53:08:737 Empiezo a leer forms vdintermovim.frm
02 14:53:08:737 Termino parse forms vdintermovim.frm
02 14:53:08:737 Ejecutando interfase VDINTERMOVIM
02 14:55:08:772 Empiezo a leer forms vdintermovim.frm
02 14:55:08:775 Termino parse forms vdintermovim.frm
02 14:55:08:775 Ejecutando interfase VDINTERMOVIM
02 14:57:08:795 Empiezo a leer forms vdintermovim.frm
02 14:57:08:800 Termino parse forms vdintermovim.frm
02 14:57:08:800 Ejecutando interfase VDINTERMOVIM
02 14:59:08:817 Empiezo a leer forms vdintermovim.frm
02 14:59:08:817 Termino parse forms vdintermovim.frm
02 14:59:08:817 Ejecutando interfase VDINTERMOVIM
02 15:01:08:844 Empiezo a leer forms vdintermovim.frm
02 15:01:08:844 Termino parse forms vdintermovim.frm
02 15:01:08:844 Ejecutando interfase VDINTERMOVIM
02 15:03:08:872 Empiezo a leer forms vdintermovim.frm
02 15:03:08:872 Termino parse forms vdintermovim.frm
02 15:03:08:872 Ejecutando interfase VDINTERMOVIM
02 15:05:08:892 Empiezo a leer forms vdintermovim.frm
02 15:05:08:892 Termino parse forms vdintermovim.frm
02 15:05:08:892 Ejecutando interfase VDINTERMOVIM
02 15:07:08:922 Empiezo a leer forms vdintermovim.frm
02 15:07:08:922 Termino parse forms vdintermovim.frm
02 15:07:08:922 Ejecutando interfase VDINTERMOVIM
02 15:09:08:940 Empiezo a leer forms vdintermovim.frm
02 15:09:08:940 Termino parse forms vdintermovim.frm
02 15:09:08:940 Ejecutando interfase VDINTERMOVIM
02 15:11:08:957 Empiezo a leer forms vdintermovim.frm
02 15:11:08:957 Termino parse forms vdintermovim.frm
02 15:11:08:957 Ejecutando interfase VDINTERMOVIM
02 15:13:08:977 Empiezo a leer forms vdintermovim.frm
02 15:13:08:977 Termino parse forms vdintermovim.frm
02 15:13:08:977 Ejecutando interfase VDINTERMOVIM
02 15:15:09:002 Empiezo a leer forms vdintermovim.frm
02 15:15:09:012 Termino parse forms vdintermovim.frm
02 15:15:09:012 Ejecutando interfase VDINTERMOVIM
02 15:17:09:025 Empiezo a leer forms vdintermovim.frm
02 15:17:09:025 Termino parse forms vdintermovim.frm
02 15:17:09:025 Ejecutando interfase VDINTERMOVIM
02 15:19:09:044 Empiezo a leer forms vdintermovim.frm
02 15:19:09:044 Termino parse forms vdintermovim.frm
02 15:19:09:044 Ejecutando interfase VDINTERMOVIM
02 15:21:09:065 Empiezo a leer forms vdintermovim.frm
02 15:21:09:065 Termino parse forms vdintermovim.frm
02 15:21:09:065 Ejecutando interfase VDINTERMOVIM
02 15:23:09:094 Empiezo a leer forms vdintermovim.frm
02 15:23:09:094 Termino parse forms vdintermovim.frm
02 15:23:09:094 Ejecutando interfase VDINTERMOVIM
02 15:25:09:114 Empiezo a leer forms vdintermovim.frm
02 15:25:09:114 Termino parse forms vdintermovim.frm
02 15:25:09:114 Ejecutando interfase VDINTERMOVIM
02 15:27:09:134 Empiezo a leer forms vdintermovim.frm
02 15:27:09:135 Termino parse forms vdintermovim.frm
02 15:27:09:135 Ejecutando interfase VDINTERMOVIM
02 15:29:09:150 Empiezo a leer forms vdintermovim.frm
02 15:29:09:150 Termino parse forms vdintermovim.frm
02 15:29:09:150 Ejecutando interfase VDINTERMOVIM
02 15:31:09:182 Empiezo a leer forms vdintermovim.frm
02 15:31:09:182 Termino parse forms vdintermovim.frm
02 15:31:09:182 Ejecutando interfase VDINTERMOVIM
02 15:33:09:202 Empiezo a leer forms vdintermovim.frm
02 15:33:09:202 Termino parse forms vdintermovim.frm
02 15:33:09:202 Ejecutando interfase VDINTERMOVIM
02 15:35:09:227 Empiezo a leer forms vdintermovim.frm
02 15:35:09:227 Termino parse forms vdintermovim.frm
02 15:35:09:227 Ejecutando interfase VDINTERMOVIM
02 15:37:09:257 Empiezo a leer forms vdintermovim.frm
02 15:37:09:257 Termino parse forms vdintermovim.frm
02 15:37:09:257 Ejecutando interfase VDINTERMOVIM
02 15:39:09:275 Empiezo a leer forms vdintermovim.frm
02 15:39:09:275 Termino parse forms vdintermovim.frm
02 15:39:09:275 Ejecutando interfase VDINTERMOVIM
02 15:41:09:290 Empiezo a leer forms vdintermovim.frm
02 15:41:09:295 Termino parse forms vdintermovim.frm
02 15:41:09:295 Ejecutando interfase VDINTERMOVIM
02 15:43:09:305 Empiezo a leer forms vdintermovim.frm
02 15:43:09:307 Termino parse forms vdintermovim.frm
02 15:43:09:307 Ejecutando interfase VDINTERMOVIM
02 15:45:09:337 Empiezo a leer forms vdintermovim.frm
02 15:45:09:339 Termino parse forms vdintermovim.frm
02 15:45:09:339 Ejecutando interfase VDINTERMOVIM
02 15:47:09:360 Empiezo a leer forms vdintermovim.frm
02 15:47:09:360 Termino parse forms vdintermovim.frm
02 15:47:09:360 Ejecutando interfase VDINTERMOVIM
02 15:49:09:384 Empiezo a leer forms vdintermovim.frm
02 15:49:09:384 Termino parse forms vdintermovim.frm
02 15:49:09:384 Ejecutando interfase VDINTERMOVIM
02 15:51:09:402 Empiezo a leer forms vdintermovim.frm
02 15:51:09:405 Termino parse forms vdintermovim.frm
02 15:51:09:405 Ejecutando interfase VDINTERMOVIM
02 15:53:09:442 Empiezo a leer forms vdintermovim.frm
02 15:53:09:442 Termino parse forms vdintermovim.frm
02 15:53:09:442 Ejecutando interfase VDINTERMOVIM
02 15:55:09:472 Empiezo a leer forms vdintermovim.frm
02 15:55:09:472 Termino parse forms vdintermovim.frm
02 15:55:09:472 Ejecutando interfase VDINTERMOVIM
02 15:57:09:497 Empiezo a leer forms vdintermovim.frm
02 15:57:09:497 Termino parse forms vdintermovim.frm
02 15:57:09:497 Ejecutando interfase VDINTERMOVIM
02 15:59:09:512 Empiezo a leer forms vdintermovim.frm
02 15:59:09:515 Termino parse forms vdintermovim.frm
02 15:59:09:515 Ejecutando interfase VDINTERMOVIM
02 16:01:09:632 Empiezo a leer forms vdintermovim.frm
02 16:01:09:635 Termino parse forms vdintermovim.frm
02 16:01:09:635 Ejecutando interfase VDINTERMOVIM
02 16:03:09:652 Empiezo a leer forms vdintermovim.frm
02 16:03:09:652 Termino parse forms vdintermovim.frm
02 16:03:09:652 Ejecutando interfase VDINTERMOVIM
02 16:05:09:670 Empiezo a leer forms vdintermovim.frm
02 16:05:09:670 Termino parse forms vdintermovim.frm
02 16:05:09:670 Ejecutando interfase VDINTERMOVIM
02 16:07:09:724 Empiezo a leer forms vdintermovim.frm
02 16:07:09:725 Termino parse forms vdintermovim.frm
02 16:07:09:725 Ejecutando interfase VDINTERMOVIM
02 16:09:09:737 Empiezo a leer forms vdintermovim.frm
02 16:09:09:740 Termino parse forms vdintermovim.frm
02 16:09:09:740 Ejecutando interfase VDINTERMOVIM
02 16:11:09:759 Empiezo a leer forms vdintermovim.frm
02 16:11:09:762 Termino parse forms vdintermovim.frm
02 16:11:09:762 Ejecutando interfase VDINTERMOVIM
02 16:13:09:772 Empiezo a leer forms vdintermovim.frm
02 16:13:09:772 Termino parse forms vdintermovim.frm
02 16:13:09:772 Ejecutando interfase VDINTERMOVIM
02 16:15:09:797 Empiezo a leer forms vdintermovim.frm
02 16:15:09:797 Termino parse forms vdintermovim.frm
02 16:15:09:797 Ejecutando interfase VDINTERMOVIM
02 16:17:09:820 Empiezo a leer forms vdintermovim.frm
02 16:17:09:825 Termino parse forms vdintermovim.frm
02 16:17:09:825 Ejecutando interfase VDINTERMOVIM
02 16:19:09:832 Empiezo a leer forms vdintermovim.frm
02 16:19:09:837 Termino parse forms vdintermovim.frm
02 16:19:09:837 Ejecutando interfase VDINTERMOVIM
02 16:21:09:847 Empiezo a leer forms vdintermovim.frm
02 16:21:09:847 Termino parse forms vdintermovim.frm
02 16:21:09:847 Ejecutando interfase VDINTERMOVIM
02 16:23:09:872 Empiezo a leer forms vdintermovim.frm
02 16:23:09:872 Termino parse forms vdintermovim.frm
02 16:23:09:872 Ejecutando interfase VDINTERMOVIM
02 16:25:09:902 Empiezo a leer forms vdintermovim.frm
02 16:25:09:909 Termino parse forms vdintermovim.frm
02 16:25:09:909 Ejecutando interfase VDINTERMOVIM
02 16:27:09:920 Empiezo a leer forms vdintermovim.frm
02 16:27:09:920 Termino parse forms vdintermovim.frm
02 16:27:09:920 Ejecutando interfase VDINTERMOVIM
02 16:29:09:945 Empiezo a leer forms vdintermovim.frm
02 16:29:09:945 Termino parse forms vdintermovim.frm
02 16:29:09:945 Ejecutando interfase VDINTERMOVIM
02 16:31:09:975 Empiezo a leer forms vdintermovim.frm
02 16:31:09:975 Termino parse forms vdintermovim.frm
02 16:31:09:975 Ejecutando interfase VDINTERMOVIM
02 16:33:10:007 Empiezo a leer forms vdintermovim.frm
02 16:33:10:007 Termino parse forms vdintermovim.frm
02 16:33:10:007 Ejecutando interfase VDINTERMOVIM
02 16:35:10:045 Empiezo a leer forms vdintermovim.frm
02 16:35:10:045 Termino parse forms vdintermovim.frm
02 16:35:10:045 Ejecutando interfase VDINTERMOVIM
02 16:37:10:075 Empiezo a leer forms vdintermovim.frm
02 16:37:10:075 Termino parse forms vdintermovim.frm
02 16:37:10:075 Ejecutando interfase VDINTERMOVIM
02 16:39:10:094 Empiezo a leer forms vdintermovim.frm
02 16:39:10:094 Termino parse forms vdintermovim.frm
02 16:39:10:094 Ejecutando interfase VDINTERMOVIM
02 16:41:10:117 Empiezo a leer forms vdintermovim.frm
02 16:41:10:125 Termino parse forms vdintermovim.frm
02 16:41:10:125 Ejecutando interfase VDINTERMOVIM
02 16:43:10:134 Empiezo a leer forms vdintermovim.frm
02 16:43:10:134 Termino parse forms vdintermovim.frm
02 16:43:10:134 Ejecutando interfase VDINTERMOVIM
02 16:45:10:152 Empiezo a leer forms vdintermovim.frm
02 16:45:10:152 Termino parse forms vdintermovim.frm
02 16:45:10:152 Ejecutando interfase VDINTERMOVIM
02 16:47:10:160 Empiezo a leer forms vdintermovim.frm
02 16:47:10:160 Termino parse forms vdintermovim.frm
02 16:47:10:160 Ejecutando interfase VDINTERMOVIM
02 16:49:10:185 Empiezo a leer forms vdintermovim.frm
02 16:49:10:185 Termino parse forms vdintermovim.frm
02 16:49:10:185 Ejecutando interfase VDINTERMOVIM
02 16:51:10:197 Empiezo a leer forms vdintermovim.frm
02 16:51:10:197 Termino parse forms vdintermovim.frm
02 16:51:10:197 Ejecutando interfase VDINTERMOVIM
02 16:53:10:227 Empiezo a leer forms vdintermovim.frm
02 16:53:10:230 Termino parse forms vdintermovim.frm
02 16:53:10:230 Ejecutando interfase VDINTERMOVIM
02 16:55:10:240 Empiezo a leer forms vdintermovim.frm
02 16:55:10:242 Termino parse forms vdintermovim.frm
02 16:55:10:242 Ejecutando interfase VDINTERMOVIM
02 16:57:10:247 Empiezo a leer forms vdintermovim.frm
02 16:57:10:247 Termino parse forms vdintermovim.frm
02 16:57:10:247 Ejecutando interfase VDINTERMOVIM
02 16:59:10:272 Empiezo a leer forms vdintermovim.frm
02 16:59:10:272 Termino parse forms vdintermovim.frm
02 16:59:10:272 Ejecutando interfase VDINTERMOVIM
02 17:01:10:302 Empiezo a leer forms vdintermovim.frm
02 17:01:10:302 Termino parse forms vdintermovim.frm
02 17:01:10:302 Ejecutando interfase VDINTERMOVIM
02 17:03:10:332 Empiezo a leer forms vdintermovim.frm
02 17:03:10:332 Termino parse forms vdintermovim.frm
02 17:03:10:332 Ejecutando interfase VDINTERMOVIM
02 17:05:10:352 Empiezo a leer forms vdintermovim.frm
02 17:05:10:352 Termino parse forms vdintermovim.frm
02 17:05:10:352 Ejecutando interfase VDINTERMOVIM
02 17:07:10:392 Empiezo a leer forms vdintermovim.frm
02 17:07:10:392 Termino parse forms vdintermovim.frm
02 17:07:10:392 Ejecutando interfase VDINTERMOVIM
02 17:09:10:422 Empiezo a leer forms vdintermovim.frm
02 17:09:10:422 Termino parse forms vdintermovim.frm
02 17:09:10:422 Ejecutando interfase VDINTERMOVIM
02 17:11:10:435 Empiezo a leer forms vdintermovim.frm
02 17:11:10:435 Termino parse forms vdintermovim.frm
02 17:11:10:435 Ejecutando interfase VDINTERMOVIM
02 17:13:10:465 Empiezo a leer forms vdintermovim.frm
02 17:13:10:465 Termino parse forms vdintermovim.frm
02 17:13:10:465 Ejecutando interfase VDINTERMOVIM
02 17:15:10:492 Empiezo a leer forms vdintermovim.frm
02 17:15:10:492 Termino parse forms vdintermovim.frm
02 17:15:10:492 Ejecutando interfase VDINTERMOVIM
02 17:17:10:514 Empiezo a leer forms vdintermovim.frm
02 17:17:10:514 Termino parse forms vdintermovim.frm
02 17:17:10:514 Ejecutando interfase VDINTERMOVIM
02 17:19:10:542 Empiezo a leer forms vdintermovim.frm
02 17:19:10:542 Termino parse forms vdintermovim.frm
02 17:19:10:542 Ejecutando interfase VDINTERMOVIM
02 17:21:10:562 Empiezo a leer forms vdintermovim.frm
02 17:21:10:562 Termino parse forms vdintermovim.frm
02 17:21:10:562 Ejecutando interfase VDINTERMOVIM
02 17:23:10:585 Empiezo a leer forms vdintermovim.frm
02 17:23:10:585 Termino parse forms vdintermovim.frm
02 17:23:10:585 Ejecutando interfase VDINTERMOVIM
02 17:25:10:605 Empiezo a leer forms vdintermovim.frm
02 17:25:10:605 Termino parse forms vdintermovim.frm
02 17:25:10:605 Ejecutando interfase VDINTERMOVIM
02 17:27:10:637 Empiezo a leer forms vdintermovim.frm
02 17:27:10:637 Termino parse forms vdintermovim.frm
02 17:27:10:637 Ejecutando interfase VDINTERMOVIM
02 17:29:10:655 Empiezo a leer forms vdintermovim.frm
02 17:29:10:655 Termino parse forms vdintermovim.frm
02 17:29:10:655 Ejecutando interfase VDINTERMOVIM
02 17:31:10:675 Empiezo a leer forms vdintermovim.frm
02 17:31:10:677 Termino parse forms vdintermovim.frm
02 17:31:10:677 Ejecutando interfase VDINTERMOVIM

00 17:31:35:285 Fichero de log cerrado.

00 17:31:48:195 Fichero de log abierto PID 12816

02 17:31:48:195 Intentando abrir fichero v10.ini
02 17:31:48:202 Cargando driver v10oracle funcion damedriveroracle
02 17:31:48:995 Conectado a base de datos
02 17:31:48:997 Proceso ENVIOMOVIM encontrado en tabla VDPROCESOS
02 17:31:49:002 Proceso ENVIOMOVIM cargado con función interfasesalida (Librería VDINTERFASES.DLL) direccion 06D5CC80
02 17:31:49:004 PLSQL: INICIALIZADO PAQUETE DE LOG EL DIA 30-06-2022
02 17:31:49:014 Actualizado SID 508 SERIAL 33980 del proceso con PID 12816
00 17:31:49:020 Error al abrir fichero VDST.H
02 17:31:49:020 Empiezo a leer forms vdintermovim.frm
02 17:31:49:037 Termino parse forms vdintermovim.frm
02 17:31:49:037 Ejecutando interfase VDINTERMOVIM
02 17:33:49:042 Empiezo a leer forms vdintermovim.frm
02 17:33:49:045 Termino parse forms vdintermovim.frm
02 17:33:49:047 Ejecutando interfase VDINTERMOVIM
02 17:35:49:055 Empiezo a leer forms vdintermovim.frm
02 17:35:49:055 Termino parse forms vdintermovim.frm
02 17:35:49:055 Ejecutando interfase VDINTERMOVIM
02 17:37:49:084 Empiezo a leer forms vdintermovim.frm
02 17:37:49:084 Termino parse forms vdintermovim.frm
02 17:37:49:084 Ejecutando interfase VDINTERMOVIM
02 17:39:49:097 Empiezo a leer forms vdintermovim.frm
02 17:39:49:097 Termino parse forms vdintermovim.frm
02 17:39:49:097 Ejecutando interfase VDINTERMOVIM
02 17:41:49:114 Empiezo a leer forms vdintermovim.frm
02 17:41:49:114 Termino parse forms vdintermovim.frm
02 17:41:49:114 Ejecutando interfase VDINTERMOVIM
02 17:43:49:130 Empiezo a leer forms vdintermovim.frm
02 17:43:49:130 Termino parse forms vdintermovim.frm
02 17:43:49:130 Ejecutando interfase VDINTERMOVIM
02 17:45:49:154 Empiezo a leer forms vdintermovim.frm
02 17:45:49:154 Termino parse forms vdintermovim.frm
02 17:45:49:154 Ejecutando interfase VDINTERMOVIM

00 17:46:21:449 Fichero de log cerrado.

00 17:46:33:889 Fichero de log abierto PID 8180

02 17:46:33:890 Intentando abrir fichero v10.ini
02 17:46:33:895 Cargando driver v10oracle funcion damedriveroracle
02 17:46:34:427 Conectado a base de datos
02 17:46:34:429 Proceso ENVIOMOVIM encontrado en tabla VDPROCESOS
02 17:46:34:434 Proceso ENVIOMOVIM cargado con función interfasesalida (Librería VDINTERFASES.DLL) direccion 05AECC80
02 17:46:34:436 PLSQL: INICIALIZADO PAQUETE DE LOG EL DIA 30-06-2022
02 17:46:34:445 Actualizado SID 625 SERIAL 38969 del proceso con PID 8180
00 17:46:34:450 Error al abrir fichero VDST.H
02 17:46:34:450 Empiezo a leer forms vdintermovim.frm
02 17:46:34:465 Termino parse forms vdintermovim.frm
02 17:46:34:465 Ejecutando interfase VDINTERMOVIM
02 17:48:34:495 Empiezo a leer forms vdintermovim.frm
02 17:48:34:499 Termino parse forms vdintermovim.frm
02 17:48:34:499 Ejecutando interfase VDINTERMOVIM

00 17:49:57:490 Fichero de log cerrado.

00 17:51:14:947 Fichero de log abierto PID 13380

02 17:51:14:950 Intentando abrir fichero v10.ini
02 17:51:14:957 Cargando driver v10oracle funcion damedriveroracle
02 17:51:15:685 Conectado a base de datos
02 17:51:15:687 Proceso ENVIOMOVIM encontrado en tabla VDPROCESOS
02 17:51:15:692 Proceso ENVIOMOVIM cargado con función interfasesalida (Librería VDINTERFASES.DLL) direccion 0705CC80
02 17:51:15:694 PLSQL: INICIALIZADO PAQUETE DE LOG EL DIA 30-06-2022
02 17:51:15:705 Actualizado SID 139 SERIAL 47955 del proceso con PID 13380
00 17:51:15:710 Error al abrir fichero VDST.H
02 17:51:15:712 Empiezo a leer forms vdintermovim.frm
02 17:51:15:725 Termino parse forms vdintermovim.frm
02 17:51:15:725 Ejecutando interfase VDINTERMOVIM

00 17:52:14:352 Fichero de log cerrado.

