00 09:13:58:260 Fichero de log abierto PID 9928

02 09:13:58:262 Intentando abrir fichero v10.ini
02 09:13:58:270 Cargando driver v10oracle funcion damedriveroracle
02 09:13:59:182 Conectado a base de datos
02 09:13:59:185 Proceso ENVIOREDUR encontrado en tabla VDPROCESOS
02 09:13:59:191 Proceso ENVIOREDUR cargado con función interfasesalida (Librería VDINTERFASES.DLL) direccion 064ACC80
02 09:13:59:193 PLSQL: INICIALIZADO PAQUETE DE LOG EL DIA 11-04-2022
02 09:13:59:202 Actualizado SID 752 SERIAL 36776 del proceso con PID 9928
00 09:13:59:208 Error al abrir fichero VDST.H
02 09:13:59:235 Empiezo a leer forms vdinterageredur.frm
02 09:13:59:272 Termino parse forms vdinterageredur.frm
02 09:13:59:272 Ejecutando interfase VDINTERAGEREDUR
02 09:15:59:285 Empiezo a leer forms vdinterageredur.frm
02 09:15:59:292 Termino parse forms vdinterageredur.frm
02 09:15:59:292 Ejecutando interfase VDINTERAGEREDUR
02 09:17:59:301 Empiezo a leer forms vdinterageredur.frm
02 09:17:59:311 Termino parse forms vdinterageredur.frm
02 09:17:59:312 Ejecutando interfase VDINTERAGEREDUR
02 09:19:59:332 Empiezo a leer forms vdinterageredur.frm
02 09:19:59:341 Termino parse forms vdinterageredur.frm
02 09:19:59:341 Ejecutando interfase VDINTERAGEREDUR
02 09:21:59:360 Empiezo a leer forms vdinterageredur.frm
02 09:21:59:367 Termino parse forms vdinterageredur.frm
02 09:21:59:367 Ejecutando interfase VDINTERAGEREDUR
02 09:23:59:383 Empiezo a leer forms vdinterageredur.frm
02 09:23:59:392 Termino parse forms vdinterageredur.frm
02 09:23:59:392 Ejecutando interfase VDINTERAGEREDUR
02 09:25:59:401 Empiezo a leer forms vdinterageredur.frm
02 09:25:59:412 Termino parse forms vdinterageredur.frm
02 09:25:59:412 Ejecutando interfase VDINTERAGEREDUR
02 09:27:59:422 Empiezo a leer forms vdinterageredur.frm
02 09:27:59:431 Termino parse forms vdinterageredur.frm
02 09:27:59:431 Ejecutando interfase VDINTERAGEREDUR
02 09:29:59:442 Empiezo a leer forms vdinterageredur.frm
02 09:29:59:456 Termino parse forms vdinterageredur.frm
02 09:29:59:457 Ejecutando interfase VDINTERAGEREDUR
02 09:31:59:477 Empiezo a leer forms vdinterageredur.frm
02 09:31:59:485 Termino parse forms vdinterageredur.frm
02 09:31:59:485 Ejecutando interfase VDINTERAGEREDUR
02 09:33:59:496 Empiezo a leer forms vdinterageredur.frm
02 09:33:59:505 Termino parse forms vdinterageredur.frm
02 09:33:59:505 Ejecutando interfase VDINTERAGEREDUR
02 09:35:59:520 Empiezo a leer forms vdinterageredur.frm
02 09:35:59:532 Termino parse forms vdinterageredur.frm
02 09:35:59:532 Ejecutando interfase VDINTERAGEREDUR
02 09:37:59:542 Empiezo a leer forms vdinterageredur.frm
02 09:37:59:552 Termino parse forms vdinterageredur.frm
02 09:37:59:552 Ejecutando interfase VDINTERAGEREDUR
02 09:39:59:575 Empiezo a leer forms vdinterageredur.frm
02 09:39:59:586 Termino parse forms vdinterageredur.frm
02 09:39:59:586 Ejecutando interfase VDINTERAGEREDUR
02 09:41:59:602 Empiezo a leer forms vdinterageredur.frm
02 09:41:59:613 Termino parse forms vdinterageredur.frm
02 09:41:59:613 Ejecutando interfase VDINTERAGEREDUR
02 09:43:59:623 Empiezo a leer forms vdinterageredur.frm
02 09:43:59:633 Termino parse forms vdinterageredur.frm
02 09:43:59:635 Ejecutando interfase VDINTERAGEREDUR
02 09:45:59:652 Empiezo a leer forms vdinterageredur.frm
02 09:45:59:662 Termino parse forms vdinterageredur.frm
02 09:45:59:662 Ejecutando interfase VDINTERAGEREDUR
02 09:47:59:682 Empiezo a leer forms vdinterageredur.frm
02 09:47:59:688 Termino parse forms vdinterageredur.frm
02 09:47:59:688 Ejecutando interfase VDINTERAGEREDUR
02 09:49:59:705 Empiezo a leer forms vdinterageredur.frm
02 09:49:59:716 Termino parse forms vdinterageredur.frm
02 09:49:59:716 Ejecutando interfase VDINTERAGEREDUR
02 09:51:59:742 Empiezo a leer forms vdinterageredur.frm
02 09:51:59:755 Termino parse forms vdinterageredur.frm
02 09:51:59:755 Ejecutando interfase VDINTERAGEREDUR
02 09:53:59:782 Empiezo a leer forms vdinterageredur.frm
02 09:53:59:796 Termino parse forms vdinterageredur.frm
02 09:53:59:796 Ejecutando interfase VDINTERAGEREDUR
02 09:55:59:822 Empiezo a leer forms vdinterageredur.frm
02 09:55:59:832 Termino parse forms vdinterageredur.frm
02 09:55:59:832 Ejecutando interfase VDINTERAGEREDUR
02 09:57:59:847 Empiezo a leer forms vdinterageredur.frm
02 09:57:59:862 Termino parse forms vdinterageredur.frm
02 09:57:59:862 Ejecutando interfase VDINTERAGEREDUR
02 09:59:59:877 Empiezo a leer forms vdinterageredur.frm
02 09:59:59:891 Termino parse forms vdinterageredur.frm
02 09:59:59:891 Ejecutando interfase VDINTERAGEREDUR
02 10:01:59:906 Empiezo a leer forms vdinterageredur.frm
02 10:01:59:921 Termino parse forms vdinterageredur.frm
02 10:01:59:921 Ejecutando interfase VDINTERAGEREDUR
02 10:03:59:937 Empiezo a leer forms vdinterageredur.frm
02 10:03:59:951 Termino parse forms vdinterageredur.frm
02 10:03:59:951 Ejecutando interfase VDINTERAGEREDUR
02 10:05:59:978 Empiezo a leer forms vdinterageredur.frm
02 10:05:59:990 Termino parse forms vdinterageredur.frm
02 10:05:59:991 Ejecutando interfase VDINTERAGEREDUR
02 10:08:00:006 Empiezo a leer forms vdinterageredur.frm
02 10:08:00:017 Termino parse forms vdinterageredur.frm
02 10:08:00:017 Ejecutando interfase VDINTERAGEREDUR
02 10:10:00:027 Empiezo a leer forms vdinterageredur.frm
02 10:10:00:035 Termino parse forms vdinterageredur.frm
02 10:10:00:036 Ejecutando interfase VDINTERAGEREDUR
02 10:12:00:045 Empiezo a leer forms vdinterageredur.frm
02 10:12:00:053 Termino parse forms vdinterageredur.frm
02 10:12:00:053 Ejecutando interfase VDINTERAGEREDUR
02 10:14:00:078 Empiezo a leer forms vdinterageredur.frm
02 10:14:00:091 Termino parse forms vdinterageredur.frm
02 10:14:00:091 Ejecutando interfase VDINTERAGEREDUR
02 10:16:00:117 Empiezo a leer forms vdinterageredur.frm
02 10:16:00:128 Termino parse forms vdinterageredur.frm
02 10:16:00:128 Ejecutando interfase VDINTERAGEREDUR
02 10:18:00:142 Empiezo a leer forms vdinterageredur.frm
02 10:18:00:162 Termino parse forms vdinterageredur.frm
02 10:18:00:163 Ejecutando interfase VDINTERAGEREDUR
02 10:19:56:351 Empiezo a leer forms vdinterageredur.frm
02 10:19:56:360 Termino parse forms vdinterageredur.frm
02 10:19:56:360 Ejecutando interfase VDINTERAGEREDUR
02 10:21:56:376 Empiezo a leer forms vdinterageredur.frm
02 10:21:56:387 Termino parse forms vdinterageredur.frm
02 10:21:56:387 Ejecutando interfase VDINTERAGEREDUR
02 10:23:56:395 Empiezo a leer forms vdinterageredur.frm
02 10:23:56:402 Termino parse forms vdinterageredur.frm
02 10:23:56:402 Ejecutando interfase VDINTERAGEREDUR
02 10:25:56:412 Empiezo a leer forms vdinterageredur.frm
02 10:25:56:422 Termino parse forms vdinterageredur.frm
02 10:25:56:422 Ejecutando interfase VDINTERAGEREDUR
02 10:27:56:441 Empiezo a leer forms vdinterageredur.frm
02 10:27:56:452 Termino parse forms vdinterageredur.frm
02 10:27:56:452 Ejecutando interfase VDINTERAGEREDUR
02 10:29:56:472 Empiezo a leer forms vdinterageredur.frm
02 10:29:56:500 Termino parse forms vdinterageredur.frm
02 10:29:56:500 Ejecutando interfase VDINTERAGEREDUR
02 10:31:56:512 Empiezo a leer forms vdinterageredur.frm
02 10:31:56:527 Termino parse forms vdinterageredur.frm
02 10:31:56:527 Ejecutando interfase VDINTERAGEREDUR
02 10:33:56:552 Empiezo a leer forms vdinterageredur.frm
02 10:33:56:567 Termino parse forms vdinterageredur.frm
02 10:33:56:567 Ejecutando interfase VDINTERAGEREDUR
02 10:35:56:591 Empiezo a leer forms vdinterageredur.frm
02 10:35:56:602 Termino parse forms vdinterageredur.frm
02 10:35:56:602 Ejecutando interfase VDINTERAGEREDUR
02 10:37:56:623 Empiezo a leer forms vdinterageredur.frm
02 10:37:56:635 Termino parse forms vdinterageredur.frm
02 10:37:56:635 Ejecutando interfase VDINTERAGEREDUR
02 10:39:56:657 Empiezo a leer forms vdinterageredur.frm
02 10:39:56:668 Termino parse forms vdinterageredur.frm
02 10:39:56:668 Ejecutando interfase VDINTERAGEREDUR
02 10:41:56:690 Empiezo a leer forms vdinterageredur.frm
02 10:41:56:702 Termino parse forms vdinterageredur.frm
02 10:41:56:702 Ejecutando interfase VDINTERAGEREDUR
02 10:43:56:717 Empiezo a leer forms vdinterageredur.frm
02 10:43:56:728 Termino parse forms vdinterageredur.frm
02 10:43:56:728 Ejecutando interfase VDINTERAGEREDUR
02 10:45:56:748 Empiezo a leer forms vdinterageredur.frm
02 10:45:56:758 Termino parse forms vdinterageredur.frm
02 10:45:56:758 Ejecutando interfase VDINTERAGEREDUR
02 10:47:56:773 Empiezo a leer forms vdinterageredur.frm
02 10:47:56:787 Termino parse forms vdinterageredur.frm
02 10:47:56:787 Ejecutando interfase VDINTERAGEREDUR
02 10:49:56:798 Empiezo a leer forms vdinterageredur.frm
02 10:49:56:812 Termino parse forms vdinterageredur.frm
02 10:49:56:812 Ejecutando interfase VDINTERAGEREDUR
02 10:51:56:832 Empiezo a leer forms vdinterageredur.frm
02 10:51:56:843 Termino parse forms vdinterageredur.frm
02 10:51:56:843 Ejecutando interfase VDINTERAGEREDUR
02 10:53:56:871 Empiezo a leer forms vdinterageredur.frm
02 10:53:56:890 Termino parse forms vdinterageredur.frm
02 10:53:56:890 Ejecutando interfase VDINTERAGEREDUR
02 10:55:56:902 Empiezo a leer forms vdinterageredur.frm
02 10:55:56:916 Termino parse forms vdinterageredur.frm
02 10:55:56:917 Ejecutando interfase VDINTERAGEREDUR
02 10:57:56:930 Empiezo a leer forms vdinterageredur.frm
02 10:57:56:947 Termino parse forms vdinterageredur.frm
02 10:57:56:948 Ejecutando interfase VDINTERAGEREDUR
02 10:59:56:972 Empiezo a leer forms vdinterageredur.frm
02 10:59:56:982 Termino parse forms vdinterageredur.frm
02 10:59:56:982 Ejecutando interfase VDINTERAGEREDUR
02 11:01:56:996 Empiezo a leer forms vdinterageredur.frm
02 11:01:57:011 Termino parse forms vdinterageredur.frm
02 11:01:57:011 Ejecutando interfase VDINTERAGEREDUR
02 11:03:57:035 Empiezo a leer forms vdinterageredur.frm
02 11:03:57:052 Termino parse forms vdinterageredur.frm
02 11:03:57:053 Ejecutando interfase VDINTERAGEREDUR
02 11:05:57:067 Empiezo a leer forms vdinterageredur.frm
02 11:05:57:080 Termino parse forms vdinterageredur.frm
02 11:05:57:080 Ejecutando interfase VDINTERAGEREDUR
02 11:07:57:097 Empiezo a leer forms vdinterageredur.frm
02 11:07:57:115 Termino parse forms vdinterageredur.frm
02 11:07:57:116 Ejecutando interfase VDINTERAGEREDUR
02 11:09:57:138 Empiezo a leer forms vdinterageredur.frm
02 11:09:57:165 Termino parse forms vdinterageredur.frm
02 11:09:57:165 Ejecutando interfase VDINTERAGEREDUR
02 11:11:57:187 Empiezo a leer forms vdinterageredur.frm
02 11:11:57:202 Termino parse forms vdinterageredur.frm
02 11:11:57:203 Ejecutando interfase VDINTERAGEREDUR
02 11:13:57:225 Empiezo a leer forms vdinterageredur.frm
02 11:13:57:242 Termino parse forms vdinterageredur.frm
02 11:13:57:242 Ejecutando interfase VDINTERAGEREDUR
02 11:15:57:261 Empiezo a leer forms vdinterageredur.frm
02 11:15:57:270 Termino parse forms vdinterageredur.frm
02 11:15:57:270 Ejecutando interfase VDINTERAGEREDUR
02 11:17:57:287 Empiezo a leer forms vdinterageredur.frm
02 11:17:57:307 Termino parse forms vdinterageredur.frm
02 11:17:57:307 Ejecutando interfase VDINTERAGEREDUR
02 11:19:57:332 Empiezo a leer forms vdinterageredur.frm
02 11:19:57:352 Termino parse forms vdinterageredur.frm
02 11:19:57:352 Ejecutando interfase VDINTERAGEREDUR
02 11:21:57:370 Empiezo a leer forms vdinterageredur.frm
02 11:21:57:387 Termino parse forms vdinterageredur.frm
02 11:21:57:387 Ejecutando interfase VDINTERAGEREDUR
02 11:23:57:412 Empiezo a leer forms vdinterageredur.frm
02 11:23:57:431 Termino parse forms vdinterageredur.frm
02 11:23:57:432 Ejecutando interfase VDINTERAGEREDUR
02 11:25:57:442 Empiezo a leer forms vdinterageredur.frm
02 11:25:57:455 Termino parse forms vdinterageredur.frm
02 11:25:57:456 Ejecutando interfase VDINTERAGEREDUR
02 11:27:57:477 Empiezo a leer forms vdinterageredur.frm
02 11:27:57:488 Termino parse forms vdinterageredur.frm
02 11:27:57:488 Ejecutando interfase VDINTERAGEREDUR
02 11:29:57:508 Empiezo a leer forms vdinterageredur.frm
02 11:29:57:527 Termino parse forms vdinterageredur.frm
02 11:29:57:527 Ejecutando interfase VDINTERAGEREDUR
02 11:31:57:538 Empiezo a leer forms vdinterageredur.frm
02 11:31:57:555 Termino parse forms vdinterageredur.frm
02 11:31:57:555 Ejecutando interfase VDINTERAGEREDUR
02 11:33:57:563 Empiezo a leer forms vdinterageredur.frm
02 11:33:57:572 Termino parse forms vdinterageredur.frm
02 11:33:57:572 Ejecutando interfase VDINTERAGEREDUR
02 11:35:57:587 Empiezo a leer forms vdinterageredur.frm
02 11:35:57:600 Termino parse forms vdinterageredur.frm
02 11:35:57:600 Ejecutando interfase VDINTERAGEREDUR
02 11:37:57:617 Empiezo a leer forms vdinterageredur.frm
02 11:37:57:637 Termino parse forms vdinterageredur.frm
02 11:37:57:637 Ejecutando interfase VDINTERAGEREDUR
02 11:39:57:664 Empiezo a leer forms vdinterageredur.frm
02 11:39:57:682 Termino parse forms vdinterageredur.frm
02 11:39:57:682 Ejecutando interfase VDINTERAGEREDUR
02 11:41:57:692 Empiezo a leer forms vdinterageredur.frm
02 11:41:57:707 Termino parse forms vdinterageredur.frm
02 11:41:57:709 Ejecutando interfase VDINTERAGEREDUR
02 11:43:57:725 Empiezo a leer forms vdinterageredur.frm
02 11:43:57:740 Termino parse forms vdinterageredur.frm
02 11:43:57:740 Ejecutando interfase VDINTERAGEREDUR
02 11:45:57:757 Empiezo a leer forms vdinterageredur.frm
02 11:45:57:777 Termino parse forms vdinterageredur.frm
02 11:45:57:777 Ejecutando interfase VDINTERAGEREDUR
02 11:47:57:802 Empiezo a leer forms vdinterageredur.frm
02 11:47:57:820 Termino parse forms vdinterageredur.frm
02 11:47:57:820 Ejecutando interfase VDINTERAGEREDUR
02 11:49:57:847 Empiezo a leer forms vdinterageredur.frm
02 11:49:57:865 Termino parse forms vdinterageredur.frm
02 11:49:57:865 Ejecutando interfase VDINTERAGEREDUR
02 11:51:57:882 Empiezo a leer forms vdinterageredur.frm
02 11:51:57:904 Termino parse forms vdinterageredur.frm
02 11:51:57:904 Ejecutando interfase VDINTERAGEREDUR
02 11:53:57:917 Empiezo a leer forms vdinterageredur.frm
02 11:53:57:930 Termino parse forms vdinterageredur.frm
02 11:53:57:930 Ejecutando interfase VDINTERAGEREDUR
02 11:55:57:942 Empiezo a leer forms vdinterageredur.frm
02 11:55:57:959 Termino parse forms vdinterageredur.frm
02 11:55:57:960 Ejecutando interfase VDINTERAGEREDUR
02 11:57:57:977 Empiezo a leer forms vdinterageredur.frm
02 11:57:57:999 Termino parse forms vdinterageredur.frm
02 11:57:58:000 Ejecutando interfase VDINTERAGEREDUR
02 11:59:58:014 Empiezo a leer forms vdinterageredur.frm
02 11:59:58:032 Termino parse forms vdinterageredur.frm
02 11:59:58:032 Ejecutando interfase VDINTERAGEREDUR
02 12:01:58:054 Empiezo a leer forms vdinterageredur.frm
02 12:01:58:072 Termino parse forms vdinterageredur.frm
02 12:01:58:074 Ejecutando interfase VDINTERAGEREDUR
02 12:03:58:085 Empiezo a leer forms vdinterageredur.frm
02 12:03:58:100 Termino parse forms vdinterageredur.frm
02 12:03:58:100 Ejecutando interfase VDINTERAGEREDUR
02 12:05:58:120 Empiezo a leer forms vdinterageredur.frm
02 12:05:58:137 Termino parse forms vdinterageredur.frm
02 12:05:58:137 Ejecutando interfase VDINTERAGEREDUR
02 12:07:58:164 Empiezo a leer forms vdinterageredur.frm
02 12:07:58:180 Termino parse forms vdinterageredur.frm
02 12:07:58:182 Ejecutando interfase VDINTERAGEREDUR
02 12:09:58:194 Empiezo a leer forms vdinterageredur.frm
02 12:09:58:212 Termino parse forms vdinterageredur.frm
02 12:09:58:212 Ejecutando interfase VDINTERAGEREDUR
02 12:11:58:234 Empiezo a leer forms vdinterageredur.frm
02 12:11:58:247 Termino parse forms vdinterageredur.frm
02 12:11:58:247 Ejecutando interfase VDINTERAGEREDUR
02 12:13:58:270 Empiezo a leer forms vdinterageredur.frm
02 12:13:58:284 Termino parse forms vdinterageredur.frm
02 12:13:58:285 Ejecutando interfase VDINTERAGEREDUR
02 12:15:58:295 Empiezo a leer forms vdinterageredur.frm
02 12:15:58:310 Termino parse forms vdinterageredur.frm
02 12:15:58:310 Ejecutando interfase VDINTERAGEREDUR
02 12:17:58:330 Empiezo a leer forms vdinterageredur.frm
02 12:17:58:337 Termino parse forms vdinterageredur.frm
02 12:17:58:337 Ejecutando interfase VDINTERAGEREDUR
02 12:19:58:354 Empiezo a leer forms vdinterageredur.frm
02 12:19:58:364 Termino parse forms vdinterageredur.frm
02 12:19:58:364 Ejecutando interfase VDINTERAGEREDUR
02 12:21:58:387 Empiezo a leer forms vdinterageredur.frm
02 12:21:58:405 Termino parse forms vdinterageredur.frm
02 12:21:58:405 Ejecutando interfase VDINTERAGEREDUR
02 12:23:58:432 Empiezo a leer forms vdinterageredur.frm
02 12:23:58:452 Termino parse forms vdinterageredur.frm
02 12:23:58:452 Ejecutando interfase VDINTERAGEREDUR
02 12:25:58:475 Empiezo a leer forms vdinterageredur.frm
02 12:25:58:484 Termino parse forms vdinterageredur.frm
02 12:25:58:484 Ejecutando interfase VDINTERAGEREDUR
02 12:27:58:507 Empiezo a leer forms vdinterageredur.frm
02 12:27:58:524 Termino parse forms vdinterageredur.frm
02 12:27:58:525 Ejecutando interfase VDINTERAGEREDUR
02 12:29:58:550 Empiezo a leer forms vdinterageredur.frm
02 12:29:58:570 Termino parse forms vdinterageredur.frm
02 12:29:58:570 Ejecutando interfase VDINTERAGEREDUR
02 12:31:58:587 Empiezo a leer forms vdinterageredur.frm
02 12:31:58:597 Termino parse forms vdinterageredur.frm
02 12:31:58:597 Ejecutando interfase VDINTERAGEREDUR
02 12:33:58:615 Empiezo a leer forms vdinterageredur.frm
02 12:33:58:622 Termino parse forms vdinterageredur.frm
02 12:33:58:622 Ejecutando interfase VDINTERAGEREDUR
02 12:35:58:630 Empiezo a leer forms vdinterageredur.frm
02 12:35:58:640 Termino parse forms vdinterageredur.frm
02 12:35:58:640 Ejecutando interfase VDINTERAGEREDUR
02 12:37:58:660 Empiezo a leer forms vdinterageredur.frm
02 12:37:58:670 Termino parse forms vdinterageredur.frm
02 12:37:58:670 Ejecutando interfase VDINTERAGEREDUR
02 12:39:58:684 Empiezo a leer forms vdinterageredur.frm
02 12:39:58:692 Termino parse forms vdinterageredur.frm
02 12:39:58:692 Ejecutando interfase VDINTERAGEREDUR
02 12:41:58:715 Empiezo a leer forms vdinterageredur.frm
02 12:41:58:724 Termino parse forms vdinterageredur.frm
02 12:41:58:724 Ejecutando interfase VDINTERAGEREDUR
02 12:43:58:740 Empiezo a leer forms vdinterageredur.frm
02 12:43:58:749 Termino parse forms vdinterageredur.frm
02 12:43:58:750 Ejecutando interfase VDINTERAGEREDUR
02 12:45:58:765 Empiezo a leer forms vdinterageredur.frm
02 12:45:58:775 Termino parse forms vdinterageredur.frm
02 12:45:58:775 Ejecutando interfase VDINTERAGEREDUR
02 12:47:58:795 Empiezo a leer forms vdinterageredur.frm
02 12:47:58:804 Termino parse forms vdinterageredur.frm
02 12:47:58:804 Ejecutando interfase VDINTERAGEREDUR
02 12:49:58:822 Empiezo a leer forms vdinterageredur.frm
02 12:49:58:840 Termino parse forms vdinterageredur.frm
02 12:49:58:840 Ejecutando interfase VDINTERAGEREDUR
02 12:51:58:852 Empiezo a leer forms vdinterageredur.frm
02 12:51:58:865 Termino parse forms vdinterageredur.frm
02 12:51:58:865 Ejecutando interfase VDINTERAGEREDUR
02 12:53:58:875 Empiezo a leer forms vdinterageredur.frm
02 12:53:58:892 Termino parse forms vdinterageredur.frm
02 12:53:58:892 Ejecutando interfase VDINTERAGEREDUR
02 12:55:58:902 Empiezo a leer forms vdinterageredur.frm
02 12:55:58:915 Termino parse forms vdinterageredur.frm
02 12:55:58:915 Ejecutando interfase VDINTERAGEREDUR
02 12:57:58:930 Empiezo a leer forms vdinterageredur.frm
02 12:57:58:952 Termino parse forms vdinterageredur.frm
02 12:57:58:952 Ejecutando interfase VDINTERAGEREDUR
02 12:59:58:962 Empiezo a leer forms vdinterageredur.frm
02 12:59:58:972 Termino parse forms vdinterageredur.frm
02 12:59:58:974 Ejecutando interfase VDINTERAGEREDUR
02 13:01:58:995 Empiezo a leer forms vdinterageredur.frm
02 13:01:59:007 Termino parse forms vdinterageredur.frm
02 13:01:59:007 Ejecutando interfase VDINTERAGEREDUR
02 13:03:59:020 Empiezo a leer forms vdinterageredur.frm
02 13:03:59:035 Termino parse forms vdinterageredur.frm
02 13:03:59:035 Ejecutando interfase VDINTERAGEREDUR
02 13:05:59:057 Empiezo a leer forms vdinterageredur.frm
02 13:05:59:067 Termino parse forms vdinterageredur.frm
02 13:05:59:067 Ejecutando interfase VDINTERAGEREDUR
02 13:07:59:079 Empiezo a leer forms vdinterageredur.frm
02 13:07:59:090 Termino parse forms vdinterageredur.frm
02 13:07:59:092 Ejecutando interfase VDINTERAGEREDUR
02 13:09:59:117 Empiezo a leer forms vdinterageredur.frm
02 13:09:59:125 Termino parse forms vdinterageredur.frm
02 13:09:59:127 Ejecutando interfase VDINTERAGEREDUR
02 13:11:59:137 Empiezo a leer forms vdinterageredur.frm
02 13:11:59:150 Termino parse forms vdinterageredur.frm
02 13:11:59:150 Ejecutando interfase VDINTERAGEREDUR
02 13:13:59:169 Empiezo a leer forms vdinterageredur.frm
02 13:13:59:180 Termino parse forms vdinterageredur.frm
02 13:13:59:180 Ejecutando interfase VDINTERAGEREDUR
02 13:15:59:197 Empiezo a leer forms vdinterageredur.frm
02 13:15:59:210 Termino parse forms vdinterageredur.frm
02 13:15:59:210 Ejecutando interfase VDINTERAGEREDUR
02 13:17:59:220 Empiezo a leer forms vdinterageredur.frm
02 13:17:59:232 Termino parse forms vdinterageredur.frm
02 13:17:59:235 Ejecutando interfase VDINTERAGEREDUR
02 13:19:59:242 Empiezo a leer forms vdinterageredur.frm
02 13:19:59:254 Termino parse forms vdinterageredur.frm
02 13:19:59:254 Ejecutando interfase VDINTERAGEREDUR
02 13:21:59:269 Empiezo a leer forms vdinterageredur.frm
02 13:21:59:282 Termino parse forms vdinterageredur.frm
02 13:21:59:282 Ejecutando interfase VDINTERAGEREDUR
02 13:23:59:300 Empiezo a leer forms vdinterageredur.frm
02 13:23:59:312 Termino parse forms vdinterageredur.frm
02 13:23:59:314 Ejecutando interfase VDINTERAGEREDUR
02 13:25:59:327 Empiezo a leer forms vdinterageredur.frm
02 13:25:59:340 Termino parse forms vdinterageredur.frm
02 13:25:59:342 Ejecutando interfase VDINTERAGEREDUR
02 13:27:59:355 Empiezo a leer forms vdinterageredur.frm
02 13:27:59:370 Termino parse forms vdinterageredur.frm
02 13:27:59:370 Ejecutando interfase VDINTERAGEREDUR
02 13:29:59:395 Empiezo a leer forms vdinterageredur.frm
02 13:29:59:407 Termino parse forms vdinterageredur.frm
02 13:29:59:407 Ejecutando interfase VDINTERAGEREDUR
02 13:31:59:422 Empiezo a leer forms vdinterageredur.frm
02 13:31:59:430 Termino parse forms vdinterageredur.frm
02 13:31:59:432 Ejecutando interfase VDINTERAGEREDUR
02 13:33:59:452 Empiezo a leer forms vdinterageredur.frm
02 13:33:59:462 Termino parse forms vdinterageredur.frm
02 13:33:59:462 Ejecutando interfase VDINTERAGEREDUR
02 13:35:59:482 Empiezo a leer forms vdinterageredur.frm
02 13:35:59:495 Termino parse forms vdinterageredur.frm
02 13:35:59:497 Ejecutando interfase VDINTERAGEREDUR
02 13:37:59:515 Empiezo a leer forms vdinterageredur.frm
02 13:37:59:532 Termino parse forms vdinterageredur.frm
02 13:37:59:532 Ejecutando interfase VDINTERAGEREDUR
02 13:39:59:550 Empiezo a leer forms vdinterageredur.frm
02 13:39:59:562 Termino parse forms vdinterageredur.frm
02 13:39:59:564 Ejecutando interfase VDINTERAGEREDUR
02 13:41:59:577 Empiezo a leer forms vdinterageredur.frm
02 13:41:59:590 Termino parse forms vdinterageredur.frm
02 13:41:59:590 Ejecutando interfase VDINTERAGEREDUR
02 13:43:59:607 Empiezo a leer forms vdinterageredur.frm
02 13:43:59:617 Termino parse forms vdinterageredur.frm
02 13:43:59:617 Ejecutando interfase VDINTERAGEREDUR
02 13:45:59:627 Empiezo a leer forms vdinterageredur.frm
02 13:45:59:637 Termino parse forms vdinterageredur.frm
02 13:45:59:639 Ejecutando interfase VDINTERAGEREDUR
02 13:47:59:660 Empiezo a leer forms vdinterageredur.frm
02 13:47:59:674 Termino parse forms vdinterageredur.frm
02 13:47:59:675 Ejecutando interfase VDINTERAGEREDUR
02 13:49:59:697 Empiezo a leer forms vdinterageredur.frm
02 13:49:59:710 Termino parse forms vdinterageredur.frm
02 13:49:59:712 Ejecutando interfase VDINTERAGEREDUR
02 13:51:59:730 Empiezo a leer forms vdinterageredur.frm
02 13:51:59:739 Termino parse forms vdinterageredur.frm
02 13:51:59:740 Ejecutando interfase VDINTERAGEREDUR
02 13:53:59:755 Empiezo a leer forms vdinterageredur.frm
02 13:53:59:767 Termino parse forms vdinterageredur.frm
02 13:53:59:767 Ejecutando interfase VDINTERAGEREDUR
02 13:55:59:792 Empiezo a leer forms vdinterageredur.frm
02 13:55:59:807 Termino parse forms vdinterageredur.frm
02 13:55:59:807 Ejecutando interfase VDINTERAGEREDUR
02 13:57:59:817 Empiezo a leer forms vdinterageredur.frm
02 13:57:59:830 Termino parse forms vdinterageredur.frm
02 13:57:59:830 Ejecutando interfase VDINTERAGEREDUR
02 13:59:59:850 Empiezo a leer forms vdinterageredur.frm
02 13:59:59:860 Termino parse forms vdinterageredur.frm
02 13:59:59:860 Ejecutando interfase VDINTERAGEREDUR
02 14:01:59:875 Empiezo a leer forms vdinterageredur.frm
02 14:01:59:892 Termino parse forms vdinterageredur.frm
02 14:01:59:892 Ejecutando interfase VDINTERAGEREDUR
02 14:03:59:917 Empiezo a leer forms vdinterageredur.frm
02 14:03:59:939 Termino parse forms vdinterageredur.frm
02 14:03:59:940 Ejecutando interfase VDINTERAGEREDUR
02 14:05:59:952 Empiezo a leer forms vdinterageredur.frm
02 14:05:59:967 Termino parse forms vdinterageredur.frm
02 14:05:59:967 Ejecutando interfase VDINTERAGEREDUR
02 14:07:59:980 Empiezo a leer forms vdinterageredur.frm
02 14:07:59:997 Termino parse forms vdinterageredur.frm
02 14:07:59:999 Ejecutando interfase VDINTERAGEREDUR
02 14:10:00:017 Empiezo a leer forms vdinterageredur.frm
02 14:10:00:025 Termino parse forms vdinterageredur.frm
02 14:10:00:025 Ejecutando interfase VDINTERAGEREDUR
02 14:12:00:037 Empiezo a leer forms vdinterageredur.frm
02 14:12:00:052 Termino parse forms vdinterageredur.frm
02 14:12:00:052 Ejecutando interfase VDINTERAGEREDUR
02 14:14:00:065 Empiezo a leer forms vdinterageredur.frm
02 14:14:00:084 Termino parse forms vdinterageredur.frm
02 14:14:00:084 Ejecutando interfase VDINTERAGEREDUR
02 14:16:00:109 Empiezo a leer forms vdinterageredur.frm
02 14:16:00:125 Termino parse forms vdinterageredur.frm
02 14:16:00:127 Ejecutando interfase VDINTERAGEREDUR
02 14:18:00:140 Empiezo a leer forms vdinterageredur.frm
02 14:18:00:155 Termino parse forms vdinterageredur.frm
02 14:18:00:155 Ejecutando interfase VDINTERAGEREDUR
02 14:20:00:182 Empiezo a leer forms vdinterageredur.frm
02 14:20:00:197 Termino parse forms vdinterageredur.frm
02 14:20:00:197 Ejecutando interfase VDINTERAGEREDUR
02 14:22:00:220 Empiezo a leer forms vdinterageredur.frm
02 14:22:00:232 Termino parse forms vdinterageredur.frm
02 14:22:00:232 Ejecutando interfase VDINTERAGEREDUR
02 14:24:00:247 Empiezo a leer forms vdinterageredur.frm
02 14:24:00:257 Termino parse forms vdinterageredur.frm
02 14:24:00:257 Ejecutando interfase VDINTERAGEREDUR
02 14:26:00:277 Empiezo a leer forms vdinterageredur.frm
02 14:26:00:287 Termino parse forms vdinterageredur.frm
02 14:26:00:289 Ejecutando interfase VDINTERAGEREDUR
02 14:28:00:302 Empiezo a leer forms vdinterageredur.frm
02 14:28:00:314 Termino parse forms vdinterageredur.frm
02 14:28:00:314 Ejecutando interfase VDINTERAGEREDUR
02 14:30:00:330 Empiezo a leer forms vdinterageredur.frm
02 14:30:00:342 Termino parse forms vdinterageredur.frm
02 14:30:00:344 Ejecutando interfase VDINTERAGEREDUR
02 14:32:00:365 Empiezo a leer forms vdinterageredur.frm
02 14:32:00:377 Termino parse forms vdinterageredur.frm
02 14:32:00:377 Ejecutando interfase VDINTERAGEREDUR
02 14:34:00:400 Empiezo a leer forms vdinterageredur.frm
02 14:34:00:414 Termino parse forms vdinterageredur.frm
02 14:34:00:414 Ejecutando interfase VDINTERAGEREDUR
02 14:36:00:424 Empiezo a leer forms vdinterageredur.frm
02 14:36:00:435 Termino parse forms vdinterageredur.frm
02 14:36:00:435 Ejecutando interfase VDINTERAGEREDUR
02 14:38:00:454 Empiezo a leer forms vdinterageredur.frm
02 14:38:00:467 Termino parse forms vdinterageredur.frm
02 14:38:00:467 Ejecutando interfase VDINTERAGEREDUR
02 14:40:00:485 Empiezo a leer forms vdinterageredur.frm
02 14:40:00:495 Termino parse forms vdinterageredur.frm
02 14:40:00:495 Ejecutando interfase VDINTERAGEREDUR
02 14:42:00:510 Empiezo a leer forms vdinterageredur.frm
02 14:42:00:519 Termino parse forms vdinterageredur.frm
02 14:42:00:519 Ejecutando interfase VDINTERAGEREDUR
02 14:44:00:535 Empiezo a leer forms vdinterageredur.frm
02 14:44:00:552 Termino parse forms vdinterageredur.frm
02 14:44:00:554 Ejecutando interfase VDINTERAGEREDUR
02 14:46:00:565 Empiezo a leer forms vdinterageredur.frm
02 14:46:00:574 Termino parse forms vdinterageredur.frm
02 14:46:00:574 Ejecutando interfase VDINTERAGEREDUR
02 14:48:00:587 Empiezo a leer forms vdinterageredur.frm
02 14:48:00:599 Termino parse forms vdinterageredur.frm
02 14:48:00:599 Ejecutando interfase VDINTERAGEREDUR
02 14:50:00:610 Empiezo a leer forms vdinterageredur.frm
02 14:50:00:620 Termino parse forms vdinterageredur.frm
02 14:50:00:620 Ejecutando interfase VDINTERAGEREDUR
02 14:52:00:642 Empiezo a leer forms vdinterageredur.frm
02 14:52:00:652 Termino parse forms vdinterageredur.frm
02 14:52:00:652 Ejecutando interfase VDINTERAGEREDUR
02 14:54:00:664 Empiezo a leer forms vdinterageredur.frm
02 14:54:00:672 Termino parse forms vdinterageredur.frm
02 14:54:00:672 Ejecutando interfase VDINTERAGEREDUR
02 14:56:00:694 Empiezo a leer forms vdinterageredur.frm
02 14:56:00:707 Termino parse forms vdinterageredur.frm
02 14:56:00:707 Ejecutando interfase VDINTERAGEREDUR
02 14:58:00:717 Empiezo a leer forms vdinterageredur.frm
02 14:58:00:727 Termino parse forms vdinterageredur.frm
02 14:58:00:727 Ejecutando interfase VDINTERAGEREDUR
02 15:00:00:750 Empiezo a leer forms vdinterageredur.frm
02 15:00:00:762 Termino parse forms vdinterageredur.frm
02 15:00:00:762 Ejecutando interfase VDINTERAGEREDUR
02 15:02:00:772 Empiezo a leer forms vdinterageredur.frm
02 15:02:00:782 Termino parse forms vdinterageredur.frm
02 15:02:00:782 Ejecutando interfase VDINTERAGEREDUR
02 15:04:00:790 Empiezo a leer forms vdinterageredur.frm
02 15:04:00:807 Termino parse forms vdinterageredur.frm
02 15:04:00:807 Ejecutando interfase VDINTERAGEREDUR
02 15:06:00:817 Empiezo a leer forms vdinterageredur.frm
02 15:06:00:832 Termino parse forms vdinterageredur.frm
02 15:06:00:832 Ejecutando interfase VDINTERAGEREDUR
02 15:08:00:845 Empiezo a leer forms vdinterageredur.frm
02 15:08:00:852 Termino parse forms vdinterageredur.frm
02 15:08:00:852 Ejecutando interfase VDINTERAGEREDUR
02 15:10:00:874 Empiezo a leer forms vdinterageredur.frm
02 15:10:00:884 Termino parse forms vdinterageredur.frm
02 15:10:00:884 Ejecutando interfase VDINTERAGEREDUR
02 15:12:00:902 Empiezo a leer forms vdinterageredur.frm
02 15:12:00:914 Termino parse forms vdinterageredur.frm
02 15:12:00:915 Ejecutando interfase VDINTERAGEREDUR
02 15:14:00:932 Empiezo a leer forms vdinterageredur.frm
02 15:14:00:949 Termino parse forms vdinterageredur.frm
02 15:14:00:949 Ejecutando interfase VDINTERAGEREDUR
02 15:16:00:962 Empiezo a leer forms vdinterageredur.frm
02 15:16:00:980 Termino parse forms vdinterageredur.frm
02 15:16:00:980 Ejecutando interfase VDINTERAGEREDUR
02 15:18:01:007 Empiezo a leer forms vdinterageredur.frm
02 15:18:01:017 Termino parse forms vdinterageredur.frm
02 15:18:01:017 Ejecutando interfase VDINTERAGEREDUR
02 15:20:01:037 Empiezo a leer forms vdinterageredur.frm
02 15:20:01:049 Termino parse forms vdinterageredur.frm
02 15:20:01:049 Ejecutando interfase VDINTERAGEREDUR
02 15:22:01:060 Empiezo a leer forms vdinterageredur.frm
02 15:22:01:075 Termino parse forms vdinterageredur.frm
02 15:22:01:075 Ejecutando interfase VDINTERAGEREDUR
02 15:24:01:092 Empiezo a leer forms vdinterageredur.frm
02 15:24:01:107 Termino parse forms vdinterageredur.frm
02 15:24:01:109 Ejecutando interfase VDINTERAGEREDUR
02 15:26:01:127 Empiezo a leer forms vdinterageredur.frm
02 15:26:01:140 Termino parse forms vdinterageredur.frm
02 15:26:01:140 Ejecutando interfase VDINTERAGEREDUR
02 15:28:01:152 Empiezo a leer forms vdinterageredur.frm
02 15:28:01:165 Termino parse forms vdinterageredur.frm
02 15:28:01:165 Ejecutando interfase VDINTERAGEREDUR
02 15:30:01:180 Empiezo a leer forms vdinterageredur.frm
02 15:30:01:194 Termino parse forms vdinterageredur.frm
02 15:30:01:194 Ejecutando interfase VDINTERAGEREDUR
02 15:32:01:217 Empiezo a leer forms vdinterageredur.frm
02 15:32:01:230 Termino parse forms vdinterageredur.frm
02 15:32:01:232 Ejecutando interfase VDINTERAGEREDUR
02 15:34:01:242 Empiezo a leer forms vdinterageredur.frm
02 15:34:01:257 Termino parse forms vdinterageredur.frm
02 15:34:01:257 Ejecutando interfase VDINTERAGEREDUR
02 15:36:01:272 Empiezo a leer forms vdinterageredur.frm
02 15:36:01:285 Termino parse forms vdinterageredur.frm
02 15:36:01:285 Ejecutando interfase VDINTERAGEREDUR
02 15:38:01:304 Empiezo a leer forms vdinterageredur.frm
02 15:38:01:312 Termino parse forms vdinterageredur.frm
02 15:38:01:312 Ejecutando interfase VDINTERAGEREDUR
02 15:40:01:327 Empiezo a leer forms vdinterageredur.frm
02 15:40:01:337 Termino parse forms vdinterageredur.frm
02 15:40:01:337 Ejecutando interfase VDINTERAGEREDUR
02 15:42:01:347 Empiezo a leer forms vdinterageredur.frm
02 15:42:01:362 Termino parse forms vdinterageredur.frm
02 15:42:01:362 Ejecutando interfase VDINTERAGEREDUR
02 15:44:01:382 Empiezo a leer forms vdinterageredur.frm
02 15:44:01:389 Termino parse forms vdinterageredur.frm
02 15:44:01:390 Ejecutando interfase VDINTERAGEREDUR
02 15:46:01:410 Empiezo a leer forms vdinterageredur.frm
02 15:46:01:425 Termino parse forms vdinterageredur.frm
02 15:46:01:425 Ejecutando interfase VDINTERAGEREDUR
02 15:48:01:437 Empiezo a leer forms vdinterageredur.frm
02 15:48:01:450 Termino parse forms vdinterageredur.frm
02 15:48:01:452 Ejecutando interfase VDINTERAGEREDUR
02 15:58:55:407 Empiezo a leer forms vdinterageredur.frm
02 15:58:55:414 Termino parse forms vdinterageredur.frm
02 15:58:55:414 Ejecutando interfase VDINTERAGEREDUR
02 16:07:09:015 Empiezo a leer forms vdinterageredur.frm
02 16:07:09:025 Termino parse forms vdinterageredur.frm
02 16:07:09:025 Ejecutando interfase VDINTERAGEREDUR
02 16:09:09:055 Empiezo a leer forms vdinterageredur.frm
02 16:09:09:062 Termino parse forms vdinterageredur.frm
02 16:09:09:062 Ejecutando interfase VDINTERAGEREDUR
02 16:11:09:075 Empiezo a leer forms vdinterageredur.frm
02 16:11:09:089 Termino parse forms vdinterageredur.frm
02 16:11:09:089 Ejecutando interfase VDINTERAGEREDUR
02 16:13:09:110 Empiezo a leer forms vdinterageredur.frm
02 16:13:09:119 Termino parse forms vdinterageredur.frm
02 16:13:09:119 Ejecutando interfase VDINTERAGEREDUR
02 16:15:09:142 Empiezo a leer forms vdinterageredur.frm
02 16:15:09:155 Termino parse forms vdinterageredur.frm
02 16:15:09:155 Ejecutando interfase VDINTERAGEREDUR
02 16:17:09:175 Empiezo a leer forms vdinterageredur.frm
02 16:17:09:184 Termino parse forms vdinterageredur.frm
02 16:17:09:184 Ejecutando interfase VDINTERAGEREDUR
02 16:19:09:200 Empiezo a leer forms vdinterageredur.frm
02 16:19:09:212 Termino parse forms vdinterageredur.frm
02 16:19:09:212 Ejecutando interfase VDINTERAGEREDUR
02 16:21:09:225 Empiezo a leer forms vdinterageredur.frm
02 16:21:09:237 Termino parse forms vdinterageredur.frm
02 16:21:09:237 Ejecutando interfase VDINTERAGEREDUR
02 16:23:09:257 Empiezo a leer forms vdinterageredur.frm
02 16:23:09:260 Termino parse forms vdinterageredur.frm
02 16:23:09:260 Ejecutando interfase VDINTERAGEREDUR
02 16:25:09:277 Empiezo a leer forms vdinterageredur.frm
02 16:25:09:295 Termino parse forms vdinterageredur.frm
02 16:25:09:295 Ejecutando interfase VDINTERAGEREDUR
02 16:27:09:312 Empiezo a leer forms vdinterageredur.frm
02 16:27:09:327 Termino parse forms vdinterageredur.frm
02 16:27:09:327 Ejecutando interfase VDINTERAGEREDUR
02 16:29:09:347 Empiezo a leer forms vdinterageredur.frm
02 16:29:09:360 Termino parse forms vdinterageredur.frm
02 16:29:09:360 Ejecutando interfase VDINTERAGEREDUR
02 16:31:09:374 Empiezo a leer forms vdinterageredur.frm
02 16:31:09:392 Termino parse forms vdinterageredur.frm
02 16:31:09:392 Ejecutando interfase VDINTERAGEREDUR
02 16:33:09:404 Empiezo a leer forms vdinterageredur.frm
02 16:33:09:420 Termino parse forms vdinterageredur.frm
02 16:33:09:420 Ejecutando interfase VDINTERAGEREDUR
02 16:35:09:440 Empiezo a leer forms vdinterageredur.frm
02 16:35:09:460 Termino parse forms vdinterageredur.frm
02 16:35:09:460 Ejecutando interfase VDINTERAGEREDUR
02 16:37:09:470 Empiezo a leer forms vdinterageredur.frm
02 16:37:09:480 Termino parse forms vdinterageredur.frm
02 16:37:09:480 Ejecutando interfase VDINTERAGEREDUR
02 16:39:09:500 Empiezo a leer forms vdinterageredur.frm
02 16:39:09:507 Termino parse forms vdinterageredur.frm
02 16:39:09:507 Ejecutando interfase VDINTERAGEREDUR
02 16:41:09:517 Empiezo a leer forms vdinterageredur.frm
02 16:41:09:530 Termino parse forms vdinterageredur.frm
02 16:41:09:532 Ejecutando interfase VDINTERAGEREDUR
02 16:43:09:540 Empiezo a leer forms vdinterageredur.frm
02 16:43:09:552 Termino parse forms vdinterageredur.frm
02 16:43:09:552 Ejecutando interfase VDINTERAGEREDUR
02 16:45:09:565 Empiezo a leer forms vdinterageredur.frm
02 16:45:09:577 Termino parse forms vdinterageredur.frm
02 16:45:09:579 Ejecutando interfase VDINTERAGEREDUR
02 16:47:09:600 Empiezo a leer forms vdinterageredur.frm
02 16:47:09:610 Termino parse forms vdinterageredur.frm
02 16:47:09:612 Ejecutando interfase VDINTERAGEREDUR
02 16:49:09:622 Empiezo a leer forms vdinterageredur.frm
02 16:49:09:634 Termino parse forms vdinterageredur.frm
02 16:49:09:634 Ejecutando interfase VDINTERAGEREDUR
02 16:51:09:645 Empiezo a leer forms vdinterageredur.frm
02 16:51:09:657 Termino parse forms vdinterageredur.frm
02 16:51:09:657 Ejecutando interfase VDINTERAGEREDUR
02 16:53:09:672 Empiezo a leer forms vdinterageredur.frm
02 16:53:09:680 Termino parse forms vdinterageredur.frm
02 16:53:09:680 Ejecutando interfase VDINTERAGEREDUR
02 16:55:09:690 Empiezo a leer forms vdinterageredur.frm
02 16:55:09:704 Termino parse forms vdinterageredur.frm
02 16:55:09:705 Ejecutando interfase VDINTERAGEREDUR
02 16:57:09:722 Empiezo a leer forms vdinterageredur.frm
02 16:57:09:730 Termino parse forms vdinterageredur.frm
02 16:57:09:730 Ejecutando interfase VDINTERAGEREDUR
02 16:59:09:742 Empiezo a leer forms vdinterageredur.frm
02 16:59:09:749 Termino parse forms vdinterageredur.frm
02 16:59:09:749 Ejecutando interfase VDINTERAGEREDUR
02 17:01:09:755 Empiezo a leer forms vdinterageredur.frm
02 17:01:09:765 Termino parse forms vdinterageredur.frm
02 17:01:09:765 Ejecutando interfase VDINTERAGEREDUR
02 17:03:09:785 Empiezo a leer forms vdinterageredur.frm
02 17:03:09:795 Termino parse forms vdinterageredur.frm
02 17:03:09:795 Ejecutando interfase VDINTERAGEREDUR
02 17:05:09:810 Empiezo a leer forms vdinterageredur.frm
02 17:05:09:822 Termino parse forms vdinterageredur.frm
02 17:05:09:822 Ejecutando interfase VDINTERAGEREDUR
02 17:07:09:832 Empiezo a leer forms vdinterageredur.frm
02 17:07:09:844 Termino parse forms vdinterageredur.frm
02 17:07:09:845 Ejecutando interfase VDINTERAGEREDUR
02 17:09:09:862 Empiezo a leer forms vdinterageredur.frm
02 17:09:09:874 Termino parse forms vdinterageredur.frm
02 17:09:09:875 Ejecutando interfase VDINTERAGEREDUR
02 17:11:09:885 Empiezo a leer forms vdinterageredur.frm
02 17:11:09:900 Termino parse forms vdinterageredur.frm
02 17:11:09:900 Ejecutando interfase VDINTERAGEREDUR
02 17:13:09:924 Empiezo a leer forms vdinterageredur.frm
02 17:13:09:935 Termino parse forms vdinterageredur.frm
02 17:13:09:935 Ejecutando interfase VDINTERAGEREDUR
02 17:15:09:954 Empiezo a leer forms vdinterageredur.frm
02 17:15:09:962 Termino parse forms vdinterageredur.frm
02 17:15:09:962 Ejecutando interfase VDINTERAGEREDUR
02 17:17:09:974 Empiezo a leer forms vdinterageredur.frm
02 17:17:09:985 Termino parse forms vdinterageredur.frm
02 17:17:09:985 Ejecutando interfase VDINTERAGEREDUR
02 17:19:10:002 Empiezo a leer forms vdinterageredur.frm
02 17:19:10:012 Termino parse forms vdinterageredur.frm
02 17:19:10:012 Ejecutando interfase VDINTERAGEREDUR
02 17:21:10:027 Empiezo a leer forms vdinterageredur.frm
02 17:21:10:039 Termino parse forms vdinterageredur.frm
02 17:21:10:039 Ejecutando interfase VDINTERAGEREDUR
02 17:23:10:062 Empiezo a leer forms vdinterageredur.frm
02 17:23:10:077 Termino parse forms vdinterageredur.frm
02 17:23:10:077 Ejecutando interfase VDINTERAGEREDUR
02 17:25:10:095 Empiezo a leer forms vdinterageredur.frm
02 17:25:10:105 Termino parse forms vdinterageredur.frm
02 17:25:10:105 Ejecutando interfase VDINTERAGEREDUR
02 17:27:10:122 Empiezo a leer forms vdinterageredur.frm
02 17:27:10:137 Termino parse forms vdinterageredur.frm
02 17:27:10:137 Ejecutando interfase VDINTERAGEREDUR
02 17:29:10:147 Empiezo a leer forms vdinterageredur.frm
02 17:29:10:162 Termino parse forms vdinterageredur.frm
02 17:29:10:164 Ejecutando interfase VDINTERAGEREDUR
02 17:31:10:175 Empiezo a leer forms vdinterageredur.frm
02 17:31:10:187 Termino parse forms vdinterageredur.frm
02 17:31:10:190 Ejecutando interfase VDINTERAGEREDUR
02 17:33:10:200 Empiezo a leer forms vdinterageredur.frm
02 17:33:10:215 Termino parse forms vdinterageredur.frm
02 17:33:10:215 Ejecutando interfase VDINTERAGEREDUR
02 17:35:10:227 Empiezo a leer forms vdinterageredur.frm
02 17:35:10:240 Termino parse forms vdinterageredur.frm
02 17:35:10:240 Ejecutando interfase VDINTERAGEREDUR
02 17:37:10:259 Empiezo a leer forms vdinterageredur.frm
02 17:37:10:272 Termino parse forms vdinterageredur.frm
02 17:37:10:272 Ejecutando interfase VDINTERAGEREDUR
02 17:39:10:289 Empiezo a leer forms vdinterageredur.frm
02 17:39:10:309 Termino parse forms vdinterageredur.frm
02 17:39:10:310 Ejecutando interfase VDINTERAGEREDUR
02 17:41:10:330 Empiezo a leer forms vdinterageredur.frm
02 17:41:10:350 Termino parse forms vdinterageredur.frm
02 17:41:10:350 Ejecutando interfase VDINTERAGEREDUR
02 17:43:10:372 Empiezo a leer forms vdinterageredur.frm
02 17:43:10:379 Termino parse forms vdinterageredur.frm
02 17:43:10:380 Ejecutando interfase VDINTERAGEREDUR
02 17:45:10:400 Empiezo a leer forms vdinterageredur.frm
02 17:45:10:410 Termino parse forms vdinterageredur.frm
02 17:45:10:410 Ejecutando interfase VDINTERAGEREDUR
02 17:47:10:432 Empiezo a leer forms vdinterageredur.frm
02 17:47:10:442 Termino parse forms vdinterageredur.frm
02 17:47:10:442 Ejecutando interfase VDINTERAGEREDUR
02 17:49:10:465 Empiezo a leer forms vdinterageredur.frm
02 17:49:10:477 Termino parse forms vdinterageredur.frm
02 17:49:10:477 Ejecutando interfase VDINTERAGEREDUR
02 17:51:10:487 Empiezo a leer forms vdinterageredur.frm
02 17:51:10:499 Termino parse forms vdinterageredur.frm
02 17:51:10:499 Ejecutando interfase VDINTERAGEREDUR
02 17:53:10:512 Empiezo a leer forms vdinterageredur.frm
02 17:53:10:524 Termino parse forms vdinterageredur.frm
02 17:53:10:525 Ejecutando interfase VDINTERAGEREDUR
02 17:55:10:534 Empiezo a leer forms vdinterageredur.frm
02 17:55:10:545 Termino parse forms vdinterageredur.frm
02 17:55:10:545 Ejecutando interfase VDINTERAGEREDUR
02 17:57:10:559 Empiezo a leer forms vdinterageredur.frm
02 17:57:10:569 Termino parse forms vdinterageredur.frm
02 17:57:10:569 Ejecutando interfase VDINTERAGEREDUR

00 17:57:51:360 Fichero de log cerrado.

