00 09:04:44:811 Fichero de log abierto PID 16116

02 09:04:44:811 Intentando abrir fichero v10.ini
02 09:04:44:817 Cargando driver v10oracle funcion damedriveroracle
02 09:04:45:795 Conectado a base de datos
02 09:04:45:797 Proceso ENVIORECEP encontrado en tabla VDPROCESOS
02 09:04:45:802 Proceso ENVIORECEP cargado con función interfasesalida (Librería VDINTERFASES.DLL) direccion 0596CC80
02 09:04:45:805 PLSQL: INICIALIZADO PAQUETE DE LOG EL DIA 25-03-2022
02 09:04:45:813 Actualizado SID 752 SERIAL 57608 del proceso con PID 16116
00 09:04:45:818 Error al abrir fichero VDST.H
02 09:04:45:825 Empiezo a leer forms vdinterrecep.frm
02 09:04:45:838 Termino parse forms vdinterrecep.frm
02 09:04:45:843 Ejecutando interfase VDINTERRECEP
02 09:05:21:861 Empiezo a leer forms vdinterrecep.frm
02 09:05:21:870 Termino parse forms vdinterrecep.frm
02 09:05:21:870 Ejecutando interfase VDINTERRECEP
02 09:05:57:886 Empiezo a leer forms vdinterrecep.frm
02 09:05:57:886 Termino parse forms vdinterrecep.frm
02 09:05:57:886 Ejecutando interfase VDINTERRECEP
02 09:06:33:917 Empiezo a leer forms vdinterrecep.frm
02 09:06:33:917 Termino parse forms vdinterrecep.frm
02 09:06:33:917 Ejecutando interfase VDINTERRECEP
02 09:07:09:947 Empiezo a leer forms vdinterrecep.frm
02 09:07:09:955 Termino parse forms vdinterrecep.frm
02 09:07:09:955 Ejecutando interfase VDINTERRECEP
02 09:07:45:967 Empiezo a leer forms vdinterrecep.frm
02 09:07:45:971 Termino parse forms vdinterrecep.frm
02 09:07:45:971 Ejecutando interfase VDINTERRECEP
02 09:08:21:988 Empiezo a leer forms vdinterrecep.frm
02 09:08:21:988 Termino parse forms vdinterrecep.frm
02 09:08:21:988 Ejecutando interfase VDINTERRECEP
02 09:08:58:010 Empiezo a leer forms vdinterrecep.frm
02 09:08:58:015 Termino parse forms vdinterrecep.frm
02 09:08:58:015 Ejecutando interfase VDINTERRECEP
02 09:09:34:025 Empiezo a leer forms vdinterrecep.frm
02 09:09:34:033 Termino parse forms vdinterrecep.frm
02 09:09:34:035 Ejecutando interfase VDINTERRECEP
02 09:10:10:052 Empiezo a leer forms vdinterrecep.frm
02 09:10:10:062 Termino parse forms vdinterrecep.frm
02 09:10:10:062 Ejecutando interfase VDINTERRECEP
02 09:10:46:071 Empiezo a leer forms vdinterrecep.frm
02 09:10:46:076 Termino parse forms vdinterrecep.frm
02 09:10:46:076 Ejecutando interfase VDINTERRECEP
02 09:11:22:095 Empiezo a leer forms vdinterrecep.frm
02 09:11:22:100 Termino parse forms vdinterrecep.frm
02 09:11:22:100 Ejecutando interfase VDINTERRECEP
02 09:11:58:108 Empiezo a leer forms vdinterrecep.frm
02 09:11:58:113 Termino parse forms vdinterrecep.frm
02 09:11:58:113 Ejecutando interfase VDINTERRECEP
02 09:12:34:131 Empiezo a leer forms vdinterrecep.frm
02 09:12:34:138 Termino parse forms vdinterrecep.frm
02 09:12:34:138 Ejecutando interfase VDINTERRECEP
02 09:13:10:152 Empiezo a leer forms vdinterrecep.frm
02 09:13:10:158 Termino parse forms vdinterrecep.frm
02 09:13:10:158 Ejecutando interfase VDINTERRECEP
02 09:13:46:168 Empiezo a leer forms vdinterrecep.frm
02 09:13:46:172 Termino parse forms vdinterrecep.frm
02 09:13:46:172 Ejecutando interfase VDINTERRECEP
02 09:14:22:181 Empiezo a leer forms vdinterrecep.frm
02 09:14:22:187 Termino parse forms vdinterrecep.frm
02 09:14:22:187 Ejecutando interfase VDINTERRECEP
02 09:14:58:193 Empiezo a leer forms vdinterrecep.frm
02 09:14:58:201 Termino parse forms vdinterrecep.frm
02 09:14:58:201 Ejecutando interfase VDINTERRECEP
02 09:15:34:221 Empiezo a leer forms vdinterrecep.frm
02 09:15:34:227 Termino parse forms vdinterrecep.frm
02 09:15:34:227 Ejecutando interfase VDINTERRECEP
02 09:16:10:246 Empiezo a leer forms vdinterrecep.frm
02 09:16:10:252 Termino parse forms vdinterrecep.frm
02 09:16:10:252 Ejecutando interfase VDINTERRECEP
02 09:16:46:272 Empiezo a leer forms vdinterrecep.frm
02 09:16:46:281 Termino parse forms vdinterrecep.frm
02 09:16:46:281 Ejecutando interfase VDINTERRECEP
02 09:17:22:295 Empiezo a leer forms vdinterrecep.frm
02 09:17:22:302 Termino parse forms vdinterrecep.frm
02 09:17:22:302 Ejecutando interfase VDINTERRECEP
02 09:17:58:313 Empiezo a leer forms vdinterrecep.frm
02 09:17:58:321 Termino parse forms vdinterrecep.frm
02 09:17:58:321 Ejecutando interfase VDINTERRECEP
02 09:18:34:337 Empiezo a leer forms vdinterrecep.frm
02 09:18:34:342 Termino parse forms vdinterrecep.frm
02 09:18:34:342 Ejecutando interfase VDINTERRECEP
02 09:19:10:360 Empiezo a leer forms vdinterrecep.frm
02 09:19:10:367 Termino parse forms vdinterrecep.frm
02 09:19:10:367 Ejecutando interfase VDINTERRECEP
02 09:19:46:377 Empiezo a leer forms vdinterrecep.frm
02 09:19:46:382 Termino parse forms vdinterrecep.frm
02 09:19:46:382 Ejecutando interfase VDINTERRECEP
02 09:20:22:392 Empiezo a leer forms vdinterrecep.frm
02 09:20:22:397 Termino parse forms vdinterrecep.frm
02 09:20:22:397 Ejecutando interfase VDINTERRECEP
02 09:20:58:412 Empiezo a leer forms vdinterrecep.frm
02 09:20:58:420 Termino parse forms vdinterrecep.frm
02 09:20:58:420 Ejecutando interfase VDINTERRECEP
02 09:21:34:432 Empiezo a leer forms vdinterrecep.frm
02 09:21:34:436 Termino parse forms vdinterrecep.frm
02 09:21:34:436 Ejecutando interfase VDINTERRECEP
02 09:22:10:450 Empiezo a leer forms vdinterrecep.frm
02 09:22:10:456 Termino parse forms vdinterrecep.frm
02 09:22:10:456 Ejecutando interfase VDINTERRECEP
02 09:22:46:472 Empiezo a leer forms vdinterrecep.frm
02 09:22:46:478 Termino parse forms vdinterrecep.frm
02 09:22:46:478 Ejecutando interfase VDINTERRECEP
02 09:23:22:497 Empiezo a leer forms vdinterrecep.frm
02 09:23:22:503 Termino parse forms vdinterrecep.frm
02 09:23:22:505 Ejecutando interfase VDINTERRECEP
02 09:23:58:517 Empiezo a leer forms vdinterrecep.frm
02 09:23:58:522 Termino parse forms vdinterrecep.frm
02 09:23:58:522 Ejecutando interfase VDINTERRECEP
02 09:24:34:528 Empiezo a leer forms vdinterrecep.frm
02 09:24:34:536 Termino parse forms vdinterrecep.frm
02 09:24:34:536 Ejecutando interfase VDINTERRECEP
02 09:25:10:556 Empiezo a leer forms vdinterrecep.frm
02 09:25:10:562 Termino parse forms vdinterrecep.frm
02 09:25:10:562 Ejecutando interfase VDINTERRECEP
02 09:25:46:580 Empiezo a leer forms vdinterrecep.frm
02 09:25:46:588 Termino parse forms vdinterrecep.frm
02 09:25:46:588 Ejecutando interfase VDINTERRECEP
02 09:26:22:602 Empiezo a leer forms vdinterrecep.frm
02 09:26:22:607 Termino parse forms vdinterrecep.frm
02 09:26:22:607 Ejecutando interfase VDINTERRECEP
02 09:26:58:615 Empiezo a leer forms vdinterrecep.frm
02 09:26:58:618 Termino parse forms vdinterrecep.frm
02 09:26:58:620 Ejecutando interfase VDINTERRECEP
02 09:27:34:637 Empiezo a leer forms vdinterrecep.frm
02 09:27:34:642 Termino parse forms vdinterrecep.frm
02 09:27:34:642 Ejecutando interfase VDINTERRECEP
02 09:28:10:658 Empiezo a leer forms vdinterrecep.frm
02 09:28:10:665 Termino parse forms vdinterrecep.frm
02 09:28:10:666 Ejecutando interfase VDINTERRECEP
02 09:28:46:686 Empiezo a leer forms vdinterrecep.frm
02 09:28:46:692 Termino parse forms vdinterrecep.frm
02 09:28:46:692 Ejecutando interfase VDINTERRECEP
02 09:29:22:711 Empiezo a leer forms vdinterrecep.frm
02 09:29:22:718 Termino parse forms vdinterrecep.frm
02 09:29:22:718 Ejecutando interfase VDINTERRECEP
02 09:29:58:735 Empiezo a leer forms vdinterrecep.frm
02 09:29:58:746 Termino parse forms vdinterrecep.frm
02 09:29:58:746 Ejecutando interfase VDINTERRECEP
02 09:30:34:763 Empiezo a leer forms vdinterrecep.frm
02 09:30:34:767 Termino parse forms vdinterrecep.frm
02 09:30:34:767 Ejecutando interfase VDINTERRECEP
02 09:31:10:781 Empiezo a leer forms vdinterrecep.frm
02 09:31:10:787 Termino parse forms vdinterrecep.frm
02 09:31:10:787 Ejecutando interfase VDINTERRECEP
02 09:31:46:801 Empiezo a leer forms vdinterrecep.frm
02 09:31:46:807 Termino parse forms vdinterrecep.frm
02 09:31:46:807 Ejecutando interfase VDINTERRECEP
02 09:32:22:822 Empiezo a leer forms vdinterrecep.frm
02 09:32:22:831 Termino parse forms vdinterrecep.frm
02 09:32:22:831 Ejecutando interfase VDINTERRECEP
02 09:32:58:852 Empiezo a leer forms vdinterrecep.frm
02 09:32:58:861 Termino parse forms vdinterrecep.frm
02 09:32:58:861 Ejecutando interfase VDINTERRECEP
02 09:33:34:870 Empiezo a leer forms vdinterrecep.frm
02 09:33:34:877 Termino parse forms vdinterrecep.frm
02 09:33:34:877 Ejecutando interfase VDINTERRECEP
02 09:34:10:891 Empiezo a leer forms vdinterrecep.frm
02 09:34:10:897 Termino parse forms vdinterrecep.frm
02 09:34:10:897 Ejecutando interfase VDINTERRECEP
02 09:34:46:921 Empiezo a leer forms vdinterrecep.frm
02 09:34:46:927 Termino parse forms vdinterrecep.frm
02 09:34:46:927 Ejecutando interfase VDINTERRECEP
02 09:35:22:942 Empiezo a leer forms vdinterrecep.frm
02 09:35:22:948 Termino parse forms vdinterrecep.frm
02 09:35:22:948 Ejecutando interfase VDINTERRECEP
02 09:35:58:970 Empiezo a leer forms vdinterrecep.frm
02 09:35:58:980 Termino parse forms vdinterrecep.frm
02 09:35:58:980 Ejecutando interfase VDINTERRECEP
02 09:36:34:988 Empiezo a leer forms vdinterrecep.frm
02 09:36:34:996 Termino parse forms vdinterrecep.frm
02 09:36:34:996 Ejecutando interfase VDINTERRECEP
02 09:37:11:007 Empiezo a leer forms vdinterrecep.frm
02 09:37:11:012 Termino parse forms vdinterrecep.frm
02 09:37:11:013 Ejecutando interfase VDINTERRECEP
02 09:37:47:028 Empiezo a leer forms vdinterrecep.frm
02 09:37:47:033 Termino parse forms vdinterrecep.frm
02 09:37:47:035 Ejecutando interfase VDINTERRECEP

00 09:37:54:927 Fichero de log cerrado.

00 09:38:20:112 Fichero de log abierto PID 10072

02 09:38:20:115 Intentando abrir fichero v10.ini
02 09:38:20:121 Cargando driver v10oracle funcion damedriveroracle
02 09:38:21:051 Conectado a base de datos
02 09:38:21:053 Proceso ENVIORECEP encontrado en tabla VDPROCESOS
02 09:38:21:061 Proceso ENVIORECEP cargado con función interfasesalida (Librería VDINTERFASES.DLL) direccion 0636CC80
02 09:38:21:063 PLSQL: INICIALIZADO PAQUETE DE LOG EL DIA 25-03-2022
02 09:38:21:077 Actualizado SID 262 SERIAL 26569 del proceso con PID 10072
00 09:38:21:085 Error al abrir fichero VDST.H
02 09:38:21:086 Empiezo a leer forms vdinterrecep.frm
02 09:38:21:106 Termino parse forms vdinterrecep.frm
02 09:38:21:106 Ejecutando interfase VDINTERRECEP
02 09:38:57:122 Empiezo a leer forms vdinterrecep.frm
02 09:38:57:131 Termino parse forms vdinterrecep.frm
02 09:38:57:132 Ejecutando interfase VDINTERRECEP
02 09:39:33:146 Empiezo a leer forms vdinterrecep.frm
02 09:39:33:157 Termino parse forms vdinterrecep.frm
02 09:39:33:157 Ejecutando interfase VDINTERRECEP
02 09:40:09:172 Empiezo a leer forms vdinterrecep.frm
02 09:40:09:182 Termino parse forms vdinterrecep.frm
02 09:40:09:182 Ejecutando interfase VDINTERRECEP
02 09:40:45:197 Empiezo a leer forms vdinterrecep.frm
02 09:40:45:211 Termino parse forms vdinterrecep.frm
02 09:40:45:212 Ejecutando interfase VDINTERRECEP
02 09:41:21:235 Empiezo a leer forms vdinterrecep.frm
02 09:41:21:245 Termino parse forms vdinterrecep.frm
02 09:41:21:246 Ejecutando interfase VDINTERRECEP
02 09:41:57:268 Empiezo a leer forms vdinterrecep.frm
02 09:41:57:278 Termino parse forms vdinterrecep.frm
02 09:41:57:278 Ejecutando interfase VDINTERRECEP
02 09:42:33:300 Empiezo a leer forms vdinterrecep.frm
02 09:42:33:312 Termino parse forms vdinterrecep.frm
02 09:42:33:312 Ejecutando interfase VDINTERRECEP
02 09:43:09:337 Empiezo a leer forms vdinterrecep.frm
02 09:43:09:348 Termino parse forms vdinterrecep.frm
02 09:43:09:348 Ejecutando interfase VDINTERRECEP
02 09:43:45:375 Empiezo a leer forms vdinterrecep.frm
02 09:43:45:387 Termino parse forms vdinterrecep.frm
02 09:43:45:387 Ejecutando interfase VDINTERRECEP
02 09:44:21:410 Empiezo a leer forms vdinterrecep.frm
02 09:44:21:422 Termino parse forms vdinterrecep.frm
02 09:44:21:422 Ejecutando interfase VDINTERRECEP
02 09:44:57:440 Empiezo a leer forms vdinterrecep.frm
02 09:44:57:452 Termino parse forms vdinterrecep.frm
02 09:44:57:452 Ejecutando interfase VDINTERRECEP
02 09:45:33:472 Empiezo a leer forms vdinterrecep.frm
02 09:45:33:483 Termino parse forms vdinterrecep.frm
02 09:45:33:483 Ejecutando interfase VDINTERRECEP
02 09:46:09:495 Empiezo a leer forms vdinterrecep.frm
02 09:46:09:507 Termino parse forms vdinterrecep.frm
02 09:46:09:507 Ejecutando interfase VDINTERRECEP
02 09:46:45:522 Empiezo a leer forms vdinterrecep.frm
02 09:46:45:535 Termino parse forms vdinterrecep.frm
02 09:46:45:535 Ejecutando interfase VDINTERRECEP
02 09:47:21:547 Empiezo a leer forms vdinterrecep.frm
02 09:47:21:561 Termino parse forms vdinterrecep.frm
02 09:47:21:561 Ejecutando interfase VDINTERRECEP
02 09:47:57:580 Empiezo a leer forms vdinterrecep.frm
02 09:47:57:591 Termino parse forms vdinterrecep.frm
02 09:47:57:592 Ejecutando interfase VDINTERRECEP
02 09:48:33:616 Empiezo a leer forms vdinterrecep.frm
02 09:48:33:622 Termino parse forms vdinterrecep.frm
02 09:48:33:622 Ejecutando interfase VDINTERRECEP
02 09:49:09:638 Empiezo a leer forms vdinterrecep.frm
02 09:49:09:647 Termino parse forms vdinterrecep.frm
02 09:49:09:647 Ejecutando interfase VDINTERRECEP
02 09:49:45:662 Empiezo a leer forms vdinterrecep.frm
02 09:49:45:668 Termino parse forms vdinterrecep.frm
02 09:49:45:668 Ejecutando interfase VDINTERRECEP
02 09:50:21:681 Empiezo a leer forms vdinterrecep.frm
02 09:50:21:686 Termino parse forms vdinterrecep.frm
02 09:50:21:686 Ejecutando interfase VDINTERRECEP
02 09:50:57:697 Empiezo a leer forms vdinterrecep.frm
02 09:50:57:701 Termino parse forms vdinterrecep.frm
02 09:50:57:701 Ejecutando interfase VDINTERRECEP
02 09:51:33:716 Empiezo a leer forms vdinterrecep.frm
02 09:51:33:722 Termino parse forms vdinterrecep.frm
02 09:51:33:723 Ejecutando interfase VDINTERRECEP
02 09:52:09:736 Empiezo a leer forms vdinterrecep.frm
02 09:52:09:743 Termino parse forms vdinterrecep.frm
02 09:52:09:745 Ejecutando interfase VDINTERRECEP
02 09:52:45:755 Empiezo a leer forms vdinterrecep.frm
02 09:52:45:762 Termino parse forms vdinterrecep.frm
02 09:52:45:762 Ejecutando interfase VDINTERRECEP
02 09:53:21:777 Empiezo a leer forms vdinterrecep.frm
02 09:53:21:783 Termino parse forms vdinterrecep.frm
02 09:53:21:785 Ejecutando interfase VDINTERRECEP
02 09:53:57:803 Empiezo a leer forms vdinterrecep.frm
02 09:53:57:812 Termino parse forms vdinterrecep.frm
02 09:53:57:812 Ejecutando interfase VDINTERRECEP
02 09:54:33:832 Empiezo a leer forms vdinterrecep.frm
02 09:54:33:841 Termino parse forms vdinterrecep.frm
02 09:54:33:841 Ejecutando interfase VDINTERRECEP
02 09:55:09:853 Empiezo a leer forms vdinterrecep.frm
02 09:55:09:858 Termino parse forms vdinterrecep.frm
02 09:55:09:858 Ejecutando interfase VDINTERRECEP
02 09:55:45:872 Empiezo a leer forms vdinterrecep.frm
02 09:55:45:877 Termino parse forms vdinterrecep.frm
02 09:55:45:878 Ejecutando interfase VDINTERRECEP
02 09:56:21:892 Empiezo a leer forms vdinterrecep.frm
02 09:56:21:901 Termino parse forms vdinterrecep.frm
02 09:56:21:902 Ejecutando interfase VDINTERRECEP
02 09:56:57:920 Empiezo a leer forms vdinterrecep.frm
02 09:56:57:928 Termino parse forms vdinterrecep.frm
02 09:56:57:930 Ejecutando interfase VDINTERRECEP
02 09:57:33:942 Empiezo a leer forms vdinterrecep.frm
02 09:57:33:951 Termino parse forms vdinterrecep.frm
02 09:57:33:952 Ejecutando interfase VDINTERRECEP
02 09:58:09:972 Empiezo a leer forms vdinterrecep.frm
02 09:58:09:978 Termino parse forms vdinterrecep.frm
02 09:58:09:978 Ejecutando interfase VDINTERRECEP
02 09:58:45:991 Empiezo a leer forms vdinterrecep.frm
02 09:58:45:997 Termino parse forms vdinterrecep.frm
02 09:58:45:997 Ejecutando interfase VDINTERRECEP
02 09:59:22:012 Empiezo a leer forms vdinterrecep.frm
02 09:59:22:021 Termino parse forms vdinterrecep.frm
02 09:59:22:021 Ejecutando interfase VDINTERRECEP
02 09:59:58:037 Empiezo a leer forms vdinterrecep.frm
02 09:59:58:042 Termino parse forms vdinterrecep.frm
02 09:59:58:042 Ejecutando interfase VDINTERRECEP
02 10:00:34:060 Empiezo a leer forms vdinterrecep.frm
02 10:00:34:063 Termino parse forms vdinterrecep.frm
02 10:00:34:063 Ejecutando interfase VDINTERRECEP
02 10:01:10:077 Empiezo a leer forms vdinterrecep.frm
02 10:01:10:082 Termino parse forms vdinterrecep.frm
02 10:01:10:082 Ejecutando interfase VDINTERRECEP
02 10:01:46:096 Empiezo a leer forms vdinterrecep.frm
02 10:01:46:101 Termino parse forms vdinterrecep.frm
02 10:01:46:101 Ejecutando interfase VDINTERRECEP
02 10:02:22:117 Empiezo a leer forms vdinterrecep.frm
02 10:02:22:122 Termino parse forms vdinterrecep.frm
02 10:02:22:122 Ejecutando interfase VDINTERRECEP
02 10:02:58:146 Empiezo a leer forms vdinterrecep.frm
02 10:02:58:152 Termino parse forms vdinterrecep.frm
02 10:02:58:152 Ejecutando interfase VDINTERRECEP
02 10:03:34:168 Empiezo a leer forms vdinterrecep.frm
02 10:03:34:175 Termino parse forms vdinterrecep.frm
02 10:03:34:176 Ejecutando interfase VDINTERRECEP
02 10:04:10:195 Empiezo a leer forms vdinterrecep.frm
02 10:04:10:202 Termino parse forms vdinterrecep.frm
02 10:04:10:202 Ejecutando interfase VDINTERRECEP
02 10:04:46:216 Empiezo a leer forms vdinterrecep.frm
02 10:04:46:222 Termino parse forms vdinterrecep.frm
02 10:04:46:223 Ejecutando interfase VDINTERRECEP
02 10:05:22:242 Empiezo a leer forms vdinterrecep.frm
02 10:05:22:251 Termino parse forms vdinterrecep.frm
02 10:05:22:252 Ejecutando interfase VDINTERRECEP
02 10:05:58:272 Empiezo a leer forms vdinterrecep.frm
02 10:05:58:278 Termino parse forms vdinterrecep.frm
02 10:05:58:278 Ejecutando interfase VDINTERRECEP
02 10:06:34:292 Empiezo a leer forms vdinterrecep.frm
02 10:06:34:298 Termino parse forms vdinterrecep.frm
02 10:06:34:298 Ejecutando interfase VDINTERRECEP
02 10:07:10:310 Empiezo a leer forms vdinterrecep.frm
02 10:07:10:317 Termino parse forms vdinterrecep.frm
02 10:07:10:317 Ejecutando interfase VDINTERRECEP
02 10:07:46:333 Empiezo a leer forms vdinterrecep.frm
02 10:07:46:342 Termino parse forms vdinterrecep.frm
02 10:07:46:342 Ejecutando interfase VDINTERRECEP
02 10:08:22:357 Empiezo a leer forms vdinterrecep.frm
02 10:08:22:363 Termino parse forms vdinterrecep.frm
02 10:08:22:365 Ejecutando interfase VDINTERRECEP
02 10:08:58:386 Empiezo a leer forms vdinterrecep.frm
02 10:08:58:395 Termino parse forms vdinterrecep.frm
02 10:08:58:395 Ejecutando interfase VDINTERRECEP
02 10:09:34:417 Empiezo a leer forms vdinterrecep.frm
02 10:09:34:425 Termino parse forms vdinterrecep.frm
02 10:09:34:425 Ejecutando interfase VDINTERRECEP
02 10:10:10:442 Empiezo a leer forms vdinterrecep.frm
02 10:10:10:448 Termino parse forms vdinterrecep.frm
02 10:10:10:448 Ejecutando interfase VDINTERRECEP
02 10:10:46:470 Empiezo a leer forms vdinterrecep.frm
02 10:10:46:477 Termino parse forms vdinterrecep.frm
02 10:10:46:477 Ejecutando interfase VDINTERRECEP
02 10:11:22:485 Empiezo a leer forms vdinterrecep.frm
02 10:11:22:492 Termino parse forms vdinterrecep.frm
02 10:11:22:492 Ejecutando interfase VDINTERRECEP
02 10:11:58:502 Empiezo a leer forms vdinterrecep.frm
02 10:11:58:511 Termino parse forms vdinterrecep.frm
02 10:11:58:511 Ejecutando interfase VDINTERRECEP
02 10:12:34:532 Empiezo a leer forms vdinterrecep.frm
02 10:12:34:541 Termino parse forms vdinterrecep.frm
02 10:12:34:542 Ejecutando interfase VDINTERRECEP
02 10:13:10:557 Empiezo a leer forms vdinterrecep.frm
02 10:13:10:565 Termino parse forms vdinterrecep.frm
02 10:13:10:565 Ejecutando interfase VDINTERRECEP
02 10:13:46:585 Empiezo a leer forms vdinterrecep.frm
02 10:13:46:591 Termino parse forms vdinterrecep.frm
02 10:13:46:592 Ejecutando interfase VDINTERRECEP
02 10:14:22:610 Empiezo a leer forms vdinterrecep.frm
02 10:14:22:618 Termino parse forms vdinterrecep.frm
02 10:14:22:618 Ejecutando interfase VDINTERRECEP
02 10:14:58:631 Empiezo a leer forms vdinterrecep.frm
02 10:14:58:638 Termino parse forms vdinterrecep.frm
02 10:14:58:640 Ejecutando interfase VDINTERRECEP
02 10:15:34:661 Empiezo a leer forms vdinterrecep.frm
02 10:15:34:668 Termino parse forms vdinterrecep.frm
02 10:15:34:668 Ejecutando interfase VDINTERRECEP
02 10:16:10:687 Empiezo a leer forms vdinterrecep.frm
02 10:16:10:693 Termino parse forms vdinterrecep.frm
02 10:16:10:693 Ejecutando interfase VDINTERRECEP
02 10:16:46:707 Empiezo a leer forms vdinterrecep.frm
02 10:16:46:715 Termino parse forms vdinterrecep.frm
02 10:16:46:715 Ejecutando interfase VDINTERRECEP
02 10:17:22:725 Empiezo a leer forms vdinterrecep.frm
02 10:17:22:731 Termino parse forms vdinterrecep.frm
02 10:17:22:731 Ejecutando interfase VDINTERRECEP
02 10:17:58:742 Empiezo a leer forms vdinterrecep.frm
02 10:17:58:748 Termino parse forms vdinterrecep.frm
02 10:17:58:750 Ejecutando interfase VDINTERRECEP
02 10:18:34:767 Empiezo a leer forms vdinterrecep.frm
02 10:18:34:772 Termino parse forms vdinterrecep.frm
02 10:18:34:773 Ejecutando interfase VDINTERRECEP
02 10:19:10:792 Empiezo a leer forms vdinterrecep.frm
02 10:19:10:800 Termino parse forms vdinterrecep.frm
02 10:19:10:801 Ejecutando interfase VDINTERRECEP
02 10:19:46:813 Empiezo a leer forms vdinterrecep.frm
02 10:19:46:822 Termino parse forms vdinterrecep.frm
02 10:19:46:822 Ejecutando interfase VDINTERRECEP
02 10:20:22:831 Empiezo a leer forms vdinterrecep.frm
02 10:20:22:837 Termino parse forms vdinterrecep.frm
02 10:20:22:837 Ejecutando interfase VDINTERRECEP
02 10:20:58:847 Empiezo a leer forms vdinterrecep.frm
02 10:20:58:855 Termino parse forms vdinterrecep.frm
02 10:20:58:855 Ejecutando interfase VDINTERRECEP
02 10:21:34:868 Empiezo a leer forms vdinterrecep.frm
02 10:21:34:876 Termino parse forms vdinterrecep.frm
02 10:21:34:877 Ejecutando interfase VDINTERRECEP
02 10:22:10:892 Empiezo a leer forms vdinterrecep.frm
02 10:22:10:901 Termino parse forms vdinterrecep.frm
02 10:22:10:901 Ejecutando interfase VDINTERRECEP
02 10:22:46:916 Empiezo a leer forms vdinterrecep.frm
02 10:22:46:925 Termino parse forms vdinterrecep.frm
02 10:22:46:925 Ejecutando interfase VDINTERRECEP
02 10:23:22:942 Empiezo a leer forms vdinterrecep.frm
02 10:23:22:947 Termino parse forms vdinterrecep.frm
02 10:23:22:947 Ejecutando interfase VDINTERRECEP
02 10:23:58:966 Empiezo a leer forms vdinterrecep.frm
02 10:23:58:972 Termino parse forms vdinterrecep.frm
02 10:23:58:972 Ejecutando interfase VDINTERRECEP
02 10:24:34:990 Empiezo a leer forms vdinterrecep.frm
02 10:24:34:996 Termino parse forms vdinterrecep.frm
02 10:24:34:996 Ejecutando interfase VDINTERRECEP
02 10:25:11:012 Empiezo a leer forms vdinterrecep.frm
02 10:25:11:021 Termino parse forms vdinterrecep.frm
02 10:25:11:021 Ejecutando interfase VDINTERRECEP
02 10:25:47:041 Empiezo a leer forms vdinterrecep.frm
02 10:25:47:046 Termino parse forms vdinterrecep.frm
02 10:25:47:046 Ejecutando interfase VDINTERRECEP
02 10:26:23:067 Empiezo a leer forms vdinterrecep.frm
02 10:26:23:072 Termino parse forms vdinterrecep.frm
02 10:26:23:072 Ejecutando interfase VDINTERRECEP
02 10:26:59:083 Empiezo a leer forms vdinterrecep.frm
02 10:26:59:090 Termino parse forms vdinterrecep.frm
02 10:26:59:091 Ejecutando interfase VDINTERRECEP
02 10:27:35:101 Empiezo a leer forms vdinterrecep.frm
02 10:27:35:107 Termino parse forms vdinterrecep.frm
02 10:27:35:107 Ejecutando interfase VDINTERRECEP
02 10:28:11:118 Empiezo a leer forms vdinterrecep.frm
02 10:28:11:127 Termino parse forms vdinterrecep.frm
02 10:28:11:127 Ejecutando interfase VDINTERRECEP
02 10:28:47:150 Empiezo a leer forms vdinterrecep.frm
02 10:28:47:157 Termino parse forms vdinterrecep.frm
02 10:28:47:157 Ejecutando interfase VDINTERRECEP
02 10:29:23:175 Empiezo a leer forms vdinterrecep.frm
02 10:29:23:182 Termino parse forms vdinterrecep.frm
02 10:29:23:182 Ejecutando interfase VDINTERRECEP
02 10:29:59:192 Empiezo a leer forms vdinterrecep.frm
02 10:29:59:200 Termino parse forms vdinterrecep.frm
02 10:29:59:201 Ejecutando interfase VDINTERRECEP
02 10:30:35:210 Empiezo a leer forms vdinterrecep.frm
02 10:30:35:217 Termino parse forms vdinterrecep.frm
02 10:30:35:217 Ejecutando interfase VDINTERRECEP
02 10:31:11:237 Empiezo a leer forms vdinterrecep.frm
02 10:31:11:246 Termino parse forms vdinterrecep.frm
02 10:31:11:246 Ejecutando interfase VDINTERRECEP
02 10:31:47:256 Empiezo a leer forms vdinterrecep.frm
02 10:31:47:262 Termino parse forms vdinterrecep.frm
02 10:31:47:262 Ejecutando interfase VDINTERRECEP
02 10:32:23:281 Empiezo a leer forms vdinterrecep.frm
02 10:32:23:290 Termino parse forms vdinterrecep.frm
02 10:32:23:290 Ejecutando interfase VDINTERRECEP
02 10:32:59:300 Empiezo a leer forms vdinterrecep.frm
02 10:32:59:306 Termino parse forms vdinterrecep.frm
02 10:32:59:306 Ejecutando interfase VDINTERRECEP
02 10:33:35:316 Empiezo a leer forms vdinterrecep.frm
02 10:33:35:322 Termino parse forms vdinterrecep.frm
02 10:33:35:322 Ejecutando interfase VDINTERRECEP
02 10:34:11:343 Empiezo a leer forms vdinterrecep.frm
02 10:34:11:348 Termino parse forms vdinterrecep.frm
02 10:34:11:348 Ejecutando interfase VDINTERRECEP
02 10:34:47:362 Empiezo a leer forms vdinterrecep.frm
02 10:34:47:367 Termino parse forms vdinterrecep.frm
02 10:34:47:368 Ejecutando interfase VDINTERRECEP
02 10:35:23:378 Empiezo a leer forms vdinterrecep.frm
02 10:35:23:387 Termino parse forms vdinterrecep.frm
02 10:35:23:387 Ejecutando interfase VDINTERRECEP
02 10:35:59:407 Empiezo a leer forms vdinterrecep.frm
02 10:35:59:412 Termino parse forms vdinterrecep.frm
02 10:35:59:412 Ejecutando interfase VDINTERRECEP
02 10:36:35:427 Empiezo a leer forms vdinterrecep.frm
02 10:36:35:435 Termino parse forms vdinterrecep.frm
02 10:36:35:436 Ejecutando interfase VDINTERRECEP
02 10:37:11:457 Empiezo a leer forms vdinterrecep.frm
02 10:37:11:466 Termino parse forms vdinterrecep.frm
02 10:37:11:466 Ejecutando interfase VDINTERRECEP
02 10:37:47:485 Empiezo a leer forms vdinterrecep.frm
02 10:37:47:492 Termino parse forms vdinterrecep.frm
02 10:37:47:492 Ejecutando interfase VDINTERRECEP
02 10:38:23:511 Empiezo a leer forms vdinterrecep.frm
02 10:38:23:520 Termino parse forms vdinterrecep.frm
02 10:38:23:520 Ejecutando interfase VDINTERRECEP
02 10:38:59:532 Empiezo a leer forms vdinterrecep.frm
02 10:38:59:542 Termino parse forms vdinterrecep.frm
02 10:38:59:542 Ejecutando interfase VDINTERRECEP
02 10:39:35:562 Empiezo a leer forms vdinterrecep.frm
02 10:39:35:568 Termino parse forms vdinterrecep.frm
02 10:39:35:570 Ejecutando interfase VDINTERRECEP
02 10:40:11:578 Empiezo a leer forms vdinterrecep.frm
02 10:40:11:587 Termino parse forms vdinterrecep.frm
02 10:40:11:587 Ejecutando interfase VDINTERRECEP
02 10:40:47:602 Empiezo a leer forms vdinterrecep.frm
02 10:40:47:610 Termino parse forms vdinterrecep.frm
02 10:40:47:610 Ejecutando interfase VDINTERRECEP
02 10:41:23:635 Empiezo a leer forms vdinterrecep.frm
02 10:41:23:646 Termino parse forms vdinterrecep.frm
02 10:41:23:646 Ejecutando interfase VDINTERRECEP
02 10:41:59:670 Empiezo a leer forms vdinterrecep.frm
02 10:41:59:675 Termino parse forms vdinterrecep.frm
02 10:41:59:675 Ejecutando interfase VDINTERRECEP
02 10:42:35:691 Empiezo a leer forms vdinterrecep.frm
02 10:42:35:697 Termino parse forms vdinterrecep.frm
02 10:42:35:697 Ejecutando interfase VDINTERRECEP
02 10:43:11:705 Empiezo a leer forms vdinterrecep.frm
02 10:43:11:711 Termino parse forms vdinterrecep.frm
02 10:43:11:711 Ejecutando interfase VDINTERRECEP
02 10:43:47:728 Empiezo a leer forms vdinterrecep.frm
02 10:43:47:737 Termino parse forms vdinterrecep.frm
02 10:43:47:737 Ejecutando interfase VDINTERRECEP
02 10:44:23:760 Empiezo a leer forms vdinterrecep.frm
02 10:44:23:767 Termino parse forms vdinterrecep.frm
02 10:44:23:767 Ejecutando interfase VDINTERRECEP
02 10:44:59:787 Empiezo a leer forms vdinterrecep.frm
02 10:44:59:792 Termino parse forms vdinterrecep.frm
02 10:44:59:792 Ejecutando interfase VDINTERRECEP
02 10:45:35:803 Empiezo a leer forms vdinterrecep.frm
02 10:45:35:811 Termino parse forms vdinterrecep.frm
02 10:45:35:811 Ejecutando interfase VDINTERRECEP
02 10:46:11:825 Empiezo a leer forms vdinterrecep.frm
02 10:46:11:830 Termino parse forms vdinterrecep.frm
02 10:46:11:830 Ejecutando interfase VDINTERRECEP
02 10:46:47:837 Empiezo a leer forms vdinterrecep.frm
02 10:46:47:845 Termino parse forms vdinterrecep.frm
02 10:46:47:846 Ejecutando interfase VDINTERRECEP
02 10:47:23:863 Empiezo a leer forms vdinterrecep.frm
02 10:47:23:870 Termino parse forms vdinterrecep.frm
02 10:47:23:870 Ejecutando interfase VDINTERRECEP
02 10:47:59:892 Empiezo a leer forms vdinterrecep.frm
02 10:47:59:900 Termino parse forms vdinterrecep.frm
02 10:47:59:901 Ejecutando interfase VDINTERRECEP
02 10:48:35:913 Empiezo a leer forms vdinterrecep.frm
02 10:48:35:922 Termino parse forms vdinterrecep.frm
02 10:48:35:922 Ejecutando interfase VDINTERRECEP
02 10:49:11:943 Empiezo a leer forms vdinterrecep.frm
02 10:49:11:951 Termino parse forms vdinterrecep.frm
02 10:49:11:951 Ejecutando interfase VDINTERRECEP
02 10:49:47:965 Empiezo a leer forms vdinterrecep.frm
02 10:49:47:972 Termino parse forms vdinterrecep.frm
02 10:49:47:972 Ejecutando interfase VDINTERRECEP
02 10:50:23:988 Empiezo a leer forms vdinterrecep.frm
02 10:50:23:996 Termino parse forms vdinterrecep.frm
02 10:50:23:997 Ejecutando interfase VDINTERRECEP
02 10:51:00:007 Empiezo a leer forms vdinterrecep.frm
02 10:51:00:015 Termino parse forms vdinterrecep.frm
02 10:51:00:016 Ejecutando interfase VDINTERRECEP
02 10:51:36:037 Empiezo a leer forms vdinterrecep.frm
02 10:51:36:043 Termino parse forms vdinterrecep.frm
02 10:51:36:043 Ejecutando interfase VDINTERRECEP
02 10:52:12:058 Empiezo a leer forms vdinterrecep.frm
02 10:52:12:065 Termino parse forms vdinterrecep.frm
02 10:52:12:065 Ejecutando interfase VDINTERRECEP
02 10:52:48:083 Empiezo a leer forms vdinterrecep.frm
02 10:52:48:090 Termino parse forms vdinterrecep.frm
02 10:52:48:090 Ejecutando interfase VDINTERRECEP
02 10:53:24:103 Empiezo a leer forms vdinterrecep.frm
02 10:53:24:112 Termino parse forms vdinterrecep.frm
02 10:53:24:112 Ejecutando interfase VDINTERRECEP
02 10:54:00:127 Empiezo a leer forms vdinterrecep.frm
02 10:54:00:135 Termino parse forms vdinterrecep.frm
02 10:54:00:135 Ejecutando interfase VDINTERRECEP
02 10:54:36:142 Empiezo a leer forms vdinterrecep.frm
02 10:54:36:151 Termino parse forms vdinterrecep.frm
02 10:54:36:151 Ejecutando interfase VDINTERRECEP
02 10:55:12:163 Empiezo a leer forms vdinterrecep.frm
02 10:55:12:172 Termino parse forms vdinterrecep.frm
02 10:55:12:172 Ejecutando interfase VDINTERRECEP
02 10:55:48:182 Empiezo a leer forms vdinterrecep.frm
02 10:55:48:191 Termino parse forms vdinterrecep.frm
02 10:55:48:191 Ejecutando interfase VDINTERRECEP
02 10:56:24:208 Empiezo a leer forms vdinterrecep.frm
02 10:56:24:216 Termino parse forms vdinterrecep.frm
02 10:56:24:216 Ejecutando interfase VDINTERRECEP
02 10:57:00:228 Empiezo a leer forms vdinterrecep.frm
02 10:57:00:235 Termino parse forms vdinterrecep.frm
02 10:57:00:236 Ejecutando interfase VDINTERRECEP
02 10:57:36:256 Empiezo a leer forms vdinterrecep.frm
02 10:57:36:262 Termino parse forms vdinterrecep.frm
02 10:57:36:263 Ejecutando interfase VDINTERRECEP
02 10:58:12:272 Empiezo a leer forms vdinterrecep.frm
02 10:58:12:277 Termino parse forms vdinterrecep.frm
02 10:58:12:277 Ejecutando interfase VDINTERRECEP
02 10:58:48:287 Empiezo a leer forms vdinterrecep.frm
02 10:58:48:296 Termino parse forms vdinterrecep.frm
02 10:58:48:296 Ejecutando interfase VDINTERRECEP
02 10:59:24:311 Empiezo a leer forms vdinterrecep.frm
02 10:59:24:318 Termino parse forms vdinterrecep.frm
02 10:59:24:318 Ejecutando interfase VDINTERRECEP
02 11:00:00:340 Empiezo a leer forms vdinterrecep.frm
02 11:00:00:343 Termino parse forms vdinterrecep.frm
02 11:00:00:343 Ejecutando interfase VDINTERRECEP
02 11:00:36:353 Empiezo a leer forms vdinterrecep.frm
02 11:00:36:361 Termino parse forms vdinterrecep.frm
02 11:00:36:361 Ejecutando interfase VDINTERRECEP
02 11:01:12:381 Empiezo a leer forms vdinterrecep.frm
02 11:01:12:387 Termino parse forms vdinterrecep.frm
02 11:01:12:387 Ejecutando interfase VDINTERRECEP
02 11:01:48:407 Empiezo a leer forms vdinterrecep.frm
02 11:01:48:417 Termino parse forms vdinterrecep.frm
02 11:01:48:418 Ejecutando interfase VDINTERRECEP
02 11:02:24:440 Empiezo a leer forms vdinterrecep.frm
02 11:02:24:447 Termino parse forms vdinterrecep.frm
02 11:02:24:447 Ejecutando interfase VDINTERRECEP
02 11:03:00:462 Empiezo a leer forms vdinterrecep.frm
02 11:03:00:468 Termino parse forms vdinterrecep.frm
02 11:03:00:468 Ejecutando interfase VDINTERRECEP
02 11:03:36:477 Empiezo a leer forms vdinterrecep.frm
02 11:03:36:485 Termino parse forms vdinterrecep.frm
02 11:03:36:485 Ejecutando interfase VDINTERRECEP
02 11:04:12:503 Empiezo a leer forms vdinterrecep.frm
02 11:04:12:510 Termino parse forms vdinterrecep.frm
02 11:04:12:511 Ejecutando interfase VDINTERRECEP
02 11:04:48:517 Empiezo a leer forms vdinterrecep.frm
02 11:04:48:525 Termino parse forms vdinterrecep.frm
02 11:04:48:526 Ejecutando interfase VDINTERRECEP
02 11:05:24:546 Empiezo a leer forms vdinterrecep.frm
02 11:05:24:556 Termino parse forms vdinterrecep.frm
02 11:05:24:556 Ejecutando interfase VDINTERRECEP
02 11:06:00:576 Empiezo a leer forms vdinterrecep.frm
02 11:06:00:582 Termino parse forms vdinterrecep.frm
02 11:06:00:582 Ejecutando interfase VDINTERRECEP
02 11:06:36:605 Empiezo a leer forms vdinterrecep.frm
02 11:06:36:612 Termino parse forms vdinterrecep.frm
02 11:06:36:613 Ejecutando interfase VDINTERRECEP
02 11:07:12:626 Empiezo a leer forms vdinterrecep.frm
02 11:07:12:633 Termino parse forms vdinterrecep.frm
02 11:07:12:635 Ejecutando interfase VDINTERRECEP
02 11:07:48:643 Empiezo a leer forms vdinterrecep.frm
02 11:07:48:647 Termino parse forms vdinterrecep.frm
02 11:07:48:647 Ejecutando interfase VDINTERRECEP
02 11:08:24:670 Empiezo a leer forms vdinterrecep.frm
02 11:08:24:676 Termino parse forms vdinterrecep.frm
02 11:08:24:676 Ejecutando interfase VDINTERRECEP
02 11:09:00:687 Empiezo a leer forms vdinterrecep.frm
02 11:09:00:695 Termino parse forms vdinterrecep.frm
02 11:09:00:696 Ejecutando interfase VDINTERRECEP
02 11:09:36:710 Empiezo a leer forms vdinterrecep.frm
02 11:09:36:715 Termino parse forms vdinterrecep.frm
02 11:09:36:716 Ejecutando interfase VDINTERRECEP
02 11:10:12:728 Empiezo a leer forms vdinterrecep.frm
02 11:10:12:735 Termino parse forms vdinterrecep.frm
02 11:10:12:735 Ejecutando interfase VDINTERRECEP
02 11:10:48:743 Empiezo a leer forms vdinterrecep.frm
02 11:10:48:748 Termino parse forms vdinterrecep.frm
02 11:10:48:748 Ejecutando interfase VDINTERRECEP
02 11:11:24:765 Empiezo a leer forms vdinterrecep.frm
02 11:11:24:772 Termino parse forms vdinterrecep.frm
02 11:11:24:772 Ejecutando interfase VDINTERRECEP
02 11:12:00:783 Empiezo a leer forms vdinterrecep.frm
02 11:12:00:793 Termino parse forms vdinterrecep.frm
02 11:12:00:793 Ejecutando interfase VDINTERRECEP
02 11:12:36:817 Empiezo a leer forms vdinterrecep.frm
02 11:12:36:823 Termino parse forms vdinterrecep.frm
02 11:12:36:823 Ejecutando interfase VDINTERRECEP
02 11:13:12:847 Empiezo a leer forms vdinterrecep.frm
02 11:13:12:853 Termino parse forms vdinterrecep.frm
02 11:13:12:853 Ejecutando interfase VDINTERRECEP
02 11:13:48:873 Empiezo a leer forms vdinterrecep.frm
02 11:13:48:881 Termino parse forms vdinterrecep.frm
02 11:13:48:882 Ejecutando interfase VDINTERRECEP
02 11:14:24:905 Empiezo a leer forms vdinterrecep.frm
02 11:14:24:911 Termino parse forms vdinterrecep.frm
02 11:14:24:911 Ejecutando interfase VDINTERRECEP
02 11:15:00:930 Empiezo a leer forms vdinterrecep.frm
02 11:15:00:936 Termino parse forms vdinterrecep.frm
02 11:15:00:937 Ejecutando interfase VDINTERRECEP
02 11:15:36:946 Empiezo a leer forms vdinterrecep.frm
02 11:15:36:953 Termino parse forms vdinterrecep.frm
02 11:15:36:955 Ejecutando interfase VDINTERRECEP
02 11:16:12:973 Empiezo a leer forms vdinterrecep.frm
02 11:16:12:981 Termino parse forms vdinterrecep.frm
02 11:16:12:982 Ejecutando interfase VDINTERRECEP
02 11:16:49:001 Empiezo a leer forms vdinterrecep.frm
02 11:16:49:010 Termino parse forms vdinterrecep.frm
02 11:16:49:010 Ejecutando interfase VDINTERRECEP
02 11:17:25:033 Empiezo a leer forms vdinterrecep.frm
02 11:17:25:041 Termino parse forms vdinterrecep.frm
02 11:17:25:042 Ejecutando interfase VDINTERRECEP
02 11:18:01:058 Empiezo a leer forms vdinterrecep.frm
02 11:18:01:066 Termino parse forms vdinterrecep.frm
02 11:18:01:066 Ejecutando interfase VDINTERRECEP
02 11:18:37:082 Empiezo a leer forms vdinterrecep.frm
02 11:18:37:088 Termino parse forms vdinterrecep.frm
02 11:18:37:088 Ejecutando interfase VDINTERRECEP
02 11:19:13:106 Empiezo a leer forms vdinterrecep.frm
02 11:19:13:112 Termino parse forms vdinterrecep.frm
02 11:19:13:112 Ejecutando interfase VDINTERRECEP
02 11:19:49:131 Empiezo a leer forms vdinterrecep.frm
02 11:19:49:140 Termino parse forms vdinterrecep.frm
02 11:19:49:140 Ejecutando interfase VDINTERRECEP
02 11:20:25:162 Empiezo a leer forms vdinterrecep.frm
02 11:20:25:170 Termino parse forms vdinterrecep.frm
02 11:20:25:170 Ejecutando interfase VDINTERRECEP
02 11:21:01:187 Empiezo a leer forms vdinterrecep.frm
02 11:21:01:192 Termino parse forms vdinterrecep.frm
02 11:21:01:192 Ejecutando interfase VDINTERRECEP
02 11:21:37:206 Empiezo a leer forms vdinterrecep.frm
02 11:21:37:212 Termino parse forms vdinterrecep.frm
02 11:21:37:212 Ejecutando interfase VDINTERRECEP
02 11:22:13:232 Empiezo a leer forms vdinterrecep.frm
02 11:22:13:240 Termino parse forms vdinterrecep.frm
02 11:22:13:240 Ejecutando interfase VDINTERRECEP
02 11:22:49:256 Empiezo a leer forms vdinterrecep.frm
02 11:22:49:263 Termino parse forms vdinterrecep.frm
02 11:22:49:265 Ejecutando interfase VDINTERRECEP
02 11:23:25:287 Empiezo a leer forms vdinterrecep.frm
02 11:23:25:301 Termino parse forms vdinterrecep.frm
02 11:23:25:301 Ejecutando interfase VDINTERRECEP
02 11:24:01:328 Empiezo a leer forms vdinterrecep.frm
02 11:24:01:342 Termino parse forms vdinterrecep.frm
02 11:24:01:342 Ejecutando interfase VDINTERRECEP
02 11:24:37:365 Empiezo a leer forms vdinterrecep.frm
02 11:24:37:372 Termino parse forms vdinterrecep.frm
02 11:24:37:372 Ejecutando interfase VDINTERRECEP
02 11:25:13:381 Empiezo a leer forms vdinterrecep.frm
02 11:25:13:386 Termino parse forms vdinterrecep.frm
02 11:25:13:386 Ejecutando interfase VDINTERRECEP
02 11:25:49:398 Empiezo a leer forms vdinterrecep.frm
02 11:25:49:407 Termino parse forms vdinterrecep.frm
02 11:25:49:408 Ejecutando interfase VDINTERRECEP
02 11:26:25:417 Empiezo a leer forms vdinterrecep.frm
02 11:26:25:425 Termino parse forms vdinterrecep.frm
02 11:26:25:425 Ejecutando interfase VDINTERRECEP
02 11:27:01:435 Empiezo a leer forms vdinterrecep.frm
02 11:27:01:441 Termino parse forms vdinterrecep.frm
02 11:27:01:441 Ejecutando interfase VDINTERRECEP
02 12:02:47:097 Empiezo a leer forms vdinterrecep.frm
02 12:02:47:100 Termino parse forms vdinterrecep.frm
02 12:02:47:100 Ejecutando interfase VDINTERRECEP
02 12:03:23:105 Empiezo a leer forms vdinterrecep.frm
02 12:03:23:110 Termino parse forms vdinterrecep.frm
02 12:03:23:110 Ejecutando interfase VDINTERRECEP
02 12:03:59:125 Empiezo a leer forms vdinterrecep.frm
02 12:03:59:132 Termino parse forms vdinterrecep.frm
02 12:03:59:132 Ejecutando interfase VDINTERRECEP
02 12:04:35:144 Empiezo a leer forms vdinterrecep.frm
02 12:04:35:147 Termino parse forms vdinterrecep.frm
02 12:04:35:147 Ejecutando interfase VDINTERRECEP
02 12:05:11:160 Empiezo a leer forms vdinterrecep.frm
02 12:05:11:165 Termino parse forms vdinterrecep.frm
02 12:05:11:165 Ejecutando interfase VDINTERRECEP
02 12:05:47:182 Empiezo a leer forms vdinterrecep.frm
02 12:05:47:189 Termino parse forms vdinterrecep.frm
02 12:05:47:189 Ejecutando interfase VDINTERRECEP
02 12:06:23:209 Empiezo a leer forms vdinterrecep.frm
02 12:06:23:215 Termino parse forms vdinterrecep.frm
02 12:06:23:215 Ejecutando interfase VDINTERRECEP
02 12:06:59:225 Empiezo a leer forms vdinterrecep.frm
02 12:06:59:237 Termino parse forms vdinterrecep.frm
02 12:06:59:237 Ejecutando interfase VDINTERRECEP
02 12:07:35:252 Empiezo a leer forms vdinterrecep.frm
02 12:07:35:257 Termino parse forms vdinterrecep.frm
02 12:07:35:257 Ejecutando interfase VDINTERRECEP
02 12:08:11:275 Empiezo a leer forms vdinterrecep.frm
02 12:08:11:280 Termino parse forms vdinterrecep.frm
02 12:08:11:282 Ejecutando interfase VDINTERRECEP
02 12:08:47:292 Empiezo a leer forms vdinterrecep.frm
02 12:08:47:295 Termino parse forms vdinterrecep.frm
02 12:08:47:295 Ejecutando interfase VDINTERRECEP
02 12:09:23:304 Empiezo a leer forms vdinterrecep.frm
02 12:09:23:309 Termino parse forms vdinterrecep.frm
02 12:09:23:309 Ejecutando interfase VDINTERRECEP
02 12:09:59:320 Empiezo a leer forms vdinterrecep.frm
02 12:09:59:325 Termino parse forms vdinterrecep.frm
02 12:09:59:325 Ejecutando interfase VDINTERRECEP
02 12:10:35:350 Empiezo a leer forms vdinterrecep.frm
02 12:10:35:357 Termino parse forms vdinterrecep.frm
02 12:10:35:357 Ejecutando interfase VDINTERRECEP
02 12:11:11:367 Empiezo a leer forms vdinterrecep.frm
02 12:11:11:372 Termino parse forms vdinterrecep.frm
02 12:11:11:372 Ejecutando interfase VDINTERRECEP
02 12:11:47:392 Empiezo a leer forms vdinterrecep.frm
02 12:11:47:397 Termino parse forms vdinterrecep.frm
02 12:11:47:399 Ejecutando interfase VDINTERRECEP
02 12:12:23:419 Empiezo a leer forms vdinterrecep.frm
02 12:12:23:425 Termino parse forms vdinterrecep.frm
02 12:12:23:425 Ejecutando interfase VDINTERRECEP
02 12:12:59:435 Empiezo a leer forms vdinterrecep.frm
02 12:12:59:440 Termino parse forms vdinterrecep.frm
02 12:12:59:440 Ejecutando interfase VDINTERRECEP
02 12:13:35:455 Empiezo a leer forms vdinterrecep.frm
02 12:13:35:467 Termino parse forms vdinterrecep.frm
02 12:13:35:467 Ejecutando interfase VDINTERRECEP
02 12:14:11:490 Empiezo a leer forms vdinterrecep.frm
02 12:14:11:495 Termino parse forms vdinterrecep.frm
02 12:14:11:495 Ejecutando interfase VDINTERRECEP
02 12:14:47:505 Empiezo a leer forms vdinterrecep.frm
02 12:14:47:512 Termino parse forms vdinterrecep.frm
02 12:14:47:512 Ejecutando interfase VDINTERRECEP
02 12:15:23:524 Empiezo a leer forms vdinterrecep.frm
02 12:15:23:530 Termino parse forms vdinterrecep.frm
02 12:15:23:530 Ejecutando interfase VDINTERRECEP
02 12:15:59:552 Empiezo a leer forms vdinterrecep.frm
02 12:15:59:560 Termino parse forms vdinterrecep.frm
02 12:15:59:560 Ejecutando interfase VDINTERRECEP
02 12:16:35:575 Empiezo a leer forms vdinterrecep.frm
02 12:16:35:584 Termino parse forms vdinterrecep.frm
02 12:16:35:584 Ejecutando interfase VDINTERRECEP
02 12:17:11:597 Empiezo a leer forms vdinterrecep.frm
02 12:17:11:602 Termino parse forms vdinterrecep.frm
02 12:17:11:604 Ejecutando interfase VDINTERRECEP
02 12:17:47:612 Empiezo a leer forms vdinterrecep.frm
02 12:17:47:619 Termino parse forms vdinterrecep.frm
02 12:17:47:620 Ejecutando interfase VDINTERRECEP
02 12:18:23:629 Empiezo a leer forms vdinterrecep.frm
02 12:18:23:639 Termino parse forms vdinterrecep.frm
02 12:18:23:639 Ejecutando interfase VDINTERRECEP
02 12:18:59:655 Empiezo a leer forms vdinterrecep.frm
02 12:18:59:660 Termino parse forms vdinterrecep.frm
02 12:18:59:660 Ejecutando interfase VDINTERRECEP
02 12:19:35:669 Empiezo a leer forms vdinterrecep.frm
02 12:19:35:675 Termino parse forms vdinterrecep.frm
02 12:19:35:675 Ejecutando interfase VDINTERRECEP
02 12:20:11:684 Empiezo a leer forms vdinterrecep.frm
02 12:20:11:690 Termino parse forms vdinterrecep.frm
02 12:20:11:690 Ejecutando interfase VDINTERRECEP
02 12:20:47:705 Empiezo a leer forms vdinterrecep.frm
02 12:20:47:714 Termino parse forms vdinterrecep.frm
02 12:20:47:714 Ejecutando interfase VDINTERRECEP
02 12:21:23:732 Empiezo a leer forms vdinterrecep.frm
02 12:21:23:737 Termino parse forms vdinterrecep.frm
02 12:21:23:739 Ejecutando interfase VDINTERRECEP
02 12:21:59:757 Empiezo a leer forms vdinterrecep.frm
02 12:21:59:762 Termino parse forms vdinterrecep.frm
02 12:21:59:764 Ejecutando interfase VDINTERRECEP
02 12:22:35:785 Empiezo a leer forms vdinterrecep.frm
02 12:22:35:795 Termino parse forms vdinterrecep.frm
02 12:22:35:795 Ejecutando interfase VDINTERRECEP
02 12:23:11:819 Empiezo a leer forms vdinterrecep.frm
02 12:23:11:827 Termino parse forms vdinterrecep.frm
02 12:23:11:827 Ejecutando interfase VDINTERRECEP
02 12:23:47:845 Empiezo a leer forms vdinterrecep.frm
02 12:23:47:852 Termino parse forms vdinterrecep.frm
02 12:23:47:852 Ejecutando interfase VDINTERRECEP
02 12:24:23:862 Empiezo a leer forms vdinterrecep.frm
02 12:24:23:870 Termino parse forms vdinterrecep.frm
02 12:24:23:870 Ejecutando interfase VDINTERRECEP
02 12:24:59:879 Empiezo a leer forms vdinterrecep.frm
02 12:24:59:887 Termino parse forms vdinterrecep.frm
02 12:24:59:889 Ejecutando interfase VDINTERRECEP
02 12:25:35:899 Empiezo a leer forms vdinterrecep.frm
02 12:25:35:905 Termino parse forms vdinterrecep.frm
02 12:25:35:905 Ejecutando interfase VDINTERRECEP
02 12:26:11:915 Empiezo a leer forms vdinterrecep.frm
02 12:26:11:920 Termino parse forms vdinterrecep.frm
02 12:26:11:920 Ejecutando interfase VDINTERRECEP
02 12:26:47:942 Empiezo a leer forms vdinterrecep.frm
02 12:26:47:945 Termino parse forms vdinterrecep.frm
02 12:26:47:945 Ejecutando interfase VDINTERRECEP
02 12:27:23:964 Empiezo a leer forms vdinterrecep.frm
02 12:27:23:970 Termino parse forms vdinterrecep.frm
02 12:27:23:970 Ejecutando interfase VDINTERRECEP
02 12:27:59:990 Empiezo a leer forms vdinterrecep.frm
02 12:27:59:997 Termino parse forms vdinterrecep.frm
02 12:27:59:997 Ejecutando interfase VDINTERRECEP
02 12:28:36:019 Empiezo a leer forms vdinterrecep.frm
02 12:28:36:022 Termino parse forms vdinterrecep.frm
02 12:28:36:024 Ejecutando interfase VDINTERRECEP
02 12:29:12:032 Empiezo a leer forms vdinterrecep.frm
02 12:29:12:037 Termino parse forms vdinterrecep.frm
02 12:29:12:039 Ejecutando interfase VDINTERRECEP
02 12:29:48:047 Empiezo a leer forms vdinterrecep.frm
02 12:29:48:052 Termino parse forms vdinterrecep.frm
02 12:29:48:054 Ejecutando interfase VDINTERRECEP
02 12:30:24:070 Empiezo a leer forms vdinterrecep.frm
02 12:30:24:077 Termino parse forms vdinterrecep.frm
02 12:30:24:077 Ejecutando interfase VDINTERRECEP
02 12:31:00:097 Empiezo a leer forms vdinterrecep.frm
02 12:31:00:104 Termino parse forms vdinterrecep.frm
02 12:31:00:104 Ejecutando interfase VDINTERRECEP
02 12:31:36:112 Empiezo a leer forms vdinterrecep.frm
02 12:31:36:119 Termino parse forms vdinterrecep.frm
02 12:31:36:119 Ejecutando interfase VDINTERRECEP
02 12:32:12:137 Empiezo a leer forms vdinterrecep.frm
02 12:32:12:144 Termino parse forms vdinterrecep.frm
02 12:32:12:144 Ejecutando interfase VDINTERRECEP
02 12:32:48:152 Empiezo a leer forms vdinterrecep.frm
02 12:32:48:162 Termino parse forms vdinterrecep.frm
02 12:32:48:162 Ejecutando interfase VDINTERRECEP
02 12:33:24:170 Empiezo a leer forms vdinterrecep.frm
02 12:33:24:177 Termino parse forms vdinterrecep.frm
02 12:33:24:177 Ejecutando interfase VDINTERRECEP
02 12:34:00:190 Empiezo a leer forms vdinterrecep.frm
02 12:34:00:197 Termino parse forms vdinterrecep.frm
02 12:34:00:199 Ejecutando interfase VDINTERRECEP
02 12:34:36:220 Empiezo a leer forms vdinterrecep.frm
02 12:34:36:227 Termino parse forms vdinterrecep.frm
02 12:34:36:227 Ejecutando interfase VDINTERRECEP
02 12:35:12:240 Empiezo a leer forms vdinterrecep.frm
02 12:35:12:247 Termino parse forms vdinterrecep.frm
02 12:35:12:247 Ejecutando interfase VDINTERRECEP
02 12:35:48:265 Empiezo a leer forms vdinterrecep.frm
02 12:35:48:270 Termino parse forms vdinterrecep.frm
02 12:35:48:270 Ejecutando interfase VDINTERRECEP
02 12:36:24:282 Empiezo a leer forms vdinterrecep.frm
02 12:36:24:287 Termino parse forms vdinterrecep.frm
02 12:36:24:289 Ejecutando interfase VDINTERRECEP
02 12:37:00:310 Empiezo a leer forms vdinterrecep.frm
02 12:37:00:322 Termino parse forms vdinterrecep.frm
02 12:37:00:322 Ejecutando interfase VDINTERRECEP
02 12:37:36:347 Empiezo a leer forms vdinterrecep.frm
02 12:37:36:355 Termino parse forms vdinterrecep.frm
02 12:37:36:355 Ejecutando interfase VDINTERRECEP
02 12:38:12:372 Empiezo a leer forms vdinterrecep.frm
02 12:38:12:377 Termino parse forms vdinterrecep.frm
02 12:38:12:377 Ejecutando interfase VDINTERRECEP
02 12:38:48:390 Empiezo a leer forms vdinterrecep.frm
02 12:38:48:399 Termino parse forms vdinterrecep.frm
02 12:38:48:400 Ejecutando interfase VDINTERRECEP
02 12:39:24:417 Empiezo a leer forms vdinterrecep.frm
02 12:39:24:427 Termino parse forms vdinterrecep.frm
02 12:39:24:427 Ejecutando interfase VDINTERRECEP
02 12:40:00:440 Empiezo a leer forms vdinterrecep.frm
02 12:40:00:444 Termino parse forms vdinterrecep.frm
02 12:40:00:444 Ejecutando interfase VDINTERRECEP
02 12:40:36:457 Empiezo a leer forms vdinterrecep.frm
02 12:40:36:465 Termino parse forms vdinterrecep.frm
02 12:40:36:465 Ejecutando interfase VDINTERRECEP
02 12:41:12:475 Empiezo a leer forms vdinterrecep.frm
02 12:41:12:484 Termino parse forms vdinterrecep.frm
02 12:41:12:484 Ejecutando interfase VDINTERRECEP
02 12:41:48:504 Empiezo a leer forms vdinterrecep.frm
02 12:41:48:510 Termino parse forms vdinterrecep.frm
02 12:41:48:510 Ejecutando interfase VDINTERRECEP
02 12:42:24:522 Empiezo a leer forms vdinterrecep.frm
02 12:42:24:527 Termino parse forms vdinterrecep.frm
02 12:42:24:527 Ejecutando interfase VDINTERRECEP
02 12:43:00:545 Empiezo a leer forms vdinterrecep.frm
02 12:43:00:550 Termino parse forms vdinterrecep.frm
02 12:43:00:550 Ejecutando interfase VDINTERRECEP
02 12:43:36:562 Empiezo a leer forms vdinterrecep.frm
02 12:43:36:570 Termino parse forms vdinterrecep.frm
02 12:43:36:570 Ejecutando interfase VDINTERRECEP
02 12:44:12:585 Empiezo a leer forms vdinterrecep.frm
02 12:44:12:592 Termino parse forms vdinterrecep.frm
02 12:44:12:592 Ejecutando interfase VDINTERRECEP
02 12:44:48:610 Empiezo a leer forms vdinterrecep.frm
02 12:44:48:615 Termino parse forms vdinterrecep.frm
02 12:44:48:615 Ejecutando interfase VDINTERRECEP
02 12:45:24:632 Empiezo a leer forms vdinterrecep.frm
02 12:45:24:640 Termino parse forms vdinterrecep.frm
02 12:45:24:640 Ejecutando interfase VDINTERRECEP
02 12:46:00:659 Empiezo a leer forms vdinterrecep.frm
02 12:46:00:665 Termino parse forms vdinterrecep.frm
02 12:46:00:665 Ejecutando interfase VDINTERRECEP
02 12:46:36:687 Empiezo a leer forms vdinterrecep.frm
02 12:46:36:692 Termino parse forms vdinterrecep.frm
02 12:46:36:692 Ejecutando interfase VDINTERRECEP
02 12:47:12:705 Empiezo a leer forms vdinterrecep.frm
02 12:47:12:712 Termino parse forms vdinterrecep.frm
02 12:47:12:712 Ejecutando interfase VDINTERRECEP
02 12:47:48:722 Empiezo a leer forms vdinterrecep.frm
02 12:47:48:730 Termino parse forms vdinterrecep.frm
02 12:47:48:730 Ejecutando interfase VDINTERRECEP
02 12:48:24:750 Empiezo a leer forms vdinterrecep.frm
02 12:48:24:759 Termino parse forms vdinterrecep.frm
02 12:48:24:759 Ejecutando interfase VDINTERRECEP
02 12:49:00:767 Empiezo a leer forms vdinterrecep.frm
02 12:49:00:772 Termino parse forms vdinterrecep.frm
02 12:49:00:772 Ejecutando interfase VDINTERRECEP
02 12:49:36:792 Empiezo a leer forms vdinterrecep.frm
02 12:49:36:802 Termino parse forms vdinterrecep.frm
02 12:49:36:802 Ejecutando interfase VDINTERRECEP
02 12:50:12:815 Empiezo a leer forms vdinterrecep.frm
02 12:50:12:822 Termino parse forms vdinterrecep.frm
02 12:50:12:822 Ejecutando interfase VDINTERRECEP
02 12:50:48:834 Empiezo a leer forms vdinterrecep.frm
02 12:50:48:840 Termino parse forms vdinterrecep.frm
02 12:50:48:840 Ejecutando interfase VDINTERRECEP
02 12:51:24:849 Empiezo a leer forms vdinterrecep.frm
02 12:51:24:855 Termino parse forms vdinterrecep.frm
02 12:51:24:855 Ejecutando interfase VDINTERRECEP
02 12:52:00:877 Empiezo a leer forms vdinterrecep.frm
02 12:52:00:882 Termino parse forms vdinterrecep.frm
02 12:52:00:882 Ejecutando interfase VDINTERRECEP
02 12:52:36:904 Empiezo a leer forms vdinterrecep.frm
02 12:52:36:907 Termino parse forms vdinterrecep.frm
02 12:52:36:909 Ejecutando interfase VDINTERRECEP
02 12:53:12:920 Empiezo a leer forms vdinterrecep.frm
02 12:53:12:927 Termino parse forms vdinterrecep.frm
02 12:53:12:927 Ejecutando interfase VDINTERRECEP
02 12:53:48:947 Empiezo a leer forms vdinterrecep.frm
02 12:53:48:954 Termino parse forms vdinterrecep.frm
02 12:53:48:955 Ejecutando interfase VDINTERRECEP
02 12:54:24:962 Empiezo a leer forms vdinterrecep.frm
02 12:54:24:969 Termino parse forms vdinterrecep.frm
02 12:54:24:970 Ejecutando interfase VDINTERRECEP
02 12:55:00:980 Empiezo a leer forms vdinterrecep.frm
02 12:55:00:987 Termino parse forms vdinterrecep.frm
02 12:55:00:987 Ejecutando interfase VDINTERRECEP
02 12:55:37:010 Empiezo a leer forms vdinterrecep.frm
02 12:55:37:015 Termino parse forms vdinterrecep.frm
02 12:55:37:015 Ejecutando interfase VDINTERRECEP
02 12:56:13:022 Empiezo a leer forms vdinterrecep.frm
02 12:56:13:032 Termino parse forms vdinterrecep.frm
02 12:56:13:032 Ejecutando interfase VDINTERRECEP
02 12:56:49:055 Empiezo a leer forms vdinterrecep.frm
02 12:56:49:062 Termino parse forms vdinterrecep.frm
02 12:56:49:064 Ejecutando interfase VDINTERRECEP

00 12:57:00:247 Fichero de log cerrado.

00 12:57:20:405 Fichero de log abierto PID 12560

02 12:57:20:407 Intentando abrir fichero v10.ini
02 12:57:20:419 Cargando driver v10oracle funcion damedriveroracle
02 12:57:20:932 Conectado a base de datos
02 12:57:20:935 Proceso ENVIORECEP encontrado en tabla VDPROCESOS
02 12:57:20:942 Proceso ENVIORECEP cargado con función interfasesalida (Librería VDINTERFASES.DLL) direccion 06BACC80
02 12:57:20:944 PLSQL: INICIALIZADO PAQUETE DE LOG EL DIA 25-03-2022
02 12:57:20:957 Actualizado SID 258 SERIAL 39034 del proceso con PID 12560
00 12:57:20:964 Error al abrir fichero VDST.H
02 12:57:20:965 Empiezo a leer forms vdinterrecep.frm
02 12:57:20:984 Termino parse forms vdinterrecep.frm
02 12:57:20:984 Ejecutando interfase VDINTERRECEP
02 12:57:56:999 Empiezo a leer forms vdinterrecep.frm
02 12:57:57:010 Termino parse forms vdinterrecep.frm
02 12:57:57:010 Ejecutando interfase VDINTERRECEP
02 12:58:33:025 Empiezo a leer forms vdinterrecep.frm
02 12:58:33:037 Termino parse forms vdinterrecep.frm
02 12:58:33:037 Ejecutando interfase VDINTERRECEP
02 12:59:09:055 Empiezo a leer forms vdinterrecep.frm
02 12:59:09:067 Termino parse forms vdinterrecep.frm
02 12:59:09:067 Ejecutando interfase VDINTERRECEP
02 12:59:45:080 Empiezo a leer forms vdinterrecep.frm
02 12:59:45:092 Termino parse forms vdinterrecep.frm
02 12:59:45:092 Ejecutando interfase VDINTERRECEP
02 13:00:21:110 Empiezo a leer forms vdinterrecep.frm
02 13:00:21:120 Termino parse forms vdinterrecep.frm
02 13:00:21:120 Ejecutando interfase VDINTERRECEP
02 13:00:57:145 Empiezo a leer forms vdinterrecep.frm
02 13:00:57:155 Termino parse forms vdinterrecep.frm
02 13:00:57:155 Ejecutando interfase VDINTERRECEP
02 13:01:33:175 Empiezo a leer forms vdinterrecep.frm
02 13:01:33:187 Termino parse forms vdinterrecep.frm
02 13:01:33:187 Ejecutando interfase VDINTERRECEP
02 13:02:09:202 Empiezo a leer forms vdinterrecep.frm
02 13:02:09:215 Termino parse forms vdinterrecep.frm
02 13:02:09:215 Ejecutando interfase VDINTERRECEP
02 13:02:45:237 Empiezo a leer forms vdinterrecep.frm
02 13:02:45:247 Termino parse forms vdinterrecep.frm
02 13:02:45:247 Ejecutando interfase VDINTERRECEP
02 13:03:21:270 Empiezo a leer forms vdinterrecep.frm
02 13:03:21:282 Termino parse forms vdinterrecep.frm
02 13:03:21:282 Ejecutando interfase VDINTERRECEP
02 13:03:57:299 Empiezo a leer forms vdinterrecep.frm
02 13:03:57:312 Termino parse forms vdinterrecep.frm
02 13:03:57:312 Ejecutando interfase VDINTERRECEP
02 13:04:33:330 Empiezo a leer forms vdinterrecep.frm
02 13:04:33:342 Termino parse forms vdinterrecep.frm
02 13:04:33:342 Ejecutando interfase VDINTERRECEP
02 13:05:09:360 Empiezo a leer forms vdinterrecep.frm
02 13:05:09:372 Termino parse forms vdinterrecep.frm
02 13:05:09:372 Ejecutando interfase VDINTERRECEP
02 13:05:45:390 Empiezo a leer forms vdinterrecep.frm
02 13:05:45:402 Termino parse forms vdinterrecep.frm
02 13:05:45:402 Ejecutando interfase VDINTERRECEP
02 13:06:21:422 Empiezo a leer forms vdinterrecep.frm
02 13:06:21:434 Termino parse forms vdinterrecep.frm
02 13:06:21:434 Ejecutando interfase VDINTERRECEP
02 13:06:57:460 Empiezo a leer forms vdinterrecep.frm
02 13:06:57:470 Termino parse forms vdinterrecep.frm
02 13:06:57:472 Ejecutando interfase VDINTERRECEP
02 13:07:33:494 Empiezo a leer forms vdinterrecep.frm
02 13:07:33:499 Termino parse forms vdinterrecep.frm
02 13:07:33:500 Ejecutando interfase VDINTERRECEP
02 13:08:09:512 Empiezo a leer forms vdinterrecep.frm
02 13:08:09:515 Termino parse forms vdinterrecep.frm
02 13:08:09:515 Ejecutando interfase VDINTERRECEP
02 13:08:45:529 Empiezo a leer forms vdinterrecep.frm
02 13:08:45:535 Termino parse forms vdinterrecep.frm
02 13:08:45:535 Ejecutando interfase VDINTERRECEP
02 13:09:21:550 Empiezo a leer forms vdinterrecep.frm
02 13:09:21:557 Termino parse forms vdinterrecep.frm
02 13:09:21:557 Ejecutando interfase VDINTERRECEP
02 13:09:57:569 Empiezo a leer forms vdinterrecep.frm
02 13:09:57:574 Termino parse forms vdinterrecep.frm
02 13:09:57:575 Ejecutando interfase VDINTERRECEP
02 13:10:33:585 Empiezo a leer forms vdinterrecep.frm
02 13:10:33:592 Termino parse forms vdinterrecep.frm
02 13:10:33:594 Ejecutando interfase VDINTERRECEP
02 13:11:09:607 Empiezo a leer forms vdinterrecep.frm
02 13:11:09:615 Termino parse forms vdinterrecep.frm
02 13:11:09:615 Ejecutando interfase VDINTERRECEP
02 13:11:45:625 Empiezo a leer forms vdinterrecep.frm
02 13:11:45:630 Termino parse forms vdinterrecep.frm
02 13:11:45:630 Ejecutando interfase VDINTERRECEP
02 13:12:21:647 Empiezo a leer forms vdinterrecep.frm
02 13:12:21:655 Termino parse forms vdinterrecep.frm
02 13:12:21:655 Ejecutando interfase VDINTERRECEP
02 13:12:57:675 Empiezo a leer forms vdinterrecep.frm
02 13:12:57:682 Termino parse forms vdinterrecep.frm
02 13:12:57:692 Ejecutando interfase VDINTERRECEP
02 13:13:33:710 Empiezo a leer forms vdinterrecep.frm
02 13:13:33:715 Termino parse forms vdinterrecep.frm
02 13:13:33:717 Ejecutando interfase VDINTERRECEP
02 13:14:09:727 Empiezo a leer forms vdinterrecep.frm
02 13:14:09:735 Termino parse forms vdinterrecep.frm
02 13:14:09:735 Ejecutando interfase VDINTERRECEP
02 13:14:45:755 Empiezo a leer forms vdinterrecep.frm
02 13:14:45:762 Termino parse forms vdinterrecep.frm
02 13:14:45:762 Ejecutando interfase VDINTERRECEP
02 13:15:21:774 Empiezo a leer forms vdinterrecep.frm
02 13:15:21:782 Termino parse forms vdinterrecep.frm
02 13:15:21:782 Ejecutando interfase VDINTERRECEP
02 13:15:57:795 Empiezo a leer forms vdinterrecep.frm
02 13:15:57:802 Termino parse forms vdinterrecep.frm
02 13:15:57:802 Ejecutando interfase VDINTERRECEP
02 13:16:33:810 Empiezo a leer forms vdinterrecep.frm
02 13:16:33:817 Termino parse forms vdinterrecep.frm
02 13:16:33:817 Ejecutando interfase VDINTERRECEP
02 13:17:09:830 Empiezo a leer forms vdinterrecep.frm
02 13:17:09:835 Termino parse forms vdinterrecep.frm
02 13:17:09:837 Ejecutando interfase VDINTERRECEP
02 13:17:45:855 Empiezo a leer forms vdinterrecep.frm
02 13:17:45:865 Termino parse forms vdinterrecep.frm
02 13:17:45:865 Ejecutando interfase VDINTERRECEP
02 13:18:21:885 Empiezo a leer forms vdinterrecep.frm
02 13:18:21:895 Termino parse forms vdinterrecep.frm
02 13:18:21:895 Ejecutando interfase VDINTERRECEP
02 13:18:57:909 Empiezo a leer forms vdinterrecep.frm
02 13:18:57:915 Termino parse forms vdinterrecep.frm
02 13:18:57:917 Ejecutando interfase VDINTERRECEP
02 13:19:33:925 Empiezo a leer forms vdinterrecep.frm
02 13:19:33:932 Termino parse forms vdinterrecep.frm
02 13:19:33:932 Ejecutando interfase VDINTERRECEP
02 13:20:09:945 Empiezo a leer forms vdinterrecep.frm
02 13:20:09:955 Termino parse forms vdinterrecep.frm
02 13:20:09:957 Ejecutando interfase VDINTERRECEP
02 13:20:45:970 Empiezo a leer forms vdinterrecep.frm
02 13:20:45:977 Termino parse forms vdinterrecep.frm
02 13:20:45:977 Ejecutando interfase VDINTERRECEP
02 13:21:21:990 Empiezo a leer forms vdinterrecep.frm
02 13:21:21:995 Termino parse forms vdinterrecep.frm
02 13:21:21:995 Ejecutando interfase VDINTERRECEP
02 13:21:58:002 Empiezo a leer forms vdinterrecep.frm
02 13:21:58:009 Termino parse forms vdinterrecep.frm
02 13:21:58:009 Ejecutando interfase VDINTERRECEP
02 13:22:34:015 Empiezo a leer forms vdinterrecep.frm
02 13:22:34:022 Termino parse forms vdinterrecep.frm
02 13:22:34:022 Ejecutando interfase VDINTERRECEP
02 13:23:10:029 Empiezo a leer forms vdinterrecep.frm
02 13:23:10:034 Termino parse forms vdinterrecep.frm
02 13:23:10:034 Ejecutando interfase VDINTERRECEP
02 13:23:46:047 Empiezo a leer forms vdinterrecep.frm
02 13:23:46:055 Termino parse forms vdinterrecep.frm
02 13:23:46:055 Ejecutando interfase VDINTERRECEP
02 13:24:22:065 Empiezo a leer forms vdinterrecep.frm
02 13:24:22:072 Termino parse forms vdinterrecep.frm
02 13:24:22:072 Ejecutando interfase VDINTERRECEP
02 13:24:58:084 Empiezo a leer forms vdinterrecep.frm
02 13:24:58:092 Termino parse forms vdinterrecep.frm
02 13:24:58:092 Ejecutando interfase VDINTERRECEP
02 13:25:34:112 Empiezo a leer forms vdinterrecep.frm
02 13:25:34:120 Termino parse forms vdinterrecep.frm
02 13:25:34:120 Ejecutando interfase VDINTERRECEP
02 13:26:10:130 Empiezo a leer forms vdinterrecep.frm
02 13:26:10:140 Termino parse forms vdinterrecep.frm
02 13:26:10:140 Ejecutando interfase VDINTERRECEP
02 13:26:46:145 Empiezo a leer forms vdinterrecep.frm
02 13:26:46:152 Termino parse forms vdinterrecep.frm
02 13:26:46:152 Ejecutando interfase VDINTERRECEP
02 13:27:22:167 Empiezo a leer forms vdinterrecep.frm
02 13:27:22:175 Termino parse forms vdinterrecep.frm
02 13:27:22:175 Ejecutando interfase VDINTERRECEP
02 13:27:58:185 Empiezo a leer forms vdinterrecep.frm
02 13:27:58:192 Termino parse forms vdinterrecep.frm
02 13:27:58:194 Ejecutando interfase VDINTERRECEP
02 13:28:34:215 Empiezo a leer forms vdinterrecep.frm
02 13:28:34:222 Termino parse forms vdinterrecep.frm
02 13:28:34:222 Ejecutando interfase VDINTERRECEP
02 13:29:10:245 Empiezo a leer forms vdinterrecep.frm
02 13:29:10:250 Termino parse forms vdinterrecep.frm
02 13:29:10:252 Ejecutando interfase VDINTERRECEP
02 13:29:46:275 Empiezo a leer forms vdinterrecep.frm
02 13:29:46:285 Termino parse forms vdinterrecep.frm
02 13:29:46:285 Ejecutando interfase VDINTERRECEP
02 13:30:22:307 Empiezo a leer forms vdinterrecep.frm
02 13:30:22:315 Termino parse forms vdinterrecep.frm
02 13:30:22:315 Ejecutando interfase VDINTERRECEP
02 13:30:58:337 Empiezo a leer forms vdinterrecep.frm
02 13:30:58:347 Termino parse forms vdinterrecep.frm
02 13:30:58:347 Ejecutando interfase VDINTERRECEP
02 13:31:34:367 Empiezo a leer forms vdinterrecep.frm
02 13:31:34:372 Termino parse forms vdinterrecep.frm
02 13:31:34:372 Ejecutando interfase VDINTERRECEP
02 13:32:10:392 Empiezo a leer forms vdinterrecep.frm
02 13:32:10:400 Termino parse forms vdinterrecep.frm
02 13:32:10:402 Ejecutando interfase VDINTERRECEP
02 13:32:46:415 Empiezo a leer forms vdinterrecep.frm
02 13:32:46:420 Termino parse forms vdinterrecep.frm
02 13:32:46:420 Ejecutando interfase VDINTERRECEP
02 13:33:22:430 Empiezo a leer forms vdinterrecep.frm
02 13:33:22:440 Termino parse forms vdinterrecep.frm
02 13:33:22:440 Ejecutando interfase VDINTERRECEP
02 13:33:58:460 Empiezo a leer forms vdinterrecep.frm
02 13:33:58:467 Termino parse forms vdinterrecep.frm
02 13:33:58:467 Ejecutando interfase VDINTERRECEP
02 13:34:34:480 Empiezo a leer forms vdinterrecep.frm
02 13:34:34:485 Termino parse forms vdinterrecep.frm
02 13:34:34:485 Ejecutando interfase VDINTERRECEP
02 13:35:10:510 Empiezo a leer forms vdinterrecep.frm
02 13:35:10:515 Termino parse forms vdinterrecep.frm
02 13:35:10:515 Ejecutando interfase VDINTERRECEP
02 13:35:46:527 Empiezo a leer forms vdinterrecep.frm
02 13:35:46:535 Termino parse forms vdinterrecep.frm
02 13:35:46:535 Ejecutando interfase VDINTERRECEP
02 13:36:22:552 Empiezo a leer forms vdinterrecep.frm
02 13:36:22:560 Termino parse forms vdinterrecep.frm
02 13:36:22:560 Ejecutando interfase VDINTERRECEP
02 13:36:58:572 Empiezo a leer forms vdinterrecep.frm
02 13:36:58:582 Termino parse forms vdinterrecep.frm
02 13:36:58:582 Ejecutando interfase VDINTERRECEP
02 13:37:34:604 Empiezo a leer forms vdinterrecep.frm
02 13:37:34:610 Termino parse forms vdinterrecep.frm
02 13:37:34:610 Ejecutando interfase VDINTERRECEP
02 13:38:10:617 Empiezo a leer forms vdinterrecep.frm
02 13:38:10:627 Termino parse forms vdinterrecep.frm
02 13:38:10:627 Ejecutando interfase VDINTERRECEP
02 13:38:46:642 Empiezo a leer forms vdinterrecep.frm
02 13:38:46:650 Termino parse forms vdinterrecep.frm
02 13:38:46:650 Ejecutando interfase VDINTERRECEP
02 13:39:22:659 Empiezo a leer forms vdinterrecep.frm
02 13:39:22:665 Termino parse forms vdinterrecep.frm
02 13:39:22:665 Ejecutando interfase VDINTERRECEP
02 13:39:58:682 Empiezo a leer forms vdinterrecep.frm
02 13:39:58:690 Termino parse forms vdinterrecep.frm
02 13:39:58:692 Ejecutando interfase VDINTERRECEP
02 13:40:34:700 Empiezo a leer forms vdinterrecep.frm
02 13:40:34:707 Termino parse forms vdinterrecep.frm
02 13:40:34:707 Ejecutando interfase VDINTERRECEP
02 13:41:10:717 Empiezo a leer forms vdinterrecep.frm
02 13:41:10:722 Termino parse forms vdinterrecep.frm
02 13:41:10:722 Ejecutando interfase VDINTERRECEP
02 13:41:46:730 Empiezo a leer forms vdinterrecep.frm
02 13:41:46:735 Termino parse forms vdinterrecep.frm
02 13:41:46:735 Ejecutando interfase VDINTERRECEP
02 13:42:22:750 Empiezo a leer forms vdinterrecep.frm
02 13:42:22:757 Termino parse forms vdinterrecep.frm
02 13:42:22:757 Ejecutando interfase VDINTERRECEP
02 13:42:58:775 Empiezo a leer forms vdinterrecep.frm
02 13:42:58:782 Termino parse forms vdinterrecep.frm
02 13:42:58:782 Ejecutando interfase VDINTERRECEP
02 13:43:34:797 Empiezo a leer forms vdinterrecep.frm
02 13:43:34:802 Termino parse forms vdinterrecep.frm
02 13:43:34:802 Ejecutando interfase VDINTERRECEP
02 13:44:10:817 Empiezo a leer forms vdinterrecep.frm
02 13:44:10:824 Termino parse forms vdinterrecep.frm
02 13:44:10:824 Ejecutando interfase VDINTERRECEP
02 13:44:46:835 Empiezo a leer forms vdinterrecep.frm
02 13:44:46:840 Termino parse forms vdinterrecep.frm
02 13:44:46:842 Ejecutando interfase VDINTERRECEP
02 13:45:22:855 Empiezo a leer forms vdinterrecep.frm
02 13:45:22:862 Termino parse forms vdinterrecep.frm
02 13:45:22:862 Ejecutando interfase VDINTERRECEP
02 13:45:58:872 Empiezo a leer forms vdinterrecep.frm
02 13:45:58:877 Termino parse forms vdinterrecep.frm
02 13:45:58:877 Ejecutando interfase VDINTERRECEP
02 13:46:34:889 Empiezo a leer forms vdinterrecep.frm
02 13:46:34:894 Termino parse forms vdinterrecep.frm
02 13:46:34:894 Ejecutando interfase VDINTERRECEP
02 13:47:10:910 Empiezo a leer forms vdinterrecep.frm
02 13:47:10:917 Termino parse forms vdinterrecep.frm
02 13:47:10:917 Ejecutando interfase VDINTERRECEP
02 13:47:46:934 Empiezo a leer forms vdinterrecep.frm
02 13:47:46:940 Termino parse forms vdinterrecep.frm
02 13:47:46:940 Ejecutando interfase VDINTERRECEP
02 13:48:22:947 Empiezo a leer forms vdinterrecep.frm
02 13:48:22:957 Termino parse forms vdinterrecep.frm
02 13:48:22:957 Ejecutando interfase VDINTERRECEP
02 13:48:58:980 Empiezo a leer forms vdinterrecep.frm
02 13:48:58:989 Termino parse forms vdinterrecep.frm
02 13:48:58:989 Ejecutando interfase VDINTERRECEP
02 13:49:35:007 Empiezo a leer forms vdinterrecep.frm
02 13:49:35:015 Termino parse forms vdinterrecep.frm
02 13:49:35:015 Ejecutando interfase VDINTERRECEP
02 13:50:11:040 Empiezo a leer forms vdinterrecep.frm
02 13:50:11:045 Termino parse forms vdinterrecep.frm
02 13:50:11:045 Ejecutando interfase VDINTERRECEP
02 13:50:47:050 Empiezo a leer forms vdinterrecep.frm
02 13:50:47:057 Termino parse forms vdinterrecep.frm
02 13:50:47:057 Ejecutando interfase VDINTERRECEP
02 13:51:23:079 Empiezo a leer forms vdinterrecep.frm
02 13:51:23:085 Termino parse forms vdinterrecep.frm
02 13:51:23:085 Ejecutando interfase VDINTERRECEP
02 13:51:59:105 Empiezo a leer forms vdinterrecep.frm
02 13:51:59:112 Termino parse forms vdinterrecep.frm
02 13:51:59:112 Ejecutando interfase VDINTERRECEP
02 13:52:35:125 Empiezo a leer forms vdinterrecep.frm
02 13:52:35:132 Termino parse forms vdinterrecep.frm
02 13:52:35:132 Ejecutando interfase VDINTERRECEP
02 13:53:11:145 Empiezo a leer forms vdinterrecep.frm
02 13:53:11:152 Termino parse forms vdinterrecep.frm
02 13:53:11:152 Ejecutando interfase VDINTERRECEP
02 13:53:47:170 Empiezo a leer forms vdinterrecep.frm
02 13:53:47:179 Termino parse forms vdinterrecep.frm
02 13:53:47:180 Ejecutando interfase VDINTERRECEP
02 13:54:23:192 Empiezo a leer forms vdinterrecep.frm
02 13:54:23:202 Termino parse forms vdinterrecep.frm
02 13:54:23:202 Ejecutando interfase VDINTERRECEP
02 13:54:59:220 Empiezo a leer forms vdinterrecep.frm
02 13:54:59:230 Termino parse forms vdinterrecep.frm
02 13:54:59:230 Ejecutando interfase VDINTERRECEP
02 13:55:35:247 Empiezo a leer forms vdinterrecep.frm
02 13:55:35:255 Termino parse forms vdinterrecep.frm
02 13:55:35:255 Ejecutando interfase VDINTERRECEP
02 13:56:11:270 Empiezo a leer forms vdinterrecep.frm
02 13:56:11:279 Termino parse forms vdinterrecep.frm
02 13:56:11:279 Ejecutando interfase VDINTERRECEP
02 13:56:47:292 Empiezo a leer forms vdinterrecep.frm
02 13:56:47:299 Termino parse forms vdinterrecep.frm
02 13:56:47:299 Ejecutando interfase VDINTERRECEP
02 13:57:23:315 Empiezo a leer forms vdinterrecep.frm
02 13:57:23:320 Termino parse forms vdinterrecep.frm
02 13:57:23:320 Ejecutando interfase VDINTERRECEP
02 13:57:59:340 Empiezo a leer forms vdinterrecep.frm
02 13:57:59:349 Termino parse forms vdinterrecep.frm
02 13:57:59:349 Ejecutando interfase VDINTERRECEP
02 13:58:35:367 Empiezo a leer forms vdinterrecep.frm
02 13:58:35:375 Termino parse forms vdinterrecep.frm
02 13:58:35:375 Ejecutando interfase VDINTERRECEP

00 13:58:46:912 Fichero de log cerrado.

