00 09:11:28:667 Fichero de log abierto PID 9156

02 09:11:28:670 Intentando abrir fichero v10.ini
02 09:11:28:677 Cargando driver v10oracle funcion damedriveroracle
02 09:11:29:252 Conectado a base de datos
02 09:11:29:255 Proceso ENVIOREDUR encontrado en tabla VDPROCESOS
02 09:11:29:260 Proceso ENVIOREDUR cargado con función interfasesalida (Librería VDINTERFASES.DLL) direccion 061BCC80
02 09:11:29:263 PLSQL: INICIALIZADO PAQUETE DE LOG EL DIA 08-04-2022
02 09:11:29:272 Actualizado SID 259 SERIAL 13867 del proceso con PID 9156
00 09:11:29:277 Error al abrir fichero VDST.H
02 09:11:29:278 Empiezo a leer forms vdinterageredur.frm
02 09:11:29:312 Termino parse forms vdinterageredur.frm
02 09:11:29:312 Ejecutando interfase VDINTERAGEREDUR
02 09:13:29:325 Empiezo a leer forms vdinterageredur.frm
02 09:13:29:336 Termino parse forms vdinterageredur.frm
02 09:13:29:337 Ejecutando interfase VDINTERAGEREDUR
02 09:15:29:358 Empiezo a leer forms vdinterageredur.frm
02 09:15:29:367 Termino parse forms vdinterageredur.frm
02 09:15:29:367 Ejecutando interfase VDINTERAGEREDUR
02 09:17:29:396 Empiezo a leer forms vdinterageredur.frm
02 09:17:29:402 Termino parse forms vdinterageredur.frm
02 09:17:29:402 Ejecutando interfase VDINTERAGEREDUR
02 09:19:29:425 Empiezo a leer forms vdinterageredur.frm
02 09:19:29:438 Termino parse forms vdinterageredur.frm
02 09:19:29:440 Ejecutando interfase VDINTERAGEREDUR
02 09:21:29:457 Empiezo a leer forms vdinterageredur.frm
02 09:21:29:472 Termino parse forms vdinterageredur.frm
02 09:21:29:472 Ejecutando interfase VDINTERAGEREDUR
02 09:23:29:487 Empiezo a leer forms vdinterageredur.frm
02 09:23:29:502 Termino parse forms vdinterageredur.frm
02 09:23:29:502 Ejecutando interfase VDINTERAGEREDUR
02 09:25:29:515 Empiezo a leer forms vdinterageredur.frm
02 09:25:29:523 Termino parse forms vdinterageredur.frm
02 09:25:29:523 Ejecutando interfase VDINTERAGEREDUR
02 09:27:29:551 Empiezo a leer forms vdinterageredur.frm
02 09:27:29:563 Termino parse forms vdinterageredur.frm
02 09:27:29:565 Ejecutando interfase VDINTERAGEREDUR
02 09:29:29:577 Empiezo a leer forms vdinterageredur.frm
02 09:29:29:590 Termino parse forms vdinterageredur.frm
02 09:29:29:591 Ejecutando interfase VDINTERAGEREDUR
02 09:31:29:601 Empiezo a leer forms vdinterageredur.frm
02 09:31:29:615 Termino parse forms vdinterageredur.frm
02 09:31:29:615 Ejecutando interfase VDINTERAGEREDUR
02 09:33:29:638 Empiezo a leer forms vdinterageredur.frm
02 09:33:29:653 Termino parse forms vdinterageredur.frm
02 09:33:29:653 Ejecutando interfase VDINTERAGEREDUR
02 09:35:29:672 Empiezo a leer forms vdinterageredur.frm
02 09:35:29:677 Termino parse forms vdinterageredur.frm
02 09:35:29:677 Ejecutando interfase VDINTERAGEREDUR
02 09:37:29:697 Empiezo a leer forms vdinterageredur.frm
02 09:37:29:712 Termino parse forms vdinterageredur.frm
02 09:37:29:712 Ejecutando interfase VDINTERAGEREDUR
02 09:39:29:722 Empiezo a leer forms vdinterageredur.frm
02 09:39:29:735 Termino parse forms vdinterageredur.frm
02 09:39:29:735 Ejecutando interfase VDINTERAGEREDUR
02 09:41:29:751 Empiezo a leer forms vdinterageredur.frm
02 09:41:29:767 Termino parse forms vdinterageredur.frm
02 09:41:29:767 Ejecutando interfase VDINTERAGEREDUR
02 09:43:29:780 Empiezo a leer forms vdinterageredur.frm
02 09:43:29:792 Termino parse forms vdinterageredur.frm
02 09:43:29:792 Ejecutando interfase VDINTERAGEREDUR
02 09:45:29:802 Empiezo a leer forms vdinterageredur.frm
02 09:45:29:815 Termino parse forms vdinterageredur.frm
02 09:45:29:816 Ejecutando interfase VDINTERAGEREDUR
02 09:47:29:827 Empiezo a leer forms vdinterageredur.frm
02 09:47:29:842 Termino parse forms vdinterageredur.frm
02 09:47:29:842 Ejecutando interfase VDINTERAGEREDUR
02 09:49:29:855 Empiezo a leer forms vdinterageredur.frm
02 09:49:29:871 Termino parse forms vdinterageredur.frm
02 09:49:29:872 Ejecutando interfase VDINTERAGEREDUR
02 09:51:29:888 Empiezo a leer forms vdinterageredur.frm
02 09:51:29:901 Termino parse forms vdinterageredur.frm
02 09:51:29:902 Ejecutando interfase VDINTERAGEREDUR
02 09:53:29:916 Empiezo a leer forms vdinterageredur.frm
02 09:53:29:928 Termino parse forms vdinterageredur.frm
02 09:53:29:930 Ejecutando interfase VDINTERAGEREDUR
02 09:55:29:945 Empiezo a leer forms vdinterageredur.frm
02 09:55:29:956 Termino parse forms vdinterageredur.frm
02 09:55:29:957 Ejecutando interfase VDINTERAGEREDUR
02 09:57:29:972 Empiezo a leer forms vdinterageredur.frm
02 09:57:29:981 Termino parse forms vdinterageredur.frm
02 09:57:29:981 Ejecutando interfase VDINTERAGEREDUR
02 09:59:29:993 Empiezo a leer forms vdinterageredur.frm
02 09:59:30:007 Termino parse forms vdinterageredur.frm
02 09:59:30:007 Ejecutando interfase VDINTERAGEREDUR
02 10:01:30:017 Empiezo a leer forms vdinterageredur.frm
02 10:01:30:031 Termino parse forms vdinterageredur.frm
02 10:01:30:031 Ejecutando interfase VDINTERAGEREDUR
02 10:03:30:048 Empiezo a leer forms vdinterageredur.frm
02 10:03:30:066 Termino parse forms vdinterageredur.frm
02 10:03:30:066 Ejecutando interfase VDINTERAGEREDUR
02 10:05:30:088 Empiezo a leer forms vdinterageredur.frm
02 10:05:30:098 Termino parse forms vdinterageredur.frm
02 10:05:30:098 Ejecutando interfase VDINTERAGEREDUR
02 10:07:30:111 Empiezo a leer forms vdinterageredur.frm
02 10:07:30:122 Termino parse forms vdinterageredur.frm
02 10:07:30:122 Ejecutando interfase VDINTERAGEREDUR
02 10:09:30:138 Empiezo a leer forms vdinterageredur.frm
02 10:09:30:153 Termino parse forms vdinterageredur.frm
02 10:09:30:153 Ejecutando interfase VDINTERAGEREDUR
02 10:11:30:176 Empiezo a leer forms vdinterageredur.frm
02 10:11:30:185 Termino parse forms vdinterageredur.frm
02 10:11:30:185 Ejecutando interfase VDINTERAGEREDUR
02 10:13:30:206 Empiezo a leer forms vdinterageredur.frm
02 10:13:30:217 Termino parse forms vdinterageredur.frm
02 10:13:30:218 Ejecutando interfase VDINTERAGEREDUR
02 10:15:30:238 Empiezo a leer forms vdinterageredur.frm
02 10:15:30:252 Termino parse forms vdinterageredur.frm
02 10:15:30:252 Ejecutando interfase VDINTERAGEREDUR
02 10:17:30:277 Empiezo a leer forms vdinterageredur.frm
02 10:17:30:290 Termino parse forms vdinterageredur.frm
02 10:17:30:291 Ejecutando interfase VDINTERAGEREDUR
02 10:19:30:306 Empiezo a leer forms vdinterageredur.frm
02 10:19:30:312 Termino parse forms vdinterageredur.frm
02 10:19:30:312 Ejecutando interfase VDINTERAGEREDUR
02 10:21:30:327 Empiezo a leer forms vdinterageredur.frm
02 10:21:30:341 Termino parse forms vdinterageredur.frm
02 10:21:30:341 Ejecutando interfase VDINTERAGEREDUR
02 10:23:30:353 Empiezo a leer forms vdinterageredur.frm
02 10:23:30:366 Termino parse forms vdinterageredur.frm
02 10:23:30:367 Ejecutando interfase VDINTERAGEREDUR
02 10:25:30:377 Empiezo a leer forms vdinterageredur.frm
02 10:25:30:385 Termino parse forms vdinterageredur.frm
02 10:25:30:385 Ejecutando interfase VDINTERAGEREDUR
02 10:27:30:398 Empiezo a leer forms vdinterageredur.frm
02 10:27:30:411 Termino parse forms vdinterageredur.frm
02 10:27:30:411 Ejecutando interfase VDINTERAGEREDUR
02 10:29:30:422 Empiezo a leer forms vdinterageredur.frm
02 10:29:30:432 Termino parse forms vdinterageredur.frm
02 10:29:30:432 Ejecutando interfase VDINTERAGEREDUR
02 10:31:30:450 Empiezo a leer forms vdinterageredur.frm
02 10:31:30:463 Termino parse forms vdinterageredur.frm
02 10:31:30:463 Ejecutando interfase VDINTERAGEREDUR
02 10:33:30:480 Empiezo a leer forms vdinterageredur.frm
02 10:33:30:492 Termino parse forms vdinterageredur.frm
02 10:33:30:492 Ejecutando interfase VDINTERAGEREDUR
02 10:35:30:503 Empiezo a leer forms vdinterageredur.frm
02 10:35:30:517 Termino parse forms vdinterageredur.frm
02 10:35:30:517 Ejecutando interfase VDINTERAGEREDUR
02 10:37:29:452 Empiezo a leer forms vdinterageredur.frm
02 10:37:29:463 Termino parse forms vdinterageredur.frm
02 10:37:29:463 Ejecutando interfase VDINTERAGEREDUR
02 10:39:29:473 Empiezo a leer forms vdinterageredur.frm
02 10:39:29:487 Termino parse forms vdinterageredur.frm
02 10:39:29:487 Ejecutando interfase VDINTERAGEREDUR
02 10:41:29:508 Empiezo a leer forms vdinterageredur.frm
02 10:41:29:517 Termino parse forms vdinterageredur.frm
02 10:41:29:517 Ejecutando interfase VDINTERAGEREDUR
02 10:43:29:537 Empiezo a leer forms vdinterageredur.frm
02 10:43:29:543 Termino parse forms vdinterageredur.frm
02 10:43:29:543 Ejecutando interfase VDINTERAGEREDUR
02 10:45:29:561 Empiezo a leer forms vdinterageredur.frm
02 10:45:29:580 Termino parse forms vdinterageredur.frm
02 10:45:29:580 Ejecutando interfase VDINTERAGEREDUR
02 10:47:29:602 Empiezo a leer forms vdinterageredur.frm
02 10:47:29:607 Termino parse forms vdinterageredur.frm
02 10:47:29:607 Ejecutando interfase VDINTERAGEREDUR
02 10:49:29:625 Empiezo a leer forms vdinterageredur.frm
02 10:49:29:637 Termino parse forms vdinterageredur.frm
02 10:49:29:637 Ejecutando interfase VDINTERAGEREDUR
02 10:51:29:660 Empiezo a leer forms vdinterageredur.frm
02 10:51:29:672 Termino parse forms vdinterageredur.frm
02 10:51:29:672 Ejecutando interfase VDINTERAGEREDUR
02 10:53:29:690 Empiezo a leer forms vdinterageredur.frm
02 10:53:29:701 Termino parse forms vdinterageredur.frm
02 10:53:29:701 Ejecutando interfase VDINTERAGEREDUR
02 10:55:29:717 Empiezo a leer forms vdinterageredur.frm
02 10:55:29:727 Termino parse forms vdinterageredur.frm
02 10:55:29:727 Ejecutando interfase VDINTERAGEREDUR
02 10:57:29:750 Empiezo a leer forms vdinterageredur.frm
02 10:57:29:758 Termino parse forms vdinterageredur.frm
02 10:57:29:760 Ejecutando interfase VDINTERAGEREDUR
02 10:59:29:777 Empiezo a leer forms vdinterageredur.frm
02 10:59:29:788 Termino parse forms vdinterageredur.frm
02 10:59:29:788 Ejecutando interfase VDINTERAGEREDUR
02 11:01:29:801 Empiezo a leer forms vdinterageredur.frm
02 11:01:29:812 Termino parse forms vdinterageredur.frm
02 11:01:29:812 Ejecutando interfase VDINTERAGEREDUR
02 11:03:29:833 Empiezo a leer forms vdinterageredur.frm
02 11:03:29:838 Termino parse forms vdinterageredur.frm
02 11:03:29:840 Ejecutando interfase VDINTERAGEREDUR
02 11:05:29:855 Empiezo a leer forms vdinterageredur.frm
02 11:05:29:862 Termino parse forms vdinterageredur.frm
02 11:05:29:863 Ejecutando interfase VDINTERAGEREDUR
02 11:38:45:242 Empiezo a leer forms vdinterageredur.frm
02 11:38:45:252 Termino parse forms vdinterageredur.frm
02 11:38:45:971 Ejecutando interfase VDINTERAGEREDUR
02 11:40:46:027 Empiezo a leer forms vdinterageredur.frm
02 11:40:46:032 Termino parse forms vdinterageredur.frm
02 11:40:46:032 Ejecutando interfase VDINTERAGEREDUR
02 11:42:46:047 Empiezo a leer forms vdinterageredur.frm
02 11:42:46:057 Termino parse forms vdinterageredur.frm
02 11:42:46:057 Ejecutando interfase VDINTERAGEREDUR
02 11:44:46:072 Empiezo a leer forms vdinterageredur.frm
02 11:44:46:084 Termino parse forms vdinterageredur.frm
02 11:44:46:085 Ejecutando interfase VDINTERAGEREDUR
02 11:46:46:095 Empiezo a leer forms vdinterageredur.frm
02 11:46:46:105 Termino parse forms vdinterageredur.frm
02 11:46:46:105 Ejecutando interfase VDINTERAGEREDUR
02 11:48:46:112 Empiezo a leer forms vdinterageredur.frm
02 11:48:46:120 Termino parse forms vdinterageredur.frm
02 11:48:46:120 Ejecutando interfase VDINTERAGEREDUR
02 11:50:46:125 Empiezo a leer forms vdinterageredur.frm
02 11:50:46:137 Termino parse forms vdinterageredur.frm
02 11:50:46:137 Ejecutando interfase VDINTERAGEREDUR
02 11:52:46:149 Empiezo a leer forms vdinterageredur.frm
02 11:52:46:160 Termino parse forms vdinterageredur.frm
02 11:52:46:160 Ejecutando interfase VDINTERAGEREDUR
02 11:54:46:182 Empiezo a leer forms vdinterageredur.frm
02 11:54:46:190 Termino parse forms vdinterageredur.frm
02 11:54:46:190 Ejecutando interfase VDINTERAGEREDUR
02 11:56:46:210 Empiezo a leer forms vdinterageredur.frm
02 11:56:46:224 Termino parse forms vdinterageredur.frm
02 11:56:46:225 Ejecutando interfase VDINTERAGEREDUR
02 11:58:46:235 Empiezo a leer forms vdinterageredur.frm
02 11:58:46:245 Termino parse forms vdinterageredur.frm
02 11:58:46:245 Ejecutando interfase VDINTERAGEREDUR
02 12:00:46:259 Empiezo a leer forms vdinterageredur.frm
02 12:00:46:269 Termino parse forms vdinterageredur.frm
02 12:00:46:269 Ejecutando interfase VDINTERAGEREDUR
02 12:02:46:292 Empiezo a leer forms vdinterageredur.frm
02 12:02:46:297 Termino parse forms vdinterageredur.frm
02 12:02:46:297 Ejecutando interfase VDINTERAGEREDUR
02 12:04:46:310 Empiezo a leer forms vdinterageredur.frm
02 12:04:46:319 Termino parse forms vdinterageredur.frm
02 12:04:46:320 Ejecutando interfase VDINTERAGEREDUR
02 12:06:46:332 Empiezo a leer forms vdinterageredur.frm
02 12:06:46:342 Termino parse forms vdinterageredur.frm
02 12:06:46:342 Ejecutando interfase VDINTERAGEREDUR
02 12:08:46:355 Empiezo a leer forms vdinterageredur.frm
02 12:08:46:367 Termino parse forms vdinterageredur.frm
02 12:08:46:367 Ejecutando interfase VDINTERAGEREDUR
02 12:10:46:375 Empiezo a leer forms vdinterageredur.frm
02 12:10:46:382 Termino parse forms vdinterageredur.frm
02 12:10:46:382 Ejecutando interfase VDINTERAGEREDUR
02 12:12:46:395 Empiezo a leer forms vdinterageredur.frm
02 12:12:46:410 Termino parse forms vdinterageredur.frm
02 12:12:46:410 Ejecutando interfase VDINTERAGEREDUR
02 12:14:46:430 Empiezo a leer forms vdinterageredur.frm
02 12:14:46:440 Termino parse forms vdinterageredur.frm
02 12:14:46:442 Ejecutando interfase VDINTERAGEREDUR
02 12:16:46:464 Empiezo a leer forms vdinterageredur.frm
02 12:16:46:474 Termino parse forms vdinterageredur.frm
02 12:16:46:474 Ejecutando interfase VDINTERAGEREDUR
02 12:18:46:492 Empiezo a leer forms vdinterageredur.frm
02 12:18:46:507 Termino parse forms vdinterageredur.frm
02 12:18:46:507 Ejecutando interfase VDINTERAGEREDUR
02 12:20:46:532 Empiezo a leer forms vdinterageredur.frm
02 12:20:46:540 Termino parse forms vdinterageredur.frm
02 12:20:46:540 Ejecutando interfase VDINTERAGEREDUR
02 12:22:46:552 Empiezo a leer forms vdinterageredur.frm
02 12:22:46:562 Termino parse forms vdinterageredur.frm
02 12:22:46:562 Ejecutando interfase VDINTERAGEREDUR
02 12:24:46:584 Empiezo a leer forms vdinterageredur.frm
02 12:24:46:595 Termino parse forms vdinterageredur.frm
02 12:24:46:597 Ejecutando interfase VDINTERAGEREDUR
02 12:26:46:614 Empiezo a leer forms vdinterageredur.frm
02 12:26:46:625 Termino parse forms vdinterageredur.frm
02 12:26:46:625 Ejecutando interfase VDINTERAGEREDUR
02 12:28:46:642 Empiezo a leer forms vdinterageredur.frm
02 12:28:46:652 Termino parse forms vdinterageredur.frm
02 12:28:46:652 Ejecutando interfase VDINTERAGEREDUR
02 12:30:46:670 Empiezo a leer forms vdinterageredur.frm
02 12:30:46:677 Termino parse forms vdinterageredur.frm
02 12:30:46:677 Ejecutando interfase VDINTERAGEREDUR
02 12:32:46:697 Empiezo a leer forms vdinterageredur.frm
02 12:32:46:709 Termino parse forms vdinterageredur.frm
02 12:32:46:709 Ejecutando interfase VDINTERAGEREDUR
02 12:34:46:722 Empiezo a leer forms vdinterageredur.frm
02 12:34:46:732 Termino parse forms vdinterageredur.frm
02 12:34:46:732 Ejecutando interfase VDINTERAGEREDUR
02 12:36:46:740 Empiezo a leer forms vdinterageredur.frm
02 12:36:46:747 Termino parse forms vdinterageredur.frm
02 12:36:46:749 Ejecutando interfase VDINTERAGEREDUR
02 12:38:46:764 Empiezo a leer forms vdinterageredur.frm
02 12:38:46:772 Termino parse forms vdinterageredur.frm
02 12:38:46:772 Ejecutando interfase VDINTERAGEREDUR
02 12:40:46:790 Empiezo a leer forms vdinterageredur.frm
02 12:40:46:799 Termino parse forms vdinterageredur.frm
02 12:40:46:800 Ejecutando interfase VDINTERAGEREDUR
02 12:42:46:820 Empiezo a leer forms vdinterageredur.frm
02 12:42:46:829 Termino parse forms vdinterageredur.frm
02 12:42:46:830 Ejecutando interfase VDINTERAGEREDUR
02 12:44:46:840 Empiezo a leer forms vdinterageredur.frm
02 12:44:46:854 Termino parse forms vdinterageredur.frm
02 12:44:46:854 Ejecutando interfase VDINTERAGEREDUR
02 12:46:46:864 Empiezo a leer forms vdinterageredur.frm
02 12:46:46:872 Termino parse forms vdinterageredur.frm
02 12:46:46:872 Ejecutando interfase VDINTERAGEREDUR
02 12:48:46:884 Empiezo a leer forms vdinterageredur.frm
02 12:48:46:895 Termino parse forms vdinterageredur.frm
02 12:48:46:895 Ejecutando interfase VDINTERAGEREDUR
02 12:50:46:907 Empiezo a leer forms vdinterageredur.frm
02 12:50:46:917 Termino parse forms vdinterageredur.frm
02 12:50:46:919 Ejecutando interfase VDINTERAGEREDUR
02 12:52:46:935 Empiezo a leer forms vdinterageredur.frm
02 12:52:46:944 Termino parse forms vdinterageredur.frm
02 12:52:46:945 Ejecutando interfase VDINTERAGEREDUR
02 12:54:46:959 Empiezo a leer forms vdinterageredur.frm
02 12:54:46:970 Termino parse forms vdinterageredur.frm
02 12:54:46:970 Ejecutando interfase VDINTERAGEREDUR
02 12:56:46:992 Empiezo a leer forms vdinterageredur.frm
02 12:56:47:005 Termino parse forms vdinterageredur.frm
02 12:56:47:007 Ejecutando interfase VDINTERAGEREDUR
02 12:58:47:030 Empiezo a leer forms vdinterageredur.frm
02 12:58:47:042 Termino parse forms vdinterageredur.frm
02 12:58:47:042 Ejecutando interfase VDINTERAGEREDUR
02 13:00:47:060 Empiezo a leer forms vdinterageredur.frm
02 13:00:47:072 Termino parse forms vdinterageredur.frm
02 13:00:47:072 Ejecutando interfase VDINTERAGEREDUR
02 13:02:47:085 Empiezo a leer forms vdinterageredur.frm
02 13:02:47:095 Termino parse forms vdinterageredur.frm
02 13:02:47:097 Ejecutando interfase VDINTERAGEREDUR
02 13:04:47:110 Empiezo a leer forms vdinterageredur.frm
02 13:04:47:122 Termino parse forms vdinterageredur.frm
02 13:04:47:122 Ejecutando interfase VDINTERAGEREDUR
02 13:06:47:147 Empiezo a leer forms vdinterageredur.frm
02 13:06:47:160 Termino parse forms vdinterageredur.frm
02 13:06:47:160 Ejecutando interfase VDINTERAGEREDUR
02 13:08:47:185 Empiezo a leer forms vdinterageredur.frm
02 13:08:47:199 Termino parse forms vdinterageredur.frm
02 13:08:47:199 Ejecutando interfase VDINTERAGEREDUR
02 13:10:47:217 Empiezo a leer forms vdinterageredur.frm
02 13:10:47:227 Termino parse forms vdinterageredur.frm
02 13:10:47:227 Ejecutando interfase VDINTERAGEREDUR
02 13:12:47:244 Empiezo a leer forms vdinterageredur.frm
02 13:12:47:255 Termino parse forms vdinterageredur.frm
02 13:12:47:255 Ejecutando interfase VDINTERAGEREDUR
02 13:14:47:279 Empiezo a leer forms vdinterageredur.frm
02 13:14:47:289 Termino parse forms vdinterageredur.frm
02 13:14:47:290 Ejecutando interfase VDINTERAGEREDUR
02 13:16:47:307 Empiezo a leer forms vdinterageredur.frm
02 13:16:47:314 Termino parse forms vdinterageredur.frm
02 13:16:47:314 Ejecutando interfase VDINTERAGEREDUR
02 13:18:47:334 Empiezo a leer forms vdinterageredur.frm
02 13:18:47:345 Termino parse forms vdinterageredur.frm
02 13:18:47:345 Ejecutando interfase VDINTERAGEREDUR
02 13:20:47:359 Empiezo a leer forms vdinterageredur.frm
02 13:20:47:370 Termino parse forms vdinterageredur.frm
02 13:20:47:372 Ejecutando interfase VDINTERAGEREDUR
02 13:22:47:390 Empiezo a leer forms vdinterageredur.frm
02 13:22:47:397 Termino parse forms vdinterageredur.frm
02 13:22:47:397 Ejecutando interfase VDINTERAGEREDUR
02 13:24:47:410 Empiezo a leer forms vdinterageredur.frm
02 13:24:47:420 Termino parse forms vdinterageredur.frm
02 13:24:47:422 Ejecutando interfase VDINTERAGEREDUR
02 13:26:47:442 Empiezo a leer forms vdinterageredur.frm
02 13:26:47:450 Termino parse forms vdinterageredur.frm
02 13:26:47:452 Ejecutando interfase VDINTERAGEREDUR
02 13:28:47:462 Empiezo a leer forms vdinterageredur.frm
02 13:28:47:474 Termino parse forms vdinterageredur.frm
02 13:28:47:475 Ejecutando interfase VDINTERAGEREDUR
02 13:30:47:490 Empiezo a leer forms vdinterageredur.frm
02 13:30:47:497 Termino parse forms vdinterageredur.frm
02 13:30:47:497 Ejecutando interfase VDINTERAGEREDUR
02 13:32:47:519 Empiezo a leer forms vdinterageredur.frm
02 13:32:47:525 Termino parse forms vdinterageredur.frm
02 13:32:47:525 Ejecutando interfase VDINTERAGEREDUR
02 13:34:47:545 Empiezo a leer forms vdinterageredur.frm
02 13:34:47:557 Termino parse forms vdinterageredur.frm
02 13:34:47:557 Ejecutando interfase VDINTERAGEREDUR
02 13:36:47:575 Empiezo a leer forms vdinterageredur.frm
02 13:36:47:587 Termino parse forms vdinterageredur.frm
02 13:36:47:587 Ejecutando interfase VDINTERAGEREDUR
02 13:38:47:600 Empiezo a leer forms vdinterageredur.frm
02 13:38:47:612 Termino parse forms vdinterageredur.frm
02 13:38:47:612 Ejecutando interfase VDINTERAGEREDUR
02 13:40:47:629 Empiezo a leer forms vdinterageredur.frm
02 13:40:47:642 Termino parse forms vdinterageredur.frm
02 13:40:47:642 Ejecutando interfase VDINTERAGEREDUR
02 13:42:47:669 Empiezo a leer forms vdinterageredur.frm
02 13:42:47:679 Termino parse forms vdinterageredur.frm
02 13:42:47:679 Ejecutando interfase VDINTERAGEREDUR
02 13:44:47:702 Empiezo a leer forms vdinterageredur.frm
02 13:44:47:715 Termino parse forms vdinterageredur.frm
02 13:44:47:717 Ejecutando interfase VDINTERAGEREDUR
02 13:46:47:729 Empiezo a leer forms vdinterageredur.frm
02 13:46:47:735 Termino parse forms vdinterageredur.frm
02 13:46:47:735 Ejecutando interfase VDINTERAGEREDUR
02 13:48:47:747 Empiezo a leer forms vdinterageredur.frm
02 13:48:47:759 Termino parse forms vdinterageredur.frm
02 13:48:47:760 Ejecutando interfase VDINTERAGEREDUR
02 13:50:47:782 Empiezo a leer forms vdinterageredur.frm
02 13:50:47:797 Termino parse forms vdinterageredur.frm
02 13:50:47:797 Ejecutando interfase VDINTERAGEREDUR
02 13:52:47:815 Empiezo a leer forms vdinterageredur.frm
02 13:52:47:827 Termino parse forms vdinterageredur.frm
02 13:52:47:827 Ejecutando interfase VDINTERAGEREDUR
02 13:54:47:847 Empiezo a leer forms vdinterageredur.frm
02 13:54:47:864 Termino parse forms vdinterageredur.frm
02 13:54:47:865 Ejecutando interfase VDINTERAGEREDUR
02 13:56:47:882 Empiezo a leer forms vdinterageredur.frm
02 13:56:47:892 Termino parse forms vdinterageredur.frm
02 13:56:47:892 Ejecutando interfase VDINTERAGEREDUR
02 13:58:47:914 Empiezo a leer forms vdinterageredur.frm
02 13:58:47:927 Termino parse forms vdinterageredur.frm
02 13:58:47:927 Ejecutando interfase VDINTERAGEREDUR

00 13:59:39:797 Fichero de log cerrado.

