00 09:51:03:415 Fichero de log abierto PID 444

02 09:51:03:417 Intentando abrir fichero v10.ini
02 09:51:03:422 Cargando driver v10oracle funcion damedriveroracle
02 09:51:03:957 Conectado a base de datos
02 09:51:03:960 Proceso ENVIOREDUR encontrado en tabla VDPROCESOS
02 09:51:03:980 Proceso ENVIOREDUR cargado con función interfasesalida (Librería VDINTERFASES.DLL) direccion 07BCCC80
02 09:51:03:982 PLSQL: INICIALIZADO PAQUETE DE LOG EL DIA 17-03-2022
02 09:51:03:992 Actualizado SID 137 SERIAL 65311 del proceso con PID 444
00 09:51:03:997 Error al abrir fichero VDST.H
02 09:51:04:007 Empiezo a leer forms vdinterageredur.frm
02 09:51:04:058 Termino parse forms vdinterageredur.frm
02 09:51:04:058 Ejecutando interfase VDINTERAGEREDUR
02 09:53:04:098 Empiezo a leer forms vdinterageredur.frm
02 09:53:04:112 Termino parse forms vdinterageredur.frm
02 09:53:04:112 Ejecutando interfase VDINTERAGEREDUR
02 09:55:04:133 Empiezo a leer forms vdinterageredur.frm
02 09:55:04:142 Termino parse forms vdinterageredur.frm
02 09:55:04:142 Ejecutando interfase VDINTERAGEREDUR
02 09:57:04:158 Empiezo a leer forms vdinterageredur.frm
02 09:57:04:165 Termino parse forms vdinterageredur.frm
02 09:57:04:165 Ejecutando interfase VDINTERAGEREDUR
02 09:59:04:182 Empiezo a leer forms vdinterageredur.frm
02 09:59:04:195 Termino parse forms vdinterageredur.frm
02 09:59:04:195 Ejecutando interfase VDINTERAGEREDUR
02 10:01:04:208 Empiezo a leer forms vdinterageredur.frm
02 10:01:04:218 Termino parse forms vdinterageredur.frm
02 10:01:04:218 Ejecutando interfase VDINTERAGEREDUR
02 10:03:04:237 Empiezo a leer forms vdinterageredur.frm
02 10:03:04:252 Termino parse forms vdinterageredur.frm
02 10:03:04:252 Ejecutando interfase VDINTERAGEREDUR
02 10:05:04:266 Empiezo a leer forms vdinterageredur.frm
02 10:05:04:277 Termino parse forms vdinterageredur.frm
02 10:05:04:278 Ejecutando interfase VDINTERAGEREDUR
02 10:07:04:290 Empiezo a leer forms vdinterageredur.frm
02 10:07:04:301 Termino parse forms vdinterageredur.frm
02 10:07:04:301 Ejecutando interfase VDINTERAGEREDUR
02 10:09:01:518 Empiezo a leer forms vdinterageredur.frm
02 10:09:01:531 Termino parse forms vdinterageredur.frm
02 10:09:01:532 Ejecutando interfase VDINTERAGEREDUR
02 10:11:01:553 Empiezo a leer forms vdinterageredur.frm
02 10:11:01:561 Termino parse forms vdinterageredur.frm
02 10:11:01:561 Ejecutando interfase VDINTERAGEREDUR
02 10:13:01:575 Empiezo a leer forms vdinterageredur.frm
02 10:13:01:587 Termino parse forms vdinterageredur.frm
02 10:13:01:587 Ejecutando interfase VDINTERAGEREDUR
02 10:15:01:611 Empiezo a leer forms vdinterageredur.frm
02 10:15:01:620 Termino parse forms vdinterageredur.frm
02 10:15:01:620 Ejecutando interfase VDINTERAGEREDUR
02 10:17:01:630 Empiezo a leer forms vdinterageredur.frm
02 10:17:01:646 Termino parse forms vdinterageredur.frm
02 10:17:01:646 Ejecutando interfase VDINTERAGEREDUR
02 10:19:01:668 Empiezo a leer forms vdinterageredur.frm
02 10:19:01:677 Termino parse forms vdinterageredur.frm
02 10:19:01:677 Ejecutando interfase VDINTERAGEREDUR
02 10:21:01:693 Empiezo a leer forms vdinterageredur.frm
02 10:21:01:708 Termino parse forms vdinterageredur.frm
02 10:21:01:708 Ejecutando interfase VDINTERAGEREDUR
02 10:23:01:727 Empiezo a leer forms vdinterageredur.frm
02 10:23:01:736 Termino parse forms vdinterageredur.frm
02 10:23:01:736 Ejecutando interfase VDINTERAGEREDUR
02 10:25:01:747 Empiezo a leer forms vdinterageredur.frm
02 10:25:01:758 Termino parse forms vdinterageredur.frm
02 10:25:01:758 Ejecutando interfase VDINTERAGEREDUR
02 10:27:01:767 Empiezo a leer forms vdinterageredur.frm
02 10:27:01:781 Termino parse forms vdinterageredur.frm
02 10:27:01:781 Ejecutando interfase VDINTERAGEREDUR
02 10:29:01:793 Empiezo a leer forms vdinterageredur.frm
02 10:29:01:808 Termino parse forms vdinterageredur.frm
02 10:29:01:810 Ejecutando interfase VDINTERAGEREDUR
02 10:31:01:822 Empiezo a leer forms vdinterageredur.frm
02 10:31:01:835 Termino parse forms vdinterageredur.frm
02 10:31:01:835 Ejecutando interfase VDINTERAGEREDUR
02 10:33:01:847 Empiezo a leer forms vdinterageredur.frm
02 10:33:01:862 Termino parse forms vdinterageredur.frm
02 10:33:01:862 Ejecutando interfase VDINTERAGEREDUR
02 10:35:01:872 Empiezo a leer forms vdinterageredur.frm
02 10:35:01:886 Termino parse forms vdinterageredur.frm
02 10:35:01:887 Ejecutando interfase VDINTERAGEREDUR
02 10:37:01:896 Empiezo a leer forms vdinterageredur.frm
02 10:37:01:905 Termino parse forms vdinterageredur.frm
02 10:37:01:905 Ejecutando interfase VDINTERAGEREDUR
02 10:39:01:917 Empiezo a leer forms vdinterageredur.frm
02 10:39:01:927 Termino parse forms vdinterageredur.frm
02 10:39:01:927 Ejecutando interfase VDINTERAGEREDUR
02 10:41:01:945 Empiezo a leer forms vdinterageredur.frm
02 10:41:01:957 Termino parse forms vdinterageredur.frm
02 10:41:01:957 Ejecutando interfase VDINTERAGEREDUR
02 10:43:01:972 Empiezo a leer forms vdinterageredur.frm
02 10:43:01:983 Termino parse forms vdinterageredur.frm
02 10:43:01:983 Ejecutando interfase VDINTERAGEREDUR
02 10:45:01:995 Empiezo a leer forms vdinterageredur.frm
02 10:45:02:002 Termino parse forms vdinterageredur.frm
02 10:45:02:002 Ejecutando interfase VDINTERAGEREDUR
02 10:47:02:017 Empiezo a leer forms vdinterageredur.frm
02 10:47:02:030 Termino parse forms vdinterageredur.frm
02 10:47:02:031 Ejecutando interfase VDINTERAGEREDUR
02 10:49:02:055 Empiezo a leer forms vdinterageredur.frm
02 10:49:02:067 Termino parse forms vdinterageredur.frm
02 10:49:02:067 Ejecutando interfase VDINTERAGEREDUR
02 10:51:02:082 Empiezo a leer forms vdinterageredur.frm
02 10:51:02:093 Termino parse forms vdinterageredur.frm
02 10:51:02:095 Ejecutando interfase VDINTERAGEREDUR
02 10:53:02:115 Empiezo a leer forms vdinterageredur.frm
02 10:53:02:126 Termino parse forms vdinterageredur.frm
02 10:53:02:126 Ejecutando interfase VDINTERAGEREDUR
02 10:55:02:140 Empiezo a leer forms vdinterageredur.frm
02 10:55:02:156 Termino parse forms vdinterageredur.frm
02 10:55:02:156 Ejecutando interfase VDINTERAGEREDUR
02 10:57:02:177 Empiezo a leer forms vdinterageredur.frm
02 10:57:02:186 Termino parse forms vdinterageredur.frm
02 10:57:02:186 Ejecutando interfase VDINTERAGEREDUR
02 10:59:02:202 Empiezo a leer forms vdinterageredur.frm
02 10:59:02:210 Termino parse forms vdinterageredur.frm
02 10:59:02:211 Ejecutando interfase VDINTERAGEREDUR
02 11:01:02:231 Empiezo a leer forms vdinterageredur.frm
02 11:01:02:247 Termino parse forms vdinterageredur.frm
02 11:01:02:247 Ejecutando interfase VDINTERAGEREDUR
02 11:05:04:895 Empiezo a leer forms vdinterageredur.frm
02 11:05:04:902 Termino parse forms vdinterageredur.frm
02 11:05:04:903 Ejecutando interfase VDINTERAGEREDUR
02 11:07:04:962 Empiezo a leer forms vdinterageredur.frm
02 11:07:04:967 Termino parse forms vdinterageredur.frm
02 11:07:04:967 Ejecutando interfase VDINTERAGEREDUR
02 11:09:04:975 Empiezo a leer forms vdinterageredur.frm
02 11:09:04:986 Termino parse forms vdinterageredur.frm
02 11:09:04:986 Ejecutando interfase VDINTERAGEREDUR
02 11:11:05:005 Empiezo a leer forms vdinterageredur.frm
02 11:11:05:011 Termino parse forms vdinterageredur.frm
02 11:11:05:011 Ejecutando interfase VDINTERAGEREDUR
02 11:13:05:030 Empiezo a leer forms vdinterageredur.frm
02 11:13:05:037 Termino parse forms vdinterageredur.frm
02 11:13:05:037 Ejecutando interfase VDINTERAGEREDUR
02 11:15:05:055 Empiezo a leer forms vdinterageredur.frm
02 11:15:05:063 Termino parse forms vdinterageredur.frm
02 11:15:05:065 Ejecutando interfase VDINTERAGEREDUR
02 11:17:05:075 Empiezo a leer forms vdinterageredur.frm
02 11:17:05:087 Termino parse forms vdinterageredur.frm
02 11:17:05:088 Ejecutando interfase VDINTERAGEREDUR
02 11:19:05:111 Empiezo a leer forms vdinterageredur.frm
02 11:19:05:126 Termino parse forms vdinterageredur.frm
02 11:19:05:126 Ejecutando interfase VDINTERAGEREDUR
02 11:21:05:138 Empiezo a leer forms vdinterageredur.frm
02 11:21:05:152 Termino parse forms vdinterageredur.frm
02 11:21:05:152 Ejecutando interfase VDINTERAGEREDUR
02 11:23:05:166 Empiezo a leer forms vdinterageredur.frm
02 11:23:05:176 Termino parse forms vdinterageredur.frm
02 11:23:05:176 Ejecutando interfase VDINTERAGEREDUR
02 11:25:05:185 Empiezo a leer forms vdinterageredur.frm
02 11:25:05:197 Termino parse forms vdinterageredur.frm
02 11:25:05:197 Ejecutando interfase VDINTERAGEREDUR
02 11:27:05:213 Empiezo a leer forms vdinterageredur.frm
02 11:27:05:226 Termino parse forms vdinterageredur.frm
02 11:27:05:226 Ejecutando interfase VDINTERAGEREDUR
02 11:29:05:245 Empiezo a leer forms vdinterageredur.frm
02 11:29:05:253 Termino parse forms vdinterageredur.frm
02 11:29:05:253 Ejecutando interfase VDINTERAGEREDUR
02 11:31:05:273 Empiezo a leer forms vdinterageredur.frm
02 11:31:05:287 Termino parse forms vdinterageredur.frm
02 11:31:05:287 Ejecutando interfase VDINTERAGEREDUR
02 11:33:05:303 Empiezo a leer forms vdinterageredur.frm
02 11:33:05:317 Termino parse forms vdinterageredur.frm
02 11:33:05:317 Ejecutando interfase VDINTERAGEREDUR
02 11:35:05:331 Empiezo a leer forms vdinterageredur.frm
02 11:35:05:342 Termino parse forms vdinterageredur.frm
02 11:35:05:343 Ejecutando interfase VDINTERAGEREDUR
02 11:37:05:362 Empiezo a leer forms vdinterageredur.frm
02 11:37:05:375 Termino parse forms vdinterageredur.frm
02 11:37:05:375 Ejecutando interfase VDINTERAGEREDUR
02 11:39:05:395 Empiezo a leer forms vdinterageredur.frm
02 11:39:05:404 Termino parse forms vdinterageredur.frm
02 11:39:05:404 Ejecutando interfase VDINTERAGEREDUR
02 11:41:05:422 Empiezo a leer forms vdinterageredur.frm
02 11:41:05:432 Termino parse forms vdinterageredur.frm
02 11:41:05:432 Ejecutando interfase VDINTERAGEREDUR
02 11:43:05:450 Empiezo a leer forms vdinterageredur.frm
02 11:43:05:460 Termino parse forms vdinterageredur.frm
02 11:43:05:460 Ejecutando interfase VDINTERAGEREDUR
02 11:45:05:477 Empiezo a leer forms vdinterageredur.frm
02 11:45:05:485 Termino parse forms vdinterageredur.frm
02 11:45:05:485 Ejecutando interfase VDINTERAGEREDUR
02 11:47:05:505 Empiezo a leer forms vdinterageredur.frm
02 11:47:05:515 Termino parse forms vdinterageredur.frm
02 11:47:05:517 Ejecutando interfase VDINTERAGEREDUR
02 11:49:05:529 Empiezo a leer forms vdinterageredur.frm
02 11:49:05:540 Termino parse forms vdinterageredur.frm
02 11:49:05:540 Ejecutando interfase VDINTERAGEREDUR
02 11:51:05:555 Empiezo a leer forms vdinterageredur.frm
02 11:51:05:567 Termino parse forms vdinterageredur.frm
02 11:51:05:567 Ejecutando interfase VDINTERAGEREDUR
02 11:53:05:585 Empiezo a leer forms vdinterageredur.frm
02 11:53:05:594 Termino parse forms vdinterageredur.frm
02 11:53:05:595 Ejecutando interfase VDINTERAGEREDUR
02 11:55:05:602 Empiezo a leer forms vdinterageredur.frm
02 11:55:05:610 Termino parse forms vdinterageredur.frm
02 11:55:05:610 Ejecutando interfase VDINTERAGEREDUR
02 11:57:05:620 Empiezo a leer forms vdinterageredur.frm
02 11:57:05:632 Termino parse forms vdinterageredur.frm
02 11:57:05:632 Ejecutando interfase VDINTERAGEREDUR
02 11:59:05:645 Empiezo a leer forms vdinterageredur.frm
02 11:59:05:660 Termino parse forms vdinterageredur.frm
02 11:59:05:660 Ejecutando interfase VDINTERAGEREDUR
02 12:01:05:670 Empiezo a leer forms vdinterageredur.frm
02 12:01:05:680 Termino parse forms vdinterageredur.frm
02 12:01:05:680 Ejecutando interfase VDINTERAGEREDUR
02 12:03:05:699 Empiezo a leer forms vdinterageredur.frm
02 12:03:05:707 Termino parse forms vdinterageredur.frm
02 12:03:05:707 Ejecutando interfase VDINTERAGEREDUR
02 12:05:05:730 Empiezo a leer forms vdinterageredur.frm
02 12:05:05:740 Termino parse forms vdinterageredur.frm
02 12:05:05:740 Ejecutando interfase VDINTERAGEREDUR
02 12:07:05:755 Empiezo a leer forms vdinterageredur.frm
02 12:07:05:767 Termino parse forms vdinterageredur.frm
02 12:07:05:767 Ejecutando interfase VDINTERAGEREDUR
02 12:09:05:787 Empiezo a leer forms vdinterageredur.frm
02 12:09:05:799 Termino parse forms vdinterageredur.frm
02 12:09:05:799 Ejecutando interfase VDINTERAGEREDUR
02 12:11:05:815 Empiezo a leer forms vdinterageredur.frm
02 12:11:05:827 Termino parse forms vdinterageredur.frm
02 12:11:05:827 Ejecutando interfase VDINTERAGEREDUR
02 12:13:05:837 Empiezo a leer forms vdinterageredur.frm
02 12:13:05:850 Termino parse forms vdinterageredur.frm
02 12:13:05:852 Ejecutando interfase VDINTERAGEREDUR
02 12:15:05:862 Empiezo a leer forms vdinterageredur.frm
02 12:15:05:874 Termino parse forms vdinterageredur.frm
02 12:15:05:875 Ejecutando interfase VDINTERAGEREDUR
02 12:17:05:895 Empiezo a leer forms vdinterageredur.frm
02 12:17:05:912 Termino parse forms vdinterageredur.frm
02 12:17:05:912 Ejecutando interfase VDINTERAGEREDUR
02 12:19:05:920 Empiezo a leer forms vdinterageredur.frm
02 12:19:05:929 Termino parse forms vdinterageredur.frm
02 12:19:05:929 Ejecutando interfase VDINTERAGEREDUR
02 12:21:05:947 Empiezo a leer forms vdinterageredur.frm
02 12:21:05:960 Termino parse forms vdinterageredur.frm
02 12:21:05:962 Ejecutando interfase VDINTERAGEREDUR
02 12:23:05:972 Empiezo a leer forms vdinterageredur.frm
02 12:23:05:987 Termino parse forms vdinterageredur.frm
02 12:23:05:987 Ejecutando interfase VDINTERAGEREDUR
02 12:25:05:997 Empiezo a leer forms vdinterageredur.frm
02 12:25:06:007 Termino parse forms vdinterageredur.frm
02 12:25:06:007 Ejecutando interfase VDINTERAGEREDUR
02 12:27:06:017 Empiezo a leer forms vdinterageredur.frm
02 12:27:06:029 Termino parse forms vdinterageredur.frm
02 12:27:06:030 Ejecutando interfase VDINTERAGEREDUR
02 12:29:06:040 Empiezo a leer forms vdinterageredur.frm
02 12:29:06:049 Termino parse forms vdinterageredur.frm
02 12:29:06:050 Ejecutando interfase VDINTERAGEREDUR
02 12:31:06:062 Empiezo a leer forms vdinterageredur.frm
02 12:31:06:079 Termino parse forms vdinterageredur.frm
02 12:31:06:079 Ejecutando interfase VDINTERAGEREDUR
02 12:33:06:087 Empiezo a leer forms vdinterageredur.frm
02 12:33:06:097 Termino parse forms vdinterageredur.frm
02 12:33:06:097 Ejecutando interfase VDINTERAGEREDUR
02 12:35:06:120 Empiezo a leer forms vdinterageredur.frm
02 12:35:06:132 Termino parse forms vdinterageredur.frm
02 12:35:06:132 Ejecutando interfase VDINTERAGEREDUR
02 12:37:06:152 Empiezo a leer forms vdinterageredur.frm
02 12:37:06:167 Termino parse forms vdinterageredur.frm
02 12:37:06:167 Ejecutando interfase VDINTERAGEREDUR
02 12:39:06:180 Empiezo a leer forms vdinterageredur.frm
02 12:39:06:187 Termino parse forms vdinterageredur.frm
02 12:39:06:187 Ejecutando interfase VDINTERAGEREDUR
02 12:41:06:209 Empiezo a leer forms vdinterageredur.frm
02 12:41:06:220 Termino parse forms vdinterageredur.frm
02 12:41:06:220 Ejecutando interfase VDINTERAGEREDUR
02 12:43:06:245 Empiezo a leer forms vdinterageredur.frm
02 12:43:06:260 Termino parse forms vdinterageredur.frm
02 12:43:06:262 Ejecutando interfase VDINTERAGEREDUR
02 12:45:06:285 Empiezo a leer forms vdinterageredur.frm
02 12:45:06:297 Termino parse forms vdinterageredur.frm
02 12:45:06:297 Ejecutando interfase VDINTERAGEREDUR
02 12:47:06:317 Empiezo a leer forms vdinterageredur.frm
02 12:47:06:329 Termino parse forms vdinterageredur.frm
02 12:47:06:329 Ejecutando interfase VDINTERAGEREDUR
02 12:49:06:347 Empiezo a leer forms vdinterageredur.frm
02 12:49:06:360 Termino parse forms vdinterageredur.frm
02 12:49:06:360 Ejecutando interfase VDINTERAGEREDUR
02 12:51:06:382 Empiezo a leer forms vdinterageredur.frm
02 12:51:06:395 Termino parse forms vdinterageredur.frm
02 12:51:06:395 Ejecutando interfase VDINTERAGEREDUR
02 12:53:06:404 Empiezo a leer forms vdinterageredur.frm
02 12:53:06:417 Termino parse forms vdinterageredur.frm
02 12:53:06:419 Ejecutando interfase VDINTERAGEREDUR
02 12:55:06:430 Empiezo a leer forms vdinterageredur.frm
02 12:55:06:445 Termino parse forms vdinterageredur.frm
02 12:55:06:445 Ejecutando interfase VDINTERAGEREDUR
02 12:57:06:460 Empiezo a leer forms vdinterageredur.frm
02 12:57:06:472 Termino parse forms vdinterageredur.frm
02 12:57:06:475 Ejecutando interfase VDINTERAGEREDUR
02 12:59:06:499 Empiezo a leer forms vdinterageredur.frm
02 12:59:06:510 Termino parse forms vdinterageredur.frm
02 12:59:06:510 Ejecutando interfase VDINTERAGEREDUR
02 13:01:06:525 Empiezo a leer forms vdinterageredur.frm
02 13:01:06:535 Termino parse forms vdinterageredur.frm
02 13:01:06:535 Ejecutando interfase VDINTERAGEREDUR
02 13:03:06:552 Empiezo a leer forms vdinterageredur.frm
02 13:03:06:570 Termino parse forms vdinterageredur.frm
02 13:03:06:570 Ejecutando interfase VDINTERAGEREDUR
02 13:05:06:595 Empiezo a leer forms vdinterageredur.frm
02 13:05:06:605 Termino parse forms vdinterageredur.frm
02 13:05:06:605 Ejecutando interfase VDINTERAGEREDUR
02 13:07:06:615 Empiezo a leer forms vdinterageredur.frm
02 13:07:06:629 Termino parse forms vdinterageredur.frm
02 13:07:06:630 Ejecutando interfase VDINTERAGEREDUR
02 13:09:06:640 Empiezo a leer forms vdinterageredur.frm
02 13:09:06:652 Termino parse forms vdinterageredur.frm
02 13:09:06:652 Ejecutando interfase VDINTERAGEREDUR
02 13:11:06:665 Empiezo a leer forms vdinterageredur.frm
02 13:11:06:677 Termino parse forms vdinterageredur.frm
02 13:11:06:677 Ejecutando interfase VDINTERAGEREDUR
02 13:13:06:702 Empiezo a leer forms vdinterageredur.frm
02 13:13:06:712 Termino parse forms vdinterageredur.frm
02 13:13:06:712 Ejecutando interfase VDINTERAGEREDUR
02 13:15:06:722 Empiezo a leer forms vdinterageredur.frm
02 13:15:06:732 Termino parse forms vdinterageredur.frm
02 13:15:06:732 Ejecutando interfase VDINTERAGEREDUR
02 13:17:06:742 Empiezo a leer forms vdinterageredur.frm
02 13:17:06:755 Termino parse forms vdinterageredur.frm
02 13:17:06:755 Ejecutando interfase VDINTERAGEREDUR
02 13:19:06:779 Empiezo a leer forms vdinterageredur.frm
02 13:19:06:792 Termino parse forms vdinterageredur.frm
02 13:19:06:792 Ejecutando interfase VDINTERAGEREDUR
02 13:21:06:815 Empiezo a leer forms vdinterageredur.frm
02 13:21:06:825 Termino parse forms vdinterageredur.frm
02 13:21:06:825 Ejecutando interfase VDINTERAGEREDUR
02 13:23:06:832 Empiezo a leer forms vdinterageredur.frm
02 13:23:06:849 Termino parse forms vdinterageredur.frm
02 13:23:06:849 Ejecutando interfase VDINTERAGEREDUR
02 13:25:06:860 Empiezo a leer forms vdinterageredur.frm
02 13:25:06:869 Termino parse forms vdinterageredur.frm
02 13:25:06:870 Ejecutando interfase VDINTERAGEREDUR
02 13:27:06:884 Empiezo a leer forms vdinterageredur.frm
02 13:27:06:892 Termino parse forms vdinterageredur.frm
02 13:27:06:892 Ejecutando interfase VDINTERAGEREDUR
02 13:29:06:914 Empiezo a leer forms vdinterageredur.frm
02 13:29:06:930 Termino parse forms vdinterageredur.frm
02 13:29:06:930 Ejecutando interfase VDINTERAGEREDUR
02 13:31:06:940 Empiezo a leer forms vdinterageredur.frm
02 13:31:06:952 Termino parse forms vdinterageredur.frm
02 13:31:06:952 Ejecutando interfase VDINTERAGEREDUR
02 13:33:06:975 Empiezo a leer forms vdinterageredur.frm
02 13:33:06:987 Termino parse forms vdinterageredur.frm
02 13:33:06:987 Ejecutando interfase VDINTERAGEREDUR
02 13:35:07:005 Empiezo a leer forms vdinterageredur.frm
02 13:35:07:020 Termino parse forms vdinterageredur.frm
02 13:35:07:020 Ejecutando interfase VDINTERAGEREDUR
02 13:37:07:040 Empiezo a leer forms vdinterageredur.frm
02 13:37:07:055 Termino parse forms vdinterageredur.frm
02 13:37:07:055 Ejecutando interfase VDINTERAGEREDUR
02 13:39:07:079 Empiezo a leer forms vdinterageredur.frm
02 13:39:07:092 Termino parse forms vdinterageredur.frm
02 13:39:07:092 Ejecutando interfase VDINTERAGEREDUR
02 13:41:07:110 Empiezo a leer forms vdinterageredur.frm
02 13:41:07:122 Termino parse forms vdinterageredur.frm
02 13:41:07:122 Ejecutando interfase VDINTERAGEREDUR
02 13:43:07:140 Empiezo a leer forms vdinterageredur.frm
02 13:43:07:152 Termino parse forms vdinterageredur.frm
02 13:43:07:152 Ejecutando interfase VDINTERAGEREDUR
02 13:45:07:165 Empiezo a leer forms vdinterageredur.frm
02 13:45:07:180 Termino parse forms vdinterageredur.frm
02 13:45:07:180 Ejecutando interfase VDINTERAGEREDUR
02 13:47:07:197 Empiezo a leer forms vdinterageredur.frm
02 13:47:07:209 Termino parse forms vdinterageredur.frm
02 13:47:07:209 Ejecutando interfase VDINTERAGEREDUR
02 13:49:07:227 Empiezo a leer forms vdinterageredur.frm
02 13:49:07:240 Termino parse forms vdinterageredur.frm
02 13:49:07:240 Ejecutando interfase VDINTERAGEREDUR
02 13:51:07:252 Empiezo a leer forms vdinterageredur.frm
02 13:51:07:262 Termino parse forms vdinterageredur.frm
02 13:51:07:262 Ejecutando interfase VDINTERAGEREDUR
02 13:53:07:270 Empiezo a leer forms vdinterageredur.frm
02 13:53:07:280 Termino parse forms vdinterageredur.frm
02 13:53:07:280 Ejecutando interfase VDINTERAGEREDUR
02 13:55:07:302 Empiezo a leer forms vdinterageredur.frm
02 13:55:07:312 Termino parse forms vdinterageredur.frm
02 13:55:07:312 Ejecutando interfase VDINTERAGEREDUR
02 13:57:07:322 Empiezo a leer forms vdinterageredur.frm
02 13:57:07:332 Termino parse forms vdinterageredur.frm
02 13:57:07:332 Ejecutando interfase VDINTERAGEREDUR
02 13:59:07:350 Empiezo a leer forms vdinterageredur.frm
02 13:59:07:360 Termino parse forms vdinterageredur.frm
02 13:59:07:360 Ejecutando interfase VDINTERAGEREDUR
02 14:01:07:374 Empiezo a leer forms vdinterageredur.frm
02 14:01:07:387 Termino parse forms vdinterageredur.frm
02 14:01:07:389 Ejecutando interfase VDINTERAGEREDUR
02 14:03:07:405 Empiezo a leer forms vdinterageredur.frm
02 14:03:07:417 Termino parse forms vdinterageredur.frm
02 14:03:07:417 Ejecutando interfase VDINTERAGEREDUR
02 14:05:07:440 Empiezo a leer forms vdinterageredur.frm
02 14:05:07:454 Termino parse forms vdinterageredur.frm
02 14:05:07:454 Ejecutando interfase VDINTERAGEREDUR
02 14:07:07:467 Empiezo a leer forms vdinterageredur.frm
02 14:07:07:480 Termino parse forms vdinterageredur.frm
02 14:07:07:480 Ejecutando interfase VDINTERAGEREDUR
02 14:09:07:497 Empiezo a leer forms vdinterageredur.frm
02 14:09:07:510 Termino parse forms vdinterageredur.frm
02 14:09:07:510 Ejecutando interfase VDINTERAGEREDUR
02 14:11:07:529 Empiezo a leer forms vdinterageredur.frm
02 14:11:07:540 Termino parse forms vdinterageredur.frm
02 14:11:07:542 Ejecutando interfase VDINTERAGEREDUR
02 14:13:07:554 Empiezo a leer forms vdinterageredur.frm
02 14:13:07:565 Termino parse forms vdinterageredur.frm
02 14:13:07:565 Ejecutando interfase VDINTERAGEREDUR
02 14:15:07:590 Empiezo a leer forms vdinterageredur.frm
02 14:15:07:600 Termino parse forms vdinterageredur.frm
02 14:15:07:600 Ejecutando interfase VDINTERAGEREDUR
02 14:17:07:624 Empiezo a leer forms vdinterageredur.frm
02 14:17:07:644 Termino parse forms vdinterageredur.frm
02 14:17:07:644 Ejecutando interfase VDINTERAGEREDUR
02 14:19:07:655 Empiezo a leer forms vdinterageredur.frm
02 14:19:07:667 Termino parse forms vdinterageredur.frm
02 14:19:07:669 Ejecutando interfase VDINTERAGEREDUR
02 14:21:07:689 Empiezo a leer forms vdinterageredur.frm
02 14:21:07:700 Termino parse forms vdinterageredur.frm
02 14:21:07:702 Ejecutando interfase VDINTERAGEREDUR
02 14:23:07:725 Empiezo a leer forms vdinterageredur.frm
02 14:23:07:740 Termino parse forms vdinterageredur.frm
02 14:23:07:740 Ejecutando interfase VDINTERAGEREDUR
02 14:25:07:747 Empiezo a leer forms vdinterageredur.frm
02 14:25:07:755 Termino parse forms vdinterageredur.frm
02 14:25:07:755 Ejecutando interfase VDINTERAGEREDUR
02 14:27:07:767 Empiezo a leer forms vdinterageredur.frm
02 14:27:07:777 Termino parse forms vdinterageredur.frm
02 14:27:07:777 Ejecutando interfase VDINTERAGEREDUR
02 14:29:07:799 Empiezo a leer forms vdinterageredur.frm
02 14:29:07:812 Termino parse forms vdinterageredur.frm
02 14:29:07:812 Ejecutando interfase VDINTERAGEREDUR
02 14:31:07:822 Empiezo a leer forms vdinterageredur.frm
02 14:31:07:830 Termino parse forms vdinterageredur.frm
02 14:31:07:830 Ejecutando interfase VDINTERAGEREDUR
02 14:33:07:852 Empiezo a leer forms vdinterageredur.frm
02 14:33:07:865 Termino parse forms vdinterageredur.frm
02 14:33:07:865 Ejecutando interfase VDINTERAGEREDUR
02 14:35:07:882 Empiezo a leer forms vdinterageredur.frm
02 14:35:07:895 Termino parse forms vdinterageredur.frm
02 14:35:07:895 Ejecutando interfase VDINTERAGEREDUR
02 14:37:07:907 Empiezo a leer forms vdinterageredur.frm
02 14:37:07:920 Termino parse forms vdinterageredur.frm
02 14:37:07:920 Ejecutando interfase VDINTERAGEREDUR
02 15:18:35:832 Empiezo a leer forms vdinterageredur.frm
02 15:18:35:844 Termino parse forms vdinterageredur.frm
02 15:18:35:844 Ejecutando interfase VDINTERAGEREDUR
02 15:20:35:850 Empiezo a leer forms vdinterageredur.frm
02 15:20:35:860 Termino parse forms vdinterageredur.frm
02 15:20:35:860 Ejecutando interfase VDINTERAGEREDUR
02 15:22:35:877 Empiezo a leer forms vdinterageredur.frm
02 15:22:35:885 Termino parse forms vdinterageredur.frm
02 15:22:35:887 Ejecutando interfase VDINTERAGEREDUR
02 15:24:35:905 Empiezo a leer forms vdinterageredur.frm
02 15:24:35:915 Termino parse forms vdinterageredur.frm
02 15:24:35:915 Ejecutando interfase VDINTERAGEREDUR
02 15:26:35:929 Empiezo a leer forms vdinterageredur.frm
02 15:26:35:939 Termino parse forms vdinterageredur.frm
02 15:26:35:939 Ejecutando interfase VDINTERAGEREDUR
02 15:28:35:952 Empiezo a leer forms vdinterageredur.frm
02 15:28:35:962 Termino parse forms vdinterageredur.frm
02 15:28:35:962 Ejecutando interfase VDINTERAGEREDUR
02 15:30:35:970 Empiezo a leer forms vdinterageredur.frm
02 15:30:35:984 Termino parse forms vdinterageredur.frm
02 15:30:35:984 Ejecutando interfase VDINTERAGEREDUR
02 15:32:36:005 Empiezo a leer forms vdinterageredur.frm
02 15:32:36:019 Termino parse forms vdinterageredur.frm
02 15:32:36:020 Ejecutando interfase VDINTERAGEREDUR
02 15:34:36:040 Empiezo a leer forms vdinterageredur.frm
02 15:34:36:055 Termino parse forms vdinterageredur.frm
02 15:34:36:055 Ejecutando interfase VDINTERAGEREDUR
02 15:36:36:070 Empiezo a leer forms vdinterageredur.frm
02 15:36:36:082 Termino parse forms vdinterageredur.frm
02 15:36:36:082 Ejecutando interfase VDINTERAGEREDUR
02 15:38:36:107 Empiezo a leer forms vdinterageredur.frm
02 15:38:36:115 Termino parse forms vdinterageredur.frm
02 15:38:36:115 Ejecutando interfase VDINTERAGEREDUR
02 15:40:36:124 Empiezo a leer forms vdinterageredur.frm
02 15:40:36:132 Termino parse forms vdinterageredur.frm
02 15:40:36:134 Ejecutando interfase VDINTERAGEREDUR
02 15:42:36:154 Empiezo a leer forms vdinterageredur.frm
02 15:42:36:162 Termino parse forms vdinterageredur.frm
02 15:42:36:162 Ejecutando interfase VDINTERAGEREDUR
02 15:44:36:180 Empiezo a leer forms vdinterageredur.frm
02 15:44:36:187 Termino parse forms vdinterageredur.frm
02 15:44:36:187 Ejecutando interfase VDINTERAGEREDUR
02 15:46:36:209 Empiezo a leer forms vdinterageredur.frm
02 15:46:36:222 Termino parse forms vdinterageredur.frm
02 15:46:36:222 Ejecutando interfase VDINTERAGEREDUR
02 15:48:36:237 Empiezo a leer forms vdinterageredur.frm
02 15:48:36:249 Termino parse forms vdinterageredur.frm
02 15:48:36:249 Ejecutando interfase VDINTERAGEREDUR
02 15:50:36:267 Empiezo a leer forms vdinterageredur.frm
02 15:50:36:280 Termino parse forms vdinterageredur.frm
02 15:50:36:280 Ejecutando interfase VDINTERAGEREDUR
02 15:52:36:290 Empiezo a leer forms vdinterageredur.frm
02 15:52:36:304 Termino parse forms vdinterageredur.frm
02 15:52:36:304 Ejecutando interfase VDINTERAGEREDUR
02 15:54:36:320 Empiezo a leer forms vdinterageredur.frm
02 15:54:36:332 Termino parse forms vdinterageredur.frm
02 15:54:36:334 Ejecutando interfase VDINTERAGEREDUR
02 15:56:36:350 Empiezo a leer forms vdinterageredur.frm
02 15:56:36:365 Termino parse forms vdinterageredur.frm
02 15:56:36:365 Ejecutando interfase VDINTERAGEREDUR
02 15:58:36:380 Empiezo a leer forms vdinterageredur.frm
02 15:58:36:395 Termino parse forms vdinterageredur.frm
02 15:58:36:395 Ejecutando interfase VDINTERAGEREDUR
02 16:00:36:410 Empiezo a leer forms vdinterageredur.frm
02 16:00:36:420 Termino parse forms vdinterageredur.frm
02 16:00:36:420 Ejecutando interfase VDINTERAGEREDUR
02 16:02:36:440 Empiezo a leer forms vdinterageredur.frm
02 16:02:36:454 Termino parse forms vdinterageredur.frm
02 16:02:36:455 Ejecutando interfase VDINTERAGEREDUR
02 16:04:36:465 Empiezo a leer forms vdinterageredur.frm
02 16:04:36:480 Termino parse forms vdinterageredur.frm
02 16:04:36:480 Ejecutando interfase VDINTERAGEREDUR
02 16:06:36:502 Empiezo a leer forms vdinterageredur.frm
02 16:06:36:517 Termino parse forms vdinterageredur.frm
02 16:06:36:517 Ejecutando interfase VDINTERAGEREDUR
02 16:08:36:539 Empiezo a leer forms vdinterageredur.frm
02 16:08:36:550 Termino parse forms vdinterageredur.frm
02 16:08:36:550 Ejecutando interfase VDINTERAGEREDUR
02 16:10:36:567 Empiezo a leer forms vdinterageredur.frm
02 16:10:36:580 Termino parse forms vdinterageredur.frm
02 16:10:36:580 Ejecutando interfase VDINTERAGEREDUR
02 16:12:36:597 Empiezo a leer forms vdinterageredur.frm
02 16:12:36:610 Termino parse forms vdinterageredur.frm
02 16:12:36:610 Ejecutando interfase VDINTERAGEREDUR
02 16:14:36:627 Empiezo a leer forms vdinterageredur.frm
02 16:14:36:640 Termino parse forms vdinterageredur.frm
02 16:14:36:640 Ejecutando interfase VDINTERAGEREDUR
02 16:16:36:652 Empiezo a leer forms vdinterageredur.frm
02 16:16:36:660 Termino parse forms vdinterageredur.frm
02 16:16:36:660 Ejecutando interfase VDINTERAGEREDUR
02 16:18:36:682 Empiezo a leer forms vdinterageredur.frm
02 16:18:36:692 Termino parse forms vdinterageredur.frm
02 16:18:36:692 Ejecutando interfase VDINTERAGEREDUR
02 16:20:36:707 Empiezo a leer forms vdinterageredur.frm
02 16:20:36:720 Termino parse forms vdinterageredur.frm
02 16:20:36:720 Ejecutando interfase VDINTERAGEREDUR
02 16:22:36:739 Empiezo a leer forms vdinterageredur.frm
02 16:22:36:749 Termino parse forms vdinterageredur.frm
02 16:22:36:749 Ejecutando interfase VDINTERAGEREDUR
02 16:24:36:765 Empiezo a leer forms vdinterageredur.frm
02 16:24:36:779 Termino parse forms vdinterageredur.frm
02 16:24:36:779 Ejecutando interfase VDINTERAGEREDUR
02 16:26:36:802 Empiezo a leer forms vdinterageredur.frm
02 16:26:36:815 Termino parse forms vdinterageredur.frm
02 16:26:36:815 Ejecutando interfase VDINTERAGEREDUR
02 16:28:36:830 Empiezo a leer forms vdinterageredur.frm
02 16:28:36:840 Termino parse forms vdinterageredur.frm
02 16:28:36:840 Ejecutando interfase VDINTERAGEREDUR
02 16:30:36:852 Empiezo a leer forms vdinterageredur.frm
02 16:30:36:862 Termino parse forms vdinterageredur.frm
02 16:30:36:862 Ejecutando interfase VDINTERAGEREDUR
02 16:32:36:887 Empiezo a leer forms vdinterageredur.frm
02 16:32:36:900 Termino parse forms vdinterageredur.frm
02 16:32:36:902 Ejecutando interfase VDINTERAGEREDUR
02 16:34:36:920 Empiezo a leer forms vdinterageredur.frm
02 16:34:36:925 Termino parse forms vdinterageredur.frm
02 16:34:36:925 Ejecutando interfase VDINTERAGEREDUR
02 16:36:36:947 Empiezo a leer forms vdinterageredur.frm
02 16:36:36:960 Termino parse forms vdinterageredur.frm
02 16:36:36:960 Ejecutando interfase VDINTERAGEREDUR
02 16:38:36:980 Empiezo a leer forms vdinterageredur.frm
02 16:38:36:992 Termino parse forms vdinterageredur.frm
02 16:38:36:992 Ejecutando interfase VDINTERAGEREDUR
02 16:40:37:007 Empiezo a leer forms vdinterageredur.frm
02 16:40:37:017 Termino parse forms vdinterageredur.frm
02 16:40:37:017 Ejecutando interfase VDINTERAGEREDUR
02 16:42:37:034 Empiezo a leer forms vdinterageredur.frm
02 16:42:37:042 Termino parse forms vdinterageredur.frm
02 16:42:37:042 Ejecutando interfase VDINTERAGEREDUR
02 16:44:37:057 Empiezo a leer forms vdinterageredur.frm
02 16:44:37:072 Termino parse forms vdinterageredur.frm
02 16:44:37:072 Ejecutando interfase VDINTERAGEREDUR
02 16:46:37:085 Empiezo a leer forms vdinterageredur.frm
02 16:46:37:097 Termino parse forms vdinterageredur.frm
02 16:46:37:099 Ejecutando interfase VDINTERAGEREDUR
02 16:48:37:115 Empiezo a leer forms vdinterageredur.frm
02 16:48:37:127 Termino parse forms vdinterageredur.frm
02 16:48:37:129 Ejecutando interfase VDINTERAGEREDUR
02 16:50:37:142 Empiezo a leer forms vdinterageredur.frm
02 16:50:37:150 Termino parse forms vdinterageredur.frm
02 16:50:37:152 Ejecutando interfase VDINTERAGEREDUR
02 16:52:37:174 Empiezo a leer forms vdinterageredur.frm
02 16:52:37:185 Termino parse forms vdinterageredur.frm
02 16:52:37:187 Ejecutando interfase VDINTERAGEREDUR
02 16:54:37:200 Empiezo a leer forms vdinterageredur.frm
02 16:54:37:210 Termino parse forms vdinterageredur.frm
02 16:54:37:210 Ejecutando interfase VDINTERAGEREDUR
02 16:56:37:232 Empiezo a leer forms vdinterageredur.frm
02 16:56:37:247 Termino parse forms vdinterageredur.frm
02 16:56:37:247 Ejecutando interfase VDINTERAGEREDUR
02 16:58:37:267 Empiezo a leer forms vdinterageredur.frm
02 16:58:37:280 Termino parse forms vdinterageredur.frm
02 16:58:37:280 Ejecutando interfase VDINTERAGEREDUR
02 17:00:37:297 Empiezo a leer forms vdinterageredur.frm
02 17:00:37:309 Termino parse forms vdinterageredur.frm
02 17:00:37:310 Ejecutando interfase VDINTERAGEREDUR
02 17:02:37:320 Empiezo a leer forms vdinterageredur.frm
02 17:02:37:332 Termino parse forms vdinterageredur.frm
02 17:02:37:332 Ejecutando interfase VDINTERAGEREDUR
02 17:04:37:354 Empiezo a leer forms vdinterageredur.frm
02 17:04:37:362 Termino parse forms vdinterageredur.frm
02 17:04:37:362 Ejecutando interfase VDINTERAGEREDUR
02 17:06:37:385 Empiezo a leer forms vdinterageredur.frm
02 17:06:37:395 Termino parse forms vdinterageredur.frm
02 17:06:37:395 Ejecutando interfase VDINTERAGEREDUR
02 17:08:37:407 Empiezo a leer forms vdinterageredur.frm
02 17:08:37:417 Termino parse forms vdinterageredur.frm
02 17:08:37:419 Ejecutando interfase VDINTERAGEREDUR
02 17:10:37:434 Empiezo a leer forms vdinterageredur.frm
02 17:10:37:447 Termino parse forms vdinterageredur.frm
02 17:10:37:447 Ejecutando interfase VDINTERAGEREDUR
02 17:12:37:464 Empiezo a leer forms vdinterageredur.frm
02 17:12:37:475 Termino parse forms vdinterageredur.frm
02 17:12:37:477 Ejecutando interfase VDINTERAGEREDUR
02 17:14:37:485 Empiezo a leer forms vdinterageredur.frm
02 17:14:37:494 Termino parse forms vdinterageredur.frm
02 17:14:37:494 Ejecutando interfase VDINTERAGEREDUR
02 17:16:37:519 Empiezo a leer forms vdinterageredur.frm
02 17:16:37:532 Termino parse forms vdinterageredur.frm
02 17:16:37:532 Ejecutando interfase VDINTERAGEREDUR
02 17:18:37:547 Empiezo a leer forms vdinterageredur.frm
02 17:18:37:560 Termino parse forms vdinterageredur.frm
02 17:18:37:560 Ejecutando interfase VDINTERAGEREDUR
02 17:20:37:584 Empiezo a leer forms vdinterageredur.frm
02 17:20:37:592 Termino parse forms vdinterageredur.frm
02 17:20:37:592 Ejecutando interfase VDINTERAGEREDUR
02 17:22:37:605 Empiezo a leer forms vdinterageredur.frm
02 17:22:37:620 Termino parse forms vdinterageredur.frm
02 17:22:37:620 Ejecutando interfase VDINTERAGEREDUR
02 17:24:37:644 Empiezo a leer forms vdinterageredur.frm
02 17:24:37:655 Termino parse forms vdinterageredur.frm
02 17:24:37:657 Ejecutando interfase VDINTERAGEREDUR
02 17:26:37:677 Empiezo a leer forms vdinterageredur.frm
02 17:26:37:690 Termino parse forms vdinterageredur.frm
02 17:26:37:690 Ejecutando interfase VDINTERAGEREDUR
02 17:28:37:707 Empiezo a leer forms vdinterageredur.frm
02 17:28:37:720 Termino parse forms vdinterageredur.frm
02 17:28:37:720 Ejecutando interfase VDINTERAGEREDUR
02 17:30:37:737 Empiezo a leer forms vdinterageredur.frm
02 17:30:37:747 Termino parse forms vdinterageredur.frm
02 17:30:37:747 Ejecutando interfase VDINTERAGEREDUR
02 17:32:37:765 Empiezo a leer forms vdinterageredur.frm
02 17:32:37:779 Termino parse forms vdinterageredur.frm
02 17:32:37:779 Ejecutando interfase VDINTERAGEREDUR
02 17:34:37:795 Empiezo a leer forms vdinterageredur.frm
02 17:34:37:809 Termino parse forms vdinterageredur.frm
02 17:34:37:809 Ejecutando interfase VDINTERAGEREDUR
02 17:36:37:820 Empiezo a leer forms vdinterageredur.frm
02 17:36:37:835 Termino parse forms vdinterageredur.frm
02 17:36:37:835 Ejecutando interfase VDINTERAGEREDUR
02 17:38:37:852 Empiezo a leer forms vdinterageredur.frm
02 17:38:37:857 Termino parse forms vdinterageredur.frm
02 17:38:37:857 Ejecutando interfase VDINTERAGEREDUR
02 17:40:37:865 Empiezo a leer forms vdinterageredur.frm
02 17:40:37:877 Termino parse forms vdinterageredur.frm
02 17:40:37:877 Ejecutando interfase VDINTERAGEREDUR
02 17:42:37:897 Empiezo a leer forms vdinterageredur.frm
02 17:42:37:907 Termino parse forms vdinterageredur.frm
02 17:42:37:907 Ejecutando interfase VDINTERAGEREDUR
02 17:44:37:922 Empiezo a leer forms vdinterageredur.frm
02 17:44:37:932 Termino parse forms vdinterageredur.frm
02 17:44:37:932 Ejecutando interfase VDINTERAGEREDUR
02 17:46:37:942 Empiezo a leer forms vdinterageredur.frm
02 17:46:37:957 Termino parse forms vdinterageredur.frm
02 17:46:37:957 Ejecutando interfase VDINTERAGEREDUR
02 17:48:37:980 Empiezo a leer forms vdinterageredur.frm
02 17:48:37:990 Termino parse forms vdinterageredur.frm
02 17:48:37:990 Ejecutando interfase VDINTERAGEREDUR
02 17:50:38:004 Empiezo a leer forms vdinterageredur.frm
02 17:50:38:012 Termino parse forms vdinterageredur.frm
02 17:50:38:012 Ejecutando interfase VDINTERAGEREDUR
02 17:52:38:025 Empiezo a leer forms vdinterageredur.frm
02 17:52:38:035 Termino parse forms vdinterageredur.frm
02 17:52:38:035 Ejecutando interfase VDINTERAGEREDUR
02 17:54:38:045 Empiezo a leer forms vdinterageredur.frm
02 17:54:38:055 Termino parse forms vdinterageredur.frm
02 17:54:38:055 Ejecutando interfase VDINTERAGEREDUR
02 17:56:38:075 Empiezo a leer forms vdinterageredur.frm
02 17:56:38:087 Termino parse forms vdinterageredur.frm
02 17:56:38:089 Ejecutando interfase VDINTERAGEREDUR

00 17:57:24:259 Fichero de log cerrado.

