00 09:51:03:412 Fichero de log abierto PID 13756

02 09:51:03:415 Intentando abrir fichero v10.ini
02 09:51:03:421 Cargando driver v10oracle funcion damedriveroracle
02 09:51:03:950 Conectado a base de datos
02 09:51:03:952 Proceso ENVIOMOVIM encontrado en tabla VDPROCESOS
02 09:51:03:991 Proceso ENVIOMOVIM cargado con función interfasesalida (Librería VDINTERFASES.DLL) direccion 0651CC80
02 09:51:03:993 PLSQL: INICIALIZADO PAQUETE DE LOG EL DIA 17-03-2022
02 09:51:04:002 Actualizado SID 258 SERIAL 9451 del proceso con PID 13756
00 09:51:04:007 Error al abrir fichero VDST.H
02 09:51:04:012 Empiezo a leer forms vdintermovim.frm
02 09:51:04:107 Termino parse forms vdintermovim.frm
02 09:51:04:107 Ejecutando interfase VDINTERMOVIM
02 09:53:04:175 Empiezo a leer forms vdintermovim.frm
02 09:53:04:182 Termino parse forms vdintermovim.frm
02 09:53:04:182 Ejecutando interfase VDINTERMOVIM
02 09:55:04:197 Empiezo a leer forms vdintermovim.frm
02 09:55:04:202 Termino parse forms vdintermovim.frm
02 09:55:04:202 Ejecutando interfase VDINTERMOVIM
02 09:57:04:222 Empiezo a leer forms vdintermovim.frm
02 09:57:04:226 Termino parse forms vdintermovim.frm
02 09:57:04:227 Ejecutando interfase VDINTERMOVIM
02 09:59:04:242 Empiezo a leer forms vdintermovim.frm
02 09:59:04:247 Termino parse forms vdintermovim.frm
02 09:59:04:247 Ejecutando interfase VDINTERMOVIM
02 10:01:04:258 Empiezo a leer forms vdintermovim.frm
02 10:01:04:262 Termino parse forms vdintermovim.frm
02 10:01:04:262 Ejecutando interfase VDINTERMOVIM
02 10:03:04:267 Empiezo a leer forms vdintermovim.frm
02 10:03:04:272 Termino parse forms vdintermovim.frm
02 10:03:04:272 Ejecutando interfase VDINTERMOVIM
02 10:05:04:281 Empiezo a leer forms vdintermovim.frm
02 10:05:04:286 Termino parse forms vdintermovim.frm
02 10:05:04:287 Ejecutando interfase VDINTERMOVIM
02 10:07:04:306 Empiezo a leer forms vdintermovim.frm
02 10:07:04:312 Termino parse forms vdintermovim.frm
02 10:07:04:312 Ejecutando interfase VDINTERMOVIM
02 10:09:01:527 Empiezo a leer forms vdintermovim.frm
02 10:09:01:532 Termino parse forms vdintermovim.frm
02 10:09:01:532 Ejecutando interfase VDINTERMOVIM
02 10:11:01:553 Empiezo a leer forms vdintermovim.frm
02 10:11:01:557 Termino parse forms vdintermovim.frm
02 10:11:01:557 Ejecutando interfase VDINTERMOVIM
02 10:13:01:575 Empiezo a leer forms vdintermovim.frm
02 10:13:01:577 Termino parse forms vdintermovim.frm
02 10:13:01:577 Ejecutando interfase VDINTERMOVIM
02 10:15:01:596 Empiezo a leer forms vdintermovim.frm
02 10:15:01:598 Termino parse forms vdintermovim.frm
02 10:15:01:600 Ejecutando interfase VDINTERMOVIM
02 10:17:01:613 Empiezo a leer forms vdintermovim.frm
02 10:17:01:620 Termino parse forms vdintermovim.frm
02 10:17:01:620 Ejecutando interfase VDINTERMOVIM
02 10:19:01:637 Empiezo a leer forms vdintermovim.frm
02 10:19:01:642 Termino parse forms vdintermovim.frm
02 10:19:01:642 Ejecutando interfase VDINTERMOVIM
02 10:21:01:662 Empiezo a leer forms vdintermovim.frm
02 10:21:01:668 Termino parse forms vdintermovim.frm
02 10:21:01:668 Ejecutando interfase VDINTERMOVIM
02 10:23:01:682 Empiezo a leer forms vdintermovim.frm
02 10:23:01:687 Termino parse forms vdintermovim.frm
02 10:23:01:687 Ejecutando interfase VDINTERMOVIM
02 10:25:01:702 Empiezo a leer forms vdintermovim.frm
02 10:25:01:707 Termino parse forms vdintermovim.frm
02 10:25:01:707 Ejecutando interfase VDINTERMOVIM
02 10:27:01:721 Empiezo a leer forms vdintermovim.frm
02 10:27:01:727 Termino parse forms vdintermovim.frm
02 10:27:01:727 Ejecutando interfase VDINTERMOVIM
02 10:29:01:747 Empiezo a leer forms vdintermovim.frm
02 10:29:01:752 Termino parse forms vdintermovim.frm
02 10:29:01:752 Ejecutando interfase VDINTERMOVIM
02 10:31:01:761 Empiezo a leer forms vdintermovim.frm
02 10:31:01:766 Termino parse forms vdintermovim.frm
02 10:31:01:766 Ejecutando interfase VDINTERMOVIM
02 10:33:01:785 Empiezo a leer forms vdintermovim.frm
02 10:33:01:791 Termino parse forms vdintermovim.frm
02 10:33:01:791 Ejecutando interfase VDINTERMOVIM
02 10:35:01:810 Empiezo a leer forms vdintermovim.frm
02 10:35:01:816 Termino parse forms vdintermovim.frm
02 10:35:01:816 Ejecutando interfase VDINTERMOVIM
02 10:37:01:832 Empiezo a leer forms vdintermovim.frm
02 10:37:01:837 Termino parse forms vdintermovim.frm
02 10:37:01:837 Ejecutando interfase VDINTERMOVIM
02 10:39:01:856 Empiezo a leer forms vdintermovim.frm
02 10:39:01:862 Termino parse forms vdintermovim.frm
02 10:39:01:862 Ejecutando interfase VDINTERMOVIM
02 10:41:01:882 Empiezo a leer forms vdintermovim.frm
02 10:41:01:888 Termino parse forms vdintermovim.frm
02 10:41:01:890 Ejecutando interfase VDINTERMOVIM
02 10:43:01:911 Empiezo a leer forms vdintermovim.frm
02 10:43:01:917 Termino parse forms vdintermovim.frm
02 10:43:01:917 Ejecutando interfase VDINTERMOVIM
02 10:45:01:933 Empiezo a leer forms vdintermovim.frm
02 10:45:01:937 Termino parse forms vdintermovim.frm
02 10:45:01:938 Ejecutando interfase VDINTERMOVIM
02 10:47:01:957 Empiezo a leer forms vdintermovim.frm
02 10:47:01:962 Termino parse forms vdintermovim.frm
02 10:47:01:962 Ejecutando interfase VDINTERMOVIM
02 10:49:01:976 Empiezo a leer forms vdintermovim.frm
02 10:49:01:980 Termino parse forms vdintermovim.frm
02 10:49:01:980 Ejecutando interfase VDINTERMOVIM
02 10:51:01:987 Empiezo a leer forms vdintermovim.frm
02 10:51:01:992 Termino parse forms vdintermovim.frm
02 10:51:01:992 Ejecutando interfase VDINTERMOVIM
02 10:53:02:003 Empiezo a leer forms vdintermovim.frm
02 10:53:02:010 Termino parse forms vdintermovim.frm
02 10:53:02:010 Ejecutando interfase VDINTERMOVIM
02 10:55:02:031 Empiezo a leer forms vdintermovim.frm
02 10:55:02:033 Termino parse forms vdintermovim.frm
02 10:55:02:033 Ejecutando interfase VDINTERMOVIM
02 10:57:02:052 Empiezo a leer forms vdintermovim.frm
02 10:57:02:057 Termino parse forms vdintermovim.frm
02 10:57:02:057 Ejecutando interfase VDINTERMOVIM
02 10:59:02:075 Empiezo a leer forms vdintermovim.frm
02 10:59:02:081 Termino parse forms vdintermovim.frm
02 10:59:02:082 Ejecutando interfase VDINTERMOVIM
02 11:01:02:105 Empiezo a leer forms vdintermovim.frm
02 11:01:02:111 Termino parse forms vdintermovim.frm
02 11:01:02:112 Ejecutando interfase VDINTERMOVIM
02 11:05:04:892 Empiezo a leer forms vdintermovim.frm
02 11:05:04:895 Termino parse forms vdintermovim.frm
02 11:05:04:895 Ejecutando interfase VDINTERMOVIM
02 11:07:04:962 Empiezo a leer forms vdintermovim.frm
02 11:07:04:963 Termino parse forms vdintermovim.frm
02 11:07:04:965 Ejecutando interfase VDINTERMOVIM
02 11:09:04:975 Empiezo a leer forms vdintermovim.frm
02 11:09:04:978 Termino parse forms vdintermovim.frm
02 11:09:04:978 Ejecutando interfase VDINTERMOVIM
02 11:11:04:991 Empiezo a leer forms vdintermovim.frm
02 11:11:04:996 Termino parse forms vdintermovim.frm
02 11:11:04:996 Ejecutando interfase VDINTERMOVIM
02 11:13:05:015 Empiezo a leer forms vdintermovim.frm
02 11:13:05:017 Termino parse forms vdintermovim.frm
02 11:13:05:018 Ejecutando interfase VDINTERMOVIM
02 11:15:05:040 Empiezo a leer forms vdintermovim.frm
02 11:15:05:042 Termino parse forms vdintermovim.frm
02 11:15:05:042 Ejecutando interfase VDINTERMOVIM
02 11:17:05:060 Empiezo a leer forms vdintermovim.frm
02 11:17:05:065 Termino parse forms vdintermovim.frm
02 11:17:05:066 Ejecutando interfase VDINTERMOVIM
02 11:19:05:078 Empiezo a leer forms vdintermovim.frm
02 11:19:05:085 Termino parse forms vdintermovim.frm
02 11:19:05:085 Ejecutando interfase VDINTERMOVIM
02 11:21:05:107 Empiezo a leer forms vdintermovim.frm
02 11:21:05:112 Termino parse forms vdintermovim.frm
02 11:21:05:112 Ejecutando interfase VDINTERMOVIM
02 11:23:05:121 Empiezo a leer forms vdintermovim.frm
02 11:23:05:127 Termino parse forms vdintermovim.frm
02 11:23:05:127 Ejecutando interfase VDINTERMOVIM
02 11:25:05:137 Empiezo a leer forms vdintermovim.frm
02 11:25:05:142 Termino parse forms vdintermovim.frm
02 11:25:05:142 Ejecutando interfase VDINTERMOVIM
02 11:27:05:152 Empiezo a leer forms vdintermovim.frm
02 11:27:05:158 Termino parse forms vdintermovim.frm
02 11:27:05:160 Ejecutando interfase VDINTERMOVIM
02 11:29:05:183 Empiezo a leer forms vdintermovim.frm
02 11:29:05:190 Termino parse forms vdintermovim.frm
02 11:29:05:191 Ejecutando interfase VDINTERMOVIM
02 11:31:05:211 Empiezo a leer forms vdintermovim.frm
02 11:31:05:216 Termino parse forms vdintermovim.frm
02 11:31:05:216 Ejecutando interfase VDINTERMOVIM
02 11:33:05:227 Empiezo a leer forms vdintermovim.frm
02 11:33:05:233 Termino parse forms vdintermovim.frm
02 11:33:05:233 Ejecutando interfase VDINTERMOVIM
02 11:35:05:252 Empiezo a leer forms vdintermovim.frm
02 11:35:05:257 Termino parse forms vdintermovim.frm
02 11:35:05:258 Ejecutando interfase VDINTERMOVIM
02 11:37:05:267 Empiezo a leer forms vdintermovim.frm
02 11:37:05:272 Termino parse forms vdintermovim.frm
02 11:37:05:272 Ejecutando interfase VDINTERMOVIM
02 11:39:05:287 Empiezo a leer forms vdintermovim.frm
02 11:39:05:292 Termino parse forms vdintermovim.frm
02 11:39:05:294 Ejecutando interfase VDINTERMOVIM
02 11:41:05:315 Empiezo a leer forms vdintermovim.frm
02 11:41:05:320 Termino parse forms vdintermovim.frm
02 11:41:05:322 Ejecutando interfase VDINTERMOVIM
02 11:43:05:344 Empiezo a leer forms vdintermovim.frm
02 11:43:05:349 Termino parse forms vdintermovim.frm
02 11:43:05:349 Ejecutando interfase VDINTERMOVIM
02 11:45:05:370 Empiezo a leer forms vdintermovim.frm
02 11:45:05:374 Termino parse forms vdintermovim.frm
02 11:45:05:374 Ejecutando interfase VDINTERMOVIM
02 11:47:05:384 Empiezo a leer forms vdintermovim.frm
02 11:47:05:390 Termino parse forms vdintermovim.frm
02 11:47:05:390 Ejecutando interfase VDINTERMOVIM
02 11:49:05:405 Empiezo a leer forms vdintermovim.frm
02 11:49:05:410 Termino parse forms vdintermovim.frm
02 11:49:05:410 Ejecutando interfase VDINTERMOVIM
02 11:51:05:430 Empiezo a leer forms vdintermovim.frm
02 11:51:05:434 Termino parse forms vdintermovim.frm
02 11:51:05:434 Ejecutando interfase VDINTERMOVIM
02 11:53:05:445 Empiezo a leer forms vdintermovim.frm
02 11:53:05:452 Termino parse forms vdintermovim.frm
02 11:53:05:452 Ejecutando interfase VDINTERMOVIM
02 11:55:05:465 Empiezo a leer forms vdintermovim.frm
02 11:55:05:470 Termino parse forms vdintermovim.frm
02 11:55:05:470 Ejecutando interfase VDINTERMOVIM
02 11:57:05:482 Empiezo a leer forms vdintermovim.frm
02 11:57:05:489 Termino parse forms vdintermovim.frm
02 11:57:05:489 Ejecutando interfase VDINTERMOVIM
02 11:59:05:507 Empiezo a leer forms vdintermovim.frm
02 11:59:05:510 Termino parse forms vdintermovim.frm
02 11:59:05:510 Ejecutando interfase VDINTERMOVIM
02 12:01:05:530 Empiezo a leer forms vdintermovim.frm
02 12:01:05:535 Termino parse forms vdintermovim.frm
02 12:01:05:535 Ejecutando interfase VDINTERMOVIM
02 12:03:05:544 Empiezo a leer forms vdintermovim.frm
02 12:03:05:550 Termino parse forms vdintermovim.frm
02 12:03:05:550 Ejecutando interfase VDINTERMOVIM
02 12:05:05:562 Empiezo a leer forms vdintermovim.frm
02 12:05:05:569 Termino parse forms vdintermovim.frm
02 12:05:05:569 Ejecutando interfase VDINTERMOVIM
02 12:07:05:585 Empiezo a leer forms vdintermovim.frm
02 12:07:05:590 Termino parse forms vdintermovim.frm
02 12:07:05:590 Ejecutando interfase VDINTERMOVIM
02 12:09:05:602 Empiezo a leer forms vdintermovim.frm
02 12:09:05:607 Termino parse forms vdintermovim.frm
02 12:09:05:607 Ejecutando interfase VDINTERMOVIM
02 12:11:05:627 Empiezo a leer forms vdintermovim.frm
02 12:11:05:634 Termino parse forms vdintermovim.frm
02 12:11:05:634 Ejecutando interfase VDINTERMOVIM
02 12:13:05:649 Empiezo a leer forms vdintermovim.frm
02 12:13:05:654 Termino parse forms vdintermovim.frm
02 12:13:05:655 Ejecutando interfase VDINTERMOVIM
02 12:15:05:677 Empiezo a leer forms vdintermovim.frm
02 12:15:05:682 Termino parse forms vdintermovim.frm
02 12:15:05:684 Ejecutando interfase VDINTERMOVIM
02 12:17:05:695 Empiezo a leer forms vdintermovim.frm
02 12:17:05:702 Termino parse forms vdintermovim.frm
02 12:17:05:702 Ejecutando interfase VDINTERMOVIM
02 12:19:05:720 Empiezo a leer forms vdintermovim.frm
02 12:19:05:722 Termino parse forms vdintermovim.frm
02 12:19:05:724 Ejecutando interfase VDINTERMOVIM
02 12:21:05:745 Empiezo a leer forms vdintermovim.frm
02 12:21:05:752 Termino parse forms vdintermovim.frm
02 12:21:05:752 Ejecutando interfase VDINTERMOVIM
02 12:23:05:772 Empiezo a leer forms vdintermovim.frm
02 12:23:05:777 Termino parse forms vdintermovim.frm
02 12:23:05:779 Ejecutando interfase VDINTERMOVIM
02 12:25:05:797 Empiezo a leer forms vdintermovim.frm
02 12:25:05:802 Termino parse forms vdintermovim.frm
02 12:25:05:802 Ejecutando interfase VDINTERMOVIM
02 12:27:05:817 Empiezo a leer forms vdintermovim.frm
02 12:27:05:824 Termino parse forms vdintermovim.frm
02 12:27:05:824 Ejecutando interfase VDINTERMOVIM
02 12:29:05:839 Empiezo a leer forms vdintermovim.frm
02 12:29:05:845 Termino parse forms vdintermovim.frm
02 12:29:05:845 Ejecutando interfase VDINTERMOVIM
02 12:31:05:860 Empiezo a leer forms vdintermovim.frm
02 12:31:05:864 Termino parse forms vdintermovim.frm
02 12:31:05:865 Ejecutando interfase VDINTERMOVIM
02 12:33:05:872 Empiezo a leer forms vdintermovim.frm
02 12:33:05:879 Termino parse forms vdintermovim.frm
02 12:33:05:880 Ejecutando interfase VDINTERMOVIM
02 12:35:05:889 Empiezo a leer forms vdintermovim.frm
02 12:35:05:895 Termino parse forms vdintermovim.frm
02 12:35:05:895 Ejecutando interfase VDINTERMOVIM
02 12:37:05:905 Empiezo a leer forms vdintermovim.frm
02 12:37:05:910 Termino parse forms vdintermovim.frm
02 12:37:05:910 Ejecutando interfase VDINTERMOVIM
02 12:39:05:932 Empiezo a leer forms vdintermovim.frm
02 12:39:05:937 Termino parse forms vdintermovim.frm
02 12:39:05:937 Ejecutando interfase VDINTERMOVIM
02 12:41:05:945 Empiezo a leer forms vdintermovim.frm
02 12:41:05:949 Termino parse forms vdintermovim.frm
02 12:41:05:949 Ejecutando interfase VDINTERMOVIM
02 12:43:05:965 Empiezo a leer forms vdintermovim.frm
02 12:43:05:970 Termino parse forms vdintermovim.frm
02 12:43:05:972 Ejecutando interfase VDINTERMOVIM
02 12:45:05:990 Empiezo a leer forms vdintermovim.frm
02 12:45:05:995 Termino parse forms vdintermovim.frm
02 12:45:05:995 Ejecutando interfase VDINTERMOVIM
02 12:47:06:007 Empiezo a leer forms vdintermovim.frm
02 12:47:06:014 Termino parse forms vdintermovim.frm
02 12:47:06:014 Ejecutando interfase VDINTERMOVIM
02 12:49:06:022 Empiezo a leer forms vdintermovim.frm
02 12:49:06:029 Termino parse forms vdintermovim.frm
02 12:49:06:030 Ejecutando interfase VDINTERMOVIM
02 12:51:06:042 Empiezo a leer forms vdintermovim.frm
02 12:51:06:047 Termino parse forms vdintermovim.frm
02 12:51:06:049 Ejecutando interfase VDINTERMOVIM
02 12:53:06:064 Empiezo a leer forms vdintermovim.frm
02 12:53:06:070 Termino parse forms vdintermovim.frm
02 12:53:06:070 Ejecutando interfase VDINTERMOVIM
02 12:55:06:090 Empiezo a leer forms vdintermovim.frm
02 12:55:06:094 Termino parse forms vdintermovim.frm
02 12:55:06:094 Ejecutando interfase VDINTERMOVIM
02 12:57:06:115 Empiezo a leer forms vdintermovim.frm
02 12:57:06:119 Termino parse forms vdintermovim.frm
02 12:57:06:120 Ejecutando interfase VDINTERMOVIM
02 12:59:06:142 Empiezo a leer forms vdintermovim.frm
02 12:59:06:149 Termino parse forms vdintermovim.frm
02 12:59:06:150 Ejecutando interfase VDINTERMOVIM
02 13:01:06:167 Empiezo a leer forms vdintermovim.frm
02 13:01:06:174 Termino parse forms vdintermovim.frm
02 13:01:06:175 Ejecutando interfase VDINTERMOVIM
02 13:03:06:192 Empiezo a leer forms vdintermovim.frm
02 13:03:06:195 Termino parse forms vdintermovim.frm
02 13:03:06:195 Ejecutando interfase VDINTERMOVIM
02 13:05:06:202 Empiezo a leer forms vdintermovim.frm
02 13:05:06:209 Termino parse forms vdintermovim.frm
02 13:05:06:209 Ejecutando interfase VDINTERMOVIM
02 13:07:06:227 Empiezo a leer forms vdintermovim.frm
02 13:07:06:232 Termino parse forms vdintermovim.frm
02 13:07:06:232 Ejecutando interfase VDINTERMOVIM
02 13:09:06:237 Empiezo a leer forms vdintermovim.frm
02 13:09:06:245 Termino parse forms vdintermovim.frm
02 13:09:06:245 Ejecutando interfase VDINTERMOVIM
02 13:11:06:264 Empiezo a leer forms vdintermovim.frm
02 13:11:06:270 Termino parse forms vdintermovim.frm
02 13:11:06:270 Ejecutando interfase VDINTERMOVIM
02 13:13:06:285 Empiezo a leer forms vdintermovim.frm
02 13:13:06:292 Termino parse forms vdintermovim.frm
02 13:13:06:292 Ejecutando interfase VDINTERMOVIM
02 13:15:06:305 Empiezo a leer forms vdintermovim.frm
02 13:15:06:310 Termino parse forms vdintermovim.frm
02 13:15:06:310 Ejecutando interfase VDINTERMOVIM
02 13:17:06:324 Empiezo a leer forms vdintermovim.frm
02 13:17:06:327 Termino parse forms vdintermovim.frm
02 13:17:06:327 Ejecutando interfase VDINTERMOVIM
02 13:19:06:345 Empiezo a leer forms vdintermovim.frm
02 13:19:06:350 Termino parse forms vdintermovim.frm
02 13:19:06:352 Ejecutando interfase VDINTERMOVIM
02 13:21:06:362 Empiezo a leer forms vdintermovim.frm
02 13:21:06:365 Termino parse forms vdintermovim.frm
02 13:21:06:367 Ejecutando interfase VDINTERMOVIM
02 13:23:06:382 Empiezo a leer forms vdintermovim.frm
02 13:23:06:387 Termino parse forms vdintermovim.frm
02 13:23:06:387 Ejecutando interfase VDINTERMOVIM
02 13:25:06:397 Empiezo a leer forms vdintermovim.frm
02 13:25:06:402 Termino parse forms vdintermovim.frm
02 13:25:06:402 Ejecutando interfase VDINTERMOVIM
02 13:27:06:419 Empiezo a leer forms vdintermovim.frm
02 13:27:06:425 Termino parse forms vdintermovim.frm
02 13:27:06:425 Ejecutando interfase VDINTERMOVIM
02 13:29:06:434 Empiezo a leer forms vdintermovim.frm
02 13:29:06:440 Termino parse forms vdintermovim.frm
02 13:29:06:440 Ejecutando interfase VDINTERMOVIM
02 13:31:06:457 Empiezo a leer forms vdintermovim.frm
02 13:31:06:460 Termino parse forms vdintermovim.frm
02 13:31:06:460 Ejecutando interfase VDINTERMOVIM
02 13:33:06:477 Empiezo a leer forms vdintermovim.frm
02 13:33:06:485 Termino parse forms vdintermovim.frm
02 13:33:06:485 Ejecutando interfase VDINTERMOVIM
02 13:35:06:494 Empiezo a leer forms vdintermovim.frm
02 13:35:06:500 Termino parse forms vdintermovim.frm
02 13:35:06:500 Ejecutando interfase VDINTERMOVIM
02 13:37:06:514 Empiezo a leer forms vdintermovim.frm
02 13:37:06:519 Termino parse forms vdintermovim.frm
02 13:37:06:520 Ejecutando interfase VDINTERMOVIM
02 13:39:06:537 Empiezo a leer forms vdintermovim.frm
02 13:39:06:544 Termino parse forms vdintermovim.frm
02 13:39:06:545 Ejecutando interfase VDINTERMOVIM
02 13:41:06:567 Empiezo a leer forms vdintermovim.frm
02 13:41:06:572 Termino parse forms vdintermovim.frm
02 13:41:06:572 Ejecutando interfase VDINTERMOVIM
02 13:43:06:582 Empiezo a leer forms vdintermovim.frm
02 13:43:06:589 Termino parse forms vdintermovim.frm
02 13:43:06:590 Ejecutando interfase VDINTERMOVIM
02 13:45:06:605 Empiezo a leer forms vdintermovim.frm
02 13:45:06:610 Termino parse forms vdintermovim.frm
02 13:45:06:610 Ejecutando interfase VDINTERMOVIM
02 13:47:06:622 Empiezo a leer forms vdintermovim.frm
02 13:47:06:629 Termino parse forms vdintermovim.frm
02 13:47:06:629 Ejecutando interfase VDINTERMOVIM
02 13:49:06:640 Empiezo a leer forms vdintermovim.frm
02 13:49:06:647 Termino parse forms vdintermovim.frm
02 13:49:06:647 Ejecutando interfase VDINTERMOVIM
02 13:51:06:662 Empiezo a leer forms vdintermovim.frm
02 13:51:06:667 Termino parse forms vdintermovim.frm
02 13:51:06:667 Ejecutando interfase VDINTERMOVIM
02 13:53:06:680 Empiezo a leer forms vdintermovim.frm
02 13:53:06:685 Termino parse forms vdintermovim.frm
02 13:53:06:685 Ejecutando interfase VDINTERMOVIM
02 13:55:06:699 Empiezo a leer forms vdintermovim.frm
02 13:55:06:705 Termino parse forms vdintermovim.frm
02 13:55:06:705 Ejecutando interfase VDINTERMOVIM
02 13:57:06:717 Empiezo a leer forms vdintermovim.frm
02 13:57:06:722 Termino parse forms vdintermovim.frm
02 13:57:06:722 Ejecutando interfase VDINTERMOVIM
02 13:59:06:745 Empiezo a leer forms vdintermovim.frm
02 13:59:06:749 Termino parse forms vdintermovim.frm
02 13:59:06:749 Ejecutando interfase VDINTERMOVIM
02 14:01:06:765 Empiezo a leer forms vdintermovim.frm
02 14:01:06:770 Termino parse forms vdintermovim.frm
02 14:01:06:770 Ejecutando interfase VDINTERMOVIM
02 14:03:06:780 Empiezo a leer forms vdintermovim.frm
02 14:03:06:787 Termino parse forms vdintermovim.frm
02 14:03:06:787 Ejecutando interfase VDINTERMOVIM
02 14:05:06:804 Empiezo a leer forms vdintermovim.frm
02 14:05:06:810 Termino parse forms vdintermovim.frm
02 14:05:06:810 Ejecutando interfase VDINTERMOVIM
02 14:07:06:830 Empiezo a leer forms vdintermovim.frm
02 14:07:06:835 Termino parse forms vdintermovim.frm
02 14:07:06:835 Ejecutando interfase VDINTERMOVIM
02 14:09:06:845 Empiezo a leer forms vdintermovim.frm
02 14:09:06:847 Termino parse forms vdintermovim.frm
02 14:09:06:849 Ejecutando interfase VDINTERMOVIM
02 14:11:06:867 Empiezo a leer forms vdintermovim.frm
02 14:11:06:872 Termino parse forms vdintermovim.frm
02 14:11:06:872 Ejecutando interfase VDINTERMOVIM
02 14:13:06:887 Empiezo a leer forms vdintermovim.frm
02 14:13:06:892 Termino parse forms vdintermovim.frm
02 14:13:06:892 Ejecutando interfase VDINTERMOVIM
02 14:15:06:907 Empiezo a leer forms vdintermovim.frm
02 14:15:06:912 Termino parse forms vdintermovim.frm
02 14:15:06:912 Ejecutando interfase VDINTERMOVIM
02 14:17:06:925 Empiezo a leer forms vdintermovim.frm
02 14:17:06:932 Termino parse forms vdintermovim.frm
02 14:17:06:932 Ejecutando interfase VDINTERMOVIM
02 14:19:06:942 Empiezo a leer forms vdintermovim.frm
02 14:19:06:949 Termino parse forms vdintermovim.frm
02 14:19:06:949 Ejecutando interfase VDINTERMOVIM
02 14:21:06:960 Empiezo a leer forms vdintermovim.frm
02 14:21:06:962 Termino parse forms vdintermovim.frm
02 14:21:06:962 Ejecutando interfase VDINTERMOVIM
02 14:23:06:982 Empiezo a leer forms vdintermovim.frm
02 14:23:06:987 Termino parse forms vdintermovim.frm
02 14:23:06:987 Ejecutando interfase VDINTERMOVIM
02 14:25:07:007 Empiezo a leer forms vdintermovim.frm
02 14:25:07:010 Termino parse forms vdintermovim.frm
02 14:25:07:010 Ejecutando interfase VDINTERMOVIM
02 14:27:07:022 Empiezo a leer forms vdintermovim.frm
02 14:27:07:027 Termino parse forms vdintermovim.frm
02 14:27:07:027 Ejecutando interfase VDINTERMOVIM
02 14:29:07:039 Empiezo a leer forms vdintermovim.frm
02 14:29:07:045 Termino parse forms vdintermovim.frm
02 14:29:07:045 Ejecutando interfase VDINTERMOVIM
02 14:31:07:064 Empiezo a leer forms vdintermovim.frm
02 14:31:07:067 Termino parse forms vdintermovim.frm
02 14:31:07:067 Ejecutando interfase VDINTERMOVIM
02 14:33:07:077 Empiezo a leer forms vdintermovim.frm
02 14:33:07:082 Termino parse forms vdintermovim.frm
02 14:33:07:084 Ejecutando interfase VDINTERMOVIM
02 14:35:07:107 Empiezo a leer forms vdintermovim.frm
02 14:35:07:112 Termino parse forms vdintermovim.frm
02 14:35:07:112 Ejecutando interfase VDINTERMOVIM
02 14:37:07:134 Empiezo a leer forms vdintermovim.frm
02 14:37:07:140 Termino parse forms vdintermovim.frm
02 14:37:07:140 Ejecutando interfase VDINTERMOVIM
02 15:18:35:830 Empiezo a leer forms vdintermovim.frm
02 15:18:35:835 Termino parse forms vdintermovim.frm
02 15:18:35:835 Ejecutando interfase VDINTERMOVIM
02 15:20:35:850 Empiezo a leer forms vdintermovim.frm
02 15:20:35:855 Termino parse forms vdintermovim.frm
02 15:20:35:855 Ejecutando interfase VDINTERMOVIM
02 15:22:35:877 Empiezo a leer forms vdintermovim.frm
02 15:22:35:882 Termino parse forms vdintermovim.frm
02 15:22:35:882 Ejecutando interfase VDINTERMOVIM
02 15:24:35:889 Empiezo a leer forms vdintermovim.frm
02 15:24:35:892 Termino parse forms vdintermovim.frm
02 15:24:35:892 Ejecutando interfase VDINTERMOVIM
02 15:26:35:914 Empiezo a leer forms vdintermovim.frm
02 15:26:35:917 Termino parse forms vdintermovim.frm
02 15:26:35:917 Ejecutando interfase VDINTERMOVIM
02 15:28:35:937 Empiezo a leer forms vdintermovim.frm
02 15:28:35:940 Termino parse forms vdintermovim.frm
02 15:28:35:940 Ejecutando interfase VDINTERMOVIM
02 15:30:35:955 Empiezo a leer forms vdintermovim.frm
02 15:30:35:960 Termino parse forms vdintermovim.frm
02 15:30:35:962 Ejecutando interfase VDINTERMOVIM
02 15:32:35:972 Empiezo a leer forms vdintermovim.frm
02 15:32:35:979 Termino parse forms vdintermovim.frm
02 15:32:35:979 Ejecutando interfase VDINTERMOVIM
02 15:34:35:994 Empiezo a leer forms vdintermovim.frm
02 15:34:35:999 Termino parse forms vdintermovim.frm
02 15:34:35:999 Ejecutando interfase VDINTERMOVIM
02 15:36:36:009 Empiezo a leer forms vdintermovim.frm
02 15:36:36:015 Termino parse forms vdintermovim.frm
02 15:36:36:015 Ejecutando interfase VDINTERMOVIM
02 15:38:36:030 Empiezo a leer forms vdintermovim.frm
02 15:38:36:037 Termino parse forms vdintermovim.frm
02 15:38:36:037 Ejecutando interfase VDINTERMOVIM
02 15:40:36:060 Empiezo a leer forms vdintermovim.frm
02 15:40:36:065 Termino parse forms vdintermovim.frm
02 15:40:36:067 Ejecutando interfase VDINTERMOVIM
02 15:42:36:077 Empiezo a leer forms vdintermovim.frm
02 15:42:36:080 Termino parse forms vdintermovim.frm
02 15:42:36:080 Ejecutando interfase VDINTERMOVIM
02 15:44:36:102 Empiezo a leer forms vdintermovim.frm
02 15:44:36:107 Termino parse forms vdintermovim.frm
02 15:44:36:107 Ejecutando interfase VDINTERMOVIM
02 15:46:36:115 Empiezo a leer forms vdintermovim.frm
02 15:46:36:122 Termino parse forms vdintermovim.frm
02 15:46:36:124 Ejecutando interfase VDINTERMOVIM
02 15:48:36:142 Empiezo a leer forms vdintermovim.frm
02 15:48:36:145 Termino parse forms vdintermovim.frm
02 15:48:36:145 Ejecutando interfase VDINTERMOVIM
02 15:50:36:159 Empiezo a leer forms vdintermovim.frm
02 15:50:36:165 Termino parse forms vdintermovim.frm
02 15:50:36:165 Ejecutando interfase VDINTERMOVIM
02 15:52:36:185 Empiezo a leer forms vdintermovim.frm
02 15:52:36:189 Termino parse forms vdintermovim.frm
02 15:52:36:189 Ejecutando interfase VDINTERMOVIM
02 15:54:36:197 Empiezo a leer forms vdintermovim.frm
02 15:54:36:202 Termino parse forms vdintermovim.frm
02 15:54:36:204 Ejecutando interfase VDINTERMOVIM
02 15:56:36:212 Empiezo a leer forms vdintermovim.frm
02 15:56:36:217 Termino parse forms vdintermovim.frm
02 15:56:36:217 Ejecutando interfase VDINTERMOVIM
02 15:58:36:225 Empiezo a leer forms vdintermovim.frm
02 15:58:36:232 Termino parse forms vdintermovim.frm
02 15:58:36:232 Ejecutando interfase VDINTERMOVIM
02 16:00:36:255 Empiezo a leer forms vdintermovim.frm
02 16:00:36:259 Termino parse forms vdintermovim.frm
02 16:00:36:259 Ejecutando interfase VDINTERMOVIM
02 16:02:36:272 Empiezo a leer forms vdintermovim.frm
02 16:02:36:275 Termino parse forms vdintermovim.frm
02 16:02:36:277 Ejecutando interfase VDINTERMOVIM
02 16:04:36:294 Empiezo a leer forms vdintermovim.frm
02 16:04:36:297 Termino parse forms vdintermovim.frm
02 16:04:36:297 Ejecutando interfase VDINTERMOVIM
02 16:06:36:314 Empiezo a leer forms vdintermovim.frm
02 16:06:36:317 Termino parse forms vdintermovim.frm
02 16:06:36:317 Ejecutando interfase VDINTERMOVIM
02 16:08:36:335 Empiezo a leer forms vdintermovim.frm
02 16:08:36:342 Termino parse forms vdintermovim.frm
02 16:08:36:342 Ejecutando interfase VDINTERMOVIM
02 16:10:36:365 Empiezo a leer forms vdintermovim.frm
02 16:10:36:370 Termino parse forms vdintermovim.frm
02 16:10:36:370 Ejecutando interfase VDINTERMOVIM
02 16:12:36:380 Empiezo a leer forms vdintermovim.frm
02 16:12:36:385 Termino parse forms vdintermovim.frm
02 16:12:36:387 Ejecutando interfase VDINTERMOVIM
02 16:14:36:409 Empiezo a leer forms vdintermovim.frm
02 16:14:36:415 Termino parse forms vdintermovim.frm
02 16:14:36:415 Ejecutando interfase VDINTERMOVIM
02 16:16:36:435 Empiezo a leer forms vdintermovim.frm
02 16:16:36:442 Termino parse forms vdintermovim.frm
02 16:16:36:442 Ejecutando interfase VDINTERMOVIM
02 16:18:36:465 Empiezo a leer forms vdintermovim.frm
02 16:18:36:470 Termino parse forms vdintermovim.frm
02 16:18:36:470 Ejecutando interfase VDINTERMOVIM
02 16:20:36:492 Empiezo a leer forms vdintermovim.frm
02 16:20:36:499 Termino parse forms vdintermovim.frm
02 16:20:36:500 Ejecutando interfase VDINTERMOVIM
02 16:22:36:520 Empiezo a leer forms vdintermovim.frm
02 16:22:36:525 Termino parse forms vdintermovim.frm
02 16:22:36:525 Ejecutando interfase VDINTERMOVIM
02 16:24:36:545 Empiezo a leer forms vdintermovim.frm
02 16:24:36:549 Termino parse forms vdintermovim.frm
02 16:24:36:549 Ejecutando interfase VDINTERMOVIM
02 16:26:36:565 Empiezo a leer forms vdintermovim.frm
02 16:26:36:572 Termino parse forms vdintermovim.frm
02 16:26:36:572 Ejecutando interfase VDINTERMOVIM
02 16:28:36:582 Empiezo a leer forms vdintermovim.frm
02 16:28:36:587 Termino parse forms vdintermovim.frm
02 16:28:36:587 Ejecutando interfase VDINTERMOVIM
02 16:30:36:605 Empiezo a leer forms vdintermovim.frm
02 16:30:36:610 Termino parse forms vdintermovim.frm
02 16:30:36:610 Ejecutando interfase VDINTERMOVIM
02 16:32:36:622 Empiezo a leer forms vdintermovim.frm
02 16:32:36:627 Termino parse forms vdintermovim.frm
02 16:32:36:627 Ejecutando interfase VDINTERMOVIM
02 16:34:36:642 Empiezo a leer forms vdintermovim.frm
02 16:34:36:647 Termino parse forms vdintermovim.frm
02 16:34:36:647 Ejecutando interfase VDINTERMOVIM
02 16:36:36:667 Empiezo a leer forms vdintermovim.frm
02 16:36:36:675 Termino parse forms vdintermovim.frm
02 16:36:36:675 Ejecutando interfase VDINTERMOVIM
02 16:38:36:687 Empiezo a leer forms vdintermovim.frm
02 16:38:36:694 Termino parse forms vdintermovim.frm
02 16:38:36:694 Ejecutando interfase VDINTERMOVIM
02 16:40:36:714 Empiezo a leer forms vdintermovim.frm
02 16:40:36:717 Termino parse forms vdintermovim.frm
02 16:40:36:717 Ejecutando interfase VDINTERMOVIM
02 16:42:36:740 Empiezo a leer forms vdintermovim.frm
02 16:42:36:745 Termino parse forms vdintermovim.frm
02 16:42:36:745 Ejecutando interfase VDINTERMOVIM
02 16:44:36:760 Empiezo a leer forms vdintermovim.frm
02 16:44:36:765 Termino parse forms vdintermovim.frm
02 16:44:36:765 Ejecutando interfase VDINTERMOVIM
02 16:46:36:787 Empiezo a leer forms vdintermovim.frm
02 16:46:36:794 Termino parse forms vdintermovim.frm
02 16:46:36:795 Ejecutando interfase VDINTERMOVIM
02 16:48:36:819 Empiezo a leer forms vdintermovim.frm
02 16:48:36:822 Termino parse forms vdintermovim.frm
02 16:48:36:822 Ejecutando interfase VDINTERMOVIM
02 16:50:36:832 Empiezo a leer forms vdintermovim.frm
02 16:50:36:839 Termino parse forms vdintermovim.frm
02 16:50:36:840 Ejecutando interfase VDINTERMOVIM
02 16:52:36:850 Empiezo a leer forms vdintermovim.frm
02 16:52:36:854 Termino parse forms vdintermovim.frm
02 16:52:36:855 Ejecutando interfase VDINTERMOVIM
02 16:54:36:875 Empiezo a leer forms vdintermovim.frm
02 16:54:36:880 Termino parse forms vdintermovim.frm
02 16:54:36:882 Ejecutando interfase VDINTERMOVIM
02 16:56:36:890 Empiezo a leer forms vdintermovim.frm
02 16:56:36:897 Termino parse forms vdintermovim.frm
02 16:56:36:897 Ejecutando interfase VDINTERMOVIM
02 16:58:36:910 Empiezo a leer forms vdintermovim.frm
02 16:58:36:915 Termino parse forms vdintermovim.frm
02 16:58:36:915 Ejecutando interfase VDINTERMOVIM
02 17:00:36:922 Empiezo a leer forms vdintermovim.frm
02 17:00:36:925 Termino parse forms vdintermovim.frm
02 17:00:36:925 Ejecutando interfase VDINTERMOVIM
02 17:02:36:935 Empiezo a leer forms vdintermovim.frm
02 17:02:36:940 Termino parse forms vdintermovim.frm
02 17:02:36:940 Ejecutando interfase VDINTERMOVIM
02 17:04:36:950 Empiezo a leer forms vdintermovim.frm
02 17:04:36:954 Termino parse forms vdintermovim.frm
02 17:04:36:954 Ejecutando interfase VDINTERMOVIM
02 17:06:36:964 Empiezo a leer forms vdintermovim.frm
02 17:06:36:969 Termino parse forms vdintermovim.frm
02 17:06:36:970 Ejecutando interfase VDINTERMOVIM
02 17:08:36:985 Empiezo a leer forms vdintermovim.frm
02 17:08:36:990 Termino parse forms vdintermovim.frm
02 17:08:36:990 Ejecutando interfase VDINTERMOVIM
02 17:10:36:997 Empiezo a leer forms vdintermovim.frm
02 17:10:37:000 Termino parse forms vdintermovim.frm
02 17:10:37:000 Ejecutando interfase VDINTERMOVIM
02 17:12:37:017 Empiezo a leer forms vdintermovim.frm
02 17:12:37:022 Termino parse forms vdintermovim.frm
02 17:12:37:024 Ejecutando interfase VDINTERMOVIM
02 17:14:37:032 Empiezo a leer forms vdintermovim.frm
02 17:14:37:035 Termino parse forms vdintermovim.frm
02 17:14:37:037 Ejecutando interfase VDINTERMOVIM
02 17:16:37:052 Empiezo a leer forms vdintermovim.frm
02 17:16:37:055 Termino parse forms vdintermovim.frm
02 17:16:37:055 Ejecutando interfase VDINTERMOVIM
02 17:18:37:062 Empiezo a leer forms vdintermovim.frm
02 17:18:37:067 Termino parse forms vdintermovim.frm
02 17:18:37:067 Ejecutando interfase VDINTERMOVIM
02 17:20:37:085 Empiezo a leer forms vdintermovim.frm
02 17:20:37:090 Termino parse forms vdintermovim.frm
02 17:20:37:090 Ejecutando interfase VDINTERMOVIM
02 17:22:37:107 Empiezo a leer forms vdintermovim.frm
02 17:22:37:112 Termino parse forms vdintermovim.frm
02 17:22:37:114 Ejecutando interfase VDINTERMOVIM
02 17:24:37:134 Empiezo a leer forms vdintermovim.frm
02 17:24:37:139 Termino parse forms vdintermovim.frm
02 17:24:37:140 Ejecutando interfase VDINTERMOVIM
02 17:26:37:160 Empiezo a leer forms vdintermovim.frm
02 17:26:37:165 Termino parse forms vdintermovim.frm
02 17:26:37:167 Ejecutando interfase VDINTERMOVIM
02 17:28:37:175 Empiezo a leer forms vdintermovim.frm
02 17:28:37:182 Termino parse forms vdintermovim.frm
02 17:28:37:182 Ejecutando interfase VDINTERMOVIM
02 17:30:37:190 Empiezo a leer forms vdintermovim.frm
02 17:30:37:197 Termino parse forms vdintermovim.frm
02 17:30:37:197 Ejecutando interfase VDINTERMOVIM
02 17:32:37:207 Empiezo a leer forms vdintermovim.frm
02 17:32:37:212 Termino parse forms vdintermovim.frm
02 17:32:37:214 Ejecutando interfase VDINTERMOVIM
02 17:34:37:235 Empiezo a leer forms vdintermovim.frm
02 17:34:37:242 Termino parse forms vdintermovim.frm
02 17:34:37:242 Ejecutando interfase VDINTERMOVIM
02 17:36:37:257 Empiezo a leer forms vdintermovim.frm
02 17:36:37:264 Termino parse forms vdintermovim.frm
02 17:36:37:265 Ejecutando interfase VDINTERMOVIM
02 17:38:37:277 Empiezo a leer forms vdintermovim.frm
02 17:38:37:284 Termino parse forms vdintermovim.frm
02 17:38:37:284 Ejecutando interfase VDINTERMOVIM
02 17:40:37:292 Empiezo a leer forms vdintermovim.frm
02 17:40:37:297 Termino parse forms vdintermovim.frm
02 17:40:37:297 Ejecutando interfase VDINTERMOVIM
02 17:42:37:307 Empiezo a leer forms vdintermovim.frm
02 17:42:37:314 Termino parse forms vdintermovim.frm
02 17:42:37:314 Ejecutando interfase VDINTERMOVIM
02 17:44:37:332 Empiezo a leer forms vdintermovim.frm
02 17:44:37:337 Termino parse forms vdintermovim.frm
02 17:44:37:337 Ejecutando interfase VDINTERMOVIM
02 17:46:37:350 Empiezo a leer forms vdintermovim.frm
02 17:46:37:355 Termino parse forms vdintermovim.frm
02 17:46:37:355 Ejecutando interfase VDINTERMOVIM
02 17:48:37:372 Empiezo a leer forms vdintermovim.frm
02 17:48:37:379 Termino parse forms vdintermovim.frm
02 17:48:37:379 Ejecutando interfase VDINTERMOVIM
02 17:50:37:399 Empiezo a leer forms vdintermovim.frm
02 17:50:37:402 Termino parse forms vdintermovim.frm
02 17:50:37:402 Ejecutando interfase VDINTERMOVIM
02 17:52:37:410 Empiezo a leer forms vdintermovim.frm
02 17:52:37:414 Termino parse forms vdintermovim.frm
02 17:52:37:415 Ejecutando interfase VDINTERMOVIM
02 17:54:37:437 Empiezo a leer forms vdintermovim.frm
02 17:54:37:442 Termino parse forms vdintermovim.frm
02 17:54:37:442 Ejecutando interfase VDINTERMOVIM
02 17:56:37:450 Empiezo a leer forms vdintermovim.frm
02 17:56:37:457 Termino parse forms vdintermovim.frm
02 17:56:37:457 Ejecutando interfase VDINTERMOVIM

00 17:57:24:242 Fichero de log cerrado.

