00 09:07:46:133 Fichero de log abierto PID 15604

02 09:07:46:133 Intentando abrir fichero v10.ini
02 09:07:46:140 Cargando driver v10oracle funcion damedriveroracle
02 09:07:46:671 Conectado a base de datos
02 09:07:46:672 Proceso ENVIOREDUR encontrado en tabla VDPROCESOS
02 09:07:46:678 Proceso ENVIOREDUR cargado con función interfasesalida (Librería VDINTERFASES.DLL) direccion 0614CC80
02 09:07:46:681 PLSQL: INICIALIZADO PAQUETE DE LOG EL DIA 22-03-2022
02 09:07:46:691 Actualizado SID 873 SERIAL 31215 del proceso con PID 15604
00 09:07:46:693 Error al abrir fichero VDST.H
02 09:07:46:706 Empiezo a leer forms vdinterageredur.frm
02 09:07:46:740 Termino parse forms vdinterageredur.frm
02 09:07:46:741 Ejecutando interfase VDINTERAGEREDUR
02 09:09:46:756 Empiezo a leer forms vdinterageredur.frm
02 09:09:46:775 Termino parse forms vdinterageredur.frm
02 09:09:46:775 Ejecutando interfase VDINTERAGEREDUR
02 09:11:46:790 Empiezo a leer forms vdinterageredur.frm
02 09:11:46:810 Termino parse forms vdinterageredur.frm
02 09:11:46:811 Ejecutando interfase VDINTERAGEREDUR
02 09:13:46:837 Empiezo a leer forms vdinterageredur.frm
02 09:13:46:855 Termino parse forms vdinterageredur.frm
02 09:13:46:855 Ejecutando interfase VDINTERAGEREDUR
02 09:15:46:882 Empiezo a leer forms vdinterageredur.frm
02 09:15:46:901 Termino parse forms vdinterageredur.frm
02 09:15:46:902 Ejecutando interfase VDINTERAGEREDUR
02 09:17:46:915 Empiezo a leer forms vdinterageredur.frm
02 09:17:46:933 Termino parse forms vdinterageredur.frm
02 09:17:46:933 Ejecutando interfase VDINTERAGEREDUR
02 09:19:46:960 Empiezo a leer forms vdinterageredur.frm
02 09:19:46:977 Termino parse forms vdinterageredur.frm
02 09:19:46:977 Ejecutando interfase VDINTERAGEREDUR
02 09:21:46:993 Empiezo a leer forms vdinterageredur.frm
02 09:21:47:012 Termino parse forms vdinterageredur.frm
02 09:21:47:013 Ejecutando interfase VDINTERAGEREDUR
02 09:23:47:025 Empiezo a leer forms vdinterageredur.frm
02 09:23:47:037 Termino parse forms vdinterageredur.frm
02 09:23:47:037 Ejecutando interfase VDINTERAGEREDUR
02 09:25:47:043 Empiezo a leer forms vdinterageredur.frm
02 09:25:47:051 Termino parse forms vdinterageredur.frm
02 09:25:47:051 Ejecutando interfase VDINTERAGEREDUR
02 09:27:47:070 Empiezo a leer forms vdinterageredur.frm
02 09:27:47:076 Termino parse forms vdinterageredur.frm
02 09:27:47:076 Ejecutando interfase VDINTERAGEREDUR
02 09:29:47:097 Empiezo a leer forms vdinterageredur.frm
02 09:29:47:108 Termino parse forms vdinterageredur.frm
02 09:29:47:110 Ejecutando interfase VDINTERAGEREDUR
02 09:31:47:120 Empiezo a leer forms vdinterageredur.frm
02 09:31:47:132 Termino parse forms vdinterageredur.frm
02 09:31:47:132 Ejecutando interfase VDINTERAGEREDUR
02 09:33:47:145 Empiezo a leer forms vdinterageredur.frm
02 09:33:47:155 Termino parse forms vdinterageredur.frm
02 09:33:47:155 Ejecutando interfase VDINTERAGEREDUR
02 09:35:47:165 Empiezo a leer forms vdinterageredur.frm
02 09:35:47:172 Termino parse forms vdinterageredur.frm
02 09:35:47:172 Ejecutando interfase VDINTERAGEREDUR
02 09:37:47:185 Empiezo a leer forms vdinterageredur.frm
02 09:37:47:196 Termino parse forms vdinterageredur.frm
02 09:37:47:196 Ejecutando interfase VDINTERAGEREDUR
02 09:39:47:206 Empiezo a leer forms vdinterageredur.frm
02 09:39:47:213 Termino parse forms vdinterageredur.frm
02 09:39:47:213 Ejecutando interfase VDINTERAGEREDUR
02 09:41:47:228 Empiezo a leer forms vdinterageredur.frm
02 09:41:47:241 Termino parse forms vdinterageredur.frm
02 09:41:47:241 Ejecutando interfase VDINTERAGEREDUR
02 09:43:47:257 Empiezo a leer forms vdinterageredur.frm
02 09:43:47:265 Termino parse forms vdinterageredur.frm
02 09:43:47:266 Ejecutando interfase VDINTERAGEREDUR
02 09:45:47:277 Empiezo a leer forms vdinterageredur.frm
02 09:45:47:287 Termino parse forms vdinterageredur.frm
02 09:45:47:287 Ejecutando interfase VDINTERAGEREDUR
02 09:47:47:293 Empiezo a leer forms vdinterageredur.frm
02 09:47:47:301 Termino parse forms vdinterageredur.frm
02 09:47:47:301 Ejecutando interfase VDINTERAGEREDUR
02 09:49:47:316 Empiezo a leer forms vdinterageredur.frm
02 09:49:47:326 Termino parse forms vdinterageredur.frm
02 09:49:47:327 Ejecutando interfase VDINTERAGEREDUR
02 09:51:47:337 Empiezo a leer forms vdinterageredur.frm
02 09:51:47:348 Termino parse forms vdinterageredur.frm
02 09:51:47:348 Ejecutando interfase VDINTERAGEREDUR
02 09:53:47:363 Empiezo a leer forms vdinterageredur.frm
02 09:53:47:377 Termino parse forms vdinterageredur.frm
02 09:53:47:377 Ejecutando interfase VDINTERAGEREDUR
02 09:55:47:398 Empiezo a leer forms vdinterageredur.frm
02 09:55:47:407 Termino parse forms vdinterageredur.frm
02 09:55:47:407 Ejecutando interfase VDINTERAGEREDUR
02 09:57:47:417 Empiezo a leer forms vdinterageredur.frm
02 09:57:47:428 Termino parse forms vdinterageredur.frm
02 09:57:47:428 Ejecutando interfase VDINTERAGEREDUR
02 09:59:47:445 Empiezo a leer forms vdinterageredur.frm
02 09:59:47:457 Termino parse forms vdinterageredur.frm
02 09:59:47:457 Ejecutando interfase VDINTERAGEREDUR
02 10:01:47:477 Empiezo a leer forms vdinterageredur.frm
02 10:01:47:492 Termino parse forms vdinterageredur.frm
02 10:01:47:492 Ejecutando interfase VDINTERAGEREDUR
02 10:03:47:510 Empiezo a leer forms vdinterageredur.frm
02 10:03:47:522 Termino parse forms vdinterageredur.frm
02 10:03:47:522 Ejecutando interfase VDINTERAGEREDUR
02 10:05:47:533 Empiezo a leer forms vdinterageredur.frm
02 10:05:47:546 Termino parse forms vdinterageredur.frm
02 10:05:47:547 Ejecutando interfase VDINTERAGEREDUR
02 10:07:47:566 Empiezo a leer forms vdinterageredur.frm
02 10:07:47:577 Termino parse forms vdinterageredur.frm
02 10:07:47:578 Ejecutando interfase VDINTERAGEREDUR
02 10:09:47:596 Empiezo a leer forms vdinterageredur.frm
02 10:09:47:605 Termino parse forms vdinterageredur.frm
02 10:09:47:606 Ejecutando interfase VDINTERAGEREDUR
02 10:11:47:622 Empiezo a leer forms vdinterageredur.frm
02 10:11:47:638 Termino parse forms vdinterageredur.frm
02 10:11:47:640 Ejecutando interfase VDINTERAGEREDUR
02 10:13:47:657 Empiezo a leer forms vdinterageredur.frm
02 10:13:47:672 Termino parse forms vdinterageredur.frm
02 10:13:47:672 Ejecutando interfase VDINTERAGEREDUR
02 10:15:47:687 Empiezo a leer forms vdinterageredur.frm
02 10:15:47:700 Termino parse forms vdinterageredur.frm
02 10:15:47:701 Ejecutando interfase VDINTERAGEREDUR
02 10:17:47:722 Empiezo a leer forms vdinterageredur.frm
02 10:17:47:735 Termino parse forms vdinterageredur.frm
02 10:17:47:735 Ejecutando interfase VDINTERAGEREDUR
02 10:19:47:748 Empiezo a leer forms vdinterageredur.frm
02 10:19:47:761 Termino parse forms vdinterageredur.frm
02 10:19:47:762 Ejecutando interfase VDINTERAGEREDUR
02 10:21:47:778 Empiezo a leer forms vdinterageredur.frm
02 10:21:47:792 Termino parse forms vdinterageredur.frm
02 10:21:47:792 Ejecutando interfase VDINTERAGEREDUR
02 10:23:47:815 Empiezo a leer forms vdinterageredur.frm
02 10:23:47:826 Termino parse forms vdinterageredur.frm
02 10:23:47:826 Ejecutando interfase VDINTERAGEREDUR
02 10:25:47:835 Empiezo a leer forms vdinterageredur.frm
02 10:25:47:851 Termino parse forms vdinterageredur.frm
02 10:25:47:851 Ejecutando interfase VDINTERAGEREDUR
02 10:27:47:872 Empiezo a leer forms vdinterageredur.frm
02 10:27:47:885 Termino parse forms vdinterageredur.frm
02 10:27:47:886 Ejecutando interfase VDINTERAGEREDUR
02 10:29:47:895 Empiezo a leer forms vdinterageredur.frm
02 10:29:47:905 Termino parse forms vdinterageredur.frm
02 10:29:47:905 Ejecutando interfase VDINTERAGEREDUR
02 10:31:47:920 Empiezo a leer forms vdinterageredur.frm
02 10:31:47:931 Termino parse forms vdinterageredur.frm
02 10:31:47:931 Ejecutando interfase VDINTERAGEREDUR
02 10:33:47:946 Empiezo a leer forms vdinterageredur.frm
02 10:33:47:961 Termino parse forms vdinterageredur.frm
02 10:33:47:961 Ejecutando interfase VDINTERAGEREDUR
02 10:35:47:980 Empiezo a leer forms vdinterageredur.frm
02 10:35:47:995 Termino parse forms vdinterageredur.frm
02 10:35:47:995 Ejecutando interfase VDINTERAGEREDUR
02 10:37:48:008 Empiezo a leer forms vdinterageredur.frm
02 10:37:48:021 Termino parse forms vdinterageredur.frm
02 10:37:48:021 Ejecutando interfase VDINTERAGEREDUR
02 10:39:48:043 Empiezo a leer forms vdinterageredur.frm
02 10:39:48:053 Termino parse forms vdinterageredur.frm
02 10:39:48:055 Ejecutando interfase VDINTERAGEREDUR
02 10:41:48:076 Empiezo a leer forms vdinterageredur.frm
02 10:41:48:090 Termino parse forms vdinterageredur.frm
02 10:41:48:090 Ejecutando interfase VDINTERAGEREDUR
02 10:43:48:108 Empiezo a leer forms vdinterageredur.frm
02 10:43:48:118 Termino parse forms vdinterageredur.frm
02 10:43:48:118 Ejecutando interfase VDINTERAGEREDUR
02 10:45:48:140 Empiezo a leer forms vdinterageredur.frm
02 10:45:48:155 Termino parse forms vdinterageredur.frm
02 10:45:48:155 Ejecutando interfase VDINTERAGEREDUR
02 10:47:48:175 Empiezo a leer forms vdinterageredur.frm
02 10:47:48:187 Termino parse forms vdinterageredur.frm
02 10:47:48:187 Ejecutando interfase VDINTERAGEREDUR
02 10:49:48:201 Empiezo a leer forms vdinterageredur.frm
02 10:49:48:212 Termino parse forms vdinterageredur.frm
02 10:49:48:212 Ejecutando interfase VDINTERAGEREDUR
02 10:51:48:235 Empiezo a leer forms vdinterageredur.frm
02 10:51:48:251 Termino parse forms vdinterageredur.frm
02 10:51:48:251 Ejecutando interfase VDINTERAGEREDUR
02 10:53:48:268 Empiezo a leer forms vdinterageredur.frm
02 10:53:48:282 Termino parse forms vdinterageredur.frm
02 10:53:48:283 Ejecutando interfase VDINTERAGEREDUR
02 10:55:48:301 Empiezo a leer forms vdinterageredur.frm
02 10:55:48:312 Termino parse forms vdinterageredur.frm
02 10:55:48:313 Ejecutando interfase VDINTERAGEREDUR
02 10:57:48:327 Empiezo a leer forms vdinterageredur.frm
02 10:57:48:341 Termino parse forms vdinterageredur.frm
02 10:57:48:341 Ejecutando interfase VDINTERAGEREDUR
02 10:59:48:362 Empiezo a leer forms vdinterageredur.frm
02 10:59:48:375 Termino parse forms vdinterageredur.frm
02 10:59:48:375 Ejecutando interfase VDINTERAGEREDUR
02 11:01:48:390 Empiezo a leer forms vdinterageredur.frm
02 11:01:48:403 Termino parse forms vdinterageredur.frm
02 11:01:48:405 Ejecutando interfase VDINTERAGEREDUR
02 11:03:48:423 Empiezo a leer forms vdinterageredur.frm
02 11:03:48:440 Termino parse forms vdinterageredur.frm
02 11:03:48:441 Ejecutando interfase VDINTERAGEREDUR
02 11:05:48:457 Empiezo a leer forms vdinterageredur.frm
02 11:05:48:470 Termino parse forms vdinterageredur.frm
02 11:05:48:470 Ejecutando interfase VDINTERAGEREDUR
02 11:07:48:492 Empiezo a leer forms vdinterageredur.frm
02 11:07:48:502 Termino parse forms vdinterageredur.frm
02 11:07:48:502 Ejecutando interfase VDINTERAGEREDUR
02 11:09:48:517 Empiezo a leer forms vdinterageredur.frm
02 11:09:48:532 Termino parse forms vdinterageredur.frm
02 11:09:48:533 Ejecutando interfase VDINTERAGEREDUR
02 11:11:48:553 Empiezo a leer forms vdinterageredur.frm
02 11:11:48:567 Termino parse forms vdinterageredur.frm
02 11:11:48:567 Ejecutando interfase VDINTERAGEREDUR
02 11:13:48:588 Empiezo a leer forms vdinterageredur.frm
02 11:13:48:603 Termino parse forms vdinterageredur.frm
02 11:13:48:603 Ejecutando interfase VDINTERAGEREDUR
02 11:15:48:613 Empiezo a leer forms vdinterageredur.frm
02 11:15:48:627 Termino parse forms vdinterageredur.frm
02 11:15:48:627 Ejecutando interfase VDINTERAGEREDUR
02 11:17:48:643 Empiezo a leer forms vdinterageredur.frm
02 11:17:48:657 Termino parse forms vdinterageredur.frm
02 11:17:48:657 Ejecutando interfase VDINTERAGEREDUR
02 11:19:48:678 Empiezo a leer forms vdinterageredur.frm
02 11:19:48:692 Termino parse forms vdinterageredur.frm
02 11:19:48:692 Ejecutando interfase VDINTERAGEREDUR
02 11:21:48:708 Empiezo a leer forms vdinterageredur.frm
02 11:21:48:725 Termino parse forms vdinterageredur.frm
02 11:21:48:725 Ejecutando interfase VDINTERAGEREDUR
02 11:23:48:735 Empiezo a leer forms vdinterageredur.frm
02 11:23:48:750 Termino parse forms vdinterageredur.frm
02 11:23:48:750 Ejecutando interfase VDINTERAGEREDUR
02 11:25:48:762 Empiezo a leer forms vdinterageredur.frm
02 11:25:48:777 Termino parse forms vdinterageredur.frm
02 11:25:48:777 Ejecutando interfase VDINTERAGEREDUR
02 11:27:48:787 Empiezo a leer forms vdinterageredur.frm
02 11:27:48:802 Termino parse forms vdinterageredur.frm
02 11:27:48:802 Ejecutando interfase VDINTERAGEREDUR
02 11:29:48:818 Empiezo a leer forms vdinterageredur.frm
02 11:29:48:830 Termino parse forms vdinterageredur.frm
02 11:29:48:830 Ejecutando interfase VDINTERAGEREDUR
02 11:31:48:838 Empiezo a leer forms vdinterageredur.frm
02 11:31:48:847 Termino parse forms vdinterageredur.frm
02 11:31:48:847 Ejecutando interfase VDINTERAGEREDUR
02 11:33:48:865 Empiezo a leer forms vdinterageredur.frm
02 11:33:48:881 Termino parse forms vdinterageredur.frm
02 11:33:48:881 Ejecutando interfase VDINTERAGEREDUR
02 11:35:48:901 Empiezo a leer forms vdinterageredur.frm
02 11:35:48:907 Termino parse forms vdinterageredur.frm
02 11:35:48:907 Ejecutando interfase VDINTERAGEREDUR
02 11:37:48:921 Empiezo a leer forms vdinterageredur.frm
02 11:37:48:932 Termino parse forms vdinterageredur.frm
02 11:37:48:932 Ejecutando interfase VDINTERAGEREDUR
02 11:39:48:950 Empiezo a leer forms vdinterageredur.frm
02 11:39:48:964 Termino parse forms vdinterageredur.frm
02 11:39:48:964 Ejecutando interfase VDINTERAGEREDUR
02 11:41:48:975 Empiezo a leer forms vdinterageredur.frm
02 11:41:48:982 Termino parse forms vdinterageredur.frm
02 11:41:48:982 Ejecutando interfase VDINTERAGEREDUR
02 11:43:48:992 Empiezo a leer forms vdinterageredur.frm
02 11:43:49:004 Termino parse forms vdinterageredur.frm
02 11:43:49:005 Ejecutando interfase VDINTERAGEREDUR
02 11:45:49:025 Empiezo a leer forms vdinterageredur.frm
02 11:45:49:040 Termino parse forms vdinterageredur.frm
02 11:45:49:040 Ejecutando interfase VDINTERAGEREDUR
02 11:47:49:047 Empiezo a leer forms vdinterageredur.frm
02 11:47:49:062 Termino parse forms vdinterageredur.frm
02 11:47:49:062 Ejecutando interfase VDINTERAGEREDUR
02 11:49:49:084 Empiezo a leer forms vdinterageredur.frm
02 11:49:49:095 Termino parse forms vdinterageredur.frm
02 11:49:49:095 Ejecutando interfase VDINTERAGEREDUR
02 11:51:49:110 Empiezo a leer forms vdinterageredur.frm
02 11:51:49:122 Termino parse forms vdinterageredur.frm
02 11:51:49:122 Ejecutando interfase VDINTERAGEREDUR
02 11:53:49:145 Empiezo a leer forms vdinterageredur.frm
02 11:53:49:162 Termino parse forms vdinterageredur.frm
02 11:53:49:162 Ejecutando interfase VDINTERAGEREDUR
02 11:55:49:180 Empiezo a leer forms vdinterageredur.frm
02 11:55:49:190 Termino parse forms vdinterageredur.frm
02 11:55:49:190 Ejecutando interfase VDINTERAGEREDUR
02 11:57:49:197 Empiezo a leer forms vdinterageredur.frm
02 11:57:49:210 Termino parse forms vdinterageredur.frm
02 11:57:49:210 Ejecutando interfase VDINTERAGEREDUR
02 11:59:49:230 Empiezo a leer forms vdinterageredur.frm
02 11:59:49:237 Termino parse forms vdinterageredur.frm
02 11:59:49:237 Ejecutando interfase VDINTERAGEREDUR
02 12:01:49:247 Empiezo a leer forms vdinterageredur.frm
02 12:01:49:257 Termino parse forms vdinterageredur.frm
02 12:01:49:257 Ejecutando interfase VDINTERAGEREDUR
02 12:03:49:267 Empiezo a leer forms vdinterageredur.frm
02 12:03:49:280 Termino parse forms vdinterageredur.frm
02 12:03:49:280 Ejecutando interfase VDINTERAGEREDUR
02 12:05:49:302 Empiezo a leer forms vdinterageredur.frm
02 12:05:49:315 Termino parse forms vdinterageredur.frm
02 12:05:49:315 Ejecutando interfase VDINTERAGEREDUR
02 12:07:49:330 Empiezo a leer forms vdinterageredur.frm
02 12:07:49:344 Termino parse forms vdinterageredur.frm
02 12:07:49:345 Ejecutando interfase VDINTERAGEREDUR
02 12:09:49:365 Empiezo a leer forms vdinterageredur.frm
02 12:09:49:377 Termino parse forms vdinterageredur.frm
02 12:09:49:379 Ejecutando interfase VDINTERAGEREDUR
02 12:11:49:400 Empiezo a leer forms vdinterageredur.frm
02 12:11:49:412 Termino parse forms vdinterageredur.frm
02 12:11:49:412 Ejecutando interfase VDINTERAGEREDUR
02 12:13:49:424 Empiezo a leer forms vdinterageredur.frm
02 12:13:49:435 Termino parse forms vdinterageredur.frm
02 12:13:49:437 Ejecutando interfase VDINTERAGEREDUR
02 12:15:49:450 Empiezo a leer forms vdinterageredur.frm
02 12:15:49:455 Termino parse forms vdinterageredur.frm
02 12:15:49:455 Ejecutando interfase VDINTERAGEREDUR
02 12:17:49:467 Empiezo a leer forms vdinterageredur.frm
02 12:17:49:479 Termino parse forms vdinterageredur.frm
02 12:17:49:480 Ejecutando interfase VDINTERAGEREDUR
02 12:19:49:505 Empiezo a leer forms vdinterageredur.frm
02 12:19:49:520 Termino parse forms vdinterageredur.frm
02 12:19:49:520 Ejecutando interfase VDINTERAGEREDUR
02 12:21:49:537 Empiezo a leer forms vdinterageredur.frm
02 12:21:49:550 Termino parse forms vdinterageredur.frm
02 12:21:49:550 Ejecutando interfase VDINTERAGEREDUR
02 12:23:49:564 Empiezo a leer forms vdinterageredur.frm
02 12:23:49:575 Termino parse forms vdinterageredur.frm
02 12:23:49:577 Ejecutando interfase VDINTERAGEREDUR
02 12:25:49:600 Empiezo a leer forms vdinterageredur.frm
02 12:25:49:612 Termino parse forms vdinterageredur.frm
02 12:25:49:612 Ejecutando interfase VDINTERAGEREDUR
02 12:27:49:630 Empiezo a leer forms vdinterageredur.frm
02 12:27:49:645 Termino parse forms vdinterageredur.frm
02 12:27:49:645 Ejecutando interfase VDINTERAGEREDUR
02 12:29:49:667 Empiezo a leer forms vdinterageredur.frm
02 12:29:49:679 Termino parse forms vdinterageredur.frm
02 12:29:49:679 Ejecutando interfase VDINTERAGEREDUR
02 12:31:49:692 Empiezo a leer forms vdinterageredur.frm
02 12:31:49:700 Termino parse forms vdinterageredur.frm
02 12:31:49:700 Ejecutando interfase VDINTERAGEREDUR
02 12:33:49:720 Empiezo a leer forms vdinterageredur.frm
02 12:33:49:730 Termino parse forms vdinterageredur.frm
02 12:33:49:730 Ejecutando interfase VDINTERAGEREDUR
02 12:35:49:752 Empiezo a leer forms vdinterageredur.frm
02 12:35:49:765 Termino parse forms vdinterageredur.frm
02 12:35:49:765 Ejecutando interfase VDINTERAGEREDUR
02 12:37:49:782 Empiezo a leer forms vdinterageredur.frm
02 12:37:49:797 Termino parse forms vdinterageredur.frm
02 12:37:49:799 Ejecutando interfase VDINTERAGEREDUR
02 12:39:49:807 Empiezo a leer forms vdinterageredur.frm
02 12:39:49:817 Termino parse forms vdinterageredur.frm
02 12:39:49:817 Ejecutando interfase VDINTERAGEREDUR
02 12:41:49:830 Empiezo a leer forms vdinterageredur.frm
02 12:41:49:842 Termino parse forms vdinterageredur.frm
02 12:41:49:842 Ejecutando interfase VDINTERAGEREDUR
02 12:43:49:865 Empiezo a leer forms vdinterageredur.frm
02 12:43:49:880 Termino parse forms vdinterageredur.frm
02 12:43:49:880 Ejecutando interfase VDINTERAGEREDUR
02 12:45:49:897 Empiezo a leer forms vdinterageredur.frm
02 12:45:49:905 Termino parse forms vdinterageredur.frm
02 12:45:49:905 Ejecutando interfase VDINTERAGEREDUR
02 12:47:49:917 Empiezo a leer forms vdinterageredur.frm
02 12:47:49:925 Termino parse forms vdinterageredur.frm
02 12:47:49:927 Ejecutando interfase VDINTERAGEREDUR
02 12:49:49:947 Empiezo a leer forms vdinterageredur.frm
02 12:49:49:960 Termino parse forms vdinterageredur.frm
02 12:49:49:962 Ejecutando interfase VDINTERAGEREDUR
02 12:51:49:985 Empiezo a leer forms vdinterageredur.frm
02 12:51:49:997 Termino parse forms vdinterageredur.frm
02 12:51:49:997 Ejecutando interfase VDINTERAGEREDUR
02 12:53:50:015 Empiezo a leer forms vdinterageredur.frm
02 12:53:50:025 Termino parse forms vdinterageredur.frm
02 12:53:50:025 Ejecutando interfase VDINTERAGEREDUR
02 12:55:50:045 Empiezo a leer forms vdinterageredur.frm
02 12:55:50:060 Termino parse forms vdinterageredur.frm
02 12:55:50:060 Ejecutando interfase VDINTERAGEREDUR
02 12:57:50:077 Empiezo a leer forms vdinterageredur.frm
02 12:57:50:092 Termino parse forms vdinterageredur.frm
02 12:57:50:092 Ejecutando interfase VDINTERAGEREDUR
02 12:59:50:102 Empiezo a leer forms vdinterageredur.frm
02 12:59:50:114 Termino parse forms vdinterageredur.frm
02 12:59:50:115 Ejecutando interfase VDINTERAGEREDUR
02 13:01:50:132 Empiezo a leer forms vdinterageredur.frm
02 13:01:50:147 Termino parse forms vdinterageredur.frm
02 13:01:50:147 Ejecutando interfase VDINTERAGEREDUR
02 13:03:50:172 Empiezo a leer forms vdinterageredur.frm
02 13:03:50:185 Termino parse forms vdinterageredur.frm
02 13:03:50:185 Ejecutando interfase VDINTERAGEREDUR
02 13:05:50:194 Empiezo a leer forms vdinterageredur.frm
02 13:05:50:210 Termino parse forms vdinterageredur.frm
02 13:05:50:210 Ejecutando interfase VDINTERAGEREDUR
02 13:07:50:225 Empiezo a leer forms vdinterageredur.frm
02 13:07:50:237 Termino parse forms vdinterageredur.frm
02 13:07:50:237 Ejecutando interfase VDINTERAGEREDUR
02 13:09:50:249 Empiezo a leer forms vdinterageredur.frm
02 13:09:50:257 Termino parse forms vdinterageredur.frm
02 13:09:50:257 Ejecutando interfase VDINTERAGEREDUR
02 13:11:50:275 Empiezo a leer forms vdinterageredur.frm
02 13:11:50:290 Termino parse forms vdinterageredur.frm
02 13:11:50:290 Ejecutando interfase VDINTERAGEREDUR
02 13:13:50:309 Empiezo a leer forms vdinterageredur.frm
02 13:13:50:324 Termino parse forms vdinterageredur.frm
02 13:13:50:324 Ejecutando interfase VDINTERAGEREDUR
02 13:15:50:345 Empiezo a leer forms vdinterageredur.frm
02 13:15:50:359 Termino parse forms vdinterageredur.frm
02 13:15:50:360 Ejecutando interfase VDINTERAGEREDUR
02 13:17:50:382 Empiezo a leer forms vdinterageredur.frm
02 13:17:50:392 Termino parse forms vdinterageredur.frm
02 13:17:50:392 Ejecutando interfase VDINTERAGEREDUR
02 13:19:50:409 Empiezo a leer forms vdinterageredur.frm
02 13:19:50:424 Termino parse forms vdinterageredur.frm
02 13:19:50:425 Ejecutando interfase VDINTERAGEREDUR
02 13:21:50:444 Empiezo a leer forms vdinterageredur.frm
02 13:21:50:457 Termino parse forms vdinterageredur.frm
02 13:21:50:457 Ejecutando interfase VDINTERAGEREDUR
02 13:23:50:477 Empiezo a leer forms vdinterageredur.frm
02 13:23:50:489 Termino parse forms vdinterageredur.frm
02 13:23:50:489 Ejecutando interfase VDINTERAGEREDUR
02 13:25:50:510 Empiezo a leer forms vdinterageredur.frm
02 13:25:50:522 Termino parse forms vdinterageredur.frm
02 13:25:50:522 Ejecutando interfase VDINTERAGEREDUR
02 13:27:50:535 Empiezo a leer forms vdinterageredur.frm
02 13:27:50:549 Termino parse forms vdinterageredur.frm
02 13:27:50:549 Ejecutando interfase VDINTERAGEREDUR
02 13:29:50:560 Empiezo a leer forms vdinterageredur.frm
02 13:29:50:572 Termino parse forms vdinterageredur.frm
02 13:29:50:574 Ejecutando interfase VDINTERAGEREDUR
02 13:31:50:585 Empiezo a leer forms vdinterageredur.frm
02 13:31:50:597 Termino parse forms vdinterageredur.frm
02 13:31:50:599 Ejecutando interfase VDINTERAGEREDUR
02 13:33:50:620 Empiezo a leer forms vdinterageredur.frm
02 13:33:50:629 Termino parse forms vdinterageredur.frm
02 13:33:50:629 Ejecutando interfase VDINTERAGEREDUR
02 13:35:50:637 Empiezo a leer forms vdinterageredur.frm
02 13:35:50:652 Termino parse forms vdinterageredur.frm
02 13:35:50:652 Ejecutando interfase VDINTERAGEREDUR
02 13:37:50:674 Empiezo a leer forms vdinterageredur.frm
02 13:37:50:687 Termino parse forms vdinterageredur.frm
02 13:37:50:687 Ejecutando interfase VDINTERAGEREDUR
02 13:39:50:707 Empiezo a leer forms vdinterageredur.frm
02 13:39:50:719 Termino parse forms vdinterageredur.frm
02 13:39:50:719 Ejecutando interfase VDINTERAGEREDUR
02 13:41:50:730 Empiezo a leer forms vdinterageredur.frm
02 13:41:50:739 Termino parse forms vdinterageredur.frm
02 13:41:50:739 Ejecutando interfase VDINTERAGEREDUR
02 13:43:50:755 Empiezo a leer forms vdinterageredur.frm
02 13:43:50:760 Termino parse forms vdinterageredur.frm
02 13:43:50:760 Ejecutando interfase VDINTERAGEREDUR
02 13:45:50:775 Empiezo a leer forms vdinterageredur.frm
02 13:45:50:787 Termino parse forms vdinterageredur.frm
02 13:45:50:787 Ejecutando interfase VDINTERAGEREDUR
02 13:47:50:800 Empiezo a leer forms vdinterageredur.frm
02 13:47:50:814 Termino parse forms vdinterageredur.frm
02 13:47:50:814 Ejecutando interfase VDINTERAGEREDUR
02 13:49:50:827 Empiezo a leer forms vdinterageredur.frm
02 13:49:50:842 Termino parse forms vdinterageredur.frm
02 13:49:50:844 Ejecutando interfase VDINTERAGEREDUR
02 13:51:50:857 Empiezo a leer forms vdinterageredur.frm
02 13:51:50:870 Termino parse forms vdinterageredur.frm
02 13:51:50:870 Ejecutando interfase VDINTERAGEREDUR
02 13:53:50:889 Empiezo a leer forms vdinterageredur.frm
02 13:53:50:897 Termino parse forms vdinterageredur.frm
02 13:53:50:897 Ejecutando interfase VDINTERAGEREDUR
02 13:55:50:912 Empiezo a leer forms vdinterageredur.frm
02 13:55:50:929 Termino parse forms vdinterageredur.frm
02 13:55:50:929 Ejecutando interfase VDINTERAGEREDUR
02 13:57:50:942 Empiezo a leer forms vdinterageredur.frm
02 13:57:50:955 Termino parse forms vdinterageredur.frm
02 13:57:50:957 Ejecutando interfase VDINTERAGEREDUR
02 13:59:50:970 Empiezo a leer forms vdinterageredur.frm
02 13:59:50:985 Termino parse forms vdinterageredur.frm
02 13:59:50:985 Ejecutando interfase VDINTERAGEREDUR
02 14:01:51:005 Empiezo a leer forms vdinterageredur.frm
02 14:01:51:017 Termino parse forms vdinterageredur.frm
02 14:01:51:017 Ejecutando interfase VDINTERAGEREDUR
02 14:03:51:037 Empiezo a leer forms vdinterageredur.frm
02 14:03:51:052 Termino parse forms vdinterageredur.frm
02 14:03:51:052 Ejecutando interfase VDINTERAGEREDUR
02 14:05:51:067 Empiezo a leer forms vdinterageredur.frm
02 14:05:51:075 Termino parse forms vdinterageredur.frm
02 14:05:51:075 Ejecutando interfase VDINTERAGEREDUR
02 14:07:51:100 Empiezo a leer forms vdinterageredur.frm
02 14:07:51:110 Termino parse forms vdinterageredur.frm
02 14:07:51:110 Ejecutando interfase VDINTERAGEREDUR
02 14:09:51:122 Empiezo a leer forms vdinterageredur.frm
02 14:09:51:137 Termino parse forms vdinterageredur.frm
02 14:09:51:137 Ejecutando interfase VDINTERAGEREDUR
02 14:11:51:147 Empiezo a leer forms vdinterageredur.frm
02 14:11:51:159 Termino parse forms vdinterageredur.frm
02 14:11:51:159 Ejecutando interfase VDINTERAGEREDUR
02 14:13:51:182 Empiezo a leer forms vdinterageredur.frm
02 14:13:51:194 Termino parse forms vdinterageredur.frm
02 14:13:51:194 Ejecutando interfase VDINTERAGEREDUR
02 14:15:51:207 Empiezo a leer forms vdinterageredur.frm
02 14:15:51:215 Termino parse forms vdinterageredur.frm
02 14:15:51:215 Ejecutando interfase VDINTERAGEREDUR
02 14:17:51:225 Empiezo a leer forms vdinterageredur.frm
02 14:17:51:235 Termino parse forms vdinterageredur.frm
02 14:17:51:237 Ejecutando interfase VDINTERAGEREDUR
02 14:19:51:252 Empiezo a leer forms vdinterageredur.frm
02 14:19:51:265 Termino parse forms vdinterageredur.frm
02 14:19:51:265 Ejecutando interfase VDINTERAGEREDUR
02 14:21:51:280 Empiezo a leer forms vdinterageredur.frm
02 14:21:51:290 Termino parse forms vdinterageredur.frm
02 14:21:51:290 Ejecutando interfase VDINTERAGEREDUR
02 14:23:51:297 Empiezo a leer forms vdinterageredur.frm
02 14:23:51:307 Termino parse forms vdinterageredur.frm
02 14:23:51:307 Ejecutando interfase VDINTERAGEREDUR
02 14:25:51:332 Empiezo a leer forms vdinterageredur.frm
02 14:25:51:344 Termino parse forms vdinterageredur.frm
02 14:25:51:344 Ejecutando interfase VDINTERAGEREDUR
02 14:27:51:360 Empiezo a leer forms vdinterageredur.frm
02 14:27:51:370 Termino parse forms vdinterageredur.frm
02 14:27:51:372 Ejecutando interfase VDINTERAGEREDUR
02 14:29:51:387 Empiezo a leer forms vdinterageredur.frm
02 14:29:51:395 Termino parse forms vdinterageredur.frm
02 14:29:51:395 Ejecutando interfase VDINTERAGEREDUR
02 14:31:51:405 Empiezo a leer forms vdinterageredur.frm
02 14:31:51:419 Termino parse forms vdinterageredur.frm
02 14:31:51:420 Ejecutando interfase VDINTERAGEREDUR
02 14:33:51:437 Empiezo a leer forms vdinterageredur.frm
02 14:33:51:454 Termino parse forms vdinterageredur.frm
02 14:33:51:455 Ejecutando interfase VDINTERAGEREDUR
02 14:35:51:472 Empiezo a leer forms vdinterageredur.frm
02 14:35:51:484 Termino parse forms vdinterageredur.frm
02 14:35:51:485 Ejecutando interfase VDINTERAGEREDUR
02 14:37:51:507 Empiezo a leer forms vdinterageredur.frm
02 14:37:51:522 Termino parse forms vdinterageredur.frm
02 14:37:51:522 Ejecutando interfase VDINTERAGEREDUR
02 14:39:51:532 Empiezo a leer forms vdinterageredur.frm
02 14:39:51:545 Termino parse forms vdinterageredur.frm
02 14:39:51:545 Ejecutando interfase VDINTERAGEREDUR
02 14:41:51:557 Empiezo a leer forms vdinterageredur.frm
02 14:41:51:572 Termino parse forms vdinterageredur.frm
02 14:41:51:572 Ejecutando interfase VDINTERAGEREDUR
02 14:43:51:590 Empiezo a leer forms vdinterageredur.frm
02 14:43:51:604 Termino parse forms vdinterageredur.frm
02 14:43:51:604 Ejecutando interfase VDINTERAGEREDUR
02 14:45:51:622 Empiezo a leer forms vdinterageredur.frm
02 14:45:51:635 Termino parse forms vdinterageredur.frm
02 14:45:51:635 Ejecutando interfase VDINTERAGEREDUR
02 14:47:51:649 Empiezo a leer forms vdinterageredur.frm
02 14:47:51:662 Termino parse forms vdinterageredur.frm
02 14:47:51:664 Ejecutando interfase VDINTERAGEREDUR
02 14:49:51:687 Empiezo a leer forms vdinterageredur.frm
02 14:49:51:700 Termino parse forms vdinterageredur.frm
02 14:49:51:700 Ejecutando interfase VDINTERAGEREDUR
02 14:51:51:719 Empiezo a leer forms vdinterageredur.frm
02 14:51:51:725 Termino parse forms vdinterageredur.frm
02 14:51:51:725 Ejecutando interfase VDINTERAGEREDUR
02 14:53:51:739 Empiezo a leer forms vdinterageredur.frm
02 14:53:51:749 Termino parse forms vdinterageredur.frm
02 14:53:51:749 Ejecutando interfase VDINTERAGEREDUR
02 14:55:51:765 Empiezo a leer forms vdinterageredur.frm
02 14:55:51:775 Termino parse forms vdinterageredur.frm
02 14:55:51:775 Ejecutando interfase VDINTERAGEREDUR
02 14:57:51:792 Empiezo a leer forms vdinterageredur.frm
02 14:57:51:804 Termino parse forms vdinterageredur.frm
02 14:57:51:805 Ejecutando interfase VDINTERAGEREDUR
02 14:59:51:822 Empiezo a leer forms vdinterageredur.frm
02 14:59:51:832 Termino parse forms vdinterageredur.frm
02 14:59:51:832 Ejecutando interfase VDINTERAGEREDUR
02 15:01:51:857 Empiezo a leer forms vdinterageredur.frm
02 15:01:51:872 Termino parse forms vdinterageredur.frm
02 15:01:51:872 Ejecutando interfase VDINTERAGEREDUR
02 15:03:51:889 Empiezo a leer forms vdinterageredur.frm
02 15:03:51:900 Termino parse forms vdinterageredur.frm
02 15:03:51:900 Ejecutando interfase VDINTERAGEREDUR
02 15:05:51:920 Empiezo a leer forms vdinterageredur.frm
02 15:05:51:937 Termino parse forms vdinterageredur.frm
02 15:05:51:937 Ejecutando interfase VDINTERAGEREDUR
02 15:07:51:950 Empiezo a leer forms vdinterageredur.frm
02 15:07:51:959 Termino parse forms vdinterageredur.frm
02 15:07:51:959 Ejecutando interfase VDINTERAGEREDUR
02 15:09:51:977 Empiezo a leer forms vdinterageredur.frm
02 15:09:51:985 Termino parse forms vdinterageredur.frm
02 15:09:51:985 Ejecutando interfase VDINTERAGEREDUR
02 15:11:51:994 Empiezo a leer forms vdinterageredur.frm
02 15:11:52:007 Termino parse forms vdinterageredur.frm
02 15:11:52:007 Ejecutando interfase VDINTERAGEREDUR
02 15:13:52:022 Empiezo a leer forms vdinterageredur.frm
02 15:13:52:035 Termino parse forms vdinterageredur.frm
02 15:13:52:035 Ejecutando interfase VDINTERAGEREDUR
02 15:15:52:044 Empiezo a leer forms vdinterageredur.frm
02 15:15:52:057 Termino parse forms vdinterageredur.frm
02 15:15:52:057 Ejecutando interfase VDINTERAGEREDUR
02 15:17:52:077 Empiezo a leer forms vdinterageredur.frm
02 15:17:52:090 Termino parse forms vdinterageredur.frm
02 15:17:52:090 Ejecutando interfase VDINTERAGEREDUR
02 15:19:52:102 Empiezo a leer forms vdinterageredur.frm
02 15:19:52:110 Termino parse forms vdinterageredur.frm
02 15:19:52:112 Ejecutando interfase VDINTERAGEREDUR
02 15:21:52:120 Empiezo a leer forms vdinterageredur.frm
02 15:21:52:130 Termino parse forms vdinterageredur.frm
02 15:21:52:130 Ejecutando interfase VDINTERAGEREDUR
02 15:23:52:140 Empiezo a leer forms vdinterageredur.frm
02 15:23:52:152 Termino parse forms vdinterageredur.frm
02 15:23:52:152 Ejecutando interfase VDINTERAGEREDUR
02 15:25:52:172 Empiezo a leer forms vdinterageredur.frm
02 15:25:52:182 Termino parse forms vdinterageredur.frm
02 15:25:52:182 Ejecutando interfase VDINTERAGEREDUR
02 15:27:52:277 Empiezo a leer forms vdinterageredur.frm
02 15:27:52:282 Termino parse forms vdinterageredur.frm
02 15:27:52:282 Ejecutando interfase VDINTERAGEREDUR
02 15:38:59:467 Empiezo a leer forms vdinterageredur.frm
02 15:38:59:474 Termino parse forms vdinterageredur.frm
02 15:38:59:474 Ejecutando interfase VDINTERAGEREDUR
02 15:41:00:202 Empiezo a leer forms vdinterageredur.frm
02 15:41:00:220 Termino parse forms vdinterageredur.frm
02 15:41:00:220 Ejecutando interfase VDINTERAGEREDUR
02 15:43:00:239 Empiezo a leer forms vdinterageredur.frm
02 15:43:00:252 Termino parse forms vdinterageredur.frm
02 15:43:00:252 Ejecutando interfase VDINTERAGEREDUR
02 15:45:00:272 Empiezo a leer forms vdinterageredur.frm
02 15:45:00:285 Termino parse forms vdinterageredur.frm
02 15:45:00:285 Ejecutando interfase VDINTERAGEREDUR
02 15:47:00:305 Empiezo a leer forms vdinterageredur.frm
02 15:47:00:315 Termino parse forms vdinterageredur.frm
02 15:47:00:317 Ejecutando interfase VDINTERAGEREDUR
02 15:49:00:327 Empiezo a leer forms vdinterageredur.frm
02 15:49:00:340 Termino parse forms vdinterageredur.frm
02 15:49:00:342 Ejecutando interfase VDINTERAGEREDUR
02 15:51:00:354 Empiezo a leer forms vdinterageredur.frm
02 15:51:00:364 Termino parse forms vdinterageredur.frm
02 15:51:00:364 Ejecutando interfase VDINTERAGEREDUR
02 15:53:00:380 Empiezo a leer forms vdinterageredur.frm
02 15:53:00:395 Termino parse forms vdinterageredur.frm
02 15:53:00:395 Ejecutando interfase VDINTERAGEREDUR
02 15:55:00:407 Empiezo a leer forms vdinterageredur.frm
02 15:55:00:419 Termino parse forms vdinterageredur.frm
02 15:55:00:420 Ejecutando interfase VDINTERAGEREDUR
02 15:57:00:437 Empiezo a leer forms vdinterageredur.frm
02 15:57:00:447 Termino parse forms vdinterageredur.frm
02 15:57:00:447 Ejecutando interfase VDINTERAGEREDUR
02 15:59:00:469 Empiezo a leer forms vdinterageredur.frm
02 15:59:00:482 Termino parse forms vdinterageredur.frm
02 15:59:00:482 Ejecutando interfase VDINTERAGEREDUR
02 16:01:00:497 Empiezo a leer forms vdinterageredur.frm
02 16:01:00:507 Termino parse forms vdinterageredur.frm
02 16:01:00:509 Ejecutando interfase VDINTERAGEREDUR
02 16:03:00:524 Empiezo a leer forms vdinterageredur.frm
02 16:03:00:537 Termino parse forms vdinterageredur.frm
02 16:03:00:537 Ejecutando interfase VDINTERAGEREDUR
02 16:05:00:554 Empiezo a leer forms vdinterageredur.frm
02 16:05:00:565 Termino parse forms vdinterageredur.frm
02 16:05:00:565 Ejecutando interfase VDINTERAGEREDUR
02 16:07:00:590 Empiezo a leer forms vdinterageredur.frm
02 16:07:00:605 Termino parse forms vdinterageredur.frm
02 16:07:00:605 Ejecutando interfase VDINTERAGEREDUR
02 16:09:00:625 Empiezo a leer forms vdinterageredur.frm
02 16:09:00:630 Termino parse forms vdinterageredur.frm
02 16:09:00:630 Ejecutando interfase VDINTERAGEREDUR
02 16:11:00:647 Empiezo a leer forms vdinterageredur.frm
02 16:11:00:660 Termino parse forms vdinterageredur.frm
02 16:11:00:660 Ejecutando interfase VDINTERAGEREDUR
02 16:13:00:672 Empiezo a leer forms vdinterageredur.frm
02 16:13:00:685 Termino parse forms vdinterageredur.frm
02 16:13:00:685 Ejecutando interfase VDINTERAGEREDUR
02 16:15:00:712 Empiezo a leer forms vdinterageredur.frm
02 16:15:00:727 Termino parse forms vdinterageredur.frm
02 16:15:00:727 Ejecutando interfase VDINTERAGEREDUR
02 16:17:00:740 Empiezo a leer forms vdinterageredur.frm
02 16:17:00:752 Termino parse forms vdinterageredur.frm
02 16:17:00:752 Ejecutando interfase VDINTERAGEREDUR
02 16:19:00:779 Empiezo a leer forms vdinterageredur.frm
02 16:19:00:787 Termino parse forms vdinterageredur.frm
02 16:19:00:787 Ejecutando interfase VDINTERAGEREDUR
02 16:21:00:807 Empiezo a leer forms vdinterageredur.frm
02 16:21:00:820 Termino parse forms vdinterageredur.frm
02 16:21:00:822 Ejecutando interfase VDINTERAGEREDUR
02 16:23:00:837 Empiezo a leer forms vdinterageredur.frm
02 16:23:00:850 Termino parse forms vdinterageredur.frm
02 16:23:00:850 Ejecutando interfase VDINTERAGEREDUR
02 16:25:00:867 Empiezo a leer forms vdinterageredur.frm
02 16:25:00:877 Termino parse forms vdinterageredur.frm
02 16:25:00:877 Ejecutando interfase VDINTERAGEREDUR
02 16:27:00:895 Empiezo a leer forms vdinterageredur.frm
02 16:27:00:907 Termino parse forms vdinterageredur.frm
02 16:27:00:909 Ejecutando interfase VDINTERAGEREDUR
02 16:29:00:919 Empiezo a leer forms vdinterageredur.frm
02 16:29:00:932 Termino parse forms vdinterageredur.frm
02 16:29:00:932 Ejecutando interfase VDINTERAGEREDUR
02 16:31:00:952 Empiezo a leer forms vdinterageredur.frm
02 16:31:00:965 Termino parse forms vdinterageredur.frm
02 16:31:00:965 Ejecutando interfase VDINTERAGEREDUR
02 16:33:00:980 Empiezo a leer forms vdinterageredur.frm
02 16:33:00:990 Termino parse forms vdinterageredur.frm
02 16:33:00:992 Ejecutando interfase VDINTERAGEREDUR
02 16:35:01:007 Empiezo a leer forms vdinterageredur.frm
02 16:35:01:014 Termino parse forms vdinterageredur.frm
02 16:35:01:014 Ejecutando interfase VDINTERAGEREDUR
02 16:37:01:030 Empiezo a leer forms vdinterageredur.frm
02 16:37:01:042 Termino parse forms vdinterageredur.frm
02 16:37:01:044 Ejecutando interfase VDINTERAGEREDUR
02 16:39:01:054 Empiezo a leer forms vdinterageredur.frm
02 16:39:01:060 Termino parse forms vdinterageredur.frm
02 16:39:01:060 Ejecutando interfase VDINTERAGEREDUR
02 16:41:01:072 Empiezo a leer forms vdinterageredur.frm
02 16:41:01:082 Termino parse forms vdinterageredur.frm
02 16:41:01:082 Ejecutando interfase VDINTERAGEREDUR
02 16:43:01:105 Empiezo a leer forms vdinterageredur.frm
02 16:43:01:117 Termino parse forms vdinterageredur.frm
02 16:43:01:117 Ejecutando interfase VDINTERAGEREDUR
02 16:45:01:140 Empiezo a leer forms vdinterageredur.frm
02 16:45:01:150 Termino parse forms vdinterageredur.frm
02 16:45:01:152 Ejecutando interfase VDINTERAGEREDUR
02 16:47:01:167 Empiezo a leer forms vdinterageredur.frm
02 16:47:01:180 Termino parse forms vdinterageredur.frm
02 16:47:01:180 Ejecutando interfase VDINTERAGEREDUR
02 16:49:01:197 Empiezo a leer forms vdinterageredur.frm
02 16:49:01:205 Termino parse forms vdinterageredur.frm
02 16:49:01:205 Ejecutando interfase VDINTERAGEREDUR
02 16:51:01:217 Empiezo a leer forms vdinterageredur.frm
02 16:51:01:229 Termino parse forms vdinterageredur.frm
02 16:51:01:230 Ejecutando interfase VDINTERAGEREDUR
02 16:53:01:252 Empiezo a leer forms vdinterageredur.frm
02 16:53:01:265 Termino parse forms vdinterageredur.frm
02 16:53:01:265 Ejecutando interfase VDINTERAGEREDUR
02 16:55:01:282 Empiezo a leer forms vdinterageredur.frm
02 16:55:01:292 Termino parse forms vdinterageredur.frm
02 16:55:01:292 Ejecutando interfase VDINTERAGEREDUR
02 16:57:01:309 Empiezo a leer forms vdinterageredur.frm
02 16:57:01:324 Termino parse forms vdinterageredur.frm
02 16:57:01:324 Ejecutando interfase VDINTERAGEREDUR
02 16:59:01:335 Empiezo a leer forms vdinterageredur.frm
02 16:59:01:349 Termino parse forms vdinterageredur.frm
02 16:59:01:349 Ejecutando interfase VDINTERAGEREDUR
02 17:01:01:370 Empiezo a leer forms vdinterageredur.frm
02 17:01:01:382 Termino parse forms vdinterageredur.frm
02 17:01:01:382 Ejecutando interfase VDINTERAGEREDUR
02 17:03:01:405 Empiezo a leer forms vdinterageredur.frm
02 17:03:01:422 Termino parse forms vdinterageredur.frm
02 17:03:01:422 Ejecutando interfase VDINTERAGEREDUR
02 17:05:01:440 Empiezo a leer forms vdinterageredur.frm
02 17:05:01:452 Termino parse forms vdinterageredur.frm
02 17:05:01:452 Ejecutando interfase VDINTERAGEREDUR
02 17:07:01:470 Empiezo a leer forms vdinterageredur.frm
02 17:07:01:484 Termino parse forms vdinterageredur.frm
02 17:07:01:484 Ejecutando interfase VDINTERAGEREDUR

00 17:07:22:545 Fichero de log cerrado.

00 17:07:34:655 Fichero de log abierto PID 15740

02 17:07:34:657 Intentando abrir fichero v10.ini
02 17:07:34:662 Cargando driver v10oracle funcion damedriveroracle
02 17:07:35:480 Conectado a base de datos
02 17:07:35:482 Proceso ENVIOREDUR encontrado en tabla VDPROCESOS
02 17:07:35:490 Proceso ENVIOREDUR cargado con función interfasesalida (Librería VDINTERFASES.DLL) direccion 0633CC80
02 17:07:35:492 PLSQL: INICIALIZADO PAQUETE DE LOG EL DIA 22-03-2022
02 17:07:35:502 Actualizado SID 386 SERIAL 32984 del proceso con PID 15740
00 17:07:35:507 Error al abrir fichero VDST.H
02 17:07:35:509 Empiezo a leer forms vdinterageredur.frm
02 17:07:35:549 Termino parse forms vdinterageredur.frm
02 17:07:35:549 Ejecutando interfase VDINTERAGEREDUR
02 17:09:35:572 Empiezo a leer forms vdinterageredur.frm
02 17:09:35:592 Termino parse forms vdinterageredur.frm
02 17:09:35:592 Ejecutando interfase VDINTERAGEREDUR
02 17:11:35:620 Empiezo a leer forms vdinterageredur.frm
02 17:11:35:639 Termino parse forms vdinterageredur.frm
02 17:11:35:640 Ejecutando interfase VDINTERAGEREDUR

00 17:12:06:680 Fichero de log cerrado.

00 17:12:11:287 Fichero de log abierto PID 11008

02 17:12:11:290 Intentando abrir fichero v10.ini
02 17:12:11:297 Cargando driver v10oracle funcion damedriveroracle
02 17:12:11:857 Conectado a base de datos
02 17:12:11:859 Proceso ENVIOREDUR encontrado en tabla VDPROCESOS
02 17:12:11:880 Proceso ENVIOREDUR cargado con función interfasesalida (Librería VDINTERFASES.DLL) direccion 06ACCC80
02 17:12:11:882 PLSQL: INICIALIZADO PAQUETE DE LOG EL DIA 22-03-2022
02 17:12:11:892 Actualizado SID 874 SERIAL 31562 del proceso con PID 11008
00 17:12:11:897 Error al abrir fichero VDST.H
02 17:12:11:897 Empiezo a leer forms vdinterageredur.frm
02 17:12:11:937 Termino parse forms vdinterageredur.frm
02 17:12:11:937 Ejecutando interfase VDINTERAGEREDUR
02 17:14:11:960 Empiezo a leer forms vdinterageredur.frm
02 17:14:11:980 Termino parse forms vdinterageredur.frm
02 17:14:11:982 Ejecutando interfase VDINTERAGEREDUR
02 17:16:12:000 Empiezo a leer forms vdinterageredur.frm
02 17:16:12:020 Termino parse forms vdinterageredur.frm
02 17:16:12:020 Ejecutando interfase VDINTERAGEREDUR
02 17:18:12:035 Empiezo a leer forms vdinterageredur.frm
02 17:18:12:054 Termino parse forms vdinterageredur.frm
02 17:18:12:055 Ejecutando interfase VDINTERAGEREDUR
02 17:20:12:072 Empiezo a leer forms vdinterageredur.frm
02 17:20:12:089 Termino parse forms vdinterageredur.frm
02 17:20:12:089 Ejecutando interfase VDINTERAGEREDUR
02 17:22:12:110 Empiezo a leer forms vdinterageredur.frm
02 17:22:12:127 Termino parse forms vdinterageredur.frm
02 17:22:12:127 Ejecutando interfase VDINTERAGEREDUR
02 17:24:12:140 Empiezo a leer forms vdinterageredur.frm
02 17:24:12:157 Termino parse forms vdinterageredur.frm
02 17:24:12:159 Ejecutando interfase VDINTERAGEREDUR
02 17:26:12:172 Empiezo a leer forms vdinterageredur.frm
02 17:26:12:192 Termino parse forms vdinterageredur.frm
02 17:26:12:194 Ejecutando interfase VDINTERAGEREDUR
02 17:28:12:210 Empiezo a leer forms vdinterageredur.frm
02 17:28:12:225 Termino parse forms vdinterageredur.frm
02 17:28:12:225 Ejecutando interfase VDINTERAGEREDUR
02 17:30:12:240 Empiezo a leer forms vdinterageredur.frm
02 17:30:12:252 Termino parse forms vdinterageredur.frm
02 17:30:12:252 Ejecutando interfase VDINTERAGEREDUR
02 17:32:12:275 Empiezo a leer forms vdinterageredur.frm
02 17:32:12:294 Termino parse forms vdinterageredur.frm
02 17:32:12:295 Ejecutando interfase VDINTERAGEREDUR
02 17:34:12:310 Empiezo a leer forms vdinterageredur.frm
02 17:34:12:329 Termino parse forms vdinterageredur.frm
02 17:34:12:330 Ejecutando interfase VDINTERAGEREDUR
02 17:36:12:357 Empiezo a leer forms vdinterageredur.frm
02 17:36:12:375 Termino parse forms vdinterageredur.frm
02 17:36:12:377 Ejecutando interfase VDINTERAGEREDUR
02 17:38:12:397 Empiezo a leer forms vdinterageredur.frm
02 17:38:12:417 Termino parse forms vdinterageredur.frm
02 17:38:12:417 Ejecutando interfase VDINTERAGEREDUR
02 17:40:12:430 Empiezo a leer forms vdinterageredur.frm
02 17:40:12:447 Termino parse forms vdinterageredur.frm
02 17:40:12:447 Ejecutando interfase VDINTERAGEREDUR
02 17:42:12:457 Empiezo a leer forms vdinterageredur.frm
02 17:42:12:470 Termino parse forms vdinterageredur.frm
02 17:42:12:472 Ejecutando interfase VDINTERAGEREDUR
02 17:44:12:485 Empiezo a leer forms vdinterageredur.frm
02 17:44:12:505 Termino parse forms vdinterageredur.frm
02 17:44:12:505 Ejecutando interfase VDINTERAGEREDUR
02 17:46:12:517 Empiezo a leer forms vdinterageredur.frm
02 17:46:12:535 Termino parse forms vdinterageredur.frm
02 17:46:12:535 Ejecutando interfase VDINTERAGEREDUR
02 17:48:12:550 Empiezo a leer forms vdinterageredur.frm
02 17:48:12:569 Termino parse forms vdinterageredur.frm
02 17:48:12:569 Ejecutando interfase VDINTERAGEREDUR
02 17:50:12:582 Empiezo a leer forms vdinterageredur.frm
02 17:50:12:599 Termino parse forms vdinterageredur.frm
02 17:50:12:600 Ejecutando interfase VDINTERAGEREDUR
02 17:52:12:619 Empiezo a leer forms vdinterageredur.frm
02 17:52:12:637 Termino parse forms vdinterageredur.frm
02 17:52:12:639 Ejecutando interfase VDINTERAGEREDUR
02 17:54:12:652 Empiezo a leer forms vdinterageredur.frm
02 17:54:12:672 Termino parse forms vdinterageredur.frm
02 17:54:12:674 Ejecutando interfase VDINTERAGEREDUR
02 17:56:12:700 Empiezo a leer forms vdinterageredur.frm
02 17:56:12:710 Termino parse forms vdinterageredur.frm
02 17:56:12:710 Ejecutando interfase VDINTERAGEREDUR
02 17:58:12:725 Empiezo a leer forms vdinterageredur.frm
02 17:58:12:742 Termino parse forms vdinterageredur.frm
02 17:58:12:744 Ejecutando interfase VDINTERAGEREDUR

00 17:58:54:109 Fichero de log cerrado.

