00 12:50:18:502 Fichero de log abierto PID 10752

02 12:50:18:505 Intentando abrir fichero v10.ini
02 12:50:18:509 Cargando driver v10oracle funcion damedriveroracle
02 12:50:18:812 Conectado a base de datos
02 12:50:18:814 Proceso ENVIOPEDIDOS encontrado en tabla VDPROCESOS
02 12:50:19:252 Proceso ENVIOPEDIDOS cargado con función interfasesalida (Librería VDINTERFASES.DLL) direccion 0533CC80
02 12:50:19:255 PLSQL: INICIALIZADO PAQUETE DE LOG EL DIA 24-06-2022
02 12:50:19:267 Actualizado SID 134 SERIAL 59822 del proceso con PID 10752
00 12:50:19:712 Error al abrir fichero VDST.H
02 12:50:19:737 Empiezo a leer forms vdinterpedidos.frm
02 12:50:19:797 Termino parse forms vdinterpedidos.frm
02 12:50:19:797 Ejecutando interfase VDINTERPEDIDOS
00 12:50:19:805 No puedo abrir fichero D:\V10\V10DATOS\SUBIR\BELLOTA\PEDIDOS_24062022125019.TXT.TRC
00 12:50:19:805 Error ejecutando triger en bloque PEDCAB mensaje 
02 12:50:31:822 Empiezo a leer forms vdinterpedidos.frm
02 12:50:31:837 Termino parse forms vdinterpedidos.frm
02 12:50:31:837 Ejecutando interfase VDINTERPEDIDOS
00 12:50:31:854 No puedo abrir fichero D:\V10\V10DATOS\SUBIR\BELLOTA\PEDIDOS_24062022125031.TXT.TRC
00 12:50:31:854 Error ejecutando triger en bloque PEDCAB mensaje 
02 12:50:43:860 Empiezo a leer forms vdinterpedidos.frm
02 12:50:43:877 Termino parse forms vdinterpedidos.frm
02 12:50:43:877 Ejecutando interfase VDINTERPEDIDOS
00 12:50:43:877 No puedo abrir fichero D:\V10\V10DATOS\SUBIR\BELLOTA\PEDIDOS_24062022125043.TXT.TRC
00 12:50:43:877 Error ejecutando triger en bloque PEDCAB mensaje 
02 12:50:55:905 Empiezo a leer forms vdinterpedidos.frm
02 12:50:55:924 Termino parse forms vdinterpedidos.frm
02 12:50:55:924 Ejecutando interfase VDINTERPEDIDOS
00 12:50:55:924 No puedo abrir fichero D:\V10\V10DATOS\SUBIR\BELLOTA\PEDIDOS_24062022125055.TXT.TRC
00 12:50:55:924 Error ejecutando triger en bloque PEDCAB mensaje 
02 12:51:07:940 Empiezo a leer forms vdinterpedidos.frm
02 12:51:07:947 Termino parse forms vdinterpedidos.frm
02 12:51:07:947 Ejecutando interfase VDINTERPEDIDOS
00 12:51:07:962 No puedo abrir fichero D:\V10\V10DATOS\SUBIR\BELLOTA\PEDIDOS_24062022125107.TXT.TRC
00 12:51:07:962 Error ejecutando triger en bloque PEDCAB mensaje 
02 12:51:19:992 Empiezo a leer forms vdinterpedidos.frm
02 12:51:20:007 Termino parse forms vdinterpedidos.frm
02 12:51:20:007 Ejecutando interfase VDINTERPEDIDOS
00 12:51:20:007 No puedo abrir fichero D:\V10\V10DATOS\SUBIR\BELLOTA\PEDIDOS_24062022125120.TXT.TRC
00 12:51:20:007 Error ejecutando triger en bloque PEDCAB mensaje 
02 12:51:32:032 Empiezo a leer forms vdinterpedidos.frm
02 12:51:32:032 Termino parse forms vdinterpedidos.frm
02 12:51:32:032 Ejecutando interfase VDINTERPEDIDOS
00 12:51:32:047 No puedo abrir fichero D:\V10\V10DATOS\SUBIR\BELLOTA\PEDIDOS_24062022125132.TXT.TRC
00 12:51:32:047 Error ejecutando triger en bloque PEDCAB mensaje 
02 12:51:44:057 Empiezo a leer forms vdinterpedidos.frm
02 12:51:44:074 Termino parse forms vdinterpedidos.frm
02 12:51:44:074 Ejecutando interfase VDINTERPEDIDOS
00 12:51:44:074 No puedo abrir fichero D:\V10\V10DATOS\SUBIR\BELLOTA\PEDIDOS_24062022125144.TXT.TRC
00 12:51:44:074 Error ejecutando triger en bloque PEDCAB mensaje 
02 12:51:56:100 Empiezo a leer forms vdinterpedidos.frm
02 12:51:56:100 Termino parse forms vdinterpedidos.frm
02 12:51:56:100 Ejecutando interfase VDINTERPEDIDOS
00 12:51:56:117 No puedo abrir fichero D:\V10\V10DATOS\SUBIR\BELLOTA\PEDIDOS_24062022125156.TXT.TRC
00 12:51:56:117 Error ejecutando triger en bloque PEDCAB mensaje 
02 12:52:08:147 Empiezo a leer forms vdinterpedidos.frm
02 12:52:08:165 Termino parse forms vdinterpedidos.frm
02 12:52:08:167 Ejecutando interfase VDINTERPEDIDOS
00 12:52:08:177 No puedo abrir fichero D:\V10\V10DATOS\SUBIR\BELLOTA\PEDIDOS_24062022125208.TXT.TRC
00 12:52:08:177 Error ejecutando triger en bloque PEDCAB mensaje 
02 12:52:20:185 Empiezo a leer forms vdinterpedidos.frm
02 12:52:20:200 Termino parse forms vdinterpedidos.frm
02 12:52:20:205 Ejecutando interfase VDINTERPEDIDOS
00 12:52:20:205 No puedo abrir fichero D:\V10\V10DATOS\SUBIR\BELLOTA\PEDIDOS_24062022125220.TXT.TRC
00 12:52:20:205 Error ejecutando triger en bloque PEDCAB mensaje 
02 12:52:32:235 Empiezo a leer forms vdinterpedidos.frm
02 12:52:32:250 Termino parse forms vdinterpedidos.frm
02 12:52:32:250 Ejecutando interfase VDINTERPEDIDOS
00 12:52:32:250 No puedo abrir fichero D:\V10\V10DATOS\SUBIR\BELLOTA\PEDIDOS_24062022125232.TXT.TRC
00 12:52:32:250 Error ejecutando triger en bloque PEDCAB mensaje 
02 12:52:44:274 Empiezo a leer forms vdinterpedidos.frm
02 12:52:44:280 Termino parse forms vdinterpedidos.frm
02 12:52:44:280 Ejecutando interfase VDINTERPEDIDOS
00 12:52:44:284 No puedo abrir fichero D:\V10\V10DATOS\SUBIR\BELLOTA\PEDIDOS_24062022125244.TXT.TRC
00 12:52:44:284 Error ejecutando triger en bloque PEDCAB mensaje 
02 12:52:56:300 Empiezo a leer forms vdinterpedidos.frm
02 12:52:56:317 Termino parse forms vdinterpedidos.frm
02 12:52:56:317 Ejecutando interfase VDINTERPEDIDOS
00 12:52:56:317 No puedo abrir fichero D:\V10\V10DATOS\SUBIR\BELLOTA\PEDIDOS_24062022125256.TXT.TRC
00 12:52:56:317 Error ejecutando triger en bloque PEDCAB mensaje 
02 12:53:08:345 Empiezo a leer forms vdinterpedidos.frm
02 12:53:08:362 Termino parse forms vdinterpedidos.frm
02 12:53:08:362 Ejecutando interfase VDINTERPEDIDOS
00 12:53:08:362 No puedo abrir fichero D:\V10\V10DATOS\SUBIR\BELLOTA\PEDIDOS_24062022125308.TXT.TRC
00 12:53:08:362 Error ejecutando triger en bloque PEDCAB mensaje 
02 12:53:20:389 Empiezo a leer forms vdinterpedidos.frm
02 12:53:20:389 Termino parse forms vdinterpedidos.frm
02 12:53:20:389 Ejecutando interfase VDINTERPEDIDOS
00 12:53:20:389 No puedo abrir fichero D:\V10\V10DATOS\SUBIR\BELLOTA\PEDIDOS_24062022125320.TXT.TRC
00 12:53:20:389 Error ejecutando triger en bloque PEDCAB mensaje 
02 12:53:32:410 Empiezo a leer forms vdinterpedidos.frm
02 12:53:32:415 Termino parse forms vdinterpedidos.frm
02 12:53:32:415 Ejecutando interfase VDINTERPEDIDOS
00 12:53:32:415 No puedo abrir fichero D:\V10\V10DATOS\SUBIR\BELLOTA\PEDIDOS_24062022125332.TXT.TRC
00 12:53:32:415 Error ejecutando triger en bloque PEDCAB mensaje 
02 12:53:44:437 Empiezo a leer forms vdinterpedidos.frm
02 12:53:44:452 Termino parse forms vdinterpedidos.frm
02 12:53:44:452 Ejecutando interfase VDINTERPEDIDOS
00 12:53:44:452 No puedo abrir fichero D:\V10\V10DATOS\SUBIR\BELLOTA\PEDIDOS_24062022125344.TXT.TRC
00 12:53:44:452 Error ejecutando triger en bloque PEDCAB mensaje 
02 12:53:56:475 Empiezo a leer forms vdinterpedidos.frm
02 12:53:56:477 Termino parse forms vdinterpedidos.frm
02 12:53:56:477 Ejecutando interfase VDINTERPEDIDOS
00 12:53:56:477 No puedo abrir fichero D:\V10\V10DATOS\SUBIR\BELLOTA\PEDIDOS_24062022125356.TXT.TRC
00 12:53:56:477 Error ejecutando triger en bloque PEDCAB mensaje 
02 12:54:08:502 Empiezo a leer forms vdinterpedidos.frm
02 12:54:08:502 Termino parse forms vdinterpedidos.frm
02 12:54:08:502 Ejecutando interfase VDINTERPEDIDOS
00 12:54:08:502 No puedo abrir fichero D:\V10\V10DATOS\SUBIR\BELLOTA\PEDIDOS_24062022125408.TXT.TRC
00 12:54:08:502 Error ejecutando triger en bloque PEDCAB mensaje 
02 12:54:20:534 Empiezo a leer forms vdinterpedidos.frm
02 12:54:20:547 Termino parse forms vdinterpedidos.frm
02 12:54:20:547 Ejecutando interfase VDINTERPEDIDOS
00 12:54:20:555 No puedo abrir fichero D:\V10\V10DATOS\SUBIR\BELLOTA\PEDIDOS_24062022125420.TXT.TRC
00 12:54:20:555 Error ejecutando triger en bloque PEDCAB mensaje 
02 12:54:32:569 Empiezo a leer forms vdinterpedidos.frm
02 12:54:32:585 Termino parse forms vdinterpedidos.frm
02 12:54:32:585 Ejecutando interfase VDINTERPEDIDOS
00 12:54:32:587 No puedo abrir fichero D:\V10\V10DATOS\SUBIR\BELLOTA\PEDIDOS_24062022125432.TXT.TRC
00 12:54:32:587 Error ejecutando triger en bloque PEDCAB mensaje 
02 12:54:44:614 Empiezo a leer forms vdinterpedidos.frm
02 12:54:44:630 Termino parse forms vdinterpedidos.frm
02 12:54:44:630 Ejecutando interfase VDINTERPEDIDOS
00 12:54:44:630 No puedo abrir fichero D:\V10\V10DATOS\SUBIR\BELLOTA\PEDIDOS_24062022125444.TXT.TRC
00 12:54:44:630 Error ejecutando triger en bloque PEDCAB mensaje 
02 12:54:56:652 Empiezo a leer forms vdinterpedidos.frm
02 12:54:56:652 Termino parse forms vdinterpedidos.frm
02 12:54:56:652 Ejecutando interfase VDINTERPEDIDOS
00 12:54:56:669 No puedo abrir fichero D:\V10\V10DATOS\SUBIR\BELLOTA\PEDIDOS_24062022125456.TXT.TRC
00 12:54:56:669 Error ejecutando triger en bloque PEDCAB mensaje 
02 12:55:08:690 Empiezo a leer forms vdinterpedidos.frm
02 12:55:08:690 Termino parse forms vdinterpedidos.frm
02 12:55:08:690 Ejecutando interfase VDINTERPEDIDOS
00 12:55:08:707 No puedo abrir fichero D:\V10\V10DATOS\SUBIR\BELLOTA\PEDIDOS_24062022125508.TXT.TRC
00 12:55:08:707 Error ejecutando triger en bloque PEDCAB mensaje 
02 12:55:20:727 Empiezo a leer forms vdinterpedidos.frm
02 12:55:20:745 Termino parse forms vdinterpedidos.frm
02 12:55:20:745 Ejecutando interfase VDINTERPEDIDOS
00 12:55:20:752 No puedo abrir fichero D:\V10\V10DATOS\SUBIR\BELLOTA\PEDIDOS_24062022125520.TXT.TRC
00 12:55:20:752 Error ejecutando triger en bloque PEDCAB mensaje 
02 12:55:32:767 Empiezo a leer forms vdinterpedidos.frm
02 12:55:32:767 Termino parse forms vdinterpedidos.frm
02 12:55:32:767 Ejecutando interfase VDINTERPEDIDOS
00 12:55:32:782 No puedo abrir fichero D:\V10\V10DATOS\SUBIR\BELLOTA\PEDIDOS_24062022125532.TXT.TRC
00 12:55:32:782 Error ejecutando triger en bloque PEDCAB mensaje 
02 12:55:44:795 Empiezo a leer forms vdinterpedidos.frm
02 12:55:44:810 Termino parse forms vdinterpedidos.frm
02 12:55:44:810 Ejecutando interfase VDINTERPEDIDOS
00 12:55:44:810 No puedo abrir fichero D:\V10\V10DATOS\SUBIR\BELLOTA\PEDIDOS_24062022125544.TXT.TRC
00 12:55:44:810 Error ejecutando triger en bloque PEDCAB mensaje 
02 12:55:56:839 Empiezo a leer forms vdinterpedidos.frm
02 12:55:56:839 Termino parse forms vdinterpedidos.frm
02 12:55:56:839 Ejecutando interfase VDINTERPEDIDOS
00 12:55:56:855 No puedo abrir fichero D:\V10\V10DATOS\SUBIR\BELLOTA\PEDIDOS_24062022125556.TXT.TRC
00 12:55:56:855 Error ejecutando triger en bloque PEDCAB mensaje 
02 12:56:08:870 Empiezo a leer forms vdinterpedidos.frm
02 12:56:08:889 Termino parse forms vdinterpedidos.frm
02 12:56:08:889 Ejecutando interfase VDINTERPEDIDOS
00 12:56:08:889 No puedo abrir fichero D:\V10\V10DATOS\SUBIR\BELLOTA\PEDIDOS_24062022125608.TXT.TRC
00 12:56:08:889 Error ejecutando triger en bloque PEDCAB mensaje 
02 12:56:20:915 Empiezo a leer forms vdinterpedidos.frm
02 12:56:20:920 Termino parse forms vdinterpedidos.frm
02 12:56:20:920 Ejecutando interfase VDINTERPEDIDOS
00 12:56:20:935 No puedo abrir fichero D:\V10\V10DATOS\SUBIR\BELLOTA\PEDIDOS_24062022125620.TXT.TRC
00 12:56:20:935 Error ejecutando triger en bloque PEDCAB mensaje 
02 12:56:32:955 Empiezo a leer forms vdinterpedidos.frm
02 12:56:32:970 Termino parse forms vdinterpedidos.frm
02 12:56:32:970 Ejecutando interfase VDINTERPEDIDOS
00 12:56:32:970 No puedo abrir fichero D:\V10\V10DATOS\SUBIR\BELLOTA\PEDIDOS_24062022125632.TXT.TRC
00 12:56:32:987 Error ejecutando triger en bloque PEDCAB mensaje 
02 12:56:44:995 Empiezo a leer forms vdinterpedidos.frm
02 12:56:45:010 Termino parse forms vdinterpedidos.frm
02 12:56:45:010 Ejecutando interfase VDINTERPEDIDOS
00 12:56:45:010 No puedo abrir fichero D:\V10\V10DATOS\SUBIR\BELLOTA\PEDIDOS_24062022125645.TXT.TRC
00 12:56:45:010 Error ejecutando triger en bloque PEDCAB mensaje 
02 12:56:57:040 Empiezo a leer forms vdinterpedidos.frm
02 12:56:57:055 Termino parse forms vdinterpedidos.frm
02 12:56:57:055 Ejecutando interfase VDINTERPEDIDOS
00 12:56:57:055 No puedo abrir fichero D:\V10\V10DATOS\SUBIR\BELLOTA\PEDIDOS_24062022125657.TXT.TRC
00 12:56:57:070 Error ejecutando triger en bloque PEDCAB mensaje 
02 12:57:09:082 Empiezo a leer forms vdinterpedidos.frm
02 12:57:09:097 Termino parse forms vdinterpedidos.frm
02 12:57:09:097 Ejecutando interfase VDINTERPEDIDOS
00 12:57:09:097 No puedo abrir fichero D:\V10\V10DATOS\SUBIR\BELLOTA\PEDIDOS_24062022125709.TXT.TRC
00 12:57:09:097 Error ejecutando triger en bloque PEDCAB mensaje 
02 12:57:21:122 Empiezo a leer forms vdinterpedidos.frm
02 12:57:21:137 Termino parse forms vdinterpedidos.frm
02 12:57:21:137 Ejecutando interfase VDINTERPEDIDOS
00 12:57:21:142 No puedo abrir fichero D:\V10\V10DATOS\SUBIR\BELLOTA\PEDIDOS_24062022125721.TXT.TRC
00 12:57:21:142 Error ejecutando triger en bloque PEDCAB mensaje 
02 12:57:33:165 Empiezo a leer forms vdinterpedidos.frm
02 12:57:33:182 Termino parse forms vdinterpedidos.frm
02 12:57:33:182 Ejecutando interfase VDINTERPEDIDOS
00 12:57:33:187 No puedo abrir fichero D:\V10\V10DATOS\SUBIR\BELLOTA\PEDIDOS_24062022125733.TXT.TRC
00 12:57:33:189 Error ejecutando triger en bloque PEDCAB mensaje 
02 12:57:45:215 Empiezo a leer forms vdinterpedidos.frm
02 12:57:45:230 Termino parse forms vdinterpedidos.frm
02 12:57:45:230 Ejecutando interfase VDINTERPEDIDOS
00 12:57:45:230 No puedo abrir fichero D:\V10\V10DATOS\SUBIR\BELLOTA\PEDIDOS_24062022125745.TXT.TRC
00 12:57:45:230 Error ejecutando triger en bloque PEDCAB mensaje 
02 12:57:57:255 Empiezo a leer forms vdinterpedidos.frm
02 12:57:57:270 Termino parse forms vdinterpedidos.frm
02 12:57:57:270 Ejecutando interfase VDINTERPEDIDOS
00 12:57:57:270 No puedo abrir fichero D:\V10\V10DATOS\SUBIR\BELLOTA\PEDIDOS_24062022125757.TXT.TRC
00 12:57:57:287 Error ejecutando triger en bloque PEDCAB mensaje 
02 12:58:09:295 Empiezo a leer forms vdinterpedidos.frm
02 12:58:09:312 Termino parse forms vdinterpedidos.frm
02 12:58:09:312 Ejecutando interfase VDINTERPEDIDOS
00 12:58:09:312 No puedo abrir fichero D:\V10\V10DATOS\SUBIR\BELLOTA\PEDIDOS_24062022125809.TXT.TRC
00 12:58:09:312 Error ejecutando triger en bloque PEDCAB mensaje 
02 12:58:21:345 Empiezo a leer forms vdinterpedidos.frm
02 12:58:21:360 Termino parse forms vdinterpedidos.frm
02 12:58:21:360 Ejecutando interfase VDINTERPEDIDOS
00 12:58:21:360 No puedo abrir fichero D:\V10\V10DATOS\SUBIR\BELLOTA\PEDIDOS_24062022125821.TXT.TRC
00 12:58:21:360 Error ejecutando triger en bloque PEDCAB mensaje 
02 12:58:33:385 Empiezo a leer forms vdinterpedidos.frm
02 12:58:33:400 Termino parse forms vdinterpedidos.frm
02 12:58:33:400 Ejecutando interfase VDINTERPEDIDOS
00 12:58:33:405 No puedo abrir fichero D:\V10\V10DATOS\SUBIR\BELLOTA\PEDIDOS_24062022125833.TXT.TRC
00 12:58:33:405 Error ejecutando triger en bloque PEDCAB mensaje 
02 12:58:45:422 Empiezo a leer forms vdinterpedidos.frm
02 12:58:45:437 Termino parse forms vdinterpedidos.frm
02 12:58:45:437 Ejecutando interfase VDINTERPEDIDOS
00 12:58:45:442 No puedo abrir fichero D:\V10\V10DATOS\SUBIR\BELLOTA\PEDIDOS_24062022125845.TXT.TRC
00 12:58:45:442 Error ejecutando triger en bloque PEDCAB mensaje 
02 12:58:57:462 Empiezo a leer forms vdinterpedidos.frm
02 12:58:57:479 Termino parse forms vdinterpedidos.frm
02 12:58:57:479 Ejecutando interfase VDINTERPEDIDOS
00 12:58:57:479 No puedo abrir fichero D:\V10\V10DATOS\SUBIR\BELLOTA\PEDIDOS_24062022125857.TXT.TRC
00 12:58:57:479 Error ejecutando triger en bloque PEDCAB mensaje 
02 12:59:09:502 Empiezo a leer forms vdinterpedidos.frm
02 12:59:09:502 Termino parse forms vdinterpedidos.frm
02 12:59:09:502 Ejecutando interfase VDINTERPEDIDOS
00 12:59:09:519 No puedo abrir fichero D:\V10\V10DATOS\SUBIR\BELLOTA\PEDIDOS_24062022125909.TXT.TRC
00 12:59:09:519 Error ejecutando triger en bloque PEDCAB mensaje 
02 12:59:21:540 Empiezo a leer forms vdinterpedidos.frm
02 12:59:21:540 Termino parse forms vdinterpedidos.frm
02 12:59:21:540 Ejecutando interfase VDINTERPEDIDOS
00 12:59:21:540 No puedo abrir fichero D:\V10\V10DATOS\SUBIR\BELLOTA\PEDIDOS_24062022125921.TXT.TRC
00 12:59:21:540 Error ejecutando triger en bloque PEDCAB mensaje 
02 12:59:33:567 Empiezo a leer forms vdinterpedidos.frm
02 12:59:33:584 Termino parse forms vdinterpedidos.frm
02 12:59:33:584 Ejecutando interfase VDINTERPEDIDOS
00 12:59:33:584 No puedo abrir fichero D:\V10\V10DATOS\SUBIR\BELLOTA\PEDIDOS_24062022125933.TXT.TRC
00 12:59:33:584 Error ejecutando triger en bloque PEDCAB mensaje 
02 12:59:45:619 Empiezo a leer forms vdinterpedidos.frm
02 12:59:45:632 Termino parse forms vdinterpedidos.frm
02 12:59:45:632 Ejecutando interfase VDINTERPEDIDOS
00 12:59:45:640 No puedo abrir fichero D:\V10\V10DATOS\SUBIR\BELLOTA\PEDIDOS_24062022125945.TXT.TRC
00 12:59:45:640 Error ejecutando triger en bloque PEDCAB mensaje 
02 12:59:57:655 Empiezo a leer forms vdinterpedidos.frm
02 12:59:57:675 Termino parse forms vdinterpedidos.frm
02 12:59:57:675 Ejecutando interfase VDINTERPEDIDOS
00 12:59:57:685 No puedo abrir fichero D:\V10\V10DATOS\SUBIR\BELLOTA\PEDIDOS_24062022125957.TXT.TRC
00 12:59:57:685 Error ejecutando triger en bloque PEDCAB mensaje 
02 13:00:09:704 Empiezo a leer forms vdinterpedidos.frm
02 13:00:09:725 Termino parse forms vdinterpedidos.frm
02 13:00:09:725 Ejecutando interfase VDINTERPEDIDOS
00 13:00:09:732 No puedo abrir fichero D:\V10\V10DATOS\SUBIR\BELLOTA\PEDIDOS_24062022130009.TXT.TRC
00 13:00:09:732 Error ejecutando triger en bloque PEDCAB mensaje 
02 13:00:21:747 Empiezo a leer forms vdinterpedidos.frm
02 13:00:21:762 Termino parse forms vdinterpedidos.frm
02 13:00:21:762 Ejecutando interfase VDINTERPEDIDOS
00 13:00:21:762 No puedo abrir fichero D:\V10\V10DATOS\SUBIR\BELLOTA\PEDIDOS_24062022130021.TXT.TRC
00 13:00:21:779 Error ejecutando triger en bloque PEDCAB mensaje 
02 13:00:33:795 Empiezo a leer forms vdinterpedidos.frm
02 13:00:33:804 Termino parse forms vdinterpedidos.frm
02 13:00:33:805 Ejecutando interfase VDINTERPEDIDOS
00 13:00:33:810 No puedo abrir fichero D:\V10\V10DATOS\SUBIR\BELLOTA\PEDIDOS_24062022130033.TXT.TRC
00 13:00:33:812 Error ejecutando triger en bloque PEDCAB mensaje 
02 13:00:45:820 Empiezo a leer forms vdinterpedidos.frm
02 13:00:45:837 Termino parse forms vdinterpedidos.frm
02 13:00:45:837 Ejecutando interfase VDINTERPEDIDOS
00 13:00:45:839 No puedo abrir fichero D:\V10\V10DATOS\SUBIR\BELLOTA\PEDIDOS_24062022130045.TXT.TRC
00 13:00:45:839 Error ejecutando triger en bloque PEDCAB mensaje 
02 13:00:57:857 Empiezo a leer forms vdinterpedidos.frm
02 13:00:57:867 Termino parse forms vdinterpedidos.frm
02 13:00:57:867 Ejecutando interfase VDINTERPEDIDOS
00 13:00:57:874 No puedo abrir fichero D:\V10\V10DATOS\SUBIR\BELLOTA\PEDIDOS_24062022130057.TXT.TRC
00 13:00:57:875 Error ejecutando triger en bloque PEDCAB mensaje 
02 13:01:09:892 Empiezo a leer forms vdinterpedidos.frm
02 13:01:09:904 Termino parse forms vdinterpedidos.frm
02 13:01:09:904 Ejecutando interfase VDINTERPEDIDOS
00 13:01:09:910 No puedo abrir fichero D:\V10\V10DATOS\SUBIR\BELLOTA\PEDIDOS_24062022130109.TXT.TRC
00 13:01:09:910 Error ejecutando triger en bloque PEDCAB mensaje 
02 13:01:21:922 Empiezo a leer forms vdinterpedidos.frm
02 13:01:21:935 Termino parse forms vdinterpedidos.frm
02 13:01:21:935 Ejecutando interfase VDINTERPEDIDOS
00 13:01:21:942 No puedo abrir fichero D:\V10\V10DATOS\SUBIR\BELLOTA\PEDIDOS_24062022130121.TXT.TRC
00 13:01:21:944 Error ejecutando triger en bloque PEDCAB mensaje 
02 13:01:33:957 Empiezo a leer forms vdinterpedidos.frm
02 13:01:33:972 Termino parse forms vdinterpedidos.frm
02 13:01:33:972 Ejecutando interfase VDINTERPEDIDOS
00 13:01:33:972 No puedo abrir fichero D:\V10\V10DATOS\SUBIR\BELLOTA\PEDIDOS_24062022130133.TXT.TRC
00 13:01:33:972 Error ejecutando triger en bloque PEDCAB mensaje 
02 13:01:45:994 Empiezo a leer forms vdinterpedidos.frm
02 13:01:46:012 Termino parse forms vdinterpedidos.frm
02 13:01:46:012 Ejecutando interfase VDINTERPEDIDOS
00 13:01:46:017 No puedo abrir fichero D:\V10\V10DATOS\SUBIR\BELLOTA\PEDIDOS_24062022130146.TXT.TRC
00 13:01:46:019 Error ejecutando triger en bloque PEDCAB mensaje 
02 13:01:58:030 Empiezo a leer forms vdinterpedidos.frm
02 13:01:58:047 Termino parse forms vdinterpedidos.frm
02 13:01:58:047 Ejecutando interfase VDINTERPEDIDOS
00 13:01:58:047 No puedo abrir fichero D:\V10\V10DATOS\SUBIR\BELLOTA\PEDIDOS_24062022130158.TXT.TRC
00 13:01:58:047 Error ejecutando triger en bloque PEDCAB mensaje 
02 13:02:10:075 Empiezo a leer forms vdinterpedidos.frm
02 13:02:10:090 Termino parse forms vdinterpedidos.frm
02 13:02:10:090 Ejecutando interfase VDINTERPEDIDOS
00 13:02:10:090 No puedo abrir fichero D:\V10\V10DATOS\SUBIR\BELLOTA\PEDIDOS_24062022130210.TXT.TRC
00 13:02:10:090 Error ejecutando triger en bloque PEDCAB mensaje 
02 13:02:22:109 Empiezo a leer forms vdinterpedidos.frm
02 13:02:22:115 Termino parse forms vdinterpedidos.frm
02 13:02:22:115 Ejecutando interfase VDINTERPEDIDOS
00 13:02:22:130 No puedo abrir fichero D:\V10\V10DATOS\SUBIR\BELLOTA\PEDIDOS_24062022130222.TXT.TRC
00 13:02:22:130 Error ejecutando triger en bloque PEDCAB mensaje 
02 13:02:34:160 Empiezo a leer forms vdinterpedidos.frm
02 13:02:34:175 Termino parse forms vdinterpedidos.frm
02 13:02:34:175 Ejecutando interfase VDINTERPEDIDOS
00 13:02:34:175 No puedo abrir fichero D:\V10\V10DATOS\SUBIR\BELLOTA\PEDIDOS_24062022130234.TXT.TRC
00 13:02:34:175 Error ejecutando triger en bloque PEDCAB mensaje 
02 13:02:46:204 Empiezo a leer forms vdinterpedidos.frm
02 13:02:46:204 Termino parse forms vdinterpedidos.frm
02 13:02:46:204 Ejecutando interfase VDINTERPEDIDOS
00 13:02:46:220 No puedo abrir fichero D:\V10\V10DATOS\SUBIR\BELLOTA\PEDIDOS_24062022130246.TXT.TRC
00 13:02:46:220 Error ejecutando triger en bloque PEDCAB mensaje 
02 13:02:58:237 Empiezo a leer forms vdinterpedidos.frm
02 13:02:58:254 Termino parse forms vdinterpedidos.frm
02 13:02:58:254 Ejecutando interfase VDINTERPEDIDOS
00 13:02:58:254 No puedo abrir fichero D:\V10\V10DATOS\SUBIR\BELLOTA\PEDIDOS_24062022130258.TXT.TRC
00 13:02:58:269 Error ejecutando triger en bloque PEDCAB mensaje 
02 13:03:10:277 Empiezo a leer forms vdinterpedidos.frm
02 13:03:10:292 Termino parse forms vdinterpedidos.frm
02 13:03:10:292 Ejecutando interfase VDINTERPEDIDOS
00 13:03:10:292 No puedo abrir fichero D:\V10\V10DATOS\SUBIR\BELLOTA\PEDIDOS_24062022130310.TXT.TRC
00 13:03:10:309 Error ejecutando triger en bloque PEDCAB mensaje 
02 13:03:22:320 Empiezo a leer forms vdinterpedidos.frm
02 13:03:22:327 Termino parse forms vdinterpedidos.frm
02 13:03:22:327 Ejecutando interfase VDINTERPEDIDOS
00 13:03:22:342 No puedo abrir fichero D:\V10\V10DATOS\SUBIR\BELLOTA\PEDIDOS_24062022130322.TXT.TRC
00 13:03:22:342 Error ejecutando triger en bloque PEDCAB mensaje 
02 13:03:34:359 Empiezo a leer forms vdinterpedidos.frm
02 13:03:34:364 Termino parse forms vdinterpedidos.frm
02 13:03:34:364 Ejecutando interfase VDINTERPEDIDOS
00 13:03:34:380 No puedo abrir fichero D:\V10\V10DATOS\SUBIR\BELLOTA\PEDIDOS_24062022130334.TXT.TRC
00 13:03:34:380 Error ejecutando triger en bloque PEDCAB mensaje 
02 13:03:46:400 Empiezo a leer forms vdinterpedidos.frm
02 13:03:46:417 Termino parse forms vdinterpedidos.frm
02 13:03:46:417 Ejecutando interfase VDINTERPEDIDOS
00 13:03:46:420 No puedo abrir fichero D:\V10\V10DATOS\SUBIR\BELLOTA\PEDIDOS_24062022130346.TXT.TRC
00 13:03:46:420 Error ejecutando triger en bloque PEDCAB mensaje 
02 13:03:58:440 Empiezo a leer forms vdinterpedidos.frm
02 13:03:58:445 Termino parse forms vdinterpedidos.frm
02 13:03:58:445 Ejecutando interfase VDINTERPEDIDOS
00 13:03:58:462 No puedo abrir fichero D:\V10\V10DATOS\SUBIR\BELLOTA\PEDIDOS_24062022130358.TXT.TRC
00 13:03:58:462 Error ejecutando triger en bloque PEDCAB mensaje 
02 13:04:10:492 Empiezo a leer forms vdinterpedidos.frm
02 13:04:10:507 Termino parse forms vdinterpedidos.frm
02 13:04:10:507 Ejecutando interfase VDINTERPEDIDOS
00 13:04:10:507 No puedo abrir fichero D:\V10\V10DATOS\SUBIR\BELLOTA\PEDIDOS_24062022130410.TXT.TRC
00 13:04:10:522 Error ejecutando triger en bloque PEDCAB mensaje 
02 13:04:22:535 Empiezo a leer forms vdinterpedidos.frm
02 13:04:22:552 Termino parse forms vdinterpedidos.frm
02 13:04:22:552 Ejecutando interfase VDINTERPEDIDOS
00 13:04:22:552 No puedo abrir fichero D:\V10\V10DATOS\SUBIR\BELLOTA\PEDIDOS_24062022130422.TXT.TRC
00 13:04:22:552 Error ejecutando triger en bloque PEDCAB mensaje 
02 13:04:34:579 Empiezo a leer forms vdinterpedidos.frm
02 13:04:34:595 Termino parse forms vdinterpedidos.frm
02 13:04:34:595 Ejecutando interfase VDINTERPEDIDOS
00 13:04:34:595 No puedo abrir fichero D:\V10\V10DATOS\SUBIR\BELLOTA\PEDIDOS_24062022130434.TXT.TRC
00 13:04:34:595 Error ejecutando triger en bloque PEDCAB mensaje 
02 13:04:46:629 Empiezo a leer forms vdinterpedidos.frm
02 13:04:46:644 Termino parse forms vdinterpedidos.frm
02 13:04:46:644 Ejecutando interfase VDINTERPEDIDOS
00 13:04:46:655 No puedo abrir fichero D:\V10\V10DATOS\SUBIR\BELLOTA\PEDIDOS_24062022130446.TXT.TRC
00 13:04:46:655 Error ejecutando triger en bloque PEDCAB mensaje 
02 13:04:58:675 Empiezo a leer forms vdinterpedidos.frm
02 13:04:58:680 Termino parse forms vdinterpedidos.frm
02 13:04:58:680 Ejecutando interfase VDINTERPEDIDOS
00 13:04:58:697 No puedo abrir fichero D:\V10\V10DATOS\SUBIR\BELLOTA\PEDIDOS_24062022130458.TXT.TRC
00 13:04:58:697 Error ejecutando triger en bloque PEDCAB mensaje 
02 13:05:10:722 Empiezo a leer forms vdinterpedidos.frm
02 13:05:10:739 Termino parse forms vdinterpedidos.frm
02 13:05:10:739 Ejecutando interfase VDINTERPEDIDOS
00 13:05:10:745 No puedo abrir fichero D:\V10\V10DATOS\SUBIR\BELLOTA\PEDIDOS_24062022130510.TXT.TRC
00 13:05:10:747 Error ejecutando triger en bloque PEDCAB mensaje 
02 13:05:22:762 Empiezo a leer forms vdinterpedidos.frm
02 13:05:22:777 Termino parse forms vdinterpedidos.frm
02 13:05:22:777 Ejecutando interfase VDINTERPEDIDOS
00 13:05:22:777 No puedo abrir fichero D:\V10\V10DATOS\SUBIR\BELLOTA\PEDIDOS_24062022130522.TXT.TRC
00 13:05:22:777 Error ejecutando triger en bloque PEDCAB mensaje 
02 13:05:34:804 Empiezo a leer forms vdinterpedidos.frm
02 13:05:34:820 Termino parse forms vdinterpedidos.frm
02 13:05:34:820 Ejecutando interfase VDINTERPEDIDOS
00 13:05:34:820 No puedo abrir fichero D:\V10\V10DATOS\SUBIR\BELLOTA\PEDIDOS_24062022130534.TXT.TRC
00 13:05:34:820 Error ejecutando triger en bloque PEDCAB mensaje 
02 13:05:46:847 Empiezo a leer forms vdinterpedidos.frm
02 13:05:46:862 Termino parse forms vdinterpedidos.frm
02 13:05:46:862 Ejecutando interfase VDINTERPEDIDOS
00 13:05:46:862 No puedo abrir fichero D:\V10\V10DATOS\SUBIR\BELLOTA\PEDIDOS_24062022130546.TXT.TRC
00 13:05:46:862 Error ejecutando triger en bloque PEDCAB mensaje 
02 13:05:58:892 Empiezo a leer forms vdinterpedidos.frm
02 13:05:58:909 Termino parse forms vdinterpedidos.frm
02 13:05:58:909 Ejecutando interfase VDINTERPEDIDOS
00 13:05:58:914 No puedo abrir fichero D:\V10\V10DATOS\SUBIR\BELLOTA\PEDIDOS_24062022130558.TXT.TRC
00 13:05:58:914 Error ejecutando triger en bloque PEDCAB mensaje 
02 13:06:10:935 Empiezo a leer forms vdinterpedidos.frm
02 13:06:10:955 Termino parse forms vdinterpedidos.frm
02 13:06:10:955 Ejecutando interfase VDINTERPEDIDOS
00 13:06:10:955 No puedo abrir fichero D:\V10\V10DATOS\SUBIR\BELLOTA\PEDIDOS_24062022130610.TXT.TRC
00 13:06:10:955 Error ejecutando triger en bloque PEDCAB mensaje 
02 13:06:22:982 Empiezo a leer forms vdinterpedidos.frm
02 13:06:22:997 Termino parse forms vdinterpedidos.frm
02 13:06:22:997 Ejecutando interfase VDINTERPEDIDOS
00 13:06:22:997 No puedo abrir fichero D:\V10\V10DATOS\SUBIR\BELLOTA\PEDIDOS_24062022130622.TXT.TRC
00 13:06:22:997 Error ejecutando triger en bloque PEDCAB mensaje 
02 13:06:35:025 Empiezo a leer forms vdinterpedidos.frm
02 13:06:35:040 Termino parse forms vdinterpedidos.frm
02 13:06:35:040 Ejecutando interfase VDINTERPEDIDOS
00 13:06:35:040 No puedo abrir fichero D:\V10\V10DATOS\SUBIR\BELLOTA\PEDIDOS_24062022130635.TXT.TRC
00 13:06:35:040 Error ejecutando triger en bloque PEDCAB mensaje 
02 13:06:47:062 Empiezo a leer forms vdinterpedidos.frm
02 13:06:47:079 Termino parse forms vdinterpedidos.frm
02 13:06:47:079 Ejecutando interfase VDINTERPEDIDOS
00 13:06:47:079 No puedo abrir fichero D:\V10\V10DATOS\SUBIR\BELLOTA\PEDIDOS_24062022130647.TXT.TRC
00 13:06:47:079 Error ejecutando triger en bloque PEDCAB mensaje 
02 13:06:59:110 Empiezo a leer forms vdinterpedidos.frm
02 13:06:59:125 Termino parse forms vdinterpedidos.frm
02 13:06:59:125 Ejecutando interfase VDINTERPEDIDOS
00 13:06:59:125 No puedo abrir fichero D:\V10\V10DATOS\SUBIR\BELLOTA\PEDIDOS_24062022130659.TXT.TRC
00 13:06:59:142 Error ejecutando triger en bloque PEDCAB mensaje 
02 13:07:11:150 Empiezo a leer forms vdinterpedidos.frm
02 13:07:11:165 Termino parse forms vdinterpedidos.frm
02 13:07:11:165 Ejecutando interfase VDINTERPEDIDOS
00 13:07:11:170 No puedo abrir fichero D:\V10\V10DATOS\SUBIR\BELLOTA\PEDIDOS_24062022130711.TXT.TRC
00 13:07:11:170 Error ejecutando triger en bloque PEDCAB mensaje 
02 13:07:23:182 Empiezo a leer forms vdinterpedidos.frm
02 13:07:23:195 Termino parse forms vdinterpedidos.frm
02 13:07:23:195 Ejecutando interfase VDINTERPEDIDOS
00 13:07:23:210 No puedo abrir fichero D:\V10\V10DATOS\SUBIR\BELLOTA\PEDIDOS_24062022130723.TXT.TRC
00 13:07:23:210 Error ejecutando triger en bloque PEDCAB mensaje 
02 13:07:35:237 Empiezo a leer forms vdinterpedidos.frm
02 13:07:35:252 Termino parse forms vdinterpedidos.frm
02 13:07:35:252 Ejecutando interfase VDINTERPEDIDOS
00 13:07:35:252 No puedo abrir fichero D:\V10\V10DATOS\SUBIR\BELLOTA\PEDIDOS_24062022130735.TXT.TRC
00 13:07:35:252 Error ejecutando triger en bloque PEDCAB mensaje 
02 13:07:47:279 Empiezo a leer forms vdinterpedidos.frm
02 13:07:47:299 Termino parse forms vdinterpedidos.frm
02 13:07:47:299 Ejecutando interfase VDINTERPEDIDOS
00 13:07:47:302 No puedo abrir fichero D:\V10\V10DATOS\SUBIR\BELLOTA\PEDIDOS_24062022130747.TXT.TRC
00 13:07:47:302 Error ejecutando triger en bloque PEDCAB mensaje 
02 13:07:59:320 Empiezo a leer forms vdinterpedidos.frm
02 13:07:59:342 Termino parse forms vdinterpedidos.frm
02 13:07:59:342 Ejecutando interfase VDINTERPEDIDOS
00 13:07:59:344 No puedo abrir fichero D:\V10\V10DATOS\SUBIR\BELLOTA\PEDIDOS_24062022130759.TXT.TRC
00 13:07:59:344 Error ejecutando triger en bloque PEDCAB mensaje 
02 13:08:11:362 Empiezo a leer forms vdinterpedidos.frm
02 13:08:11:379 Termino parse forms vdinterpedidos.frm
02 13:08:11:379 Ejecutando interfase VDINTERPEDIDOS
00 13:08:11:379 No puedo abrir fichero D:\V10\V10DATOS\SUBIR\BELLOTA\PEDIDOS_24062022130811.TXT.TRC
00 13:08:11:379 Error ejecutando triger en bloque PEDCAB mensaje 
02 13:08:23:399 Empiezo a leer forms vdinterpedidos.frm
02 13:08:23:414 Termino parse forms vdinterpedidos.frm
02 13:08:23:414 Ejecutando interfase VDINTERPEDIDOS
00 13:08:23:414 No puedo abrir fichero D:\V10\V10DATOS\SUBIR\BELLOTA\PEDIDOS_24062022130823.TXT.TRC
00 13:08:23:429 Error ejecutando triger en bloque PEDCAB mensaje 
02 13:08:35:445 Empiezo a leer forms vdinterpedidos.frm
02 13:08:35:452 Termino parse forms vdinterpedidos.frm
02 13:08:35:452 Ejecutando interfase VDINTERPEDIDOS
00 13:08:35:467 No puedo abrir fichero D:\V10\V10DATOS\SUBIR\BELLOTA\PEDIDOS_24062022130835.TXT.TRC
00 13:08:35:467 Error ejecutando triger en bloque PEDCAB mensaje 
02 13:08:47:490 Empiezo a leer forms vdinterpedidos.frm
02 13:08:47:507 Termino parse forms vdinterpedidos.frm
02 13:08:47:507 Ejecutando interfase VDINTERPEDIDOS
00 13:08:47:507 No puedo abrir fichero D:\V10\V10DATOS\SUBIR\BELLOTA\PEDIDOS_24062022130847.TXT.TRC
00 13:08:47:522 Error ejecutando triger en bloque PEDCAB mensaje 
02 13:08:59:530 Empiezo a leer forms vdinterpedidos.frm
02 13:08:59:545 Termino parse forms vdinterpedidos.frm
02 13:08:59:545 Ejecutando interfase VDINTERPEDIDOS
00 13:08:59:545 No puedo abrir fichero D:\V10\V10DATOS\SUBIR\BELLOTA\PEDIDOS_24062022130859.TXT.TRC
00 13:08:59:545 Error ejecutando triger en bloque PEDCAB mensaje 
02 13:09:11:574 Empiezo a leer forms vdinterpedidos.frm
02 13:09:11:589 Termino parse forms vdinterpedidos.frm
02 13:09:11:589 Ejecutando interfase VDINTERPEDIDOS
00 13:09:11:589 No puedo abrir fichero D:\V10\V10DATOS\SUBIR\BELLOTA\PEDIDOS_24062022130911.TXT.TRC
00 13:09:11:589 Error ejecutando triger en bloque PEDCAB mensaje 
02 13:09:23:612 Empiezo a leer forms vdinterpedidos.frm
02 13:09:23:630 Termino parse forms vdinterpedidos.frm
02 13:09:23:630 Ejecutando interfase VDINTERPEDIDOS
00 13:09:23:630 No puedo abrir fichero D:\V10\V10DATOS\SUBIR\BELLOTA\PEDIDOS_24062022130923.TXT.TRC
00 13:09:23:630 Error ejecutando triger en bloque PEDCAB mensaje 
02 13:09:35:660 Empiezo a leer forms vdinterpedidos.frm
02 13:09:35:672 Termino parse forms vdinterpedidos.frm
02 13:09:35:672 Ejecutando interfase VDINTERPEDIDOS
00 13:09:35:689 No puedo abrir fichero D:\V10\V10DATOS\SUBIR\BELLOTA\PEDIDOS_24062022130935.TXT.TRC
00 13:09:35:689 Error ejecutando triger en bloque PEDCAB mensaje 
02 13:09:47:709 Empiezo a leer forms vdinterpedidos.frm
02 13:09:47:725 Termino parse forms vdinterpedidos.frm
02 13:09:47:725 Ejecutando interfase VDINTERPEDIDOS
00 13:09:47:725 No puedo abrir fichero D:\V10\V10DATOS\SUBIR\BELLOTA\PEDIDOS_24062022130947.TXT.TRC
00 13:09:47:740 Error ejecutando triger en bloque PEDCAB mensaje 
02 13:09:59:754 Empiezo a leer forms vdinterpedidos.frm
02 13:09:59:770 Termino parse forms vdinterpedidos.frm
02 13:09:59:770 Ejecutando interfase VDINTERPEDIDOS
00 13:09:59:770 No puedo abrir fichero D:\V10\V10DATOS\SUBIR\BELLOTA\PEDIDOS_24062022130959.TXT.TRC
00 13:09:59:770 Error ejecutando triger en bloque PEDCAB mensaje 
02 13:10:11:790 Empiezo a leer forms vdinterpedidos.frm
02 13:10:11:807 Termino parse forms vdinterpedidos.frm
02 13:10:11:807 Ejecutando interfase VDINTERPEDIDOS
00 13:10:11:824 No puedo abrir fichero D:\V10\V10DATOS\SUBIR\BELLOTA\PEDIDOS_24062022131011.TXT.TRC
00 13:10:11:824 Error ejecutando triger en bloque PEDCAB mensaje 
02 13:10:23:840 Empiezo a leer forms vdinterpedidos.frm
02 13:10:23:860 Termino parse forms vdinterpedidos.frm
02 13:10:23:860 Ejecutando interfase VDINTERPEDIDOS
00 13:10:23:860 No puedo abrir fichero D:\V10\V10DATOS\SUBIR\BELLOTA\PEDIDOS_24062022131023.TXT.TRC
00 13:10:23:860 Error ejecutando triger en bloque PEDCAB mensaje 
02 13:10:35:895 Empiezo a leer forms vdinterpedidos.frm
02 13:10:35:912 Termino parse forms vdinterpedidos.frm
02 13:10:35:912 Ejecutando interfase VDINTERPEDIDOS
00 13:10:35:912 No puedo abrir fichero D:\V10\V10DATOS\SUBIR\BELLOTA\PEDIDOS_24062022131035.TXT.TRC
00 13:10:35:912 Error ejecutando triger en bloque PEDCAB mensaje 
02 13:10:47:937 Empiezo a leer forms vdinterpedidos.frm
02 13:10:47:954 Termino parse forms vdinterpedidos.frm
02 13:10:47:954 Ejecutando interfase VDINTERPEDIDOS
00 13:10:47:954 No puedo abrir fichero D:\V10\V10DATOS\SUBIR\BELLOTA\PEDIDOS_24062022131047.TXT.TRC
00 13:10:47:954 Error ejecutando triger en bloque PEDCAB mensaje 
02 13:10:59:985 Empiezo a leer forms vdinterpedidos.frm
02 13:11:00:002 Termino parse forms vdinterpedidos.frm
02 13:11:00:002 Ejecutando interfase VDINTERPEDIDOS
00 13:11:00:002 No puedo abrir fichero D:\V10\V10DATOS\SUBIR\BELLOTA\PEDIDOS_24062022131100.TXT.TRC
00 13:11:00:002 Error ejecutando triger en bloque PEDCAB mensaje 
02 13:11:12:027 Empiezo a leer forms vdinterpedidos.frm
02 13:11:12:044 Termino parse forms vdinterpedidos.frm
02 13:11:12:045 Ejecutando interfase VDINTERPEDIDOS
00 13:11:12:045 No puedo abrir fichero D:\V10\V10DATOS\SUBIR\BELLOTA\PEDIDOS_24062022131112.TXT.TRC
00 13:11:12:045 Error ejecutando triger en bloque PEDCAB mensaje 
02 13:11:24:065 Empiezo a leer forms vdinterpedidos.frm
02 13:11:24:065 Termino parse forms vdinterpedidos.frm
02 13:11:24:065 Ejecutando interfase VDINTERPEDIDOS
00 13:11:24:082 No puedo abrir fichero D:\V10\V10DATOS\SUBIR\BELLOTA\PEDIDOS_24062022131124.TXT.TRC
00 13:11:24:082 Error ejecutando triger en bloque PEDCAB mensaje 
02 13:11:36:087 Empiezo a leer forms vdinterpedidos.frm
02 13:11:36:104 Termino parse forms vdinterpedidos.frm
02 13:11:36:104 Ejecutando interfase VDINTERPEDIDOS
00 13:11:36:104 No puedo abrir fichero D:\V10\V10DATOS\SUBIR\BELLOTA\PEDIDOS_24062022131136.TXT.TRC
00 13:11:36:104 Error ejecutando triger en bloque PEDCAB mensaje 
02 13:11:48:129 Empiezo a leer forms vdinterpedidos.frm
02 13:11:48:145 Termino parse forms vdinterpedidos.frm
02 13:11:48:145 Ejecutando interfase VDINTERPEDIDOS
00 13:11:48:145 No puedo abrir fichero D:\V10\V10DATOS\SUBIR\BELLOTA\PEDIDOS_24062022131148.TXT.TRC
00 13:11:48:145 Error ejecutando triger en bloque PEDCAB mensaje 
02 13:12:00:180 Empiezo a leer forms vdinterpedidos.frm
02 13:12:00:197 Termino parse forms vdinterpedidos.frm
02 13:12:00:197 Ejecutando interfase VDINTERPEDIDOS
00 13:12:00:197 No puedo abrir fichero D:\V10\V10DATOS\SUBIR\BELLOTA\PEDIDOS_24062022131200.TXT.TRC
00 13:12:00:197 Error ejecutando triger en bloque PEDCAB mensaje 
02 13:12:12:232 Empiezo a leer forms vdinterpedidos.frm
02 13:12:12:247 Termino parse forms vdinterpedidos.frm
02 13:12:12:247 Ejecutando interfase VDINTERPEDIDOS
00 13:12:12:247 No puedo abrir fichero D:\V10\V10DATOS\SUBIR\BELLOTA\PEDIDOS_24062022131212.TXT.TRC
00 13:12:12:262 Error ejecutando triger en bloque PEDCAB mensaje 
02 13:12:24:284 Empiezo a leer forms vdinterpedidos.frm
02 13:12:24:294 Termino parse forms vdinterpedidos.frm
02 13:12:24:294 Ejecutando interfase VDINTERPEDIDOS
00 13:12:24:297 No puedo abrir fichero D:\V10\V10DATOS\SUBIR\BELLOTA\PEDIDOS_24062022131224.TXT.TRC
00 13:12:24:299 Error ejecutando triger en bloque PEDCAB mensaje 
02 13:12:36:319 Empiezo a leer forms vdinterpedidos.frm
02 13:12:36:325 Termino parse forms vdinterpedidos.frm
02 13:12:36:325 Ejecutando interfase VDINTERPEDIDOS
00 13:12:36:340 No puedo abrir fichero D:\V10\V10DATOS\SUBIR\BELLOTA\PEDIDOS_24062022131236.TXT.TRC
00 13:12:36:340 Error ejecutando triger en bloque PEDCAB mensaje 
02 13:12:48:367 Empiezo a leer forms vdinterpedidos.frm
02 13:12:48:385 Termino parse forms vdinterpedidos.frm
02 13:12:48:387 Ejecutando interfase VDINTERPEDIDOS
00 13:12:48:390 No puedo abrir fichero D:\V10\V10DATOS\SUBIR\BELLOTA\PEDIDOS_24062022131248.TXT.TRC
00 13:12:48:392 Error ejecutando triger en bloque PEDCAB mensaje 
02 13:13:00:394 Empiezo a leer forms vdinterpedidos.frm
02 13:13:00:410 Termino parse forms vdinterpedidos.frm
02 13:13:00:410 Ejecutando interfase VDINTERPEDIDOS
00 13:13:00:410 No puedo abrir fichero D:\V10\V10DATOS\SUBIR\BELLOTA\PEDIDOS_24062022131300.TXT.TRC
00 13:13:00:410 Error ejecutando triger en bloque PEDCAB mensaje 
02 13:13:12:434 Empiezo a leer forms vdinterpedidos.frm
02 13:13:12:449 Termino parse forms vdinterpedidos.frm
02 13:13:12:449 Ejecutando interfase VDINTERPEDIDOS
00 13:13:12:449 No puedo abrir fichero D:\V10\V10DATOS\SUBIR\BELLOTA\PEDIDOS_24062022131312.TXT.TRC
00 13:13:12:449 Error ejecutando triger en bloque PEDCAB mensaje 
02 13:13:24:474 Empiezo a leer forms vdinterpedidos.frm
02 13:13:24:489 Termino parse forms vdinterpedidos.frm
02 13:13:24:489 Ejecutando interfase VDINTERPEDIDOS
00 13:13:24:489 No puedo abrir fichero D:\V10\V10DATOS\SUBIR\BELLOTA\PEDIDOS_24062022131324.TXT.TRC
00 13:13:24:505 Error ejecutando triger en bloque PEDCAB mensaje 
02 13:13:36:520 Empiezo a leer forms vdinterpedidos.frm
02 13:13:36:535 Termino parse forms vdinterpedidos.frm
02 13:13:36:535 Ejecutando interfase VDINTERPEDIDOS
00 13:13:36:535 No puedo abrir fichero D:\V10\V10DATOS\SUBIR\BELLOTA\PEDIDOS_24062022131336.TXT.TRC
00 13:13:36:535 Error ejecutando triger en bloque PEDCAB mensaje 
02 13:13:48:574 Empiezo a leer forms vdinterpedidos.frm
02 13:13:48:579 Termino parse forms vdinterpedidos.frm
02 13:13:48:579 Ejecutando interfase VDINTERPEDIDOS
00 13:13:48:595 No puedo abrir fichero D:\V10\V10DATOS\SUBIR\BELLOTA\PEDIDOS_24062022131348.TXT.TRC
00 13:13:48:595 Error ejecutando triger en bloque PEDCAB mensaje 
02 13:14:00:620 Empiezo a leer forms vdinterpedidos.frm
02 13:14:00:635 Termino parse forms vdinterpedidos.frm
02 13:14:00:635 Ejecutando interfase VDINTERPEDIDOS
00 13:14:00:635 No puedo abrir fichero D:\V10\V10DATOS\SUBIR\BELLOTA\PEDIDOS_24062022131400.TXT.TRC
00 13:14:00:652 Error ejecutando triger en bloque PEDCAB mensaje 
02 13:14:12:659 Empiezo a leer forms vdinterpedidos.frm
02 13:14:12:675 Termino parse forms vdinterpedidos.frm
02 13:14:12:675 Ejecutando interfase VDINTERPEDIDOS
00 13:14:12:675 No puedo abrir fichero D:\V10\V10DATOS\SUBIR\BELLOTA\PEDIDOS_24062022131412.TXT.TRC
00 13:14:12:690 Error ejecutando triger en bloque PEDCAB mensaje 
02 13:14:24:705 Empiezo a leer forms vdinterpedidos.frm
02 13:14:24:720 Termino parse forms vdinterpedidos.frm
02 13:14:24:720 Ejecutando interfase VDINTERPEDIDOS
00 13:14:24:720 No puedo abrir fichero D:\V10\V10DATOS\SUBIR\BELLOTA\PEDIDOS_24062022131424.TXT.TRC
00 13:14:24:720 Error ejecutando triger en bloque PEDCAB mensaje 
02 13:14:36:739 Empiezo a leer forms vdinterpedidos.frm
02 13:14:36:739 Termino parse forms vdinterpedidos.frm
02 13:14:36:739 Ejecutando interfase VDINTERPEDIDOS
00 13:14:36:755 No puedo abrir fichero D:\V10\V10DATOS\SUBIR\BELLOTA\PEDIDOS_24062022131436.TXT.TRC
00 13:14:36:755 Error ejecutando triger en bloque PEDCAB mensaje 
02 13:14:48:777 Empiezo a leer forms vdinterpedidos.frm
02 13:14:48:797 Termino parse forms vdinterpedidos.frm
02 13:14:48:797 Ejecutando interfase VDINTERPEDIDOS
00 13:14:48:807 No puedo abrir fichero D:\V10\V10DATOS\SUBIR\BELLOTA\PEDIDOS_24062022131448.TXT.TRC
00 13:14:48:807 Error ejecutando triger en bloque PEDCAB mensaje 
02 13:15:00:825 Empiezo a leer forms vdinterpedidos.frm
02 13:15:00:832 Termino parse forms vdinterpedidos.frm
02 13:15:00:832 Ejecutando interfase VDINTERPEDIDOS
00 13:15:00:847 No puedo abrir fichero D:\V10\V10DATOS\SUBIR\BELLOTA\PEDIDOS_24062022131500.TXT.TRC
00 13:15:00:847 Error ejecutando triger en bloque PEDCAB mensaje 
02 13:15:12:874 Empiezo a leer forms vdinterpedidos.frm
02 13:15:12:889 Termino parse forms vdinterpedidos.frm
02 13:15:12:889 Ejecutando interfase VDINTERPEDIDOS
00 13:15:12:889 No puedo abrir fichero D:\V10\V10DATOS\SUBIR\BELLOTA\PEDIDOS_24062022131512.TXT.TRC
00 13:15:12:905 Error ejecutando triger en bloque PEDCAB mensaje 
02 13:15:24:917 Empiezo a leer forms vdinterpedidos.frm
02 13:15:24:934 Termino parse forms vdinterpedidos.frm
02 13:15:24:934 Ejecutando interfase VDINTERPEDIDOS
00 13:15:24:934 No puedo abrir fichero D:\V10\V10DATOS\SUBIR\BELLOTA\PEDIDOS_24062022131524.TXT.TRC
00 13:15:24:934 Error ejecutando triger en bloque PEDCAB mensaje 
02 13:15:36:960 Empiezo a leer forms vdinterpedidos.frm
02 13:15:36:975 Termino parse forms vdinterpedidos.frm
02 13:15:36:975 Ejecutando interfase VDINTERPEDIDOS
00 13:15:36:975 No puedo abrir fichero D:\V10\V10DATOS\SUBIR\BELLOTA\PEDIDOS_24062022131536.TXT.TRC
00 13:15:36:975 Error ejecutando triger en bloque PEDCAB mensaje 
02 13:15:49:002 Empiezo a leer forms vdinterpedidos.frm
02 13:15:49:019 Termino parse forms vdinterpedidos.frm
02 13:15:49:019 Ejecutando interfase VDINTERPEDIDOS
00 13:15:49:019 No puedo abrir fichero D:\V10\V10DATOS\SUBIR\BELLOTA\PEDIDOS_24062022131549.TXT.TRC
00 13:15:49:019 Error ejecutando triger en bloque PEDCAB mensaje 
02 13:16:01:044 Empiezo a leer forms vdinterpedidos.frm
02 13:16:01:060 Termino parse forms vdinterpedidos.frm
02 13:16:01:060 Ejecutando interfase VDINTERPEDIDOS
00 13:16:01:065 No puedo abrir fichero D:\V10\V10DATOS\SUBIR\BELLOTA\PEDIDOS_24062022131601.TXT.TRC
00 13:16:01:065 Error ejecutando triger en bloque PEDCAB mensaje 
02 13:16:13:087 Empiezo a leer forms vdinterpedidos.frm
02 13:16:13:092 Termino parse forms vdinterpedidos.frm
02 13:16:13:092 Ejecutando interfase VDINTERPEDIDOS
00 13:16:13:109 No puedo abrir fichero D:\V10\V10DATOS\SUBIR\BELLOTA\PEDIDOS_24062022131613.TXT.TRC
00 13:16:13:109 Error ejecutando triger en bloque PEDCAB mensaje 
02 13:16:25:137 Empiezo a leer forms vdinterpedidos.frm
02 13:16:25:137 Termino parse forms vdinterpedidos.frm
02 13:16:25:152 Ejecutando interfase VDINTERPEDIDOS
00 13:16:25:152 No puedo abrir fichero D:\V10\V10DATOS\SUBIR\BELLOTA\PEDIDOS_24062022131625.TXT.TRC
00 13:16:25:152 Error ejecutando triger en bloque PEDCAB mensaje 
02 13:16:37:167 Empiezo a leer forms vdinterpedidos.frm
02 13:16:37:182 Termino parse forms vdinterpedidos.frm
02 13:16:37:182 Ejecutando interfase VDINTERPEDIDOS
00 13:16:37:182 No puedo abrir fichero D:\V10\V10DATOS\SUBIR\BELLOTA\PEDIDOS_24062022131637.TXT.TRC
00 13:16:37:182 Error ejecutando triger en bloque PEDCAB mensaje 
02 13:16:49:209 Empiezo a leer forms vdinterpedidos.frm
02 13:16:49:225 Termino parse forms vdinterpedidos.frm
02 13:16:49:225 Ejecutando interfase VDINTERPEDIDOS
00 13:16:49:225 No puedo abrir fichero D:\V10\V10DATOS\SUBIR\BELLOTA\PEDIDOS_24062022131649.TXT.TRC
00 13:16:49:225 Error ejecutando triger en bloque PEDCAB mensaje 
02 13:17:01:250 Empiezo a leer forms vdinterpedidos.frm
02 13:17:01:265 Termino parse forms vdinterpedidos.frm
02 13:17:01:265 Ejecutando interfase VDINTERPEDIDOS
00 13:17:01:265 No puedo abrir fichero D:\V10\V10DATOS\SUBIR\BELLOTA\PEDIDOS_24062022131701.TXT.TRC
00 13:17:01:265 Error ejecutando triger en bloque PEDCAB mensaje 
02 13:17:13:290 Empiezo a leer forms vdinterpedidos.frm
02 13:17:13:305 Termino parse forms vdinterpedidos.frm
02 13:17:13:305 Ejecutando interfase VDINTERPEDIDOS
00 13:17:13:305 No puedo abrir fichero D:\V10\V10DATOS\SUBIR\BELLOTA\PEDIDOS_24062022131713.TXT.TRC
00 13:17:13:305 Error ejecutando triger en bloque PEDCAB mensaje 
02 13:17:25:334 Empiezo a leer forms vdinterpedidos.frm
02 13:17:25:349 Termino parse forms vdinterpedidos.frm
02 13:17:25:349 Ejecutando interfase VDINTERPEDIDOS
00 13:17:25:354 No puedo abrir fichero D:\V10\V10DATOS\SUBIR\BELLOTA\PEDIDOS_24062022131725.TXT.TRC
00 13:17:25:354 Error ejecutando triger en bloque PEDCAB mensaje 
02 13:17:37:377 Empiezo a leer forms vdinterpedidos.frm
02 13:17:37:382 Termino parse forms vdinterpedidos.frm
02 13:17:37:382 Ejecutando interfase VDINTERPEDIDOS
00 13:17:37:399 No puedo abrir fichero D:\V10\V10DATOS\SUBIR\BELLOTA\PEDIDOS_24062022131737.TXT.TRC
00 13:17:37:399 Error ejecutando triger en bloque PEDCAB mensaje 
02 13:17:49:425 Empiezo a leer forms vdinterpedidos.frm
02 13:17:49:442 Termino parse forms vdinterpedidos.frm
02 13:17:49:442 Ejecutando interfase VDINTERPEDIDOS
00 13:17:49:442 No puedo abrir fichero D:\V10\V10DATOS\SUBIR\BELLOTA\PEDIDOS_24062022131749.TXT.TRC
00 13:17:49:442 Error ejecutando triger en bloque PEDCAB mensaje 
02 13:18:01:467 Empiezo a leer forms vdinterpedidos.frm
02 13:18:01:479 Termino parse forms vdinterpedidos.frm
02 13:18:01:479 Ejecutando interfase VDINTERPEDIDOS
00 13:18:01:484 No puedo abrir fichero D:\V10\V10DATOS\SUBIR\BELLOTA\PEDIDOS_24062022131801.TXT.TRC
00 13:18:01:485 Error ejecutando triger en bloque PEDCAB mensaje 
02 13:18:13:500 Empiezo a leer forms vdinterpedidos.frm
02 13:18:13:500 Termino parse forms vdinterpedidos.frm
02 13:18:13:500 Ejecutando interfase VDINTERPEDIDOS
00 13:18:13:515 No puedo abrir fichero D:\V10\V10DATOS\SUBIR\BELLOTA\PEDIDOS_24062022131813.TXT.TRC
00 13:18:13:515 Error ejecutando triger en bloque PEDCAB mensaje 
02 13:18:25:530 Empiezo a leer forms vdinterpedidos.frm
02 13:18:25:547 Termino parse forms vdinterpedidos.frm
02 13:18:25:547 Ejecutando interfase VDINTERPEDIDOS
00 13:18:25:547 No puedo abrir fichero D:\V10\V10DATOS\SUBIR\BELLOTA\PEDIDOS_24062022131825.TXT.TRC
00 13:18:25:562 Error ejecutando triger en bloque PEDCAB mensaje 
02 13:18:37:582 Empiezo a leer forms vdinterpedidos.frm
02 13:18:37:604 Termino parse forms vdinterpedidos.frm
02 13:18:37:604 Ejecutando interfase VDINTERPEDIDOS
00 13:18:37:604 No puedo abrir fichero D:\V10\V10DATOS\SUBIR\BELLOTA\PEDIDOS_24062022131837.TXT.TRC
00 13:18:37:604 Error ejecutando triger en bloque PEDCAB mensaje 
02 13:18:49:632 Empiezo a leer forms vdinterpedidos.frm
02 13:18:49:647 Termino parse forms vdinterpedidos.frm
02 13:18:49:647 Ejecutando interfase VDINTERPEDIDOS
00 13:18:49:647 No puedo abrir fichero D:\V10\V10DATOS\SUBIR\BELLOTA\PEDIDOS_24062022131849.TXT.TRC
00 13:18:49:647 Error ejecutando triger en bloque PEDCAB mensaje 
02 13:19:01:672 Empiezo a leer forms vdinterpedidos.frm
02 13:19:01:689 Termino parse forms vdinterpedidos.frm
02 13:19:01:689 Ejecutando interfase VDINTERPEDIDOS
00 13:19:01:689 No puedo abrir fichero D:\V10\V10DATOS\SUBIR\BELLOTA\PEDIDOS_24062022131901.TXT.TRC
00 13:19:01:689 Error ejecutando triger en bloque PEDCAB mensaje 
02 13:19:13:712 Empiezo a leer forms vdinterpedidos.frm
02 13:19:13:727 Termino parse forms vdinterpedidos.frm
02 13:19:13:727 Ejecutando interfase VDINTERPEDIDOS
00 13:19:13:727 No puedo abrir fichero D:\V10\V10DATOS\SUBIR\BELLOTA\PEDIDOS_24062022131913.TXT.TRC
00 13:19:13:727 Error ejecutando triger en bloque PEDCAB mensaje 
02 13:19:25:754 Empiezo a leer forms vdinterpedidos.frm
02 13:19:25:770 Termino parse forms vdinterpedidos.frm
02 13:19:25:770 Ejecutando interfase VDINTERPEDIDOS
00 13:19:25:770 No puedo abrir fichero D:\V10\V10DATOS\SUBIR\BELLOTA\PEDIDOS_24062022131925.TXT.TRC
00 13:19:25:770 Error ejecutando triger en bloque PEDCAB mensaje 
02 13:19:37:790 Empiezo a leer forms vdinterpedidos.frm
02 13:19:37:807 Termino parse forms vdinterpedidos.frm
02 13:19:37:807 Ejecutando interfase VDINTERPEDIDOS
00 13:19:37:807 No puedo abrir fichero D:\V10\V10DATOS\SUBIR\BELLOTA\PEDIDOS_24062022131937.TXT.TRC
00 13:19:37:807 Error ejecutando triger en bloque PEDCAB mensaje 
02 13:19:49:832 Empiezo a leer forms vdinterpedidos.frm
02 13:19:49:847 Termino parse forms vdinterpedidos.frm
02 13:19:49:847 Ejecutando interfase VDINTERPEDIDOS
00 13:19:49:854 No puedo abrir fichero D:\V10\V10DATOS\SUBIR\BELLOTA\PEDIDOS_24062022131949.TXT.TRC
00 13:19:49:854 Error ejecutando triger en bloque PEDCAB mensaje 
02 13:20:01:874 Empiezo a leer forms vdinterpedidos.frm
02 13:20:01:880 Termino parse forms vdinterpedidos.frm
02 13:20:01:880 Ejecutando interfase VDINTERPEDIDOS
00 13:20:01:895 No puedo abrir fichero D:\V10\V10DATOS\SUBIR\BELLOTA\PEDIDOS_24062022132001.TXT.TRC
00 13:20:01:895 Error ejecutando triger en bloque PEDCAB mensaje 
02 13:20:13:922 Empiezo a leer forms vdinterpedidos.frm
02 13:20:13:937 Termino parse forms vdinterpedidos.frm
02 13:20:13:937 Ejecutando interfase VDINTERPEDIDOS
00 13:20:13:937 No puedo abrir fichero D:\V10\V10DATOS\SUBIR\BELLOTA\PEDIDOS_24062022132013.TXT.TRC
00 13:20:13:937 Error ejecutando triger en bloque PEDCAB mensaje 
02 13:20:25:965 Empiezo a leer forms vdinterpedidos.frm
02 13:20:25:982 Termino parse forms vdinterpedidos.frm
02 13:20:25:982 Ejecutando interfase VDINTERPEDIDOS
00 13:20:25:982 No puedo abrir fichero D:\V10\V10DATOS\SUBIR\BELLOTA\PEDIDOS_24062022132025.TXT.TRC
00 13:20:25:982 Error ejecutando triger en bloque PEDCAB mensaje 
02 13:20:38:005 Empiezo a leer forms vdinterpedidos.frm
02 13:20:38:022 Termino parse forms vdinterpedidos.frm
02 13:20:38:022 Ejecutando interfase VDINTERPEDIDOS
00 13:20:38:022 No puedo abrir fichero D:\V10\V10DATOS\SUBIR\BELLOTA\PEDIDOS_24062022132038.TXT.TRC
00 13:20:38:037 Error ejecutando triger en bloque PEDCAB mensaje 
02 13:20:50:047 Empiezo a leer forms vdinterpedidos.frm
02 13:20:50:062 Termino parse forms vdinterpedidos.frm
02 13:20:50:062 Ejecutando interfase VDINTERPEDIDOS
00 13:20:50:062 No puedo abrir fichero D:\V10\V10DATOS\SUBIR\BELLOTA\PEDIDOS_24062022132050.TXT.TRC
00 13:20:50:062 Error ejecutando triger en bloque PEDCAB mensaje 
02 13:21:02:085 Empiezo a leer forms vdinterpedidos.frm
02 13:21:02:105 Termino parse forms vdinterpedidos.frm
02 13:21:02:105 Ejecutando interfase VDINTERPEDIDOS
00 13:21:02:105 No puedo abrir fichero D:\V10\V10DATOS\SUBIR\BELLOTA\PEDIDOS_24062022132102.TXT.TRC
00 13:21:02:105 Error ejecutando triger en bloque PEDCAB mensaje 
02 13:21:14:135 Empiezo a leer forms vdinterpedidos.frm
02 13:21:14:150 Termino parse forms vdinterpedidos.frm
02 13:21:14:150 Ejecutando interfase VDINTERPEDIDOS
00 13:21:14:150 No puedo abrir fichero D:\V10\V10DATOS\SUBIR\BELLOTA\PEDIDOS_24062022132114.TXT.TRC
00 13:21:14:150 Error ejecutando triger en bloque PEDCAB mensaje 
02 13:21:26:175 Empiezo a leer forms vdinterpedidos.frm
02 13:21:26:190 Termino parse forms vdinterpedidos.frm
02 13:21:26:190 Ejecutando interfase VDINTERPEDIDOS
00 13:21:26:190 No puedo abrir fichero D:\V10\V10DATOS\SUBIR\BELLOTA\PEDIDOS_24062022132126.TXT.TRC
00 13:21:26:190 Error ejecutando triger en bloque PEDCAB mensaje 
02 13:21:38:220 Empiezo a leer forms vdinterpedidos.frm
02 13:21:38:235 Termino parse forms vdinterpedidos.frm
02 13:21:38:235 Ejecutando interfase VDINTERPEDIDOS
00 13:21:38:235 No puedo abrir fichero D:\V10\V10DATOS\SUBIR\BELLOTA\PEDIDOS_24062022132138.TXT.TRC
00 13:21:38:235 Error ejecutando triger en bloque PEDCAB mensaje 
02 13:21:50:255 Empiezo a leer forms vdinterpedidos.frm
02 13:21:50:270 Termino parse forms vdinterpedidos.frm
02 13:21:50:270 Ejecutando interfase VDINTERPEDIDOS
00 13:21:50:275 No puedo abrir fichero D:\V10\V10DATOS\SUBIR\BELLOTA\PEDIDOS_24062022132150.TXT.TRC
00 13:21:50:277 Error ejecutando triger en bloque PEDCAB mensaje 
02 13:22:02:289 Empiezo a leer forms vdinterpedidos.frm
02 13:22:02:289 Termino parse forms vdinterpedidos.frm
02 13:22:02:305 Ejecutando interfase VDINTERPEDIDOS
00 13:22:02:305 No puedo abrir fichero D:\V10\V10DATOS\SUBIR\BELLOTA\PEDIDOS_24062022132202.TXT.TRC
00 13:22:02:305 Error ejecutando triger en bloque PEDCAB mensaje 
02 13:22:14:315 Empiezo a leer forms vdinterpedidos.frm
02 13:22:14:330 Termino parse forms vdinterpedidos.frm
02 13:22:14:330 Ejecutando interfase VDINTERPEDIDOS
00 13:22:14:330 No puedo abrir fichero D:\V10\V10DATOS\SUBIR\BELLOTA\PEDIDOS_24062022132214.TXT.TRC
00 13:22:14:330 Error ejecutando triger en bloque PEDCAB mensaje 
02 13:22:26:360 Empiezo a leer forms vdinterpedidos.frm
02 13:22:26:375 Termino parse forms vdinterpedidos.frm
02 13:22:26:375 Ejecutando interfase VDINTERPEDIDOS
00 13:22:26:375 No puedo abrir fichero D:\V10\V10DATOS\SUBIR\BELLOTA\PEDIDOS_24062022132226.TXT.TRC
00 13:22:26:375 Error ejecutando triger en bloque PEDCAB mensaje 
02 13:22:38:389 Empiezo a leer forms vdinterpedidos.frm
02 13:22:38:404 Termino parse forms vdinterpedidos.frm
02 13:22:38:404 Ejecutando interfase VDINTERPEDIDOS
00 13:22:38:404 No puedo abrir fichero D:\V10\V10DATOS\SUBIR\BELLOTA\PEDIDOS_24062022132238.TXT.TRC
00 13:22:38:404 Error ejecutando triger en bloque PEDCAB mensaje 
02 13:22:50:430 Empiezo a leer forms vdinterpedidos.frm
02 13:22:50:430 Termino parse forms vdinterpedidos.frm
02 13:22:50:430 Ejecutando interfase VDINTERPEDIDOS
00 13:22:50:450 No puedo abrir fichero D:\V10\V10DATOS\SUBIR\BELLOTA\PEDIDOS_24062022132250.TXT.TRC
00 13:22:50:450 Error ejecutando triger en bloque PEDCAB mensaje 
02 13:23:02:457 Empiezo a leer forms vdinterpedidos.frm
02 13:23:02:472 Termino parse forms vdinterpedidos.frm
02 13:23:02:472 Ejecutando interfase VDINTERPEDIDOS
00 13:23:02:479 No puedo abrir fichero D:\V10\V10DATOS\SUBIR\BELLOTA\PEDIDOS_24062022132302.TXT.TRC
00 13:23:02:479 Error ejecutando triger en bloque PEDCAB mensaje 
02 13:23:14:502 Empiezo a leer forms vdinterpedidos.frm
02 13:23:14:507 Termino parse forms vdinterpedidos.frm
02 13:23:14:507 Ejecutando interfase VDINTERPEDIDOS
00 13:23:14:525 No puedo abrir fichero D:\V10\V10DATOS\SUBIR\BELLOTA\PEDIDOS_24062022132314.TXT.TRC
00 13:23:14:525 Error ejecutando triger en bloque PEDCAB mensaje 
02 13:23:26:552 Empiezo a leer forms vdinterpedidos.frm
02 13:23:26:569 Termino parse forms vdinterpedidos.frm
02 13:23:26:569 Ejecutando interfase VDINTERPEDIDOS
00 13:23:26:569 No puedo abrir fichero D:\V10\V10DATOS\SUBIR\BELLOTA\PEDIDOS_24062022132326.TXT.TRC
00 13:23:26:569 Error ejecutando triger en bloque PEDCAB mensaje 
02 13:23:38:589 Empiezo a leer forms vdinterpedidos.frm
02 13:23:38:605 Termino parse forms vdinterpedidos.frm
02 13:23:38:605 Ejecutando interfase VDINTERPEDIDOS
00 13:23:38:615 No puedo abrir fichero D:\V10\V10DATOS\SUBIR\BELLOTA\PEDIDOS_24062022132338.TXT.TRC
00 13:23:38:615 Error ejecutando triger en bloque PEDCAB mensaje 
02 13:23:50:627 Empiezo a leer forms vdinterpedidos.frm
02 13:23:50:640 Termino parse forms vdinterpedidos.frm
02 13:23:50:640 Ejecutando interfase VDINTERPEDIDOS
00 13:23:50:645 No puedo abrir fichero D:\V10\V10DATOS\SUBIR\BELLOTA\PEDIDOS_24062022132350.TXT.TRC
00 13:23:50:645 Error ejecutando triger en bloque PEDCAB mensaje 
02 13:24:02:664 Empiezo a leer forms vdinterpedidos.frm
02 13:24:02:675 Termino parse forms vdinterpedidos.frm
02 13:24:02:675 Ejecutando interfase VDINTERPEDIDOS
00 13:24:02:687 No puedo abrir fichero D:\V10\V10DATOS\SUBIR\BELLOTA\PEDIDOS_24062022132402.TXT.TRC
00 13:24:02:687 Error ejecutando triger en bloque PEDCAB mensaje 
02 13:24:14:694 Empiezo a leer forms vdinterpedidos.frm
02 13:24:14:709 Termino parse forms vdinterpedidos.frm
02 13:24:14:709 Ejecutando interfase VDINTERPEDIDOS
00 13:24:14:709 No puedo abrir fichero D:\V10\V10DATOS\SUBIR\BELLOTA\PEDIDOS_24062022132414.TXT.TRC
00 13:24:14:709 Error ejecutando triger en bloque PEDCAB mensaje 
02 13:24:26:732 Empiezo a leer forms vdinterpedidos.frm
02 13:24:26:745 Termino parse forms vdinterpedidos.frm
02 13:24:26:745 Ejecutando interfase VDINTERPEDIDOS
00 13:24:26:754 No puedo abrir fichero D:\V10\V10DATOS\SUBIR\BELLOTA\PEDIDOS_24062022132426.TXT.TRC
00 13:24:26:754 Error ejecutando triger en bloque PEDCAB mensaje 
02 13:24:38:759 Empiezo a leer forms vdinterpedidos.frm
02 13:24:38:775 Termino parse forms vdinterpedidos.frm
02 13:24:38:775 Ejecutando interfase VDINTERPEDIDOS
00 13:24:38:775 No puedo abrir fichero D:\V10\V10DATOS\SUBIR\BELLOTA\PEDIDOS_24062022132438.TXT.TRC
00 13:24:38:775 Error ejecutando triger en bloque PEDCAB mensaje 
02 13:24:50:790 Empiezo a leer forms vdinterpedidos.frm
02 13:24:50:797 Termino parse forms vdinterpedidos.frm
02 13:24:50:797 Ejecutando interfase VDINTERPEDIDOS
00 13:24:50:812 No puedo abrir fichero D:\V10\V10DATOS\SUBIR\BELLOTA\PEDIDOS_24062022132450.TXT.TRC
00 13:24:50:812 Error ejecutando triger en bloque PEDCAB mensaje 
02 13:25:02:832 Empiezo a leer forms vdinterpedidos.frm
02 13:25:02:847 Termino parse forms vdinterpedidos.frm
02 13:25:02:852 Ejecutando interfase VDINTERPEDIDOS
00 13:25:02:852 No puedo abrir fichero D:\V10\V10DATOS\SUBIR\BELLOTA\PEDIDOS_24062022132502.TXT.TRC
00 13:25:02:852 Error ejecutando triger en bloque PEDCAB mensaje 
02 13:25:14:875 Empiezo a leer forms vdinterpedidos.frm
02 13:25:14:880 Termino parse forms vdinterpedidos.frm
02 13:25:14:880 Ejecutando interfase VDINTERPEDIDOS
00 13:25:14:897 No puedo abrir fichero D:\V10\V10DATOS\SUBIR\BELLOTA\PEDIDOS_24062022132514.TXT.TRC
00 13:25:14:897 Error ejecutando triger en bloque PEDCAB mensaje 
02 13:25:26:924 Empiezo a leer forms vdinterpedidos.frm
02 13:25:26:940 Termino parse forms vdinterpedidos.frm
02 13:25:26:940 Ejecutando interfase VDINTERPEDIDOS
00 13:25:26:940 No puedo abrir fichero D:\V10\V10DATOS\SUBIR\BELLOTA\PEDIDOS_24062022132526.TXT.TRC
00 13:25:26:940 Error ejecutando triger en bloque PEDCAB mensaje 
02 13:25:38:965 Empiezo a leer forms vdinterpedidos.frm
02 13:25:38:982 Termino parse forms vdinterpedidos.frm
02 13:25:38:982 Ejecutando interfase VDINTERPEDIDOS
00 13:25:38:982 No puedo abrir fichero D:\V10\V10DATOS\SUBIR\BELLOTA\PEDIDOS_24062022132538.TXT.TRC
00 13:25:38:982 Error ejecutando triger en bloque PEDCAB mensaje 
02 13:25:50:992 Empiezo a leer forms vdinterpedidos.frm
02 13:25:51:009 Termino parse forms vdinterpedidos.frm
02 13:25:51:009 Ejecutando interfase VDINTERPEDIDOS
00 13:25:51:009 No puedo abrir fichero D:\V10\V10DATOS\SUBIR\BELLOTA\PEDIDOS_24062022132551.TXT.TRC
00 13:25:51:009 Error ejecutando triger en bloque PEDCAB mensaje 
02 13:26:03:035 Empiezo a leer forms vdinterpedidos.frm
02 13:26:03:050 Termino parse forms vdinterpedidos.frm
02 13:26:03:050 Ejecutando interfase VDINTERPEDIDOS
00 13:26:03:050 No puedo abrir fichero D:\V10\V10DATOS\SUBIR\BELLOTA\PEDIDOS_24062022132603.TXT.TRC
00 13:26:03:050 Error ejecutando triger en bloque PEDCAB mensaje 
02 13:26:15:080 Empiezo a leer forms vdinterpedidos.frm
02 13:26:15:097 Termino parse forms vdinterpedidos.frm
02 13:26:15:097 Ejecutando interfase VDINTERPEDIDOS
00 13:26:15:097 No puedo abrir fichero D:\V10\V10DATOS\SUBIR\BELLOTA\PEDIDOS_24062022132615.TXT.TRC
00 13:26:15:097 Error ejecutando triger en bloque PEDCAB mensaje 
02 13:26:27:120 Empiezo a leer forms vdinterpedidos.frm
02 13:26:27:135 Termino parse forms vdinterpedidos.frm
02 13:26:27:135 Ejecutando interfase VDINTERPEDIDOS
00 13:26:27:142 No puedo abrir fichero D:\V10\V10DATOS\SUBIR\BELLOTA\PEDIDOS_24062022132627.TXT.TRC
00 13:26:27:142 Error ejecutando triger en bloque PEDCAB mensaje 
02 13:26:39:165 Empiezo a leer forms vdinterpedidos.frm
02 13:26:39:170 Termino parse forms vdinterpedidos.frm
02 13:26:39:170 Ejecutando interfase VDINTERPEDIDOS
00 13:26:39:189 No puedo abrir fichero D:\V10\V10DATOS\SUBIR\BELLOTA\PEDIDOS_24062022132639.TXT.TRC
00 13:26:39:190 Error ejecutando triger en bloque PEDCAB mensaje 
02 13:26:51:212 Empiezo a leer forms vdinterpedidos.frm
02 13:26:51:212 Termino parse forms vdinterpedidos.frm
02 13:26:51:212 Ejecutando interfase VDINTERPEDIDOS
00 13:26:51:227 No puedo abrir fichero D:\V10\V10DATOS\SUBIR\BELLOTA\PEDIDOS_24062022132651.TXT.TRC
00 13:26:51:227 Error ejecutando triger en bloque PEDCAB mensaje 
02 13:27:03:239 Empiezo a leer forms vdinterpedidos.frm
02 13:27:03:255 Termino parse forms vdinterpedidos.frm
02 13:27:03:255 Ejecutando interfase VDINTERPEDIDOS
00 13:27:03:255 No puedo abrir fichero D:\V10\V10DATOS\SUBIR\BELLOTA\PEDIDOS_24062022132703.TXT.TRC
00 13:27:03:255 Error ejecutando triger en bloque PEDCAB mensaje 
02 13:27:15:282 Empiezo a leer forms vdinterpedidos.frm
02 13:27:15:282 Termino parse forms vdinterpedidos.frm
02 13:27:15:282 Ejecutando interfase VDINTERPEDIDOS
00 13:27:15:299 No puedo abrir fichero D:\V10\V10DATOS\SUBIR\BELLOTA\PEDIDOS_24062022132715.TXT.TRC
00 13:27:15:299 Error ejecutando triger en bloque PEDCAB mensaje 
02 13:27:27:315 Empiezo a leer forms vdinterpedidos.frm
02 13:27:27:315 Termino parse forms vdinterpedidos.frm
02 13:27:27:315 Ejecutando interfase VDINTERPEDIDOS
00 13:27:27:315 No puedo abrir fichero D:\V10\V10DATOS\SUBIR\BELLOTA\PEDIDOS_24062022132727.TXT.TRC
00 13:27:27:315 Error ejecutando triger en bloque PEDCAB mensaje 
02 13:27:39:342 Empiezo a leer forms vdinterpedidos.frm
02 13:27:39:359 Termino parse forms vdinterpedidos.frm
02 13:27:39:359 Ejecutando interfase VDINTERPEDIDOS
00 13:27:39:359 No puedo abrir fichero D:\V10\V10DATOS\SUBIR\BELLOTA\PEDIDOS_24062022132739.TXT.TRC
00 13:27:39:359 Error ejecutando triger en bloque PEDCAB mensaje 
02 13:27:51:385 Empiezo a leer forms vdinterpedidos.frm
02 13:27:51:400 Termino parse forms vdinterpedidos.frm
02 13:27:51:400 Ejecutando interfase VDINTERPEDIDOS
00 13:27:51:400 No puedo abrir fichero D:\V10\V10DATOS\SUBIR\BELLOTA\PEDIDOS_24062022132751.TXT.TRC
00 13:27:51:400 Error ejecutando triger en bloque PEDCAB mensaje 
02 13:28:03:429 Empiezo a leer forms vdinterpedidos.frm
02 13:28:03:445 Termino parse forms vdinterpedidos.frm
02 13:28:03:445 Ejecutando interfase VDINTERPEDIDOS
00 13:28:03:445 No puedo abrir fichero D:\V10\V10DATOS\SUBIR\BELLOTA\PEDIDOS_24062022132803.TXT.TRC
00 13:28:03:445 Error ejecutando triger en bloque PEDCAB mensaje 
02 13:28:15:475 Empiezo a leer forms vdinterpedidos.frm
02 13:28:15:487 Termino parse forms vdinterpedidos.frm
02 13:28:15:487 Ejecutando interfase VDINTERPEDIDOS
00 13:28:15:490 No puedo abrir fichero D:\V10\V10DATOS\SUBIR\BELLOTA\PEDIDOS_24062022132815.TXT.TRC
00 13:28:15:492 Error ejecutando triger en bloque PEDCAB mensaje 
02 13:28:27:499 Empiezo a leer forms vdinterpedidos.frm
02 13:28:27:514 Termino parse forms vdinterpedidos.frm
02 13:28:27:514 Ejecutando interfase VDINTERPEDIDOS
00 13:28:27:524 No puedo abrir fichero D:\V10\V10DATOS\SUBIR\BELLOTA\PEDIDOS_24062022132827.TXT.TRC
00 13:28:27:525 Error ejecutando triger en bloque PEDCAB mensaje 
02 13:28:39:540 Empiezo a leer forms vdinterpedidos.frm
02 13:28:39:555 Termino parse forms vdinterpedidos.frm
02 13:28:39:555 Ejecutando interfase VDINTERPEDIDOS
00 13:28:39:565 No puedo abrir fichero D:\V10\V10DATOS\SUBIR\BELLOTA\PEDIDOS_24062022132839.TXT.TRC
00 13:28:39:565 Error ejecutando triger en bloque PEDCAB mensaje 
02 13:28:51:582 Empiezo a leer forms vdinterpedidos.frm
02 13:28:51:597 Termino parse forms vdinterpedidos.frm
02 13:28:51:597 Ejecutando interfase VDINTERPEDIDOS
00 13:28:51:597 No puedo abrir fichero D:\V10\V10DATOS\SUBIR\BELLOTA\PEDIDOS_24062022132851.TXT.TRC
00 13:28:51:597 Error ejecutando triger en bloque PEDCAB mensaje 
02 13:29:03:627 Empiezo a leer forms vdinterpedidos.frm
02 13:29:03:639 Termino parse forms vdinterpedidos.frm
02 13:29:03:639 Ejecutando interfase VDINTERPEDIDOS
00 13:29:03:644 No puedo abrir fichero D:\V10\V10DATOS\SUBIR\BELLOTA\PEDIDOS_24062022132903.TXT.TRC
00 13:29:03:644 Error ejecutando triger en bloque PEDCAB mensaje 
02 13:29:15:649 Empiezo a leer forms vdinterpedidos.frm
02 13:29:15:649 Termino parse forms vdinterpedidos.frm
02 13:29:15:649 Ejecutando interfase VDINTERPEDIDOS
00 13:29:15:664 No puedo abrir fichero D:\V10\V10DATOS\SUBIR\BELLOTA\PEDIDOS_24062022132915.TXT.TRC
00 13:29:15:664 Error ejecutando triger en bloque PEDCAB mensaje 
02 13:29:27:677 Empiezo a leer forms vdinterpedidos.frm
02 13:29:27:697 Termino parse forms vdinterpedidos.frm
02 13:29:27:699 Ejecutando interfase VDINTERPEDIDOS
00 13:29:27:705 No puedo abrir fichero D:\V10\V10DATOS\SUBIR\BELLOTA\PEDIDOS_24062022132927.TXT.TRC
00 13:29:27:705 Error ejecutando triger en bloque PEDCAB mensaje 
02 13:29:39:722 Empiezo a leer forms vdinterpedidos.frm
02 13:29:39:722 Termino parse forms vdinterpedidos.frm
02 13:29:39:722 Ejecutando interfase VDINTERPEDIDOS
00 13:29:39:739 No puedo abrir fichero D:\V10\V10DATOS\SUBIR\BELLOTA\PEDIDOS_24062022132939.TXT.TRC
00 13:29:39:739 Error ejecutando triger en bloque PEDCAB mensaje 
02 13:29:51:752 Empiezo a leer forms vdinterpedidos.frm
02 13:29:51:752 Termino parse forms vdinterpedidos.frm
02 13:29:51:752 Ejecutando interfase VDINTERPEDIDOS
00 13:29:51:760 No puedo abrir fichero D:\V10\V10DATOS\SUBIR\BELLOTA\PEDIDOS_24062022132951.TXT.TRC
00 13:29:51:760 Error ejecutando triger en bloque PEDCAB mensaje 

00 13:29:56:469 Fichero de log cerrado.

