00 09:14:07:042 Fichero de log abierto PID 2108

02 09:14:07:043 Intentando abrir fichero v10.ini
02 09:14:07:048 Cargando driver v10oracle funcion damedriveroracle
02 09:14:07:443 Conectado a base de datos
02 09:14:07:446 Proceso ENVIOMOVIM encontrado en tabla VDPROCESOS
02 09:14:13:982 Proceso ENVIOMOVIM cargado con función interfasesalida (Librería VDINTERFASES.DLL) direccion 066ECC80
02 09:14:13:986 PLSQL: INICIALIZADO PAQUETE DE LOG EL DIA 29-06-2022
02 09:14:14:018 Actualizado SID 507 SERIAL 60155 del proceso con PID 2108
00 09:14:14:023 Error al abrir fichero VDST.H
02 09:14:14:025 Empiezo a leer forms vdintermovim.frm
02 09:14:14:041 Termino parse forms vdintermovim.frm
02 09:14:14:041 Ejecutando interfase VDINTERMOVIM
02 09:16:14:048 Empiezo a leer forms vdintermovim.frm
02 09:16:14:057 Termino parse forms vdintermovim.frm
02 09:16:14:057 Ejecutando interfase VDINTERMOVIM
02 09:18:14:070 Empiezo a leer forms vdintermovim.frm
02 09:18:14:077 Termino parse forms vdintermovim.frm
02 09:18:14:077 Ejecutando interfase VDINTERMOVIM
02 09:20:14:097 Empiezo a leer forms vdintermovim.frm
02 09:20:14:106 Termino parse forms vdintermovim.frm
02 09:20:14:106 Ejecutando interfase VDINTERMOVIM
02 09:22:14:122 Empiezo a leer forms vdintermovim.frm
02 09:22:14:132 Termino parse forms vdintermovim.frm
02 09:22:14:132 Ejecutando interfase VDINTERMOVIM
02 09:24:14:145 Empiezo a leer forms vdintermovim.frm
02 09:24:14:152 Termino parse forms vdintermovim.frm
02 09:24:14:152 Ejecutando interfase VDINTERMOVIM
02 09:26:14:171 Empiezo a leer forms vdintermovim.frm
02 09:26:14:178 Termino parse forms vdintermovim.frm
02 09:26:14:178 Ejecutando interfase VDINTERMOVIM
02 09:28:14:202 Empiezo a leer forms vdintermovim.frm
02 09:28:14:210 Termino parse forms vdintermovim.frm
02 09:28:14:210 Ejecutando interfase VDINTERMOVIM
02 09:30:14:218 Empiezo a leer forms vdintermovim.frm
02 09:30:14:227 Termino parse forms vdintermovim.frm
02 09:30:14:227 Ejecutando interfase VDINTERMOVIM
02 09:32:14:251 Empiezo a leer forms vdintermovim.frm
02 09:32:14:257 Termino parse forms vdintermovim.frm
02 09:32:14:257 Ejecutando interfase VDINTERMOVIM
02 09:34:14:267 Empiezo a leer forms vdintermovim.frm
02 09:34:14:276 Termino parse forms vdintermovim.frm
02 09:34:14:276 Ejecutando interfase VDINTERMOVIM
02 09:36:14:297 Empiezo a leer forms vdintermovim.frm
02 09:36:14:306 Termino parse forms vdintermovim.frm
02 09:36:14:306 Ejecutando interfase VDINTERMOVIM
02 09:38:14:332 Empiezo a leer forms vdintermovim.frm
02 09:38:14:332 Termino parse forms vdintermovim.frm
02 09:38:14:341 Ejecutando interfase VDINTERMOVIM
02 09:40:14:357 Empiezo a leer forms vdintermovim.frm
02 09:40:14:366 Termino parse forms vdintermovim.frm
02 09:40:14:366 Ejecutando interfase VDINTERMOVIM
02 09:42:14:377 Empiezo a leer forms vdintermovim.frm
02 09:42:14:385 Termino parse forms vdintermovim.frm
02 09:42:14:385 Ejecutando interfase VDINTERMOVIM
02 09:44:14:398 Empiezo a leer forms vdintermovim.frm
02 09:44:14:407 Termino parse forms vdintermovim.frm
02 09:44:14:407 Ejecutando interfase VDINTERMOVIM
02 09:46:14:417 Empiezo a leer forms vdintermovim.frm
02 09:46:14:425 Termino parse forms vdintermovim.frm
02 09:46:14:425 Ejecutando interfase VDINTERMOVIM
02 09:48:14:447 Empiezo a leer forms vdintermovim.frm
02 09:48:14:457 Termino parse forms vdintermovim.frm
02 09:48:14:457 Ejecutando interfase VDINTERMOVIM
02 09:50:14:467 Empiezo a leer forms vdintermovim.frm
02 09:50:14:476 Termino parse forms vdintermovim.frm
02 09:50:14:476 Ejecutando interfase VDINTERMOVIM
02 09:52:14:485 Empiezo a leer forms vdintermovim.frm
02 09:52:14:492 Termino parse forms vdintermovim.frm
02 09:52:14:492 Ejecutando interfase VDINTERMOVIM
02 09:54:14:505 Empiezo a leer forms vdintermovim.frm
02 09:54:14:511 Termino parse forms vdintermovim.frm
02 09:54:14:511 Ejecutando interfase VDINTERMOVIM
02 09:56:14:545 Empiezo a leer forms vdintermovim.frm
02 09:56:14:545 Termino parse forms vdintermovim.frm
02 09:56:14:545 Ejecutando interfase VDINTERMOVIM
02 09:58:14:572 Empiezo a leer forms vdintermovim.frm
02 09:58:14:572 Termino parse forms vdintermovim.frm
02 09:58:14:572 Ejecutando interfase VDINTERMOVIM
02 10:00:14:592 Empiezo a leer forms vdintermovim.frm
02 10:00:14:592 Termino parse forms vdintermovim.frm
02 10:00:14:592 Ejecutando interfase VDINTERMOVIM
02 10:02:14:625 Empiezo a leer forms vdintermovim.frm
02 10:02:14:625 Termino parse forms vdintermovim.frm
02 10:02:14:625 Ejecutando interfase VDINTERMOVIM
02 10:04:14:647 Empiezo a leer forms vdintermovim.frm
02 10:04:14:647 Termino parse forms vdintermovim.frm
02 10:04:14:647 Ejecutando interfase VDINTERMOVIM
02 10:06:14:677 Empiezo a leer forms vdintermovim.frm
02 10:06:14:677 Termino parse forms vdintermovim.frm
02 10:06:14:677 Ejecutando interfase VDINTERMOVIM
02 10:08:14:700 Empiezo a leer forms vdintermovim.frm
02 10:08:14:700 Termino parse forms vdintermovim.frm
02 10:08:14:700 Ejecutando interfase VDINTERMOVIM
02 10:10:14:731 Empiezo a leer forms vdintermovim.frm
02 10:10:14:731 Termino parse forms vdintermovim.frm
02 10:10:14:731 Ejecutando interfase VDINTERMOVIM
02 10:12:14:750 Empiezo a leer forms vdintermovim.frm
02 10:12:14:750 Termino parse forms vdintermovim.frm
02 10:12:14:750 Ejecutando interfase VDINTERMOVIM
02 10:14:14:767 Empiezo a leer forms vdintermovim.frm
02 10:14:14:767 Termino parse forms vdintermovim.frm
02 10:14:14:767 Ejecutando interfase VDINTERMOVIM
02 10:16:14:793 Empiezo a leer forms vdintermovim.frm
02 10:16:14:798 Termino parse forms vdintermovim.frm
02 10:16:14:798 Ejecutando interfase VDINTERMOVIM
02 10:18:14:827 Empiezo a leer forms vdintermovim.frm
02 10:18:14:827 Termino parse forms vdintermovim.frm
02 10:18:14:827 Ejecutando interfase VDINTERMOVIM
02 10:20:14:847 Empiezo a leer forms vdintermovim.frm
02 10:20:14:847 Termino parse forms vdintermovim.frm
02 10:20:14:847 Ejecutando interfase VDINTERMOVIM
02 10:22:14:873 Empiezo a leer forms vdintermovim.frm
02 10:22:14:873 Termino parse forms vdintermovim.frm
02 10:22:14:873 Ejecutando interfase VDINTERMOVIM
02 10:24:14:896 Empiezo a leer forms vdintermovim.frm
02 10:24:14:896 Termino parse forms vdintermovim.frm
02 10:24:14:896 Ejecutando interfase VDINTERMOVIM
02 10:26:14:925 Empiezo a leer forms vdintermovim.frm
02 10:26:14:925 Termino parse forms vdintermovim.frm
02 10:26:14:925 Ejecutando interfase VDINTERMOVIM
02 10:28:14:945 Empiezo a leer forms vdintermovim.frm
02 10:28:14:945 Termino parse forms vdintermovim.frm
02 10:28:14:945 Ejecutando interfase VDINTERMOVIM
02 10:30:14:963 Empiezo a leer forms vdintermovim.frm
02 10:30:14:963 Termino parse forms vdintermovim.frm
02 10:30:14:963 Ejecutando interfase VDINTERMOVIM
02 10:32:14:986 Empiezo a leer forms vdintermovim.frm
02 10:32:14:986 Termino parse forms vdintermovim.frm
02 10:32:14:986 Ejecutando interfase VDINTERMOVIM
02 10:34:15:010 Empiezo a leer forms vdintermovim.frm
02 10:34:15:010 Termino parse forms vdintermovim.frm
02 10:34:15:010 Ejecutando interfase VDINTERMOVIM
02 10:36:15:038 Empiezo a leer forms vdintermovim.frm
02 10:36:15:038 Termino parse forms vdintermovim.frm
02 10:36:15:038 Ejecutando interfase VDINTERMOVIM
02 10:38:15:067 Empiezo a leer forms vdintermovim.frm
02 10:38:15:067 Termino parse forms vdintermovim.frm
02 10:38:15:067 Ejecutando interfase VDINTERMOVIM
02 10:40:15:102 Empiezo a leer forms vdintermovim.frm
02 10:40:15:102 Termino parse forms vdintermovim.frm
02 10:40:15:102 Ejecutando interfase VDINTERMOVIM
02 10:42:15:126 Empiezo a leer forms vdintermovim.frm
02 10:42:15:126 Termino parse forms vdintermovim.frm
02 10:42:15:126 Ejecutando interfase VDINTERMOVIM
02 10:44:15:152 Empiezo a leer forms vdintermovim.frm
02 10:44:15:152 Termino parse forms vdintermovim.frm
02 10:44:15:152 Ejecutando interfase VDINTERMOVIM
02 10:46:15:183 Empiezo a leer forms vdintermovim.frm
02 10:46:15:187 Termino parse forms vdintermovim.frm
02 10:46:15:187 Ejecutando interfase VDINTERMOVIM
02 10:48:15:207 Empiezo a leer forms vdintermovim.frm
02 10:48:15:213 Termino parse forms vdintermovim.frm
02 10:48:15:213 Ejecutando interfase VDINTERMOVIM
02 10:50:15:246 Empiezo a leer forms vdintermovim.frm
02 10:50:15:246 Termino parse forms vdintermovim.frm
02 10:50:15:246 Ejecutando interfase VDINTERMOVIM
02 10:52:15:265 Empiezo a leer forms vdintermovim.frm
02 10:52:15:268 Termino parse forms vdintermovim.frm
02 10:52:15:268 Ejecutando interfase VDINTERMOVIM
02 10:54:15:287 Empiezo a leer forms vdintermovim.frm
02 10:54:15:287 Termino parse forms vdintermovim.frm
02 10:54:15:287 Ejecutando interfase VDINTERMOVIM
02 11:12:44:695 Empiezo a leer forms vdintermovim.frm
02 11:12:44:702 Termino parse forms vdintermovim.frm
02 11:12:44:702 Ejecutando interfase VDINTERMOVIM
02 11:14:44:707 Empiezo a leer forms vdintermovim.frm
02 11:14:44:707 Termino parse forms vdintermovim.frm
02 11:14:44:707 Ejecutando interfase VDINTERMOVIM
02 11:16:44:728 Empiezo a leer forms vdintermovim.frm
02 11:16:44:732 Termino parse forms vdintermovim.frm
02 11:16:44:733 Ejecutando interfase VDINTERMOVIM

00 11:17:59:493 Fichero de log cerrado.

00 11:18:11:458 Fichero de log abierto PID 3672

02 11:18:11:461 Intentando abrir fichero v10.ini
02 11:18:11:470 Cargando driver v10oracle funcion damedriveroracle
02 11:18:12:173 Conectado a base de datos
02 11:18:12:173 Proceso ENVIOMOVIM encontrado en tabla VDPROCESOS
02 11:18:12:185 Proceso ENVIOMOVIM cargado con función interfasesalida (Librería VDINTERFASES.DLL) direccion 0729CC80
02 11:18:12:186 PLSQL: INICIALIZADO PAQUETE DE LOG EL DIA 29-06-2022
02 11:18:12:195 Actualizado SID 134 SERIAL 10399 del proceso con PID 3672
00 11:18:12:200 Error al abrir fichero VDST.H
02 11:18:12:202 Empiezo a leer forms vdintermovim.frm
02 11:18:12:213 Termino parse forms vdintermovim.frm
02 11:18:12:213 Ejecutando interfase VDINTERMOVIM
02 11:20:12:235 Empiezo a leer forms vdintermovim.frm
02 11:20:12:240 Termino parse forms vdintermovim.frm
02 11:20:12:240 Ejecutando interfase VDINTERMOVIM
02 11:22:12:252 Empiezo a leer forms vdintermovim.frm
02 11:22:12:252 Termino parse forms vdintermovim.frm
02 11:22:12:252 Ejecutando interfase VDINTERMOVIM
02 11:24:12:277 Empiezo a leer forms vdintermovim.frm
02 11:24:12:277 Termino parse forms vdintermovim.frm
02 11:24:12:277 Ejecutando interfase VDINTERMOVIM
02 11:26:12:290 Empiezo a leer forms vdintermovim.frm
02 11:26:12:292 Termino parse forms vdintermovim.frm
02 11:26:12:292 Ejecutando interfase VDINTERMOVIM
02 11:28:12:303 Empiezo a leer forms vdintermovim.frm
02 11:28:12:303 Termino parse forms vdintermovim.frm
02 11:28:12:303 Ejecutando interfase VDINTERMOVIM
02 11:30:12:327 Empiezo a leer forms vdintermovim.frm
02 11:30:12:327 Termino parse forms vdintermovim.frm
02 11:30:12:327 Ejecutando interfase VDINTERMOVIM
02 11:32:12:342 Empiezo a leer forms vdintermovim.frm
02 11:32:12:343 Termino parse forms vdintermovim.frm
02 11:32:12:343 Ejecutando interfase VDINTERMOVIM
02 11:34:12:362 Empiezo a leer forms vdintermovim.frm
02 11:34:12:362 Termino parse forms vdintermovim.frm
02 11:34:12:362 Ejecutando interfase VDINTERMOVIM
02 11:36:12:387 Empiezo a leer forms vdintermovim.frm
02 11:36:12:387 Termino parse forms vdintermovim.frm
02 11:36:12:387 Ejecutando interfase VDINTERMOVIM
02 11:38:12:401 Empiezo a leer forms vdintermovim.frm
02 11:38:12:403 Termino parse forms vdintermovim.frm
02 11:38:12:405 Ejecutando interfase VDINTERMOVIM
02 11:40:12:412 Empiezo a leer forms vdintermovim.frm
02 11:40:12:412 Termino parse forms vdintermovim.frm
02 11:40:12:412 Ejecutando interfase VDINTERMOVIM
02 11:42:12:435 Empiezo a leer forms vdintermovim.frm
02 11:42:12:435 Termino parse forms vdintermovim.frm
02 11:42:12:435 Ejecutando interfase VDINTERMOVIM

00 11:42:13:494 Fichero de log cerrado.

00 13:46:18:982 Fichero de log abierto PID 7264

02 13:46:18:985 Intentando abrir fichero v10.ini
02 13:46:18:990 Cargando driver v10oracle funcion damedriveroracle
02 13:46:19:657 Conectado a base de datos
02 13:46:19:660 Proceso ENVIOMOVIM encontrado en tabla VDPROCESOS
02 13:46:19:925 Proceso ENVIOMOVIM cargado con función interfasesalida (Librería VDINTERFASES.DLL) direccion 0679CC80
02 13:46:19:927 PLSQL: INICIALIZADO PAQUETE DE LOG EL DIA 29-06-2022
02 13:46:19:944 Actualizado SID 7 SERIAL 50694 del proceso con PID 7264
00 13:46:19:949 Error al abrir fichero VDST.H
02 13:46:19:952 Empiezo a leer forms vdintermovim.frm
02 13:46:19:975 Termino parse forms vdintermovim.frm
02 13:46:19:975 Ejecutando interfase VDINTERMOVIM
02 13:48:19:982 Empiezo a leer forms vdintermovim.frm
02 13:48:19:987 Termino parse forms vdintermovim.frm
02 13:48:19:987 Ejecutando interfase VDINTERMOVIM

00 13:50:10:250 Fichero de log cerrado.

00 17:03:13:187 Fichero de log abierto PID 13908

02 17:03:13:190 Intentando abrir fichero v10.ini
02 17:03:13:195 Cargando driver v10oracle funcion damedriveroracle
02 17:03:13:874 Conectado a base de datos
02 17:03:13:875 Proceso ENVIOMOVIM encontrado en tabla VDPROCESOS
02 17:03:13:880 Proceso ENVIOMOVIM cargado con función interfasesalida (Librería VDINTERFASES.DLL) direccion 085ECC80
02 17:03:13:882 PLSQL: INICIALIZADO PAQUETE DE LOG EL DIA 29-06-2022
02 17:03:13:897 Actualizado SID 501 SERIAL 22996 del proceso con PID 13908
00 17:03:13:902 Error al abrir fichero VDST.H
02 17:03:13:902 Empiezo a leer forms vdintermovim.frm
02 17:03:13:915 Termino parse forms vdintermovim.frm
02 17:03:13:915 Ejecutando interfase VDINTERMOVIM
02 17:05:13:935 Empiezo a leer forms vdintermovim.frm
02 17:05:13:940 Termino parse forms vdintermovim.frm
02 17:05:13:940 Ejecutando interfase VDINTERMOVIM
02 17:07:13:960 Empiezo a leer forms vdintermovim.frm
02 17:07:13:962 Termino parse forms vdintermovim.frm
02 17:07:13:962 Ejecutando interfase VDINTERMOVIM
02 17:09:13:984 Empiezo a leer forms vdintermovim.frm
02 17:09:13:984 Termino parse forms vdintermovim.frm
02 17:09:13:984 Ejecutando interfase VDINTERMOVIM
02 17:11:13:997 Empiezo a leer forms vdintermovim.frm
02 17:11:14:000 Termino parse forms vdintermovim.frm
02 17:11:14:000 Ejecutando interfase VDINTERMOVIM
02 17:13:14:010 Empiezo a leer forms vdintermovim.frm
02 17:13:14:010 Termino parse forms vdintermovim.frm
02 17:13:14:010 Ejecutando interfase VDINTERMOVIM
02 17:15:14:029 Empiezo a leer forms vdintermovim.frm
02 17:15:14:029 Termino parse forms vdintermovim.frm
02 17:15:14:029 Ejecutando interfase VDINTERMOVIM
02 17:17:14:052 Empiezo a leer forms vdintermovim.frm
02 17:17:14:055 Termino parse forms vdintermovim.frm
02 17:17:14:055 Ejecutando interfase VDINTERMOVIM
02 17:19:14:070 Empiezo a leer forms vdintermovim.frm
02 17:19:14:072 Termino parse forms vdintermovim.frm
02 17:19:14:072 Ejecutando interfase VDINTERMOVIM
02 17:21:14:090 Empiezo a leer forms vdintermovim.frm
02 17:21:14:090 Termino parse forms vdintermovim.frm
02 17:21:14:090 Ejecutando interfase VDINTERMOVIM
02 17:23:14:117 Empiezo a leer forms vdintermovim.frm
02 17:23:14:122 Termino parse forms vdintermovim.frm
02 17:23:14:122 Ejecutando interfase VDINTERMOVIM
02 17:25:14:135 Empiezo a leer forms vdintermovim.frm
02 17:25:14:137 Termino parse forms vdintermovim.frm
02 17:25:14:137 Ejecutando interfase VDINTERMOVIM
02 17:27:14:157 Empiezo a leer forms vdintermovim.frm
02 17:27:14:157 Termino parse forms vdintermovim.frm
02 17:27:14:157 Ejecutando interfase VDINTERMOVIM
02 17:29:14:172 Empiezo a leer forms vdintermovim.frm
02 17:29:14:172 Termino parse forms vdintermovim.frm
02 17:29:14:172 Ejecutando interfase VDINTERMOVIM
02 17:31:14:184 Empiezo a leer forms vdintermovim.frm
02 17:31:14:184 Termino parse forms vdintermovim.frm
02 17:31:14:184 Ejecutando interfase VDINTERMOVIM
02 17:33:14:210 Empiezo a leer forms vdintermovim.frm
02 17:33:14:212 Termino parse forms vdintermovim.frm
02 17:33:14:212 Ejecutando interfase VDINTERMOVIM
02 17:35:14:227 Empiezo a leer forms vdintermovim.frm
02 17:35:14:230 Termino parse forms vdintermovim.frm
02 17:35:14:230 Ejecutando interfase VDINTERMOVIM
02 17:37:14:244 Empiezo a leer forms vdintermovim.frm
02 17:37:14:249 Termino parse forms vdintermovim.frm
02 17:37:14:249 Ejecutando interfase VDINTERMOVIM
02 17:39:14:267 Empiezo a leer forms vdintermovim.frm
02 17:39:14:267 Termino parse forms vdintermovim.frm
02 17:39:14:267 Ejecutando interfase VDINTERMOVIM
02 17:41:14:290 Empiezo a leer forms vdintermovim.frm
02 17:41:14:295 Termino parse forms vdintermovim.frm
02 17:41:14:295 Ejecutando interfase VDINTERMOVIM
02 17:43:14:307 Empiezo a leer forms vdintermovim.frm
02 17:43:14:309 Termino parse forms vdintermovim.frm
02 17:43:14:309 Ejecutando interfase VDINTERMOVIM
02 17:45:14:317 Empiezo a leer forms vdintermovim.frm
02 17:45:14:320 Termino parse forms vdintermovim.frm
02 17:45:14:320 Ejecutando interfase VDINTERMOVIM
02 17:47:14:350 Empiezo a leer forms vdintermovim.frm
02 17:47:14:350 Termino parse forms vdintermovim.frm
02 17:47:14:350 Ejecutando interfase VDINTERMOVIM
02 17:49:14:367 Empiezo a leer forms vdintermovim.frm
02 17:49:14:367 Termino parse forms vdintermovim.frm
02 17:49:14:367 Ejecutando interfase VDINTERMOVIM
02 17:51:14:382 Empiezo a leer forms vdintermovim.frm
02 17:51:14:387 Termino parse forms vdintermovim.frm
02 17:51:14:387 Ejecutando interfase VDINTERMOVIM
02 17:53:14:402 Empiezo a leer forms vdintermovim.frm
02 17:53:14:405 Termino parse forms vdintermovim.frm
02 17:53:14:405 Ejecutando interfase VDINTERMOVIM
02 17:55:14:427 Empiezo a leer forms vdintermovim.frm
02 17:55:14:427 Termino parse forms vdintermovim.frm
02 17:55:14:427 Ejecutando interfase VDINTERMOVIM

00 17:57:09:012 Fichero de log cerrado.

