00 09:23:04:081 Fichero de log abierto PID 16188

02 09:23:04:083 Intentando abrir fichero v10.ini
02 09:23:04:090 Cargando driver v10oracle funcion damedriveroracle
02 09:23:04:856 Conectado a base de datos
02 09:23:04:907 Proceso ENVIOREDUR encontrado en tabla VDPROCESOS
02 09:23:08:726 Proceso ENVIOREDUR cargado con función interfasesalida (Librería VDINTERFASES.DLL) direccion 058BCC80
02 09:23:08:727 PLSQL: INICIALIZADO PAQUETE DE LOG EL DIA 05-07-2022
02 09:23:08:757 Actualizado SID 257 SERIAL 54463 del proceso con PID 16188
00 09:23:08:765 Error al abrir fichero VDST.H
02 09:23:08:775 Empiezo a leer forms vdinterageredur.frm
02 09:23:08:823 Termino parse forms vdinterageredur.frm
02 09:23:08:823 Ejecutando interfase VDINTERAGEREDUR
02 09:25:08:840 Empiezo a leer forms vdinterageredur.frm
02 09:25:08:856 Termino parse forms vdinterageredur.frm
02 09:25:08:856 Ejecutando interfase VDINTERAGEREDUR
02 09:27:08:872 Empiezo a leer forms vdinterageredur.frm
02 09:27:08:886 Termino parse forms vdinterageredur.frm
02 09:27:08:886 Ejecutando interfase VDINTERAGEREDUR
02 09:29:08:901 Empiezo a leer forms vdinterageredur.frm
02 09:29:08:917 Termino parse forms vdinterageredur.frm
02 09:29:08:917 Ejecutando interfase VDINTERAGEREDUR
02 09:31:08:942 Empiezo a leer forms vdinterageredur.frm
02 09:31:08:952 Termino parse forms vdinterageredur.frm
02 09:31:08:952 Ejecutando interfase VDINTERAGEREDUR
02 09:33:08:975 Empiezo a leer forms vdinterageredur.frm
02 09:33:08:991 Termino parse forms vdinterageredur.frm
02 09:33:08:991 Ejecutando interfase VDINTERAGEREDUR
02 09:35:09:012 Empiezo a leer forms vdinterageredur.frm
02 09:35:09:023 Termino parse forms vdinterageredur.frm
02 09:35:09:025 Ejecutando interfase VDINTERAGEREDUR
02 09:37:09:038 Empiezo a leer forms vdinterageredur.frm
02 09:37:09:056 Termino parse forms vdinterageredur.frm
02 09:37:09:056 Ejecutando interfase VDINTERAGEREDUR
02 09:39:09:066 Empiezo a leer forms vdinterageredur.frm
02 09:39:09:077 Termino parse forms vdinterageredur.frm
02 09:39:09:077 Ejecutando interfase VDINTERAGEREDUR
02 09:41:09:103 Empiezo a leer forms vdinterageredur.frm
02 09:41:09:120 Termino parse forms vdinterageredur.frm
02 09:41:09:120 Ejecutando interfase VDINTERAGEREDUR
02 09:43:09:132 Empiezo a leer forms vdinterageredur.frm
02 09:43:09:142 Termino parse forms vdinterageredur.frm
02 09:43:09:142 Ejecutando interfase VDINTERAGEREDUR
02 09:45:09:158 Empiezo a leer forms vdinterageredur.frm
02 09:45:09:168 Termino parse forms vdinterageredur.frm
02 09:45:09:168 Ejecutando interfase VDINTERAGEREDUR
02 09:47:09:192 Empiezo a leer forms vdinterageredur.frm
02 09:47:09:207 Termino parse forms vdinterageredur.frm
02 09:47:09:207 Ejecutando interfase VDINTERAGEREDUR
02 09:49:09:227 Empiezo a leer forms vdinterageredur.frm
02 09:49:09:240 Termino parse forms vdinterageredur.frm
02 09:49:09:240 Ejecutando interfase VDINTERAGEREDUR
02 09:51:09:256 Empiezo a leer forms vdinterageredur.frm
02 09:51:09:275 Termino parse forms vdinterageredur.frm
02 09:51:09:275 Ejecutando interfase VDINTERAGEREDUR
02 09:53:09:300 Empiezo a leer forms vdinterageredur.frm
02 09:53:09:313 Termino parse forms vdinterageredur.frm
02 09:53:09:313 Ejecutando interfase VDINTERAGEREDUR
02 09:55:09:328 Empiezo a leer forms vdinterageredur.frm
02 09:55:09:343 Termino parse forms vdinterageredur.frm
02 09:55:09:343 Ejecutando interfase VDINTERAGEREDUR
02 09:57:09:366 Empiezo a leer forms vdinterageredur.frm
02 09:57:09:373 Termino parse forms vdinterageredur.frm
02 09:57:09:373 Ejecutando interfase VDINTERAGEREDUR
02 09:59:09:393 Empiezo a leer forms vdinterageredur.frm
02 09:59:09:402 Termino parse forms vdinterageredur.frm
02 09:59:09:402 Ejecutando interfase VDINTERAGEREDUR
02 10:01:09:416 Empiezo a leer forms vdinterageredur.frm
02 10:01:09:432 Termino parse forms vdinterageredur.frm
02 10:01:09:433 Ejecutando interfase VDINTERAGEREDUR
02 10:03:09:446 Empiezo a leer forms vdinterageredur.frm
02 10:03:09:456 Termino parse forms vdinterageredur.frm
02 10:03:09:456 Ejecutando interfase VDINTERAGEREDUR
02 10:05:09:480 Empiezo a leer forms vdinterageredur.frm
02 10:05:09:488 Termino parse forms vdinterageredur.frm
02 10:05:09:488 Ejecutando interfase VDINTERAGEREDUR
02 10:07:09:511 Empiezo a leer forms vdinterageredur.frm
02 10:07:09:521 Termino parse forms vdinterageredur.frm
02 10:07:09:521 Ejecutando interfase VDINTERAGEREDUR
02 10:09:09:542 Empiezo a leer forms vdinterageredur.frm
02 10:09:09:557 Termino parse forms vdinterageredur.frm
02 10:09:09:557 Ejecutando interfase VDINTERAGEREDUR
02 10:11:09:581 Empiezo a leer forms vdinterageredur.frm
02 10:11:09:590 Termino parse forms vdinterageredur.frm
02 10:11:09:590 Ejecutando interfase VDINTERAGEREDUR
02 10:13:09:608 Empiezo a leer forms vdinterageredur.frm
02 10:13:09:618 Termino parse forms vdinterageredur.frm
02 10:13:09:620 Ejecutando interfase VDINTERAGEREDUR
02 10:15:09:647 Empiezo a leer forms vdinterageredur.frm
02 10:15:09:662 Termino parse forms vdinterageredur.frm
02 10:15:09:662 Ejecutando interfase VDINTERAGEREDUR
02 10:17:09:678 Empiezo a leer forms vdinterageredur.frm
02 10:17:09:697 Termino parse forms vdinterageredur.frm
02 10:17:09:697 Ejecutando interfase VDINTERAGEREDUR
02 10:19:09:712 Empiezo a leer forms vdinterageredur.frm
02 10:19:09:727 Termino parse forms vdinterageredur.frm
02 10:19:09:727 Ejecutando interfase VDINTERAGEREDUR
02 10:21:09:742 Empiezo a leer forms vdinterageredur.frm
02 10:21:09:755 Termino parse forms vdinterageredur.frm
02 10:21:09:757 Ejecutando interfase VDINTERAGEREDUR
02 10:23:09:775 Empiezo a leer forms vdinterageredur.frm
02 10:23:09:787 Termino parse forms vdinterageredur.frm
02 10:23:09:787 Ejecutando interfase VDINTERAGEREDUR
02 10:25:09:798 Empiezo a leer forms vdinterageredur.frm
02 10:25:09:817 Termino parse forms vdinterageredur.frm
02 10:25:09:817 Ejecutando interfase VDINTERAGEREDUR
02 10:27:09:827 Empiezo a leer forms vdinterageredur.frm
02 10:27:09:840 Termino parse forms vdinterageredur.frm
02 10:27:09:840 Ejecutando interfase VDINTERAGEREDUR
02 10:29:09:857 Empiezo a leer forms vdinterageredur.frm
02 10:29:09:866 Termino parse forms vdinterageredur.frm
02 10:29:09:867 Ejecutando interfase VDINTERAGEREDUR
02 10:31:09:877 Empiezo a leer forms vdinterageredur.frm
02 10:31:09:895 Termino parse forms vdinterageredur.frm
02 10:31:09:895 Ejecutando interfase VDINTERAGEREDUR
02 10:33:09:917 Empiezo a leer forms vdinterageredur.frm
02 10:33:09:933 Termino parse forms vdinterageredur.frm
02 10:33:09:935 Ejecutando interfase VDINTERAGEREDUR
02 10:35:09:962 Empiezo a leer forms vdinterageredur.frm
02 10:35:09:980 Termino parse forms vdinterageredur.frm
02 10:35:09:980 Ejecutando interfase VDINTERAGEREDUR
02 10:37:10:002 Empiezo a leer forms vdinterageredur.frm
02 10:37:10:012 Termino parse forms vdinterageredur.frm
02 10:37:10:012 Ejecutando interfase VDINTERAGEREDUR
02 10:39:10:027 Empiezo a leer forms vdinterageredur.frm
02 10:39:10:042 Termino parse forms vdinterageredur.frm
02 10:39:10:042 Ejecutando interfase VDINTERAGEREDUR
02 10:41:10:057 Empiezo a leer forms vdinterageredur.frm
02 10:41:10:066 Termino parse forms vdinterageredur.frm
02 10:41:10:067 Ejecutando interfase VDINTERAGEREDUR
02 10:43:10:080 Empiezo a leer forms vdinterageredur.frm
02 10:43:10:096 Termino parse forms vdinterageredur.frm
02 10:43:10:097 Ejecutando interfase VDINTERAGEREDUR
02 11:12:54:410 Empiezo a leer forms vdinterageredur.frm
02 11:12:54:416 Termino parse forms vdinterageredur.frm
02 11:12:54:417 Ejecutando interfase VDINTERAGEREDUR
02 11:14:54:431 Empiezo a leer forms vdinterageredur.frm
02 11:14:54:443 Termino parse forms vdinterageredur.frm
02 11:14:54:443 Ejecutando interfase VDINTERAGEREDUR
02 11:16:54:462 Empiezo a leer forms vdinterageredur.frm
02 11:16:54:477 Termino parse forms vdinterageredur.frm
02 11:16:54:477 Ejecutando interfase VDINTERAGEREDUR
02 11:18:54:496 Empiezo a leer forms vdinterageredur.frm
02 11:18:54:511 Termino parse forms vdinterageredur.frm
02 11:18:54:511 Ejecutando interfase VDINTERAGEREDUR
02 11:20:54:526 Empiezo a leer forms vdinterageredur.frm
02 11:20:54:541 Termino parse forms vdinterageredur.frm
02 11:20:54:541 Ejecutando interfase VDINTERAGEREDUR
02 11:22:54:552 Empiezo a leer forms vdinterageredur.frm
02 11:22:54:568 Termino parse forms vdinterageredur.frm
02 11:22:54:568 Ejecutando interfase VDINTERAGEREDUR
02 11:24:54:590 Empiezo a leer forms vdinterageredur.frm
02 11:24:54:607 Termino parse forms vdinterageredur.frm
02 11:24:54:607 Ejecutando interfase VDINTERAGEREDUR
02 11:26:54:618 Empiezo a leer forms vdinterageredur.frm
02 11:26:54:632 Termino parse forms vdinterageredur.frm
02 11:26:54:632 Ejecutando interfase VDINTERAGEREDUR
02 11:28:54:656 Empiezo a leer forms vdinterageredur.frm
02 11:28:54:673 Termino parse forms vdinterageredur.frm
02 11:28:54:673 Ejecutando interfase VDINTERAGEREDUR
02 11:30:54:686 Empiezo a leer forms vdinterageredur.frm
02 11:30:54:705 Termino parse forms vdinterageredur.frm
02 11:30:54:705 Ejecutando interfase VDINTERAGEREDUR
02 11:32:54:737 Empiezo a leer forms vdinterageredur.frm
02 11:32:54:747 Termino parse forms vdinterageredur.frm
02 11:32:54:747 Ejecutando interfase VDINTERAGEREDUR
02 11:34:54:763 Empiezo a leer forms vdinterageredur.frm
02 11:34:54:780 Termino parse forms vdinterageredur.frm
02 11:34:54:781 Ejecutando interfase VDINTERAGEREDUR
02 11:36:54:802 Empiezo a leer forms vdinterageredur.frm
02 11:36:54:808 Termino parse forms vdinterageredur.frm
02 11:36:54:810 Ejecutando interfase VDINTERAGEREDUR
02 11:38:54:822 Empiezo a leer forms vdinterageredur.frm
02 11:38:54:835 Termino parse forms vdinterageredur.frm
02 11:38:54:835 Ejecutando interfase VDINTERAGEREDUR
02 11:40:54:857 Empiezo a leer forms vdinterageredur.frm
02 11:40:54:865 Termino parse forms vdinterageredur.frm
02 11:40:54:865 Ejecutando interfase VDINTERAGEREDUR
02 11:42:54:890 Empiezo a leer forms vdinterageredur.frm
02 11:42:54:897 Termino parse forms vdinterageredur.frm
02 11:42:54:897 Ejecutando interfase VDINTERAGEREDUR
02 11:44:54:922 Empiezo a leer forms vdinterageredur.frm
02 11:44:54:930 Termino parse forms vdinterageredur.frm
02 11:44:54:930 Ejecutando interfase VDINTERAGEREDUR
02 11:46:54:949 Empiezo a leer forms vdinterageredur.frm
02 11:46:54:962 Termino parse forms vdinterageredur.frm
02 11:46:54:962 Ejecutando interfase VDINTERAGEREDUR
02 11:48:54:987 Empiezo a leer forms vdinterageredur.frm
02 11:48:54:997 Termino parse forms vdinterageredur.frm
02 11:48:54:997 Ejecutando interfase VDINTERAGEREDUR
02 11:50:55:017 Empiezo a leer forms vdinterageredur.frm
02 11:50:55:035 Termino parse forms vdinterageredur.frm
02 11:50:55:037 Ejecutando interfase VDINTERAGEREDUR
02 11:52:55:050 Empiezo a leer forms vdinterageredur.frm
02 11:52:55:065 Termino parse forms vdinterageredur.frm
02 11:52:55:065 Ejecutando interfase VDINTERAGEREDUR
02 11:54:55:082 Empiezo a leer forms vdinterageredur.frm
02 11:54:55:097 Termino parse forms vdinterageredur.frm
02 11:54:55:097 Ejecutando interfase VDINTERAGEREDUR
02 11:56:55:114 Empiezo a leer forms vdinterageredur.frm
02 11:56:55:132 Termino parse forms vdinterageredur.frm
02 11:56:55:132 Ejecutando interfase VDINTERAGEREDUR
02 11:58:55:144 Empiezo a leer forms vdinterageredur.frm
02 11:58:55:155 Termino parse forms vdinterageredur.frm
02 11:58:55:155 Ejecutando interfase VDINTERAGEREDUR
02 12:01:09:719 Empiezo a leer forms vdinterageredur.frm
02 12:01:09:729 Termino parse forms vdinterageredur.frm
02 12:01:09:732 Ejecutando interfase VDINTERAGEREDUR
02 12:03:10:592 Empiezo a leer forms vdinterageredur.frm
02 12:03:10:610 Termino parse forms vdinterageredur.frm
02 12:03:10:610 Ejecutando interfase VDINTERAGEREDUR
02 12:05:10:624 Empiezo a leer forms vdinterageredur.frm
02 12:05:10:637 Termino parse forms vdinterageredur.frm
02 12:05:10:637 Ejecutando interfase VDINTERAGEREDUR
02 12:07:10:660 Empiezo a leer forms vdinterageredur.frm
02 12:07:10:670 Termino parse forms vdinterageredur.frm
02 12:07:10:670 Ejecutando interfase VDINTERAGEREDUR
02 12:09:10:690 Empiezo a leer forms vdinterageredur.frm
02 12:09:10:705 Termino parse forms vdinterageredur.frm
02 12:09:10:705 Ejecutando interfase VDINTERAGEREDUR
02 12:11:10:720 Empiezo a leer forms vdinterageredur.frm
02 12:11:10:739 Termino parse forms vdinterageredur.frm
02 12:11:10:739 Ejecutando interfase VDINTERAGEREDUR
02 12:13:10:767 Empiezo a leer forms vdinterageredur.frm
02 12:13:10:782 Termino parse forms vdinterageredur.frm
02 12:13:10:782 Ejecutando interfase VDINTERAGEREDUR
02 12:15:10:804 Empiezo a leer forms vdinterageredur.frm
02 12:15:10:817 Termino parse forms vdinterageredur.frm
02 12:15:10:817 Ejecutando interfase VDINTERAGEREDUR
02 12:17:10:830 Empiezo a leer forms vdinterageredur.frm
02 12:17:10:842 Termino parse forms vdinterageredur.frm
02 12:17:10:844 Ejecutando interfase VDINTERAGEREDUR
02 12:19:10:870 Empiezo a leer forms vdinterageredur.frm
02 12:19:10:887 Termino parse forms vdinterageredur.frm
02 12:19:10:887 Ejecutando interfase VDINTERAGEREDUR
02 12:21:10:907 Empiezo a leer forms vdinterageredur.frm
02 12:21:10:920 Termino parse forms vdinterageredur.frm
02 12:21:10:920 Ejecutando interfase VDINTERAGEREDUR
02 12:23:10:942 Empiezo a leer forms vdinterageredur.frm
02 12:23:10:962 Termino parse forms vdinterageredur.frm
02 12:23:10:962 Ejecutando interfase VDINTERAGEREDUR
02 12:25:10:987 Empiezo a leer forms vdinterageredur.frm
02 12:25:11:002 Termino parse forms vdinterageredur.frm
02 12:25:11:002 Ejecutando interfase VDINTERAGEREDUR
02 12:27:11:012 Empiezo a leer forms vdinterageredur.frm
02 12:27:11:030 Termino parse forms vdinterageredur.frm
02 12:27:11:030 Ejecutando interfase VDINTERAGEREDUR
02 12:29:11:044 Empiezo a leer forms vdinterageredur.frm
02 12:29:11:059 Termino parse forms vdinterageredur.frm
02 12:29:11:059 Ejecutando interfase VDINTERAGEREDUR
02 12:31:11:090 Empiezo a leer forms vdinterageredur.frm
02 12:31:11:100 Termino parse forms vdinterageredur.frm
02 12:31:11:100 Ejecutando interfase VDINTERAGEREDUR
02 12:33:11:115 Empiezo a leer forms vdinterageredur.frm
02 12:33:11:132 Termino parse forms vdinterageredur.frm
02 12:33:11:132 Ejecutando interfase VDINTERAGEREDUR
02 12:35:11:155 Empiezo a leer forms vdinterageredur.frm
02 12:35:11:175 Termino parse forms vdinterageredur.frm
02 12:35:11:175 Ejecutando interfase VDINTERAGEREDUR
02 12:37:11:187 Empiezo a leer forms vdinterageredur.frm
02 12:37:11:195 Termino parse forms vdinterageredur.frm
02 12:37:11:197 Ejecutando interfase VDINTERAGEREDUR
02 12:39:11:212 Empiezo a leer forms vdinterageredur.frm
02 12:39:11:219 Termino parse forms vdinterageredur.frm
02 12:39:11:220 Ejecutando interfase VDINTERAGEREDUR
02 12:41:11:235 Empiezo a leer forms vdinterageredur.frm
02 12:41:11:245 Termino parse forms vdinterageredur.frm
02 12:41:11:245 Ejecutando interfase VDINTERAGEREDUR
02 12:43:11:262 Empiezo a leer forms vdinterageredur.frm
02 12:43:11:280 Termino parse forms vdinterageredur.frm
02 12:43:11:280 Ejecutando interfase VDINTERAGEREDUR
02 12:45:11:295 Empiezo a leer forms vdinterageredur.frm
02 12:45:11:310 Termino parse forms vdinterageredur.frm
02 12:45:11:312 Ejecutando interfase VDINTERAGEREDUR
02 12:47:11:334 Empiezo a leer forms vdinterageredur.frm
02 12:47:11:342 Termino parse forms vdinterageredur.frm
02 12:47:11:342 Ejecutando interfase VDINTERAGEREDUR
02 12:49:11:357 Empiezo a leer forms vdinterageredur.frm
02 12:49:11:374 Termino parse forms vdinterageredur.frm
02 12:49:11:375 Ejecutando interfase VDINTERAGEREDUR
02 12:51:11:387 Empiezo a leer forms vdinterageredur.frm
02 12:51:11:400 Termino parse forms vdinterageredur.frm
02 12:51:11:400 Ejecutando interfase VDINTERAGEREDUR
02 12:53:11:420 Empiezo a leer forms vdinterageredur.frm
02 12:53:11:434 Termino parse forms vdinterageredur.frm
02 12:53:11:435 Ejecutando interfase VDINTERAGEREDUR
02 12:55:11:460 Empiezo a leer forms vdinterageredur.frm
02 12:55:11:475 Termino parse forms vdinterageredur.frm
02 12:55:11:475 Ejecutando interfase VDINTERAGEREDUR
02 12:57:11:497 Empiezo a leer forms vdinterageredur.frm
02 12:57:11:510 Termino parse forms vdinterageredur.frm
02 12:57:11:510 Ejecutando interfase VDINTERAGEREDUR
02 12:59:11:522 Empiezo a leer forms vdinterageredur.frm
02 12:59:11:532 Termino parse forms vdinterageredur.frm
02 12:59:11:532 Ejecutando interfase VDINTERAGEREDUR
02 13:01:11:545 Empiezo a leer forms vdinterageredur.frm
02 13:01:11:557 Termino parse forms vdinterageredur.frm
02 13:01:11:557 Ejecutando interfase VDINTERAGEREDUR
02 13:03:11:575 Empiezo a leer forms vdinterageredur.frm
02 13:03:11:585 Termino parse forms vdinterageredur.frm
02 13:03:11:585 Ejecutando interfase VDINTERAGEREDUR
02 13:05:11:600 Empiezo a leer forms vdinterageredur.frm
02 13:05:11:615 Termino parse forms vdinterageredur.frm
02 13:05:11:615 Ejecutando interfase VDINTERAGEREDUR
02 13:07:11:637 Empiezo a leer forms vdinterageredur.frm
02 13:07:11:645 Termino parse forms vdinterageredur.frm
02 13:07:11:645 Ejecutando interfase VDINTERAGEREDUR
02 13:09:11:664 Empiezo a leer forms vdinterageredur.frm
02 13:09:11:682 Termino parse forms vdinterageredur.frm
02 13:09:11:682 Ejecutando interfase VDINTERAGEREDUR
02 13:11:11:697 Empiezo a leer forms vdinterageredur.frm
02 13:11:11:707 Termino parse forms vdinterageredur.frm
02 13:11:11:707 Ejecutando interfase VDINTERAGEREDUR
02 13:13:11:730 Empiezo a leer forms vdinterageredur.frm
02 13:13:11:745 Termino parse forms vdinterageredur.frm
02 13:13:11:745 Ejecutando interfase VDINTERAGEREDUR
02 13:15:11:757 Empiezo a leer forms vdinterageredur.frm
02 13:15:11:775 Termino parse forms vdinterageredur.frm
02 13:15:11:775 Ejecutando interfase VDINTERAGEREDUR
02 13:17:11:790 Empiezo a leer forms vdinterageredur.frm
02 13:17:11:804 Termino parse forms vdinterageredur.frm
02 13:17:11:804 Ejecutando interfase VDINTERAGEREDUR
02 13:19:11:819 Empiezo a leer forms vdinterageredur.frm
02 13:19:11:835 Termino parse forms vdinterageredur.frm
02 13:19:11:835 Ejecutando interfase VDINTERAGEREDUR
02 13:21:11:852 Empiezo a leer forms vdinterageredur.frm
02 13:21:11:870 Termino parse forms vdinterageredur.frm
02 13:21:11:870 Ejecutando interfase VDINTERAGEREDUR
02 13:23:11:892 Empiezo a leer forms vdinterageredur.frm
02 13:23:11:907 Termino parse forms vdinterageredur.frm
02 13:23:11:907 Ejecutando interfase VDINTERAGEREDUR
02 13:25:11:922 Empiezo a leer forms vdinterageredur.frm
02 13:25:11:932 Termino parse forms vdinterageredur.frm
02 13:25:11:932 Ejecutando interfase VDINTERAGEREDUR
02 13:27:11:944 Empiezo a leer forms vdinterageredur.frm
02 13:27:11:952 Termino parse forms vdinterageredur.frm
02 13:27:11:954 Ejecutando interfase VDINTERAGEREDUR
02 13:29:11:969 Empiezo a leer forms vdinterageredur.frm
02 13:29:11:977 Termino parse forms vdinterageredur.frm
02 13:29:11:977 Ejecutando interfase VDINTERAGEREDUR
02 13:31:12:000 Empiezo a leer forms vdinterageredur.frm
02 13:31:12:017 Termino parse forms vdinterageredur.frm
02 13:31:12:017 Ejecutando interfase VDINTERAGEREDUR
02 13:33:12:030 Empiezo a leer forms vdinterageredur.frm
02 13:33:12:047 Termino parse forms vdinterageredur.frm
02 13:33:12:047 Ejecutando interfase VDINTERAGEREDUR
02 13:35:12:069 Empiezo a leer forms vdinterageredur.frm
02 13:35:12:087 Termino parse forms vdinterageredur.frm
02 13:35:12:087 Ejecutando interfase VDINTERAGEREDUR

00 13:36:35:290 Fichero de log cerrado.

00 13:36:39:414 Fichero de log abierto PID 13588

02 13:36:39:415 Intentando abrir fichero v10.ini
02 13:36:39:420 Cargando driver v10oracle funcion damedriveroracle
02 13:36:40:114 Conectado a base de datos
02 13:36:40:115 Proceso ENVIOREDUR encontrado en tabla VDPROCESOS
02 13:36:40:122 Proceso ENVIOREDUR cargado con función interfasesalida (Librería VDINTERFASES.DLL) direccion 05F0CC80
02 13:36:40:125 PLSQL: INICIALIZADO PAQUETE DE LOG EL DIA 05-07-2022
02 13:36:40:135 Actualizado SID 626 SERIAL 28297 del proceso con PID 13588
00 13:36:40:140 Error al abrir fichero VDST.H
02 13:36:40:140 Empiezo a leer forms vdinterageredur.frm
02 13:36:40:180 Termino parse forms vdinterageredur.frm
02 13:36:40:182 Ejecutando interfase VDINTERAGEREDUR
02 13:38:40:197 Empiezo a leer forms vdinterageredur.frm
02 13:38:40:212 Termino parse forms vdinterageredur.frm
02 13:38:40:212 Ejecutando interfase VDINTERAGEREDUR
02 13:40:40:224 Empiezo a leer forms vdinterageredur.frm
02 13:40:40:235 Termino parse forms vdinterageredur.frm
02 13:40:40:235 Ejecutando interfase VDINTERAGEREDUR
02 13:42:40:254 Empiezo a leer forms vdinterageredur.frm
02 13:42:40:267 Termino parse forms vdinterageredur.frm
02 13:42:40:269 Ejecutando interfase VDINTERAGEREDUR
02 13:57:58:564 Empiezo a leer forms vdinterageredur.frm
02 13:57:58:572 Termino parse forms vdinterageredur.frm
02 13:57:58:574 Ejecutando interfase VDINTERAGEREDUR

00 13:58:57:502 Fichero de log cerrado.

00 13:59:20:392 Fichero de log abierto PID 5680

02 13:59:20:395 Intentando abrir fichero v10.ini
02 13:59:20:402 Cargando driver v10oracle funcion damedriveroracle
02 13:59:21:142 Conectado a base de datos
02 13:59:21:144 Proceso ENVIOREDUR encontrado en tabla VDPROCESOS
02 13:59:21:152 Proceso ENVIOREDUR cargado con función interfasesalida (Librería VDINTERFASES.DLL) direccion 0626CC80
02 13:59:21:154 PLSQL: INICIALIZADO PAQUETE DE LOG EL DIA 05-07-2022
02 13:59:21:165 Actualizado SID 870 SERIAL 19572 del proceso con PID 5680
00 13:59:21:169 Error al abrir fichero VDST.H
02 13:59:21:170 Empiezo a leer forms vdinterageredur.frm
02 13:59:21:210 Termino parse forms vdinterageredur.frm
02 13:59:21:210 Ejecutando interfase VDINTERAGEREDUR
02 14:01:21:234 Empiezo a leer forms vdinterageredur.frm
02 14:01:21:247 Termino parse forms vdinterageredur.frm
02 14:01:21:247 Ejecutando interfase VDINTERAGEREDUR
02 14:03:21:270 Empiezo a leer forms vdinterageredur.frm
02 14:03:21:284 Termino parse forms vdinterageredur.frm
02 14:03:21:284 Ejecutando interfase VDINTERAGEREDUR
02 14:05:21:309 Empiezo a leer forms vdinterageredur.frm
02 14:05:21:322 Termino parse forms vdinterageredur.frm
02 14:05:21:324 Ejecutando interfase VDINTERAGEREDUR
02 14:07:21:349 Empiezo a leer forms vdinterageredur.frm
02 14:07:21:367 Termino parse forms vdinterageredur.frm
02 14:07:21:367 Ejecutando interfase VDINTERAGEREDUR
02 14:09:21:392 Empiezo a leer forms vdinterageredur.frm
02 14:09:21:400 Termino parse forms vdinterageredur.frm
02 14:09:21:402 Ejecutando interfase VDINTERAGEREDUR
02 14:11:21:417 Empiezo a leer forms vdinterageredur.frm
02 14:11:21:429 Termino parse forms vdinterageredur.frm
02 14:11:21:429 Ejecutando interfase VDINTERAGEREDUR
02 14:13:21:449 Empiezo a leer forms vdinterageredur.frm
02 14:13:21:464 Termino parse forms vdinterageredur.frm
02 14:13:21:464 Ejecutando interfase VDINTERAGEREDUR
02 14:15:21:482 Empiezo a leer forms vdinterageredur.frm
02 14:15:21:497 Termino parse forms vdinterageredur.frm
02 14:15:21:497 Ejecutando interfase VDINTERAGEREDUR
02 14:17:21:510 Empiezo a leer forms vdinterageredur.frm
02 14:17:21:525 Termino parse forms vdinterageredur.frm
02 14:17:21:525 Ejecutando interfase VDINTERAGEREDUR
02 14:19:21:537 Empiezo a leer forms vdinterageredur.frm
02 14:19:21:550 Termino parse forms vdinterageredur.frm
02 14:19:21:550 Ejecutando interfase VDINTERAGEREDUR
02 14:21:21:564 Empiezo a leer forms vdinterageredur.frm
02 14:21:21:580 Termino parse forms vdinterageredur.frm
02 14:21:21:580 Ejecutando interfase VDINTERAGEREDUR
02 14:23:21:595 Empiezo a leer forms vdinterageredur.frm
02 14:23:21:610 Termino parse forms vdinterageredur.frm
02 14:23:21:610 Ejecutando interfase VDINTERAGEREDUR
02 14:25:21:622 Empiezo a leer forms vdinterageredur.frm
02 14:25:21:642 Termino parse forms vdinterageredur.frm
02 14:25:21:642 Ejecutando interfase VDINTERAGEREDUR
02 14:27:21:655 Empiezo a leer forms vdinterageredur.frm
02 14:27:21:672 Termino parse forms vdinterageredur.frm
02 14:27:21:672 Ejecutando interfase VDINTERAGEREDUR
02 14:29:21:690 Empiezo a leer forms vdinterageredur.frm
02 14:29:21:700 Termino parse forms vdinterageredur.frm
02 14:29:21:700 Ejecutando interfase VDINTERAGEREDUR
02 14:31:21:720 Empiezo a leer forms vdinterageredur.frm
02 14:31:21:735 Termino parse forms vdinterageredur.frm
02 14:31:21:735 Ejecutando interfase VDINTERAGEREDUR
02 14:33:21:755 Empiezo a leer forms vdinterageredur.frm
02 14:33:21:774 Termino parse forms vdinterageredur.frm
02 14:33:21:774 Ejecutando interfase VDINTERAGEREDUR
02 14:35:21:787 Empiezo a leer forms vdinterageredur.frm
02 14:35:21:797 Termino parse forms vdinterageredur.frm
02 14:35:21:799 Ejecutando interfase VDINTERAGEREDUR
02 14:37:21:824 Empiezo a leer forms vdinterageredur.frm
02 14:37:21:842 Termino parse forms vdinterageredur.frm
02 14:37:21:842 Ejecutando interfase VDINTERAGEREDUR
02 14:39:21:857 Empiezo a leer forms vdinterageredur.frm
02 14:39:21:875 Termino parse forms vdinterageredur.frm
02 14:39:21:875 Ejecutando interfase VDINTERAGEREDUR
02 14:41:21:894 Empiezo a leer forms vdinterageredur.frm
02 14:41:21:907 Termino parse forms vdinterageredur.frm
02 14:41:21:909 Ejecutando interfase VDINTERAGEREDUR
02 14:43:21:924 Empiezo a leer forms vdinterageredur.frm
02 14:43:21:949 Termino parse forms vdinterageredur.frm
02 14:43:21:950 Ejecutando interfase VDINTERAGEREDUR
02 14:45:22:000 Empiezo a leer forms vdinterageredur.frm
02 14:45:22:017 Termino parse forms vdinterageredur.frm
02 14:45:22:017 Ejecutando interfase VDINTERAGEREDUR
02 14:47:22:042 Empiezo a leer forms vdinterageredur.frm
02 14:47:22:052 Termino parse forms vdinterageredur.frm
02 14:47:22:052 Ejecutando interfase VDINTERAGEREDUR
02 14:49:22:070 Empiezo a leer forms vdinterageredur.frm
02 14:49:22:082 Termino parse forms vdinterageredur.frm
02 14:49:22:082 Ejecutando interfase VDINTERAGEREDUR
02 14:51:22:105 Empiezo a leer forms vdinterageredur.frm
02 14:51:22:122 Termino parse forms vdinterageredur.frm
02 14:51:22:124 Ejecutando interfase VDINTERAGEREDUR

00 14:52:23:002 Fichero de log cerrado.

00 14:52:50:265 Fichero de log abierto PID 13976

02 14:52:50:267 Intentando abrir fichero v10.ini
02 14:52:50:275 Cargando driver v10oracle funcion damedriveroracle
02 14:52:50:965 Conectado a base de datos
02 14:52:50:967 Proceso ENVIOREDUR encontrado en tabla VDPROCESOS
02 14:52:50:974 Proceso ENVIOREDUR cargado con función interfasesalida (Librería VDINTERFASES.DLL) direccion 0508CC80
02 14:52:50:976 PLSQL: INICIALIZADO PAQUETE DE LOG EL DIA 05-07-2022
02 14:52:50:985 Actualizado SID 263 SERIAL 44359 del proceso con PID 13976
00 14:52:50:992 Error al abrir fichero VDST.H
02 14:52:50:994 Empiezo a leer forms vdinterageredur.frm
02 14:52:51:034 Termino parse forms vdinterageredur.frm
02 14:52:51:034 Ejecutando interfase VDINTERAGEREDUR

00 14:54:38:089 Fichero de log cerrado.

00 14:54:42:992 Fichero de log abierto PID 12464

02 14:54:42:995 Intentando abrir fichero v10.ini
02 14:54:43:000 Cargando driver v10oracle funcion damedriveroracle
02 14:54:43:549 Conectado a base de datos
02 14:54:43:550 Proceso ENVIOREDUR encontrado en tabla VDPROCESOS
02 14:54:43:555 Proceso ENVIOREDUR cargado con función interfasesalida (Librería VDINTERFASES.DLL) direccion 0639CC80
02 14:54:43:559 PLSQL: INICIALIZADO PAQUETE DE LOG EL DIA 05-07-2022
02 14:54:43:570 Actualizado SID 384 SERIAL 857 del proceso con PID 12464
00 14:54:43:575 Error al abrir fichero VDST.H
02 14:54:43:577 Empiezo a leer forms vdinterageredur.frm
02 14:54:43:612 Termino parse forms vdinterageredur.frm
02 14:54:43:612 Ejecutando interfase VDINTERAGEREDUR
02 14:56:43:627 Empiezo a leer forms vdinterageredur.frm
02 14:56:43:642 Termino parse forms vdinterageredur.frm
02 14:56:43:642 Ejecutando interfase VDINTERAGEREDUR
02 14:58:43:670 Empiezo a leer forms vdinterageredur.frm
02 14:58:43:687 Termino parse forms vdinterageredur.frm
02 14:58:43:687 Ejecutando interfase VDINTERAGEREDUR
02 15:00:43:712 Empiezo a leer forms vdinterageredur.frm
02 15:00:43:730 Termino parse forms vdinterageredur.frm
02 15:00:43:730 Ejecutando interfase VDINTERAGEREDUR
02 15:02:43:745 Empiezo a leer forms vdinterageredur.frm
02 15:02:43:762 Termino parse forms vdinterageredur.frm
02 15:02:43:762 Ejecutando interfase VDINTERAGEREDUR
02 15:04:43:780 Empiezo a leer forms vdinterageredur.frm
02 15:04:43:790 Termino parse forms vdinterageredur.frm
02 15:04:43:790 Ejecutando interfase VDINTERAGEREDUR
02 15:06:43:805 Empiezo a leer forms vdinterageredur.frm
02 15:06:43:817 Termino parse forms vdinterageredur.frm
02 15:06:43:817 Ejecutando interfase VDINTERAGEREDUR
02 15:08:43:842 Empiezo a leer forms vdinterageredur.frm
02 15:08:43:854 Termino parse forms vdinterageredur.frm
02 15:08:43:855 Ejecutando interfase VDINTERAGEREDUR
02 15:10:43:877 Empiezo a leer forms vdinterageredur.frm
02 15:10:43:890 Termino parse forms vdinterageredur.frm
02 15:10:43:890 Ejecutando interfase VDINTERAGEREDUR
02 15:12:43:912 Empiezo a leer forms vdinterageredur.frm
02 15:12:43:927 Termino parse forms vdinterageredur.frm
02 15:12:43:927 Ejecutando interfase VDINTERAGEREDUR
02 15:14:43:942 Empiezo a leer forms vdinterageredur.frm
02 15:14:43:959 Termino parse forms vdinterageredur.frm
02 15:14:43:960 Ejecutando interfase VDINTERAGEREDUR
02 15:16:43:972 Empiezo a leer forms vdinterageredur.frm
02 15:16:43:987 Termino parse forms vdinterageredur.frm
02 15:16:43:987 Ejecutando interfase VDINTERAGEREDUR
02 15:18:43:999 Empiezo a leer forms vdinterageredur.frm
02 15:18:44:015 Termino parse forms vdinterageredur.frm
02 15:18:44:015 Ejecutando interfase VDINTERAGEREDUR
02 15:20:44:039 Empiezo a leer forms vdinterageredur.frm
02 15:20:44:060 Termino parse forms vdinterageredur.frm
02 15:20:44:060 Ejecutando interfase VDINTERAGEREDUR
02 15:22:44:074 Empiezo a leer forms vdinterageredur.frm
02 15:22:44:089 Termino parse forms vdinterageredur.frm
02 15:22:44:089 Ejecutando interfase VDINTERAGEREDUR
02 15:24:44:112 Empiezo a leer forms vdinterageredur.frm
02 15:24:44:125 Termino parse forms vdinterageredur.frm
02 15:24:44:125 Ejecutando interfase VDINTERAGEREDUR
02 15:26:44:135 Empiezo a leer forms vdinterageredur.frm
02 15:26:44:152 Termino parse forms vdinterageredur.frm
02 15:26:44:152 Ejecutando interfase VDINTERAGEREDUR
02 15:28:44:172 Empiezo a leer forms vdinterageredur.frm
02 15:28:44:182 Termino parse forms vdinterageredur.frm
02 15:28:44:184 Ejecutando interfase VDINTERAGEREDUR
02 15:30:44:192 Empiezo a leer forms vdinterageredur.frm
02 15:30:44:207 Termino parse forms vdinterageredur.frm
02 15:30:44:207 Ejecutando interfase VDINTERAGEREDUR
02 15:32:44:219 Empiezo a leer forms vdinterageredur.frm
02 15:32:44:237 Termino parse forms vdinterageredur.frm
02 15:32:44:239 Ejecutando interfase VDINTERAGEREDUR
02 15:34:44:257 Empiezo a leer forms vdinterageredur.frm
02 15:34:44:275 Termino parse forms vdinterageredur.frm
02 15:34:44:275 Ejecutando interfase VDINTERAGEREDUR
02 15:36:44:290 Empiezo a leer forms vdinterageredur.frm
02 15:36:44:307 Termino parse forms vdinterageredur.frm
02 15:36:44:307 Ejecutando interfase VDINTERAGEREDUR
02 15:54:24:180 Empiezo a leer forms vdinterageredur.frm
02 15:54:24:189 Termino parse forms vdinterageredur.frm
02 15:54:24:190 Ejecutando interfase VDINTERAGEREDUR
02 15:56:24:209 Empiezo a leer forms vdinterageredur.frm
02 15:56:24:222 Termino parse forms vdinterageredur.frm
02 15:56:24:222 Ejecutando interfase VDINTERAGEREDUR
02 15:58:24:235 Empiezo a leer forms vdinterageredur.frm
02 15:58:24:250 Termino parse forms vdinterageredur.frm
02 15:58:24:250 Ejecutando interfase VDINTERAGEREDUR
02 16:00:24:269 Empiezo a leer forms vdinterageredur.frm
02 16:00:24:287 Termino parse forms vdinterageredur.frm
02 16:00:24:287 Ejecutando interfase VDINTERAGEREDUR
02 16:02:24:310 Empiezo a leer forms vdinterageredur.frm
02 16:02:24:330 Termino parse forms vdinterageredur.frm
02 16:02:24:330 Ejecutando interfase VDINTERAGEREDUR
02 16:04:24:347 Empiezo a leer forms vdinterageredur.frm
02 16:04:24:360 Termino parse forms vdinterageredur.frm
02 16:04:24:362 Ejecutando interfase VDINTERAGEREDUR
02 16:06:24:380 Empiezo a leer forms vdinterageredur.frm
02 16:06:24:395 Termino parse forms vdinterageredur.frm
02 16:06:24:395 Ejecutando interfase VDINTERAGEREDUR
02 16:08:24:410 Empiezo a leer forms vdinterageredur.frm
02 16:08:24:429 Termino parse forms vdinterageredur.frm
02 16:08:24:430 Ejecutando interfase VDINTERAGEREDUR
02 16:10:24:444 Empiezo a leer forms vdinterageredur.frm
02 16:10:24:462 Termino parse forms vdinterageredur.frm
02 16:10:24:462 Ejecutando interfase VDINTERAGEREDUR
02 16:12:24:489 Empiezo a leer forms vdinterageredur.frm
02 16:12:24:505 Termino parse forms vdinterageredur.frm
02 16:12:24:507 Ejecutando interfase VDINTERAGEREDUR
02 16:14:24:524 Empiezo a leer forms vdinterageredur.frm
02 16:14:24:542 Termino parse forms vdinterageredur.frm
02 16:14:24:542 Ejecutando interfase VDINTERAGEREDUR
02 16:16:24:565 Empiezo a leer forms vdinterageredur.frm
02 16:16:24:584 Termino parse forms vdinterageredur.frm
02 16:16:24:584 Ejecutando interfase VDINTERAGEREDUR
02 16:18:24:602 Empiezo a leer forms vdinterageredur.frm
02 16:18:24:622 Termino parse forms vdinterageredur.frm
02 16:18:24:622 Ejecutando interfase VDINTERAGEREDUR
02 16:20:24:644 Empiezo a leer forms vdinterageredur.frm
02 16:20:24:662 Termino parse forms vdinterageredur.frm
02 16:20:24:662 Ejecutando interfase VDINTERAGEREDUR
02 16:22:24:680 Empiezo a leer forms vdinterageredur.frm
02 16:22:24:700 Termino parse forms vdinterageredur.frm
02 16:22:24:702 Ejecutando interfase VDINTERAGEREDUR
02 16:24:24:722 Empiezo a leer forms vdinterageredur.frm
02 16:24:24:742 Termino parse forms vdinterageredur.frm
02 16:24:24:742 Ejecutando interfase VDINTERAGEREDUR
02 16:26:24:757 Empiezo a leer forms vdinterageredur.frm
02 16:26:24:777 Termino parse forms vdinterageredur.frm
02 16:26:24:777 Ejecutando interfase VDINTERAGEREDUR
02 16:28:24:797 Empiezo a leer forms vdinterageredur.frm
02 16:28:24:815 Termino parse forms vdinterageredur.frm
02 16:28:24:815 Ejecutando interfase VDINTERAGEREDUR
02 16:30:24:839 Empiezo a leer forms vdinterageredur.frm
02 16:30:24:859 Termino parse forms vdinterageredur.frm
02 16:30:24:859 Ejecutando interfase VDINTERAGEREDUR
02 16:32:24:877 Empiezo a leer forms vdinterageredur.frm
02 16:32:24:895 Termino parse forms vdinterageredur.frm
02 16:32:24:895 Ejecutando interfase VDINTERAGEREDUR
02 16:34:24:912 Empiezo a leer forms vdinterageredur.frm
02 16:34:24:930 Termino parse forms vdinterageredur.frm
02 16:34:24:930 Ejecutando interfase VDINTERAGEREDUR
02 16:36:24:952 Empiezo a leer forms vdinterageredur.frm
02 16:36:24:972 Termino parse forms vdinterageredur.frm
02 16:36:24:972 Ejecutando interfase VDINTERAGEREDUR
02 16:38:24:995 Empiezo a leer forms vdinterageredur.frm
02 16:38:25:009 Termino parse forms vdinterageredur.frm
02 16:38:25:010 Ejecutando interfase VDINTERAGEREDUR
02 16:40:25:027 Empiezo a leer forms vdinterageredur.frm
02 16:40:25:047 Termino parse forms vdinterageredur.frm
02 16:40:25:047 Ejecutando interfase VDINTERAGEREDUR
02 16:42:25:062 Empiezo a leer forms vdinterageredur.frm
02 16:42:25:082 Termino parse forms vdinterageredur.frm
02 16:42:25:084 Ejecutando interfase VDINTERAGEREDUR
02 16:44:25:100 Empiezo a leer forms vdinterageredur.frm
02 16:44:25:119 Termino parse forms vdinterageredur.frm
02 16:44:25:119 Ejecutando interfase VDINTERAGEREDUR
02 16:46:25:142 Empiezo a leer forms vdinterageredur.frm
02 16:46:25:160 Termino parse forms vdinterageredur.frm
02 16:46:25:160 Ejecutando interfase VDINTERAGEREDUR
02 16:48:25:172 Empiezo a leer forms vdinterageredur.frm
02 16:48:25:192 Termino parse forms vdinterageredur.frm
02 16:48:25:192 Ejecutando interfase VDINTERAGEREDUR
02 16:50:25:204 Empiezo a leer forms vdinterageredur.frm
02 16:50:25:224 Termino parse forms vdinterageredur.frm
02 16:50:25:224 Ejecutando interfase VDINTERAGEREDUR
02 16:52:25:250 Empiezo a leer forms vdinterageredur.frm
02 16:52:25:270 Termino parse forms vdinterageredur.frm
02 16:52:25:270 Ejecutando interfase VDINTERAGEREDUR
02 16:54:25:285 Empiezo a leer forms vdinterageredur.frm
02 16:54:25:302 Termino parse forms vdinterageredur.frm
02 16:54:25:302 Ejecutando interfase VDINTERAGEREDUR
02 16:56:25:314 Empiezo a leer forms vdinterageredur.frm
02 16:56:25:332 Termino parse forms vdinterageredur.frm
02 16:56:25:332 Ejecutando interfase VDINTERAGEREDUR
02 16:58:25:359 Empiezo a leer forms vdinterageredur.frm
02 16:58:25:379 Termino parse forms vdinterageredur.frm
02 16:58:25:380 Ejecutando interfase VDINTERAGEREDUR
02 17:00:25:395 Empiezo a leer forms vdinterageredur.frm
02 17:00:25:412 Termino parse forms vdinterageredur.frm
02 17:00:25:414 Ejecutando interfase VDINTERAGEREDUR
02 17:02:25:435 Empiezo a leer forms vdinterageredur.frm
02 17:02:25:454 Termino parse forms vdinterageredur.frm
02 17:02:25:454 Ejecutando interfase VDINTERAGEREDUR
02 17:04:25:477 Empiezo a leer forms vdinterageredur.frm
02 17:04:25:497 Termino parse forms vdinterageredur.frm
02 17:04:25:497 Ejecutando interfase VDINTERAGEREDUR
02 17:06:25:517 Empiezo a leer forms vdinterageredur.frm
02 17:06:25:535 Termino parse forms vdinterageredur.frm
02 17:06:25:535 Ejecutando interfase VDINTERAGEREDUR
02 17:08:25:549 Empiezo a leer forms vdinterageredur.frm
02 17:08:25:567 Termino parse forms vdinterageredur.frm
02 17:08:25:567 Ejecutando interfase VDINTERAGEREDUR
02 17:10:25:590 Empiezo a leer forms vdinterageredur.frm
02 17:10:25:610 Termino parse forms vdinterageredur.frm
02 17:10:25:610 Ejecutando interfase VDINTERAGEREDUR
02 17:12:25:632 Empiezo a leer forms vdinterageredur.frm
02 17:12:25:650 Termino parse forms vdinterageredur.frm
02 17:12:25:650 Ejecutando interfase VDINTERAGEREDUR
02 17:14:25:675 Empiezo a leer forms vdinterageredur.frm
02 17:14:25:690 Termino parse forms vdinterageredur.frm
02 17:14:25:690 Ejecutando interfase VDINTERAGEREDUR
02 17:16:25:710 Empiezo a leer forms vdinterageredur.frm
02 17:16:25:725 Termino parse forms vdinterageredur.frm
02 17:16:25:727 Ejecutando interfase VDINTERAGEREDUR
02 17:18:25:750 Empiezo a leer forms vdinterageredur.frm
02 17:18:25:762 Termino parse forms vdinterageredur.frm
02 17:18:25:762 Ejecutando interfase VDINTERAGEREDUR
02 17:20:25:772 Empiezo a leer forms vdinterageredur.frm
02 17:20:25:787 Termino parse forms vdinterageredur.frm
02 17:20:25:787 Ejecutando interfase VDINTERAGEREDUR
02 17:22:25:802 Empiezo a leer forms vdinterageredur.frm
02 17:22:25:817 Termino parse forms vdinterageredur.frm
02 17:22:25:817 Ejecutando interfase VDINTERAGEREDUR
02 17:24:25:842 Empiezo a leer forms vdinterageredur.frm
02 17:24:25:862 Termino parse forms vdinterageredur.frm
02 17:24:25:862 Ejecutando interfase VDINTERAGEREDUR
02 17:26:25:877 Empiezo a leer forms vdinterageredur.frm
02 17:26:25:892 Termino parse forms vdinterageredur.frm
02 17:26:25:892 Ejecutando interfase VDINTERAGEREDUR
02 17:28:25:912 Empiezo a leer forms vdinterageredur.frm
02 17:28:25:934 Termino parse forms vdinterageredur.frm
02 17:28:25:934 Ejecutando interfase VDINTERAGEREDUR
02 17:30:25:955 Empiezo a leer forms vdinterageredur.frm
02 17:30:25:972 Termino parse forms vdinterageredur.frm
02 17:30:25:974 Ejecutando interfase VDINTERAGEREDUR
02 17:32:26:004 Empiezo a leer forms vdinterageredur.frm
02 17:32:26:022 Termino parse forms vdinterageredur.frm
02 17:32:26:022 Ejecutando interfase VDINTERAGEREDUR
02 17:34:26:042 Empiezo a leer forms vdinterageredur.frm
02 17:34:26:060 Termino parse forms vdinterageredur.frm
02 17:34:26:060 Ejecutando interfase VDINTERAGEREDUR
02 17:36:26:077 Empiezo a leer forms vdinterageredur.frm
02 17:36:26:095 Termino parse forms vdinterageredur.frm
02 17:36:26:095 Ejecutando interfase VDINTERAGEREDUR
02 17:38:26:117 Empiezo a leer forms vdinterageredur.frm
02 17:38:26:135 Termino parse forms vdinterageredur.frm
02 17:38:26:137 Ejecutando interfase VDINTERAGEREDUR
02 17:40:26:152 Empiezo a leer forms vdinterageredur.frm
02 17:40:26:172 Termino parse forms vdinterageredur.frm
02 17:40:26:172 Ejecutando interfase VDINTERAGEREDUR
02 17:42:26:197 Empiezo a leer forms vdinterageredur.frm
02 17:42:26:215 Termino parse forms vdinterageredur.frm
02 17:42:26:217 Ejecutando interfase VDINTERAGEREDUR
02 17:46:48:492 Empiezo a leer forms vdinterageredur.frm
02 17:46:48:500 Termino parse forms vdinterageredur.frm
02 17:46:48:502 Ejecutando interfase VDINTERAGEREDUR
02 17:48:48:510 Empiezo a leer forms vdinterageredur.frm
02 17:48:48:524 Termino parse forms vdinterageredur.frm
02 17:48:48:524 Ejecutando interfase VDINTERAGEREDUR
02 17:50:48:547 Empiezo a leer forms vdinterageredur.frm
02 17:50:48:562 Termino parse forms vdinterageredur.frm
02 17:50:48:562 Ejecutando interfase VDINTERAGEREDUR
02 17:52:48:575 Empiezo a leer forms vdinterageredur.frm
02 17:52:48:590 Termino parse forms vdinterageredur.frm
02 17:52:48:590 Ejecutando interfase VDINTERAGEREDUR
02 17:54:48:615 Empiezo a leer forms vdinterageredur.frm
02 17:54:48:630 Termino parse forms vdinterageredur.frm
02 17:54:48:630 Ejecutando interfase VDINTERAGEREDUR

00 17:55:06:114 Fichero de log cerrado.

