00 09:08:33:132 Fichero de log abierto PID 13112

02 09:08:33:132 Intentando abrir fichero v10.ini
02 09:08:33:138 Cargando driver v10oracle funcion damedriveroracle
02 09:08:33:812 Conectado a base de datos
02 09:08:33:815 Proceso ENVIOMOVIM encontrado en tabla VDPROCESOS
02 09:08:33:820 Proceso ENVIOMOVIM cargado con función interfasesalida (Librería VDINTERFASES.DLL) direccion 0591CC80
02 09:08:33:822 PLSQL: INICIALIZADO PAQUETE DE LOG EL DIA 01-04-2022
02 09:08:33:831 Actualizado SID 868 SERIAL 65526 del proceso con PID 13112
00 09:08:33:836 Error al abrir fichero VDST.H
02 09:08:33:842 Empiezo a leer forms vdintermovim.frm
02 09:08:33:852 Termino parse forms vdintermovim.frm
02 09:08:33:853 Ejecutando interfase VDINTERMOVIM
02 09:10:33:873 Empiezo a leer forms vdintermovim.frm
02 09:10:33:877 Termino parse forms vdintermovim.frm
02 09:10:33:877 Ejecutando interfase VDINTERMOVIM
02 09:12:33:898 Empiezo a leer forms vdintermovim.frm
02 09:12:33:902 Termino parse forms vdintermovim.frm
02 09:12:33:903 Ejecutando interfase VDINTERMOVIM
02 09:14:33:925 Empiezo a leer forms vdintermovim.frm
02 09:14:33:928 Termino parse forms vdintermovim.frm
02 09:14:33:928 Ejecutando interfase VDINTERMOVIM
02 09:16:33:943 Empiezo a leer forms vdintermovim.frm
02 09:16:33:947 Termino parse forms vdintermovim.frm
02 09:16:33:947 Ejecutando interfase VDINTERMOVIM
02 09:18:33:957 Empiezo a leer forms vdintermovim.frm
02 09:18:33:962 Termino parse forms vdintermovim.frm
02 09:18:33:962 Ejecutando interfase VDINTERMOVIM
02 09:20:33:980 Empiezo a leer forms vdintermovim.frm
02 09:20:33:982 Termino parse forms vdintermovim.frm
02 09:20:33:982 Ejecutando interfase VDINTERMOVIM
02 09:22:33:990 Empiezo a leer forms vdintermovim.frm
02 09:22:33:996 Termino parse forms vdintermovim.frm
02 09:22:33:996 Ejecutando interfase VDINTERMOVIM
02 09:24:34:012 Empiezo a leer forms vdintermovim.frm
02 09:24:34:017 Termino parse forms vdintermovim.frm
02 09:24:34:017 Ejecutando interfase VDINTERMOVIM
02 09:26:34:030 Empiezo a leer forms vdintermovim.frm
02 09:26:34:032 Termino parse forms vdintermovim.frm
02 09:26:34:032 Ejecutando interfase VDINTERMOVIM
02 09:28:34:040 Empiezo a leer forms vdintermovim.frm
02 09:28:34:042 Termino parse forms vdintermovim.frm
02 09:28:34:042 Ejecutando interfase VDINTERMOVIM
02 09:30:34:056 Empiezo a leer forms vdintermovim.frm
02 09:30:34:057 Termino parse forms vdintermovim.frm
02 09:30:34:058 Ejecutando interfase VDINTERMOVIM
02 09:32:34:072 Empiezo a leer forms vdintermovim.frm
02 09:32:34:078 Termino parse forms vdintermovim.frm
02 09:32:34:080 Ejecutando interfase VDINTERMOVIM
02 09:34:34:097 Empiezo a leer forms vdintermovim.frm
02 09:34:34:100 Termino parse forms vdintermovim.frm
02 09:34:34:101 Ejecutando interfase VDINTERMOVIM
02 09:36:34:111 Empiezo a leer forms vdintermovim.frm
02 09:36:34:115 Termino parse forms vdintermovim.frm
02 09:36:34:115 Ejecutando interfase VDINTERMOVIM
02 09:38:34:130 Empiezo a leer forms vdintermovim.frm
02 09:38:34:135 Termino parse forms vdintermovim.frm
02 09:38:34:136 Ejecutando interfase VDINTERMOVIM
02 09:40:34:157 Empiezo a leer forms vdintermovim.frm
02 09:40:34:161 Termino parse forms vdintermovim.frm
02 09:40:34:161 Ejecutando interfase VDINTERMOVIM
02 09:42:34:167 Empiezo a leer forms vdintermovim.frm
02 09:42:34:171 Termino parse forms vdintermovim.frm
02 09:42:34:171 Ejecutando interfase VDINTERMOVIM
02 09:44:34:188 Empiezo a leer forms vdintermovim.frm
02 09:44:34:192 Termino parse forms vdintermovim.frm
02 09:44:34:192 Ejecutando interfase VDINTERMOVIM
02 09:46:34:200 Empiezo a leer forms vdintermovim.frm
02 09:46:34:206 Termino parse forms vdintermovim.frm
02 09:46:34:206 Ejecutando interfase VDINTERMOVIM
02 09:48:34:212 Empiezo a leer forms vdintermovim.frm
02 09:48:34:217 Termino parse forms vdintermovim.frm
02 09:48:34:217 Ejecutando interfase VDINTERMOVIM
02 09:50:34:230 Empiezo a leer forms vdintermovim.frm
02 09:50:34:236 Termino parse forms vdintermovim.frm
02 09:50:34:236 Ejecutando interfase VDINTERMOVIM
02 09:52:34:247 Empiezo a leer forms vdintermovim.frm
02 09:52:34:252 Termino parse forms vdintermovim.frm
02 09:52:34:252 Ejecutando interfase VDINTERMOVIM
02 09:54:34:270 Empiezo a leer forms vdintermovim.frm
02 09:54:34:273 Termino parse forms vdintermovim.frm
02 09:54:34:273 Ejecutando interfase VDINTERMOVIM
02 09:56:34:297 Empiezo a leer forms vdintermovim.frm
02 09:56:34:302 Termino parse forms vdintermovim.frm
02 09:56:34:302 Ejecutando interfase VDINTERMOVIM
02 09:58:34:315 Empiezo a leer forms vdintermovim.frm
02 09:58:34:321 Termino parse forms vdintermovim.frm
02 09:58:34:321 Ejecutando interfase VDINTERMOVIM
02 10:00:34:332 Empiezo a leer forms vdintermovim.frm
02 10:00:34:337 Termino parse forms vdintermovim.frm
02 10:00:34:337 Ejecutando interfase VDINTERMOVIM
02 10:02:34:356 Empiezo a leer forms vdintermovim.frm
02 10:02:34:362 Termino parse forms vdintermovim.frm
02 10:02:34:362 Ejecutando interfase VDINTERMOVIM
02 10:04:34:378 Empiezo a leer forms vdintermovim.frm
02 10:04:34:383 Termino parse forms vdintermovim.frm
02 10:04:34:383 Ejecutando interfase VDINTERMOVIM
02 10:06:34:398 Empiezo a leer forms vdintermovim.frm
02 10:06:34:402 Termino parse forms vdintermovim.frm
02 10:06:34:402 Ejecutando interfase VDINTERMOVIM
02 10:08:34:413 Empiezo a leer forms vdintermovim.frm
02 10:08:34:417 Termino parse forms vdintermovim.frm
02 10:08:34:417 Ejecutando interfase VDINTERMOVIM
02 10:10:34:427 Empiezo a leer forms vdintermovim.frm
02 10:10:34:430 Termino parse forms vdintermovim.frm
02 10:10:34:430 Ejecutando interfase VDINTERMOVIM
02 10:12:34:442 Empiezo a leer forms vdintermovim.frm
02 10:12:34:448 Termino parse forms vdintermovim.frm
02 10:12:34:448 Ejecutando interfase VDINTERMOVIM
02 10:14:34:470 Empiezo a leer forms vdintermovim.frm
02 10:14:34:475 Termino parse forms vdintermovim.frm
02 10:14:34:475 Ejecutando interfase VDINTERMOVIM
02 10:16:34:486 Empiezo a leer forms vdintermovim.frm
02 10:16:34:490 Termino parse forms vdintermovim.frm
02 10:16:34:490 Ejecutando interfase VDINTERMOVIM
02 10:18:34:502 Empiezo a leer forms vdintermovim.frm
02 10:18:34:507 Termino parse forms vdintermovim.frm
02 10:18:34:507 Ejecutando interfase VDINTERMOVIM
02 10:20:34:526 Empiezo a leer forms vdintermovim.frm
02 10:20:34:532 Termino parse forms vdintermovim.frm
02 10:20:34:532 Ejecutando interfase VDINTERMOVIM
02 10:22:34:552 Empiezo a leer forms vdintermovim.frm
02 10:22:34:557 Termino parse forms vdintermovim.frm
02 10:22:34:557 Ejecutando interfase VDINTERMOVIM
02 10:24:34:576 Empiezo a leer forms vdintermovim.frm
02 10:24:34:581 Termino parse forms vdintermovim.frm
02 10:24:34:581 Ejecutando interfase VDINTERMOVIM
02 10:26:34:590 Empiezo a leer forms vdintermovim.frm
02 10:26:34:593 Termino parse forms vdintermovim.frm
02 10:26:34:593 Ejecutando interfase VDINTERMOVIM
02 10:28:34:603 Empiezo a leer forms vdintermovim.frm
02 10:28:34:607 Termino parse forms vdintermovim.frm
02 10:28:34:607 Ejecutando interfase VDINTERMOVIM
02 10:30:34:628 Empiezo a leer forms vdintermovim.frm
02 10:30:34:633 Termino parse forms vdintermovim.frm
02 10:30:34:633 Ejecutando interfase VDINTERMOVIM
02 10:32:34:653 Empiezo a leer forms vdintermovim.frm
02 10:32:34:658 Termino parse forms vdintermovim.frm
02 10:32:34:660 Ejecutando interfase VDINTERMOVIM
02 10:34:34:675 Empiezo a leer forms vdintermovim.frm
02 10:34:34:680 Termino parse forms vdintermovim.frm
02 10:34:34:680 Ejecutando interfase VDINTERMOVIM
02 10:36:34:698 Empiezo a leer forms vdintermovim.frm
02 10:36:34:702 Termino parse forms vdintermovim.frm
02 10:36:34:702 Ejecutando interfase VDINTERMOVIM
02 10:38:34:723 Empiezo a leer forms vdintermovim.frm
02 10:38:34:730 Termino parse forms vdintermovim.frm
02 10:38:34:730 Ejecutando interfase VDINTERMOVIM
02 10:40:34:752 Empiezo a leer forms vdintermovim.frm
02 10:40:34:757 Termino parse forms vdintermovim.frm
02 10:40:34:757 Ejecutando interfase VDINTERMOVIM

00 10:41:41:278 Fichero de log cerrado.

00 10:42:00:872 Fichero de log abierto PID 17016

02 10:42:00:877 Intentando abrir fichero v10.ini
02 10:42:00:886 Cargando driver v10oracle funcion damedriveroracle
02 10:42:01:587 Conectado a base de datos
02 10:42:01:590 Proceso ENVIOMOVIM encontrado en tabla VDPROCESOS
02 10:42:01:628 Proceso ENVIOMOVIM cargado con función interfasesalida (Librería VDINTERFASES.DLL) direccion 0634CC80
02 10:42:01:631 PLSQL: INICIALIZADO PAQUETE DE LOG EL DIA 01-04-2022
02 10:42:01:642 Actualizado SID 506 SERIAL 45359 del proceso con PID 17016
00 10:42:01:648 Error al abrir fichero VDST.H
02 10:42:01:651 Empiezo a leer forms vdintermovim.frm
02 10:42:01:666 Termino parse forms vdintermovim.frm
02 10:42:01:666 Ejecutando interfase VDINTERMOVIM
02 10:44:01:678 Empiezo a leer forms vdintermovim.frm
02 10:44:01:681 Termino parse forms vdintermovim.frm
02 10:44:01:681 Ejecutando interfase VDINTERMOVIM
02 10:46:01:696 Empiezo a leer forms vdintermovim.frm
02 10:46:01:702 Termino parse forms vdintermovim.frm
02 10:46:01:703 Ejecutando interfase VDINTERMOVIM
02 10:48:01:713 Empiezo a leer forms vdintermovim.frm
02 10:48:01:720 Termino parse forms vdintermovim.frm
02 10:48:01:720 Ejecutando interfase VDINTERMOVIM
02 10:50:01:738 Empiezo a leer forms vdintermovim.frm
02 10:50:01:743 Termino parse forms vdintermovim.frm
02 10:50:01:743 Ejecutando interfase VDINTERMOVIM
02 10:52:01:766 Empiezo a leer forms vdintermovim.frm
02 10:52:01:771 Termino parse forms vdintermovim.frm
02 10:52:01:772 Ejecutando interfase VDINTERMOVIM
02 10:54:01:795 Empiezo a leer forms vdintermovim.frm
02 10:54:01:797 Termino parse forms vdintermovim.frm
02 10:54:01:797 Ejecutando interfase VDINTERMOVIM
02 10:56:01:812 Empiezo a leer forms vdintermovim.frm
02 10:56:01:815 Termino parse forms vdintermovim.frm
02 10:56:01:815 Ejecutando interfase VDINTERMOVIM
02 10:58:01:822 Empiezo a leer forms vdintermovim.frm
02 10:58:01:827 Termino parse forms vdintermovim.frm
02 10:58:01:828 Ejecutando interfase VDINTERMOVIM
02 11:00:01:847 Empiezo a leer forms vdintermovim.frm
02 11:00:01:848 Termino parse forms vdintermovim.frm
02 11:00:01:848 Ejecutando interfase VDINTERMOVIM
02 11:02:01:857 Empiezo a leer forms vdintermovim.frm
02 11:02:01:862 Termino parse forms vdintermovim.frm
02 11:02:01:862 Ejecutando interfase VDINTERMOVIM
02 11:04:01:883 Empiezo a leer forms vdintermovim.frm
02 11:04:01:888 Termino parse forms vdintermovim.frm
02 11:04:01:888 Ejecutando interfase VDINTERMOVIM
02 11:06:01:907 Empiezo a leer forms vdintermovim.frm
02 11:06:01:912 Termino parse forms vdintermovim.frm
02 11:06:01:912 Ejecutando interfase VDINTERMOVIM
02 11:08:01:927 Empiezo a leer forms vdintermovim.frm
02 11:08:01:932 Termino parse forms vdintermovim.frm
02 11:08:01:933 Ejecutando interfase VDINTERMOVIM
02 11:10:01:942 Empiezo a leer forms vdintermovim.frm
02 11:10:01:948 Termino parse forms vdintermovim.frm
02 11:10:01:948 Ejecutando interfase VDINTERMOVIM
02 11:12:01:962 Empiezo a leer forms vdintermovim.frm
02 11:12:01:967 Termino parse forms vdintermovim.frm
02 11:12:01:967 Ejecutando interfase VDINTERMOVIM
02 11:14:01:980 Empiezo a leer forms vdintermovim.frm
02 11:14:01:986 Termino parse forms vdintermovim.frm
02 11:14:01:986 Ejecutando interfase VDINTERMOVIM
02 11:16:02:003 Empiezo a leer forms vdintermovim.frm
02 11:16:02:011 Termino parse forms vdintermovim.frm
02 11:16:02:012 Ejecutando interfase VDINTERMOVIM
02 11:18:02:022 Empiezo a leer forms vdintermovim.frm
02 11:18:02:026 Termino parse forms vdintermovim.frm
02 11:18:02:026 Ejecutando interfase VDINTERMOVIM
02 11:20:02:033 Empiezo a leer forms vdintermovim.frm
02 11:20:02:040 Termino parse forms vdintermovim.frm
02 11:20:02:040 Ejecutando interfase VDINTERMOVIM
02 11:22:02:052 Empiezo a leer forms vdintermovim.frm
02 11:22:02:057 Termino parse forms vdintermovim.frm
02 11:22:02:057 Ejecutando interfase VDINTERMOVIM
02 11:24:02:076 Empiezo a leer forms vdintermovim.frm
02 11:24:02:080 Termino parse forms vdintermovim.frm
02 11:24:02:080 Ejecutando interfase VDINTERMOVIM
02 11:26:02:093 Empiezo a leer forms vdintermovim.frm
02 11:26:02:097 Termino parse forms vdintermovim.frm
02 11:26:02:097 Ejecutando interfase VDINTERMOVIM
02 11:28:02:117 Empiezo a leer forms vdintermovim.frm
02 11:28:02:120 Termino parse forms vdintermovim.frm
02 11:28:02:120 Ejecutando interfase VDINTERMOVIM
02 11:30:02:138 Empiezo a leer forms vdintermovim.frm
02 11:30:02:141 Termino parse forms vdintermovim.frm
02 11:30:02:141 Ejecutando interfase VDINTERMOVIM
02 11:47:07:417 Empiezo a leer forms vdintermovim.frm
02 11:47:07:422 Termino parse forms vdintermovim.frm
02 11:47:07:422 Ejecutando interfase VDINTERMOVIM
02 11:49:07:477 Empiezo a leer forms vdintermovim.frm
02 11:49:07:484 Termino parse forms vdintermovim.frm
02 11:49:07:484 Ejecutando interfase VDINTERMOVIM
02 11:51:07:495 Empiezo a leer forms vdintermovim.frm
02 11:51:07:500 Termino parse forms vdintermovim.frm
02 11:51:07:500 Ejecutando interfase VDINTERMOVIM
02 11:53:07:512 Empiezo a leer forms vdintermovim.frm
02 11:53:07:515 Termino parse forms vdintermovim.frm
02 11:53:07:515 Ejecutando interfase VDINTERMOVIM
02 11:55:07:532 Empiezo a leer forms vdintermovim.frm
02 11:55:07:535 Termino parse forms vdintermovim.frm
02 11:55:07:535 Ejecutando interfase VDINTERMOVIM
02 11:57:07:547 Empiezo a leer forms vdintermovim.frm
02 11:57:07:552 Termino parse forms vdintermovim.frm
02 11:57:07:554 Ejecutando interfase VDINTERMOVIM
02 11:59:07:564 Empiezo a leer forms vdintermovim.frm
02 11:59:07:570 Termino parse forms vdintermovim.frm
02 11:59:07:570 Ejecutando interfase VDINTERMOVIM
02 12:01:07:580 Empiezo a leer forms vdintermovim.frm
02 12:01:07:585 Termino parse forms vdintermovim.frm
02 12:01:07:587 Ejecutando interfase VDINTERMOVIM
02 12:03:07:597 Empiezo a leer forms vdintermovim.frm
02 12:03:07:602 Termino parse forms vdintermovim.frm
02 12:03:07:602 Ejecutando interfase VDINTERMOVIM
02 12:05:07:614 Empiezo a leer forms vdintermovim.frm
02 12:05:07:619 Termino parse forms vdintermovim.frm
02 12:05:07:619 Ejecutando interfase VDINTERMOVIM
02 12:07:07:629 Empiezo a leer forms vdintermovim.frm
02 12:07:07:634 Termino parse forms vdintermovim.frm
02 12:07:07:635 Ejecutando interfase VDINTERMOVIM
02 12:09:07:642 Empiezo a leer forms vdintermovim.frm
02 12:09:07:647 Termino parse forms vdintermovim.frm
02 12:09:07:647 Ejecutando interfase VDINTERMOVIM
02 12:11:07:657 Empiezo a leer forms vdintermovim.frm
02 12:11:07:660 Termino parse forms vdintermovim.frm
02 12:11:07:660 Ejecutando interfase VDINTERMOVIM
02 12:13:07:680 Empiezo a leer forms vdintermovim.frm
02 12:13:07:682 Termino parse forms vdintermovim.frm
02 12:13:07:682 Ejecutando interfase VDINTERMOVIM
02 12:15:07:704 Empiezo a leer forms vdintermovim.frm
02 12:15:07:707 Termino parse forms vdintermovim.frm
02 12:15:07:707 Ejecutando interfase VDINTERMOVIM

00 12:15:10:325 Fichero de log cerrado.

00 12:15:19:152 Fichero de log abierto PID 1200

02 12:15:19:157 Intentando abrir fichero v10.ini
02 12:15:19:165 Cargando driver v10oracle funcion damedriveroracle
02 12:15:19:982 Conectado a base de datos
02 12:15:19:985 Proceso ENVIOMOVIM encontrado en tabla VDPROCESOS
02 12:15:19:992 Proceso ENVIOMOVIM cargado con función interfasesalida (Librería VDINTERFASES.DLL) direccion 05DACC80
02 12:15:19:997 PLSQL: INICIALIZADO PAQUETE DE LOG EL DIA 01-04-2022
02 12:15:20:007 Actualizado SID 633 SERIAL 15165 del proceso con PID 1200
00 12:15:20:015 Error al abrir fichero VDST.H
02 12:15:20:015 Empiezo a leer forms vdintermovim.frm
02 12:15:20:032 Termino parse forms vdintermovim.frm
02 12:15:20:032 Ejecutando interfase VDINTERMOVIM
02 12:17:20:047 Empiezo a leer forms vdintermovim.frm
02 12:17:20:055 Termino parse forms vdintermovim.frm
02 12:17:20:055 Ejecutando interfase VDINTERMOVIM
02 12:19:20:067 Empiezo a leer forms vdintermovim.frm
02 12:19:20:075 Termino parse forms vdintermovim.frm
02 12:19:20:075 Ejecutando interfase VDINTERMOVIM
02 12:21:20:097 Empiezo a leer forms vdintermovim.frm
02 12:21:20:105 Termino parse forms vdintermovim.frm
02 12:21:20:105 Ejecutando interfase VDINTERMOVIM
02 12:23:20:124 Empiezo a leer forms vdintermovim.frm
02 12:23:20:130 Termino parse forms vdintermovim.frm
02 12:23:20:130 Ejecutando interfase VDINTERMOVIM
02 12:25:20:145 Empiezo a leer forms vdintermovim.frm
02 12:25:20:152 Termino parse forms vdintermovim.frm
02 12:25:20:152 Ejecutando interfase VDINTERMOVIM
02 12:27:20:164 Empiezo a leer forms vdintermovim.frm
02 12:27:20:167 Termino parse forms vdintermovim.frm
02 12:27:20:167 Ejecutando interfase VDINTERMOVIM
02 12:29:20:179 Empiezo a leer forms vdintermovim.frm
02 12:29:20:182 Termino parse forms vdintermovim.frm
02 12:29:20:182 Ejecutando interfase VDINTERMOVIM
02 12:31:20:204 Empiezo a leer forms vdintermovim.frm
02 12:31:20:209 Termino parse forms vdintermovim.frm
02 12:31:20:210 Ejecutando interfase VDINTERMOVIM
02 12:33:20:222 Empiezo a leer forms vdintermovim.frm
02 12:33:20:225 Termino parse forms vdintermovim.frm
02 12:33:20:227 Ejecutando interfase VDINTERMOVIM
02 12:35:20:245 Empiezo a leer forms vdintermovim.frm
02 12:35:20:250 Termino parse forms vdintermovim.frm
02 12:35:20:250 Ejecutando interfase VDINTERMOVIM
02 12:37:20:262 Empiezo a leer forms vdintermovim.frm
02 12:37:20:265 Termino parse forms vdintermovim.frm
02 12:37:20:265 Ejecutando interfase VDINTERMOVIM
02 12:39:20:275 Empiezo a leer forms vdintermovim.frm
02 12:39:20:280 Termino parse forms vdintermovim.frm
02 12:39:20:280 Ejecutando interfase VDINTERMOVIM
02 12:41:20:294 Empiezo a leer forms vdintermovim.frm
02 12:41:20:300 Termino parse forms vdintermovim.frm
02 12:41:20:300 Ejecutando interfase VDINTERMOVIM
02 12:43:20:315 Empiezo a leer forms vdintermovim.frm
02 12:43:20:317 Termino parse forms vdintermovim.frm
02 12:43:20:317 Ejecutando interfase VDINTERMOVIM
02 12:45:20:327 Empiezo a leer forms vdintermovim.frm
02 12:45:20:330 Termino parse forms vdintermovim.frm
02 12:45:20:330 Ejecutando interfase VDINTERMOVIM
02 12:47:20:349 Empiezo a leer forms vdintermovim.frm
02 12:47:20:354 Termino parse forms vdintermovim.frm
02 12:47:20:354 Ejecutando interfase VDINTERMOVIM
02 12:49:20:362 Empiezo a leer forms vdintermovim.frm
02 12:49:20:367 Termino parse forms vdintermovim.frm
02 12:49:20:369 Ejecutando interfase VDINTERMOVIM
02 12:51:20:392 Empiezo a leer forms vdintermovim.frm
02 12:51:20:397 Termino parse forms vdintermovim.frm
02 12:51:20:397 Ejecutando interfase VDINTERMOVIM
02 12:53:20:412 Empiezo a leer forms vdintermovim.frm
02 12:53:20:417 Termino parse forms vdintermovim.frm
02 12:53:20:417 Ejecutando interfase VDINTERMOVIM
02 12:55:20:435 Empiezo a leer forms vdintermovim.frm
02 12:55:20:440 Termino parse forms vdintermovim.frm
02 12:55:20:442 Ejecutando interfase VDINTERMOVIM
02 12:57:20:462 Empiezo a leer forms vdintermovim.frm
02 12:57:20:467 Termino parse forms vdintermovim.frm
02 12:57:20:467 Ejecutando interfase VDINTERMOVIM
02 12:59:20:485 Empiezo a leer forms vdintermovim.frm
02 12:59:20:490 Termino parse forms vdintermovim.frm
02 12:59:20:490 Ejecutando interfase VDINTERMOVIM
02 13:01:20:507 Empiezo a leer forms vdintermovim.frm
02 13:01:20:514 Termino parse forms vdintermovim.frm
02 13:01:20:515 Ejecutando interfase VDINTERMOVIM
02 13:03:20:535 Empiezo a leer forms vdintermovim.frm
02 13:03:20:540 Termino parse forms vdintermovim.frm
02 13:03:20:540 Ejecutando interfase VDINTERMOVIM
02 13:05:20:552 Empiezo a leer forms vdintermovim.frm
02 13:05:20:557 Termino parse forms vdintermovim.frm
02 13:05:20:557 Ejecutando interfase VDINTERMOVIM
02 13:07:20:565 Empiezo a leer forms vdintermovim.frm
02 13:07:20:570 Termino parse forms vdintermovim.frm
02 13:07:20:572 Ejecutando interfase VDINTERMOVIM
02 13:09:20:589 Empiezo a leer forms vdintermovim.frm
02 13:09:20:592 Termino parse forms vdintermovim.frm
02 13:09:20:594 Ejecutando interfase VDINTERMOVIM

00 13:10:54:652 Fichero de log cerrado.

00 13:11:07:027 Fichero de log abierto PID 2980

02 13:11:07:030 Intentando abrir fichero v10.ini
02 13:11:07:039 Cargando driver v10oracle funcion damedriveroracle
02 13:11:07:814 Conectado a base de datos
02 13:11:07:817 Proceso ENVIOMOVIM encontrado en tabla VDPROCESOS
02 13:11:07:825 Proceso ENVIOMOVIM cargado con función interfasesalida (Librería VDINTERFASES.DLL) direccion 06E9CC80
02 13:11:07:845 PLSQL: INICIALIZADO PAQUETE DE LOG EL DIA 01-04-2022
02 13:11:07:857 Actualizado SID 746 SERIAL 890 del proceso con PID 2980
00 13:11:07:864 Error al abrir fichero VDST.H
02 13:11:07:865 Empiezo a leer forms vdintermovim.frm
02 13:11:07:880 Termino parse forms vdintermovim.frm
02 13:11:07:882 Ejecutando interfase VDINTERMOVIM
02 13:13:07:905 Empiezo a leer forms vdintermovim.frm
02 13:13:07:912 Termino parse forms vdintermovim.frm
02 13:13:07:912 Ejecutando interfase VDINTERMOVIM
02 13:15:07:927 Empiezo a leer forms vdintermovim.frm
02 13:15:07:932 Termino parse forms vdintermovim.frm
02 13:15:07:932 Ejecutando interfase VDINTERMOVIM
02 13:17:07:955 Empiezo a leer forms vdintermovim.frm
02 13:17:07:962 Termino parse forms vdintermovim.frm
02 13:17:07:962 Ejecutando interfase VDINTERMOVIM
02 13:19:07:987 Empiezo a leer forms vdintermovim.frm
02 13:19:07:994 Termino parse forms vdintermovim.frm
02 13:19:07:995 Ejecutando interfase VDINTERMOVIM
02 13:21:08:002 Empiezo a leer forms vdintermovim.frm
02 13:21:08:007 Termino parse forms vdintermovim.frm
02 13:21:08:009 Ejecutando interfase VDINTERMOVIM
02 13:23:08:027 Empiezo a leer forms vdintermovim.frm
02 13:23:08:030 Termino parse forms vdintermovim.frm
02 13:23:08:032 Ejecutando interfase VDINTERMOVIM
02 13:25:08:054 Empiezo a leer forms vdintermovim.frm
02 13:25:08:060 Termino parse forms vdintermovim.frm
02 13:25:08:060 Ejecutando interfase VDINTERMOVIM
02 13:27:08:080 Empiezo a leer forms vdintermovim.frm
02 13:27:08:084 Termino parse forms vdintermovim.frm
02 13:27:08:084 Ejecutando interfase VDINTERMOVIM
02 13:29:08:092 Empiezo a leer forms vdintermovim.frm
02 13:29:08:097 Termino parse forms vdintermovim.frm
02 13:29:08:097 Ejecutando interfase VDINTERMOVIM

00 13:31:06:372 Fichero de log cerrado.

00 13:31:13:710 Fichero de log abierto PID 10360

02 13:31:13:712 Intentando abrir fichero v10.ini
02 13:31:13:719 Cargando driver v10oracle funcion damedriveroracle
02 13:31:14:565 Conectado a base de datos
02 13:31:14:567 Proceso ENVIOMOVIM encontrado en tabla VDPROCESOS
02 13:31:14:575 Proceso ENVIOMOVIM cargado con función interfasesalida (Librería VDINTERFASES.DLL) direccion 066ACC80
02 13:31:14:577 PLSQL: INICIALIZADO PAQUETE DE LOG EL DIA 01-04-2022
02 13:31:14:587 Actualizado SID 15 SERIAL 30207 del proceso con PID 10360
00 13:31:14:592 Error al abrir fichero VDST.H
02 13:31:14:595 Empiezo a leer forms vdintermovim.frm
02 13:31:14:612 Termino parse forms vdintermovim.frm
02 13:31:14:612 Ejecutando interfase VDINTERMOVIM
02 13:33:14:620 Empiezo a leer forms vdintermovim.frm
02 13:33:14:627 Termino parse forms vdintermovim.frm
02 13:33:14:627 Ejecutando interfase VDINTERMOVIM
02 13:35:14:650 Empiezo a leer forms vdintermovim.frm
02 13:35:14:657 Termino parse forms vdintermovim.frm
02 13:35:14:657 Ejecutando interfase VDINTERMOVIM
02 13:37:14:677 Empiezo a leer forms vdintermovim.frm
02 13:37:14:682 Termino parse forms vdintermovim.frm
02 13:37:14:684 Ejecutando interfase VDINTERMOVIM
02 13:39:14:695 Empiezo a leer forms vdintermovim.frm
02 13:39:14:700 Termino parse forms vdintermovim.frm
02 13:39:14:700 Ejecutando interfase VDINTERMOVIM

00 13:39:34:107 Fichero de log cerrado.

00 13:39:48:372 Fichero de log abierto PID 16448

02 13:39:48:375 Intentando abrir fichero v10.ini
02 13:39:48:382 Cargando driver v10oracle funcion damedriveroracle
02 13:39:49:225 Conectado a base de datos
02 13:39:49:227 Proceso ENVIOMOVIM encontrado en tabla VDPROCESOS
02 13:39:49:234 Proceso ENVIOMOVIM cargado con función interfasesalida (Librería VDINTERFASES.DLL) direccion 06FFCC80
02 13:39:49:237 PLSQL: INICIALIZADO PAQUETE DE LOG EL DIA 01-04-2022
02 13:39:49:247 Actualizado SID 633 SERIAL 45808 del proceso con PID 16448
00 13:39:49:254 Error al abrir fichero VDST.H
02 13:39:49:255 Empiezo a leer forms vdintermovim.frm
02 13:39:49:272 Termino parse forms vdintermovim.frm
02 13:39:49:274 Ejecutando interfase VDINTERMOVIM

00 13:41:22:215 Fichero de log cerrado.

00 13:41:28:969 Fichero de log abierto PID 14848

02 13:41:28:970 Intentando abrir fichero v10.ini
02 13:41:28:979 Cargando driver v10oracle funcion damedriveroracle
02 13:41:29:512 Conectado a base de datos
02 13:41:29:514 Proceso ENVIOMOVIM encontrado en tabla VDPROCESOS
02 13:41:29:520 Proceso ENVIOMOVIM cargado con función interfasesalida (Librería VDINTERFASES.DLL) direccion 0658CC80
02 13:41:29:524 PLSQL: INICIALIZADO PAQUETE DE LOG EL DIA 01-04-2022
02 13:41:29:534 Actualizado SID 140 SERIAL 36876 del proceso con PID 14848
00 13:41:29:540 Error al abrir fichero VDST.H
02 13:41:29:542 Empiezo a leer forms vdintermovim.frm
02 13:41:29:560 Termino parse forms vdintermovim.frm
02 13:41:29:562 Ejecutando interfase VDINTERMOVIM
02 13:43:29:582 Empiezo a leer forms vdintermovim.frm
02 13:43:29:590 Termino parse forms vdintermovim.frm
02 13:43:29:590 Ejecutando interfase VDINTERMOVIM
02 13:45:29:609 Empiezo a leer forms vdintermovim.frm
02 13:45:29:615 Termino parse forms vdintermovim.frm
02 13:45:29:615 Ejecutando interfase VDINTERMOVIM
02 13:47:29:639 Empiezo a leer forms vdintermovim.frm
02 13:47:29:645 Termino parse forms vdintermovim.frm
02 13:47:29:645 Ejecutando interfase VDINTERMOVIM
02 13:49:29:665 Empiezo a leer forms vdintermovim.frm
02 13:49:29:674 Termino parse forms vdintermovim.frm
02 13:49:29:674 Ejecutando interfase VDINTERMOVIM
02 13:51:29:695 Empiezo a leer forms vdintermovim.frm
02 13:51:29:702 Termino parse forms vdintermovim.frm
02 13:51:29:702 Ejecutando interfase VDINTERMOVIM
02 13:53:29:727 Empiezo a leer forms vdintermovim.frm
02 13:53:29:735 Termino parse forms vdintermovim.frm
02 13:53:29:735 Ejecutando interfase VDINTERMOVIM
02 13:55:29:757 Empiezo a leer forms vdintermovim.frm
02 13:55:29:767 Termino parse forms vdintermovim.frm
02 13:55:29:767 Ejecutando interfase VDINTERMOVIM
02 13:57:29:785 Empiezo a leer forms vdintermovim.frm
02 13:57:29:792 Termino parse forms vdintermovim.frm
02 13:57:29:792 Ejecutando interfase VDINTERMOVIM

00 13:58:39:755 Fichero de log cerrado.

