00 09:09:26:390 Fichero de log abierto PID 5780

02 09:09:26:391 Intentando abrir fichero v10.ini
02 09:09:26:396 Cargando driver v10oracle funcion damedriveroracle
02 09:09:26:933 Conectado a base de datos
02 09:09:26:936 Proceso ENVIOMOVIM encontrado en tabla VDPROCESOS
02 09:09:26:941 Proceso ENVIOMOVIM cargado con función interfasesalida (Librería VDINTERFASES.DLL) direccion 05EBCC80
02 09:09:26:943 PLSQL: INICIALIZADO PAQUETE DE LOG EL DIA 29-03-2022
02 09:09:26:952 Actualizado SID 874 SERIAL 29470 del proceso con PID 5780
00 09:09:26:957 Error al abrir fichero VDST.H
02 09:09:26:965 Empiezo a leer forms vdintermovim.frm
02 09:09:26:977 Termino parse forms vdintermovim.frm
02 09:09:26:977 Ejecutando interfase VDINTERMOVIM
02 09:11:26:985 Empiezo a leer forms vdintermovim.frm
02 09:11:26:992 Termino parse forms vdintermovim.frm
02 09:11:26:992 Ejecutando interfase VDINTERMOVIM
02 09:13:27:017 Empiezo a leer forms vdintermovim.frm
02 09:13:27:022 Termino parse forms vdintermovim.frm
02 09:13:27:022 Ejecutando interfase VDINTERMOVIM
02 09:15:27:043 Empiezo a leer forms vdintermovim.frm
02 09:15:27:051 Termino parse forms vdintermovim.frm
02 09:15:27:052 Ejecutando interfase VDINTERMOVIM
02 09:17:27:065 Empiezo a leer forms vdintermovim.frm
02 09:17:27:072 Termino parse forms vdintermovim.frm
02 09:17:27:073 Ejecutando interfase VDINTERMOVIM
02 09:19:27:097 Empiezo a leer forms vdintermovim.frm
02 09:19:27:105 Termino parse forms vdintermovim.frm
02 09:19:27:106 Ejecutando interfase VDINTERMOVIM
02 09:21:27:132 Empiezo a leer forms vdintermovim.frm
02 09:21:27:138 Termino parse forms vdintermovim.frm
02 09:21:27:140 Ejecutando interfase VDINTERMOVIM
02 09:23:27:148 Empiezo a leer forms vdintermovim.frm
02 09:23:27:152 Termino parse forms vdintermovim.frm
02 09:23:27:152 Ejecutando interfase VDINTERMOVIM
02 09:25:27:172 Empiezo a leer forms vdintermovim.frm
02 09:25:27:180 Termino parse forms vdintermovim.frm
02 09:25:27:181 Ejecutando interfase VDINTERMOVIM
02 09:27:27:203 Empiezo a leer forms vdintermovim.frm
02 09:27:27:207 Termino parse forms vdintermovim.frm
02 09:27:27:207 Ejecutando interfase VDINTERMOVIM
02 09:29:27:222 Empiezo a leer forms vdintermovim.frm
02 09:29:27:228 Termino parse forms vdintermovim.frm
02 09:29:27:228 Ejecutando interfase VDINTERMOVIM
02 09:31:27:237 Empiezo a leer forms vdintermovim.frm
02 09:31:27:241 Termino parse forms vdintermovim.frm
02 09:31:27:242 Ejecutando interfase VDINTERMOVIM
02 09:33:27:256 Empiezo a leer forms vdintermovim.frm
02 09:33:27:262 Termino parse forms vdintermovim.frm
02 09:33:27:262 Ejecutando interfase VDINTERMOVIM
02 09:35:27:280 Empiezo a leer forms vdintermovim.frm
02 09:35:27:287 Termino parse forms vdintermovim.frm
02 09:35:27:287 Ejecutando interfase VDINTERMOVIM
02 09:37:27:307 Empiezo a leer forms vdintermovim.frm
02 09:37:27:315 Termino parse forms vdintermovim.frm
02 09:37:27:315 Ejecutando interfase VDINTERMOVIM
02 09:39:27:341 Empiezo a leer forms vdintermovim.frm
02 09:39:27:347 Termino parse forms vdintermovim.frm
02 09:39:27:347 Ejecutando interfase VDINTERMOVIM
02 09:41:27:368 Empiezo a leer forms vdintermovim.frm
02 09:41:27:376 Termino parse forms vdintermovim.frm
02 09:41:27:377 Ejecutando interfase VDINTERMOVIM
02 09:43:27:397 Empiezo a leer forms vdintermovim.frm
02 09:43:27:400 Termino parse forms vdintermovim.frm
02 09:43:27:400 Ejecutando interfase VDINTERMOVIM
02 09:45:27:415 Empiezo a leer forms vdintermovim.frm
02 09:45:27:422 Termino parse forms vdintermovim.frm
02 09:45:27:422 Ejecutando interfase VDINTERMOVIM
02 09:47:27:437 Empiezo a leer forms vdintermovim.frm
02 09:47:27:445 Termino parse forms vdintermovim.frm
02 09:47:27:445 Ejecutando interfase VDINTERMOVIM
02 09:49:27:468 Empiezo a leer forms vdintermovim.frm
02 09:49:27:477 Termino parse forms vdintermovim.frm
02 09:49:27:477 Ejecutando interfase VDINTERMOVIM
02 09:51:27:492 Empiezo a leer forms vdintermovim.frm
02 09:51:27:498 Termino parse forms vdintermovim.frm
02 09:51:27:498 Ejecutando interfase VDINTERMOVIM
02 09:53:27:517 Empiezo a leer forms vdintermovim.frm
02 09:53:27:525 Termino parse forms vdintermovim.frm
02 09:53:27:525 Ejecutando interfase VDINTERMOVIM
02 09:55:27:543 Empiezo a leer forms vdintermovim.frm
02 09:55:27:551 Termino parse forms vdintermovim.frm
02 09:55:27:551 Ejecutando interfase VDINTERMOVIM
02 09:57:27:576 Empiezo a leer forms vdintermovim.frm
02 09:57:27:582 Termino parse forms vdintermovim.frm
02 09:57:27:583 Ejecutando interfase VDINTERMOVIM
02 09:59:27:602 Empiezo a leer forms vdintermovim.frm
02 09:59:27:610 Termino parse forms vdintermovim.frm
02 09:59:27:612 Ejecutando interfase VDINTERMOVIM
02 10:01:27:635 Empiezo a leer forms vdintermovim.frm
02 10:01:27:641 Termino parse forms vdintermovim.frm
02 10:01:27:642 Ejecutando interfase VDINTERMOVIM
02 10:03:27:656 Empiezo a leer forms vdintermovim.frm
02 10:03:27:663 Termino parse forms vdintermovim.frm
02 10:03:27:663 Ejecutando interfase VDINTERMOVIM
02 10:05:27:682 Empiezo a leer forms vdintermovim.frm
02 10:05:27:691 Termino parse forms vdintermovim.frm
02 10:05:27:691 Ejecutando interfase VDINTERMOVIM
02 10:07:27:712 Empiezo a leer forms vdintermovim.frm
02 10:07:27:721 Termino parse forms vdintermovim.frm
02 10:07:27:721 Ejecutando interfase VDINTERMOVIM
02 10:09:27:740 Empiezo a leer forms vdintermovim.frm
02 10:09:27:747 Termino parse forms vdintermovim.frm
02 10:09:27:747 Ejecutando interfase VDINTERMOVIM
02 10:11:27:766 Empiezo a leer forms vdintermovim.frm
02 10:11:27:773 Termino parse forms vdintermovim.frm
02 10:11:27:773 Ejecutando interfase VDINTERMOVIM
02 10:13:27:783 Empiezo a leer forms vdintermovim.frm
02 10:13:27:792 Termino parse forms vdintermovim.frm
02 10:13:27:792 Ejecutando interfase VDINTERMOVIM
02 10:15:27:802 Empiezo a leer forms vdintermovim.frm
02 10:15:27:810 Termino parse forms vdintermovim.frm
02 10:15:27:810 Ejecutando interfase VDINTERMOVIM
02 10:17:27:823 Empiezo a leer forms vdintermovim.frm
02 10:17:27:831 Termino parse forms vdintermovim.frm
02 10:17:27:831 Ejecutando interfase VDINTERMOVIM
02 10:19:27:847 Empiezo a leer forms vdintermovim.frm
02 10:19:27:855 Termino parse forms vdintermovim.frm
02 10:19:27:855 Ejecutando interfase VDINTERMOVIM
02 10:21:27:876 Empiezo a leer forms vdintermovim.frm
02 10:21:27:882 Termino parse forms vdintermovim.frm
02 10:21:27:882 Ejecutando interfase VDINTERMOVIM
02 10:23:27:902 Empiezo a leer forms vdintermovim.frm
02 10:23:27:908 Termino parse forms vdintermovim.frm
02 10:23:27:910 Ejecutando interfase VDINTERMOVIM
02 10:25:27:928 Empiezo a leer forms vdintermovim.frm
02 10:25:27:936 Termino parse forms vdintermovim.frm
02 10:25:27:937 Ejecutando interfase VDINTERMOVIM
02 10:27:27:957 Empiezo a leer forms vdintermovim.frm
02 10:27:27:960 Termino parse forms vdintermovim.frm
02 10:27:27:961 Ejecutando interfase VDINTERMOVIM
02 10:29:27:967 Empiezo a leer forms vdintermovim.frm
02 10:29:27:971 Termino parse forms vdintermovim.frm
02 10:29:27:972 Ejecutando interfase VDINTERMOVIM
02 10:31:27:993 Empiezo a leer forms vdintermovim.frm
02 10:31:28:002 Termino parse forms vdintermovim.frm
02 10:31:28:002 Ejecutando interfase VDINTERMOVIM
02 10:33:28:015 Empiezo a leer forms vdintermovim.frm
02 10:33:28:022 Termino parse forms vdintermovim.frm
02 10:33:28:022 Ejecutando interfase VDINTERMOVIM
02 10:35:28:032 Empiezo a leer forms vdintermovim.frm
02 10:35:28:040 Termino parse forms vdintermovim.frm
02 10:35:28:041 Ejecutando interfase VDINTERMOVIM
02 10:37:28:056 Empiezo a leer forms vdintermovim.frm
02 10:37:28:062 Termino parse forms vdintermovim.frm
02 10:37:28:063 Ejecutando interfase VDINTERMOVIM
02 10:39:28:082 Empiezo a leer forms vdintermovim.frm
02 10:39:28:087 Termino parse forms vdintermovim.frm
02 10:39:28:087 Ejecutando interfase VDINTERMOVIM
02 10:41:28:105 Empiezo a leer forms vdintermovim.frm
02 10:41:28:110 Termino parse forms vdintermovim.frm
02 10:41:28:111 Ejecutando interfase VDINTERMOVIM
02 10:43:28:130 Empiezo a leer forms vdintermovim.frm
02 10:43:28:137 Termino parse forms vdintermovim.frm
02 10:43:28:138 Ejecutando interfase VDINTERMOVIM
02 10:45:28:146 Empiezo a leer forms vdintermovim.frm
02 10:45:28:152 Termino parse forms vdintermovim.frm
02 10:45:28:152 Ejecutando interfase VDINTERMOVIM
02 10:47:28:171 Empiezo a leer forms vdintermovim.frm
02 10:47:28:175 Termino parse forms vdintermovim.frm
02 10:47:28:175 Ejecutando interfase VDINTERMOVIM
02 10:49:28:190 Empiezo a leer forms vdintermovim.frm
02 10:49:28:198 Termino parse forms vdintermovim.frm
02 10:49:28:198 Ejecutando interfase VDINTERMOVIM
02 10:51:28:217 Empiezo a leer forms vdintermovim.frm
02 10:51:28:227 Termino parse forms vdintermovim.frm
02 10:51:28:227 Ejecutando interfase VDINTERMOVIM
02 10:53:28:247 Empiezo a leer forms vdintermovim.frm
02 10:53:28:252 Termino parse forms vdintermovim.frm
02 10:53:28:253 Ejecutando interfase VDINTERMOVIM
02 10:55:28:270 Empiezo a leer forms vdintermovim.frm
02 10:55:28:277 Termino parse forms vdintermovim.frm
02 10:55:28:277 Ejecutando interfase VDINTERMOVIM
02 10:57:28:301 Empiezo a leer forms vdintermovim.frm
02 10:57:28:305 Termino parse forms vdintermovim.frm
02 10:57:28:305 Ejecutando interfase VDINTERMOVIM
02 10:59:28:317 Empiezo a leer forms vdintermovim.frm
02 10:59:28:322 Termino parse forms vdintermovim.frm
02 10:59:28:322 Ejecutando interfase VDINTERMOVIM
02 11:01:28:333 Empiezo a leer forms vdintermovim.frm
02 11:01:28:338 Termino parse forms vdintermovim.frm
02 11:01:28:338 Ejecutando interfase VDINTERMOVIM
02 11:03:28:348 Empiezo a leer forms vdintermovim.frm
02 11:03:28:356 Termino parse forms vdintermovim.frm
02 11:03:28:357 Ejecutando interfase VDINTERMOVIM
02 11:05:28:375 Empiezo a leer forms vdintermovim.frm
02 11:05:28:381 Termino parse forms vdintermovim.frm
02 11:05:28:382 Ejecutando interfase VDINTERMOVIM
02 11:07:28:391 Empiezo a leer forms vdintermovim.frm
02 11:07:28:397 Termino parse forms vdintermovim.frm
02 11:07:28:397 Ejecutando interfase VDINTERMOVIM
02 11:09:28:412 Empiezo a leer forms vdintermovim.frm
02 11:09:28:418 Termino parse forms vdintermovim.frm
02 11:09:28:418 Ejecutando interfase VDINTERMOVIM
02 11:11:28:432 Empiezo a leer forms vdintermovim.frm
02 11:11:28:438 Termino parse forms vdintermovim.frm
02 11:11:28:438 Ejecutando interfase VDINTERMOVIM
02 11:13:28:456 Empiezo a leer forms vdintermovim.frm
02 11:13:28:463 Termino parse forms vdintermovim.frm
02 11:13:28:463 Ejecutando interfase VDINTERMOVIM
02 11:15:28:480 Empiezo a leer forms vdintermovim.frm
02 11:15:28:487 Termino parse forms vdintermovim.frm
02 11:15:28:487 Ejecutando interfase VDINTERMOVIM
02 11:17:28:495 Empiezo a leer forms vdintermovim.frm
02 11:17:28:498 Termino parse forms vdintermovim.frm
02 11:17:28:498 Ejecutando interfase VDINTERMOVIM
02 11:19:28:522 Empiezo a leer forms vdintermovim.frm
02 11:19:28:528 Termino parse forms vdintermovim.frm
02 11:19:28:530 Ejecutando interfase VDINTERMOVIM
02 11:21:28:547 Empiezo a leer forms vdintermovim.frm
02 11:21:28:556 Termino parse forms vdintermovim.frm
02 11:21:28:556 Ejecutando interfase VDINTERMOVIM
02 11:23:28:568 Empiezo a leer forms vdintermovim.frm
02 11:23:28:576 Termino parse forms vdintermovim.frm
02 11:23:28:576 Ejecutando interfase VDINTERMOVIM
02 11:25:28:596 Empiezo a leer forms vdintermovim.frm
02 11:25:28:602 Termino parse forms vdintermovim.frm
02 11:25:28:602 Ejecutando interfase VDINTERMOVIM
02 11:27:28:618 Empiezo a leer forms vdintermovim.frm
02 11:27:28:625 Termino parse forms vdintermovim.frm
02 11:27:28:625 Ejecutando interfase VDINTERMOVIM
02 11:29:28:640 Empiezo a leer forms vdintermovim.frm
02 11:29:28:647 Termino parse forms vdintermovim.frm
02 11:29:28:648 Ejecutando interfase VDINTERMOVIM
02 11:31:28:670 Empiezo a leer forms vdintermovim.frm
02 11:31:28:678 Termino parse forms vdintermovim.frm
02 11:31:28:678 Ejecutando interfase VDINTERMOVIM
02 11:33:28:692 Empiezo a leer forms vdintermovim.frm
02 11:33:28:700 Termino parse forms vdintermovim.frm
02 11:33:28:701 Ejecutando interfase VDINTERMOVIM
02 11:35:28:711 Empiezo a leer forms vdintermovim.frm
02 11:35:28:718 Termino parse forms vdintermovim.frm
02 11:35:28:718 Ejecutando interfase VDINTERMOVIM
02 11:37:28:742 Empiezo a leer forms vdintermovim.frm
02 11:37:28:746 Termino parse forms vdintermovim.frm
02 11:37:28:746 Ejecutando interfase VDINTERMOVIM
02 11:39:28:752 Empiezo a leer forms vdintermovim.frm
02 11:39:28:759 Termino parse forms vdintermovim.frm
02 11:39:28:759 Ejecutando interfase VDINTERMOVIM
02 11:41:28:782 Empiezo a leer forms vdintermovim.frm
02 11:41:28:790 Termino parse forms vdintermovim.frm
02 11:41:28:790 Ejecutando interfase VDINTERMOVIM
02 11:43:28:807 Empiezo a leer forms vdintermovim.frm
02 11:43:28:814 Termino parse forms vdintermovim.frm
02 11:43:28:814 Ejecutando interfase VDINTERMOVIM
02 11:45:28:829 Empiezo a leer forms vdintermovim.frm
02 11:45:28:835 Termino parse forms vdintermovim.frm
02 11:45:28:835 Ejecutando interfase VDINTERMOVIM
02 11:47:28:847 Empiezo a leer forms vdintermovim.frm
02 11:47:28:854 Termino parse forms vdintermovim.frm
02 11:47:28:855 Ejecutando interfase VDINTERMOVIM
02 11:49:28:870 Empiezo a leer forms vdintermovim.frm
02 11:49:28:877 Termino parse forms vdintermovim.frm
02 11:49:28:879 Ejecutando interfase VDINTERMOVIM
02 11:51:28:900 Empiezo a leer forms vdintermovim.frm
02 11:51:28:907 Termino parse forms vdintermovim.frm
02 11:51:28:907 Ejecutando interfase VDINTERMOVIM
02 11:53:28:924 Empiezo a leer forms vdintermovim.frm
02 11:53:28:930 Termino parse forms vdintermovim.frm
02 11:53:28:932 Ejecutando interfase VDINTERMOVIM
02 11:55:28:955 Empiezo a leer forms vdintermovim.frm
02 11:55:28:962 Termino parse forms vdintermovim.frm
02 11:55:28:962 Ejecutando interfase VDINTERMOVIM
02 11:57:28:982 Empiezo a leer forms vdintermovim.frm
02 11:57:28:985 Termino parse forms vdintermovim.frm
02 11:57:28:987 Ejecutando interfase VDINTERMOVIM
02 11:59:29:005 Empiezo a leer forms vdintermovim.frm
02 11:59:29:012 Termino parse forms vdintermovim.frm
02 11:59:29:012 Ejecutando interfase VDINTERMOVIM
02 12:01:29:037 Empiezo a leer forms vdintermovim.frm
02 12:01:29:045 Termino parse forms vdintermovim.frm
02 12:01:29:045 Ejecutando interfase VDINTERMOVIM
02 12:03:29:055 Empiezo a leer forms vdintermovim.frm
02 12:03:29:064 Termino parse forms vdintermovim.frm
02 12:03:29:065 Ejecutando interfase VDINTERMOVIM
02 12:05:29:080 Empiezo a leer forms vdintermovim.frm
02 12:05:29:089 Termino parse forms vdintermovim.frm
02 12:05:29:089 Ejecutando interfase VDINTERMOVIM
02 12:07:29:112 Empiezo a leer forms vdintermovim.frm
02 12:07:29:119 Termino parse forms vdintermovim.frm
02 12:07:29:120 Ejecutando interfase VDINTERMOVIM
02 12:09:29:147 Empiezo a leer forms vdintermovim.frm
02 12:09:29:155 Termino parse forms vdintermovim.frm
02 12:09:29:155 Ejecutando interfase VDINTERMOVIM
02 12:11:29:162 Empiezo a leer forms vdintermovim.frm
02 12:11:29:169 Termino parse forms vdintermovim.frm
02 12:11:29:169 Ejecutando interfase VDINTERMOVIM
02 12:13:29:185 Empiezo a leer forms vdintermovim.frm
02 12:13:29:190 Termino parse forms vdintermovim.frm
02 12:13:29:190 Ejecutando interfase VDINTERMOVIM
02 12:15:29:212 Empiezo a leer forms vdintermovim.frm
02 12:15:29:219 Termino parse forms vdintermovim.frm
02 12:15:29:220 Ejecutando interfase VDINTERMOVIM
02 12:17:29:230 Empiezo a leer forms vdintermovim.frm
02 12:17:29:237 Termino parse forms vdintermovim.frm
02 12:17:29:237 Ejecutando interfase VDINTERMOVIM
02 12:19:29:255 Empiezo a leer forms vdintermovim.frm
02 12:19:29:262 Termino parse forms vdintermovim.frm
02 12:19:29:262 Ejecutando interfase VDINTERMOVIM
02 12:21:29:287 Empiezo a leer forms vdintermovim.frm
02 12:21:29:295 Termino parse forms vdintermovim.frm
02 12:21:29:295 Ejecutando interfase VDINTERMOVIM
02 12:23:29:317 Empiezo a leer forms vdintermovim.frm
02 12:23:29:325 Termino parse forms vdintermovim.frm
02 12:23:29:325 Ejecutando interfase VDINTERMOVIM
02 12:25:29:345 Empiezo a leer forms vdintermovim.frm
02 12:25:29:352 Termino parse forms vdintermovim.frm
02 12:25:29:354 Ejecutando interfase VDINTERMOVIM
02 12:27:29:377 Empiezo a leer forms vdintermovim.frm
02 12:27:29:382 Termino parse forms vdintermovim.frm
02 12:27:29:382 Ejecutando interfase VDINTERMOVIM
02 12:29:29:399 Empiezo a leer forms vdintermovim.frm
02 12:29:29:405 Termino parse forms vdintermovim.frm
02 12:29:29:405 Ejecutando interfase VDINTERMOVIM
02 12:31:29:425 Empiezo a leer forms vdintermovim.frm
02 12:31:29:432 Termino parse forms vdintermovim.frm
02 12:31:29:432 Ejecutando interfase VDINTERMOVIM
02 12:33:29:447 Empiezo a leer forms vdintermovim.frm
02 12:33:29:455 Termino parse forms vdintermovim.frm
02 12:33:29:455 Ejecutando interfase VDINTERMOVIM
02 12:35:29:472 Empiezo a leer forms vdintermovim.frm
02 12:35:29:479 Termino parse forms vdintermovim.frm
02 12:35:29:479 Ejecutando interfase VDINTERMOVIM
02 12:37:29:492 Empiezo a leer forms vdintermovim.frm
02 12:37:29:500 Termino parse forms vdintermovim.frm
02 12:37:29:500 Ejecutando interfase VDINTERMOVIM
02 12:39:29:522 Empiezo a leer forms vdintermovim.frm
02 12:39:29:527 Termino parse forms vdintermovim.frm
02 12:39:29:527 Ejecutando interfase VDINTERMOVIM
02 12:41:29:552 Empiezo a leer forms vdintermovim.frm
02 12:41:29:560 Termino parse forms vdintermovim.frm
02 12:41:29:560 Ejecutando interfase VDINTERMOVIM
02 12:43:29:575 Empiezo a leer forms vdintermovim.frm
02 12:43:29:582 Termino parse forms vdintermovim.frm
02 12:43:29:582 Ejecutando interfase VDINTERMOVIM
02 12:45:29:594 Empiezo a leer forms vdintermovim.frm
02 12:45:29:600 Termino parse forms vdintermovim.frm
02 12:45:29:600 Ejecutando interfase VDINTERMOVIM
02 12:47:29:617 Empiezo a leer forms vdintermovim.frm
02 12:47:29:624 Termino parse forms vdintermovim.frm
02 12:47:29:624 Ejecutando interfase VDINTERMOVIM
02 12:49:29:644 Empiezo a leer forms vdintermovim.frm
02 12:49:29:650 Termino parse forms vdintermovim.frm
02 12:49:29:650 Ejecutando interfase VDINTERMOVIM
02 12:51:29:660 Empiezo a leer forms vdintermovim.frm
02 12:51:29:665 Termino parse forms vdintermovim.frm
02 12:51:29:665 Ejecutando interfase VDINTERMOVIM
02 12:53:29:684 Empiezo a leer forms vdintermovim.frm
02 12:53:29:690 Termino parse forms vdintermovim.frm
02 12:53:29:692 Ejecutando interfase VDINTERMOVIM
02 12:55:29:710 Empiezo a leer forms vdintermovim.frm
02 12:55:29:715 Termino parse forms vdintermovim.frm
02 12:55:29:715 Ejecutando interfase VDINTERMOVIM
02 12:57:29:730 Empiezo a leer forms vdintermovim.frm
02 12:57:29:737 Termino parse forms vdintermovim.frm
02 12:57:29:737 Ejecutando interfase VDINTERMOVIM
02 12:59:29:759 Empiezo a leer forms vdintermovim.frm
02 12:59:29:765 Termino parse forms vdintermovim.frm
02 12:59:29:767 Ejecutando interfase VDINTERMOVIM
02 13:01:29:792 Empiezo a leer forms vdintermovim.frm
02 13:01:29:800 Termino parse forms vdintermovim.frm
02 13:01:29:802 Ejecutando interfase VDINTERMOVIM
02 13:03:29:819 Empiezo a leer forms vdintermovim.frm
02 13:03:29:825 Termino parse forms vdintermovim.frm
02 13:03:29:825 Ejecutando interfase VDINTERMOVIM
02 13:05:29:840 Empiezo a leer forms vdintermovim.frm
02 13:05:29:847 Termino parse forms vdintermovim.frm
02 13:05:29:847 Ejecutando interfase VDINTERMOVIM
02 13:07:29:872 Empiezo a leer forms vdintermovim.frm
02 13:07:29:877 Termino parse forms vdintermovim.frm
02 13:07:29:877 Ejecutando interfase VDINTERMOVIM
02 13:09:29:887 Empiezo a leer forms vdintermovim.frm
02 13:09:29:894 Termino parse forms vdintermovim.frm
02 13:09:29:894 Ejecutando interfase VDINTERMOVIM
02 13:11:29:912 Empiezo a leer forms vdintermovim.frm
02 13:11:29:920 Termino parse forms vdintermovim.frm
02 13:11:29:920 Ejecutando interfase VDINTERMOVIM
02 13:13:29:945 Empiezo a leer forms vdintermovim.frm
02 13:13:29:952 Termino parse forms vdintermovim.frm
02 13:13:29:952 Ejecutando interfase VDINTERMOVIM
02 13:15:29:972 Empiezo a leer forms vdintermovim.frm
02 13:15:29:980 Termino parse forms vdintermovim.frm
02 13:15:29:980 Ejecutando interfase VDINTERMOVIM
02 13:17:29:992 Empiezo a leer forms vdintermovim.frm
02 13:17:29:999 Termino parse forms vdintermovim.frm
02 13:17:29:999 Ejecutando interfase VDINTERMOVIM
02 13:19:30:020 Empiezo a leer forms vdintermovim.frm
02 13:19:30:027 Termino parse forms vdintermovim.frm
02 13:19:30:027 Ejecutando interfase VDINTERMOVIM
02 13:21:30:045 Empiezo a leer forms vdintermovim.frm
02 13:21:30:052 Termino parse forms vdintermovim.frm
02 13:21:30:052 Ejecutando interfase VDINTERMOVIM
02 13:23:30:074 Empiezo a leer forms vdintermovim.frm
02 13:23:30:080 Termino parse forms vdintermovim.frm
02 13:23:30:082 Ejecutando interfase VDINTERMOVIM
02 13:25:30:097 Empiezo a leer forms vdintermovim.frm
02 13:25:30:104 Termino parse forms vdintermovim.frm
02 13:25:30:104 Ejecutando interfase VDINTERMOVIM
02 13:27:30:125 Empiezo a leer forms vdintermovim.frm
02 13:27:30:129 Termino parse forms vdintermovim.frm
02 13:27:30:129 Ejecutando interfase VDINTERMOVIM
02 13:29:30:152 Empiezo a leer forms vdintermovim.frm
02 13:29:30:157 Termino parse forms vdintermovim.frm
02 13:29:30:157 Ejecutando interfase VDINTERMOVIM
02 13:31:30:172 Empiezo a leer forms vdintermovim.frm
02 13:31:30:179 Termino parse forms vdintermovim.frm
02 13:31:30:179 Ejecutando interfase VDINTERMOVIM
02 13:33:30:199 Empiezo a leer forms vdintermovim.frm
02 13:33:30:205 Termino parse forms vdintermovim.frm
02 13:33:30:205 Ejecutando interfase VDINTERMOVIM
02 13:35:30:230 Empiezo a leer forms vdintermovim.frm
02 13:35:30:239 Termino parse forms vdintermovim.frm
02 13:35:30:239 Ejecutando interfase VDINTERMOVIM
02 13:37:30:257 Empiezo a leer forms vdintermovim.frm
02 13:37:30:265 Termino parse forms vdintermovim.frm
02 13:37:30:265 Ejecutando interfase VDINTERMOVIM
02 13:39:30:285 Empiezo a leer forms vdintermovim.frm
02 13:39:30:290 Termino parse forms vdintermovim.frm
02 13:39:30:292 Ejecutando interfase VDINTERMOVIM
02 13:41:30:302 Empiezo a leer forms vdintermovim.frm
02 13:41:30:310 Termino parse forms vdintermovim.frm
02 13:41:30:310 Ejecutando interfase VDINTERMOVIM
02 13:43:30:330 Empiezo a leer forms vdintermovim.frm
02 13:43:30:335 Termino parse forms vdintermovim.frm
02 13:43:30:335 Ejecutando interfase VDINTERMOVIM
02 13:45:30:345 Empiezo a leer forms vdintermovim.frm
02 13:45:30:349 Termino parse forms vdintermovim.frm
02 13:45:30:350 Ejecutando interfase VDINTERMOVIM
02 13:47:30:365 Empiezo a leer forms vdintermovim.frm
02 13:47:30:369 Termino parse forms vdintermovim.frm
02 13:47:30:369 Ejecutando interfase VDINTERMOVIM
02 13:49:30:375 Empiezo a leer forms vdintermovim.frm
02 13:49:30:379 Termino parse forms vdintermovim.frm
02 13:49:30:379 Ejecutando interfase VDINTERMOVIM

00 13:50:25:450 Fichero de log cerrado.

00 13:50:29:945 Fichero de log abierto PID 16288

02 13:50:29:947 Intentando abrir fichero v10.ini
02 13:50:29:955 Cargando driver v10oracle funcion damedriveroracle
02 13:50:30:539 Conectado a base de datos
02 13:50:30:542 Proceso ENVIOMOVIM encontrado en tabla VDPROCESOS
02 13:50:30:549 Proceso ENVIOMOVIM cargado con función interfasesalida (Librería VDINTERFASES.DLL) direccion 06BECC80
02 13:50:30:551 PLSQL: INICIALIZADO PAQUETE DE LOG EL DIA 29-03-2022
02 13:50:30:562 Actualizado SID 18 SERIAL 29087 del proceso con PID 16288
00 13:50:30:567 Error al abrir fichero VDST.H
02 13:50:30:570 Empiezo a leer forms vdintermovim.frm
02 13:50:30:584 Termino parse forms vdintermovim.frm
02 13:50:30:584 Ejecutando interfase VDINTERMOVIM
02 13:52:30:595 Empiezo a leer forms vdintermovim.frm
02 13:52:30:602 Termino parse forms vdintermovim.frm
02 13:52:30:604 Ejecutando interfase VDINTERMOVIM
02 13:54:30:614 Empiezo a leer forms vdintermovim.frm
02 13:54:30:620 Termino parse forms vdintermovim.frm
02 13:54:30:620 Ejecutando interfase VDINTERMOVIM
02 13:56:30:635 Empiezo a leer forms vdintermovim.frm
02 13:56:30:644 Termino parse forms vdintermovim.frm
02 13:56:30:644 Ejecutando interfase VDINTERMOVIM

00 13:56:42:810 Fichero de log cerrado.

00 13:56:45:932 Fichero de log abierto PID 1480

02 13:56:45:935 Intentando abrir fichero v10.ini
02 13:56:45:940 Cargando driver v10oracle funcion damedriveroracle
02 13:56:46:760 Conectado a base de datos
02 13:56:46:760 Proceso ENVIOMOVIM encontrado en tabla VDPROCESOS
02 13:56:46:767 Proceso ENVIOMOVIM cargado con función interfasesalida (Librería VDINTERFASES.DLL) direccion 07BECC80
02 13:56:46:768 PLSQL: INICIALIZADO PAQUETE DE LOG EL DIA 29-03-2022
02 13:56:46:780 Actualizado SID 378 SERIAL 49146 del proceso con PID 1480
00 13:56:46:785 Error al abrir fichero VDST.H
02 13:56:46:785 Empiezo a leer forms vdintermovim.frm
02 13:56:46:799 Termino parse forms vdintermovim.frm
02 13:56:46:799 Ejecutando interfase VDINTERMOVIM
02 13:58:46:819 Empiezo a leer forms vdintermovim.frm
02 13:58:46:825 Termino parse forms vdintermovim.frm
02 13:58:46:825 Ejecutando interfase VDINTERMOVIM
02 14:00:46:842 Empiezo a leer forms vdintermovim.frm
02 14:00:46:849 Termino parse forms vdintermovim.frm
02 14:00:46:849 Ejecutando interfase VDINTERMOVIM
02 14:02:46:862 Empiezo a leer forms vdintermovim.frm
02 14:02:46:870 Termino parse forms vdintermovim.frm
02 14:02:46:870 Ejecutando interfase VDINTERMOVIM
02 14:04:46:885 Empiezo a leer forms vdintermovim.frm
02 14:04:46:892 Termino parse forms vdintermovim.frm
02 14:04:46:894 Ejecutando interfase VDINTERMOVIM
02 14:06:46:910 Empiezo a leer forms vdintermovim.frm
02 14:06:46:917 Termino parse forms vdintermovim.frm
02 14:06:46:917 Ejecutando interfase VDINTERMOVIM
02 14:08:46:939 Empiezo a leer forms vdintermovim.frm
02 14:08:46:945 Termino parse forms vdintermovim.frm
02 14:08:46:945 Ejecutando interfase VDINTERMOVIM
02 14:10:46:970 Empiezo a leer forms vdintermovim.frm
02 14:10:46:975 Termino parse forms vdintermovim.frm
02 14:10:46:975 Ejecutando interfase VDINTERMOVIM
02 14:12:46:995 Empiezo a leer forms vdintermovim.frm
02 14:12:47:000 Termino parse forms vdintermovim.frm
02 14:12:47:002 Ejecutando interfase VDINTERMOVIM
02 14:14:47:012 Empiezo a leer forms vdintermovim.frm
02 14:14:47:017 Termino parse forms vdintermovim.frm
02 14:14:47:017 Ejecutando interfase VDINTERMOVIM
02 14:16:47:030 Empiezo a leer forms vdintermovim.frm
02 14:16:47:034 Termino parse forms vdintermovim.frm
02 14:16:47:034 Ejecutando interfase VDINTERMOVIM
02 14:18:47:049 Empiezo a leer forms vdintermovim.frm
02 14:18:47:054 Termino parse forms vdintermovim.frm
02 14:18:47:054 Ejecutando interfase VDINTERMOVIM
02 14:20:47:070 Empiezo a leer forms vdintermovim.frm
02 14:20:47:072 Termino parse forms vdintermovim.frm
02 14:20:47:074 Ejecutando interfase VDINTERMOVIM
02 14:22:47:087 Empiezo a leer forms vdintermovim.frm
02 14:22:47:094 Termino parse forms vdintermovim.frm
02 14:22:47:095 Ejecutando interfase VDINTERMOVIM
02 14:24:47:105 Empiezo a leer forms vdintermovim.frm
02 14:24:47:112 Termino parse forms vdintermovim.frm
02 14:24:47:112 Ejecutando interfase VDINTERMOVIM
02 14:26:47:129 Empiezo a leer forms vdintermovim.frm
02 14:26:47:134 Termino parse forms vdintermovim.frm
02 14:26:47:135 Ejecutando interfase VDINTERMOVIM
02 14:28:47:152 Empiezo a leer forms vdintermovim.frm
02 14:28:47:157 Termino parse forms vdintermovim.frm
02 14:28:47:157 Ejecutando interfase VDINTERMOVIM
02 14:30:47:180 Empiezo a leer forms vdintermovim.frm
02 14:30:47:185 Termino parse forms vdintermovim.frm
02 14:30:47:185 Ejecutando interfase VDINTERMOVIM
02 14:32:47:192 Empiezo a leer forms vdintermovim.frm
02 14:32:47:195 Termino parse forms vdintermovim.frm
02 14:32:47:195 Ejecutando interfase VDINTERMOVIM
02 14:34:47:215 Empiezo a leer forms vdintermovim.frm
02 14:34:47:219 Termino parse forms vdintermovim.frm
02 14:34:47:219 Ejecutando interfase VDINTERMOVIM
02 14:36:47:237 Empiezo a leer forms vdintermovim.frm
02 14:36:47:242 Termino parse forms vdintermovim.frm
02 14:36:47:242 Ejecutando interfase VDINTERMOVIM
02 14:38:47:259 Empiezo a leer forms vdintermovim.frm
02 14:38:47:262 Termino parse forms vdintermovim.frm
02 14:38:47:262 Ejecutando interfase VDINTERMOVIM
02 15:29:43:335 Empiezo a leer forms vdintermovim.frm
02 15:29:43:339 Termino parse forms vdintermovim.frm
02 15:29:43:340 Ejecutando interfase VDINTERMOVIM
02 15:31:43:352 Empiezo a leer forms vdintermovim.frm
02 15:31:43:357 Termino parse forms vdintermovim.frm
02 15:31:43:357 Ejecutando interfase VDINTERMOVIM

00 15:32:15:834 Fichero de log cerrado.

00 15:32:21:327 Fichero de log abierto PID 9260

02 15:32:21:329 Intentando abrir fichero v10.ini
02 15:32:21:335 Cargando driver v10oracle funcion damedriveroracle
02 15:32:22:145 Conectado a base de datos
02 15:32:22:149 Proceso ENVIOMOVIM encontrado en tabla VDPROCESOS
02 15:32:22:155 Proceso ENVIOMOVIM cargado con función interfasesalida (Librería VDINTERFASES.DLL) direccion 083FCC80
02 15:32:22:158 PLSQL: INICIALIZADO PAQUETE DE LOG EL DIA 29-03-2022
02 15:32:22:167 Actualizado SID 379 SERIAL 31150 del proceso con PID 9260
00 15:32:22:175 Error al abrir fichero VDST.H
02 15:32:22:177 Empiezo a leer forms vdintermovim.frm
02 15:32:22:192 Termino parse forms vdintermovim.frm
02 15:32:22:192 Ejecutando interfase VDINTERMOVIM
02 15:34:22:210 Empiezo a leer forms vdintermovim.frm
02 15:34:22:215 Termino parse forms vdintermovim.frm
02 15:34:22:215 Ejecutando interfase VDINTERMOVIM
02 15:36:22:239 Empiezo a leer forms vdintermovim.frm
02 15:36:22:245 Termino parse forms vdintermovim.frm
02 15:36:22:245 Ejecutando interfase VDINTERMOVIM
02 15:38:22:257 Empiezo a leer forms vdintermovim.frm
02 15:38:22:265 Termino parse forms vdintermovim.frm
02 15:38:22:265 Ejecutando interfase VDINTERMOVIM
02 15:40:22:280 Empiezo a leer forms vdintermovim.frm
02 15:40:22:287 Termino parse forms vdintermovim.frm
02 15:40:22:289 Ejecutando interfase VDINTERMOVIM
02 15:42:22:307 Empiezo a leer forms vdintermovim.frm
02 15:42:22:314 Termino parse forms vdintermovim.frm
02 15:42:22:314 Ejecutando interfase VDINTERMOVIM
02 15:44:22:337 Empiezo a leer forms vdintermovim.frm
02 15:44:22:344 Termino parse forms vdintermovim.frm
02 15:44:22:344 Ejecutando interfase VDINTERMOVIM
02 15:46:22:369 Empiezo a leer forms vdintermovim.frm
02 15:46:22:375 Termino parse forms vdintermovim.frm
02 15:46:22:375 Ejecutando interfase VDINTERMOVIM
02 15:48:22:390 Empiezo a leer forms vdintermovim.frm
02 15:48:22:392 Termino parse forms vdintermovim.frm
02 15:48:22:392 Ejecutando interfase VDINTERMOVIM
02 15:50:22:412 Empiezo a leer forms vdintermovim.frm
02 15:50:22:420 Termino parse forms vdintermovim.frm
02 15:50:22:420 Ejecutando interfase VDINTERMOVIM
02 15:52:22:432 Empiezo a leer forms vdintermovim.frm
02 15:52:22:435 Termino parse forms vdintermovim.frm
02 15:52:22:435 Ejecutando interfase VDINTERMOVIM
02 15:54:22:447 Empiezo a leer forms vdintermovim.frm
02 15:54:22:452 Termino parse forms vdintermovim.frm
02 15:54:22:452 Ejecutando interfase VDINTERMOVIM
02 15:56:22:470 Empiezo a leer forms vdintermovim.frm
02 15:56:22:475 Termino parse forms vdintermovim.frm
02 15:56:22:475 Ejecutando interfase VDINTERMOVIM
02 15:58:22:484 Empiezo a leer forms vdintermovim.frm
02 15:58:22:490 Termino parse forms vdintermovim.frm
02 15:58:22:490 Ejecutando interfase VDINTERMOVIM
02 16:00:22:507 Empiezo a leer forms vdintermovim.frm
02 16:00:22:512 Termino parse forms vdintermovim.frm
02 16:00:22:512 Ejecutando interfase VDINTERMOVIM
02 16:02:22:520 Empiezo a leer forms vdintermovim.frm
02 16:02:22:522 Termino parse forms vdintermovim.frm
02 16:02:22:522 Ejecutando interfase VDINTERMOVIM
02 16:04:22:540 Empiezo a leer forms vdintermovim.frm
02 16:04:22:542 Termino parse forms vdintermovim.frm
02 16:04:22:542 Ejecutando interfase VDINTERMOVIM
02 16:06:22:557 Empiezo a leer forms vdintermovim.frm
02 16:06:22:562 Termino parse forms vdintermovim.frm
02 16:06:22:562 Ejecutando interfase VDINTERMOVIM
02 16:08:22:575 Empiezo a leer forms vdintermovim.frm
02 16:08:22:577 Termino parse forms vdintermovim.frm
02 16:08:22:577 Ejecutando interfase VDINTERMOVIM
02 16:10:22:595 Empiezo a leer forms vdintermovim.frm
02 16:10:22:602 Termino parse forms vdintermovim.frm
02 16:10:22:602 Ejecutando interfase VDINTERMOVIM
02 16:12:22:620 Empiezo a leer forms vdintermovim.frm
02 16:12:22:627 Termino parse forms vdintermovim.frm
02 16:12:22:627 Ejecutando interfase VDINTERMOVIM
02 16:14:22:642 Empiezo a leer forms vdintermovim.frm
02 16:14:22:647 Termino parse forms vdintermovim.frm
02 16:14:22:647 Ejecutando interfase VDINTERMOVIM
02 16:16:22:665 Empiezo a leer forms vdintermovim.frm
02 16:16:22:672 Termino parse forms vdintermovim.frm
02 16:16:22:672 Ejecutando interfase VDINTERMOVIM
02 16:18:22:695 Empiezo a leer forms vdintermovim.frm
02 16:18:22:700 Termino parse forms vdintermovim.frm
02 16:18:22:700 Ejecutando interfase VDINTERMOVIM
02 16:20:22:710 Empiezo a leer forms vdintermovim.frm
02 16:20:22:717 Termino parse forms vdintermovim.frm
02 16:20:22:717 Ejecutando interfase VDINTERMOVIM
02 16:22:22:730 Empiezo a leer forms vdintermovim.frm
02 16:22:22:737 Termino parse forms vdintermovim.frm
02 16:22:22:737 Ejecutando interfase VDINTERMOVIM
02 16:24:22:745 Empiezo a leer forms vdintermovim.frm
02 16:24:22:750 Termino parse forms vdintermovim.frm
02 16:24:22:750 Ejecutando interfase VDINTERMOVIM
02 16:26:22:757 Empiezo a leer forms vdintermovim.frm
02 16:26:22:762 Termino parse forms vdintermovim.frm
02 16:26:22:762 Ejecutando interfase VDINTERMOVIM
02 16:28:22:775 Empiezo a leer forms vdintermovim.frm
02 16:28:22:779 Termino parse forms vdintermovim.frm
02 16:28:22:779 Ejecutando interfase VDINTERMOVIM
02 16:30:22:797 Empiezo a leer forms vdintermovim.frm
02 16:30:22:800 Termino parse forms vdintermovim.frm
02 16:30:22:800 Ejecutando interfase VDINTERMOVIM
02 16:32:22:822 Empiezo a leer forms vdintermovim.frm
02 16:32:22:827 Termino parse forms vdintermovim.frm
02 16:32:22:827 Ejecutando interfase VDINTERMOVIM
02 16:34:22:849 Empiezo a leer forms vdintermovim.frm
02 16:34:22:854 Termino parse forms vdintermovim.frm
02 16:34:22:854 Ejecutando interfase VDINTERMOVIM
02 16:36:22:872 Empiezo a leer forms vdintermovim.frm
02 16:36:22:877 Termino parse forms vdintermovim.frm
02 16:36:22:877 Ejecutando interfase VDINTERMOVIM
02 16:38:22:900 Empiezo a leer forms vdintermovim.frm
02 16:38:22:905 Termino parse forms vdintermovim.frm
02 16:38:22:905 Ejecutando interfase VDINTERMOVIM
02 16:40:22:914 Empiezo a leer forms vdintermovim.frm
02 16:40:22:920 Termino parse forms vdintermovim.frm
02 16:40:22:920 Ejecutando interfase VDINTERMOVIM
02 16:42:22:932 Empiezo a leer forms vdintermovim.frm
02 16:42:22:935 Termino parse forms vdintermovim.frm
02 16:42:22:935 Ejecutando interfase VDINTERMOVIM
02 16:44:22:945 Empiezo a leer forms vdintermovim.frm
02 16:44:22:950 Termino parse forms vdintermovim.frm
02 16:44:22:950 Ejecutando interfase VDINTERMOVIM
02 16:46:22:957 Empiezo a leer forms vdintermovim.frm
02 16:46:22:960 Termino parse forms vdintermovim.frm
02 16:46:22:960 Ejecutando interfase VDINTERMOVIM
02 16:48:22:970 Empiezo a leer forms vdintermovim.frm
02 16:48:22:975 Termino parse forms vdintermovim.frm
02 16:48:22:975 Ejecutando interfase VDINTERMOVIM
02 16:50:22:985 Empiezo a leer forms vdintermovim.frm
02 16:50:22:989 Termino parse forms vdintermovim.frm
02 16:50:22:989 Ejecutando interfase VDINTERMOVIM
02 16:52:23:005 Empiezo a leer forms vdintermovim.frm
02 16:52:23:010 Termino parse forms vdintermovim.frm
02 16:52:23:010 Ejecutando interfase VDINTERMOVIM
02 16:54:23:019 Empiezo a leer forms vdintermovim.frm
02 16:54:23:024 Termino parse forms vdintermovim.frm
02 16:54:23:024 Ejecutando interfase VDINTERMOVIM
02 16:56:23:035 Empiezo a leer forms vdintermovim.frm
02 16:56:23:040 Termino parse forms vdintermovim.frm
02 16:56:23:040 Ejecutando interfase VDINTERMOVIM
02 16:58:23:062 Empiezo a leer forms vdintermovim.frm
02 16:58:23:065 Termino parse forms vdintermovim.frm
02 16:58:23:065 Ejecutando interfase VDINTERMOVIM
02 17:00:23:084 Empiezo a leer forms vdintermovim.frm
02 17:00:23:090 Termino parse forms vdintermovim.frm
02 17:00:23:090 Ejecutando interfase VDINTERMOVIM
02 17:02:23:104 Empiezo a leer forms vdintermovim.frm
02 17:02:23:107 Termino parse forms vdintermovim.frm
02 17:02:23:107 Ejecutando interfase VDINTERMOVIM
02 17:04:23:120 Empiezo a leer forms vdintermovim.frm
02 17:04:23:127 Termino parse forms vdintermovim.frm
02 17:04:23:127 Ejecutando interfase VDINTERMOVIM
02 17:06:23:145 Empiezo a leer forms vdintermovim.frm
02 17:06:23:152 Termino parse forms vdintermovim.frm
02 17:06:23:152 Ejecutando interfase VDINTERMOVIM
02 17:08:23:160 Empiezo a leer forms vdintermovim.frm
02 17:08:23:165 Termino parse forms vdintermovim.frm
02 17:08:23:165 Ejecutando interfase VDINTERMOVIM
02 17:10:23:179 Empiezo a leer forms vdintermovim.frm
02 17:10:23:182 Termino parse forms vdintermovim.frm
02 17:10:23:182 Ejecutando interfase VDINTERMOVIM
02 17:12:23:200 Empiezo a leer forms vdintermovim.frm
02 17:12:23:204 Termino parse forms vdintermovim.frm
02 17:12:23:204 Ejecutando interfase VDINTERMOVIM
02 17:14:23:217 Empiezo a leer forms vdintermovim.frm
02 17:14:23:222 Termino parse forms vdintermovim.frm
02 17:14:23:222 Ejecutando interfase VDINTERMOVIM
02 17:16:23:235 Empiezo a leer forms vdintermovim.frm
02 17:16:23:239 Termino parse forms vdintermovim.frm
02 17:16:23:239 Ejecutando interfase VDINTERMOVIM
02 17:18:23:254 Empiezo a leer forms vdintermovim.frm
02 17:18:23:257 Termino parse forms vdintermovim.frm
02 17:18:23:257 Ejecutando interfase VDINTERMOVIM
02 17:20:23:280 Empiezo a leer forms vdintermovim.frm
02 17:20:23:285 Termino parse forms vdintermovim.frm
02 17:20:23:285 Ejecutando interfase VDINTERMOVIM
02 17:22:23:295 Empiezo a leer forms vdintermovim.frm
02 17:22:23:300 Termino parse forms vdintermovim.frm
02 17:22:23:300 Ejecutando interfase VDINTERMOVIM
02 17:24:23:317 Empiezo a leer forms vdintermovim.frm
02 17:24:23:320 Termino parse forms vdintermovim.frm
02 17:24:23:320 Ejecutando interfase VDINTERMOVIM
02 17:26:23:335 Empiezo a leer forms vdintermovim.frm
02 17:26:23:342 Termino parse forms vdintermovim.frm
02 17:26:23:342 Ejecutando interfase VDINTERMOVIM
02 17:28:23:360 Empiezo a leer forms vdintermovim.frm
02 17:28:23:365 Termino parse forms vdintermovim.frm
02 17:28:23:367 Ejecutando interfase VDINTERMOVIM
02 17:30:23:379 Empiezo a leer forms vdintermovim.frm
02 17:30:23:385 Termino parse forms vdintermovim.frm
02 17:30:23:385 Ejecutando interfase VDINTERMOVIM
02 17:32:23:397 Empiezo a leer forms vdintermovim.frm
02 17:32:23:400 Termino parse forms vdintermovim.frm
02 17:32:23:400 Ejecutando interfase VDINTERMOVIM
02 17:34:23:422 Empiezo a leer forms vdintermovim.frm
02 17:34:23:425 Termino parse forms vdintermovim.frm
02 17:34:23:427 Ejecutando interfase VDINTERMOVIM
02 17:36:23:439 Empiezo a leer forms vdintermovim.frm
02 17:36:23:442 Termino parse forms vdintermovim.frm
02 17:36:23:444 Ejecutando interfase VDINTERMOVIM
02 17:38:23:457 Empiezo a leer forms vdintermovim.frm
02 17:38:23:462 Termino parse forms vdintermovim.frm
02 17:38:23:462 Ejecutando interfase VDINTERMOVIM
02 17:40:23:469 Empiezo a leer forms vdintermovim.frm
02 17:40:23:472 Termino parse forms vdintermovim.frm
02 17:40:23:472 Ejecutando interfase VDINTERMOVIM
02 17:42:23:494 Empiezo a leer forms vdintermovim.frm
02 17:42:23:497 Termino parse forms vdintermovim.frm
02 17:42:23:499 Ejecutando interfase VDINTERMOVIM

00 17:42:37:135 Fichero de log cerrado.

00 17:42:47:654 Fichero de log abierto PID 2448

02 17:42:47:657 Intentando abrir fichero v10.ini
02 17:42:47:665 Cargando driver v10oracle funcion damedriveroracle
02 17:42:48:450 Conectado a base de datos
02 17:42:48:452 Proceso ENVIOMOVIM encontrado en tabla VDPROCESOS
02 17:42:48:460 Proceso ENVIOMOVIM cargado con función interfasesalida (Librería VDINTERFASES.DLL) direccion 064ACC80
02 17:42:48:463 PLSQL: INICIALIZADO PAQUETE DE LOG EL DIA 29-03-2022
02 17:42:48:475 Actualizado SID 385 SERIAL 3444 del proceso con PID 2448
00 17:42:48:480 Error al abrir fichero VDST.H
02 17:42:48:482 Empiezo a leer forms vdintermovim.frm
02 17:42:48:497 Termino parse forms vdintermovim.frm
02 17:42:48:497 Ejecutando interfase VDINTERMOVIM
02 17:44:48:510 Empiezo a leer forms vdintermovim.frm
02 17:44:48:514 Termino parse forms vdintermovim.frm
02 17:44:48:515 Ejecutando interfase VDINTERMOVIM

00 17:45:26:690 Fichero de log cerrado.

00 17:45:32:222 Fichero de log abierto PID 11928

02 17:45:32:224 Intentando abrir fichero v10.ini
02 17:45:32:230 Cargando driver v10oracle funcion damedriveroracle
02 17:45:33:605 Conectado a base de datos
02 17:45:33:610 Proceso ENVIOMOVIM encontrado en tabla VDPROCESOS
02 17:45:33:644 Proceso ENVIOMOVIM cargado con función interfasesalida (Librería VDINTERFASES.DLL) direccion 060DCC80
02 17:45:33:650 PLSQL: INICIALIZADO PAQUETE DE LOG EL DIA 29-03-2022
02 17:45:33:680 Actualizado SID 7 SERIAL 8884 del proceso con PID 11928
00 17:45:33:699 Error al abrir fichero VDST.H
02 17:45:33:702 Empiezo a leer forms vdintermovim.frm
02 17:45:33:750 Termino parse forms vdintermovim.frm
02 17:45:33:750 Ejecutando interfase VDINTERMOVIM
02 17:47:33:772 Empiezo a leer forms vdintermovim.frm
02 17:47:33:780 Termino parse forms vdintermovim.frm
02 17:47:33:782 Ejecutando interfase VDINTERMOVIM
02 17:49:33:800 Empiezo a leer forms vdintermovim.frm
02 17:49:33:809 Termino parse forms vdintermovim.frm
02 17:49:33:810 Ejecutando interfase VDINTERMOVIM
02 17:51:33:829 Empiezo a leer forms vdintermovim.frm
02 17:51:33:835 Termino parse forms vdintermovim.frm
02 17:51:33:837 Ejecutando interfase VDINTERMOVIM
02 17:53:33:852 Empiezo a leer forms vdintermovim.frm
02 17:53:33:857 Termino parse forms vdintermovim.frm
02 17:53:33:859 Ejecutando interfase VDINTERMOVIM
02 17:55:33:872 Empiezo a leer forms vdintermovim.frm
02 17:55:33:880 Termino parse forms vdintermovim.frm
02 17:55:33:880 Ejecutando interfase VDINTERMOVIM
02 17:57:33:905 Empiezo a leer forms vdintermovim.frm
02 17:57:33:907 Termino parse forms vdintermovim.frm
02 17:57:33:907 Ejecutando interfase VDINTERMOVIM

00 17:58:58:369 Fichero de log cerrado.

