00 09:05:35:997 Fichero de log abierto PID 13944

02 09:05:35:998 Intentando abrir fichero v10.ini
02 09:05:36:005 Cargando driver v10oracle funcion damedriveroracle
02 09:05:36:835 Conectado a base de datos
02 09:05:36:836 Proceso ENVIOREDUR encontrado en tabla VDPROCESOS
02 09:05:36:843 Proceso ENVIOREDUR cargado con función interfasesalida (Librería VDINTERFASES.DLL) direccion 0611CC80
02 09:05:36:846 PLSQL: INICIALIZADO PAQUETE DE LOG EL DIA 24-03-2022
02 09:05:36:853 Actualizado SID 19 SERIAL 10397 del proceso con PID 13944
00 09:05:36:858 Error al abrir fichero VDST.H
02 09:05:36:867 Empiezo a leer forms vdinterageredur.frm
02 09:05:36:900 Termino parse forms vdinterageredur.frm
02 09:05:36:900 Ejecutando interfase VDINTERAGEREDUR
02 09:07:36:922 Empiezo a leer forms vdinterageredur.frm
02 09:07:36:942 Termino parse forms vdinterageredur.frm
02 09:07:36:942 Ejecutando interfase VDINTERAGEREDUR
02 09:09:36:961 Empiezo a leer forms vdinterageredur.frm
02 09:09:36:972 Termino parse forms vdinterageredur.frm
02 09:09:36:972 Ejecutando interfase VDINTERAGEREDUR
02 09:11:36:985 Empiezo a leer forms vdinterageredur.frm
02 09:11:36:997 Termino parse forms vdinterageredur.frm
02 09:11:36:997 Ejecutando interfase VDINTERAGEREDUR
02 09:13:37:017 Empiezo a leer forms vdinterageredur.frm
02 09:13:37:033 Termino parse forms vdinterageredur.frm
02 09:13:37:033 Ejecutando interfase VDINTERAGEREDUR
02 09:15:37:058 Empiezo a leer forms vdinterageredur.frm
02 09:15:37:078 Termino parse forms vdinterageredur.frm
02 09:15:37:078 Ejecutando interfase VDINTERAGEREDUR
02 09:17:37:098 Empiezo a leer forms vdinterageredur.frm
02 09:17:37:117 Termino parse forms vdinterageredur.frm
02 09:17:37:117 Ejecutando interfase VDINTERAGEREDUR
02 09:19:37:147 Empiezo a leer forms vdinterageredur.frm
02 09:19:37:166 Termino parse forms vdinterageredur.frm
02 09:19:37:166 Ejecutando interfase VDINTERAGEREDUR
02 09:21:37:192 Empiezo a leer forms vdinterageredur.frm
02 09:21:37:212 Termino parse forms vdinterageredur.frm
02 09:21:37:212 Ejecutando interfase VDINTERAGEREDUR
02 09:23:37:233 Empiezo a leer forms vdinterageredur.frm
02 09:23:37:252 Termino parse forms vdinterageredur.frm
02 09:23:37:253 Ejecutando interfase VDINTERAGEREDUR
02 09:25:37:275 Empiezo a leer forms vdinterageredur.frm
02 09:25:37:292 Termino parse forms vdinterageredur.frm
02 09:25:37:293 Ejecutando interfase VDINTERAGEREDUR
02 09:27:37:310 Empiezo a leer forms vdinterageredur.frm
02 09:27:37:325 Termino parse forms vdinterageredur.frm
02 09:27:37:325 Ejecutando interfase VDINTERAGEREDUR
02 09:29:37:341 Empiezo a leer forms vdinterageredur.frm
02 09:29:37:347 Termino parse forms vdinterageredur.frm
02 09:29:37:347 Ejecutando interfase VDINTERAGEREDUR
02 09:31:37:360 Empiezo a leer forms vdinterageredur.frm
02 09:31:37:381 Termino parse forms vdinterageredur.frm
02 09:31:37:381 Ejecutando interfase VDINTERAGEREDUR
02 09:33:37:408 Empiezo a leer forms vdinterageredur.frm
02 09:33:37:428 Termino parse forms vdinterageredur.frm
02 09:33:37:430 Ejecutando interfase VDINTERAGEREDUR
02 09:35:37:452 Empiezo a leer forms vdinterageredur.frm
02 09:35:37:462 Termino parse forms vdinterageredur.frm
02 09:35:37:462 Ejecutando interfase VDINTERAGEREDUR
02 09:37:37:482 Empiezo a leer forms vdinterageredur.frm
02 09:37:37:498 Termino parse forms vdinterageredur.frm
02 09:37:37:498 Ejecutando interfase VDINTERAGEREDUR
02 09:39:37:517 Empiezo a leer forms vdinterageredur.frm
02 09:39:37:533 Termino parse forms vdinterageredur.frm
02 09:39:37:533 Ejecutando interfase VDINTERAGEREDUR
02 09:41:37:547 Empiezo a leer forms vdinterageredur.frm
02 09:41:37:567 Termino parse forms vdinterageredur.frm
02 09:41:37:567 Ejecutando interfase VDINTERAGEREDUR
02 09:43:37:587 Empiezo a leer forms vdinterageredur.frm
02 09:43:37:607 Termino parse forms vdinterageredur.frm
02 09:43:37:607 Ejecutando interfase VDINTERAGEREDUR
02 09:45:37:620 Empiezo a leer forms vdinterageredur.frm
02 09:45:37:636 Termino parse forms vdinterageredur.frm
02 09:45:37:636 Ejecutando interfase VDINTERAGEREDUR
02 09:47:37:655 Empiezo a leer forms vdinterageredur.frm
02 09:47:37:672 Termino parse forms vdinterageredur.frm
02 09:47:37:673 Ejecutando interfase VDINTERAGEREDUR
02 09:49:37:697 Empiezo a leer forms vdinterageredur.frm
02 09:49:37:712 Termino parse forms vdinterageredur.frm
02 09:49:37:712 Ejecutando interfase VDINTERAGEREDUR
02 09:51:37:725 Empiezo a leer forms vdinterageredur.frm
02 09:51:37:742 Termino parse forms vdinterageredur.frm
02 09:51:37:742 Ejecutando interfase VDINTERAGEREDUR
02 09:53:37:761 Empiezo a leer forms vdinterageredur.frm
02 09:53:37:772 Termino parse forms vdinterageredur.frm
02 09:53:37:772 Ejecutando interfase VDINTERAGEREDUR
02 09:55:37:793 Empiezo a leer forms vdinterageredur.frm
02 09:55:37:813 Termino parse forms vdinterageredur.frm
02 09:55:37:813 Ejecutando interfase VDINTERAGEREDUR
02 09:57:37:828 Empiezo a leer forms vdinterageredur.frm
02 09:57:37:841 Termino parse forms vdinterageredur.frm
02 09:57:37:841 Ejecutando interfase VDINTERAGEREDUR
02 09:59:37:855 Empiezo a leer forms vdinterageredur.frm
02 09:59:37:870 Termino parse forms vdinterageredur.frm
02 09:59:37:870 Ejecutando interfase VDINTERAGEREDUR
02 10:01:37:887 Empiezo a leer forms vdinterageredur.frm
02 10:01:37:893 Termino parse forms vdinterageredur.frm
02 10:01:37:893 Ejecutando interfase VDINTERAGEREDUR
02 10:03:37:911 Empiezo a leer forms vdinterageredur.frm
02 10:03:37:931 Termino parse forms vdinterageredur.frm
02 10:03:37:931 Ejecutando interfase VDINTERAGEREDUR
02 10:05:37:947 Empiezo a leer forms vdinterageredur.frm
02 10:05:37:967 Termino parse forms vdinterageredur.frm
02 10:05:37:967 Ejecutando interfase VDINTERAGEREDUR
02 10:07:37:981 Empiezo a leer forms vdinterageredur.frm
02 10:07:37:987 Termino parse forms vdinterageredur.frm
02 10:07:37:987 Ejecutando interfase VDINTERAGEREDUR
02 10:09:38:000 Empiezo a leer forms vdinterageredur.frm
02 10:09:38:008 Termino parse forms vdinterageredur.frm
02 10:09:38:008 Ejecutando interfase VDINTERAGEREDUR
02 10:11:38:027 Empiezo a leer forms vdinterageredur.frm
02 10:11:38:035 Termino parse forms vdinterageredur.frm
02 10:11:38:035 Ejecutando interfase VDINTERAGEREDUR
02 10:13:38:055 Empiezo a leer forms vdinterageredur.frm
02 10:13:38:061 Termino parse forms vdinterageredur.frm
02 10:13:38:062 Ejecutando interfase VDINTERAGEREDUR
02 10:15:38:077 Empiezo a leer forms vdinterageredur.frm
02 10:15:38:086 Termino parse forms vdinterageredur.frm
02 10:15:38:086 Ejecutando interfase VDINTERAGEREDUR
02 10:17:38:100 Empiezo a leer forms vdinterageredur.frm
02 10:17:38:107 Termino parse forms vdinterageredur.frm
02 10:17:38:107 Ejecutando interfase VDINTERAGEREDUR
02 10:19:38:116 Empiezo a leer forms vdinterageredur.frm
02 10:19:38:125 Termino parse forms vdinterageredur.frm
02 10:19:38:125 Ejecutando interfase VDINTERAGEREDUR
02 10:21:38:135 Empiezo a leer forms vdinterageredur.frm
02 10:21:38:138 Termino parse forms vdinterageredur.frm
02 10:21:38:138 Ejecutando interfase VDINTERAGEREDUR
02 10:23:38:156 Empiezo a leer forms vdinterageredur.frm
02 10:23:38:167 Termino parse forms vdinterageredur.frm
02 10:23:38:167 Ejecutando interfase VDINTERAGEREDUR

00 10:23:49:042 Fichero de log cerrado.

00 10:23:56:298 Fichero de log abierto PID 14136

02 10:23:56:303 Intentando abrir fichero v10.ini
02 10:23:56:315 Cargando driver v10oracle funcion damedriveroracle
02 10:23:57:147 Conectado a base de datos
02 10:23:57:150 Proceso ENVIOREDUR encontrado en tabla VDPROCESOS
02 10:23:57:156 Proceso ENVIOREDUR cargado con función interfasesalida (Librería VDINTERFASES.DLL) direccion 0662CC80
02 10:23:57:159 PLSQL: INICIALIZADO PAQUETE DE LOG EL DIA 24-03-2022
02 10:23:57:180 Actualizado SID 19 SERIAL 54076 del proceso con PID 14136
00 10:23:57:187 Error al abrir fichero VDST.H
02 10:23:57:187 Empiezo a leer forms vdinterageredur.frm
02 10:23:57:232 Termino parse forms vdinterageredur.frm
02 10:23:57:232 Ejecutando interfase VDINTERAGEREDUR
02 10:25:57:246 Empiezo a leer forms vdinterageredur.frm
02 10:25:57:262 Termino parse forms vdinterageredur.frm
02 10:25:57:262 Ejecutando interfase VDINTERAGEREDUR
02 10:27:57:287 Empiezo a leer forms vdinterageredur.frm
02 10:27:57:307 Termino parse forms vdinterageredur.frm
02 10:27:57:307 Ejecutando interfase VDINTERAGEREDUR
02 10:29:57:332 Empiezo a leer forms vdinterageredur.frm
02 10:29:57:345 Termino parse forms vdinterageredur.frm
02 10:29:57:345 Ejecutando interfase VDINTERAGEREDUR
02 10:31:57:353 Empiezo a leer forms vdinterageredur.frm
02 10:31:57:376 Termino parse forms vdinterageredur.frm
02 10:31:57:376 Ejecutando interfase VDINTERAGEREDUR
02 10:33:57:391 Empiezo a leer forms vdinterageredur.frm
02 10:33:57:411 Termino parse forms vdinterageredur.frm
02 10:33:57:411 Ejecutando interfase VDINTERAGEREDUR
02 10:35:57:433 Empiezo a leer forms vdinterageredur.frm
02 10:35:57:452 Termino parse forms vdinterageredur.frm
02 10:35:57:453 Ejecutando interfase VDINTERAGEREDUR
02 10:37:57:467 Empiezo a leer forms vdinterageredur.frm
02 10:37:57:485 Termino parse forms vdinterageredur.frm
02 10:37:57:486 Ejecutando interfase VDINTERAGEREDUR
02 10:39:57:505 Empiezo a leer forms vdinterageredur.frm
02 10:39:57:511 Termino parse forms vdinterageredur.frm
02 10:39:57:511 Ejecutando interfase VDINTERAGEREDUR
02 10:41:57:532 Empiezo a leer forms vdinterageredur.frm
02 10:41:57:548 Termino parse forms vdinterageredur.frm
02 10:41:57:550 Ejecutando interfase VDINTERAGEREDUR
02 10:43:57:577 Empiezo a leer forms vdinterageredur.frm
02 10:43:57:597 Termino parse forms vdinterageredur.frm
02 10:43:57:598 Ejecutando interfase VDINTERAGEREDUR
02 10:45:57:613 Empiezo a leer forms vdinterageredur.frm
02 10:45:57:631 Termino parse forms vdinterageredur.frm
02 10:45:57:631 Ejecutando interfase VDINTERAGEREDUR
02 10:47:57:651 Empiezo a leer forms vdinterageredur.frm
02 10:47:57:666 Termino parse forms vdinterageredur.frm
02 10:47:57:667 Ejecutando interfase VDINTERAGEREDUR
02 10:49:57:678 Empiezo a leer forms vdinterageredur.frm
02 10:49:57:693 Termino parse forms vdinterageredur.frm
02 10:49:57:693 Ejecutando interfase VDINTERAGEREDUR
02 10:51:57:703 Empiezo a leer forms vdinterageredur.frm
02 10:51:57:712 Termino parse forms vdinterageredur.frm
02 10:51:57:712 Ejecutando interfase VDINTERAGEREDUR
02 10:53:57:727 Empiezo a leer forms vdinterageredur.frm
02 10:53:57:732 Termino parse forms vdinterageredur.frm
02 10:53:57:732 Ejecutando interfase VDINTERAGEREDUR
02 10:55:57:747 Empiezo a leer forms vdinterageredur.frm
02 10:55:57:756 Termino parse forms vdinterageredur.frm
02 10:55:57:756 Ejecutando interfase VDINTERAGEREDUR
02 10:57:57:770 Empiezo a leer forms vdinterageredur.frm
02 10:57:57:777 Termino parse forms vdinterageredur.frm
02 10:57:57:777 Ejecutando interfase VDINTERAGEREDUR
02 10:59:57:796 Empiezo a leer forms vdinterageredur.frm
02 10:59:57:813 Termino parse forms vdinterageredur.frm
02 10:59:57:815 Ejecutando interfase VDINTERAGEREDUR
02 11:01:57:830 Empiezo a leer forms vdinterageredur.frm
02 11:01:57:843 Termino parse forms vdinterageredur.frm
02 11:01:57:845 Ejecutando interfase VDINTERAGEREDUR
02 11:03:56:156 Empiezo a leer forms vdinterageredur.frm
02 11:03:56:165 Termino parse forms vdinterageredur.frm
02 11:03:56:166 Ejecutando interfase VDINTERAGEREDUR
02 11:05:56:181 Empiezo a leer forms vdinterageredur.frm
02 11:05:56:187 Termino parse forms vdinterageredur.frm
02 11:05:56:187 Ejecutando interfase VDINTERAGEREDUR
02 11:07:56:202 Empiezo a leer forms vdinterageredur.frm
02 11:07:56:222 Termino parse forms vdinterageredur.frm
02 11:07:56:222 Ejecutando interfase VDINTERAGEREDUR
02 11:09:56:242 Empiezo a leer forms vdinterageredur.frm
02 11:09:56:255 Termino parse forms vdinterageredur.frm
02 11:09:56:255 Ejecutando interfase VDINTERAGEREDUR
02 11:11:56:268 Empiezo a leer forms vdinterageredur.frm
02 11:11:56:288 Termino parse forms vdinterageredur.frm
02 11:11:56:290 Ejecutando interfase VDINTERAGEREDUR
02 11:13:56:306 Empiezo a leer forms vdinterageredur.frm
02 11:13:56:322 Termino parse forms vdinterageredur.frm
02 11:13:56:323 Ejecutando interfase VDINTERAGEREDUR
02 11:15:56:336 Empiezo a leer forms vdinterageredur.frm
02 11:15:56:336 Termino parse forms vdinterageredur.frm
02 11:15:56:336 Ejecutando interfase VDINTERAGEREDUR
02 11:17:56:365 Empiezo a leer forms vdinterageredur.frm
02 11:17:56:385 Termino parse forms vdinterageredur.frm
02 11:17:56:385 Ejecutando interfase VDINTERAGEREDUR
02 11:19:56:400 Empiezo a leer forms vdinterageredur.frm
02 11:19:56:417 Termino parse forms vdinterageredur.frm
02 11:19:56:417 Ejecutando interfase VDINTERAGEREDUR
02 11:21:56:440 Empiezo a leer forms vdinterageredur.frm
02 11:21:56:458 Termino parse forms vdinterageredur.frm
02 11:21:56:458 Ejecutando interfase VDINTERAGEREDUR
02 11:23:56:477 Empiezo a leer forms vdinterageredur.frm
02 11:23:56:497 Termino parse forms vdinterageredur.frm
02 11:23:56:498 Ejecutando interfase VDINTERAGEREDUR
02 11:25:56:512 Empiezo a leer forms vdinterageredur.frm
02 11:25:56:532 Termino parse forms vdinterageredur.frm
02 11:25:56:532 Ejecutando interfase VDINTERAGEREDUR
02 11:27:56:547 Empiezo a leer forms vdinterageredur.frm
02 11:27:56:567 Termino parse forms vdinterageredur.frm
02 11:27:56:567 Ejecutando interfase VDINTERAGEREDUR
02 11:29:56:587 Empiezo a leer forms vdinterageredur.frm
02 11:29:56:606 Termino parse forms vdinterageredur.frm
02 11:29:56:606 Ejecutando interfase VDINTERAGEREDUR
02 11:31:56:622 Empiezo a leer forms vdinterageredur.frm
02 11:31:56:637 Termino parse forms vdinterageredur.frm
02 11:31:56:637 Ejecutando interfase VDINTERAGEREDUR
02 11:33:56:653 Empiezo a leer forms vdinterageredur.frm
02 11:33:56:668 Termino parse forms vdinterageredur.frm
02 11:33:56:668 Ejecutando interfase VDINTERAGEREDUR
02 11:35:56:680 Empiezo a leer forms vdinterageredur.frm
02 11:35:56:686 Termino parse forms vdinterageredur.frm
02 11:35:56:686 Ejecutando interfase VDINTERAGEREDUR
02 11:57:25:510 Empiezo a leer forms vdinterageredur.frm
02 11:57:25:520 Termino parse forms vdinterageredur.frm
02 11:57:25:520 Ejecutando interfase VDINTERAGEREDUR
02 11:59:25:537 Empiezo a leer forms vdinterageredur.frm
02 11:59:25:560 Termino parse forms vdinterageredur.frm
02 11:59:25:560 Ejecutando interfase VDINTERAGEREDUR
02 12:01:25:580 Empiezo a leer forms vdinterageredur.frm
02 12:01:25:599 Termino parse forms vdinterageredur.frm
02 12:01:25:599 Ejecutando interfase VDINTERAGEREDUR
02 12:03:25:625 Empiezo a leer forms vdinterageredur.frm
02 12:03:25:637 Termino parse forms vdinterageredur.frm
02 12:03:25:637 Ejecutando interfase VDINTERAGEREDUR
02 12:05:25:650 Empiezo a leer forms vdinterageredur.frm
02 12:05:25:652 Termino parse forms vdinterageredur.frm
02 12:05:25:652 Ejecutando interfase VDINTERAGEREDUR
02 12:07:25:662 Empiezo a leer forms vdinterageredur.frm
02 12:07:25:667 Termino parse forms vdinterageredur.frm
02 12:07:25:667 Ejecutando interfase VDINTERAGEREDUR
02 12:09:25:679 Empiezo a leer forms vdinterageredur.frm
02 12:09:25:692 Termino parse forms vdinterageredur.frm
02 12:09:25:692 Ejecutando interfase VDINTERAGEREDUR
02 12:11:25:707 Empiezo a leer forms vdinterageredur.frm
02 12:11:25:715 Termino parse forms vdinterageredur.frm
02 12:11:25:715 Ejecutando interfase VDINTERAGEREDUR
02 12:13:25:727 Empiezo a leer forms vdinterageredur.frm
02 12:13:25:740 Termino parse forms vdinterageredur.frm
02 12:13:25:740 Ejecutando interfase VDINTERAGEREDUR
02 12:15:25:755 Empiezo a leer forms vdinterageredur.frm
02 12:15:25:770 Termino parse forms vdinterageredur.frm
02 12:15:25:770 Ejecutando interfase VDINTERAGEREDUR
02 12:17:25:785 Empiezo a leer forms vdinterageredur.frm
02 12:17:25:800 Termino parse forms vdinterageredur.frm
02 12:17:25:800 Ejecutando interfase VDINTERAGEREDUR
02 12:19:25:810 Empiezo a leer forms vdinterageredur.frm
02 12:19:25:820 Termino parse forms vdinterageredur.frm
02 12:19:25:820 Ejecutando interfase VDINTERAGEREDUR
02 12:21:25:834 Empiezo a leer forms vdinterageredur.frm
02 12:21:25:847 Termino parse forms vdinterageredur.frm
02 12:21:25:847 Ejecutando interfase VDINTERAGEREDUR
02 12:23:25:857 Empiezo a leer forms vdinterageredur.frm
02 12:23:25:877 Termino parse forms vdinterageredur.frm
02 12:23:25:877 Ejecutando interfase VDINTERAGEREDUR
02 12:25:25:894 Empiezo a leer forms vdinterageredur.frm
02 12:25:25:910 Termino parse forms vdinterageredur.frm
02 12:25:25:910 Ejecutando interfase VDINTERAGEREDUR
02 12:27:25:927 Empiezo a leer forms vdinterageredur.frm
02 12:27:25:947 Termino parse forms vdinterageredur.frm
02 12:27:25:949 Ejecutando interfase VDINTERAGEREDUR
02 12:29:25:967 Empiezo a leer forms vdinterageredur.frm
02 12:29:25:985 Termino parse forms vdinterageredur.frm
02 12:29:25:987 Ejecutando interfase VDINTERAGEREDUR
02 12:31:26:012 Empiezo a leer forms vdinterageredur.frm
02 12:31:26:030 Termino parse forms vdinterageredur.frm
02 12:31:26:030 Ejecutando interfase VDINTERAGEREDUR
02 12:33:26:054 Empiezo a leer forms vdinterageredur.frm
02 12:33:26:072 Termino parse forms vdinterageredur.frm
02 12:33:26:072 Ejecutando interfase VDINTERAGEREDUR
02 12:35:26:087 Empiezo a leer forms vdinterageredur.frm
02 12:35:26:105 Termino parse forms vdinterageredur.frm
02 12:35:26:105 Ejecutando interfase VDINTERAGEREDUR
02 12:37:26:127 Empiezo a leer forms vdinterageredur.frm
02 12:37:26:145 Termino parse forms vdinterageredur.frm
02 12:37:26:145 Ejecutando interfase VDINTERAGEREDUR
02 12:39:26:164 Empiezo a leer forms vdinterageredur.frm
02 12:39:26:182 Termino parse forms vdinterageredur.frm
02 12:39:26:182 Ejecutando interfase VDINTERAGEREDUR
02 12:41:26:202 Empiezo a leer forms vdinterageredur.frm
02 12:41:26:217 Termino parse forms vdinterageredur.frm
02 12:41:26:217 Ejecutando interfase VDINTERAGEREDUR
02 12:43:26:232 Empiezo a leer forms vdinterageredur.frm
02 12:43:26:252 Termino parse forms vdinterageredur.frm
02 12:43:26:252 Ejecutando interfase VDINTERAGEREDUR
02 12:45:26:269 Empiezo a leer forms vdinterageredur.frm
02 12:45:26:290 Termino parse forms vdinterageredur.frm
02 12:45:26:290 Ejecutando interfase VDINTERAGEREDUR
02 12:47:26:315 Empiezo a leer forms vdinterageredur.frm
02 12:47:26:332 Termino parse forms vdinterageredur.frm
02 12:47:26:334 Ejecutando interfase VDINTERAGEREDUR
02 12:49:26:347 Empiezo a leer forms vdinterageredur.frm
02 12:49:26:364 Termino parse forms vdinterageredur.frm
02 12:49:26:364 Ejecutando interfase VDINTERAGEREDUR
02 12:51:26:384 Empiezo a leer forms vdinterageredur.frm
02 12:51:26:402 Termino parse forms vdinterageredur.frm
02 12:51:26:402 Ejecutando interfase VDINTERAGEREDUR
02 12:53:26:427 Empiezo a leer forms vdinterageredur.frm
02 12:53:26:442 Termino parse forms vdinterageredur.frm
02 12:53:26:442 Ejecutando interfase VDINTERAGEREDUR
02 12:55:26:462 Empiezo a leer forms vdinterageredur.frm
02 12:55:26:479 Termino parse forms vdinterageredur.frm
02 12:55:26:479 Ejecutando interfase VDINTERAGEREDUR
02 12:57:26:489 Empiezo a leer forms vdinterageredur.frm
02 12:57:26:502 Termino parse forms vdinterageredur.frm
02 12:57:26:502 Ejecutando interfase VDINTERAGEREDUR
02 12:59:26:525 Empiezo a leer forms vdinterageredur.frm
02 12:59:26:542 Termino parse forms vdinterageredur.frm
02 12:59:26:542 Ejecutando interfase VDINTERAGEREDUR
02 13:01:26:562 Empiezo a leer forms vdinterageredur.frm
02 13:01:26:580 Termino parse forms vdinterageredur.frm
02 13:01:26:582 Ejecutando interfase VDINTERAGEREDUR
02 13:03:26:604 Empiezo a leer forms vdinterageredur.frm
02 13:03:26:617 Termino parse forms vdinterageredur.frm
02 13:03:26:617 Ejecutando interfase VDINTERAGEREDUR
02 13:05:26:637 Empiezo a leer forms vdinterageredur.frm
02 13:05:26:652 Termino parse forms vdinterageredur.frm
02 13:05:26:652 Ejecutando interfase VDINTERAGEREDUR
02 13:07:26:672 Empiezo a leer forms vdinterageredur.frm
02 13:07:26:690 Termino parse forms vdinterageredur.frm
02 13:07:26:690 Ejecutando interfase VDINTERAGEREDUR
02 13:09:26:709 Empiezo a leer forms vdinterageredur.frm
02 13:09:26:729 Termino parse forms vdinterageredur.frm
02 13:09:26:730 Ejecutando interfase VDINTERAGEREDUR
02 13:11:26:747 Empiezo a leer forms vdinterageredur.frm
02 13:11:26:765 Termino parse forms vdinterageredur.frm
02 13:11:26:765 Ejecutando interfase VDINTERAGEREDUR
02 13:13:26:780 Empiezo a leer forms vdinterageredur.frm
02 13:13:26:797 Termino parse forms vdinterageredur.frm
02 13:13:26:799 Ejecutando interfase VDINTERAGEREDUR
02 13:15:26:820 Empiezo a leer forms vdinterageredur.frm
02 13:15:26:830 Termino parse forms vdinterageredur.frm
02 13:15:26:830 Ejecutando interfase VDINTERAGEREDUR
02 13:17:26:850 Empiezo a leer forms vdinterageredur.frm
02 13:17:26:862 Termino parse forms vdinterageredur.frm
02 13:17:26:862 Ejecutando interfase VDINTERAGEREDUR
02 13:19:26:877 Empiezo a leer forms vdinterageredur.frm
02 13:19:26:895 Termino parse forms vdinterageredur.frm
02 13:19:26:897 Ejecutando interfase VDINTERAGEREDUR
02 13:21:26:907 Empiezo a leer forms vdinterageredur.frm
02 13:21:26:922 Termino parse forms vdinterageredur.frm
02 13:21:26:922 Ejecutando interfase VDINTERAGEREDUR
02 13:23:26:944 Empiezo a leer forms vdinterageredur.frm
02 13:23:26:964 Termino parse forms vdinterageredur.frm
02 13:23:26:964 Ejecutando interfase VDINTERAGEREDUR
02 13:25:26:990 Empiezo a leer forms vdinterageredur.frm
02 13:25:27:007 Termino parse forms vdinterageredur.frm
02 13:25:27:007 Ejecutando interfase VDINTERAGEREDUR
02 13:27:27:027 Empiezo a leer forms vdinterageredur.frm
02 13:27:27:044 Termino parse forms vdinterageredur.frm
02 13:27:27:044 Ejecutando interfase VDINTERAGEREDUR
02 13:29:27:055 Empiezo a leer forms vdinterageredur.frm
02 13:29:27:074 Termino parse forms vdinterageredur.frm
02 13:29:27:074 Ejecutando interfase VDINTERAGEREDUR
02 13:31:27:092 Empiezo a leer forms vdinterageredur.frm
02 13:31:27:112 Termino parse forms vdinterageredur.frm
02 13:31:27:112 Ejecutando interfase VDINTERAGEREDUR
02 13:33:27:135 Empiezo a leer forms vdinterageredur.frm
02 13:33:27:147 Termino parse forms vdinterageredur.frm
02 13:33:27:147 Ejecutando interfase VDINTERAGEREDUR
02 13:35:27:162 Empiezo a leer forms vdinterageredur.frm
02 13:35:27:180 Termino parse forms vdinterageredur.frm
02 13:35:27:180 Ejecutando interfase VDINTERAGEREDUR
02 13:37:27:194 Empiezo a leer forms vdinterageredur.frm
02 13:37:27:202 Termino parse forms vdinterageredur.frm
02 13:37:27:202 Ejecutando interfase VDINTERAGEREDUR
02 13:39:27:217 Empiezo a leer forms vdinterageredur.frm
02 13:39:27:235 Termino parse forms vdinterageredur.frm
02 13:39:27:235 Ejecutando interfase VDINTERAGEREDUR
02 13:41:27:249 Empiezo a leer forms vdinterageredur.frm
02 13:41:27:267 Termino parse forms vdinterageredur.frm
02 13:41:27:267 Ejecutando interfase VDINTERAGEREDUR
02 13:43:27:292 Empiezo a leer forms vdinterageredur.frm
02 13:43:27:312 Termino parse forms vdinterageredur.frm
02 13:43:27:312 Ejecutando interfase VDINTERAGEREDUR
02 13:45:27:325 Empiezo a leer forms vdinterageredur.frm
02 13:45:27:342 Termino parse forms vdinterageredur.frm
02 13:45:27:344 Ejecutando interfase VDINTERAGEREDUR
02 13:47:27:365 Empiezo a leer forms vdinterageredur.frm
02 13:47:27:377 Termino parse forms vdinterageredur.frm
02 13:47:27:379 Ejecutando interfase VDINTERAGEREDUR
02 13:49:27:397 Empiezo a leer forms vdinterageredur.frm
02 13:49:27:412 Termino parse forms vdinterageredur.frm
02 13:49:27:412 Ejecutando interfase VDINTERAGEREDUR
02 13:51:27:430 Empiezo a leer forms vdinterageredur.frm
02 13:51:27:444 Termino parse forms vdinterageredur.frm
02 13:51:27:444 Ejecutando interfase VDINTERAGEREDUR
02 13:53:27:460 Empiezo a leer forms vdinterageredur.frm
02 13:53:27:480 Termino parse forms vdinterageredur.frm
02 13:53:27:480 Ejecutando interfase VDINTERAGEREDUR
02 13:55:27:492 Empiezo a leer forms vdinterageredur.frm
02 13:55:27:514 Termino parse forms vdinterageredur.frm
02 13:55:27:514 Ejecutando interfase VDINTERAGEREDUR
02 13:57:27:530 Empiezo a leer forms vdinterageredur.frm
02 13:57:27:547 Termino parse forms vdinterageredur.frm
02 13:57:27:549 Ejecutando interfase VDINTERAGEREDUR
02 13:59:27:575 Empiezo a leer forms vdinterageredur.frm
02 13:59:27:575 Termino parse forms vdinterageredur.frm
02 13:59:27:575 Ejecutando interfase VDINTERAGEREDUR
02 14:01:27:595 Empiezo a leer forms vdinterageredur.frm
02 14:01:27:610 Termino parse forms vdinterageredur.frm
02 14:01:27:610 Ejecutando interfase VDINTERAGEREDUR
02 14:03:27:624 Empiezo a leer forms vdinterageredur.frm
02 14:03:27:640 Termino parse forms vdinterageredur.frm
02 14:03:27:640 Ejecutando interfase VDINTERAGEREDUR
02 14:05:27:665 Empiezo a leer forms vdinterageredur.frm
02 14:05:27:677 Termino parse forms vdinterageredur.frm
02 14:05:27:677 Ejecutando interfase VDINTERAGEREDUR
02 14:07:27:697 Empiezo a leer forms vdinterageredur.frm
02 14:07:27:712 Termino parse forms vdinterageredur.frm
02 14:07:27:714 Ejecutando interfase VDINTERAGEREDUR
02 14:09:27:732 Empiezo a leer forms vdinterageredur.frm
02 14:09:27:749 Termino parse forms vdinterageredur.frm
02 14:09:27:749 Ejecutando interfase VDINTERAGEREDUR
02 14:11:27:772 Empiezo a leer forms vdinterageredur.frm
02 14:11:27:790 Termino parse forms vdinterageredur.frm
02 14:11:27:790 Ejecutando interfase VDINTERAGEREDUR
02 14:13:27:827 Empiezo a leer forms vdinterageredur.frm
02 14:13:27:845 Termino parse forms vdinterageredur.frm
02 14:13:27:845 Ejecutando interfase VDINTERAGEREDUR
02 14:15:27:857 Empiezo a leer forms vdinterageredur.frm
02 14:15:27:872 Termino parse forms vdinterageredur.frm
02 14:15:27:872 Ejecutando interfase VDINTERAGEREDUR
02 14:17:27:900 Empiezo a leer forms vdinterageredur.frm
02 14:17:27:917 Termino parse forms vdinterageredur.frm
02 14:17:27:917 Ejecutando interfase VDINTERAGEREDUR
02 14:19:27:942 Empiezo a leer forms vdinterageredur.frm
02 14:19:27:942 Termino parse forms vdinterageredur.frm
02 14:19:27:942 Ejecutando interfase VDINTERAGEREDUR
02 14:21:27:975 Empiezo a leer forms vdinterageredur.frm
02 14:21:27:992 Termino parse forms vdinterageredur.frm
02 14:21:27:992 Ejecutando interfase VDINTERAGEREDUR
02 14:23:28:022 Empiezo a leer forms vdinterageredur.frm
02 14:23:28:042 Termino parse forms vdinterageredur.frm
02 14:23:28:042 Ejecutando interfase VDINTERAGEREDUR
02 14:25:28:055 Empiezo a leer forms vdinterageredur.frm
02 14:25:28:072 Termino parse forms vdinterageredur.frm
02 14:25:28:072 Ejecutando interfase VDINTERAGEREDUR
02 14:27:28:100 Empiezo a leer forms vdinterageredur.frm
02 14:27:28:115 Termino parse forms vdinterageredur.frm
02 14:27:28:115 Ejecutando interfase VDINTERAGEREDUR
02 14:29:28:127 Empiezo a leer forms vdinterageredur.frm
02 14:29:28:150 Termino parse forms vdinterageredur.frm
02 14:29:28:150 Ejecutando interfase VDINTERAGEREDUR
02 14:31:28:165 Empiezo a leer forms vdinterageredur.frm
02 14:31:28:187 Termino parse forms vdinterageredur.frm
02 14:31:28:187 Ejecutando interfase VDINTERAGEREDUR
02 14:33:28:205 Empiezo a leer forms vdinterageredur.frm
02 14:33:28:217 Termino parse forms vdinterageredur.frm
02 14:33:28:217 Ejecutando interfase VDINTERAGEREDUR
02 14:35:28:245 Empiezo a leer forms vdinterageredur.frm
02 14:35:28:260 Termino parse forms vdinterageredur.frm
02 14:35:28:260 Ejecutando interfase VDINTERAGEREDUR
02 14:37:28:294 Empiezo a leer forms vdinterageredur.frm
02 14:37:28:310 Termino parse forms vdinterageredur.frm
02 14:37:28:310 Ejecutando interfase VDINTERAGEREDUR
02 14:39:28:332 Empiezo a leer forms vdinterageredur.frm
02 14:39:28:349 Termino parse forms vdinterageredur.frm
02 14:39:28:349 Ejecutando interfase VDINTERAGEREDUR
02 14:41:28:375 Empiezo a leer forms vdinterageredur.frm
02 14:41:28:390 Termino parse forms vdinterageredur.frm
02 14:41:28:390 Ejecutando interfase VDINTERAGEREDUR
02 14:43:28:407 Empiezo a leer forms vdinterageredur.frm
02 14:43:28:424 Termino parse forms vdinterageredur.frm
02 14:43:28:424 Ejecutando interfase VDINTERAGEREDUR
02 14:45:28:447 Empiezo a leer forms vdinterageredur.frm
02 14:45:28:462 Termino parse forms vdinterageredur.frm
02 14:45:28:462 Ejecutando interfase VDINTERAGEREDUR
02 14:47:28:490 Empiezo a leer forms vdinterageredur.frm
02 14:47:28:507 Termino parse forms vdinterageredur.frm
02 14:47:28:507 Ejecutando interfase VDINTERAGEREDUR
02 15:43:56:072 Empiezo a leer forms vdinterageredur.frm
02 15:43:56:072 Termino parse forms vdinterageredur.frm
02 15:43:56:712 Ejecutando interfase VDINTERAGEREDUR
02 15:45:56:747 Empiezo a leer forms vdinterageredur.frm
02 15:45:56:755 Termino parse forms vdinterageredur.frm
02 15:45:56:755 Ejecutando interfase VDINTERAGEREDUR
02 15:47:56:769 Empiezo a leer forms vdinterageredur.frm
02 15:47:56:775 Termino parse forms vdinterageredur.frm
02 15:47:56:775 Ejecutando interfase VDINTERAGEREDUR
02 15:49:56:797 Empiezo a leer forms vdinterageredur.frm
02 15:49:56:815 Termino parse forms vdinterageredur.frm
02 15:49:56:815 Ejecutando interfase VDINTERAGEREDUR
02 15:51:56:830 Empiezo a leer forms vdinterageredur.frm
02 15:51:56:837 Termino parse forms vdinterageredur.frm
02 15:51:56:837 Ejecutando interfase VDINTERAGEREDUR
02 15:53:56:845 Empiezo a leer forms vdinterageredur.frm
02 15:53:56:850 Termino parse forms vdinterageredur.frm
02 15:53:56:850 Ejecutando interfase VDINTERAGEREDUR
02 15:55:56:859 Empiezo a leer forms vdinterageredur.frm
02 15:55:56:870 Termino parse forms vdinterageredur.frm
02 15:55:56:870 Ejecutando interfase VDINTERAGEREDUR
02 15:57:56:890 Empiezo a leer forms vdinterageredur.frm
02 15:57:56:907 Termino parse forms vdinterageredur.frm
02 15:57:56:907 Ejecutando interfase VDINTERAGEREDUR
02 15:59:56:927 Empiezo a leer forms vdinterageredur.frm
02 15:59:56:937 Termino parse forms vdinterageredur.frm
02 15:59:56:937 Ejecutando interfase VDINTERAGEREDUR
02 16:01:56:947 Empiezo a leer forms vdinterageredur.frm
02 16:01:56:960 Termino parse forms vdinterageredur.frm
02 16:01:56:960 Ejecutando interfase VDINTERAGEREDUR
02 16:03:56:972 Empiezo a leer forms vdinterageredur.frm
02 16:03:56:990 Termino parse forms vdinterageredur.frm
02 16:03:56:990 Ejecutando interfase VDINTERAGEREDUR
02 16:05:57:002 Empiezo a leer forms vdinterageredur.frm
02 16:05:57:014 Termino parse forms vdinterageredur.frm
02 16:05:57:014 Ejecutando interfase VDINTERAGEREDUR
02 16:07:57:032 Empiezo a leer forms vdinterageredur.frm
02 16:07:57:047 Termino parse forms vdinterageredur.frm
02 16:07:57:047 Ejecutando interfase VDINTERAGEREDUR
02 16:09:57:070 Empiezo a leer forms vdinterageredur.frm
02 16:09:57:085 Termino parse forms vdinterageredur.frm
02 16:09:57:085 Ejecutando interfase VDINTERAGEREDUR
02 16:11:57:105 Empiezo a leer forms vdinterageredur.frm
02 16:11:57:119 Termino parse forms vdinterageredur.frm
02 16:11:57:119 Ejecutando interfase VDINTERAGEREDUR
02 16:13:57:137 Empiezo a leer forms vdinterageredur.frm
02 16:13:57:155 Termino parse forms vdinterageredur.frm
02 16:13:57:155 Ejecutando interfase VDINTERAGEREDUR
02 16:15:57:174 Empiezo a leer forms vdinterageredur.frm
02 16:15:57:194 Termino parse forms vdinterageredur.frm
02 16:15:57:195 Ejecutando interfase VDINTERAGEREDUR
02 16:17:57:215 Empiezo a leer forms vdinterageredur.frm
02 16:17:57:234 Termino parse forms vdinterageredur.frm
02 16:17:57:235 Ejecutando interfase VDINTERAGEREDUR
02 16:19:57:252 Empiezo a leer forms vdinterageredur.frm
02 16:19:57:262 Termino parse forms vdinterageredur.frm
02 16:19:57:262 Ejecutando interfase VDINTERAGEREDUR
02 16:21:57:282 Empiezo a leer forms vdinterageredur.frm
02 16:21:57:299 Termino parse forms vdinterageredur.frm
02 16:21:57:299 Ejecutando interfase VDINTERAGEREDUR
02 16:23:57:325 Empiezo a leer forms vdinterageredur.frm
02 16:23:57:345 Termino parse forms vdinterageredur.frm
02 16:23:57:345 Ejecutando interfase VDINTERAGEREDUR
02 16:25:57:369 Empiezo a leer forms vdinterageredur.frm
02 16:25:57:387 Termino parse forms vdinterageredur.frm
02 16:25:57:387 Ejecutando interfase VDINTERAGEREDUR
02 16:27:57:402 Empiezo a leer forms vdinterageredur.frm
02 16:27:57:420 Termino parse forms vdinterageredur.frm
02 16:27:57:420 Ejecutando interfase VDINTERAGEREDUR
02 16:29:57:444 Empiezo a leer forms vdinterageredur.frm
02 16:29:57:465 Termino parse forms vdinterageredur.frm
02 16:29:57:467 Ejecutando interfase VDINTERAGEREDUR
02 16:31:57:482 Empiezo a leer forms vdinterageredur.frm
02 16:31:57:502 Termino parse forms vdinterageredur.frm
02 16:31:57:502 Ejecutando interfase VDINTERAGEREDUR
02 16:33:57:525 Empiezo a leer forms vdinterageredur.frm
02 16:33:57:542 Termino parse forms vdinterageredur.frm
02 16:33:57:542 Ejecutando interfase VDINTERAGEREDUR
02 16:35:57:567 Empiezo a leer forms vdinterageredur.frm
02 16:35:57:585 Termino parse forms vdinterageredur.frm
02 16:35:57:585 Ejecutando interfase VDINTERAGEREDUR
02 16:37:57:610 Empiezo a leer forms vdinterageredur.frm
02 16:37:57:625 Termino parse forms vdinterageredur.frm
02 16:37:57:625 Ejecutando interfase VDINTERAGEREDUR
02 16:39:57:645 Empiezo a leer forms vdinterageredur.frm
02 16:39:57:665 Termino parse forms vdinterageredur.frm
02 16:39:57:665 Ejecutando interfase VDINTERAGEREDUR
02 16:41:57:679 Empiezo a leer forms vdinterageredur.frm
02 16:41:57:695 Termino parse forms vdinterageredur.frm
02 16:41:57:695 Ejecutando interfase VDINTERAGEREDUR
02 16:43:57:715 Empiezo a leer forms vdinterageredur.frm
02 16:43:57:735 Termino parse forms vdinterageredur.frm
02 16:43:57:735 Ejecutando interfase VDINTERAGEREDUR
02 16:45:57:757 Empiezo a leer forms vdinterageredur.frm
02 16:45:57:775 Termino parse forms vdinterageredur.frm
02 16:45:57:777 Ejecutando interfase VDINTERAGEREDUR
02 16:47:57:792 Empiezo a leer forms vdinterageredur.frm
02 16:47:57:810 Termino parse forms vdinterageredur.frm
02 16:47:57:810 Ejecutando interfase VDINTERAGEREDUR
02 16:49:57:832 Empiezo a leer forms vdinterageredur.frm
02 16:49:57:852 Termino parse forms vdinterageredur.frm
02 16:49:57:854 Ejecutando interfase VDINTERAGEREDUR
02 16:51:57:875 Empiezo a leer forms vdinterageredur.frm
02 16:51:57:894 Termino parse forms vdinterageredur.frm
02 16:51:57:894 Ejecutando interfase VDINTERAGEREDUR
02 16:53:57:912 Empiezo a leer forms vdinterageredur.frm
02 16:53:57:934 Termino parse forms vdinterageredur.frm
02 16:53:57:934 Ejecutando interfase VDINTERAGEREDUR
02 16:55:57:952 Empiezo a leer forms vdinterageredur.frm
02 16:55:57:957 Termino parse forms vdinterageredur.frm
02 16:55:57:957 Ejecutando interfase VDINTERAGEREDUR
02 16:57:57:977 Empiezo a leer forms vdinterageredur.frm
02 16:57:57:990 Termino parse forms vdinterageredur.frm
02 16:57:57:990 Ejecutando interfase VDINTERAGEREDUR
02 16:59:58:002 Empiezo a leer forms vdinterageredur.frm
02 16:59:58:019 Termino parse forms vdinterageredur.frm
02 16:59:58:019 Ejecutando interfase VDINTERAGEREDUR
02 17:01:58:042 Empiezo a leer forms vdinterageredur.frm
02 17:01:58:062 Termino parse forms vdinterageredur.frm
02 17:01:58:062 Ejecutando interfase VDINTERAGEREDUR
02 17:03:58:079 Empiezo a leer forms vdinterageredur.frm
02 17:03:58:090 Termino parse forms vdinterageredur.frm
02 17:03:58:090 Ejecutando interfase VDINTERAGEREDUR
02 17:05:58:104 Empiezo a leer forms vdinterageredur.frm
02 17:05:58:122 Termino parse forms vdinterageredur.frm
02 17:05:58:122 Ejecutando interfase VDINTERAGEREDUR
02 17:07:58:145 Empiezo a leer forms vdinterageredur.frm
02 17:07:58:164 Termino parse forms vdinterageredur.frm
02 17:07:58:164 Ejecutando interfase VDINTERAGEREDUR
02 17:09:58:179 Empiezo a leer forms vdinterageredur.frm
02 17:09:58:197 Termino parse forms vdinterageredur.frm
02 17:09:58:197 Ejecutando interfase VDINTERAGEREDUR
02 17:11:58:209 Empiezo a leer forms vdinterageredur.frm
02 17:11:58:222 Termino parse forms vdinterageredur.frm
02 17:11:58:222 Ejecutando interfase VDINTERAGEREDUR
02 17:13:58:240 Empiezo a leer forms vdinterageredur.frm
02 17:13:58:259 Termino parse forms vdinterageredur.frm
02 17:13:58:260 Ejecutando interfase VDINTERAGEREDUR
02 17:15:58:285 Empiezo a leer forms vdinterageredur.frm
02 17:15:58:305 Termino parse forms vdinterageredur.frm
02 17:15:58:305 Ejecutando interfase VDINTERAGEREDUR
02 17:17:58:322 Empiezo a leer forms vdinterageredur.frm
02 17:17:58:342 Termino parse forms vdinterageredur.frm
02 17:17:58:342 Ejecutando interfase VDINTERAGEREDUR
02 17:19:58:362 Empiezo a leer forms vdinterageredur.frm
02 17:19:58:377 Termino parse forms vdinterageredur.frm
02 17:19:58:377 Ejecutando interfase VDINTERAGEREDUR
02 17:21:58:395 Empiezo a leer forms vdinterageredur.frm
02 17:21:58:415 Termino parse forms vdinterageredur.frm
02 17:21:58:415 Ejecutando interfase VDINTERAGEREDUR
02 17:23:58:435 Empiezo a leer forms vdinterageredur.frm
02 17:23:58:455 Termino parse forms vdinterageredur.frm
02 17:23:58:455 Ejecutando interfase VDINTERAGEREDUR
02 17:25:58:477 Empiezo a leer forms vdinterageredur.frm
02 17:25:58:497 Termino parse forms vdinterageredur.frm
02 17:25:58:497 Ejecutando interfase VDINTERAGEREDUR
02 17:27:58:519 Empiezo a leer forms vdinterageredur.frm
02 17:27:58:535 Termino parse forms vdinterageredur.frm
02 17:27:58:535 Ejecutando interfase VDINTERAGEREDUR
02 17:29:58:550 Empiezo a leer forms vdinterageredur.frm
02 17:29:58:570 Termino parse forms vdinterageredur.frm
02 17:29:58:570 Ejecutando interfase VDINTERAGEREDUR
02 17:31:58:585 Empiezo a leer forms vdinterageredur.frm
02 17:31:58:605 Termino parse forms vdinterageredur.frm
02 17:31:58:605 Ejecutando interfase VDINTERAGEREDUR
02 17:33:58:634 Empiezo a leer forms vdinterageredur.frm
02 17:33:58:650 Termino parse forms vdinterageredur.frm
02 17:33:58:652 Ejecutando interfase VDINTERAGEREDUR
02 17:35:58:667 Empiezo a leer forms vdinterageredur.frm
02 17:35:58:670 Termino parse forms vdinterageredur.frm
02 17:35:58:670 Ejecutando interfase VDINTERAGEREDUR
02 17:37:58:684 Empiezo a leer forms vdinterageredur.frm
02 17:37:58:697 Termino parse forms vdinterageredur.frm
02 17:37:58:697 Ejecutando interfase VDINTERAGEREDUR
02 17:39:58:704 Empiezo a leer forms vdinterageredur.frm
02 17:39:58:720 Termino parse forms vdinterageredur.frm
02 17:39:58:720 Ejecutando interfase VDINTERAGEREDUR
02 17:41:58:742 Empiezo a leer forms vdinterageredur.frm
02 17:41:58:762 Termino parse forms vdinterageredur.frm
02 17:41:58:762 Ejecutando interfase VDINTERAGEREDUR
02 17:43:58:777 Empiezo a leer forms vdinterageredur.frm
02 17:43:58:795 Termino parse forms vdinterageredur.frm
02 17:43:58:797 Ejecutando interfase VDINTERAGEREDUR
02 17:45:58:820 Empiezo a leer forms vdinterageredur.frm
02 17:45:58:837 Termino parse forms vdinterageredur.frm
02 17:45:58:839 Ejecutando interfase VDINTERAGEREDUR
02 17:47:58:855 Empiezo a leer forms vdinterageredur.frm
02 17:47:58:875 Termino parse forms vdinterageredur.frm
02 17:47:58:877 Ejecutando interfase VDINTERAGEREDUR
02 17:49:58:902 Empiezo a leer forms vdinterageredur.frm
02 17:49:58:909 Termino parse forms vdinterageredur.frm
02 17:49:58:909 Ejecutando interfase VDINTERAGEREDUR
02 17:51:58:915 Empiezo a leer forms vdinterageredur.frm
02 17:51:58:932 Termino parse forms vdinterageredur.frm
02 17:51:58:932 Ejecutando interfase VDINTERAGEREDUR
02 17:53:58:955 Empiezo a leer forms vdinterageredur.frm
02 17:53:58:975 Termino parse forms vdinterageredur.frm
02 17:53:58:975 Ejecutando interfase VDINTERAGEREDUR
02 17:55:59:000 Empiezo a leer forms vdinterageredur.frm
02 17:55:59:017 Termino parse forms vdinterageredur.frm
02 17:55:59:017 Ejecutando interfase VDINTERAGEREDUR
02 17:57:59:034 Empiezo a leer forms vdinterageredur.frm
02 17:57:59:049 Termino parse forms vdinterageredur.frm
02 17:57:59:049 Ejecutando interfase VDINTERAGEREDUR

00 17:58:50:002 Fichero de log cerrado.

