00 09:03:09:723 Fichero de log abierto PID 15616

02 09:03:09:725 Intentando abrir fichero v10.ini
02 09:03:09:731 Cargando driver v10oracle funcion damedriveroracle
02 09:03:10:228 Conectado a base de datos
02 09:03:10:230 Proceso ENVIORECEP encontrado en tabla VDPROCESOS
02 09:03:10:237 Proceso ENVIORECEP cargado con función interfasesalida (Librería VDINTERFASES.DLL) direccion 0581CC80
02 09:03:10:240 PLSQL: INICIALIZADO PAQUETE DE LOG EL DIA 18-03-2022
02 09:03:10:252 Actualizado SID 15 SERIAL 61546 del proceso con PID 15616
00 09:03:10:257 Error al abrir fichero VDST.H
02 09:03:10:266 Empiezo a leer forms vdinterrecep.frm
02 09:03:10:283 Termino parse forms vdinterrecep.frm
02 09:03:10:283 Ejecutando interfase VDINTERRECEP
02 09:03:46:296 Empiezo a leer forms vdinterrecep.frm
02 09:03:46:301 Termino parse forms vdinterrecep.frm
02 09:03:46:302 Ejecutando interfase VDINTERRECEP
02 09:04:22:313 Empiezo a leer forms vdinterrecep.frm
02 09:04:22:318 Termino parse forms vdinterrecep.frm
02 09:04:22:318 Ejecutando interfase VDINTERRECEP
02 09:04:58:333 Empiezo a leer forms vdinterrecep.frm
02 09:04:58:342 Termino parse forms vdinterrecep.frm
02 09:04:58:342 Ejecutando interfase VDINTERRECEP
02 09:05:34:365 Empiezo a leer forms vdinterrecep.frm
02 09:05:34:372 Termino parse forms vdinterrecep.frm
02 09:05:34:373 Ejecutando interfase VDINTERRECEP
02 09:06:10:387 Empiezo a leer forms vdinterrecep.frm
02 09:06:10:392 Termino parse forms vdinterrecep.frm
02 09:06:10:392 Ejecutando interfase VDINTERRECEP
02 09:06:46:415 Empiezo a leer forms vdinterrecep.frm
02 09:06:46:422 Termino parse forms vdinterrecep.frm
02 09:06:46:423 Ejecutando interfase VDINTERRECEP
02 09:07:22:435 Empiezo a leer forms vdinterrecep.frm
02 09:07:22:442 Termino parse forms vdinterrecep.frm
02 09:07:22:442 Ejecutando interfase VDINTERRECEP
02 09:07:58:451 Empiezo a leer forms vdinterrecep.frm
02 09:07:58:456 Termino parse forms vdinterrecep.frm
02 09:07:58:456 Ejecutando interfase VDINTERRECEP
02 09:08:34:465 Empiezo a leer forms vdinterrecep.frm
02 09:08:34:468 Termino parse forms vdinterrecep.frm
02 09:08:34:468 Ejecutando interfase VDINTERRECEP
02 09:09:10:478 Empiezo a leer forms vdinterrecep.frm
02 09:09:10:485 Termino parse forms vdinterrecep.frm
02 09:09:10:485 Ejecutando interfase VDINTERRECEP
02 09:09:46:502 Empiezo a leer forms vdinterrecep.frm
02 09:09:46:507 Termino parse forms vdinterrecep.frm
02 09:09:46:507 Ejecutando interfase VDINTERRECEP
02 09:10:22:523 Empiezo a leer forms vdinterrecep.frm
02 09:10:22:532 Termino parse forms vdinterrecep.frm
02 09:10:22:532 Ejecutando interfase VDINTERRECEP
02 09:10:58:542 Empiezo a leer forms vdinterrecep.frm
02 09:10:58:552 Termino parse forms vdinterrecep.frm
02 09:10:58:552 Ejecutando interfase VDINTERRECEP
02 09:11:34:562 Empiezo a leer forms vdinterrecep.frm
02 09:11:34:568 Termino parse forms vdinterrecep.frm
02 09:11:34:568 Ejecutando interfase VDINTERRECEP
02 09:12:10:577 Empiezo a leer forms vdinterrecep.frm
02 09:12:10:586 Termino parse forms vdinterrecep.frm
02 09:12:10:586 Ejecutando interfase VDINTERRECEP
02 09:12:46:607 Empiezo a leer forms vdinterrecep.frm
02 09:12:46:616 Termino parse forms vdinterrecep.frm
02 09:12:46:616 Ejecutando interfase VDINTERRECEP
02 09:13:22:628 Empiezo a leer forms vdinterrecep.frm
02 09:13:22:637 Termino parse forms vdinterrecep.frm
02 09:13:22:638 Ejecutando interfase VDINTERRECEP
02 09:13:58:657 Empiezo a leer forms vdinterrecep.frm
02 09:13:58:662 Termino parse forms vdinterrecep.frm
02 09:13:58:662 Ejecutando interfase VDINTERRECEP
02 09:14:34:673 Empiezo a leer forms vdinterrecep.frm
02 09:14:34:678 Termino parse forms vdinterrecep.frm
02 09:14:34:678 Ejecutando interfase VDINTERRECEP
02 09:15:10:701 Empiezo a leer forms vdinterrecep.frm
02 09:15:10:706 Termino parse forms vdinterrecep.frm
02 09:15:10:706 Ejecutando interfase VDINTERRECEP
02 09:15:46:722 Empiezo a leer forms vdinterrecep.frm
02 09:15:46:730 Termino parse forms vdinterrecep.frm
02 09:15:46:730 Ejecutando interfase VDINTERRECEP
02 09:16:22:742 Empiezo a leer forms vdinterrecep.frm
02 09:16:22:751 Termino parse forms vdinterrecep.frm
02 09:16:22:751 Ejecutando interfase VDINTERRECEP
02 09:16:58:770 Empiezo a leer forms vdinterrecep.frm
02 09:16:58:777 Termino parse forms vdinterrecep.frm
02 09:16:58:777 Ejecutando interfase VDINTERRECEP
02 09:17:34:792 Empiezo a leer forms vdinterrecep.frm
02 09:17:34:798 Termino parse forms vdinterrecep.frm
02 09:17:34:798 Ejecutando interfase VDINTERRECEP
02 09:18:10:815 Empiezo a leer forms vdinterrecep.frm
02 09:18:10:823 Termino parse forms vdinterrecep.frm
02 09:18:10:823 Ejecutando interfase VDINTERRECEP
02 09:18:46:843 Empiezo a leer forms vdinterrecep.frm
02 09:18:46:852 Termino parse forms vdinterrecep.frm
02 09:18:46:852 Ejecutando interfase VDINTERRECEP
02 09:19:22:867 Empiezo a leer forms vdinterrecep.frm
02 09:19:22:877 Termino parse forms vdinterrecep.frm
02 09:19:22:890 Ejecutando interfase VDINTERRECEP
02 09:19:58:912 Empiezo a leer forms vdinterrecep.frm
02 09:19:58:917 Termino parse forms vdinterrecep.frm
02 09:19:58:917 Ejecutando interfase VDINTERRECEP
02 09:20:34:932 Empiezo a leer forms vdinterrecep.frm
02 09:20:34:942 Termino parse forms vdinterrecep.frm
02 09:20:34:942 Ejecutando interfase VDINTERRECEP
02 09:21:10:958 Empiezo a leer forms vdinterrecep.frm
02 09:21:10:967 Termino parse forms vdinterrecep.frm
02 09:21:10:967 Ejecutando interfase VDINTERRECEP
02 09:21:46:978 Empiezo a leer forms vdinterrecep.frm
02 09:21:46:983 Termino parse forms vdinterrecep.frm
02 09:21:46:983 Ejecutando interfase VDINTERRECEP
02 09:22:23:000 Empiezo a leer forms vdinterrecep.frm
02 09:22:23:005 Termino parse forms vdinterrecep.frm
02 09:22:23:005 Ejecutando interfase VDINTERRECEP
02 09:22:59:022 Empiezo a leer forms vdinterrecep.frm
02 09:22:59:028 Termino parse forms vdinterrecep.frm
02 09:22:59:028 Ejecutando interfase VDINTERRECEP
02 09:23:35:036 Empiezo a leer forms vdinterrecep.frm
02 09:23:35:045 Termino parse forms vdinterrecep.frm
02 09:23:35:045 Ejecutando interfase VDINTERRECEP
02 09:24:11:053 Empiezo a leer forms vdinterrecep.frm
02 09:24:11:057 Termino parse forms vdinterrecep.frm
02 09:24:11:057 Ejecutando interfase VDINTERRECEP
02 09:24:47:077 Empiezo a leer forms vdinterrecep.frm
02 09:24:47:082 Termino parse forms vdinterrecep.frm
02 09:24:47:082 Ejecutando interfase VDINTERRECEP
02 09:25:23:096 Empiezo a leer forms vdinterrecep.frm
02 09:25:23:102 Termino parse forms vdinterrecep.frm
02 09:25:23:102 Ejecutando interfase VDINTERRECEP
02 09:25:59:112 Empiezo a leer forms vdinterrecep.frm
02 09:25:59:118 Termino parse forms vdinterrecep.frm
02 09:25:59:118 Ejecutando interfase VDINTERRECEP
02 09:26:35:138 Empiezo a leer forms vdinterrecep.frm
02 09:26:35:145 Termino parse forms vdinterrecep.frm
02 09:26:35:145 Ejecutando interfase VDINTERRECEP
02 09:27:11:158 Empiezo a leer forms vdinterrecep.frm
02 09:27:11:165 Termino parse forms vdinterrecep.frm
02 09:27:11:165 Ejecutando interfase VDINTERRECEP
02 09:27:47:187 Empiezo a leer forms vdinterrecep.frm
02 09:27:47:192 Termino parse forms vdinterrecep.frm
02 09:27:47:192 Ejecutando interfase VDINTERRECEP
02 09:28:23:207 Empiezo a leer forms vdinterrecep.frm
02 09:28:23:212 Termino parse forms vdinterrecep.frm
02 09:28:23:212 Ejecutando interfase VDINTERRECEP
02 09:28:59:222 Empiezo a leer forms vdinterrecep.frm
02 09:28:59:230 Termino parse forms vdinterrecep.frm
02 09:28:59:231 Ejecutando interfase VDINTERRECEP
02 09:29:35:245 Empiezo a leer forms vdinterrecep.frm
02 09:29:35:247 Termino parse forms vdinterrecep.frm
02 09:29:35:247 Ejecutando interfase VDINTERRECEP
02 09:30:11:267 Empiezo a leer forms vdinterrecep.frm
02 09:30:11:276 Termino parse forms vdinterrecep.frm
02 09:30:11:277 Ejecutando interfase VDINTERRECEP
02 09:30:47:287 Empiezo a leer forms vdinterrecep.frm
02 09:30:47:296 Termino parse forms vdinterrecep.frm
02 09:30:47:296 Ejecutando interfase VDINTERRECEP
02 09:31:23:306 Empiezo a leer forms vdinterrecep.frm
02 09:31:23:313 Termino parse forms vdinterrecep.frm
02 09:31:23:315 Ejecutando interfase VDINTERRECEP
02 09:31:59:327 Empiezo a leer forms vdinterrecep.frm
02 09:31:59:332 Termino parse forms vdinterrecep.frm
02 09:31:59:332 Ejecutando interfase VDINTERRECEP
02 09:32:35:345 Empiezo a leer forms vdinterrecep.frm
02 09:32:35:353 Termino parse forms vdinterrecep.frm
02 09:32:35:353 Ejecutando interfase VDINTERRECEP
02 09:33:11:370 Empiezo a leer forms vdinterrecep.frm
02 09:33:11:375 Termino parse forms vdinterrecep.frm
02 09:33:11:375 Ejecutando interfase VDINTERRECEP
02 09:33:47:391 Empiezo a leer forms vdinterrecep.frm
02 09:33:47:396 Termino parse forms vdinterrecep.frm
02 09:33:47:396 Ejecutando interfase VDINTERRECEP
02 09:34:23:413 Empiezo a leer forms vdinterrecep.frm
02 09:34:23:418 Termino parse forms vdinterrecep.frm
02 09:34:23:418 Ejecutando interfase VDINTERRECEP
02 09:34:59:432 Empiezo a leer forms vdinterrecep.frm
02 09:34:59:437 Termino parse forms vdinterrecep.frm
02 09:34:59:437 Ejecutando interfase VDINTERRECEP
02 09:35:35:447 Empiezo a leer forms vdinterrecep.frm
02 09:35:35:453 Termino parse forms vdinterrecep.frm
02 09:35:35:453 Ejecutando interfase VDINTERRECEP
02 09:36:11:462 Empiezo a leer forms vdinterrecep.frm
02 09:36:11:468 Termino parse forms vdinterrecep.frm
02 09:36:11:468 Ejecutando interfase VDINTERRECEP
02 09:36:47:487 Empiezo a leer forms vdinterrecep.frm
02 09:36:47:496 Termino parse forms vdinterrecep.frm
02 09:36:47:497 Ejecutando interfase VDINTERRECEP
02 09:37:23:512 Empiezo a leer forms vdinterrecep.frm
02 09:37:23:518 Termino parse forms vdinterrecep.frm
02 09:37:23:518 Ejecutando interfase VDINTERRECEP
02 09:37:59:530 Empiezo a leer forms vdinterrecep.frm
02 09:37:59:537 Termino parse forms vdinterrecep.frm
02 09:37:59:537 Ejecutando interfase VDINTERRECEP
02 09:38:35:543 Empiezo a leer forms vdinterrecep.frm
02 09:38:35:551 Termino parse forms vdinterrecep.frm
02 09:38:35:552 Ejecutando interfase VDINTERRECEP
02 09:39:11:566 Empiezo a leer forms vdinterrecep.frm
02 09:39:11:571 Termino parse forms vdinterrecep.frm
02 09:39:11:571 Ejecutando interfase VDINTERRECEP
02 09:39:47:590 Empiezo a leer forms vdinterrecep.frm
02 09:39:47:595 Termino parse forms vdinterrecep.frm
02 09:39:47:595 Ejecutando interfase VDINTERRECEP
02 09:40:23:612 Empiezo a leer forms vdinterrecep.frm
02 09:40:23:618 Termino parse forms vdinterrecep.frm
02 09:40:23:618 Ejecutando interfase VDINTERRECEP
02 09:40:59:627 Empiezo a leer forms vdinterrecep.frm
02 09:40:59:636 Termino parse forms vdinterrecep.frm
02 09:40:59:637 Ejecutando interfase VDINTERRECEP
02 09:41:35:648 Empiezo a leer forms vdinterrecep.frm
02 09:41:35:657 Termino parse forms vdinterrecep.frm
02 09:41:35:657 Ejecutando interfase VDINTERRECEP
02 09:42:11:665 Empiezo a leer forms vdinterrecep.frm
02 09:42:11:671 Termino parse forms vdinterrecep.frm
02 09:42:11:671 Ejecutando interfase VDINTERRECEP
02 09:42:47:688 Empiezo a leer forms vdinterrecep.frm
02 09:42:47:698 Termino parse forms vdinterrecep.frm
02 09:42:47:698 Ejecutando interfase VDINTERRECEP
02 09:43:23:721 Empiezo a leer forms vdinterrecep.frm
02 09:43:23:728 Termino parse forms vdinterrecep.frm
02 09:43:23:728 Ejecutando interfase VDINTERRECEP
02 09:43:59:746 Empiezo a leer forms vdinterrecep.frm
02 09:43:59:751 Termino parse forms vdinterrecep.frm
02 09:43:59:751 Ejecutando interfase VDINTERRECEP
02 09:44:35:763 Empiezo a leer forms vdinterrecep.frm
02 09:44:35:772 Termino parse forms vdinterrecep.frm
02 09:44:35:773 Ejecutando interfase VDINTERRECEP
02 09:45:11:792 Empiezo a leer forms vdinterrecep.frm
02 09:45:11:802 Termino parse forms vdinterrecep.frm
02 09:45:11:803 Ejecutando interfase VDINTERRECEP
02 09:45:47:825 Empiezo a leer forms vdinterrecep.frm
02 09:45:47:832 Termino parse forms vdinterrecep.frm
02 09:45:47:832 Ejecutando interfase VDINTERRECEP
02 09:46:23:847 Empiezo a leer forms vdinterrecep.frm
02 09:46:23:855 Termino parse forms vdinterrecep.frm
02 09:46:23:856 Ejecutando interfase VDINTERRECEP
02 09:46:59:862 Empiezo a leer forms vdinterrecep.frm
02 09:46:59:870 Termino parse forms vdinterrecep.frm
02 09:46:59:870 Ejecutando interfase VDINTERRECEP
02 09:47:35:882 Empiezo a leer forms vdinterrecep.frm
02 09:47:35:890 Termino parse forms vdinterrecep.frm
02 09:47:35:890 Ejecutando interfase VDINTERRECEP
02 09:48:11:902 Empiezo a leer forms vdinterrecep.frm
02 09:48:11:907 Termino parse forms vdinterrecep.frm
02 09:48:11:907 Ejecutando interfase VDINTERRECEP
02 09:48:47:927 Empiezo a leer forms vdinterrecep.frm
02 09:48:47:932 Termino parse forms vdinterrecep.frm
02 09:48:47:932 Ejecutando interfase VDINTERRECEP
02 09:49:23:951 Empiezo a leer forms vdinterrecep.frm
02 09:49:23:956 Termino parse forms vdinterrecep.frm
02 09:49:23:956 Ejecutando interfase VDINTERRECEP
02 09:49:59:961 Empiezo a leer forms vdinterrecep.frm
02 09:49:59:967 Termino parse forms vdinterrecep.frm
02 09:49:59:967 Ejecutando interfase VDINTERRECEP
02 09:50:35:977 Empiezo a leer forms vdinterrecep.frm
02 09:50:35:983 Termino parse forms vdinterrecep.frm
02 09:50:35:983 Ejecutando interfase VDINTERRECEP
02 09:51:11:998 Empiezo a leer forms vdinterrecep.frm
02 09:51:12:007 Termino parse forms vdinterrecep.frm
02 09:51:12:007 Ejecutando interfase VDINTERRECEP
02 09:51:48:028 Empiezo a leer forms vdinterrecep.frm
02 09:51:48:036 Termino parse forms vdinterrecep.frm
02 09:51:48:037 Ejecutando interfase VDINTERRECEP
02 09:52:24:046 Empiezo a leer forms vdinterrecep.frm
02 09:52:24:051 Termino parse forms vdinterrecep.frm
02 09:52:24:051 Ejecutando interfase VDINTERRECEP
02 09:53:00:070 Empiezo a leer forms vdinterrecep.frm
02 09:53:00:075 Termino parse forms vdinterrecep.frm
02 09:53:00:075 Ejecutando interfase VDINTERRECEP
02 09:53:36:087 Empiezo a leer forms vdinterrecep.frm
02 09:53:36:092 Termino parse forms vdinterrecep.frm
02 09:53:36:092 Ejecutando interfase VDINTERRECEP
02 09:54:12:098 Empiezo a leer forms vdinterrecep.frm
02 09:54:12:105 Termino parse forms vdinterrecep.frm
02 09:54:12:105 Ejecutando interfase VDINTERRECEP
02 09:54:48:122 Empiezo a leer forms vdinterrecep.frm
02 09:54:48:131 Termino parse forms vdinterrecep.frm
02 09:54:48:132 Ejecutando interfase VDINTERRECEP
02 09:55:24:156 Empiezo a leer forms vdinterrecep.frm
02 09:55:24:165 Termino parse forms vdinterrecep.frm
02 09:55:24:165 Ejecutando interfase VDINTERRECEP
02 09:56:00:181 Empiezo a leer forms vdinterrecep.frm
02 09:56:00:188 Termino parse forms vdinterrecep.frm
02 09:56:00:190 Ejecutando interfase VDINTERRECEP
02 09:56:36:208 Empiezo a leer forms vdinterrecep.frm
02 09:56:36:213 Termino parse forms vdinterrecep.frm
02 09:56:36:213 Ejecutando interfase VDINTERRECEP
02 09:57:12:227 Empiezo a leer forms vdinterrecep.frm
02 09:57:12:232 Termino parse forms vdinterrecep.frm
02 09:57:12:232 Ejecutando interfase VDINTERRECEP
02 09:57:48:237 Empiezo a leer forms vdinterrecep.frm
02 09:57:48:242 Termino parse forms vdinterrecep.frm
02 09:57:48:242 Ejecutando interfase VDINTERRECEP
02 09:58:24:257 Empiezo a leer forms vdinterrecep.frm
02 09:58:24:265 Termino parse forms vdinterrecep.frm
02 09:58:24:265 Ejecutando interfase VDINTERRECEP
02 09:59:00:287 Empiezo a leer forms vdinterrecep.frm
02 09:59:00:293 Termino parse forms vdinterrecep.frm
02 09:59:00:293 Ejecutando interfase VDINTERRECEP
02 09:59:36:301 Empiezo a leer forms vdinterrecep.frm
02 09:59:36:307 Termino parse forms vdinterrecep.frm
02 09:59:36:307 Ejecutando interfase VDINTERRECEP
02 10:00:12:320 Empiezo a leer forms vdinterrecep.frm
02 10:00:12:326 Termino parse forms vdinterrecep.frm
02 10:00:12:326 Ejecutando interfase VDINTERRECEP
02 10:00:48:346 Empiezo a leer forms vdinterrecep.frm
02 10:00:48:352 Termino parse forms vdinterrecep.frm
02 10:00:48:352 Ejecutando interfase VDINTERRECEP
02 10:01:24:367 Empiezo a leer forms vdinterrecep.frm
02 10:01:24:372 Termino parse forms vdinterrecep.frm
02 10:01:24:372 Ejecutando interfase VDINTERRECEP
02 10:02:00:392 Empiezo a leer forms vdinterrecep.frm
02 10:02:00:397 Termino parse forms vdinterrecep.frm
02 10:02:00:397 Ejecutando interfase VDINTERRECEP
02 10:02:36:410 Empiezo a leer forms vdinterrecep.frm
02 10:02:36:417 Termino parse forms vdinterrecep.frm
02 10:02:36:417 Ejecutando interfase VDINTERRECEP
02 10:03:12:441 Empiezo a leer forms vdinterrecep.frm
02 10:03:12:450 Termino parse forms vdinterrecep.frm
02 10:03:12:450 Ejecutando interfase VDINTERRECEP
02 10:03:48:475 Empiezo a leer forms vdinterrecep.frm
02 10:03:48:483 Termino parse forms vdinterrecep.frm
02 10:03:48:483 Ejecutando interfase VDINTERRECEP
02 10:04:24:496 Empiezo a leer forms vdinterrecep.frm
02 10:04:24:502 Termino parse forms vdinterrecep.frm
02 10:04:24:502 Ejecutando interfase VDINTERRECEP
02 10:05:00:521 Empiezo a leer forms vdinterrecep.frm
02 10:05:00:527 Termino parse forms vdinterrecep.frm
02 10:05:00:527 Ejecutando interfase VDINTERRECEP
02 10:05:36:532 Empiezo a leer forms vdinterrecep.frm
02 10:05:36:537 Termino parse forms vdinterrecep.frm
02 10:05:36:537 Ejecutando interfase VDINTERRECEP
02 10:06:12:557 Empiezo a leer forms vdinterrecep.frm
02 10:06:12:567 Termino parse forms vdinterrecep.frm
02 10:06:12:567 Ejecutando interfase VDINTERRECEP
02 10:06:48:580 Empiezo a leer forms vdinterrecep.frm
02 10:06:48:588 Termino parse forms vdinterrecep.frm
02 10:06:48:590 Ejecutando interfase VDINTERRECEP
02 10:07:24:607 Empiezo a leer forms vdinterrecep.frm
02 10:07:24:617 Termino parse forms vdinterrecep.frm
02 10:07:24:617 Ejecutando interfase VDINTERRECEP
02 10:08:00:640 Empiezo a leer forms vdinterrecep.frm
02 10:08:00:650 Termino parse forms vdinterrecep.frm
02 10:08:00:651 Ejecutando interfase VDINTERRECEP
02 10:08:36:662 Empiezo a leer forms vdinterrecep.frm
02 10:08:36:667 Termino parse forms vdinterrecep.frm
02 10:08:36:667 Ejecutando interfase VDINTERRECEP
02 10:09:12:686 Empiezo a leer forms vdinterrecep.frm
02 10:09:12:692 Termino parse forms vdinterrecep.frm
02 10:09:12:693 Ejecutando interfase VDINTERRECEP
02 10:09:48:707 Empiezo a leer forms vdinterrecep.frm
02 10:09:48:716 Termino parse forms vdinterrecep.frm
02 10:09:48:716 Ejecutando interfase VDINTERRECEP
02 10:10:24:728 Empiezo a leer forms vdinterrecep.frm
02 10:10:24:737 Termino parse forms vdinterrecep.frm
02 10:10:24:737 Ejecutando interfase VDINTERRECEP
02 10:11:00:746 Empiezo a leer forms vdinterrecep.frm
02 10:11:00:751 Termino parse forms vdinterrecep.frm
02 10:11:00:751 Ejecutando interfase VDINTERRECEP
02 10:11:36:765 Empiezo a leer forms vdinterrecep.frm
02 10:11:36:771 Termino parse forms vdinterrecep.frm
02 10:11:36:771 Ejecutando interfase VDINTERRECEP
02 10:12:12:785 Empiezo a leer forms vdinterrecep.frm
02 10:12:12:792 Termino parse forms vdinterrecep.frm
02 10:12:12:792 Ejecutando interfase VDINTERRECEP
02 10:12:48:807 Empiezo a leer forms vdinterrecep.frm
02 10:12:48:816 Termino parse forms vdinterrecep.frm
02 10:12:48:816 Ejecutando interfase VDINTERRECEP
02 10:13:24:830 Empiezo a leer forms vdinterrecep.frm
02 10:13:24:840 Termino parse forms vdinterrecep.frm
02 10:13:24:840 Ejecutando interfase VDINTERRECEP
02 10:14:00:857 Empiezo a leer forms vdinterrecep.frm
02 10:14:00:867 Termino parse forms vdinterrecep.frm
02 10:14:00:867 Ejecutando interfase VDINTERRECEP
02 10:14:36:892 Empiezo a leer forms vdinterrecep.frm
02 10:14:36:902 Termino parse forms vdinterrecep.frm
02 10:14:36:903 Ejecutando interfase VDINTERRECEP
02 10:15:12:918 Empiezo a leer forms vdinterrecep.frm
02 10:15:12:927 Termino parse forms vdinterrecep.frm
02 10:15:12:927 Ejecutando interfase VDINTERRECEP
02 10:15:48:945 Empiezo a leer forms vdinterrecep.frm
02 10:15:48:955 Termino parse forms vdinterrecep.frm
02 10:15:48:955 Ejecutando interfase VDINTERRECEP
02 10:16:24:977 Empiezo a leer forms vdinterrecep.frm
02 10:16:24:986 Termino parse forms vdinterrecep.frm
02 10:16:24:986 Ejecutando interfase VDINTERRECEP
02 10:17:01:008 Empiezo a leer forms vdinterrecep.frm
02 10:17:01:015 Termino parse forms vdinterrecep.frm
02 10:17:01:015 Ejecutando interfase VDINTERRECEP
02 10:17:37:023 Empiezo a leer forms vdinterrecep.frm
02 10:17:37:027 Termino parse forms vdinterrecep.frm
02 10:17:37:027 Ejecutando interfase VDINTERRECEP
02 10:18:13:048 Empiezo a leer forms vdinterrecep.frm
02 10:18:13:058 Termino parse forms vdinterrecep.frm
02 10:18:13:058 Ejecutando interfase VDINTERRECEP
02 10:18:49:082 Empiezo a leer forms vdinterrecep.frm
02 10:18:49:091 Termino parse forms vdinterrecep.frm
02 10:18:49:092 Ejecutando interfase VDINTERRECEP
02 10:19:25:108 Empiezo a leer forms vdinterrecep.frm
02 10:19:25:113 Termino parse forms vdinterrecep.frm
02 10:19:25:115 Ejecutando interfase VDINTERRECEP
02 10:20:01:126 Empiezo a leer forms vdinterrecep.frm
02 10:20:01:132 Termino parse forms vdinterrecep.frm
02 10:20:01:132 Ejecutando interfase VDINTERRECEP
02 10:20:37:150 Empiezo a leer forms vdinterrecep.frm
02 10:20:37:157 Termino parse forms vdinterrecep.frm
02 10:20:37:157 Ejecutando interfase VDINTERRECEP
02 10:21:13:168 Empiezo a leer forms vdinterrecep.frm
02 10:21:13:177 Termino parse forms vdinterrecep.frm
02 10:21:13:177 Ejecutando interfase VDINTERRECEP
02 10:21:49:183 Empiezo a leer forms vdinterrecep.frm
02 10:21:49:191 Termino parse forms vdinterrecep.frm
02 10:21:49:191 Ejecutando interfase VDINTERRECEP
02 10:22:25:203 Empiezo a leer forms vdinterrecep.frm
02 10:22:25:212 Termino parse forms vdinterrecep.frm
02 10:22:25:212 Ejecutando interfase VDINTERRECEP
02 10:23:01:228 Empiezo a leer forms vdinterrecep.frm
02 10:23:01:236 Termino parse forms vdinterrecep.frm
02 10:23:01:236 Ejecutando interfase VDINTERRECEP
02 10:23:37:257 Empiezo a leer forms vdinterrecep.frm
02 10:23:37:262 Termino parse forms vdinterrecep.frm
02 10:23:37:262 Ejecutando interfase VDINTERRECEP
02 10:24:13:285 Empiezo a leer forms vdinterrecep.frm
02 10:24:13:291 Termino parse forms vdinterrecep.frm
02 10:24:13:291 Ejecutando interfase VDINTERRECEP
02 10:24:49:305 Empiezo a leer forms vdinterrecep.frm
02 10:24:49:311 Termino parse forms vdinterrecep.frm
02 10:24:49:311 Ejecutando interfase VDINTERRECEP
02 10:25:25:333 Empiezo a leer forms vdinterrecep.frm
02 10:25:25:343 Termino parse forms vdinterrecep.frm
02 10:25:25:343 Ejecutando interfase VDINTERRECEP
02 10:26:01:361 Empiezo a leer forms vdinterrecep.frm
02 10:26:01:370 Termino parse forms vdinterrecep.frm
02 10:26:01:371 Ejecutando interfase VDINTERRECEP
02 10:26:37:390 Empiezo a leer forms vdinterrecep.frm
02 10:26:37:398 Termino parse forms vdinterrecep.frm
02 10:26:37:398 Ejecutando interfase VDINTERRECEP
02 10:27:13:421 Empiezo a leer forms vdinterrecep.frm
02 10:27:13:427 Termino parse forms vdinterrecep.frm
02 10:27:13:427 Ejecutando interfase VDINTERRECEP
02 10:27:49:437 Empiezo a leer forms vdinterrecep.frm
02 10:27:49:442 Termino parse forms vdinterrecep.frm
02 10:27:49:442 Ejecutando interfase VDINTERRECEP
02 10:28:25:453 Empiezo a leer forms vdinterrecep.frm
02 10:28:25:461 Termino parse forms vdinterrecep.frm
02 10:28:25:462 Ejecutando interfase VDINTERRECEP
02 10:29:01:485 Empiezo a leer forms vdinterrecep.frm
02 10:29:01:492 Termino parse forms vdinterrecep.frm
02 10:29:01:492 Ejecutando interfase VDINTERRECEP
02 10:29:37:507 Empiezo a leer forms vdinterrecep.frm
02 10:29:37:517 Termino parse forms vdinterrecep.frm
02 10:29:37:517 Ejecutando interfase VDINTERRECEP
02 10:30:13:528 Empiezo a leer forms vdinterrecep.frm
02 10:30:13:537 Termino parse forms vdinterrecep.frm
02 10:30:13:537 Ejecutando interfase VDINTERRECEP
02 10:30:49:556 Empiezo a leer forms vdinterrecep.frm
02 10:30:49:563 Termino parse forms vdinterrecep.frm
02 10:30:49:565 Ejecutando interfase VDINTERRECEP
02 10:31:25:577 Empiezo a leer forms vdinterrecep.frm
02 10:31:25:585 Termino parse forms vdinterrecep.frm
02 10:31:25:586 Ejecutando interfase VDINTERRECEP
02 10:32:01:592 Empiezo a leer forms vdinterrecep.frm
02 10:32:01:598 Termino parse forms vdinterrecep.frm
02 10:32:01:598 Ejecutando interfase VDINTERRECEP
02 10:32:37:607 Empiezo a leer forms vdinterrecep.frm
02 10:32:37:613 Termino parse forms vdinterrecep.frm
02 10:32:37:615 Ejecutando interfase VDINTERRECEP
02 10:33:13:632 Empiezo a leer forms vdinterrecep.frm
02 10:33:13:642 Termino parse forms vdinterrecep.frm
02 10:33:13:642 Ejecutando interfase VDINTERRECEP
02 10:33:49:656 Empiezo a leer forms vdinterrecep.frm
02 10:33:49:662 Termino parse forms vdinterrecep.frm
02 10:33:49:662 Ejecutando interfase VDINTERRECEP
02 10:34:25:677 Empiezo a leer forms vdinterrecep.frm
02 10:34:25:682 Termino parse forms vdinterrecep.frm
02 10:34:25:683 Ejecutando interfase VDINTERRECEP
02 10:35:01:698 Empiezo a leer forms vdinterrecep.frm
02 10:35:01:706 Termino parse forms vdinterrecep.frm
02 10:35:01:706 Ejecutando interfase VDINTERRECEP
02 10:35:37:715 Empiezo a leer forms vdinterrecep.frm
02 10:35:37:725 Termino parse forms vdinterrecep.frm
02 10:35:37:725 Ejecutando interfase VDINTERRECEP
02 10:36:13:746 Empiezo a leer forms vdinterrecep.frm
02 10:36:13:752 Termino parse forms vdinterrecep.frm
02 10:36:13:752 Ejecutando interfase VDINTERRECEP
02 10:36:49:772 Empiezo a leer forms vdinterrecep.frm
02 10:36:49:781 Termino parse forms vdinterrecep.frm
02 10:36:49:781 Ejecutando interfase VDINTERRECEP
02 10:37:25:801 Empiezo a leer forms vdinterrecep.frm
02 10:37:25:806 Termino parse forms vdinterrecep.frm
02 10:37:25:807 Ejecutando interfase VDINTERRECEP
02 10:38:01:821 Empiezo a leer forms vdinterrecep.frm
02 10:38:01:830 Termino parse forms vdinterrecep.frm
02 10:38:01:830 Ejecutando interfase VDINTERRECEP
02 10:38:37:851 Empiezo a leer forms vdinterrecep.frm
02 10:38:37:861 Termino parse forms vdinterrecep.frm
02 10:38:37:862 Ejecutando interfase VDINTERRECEP
02 10:39:13:883 Empiezo a leer forms vdinterrecep.frm
02 10:39:13:890 Termino parse forms vdinterrecep.frm
02 10:39:13:890 Ejecutando interfase VDINTERRECEP
02 10:39:49:897 Empiezo a leer forms vdinterrecep.frm
02 10:39:49:907 Termino parse forms vdinterrecep.frm
02 10:39:49:907 Ejecutando interfase VDINTERRECEP
02 10:40:25:916 Empiezo a leer forms vdinterrecep.frm
02 10:40:25:921 Termino parse forms vdinterrecep.frm
02 10:40:25:921 Ejecutando interfase VDINTERRECEP
02 10:41:01:931 Empiezo a leer forms vdinterrecep.frm
02 10:41:01:940 Termino parse forms vdinterrecep.frm
02 10:41:01:940 Ejecutando interfase VDINTERRECEP
02 10:41:37:955 Empiezo a leer forms vdinterrecep.frm
02 10:41:37:963 Termino parse forms vdinterrecep.frm
02 10:41:37:965 Ejecutando interfase VDINTERRECEP
02 10:42:13:982 Empiezo a leer forms vdinterrecep.frm
02 10:42:13:987 Termino parse forms vdinterrecep.frm
02 10:42:13:987 Ejecutando interfase VDINTERRECEP
02 10:42:50:001 Empiezo a leer forms vdinterrecep.frm
02 10:42:50:010 Termino parse forms vdinterrecep.frm
02 10:42:50:010 Ejecutando interfase VDINTERRECEP
02 10:43:26:027 Empiezo a leer forms vdinterrecep.frm
02 10:43:26:036 Termino parse forms vdinterrecep.frm
02 10:43:26:036 Ejecutando interfase VDINTERRECEP
02 10:44:02:052 Empiezo a leer forms vdinterrecep.frm
02 10:44:02:062 Termino parse forms vdinterrecep.frm
02 10:44:02:062 Ejecutando interfase VDINTERRECEP
02 10:44:38:080 Empiezo a leer forms vdinterrecep.frm
02 10:44:38:086 Termino parse forms vdinterrecep.frm
02 10:44:38:086 Ejecutando interfase VDINTERRECEP
02 10:45:14:097 Empiezo a leer forms vdinterrecep.frm
02 10:45:14:106 Termino parse forms vdinterrecep.frm
02 10:45:14:107 Ejecutando interfase VDINTERRECEP
02 10:45:50:127 Empiezo a leer forms vdinterrecep.frm
02 10:45:50:137 Termino parse forms vdinterrecep.frm
02 10:45:50:137 Ejecutando interfase VDINTERRECEP
02 10:46:26:161 Empiezo a leer forms vdinterrecep.frm
02 10:46:26:167 Termino parse forms vdinterrecep.frm
02 10:46:26:167 Ejecutando interfase VDINTERRECEP
02 10:47:02:188 Empiezo a leer forms vdinterrecep.frm
02 10:47:02:197 Termino parse forms vdinterrecep.frm
02 10:47:02:197 Ejecutando interfase VDINTERRECEP
02 10:47:38:206 Empiezo a leer forms vdinterrecep.frm
02 10:47:38:213 Termino parse forms vdinterrecep.frm
02 10:47:38:213 Ejecutando interfase VDINTERRECEP
02 10:48:14:225 Empiezo a leer forms vdinterrecep.frm
02 10:48:14:235 Termino parse forms vdinterrecep.frm
02 10:48:14:236 Ejecutando interfase VDINTERRECEP
02 10:48:50:251 Empiezo a leer forms vdinterrecep.frm
02 10:48:50:260 Termino parse forms vdinterrecep.frm
02 10:48:50:261 Ejecutando interfase VDINTERRECEP
02 10:49:26:268 Empiezo a leer forms vdinterrecep.frm
02 10:49:26:275 Termino parse forms vdinterrecep.frm
02 10:49:26:275 Ejecutando interfase VDINTERRECEP
02 10:50:02:295 Empiezo a leer forms vdinterrecep.frm
02 10:50:02:300 Termino parse forms vdinterrecep.frm
02 10:50:02:300 Ejecutando interfase VDINTERRECEP
02 10:50:38:316 Empiezo a leer forms vdinterrecep.frm
02 10:50:38:326 Termino parse forms vdinterrecep.frm
02 10:50:38:327 Ejecutando interfase VDINTERRECEP
02 10:51:14:342 Empiezo a leer forms vdinterrecep.frm
02 10:51:14:347 Termino parse forms vdinterrecep.frm
02 10:51:14:347 Ejecutando interfase VDINTERRECEP
02 10:51:50:362 Empiezo a leer forms vdinterrecep.frm
02 10:51:50:370 Termino parse forms vdinterrecep.frm
02 10:51:50:370 Ejecutando interfase VDINTERRECEP
02 10:52:26:391 Empiezo a leer forms vdinterrecep.frm
02 10:52:26:400 Termino parse forms vdinterrecep.frm
02 10:52:26:400 Ejecutando interfase VDINTERRECEP
02 10:53:02:410 Empiezo a leer forms vdinterrecep.frm
02 10:53:02:417 Termino parse forms vdinterrecep.frm
02 10:53:02:418 Ejecutando interfase VDINTERRECEP
02 10:53:38:441 Empiezo a leer forms vdinterrecep.frm
02 10:53:38:447 Termino parse forms vdinterrecep.frm
02 10:53:38:447 Ejecutando interfase VDINTERRECEP
02 10:54:14:458 Empiezo a leer forms vdinterrecep.frm
02 10:54:14:467 Termino parse forms vdinterrecep.frm
02 10:54:14:467 Ejecutando interfase VDINTERRECEP
02 10:54:50:482 Empiezo a leer forms vdinterrecep.frm
02 10:54:50:490 Termino parse forms vdinterrecep.frm
02 10:54:50:490 Ejecutando interfase VDINTERRECEP
02 10:55:26:510 Empiezo a leer forms vdinterrecep.frm
02 10:55:26:517 Termino parse forms vdinterrecep.frm
02 10:55:26:517 Ejecutando interfase VDINTERRECEP
02 10:56:02:533 Empiezo a leer forms vdinterrecep.frm
02 10:56:02:541 Termino parse forms vdinterrecep.frm
02 10:56:02:542 Ejecutando interfase VDINTERRECEP
02 10:56:38:562 Empiezo a leer forms vdinterrecep.frm
02 10:56:38:567 Termino parse forms vdinterrecep.frm
02 10:56:38:567 Ejecutando interfase VDINTERRECEP
02 10:57:14:587 Empiezo a leer forms vdinterrecep.frm
02 10:57:14:595 Termino parse forms vdinterrecep.frm
02 10:57:14:595 Ejecutando interfase VDINTERRECEP
02 10:57:50:607 Empiezo a leer forms vdinterrecep.frm
02 10:57:50:613 Termino parse forms vdinterrecep.frm
02 10:57:50:613 Ejecutando interfase VDINTERRECEP
02 10:58:26:627 Empiezo a leer forms vdinterrecep.frm
02 10:58:26:635 Termino parse forms vdinterrecep.frm
02 10:58:26:636 Ejecutando interfase VDINTERRECEP
02 10:59:02:653 Empiezo a leer forms vdinterrecep.frm
02 10:59:02:663 Termino parse forms vdinterrecep.frm
02 10:59:02:663 Ejecutando interfase VDINTERRECEP
02 10:59:38:681 Empiezo a leer forms vdinterrecep.frm
02 10:59:38:688 Termino parse forms vdinterrecep.frm
02 10:59:38:688 Ejecutando interfase VDINTERRECEP
02 11:00:14:705 Empiezo a leer forms vdinterrecep.frm
02 11:00:14:712 Termino parse forms vdinterrecep.frm
02 11:00:14:712 Ejecutando interfase VDINTERRECEP
02 11:00:50:722 Empiezo a leer forms vdinterrecep.frm
02 11:00:50:731 Termino parse forms vdinterrecep.frm
02 11:00:50:732 Ejecutando interfase VDINTERRECEP
02 11:01:26:743 Empiezo a leer forms vdinterrecep.frm
02 11:01:26:752 Termino parse forms vdinterrecep.frm
02 11:01:26:752 Ejecutando interfase VDINTERRECEP
02 11:02:02:770 Empiezo a leer forms vdinterrecep.frm
02 11:02:02:777 Termino parse forms vdinterrecep.frm
02 11:02:02:777 Ejecutando interfase VDINTERRECEP
02 11:02:38:795 Empiezo a leer forms vdinterrecep.frm
02 11:02:38:802 Termino parse forms vdinterrecep.frm
02 11:02:38:802 Ejecutando interfase VDINTERRECEP
02 11:03:14:811 Empiezo a leer forms vdinterrecep.frm
02 11:03:14:817 Termino parse forms vdinterrecep.frm
02 11:03:14:817 Ejecutando interfase VDINTERRECEP
02 11:03:50:838 Empiezo a leer forms vdinterrecep.frm
02 11:03:50:848 Termino parse forms vdinterrecep.frm
02 11:03:50:848 Ejecutando interfase VDINTERRECEP
02 11:04:26:857 Empiezo a leer forms vdinterrecep.frm
02 11:04:26:866 Termino parse forms vdinterrecep.frm
02 11:04:26:866 Ejecutando interfase VDINTERRECEP
02 11:05:02:873 Empiezo a leer forms vdinterrecep.frm
02 11:05:02:882 Termino parse forms vdinterrecep.frm
02 11:05:02:882 Ejecutando interfase VDINTERRECEP
02 11:05:38:903 Empiezo a leer forms vdinterrecep.frm
02 11:05:38:912 Termino parse forms vdinterrecep.frm
02 11:05:38:912 Ejecutando interfase VDINTERRECEP
02 11:06:14:931 Empiezo a leer forms vdinterrecep.frm
02 11:06:14:941 Termino parse forms vdinterrecep.frm
02 11:06:14:941 Ejecutando interfase VDINTERRECEP
02 11:06:50:962 Empiezo a leer forms vdinterrecep.frm
02 11:06:50:968 Termino parse forms vdinterrecep.frm
02 11:06:50:968 Ejecutando interfase VDINTERRECEP
02 11:07:26:985 Empiezo a leer forms vdinterrecep.frm
02 11:07:26:993 Termino parse forms vdinterrecep.frm
02 11:07:26:995 Ejecutando interfase VDINTERRECEP
02 11:08:03:018 Empiezo a leer forms vdinterrecep.frm
02 11:08:03:028 Termino parse forms vdinterrecep.frm
02 11:08:03:028 Ejecutando interfase VDINTERRECEP
02 11:08:39:037 Empiezo a leer forms vdinterrecep.frm
02 11:08:39:047 Termino parse forms vdinterrecep.frm
02 11:08:39:047 Ejecutando interfase VDINTERRECEP
02 11:28:29:965 Empiezo a leer forms vdinterrecep.frm
02 11:28:29:971 Termino parse forms vdinterrecep.frm
02 11:28:29:971 Ejecutando interfase VDINTERRECEP
02 11:29:06:802 Empiezo a leer forms vdinterrecep.frm
02 11:29:06:810 Termino parse forms vdinterrecep.frm
02 11:29:06:811 Ejecutando interfase VDINTERRECEP
02 11:29:42:827 Empiezo a leer forms vdinterrecep.frm
02 11:29:42:837 Termino parse forms vdinterrecep.frm
02 11:29:42:837 Ejecutando interfase VDINTERRECEP
02 11:30:18:856 Empiezo a leer forms vdinterrecep.frm
02 11:30:18:866 Termino parse forms vdinterrecep.frm
02 11:30:18:866 Ejecutando interfase VDINTERRECEP
02 11:30:54:880 Empiezo a leer forms vdinterrecep.frm
02 11:30:54:887 Termino parse forms vdinterrecep.frm
02 11:30:54:887 Ejecutando interfase VDINTERRECEP
02 11:31:30:905 Empiezo a leer forms vdinterrecep.frm
02 11:31:30:911 Termino parse forms vdinterrecep.frm
02 11:31:30:911 Ejecutando interfase VDINTERRECEP
02 11:32:06:927 Empiezo a leer forms vdinterrecep.frm
02 11:32:06:932 Termino parse forms vdinterrecep.frm
02 11:32:06:932 Ejecutando interfase VDINTERRECEP
02 11:32:42:957 Empiezo a leer forms vdinterrecep.frm
02 11:32:42:967 Termino parse forms vdinterrecep.frm
02 11:32:42:967 Ejecutando interfase VDINTERRECEP
02 11:33:18:980 Empiezo a leer forms vdinterrecep.frm
02 11:33:18:987 Termino parse forms vdinterrecep.frm
02 11:33:18:987 Ejecutando interfase VDINTERRECEP
02 11:33:55:005 Empiezo a leer forms vdinterrecep.frm
02 11:33:55:012 Termino parse forms vdinterrecep.frm
02 11:33:55:013 Ejecutando interfase VDINTERRECEP
02 11:34:31:026 Empiezo a leer forms vdinterrecep.frm
02 11:34:31:035 Termino parse forms vdinterrecep.frm
02 11:34:31:036 Ejecutando interfase VDINTERRECEP
02 11:35:07:057 Empiezo a leer forms vdinterrecep.frm
02 11:35:07:065 Termino parse forms vdinterrecep.frm
02 11:35:07:066 Ejecutando interfase VDINTERRECEP
02 11:35:43:086 Empiezo a leer forms vdinterrecep.frm
02 11:35:43:092 Termino parse forms vdinterrecep.frm
02 11:35:43:092 Ejecutando interfase VDINTERRECEP
02 11:36:19:107 Empiezo a leer forms vdinterrecep.frm
02 11:36:19:112 Termino parse forms vdinterrecep.frm
02 11:36:19:112 Ejecutando interfase VDINTERRECEP
02 11:36:55:125 Empiezo a leer forms vdinterrecep.frm
02 11:36:55:131 Termino parse forms vdinterrecep.frm
02 11:36:55:131 Ejecutando interfase VDINTERRECEP
02 11:37:31:142 Empiezo a leer forms vdinterrecep.frm
02 11:37:31:148 Termino parse forms vdinterrecep.frm
02 11:37:31:150 Ejecutando interfase VDINTERRECEP
02 11:38:07:170 Empiezo a leer forms vdinterrecep.frm
02 11:38:07:178 Termino parse forms vdinterrecep.frm
02 11:38:07:178 Ejecutando interfase VDINTERRECEP
02 11:38:43:202 Empiezo a leer forms vdinterrecep.frm
02 11:38:43:212 Termino parse forms vdinterrecep.frm
02 11:38:43:212 Ejecutando interfase VDINTERRECEP
02 11:39:19:225 Empiezo a leer forms vdinterrecep.frm
02 11:39:19:234 Termino parse forms vdinterrecep.frm
02 11:39:19:234 Ejecutando interfase VDINTERRECEP
02 11:39:55:247 Empiezo a leer forms vdinterrecep.frm
02 11:39:55:257 Termino parse forms vdinterrecep.frm
02 11:39:55:257 Ejecutando interfase VDINTERRECEP
02 11:40:31:270 Empiezo a leer forms vdinterrecep.frm
02 11:40:31:279 Termino parse forms vdinterrecep.frm
02 11:40:31:279 Ejecutando interfase VDINTERRECEP
02 11:41:07:290 Empiezo a leer forms vdinterrecep.frm
02 11:41:07:300 Termino parse forms vdinterrecep.frm
02 11:41:07:300 Ejecutando interfase VDINTERRECEP
02 11:41:43:317 Empiezo a leer forms vdinterrecep.frm
02 11:41:43:322 Termino parse forms vdinterrecep.frm
02 11:41:43:322 Ejecutando interfase VDINTERRECEP
02 11:42:19:337 Empiezo a leer forms vdinterrecep.frm
02 11:42:19:344 Termino parse forms vdinterrecep.frm
02 11:42:19:344 Ejecutando interfase VDINTERRECEP
02 11:42:55:365 Empiezo a leer forms vdinterrecep.frm
02 11:42:55:372 Termino parse forms vdinterrecep.frm
02 11:42:55:372 Ejecutando interfase VDINTERRECEP
02 11:43:31:397 Empiezo a leer forms vdinterrecep.frm
02 11:43:31:404 Termino parse forms vdinterrecep.frm
02 11:43:31:404 Ejecutando interfase VDINTERRECEP
02 11:44:07:420 Empiezo a leer forms vdinterrecep.frm
02 11:44:07:425 Termino parse forms vdinterrecep.frm
02 11:44:07:425 Ejecutando interfase VDINTERRECEP
02 11:44:43:450 Empiezo a leer forms vdinterrecep.frm
02 11:44:43:459 Termino parse forms vdinterrecep.frm
02 11:44:43:459 Ejecutando interfase VDINTERRECEP
02 11:45:19:472 Empiezo a leer forms vdinterrecep.frm
02 11:45:19:482 Termino parse forms vdinterrecep.frm
02 11:45:19:482 Ejecutando interfase VDINTERRECEP
02 11:45:55:499 Empiezo a leer forms vdinterrecep.frm
02 11:45:55:505 Termino parse forms vdinterrecep.frm
02 11:45:55:505 Ejecutando interfase VDINTERRECEP
02 11:46:31:524 Empiezo a leer forms vdinterrecep.frm
02 11:46:31:530 Termino parse forms vdinterrecep.frm
02 11:46:31:532 Ejecutando interfase VDINTERRECEP
02 11:47:07:540 Empiezo a leer forms vdinterrecep.frm
02 11:47:07:550 Termino parse forms vdinterrecep.frm
02 11:47:07:550 Ejecutando interfase VDINTERRECEP
02 11:47:43:565 Empiezo a leer forms vdinterrecep.frm
02 11:47:43:575 Termino parse forms vdinterrecep.frm
02 11:47:43:575 Ejecutando interfase VDINTERRECEP
02 11:48:19:585 Empiezo a leer forms vdinterrecep.frm
02 11:48:19:590 Termino parse forms vdinterrecep.frm
02 11:48:19:590 Ejecutando interfase VDINTERRECEP
02 11:48:55:610 Empiezo a leer forms vdinterrecep.frm
02 11:48:55:620 Termino parse forms vdinterrecep.frm
02 11:48:55:620 Ejecutando interfase VDINTERRECEP
02 11:49:31:642 Empiezo a leer forms vdinterrecep.frm
02 11:49:31:650 Termino parse forms vdinterrecep.frm
02 11:49:31:650 Ejecutando interfase VDINTERRECEP
02 11:50:07:669 Empiezo a leer forms vdinterrecep.frm
02 11:50:07:677 Termino parse forms vdinterrecep.frm
02 11:50:07:677 Ejecutando interfase VDINTERRECEP
02 11:50:43:699 Empiezo a leer forms vdinterrecep.frm
02 11:50:43:704 Termino parse forms vdinterrecep.frm
02 11:50:43:704 Ejecutando interfase VDINTERRECEP
02 11:51:19:715 Empiezo a leer forms vdinterrecep.frm
02 11:51:19:724 Termino parse forms vdinterrecep.frm
02 11:51:19:725 Ejecutando interfase VDINTERRECEP
02 11:51:55:734 Empiezo a leer forms vdinterrecep.frm
02 11:51:55:742 Termino parse forms vdinterrecep.frm
02 11:51:55:742 Ejecutando interfase VDINTERRECEP
02 11:52:31:752 Empiezo a leer forms vdinterrecep.frm
02 11:52:31:762 Termino parse forms vdinterrecep.frm
02 11:52:31:762 Ejecutando interfase VDINTERRECEP
02 11:53:07:784 Empiezo a leer forms vdinterrecep.frm
02 11:53:07:792 Termino parse forms vdinterrecep.frm
02 11:53:07:792 Ejecutando interfase VDINTERRECEP
02 11:53:43:799 Empiezo a leer forms vdinterrecep.frm
02 11:53:43:807 Termino parse forms vdinterrecep.frm
02 11:53:43:809 Ejecutando interfase VDINTERRECEP
02 11:54:19:819 Empiezo a leer forms vdinterrecep.frm
02 11:54:19:827 Termino parse forms vdinterrecep.frm
02 11:54:19:829 Ejecutando interfase VDINTERRECEP
02 11:54:55:842 Empiezo a leer forms vdinterrecep.frm
02 11:54:55:850 Termino parse forms vdinterrecep.frm
02 11:54:55:850 Ejecutando interfase VDINTERRECEP
02 11:55:31:864 Empiezo a leer forms vdinterrecep.frm
02 11:55:31:872 Termino parse forms vdinterrecep.frm
02 11:55:31:872 Ejecutando interfase VDINTERRECEP
02 11:56:07:889 Empiezo a leer forms vdinterrecep.frm
02 11:56:07:895 Termino parse forms vdinterrecep.frm
02 11:56:07:897 Ejecutando interfase VDINTERRECEP
02 11:56:43:912 Empiezo a leer forms vdinterrecep.frm
02 11:56:43:917 Termino parse forms vdinterrecep.frm
02 11:56:43:917 Ejecutando interfase VDINTERRECEP
02 11:57:19:937 Empiezo a leer forms vdinterrecep.frm
02 11:57:19:942 Termino parse forms vdinterrecep.frm
02 11:57:19:942 Ejecutando interfase VDINTERRECEP
02 11:57:55:962 Empiezo a leer forms vdinterrecep.frm
02 11:57:55:967 Termino parse forms vdinterrecep.frm
02 11:57:55:967 Ejecutando interfase VDINTERRECEP
02 11:58:31:980 Empiezo a leer forms vdinterrecep.frm
02 11:58:31:990 Termino parse forms vdinterrecep.frm
02 11:58:31:990 Ejecutando interfase VDINTERRECEP
02 11:59:08:007 Empiezo a leer forms vdinterrecep.frm
02 11:59:08:012 Termino parse forms vdinterrecep.frm
02 11:59:08:014 Ejecutando interfase VDINTERRECEP
02 11:59:44:029 Empiezo a leer forms vdinterrecep.frm
02 11:59:44:037 Termino parse forms vdinterrecep.frm
02 11:59:44:037 Ejecutando interfase VDINTERRECEP
02 12:00:20:055 Empiezo a leer forms vdinterrecep.frm
02 12:00:20:062 Termino parse forms vdinterrecep.frm
02 12:00:20:062 Ejecutando interfase VDINTERRECEP
02 12:00:56:080 Empiezo a leer forms vdinterrecep.frm
02 12:00:56:085 Termino parse forms vdinterrecep.frm
02 12:00:56:085 Ejecutando interfase VDINTERRECEP
02 12:01:32:097 Empiezo a leer forms vdinterrecep.frm
02 12:01:32:105 Termino parse forms vdinterrecep.frm
02 12:01:32:105 Ejecutando interfase VDINTERRECEP
02 12:02:08:119 Empiezo a leer forms vdinterrecep.frm
02 12:02:08:127 Termino parse forms vdinterrecep.frm
02 12:02:08:129 Ejecutando interfase VDINTERRECEP
02 12:02:44:152 Empiezo a leer forms vdinterrecep.frm
02 12:02:44:162 Termino parse forms vdinterrecep.frm
02 12:02:44:162 Ejecutando interfase VDINTERRECEP
02 12:03:20:180 Empiezo a leer forms vdinterrecep.frm
02 12:03:20:185 Termino parse forms vdinterrecep.frm
02 12:03:20:185 Ejecutando interfase VDINTERRECEP
02 12:03:56:205 Empiezo a leer forms vdinterrecep.frm
02 12:03:56:210 Termino parse forms vdinterrecep.frm
02 12:03:56:210 Ejecutando interfase VDINTERRECEP
02 12:04:32:230 Empiezo a leer forms vdinterrecep.frm
02 12:04:32:235 Termino parse forms vdinterrecep.frm
02 12:04:32:235 Ejecutando interfase VDINTERRECEP
02 12:05:08:252 Empiezo a leer forms vdinterrecep.frm
02 12:05:08:260 Termino parse forms vdinterrecep.frm
02 12:05:08:260 Ejecutando interfase VDINTERRECEP
02 12:05:44:280 Empiezo a leer forms vdinterrecep.frm
02 12:05:44:287 Termino parse forms vdinterrecep.frm
02 12:05:44:289 Ejecutando interfase VDINTERRECEP
02 12:06:20:305 Empiezo a leer forms vdinterrecep.frm
02 12:06:20:310 Termino parse forms vdinterrecep.frm
02 12:06:20:312 Ejecutando interfase VDINTERRECEP
02 12:06:56:330 Empiezo a leer forms vdinterrecep.frm
02 12:06:56:340 Termino parse forms vdinterrecep.frm
02 12:06:56:340 Ejecutando interfase VDINTERRECEP
02 12:07:32:349 Empiezo a leer forms vdinterrecep.frm
02 12:07:32:357 Termino parse forms vdinterrecep.frm
02 12:07:32:357 Ejecutando interfase VDINTERRECEP
02 12:08:08:367 Empiezo a leer forms vdinterrecep.frm
02 12:08:08:375 Termino parse forms vdinterrecep.frm
02 12:08:08:375 Ejecutando interfase VDINTERRECEP
02 12:08:44:392 Empiezo a leer forms vdinterrecep.frm
02 12:08:44:399 Termino parse forms vdinterrecep.frm
02 12:08:44:399 Ejecutando interfase VDINTERRECEP
02 12:09:20:417 Empiezo a leer forms vdinterrecep.frm
02 12:09:20:422 Termino parse forms vdinterrecep.frm
02 12:09:20:422 Ejecutando interfase VDINTERRECEP
02 12:09:56:435 Empiezo a leer forms vdinterrecep.frm
02 12:09:56:444 Termino parse forms vdinterrecep.frm
02 12:09:56:445 Ejecutando interfase VDINTERRECEP
02 12:10:32:464 Empiezo a leer forms vdinterrecep.frm
02 12:10:32:470 Termino parse forms vdinterrecep.frm
02 12:10:32:470 Ejecutando interfase VDINTERRECEP
02 12:11:08:485 Empiezo a leer forms vdinterrecep.frm
02 12:11:08:492 Termino parse forms vdinterrecep.frm
02 12:11:08:492 Ejecutando interfase VDINTERRECEP
02 12:11:44:504 Empiezo a leer forms vdinterrecep.frm
02 12:11:44:512 Termino parse forms vdinterrecep.frm
02 12:11:44:512 Ejecutando interfase VDINTERRECEP
02 12:12:20:530 Empiezo a leer forms vdinterrecep.frm
02 12:12:20:535 Termino parse forms vdinterrecep.frm
02 12:12:20:535 Ejecutando interfase VDINTERRECEP
02 12:12:56:552 Empiezo a leer forms vdinterrecep.frm
02 12:12:56:560 Termino parse forms vdinterrecep.frm
02 12:12:56:560 Ejecutando interfase VDINTERRECEP
02 12:13:32:569 Empiezo a leer forms vdinterrecep.frm
02 12:13:32:577 Termino parse forms vdinterrecep.frm
02 12:13:32:577 Ejecutando interfase VDINTERRECEP
02 12:14:08:584 Empiezo a leer forms vdinterrecep.frm
02 12:14:08:592 Termino parse forms vdinterrecep.frm
02 12:14:08:592 Ejecutando interfase VDINTERRECEP
02 12:14:44:605 Empiezo a leer forms vdinterrecep.frm
02 12:14:44:614 Termino parse forms vdinterrecep.frm
02 12:14:44:615 Ejecutando interfase VDINTERRECEP
02 12:15:20:622 Empiezo a leer forms vdinterrecep.frm
02 12:15:20:630 Termino parse forms vdinterrecep.frm
02 12:15:20:630 Ejecutando interfase VDINTERRECEP
02 12:15:56:652 Empiezo a leer forms vdinterrecep.frm
02 12:15:56:662 Termino parse forms vdinterrecep.frm
02 12:15:56:662 Ejecutando interfase VDINTERRECEP
02 12:16:32:677 Empiezo a leer forms vdinterrecep.frm
02 12:16:32:682 Termino parse forms vdinterrecep.frm
02 12:16:32:684 Ejecutando interfase VDINTERRECEP
02 12:17:08:697 Empiezo a leer forms vdinterrecep.frm
02 12:17:08:707 Termino parse forms vdinterrecep.frm
02 12:17:08:707 Ejecutando interfase VDINTERRECEP
02 12:17:44:729 Empiezo a leer forms vdinterrecep.frm
02 12:17:44:734 Termino parse forms vdinterrecep.frm
02 12:17:44:734 Ejecutando interfase VDINTERRECEP
02 12:18:20:742 Empiezo a leer forms vdinterrecep.frm
02 12:18:20:752 Termino parse forms vdinterrecep.frm
02 12:18:20:752 Ejecutando interfase VDINTERRECEP
02 12:18:56:765 Empiezo a leer forms vdinterrecep.frm
02 12:18:56:772 Termino parse forms vdinterrecep.frm
02 12:18:56:772 Ejecutando interfase VDINTERRECEP
02 12:19:32:789 Empiezo a leer forms vdinterrecep.frm
02 12:19:32:797 Termino parse forms vdinterrecep.frm
02 12:19:32:797 Ejecutando interfase VDINTERRECEP
02 12:20:08:810 Empiezo a leer forms vdinterrecep.frm
02 12:20:08:817 Termino parse forms vdinterrecep.frm
02 12:20:08:817 Ejecutando interfase VDINTERRECEP
02 12:20:44:830 Empiezo a leer forms vdinterrecep.frm
02 12:20:44:835 Termino parse forms vdinterrecep.frm
02 12:20:44:835 Ejecutando interfase VDINTERRECEP
02 12:21:20:852 Empiezo a leer forms vdinterrecep.frm
02 12:21:20:859 Termino parse forms vdinterrecep.frm
02 12:21:20:859 Ejecutando interfase VDINTERRECEP
02 12:21:56:867 Empiezo a leer forms vdinterrecep.frm
02 12:21:56:875 Termino parse forms vdinterrecep.frm
02 12:21:56:877 Ejecutando interfase VDINTERRECEP
02 12:22:32:897 Empiezo a leer forms vdinterrecep.frm
02 12:22:32:905 Termino parse forms vdinterrecep.frm
02 12:22:32:905 Ejecutando interfase VDINTERRECEP
02 12:23:08:920 Empiezo a leer forms vdinterrecep.frm
02 12:23:08:929 Termino parse forms vdinterrecep.frm
02 12:23:08:929 Ejecutando interfase VDINTERRECEP
02 12:23:44:949 Empiezo a leer forms vdinterrecep.frm
02 12:23:44:957 Termino parse forms vdinterrecep.frm
02 12:23:44:959 Ejecutando interfase VDINTERRECEP
02 12:24:20:975 Empiezo a leer forms vdinterrecep.frm
02 12:24:20:982 Termino parse forms vdinterrecep.frm
02 12:24:20:982 Ejecutando interfase VDINTERRECEP
02 12:24:57:005 Empiezo a leer forms vdinterrecep.frm
02 12:24:57:010 Termino parse forms vdinterrecep.frm
02 12:24:57:010 Ejecutando interfase VDINTERRECEP
02 12:25:33:025 Empiezo a leer forms vdinterrecep.frm
02 12:25:33:035 Termino parse forms vdinterrecep.frm
02 12:25:33:035 Ejecutando interfase VDINTERRECEP
02 12:26:09:057 Empiezo a leer forms vdinterrecep.frm
02 12:26:09:065 Termino parse forms vdinterrecep.frm
02 12:26:09:067 Ejecutando interfase VDINTERRECEP
02 12:26:45:080 Empiezo a leer forms vdinterrecep.frm
02 12:26:45:087 Termino parse forms vdinterrecep.frm
02 12:26:45:087 Ejecutando interfase VDINTERRECEP
02 12:27:21:112 Empiezo a leer forms vdinterrecep.frm
02 12:27:21:122 Termino parse forms vdinterrecep.frm
02 12:27:21:122 Ejecutando interfase VDINTERRECEP
02 12:27:57:142 Empiezo a leer forms vdinterrecep.frm
02 12:27:57:150 Termino parse forms vdinterrecep.frm
02 12:27:57:150 Ejecutando interfase VDINTERRECEP
02 12:28:33:170 Empiezo a leer forms vdinterrecep.frm
02 12:28:33:175 Termino parse forms vdinterrecep.frm
02 12:28:33:177 Ejecutando interfase VDINTERRECEP
02 12:29:09:194 Empiezo a leer forms vdinterrecep.frm
02 12:29:09:200 Termino parse forms vdinterrecep.frm
02 12:29:09:200 Ejecutando interfase VDINTERRECEP
02 12:29:45:217 Empiezo a leer forms vdinterrecep.frm
02 12:29:45:224 Termino parse forms vdinterrecep.frm
02 12:29:45:224 Ejecutando interfase VDINTERRECEP
02 12:30:21:230 Empiezo a leer forms vdinterrecep.frm
02 12:30:21:239 Termino parse forms vdinterrecep.frm
02 12:30:21:239 Ejecutando interfase VDINTERRECEP
02 12:30:57:259 Empiezo a leer forms vdinterrecep.frm
02 12:30:57:265 Termino parse forms vdinterrecep.frm
02 12:30:57:265 Ejecutando interfase VDINTERRECEP
02 12:31:33:275 Empiezo a leer forms vdinterrecep.frm
02 12:31:33:284 Termino parse forms vdinterrecep.frm
02 12:31:33:284 Ejecutando interfase VDINTERRECEP
02 12:32:09:302 Empiezo a leer forms vdinterrecep.frm
02 12:32:09:312 Termino parse forms vdinterrecep.frm
02 12:32:09:312 Ejecutando interfase VDINTERRECEP
02 12:32:45:332 Empiezo a leer forms vdinterrecep.frm
02 12:32:45:342 Termino parse forms vdinterrecep.frm
02 12:32:45:342 Ejecutando interfase VDINTERRECEP
02 12:33:21:355 Empiezo a leer forms vdinterrecep.frm
02 12:33:21:360 Termino parse forms vdinterrecep.frm
02 12:33:21:360 Ejecutando interfase VDINTERRECEP
02 12:33:57:370 Empiezo a leer forms vdinterrecep.frm
02 12:33:57:375 Termino parse forms vdinterrecep.frm
02 12:33:57:375 Ejecutando interfase VDINTERRECEP
02 12:34:33:385 Empiezo a leer forms vdinterrecep.frm
02 12:34:33:390 Termino parse forms vdinterrecep.frm
02 12:34:33:390 Ejecutando interfase VDINTERRECEP
02 12:35:09:402 Empiezo a leer forms vdinterrecep.frm
02 12:35:09:407 Termino parse forms vdinterrecep.frm
02 12:35:09:407 Ejecutando interfase VDINTERRECEP
02 12:35:45:425 Empiezo a leer forms vdinterrecep.frm
02 12:35:45:432 Termino parse forms vdinterrecep.frm
02 12:35:45:432 Ejecutando interfase VDINTERRECEP
02 12:36:21:444 Empiezo a leer forms vdinterrecep.frm
02 12:36:21:452 Termino parse forms vdinterrecep.frm
02 12:36:21:454 Ejecutando interfase VDINTERRECEP
02 12:36:57:475 Empiezo a leer forms vdinterrecep.frm
02 12:36:57:484 Termino parse forms vdinterrecep.frm
02 12:36:57:485 Ejecutando interfase VDINTERRECEP
02 12:37:33:505 Empiezo a leer forms vdinterrecep.frm
02 12:37:33:510 Termino parse forms vdinterrecep.frm
02 12:37:33:510 Ejecutando interfase VDINTERRECEP
02 12:38:09:520 Empiezo a leer forms vdinterrecep.frm
02 12:38:09:527 Termino parse forms vdinterrecep.frm
02 12:38:09:527 Ejecutando interfase VDINTERRECEP
02 12:38:45:537 Empiezo a leer forms vdinterrecep.frm
02 12:38:45:545 Termino parse forms vdinterrecep.frm
02 12:38:45:545 Ejecutando interfase VDINTERRECEP
02 12:39:21:562 Empiezo a leer forms vdinterrecep.frm
02 12:39:21:572 Termino parse forms vdinterrecep.frm
02 12:39:21:572 Ejecutando interfase VDINTERRECEP
02 12:39:57:585 Empiezo a leer forms vdinterrecep.frm
02 12:39:57:594 Termino parse forms vdinterrecep.frm
02 12:39:57:595 Ejecutando interfase VDINTERRECEP
02 12:40:33:607 Empiezo a leer forms vdinterrecep.frm
02 12:40:33:612 Termino parse forms vdinterrecep.frm
02 12:40:33:612 Ejecutando interfase VDINTERRECEP
02 12:41:09:632 Empiezo a leer forms vdinterrecep.frm
02 12:41:09:639 Termino parse forms vdinterrecep.frm
02 12:41:09:640 Ejecutando interfase VDINTERRECEP
02 12:41:45:659 Empiezo a leer forms vdinterrecep.frm
02 12:41:45:667 Termino parse forms vdinterrecep.frm
02 12:41:45:667 Ejecutando interfase VDINTERRECEP
02 12:42:21:679 Empiezo a leer forms vdinterrecep.frm
02 12:42:21:687 Termino parse forms vdinterrecep.frm
02 12:42:21:687 Ejecutando interfase VDINTERRECEP
02 12:42:57:699 Empiezo a leer forms vdinterrecep.frm
02 12:42:57:705 Termino parse forms vdinterrecep.frm
02 12:42:57:705 Ejecutando interfase VDINTERRECEP
02 12:43:33:715 Empiezo a leer forms vdinterrecep.frm
02 12:43:33:722 Termino parse forms vdinterrecep.frm
02 12:43:33:722 Ejecutando interfase VDINTERRECEP
02 12:44:09:729 Empiezo a leer forms vdinterrecep.frm
02 12:44:09:735 Termino parse forms vdinterrecep.frm
02 12:44:09:735 Ejecutando interfase VDINTERRECEP
02 12:44:45:757 Empiezo a leer forms vdinterrecep.frm
02 12:44:45:767 Termino parse forms vdinterrecep.frm
02 12:44:45:769 Ejecutando interfase VDINTERRECEP
02 12:45:21:782 Empiezo a leer forms vdinterrecep.frm
02 12:45:21:790 Termino parse forms vdinterrecep.frm
02 12:45:21:790 Ejecutando interfase VDINTERRECEP
02 12:45:57:802 Empiezo a leer forms vdinterrecep.frm
02 12:45:57:807 Termino parse forms vdinterrecep.frm
02 12:45:57:807 Ejecutando interfase VDINTERRECEP
02 12:46:33:827 Empiezo a leer forms vdinterrecep.frm
02 12:46:33:832 Termino parse forms vdinterrecep.frm
02 12:46:33:834 Ejecutando interfase VDINTERRECEP
02 12:47:09:852 Empiezo a leer forms vdinterrecep.frm
02 12:47:09:862 Termino parse forms vdinterrecep.frm
02 12:47:09:862 Ejecutando interfase VDINTERRECEP
02 12:47:45:872 Empiezo a leer forms vdinterrecep.frm
02 12:47:45:877 Termino parse forms vdinterrecep.frm
02 12:47:45:880 Ejecutando interfase VDINTERRECEP
02 12:48:21:885 Empiezo a leer forms vdinterrecep.frm
02 12:48:21:895 Termino parse forms vdinterrecep.frm
02 12:48:21:895 Ejecutando interfase VDINTERRECEP
02 12:48:57:907 Empiezo a leer forms vdinterrecep.frm
02 12:48:57:917 Termino parse forms vdinterrecep.frm
02 12:48:57:917 Ejecutando interfase VDINTERRECEP
02 12:49:33:940 Empiezo a leer forms vdinterrecep.frm
02 12:49:33:947 Termino parse forms vdinterrecep.frm
02 12:49:33:947 Ejecutando interfase VDINTERRECEP
02 12:50:09:955 Empiezo a leer forms vdinterrecep.frm
02 12:50:09:962 Termino parse forms vdinterrecep.frm
02 12:50:09:962 Ejecutando interfase VDINTERRECEP
02 12:50:45:970 Empiezo a leer forms vdinterrecep.frm
02 12:50:45:980 Termino parse forms vdinterrecep.frm
02 12:50:45:980 Ejecutando interfase VDINTERRECEP
02 12:51:22:005 Empiezo a leer forms vdinterrecep.frm
02 12:51:22:012 Termino parse forms vdinterrecep.frm
02 12:51:22:012 Ejecutando interfase VDINTERRECEP
02 12:51:58:025 Empiezo a leer forms vdinterrecep.frm
02 12:51:58:030 Termino parse forms vdinterrecep.frm
02 12:51:58:030 Ejecutando interfase VDINTERRECEP
02 12:52:34:042 Empiezo a leer forms vdinterrecep.frm
02 12:52:34:047 Termino parse forms vdinterrecep.frm
02 12:52:34:047 Ejecutando interfase VDINTERRECEP
02 12:53:10:062 Empiezo a leer forms vdinterrecep.frm
02 12:53:10:069 Termino parse forms vdinterrecep.frm
02 12:53:10:069 Ejecutando interfase VDINTERRECEP
02 12:53:46:092 Empiezo a leer forms vdinterrecep.frm
02 12:53:46:100 Termino parse forms vdinterrecep.frm
02 12:53:46:100 Ejecutando interfase VDINTERRECEP
02 12:54:22:110 Empiezo a leer forms vdinterrecep.frm
02 12:54:22:115 Termino parse forms vdinterrecep.frm
02 12:54:22:115 Ejecutando interfase VDINTERRECEP
02 12:54:58:125 Empiezo a leer forms vdinterrecep.frm
02 12:54:58:130 Termino parse forms vdinterrecep.frm
02 12:54:58:130 Ejecutando interfase VDINTERRECEP
02 12:55:34:152 Empiezo a leer forms vdinterrecep.frm
02 12:55:34:157 Termino parse forms vdinterrecep.frm
02 12:55:34:157 Ejecutando interfase VDINTERRECEP
02 12:56:10:167 Empiezo a leer forms vdinterrecep.frm
02 12:56:10:175 Termino parse forms vdinterrecep.frm
02 12:56:10:175 Ejecutando interfase VDINTERRECEP
02 12:56:46:187 Empiezo a leer forms vdinterrecep.frm
02 12:56:46:194 Termino parse forms vdinterrecep.frm
02 12:56:46:194 Ejecutando interfase VDINTERRECEP
02 12:57:22:205 Empiezo a leer forms vdinterrecep.frm
02 12:57:22:210 Termino parse forms vdinterrecep.frm
02 12:57:22:210 Ejecutando interfase VDINTERRECEP
02 12:57:58:230 Empiezo a leer forms vdinterrecep.frm
02 12:57:58:237 Termino parse forms vdinterrecep.frm
02 12:57:58:237 Ejecutando interfase VDINTERRECEP
02 12:58:34:254 Empiezo a leer forms vdinterrecep.frm
02 12:58:34:264 Termino parse forms vdinterrecep.frm
02 12:58:34:264 Ejecutando interfase VDINTERRECEP
02 12:59:10:284 Empiezo a leer forms vdinterrecep.frm
02 12:59:10:292 Termino parse forms vdinterrecep.frm
02 12:59:10:292 Ejecutando interfase VDINTERRECEP
02 12:59:46:300 Empiezo a leer forms vdinterrecep.frm
02 12:59:46:307 Termino parse forms vdinterrecep.frm
02 12:59:46:307 Ejecutando interfase VDINTERRECEP
02 13:00:22:317 Empiezo a leer forms vdinterrecep.frm
02 13:00:22:322 Termino parse forms vdinterrecep.frm
02 13:00:22:322 Ejecutando interfase VDINTERRECEP
02 13:00:58:340 Empiezo a leer forms vdinterrecep.frm
02 13:00:58:350 Termino parse forms vdinterrecep.frm
02 13:00:58:350 Ejecutando interfase VDINTERRECEP
02 13:01:34:367 Empiezo a leer forms vdinterrecep.frm
02 13:01:34:377 Termino parse forms vdinterrecep.frm
02 13:01:34:377 Ejecutando interfase VDINTERRECEP
02 13:02:10:397 Empiezo a leer forms vdinterrecep.frm
02 13:02:10:407 Termino parse forms vdinterrecep.frm
02 13:02:10:407 Ejecutando interfase VDINTERRECEP
02 13:02:46:429 Empiezo a leer forms vdinterrecep.frm
02 13:02:46:439 Termino parse forms vdinterrecep.frm
02 13:02:46:439 Ejecutando interfase VDINTERRECEP
02 13:03:22:452 Empiezo a leer forms vdinterrecep.frm
02 13:03:22:459 Termino parse forms vdinterrecep.frm
02 13:03:22:459 Ejecutando interfase VDINTERRECEP
02 13:03:58:480 Empiezo a leer forms vdinterrecep.frm
02 13:03:58:487 Termino parse forms vdinterrecep.frm
02 13:03:58:489 Ejecutando interfase VDINTERRECEP
02 13:04:34:510 Empiezo a leer forms vdinterrecep.frm
02 13:04:34:520 Termino parse forms vdinterrecep.frm
02 13:04:34:520 Ejecutando interfase VDINTERRECEP
02 13:05:10:537 Empiezo a leer forms vdinterrecep.frm
02 13:05:10:545 Termino parse forms vdinterrecep.frm
02 13:05:10:547 Ejecutando interfase VDINTERRECEP
02 13:05:46:564 Empiezo a leer forms vdinterrecep.frm
02 13:05:46:567 Termino parse forms vdinterrecep.frm
02 13:05:46:567 Ejecutando interfase VDINTERRECEP
02 13:06:22:587 Empiezo a leer forms vdinterrecep.frm
02 13:06:22:597 Termino parse forms vdinterrecep.frm
02 13:06:22:597 Ejecutando interfase VDINTERRECEP
02 13:06:58:610 Empiezo a leer forms vdinterrecep.frm
02 13:06:58:619 Termino parse forms vdinterrecep.frm
02 13:06:58:619 Ejecutando interfase VDINTERRECEP
02 13:07:34:637 Empiezo a leer forms vdinterrecep.frm
02 13:07:34:645 Termino parse forms vdinterrecep.frm
02 13:07:34:645 Ejecutando interfase VDINTERRECEP
02 13:08:10:665 Empiezo a leer forms vdinterrecep.frm
02 13:08:10:675 Termino parse forms vdinterrecep.frm
02 13:08:10:675 Ejecutando interfase VDINTERRECEP
02 13:08:46:697 Empiezo a leer forms vdinterrecep.frm
02 13:08:46:702 Termino parse forms vdinterrecep.frm
02 13:08:46:702 Ejecutando interfase VDINTERRECEP
02 13:09:22:725 Empiezo a leer forms vdinterrecep.frm
02 13:09:22:734 Termino parse forms vdinterrecep.frm
02 13:09:22:734 Ejecutando interfase VDINTERRECEP
02 13:09:58:750 Empiezo a leer forms vdinterrecep.frm
02 13:09:58:760 Termino parse forms vdinterrecep.frm
02 13:09:58:760 Ejecutando interfase VDINTERRECEP
02 13:10:34:779 Empiezo a leer forms vdinterrecep.frm
02 13:10:34:787 Termino parse forms vdinterrecep.frm
02 13:10:34:789 Ejecutando interfase VDINTERRECEP
02 13:11:10:805 Empiezo a leer forms vdinterrecep.frm
02 13:11:10:815 Termino parse forms vdinterrecep.frm
02 13:11:10:815 Ejecutando interfase VDINTERRECEP
02 13:11:46:832 Empiezo a leer forms vdinterrecep.frm
02 13:11:46:840 Termino parse forms vdinterrecep.frm
02 13:11:46:840 Ejecutando interfase VDINTERRECEP
02 13:12:22:855 Empiezo a leer forms vdinterrecep.frm
02 13:12:22:865 Termino parse forms vdinterrecep.frm
02 13:12:22:867 Ejecutando interfase VDINTERRECEP
02 13:12:58:887 Empiezo a leer forms vdinterrecep.frm
02 13:12:58:894 Termino parse forms vdinterrecep.frm
02 13:12:58:894 Ejecutando interfase VDINTERRECEP
02 13:13:34:910 Empiezo a leer forms vdinterrecep.frm
02 13:13:34:917 Termino parse forms vdinterrecep.frm
02 13:13:34:919 Ejecutando interfase VDINTERRECEP
02 13:14:10:942 Empiezo a leer forms vdinterrecep.frm
02 13:14:10:949 Termino parse forms vdinterrecep.frm
02 13:14:10:950 Ejecutando interfase VDINTERRECEP
02 13:14:46:967 Empiezo a leer forms vdinterrecep.frm
02 13:14:46:974 Termino parse forms vdinterrecep.frm
02 13:14:46:974 Ejecutando interfase VDINTERRECEP
02 13:15:22:990 Empiezo a leer forms vdinterrecep.frm
02 13:15:22:995 Termino parse forms vdinterrecep.frm
02 13:15:22:995 Ejecutando interfase VDINTERRECEP
02 13:15:59:004 Empiezo a leer forms vdinterrecep.frm
02 13:15:59:010 Termino parse forms vdinterrecep.frm
02 13:15:59:010 Ejecutando interfase VDINTERRECEP
02 13:16:35:030 Empiezo a leer forms vdinterrecep.frm
02 13:16:35:039 Termino parse forms vdinterrecep.frm
02 13:16:35:040 Ejecutando interfase VDINTERRECEP
02 13:17:11:057 Empiezo a leer forms vdinterrecep.frm
02 13:17:11:069 Termino parse forms vdinterrecep.frm
02 13:17:11:069 Ejecutando interfase VDINTERRECEP
02 13:17:47:077 Empiezo a leer forms vdinterrecep.frm
02 13:17:47:085 Termino parse forms vdinterrecep.frm
02 13:17:47:085 Ejecutando interfase VDINTERRECEP
02 13:18:23:097 Empiezo a leer forms vdinterrecep.frm
02 13:18:23:107 Termino parse forms vdinterrecep.frm
02 13:18:23:107 Ejecutando interfase VDINTERRECEP
02 13:18:59:127 Empiezo a leer forms vdinterrecep.frm
02 13:18:59:134 Termino parse forms vdinterrecep.frm
02 13:18:59:134 Ejecutando interfase VDINTERRECEP
02 13:19:35:155 Empiezo a leer forms vdinterrecep.frm
02 13:19:35:165 Termino parse forms vdinterrecep.frm
02 13:19:35:165 Ejecutando interfase VDINTERRECEP
02 13:20:11:180 Empiezo a leer forms vdinterrecep.frm
02 13:20:11:190 Termino parse forms vdinterrecep.frm
02 13:20:11:190 Ejecutando interfase VDINTERRECEP
02 13:20:47:214 Empiezo a leer forms vdinterrecep.frm
02 13:20:47:220 Termino parse forms vdinterrecep.frm
02 13:20:47:222 Ejecutando interfase VDINTERRECEP
02 13:21:23:234 Empiezo a leer forms vdinterrecep.frm
02 13:21:23:240 Termino parse forms vdinterrecep.frm
02 13:21:23:240 Ejecutando interfase VDINTERRECEP
02 13:21:59:255 Empiezo a leer forms vdinterrecep.frm
02 13:21:59:265 Termino parse forms vdinterrecep.frm
02 13:21:59:267 Ejecutando interfase VDINTERRECEP
02 13:22:35:277 Empiezo a leer forms vdinterrecep.frm
02 13:22:35:285 Termino parse forms vdinterrecep.frm
02 13:22:35:285 Ejecutando interfase VDINTERRECEP
02 13:23:11:297 Empiezo a leer forms vdinterrecep.frm
02 13:23:11:302 Termino parse forms vdinterrecep.frm
02 13:23:11:302 Ejecutando interfase VDINTERRECEP
02 13:23:47:319 Empiezo a leer forms vdinterrecep.frm
02 13:23:47:325 Termino parse forms vdinterrecep.frm
02 13:23:47:325 Ejecutando interfase VDINTERRECEP
02 13:24:23:345 Empiezo a leer forms vdinterrecep.frm
02 13:24:23:350 Termino parse forms vdinterrecep.frm
02 13:24:23:350 Ejecutando interfase VDINTERRECEP
02 13:24:59:357 Empiezo a leer forms vdinterrecep.frm
02 13:24:59:364 Termino parse forms vdinterrecep.frm
02 13:24:59:364 Ejecutando interfase VDINTERRECEP
02 13:25:35:372 Empiezo a leer forms vdinterrecep.frm
02 13:25:35:377 Termino parse forms vdinterrecep.frm
02 13:25:35:377 Ejecutando interfase VDINTERRECEP
02 13:26:11:389 Empiezo a leer forms vdinterrecep.frm
02 13:26:11:397 Termino parse forms vdinterrecep.frm
02 13:26:11:397 Ejecutando interfase VDINTERRECEP
02 13:26:47:407 Empiezo a leer forms vdinterrecep.frm
02 13:26:47:412 Termino parse forms vdinterrecep.frm
02 13:26:47:412 Ejecutando interfase VDINTERRECEP
02 13:27:23:420 Empiezo a leer forms vdinterrecep.frm
02 13:27:23:427 Termino parse forms vdinterrecep.frm
02 13:27:23:427 Ejecutando interfase VDINTERRECEP
02 13:27:59:442 Empiezo a leer forms vdinterrecep.frm
02 13:27:59:450 Termino parse forms vdinterrecep.frm
02 13:27:59:450 Ejecutando interfase VDINTERRECEP
02 13:28:35:460 Empiezo a leer forms vdinterrecep.frm
02 13:28:35:467 Termino parse forms vdinterrecep.frm
02 13:28:35:467 Ejecutando interfase VDINTERRECEP
02 13:29:11:490 Empiezo a leer forms vdinterrecep.frm
02 13:29:11:495 Termino parse forms vdinterrecep.frm
02 13:29:11:495 Ejecutando interfase VDINTERRECEP
02 13:29:47:512 Empiezo a leer forms vdinterrecep.frm
02 13:29:47:522 Termino parse forms vdinterrecep.frm
02 13:29:47:522 Ejecutando interfase VDINTERRECEP
02 13:30:23:532 Empiezo a leer forms vdinterrecep.frm
02 13:30:23:539 Termino parse forms vdinterrecep.frm
02 13:30:23:540 Ejecutando interfase VDINTERRECEP
02 13:30:59:555 Empiezo a leer forms vdinterrecep.frm
02 13:30:59:565 Termino parse forms vdinterrecep.frm
02 13:30:59:565 Ejecutando interfase VDINTERRECEP
02 13:31:35:587 Empiezo a leer forms vdinterrecep.frm
02 13:31:35:592 Termino parse forms vdinterrecep.frm
02 13:31:35:592 Ejecutando interfase VDINTERRECEP
02 13:32:11:604 Empiezo a leer forms vdinterrecep.frm
02 13:32:11:610 Termino parse forms vdinterrecep.frm
02 13:32:11:610 Ejecutando interfase VDINTERRECEP
02 13:32:47:625 Empiezo a leer forms vdinterrecep.frm
02 13:32:47:632 Termino parse forms vdinterrecep.frm
02 13:32:47:632 Ejecutando interfase VDINTERRECEP
02 13:33:23:654 Empiezo a leer forms vdinterrecep.frm
02 13:33:23:660 Termino parse forms vdinterrecep.frm
02 13:33:23:660 Ejecutando interfase VDINTERRECEP
02 13:33:59:675 Empiezo a leer forms vdinterrecep.frm
02 13:33:59:685 Termino parse forms vdinterrecep.frm
02 13:33:59:685 Ejecutando interfase VDINTERRECEP
02 13:34:35:699 Empiezo a leer forms vdinterrecep.frm
02 13:34:35:710 Termino parse forms vdinterrecep.frm
02 13:34:35:710 Ejecutando interfase VDINTERRECEP
02 13:35:11:727 Empiezo a leer forms vdinterrecep.frm
02 13:35:11:737 Termino parse forms vdinterrecep.frm
02 13:35:11:737 Ejecutando interfase VDINTERRECEP
02 13:35:47:755 Empiezo a leer forms vdinterrecep.frm
02 13:35:47:760 Termino parse forms vdinterrecep.frm
02 13:35:47:762 Ejecutando interfase VDINTERRECEP
02 13:36:23:777 Empiezo a leer forms vdinterrecep.frm
02 13:36:23:785 Termino parse forms vdinterrecep.frm
02 13:36:23:787 Ejecutando interfase VDINTERRECEP
02 13:36:59:800 Empiezo a leer forms vdinterrecep.frm
02 13:36:59:807 Termino parse forms vdinterrecep.frm
02 13:36:59:809 Ejecutando interfase VDINTERRECEP
02 13:37:35:817 Empiezo a leer forms vdinterrecep.frm
02 13:37:35:820 Termino parse forms vdinterrecep.frm
02 13:37:35:822 Ejecutando interfase VDINTERRECEP
02 13:38:11:830 Empiezo a leer forms vdinterrecep.frm
02 13:38:11:840 Termino parse forms vdinterrecep.frm
02 13:38:11:840 Ejecutando interfase VDINTERRECEP
02 13:38:47:860 Empiezo a leer forms vdinterrecep.frm
02 13:38:47:865 Termino parse forms vdinterrecep.frm
02 13:38:47:865 Ejecutando interfase VDINTERRECEP
02 13:39:23:885 Empiezo a leer forms vdinterrecep.frm
02 13:39:23:894 Termino parse forms vdinterrecep.frm
02 13:39:23:894 Ejecutando interfase VDINTERRECEP
02 13:39:59:907 Empiezo a leer forms vdinterrecep.frm
02 13:39:59:917 Termino parse forms vdinterrecep.frm
02 13:39:59:917 Ejecutando interfase VDINTERRECEP
02 13:40:35:934 Empiezo a leer forms vdinterrecep.frm
02 13:40:35:942 Termino parse forms vdinterrecep.frm
02 13:40:35:942 Ejecutando interfase VDINTERRECEP
02 13:41:11:952 Empiezo a leer forms vdinterrecep.frm
02 13:41:11:959 Termino parse forms vdinterrecep.frm
02 13:41:11:959 Ejecutando interfase VDINTERRECEP
02 13:41:47:977 Empiezo a leer forms vdinterrecep.frm
02 13:41:47:984 Termino parse forms vdinterrecep.frm
02 13:41:47:984 Ejecutando interfase VDINTERRECEP
02 13:42:23:995 Empiezo a leer forms vdinterrecep.frm
02 13:42:24:004 Termino parse forms vdinterrecep.frm
02 13:42:24:005 Ejecutando interfase VDINTERRECEP
02 13:43:00:022 Empiezo a leer forms vdinterrecep.frm
02 13:43:00:032 Termino parse forms vdinterrecep.frm
02 13:43:00:032 Ejecutando interfase VDINTERRECEP
02 13:43:36:042 Empiezo a leer forms vdinterrecep.frm
02 13:43:36:047 Termino parse forms vdinterrecep.frm
02 13:43:36:047 Ejecutando interfase VDINTERRECEP
02 13:44:12:065 Empiezo a leer forms vdinterrecep.frm
02 13:44:12:075 Termino parse forms vdinterrecep.frm
02 13:44:12:075 Ejecutando interfase VDINTERRECEP
02 13:44:48:097 Empiezo a leer forms vdinterrecep.frm
02 13:44:48:107 Termino parse forms vdinterrecep.frm
02 13:44:48:107 Ejecutando interfase VDINTERRECEP
02 13:45:24:125 Empiezo a leer forms vdinterrecep.frm
02 13:45:24:135 Termino parse forms vdinterrecep.frm
02 13:45:24:135 Ejecutando interfase VDINTERRECEP
02 13:46:00:150 Empiezo a leer forms vdinterrecep.frm
02 13:46:00:159 Termino parse forms vdinterrecep.frm
02 13:46:00:160 Ejecutando interfase VDINTERRECEP
02 13:46:36:180 Empiezo a leer forms vdinterrecep.frm
02 13:46:36:190 Termino parse forms vdinterrecep.frm
02 13:46:36:190 Ejecutando interfase VDINTERRECEP
02 13:47:12:202 Empiezo a leer forms vdinterrecep.frm
02 13:47:12:210 Termino parse forms vdinterrecep.frm
02 13:47:12:212 Ejecutando interfase VDINTERRECEP
02 13:47:48:224 Empiezo a leer forms vdinterrecep.frm
02 13:47:48:232 Termino parse forms vdinterrecep.frm
02 13:47:48:232 Ejecutando interfase VDINTERRECEP
02 13:48:24:249 Empiezo a leer forms vdinterrecep.frm
02 13:48:24:257 Termino parse forms vdinterrecep.frm
02 13:48:24:257 Ejecutando interfase VDINTERRECEP
02 13:49:00:280 Empiezo a leer forms vdinterrecep.frm
02 13:49:00:290 Termino parse forms vdinterrecep.frm
02 13:49:00:290 Ejecutando interfase VDINTERRECEP
02 13:49:36:310 Empiezo a leer forms vdinterrecep.frm
02 13:49:36:315 Termino parse forms vdinterrecep.frm
02 13:49:36:317 Ejecutando interfase VDINTERRECEP
02 13:50:12:329 Empiezo a leer forms vdinterrecep.frm
02 13:50:12:334 Termino parse forms vdinterrecep.frm
02 13:50:12:334 Ejecutando interfase VDINTERRECEP
02 13:50:48:352 Empiezo a leer forms vdinterrecep.frm
02 13:50:48:360 Termino parse forms vdinterrecep.frm
02 13:50:48:360 Ejecutando interfase VDINTERRECEP
02 13:51:24:369 Empiezo a leer forms vdinterrecep.frm
02 13:51:24:375 Termino parse forms vdinterrecep.frm
02 13:51:24:375 Ejecutando interfase VDINTERRECEP
02 13:52:00:384 Empiezo a leer forms vdinterrecep.frm
02 13:52:00:395 Termino parse forms vdinterrecep.frm
02 13:52:00:395 Ejecutando interfase VDINTERRECEP
02 13:52:36:410 Empiezo a leer forms vdinterrecep.frm
02 13:52:36:417 Termino parse forms vdinterrecep.frm
02 13:52:36:417 Ejecutando interfase VDINTERRECEP
02 13:53:12:427 Empiezo a leer forms vdinterrecep.frm
02 13:53:12:435 Termino parse forms vdinterrecep.frm
02 13:53:12:437 Ejecutando interfase VDINTERRECEP
02 13:53:48:457 Empiezo a leer forms vdinterrecep.frm
02 13:53:48:467 Termino parse forms vdinterrecep.frm
02 13:53:48:467 Ejecutando interfase VDINTERRECEP
02 13:54:24:485 Empiezo a leer forms vdinterrecep.frm
02 13:54:24:495 Termino parse forms vdinterrecep.frm
02 13:54:24:495 Ejecutando interfase VDINTERRECEP
02 13:55:00:505 Empiezo a leer forms vdinterrecep.frm
02 13:55:00:514 Termino parse forms vdinterrecep.frm
02 13:55:00:514 Ejecutando interfase VDINTERRECEP
02 13:55:36:535 Empiezo a leer forms vdinterrecep.frm
02 13:55:36:544 Termino parse forms vdinterrecep.frm
02 13:55:36:544 Ejecutando interfase VDINTERRECEP
02 13:56:12:554 Empiezo a leer forms vdinterrecep.frm
02 13:56:12:562 Termino parse forms vdinterrecep.frm
02 13:56:12:562 Ejecutando interfase VDINTERRECEP
02 13:56:48:574 Empiezo a leer forms vdinterrecep.frm
02 13:56:48:582 Termino parse forms vdinterrecep.frm
02 13:56:48:584 Ejecutando interfase VDINTERRECEP
02 13:57:24:607 Empiezo a leer forms vdinterrecep.frm
02 13:57:24:607 Termino parse forms vdinterrecep.frm
02 13:57:24:607 Ejecutando interfase VDINTERRECEP
02 13:58:00:622 Empiezo a leer forms vdinterrecep.frm
02 13:58:00:622 Termino parse forms vdinterrecep.frm
02 13:58:00:622 Ejecutando interfase VDINTERRECEP

00 13:58:12:302 Fichero de log cerrado.

00 13:58:12:380 Fichero de log abierto PID 2140

02 13:58:12:385 Intentando abrir fichero v10.ini
02 13:58:12:390 Cargando driver v10oracle funcion damedriveroracle
02 13:58:13:212 Conectado a base de datos
02 13:58:13:215 Proceso ENVIORECEP encontrado en tabla VDPROCESOS
02 13:58:13:220 Proceso ENVIORECEP cargado con función interfasesalida (Librería VDINTERFASES.DLL) direccion 07FACC80
02 13:58:13:223 PLSQL: INICIALIZADO PAQUETE DE LOG EL DIA 18-03-2022
02 13:58:13:234 Actualizado SID 383 SERIAL 57094 del proceso con PID 2140
00 13:58:13:240 Error al abrir fichero VDST.H
02 13:58:13:242 Empiezo a leer forms vdinterrecep.frm
02 13:58:13:260 Termino parse forms vdinterrecep.frm
02 13:58:13:260 Ejecutando interfase VDINTERRECEP
02 13:58:49:267 Empiezo a leer forms vdinterrecep.frm
02 13:58:49:267 Termino parse forms vdinterrecep.frm
02 13:58:49:267 Ejecutando interfase VDINTERRECEP
02 13:59:25:292 Empiezo a leer forms vdinterrecep.frm
02 13:59:25:292 Termino parse forms vdinterrecep.frm
02 13:59:25:292 Ejecutando interfase VDINTERRECEP

00 13:59:55:960 Fichero de log cerrado.

