00 09:13:58:357 Fichero de log abierto PID 4320

02 09:13:58:358 Intentando abrir fichero v10.ini
02 09:13:58:366 Cargando driver v10oracle funcion damedriveroracle
02 09:13:59:230 Conectado a base de datos
02 09:13:59:232 Proceso ENVIOMOVIM encontrado en tabla VDPROCESOS
02 09:13:59:237 Proceso ENVIOMOVIM cargado con función interfasesalida (Librería VDINTERFASES.DLL) direccion 062ECC80
02 09:13:59:239 PLSQL: INICIALIZADO PAQUETE DE LOG EL DIA 11-04-2022
02 09:13:59:247 Actualizado SID 13 SERIAL 40333 del proceso con PID 4320
00 09:13:59:252 Error al abrir fichero VDST.H
02 09:13:59:260 Empiezo a leer forms vdintermovim.frm
02 09:13:59:272 Termino parse forms vdintermovim.frm
02 09:13:59:272 Ejecutando interfase VDINTERMOVIM
02 09:15:59:285 Empiezo a leer forms vdintermovim.frm
02 09:15:59:288 Termino parse forms vdintermovim.frm
02 09:15:59:288 Ejecutando interfase VDINTERMOVIM
02 09:17:59:301 Empiezo a leer forms vdintermovim.frm
02 09:17:59:303 Termino parse forms vdintermovim.frm
02 09:17:59:303 Ejecutando interfase VDINTERMOVIM
02 09:19:59:317 Empiezo a leer forms vdintermovim.frm
02 09:19:59:321 Termino parse forms vdintermovim.frm
02 09:19:59:321 Ejecutando interfase VDINTERMOVIM
02 09:21:59:328 Empiezo a leer forms vdintermovim.frm
02 09:21:59:332 Termino parse forms vdintermovim.frm
02 09:21:59:332 Ejecutando interfase VDINTERMOVIM
02 09:23:59:352 Empiezo a leer forms vdintermovim.frm
02 09:23:59:355 Termino parse forms vdintermovim.frm
02 09:23:59:355 Ejecutando interfase VDINTERMOVIM
02 09:25:59:368 Empiezo a leer forms vdintermovim.frm
02 09:25:59:373 Termino parse forms vdintermovim.frm
02 09:25:59:373 Ejecutando interfase VDINTERMOVIM
02 09:27:59:390 Empiezo a leer forms vdintermovim.frm
02 09:27:59:393 Termino parse forms vdintermovim.frm
02 09:27:59:393 Ejecutando interfase VDINTERMOVIM
02 09:29:59:410 Empiezo a leer forms vdintermovim.frm
02 09:29:59:415 Termino parse forms vdintermovim.frm
02 09:29:59:416 Ejecutando interfase VDINTERMOVIM
02 09:31:59:432 Empiezo a leer forms vdintermovim.frm
02 09:31:59:437 Termino parse forms vdintermovim.frm
02 09:31:59:437 Ejecutando interfase VDINTERMOVIM
02 09:33:59:450 Empiezo a leer forms vdintermovim.frm
02 09:33:59:453 Termino parse forms vdintermovim.frm
02 09:33:59:453 Ejecutando interfase VDINTERMOVIM
02 09:35:59:472 Empiezo a leer forms vdintermovim.frm
02 09:35:59:477 Termino parse forms vdintermovim.frm
02 09:35:59:477 Ejecutando interfase VDINTERMOVIM
02 09:37:59:497 Empiezo a leer forms vdintermovim.frm
02 09:37:59:502 Termino parse forms vdintermovim.frm
02 09:37:59:502 Ejecutando interfase VDINTERMOVIM
02 09:39:59:512 Empiezo a leer forms vdintermovim.frm
02 09:39:59:517 Termino parse forms vdintermovim.frm
02 09:39:59:517 Ejecutando interfase VDINTERMOVIM
02 09:41:59:525 Empiezo a leer forms vdintermovim.frm
02 09:41:59:531 Termino parse forms vdintermovim.frm
02 09:41:59:531 Ejecutando interfase VDINTERMOVIM
02 09:43:59:547 Empiezo a leer forms vdintermovim.frm
02 09:43:59:552 Termino parse forms vdintermovim.frm
02 09:43:59:553 Ejecutando interfase VDINTERMOVIM
02 09:45:59:576 Empiezo a leer forms vdintermovim.frm
02 09:45:59:580 Termino parse forms vdintermovim.frm
02 09:45:59:580 Ejecutando interfase VDINTERMOVIM
02 09:47:59:592 Empiezo a leer forms vdintermovim.frm
02 09:47:59:596 Termino parse forms vdintermovim.frm
02 09:47:59:596 Ejecutando interfase VDINTERMOVIM
02 09:49:59:613 Empiezo a leer forms vdintermovim.frm
02 09:49:59:620 Termino parse forms vdintermovim.frm
02 09:49:59:621 Ejecutando interfase VDINTERMOVIM
02 09:51:59:633 Empiezo a leer forms vdintermovim.frm
02 09:51:59:640 Termino parse forms vdintermovim.frm
02 09:51:59:641 Ejecutando interfase VDINTERMOVIM
02 09:53:59:655 Empiezo a leer forms vdintermovim.frm
02 09:53:59:658 Termino parse forms vdintermovim.frm
02 09:53:59:658 Ejecutando interfase VDINTERMOVIM
02 09:55:59:682 Empiezo a leer forms vdintermovim.frm
02 09:55:59:687 Termino parse forms vdintermovim.frm
02 09:55:59:688 Ejecutando interfase VDINTERMOVIM
02 09:57:59:707 Empiezo a leer forms vdintermovim.frm
02 09:57:59:712 Termino parse forms vdintermovim.frm
02 09:57:59:713 Ejecutando interfase VDINTERMOVIM
02 09:59:59:735 Empiezo a leer forms vdintermovim.frm
02 09:59:59:738 Termino parse forms vdintermovim.frm
02 09:59:59:738 Ejecutando interfase VDINTERMOVIM
02 10:01:59:752 Empiezo a leer forms vdintermovim.frm
02 10:01:59:757 Termino parse forms vdintermovim.frm
02 10:01:59:757 Ejecutando interfase VDINTERMOVIM
02 10:03:59:765 Empiezo a leer forms vdintermovim.frm
02 10:03:59:771 Termino parse forms vdintermovim.frm
02 10:03:59:772 Ejecutando interfase VDINTERMOVIM
02 10:05:59:787 Empiezo a leer forms vdintermovim.frm
02 10:05:59:791 Termino parse forms vdintermovim.frm
02 10:05:59:791 Ejecutando interfase VDINTERMOVIM
02 10:07:59:807 Empiezo a leer forms vdintermovim.frm
02 10:07:59:813 Termino parse forms vdintermovim.frm
02 10:07:59:813 Ejecutando interfase VDINTERMOVIM
02 10:09:59:827 Empiezo a leer forms vdintermovim.frm
02 10:09:59:831 Termino parse forms vdintermovim.frm
02 10:09:59:831 Ejecutando interfase VDINTERMOVIM
02 10:11:59:842 Empiezo a leer forms vdintermovim.frm
02 10:11:59:847 Termino parse forms vdintermovim.frm
02 10:11:59:848 Ejecutando interfase VDINTERMOVIM
02 10:13:59:861 Empiezo a leer forms vdintermovim.frm
02 10:13:59:863 Termino parse forms vdintermovim.frm
02 10:13:59:865 Ejecutando interfase VDINTERMOVIM
02 10:15:59:882 Empiezo a leer forms vdintermovim.frm
02 10:15:59:887 Termino parse forms vdintermovim.frm
02 10:15:59:887 Ejecutando interfase VDINTERMOVIM
02 10:17:59:912 Empiezo a leer forms vdintermovim.frm
02 10:17:59:921 Termino parse forms vdintermovim.frm
02 10:17:59:922 Ejecutando interfase VDINTERMOVIM
02 10:19:56:102 Empiezo a leer forms vdintermovim.frm
02 10:19:56:107 Termino parse forms vdintermovim.frm
02 10:19:56:108 Ejecutando interfase VDINTERMOVIM
02 10:21:56:127 Empiezo a leer forms vdintermovim.frm
02 10:21:56:133 Termino parse forms vdintermovim.frm
02 10:21:56:135 Ejecutando interfase VDINTERMOVIM
02 10:23:56:145 Empiezo a leer forms vdintermovim.frm
02 10:23:56:147 Termino parse forms vdintermovim.frm
02 10:23:56:148 Ejecutando interfase VDINTERMOVIM
02 10:25:56:162 Empiezo a leer forms vdintermovim.frm
02 10:25:56:167 Termino parse forms vdintermovim.frm
02 10:25:56:168 Ejecutando interfase VDINTERMOVIM
02 10:27:56:187 Empiezo a leer forms vdintermovim.frm
02 10:27:56:193 Termino parse forms vdintermovim.frm
02 10:27:56:193 Ejecutando interfase VDINTERMOVIM
02 10:29:56:207 Empiezo a leer forms vdintermovim.frm
02 10:29:56:212 Termino parse forms vdintermovim.frm
02 10:29:56:212 Ejecutando interfase VDINTERMOVIM
02 10:31:56:231 Empiezo a leer forms vdintermovim.frm
02 10:31:56:237 Termino parse forms vdintermovim.frm
02 10:31:56:237 Ejecutando interfase VDINTERMOVIM
02 10:33:56:257 Empiezo a leer forms vdintermovim.frm
02 10:33:56:262 Termino parse forms vdintermovim.frm
02 10:33:56:262 Ejecutando interfase VDINTERMOVIM
02 10:35:56:278 Empiezo a leer forms vdintermovim.frm
02 10:35:56:282 Termino parse forms vdintermovim.frm
02 10:35:56:283 Ejecutando interfase VDINTERMOVIM
02 10:37:56:297 Empiezo a leer forms vdintermovim.frm
02 10:37:56:301 Termino parse forms vdintermovim.frm
02 10:37:56:301 Ejecutando interfase VDINTERMOVIM
02 10:39:56:316 Empiezo a leer forms vdintermovim.frm
02 10:39:56:318 Termino parse forms vdintermovim.frm
02 10:39:56:318 Ejecutando interfase VDINTERMOVIM
02 10:41:56:332 Empiezo a leer forms vdintermovim.frm
02 10:41:56:337 Termino parse forms vdintermovim.frm
02 10:41:56:337 Ejecutando interfase VDINTERMOVIM
02 10:43:56:358 Empiezo a leer forms vdintermovim.frm
02 10:43:56:363 Termino parse forms vdintermovim.frm
02 10:43:56:365 Ejecutando interfase VDINTERMOVIM
02 10:45:56:376 Empiezo a leer forms vdintermovim.frm
02 10:45:56:382 Termino parse forms vdintermovim.frm
02 10:45:56:382 Ejecutando interfase VDINTERMOVIM
02 10:47:56:397 Empiezo a leer forms vdintermovim.frm
02 10:47:56:401 Termino parse forms vdintermovim.frm
02 10:47:56:401 Ejecutando interfase VDINTERMOVIM
02 10:49:56:410 Empiezo a leer forms vdintermovim.frm
02 10:49:56:413 Termino parse forms vdintermovim.frm
02 10:49:56:413 Ejecutando interfase VDINTERMOVIM
02 10:51:56:426 Empiezo a leer forms vdintermovim.frm
02 10:51:56:430 Termino parse forms vdintermovim.frm
02 10:51:56:430 Ejecutando interfase VDINTERMOVIM
02 10:53:56:452 Empiezo a leer forms vdintermovim.frm
02 10:53:56:458 Termino parse forms vdintermovim.frm
02 10:53:56:460 Ejecutando interfase VDINTERMOVIM
02 10:55:56:481 Empiezo a leer forms vdintermovim.frm
02 10:55:56:482 Termino parse forms vdintermovim.frm
02 10:55:56:482 Ejecutando interfase VDINTERMOVIM
02 10:57:56:493 Empiezo a leer forms vdintermovim.frm
02 10:57:56:501 Termino parse forms vdintermovim.frm
02 10:57:56:501 Ejecutando interfase VDINTERMOVIM
02 10:59:56:523 Empiezo a leer forms vdintermovim.frm
02 10:59:56:531 Termino parse forms vdintermovim.frm
02 10:59:56:531 Ejecutando interfase VDINTERMOVIM
02 11:01:56:546 Empiezo a leer forms vdintermovim.frm
02 11:01:56:555 Termino parse forms vdintermovim.frm
02 11:01:56:556 Ejecutando interfase VDINTERMOVIM
02 11:03:56:570 Empiezo a leer forms vdintermovim.frm
02 11:03:56:577 Termino parse forms vdintermovim.frm
02 11:03:56:577 Ejecutando interfase VDINTERMOVIM
02 11:05:56:586 Empiezo a leer forms vdintermovim.frm
02 11:05:56:592 Termino parse forms vdintermovim.frm
02 11:05:56:592 Ejecutando interfase VDINTERMOVIM
02 11:07:56:601 Empiezo a leer forms vdintermovim.frm
02 11:07:56:607 Termino parse forms vdintermovim.frm
02 11:07:56:607 Ejecutando interfase VDINTERMOVIM
02 11:09:56:627 Empiezo a leer forms vdintermovim.frm
02 11:09:56:637 Termino parse forms vdintermovim.frm
02 11:09:56:637 Ejecutando interfase VDINTERMOVIM
02 11:11:56:658 Empiezo a leer forms vdintermovim.frm
02 11:11:56:666 Termino parse forms vdintermovim.frm
02 11:11:56:666 Ejecutando interfase VDINTERMOVIM
02 11:13:56:677 Empiezo a leer forms vdintermovim.frm
02 11:13:56:686 Termino parse forms vdintermovim.frm
02 11:13:56:687 Ejecutando interfase VDINTERMOVIM
02 11:15:56:702 Empiezo a leer forms vdintermovim.frm
02 11:15:56:707 Termino parse forms vdintermovim.frm
02 11:15:56:707 Ejecutando interfase VDINTERMOVIM
02 11:17:56:727 Empiezo a leer forms vdintermovim.frm
02 11:17:56:733 Termino parse forms vdintermovim.frm
02 11:17:56:733 Ejecutando interfase VDINTERMOVIM
02 11:19:56:756 Empiezo a leer forms vdintermovim.frm
02 11:19:56:762 Termino parse forms vdintermovim.frm
02 11:19:56:762 Ejecutando interfase VDINTERMOVIM
02 11:21:56:776 Empiezo a leer forms vdintermovim.frm
02 11:21:56:780 Termino parse forms vdintermovim.frm
02 11:21:56:780 Ejecutando interfase VDINTERMOVIM
02 11:23:56:792 Empiezo a leer forms vdintermovim.frm
02 11:23:56:800 Termino parse forms vdintermovim.frm
02 11:23:56:801 Ejecutando interfase VDINTERMOVIM
02 11:25:56:822 Empiezo a leer forms vdintermovim.frm
02 11:25:56:828 Termino parse forms vdintermovim.frm
02 11:25:56:828 Ejecutando interfase VDINTERMOVIM
02 11:27:56:843 Empiezo a leer forms vdintermovim.frm
02 11:27:56:848 Termino parse forms vdintermovim.frm
02 11:27:56:848 Ejecutando interfase VDINTERMOVIM
02 11:29:56:872 Empiezo a leer forms vdintermovim.frm
02 11:29:56:881 Termino parse forms vdintermovim.frm
02 11:29:56:881 Ejecutando interfase VDINTERMOVIM
02 11:31:56:902 Empiezo a leer forms vdintermovim.frm
02 11:31:56:910 Termino parse forms vdintermovim.frm
02 11:31:56:910 Ejecutando interfase VDINTERMOVIM
02 11:33:56:932 Empiezo a leer forms vdintermovim.frm
02 11:33:56:937 Termino parse forms vdintermovim.frm
02 11:33:56:937 Ejecutando interfase VDINTERMOVIM
02 11:35:56:950 Empiezo a leer forms vdintermovim.frm
02 11:35:56:957 Termino parse forms vdintermovim.frm
02 11:35:56:957 Ejecutando interfase VDINTERMOVIM
02 11:37:56:977 Empiezo a leer forms vdintermovim.frm
02 11:37:56:985 Termino parse forms vdintermovim.frm
02 11:37:56:985 Ejecutando interfase VDINTERMOVIM
02 11:39:57:010 Empiezo a leer forms vdintermovim.frm
02 11:39:57:017 Termino parse forms vdintermovim.frm
02 11:39:57:017 Ejecutando interfase VDINTERMOVIM
02 11:41:57:039 Empiezo a leer forms vdintermovim.frm
02 11:41:57:047 Termino parse forms vdintermovim.frm
02 11:41:57:047 Ejecutando interfase VDINTERMOVIM
02 11:43:57:057 Empiezo a leer forms vdintermovim.frm
02 11:43:57:065 Termino parse forms vdintermovim.frm
02 11:43:57:065 Ejecutando interfase VDINTERMOVIM
02 11:45:57:087 Empiezo a leer forms vdintermovim.frm
02 11:45:57:095 Termino parse forms vdintermovim.frm
02 11:45:57:095 Ejecutando interfase VDINTERMOVIM
02 11:47:57:114 Empiezo a leer forms vdintermovim.frm
02 11:47:57:117 Termino parse forms vdintermovim.frm
02 11:47:57:117 Ejecutando interfase VDINTERMOVIM
02 11:49:57:134 Empiezo a leer forms vdintermovim.frm
02 11:49:57:142 Termino parse forms vdintermovim.frm
02 11:49:57:142 Ejecutando interfase VDINTERMOVIM
02 11:51:57:160 Empiezo a leer forms vdintermovim.frm
02 11:51:57:167 Termino parse forms vdintermovim.frm
02 11:51:57:167 Ejecutando interfase VDINTERMOVIM
02 11:53:57:182 Empiezo a leer forms vdintermovim.frm
02 11:53:57:187 Termino parse forms vdintermovim.frm
02 11:53:57:187 Ejecutando interfase VDINTERMOVIM
02 11:55:57:207 Empiezo a leer forms vdintermovim.frm
02 11:55:57:217 Termino parse forms vdintermovim.frm
02 11:55:57:217 Ejecutando interfase VDINTERMOVIM
02 11:57:57:232 Empiezo a leer forms vdintermovim.frm
02 11:57:57:242 Termino parse forms vdintermovim.frm
02 11:57:57:242 Ejecutando interfase VDINTERMOVIM
02 11:59:57:260 Empiezo a leer forms vdintermovim.frm
02 11:59:57:269 Termino parse forms vdintermovim.frm
02 11:59:57:269 Ejecutando interfase VDINTERMOVIM
02 12:01:57:290 Empiezo a leer forms vdintermovim.frm
02 12:01:57:299 Termino parse forms vdintermovim.frm
02 12:01:57:299 Ejecutando interfase VDINTERMOVIM
02 12:03:57:322 Empiezo a leer forms vdintermovim.frm
02 12:03:57:330 Termino parse forms vdintermovim.frm
02 12:03:57:330 Ejecutando interfase VDINTERMOVIM
02 12:05:57:340 Empiezo a leer forms vdintermovim.frm
02 12:05:57:350 Termino parse forms vdintermovim.frm
02 12:05:57:350 Ejecutando interfase VDINTERMOVIM
02 12:07:57:370 Empiezo a leer forms vdintermovim.frm
02 12:07:57:379 Termino parse forms vdintermovim.frm
02 12:07:57:379 Ejecutando interfase VDINTERMOVIM
02 12:09:57:399 Empiezo a leer forms vdintermovim.frm
02 12:09:57:405 Termino parse forms vdintermovim.frm
02 12:09:57:405 Ejecutando interfase VDINTERMOVIM
02 12:11:57:424 Empiezo a leer forms vdintermovim.frm
02 12:11:57:430 Termino parse forms vdintermovim.frm
02 12:11:57:432 Ejecutando interfase VDINTERMOVIM
02 12:13:57:450 Empiezo a leer forms vdintermovim.frm
02 12:13:57:457 Termino parse forms vdintermovim.frm
02 12:13:57:457 Ejecutando interfase VDINTERMOVIM
02 12:15:57:472 Empiezo a leer forms vdintermovim.frm
02 12:15:57:475 Termino parse forms vdintermovim.frm
02 12:15:57:475 Ejecutando interfase VDINTERMOVIM
02 12:17:57:497 Empiezo a leer forms vdintermovim.frm
02 12:17:57:505 Termino parse forms vdintermovim.frm
02 12:17:57:505 Ejecutando interfase VDINTERMOVIM
02 12:19:57:530 Empiezo a leer forms vdintermovim.frm
02 12:19:57:537 Termino parse forms vdintermovim.frm
02 12:19:57:539 Ejecutando interfase VDINTERMOVIM
02 12:21:57:565 Empiezo a leer forms vdintermovim.frm
02 12:21:57:572 Termino parse forms vdintermovim.frm
02 12:21:57:572 Ejecutando interfase VDINTERMOVIM
02 12:23:57:594 Empiezo a leer forms vdintermovim.frm
02 12:23:57:602 Termino parse forms vdintermovim.frm
02 12:23:57:602 Ejecutando interfase VDINTERMOVIM
02 12:25:57:610 Empiezo a leer forms vdintermovim.frm
02 12:25:57:615 Termino parse forms vdintermovim.frm
02 12:25:57:617 Ejecutando interfase VDINTERMOVIM
02 12:27:57:637 Empiezo a leer forms vdintermovim.frm
02 12:27:57:645 Termino parse forms vdintermovim.frm
02 12:27:57:645 Ejecutando interfase VDINTERMOVIM
02 12:29:57:670 Empiezo a leer forms vdintermovim.frm
02 12:29:57:677 Termino parse forms vdintermovim.frm
02 12:29:57:677 Ejecutando interfase VDINTERMOVIM
02 12:31:57:687 Empiezo a leer forms vdintermovim.frm
02 12:31:57:690 Termino parse forms vdintermovim.frm
02 12:31:57:690 Ejecutando interfase VDINTERMOVIM
02 12:33:57:702 Empiezo a leer forms vdintermovim.frm
02 12:33:57:707 Termino parse forms vdintermovim.frm
02 12:33:57:707 Ejecutando interfase VDINTERMOVIM
02 12:35:57:730 Empiezo a leer forms vdintermovim.frm
02 12:35:57:732 Termino parse forms vdintermovim.frm
02 12:35:57:732 Ejecutando interfase VDINTERMOVIM
02 12:37:57:745 Empiezo a leer forms vdintermovim.frm
02 12:37:57:747 Termino parse forms vdintermovim.frm
02 12:37:57:749 Ejecutando interfase VDINTERMOVIM
02 12:39:57:765 Empiezo a leer forms vdintermovim.frm
02 12:39:57:772 Termino parse forms vdintermovim.frm
02 12:39:57:772 Ejecutando interfase VDINTERMOVIM
02 12:41:57:784 Empiezo a leer forms vdintermovim.frm
02 12:41:57:787 Termino parse forms vdintermovim.frm
02 12:41:57:787 Ejecutando interfase VDINTERMOVIM
02 12:43:57:807 Empiezo a leer forms vdintermovim.frm
02 12:43:57:812 Termino parse forms vdintermovim.frm
02 12:43:57:812 Ejecutando interfase VDINTERMOVIM
02 12:45:57:820 Empiezo a leer forms vdintermovim.frm
02 12:45:57:827 Termino parse forms vdintermovim.frm
02 12:45:57:827 Ejecutando interfase VDINTERMOVIM
02 12:47:57:847 Empiezo a leer forms vdintermovim.frm
02 12:47:57:852 Termino parse forms vdintermovim.frm
02 12:47:57:852 Ejecutando interfase VDINTERMOVIM
02 12:49:57:860 Empiezo a leer forms vdintermovim.frm
02 12:49:57:865 Termino parse forms vdintermovim.frm
02 12:49:57:865 Ejecutando interfase VDINTERMOVIM
02 12:51:57:885 Empiezo a leer forms vdintermovim.frm
02 12:51:57:890 Termino parse forms vdintermovim.frm
02 12:51:57:890 Ejecutando interfase VDINTERMOVIM
02 12:53:57:910 Empiezo a leer forms vdintermovim.frm
02 12:53:57:915 Termino parse forms vdintermovim.frm
02 12:53:57:915 Ejecutando interfase VDINTERMOVIM
02 12:55:57:940 Empiezo a leer forms vdintermovim.frm
02 12:55:57:945 Termino parse forms vdintermovim.frm
02 12:55:57:945 Ejecutando interfase VDINTERMOVIM
02 12:57:57:969 Empiezo a leer forms vdintermovim.frm
02 12:57:57:972 Termino parse forms vdintermovim.frm
02 12:57:57:972 Ejecutando interfase VDINTERMOVIM
02 12:59:57:985 Empiezo a leer forms vdintermovim.frm
02 12:59:57:989 Termino parse forms vdintermovim.frm
02 12:59:57:990 Ejecutando interfase VDINTERMOVIM
02 13:01:57:999 Empiezo a leer forms vdintermovim.frm
02 13:01:58:005 Termino parse forms vdintermovim.frm
02 13:01:58:005 Ejecutando interfase VDINTERMOVIM
02 13:03:58:022 Empiezo a leer forms vdintermovim.frm
02 13:03:58:027 Termino parse forms vdintermovim.frm
02 13:03:58:027 Ejecutando interfase VDINTERMOVIM
02 13:05:58:045 Empiezo a leer forms vdintermovim.frm
02 13:05:58:050 Termino parse forms vdintermovim.frm
02 13:05:58:050 Ejecutando interfase VDINTERMOVIM
02 13:07:58:067 Empiezo a leer forms vdintermovim.frm
02 13:07:58:072 Termino parse forms vdintermovim.frm
02 13:07:58:072 Ejecutando interfase VDINTERMOVIM
02 13:09:58:090 Empiezo a leer forms vdintermovim.frm
02 13:09:58:095 Termino parse forms vdintermovim.frm
02 13:09:58:095 Ejecutando interfase VDINTERMOVIM
02 13:11:58:104 Empiezo a leer forms vdintermovim.frm
02 13:11:58:109 Termino parse forms vdintermovim.frm
02 13:11:58:109 Ejecutando interfase VDINTERMOVIM
02 13:13:58:132 Empiezo a leer forms vdintermovim.frm
02 13:13:58:135 Termino parse forms vdintermovim.frm
02 13:13:58:135 Ejecutando interfase VDINTERMOVIM
02 13:15:58:150 Empiezo a leer forms vdintermovim.frm
02 13:15:58:155 Termino parse forms vdintermovim.frm
02 13:15:58:155 Ejecutando interfase VDINTERMOVIM
02 13:17:58:167 Empiezo a leer forms vdintermovim.frm
02 13:17:58:172 Termino parse forms vdintermovim.frm
02 13:17:58:172 Ejecutando interfase VDINTERMOVIM
02 13:19:58:190 Empiezo a leer forms vdintermovim.frm
02 13:19:58:197 Termino parse forms vdintermovim.frm
02 13:19:58:197 Ejecutando interfase VDINTERMOVIM
02 13:21:58:214 Empiezo a leer forms vdintermovim.frm
02 13:21:58:217 Termino parse forms vdintermovim.frm
02 13:21:58:217 Ejecutando interfase VDINTERMOVIM
02 13:23:58:240 Empiezo a leer forms vdintermovim.frm
02 13:23:58:245 Termino parse forms vdintermovim.frm
02 13:23:58:245 Ejecutando interfase VDINTERMOVIM
02 13:25:58:252 Empiezo a leer forms vdintermovim.frm
02 13:25:58:257 Termino parse forms vdintermovim.frm
02 13:25:58:259 Ejecutando interfase VDINTERMOVIM
02 13:27:58:267 Empiezo a leer forms vdintermovim.frm
02 13:27:58:272 Termino parse forms vdintermovim.frm
02 13:27:58:274 Ejecutando interfase VDINTERMOVIM
02 13:29:58:289 Empiezo a leer forms vdintermovim.frm
02 13:29:58:295 Termino parse forms vdintermovim.frm
02 13:29:58:295 Ejecutando interfase VDINTERMOVIM
02 13:31:58:317 Empiezo a leer forms vdintermovim.frm
02 13:31:58:320 Termino parse forms vdintermovim.frm
02 13:31:58:320 Ejecutando interfase VDINTERMOVIM
02 13:33:58:330 Empiezo a leer forms vdintermovim.frm
02 13:33:58:335 Termino parse forms vdintermovim.frm
02 13:33:58:335 Ejecutando interfase VDINTERMOVIM
02 13:35:58:347 Empiezo a leer forms vdintermovim.frm
02 13:35:58:352 Termino parse forms vdintermovim.frm
02 13:35:58:352 Ejecutando interfase VDINTERMOVIM
02 13:37:58:364 Empiezo a leer forms vdintermovim.frm
02 13:37:58:367 Termino parse forms vdintermovim.frm
02 13:37:58:367 Ejecutando interfase VDINTERMOVIM
02 13:39:58:382 Empiezo a leer forms vdintermovim.frm
02 13:39:58:389 Termino parse forms vdintermovim.frm
02 13:39:58:389 Ejecutando interfase VDINTERMOVIM
02 13:41:58:397 Empiezo a leer forms vdintermovim.frm
02 13:41:58:404 Termino parse forms vdintermovim.frm
02 13:41:58:405 Ejecutando interfase VDINTERMOVIM
02 13:43:58:420 Empiezo a leer forms vdintermovim.frm
02 13:43:58:425 Termino parse forms vdintermovim.frm
02 13:43:58:425 Ejecutando interfase VDINTERMOVIM
02 13:45:58:447 Empiezo a leer forms vdintermovim.frm
02 13:45:58:452 Termino parse forms vdintermovim.frm
02 13:45:58:452 Ejecutando interfase VDINTERMOVIM
02 13:47:58:460 Empiezo a leer forms vdintermovim.frm
02 13:47:58:465 Termino parse forms vdintermovim.frm
02 13:47:58:465 Ejecutando interfase VDINTERMOVIM
02 13:49:58:485 Empiezo a leer forms vdintermovim.frm
02 13:49:58:490 Termino parse forms vdintermovim.frm
02 13:49:58:490 Ejecutando interfase VDINTERMOVIM
02 13:51:58:512 Empiezo a leer forms vdintermovim.frm
02 13:51:58:517 Termino parse forms vdintermovim.frm
02 13:51:58:519 Ejecutando interfase VDINTERMOVIM
02 13:53:58:539 Empiezo a leer forms vdintermovim.frm
02 13:53:58:545 Termino parse forms vdintermovim.frm
02 13:53:58:545 Ejecutando interfase VDINTERMOVIM
02 13:55:58:564 Empiezo a leer forms vdintermovim.frm
02 13:55:58:569 Termino parse forms vdintermovim.frm
02 13:55:58:569 Ejecutando interfase VDINTERMOVIM
02 13:57:58:587 Empiezo a leer forms vdintermovim.frm
02 13:57:58:592 Termino parse forms vdintermovim.frm
02 13:57:58:592 Ejecutando interfase VDINTERMOVIM
02 13:59:58:602 Empiezo a leer forms vdintermovim.frm
02 13:59:58:607 Termino parse forms vdintermovim.frm
02 13:59:58:609 Ejecutando interfase VDINTERMOVIM
02 14:01:58:620 Empiezo a leer forms vdintermovim.frm
02 14:01:58:630 Termino parse forms vdintermovim.frm
02 14:01:58:630 Ejecutando interfase VDINTERMOVIM
02 14:03:58:645 Empiezo a leer forms vdintermovim.frm
02 14:03:58:652 Termino parse forms vdintermovim.frm
02 14:03:58:652 Ejecutando interfase VDINTERMOVIM
02 14:05:58:665 Empiezo a leer forms vdintermovim.frm
02 14:05:58:669 Termino parse forms vdintermovim.frm
02 14:05:58:669 Ejecutando interfase VDINTERMOVIM
02 14:07:58:677 Empiezo a leer forms vdintermovim.frm
02 14:07:58:682 Termino parse forms vdintermovim.frm
02 14:07:58:682 Ejecutando interfase VDINTERMOVIM
02 14:09:58:702 Empiezo a leer forms vdintermovim.frm
02 14:09:58:710 Termino parse forms vdintermovim.frm
02 14:09:58:710 Ejecutando interfase VDINTERMOVIM
02 14:11:58:732 Empiezo a leer forms vdintermovim.frm
02 14:11:58:740 Termino parse forms vdintermovim.frm
02 14:11:58:740 Ejecutando interfase VDINTERMOVIM
02 14:13:58:762 Empiezo a leer forms vdintermovim.frm
02 14:13:58:770 Termino parse forms vdintermovim.frm
02 14:13:58:770 Ejecutando interfase VDINTERMOVIM
02 14:15:58:785 Empiezo a leer forms vdintermovim.frm
02 14:15:58:792 Termino parse forms vdintermovim.frm
02 14:15:58:792 Ejecutando interfase VDINTERMOVIM
02 14:17:58:814 Empiezo a leer forms vdintermovim.frm
02 14:17:58:820 Termino parse forms vdintermovim.frm
02 14:17:58:822 Ejecutando interfase VDINTERMOVIM
02 14:19:58:837 Empiezo a leer forms vdintermovim.frm
02 14:19:58:845 Termino parse forms vdintermovim.frm
02 14:19:58:845 Ejecutando interfase VDINTERMOVIM
02 14:21:58:869 Empiezo a leer forms vdintermovim.frm
02 14:21:58:874 Termino parse forms vdintermovim.frm
02 14:21:58:875 Ejecutando interfase VDINTERMOVIM
02 14:23:58:895 Empiezo a leer forms vdintermovim.frm
02 14:23:58:902 Termino parse forms vdintermovim.frm
02 14:23:58:902 Ejecutando interfase VDINTERMOVIM
02 14:25:58:910 Empiezo a leer forms vdintermovim.frm
02 14:25:58:917 Termino parse forms vdintermovim.frm
02 14:25:58:917 Ejecutando interfase VDINTERMOVIM
02 14:27:58:942 Empiezo a leer forms vdintermovim.frm
02 14:27:58:947 Termino parse forms vdintermovim.frm
02 14:27:58:947 Ejecutando interfase VDINTERMOVIM
02 14:29:58:967 Empiezo a leer forms vdintermovim.frm
02 14:29:58:972 Termino parse forms vdintermovim.frm
02 14:29:58:972 Ejecutando interfase VDINTERMOVIM
02 14:31:58:985 Empiezo a leer forms vdintermovim.frm
02 14:31:58:987 Termino parse forms vdintermovim.frm
02 14:31:58:987 Ejecutando interfase VDINTERMOVIM
02 14:33:59:007 Empiezo a leer forms vdintermovim.frm
02 14:33:59:010 Termino parse forms vdintermovim.frm
02 14:33:59:010 Ejecutando interfase VDINTERMOVIM
02 14:35:59:024 Empiezo a leer forms vdintermovim.frm
02 14:35:59:027 Termino parse forms vdintermovim.frm
02 14:35:59:027 Ejecutando interfase VDINTERMOVIM
02 14:37:59:039 Empiezo a leer forms vdintermovim.frm
02 14:37:59:044 Termino parse forms vdintermovim.frm
02 14:37:59:045 Ejecutando interfase VDINTERMOVIM
02 14:39:59:057 Empiezo a leer forms vdintermovim.frm
02 14:39:59:060 Termino parse forms vdintermovim.frm
02 14:39:59:060 Ejecutando interfase VDINTERMOVIM
02 14:41:59:080 Empiezo a leer forms vdintermovim.frm
02 14:41:59:085 Termino parse forms vdintermovim.frm
02 14:41:59:085 Ejecutando interfase VDINTERMOVIM
02 14:43:59:100 Empiezo a leer forms vdintermovim.frm
02 14:43:59:105 Termino parse forms vdintermovim.frm
02 14:43:59:105 Ejecutando interfase VDINTERMOVIM
02 14:45:59:130 Empiezo a leer forms vdintermovim.frm
02 14:45:59:134 Termino parse forms vdintermovim.frm
02 14:45:59:134 Ejecutando interfase VDINTERMOVIM
02 14:47:59:157 Empiezo a leer forms vdintermovim.frm
02 14:47:59:162 Termino parse forms vdintermovim.frm
02 14:47:59:162 Ejecutando interfase VDINTERMOVIM
02 14:49:59:180 Empiezo a leer forms vdintermovim.frm
02 14:49:59:185 Termino parse forms vdintermovim.frm
02 14:49:59:185 Ejecutando interfase VDINTERMOVIM
02 14:51:59:200 Empiezo a leer forms vdintermovim.frm
02 14:51:59:205 Termino parse forms vdintermovim.frm
02 14:51:59:205 Ejecutando interfase VDINTERMOVIM
02 14:53:59:214 Empiezo a leer forms vdintermovim.frm
02 14:53:59:219 Termino parse forms vdintermovim.frm
02 14:53:59:219 Ejecutando interfase VDINTERMOVIM
02 14:55:59:227 Empiezo a leer forms vdintermovim.frm
02 14:55:59:232 Termino parse forms vdintermovim.frm
02 14:55:59:232 Ejecutando interfase VDINTERMOVIM
02 14:57:59:240 Empiezo a leer forms vdintermovim.frm
02 14:57:59:245 Termino parse forms vdintermovim.frm
02 14:57:59:245 Ejecutando interfase VDINTERMOVIM
02 14:59:59:267 Empiezo a leer forms vdintermovim.frm
02 14:59:59:272 Termino parse forms vdintermovim.frm
02 14:59:59:272 Ejecutando interfase VDINTERMOVIM
02 15:01:59:289 Empiezo a leer forms vdintermovim.frm
02 15:01:59:294 Termino parse forms vdintermovim.frm
02 15:01:59:294 Ejecutando interfase VDINTERMOVIM
02 15:03:59:317 Empiezo a leer forms vdintermovim.frm
02 15:03:59:322 Termino parse forms vdintermovim.frm
02 15:03:59:322 Ejecutando interfase VDINTERMOVIM
02 15:05:59:337 Empiezo a leer forms vdintermovim.frm
02 15:05:59:345 Termino parse forms vdintermovim.frm
02 15:05:59:345 Ejecutando interfase VDINTERMOVIM
02 15:07:59:365 Empiezo a leer forms vdintermovim.frm
02 15:07:59:370 Termino parse forms vdintermovim.frm
02 15:07:59:372 Ejecutando interfase VDINTERMOVIM
02 15:09:59:387 Empiezo a leer forms vdintermovim.frm
02 15:09:59:397 Termino parse forms vdintermovim.frm
02 15:09:59:397 Ejecutando interfase VDINTERMOVIM
02 15:11:59:407 Empiezo a leer forms vdintermovim.frm
02 15:11:59:412 Termino parse forms vdintermovim.frm
02 15:11:59:412 Ejecutando interfase VDINTERMOVIM
02 15:13:59:422 Empiezo a leer forms vdintermovim.frm
02 15:13:59:427 Termino parse forms vdintermovim.frm
02 15:13:59:427 Ejecutando interfase VDINTERMOVIM
02 15:15:59:445 Empiezo a leer forms vdintermovim.frm
02 15:15:59:452 Termino parse forms vdintermovim.frm
02 15:15:59:452 Ejecutando interfase VDINTERMOVIM
02 15:17:59:465 Empiezo a leer forms vdintermovim.frm
02 15:17:59:472 Termino parse forms vdintermovim.frm
02 15:17:59:472 Ejecutando interfase VDINTERMOVIM
02 15:19:59:490 Empiezo a leer forms vdintermovim.frm
02 15:19:59:497 Termino parse forms vdintermovim.frm
02 15:19:59:497 Ejecutando interfase VDINTERMOVIM
02 15:21:59:515 Empiezo a leer forms vdintermovim.frm
02 15:21:59:519 Termino parse forms vdintermovim.frm
02 15:21:59:519 Ejecutando interfase VDINTERMOVIM
02 15:23:59:532 Empiezo a leer forms vdintermovim.frm
02 15:23:59:539 Termino parse forms vdintermovim.frm
02 15:23:59:540 Ejecutando interfase VDINTERMOVIM
02 15:25:59:554 Empiezo a leer forms vdintermovim.frm
02 15:25:59:559 Termino parse forms vdintermovim.frm
02 15:25:59:560 Ejecutando interfase VDINTERMOVIM
02 15:27:59:577 Empiezo a leer forms vdintermovim.frm
02 15:27:59:582 Termino parse forms vdintermovim.frm
02 15:27:59:582 Ejecutando interfase VDINTERMOVIM
02 15:29:59:595 Empiezo a leer forms vdintermovim.frm
02 15:29:59:600 Termino parse forms vdintermovim.frm
02 15:29:59:600 Ejecutando interfase VDINTERMOVIM
02 15:31:59:612 Empiezo a leer forms vdintermovim.frm
02 15:31:59:617 Termino parse forms vdintermovim.frm
02 15:31:59:617 Ejecutando interfase VDINTERMOVIM
02 15:33:59:635 Empiezo a leer forms vdintermovim.frm
02 15:33:59:640 Termino parse forms vdintermovim.frm
02 15:33:59:640 Ejecutando interfase VDINTERMOVIM
02 15:35:59:647 Empiezo a leer forms vdintermovim.frm
02 15:35:59:652 Termino parse forms vdintermovim.frm
02 15:35:59:652 Ejecutando interfase VDINTERMOVIM
02 15:37:59:662 Empiezo a leer forms vdintermovim.frm
02 15:37:59:670 Termino parse forms vdintermovim.frm
02 15:37:59:670 Ejecutando interfase VDINTERMOVIM
02 15:39:59:690 Empiezo a leer forms vdintermovim.frm
02 15:39:59:697 Termino parse forms vdintermovim.frm
02 15:39:59:697 Ejecutando interfase VDINTERMOVIM
02 15:41:59:709 Empiezo a leer forms vdintermovim.frm
02 15:41:59:712 Termino parse forms vdintermovim.frm
02 15:41:59:712 Ejecutando interfase VDINTERMOVIM
02 15:43:59:730 Empiezo a leer forms vdintermovim.frm
02 15:43:59:734 Termino parse forms vdintermovim.frm
02 15:43:59:735 Ejecutando interfase VDINTERMOVIM
02 15:45:59:744 Empiezo a leer forms vdintermovim.frm
02 15:45:59:750 Termino parse forms vdintermovim.frm
02 15:45:59:752 Ejecutando interfase VDINTERMOVIM
02 15:47:59:770 Empiezo a leer forms vdintermovim.frm
02 15:47:59:772 Termino parse forms vdintermovim.frm
02 15:47:59:772 Ejecutando interfase VDINTERMOVIM
02 15:58:55:414 Empiezo a leer forms vdintermovim.frm
02 15:58:55:417 Termino parse forms vdintermovim.frm
02 15:58:55:417 Ejecutando interfase VDINTERMOVIM
02 16:07:09:020 Empiezo a leer forms vdintermovim.frm
02 16:07:09:025 Termino parse forms vdintermovim.frm
02 16:07:09:025 Ejecutando interfase VDINTERMOVIM
02 16:09:09:055 Empiezo a leer forms vdintermovim.frm
02 16:09:09:057 Termino parse forms vdintermovim.frm
02 16:09:09:057 Ejecutando interfase VDINTERMOVIM
02 16:11:09:075 Empiezo a leer forms vdintermovim.frm
02 16:11:09:082 Termino parse forms vdintermovim.frm
02 16:11:09:082 Ejecutando interfase VDINTERMOVIM
02 16:13:09:094 Empiezo a leer forms vdintermovim.frm
02 16:13:09:097 Termino parse forms vdintermovim.frm
02 16:13:09:097 Ejecutando interfase VDINTERMOVIM
02 16:15:09:110 Empiezo a leer forms vdintermovim.frm
02 16:15:09:115 Termino parse forms vdintermovim.frm
02 16:15:09:115 Ejecutando interfase VDINTERMOVIM
02 16:17:09:129 Empiezo a leer forms vdintermovim.frm
02 16:17:09:135 Termino parse forms vdintermovim.frm
02 16:17:09:135 Ejecutando interfase VDINTERMOVIM
02 16:19:09:155 Empiezo a leer forms vdintermovim.frm
02 16:19:09:160 Termino parse forms vdintermovim.frm
02 16:19:09:160 Ejecutando interfase VDINTERMOVIM
02 16:21:09:180 Empiezo a leer forms vdintermovim.frm
02 16:21:09:187 Termino parse forms vdintermovim.frm
02 16:21:09:187 Ejecutando interfase VDINTERMOVIM
02 16:23:09:210 Empiezo a leer forms vdintermovim.frm
02 16:23:09:212 Termino parse forms vdintermovim.frm
02 16:23:09:212 Ejecutando interfase VDINTERMOVIM
02 16:25:09:230 Empiezo a leer forms vdintermovim.frm
02 16:25:09:237 Termino parse forms vdintermovim.frm
02 16:25:09:237 Ejecutando interfase VDINTERMOVIM
02 16:27:09:250 Empiezo a leer forms vdintermovim.frm
02 16:27:09:255 Termino parse forms vdintermovim.frm
02 16:27:09:255 Ejecutando interfase VDINTERMOVIM
02 16:29:09:267 Empiezo a leer forms vdintermovim.frm
02 16:29:09:269 Termino parse forms vdintermovim.frm
02 16:29:09:269 Ejecutando interfase VDINTERMOVIM
02 16:31:09:277 Empiezo a leer forms vdintermovim.frm
02 16:31:09:285 Termino parse forms vdintermovim.frm
02 16:31:09:285 Ejecutando interfase VDINTERMOVIM
02 16:33:09:310 Empiezo a leer forms vdintermovim.frm
02 16:33:09:315 Termino parse forms vdintermovim.frm
02 16:33:09:317 Ejecutando interfase VDINTERMOVIM
02 16:35:09:330 Empiezo a leer forms vdintermovim.frm
02 16:35:09:337 Termino parse forms vdintermovim.frm
02 16:35:09:339 Ejecutando interfase VDINTERMOVIM
02 16:37:09:362 Empiezo a leer forms vdintermovim.frm
02 16:37:09:365 Termino parse forms vdintermovim.frm
02 16:37:09:377 Ejecutando interfase VDINTERMOVIM
02 16:39:09:405 Empiezo a leer forms vdintermovim.frm
02 16:39:09:410 Termino parse forms vdintermovim.frm
02 16:39:09:410 Ejecutando interfase VDINTERMOVIM
02 16:41:09:424 Empiezo a leer forms vdintermovim.frm
02 16:41:09:427 Termino parse forms vdintermovim.frm
02 16:41:09:427 Ejecutando interfase VDINTERMOVIM
02 16:43:09:432 Empiezo a leer forms vdintermovim.frm
02 16:43:09:440 Termino parse forms vdintermovim.frm
02 16:43:09:440 Ejecutando interfase VDINTERMOVIM
02 16:45:09:457 Empiezo a leer forms vdintermovim.frm
02 16:45:09:462 Termino parse forms vdintermovim.frm
02 16:45:09:462 Ejecutando interfase VDINTERMOVIM
02 16:47:09:475 Empiezo a leer forms vdintermovim.frm
02 16:47:09:479 Termino parse forms vdintermovim.frm
02 16:47:09:480 Ejecutando interfase VDINTERMOVIM
02 16:49:09:497 Empiezo a leer forms vdintermovim.frm
02 16:49:09:504 Termino parse forms vdintermovim.frm
02 16:49:09:505 Ejecutando interfase VDINTERMOVIM
02 16:51:09:520 Empiezo a leer forms vdintermovim.frm
02 16:51:09:525 Termino parse forms vdintermovim.frm
02 16:51:09:525 Ejecutando interfase VDINTERMOVIM
02 16:53:09:547 Empiezo a leer forms vdintermovim.frm
02 16:53:09:552 Termino parse forms vdintermovim.frm
02 16:53:09:554 Ejecutando interfase VDINTERMOVIM
02 16:55:09:567 Empiezo a leer forms vdintermovim.frm
02 16:55:09:572 Termino parse forms vdintermovim.frm
02 16:55:09:572 Ejecutando interfase VDINTERMOVIM
02 16:57:09:584 Empiezo a leer forms vdintermovim.frm
02 16:57:09:589 Termino parse forms vdintermovim.frm
02 16:57:09:590 Ejecutando interfase VDINTERMOVIM
02 16:59:09:602 Empiezo a leer forms vdintermovim.frm
02 16:59:09:607 Termino parse forms vdintermovim.frm
02 16:59:09:609 Ejecutando interfase VDINTERMOVIM
02 17:01:09:632 Empiezo a leer forms vdintermovim.frm
02 17:01:09:637 Termino parse forms vdintermovim.frm
02 17:01:09:639 Ejecutando interfase VDINTERMOVIM
02 17:03:09:660 Empiezo a leer forms vdintermovim.frm
02 17:03:09:665 Termino parse forms vdintermovim.frm
02 17:03:09:665 Ejecutando interfase VDINTERMOVIM
02 17:05:09:687 Empiezo a leer forms vdintermovim.frm
02 17:05:09:690 Termino parse forms vdintermovim.frm
02 17:05:09:690 Ejecutando interfase VDINTERMOVIM
02 17:07:09:707 Empiezo a leer forms vdintermovim.frm
02 17:07:09:712 Termino parse forms vdintermovim.frm
02 17:07:09:712 Ejecutando interfase VDINTERMOVIM
02 17:09:09:724 Empiezo a leer forms vdintermovim.frm
02 17:09:09:730 Termino parse forms vdintermovim.frm
02 17:09:09:730 Ejecutando interfase VDINTERMOVIM
02 17:11:09:745 Empiezo a leer forms vdintermovim.frm
02 17:11:09:750 Termino parse forms vdintermovim.frm
02 17:11:09:750 Ejecutando interfase VDINTERMOVIM
02 17:13:09:770 Empiezo a leer forms vdintermovim.frm
02 17:13:09:777 Termino parse forms vdintermovim.frm
02 17:13:09:777 Ejecutando interfase VDINTERMOVIM
02 17:15:09:797 Empiezo a leer forms vdintermovim.frm
02 17:15:09:804 Termino parse forms vdintermovim.frm
02 17:15:09:804 Ejecutando interfase VDINTERMOVIM
02 17:17:09:817 Empiezo a leer forms vdintermovim.frm
02 17:17:09:822 Termino parse forms vdintermovim.frm
02 17:17:09:824 Ejecutando interfase VDINTERMOVIM
02 17:19:09:845 Empiezo a leer forms vdintermovim.frm
02 17:19:09:850 Termino parse forms vdintermovim.frm
02 17:19:09:850 Ejecutando interfase VDINTERMOVIM
02 17:21:09:874 Empiezo a leer forms vdintermovim.frm
02 17:21:09:877 Termino parse forms vdintermovim.frm
02 17:21:09:879 Ejecutando interfase VDINTERMOVIM
02 17:23:09:892 Empiezo a leer forms vdintermovim.frm
02 17:23:09:897 Termino parse forms vdintermovim.frm
02 17:23:09:897 Ejecutando interfase VDINTERMOVIM
02 17:25:09:909 Empiezo a leer forms vdintermovim.frm
02 17:25:09:915 Termino parse forms vdintermovim.frm
02 17:25:09:915 Ejecutando interfase VDINTERMOVIM
02 17:27:09:937 Empiezo a leer forms vdintermovim.frm
02 17:27:09:945 Termino parse forms vdintermovim.frm
02 17:27:09:945 Ejecutando interfase VDINTERMOVIM
02 17:29:09:959 Empiezo a leer forms vdintermovim.frm
02 17:29:09:965 Termino parse forms vdintermovim.frm
02 17:29:09:965 Ejecutando interfase VDINTERMOVIM
02 17:31:09:972 Empiezo a leer forms vdintermovim.frm
02 17:31:09:979 Termino parse forms vdintermovim.frm
02 17:31:09:979 Ejecutando interfase VDINTERMOVIM
02 17:33:09:997 Empiezo a leer forms vdintermovim.frm
02 17:33:10:002 Termino parse forms vdintermovim.frm
02 17:33:10:002 Ejecutando interfase VDINTERMOVIM
02 17:35:10:012 Empiezo a leer forms vdintermovim.frm
02 17:35:10:020 Termino parse forms vdintermovim.frm
02 17:35:10:020 Ejecutando interfase VDINTERMOVIM
02 17:37:10:040 Empiezo a leer forms vdintermovim.frm
02 17:37:10:044 Termino parse forms vdintermovim.frm
02 17:37:10:044 Ejecutando interfase VDINTERMOVIM
02 17:39:10:057 Empiezo a leer forms vdintermovim.frm
02 17:39:10:065 Termino parse forms vdintermovim.frm
02 17:39:10:065 Ejecutando interfase VDINTERMOVIM
02 17:41:10:080 Empiezo a leer forms vdintermovim.frm
02 17:41:10:087 Termino parse forms vdintermovim.frm
02 17:41:10:087 Ejecutando interfase VDINTERMOVIM
02 17:43:10:112 Empiezo a leer forms vdintermovim.frm
02 17:43:10:117 Termino parse forms vdintermovim.frm
02 17:43:10:117 Ejecutando interfase VDINTERMOVIM
02 17:45:10:135 Empiezo a leer forms vdintermovim.frm
02 17:45:10:137 Termino parse forms vdintermovim.frm
02 17:45:10:137 Ejecutando interfase VDINTERMOVIM
02 17:47:10:154 Empiezo a leer forms vdintermovim.frm
02 17:47:10:157 Termino parse forms vdintermovim.frm
02 17:47:10:157 Ejecutando interfase VDINTERMOVIM
02 17:49:10:170 Empiezo a leer forms vdintermovim.frm
02 17:49:10:175 Termino parse forms vdintermovim.frm
02 17:49:10:175 Ejecutando interfase VDINTERMOVIM
02 17:51:10:194 Empiezo a leer forms vdintermovim.frm
02 17:51:10:199 Termino parse forms vdintermovim.frm
02 17:51:10:200 Ejecutando interfase VDINTERMOVIM
02 17:53:10:215 Empiezo a leer forms vdintermovim.frm
02 17:53:10:220 Termino parse forms vdintermovim.frm
02 17:53:10:220 Ejecutando interfase VDINTERMOVIM
02 17:55:10:239 Empiezo a leer forms vdintermovim.frm
02 17:55:10:244 Termino parse forms vdintermovim.frm
02 17:55:10:244 Ejecutando interfase VDINTERMOVIM
02 17:57:10:264 Empiezo a leer forms vdintermovim.frm
02 17:57:10:267 Termino parse forms vdintermovim.frm
02 17:57:10:267 Ejecutando interfase VDINTERMOVIM

00 17:57:51:345 Fichero de log cerrado.

