00 11:41:47:025 Fichero de log abierto PID 1048

02 11:41:47:027 Intentando abrir fichero v10.ini
02 11:41:47:032 Cargando driver v10oracle funcion damedriveroracle
02 11:41:47:785 Conectado a base de datos
02 11:41:47:787 Proceso ENVIOMOVIM encontrado en tabla VDPROCESOS
02 11:41:50:630 Proceso ENVIOMOVIM cargado con función interfasesalida (Librería VDINTERFASES.DLL) direccion 0650CC80
02 11:41:50:634 PLSQL: INICIALIZADO PAQUETE DE LOG EL DIA 04-07-2022
02 11:41:50:652 Actualizado SID 501 SERIAL 23301 del proceso con PID 1048
00 11:41:50:674 Error al abrir fichero VDST.H
02 11:41:50:680 Empiezo a leer forms vdintermovim.frm
02 11:41:50:692 Termino parse forms vdintermovim.frm
02 11:41:50:692 Ejecutando interfase VDINTERMOVIM
02 11:43:50:719 Empiezo a leer forms vdintermovim.frm
02 11:43:50:724 Termino parse forms vdintermovim.frm
02 11:43:50:724 Ejecutando interfase VDINTERMOVIM
02 11:45:50:740 Empiezo a leer forms vdintermovim.frm
02 11:45:50:740 Termino parse forms vdintermovim.frm
02 11:45:50:740 Ejecutando interfase VDINTERMOVIM
02 11:47:50:762 Empiezo a leer forms vdintermovim.frm
02 11:47:50:767 Termino parse forms vdintermovim.frm
02 11:47:50:767 Ejecutando interfase VDINTERMOVIM
02 11:49:50:779 Empiezo a leer forms vdintermovim.frm
02 11:49:50:779 Termino parse forms vdintermovim.frm
02 11:49:50:779 Ejecutando interfase VDINTERMOVIM
02 11:51:50:799 Empiezo a leer forms vdintermovim.frm
02 11:51:50:799 Termino parse forms vdintermovim.frm
02 11:51:50:799 Ejecutando interfase VDINTERMOVIM
02 11:53:50:824 Empiezo a leer forms vdintermovim.frm
02 11:53:50:829 Termino parse forms vdintermovim.frm
02 11:53:50:829 Ejecutando interfase VDINTERMOVIM
02 11:55:50:855 Empiezo a leer forms vdintermovim.frm
02 11:55:50:855 Termino parse forms vdintermovim.frm
02 11:55:50:855 Ejecutando interfase VDINTERMOVIM
02 11:57:50:879 Empiezo a leer forms vdintermovim.frm
02 11:57:50:887 Termino parse forms vdintermovim.frm
02 11:57:50:887 Ejecutando interfase VDINTERMOVIM
02 11:59:50:895 Empiezo a leer forms vdintermovim.frm
02 11:59:50:895 Termino parse forms vdintermovim.frm
02 11:59:50:895 Ejecutando interfase VDINTERMOVIM
02 12:01:50:929 Empiezo a leer forms vdintermovim.frm
02 12:01:50:932 Termino parse forms vdintermovim.frm
02 12:01:50:932 Ejecutando interfase VDINTERMOVIM
02 12:03:50:947 Empiezo a leer forms vdintermovim.frm
02 12:03:50:950 Termino parse forms vdintermovim.frm
02 12:03:50:950 Ejecutando interfase VDINTERMOVIM
02 12:05:50:957 Empiezo a leer forms vdintermovim.frm
02 12:05:50:957 Termino parse forms vdintermovim.frm
02 12:05:50:957 Ejecutando interfase VDINTERMOVIM
02 12:07:50:982 Empiezo a leer forms vdintermovim.frm
02 12:07:50:982 Termino parse forms vdintermovim.frm
02 12:07:50:982 Ejecutando interfase VDINTERMOVIM
02 12:09:50:992 Empiezo a leer forms vdintermovim.frm
02 12:09:50:992 Termino parse forms vdintermovim.frm
02 12:09:50:992 Ejecutando interfase VDINTERMOVIM
02 12:11:51:017 Empiezo a leer forms vdintermovim.frm
02 12:11:51:017 Termino parse forms vdintermovim.frm
02 12:11:51:017 Ejecutando interfase VDINTERMOVIM
02 12:13:51:042 Empiezo a leer forms vdintermovim.frm
02 12:13:51:042 Termino parse forms vdintermovim.frm
02 12:13:51:042 Ejecutando interfase VDINTERMOVIM
02 12:15:51:060 Empiezo a leer forms vdintermovim.frm
02 12:15:51:060 Termino parse forms vdintermovim.frm
02 12:15:51:060 Ejecutando interfase VDINTERMOVIM
02 12:17:51:082 Empiezo a leer forms vdintermovim.frm
02 12:17:51:082 Termino parse forms vdintermovim.frm
02 12:17:51:082 Ejecutando interfase VDINTERMOVIM
02 12:19:51:107 Empiezo a leer forms vdintermovim.frm
02 12:19:51:107 Termino parse forms vdintermovim.frm
02 12:19:51:107 Ejecutando interfase VDINTERMOVIM
02 12:21:51:132 Empiezo a leer forms vdintermovim.frm
02 12:21:51:132 Termino parse forms vdintermovim.frm
02 12:21:51:132 Ejecutando interfase VDINTERMOVIM
02 12:23:51:157 Empiezo a leer forms vdintermovim.frm
02 12:23:51:157 Termino parse forms vdintermovim.frm
02 12:23:51:157 Ejecutando interfase VDINTERMOVIM
02 12:25:51:169 Empiezo a leer forms vdintermovim.frm
02 12:25:51:169 Termino parse forms vdintermovim.frm
02 12:25:51:169 Ejecutando interfase VDINTERMOVIM
02 12:27:51:205 Empiezo a leer forms vdintermovim.frm
02 12:27:51:205 Termino parse forms vdintermovim.frm
02 12:27:51:205 Ejecutando interfase VDINTERMOVIM
02 12:29:51:219 Empiezo a leer forms vdintermovim.frm
02 12:29:51:224 Termino parse forms vdintermovim.frm
02 12:29:51:224 Ejecutando interfase VDINTERMOVIM
02 12:31:51:242 Empiezo a leer forms vdintermovim.frm
02 12:31:51:242 Termino parse forms vdintermovim.frm
02 12:31:51:242 Ejecutando interfase VDINTERMOVIM
02 12:33:51:267 Empiezo a leer forms vdintermovim.frm
02 12:33:51:267 Termino parse forms vdintermovim.frm
02 12:33:51:267 Ejecutando interfase VDINTERMOVIM
02 12:35:51:304 Empiezo a leer forms vdintermovim.frm
02 12:35:51:304 Termino parse forms vdintermovim.frm
02 12:35:51:304 Ejecutando interfase VDINTERMOVIM
02 12:37:51:322 Empiezo a leer forms vdintermovim.frm
02 12:37:51:322 Termino parse forms vdintermovim.frm
02 12:37:51:322 Ejecutando interfase VDINTERMOVIM
02 12:39:51:350 Empiezo a leer forms vdintermovim.frm
02 12:39:51:352 Termino parse forms vdintermovim.frm
02 12:39:51:352 Ejecutando interfase VDINTERMOVIM
02 12:41:51:372 Empiezo a leer forms vdintermovim.frm
02 12:41:51:375 Termino parse forms vdintermovim.frm
02 12:41:51:377 Ejecutando interfase VDINTERMOVIM
02 12:43:51:394 Empiezo a leer forms vdintermovim.frm
02 12:43:51:400 Termino parse forms vdintermovim.frm
02 12:43:51:400 Ejecutando interfase VDINTERMOVIM
02 12:45:51:412 Empiezo a leer forms vdintermovim.frm
02 12:45:51:417 Termino parse forms vdintermovim.frm
02 12:45:51:417 Ejecutando interfase VDINTERMOVIM
02 12:47:51:430 Empiezo a leer forms vdintermovim.frm
02 12:47:51:435 Termino parse forms vdintermovim.frm
02 12:47:51:435 Ejecutando interfase VDINTERMOVIM
02 12:49:51:445 Empiezo a leer forms vdintermovim.frm
02 12:49:51:447 Termino parse forms vdintermovim.frm
02 12:49:51:449 Ejecutando interfase VDINTERMOVIM
02 12:51:51:462 Empiezo a leer forms vdintermovim.frm
02 12:51:51:467 Termino parse forms vdintermovim.frm
02 12:51:51:467 Ejecutando interfase VDINTERMOVIM
02 12:53:51:479 Empiezo a leer forms vdintermovim.frm
02 12:53:51:482 Termino parse forms vdintermovim.frm
02 12:53:51:482 Ejecutando interfase VDINTERMOVIM
02 12:55:51:490 Empiezo a leer forms vdintermovim.frm
02 12:55:51:492 Termino parse forms vdintermovim.frm
02 12:55:51:492 Ejecutando interfase VDINTERMOVIM
02 12:57:51:512 Empiezo a leer forms vdintermovim.frm
02 12:57:51:515 Termino parse forms vdintermovim.frm
02 12:57:51:515 Ejecutando interfase VDINTERMOVIM
02 12:59:51:534 Empiezo a leer forms vdintermovim.frm
02 12:59:51:537 Termino parse forms vdintermovim.frm
02 12:59:51:537 Ejecutando interfase VDINTERMOVIM
02 13:01:51:545 Empiezo a leer forms vdintermovim.frm
02 13:01:51:552 Termino parse forms vdintermovim.frm
02 13:01:51:552 Ejecutando interfase VDINTERMOVIM
02 13:03:51:574 Empiezo a leer forms vdintermovim.frm
02 13:03:51:579 Termino parse forms vdintermovim.frm
02 13:03:51:579 Ejecutando interfase VDINTERMOVIM
02 13:05:51:600 Empiezo a leer forms vdintermovim.frm
02 13:05:51:605 Termino parse forms vdintermovim.frm
02 13:05:51:605 Ejecutando interfase VDINTERMOVIM
02 13:07:51:627 Empiezo a leer forms vdintermovim.frm
02 13:07:51:632 Termino parse forms vdintermovim.frm
02 13:07:51:632 Ejecutando interfase VDINTERMOVIM
02 13:09:51:642 Empiezo a leer forms vdintermovim.frm
02 13:09:51:647 Termino parse forms vdintermovim.frm
02 13:09:51:647 Ejecutando interfase VDINTERMOVIM
02 13:11:51:665 Empiezo a leer forms vdintermovim.frm
02 13:11:51:670 Termino parse forms vdintermovim.frm
02 13:11:51:672 Ejecutando interfase VDINTERMOVIM
02 13:13:51:685 Empiezo a leer forms vdintermovim.frm
02 13:13:51:690 Termino parse forms vdintermovim.frm
02 13:13:51:690 Ejecutando interfase VDINTERMOVIM
02 13:15:51:705 Empiezo a leer forms vdintermovim.frm
02 13:15:51:710 Termino parse forms vdintermovim.frm
02 13:15:51:710 Ejecutando interfase VDINTERMOVIM
02 13:17:51:729 Empiezo a leer forms vdintermovim.frm
02 13:17:51:734 Termino parse forms vdintermovim.frm
02 13:17:51:734 Ejecutando interfase VDINTERMOVIM
02 13:19:51:742 Empiezo a leer forms vdintermovim.frm
02 13:19:51:747 Termino parse forms vdintermovim.frm
02 13:19:51:747 Ejecutando interfase VDINTERMOVIM
02 13:21:51:770 Empiezo a leer forms vdintermovim.frm
02 13:21:51:775 Termino parse forms vdintermovim.frm
02 13:21:51:775 Ejecutando interfase VDINTERMOVIM
02 13:23:51:792 Empiezo a leer forms vdintermovim.frm
02 13:23:51:795 Termino parse forms vdintermovim.frm
02 13:23:51:795 Ejecutando interfase VDINTERMOVIM
02 13:25:51:812 Empiezo a leer forms vdintermovim.frm
02 13:25:51:817 Termino parse forms vdintermovim.frm
02 13:25:51:819 Ejecutando interfase VDINTERMOVIM
02 13:27:51:827 Empiezo a leer forms vdintermovim.frm
02 13:27:51:832 Termino parse forms vdintermovim.frm
02 13:27:51:832 Ejecutando interfase VDINTERMOVIM
02 13:29:51:842 Empiezo a leer forms vdintermovim.frm
02 13:29:51:847 Termino parse forms vdintermovim.frm
02 13:29:51:847 Ejecutando interfase VDINTERMOVIM
02 13:31:51:869 Empiezo a leer forms vdintermovim.frm
02 13:31:51:870 Termino parse forms vdintermovim.frm
02 13:31:51:870 Ejecutando interfase VDINTERMOVIM
02 13:33:51:877 Empiezo a leer forms vdintermovim.frm
02 13:33:51:882 Termino parse forms vdintermovim.frm
02 13:33:51:882 Ejecutando interfase VDINTERMOVIM
02 13:35:51:897 Empiezo a leer forms vdintermovim.frm
02 13:35:51:902 Termino parse forms vdintermovim.frm
02 13:35:51:902 Ejecutando interfase VDINTERMOVIM
02 13:37:51:912 Empiezo a leer forms vdintermovim.frm
02 13:37:51:915 Termino parse forms vdintermovim.frm
02 13:37:51:915 Ejecutando interfase VDINTERMOVIM
02 13:39:51:932 Empiezo a leer forms vdintermovim.frm
02 13:39:51:937 Termino parse forms vdintermovim.frm
02 13:39:51:937 Ejecutando interfase VDINTERMOVIM
02 13:41:51:954 Empiezo a leer forms vdintermovim.frm
02 13:41:51:957 Termino parse forms vdintermovim.frm
02 13:41:51:957 Ejecutando interfase VDINTERMOVIM
02 13:43:51:965 Empiezo a leer forms vdintermovim.frm
02 13:43:51:970 Termino parse forms vdintermovim.frm
02 13:43:51:970 Ejecutando interfase VDINTERMOVIM
02 13:53:17:755 Empiezo a leer forms vdintermovim.frm
02 13:53:17:760 Termino parse forms vdintermovim.frm
02 13:53:17:760 Ejecutando interfase VDINTERMOVIM
02 13:55:17:782 Empiezo a leer forms vdintermovim.frm
02 13:55:17:785 Termino parse forms vdintermovim.frm
02 13:55:17:785 Ejecutando interfase VDINTERMOVIM
02 13:57:17:805 Empiezo a leer forms vdintermovim.frm
02 13:57:17:809 Termino parse forms vdintermovim.frm
02 13:57:17:810 Ejecutando interfase VDINTERMOVIM
02 13:59:17:819 Empiezo a leer forms vdintermovim.frm
02 13:59:17:824 Termino parse forms vdintermovim.frm
02 13:59:17:825 Ejecutando interfase VDINTERMOVIM
02 14:01:17:842 Empiezo a leer forms vdintermovim.frm
02 14:01:17:847 Termino parse forms vdintermovim.frm
02 14:01:17:847 Ejecutando interfase VDINTERMOVIM
02 14:03:17:855 Empiezo a leer forms vdintermovim.frm
02 14:03:17:860 Termino parse forms vdintermovim.frm
02 14:03:17:860 Ejecutando interfase VDINTERMOVIM
02 14:05:17:872 Empiezo a leer forms vdintermovim.frm
02 14:05:17:877 Termino parse forms vdintermovim.frm
02 14:05:17:877 Ejecutando interfase VDINTERMOVIM
02 14:07:17:894 Empiezo a leer forms vdintermovim.frm
02 14:07:17:897 Termino parse forms vdintermovim.frm
02 14:07:17:897 Ejecutando interfase VDINTERMOVIM
02 14:09:17:915 Empiezo a leer forms vdintermovim.frm
02 14:09:17:919 Termino parse forms vdintermovim.frm
02 14:09:17:919 Ejecutando interfase VDINTERMOVIM
02 14:11:17:930 Empiezo a leer forms vdintermovim.frm
02 14:11:17:935 Termino parse forms vdintermovim.frm
02 14:11:17:935 Ejecutando interfase VDINTERMOVIM
02 14:13:17:942 Empiezo a leer forms vdintermovim.frm
02 14:13:17:945 Termino parse forms vdintermovim.frm
02 14:13:17:945 Ejecutando interfase VDINTERMOVIM
02 14:15:17:957 Empiezo a leer forms vdintermovim.frm
02 14:15:17:962 Termino parse forms vdintermovim.frm
02 14:15:17:962 Ejecutando interfase VDINTERMOVIM
02 14:17:17:972 Empiezo a leer forms vdintermovim.frm
02 14:17:17:977 Termino parse forms vdintermovim.frm
02 14:17:17:979 Ejecutando interfase VDINTERMOVIM
02 14:19:17:987 Empiezo a leer forms vdintermovim.frm
02 14:19:17:992 Termino parse forms vdintermovim.frm
02 14:19:17:992 Ejecutando interfase VDINTERMOVIM
02 14:21:18:020 Empiezo a leer forms vdintermovim.frm
02 14:21:18:022 Termino parse forms vdintermovim.frm
02 14:21:18:022 Ejecutando interfase VDINTERMOVIM
02 14:23:18:040 Empiezo a leer forms vdintermovim.frm
02 14:23:18:044 Termino parse forms vdintermovim.frm
02 14:23:18:044 Ejecutando interfase VDINTERMOVIM
02 14:25:18:059 Empiezo a leer forms vdintermovim.frm
02 14:25:18:064 Termino parse forms vdintermovim.frm
02 14:25:18:064 Ejecutando interfase VDINTERMOVIM
02 14:27:18:079 Empiezo a leer forms vdintermovim.frm
02 14:27:18:082 Termino parse forms vdintermovim.frm
02 14:27:18:082 Ejecutando interfase VDINTERMOVIM
02 14:29:18:090 Empiezo a leer forms vdintermovim.frm
02 14:29:18:094 Termino parse forms vdintermovim.frm
02 14:29:18:094 Ejecutando interfase VDINTERMOVIM
02 14:31:18:112 Empiezo a leer forms vdintermovim.frm
02 14:31:18:117 Termino parse forms vdintermovim.frm
02 14:31:18:117 Ejecutando interfase VDINTERMOVIM
02 14:33:18:137 Empiezo a leer forms vdintermovim.frm
02 14:33:18:142 Termino parse forms vdintermovim.frm
02 14:33:18:142 Ejecutando interfase VDINTERMOVIM
02 14:35:18:155 Empiezo a leer forms vdintermovim.frm
02 14:35:18:160 Termino parse forms vdintermovim.frm
02 14:35:18:160 Ejecutando interfase VDINTERMOVIM
02 14:37:18:172 Empiezo a leer forms vdintermovim.frm
02 14:37:18:175 Termino parse forms vdintermovim.frm
02 14:37:18:177 Ejecutando interfase VDINTERMOVIM
02 14:39:18:189 Empiezo a leer forms vdintermovim.frm
02 14:39:18:192 Termino parse forms vdintermovim.frm
02 14:39:18:192 Ejecutando interfase VDINTERMOVIM
02 14:41:18:209 Empiezo a leer forms vdintermovim.frm
02 14:41:18:214 Termino parse forms vdintermovim.frm
02 14:41:18:215 Ejecutando interfase VDINTERMOVIM
02 14:43:18:230 Empiezo a leer forms vdintermovim.frm
02 14:43:18:235 Termino parse forms vdintermovim.frm
02 14:43:18:235 Ejecutando interfase VDINTERMOVIM
02 14:45:18:250 Empiezo a leer forms vdintermovim.frm
02 14:45:18:255 Termino parse forms vdintermovim.frm
02 14:45:18:255 Ejecutando interfase VDINTERMOVIM
02 14:47:18:270 Empiezo a leer forms vdintermovim.frm
02 14:47:18:275 Termino parse forms vdintermovim.frm
02 14:47:18:275 Ejecutando interfase VDINTERMOVIM
02 14:49:18:295 Empiezo a leer forms vdintermovim.frm
02 14:49:18:299 Termino parse forms vdintermovim.frm
02 14:49:18:299 Ejecutando interfase VDINTERMOVIM
02 14:51:18:317 Empiezo a leer forms vdintermovim.frm
02 14:51:18:322 Termino parse forms vdintermovim.frm
02 14:51:18:324 Ejecutando interfase VDINTERMOVIM
02 14:53:18:330 Empiezo a leer forms vdintermovim.frm
02 14:53:18:337 Termino parse forms vdintermovim.frm
02 14:53:18:337 Ejecutando interfase VDINTERMOVIM
02 14:55:18:347 Empiezo a leer forms vdintermovim.frm
02 14:55:18:352 Termino parse forms vdintermovim.frm
02 14:55:18:352 Ejecutando interfase VDINTERMOVIM
02 14:57:18:362 Empiezo a leer forms vdintermovim.frm
02 14:57:18:367 Termino parse forms vdintermovim.frm
02 14:57:18:367 Ejecutando interfase VDINTERMOVIM
02 14:59:18:382 Empiezo a leer forms vdintermovim.frm
02 14:59:18:387 Termino parse forms vdintermovim.frm
02 14:59:18:387 Ejecutando interfase VDINTERMOVIM
02 15:01:18:409 Empiezo a leer forms vdintermovim.frm
02 15:01:18:412 Termino parse forms vdintermovim.frm
02 15:01:18:414 Ejecutando interfase VDINTERMOVIM
02 15:03:18:425 Empiezo a leer forms vdintermovim.frm
02 15:03:18:430 Termino parse forms vdintermovim.frm
02 15:03:18:430 Ejecutando interfase VDINTERMOVIM
02 15:05:18:442 Empiezo a leer forms vdintermovim.frm
02 15:05:18:447 Termino parse forms vdintermovim.frm
02 15:05:18:447 Ejecutando interfase VDINTERMOVIM
02 15:07:18:454 Empiezo a leer forms vdintermovim.frm
02 15:07:18:459 Termino parse forms vdintermovim.frm
02 15:07:18:459 Ejecutando interfase VDINTERMOVIM
02 15:09:18:470 Empiezo a leer forms vdintermovim.frm
02 15:09:18:474 Termino parse forms vdintermovim.frm
02 15:09:18:475 Ejecutando interfase VDINTERMOVIM
02 16:01:05:769 Empiezo a leer forms vdintermovim.frm
02 16:01:05:775 Termino parse forms vdintermovim.frm
02 16:01:05:775 Ejecutando interfase VDINTERMOVIM
02 16:03:05:784 Empiezo a leer forms vdintermovim.frm
02 16:03:05:787 Termino parse forms vdintermovim.frm
02 16:03:05:787 Ejecutando interfase VDINTERMOVIM
02 16:05:05:807 Empiezo a leer forms vdintermovim.frm
02 16:05:05:810 Termino parse forms vdintermovim.frm
02 16:05:05:810 Ejecutando interfase VDINTERMOVIM
02 16:07:05:830 Empiezo a leer forms vdintermovim.frm
02 16:07:05:835 Termino parse forms vdintermovim.frm
02 16:07:05:835 Ejecutando interfase VDINTERMOVIM
02 16:09:05:857 Empiezo a leer forms vdintermovim.frm
02 16:09:05:862 Termino parse forms vdintermovim.frm
02 16:09:05:862 Ejecutando interfase VDINTERMOVIM
02 16:11:05:885 Empiezo a leer forms vdintermovim.frm
02 16:11:05:889 Termino parse forms vdintermovim.frm
02 16:11:05:889 Ejecutando interfase VDINTERMOVIM
02 16:13:05:904 Empiezo a leer forms vdintermovim.frm
02 16:13:05:907 Termino parse forms vdintermovim.frm
02 16:13:05:907 Ejecutando interfase VDINTERMOVIM
02 16:15:05:924 Empiezo a leer forms vdintermovim.frm
02 16:15:05:927 Termino parse forms vdintermovim.frm
02 16:15:05:927 Ejecutando interfase VDINTERMOVIM
02 16:17:05:947 Empiezo a leer forms vdintermovim.frm
02 16:17:05:952 Termino parse forms vdintermovim.frm
02 16:17:05:952 Ejecutando interfase VDINTERMOVIM
02 16:19:05:965 Empiezo a leer forms vdintermovim.frm
02 16:19:05:970 Termino parse forms vdintermovim.frm
02 16:19:05:970 Ejecutando interfase VDINTERMOVIM
02 16:21:05:982 Empiezo a leer forms vdintermovim.frm
02 16:21:05:987 Termino parse forms vdintermovim.frm
02 16:21:05:987 Ejecutando interfase VDINTERMOVIM
02 16:23:06:000 Empiezo a leer forms vdintermovim.frm
02 16:23:06:005 Termino parse forms vdintermovim.frm
02 16:23:06:005 Ejecutando interfase VDINTERMOVIM
02 16:25:06:027 Empiezo a leer forms vdintermovim.frm
02 16:25:06:032 Termino parse forms vdintermovim.frm
02 16:25:06:034 Ejecutando interfase VDINTERMOVIM
02 16:27:06:050 Empiezo a leer forms vdintermovim.frm
02 16:27:06:054 Termino parse forms vdintermovim.frm
02 16:27:06:054 Ejecutando interfase VDINTERMOVIM

00 16:28:21:849 Fichero de log cerrado.

00 16:28:33:174 Fichero de log abierto PID 10480

02 16:28:33:177 Intentando abrir fichero v10.ini
02 16:28:33:184 Cargando driver v10oracle funcion damedriveroracle
02 16:28:33:992 Conectado a base de datos
02 16:28:33:994 Proceso ENVIOMOVIM encontrado en tabla VDPROCESOS
02 16:28:34:000 Proceso ENVIOMOVIM cargado con función interfasesalida (Librería VDINTERFASES.DLL) direccion 0606CC80
02 16:28:34:002 PLSQL: INICIALIZADO PAQUETE DE LOG EL DIA 04-07-2022
02 16:28:34:012 Actualizado SID 626 SERIAL 28074 del proceso con PID 10480
00 16:28:34:017 Error al abrir fichero VDST.H
02 16:28:34:017 Empiezo a leer forms vdintermovim.frm
02 16:28:34:034 Termino parse forms vdintermovim.frm
02 16:28:34:034 Ejecutando interfase VDINTERMOVIM
02 16:30:34:052 Empiezo a leer forms vdintermovim.frm
02 16:30:34:057 Termino parse forms vdintermovim.frm
02 16:30:34:057 Ejecutando interfase VDINTERMOVIM
02 16:32:34:070 Empiezo a leer forms vdintermovim.frm
02 16:32:34:075 Termino parse forms vdintermovim.frm
02 16:32:34:075 Ejecutando interfase VDINTERMOVIM
02 16:34:34:089 Empiezo a leer forms vdintermovim.frm
02 16:34:34:092 Termino parse forms vdintermovim.frm
02 16:34:34:092 Ejecutando interfase VDINTERMOVIM
02 16:36:34:107 Empiezo a leer forms vdintermovim.frm
02 16:36:34:110 Termino parse forms vdintermovim.frm
02 16:36:34:110 Ejecutando interfase VDINTERMOVIM
02 16:38:34:127 Empiezo a leer forms vdintermovim.frm
02 16:38:34:132 Termino parse forms vdintermovim.frm
02 16:38:34:134 Ejecutando interfase VDINTERMOVIM
02 16:40:34:147 Empiezo a leer forms vdintermovim.frm
02 16:40:34:150 Termino parse forms vdintermovim.frm
02 16:40:34:150 Ejecutando interfase VDINTERMOVIM
02 16:42:34:165 Empiezo a leer forms vdintermovim.frm
02 16:42:34:170 Termino parse forms vdintermovim.frm
02 16:42:34:170 Ejecutando interfase VDINTERMOVIM
02 16:44:34:184 Empiezo a leer forms vdintermovim.frm
02 16:44:34:189 Termino parse forms vdintermovim.frm
02 16:44:34:190 Ejecutando interfase VDINTERMOVIM
02 16:46:34:205 Empiezo a leer forms vdintermovim.frm
02 16:46:34:210 Termino parse forms vdintermovim.frm
02 16:46:34:210 Ejecutando interfase VDINTERMOVIM
02 16:48:34:222 Empiezo a leer forms vdintermovim.frm
02 16:48:34:229 Termino parse forms vdintermovim.frm
02 16:48:34:230 Ejecutando interfase VDINTERMOVIM
02 16:50:34:247 Empiezo a leer forms vdintermovim.frm
02 16:50:34:252 Termino parse forms vdintermovim.frm
02 16:50:34:254 Ejecutando interfase VDINTERMOVIM
02 16:52:34:262 Empiezo a leer forms vdintermovim.frm
02 16:52:34:267 Termino parse forms vdintermovim.frm
02 16:52:34:267 Ejecutando interfase VDINTERMOVIM
02 16:54:34:277 Empiezo a leer forms vdintermovim.frm
02 16:54:34:280 Termino parse forms vdintermovim.frm
02 16:54:34:280 Ejecutando interfase VDINTERMOVIM
02 16:56:34:300 Empiezo a leer forms vdintermovim.frm
02 16:56:34:305 Termino parse forms vdintermovim.frm
02 16:56:34:305 Ejecutando interfase VDINTERMOVIM
02 16:58:34:325 Empiezo a leer forms vdintermovim.frm
02 16:58:34:329 Termino parse forms vdintermovim.frm
02 16:58:34:330 Ejecutando interfase VDINTERMOVIM
02 17:00:34:350 Empiezo a leer forms vdintermovim.frm
02 17:00:34:355 Termino parse forms vdintermovim.frm
02 17:00:34:355 Ejecutando interfase VDINTERMOVIM
02 17:02:34:365 Empiezo a leer forms vdintermovim.frm
02 17:02:34:372 Termino parse forms vdintermovim.frm
02 17:02:34:372 Ejecutando interfase VDINTERMOVIM
02 17:04:34:384 Empiezo a leer forms vdintermovim.frm
02 17:04:34:387 Termino parse forms vdintermovim.frm
02 17:04:34:387 Ejecutando interfase VDINTERMOVIM
02 17:06:34:395 Empiezo a leer forms vdintermovim.frm
02 17:06:34:400 Termino parse forms vdintermovim.frm
02 17:06:34:400 Ejecutando interfase VDINTERMOVIM
02 17:08:34:422 Empiezo a leer forms vdintermovim.frm
02 17:08:34:425 Termino parse forms vdintermovim.frm
02 17:08:34:425 Ejecutando interfase VDINTERMOVIM
02 17:10:34:437 Empiezo a leer forms vdintermovim.frm
02 17:10:34:442 Termino parse forms vdintermovim.frm
02 17:10:34:442 Ejecutando interfase VDINTERMOVIM
02 17:12:34:462 Empiezo a leer forms vdintermovim.frm
02 17:12:34:467 Termino parse forms vdintermovim.frm
02 17:12:34:467 Ejecutando interfase VDINTERMOVIM
02 17:14:34:480 Empiezo a leer forms vdintermovim.frm
02 17:14:34:485 Termino parse forms vdintermovim.frm
02 17:14:34:485 Ejecutando interfase VDINTERMOVIM
02 17:16:34:505 Empiezo a leer forms vdintermovim.frm
02 17:16:34:510 Termino parse forms vdintermovim.frm
02 17:16:34:512 Ejecutando interfase VDINTERMOVIM
02 17:18:34:522 Empiezo a leer forms vdintermovim.frm
02 17:18:34:525 Termino parse forms vdintermovim.frm
02 17:18:34:525 Ejecutando interfase VDINTERMOVIM
02 17:20:34:529 Empiezo a leer forms vdintermovim.frm
02 17:20:34:535 Termino parse forms vdintermovim.frm
02 17:20:34:535 Ejecutando interfase VDINTERMOVIM
02 17:22:34:542 Empiezo a leer forms vdintermovim.frm
02 17:22:34:547 Termino parse forms vdintermovim.frm
02 17:22:34:547 Ejecutando interfase VDINTERMOVIM
02 17:24:34:560 Empiezo a leer forms vdintermovim.frm
02 17:24:34:562 Termino parse forms vdintermovim.frm
02 17:24:34:562 Ejecutando interfase VDINTERMOVIM
02 17:26:34:572 Empiezo a leer forms vdintermovim.frm
02 17:26:34:575 Termino parse forms vdintermovim.frm
02 17:26:34:575 Ejecutando interfase VDINTERMOVIM
02 17:28:34:592 Empiezo a leer forms vdintermovim.frm
02 17:28:34:599 Termino parse forms vdintermovim.frm
02 17:28:34:599 Ejecutando interfase VDINTERMOVIM
02 17:30:34:614 Empiezo a leer forms vdintermovim.frm
02 17:30:34:617 Termino parse forms vdintermovim.frm
02 17:30:34:617 Ejecutando interfase VDINTERMOVIM
02 17:32:34:634 Empiezo a leer forms vdintermovim.frm
02 17:32:34:639 Termino parse forms vdintermovim.frm
02 17:32:34:639 Ejecutando interfase VDINTERMOVIM
02 17:34:34:660 Empiezo a leer forms vdintermovim.frm
02 17:34:34:665 Termino parse forms vdintermovim.frm
02 17:34:34:665 Ejecutando interfase VDINTERMOVIM
02 17:36:34:680 Empiezo a leer forms vdintermovim.frm
02 17:36:34:685 Termino parse forms vdintermovim.frm
02 17:36:34:685 Ejecutando interfase VDINTERMOVIM
02 17:38:34:699 Empiezo a leer forms vdintermovim.frm
02 17:38:34:702 Termino parse forms vdintermovim.frm
02 17:38:34:702 Ejecutando interfase VDINTERMOVIM
02 17:40:34:715 Empiezo a leer forms vdintermovim.frm
02 17:40:34:720 Termino parse forms vdintermovim.frm
02 17:40:34:720 Ejecutando interfase VDINTERMOVIM
02 17:42:34:735 Empiezo a leer forms vdintermovim.frm
02 17:42:34:742 Termino parse forms vdintermovim.frm
02 17:42:34:742 Ejecutando interfase VDINTERMOVIM
02 17:44:34:754 Empiezo a leer forms vdintermovim.frm
02 17:44:34:759 Termino parse forms vdintermovim.frm
02 17:44:34:760 Ejecutando interfase VDINTERMOVIM
02 17:46:34:782 Empiezo a leer forms vdintermovim.frm
02 17:46:34:787 Termino parse forms vdintermovim.frm
02 17:46:34:787 Ejecutando interfase VDINTERMOVIM
02 17:48:34:807 Empiezo a leer forms vdintermovim.frm
02 17:48:34:810 Termino parse forms vdintermovim.frm
02 17:48:34:810 Ejecutando interfase VDINTERMOVIM
02 17:50:34:824 Empiezo a leer forms vdintermovim.frm
02 17:50:34:829 Termino parse forms vdintermovim.frm
02 17:50:34:830 Ejecutando interfase VDINTERMOVIM
02 17:52:34:844 Empiezo a leer forms vdintermovim.frm
02 17:52:34:850 Termino parse forms vdintermovim.frm
02 17:52:34:850 Ejecutando interfase VDINTERMOVIM
02 17:54:34:865 Empiezo a leer forms vdintermovim.frm
02 17:54:34:870 Termino parse forms vdintermovim.frm
02 17:54:34:870 Ejecutando interfase VDINTERMOVIM
02 17:56:34:882 Empiezo a leer forms vdintermovim.frm
02 17:56:34:887 Termino parse forms vdintermovim.frm
02 17:56:34:887 Ejecutando interfase VDINTERMOVIM

00 17:57:33:834 Fichero de log cerrado.

