00 09:03:09:415 Fichero de log abierto PID 12024

02 09:03:09:417 Intentando abrir fichero v10.ini
02 09:03:09:423 Cargando driver v10oracle funcion damedriveroracle
02 09:03:10:253 Conectado a base de datos
02 09:03:10:255 Proceso ENVIOREDUR encontrado en tabla VDPROCESOS
02 09:03:10:262 Proceso ENVIOREDUR cargado con función interfasesalida (Librería VDINTERFASES.DLL) direccion 06A3CC80
02 09:03:10:263 PLSQL: INICIALIZADO PAQUETE DE LOG EL DIA 18-03-2022
02 09:03:10:273 Actualizado SID 746 SERIAL 33871 del proceso con PID 12024
00 09:03:10:278 Error al abrir fichero VDST.H
02 09:03:10:288 Empiezo a leer forms vdinterageredur.frm
02 09:03:10:327 Termino parse forms vdinterageredur.frm
02 09:03:10:327 Ejecutando interfase VDINTERAGEREDUR
02 09:05:10:347 Empiezo a leer forms vdinterageredur.frm
02 09:05:10:353 Termino parse forms vdinterageredur.frm
02 09:05:10:353 Ejecutando interfase VDINTERAGEREDUR
02 09:07:10:370 Empiezo a leer forms vdinterageredur.frm
02 09:07:10:381 Termino parse forms vdinterageredur.frm
02 09:07:10:381 Ejecutando interfase VDINTERAGEREDUR
02 09:09:10:400 Empiezo a leer forms vdinterageredur.frm
02 09:09:10:407 Termino parse forms vdinterageredur.frm
02 09:09:10:407 Ejecutando interfase VDINTERAGEREDUR
02 09:11:10:421 Empiezo a leer forms vdinterageredur.frm
02 09:11:10:433 Termino parse forms vdinterageredur.frm
02 09:11:10:433 Ejecutando interfase VDINTERAGEREDUR
02 09:13:10:456 Empiezo a leer forms vdinterageredur.frm
02 09:13:10:463 Termino parse forms vdinterageredur.frm
02 09:13:10:463 Ejecutando interfase VDINTERAGEREDUR
02 09:15:10:483 Empiezo a leer forms vdinterageredur.frm
02 09:15:10:492 Termino parse forms vdinterageredur.frm
02 09:15:10:492 Ejecutando interfase VDINTERAGEREDUR
02 09:17:10:502 Empiezo a leer forms vdinterageredur.frm
02 09:17:10:507 Termino parse forms vdinterageredur.frm
02 09:17:10:507 Ejecutando interfase VDINTERAGEREDUR
02 09:19:10:516 Empiezo a leer forms vdinterageredur.frm
02 09:19:10:527 Termino parse forms vdinterageredur.frm
02 09:19:10:527 Ejecutando interfase VDINTERAGEREDUR
02 09:21:10:541 Empiezo a leer forms vdinterageredur.frm
02 09:21:10:550 Termino parse forms vdinterageredur.frm
02 09:21:10:550 Ejecutando interfase VDINTERAGEREDUR
02 09:23:10:572 Empiezo a leer forms vdinterageredur.frm
02 09:23:10:583 Termino parse forms vdinterageredur.frm
02 09:23:10:583 Ejecutando interfase VDINTERAGEREDUR
02 09:25:10:595 Empiezo a leer forms vdinterageredur.frm
02 09:25:10:602 Termino parse forms vdinterageredur.frm
02 09:25:10:602 Ejecutando interfase VDINTERAGEREDUR
02 09:27:10:617 Empiezo a leer forms vdinterageredur.frm
02 09:27:10:625 Termino parse forms vdinterageredur.frm
02 09:27:10:625 Ejecutando interfase VDINTERAGEREDUR
02 09:29:10:642 Empiezo a leer forms vdinterageredur.frm
02 09:29:10:650 Termino parse forms vdinterageredur.frm
02 09:29:10:651 Ejecutando interfase VDINTERAGEREDUR
02 09:31:10:672 Empiezo a leer forms vdinterageredur.frm
02 09:31:10:687 Termino parse forms vdinterageredur.frm
02 09:31:10:687 Ejecutando interfase VDINTERAGEREDUR
02 09:33:10:702 Empiezo a leer forms vdinterageredur.frm
02 09:33:10:713 Termino parse forms vdinterageredur.frm
02 09:33:10:713 Ejecutando interfase VDINTERAGEREDUR
02 09:35:10:727 Empiezo a leer forms vdinterageredur.frm
02 09:35:10:737 Termino parse forms vdinterageredur.frm
02 09:35:10:737 Ejecutando interfase VDINTERAGEREDUR
02 09:37:10:747 Empiezo a leer forms vdinterageredur.frm
02 09:37:10:761 Termino parse forms vdinterageredur.frm
02 09:37:10:761 Ejecutando interfase VDINTERAGEREDUR
02 09:39:10:776 Empiezo a leer forms vdinterageredur.frm
02 09:39:10:786 Termino parse forms vdinterageredur.frm
02 09:39:10:787 Ejecutando interfase VDINTERAGEREDUR
02 09:41:10:803 Empiezo a leer forms vdinterageredur.frm
02 09:41:10:816 Termino parse forms vdinterageredur.frm
02 09:41:10:816 Ejecutando interfase VDINTERAGEREDUR
02 09:43:10:828 Empiezo a leer forms vdinterageredur.frm
02 09:43:10:841 Termino parse forms vdinterageredur.frm
02 09:43:10:841 Ejecutando interfase VDINTERAGEREDUR
02 09:45:10:863 Empiezo a leer forms vdinterageredur.frm
02 09:45:10:876 Termino parse forms vdinterageredur.frm
02 09:45:10:876 Ejecutando interfase VDINTERAGEREDUR
02 09:47:10:891 Empiezo a leer forms vdinterageredur.frm
02 09:47:10:900 Termino parse forms vdinterageredur.frm
02 09:47:10:900 Ejecutando interfase VDINTERAGEREDUR
02 09:49:10:918 Empiezo a leer forms vdinterageredur.frm
02 09:49:10:932 Termino parse forms vdinterageredur.frm
02 09:49:10:932 Ejecutando interfase VDINTERAGEREDUR
02 09:51:10:945 Empiezo a leer forms vdinterageredur.frm
02 09:51:10:952 Termino parse forms vdinterageredur.frm
02 09:51:10:952 Ejecutando interfase VDINTERAGEREDUR
02 09:53:10:958 Empiezo a leer forms vdinterageredur.frm
02 09:53:10:967 Termino parse forms vdinterageredur.frm
02 09:53:10:968 Ejecutando interfase VDINTERAGEREDUR
02 09:55:10:990 Empiezo a leer forms vdinterageredur.frm
02 09:55:11:002 Termino parse forms vdinterageredur.frm
02 09:55:11:002 Ejecutando interfase VDINTERAGEREDUR
02 09:57:11:017 Empiezo a leer forms vdinterageredur.frm
02 09:57:11:031 Termino parse forms vdinterageredur.frm
02 09:57:11:031 Ejecutando interfase VDINTERAGEREDUR
02 09:59:11:047 Empiezo a leer forms vdinterageredur.frm
02 09:59:11:061 Termino parse forms vdinterageredur.frm
02 09:59:11:062 Ejecutando interfase VDINTERAGEREDUR
02 10:01:11:077 Empiezo a leer forms vdinterageredur.frm
02 10:01:11:085 Termino parse forms vdinterageredur.frm
02 10:01:11:085 Ejecutando interfase VDINTERAGEREDUR
02 10:03:11:095 Empiezo a leer forms vdinterageredur.frm
02 10:03:11:108 Termino parse forms vdinterageredur.frm
02 10:03:11:108 Ejecutando interfase VDINTERAGEREDUR
02 10:05:11:131 Empiezo a leer forms vdinterageredur.frm
02 10:05:11:142 Termino parse forms vdinterageredur.frm
02 10:05:11:142 Ejecutando interfase VDINTERAGEREDUR
02 10:07:11:166 Empiezo a leer forms vdinterageredur.frm
02 10:07:11:178 Termino parse forms vdinterageredur.frm
02 10:07:11:178 Ejecutando interfase VDINTERAGEREDUR
02 10:09:11:195 Empiezo a leer forms vdinterageredur.frm
02 10:09:11:212 Termino parse forms vdinterageredur.frm
02 10:09:11:212 Ejecutando interfase VDINTERAGEREDUR
02 10:11:11:235 Empiezo a leer forms vdinterageredur.frm
02 10:11:11:242 Termino parse forms vdinterageredur.frm
02 10:11:11:242 Ejecutando interfase VDINTERAGEREDUR
02 10:13:11:262 Empiezo a leer forms vdinterageredur.frm
02 10:13:11:278 Termino parse forms vdinterageredur.frm
02 10:13:11:278 Ejecutando interfase VDINTERAGEREDUR
02 10:15:11:302 Empiezo a leer forms vdinterageredur.frm
02 10:15:11:315 Termino parse forms vdinterageredur.frm
02 10:15:11:315 Ejecutando interfase VDINTERAGEREDUR
02 10:17:11:322 Empiezo a leer forms vdinterageredur.frm
02 10:17:11:331 Termino parse forms vdinterageredur.frm
02 10:17:11:331 Ejecutando interfase VDINTERAGEREDUR
02 10:19:11:346 Empiezo a leer forms vdinterageredur.frm
02 10:19:11:360 Termino parse forms vdinterageredur.frm
02 10:19:11:361 Ejecutando interfase VDINTERAGEREDUR
02 10:21:11:371 Empiezo a leer forms vdinterageredur.frm
02 10:21:11:383 Termino parse forms vdinterageredur.frm
02 10:21:11:385 Ejecutando interfase VDINTERAGEREDUR
02 10:23:11:401 Empiezo a leer forms vdinterageredur.frm
02 10:23:11:412 Termino parse forms vdinterageredur.frm
02 10:23:11:413 Ejecutando interfase VDINTERAGEREDUR
02 10:25:11:431 Empiezo a leer forms vdinterageredur.frm
02 10:25:11:443 Termino parse forms vdinterageredur.frm
02 10:25:11:443 Ejecutando interfase VDINTERAGEREDUR
02 10:27:11:456 Empiezo a leer forms vdinterageredur.frm
02 10:27:11:467 Termino parse forms vdinterageredur.frm
02 10:27:11:467 Ejecutando interfase VDINTERAGEREDUR
02 10:29:11:485 Empiezo a leer forms vdinterageredur.frm
02 10:29:11:495 Termino parse forms vdinterageredur.frm
02 10:29:11:496 Ejecutando interfase VDINTERAGEREDUR
02 10:31:11:508 Empiezo a leer forms vdinterageredur.frm
02 10:31:11:522 Termino parse forms vdinterageredur.frm
02 10:31:11:522 Ejecutando interfase VDINTERAGEREDUR
02 10:33:11:543 Empiezo a leer forms vdinterageredur.frm
02 10:33:11:550 Termino parse forms vdinterageredur.frm
02 10:33:11:550 Ejecutando interfase VDINTERAGEREDUR
02 10:35:11:561 Empiezo a leer forms vdinterageredur.frm
02 10:35:11:577 Termino parse forms vdinterageredur.frm
02 10:35:11:577 Ejecutando interfase VDINTERAGEREDUR
02 10:37:11:597 Empiezo a leer forms vdinterageredur.frm
02 10:37:11:610 Termino parse forms vdinterageredur.frm
02 10:37:11:610 Ejecutando interfase VDINTERAGEREDUR
02 10:39:11:627 Empiezo a leer forms vdinterageredur.frm
02 10:39:11:640 Termino parse forms vdinterageredur.frm
02 10:39:11:640 Ejecutando interfase VDINTERAGEREDUR
02 10:41:11:651 Empiezo a leer forms vdinterageredur.frm
02 10:41:11:662 Termino parse forms vdinterageredur.frm
02 10:41:11:663 Ejecutando interfase VDINTERAGEREDUR
02 10:43:11:682 Empiezo a leer forms vdinterageredur.frm
02 10:43:11:692 Termino parse forms vdinterageredur.frm
02 10:43:11:692 Ejecutando interfase VDINTERAGEREDUR
02 10:45:11:710 Empiezo a leer forms vdinterageredur.frm
02 10:45:11:717 Termino parse forms vdinterageredur.frm
02 10:45:11:717 Ejecutando interfase VDINTERAGEREDUR
02 10:47:11:727 Empiezo a leer forms vdinterageredur.frm
02 10:47:11:738 Termino parse forms vdinterageredur.frm
02 10:47:11:738 Ejecutando interfase VDINTERAGEREDUR
02 10:49:11:755 Empiezo a leer forms vdinterageredur.frm
02 10:49:11:770 Termino parse forms vdinterageredur.frm
02 10:49:11:771 Ejecutando interfase VDINTERAGEREDUR
02 10:51:11:782 Empiezo a leer forms vdinterageredur.frm
02 10:51:11:796 Termino parse forms vdinterageredur.frm
02 10:51:11:797 Ejecutando interfase VDINTERAGEREDUR
02 10:53:11:811 Empiezo a leer forms vdinterageredur.frm
02 10:53:11:818 Termino parse forms vdinterageredur.frm
02 10:53:11:820 Ejecutando interfase VDINTERAGEREDUR
02 10:55:11:842 Empiezo a leer forms vdinterageredur.frm
02 10:55:11:852 Termino parse forms vdinterageredur.frm
02 10:55:11:852 Ejecutando interfase VDINTERAGEREDUR
02 10:57:11:870 Empiezo a leer forms vdinterageredur.frm
02 10:57:11:886 Termino parse forms vdinterageredur.frm
02 10:57:11:887 Ejecutando interfase VDINTERAGEREDUR
02 10:59:11:905 Empiezo a leer forms vdinterageredur.frm
02 10:59:11:920 Termino parse forms vdinterageredur.frm
02 10:59:11:920 Ejecutando interfase VDINTERAGEREDUR
02 11:01:11:932 Empiezo a leer forms vdinterageredur.frm
02 11:01:11:942 Termino parse forms vdinterageredur.frm
02 11:01:11:942 Ejecutando interfase VDINTERAGEREDUR
02 11:03:11:962 Empiezo a leer forms vdinterageredur.frm
02 11:03:11:967 Termino parse forms vdinterageredur.frm
02 11:03:11:967 Ejecutando interfase VDINTERAGEREDUR
02 11:05:11:991 Empiezo a leer forms vdinterageredur.frm
02 11:05:12:007 Termino parse forms vdinterageredur.frm
02 11:05:12:007 Ejecutando interfase VDINTERAGEREDUR
02 11:07:12:018 Empiezo a leer forms vdinterageredur.frm
02 11:07:12:031 Termino parse forms vdinterageredur.frm
02 11:07:12:032 Ejecutando interfase VDINTERAGEREDUR
02 11:28:29:965 Empiezo a leer forms vdinterageredur.frm
02 11:28:29:972 Termino parse forms vdinterageredur.frm
02 11:28:29:972 Ejecutando interfase VDINTERAGEREDUR
02 11:30:30:797 Empiezo a leer forms vdinterageredur.frm
02 11:30:30:807 Termino parse forms vdinterageredur.frm
02 11:30:30:807 Ejecutando interfase VDINTERAGEREDUR
02 11:32:30:818 Empiezo a leer forms vdinterageredur.frm
02 11:32:30:832 Termino parse forms vdinterageredur.frm
02 11:32:30:832 Ejecutando interfase VDINTERAGEREDUR
02 11:34:30:853 Empiezo a leer forms vdinterageredur.frm
02 11:34:30:867 Termino parse forms vdinterageredur.frm
02 11:34:30:867 Ejecutando interfase VDINTERAGEREDUR
02 11:36:30:890 Empiezo a leer forms vdinterageredur.frm
02 11:36:30:900 Termino parse forms vdinterageredur.frm
02 11:36:30:901 Ejecutando interfase VDINTERAGEREDUR
02 11:38:30:913 Empiezo a leer forms vdinterageredur.frm
02 11:38:30:930 Termino parse forms vdinterageredur.frm
02 11:38:30:930 Ejecutando interfase VDINTERAGEREDUR
02 11:40:30:945 Empiezo a leer forms vdinterageredur.frm
02 11:40:30:960 Termino parse forms vdinterageredur.frm
02 11:40:30:960 Ejecutando interfase VDINTERAGEREDUR
02 11:42:30:982 Empiezo a leer forms vdinterageredur.frm
02 11:42:30:990 Termino parse forms vdinterageredur.frm
02 11:42:30:990 Ejecutando interfase VDINTERAGEREDUR
02 11:44:31:010 Empiezo a leer forms vdinterageredur.frm
02 11:44:31:027 Termino parse forms vdinterageredur.frm
02 11:44:31:027 Ejecutando interfase VDINTERAGEREDUR
02 11:46:31:040 Empiezo a leer forms vdinterageredur.frm
02 11:46:31:052 Termino parse forms vdinterageredur.frm
02 11:46:31:052 Ejecutando interfase VDINTERAGEREDUR
02 11:48:31:067 Empiezo a leer forms vdinterageredur.frm
02 11:48:31:082 Termino parse forms vdinterageredur.frm
02 11:48:31:082 Ejecutando interfase VDINTERAGEREDUR
02 11:50:31:102 Empiezo a leer forms vdinterageredur.frm
02 11:50:31:112 Termino parse forms vdinterageredur.frm
02 11:50:31:112 Ejecutando interfase VDINTERAGEREDUR
02 11:52:31:122 Empiezo a leer forms vdinterageredur.frm
02 11:52:31:137 Termino parse forms vdinterageredur.frm
02 11:52:31:137 Ejecutando interfase VDINTERAGEREDUR
02 11:54:31:160 Empiezo a leer forms vdinterageredur.frm
02 11:54:31:175 Termino parse forms vdinterageredur.frm
02 11:54:31:175 Ejecutando interfase VDINTERAGEREDUR
02 11:56:31:187 Empiezo a leer forms vdinterageredur.frm
02 11:56:31:199 Termino parse forms vdinterageredur.frm
02 11:56:31:199 Ejecutando interfase VDINTERAGEREDUR
02 11:58:31:210 Empiezo a leer forms vdinterageredur.frm
02 11:58:31:220 Termino parse forms vdinterageredur.frm
02 11:58:31:220 Ejecutando interfase VDINTERAGEREDUR
02 12:00:31:230 Empiezo a leer forms vdinterageredur.frm
02 12:00:31:239 Termino parse forms vdinterageredur.frm
02 12:00:31:239 Ejecutando interfase VDINTERAGEREDUR
02 12:02:31:259 Empiezo a leer forms vdinterageredur.frm
02 12:02:31:272 Termino parse forms vdinterageredur.frm
02 12:02:31:272 Ejecutando interfase VDINTERAGEREDUR
02 12:04:31:289 Empiezo a leer forms vdinterageredur.frm
02 12:04:31:300 Termino parse forms vdinterageredur.frm
02 12:04:31:300 Ejecutando interfase VDINTERAGEREDUR
02 12:06:31:312 Empiezo a leer forms vdinterageredur.frm
02 12:06:31:322 Termino parse forms vdinterageredur.frm
02 12:06:31:322 Ejecutando interfase VDINTERAGEREDUR
02 12:08:31:339 Empiezo a leer forms vdinterageredur.frm
02 12:08:31:352 Termino parse forms vdinterageredur.frm
02 12:08:31:352 Ejecutando interfase VDINTERAGEREDUR
02 12:10:31:374 Empiezo a leer forms vdinterageredur.frm
02 12:10:31:384 Termino parse forms vdinterageredur.frm
02 12:10:31:384 Ejecutando interfase VDINTERAGEREDUR
02 12:12:31:392 Empiezo a leer forms vdinterageredur.frm
02 12:12:31:407 Termino parse forms vdinterageredur.frm
02 12:12:31:407 Ejecutando interfase VDINTERAGEREDUR
02 12:14:31:417 Empiezo a leer forms vdinterageredur.frm
02 12:14:31:425 Termino parse forms vdinterageredur.frm
02 12:14:31:425 Ejecutando interfase VDINTERAGEREDUR
02 12:16:31:444 Empiezo a leer forms vdinterageredur.frm
02 12:16:31:452 Termino parse forms vdinterageredur.frm
02 12:16:31:452 Ejecutando interfase VDINTERAGEREDUR
02 12:18:31:474 Empiezo a leer forms vdinterageredur.frm
02 12:18:31:482 Termino parse forms vdinterageredur.frm
02 12:18:31:482 Ejecutando interfase VDINTERAGEREDUR
02 12:20:31:490 Empiezo a leer forms vdinterageredur.frm
02 12:20:31:500 Termino parse forms vdinterageredur.frm
02 12:20:31:500 Ejecutando interfase VDINTERAGEREDUR
02 12:22:31:522 Empiezo a leer forms vdinterageredur.frm
02 12:22:31:532 Termino parse forms vdinterageredur.frm
02 12:22:31:534 Ejecutando interfase VDINTERAGEREDUR
02 12:24:31:544 Empiezo a leer forms vdinterageredur.frm
02 12:24:31:557 Termino parse forms vdinterageredur.frm
02 12:24:31:557 Ejecutando interfase VDINTERAGEREDUR
02 12:26:31:574 Empiezo a leer forms vdinterageredur.frm
02 12:26:31:587 Termino parse forms vdinterageredur.frm
02 12:26:31:587 Ejecutando interfase VDINTERAGEREDUR
02 12:28:31:595 Empiezo a leer forms vdinterageredur.frm
02 12:28:31:605 Termino parse forms vdinterageredur.frm
02 12:28:31:607 Ejecutando interfase VDINTERAGEREDUR
02 12:30:31:622 Empiezo a leer forms vdinterageredur.frm
02 12:30:31:632 Termino parse forms vdinterageredur.frm
02 12:30:31:632 Ejecutando interfase VDINTERAGEREDUR
02 12:32:31:640 Empiezo a leer forms vdinterageredur.frm
02 12:32:31:655 Termino parse forms vdinterageredur.frm
02 12:32:31:655 Ejecutando interfase VDINTERAGEREDUR
02 12:34:31:670 Empiezo a leer forms vdinterageredur.frm
02 12:34:31:679 Termino parse forms vdinterageredur.frm
02 12:34:31:680 Ejecutando interfase VDINTERAGEREDUR
02 12:36:31:705 Empiezo a leer forms vdinterageredur.frm
02 12:36:31:720 Termino parse forms vdinterageredur.frm
02 12:36:31:720 Ejecutando interfase VDINTERAGEREDUR
02 12:38:31:730 Empiezo a leer forms vdinterageredur.frm
02 12:38:31:742 Termino parse forms vdinterageredur.frm
02 12:38:31:744 Ejecutando interfase VDINTERAGEREDUR
02 12:40:31:764 Empiezo a leer forms vdinterageredur.frm
02 12:40:31:772 Termino parse forms vdinterageredur.frm
02 12:40:31:772 Ejecutando interfase VDINTERAGEREDUR
02 12:42:31:787 Empiezo a leer forms vdinterageredur.frm
02 12:42:31:800 Termino parse forms vdinterageredur.frm
02 12:42:31:800 Ejecutando interfase VDINTERAGEREDUR
02 12:44:31:820 Empiezo a leer forms vdinterageredur.frm
02 12:44:31:830 Termino parse forms vdinterageredur.frm
02 12:44:31:830 Ejecutando interfase VDINTERAGEREDUR
02 12:46:31:840 Empiezo a leer forms vdinterageredur.frm
02 12:46:31:855 Termino parse forms vdinterageredur.frm
02 12:46:31:855 Ejecutando interfase VDINTERAGEREDUR
02 12:48:31:870 Empiezo a leer forms vdinterageredur.frm
02 12:48:31:885 Termino parse forms vdinterageredur.frm
02 12:48:31:885 Ejecutando interfase VDINTERAGEREDUR
02 12:50:31:909 Empiezo a leer forms vdinterageredur.frm
02 12:50:31:922 Termino parse forms vdinterageredur.frm
02 12:50:31:922 Ejecutando interfase VDINTERAGEREDUR
02 12:52:31:932 Empiezo a leer forms vdinterageredur.frm
02 12:52:31:937 Termino parse forms vdinterageredur.frm
02 12:52:31:937 Ejecutando interfase VDINTERAGEREDUR
02 12:54:31:949 Empiezo a leer forms vdinterageredur.frm
02 12:54:31:959 Termino parse forms vdinterageredur.frm
02 12:54:31:959 Ejecutando interfase VDINTERAGEREDUR
02 12:56:31:970 Empiezo a leer forms vdinterageredur.frm
02 12:56:31:982 Termino parse forms vdinterageredur.frm
02 12:56:31:982 Ejecutando interfase VDINTERAGEREDUR
02 12:58:31:990 Empiezo a leer forms vdinterageredur.frm
02 12:58:32:002 Termino parse forms vdinterageredur.frm
02 12:58:32:002 Ejecutando interfase VDINTERAGEREDUR
02 13:00:32:024 Empiezo a leer forms vdinterageredur.frm
02 13:00:32:032 Termino parse forms vdinterageredur.frm
02 13:00:32:032 Ejecutando interfase VDINTERAGEREDUR
02 13:02:32:055 Empiezo a leer forms vdinterageredur.frm
02 13:02:32:069 Termino parse forms vdinterageredur.frm
02 13:02:32:069 Ejecutando interfase VDINTERAGEREDUR
02 13:04:32:087 Empiezo a leer forms vdinterageredur.frm
02 13:04:32:102 Termino parse forms vdinterageredur.frm
02 13:04:32:102 Ejecutando interfase VDINTERAGEREDUR
02 13:06:32:115 Empiezo a leer forms vdinterageredur.frm
02 13:06:32:130 Termino parse forms vdinterageredur.frm
02 13:06:32:130 Ejecutando interfase VDINTERAGEREDUR
02 13:08:32:145 Empiezo a leer forms vdinterageredur.frm
02 13:08:32:154 Termino parse forms vdinterageredur.frm
02 13:08:32:154 Ejecutando interfase VDINTERAGEREDUR
02 13:10:32:174 Empiezo a leer forms vdinterageredur.frm
02 13:10:32:190 Termino parse forms vdinterageredur.frm
02 13:10:32:190 Ejecutando interfase VDINTERAGEREDUR
02 13:12:32:202 Empiezo a leer forms vdinterageredur.frm
02 13:12:32:215 Termino parse forms vdinterageredur.frm
02 13:12:32:215 Ejecutando interfase VDINTERAGEREDUR
02 13:14:32:235 Empiezo a leer forms vdinterageredur.frm
02 13:14:32:247 Termino parse forms vdinterageredur.frm
02 13:14:32:247 Ejecutando interfase VDINTERAGEREDUR
02 13:16:32:267 Empiezo a leer forms vdinterageredur.frm
02 13:16:32:280 Termino parse forms vdinterageredur.frm
02 13:16:32:280 Ejecutando interfase VDINTERAGEREDUR
02 13:18:32:304 Empiezo a leer forms vdinterageredur.frm
02 13:18:32:314 Termino parse forms vdinterageredur.frm
02 13:18:32:314 Ejecutando interfase VDINTERAGEREDUR
02 13:20:32:325 Empiezo a leer forms vdinterageredur.frm
02 13:20:32:337 Termino parse forms vdinterageredur.frm
02 13:20:32:337 Ejecutando interfase VDINTERAGEREDUR
02 13:22:32:350 Empiezo a leer forms vdinterageredur.frm
02 13:22:32:364 Termino parse forms vdinterageredur.frm
02 13:22:32:365 Ejecutando interfase VDINTERAGEREDUR
02 13:24:32:384 Empiezo a leer forms vdinterageredur.frm
02 13:24:32:395 Termino parse forms vdinterageredur.frm
02 13:24:32:395 Ejecutando interfase VDINTERAGEREDUR
02 13:26:32:412 Empiezo a leer forms vdinterageredur.frm
02 13:26:32:424 Termino parse forms vdinterageredur.frm
02 13:26:32:424 Ejecutando interfase VDINTERAGEREDUR
02 13:28:32:440 Empiezo a leer forms vdinterageredur.frm
02 13:28:32:454 Termino parse forms vdinterageredur.frm
02 13:28:32:454 Ejecutando interfase VDINTERAGEREDUR
02 13:30:32:477 Empiezo a leer forms vdinterageredur.frm
02 13:30:32:484 Termino parse forms vdinterageredur.frm
02 13:30:32:484 Ejecutando interfase VDINTERAGEREDUR
02 13:32:32:504 Empiezo a leer forms vdinterageredur.frm
02 13:32:32:517 Termino parse forms vdinterageredur.frm
02 13:32:32:519 Ejecutando interfase VDINTERAGEREDUR
02 13:34:32:537 Empiezo a leer forms vdinterageredur.frm
02 13:34:32:549 Termino parse forms vdinterageredur.frm
02 13:34:32:549 Ejecutando interfase VDINTERAGEREDUR
02 13:36:32:557 Empiezo a leer forms vdinterageredur.frm
02 13:36:32:569 Termino parse forms vdinterageredur.frm
02 13:36:32:570 Ejecutando interfase VDINTERAGEREDUR
02 13:38:32:582 Empiezo a leer forms vdinterageredur.frm
02 13:38:32:590 Termino parse forms vdinterageredur.frm
02 13:38:32:590 Ejecutando interfase VDINTERAGEREDUR
02 13:40:32:604 Empiezo a leer forms vdinterageredur.frm
02 13:40:32:615 Termino parse forms vdinterageredur.frm
02 13:40:32:615 Ejecutando interfase VDINTERAGEREDUR
02 13:42:32:635 Empiezo a leer forms vdinterageredur.frm
02 13:42:32:647 Termino parse forms vdinterageredur.frm
02 13:42:32:649 Ejecutando interfase VDINTERAGEREDUR
02 13:44:32:657 Empiezo a leer forms vdinterageredur.frm
02 13:44:32:667 Termino parse forms vdinterageredur.frm
02 13:44:32:667 Ejecutando interfase VDINTERAGEREDUR
02 13:46:32:685 Empiezo a leer forms vdinterageredur.frm
02 13:46:32:695 Termino parse forms vdinterageredur.frm
02 13:46:32:695 Ejecutando interfase VDINTERAGEREDUR
02 13:48:32:710 Empiezo a leer forms vdinterageredur.frm
02 13:48:32:724 Termino parse forms vdinterageredur.frm
02 13:48:32:724 Ejecutando interfase VDINTERAGEREDUR
02 13:50:32:739 Empiezo a leer forms vdinterageredur.frm
02 13:50:32:754 Termino parse forms vdinterageredur.frm
02 13:50:32:754 Ejecutando interfase VDINTERAGEREDUR
02 13:52:32:777 Empiezo a leer forms vdinterageredur.frm
02 13:52:32:790 Termino parse forms vdinterageredur.frm
02 13:52:32:792 Ejecutando interfase VDINTERAGEREDUR
02 13:54:32:817 Empiezo a leer forms vdinterageredur.frm
02 13:54:32:832 Termino parse forms vdinterageredur.frm
02 13:54:32:832 Ejecutando interfase VDINTERAGEREDUR
02 13:56:32:842 Empiezo a leer forms vdinterageredur.frm
02 13:56:32:847 Termino parse forms vdinterageredur.frm
02 13:56:32:847 Ejecutando interfase VDINTERAGEREDUR

00 13:58:12:295 Fichero de log cerrado.

00 13:58:12:660 Fichero de log abierto PID 1740

02 13:58:12:660 Intentando abrir fichero v10.ini
02 13:58:12:670 Cargando driver v10oracle funcion damedriveroracle
02 13:58:13:365 Conectado a base de datos
02 13:58:13:367 Proceso ENVIOREDUR encontrado en tabla VDPROCESOS
02 13:58:13:374 Proceso ENVIOREDUR cargado con función interfasesalida (Librería VDINTERFASES.DLL) direccion 0530CC80
02 13:58:13:376 PLSQL: INICIALIZADO PAQUETE DE LOG EL DIA 18-03-2022
02 13:58:13:385 Actualizado SID 128 SERIAL 2162 del proceso con PID 1740
00 13:58:13:392 Error al abrir fichero VDST.H
02 13:58:13:394 Empiezo a leer forms vdinterageredur.frm
02 13:58:13:440 Termino parse forms vdinterageredur.frm
02 13:58:13:440 Ejecutando interfase VDINTERAGEREDUR

00 13:59:55:957 Fichero de log cerrado.

