00 08:59:49:062 Fichero de log abierto PID 12932

02 08:59:49:062 Intentando abrir fichero v10.ini
02 08:59:49:067 Cargando driver v10oracle funcion damedriveroracle
02 08:59:49:560 Conectado a base de datos
02 08:59:49:562 Proceso ENVIOREDUR encontrado en tabla VDPROCESOS
02 08:59:49:567 Proceso ENVIOREDUR cargado con función interfasesalida (Librería VDINTERFASES.DLL) direccion 0566CC80
02 08:59:49:569 PLSQL: INICIALIZADO PAQUETE DE LOG EL DIA 27-06-2022
02 08:59:49:578 Actualizado SID 261 SERIAL 65526 del proceso con PID 12932
00 08:59:49:585 Error al abrir fichero VDST.H
02 08:59:49:586 Empiezo a leer forms vdinterageredur.frm
02 08:59:49:622 Termino parse forms vdinterageredur.frm
02 08:59:49:622 Ejecutando interfase VDINTERAGEREDUR
02 09:01:49:638 Empiezo a leer forms vdinterageredur.frm
02 09:01:49:655 Termino parse forms vdinterageredur.frm
02 09:01:49:655 Ejecutando interfase VDINTERAGEREDUR
02 09:03:49:661 Empiezo a leer forms vdinterageredur.frm
02 09:03:49:662 Termino parse forms vdinterageredur.frm
02 09:03:49:662 Ejecutando interfase VDINTERAGEREDUR
02 09:05:49:697 Empiezo a leer forms vdinterageredur.frm
02 09:05:49:712 Termino parse forms vdinterageredur.frm
02 09:05:49:712 Ejecutando interfase VDINTERAGEREDUR
02 09:07:49:732 Empiezo a leer forms vdinterageredur.frm
02 09:07:49:742 Termino parse forms vdinterageredur.frm
02 09:07:49:742 Ejecutando interfase VDINTERAGEREDUR
02 09:09:49:751 Empiezo a leer forms vdinterageredur.frm
02 09:09:49:767 Termino parse forms vdinterageredur.frm
02 09:09:49:767 Ejecutando interfase VDINTERAGEREDUR
02 09:11:49:795 Empiezo a leer forms vdinterageredur.frm
02 09:11:49:806 Termino parse forms vdinterageredur.frm
02 09:11:49:806 Ejecutando interfase VDINTERAGEREDUR
02 09:13:49:820 Empiezo a leer forms vdinterageredur.frm
02 09:13:49:836 Termino parse forms vdinterageredur.frm
02 09:13:49:836 Ejecutando interfase VDINTERAGEREDUR
02 09:15:49:852 Empiezo a leer forms vdinterageredur.frm
02 09:15:49:862 Termino parse forms vdinterageredur.frm
02 09:15:49:862 Ejecutando interfase VDINTERAGEREDUR
02 09:17:49:877 Empiezo a leer forms vdinterageredur.frm
02 09:17:49:877 Termino parse forms vdinterageredur.frm
02 09:17:49:877 Ejecutando interfase VDINTERAGEREDUR
02 09:19:49:905 Empiezo a leer forms vdinterageredur.frm
02 09:19:49:921 Termino parse forms vdinterageredur.frm
02 09:19:49:921 Ejecutando interfase VDINTERAGEREDUR
02 09:21:49:928 Empiezo a leer forms vdinterageredur.frm
02 09:21:49:943 Termino parse forms vdinterageredur.frm
02 09:21:49:943 Ejecutando interfase VDINTERAGEREDUR
02 09:23:49:970 Empiezo a leer forms vdinterageredur.frm
02 09:23:49:986 Termino parse forms vdinterageredur.frm
02 09:23:49:986 Ejecutando interfase VDINTERAGEREDUR
02 09:25:50:022 Empiezo a leer forms vdinterageredur.frm
02 09:25:50:037 Termino parse forms vdinterageredur.frm
02 09:25:50:037 Ejecutando interfase VDINTERAGEREDUR
02 09:27:50:048 Empiezo a leer forms vdinterageredur.frm
02 09:27:50:067 Termino parse forms vdinterageredur.frm
02 09:27:50:067 Ejecutando interfase VDINTERAGEREDUR
02 09:29:50:087 Empiezo a leer forms vdinterageredur.frm
02 09:29:50:093 Termino parse forms vdinterageredur.frm
02 09:29:50:093 Ejecutando interfase VDINTERAGEREDUR
02 09:31:50:120 Empiezo a leer forms vdinterageredur.frm
02 09:31:50:136 Termino parse forms vdinterageredur.frm
02 09:31:50:136 Ejecutando interfase VDINTERAGEREDUR
02 09:33:50:160 Empiezo a leer forms vdinterageredur.frm
02 09:33:50:177 Termino parse forms vdinterageredur.frm
02 09:33:50:177 Ejecutando interfase VDINTERAGEREDUR
02 09:35:50:202 Empiezo a leer forms vdinterageredur.frm
02 09:35:50:207 Termino parse forms vdinterageredur.frm
02 09:35:50:222 Ejecutando interfase VDINTERAGEREDUR
02 09:37:50:240 Empiezo a leer forms vdinterageredur.frm
02 09:37:50:256 Termino parse forms vdinterageredur.frm
02 09:37:50:256 Ejecutando interfase VDINTERAGEREDUR
02 09:39:50:272 Empiezo a leer forms vdinterageredur.frm
02 09:39:50:276 Termino parse forms vdinterageredur.frm
02 09:39:50:276 Ejecutando interfase VDINTERAGEREDUR
02 09:41:50:323 Empiezo a leer forms vdinterageredur.frm
02 09:41:50:342 Termino parse forms vdinterageredur.frm
02 09:41:50:342 Ejecutando interfase VDINTERAGEREDUR
02 09:43:50:357 Empiezo a leer forms vdinterageredur.frm
02 09:43:50:363 Termino parse forms vdinterageredur.frm
02 09:43:50:363 Ejecutando interfase VDINTERAGEREDUR
02 09:45:50:378 Empiezo a leer forms vdinterageredur.frm
02 09:45:50:378 Termino parse forms vdinterageredur.frm
02 09:45:50:378 Ejecutando interfase VDINTERAGEREDUR
02 09:47:50:408 Empiezo a leer forms vdinterageredur.frm
02 09:47:50:408 Termino parse forms vdinterageredur.frm
02 09:47:50:408 Ejecutando interfase VDINTERAGEREDUR
02 09:49:50:443 Empiezo a leer forms vdinterageredur.frm
02 09:49:50:457 Termino parse forms vdinterageredur.frm
02 09:49:50:457 Ejecutando interfase VDINTERAGEREDUR
02 09:51:50:477 Empiezo a leer forms vdinterageredur.frm
02 09:51:50:477 Termino parse forms vdinterageredur.frm
02 09:51:50:477 Ejecutando interfase VDINTERAGEREDUR
02 09:53:50:515 Empiezo a leer forms vdinterageredur.frm
02 09:53:50:532 Termino parse forms vdinterageredur.frm
02 09:53:50:532 Ejecutando interfase VDINTERAGEREDUR
02 09:55:50:537 Empiezo a leer forms vdinterageredur.frm
02 09:55:50:557 Termino parse forms vdinterageredur.frm
02 09:55:50:557 Ejecutando interfase VDINTERAGEREDUR
02 09:57:50:577 Empiezo a leer forms vdinterageredur.frm
02 09:57:50:587 Termino parse forms vdinterageredur.frm
02 09:57:50:587 Ejecutando interfase VDINTERAGEREDUR
02 09:59:50:602 Empiezo a leer forms vdinterageredur.frm
02 09:59:50:617 Termino parse forms vdinterageredur.frm
02 09:59:50:617 Ejecutando interfase VDINTERAGEREDUR
02 10:01:50:631 Empiezo a leer forms vdinterageredur.frm
02 10:01:50:647 Termino parse forms vdinterageredur.frm
02 10:01:50:647 Ejecutando interfase VDINTERAGEREDUR
02 10:03:50:662 Empiezo a leer forms vdinterageredur.frm
02 10:03:50:662 Termino parse forms vdinterageredur.frm
02 10:03:50:662 Ejecutando interfase VDINTERAGEREDUR
02 10:05:50:682 Empiezo a leer forms vdinterageredur.frm
02 10:05:50:696 Termino parse forms vdinterageredur.frm
02 10:05:50:696 Ejecutando interfase VDINTERAGEREDUR
02 10:07:50:716 Empiezo a leer forms vdinterageredur.frm
02 10:07:50:725 Termino parse forms vdinterageredur.frm
02 10:07:50:725 Ejecutando interfase VDINTERAGEREDUR
02 10:09:50:742 Empiezo a leer forms vdinterageredur.frm
02 10:09:50:757 Termino parse forms vdinterageredur.frm
02 10:09:50:757 Ejecutando interfase VDINTERAGEREDUR
02 10:11:49:652 Empiezo a leer forms vdinterageredur.frm
02 10:11:49:652 Termino parse forms vdinterageredur.frm
02 10:11:49:652 Ejecutando interfase VDINTERAGEREDUR
02 10:13:49:682 Empiezo a leer forms vdinterageredur.frm
02 10:13:49:687 Termino parse forms vdinterageredur.frm
02 10:13:49:687 Ejecutando interfase VDINTERAGEREDUR
02 10:15:49:701 Empiezo a leer forms vdinterageredur.frm
02 10:15:49:702 Termino parse forms vdinterageredur.frm
02 10:15:49:702 Ejecutando interfase VDINTERAGEREDUR
02 10:17:49:732 Empiezo a leer forms vdinterageredur.frm
02 10:17:49:747 Termino parse forms vdinterageredur.frm
02 10:17:49:747 Ejecutando interfase VDINTERAGEREDUR
02 10:19:49:771 Empiezo a leer forms vdinterageredur.frm
02 10:19:49:771 Termino parse forms vdinterageredur.frm
02 10:19:49:787 Ejecutando interfase VDINTERAGEREDUR
02 10:21:49:802 Empiezo a leer forms vdinterageredur.frm
02 10:21:49:817 Termino parse forms vdinterageredur.frm
02 10:21:49:817 Ejecutando interfase VDINTERAGEREDUR
02 10:23:49:842 Empiezo a leer forms vdinterageredur.frm
02 10:23:49:858 Termino parse forms vdinterageredur.frm
02 10:23:49:858 Ejecutando interfase VDINTERAGEREDUR
02 10:25:49:885 Empiezo a leer forms vdinterageredur.frm
02 10:25:49:885 Termino parse forms vdinterageredur.frm
02 10:25:49:885 Ejecutando interfase VDINTERAGEREDUR
02 10:27:49:913 Empiezo a leer forms vdinterageredur.frm
02 10:27:49:928 Termino parse forms vdinterageredur.frm
02 10:27:49:928 Ejecutando interfase VDINTERAGEREDUR
02 10:29:49:958 Empiezo a leer forms vdinterageredur.frm
02 10:29:49:967 Termino parse forms vdinterageredur.frm
02 10:29:49:967 Ejecutando interfase VDINTERAGEREDUR
02 10:31:49:987 Empiezo a leer forms vdinterageredur.frm
02 10:31:50:003 Termino parse forms vdinterageredur.frm
02 10:31:50:007 Ejecutando interfase VDINTERAGEREDUR
02 10:33:50:021 Empiezo a leer forms vdinterageredur.frm
02 10:33:50:037 Termino parse forms vdinterageredur.frm
02 10:33:50:037 Ejecutando interfase VDINTERAGEREDUR
02 10:35:50:048 Empiezo a leer forms vdinterageredur.frm
02 10:35:50:052 Termino parse forms vdinterageredur.frm
02 10:35:50:052 Ejecutando interfase VDINTERAGEREDUR
02 10:37:50:083 Empiezo a leer forms vdinterageredur.frm
02 10:37:50:083 Termino parse forms vdinterageredur.frm
02 10:37:50:083 Ejecutando interfase VDINTERAGEREDUR
02 10:39:50:116 Empiezo a leer forms vdinterageredur.frm
02 10:39:50:116 Termino parse forms vdinterageredur.frm
02 10:39:50:116 Ejecutando interfase VDINTERAGEREDUR
02 10:41:50:137 Empiezo a leer forms vdinterageredur.frm
02 10:41:50:152 Termino parse forms vdinterageredur.frm
02 10:41:50:152 Ejecutando interfase VDINTERAGEREDUR
02 10:43:50:172 Empiezo a leer forms vdinterageredur.frm
02 10:43:50:172 Termino parse forms vdinterageredur.frm
02 10:43:50:172 Ejecutando interfase VDINTERAGEREDUR
02 10:45:50:195 Empiezo a leer forms vdinterageredur.frm
02 10:45:50:195 Termino parse forms vdinterageredur.frm
02 10:45:50:195 Ejecutando interfase VDINTERAGEREDUR
02 10:47:50:213 Empiezo a leer forms vdinterageredur.frm
02 10:47:50:228 Termino parse forms vdinterageredur.frm
02 10:47:50:230 Ejecutando interfase VDINTERAGEREDUR
02 10:49:50:246 Empiezo a leer forms vdinterageredur.frm
02 10:49:50:246 Termino parse forms vdinterageredur.frm
02 10:49:50:246 Ejecutando interfase VDINTERAGEREDUR
02 10:51:50:262 Empiezo a leer forms vdinterageredur.frm
02 10:51:50:278 Termino parse forms vdinterageredur.frm
02 10:51:50:278 Ejecutando interfase VDINTERAGEREDUR
02 11:00:27:211 Empiezo a leer forms vdinterageredur.frm
02 11:00:27:220 Termino parse forms vdinterageredur.frm
02 11:00:27:220 Ejecutando interfase VDINTERAGEREDUR
02 11:02:27:236 Empiezo a leer forms vdinterageredur.frm
02 11:02:27:236 Termino parse forms vdinterageredur.frm
02 11:02:27:236 Ejecutando interfase VDINTERAGEREDUR
02 11:04:27:267 Empiezo a leer forms vdinterageredur.frm
02 11:04:27:277 Termino parse forms vdinterageredur.frm
02 11:04:27:277 Ejecutando interfase VDINTERAGEREDUR
02 11:06:27:287 Empiezo a leer forms vdinterageredur.frm
02 11:06:27:295 Termino parse forms vdinterageredur.frm
02 11:06:27:295 Ejecutando interfase VDINTERAGEREDUR
02 11:08:27:313 Empiezo a leer forms vdinterageredur.frm
02 11:08:27:322 Termino parse forms vdinterageredur.frm
02 11:08:27:322 Ejecutando interfase VDINTERAGEREDUR
02 11:10:27:335 Empiezo a leer forms vdinterageredur.frm
02 11:10:27:342 Termino parse forms vdinterageredur.frm
02 11:10:27:342 Ejecutando interfase VDINTERAGEREDUR
02 11:12:27:357 Empiezo a leer forms vdinterageredur.frm
02 11:12:27:365 Termino parse forms vdinterageredur.frm
02 11:12:27:365 Ejecutando interfase VDINTERAGEREDUR
02 11:14:27:371 Empiezo a leer forms vdinterageredur.frm
02 11:14:27:387 Termino parse forms vdinterageredur.frm
02 11:14:27:387 Ejecutando interfase VDINTERAGEREDUR
02 11:16:27:407 Empiezo a leer forms vdinterageredur.frm
02 11:16:27:407 Termino parse forms vdinterageredur.frm
02 11:16:27:407 Ejecutando interfase VDINTERAGEREDUR
02 11:18:27:436 Empiezo a leer forms vdinterageredur.frm
02 11:18:27:436 Termino parse forms vdinterageredur.frm
02 11:18:27:436 Ejecutando interfase VDINTERAGEREDUR
02 11:20:27:456 Empiezo a leer forms vdinterageredur.frm
02 11:20:27:472 Termino parse forms vdinterageredur.frm
02 11:20:27:472 Ejecutando interfase VDINTERAGEREDUR
02 11:22:27:501 Empiezo a leer forms vdinterageredur.frm
02 11:22:27:517 Termino parse forms vdinterageredur.frm
02 11:22:27:517 Ejecutando interfase VDINTERAGEREDUR
02 11:24:27:533 Empiezo a leer forms vdinterageredur.frm
02 11:24:27:550 Termino parse forms vdinterageredur.frm
02 11:24:27:550 Ejecutando interfase VDINTERAGEREDUR
02 11:26:27:567 Empiezo a leer forms vdinterageredur.frm
02 11:26:27:583 Termino parse forms vdinterageredur.frm
02 11:26:27:585 Ejecutando interfase VDINTERAGEREDUR
02 11:28:27:605 Empiezo a leer forms vdinterageredur.frm
02 11:28:27:625 Termino parse forms vdinterageredur.frm
02 11:28:27:625 Ejecutando interfase VDINTERAGEREDUR
02 11:30:27:637 Empiezo a leer forms vdinterageredur.frm
02 11:30:27:653 Termino parse forms vdinterageredur.frm
02 11:30:27:653 Ejecutando interfase VDINTERAGEREDUR
02 11:32:27:672 Empiezo a leer forms vdinterageredur.frm
02 11:32:27:676 Termino parse forms vdinterageredur.frm
02 11:32:27:676 Ejecutando interfase VDINTERAGEREDUR
02 11:34:27:687 Empiezo a leer forms vdinterageredur.frm
02 11:34:27:695 Termino parse forms vdinterageredur.frm
02 11:34:27:695 Ejecutando interfase VDINTERAGEREDUR
02 11:36:27:717 Empiezo a leer forms vdinterageredur.frm
02 11:36:27:721 Termino parse forms vdinterageredur.frm
02 11:36:27:721 Ejecutando interfase VDINTERAGEREDUR
02 11:38:27:741 Empiezo a leer forms vdinterageredur.frm
02 11:38:27:761 Termino parse forms vdinterageredur.frm
02 11:38:27:761 Ejecutando interfase VDINTERAGEREDUR
02 11:40:27:780 Empiezo a leer forms vdinterageredur.frm
02 11:40:27:785 Termino parse forms vdinterageredur.frm
02 11:40:27:785 Ejecutando interfase VDINTERAGEREDUR
02 11:42:27:807 Empiezo a leer forms vdinterageredur.frm
02 11:42:27:819 Termino parse forms vdinterageredur.frm
02 11:42:27:819 Ejecutando interfase VDINTERAGEREDUR
02 11:44:27:832 Empiezo a leer forms vdinterageredur.frm
02 11:44:27:847 Termino parse forms vdinterageredur.frm
02 11:44:27:847 Ejecutando interfase VDINTERAGEREDUR
02 11:46:27:862 Empiezo a leer forms vdinterageredur.frm
02 11:46:27:879 Termino parse forms vdinterageredur.frm
02 11:46:27:879 Ejecutando interfase VDINTERAGEREDUR
02 11:48:27:899 Empiezo a leer forms vdinterageredur.frm
02 11:48:27:915 Termino parse forms vdinterageredur.frm
02 11:48:27:915 Ejecutando interfase VDINTERAGEREDUR
02 11:50:27:944 Empiezo a leer forms vdinterageredur.frm
02 11:50:27:959 Termino parse forms vdinterageredur.frm
02 11:50:27:959 Ejecutando interfase VDINTERAGEREDUR
02 11:52:27:967 Empiezo a leer forms vdinterageredur.frm
02 11:52:27:982 Termino parse forms vdinterageredur.frm
02 11:52:27:982 Ejecutando interfase VDINTERAGEREDUR
02 11:54:28:000 Empiezo a leer forms vdinterageredur.frm
02 11:54:28:015 Termino parse forms vdinterageredur.frm
02 11:54:28:015 Ejecutando interfase VDINTERAGEREDUR
02 11:56:28:034 Empiezo a leer forms vdinterageredur.frm
02 11:56:28:050 Termino parse forms vdinterageredur.frm
02 11:56:28:050 Ejecutando interfase VDINTERAGEREDUR
02 11:58:28:070 Empiezo a leer forms vdinterageredur.frm
02 11:58:28:077 Termino parse forms vdinterageredur.frm
02 11:58:28:077 Ejecutando interfase VDINTERAGEREDUR
02 12:00:28:100 Empiezo a leer forms vdinterageredur.frm
02 12:00:28:117 Termino parse forms vdinterageredur.frm
02 12:00:28:117 Ejecutando interfase VDINTERAGEREDUR
02 12:02:28:125 Empiezo a leer forms vdinterageredur.frm
02 12:02:28:132 Termino parse forms vdinterageredur.frm
02 12:02:28:132 Ejecutando interfase VDINTERAGEREDUR
02 12:04:28:150 Empiezo a leer forms vdinterageredur.frm
02 12:04:28:157 Termino parse forms vdinterageredur.frm
02 12:04:28:157 Ejecutando interfase VDINTERAGEREDUR
02 12:06:28:197 Empiezo a leer forms vdinterageredur.frm
02 12:06:28:197 Termino parse forms vdinterageredur.frm
02 12:06:28:197 Ejecutando interfase VDINTERAGEREDUR
02 12:08:28:225 Empiezo a leer forms vdinterageredur.frm
02 12:08:28:244 Termino parse forms vdinterageredur.frm
02 12:08:28:244 Ejecutando interfase VDINTERAGEREDUR
02 12:10:28:262 Empiezo a leer forms vdinterageredur.frm
02 12:10:28:282 Termino parse forms vdinterageredur.frm
02 12:10:28:282 Ejecutando interfase VDINTERAGEREDUR
02 12:12:28:302 Empiezo a leer forms vdinterageredur.frm
02 12:12:28:307 Termino parse forms vdinterageredur.frm
02 12:12:28:307 Ejecutando interfase VDINTERAGEREDUR
02 12:14:28:320 Empiezo a leer forms vdinterageredur.frm
02 12:14:28:332 Termino parse forms vdinterageredur.frm
02 12:14:28:332 Ejecutando interfase VDINTERAGEREDUR
02 12:16:28:342 Empiezo a leer forms vdinterageredur.frm
02 12:16:28:359 Termino parse forms vdinterageredur.frm
02 12:16:28:359 Ejecutando interfase VDINTERAGEREDUR
02 12:18:28:374 Empiezo a leer forms vdinterageredur.frm
02 12:18:28:390 Termino parse forms vdinterageredur.frm
02 12:18:28:390 Ejecutando interfase VDINTERAGEREDUR
02 12:20:28:410 Empiezo a leer forms vdinterageredur.frm
02 12:20:28:429 Termino parse forms vdinterageredur.frm
02 12:20:28:429 Ejecutando interfase VDINTERAGEREDUR
02 12:22:28:450 Empiezo a leer forms vdinterageredur.frm
02 12:22:28:465 Termino parse forms vdinterageredur.frm
02 12:22:28:465 Ejecutando interfase VDINTERAGEREDUR
02 12:24:28:487 Empiezo a leer forms vdinterageredur.frm
02 12:24:28:502 Termino parse forms vdinterageredur.frm
02 12:24:28:502 Ejecutando interfase VDINTERAGEREDUR
02 12:26:28:514 Empiezo a leer forms vdinterageredur.frm
02 12:26:28:522 Termino parse forms vdinterageredur.frm
02 12:26:28:522 Ejecutando interfase VDINTERAGEREDUR
02 12:28:28:532 Empiezo a leer forms vdinterageredur.frm
02 12:28:28:549 Termino parse forms vdinterageredur.frm
02 12:28:28:549 Ejecutando interfase VDINTERAGEREDUR
02 12:30:28:562 Empiezo a leer forms vdinterageredur.frm
02 12:30:28:580 Termino parse forms vdinterageredur.frm
02 12:30:28:580 Ejecutando interfase VDINTERAGEREDUR
02 12:32:28:592 Empiezo a leer forms vdinterageredur.frm
02 12:32:28:597 Termino parse forms vdinterageredur.frm
02 12:32:28:597 Ejecutando interfase VDINTERAGEREDUR
02 12:34:28:620 Empiezo a leer forms vdinterageredur.frm
02 12:34:28:625 Termino parse forms vdinterageredur.frm
02 12:34:28:625 Ejecutando interfase VDINTERAGEREDUR
02 12:36:28:650 Empiezo a leer forms vdinterageredur.frm
02 12:36:28:665 Termino parse forms vdinterageredur.frm
02 12:36:28:665 Ejecutando interfase VDINTERAGEREDUR
02 12:38:28:695 Empiezo a leer forms vdinterageredur.frm
02 12:38:28:710 Termino parse forms vdinterageredur.frm
02 12:38:28:710 Ejecutando interfase VDINTERAGEREDUR
02 12:40:28:725 Empiezo a leer forms vdinterageredur.frm
02 12:40:28:734 Termino parse forms vdinterageredur.frm
02 12:40:28:734 Ejecutando interfase VDINTERAGEREDUR
02 12:42:28:740 Empiezo a leer forms vdinterageredur.frm
02 12:42:28:757 Termino parse forms vdinterageredur.frm
02 12:42:28:757 Ejecutando interfase VDINTERAGEREDUR
02 12:44:28:767 Empiezo a leer forms vdinterageredur.frm
02 12:44:28:767 Termino parse forms vdinterageredur.frm
02 12:44:28:767 Ejecutando interfase VDINTERAGEREDUR
02 12:46:28:789 Empiezo a leer forms vdinterageredur.frm
02 12:46:28:792 Termino parse forms vdinterageredur.frm
02 12:46:28:794 Ejecutando interfase VDINTERAGEREDUR
02 12:48:28:812 Empiezo a leer forms vdinterageredur.frm
02 12:48:28:812 Termino parse forms vdinterageredur.frm
02 12:48:28:812 Ejecutando interfase VDINTERAGEREDUR
02 12:50:28:834 Empiezo a leer forms vdinterageredur.frm
02 12:50:28:834 Termino parse forms vdinterageredur.frm
02 12:50:28:834 Ejecutando interfase VDINTERAGEREDUR
02 12:52:28:855 Empiezo a leer forms vdinterageredur.frm
02 12:52:28:855 Termino parse forms vdinterageredur.frm
02 12:52:28:855 Ejecutando interfase VDINTERAGEREDUR
02 12:54:28:875 Empiezo a leer forms vdinterageredur.frm
02 12:54:28:880 Termino parse forms vdinterageredur.frm
02 12:54:28:880 Ejecutando interfase VDINTERAGEREDUR
02 12:56:28:912 Empiezo a leer forms vdinterageredur.frm
02 12:56:28:929 Termino parse forms vdinterageredur.frm
02 12:56:28:929 Ejecutando interfase VDINTERAGEREDUR
02 12:58:28:947 Empiezo a leer forms vdinterageredur.frm
02 12:58:28:962 Termino parse forms vdinterageredur.frm
02 12:58:28:962 Ejecutando interfase VDINTERAGEREDUR
02 13:00:28:987 Empiezo a leer forms vdinterageredur.frm
02 13:00:28:987 Termino parse forms vdinterageredur.frm
02 13:00:28:987 Ejecutando interfase VDINTERAGEREDUR
02 13:02:29:012 Empiezo a leer forms vdinterageredur.frm
02 13:02:29:027 Termino parse forms vdinterageredur.frm
02 13:02:29:027 Ejecutando interfase VDINTERAGEREDUR
02 13:04:29:034 Empiezo a leer forms vdinterageredur.frm
02 13:04:29:050 Termino parse forms vdinterageredur.frm
02 13:04:29:050 Ejecutando interfase VDINTERAGEREDUR
02 13:06:29:070 Empiezo a leer forms vdinterageredur.frm
02 13:06:29:087 Termino parse forms vdinterageredur.frm
02 13:06:29:087 Ejecutando interfase VDINTERAGEREDUR
02 13:08:29:095 Empiezo a leer forms vdinterageredur.frm
02 13:08:29:110 Termino parse forms vdinterageredur.frm
02 13:08:29:110 Ejecutando interfase VDINTERAGEREDUR
02 13:10:29:125 Empiezo a leer forms vdinterageredur.frm
02 13:10:29:125 Termino parse forms vdinterageredur.frm
02 13:10:29:125 Ejecutando interfase VDINTERAGEREDUR
02 13:12:29:155 Empiezo a leer forms vdinterageredur.frm
02 13:12:29:172 Termino parse forms vdinterageredur.frm
02 13:12:29:172 Ejecutando interfase VDINTERAGEREDUR
02 13:14:29:190 Empiezo a leer forms vdinterageredur.frm
02 13:14:29:209 Termino parse forms vdinterageredur.frm
02 13:14:29:210 Ejecutando interfase VDINTERAGEREDUR
02 13:16:29:235 Empiezo a leer forms vdinterageredur.frm
02 13:16:29:250 Termino parse forms vdinterageredur.frm
02 13:16:29:250 Ejecutando interfase VDINTERAGEREDUR
02 13:18:29:269 Empiezo a leer forms vdinterageredur.frm
02 13:18:29:269 Termino parse forms vdinterageredur.frm
02 13:18:29:269 Ejecutando interfase VDINTERAGEREDUR
02 13:20:29:302 Empiezo a leer forms vdinterageredur.frm
02 13:20:29:317 Termino parse forms vdinterageredur.frm
02 13:20:29:317 Ejecutando interfase VDINTERAGEREDUR
02 13:22:29:340 Empiezo a leer forms vdinterageredur.frm
02 13:22:29:340 Termino parse forms vdinterageredur.frm
02 13:22:29:340 Ejecutando interfase VDINTERAGEREDUR
02 13:24:29:360 Empiezo a leer forms vdinterageredur.frm
02 13:24:29:377 Termino parse forms vdinterageredur.frm
02 13:24:29:377 Ejecutando interfase VDINTERAGEREDUR
02 13:26:29:395 Empiezo a leer forms vdinterageredur.frm
02 13:26:29:395 Termino parse forms vdinterageredur.frm
02 13:26:29:395 Ejecutando interfase VDINTERAGEREDUR
02 13:28:29:417 Empiezo a leer forms vdinterageredur.frm
02 13:28:29:434 Termino parse forms vdinterageredur.frm
02 13:28:29:434 Ejecutando interfase VDINTERAGEREDUR
02 13:30:29:462 Empiezo a leer forms vdinterageredur.frm
02 13:30:29:462 Termino parse forms vdinterageredur.frm
02 13:30:29:462 Ejecutando interfase VDINTERAGEREDUR
02 13:32:29:482 Empiezo a leer forms vdinterageredur.frm
02 13:32:29:499 Termino parse forms vdinterageredur.frm
02 13:32:29:499 Ejecutando interfase VDINTERAGEREDUR
02 13:34:29:520 Empiezo a leer forms vdinterageredur.frm
02 13:34:29:535 Termino parse forms vdinterageredur.frm
02 13:34:29:537 Ejecutando interfase VDINTERAGEREDUR
02 13:36:29:547 Empiezo a leer forms vdinterageredur.frm
02 13:36:29:567 Termino parse forms vdinterageredur.frm
02 13:36:29:567 Ejecutando interfase VDINTERAGEREDUR
02 13:38:29:590 Empiezo a leer forms vdinterageredur.frm
02 13:38:29:595 Termino parse forms vdinterageredur.frm
02 13:38:29:595 Ejecutando interfase VDINTERAGEREDUR
02 13:40:29:615 Empiezo a leer forms vdinterageredur.frm
02 13:40:29:630 Termino parse forms vdinterageredur.frm
02 13:40:29:630 Ejecutando interfase VDINTERAGEREDUR
02 13:42:29:644 Empiezo a leer forms vdinterageredur.frm
02 13:42:29:660 Termino parse forms vdinterageredur.frm
02 13:42:29:660 Ejecutando interfase VDINTERAGEREDUR
02 13:44:29:680 Empiezo a leer forms vdinterageredur.frm
02 13:44:29:689 Termino parse forms vdinterageredur.frm
02 13:44:29:689 Ejecutando interfase VDINTERAGEREDUR
02 13:46:29:707 Empiezo a leer forms vdinterageredur.frm
02 13:46:29:712 Termino parse forms vdinterageredur.frm
02 13:46:29:712 Ejecutando interfase VDINTERAGEREDUR
02 13:48:29:725 Empiezo a leer forms vdinterageredur.frm
02 13:48:29:742 Termino parse forms vdinterageredur.frm
02 13:48:29:742 Ejecutando interfase VDINTERAGEREDUR
02 13:50:29:759 Empiezo a leer forms vdinterageredur.frm
02 13:50:29:775 Termino parse forms vdinterageredur.frm
02 13:50:29:775 Ejecutando interfase VDINTERAGEREDUR
02 13:52:29:780 Empiezo a leer forms vdinterageredur.frm
02 13:52:29:797 Termino parse forms vdinterageredur.frm
02 13:52:29:797 Ejecutando interfase VDINTERAGEREDUR
02 13:54:29:822 Empiezo a leer forms vdinterageredur.frm
02 13:54:29:840 Termino parse forms vdinterageredur.frm
02 13:54:29:840 Ejecutando interfase VDINTERAGEREDUR
02 13:56:29:855 Empiezo a leer forms vdinterageredur.frm
02 13:56:29:855 Termino parse forms vdinterageredur.frm
02 13:56:29:855 Ejecutando interfase VDINTERAGEREDUR
02 13:58:29:887 Empiezo a leer forms vdinterageredur.frm
02 13:58:29:887 Termino parse forms vdinterageredur.frm
02 13:58:29:887 Ejecutando interfase VDINTERAGEREDUR
02 14:00:29:915 Empiezo a leer forms vdinterageredur.frm
02 14:00:29:929 Termino parse forms vdinterageredur.frm
02 14:00:29:929 Ejecutando interfase VDINTERAGEREDUR
02 14:02:29:937 Empiezo a leer forms vdinterageredur.frm
02 14:02:29:940 Termino parse forms vdinterageredur.frm
02 14:02:29:940 Ejecutando interfase VDINTERAGEREDUR
02 14:04:29:970 Empiezo a leer forms vdinterageredur.frm
02 14:04:29:970 Termino parse forms vdinterageredur.frm
02 14:04:29:970 Ejecutando interfase VDINTERAGEREDUR
02 14:06:29:990 Empiezo a leer forms vdinterageredur.frm
02 14:06:30:007 Termino parse forms vdinterageredur.frm
02 14:06:30:007 Ejecutando interfase VDINTERAGEREDUR
02 14:08:30:022 Empiezo a leer forms vdinterageredur.frm
02 14:08:30:037 Termino parse forms vdinterageredur.frm
02 14:08:30:037 Ejecutando interfase VDINTERAGEREDUR
02 14:10:30:047 Empiezo a leer forms vdinterageredur.frm
02 14:10:30:047 Termino parse forms vdinterageredur.frm
02 14:10:30:047 Ejecutando interfase VDINTERAGEREDUR
02 14:12:30:075 Empiezo a leer forms vdinterageredur.frm
02 14:12:30:090 Termino parse forms vdinterageredur.frm
02 14:12:30:090 Ejecutando interfase VDINTERAGEREDUR
02 14:14:30:119 Empiezo a leer forms vdinterageredur.frm
02 14:14:30:130 Termino parse forms vdinterageredur.frm
02 14:14:30:130 Ejecutando interfase VDINTERAGEREDUR
02 14:16:30:154 Empiezo a leer forms vdinterageredur.frm
02 14:16:30:170 Termino parse forms vdinterageredur.frm
02 14:16:30:170 Ejecutando interfase VDINTERAGEREDUR
02 14:18:30:189 Empiezo a leer forms vdinterageredur.frm
02 14:18:30:189 Termino parse forms vdinterageredur.frm
02 14:18:30:189 Ejecutando interfase VDINTERAGEREDUR
02 14:20:30:215 Empiezo a leer forms vdinterageredur.frm
02 14:20:30:234 Termino parse forms vdinterageredur.frm
02 14:20:30:234 Ejecutando interfase VDINTERAGEREDUR
02 14:22:30:247 Empiezo a leer forms vdinterageredur.frm
02 14:22:30:267 Termino parse forms vdinterageredur.frm
02 14:22:30:267 Ejecutando interfase VDINTERAGEREDUR
02 14:24:30:290 Empiezo a leer forms vdinterageredur.frm
02 14:24:30:295 Termino parse forms vdinterageredur.frm
02 14:24:30:295 Ejecutando interfase VDINTERAGEREDUR
02 14:26:30:319 Empiezo a leer forms vdinterageredur.frm
02 14:26:30:324 Termino parse forms vdinterageredur.frm
02 14:26:30:324 Ejecutando interfase VDINTERAGEREDUR
02 14:28:30:355 Empiezo a leer forms vdinterageredur.frm
02 14:28:30:372 Termino parse forms vdinterageredur.frm
02 14:28:30:372 Ejecutando interfase VDINTERAGEREDUR
02 14:30:30:387 Empiezo a leer forms vdinterageredur.frm
02 14:30:30:400 Termino parse forms vdinterageredur.frm
02 14:30:30:400 Ejecutando interfase VDINTERAGEREDUR
02 14:32:30:415 Empiezo a leer forms vdinterageredur.frm
02 14:32:30:430 Termino parse forms vdinterageredur.frm
02 14:32:30:430 Ejecutando interfase VDINTERAGEREDUR
02 14:34:30:442 Empiezo a leer forms vdinterageredur.frm
02 14:34:30:459 Termino parse forms vdinterageredur.frm
02 14:34:30:459 Ejecutando interfase VDINTERAGEREDUR
02 14:36:30:490 Empiezo a leer forms vdinterageredur.frm
02 14:36:30:510 Termino parse forms vdinterageredur.frm
02 14:36:30:510 Ejecutando interfase VDINTERAGEREDUR
02 14:38:30:520 Empiezo a leer forms vdinterageredur.frm
02 14:38:30:537 Termino parse forms vdinterageredur.frm
02 14:38:30:537 Ejecutando interfase VDINTERAGEREDUR
02 14:40:30:555 Empiezo a leer forms vdinterageredur.frm
02 14:40:30:555 Termino parse forms vdinterageredur.frm
02 14:40:30:555 Ejecutando interfase VDINTERAGEREDUR
02 14:42:30:580 Empiezo a leer forms vdinterageredur.frm
02 14:42:30:595 Termino parse forms vdinterageredur.frm
02 14:42:30:595 Ejecutando interfase VDINTERAGEREDUR
02 14:44:30:619 Empiezo a leer forms vdinterageredur.frm
02 14:44:30:635 Termino parse forms vdinterageredur.frm
02 14:44:30:635 Ejecutando interfase VDINTERAGEREDUR
02 14:46:30:649 Empiezo a leer forms vdinterageredur.frm
02 14:46:30:659 Termino parse forms vdinterageredur.frm
02 14:46:30:659 Ejecutando interfase VDINTERAGEREDUR
02 14:48:30:682 Empiezo a leer forms vdinterageredur.frm
02 14:48:30:699 Termino parse forms vdinterageredur.frm
02 14:48:30:699 Ejecutando interfase VDINTERAGEREDUR
02 14:50:30:710 Empiezo a leer forms vdinterageredur.frm
02 14:50:30:732 Termino parse forms vdinterageredur.frm
02 14:50:30:732 Ejecutando interfase VDINTERAGEREDUR
02 14:52:30:744 Empiezo a leer forms vdinterageredur.frm
02 14:52:30:744 Termino parse forms vdinterageredur.frm
02 14:52:30:744 Ejecutando interfase VDINTERAGEREDUR
02 14:54:30:769 Empiezo a leer forms vdinterageredur.frm
02 14:54:30:785 Termino parse forms vdinterageredur.frm
02 14:54:30:785 Ejecutando interfase VDINTERAGEREDUR
02 14:56:30:797 Empiezo a leer forms vdinterageredur.frm
02 14:56:30:802 Termino parse forms vdinterageredur.frm
02 14:56:30:802 Ejecutando interfase VDINTERAGEREDUR
02 14:58:30:820 Empiezo a leer forms vdinterageredur.frm
02 14:58:30:834 Termino parse forms vdinterageredur.frm
02 14:58:30:835 Ejecutando interfase VDINTERAGEREDUR
02 15:00:30:859 Empiezo a leer forms vdinterageredur.frm
02 15:00:30:859 Termino parse forms vdinterageredur.frm
02 15:00:30:859 Ejecutando interfase VDINTERAGEREDUR
02 15:02:30:889 Empiezo a leer forms vdinterageredur.frm
02 15:02:30:894 Termino parse forms vdinterageredur.frm
02 15:02:30:894 Ejecutando interfase VDINTERAGEREDUR
02 15:04:30:925 Empiezo a leer forms vdinterageredur.frm
02 15:04:30:940 Termino parse forms vdinterageredur.frm
02 15:04:30:940 Ejecutando interfase VDINTERAGEREDUR
02 15:06:30:962 Empiezo a leer forms vdinterageredur.frm
02 15:06:30:969 Termino parse forms vdinterageredur.frm
02 15:06:30:969 Ejecutando interfase VDINTERAGEREDUR
02 15:08:31:004 Empiezo a leer forms vdinterageredur.frm
02 15:08:31:020 Termino parse forms vdinterageredur.frm
02 15:08:31:020 Ejecutando interfase VDINTERAGEREDUR
02 15:10:31:035 Empiezo a leer forms vdinterageredur.frm
02 15:10:31:050 Termino parse forms vdinterageredur.frm
02 15:10:31:050 Ejecutando interfase VDINTERAGEREDUR
02 16:09:06:009 Empiezo a leer forms vdinterageredur.frm
02 16:09:06:009 Termino parse forms vdinterageredur.frm
02 16:09:06:009 Ejecutando interfase VDINTERAGEREDUR
02 16:11:06:022 Empiezo a leer forms vdinterageredur.frm
02 16:11:06:040 Termino parse forms vdinterageredur.frm
02 16:11:06:040 Ejecutando interfase VDINTERAGEREDUR
02 16:13:06:052 Empiezo a leer forms vdinterageredur.frm
02 16:13:06:067 Termino parse forms vdinterageredur.frm
02 16:13:06:067 Ejecutando interfase VDINTERAGEREDUR
02 16:15:06:090 Empiezo a leer forms vdinterageredur.frm
02 16:15:06:105 Termino parse forms vdinterageredur.frm
02 16:15:06:105 Ejecutando interfase VDINTERAGEREDUR
02 16:17:06:125 Empiezo a leer forms vdinterageredur.frm
02 16:17:06:140 Termino parse forms vdinterageredur.frm
02 16:17:06:140 Ejecutando interfase VDINTERAGEREDUR
02 16:19:06:180 Empiezo a leer forms vdinterageredur.frm
02 16:19:06:184 Termino parse forms vdinterageredur.frm
02 16:19:06:184 Ejecutando interfase VDINTERAGEREDUR
02 16:21:06:210 Empiezo a leer forms vdinterageredur.frm
02 16:21:06:225 Termino parse forms vdinterageredur.frm
02 16:21:06:225 Ejecutando interfase VDINTERAGEREDUR
02 16:23:06:240 Empiezo a leer forms vdinterageredur.frm
02 16:23:06:255 Termino parse forms vdinterageredur.frm
02 16:23:06:255 Ejecutando interfase VDINTERAGEREDUR
02 16:25:06:275 Empiezo a leer forms vdinterageredur.frm
02 16:25:06:292 Termino parse forms vdinterageredur.frm
02 16:25:06:292 Ejecutando interfase VDINTERAGEREDUR
02 16:27:06:310 Empiezo a leer forms vdinterageredur.frm
02 16:27:06:315 Termino parse forms vdinterageredur.frm
02 16:27:06:315 Ejecutando interfase VDINTERAGEREDUR
02 16:29:06:347 Empiezo a leer forms vdinterageredur.frm
02 16:29:06:369 Termino parse forms vdinterageredur.frm
02 16:29:06:369 Ejecutando interfase VDINTERAGEREDUR
02 16:31:06:379 Empiezo a leer forms vdinterageredur.frm
02 16:31:06:379 Termino parse forms vdinterageredur.frm
02 16:31:06:379 Ejecutando interfase VDINTERAGEREDUR
02 16:33:06:405 Empiezo a leer forms vdinterageredur.frm
02 16:33:06:405 Termino parse forms vdinterageredur.frm
02 16:33:06:405 Ejecutando interfase VDINTERAGEREDUR
02 16:35:06:435 Empiezo a leer forms vdinterageredur.frm
02 16:35:06:440 Termino parse forms vdinterageredur.frm
02 16:35:06:440 Ejecutando interfase VDINTERAGEREDUR
02 16:37:06:467 Empiezo a leer forms vdinterageredur.frm
02 16:37:06:487 Termino parse forms vdinterageredur.frm
02 16:37:06:489 Ejecutando interfase VDINTERAGEREDUR
02 16:39:06:517 Empiezo a leer forms vdinterageredur.frm
02 16:39:06:532 Termino parse forms vdinterageredur.frm
02 16:39:06:532 Ejecutando interfase VDINTERAGEREDUR
02 16:41:06:555 Empiezo a leer forms vdinterageredur.frm
02 16:41:06:560 Termino parse forms vdinterageredur.frm
02 16:41:06:560 Ejecutando interfase VDINTERAGEREDUR
02 16:43:06:590 Empiezo a leer forms vdinterageredur.frm
02 16:43:06:590 Termino parse forms vdinterageredur.frm
02 16:43:06:590 Ejecutando interfase VDINTERAGEREDUR
02 16:45:06:615 Empiezo a leer forms vdinterageredur.frm
02 16:45:06:632 Termino parse forms vdinterageredur.frm
02 16:45:06:632 Ejecutando interfase VDINTERAGEREDUR
02 16:47:06:652 Empiezo a leer forms vdinterageredur.frm
02 16:47:06:667 Termino parse forms vdinterageredur.frm
02 16:47:06:667 Ejecutando interfase VDINTERAGEREDUR
02 16:49:06:685 Empiezo a leer forms vdinterageredur.frm
02 16:49:06:700 Termino parse forms vdinterageredur.frm
02 16:49:06:700 Ejecutando interfase VDINTERAGEREDUR
02 16:51:06:720 Empiezo a leer forms vdinterageredur.frm
02 16:51:06:737 Termino parse forms vdinterageredur.frm
02 16:51:06:737 Ejecutando interfase VDINTERAGEREDUR
02 16:53:06:765 Empiezo a leer forms vdinterageredur.frm
02 16:53:06:770 Termino parse forms vdinterageredur.frm
02 16:53:06:770 Ejecutando interfase VDINTERAGEREDUR
02 16:55:06:787 Empiezo a leer forms vdinterageredur.frm
02 16:55:06:797 Termino parse forms vdinterageredur.frm
02 16:55:06:797 Ejecutando interfase VDINTERAGEREDUR
02 16:57:06:802 Empiezo a leer forms vdinterageredur.frm
02 16:57:06:802 Termino parse forms vdinterageredur.frm
02 16:57:06:802 Ejecutando interfase VDINTERAGEREDUR
02 16:59:06:837 Empiezo a leer forms vdinterageredur.frm
02 16:59:06:855 Termino parse forms vdinterageredur.frm
02 16:59:06:855 Ejecutando interfase VDINTERAGEREDUR
02 17:01:06:880 Empiezo a leer forms vdinterageredur.frm
02 17:01:06:885 Termino parse forms vdinterageredur.frm
02 17:01:06:885 Ejecutando interfase VDINTERAGEREDUR
02 17:03:06:905 Empiezo a leer forms vdinterageredur.frm
02 17:03:06:920 Termino parse forms vdinterageredur.frm
02 17:03:06:920 Ejecutando interfase VDINTERAGEREDUR
02 17:05:06:942 Empiezo a leer forms vdinterageredur.frm
02 17:05:06:952 Termino parse forms vdinterageredur.frm
02 17:05:06:952 Ejecutando interfase VDINTERAGEREDUR
02 17:07:06:970 Empiezo a leer forms vdinterageredur.frm
02 17:07:06:990 Termino parse forms vdinterageredur.frm
02 17:07:06:990 Ejecutando interfase VDINTERAGEREDUR
02 17:09:07:009 Empiezo a leer forms vdinterageredur.frm
02 17:09:07:020 Termino parse forms vdinterageredur.frm
02 17:09:07:020 Ejecutando interfase VDINTERAGEREDUR
02 17:11:07:050 Empiezo a leer forms vdinterageredur.frm
02 17:11:07:057 Termino parse forms vdinterageredur.frm
02 17:11:07:057 Ejecutando interfase VDINTERAGEREDUR
02 17:13:07:074 Empiezo a leer forms vdinterageredur.frm
02 17:13:07:079 Termino parse forms vdinterageredur.frm
02 17:13:07:079 Ejecutando interfase VDINTERAGEREDUR
02 17:15:07:109 Empiezo a leer forms vdinterageredur.frm
02 17:15:07:114 Termino parse forms vdinterageredur.frm
02 17:15:07:114 Ejecutando interfase VDINTERAGEREDUR
02 17:17:07:142 Empiezo a leer forms vdinterageredur.frm
02 17:17:07:157 Termino parse forms vdinterageredur.frm
02 17:17:07:157 Ejecutando interfase VDINTERAGEREDUR
02 17:19:07:182 Empiezo a leer forms vdinterageredur.frm
02 17:19:07:202 Termino parse forms vdinterageredur.frm
02 17:19:07:202 Ejecutando interfase VDINTERAGEREDUR
02 17:21:07:222 Empiezo a leer forms vdinterageredur.frm
02 17:21:07:230 Termino parse forms vdinterageredur.frm
02 17:21:07:230 Ejecutando interfase VDINTERAGEREDUR
02 17:23:07:252 Empiezo a leer forms vdinterageredur.frm
02 17:23:07:260 Termino parse forms vdinterageredur.frm
02 17:23:07:262 Ejecutando interfase VDINTERAGEREDUR
02 17:25:07:270 Empiezo a leer forms vdinterageredur.frm
02 17:25:07:285 Termino parse forms vdinterageredur.frm
02 17:25:07:285 Ejecutando interfase VDINTERAGEREDUR
02 17:27:07:295 Empiezo a leer forms vdinterageredur.frm
02 17:27:07:295 Termino parse forms vdinterageredur.frm
02 17:27:07:295 Ejecutando interfase VDINTERAGEREDUR
02 17:29:07:319 Empiezo a leer forms vdinterageredur.frm
02 17:29:07:335 Termino parse forms vdinterageredur.frm
02 17:29:07:335 Ejecutando interfase VDINTERAGEREDUR
02 17:31:07:347 Empiezo a leer forms vdinterageredur.frm
02 17:31:07:355 Termino parse forms vdinterageredur.frm
02 17:31:07:357 Ejecutando interfase VDINTERAGEREDUR
02 17:33:07:384 Empiezo a leer forms vdinterageredur.frm
02 17:33:07:399 Termino parse forms vdinterageredur.frm
02 17:33:07:399 Ejecutando interfase VDINTERAGEREDUR
02 17:35:07:412 Empiezo a leer forms vdinterageredur.frm
02 17:35:07:427 Termino parse forms vdinterageredur.frm
02 17:35:07:427 Ejecutando interfase VDINTERAGEREDUR
02 17:37:07:457 Empiezo a leer forms vdinterageredur.frm
02 17:37:07:472 Termino parse forms vdinterageredur.frm
02 17:37:07:472 Ejecutando interfase VDINTERAGEREDUR
02 17:39:07:494 Empiezo a leer forms vdinterageredur.frm
02 17:39:07:494 Termino parse forms vdinterageredur.frm
02 17:39:07:494 Ejecutando interfase VDINTERAGEREDUR
02 17:41:07:520 Empiezo a leer forms vdinterageredur.frm
02 17:41:07:537 Termino parse forms vdinterageredur.frm
02 17:41:07:537 Ejecutando interfase VDINTERAGEREDUR
02 17:43:07:542 Empiezo a leer forms vdinterageredur.frm
02 17:43:07:549 Termino parse forms vdinterageredur.frm
02 17:43:07:550 Ejecutando interfase VDINTERAGEREDUR
02 17:45:07:555 Empiezo a leer forms vdinterageredur.frm
02 17:45:07:555 Termino parse forms vdinterageredur.frm
02 17:45:07:555 Ejecutando interfase VDINTERAGEREDUR
02 17:47:07:572 Empiezo a leer forms vdinterageredur.frm
02 17:47:07:589 Termino parse forms vdinterageredur.frm
02 17:47:07:589 Ejecutando interfase VDINTERAGEREDUR

00 17:47:53:380 Fichero de log cerrado.

00 17:48:08:277 Fichero de log abierto PID 9384

02 17:48:08:279 Intentando abrir fichero v10.ini
02 17:48:08:284 Cargando driver v10oracle funcion damedriveroracle
02 17:48:08:832 Conectado a base de datos
02 17:48:08:832 Proceso ENVIOREDUR encontrado en tabla VDPROCESOS
02 17:48:09:557 Proceso ENVIOREDUR cargado con función interfasesalida (Librería VDINTERFASES.DLL) direccion 0607CC80
02 17:48:09:559 PLSQL: INICIALIZADO PAQUETE DE LOG EL DIA 27-06-2022
02 17:48:09:564 Actualizado SID 258 SERIAL 41694 del proceso con PID 9384
00 17:48:09:575 Error al abrir fichero VDST.H
02 17:48:09:575 Empiezo a leer forms vdinterageredur.frm
02 17:48:09:594 Termino parse forms vdinterageredur.frm
02 17:48:09:594 Ejecutando interfase VDINTERAGEREDUR
02 17:50:09:615 Empiezo a leer forms vdinterageredur.frm
02 17:50:09:617 Termino parse forms vdinterageredur.frm
02 17:50:09:617 Ejecutando interfase VDINTERAGEREDUR
02 17:52:09:635 Empiezo a leer forms vdinterageredur.frm
02 17:52:09:649 Termino parse forms vdinterageredur.frm
02 17:52:09:649 Ejecutando interfase VDINTERAGEREDUR
02 17:54:09:660 Empiezo a leer forms vdinterageredur.frm
02 17:54:09:677 Termino parse forms vdinterageredur.frm
02 17:54:09:677 Ejecutando interfase VDINTERAGEREDUR
02 17:56:09:702 Empiezo a leer forms vdinterageredur.frm
02 17:56:09:719 Termino parse forms vdinterageredur.frm
02 17:56:09:719 Ejecutando interfase VDINTERAGEREDUR

00 17:57:06:537 Fichero de log cerrado.

