00 09:11:28:306 Fichero de log abierto PID 16776

02 09:11:28:307 Intentando abrir fichero v10.ini
02 09:11:28:313 Cargando driver v10oracle funcion damedriveroracle
02 09:11:28:827 Conectado a base de datos
02 09:11:28:828 Proceso ENVIOMOVIM encontrado en tabla VDPROCESOS
02 09:11:28:836 Proceso ENVIOMOVIM cargado con función interfasesalida (Librería VDINTERFASES.DLL) direccion 0703CC80
02 09:11:28:838 PLSQL: INICIALIZADO PAQUETE DE LOG EL DIA 08-04-2022
02 09:11:28:847 Actualizado SID 877 SERIAL 56826 del proceso con PID 16776
00 09:11:28:852 Error al abrir fichero VDST.H
02 09:11:28:853 Empiezo a leer forms vdintermovim.frm
02 09:11:28:867 Termino parse forms vdintermovim.frm
02 09:11:28:867 Ejecutando interfase VDINTERMOVIM
02 09:13:28:890 Empiezo a leer forms vdintermovim.frm
02 09:13:28:893 Termino parse forms vdintermovim.frm
02 09:13:28:895 Ejecutando interfase VDINTERMOVIM
02 09:15:28:911 Empiezo a leer forms vdintermovim.frm
02 09:15:28:916 Termino parse forms vdintermovim.frm
02 09:15:28:917 Ejecutando interfase VDINTERMOVIM
02 09:17:28:943 Empiezo a leer forms vdintermovim.frm
02 09:17:28:947 Termino parse forms vdintermovim.frm
02 09:17:28:948 Ejecutando interfase VDINTERMOVIM
02 09:19:28:961 Empiezo a leer forms vdintermovim.frm
02 09:19:28:966 Termino parse forms vdintermovim.frm
02 09:19:28:966 Ejecutando interfase VDINTERMOVIM
02 09:21:28:975 Empiezo a leer forms vdintermovim.frm
02 09:21:28:980 Termino parse forms vdintermovim.frm
02 09:21:28:980 Ejecutando interfase VDINTERMOVIM
02 09:23:28:991 Empiezo a leer forms vdintermovim.frm
02 09:23:28:997 Termino parse forms vdintermovim.frm
02 09:23:28:997 Ejecutando interfase VDINTERMOVIM
02 09:25:29:017 Empiezo a leer forms vdintermovim.frm
02 09:25:29:022 Termino parse forms vdintermovim.frm
02 09:25:29:023 Ejecutando interfase VDINTERMOVIM
02 09:27:29:050 Empiezo a leer forms vdintermovim.frm
02 09:27:29:056 Termino parse forms vdintermovim.frm
02 09:27:29:057 Ejecutando interfase VDINTERMOVIM
02 09:29:29:067 Empiezo a leer forms vdintermovim.frm
02 09:29:29:075 Termino parse forms vdintermovim.frm
02 09:29:29:075 Ejecutando interfase VDINTERMOVIM
02 09:31:29:088 Empiezo a leer forms vdintermovim.frm
02 09:31:29:095 Termino parse forms vdintermovim.frm
02 09:31:29:096 Ejecutando interfase VDINTERMOVIM
02 09:33:29:112 Empiezo a leer forms vdintermovim.frm
02 09:33:29:117 Termino parse forms vdintermovim.frm
02 09:33:29:117 Ejecutando interfase VDINTERMOVIM
02 09:35:29:128 Empiezo a leer forms vdintermovim.frm
02 09:35:29:133 Termino parse forms vdintermovim.frm
02 09:35:29:133 Ejecutando interfase VDINTERMOVIM
02 09:37:29:152 Empiezo a leer forms vdintermovim.frm
02 09:37:29:158 Termino parse forms vdintermovim.frm
02 09:37:29:160 Ejecutando interfase VDINTERMOVIM
02 09:39:29:177 Empiezo a leer forms vdintermovim.frm
02 09:39:29:185 Termino parse forms vdintermovim.frm
02 09:39:29:185 Ejecutando interfase VDINTERMOVIM
02 09:41:29:206 Empiezo a leer forms vdintermovim.frm
02 09:41:29:212 Termino parse forms vdintermovim.frm
02 09:41:29:212 Ejecutando interfase VDINTERMOVIM
02 09:43:29:222 Empiezo a leer forms vdintermovim.frm
02 09:43:29:226 Termino parse forms vdintermovim.frm
02 09:43:29:226 Ejecutando interfase VDINTERMOVIM
02 09:45:29:243 Empiezo a leer forms vdintermovim.frm
02 09:45:29:247 Termino parse forms vdintermovim.frm
02 09:45:29:247 Ejecutando interfase VDINTERMOVIM
02 09:47:29:252 Empiezo a leer forms vdintermovim.frm
02 09:47:29:257 Termino parse forms vdintermovim.frm
02 09:47:29:257 Ejecutando interfase VDINTERMOVIM
02 09:49:29:278 Empiezo a leer forms vdintermovim.frm
02 09:49:29:285 Termino parse forms vdintermovim.frm
02 09:49:29:286 Ejecutando interfase VDINTERMOVIM
02 09:51:29:297 Empiezo a leer forms vdintermovim.frm
02 09:51:29:302 Termino parse forms vdintermovim.frm
02 09:51:29:302 Ejecutando interfase VDINTERMOVIM
02 09:53:29:327 Empiezo a leer forms vdintermovim.frm
02 09:53:29:333 Termino parse forms vdintermovim.frm
02 09:53:29:333 Ejecutando interfase VDINTERMOVIM
02 09:55:29:357 Empiezo a leer forms vdintermovim.frm
02 09:55:29:362 Termino parse forms vdintermovim.frm
02 09:55:29:363 Ejecutando interfase VDINTERMOVIM
02 09:57:29:382 Empiezo a leer forms vdintermovim.frm
02 09:57:29:387 Termino parse forms vdintermovim.frm
02 09:57:29:387 Ejecutando interfase VDINTERMOVIM
02 09:59:29:405 Empiezo a leer forms vdintermovim.frm
02 09:59:29:408 Termino parse forms vdintermovim.frm
02 09:59:29:410 Ejecutando interfase VDINTERMOVIM
02 10:01:29:427 Empiezo a leer forms vdintermovim.frm
02 10:01:29:432 Termino parse forms vdintermovim.frm
02 10:01:29:432 Ejecutando interfase VDINTERMOVIM
02 10:03:29:447 Empiezo a leer forms vdintermovim.frm
02 10:03:29:455 Termino parse forms vdintermovim.frm
02 10:03:29:455 Ejecutando interfase VDINTERMOVIM
02 10:05:29:468 Empiezo a leer forms vdintermovim.frm
02 10:05:29:475 Termino parse forms vdintermovim.frm
02 10:05:29:476 Ejecutando interfase VDINTERMOVIM
02 10:07:29:493 Empiezo a leer forms vdintermovim.frm
02 10:07:29:500 Termino parse forms vdintermovim.frm
02 10:07:29:500 Ejecutando interfase VDINTERMOVIM
02 10:09:29:518 Empiezo a leer forms vdintermovim.frm
02 10:09:29:525 Termino parse forms vdintermovim.frm
02 10:09:29:525 Ejecutando interfase VDINTERMOVIM
02 10:11:29:542 Empiezo a leer forms vdintermovim.frm
02 10:11:29:547 Termino parse forms vdintermovim.frm
02 10:11:29:548 Ejecutando interfase VDINTERMOVIM
02 10:13:29:570 Empiezo a leer forms vdintermovim.frm
02 10:13:29:576 Termino parse forms vdintermovim.frm
02 10:13:29:577 Ejecutando interfase VDINTERMOVIM
02 10:15:29:598 Empiezo a leer forms vdintermovim.frm
02 10:15:29:605 Termino parse forms vdintermovim.frm
02 10:15:29:605 Ejecutando interfase VDINTERMOVIM
02 10:17:29:612 Empiezo a leer forms vdintermovim.frm
02 10:17:29:617 Termino parse forms vdintermovim.frm
02 10:17:29:617 Ejecutando interfase VDINTERMOVIM
02 10:19:29:625 Empiezo a leer forms vdintermovim.frm
02 10:19:29:632 Termino parse forms vdintermovim.frm
02 10:19:29:632 Ejecutando interfase VDINTERMOVIM
02 10:21:29:642 Empiezo a leer forms vdintermovim.frm
02 10:21:29:647 Termino parse forms vdintermovim.frm
02 10:21:29:647 Ejecutando interfase VDINTERMOVIM
02 10:23:29:655 Empiezo a leer forms vdintermovim.frm
02 10:23:29:661 Termino parse forms vdintermovim.frm
02 10:23:29:661 Ejecutando interfase VDINTERMOVIM
02 10:25:29:682 Empiezo a leer forms vdintermovim.frm
02 10:25:29:688 Termino parse forms vdintermovim.frm
02 10:25:29:688 Ejecutando interfase VDINTERMOVIM
02 10:27:29:700 Empiezo a leer forms vdintermovim.frm
02 10:27:29:703 Termino parse forms vdintermovim.frm
02 10:27:29:703 Ejecutando interfase VDINTERMOVIM
02 10:29:29:722 Empiezo a leer forms vdintermovim.frm
02 10:29:29:723 Termino parse forms vdintermovim.frm
02 10:29:29:723 Ejecutando interfase VDINTERMOVIM
02 10:31:29:737 Empiezo a leer forms vdintermovim.frm
02 10:31:29:743 Termino parse forms vdintermovim.frm
02 10:31:29:745 Ejecutando interfase VDINTERMOVIM
02 10:33:29:755 Empiezo a leer forms vdintermovim.frm
02 10:33:29:761 Termino parse forms vdintermovim.frm
02 10:33:29:762 Ejecutando interfase VDINTERMOVIM
02 10:35:29:775 Empiezo a leer forms vdintermovim.frm
02 10:35:29:781 Termino parse forms vdintermovim.frm
02 10:35:29:782 Ejecutando interfase VDINTERMOVIM
02 10:37:28:710 Empiezo a leer forms vdintermovim.frm
02 10:37:28:712 Termino parse forms vdintermovim.frm
02 10:37:28:712 Ejecutando interfase VDINTERMOVIM
02 10:39:28:731 Empiezo a leer forms vdintermovim.frm
02 10:39:28:737 Termino parse forms vdintermovim.frm
02 10:39:28:737 Ejecutando interfase VDINTERMOVIM
02 10:41:28:753 Empiezo a leer forms vdintermovim.frm
02 10:41:28:757 Termino parse forms vdintermovim.frm
02 10:41:28:757 Ejecutando interfase VDINTERMOVIM
02 10:43:28:780 Empiezo a leer forms vdintermovim.frm
02 10:43:28:786 Termino parse forms vdintermovim.frm
02 10:43:28:787 Ejecutando interfase VDINTERMOVIM
02 10:45:28:798 Empiezo a leer forms vdintermovim.frm
02 10:45:28:805 Termino parse forms vdintermovim.frm
02 10:45:28:806 Ejecutando interfase VDINTERMOVIM
02 10:47:28:828 Empiezo a leer forms vdintermovim.frm
02 10:47:28:832 Termino parse forms vdintermovim.frm
02 10:47:28:832 Ejecutando interfase VDINTERMOVIM
02 10:49:28:847 Empiezo a leer forms vdintermovim.frm
02 10:49:28:853 Termino parse forms vdintermovim.frm
02 10:49:28:853 Ejecutando interfase VDINTERMOVIM
02 10:51:28:865 Empiezo a leer forms vdintermovim.frm
02 10:51:28:871 Termino parse forms vdintermovim.frm
02 10:51:28:872 Ejecutando interfase VDINTERMOVIM
02 10:53:28:883 Empiezo a leer forms vdintermovim.frm
02 10:53:28:890 Termino parse forms vdintermovim.frm
02 10:53:28:891 Ejecutando interfase VDINTERMOVIM
02 10:55:28:910 Empiezo a leer forms vdintermovim.frm
02 10:55:28:913 Termino parse forms vdintermovim.frm
02 10:55:28:913 Ejecutando interfase VDINTERMOVIM
02 10:57:28:925 Empiezo a leer forms vdintermovim.frm
02 10:57:28:927 Termino parse forms vdintermovim.frm
02 10:57:28:928 Ejecutando interfase VDINTERMOVIM
02 10:59:28:941 Empiezo a leer forms vdintermovim.frm
02 10:59:28:946 Termino parse forms vdintermovim.frm
02 10:59:28:946 Ejecutando interfase VDINTERMOVIM
02 11:01:28:963 Empiezo a leer forms vdintermovim.frm
02 11:01:28:967 Termino parse forms vdintermovim.frm
02 11:01:28:967 Ejecutando interfase VDINTERMOVIM
02 11:03:28:982 Empiezo a leer forms vdintermovim.frm
02 11:03:28:986 Termino parse forms vdintermovim.frm
02 11:03:28:986 Ejecutando interfase VDINTERMOVIM
02 11:05:29:003 Empiezo a leer forms vdintermovim.frm
02 11:05:29:007 Termino parse forms vdintermovim.frm
02 11:05:29:007 Ejecutando interfase VDINTERMOVIM
02 11:38:45:207 Empiezo a leer forms vdintermovim.frm
02 11:38:45:211 Termino parse forms vdintermovim.frm
02 11:38:45:211 Ejecutando interfase VDINTERMOVIM
02 11:40:45:220 Empiezo a leer forms vdintermovim.frm
02 11:40:45:222 Termino parse forms vdintermovim.frm
02 11:40:45:222 Ejecutando interfase VDINTERMOVIM
02 11:42:45:244 Empiezo a leer forms vdintermovim.frm
02 11:42:45:247 Termino parse forms vdintermovim.frm
02 11:42:45:247 Ejecutando interfase VDINTERMOVIM
02 11:44:45:255 Empiezo a leer forms vdintermovim.frm
02 11:44:45:257 Termino parse forms vdintermovim.frm
02 11:44:45:257 Ejecutando interfase VDINTERMOVIM
02 11:46:45:270 Empiezo a leer forms vdintermovim.frm
02 11:46:45:275 Termino parse forms vdintermovim.frm
02 11:46:45:275 Ejecutando interfase VDINTERMOVIM
02 11:48:45:287 Empiezo a leer forms vdintermovim.frm
02 11:48:45:290 Termino parse forms vdintermovim.frm
02 11:48:45:292 Ejecutando interfase VDINTERMOVIM
02 11:50:45:302 Empiezo a leer forms vdintermovim.frm
02 11:50:45:307 Termino parse forms vdintermovim.frm
02 11:50:45:307 Ejecutando interfase VDINTERMOVIM
02 11:52:45:322 Empiezo a leer forms vdintermovim.frm
02 11:52:45:327 Termino parse forms vdintermovim.frm
02 11:52:45:327 Ejecutando interfase VDINTERMOVIM
02 11:54:45:342 Empiezo a leer forms vdintermovim.frm
02 11:54:45:345 Termino parse forms vdintermovim.frm
02 11:54:45:345 Ejecutando interfase VDINTERMOVIM
02 11:56:45:357 Empiezo a leer forms vdintermovim.frm
02 11:56:45:362 Termino parse forms vdintermovim.frm
02 11:56:45:362 Ejecutando interfase VDINTERMOVIM
02 11:58:45:382 Empiezo a leer forms vdintermovim.frm
02 11:58:45:387 Termino parse forms vdintermovim.frm
02 11:58:45:387 Ejecutando interfase VDINTERMOVIM
02 12:00:45:402 Empiezo a leer forms vdintermovim.frm
02 12:00:45:407 Termino parse forms vdintermovim.frm
02 12:00:45:407 Ejecutando interfase VDINTERMOVIM
02 12:02:45:417 Empiezo a leer forms vdintermovim.frm
02 12:02:45:422 Termino parse forms vdintermovim.frm
02 12:02:45:422 Ejecutando interfase VDINTERMOVIM
02 12:04:45:440 Empiezo a leer forms vdintermovim.frm
02 12:04:45:444 Termino parse forms vdintermovim.frm
02 12:04:45:445 Ejecutando interfase VDINTERMOVIM
02 12:06:45:464 Empiezo a leer forms vdintermovim.frm
02 12:06:45:467 Termino parse forms vdintermovim.frm
02 12:06:45:469 Ejecutando interfase VDINTERMOVIM
02 12:08:45:482 Empiezo a leer forms vdintermovim.frm
02 12:08:45:485 Termino parse forms vdintermovim.frm
02 12:08:45:487 Ejecutando interfase VDINTERMOVIM
02 12:10:45:505 Empiezo a leer forms vdintermovim.frm
02 12:10:45:510 Termino parse forms vdintermovim.frm
02 12:10:45:510 Ejecutando interfase VDINTERMOVIM
02 12:12:45:524 Empiezo a leer forms vdintermovim.frm
02 12:12:45:530 Termino parse forms vdintermovim.frm
02 12:12:45:530 Ejecutando interfase VDINTERMOVIM
02 12:14:45:544 Empiezo a leer forms vdintermovim.frm
02 12:14:45:547 Termino parse forms vdintermovim.frm
02 12:14:45:547 Ejecutando interfase VDINTERMOVIM
02 12:16:45:567 Empiezo a leer forms vdintermovim.frm
02 12:16:45:572 Termino parse forms vdintermovim.frm
02 12:16:45:572 Ejecutando interfase VDINTERMOVIM
02 12:18:45:592 Empiezo a leer forms vdintermovim.frm
02 12:18:45:600 Termino parse forms vdintermovim.frm
02 12:18:45:600 Ejecutando interfase VDINTERMOVIM
02 12:20:45:615 Empiezo a leer forms vdintermovim.frm
02 12:20:45:619 Termino parse forms vdintermovim.frm
02 12:20:45:619 Ejecutando interfase VDINTERMOVIM
02 12:22:45:635 Empiezo a leer forms vdintermovim.frm
02 12:22:45:642 Termino parse forms vdintermovim.frm
02 12:22:45:642 Ejecutando interfase VDINTERMOVIM
02 12:24:45:652 Empiezo a leer forms vdintermovim.frm
02 12:24:45:657 Termino parse forms vdintermovim.frm
02 12:24:45:657 Ejecutando interfase VDINTERMOVIM
02 12:26:45:679 Empiezo a leer forms vdintermovim.frm
02 12:26:45:684 Termino parse forms vdintermovim.frm
02 12:26:45:684 Ejecutando interfase VDINTERMOVIM
02 12:28:45:694 Empiezo a leer forms vdintermovim.frm
02 12:28:45:697 Termino parse forms vdintermovim.frm
02 12:28:45:697 Ejecutando interfase VDINTERMOVIM
02 12:30:45:704 Empiezo a leer forms vdintermovim.frm
02 12:30:45:707 Termino parse forms vdintermovim.frm
02 12:30:45:707 Ejecutando interfase VDINTERMOVIM
02 12:32:45:720 Empiezo a leer forms vdintermovim.frm
02 12:32:45:724 Termino parse forms vdintermovim.frm
02 12:32:45:724 Ejecutando interfase VDINTERMOVIM
02 12:34:45:745 Empiezo a leer forms vdintermovim.frm
02 12:34:45:750 Termino parse forms vdintermovim.frm
02 12:34:45:750 Ejecutando interfase VDINTERMOVIM
02 12:36:45:762 Empiezo a leer forms vdintermovim.frm
02 12:36:45:765 Termino parse forms vdintermovim.frm
02 12:36:45:767 Ejecutando interfase VDINTERMOVIM
02 12:38:45:780 Empiezo a leer forms vdintermovim.frm
02 12:38:45:784 Termino parse forms vdintermovim.frm
02 12:38:45:784 Ejecutando interfase VDINTERMOVIM
02 12:40:45:792 Empiezo a leer forms vdintermovim.frm
02 12:40:45:797 Termino parse forms vdintermovim.frm
02 12:40:45:797 Ejecutando interfase VDINTERMOVIM
02 12:42:45:810 Empiezo a leer forms vdintermovim.frm
02 12:42:45:815 Termino parse forms vdintermovim.frm
02 12:42:45:815 Ejecutando interfase VDINTERMOVIM
02 12:44:45:832 Empiezo a leer forms vdintermovim.frm
02 12:44:45:837 Termino parse forms vdintermovim.frm
02 12:44:45:837 Ejecutando interfase VDINTERMOVIM
02 12:46:45:854 Empiezo a leer forms vdintermovim.frm
02 12:46:45:860 Termino parse forms vdintermovim.frm
02 12:46:45:860 Ejecutando interfase VDINTERMOVIM
02 12:48:45:870 Empiezo a leer forms vdintermovim.frm
02 12:48:45:875 Termino parse forms vdintermovim.frm
02 12:48:45:875 Ejecutando interfase VDINTERMOVIM
02 12:50:45:887 Empiezo a leer forms vdintermovim.frm
02 12:50:45:890 Termino parse forms vdintermovim.frm
02 12:50:45:890 Ejecutando interfase VDINTERMOVIM
02 12:52:45:912 Empiezo a leer forms vdintermovim.frm
02 12:52:45:917 Termino parse forms vdintermovim.frm
02 12:52:45:917 Ejecutando interfase VDINTERMOVIM
02 12:54:45:927 Empiezo a leer forms vdintermovim.frm
02 12:54:45:932 Termino parse forms vdintermovim.frm
02 12:54:45:932 Ejecutando interfase VDINTERMOVIM
02 12:56:45:952 Empiezo a leer forms vdintermovim.frm
02 12:56:45:957 Termino parse forms vdintermovim.frm
02 12:56:45:959 Ejecutando interfase VDINTERMOVIM
02 12:58:45:972 Empiezo a leer forms vdintermovim.frm
02 12:58:45:977 Termino parse forms vdintermovim.frm
02 12:58:45:979 Ejecutando interfase VDINTERMOVIM
02 13:00:45:989 Empiezo a leer forms vdintermovim.frm
02 13:00:45:994 Termino parse forms vdintermovim.frm
02 13:00:45:994 Ejecutando interfase VDINTERMOVIM
02 13:02:46:015 Empiezo a leer forms vdintermovim.frm
02 13:02:46:020 Termino parse forms vdintermovim.frm
02 13:02:46:020 Ejecutando interfase VDINTERMOVIM
02 13:04:46:037 Empiezo a leer forms vdintermovim.frm
02 13:04:46:042 Termino parse forms vdintermovim.frm
02 13:04:46:042 Ejecutando interfase VDINTERMOVIM
02 13:06:46:054 Empiezo a leer forms vdintermovim.frm
02 13:06:46:057 Termino parse forms vdintermovim.frm
02 13:06:46:057 Ejecutando interfase VDINTERMOVIM
02 13:08:46:079 Empiezo a leer forms vdintermovim.frm
02 13:08:46:084 Termino parse forms vdintermovim.frm
02 13:08:46:085 Ejecutando interfase VDINTERMOVIM
02 13:10:46:100 Empiezo a leer forms vdintermovim.frm
02 13:10:46:107 Termino parse forms vdintermovim.frm
02 13:10:46:107 Ejecutando interfase VDINTERMOVIM
02 13:12:46:122 Empiezo a leer forms vdintermovim.frm
02 13:12:46:127 Termino parse forms vdintermovim.frm
02 13:12:46:129 Ejecutando interfase VDINTERMOVIM
02 13:14:46:140 Empiezo a leer forms vdintermovim.frm
02 13:14:46:145 Termino parse forms vdintermovim.frm
02 13:14:46:145 Ejecutando interfase VDINTERMOVIM
02 13:16:46:157 Empiezo a leer forms vdintermovim.frm
02 13:16:46:162 Termino parse forms vdintermovim.frm
02 13:16:46:162 Ejecutando interfase VDINTERMOVIM
02 13:18:46:180 Empiezo a leer forms vdintermovim.frm
02 13:18:46:185 Termino parse forms vdintermovim.frm
02 13:18:46:185 Ejecutando interfase VDINTERMOVIM
02 13:20:46:202 Empiezo a leer forms vdintermovim.frm
02 13:20:46:207 Termino parse forms vdintermovim.frm
02 13:20:46:207 Ejecutando interfase VDINTERMOVIM
02 13:22:46:225 Empiezo a leer forms vdintermovim.frm
02 13:22:46:229 Termino parse forms vdintermovim.frm
02 13:22:46:229 Ejecutando interfase VDINTERMOVIM
02 13:24:46:250 Empiezo a leer forms vdintermovim.frm
02 13:24:46:254 Termino parse forms vdintermovim.frm
02 13:24:46:255 Ejecutando interfase VDINTERMOVIM
02 13:26:46:274 Empiezo a leer forms vdintermovim.frm
02 13:26:46:277 Termino parse forms vdintermovim.frm
02 13:26:46:277 Ejecutando interfase VDINTERMOVIM
02 13:28:46:297 Empiezo a leer forms vdintermovim.frm
02 13:28:46:302 Termino parse forms vdintermovim.frm
02 13:28:46:304 Ejecutando interfase VDINTERMOVIM
02 13:30:46:327 Empiezo a leer forms vdintermovim.frm
02 13:30:46:334 Termino parse forms vdintermovim.frm
02 13:30:46:335 Ejecutando interfase VDINTERMOVIM
02 13:32:46:355 Empiezo a leer forms vdintermovim.frm
02 13:32:46:362 Termino parse forms vdintermovim.frm
02 13:32:46:362 Ejecutando interfase VDINTERMOVIM
02 13:34:46:375 Empiezo a leer forms vdintermovim.frm
02 13:34:46:380 Termino parse forms vdintermovim.frm
02 13:34:46:380 Ejecutando interfase VDINTERMOVIM
02 13:36:46:389 Empiezo a leer forms vdintermovim.frm
02 13:36:46:395 Termino parse forms vdintermovim.frm
02 13:36:46:395 Ejecutando interfase VDINTERMOVIM
02 13:38:46:405 Empiezo a leer forms vdintermovim.frm
02 13:38:46:409 Termino parse forms vdintermovim.frm
02 13:38:46:410 Ejecutando interfase VDINTERMOVIM
02 13:40:46:430 Empiezo a leer forms vdintermovim.frm
02 13:40:46:435 Termino parse forms vdintermovim.frm
02 13:40:46:435 Ejecutando interfase VDINTERMOVIM
02 13:42:46:454 Empiezo a leer forms vdintermovim.frm
02 13:42:46:457 Termino parse forms vdintermovim.frm
02 13:42:46:459 Ejecutando interfase VDINTERMOVIM
02 13:44:46:469 Empiezo a leer forms vdintermovim.frm
02 13:44:46:475 Termino parse forms vdintermovim.frm
02 13:44:46:475 Ejecutando interfase VDINTERMOVIM
02 13:46:46:485 Empiezo a leer forms vdintermovim.frm
02 13:46:46:492 Termino parse forms vdintermovim.frm
02 13:46:46:492 Ejecutando interfase VDINTERMOVIM
02 13:48:46:512 Empiezo a leer forms vdintermovim.frm
02 13:48:46:515 Termino parse forms vdintermovim.frm
02 13:48:46:517 Ejecutando interfase VDINTERMOVIM
02 13:50:46:535 Empiezo a leer forms vdintermovim.frm
02 13:50:46:540 Termino parse forms vdintermovim.frm
02 13:50:46:540 Ejecutando interfase VDINTERMOVIM
02 13:52:46:555 Empiezo a leer forms vdintermovim.frm
02 13:52:46:560 Termino parse forms vdintermovim.frm
02 13:52:46:560 Ejecutando interfase VDINTERMOVIM
02 13:54:46:570 Empiezo a leer forms vdintermovim.frm
02 13:54:46:574 Termino parse forms vdintermovim.frm
02 13:54:46:575 Ejecutando interfase VDINTERMOVIM
02 13:56:46:590 Empiezo a leer forms vdintermovim.frm
02 13:56:46:595 Termino parse forms vdintermovim.frm
02 13:56:46:595 Ejecutando interfase VDINTERMOVIM
02 13:58:46:617 Empiezo a leer forms vdintermovim.frm
02 13:58:46:617 Termino parse forms vdintermovim.frm
02 13:58:46:617 Ejecutando interfase VDINTERMOVIM

00 13:59:39:792 Fichero de log cerrado.

