00 09:04:44:895 Fichero de log abierto PID 12268

02 09:04:44:897 Intentando abrir fichero v10.ini
02 09:04:44:906 Cargando driver v10oracle funcion damedriveroracle
02 09:04:45:900 Conectado a base de datos
02 09:04:45:901 Proceso ENVIOREDUR encontrado en tabla VDPROCESOS
02 09:04:45:906 Proceso ENVIOREDUR cargado con función interfasesalida (Librería VDINTERFASES.DLL) direccion 0704CC80
02 09:04:45:907 PLSQL: INICIALIZADO PAQUETE DE LOG EL DIA 25-03-2022
02 09:04:45:917 Actualizado SID 137 SERIAL 39359 del proceso con PID 12268
00 09:04:45:922 Error al abrir fichero VDST.H
02 09:04:45:932 Empiezo a leer forms vdinterageredur.frm
02 09:04:45:972 Termino parse forms vdinterageredur.frm
02 09:04:45:972 Ejecutando interfase VDINTERAGEREDUR
02 09:06:45:983 Empiezo a leer forms vdinterageredur.frm
02 09:06:45:992 Termino parse forms vdinterageredur.frm
02 09:06:45:992 Ejecutando interfase VDINTERAGEREDUR
02 09:08:46:000 Empiezo a leer forms vdinterageredur.frm
02 09:08:46:007 Termino parse forms vdinterageredur.frm
02 09:08:46:008 Ejecutando interfase VDINTERAGEREDUR
02 09:10:46:025 Empiezo a leer forms vdinterageredur.frm
02 09:10:46:031 Termino parse forms vdinterageredur.frm
02 09:10:46:031 Ejecutando interfase VDINTERAGEREDUR
02 09:12:46:051 Empiezo a leer forms vdinterageredur.frm
02 09:12:46:057 Termino parse forms vdinterageredur.frm
02 09:12:46:057 Ejecutando interfase VDINTERAGEREDUR
02 09:14:46:072 Empiezo a leer forms vdinterageredur.frm
02 09:14:46:080 Termino parse forms vdinterageredur.frm
02 09:14:46:080 Ejecutando interfase VDINTERAGEREDUR
02 09:16:46:102 Empiezo a leer forms vdinterageredur.frm
02 09:16:46:107 Termino parse forms vdinterageredur.frm
02 09:16:46:107 Ejecutando interfase VDINTERAGEREDUR
02 09:18:46:116 Empiezo a leer forms vdinterageredur.frm
02 09:18:46:127 Termino parse forms vdinterageredur.frm
02 09:18:46:127 Ejecutando interfase VDINTERAGEREDUR
02 09:20:46:141 Empiezo a leer forms vdinterageredur.frm
02 09:20:46:148 Termino parse forms vdinterageredur.frm
02 09:20:46:148 Ejecutando interfase VDINTERAGEREDUR
02 09:22:46:161 Empiezo a leer forms vdinterageredur.frm
02 09:22:46:168 Termino parse forms vdinterageredur.frm
02 09:22:46:168 Ejecutando interfase VDINTERAGEREDUR
02 09:24:46:182 Empiezo a leer forms vdinterageredur.frm
02 09:24:46:191 Termino parse forms vdinterageredur.frm
02 09:24:46:191 Ejecutando interfase VDINTERAGEREDUR
02 09:26:46:211 Empiezo a leer forms vdinterageredur.frm
02 09:26:46:225 Termino parse forms vdinterageredur.frm
02 09:26:46:225 Ejecutando interfase VDINTERAGEREDUR
02 09:28:46:247 Empiezo a leer forms vdinterageredur.frm
02 09:28:46:262 Termino parse forms vdinterageredur.frm
02 09:28:46:262 Ejecutando interfase VDINTERAGEREDUR
02 09:30:46:278 Empiezo a leer forms vdinterageredur.frm
02 09:30:46:287 Termino parse forms vdinterageredur.frm
02 09:30:46:287 Ejecutando interfase VDINTERAGEREDUR
02 09:32:46:311 Empiezo a leer forms vdinterageredur.frm
02 09:32:46:317 Termino parse forms vdinterageredur.frm
02 09:32:46:317 Ejecutando interfase VDINTERAGEREDUR
02 09:34:46:332 Empiezo a leer forms vdinterageredur.frm
02 09:34:46:346 Termino parse forms vdinterageredur.frm
02 09:34:46:346 Ejecutando interfase VDINTERAGEREDUR
02 09:36:46:352 Empiezo a leer forms vdinterageredur.frm
02 09:36:46:367 Termino parse forms vdinterageredur.frm
02 09:36:46:367 Ejecutando interfase VDINTERAGEREDUR

00 09:37:54:926 Fichero de log cerrado.

00 09:38:20:092 Fichero de log abierto PID 16132

02 09:38:20:095 Intentando abrir fichero v10.ini
02 09:38:20:102 Cargando driver v10oracle funcion damedriveroracle
02 09:38:21:001 Conectado a base de datos
02 09:38:21:003 Proceso ENVIOREDUR encontrado en tabla VDPROCESOS
02 09:38:21:010 Proceso ENVIOREDUR cargado con función interfasesalida (Librería VDINTERFASES.DLL) direccion 065FCC80
02 09:38:21:013 PLSQL: INICIALIZADO PAQUETE DE LOG EL DIA 25-03-2022
02 09:38:21:023 Actualizado SID 19 SERIAL 21937 del proceso con PID 16132
00 09:38:21:030 Error al abrir fichero VDST.H
02 09:38:21:031 Empiezo a leer forms vdinterageredur.frm
02 09:38:21:080 Termino parse forms vdinterageredur.frm
02 09:38:21:080 Ejecutando interfase VDINTERAGEREDUR
02 09:40:21:102 Empiezo a leer forms vdinterageredur.frm
02 09:40:21:108 Termino parse forms vdinterageredur.frm
02 09:40:21:108 Ejecutando interfase VDINTERAGEREDUR
02 09:42:21:118 Empiezo a leer forms vdinterageredur.frm
02 09:42:21:133 Termino parse forms vdinterageredur.frm
02 09:42:21:133 Ejecutando interfase VDINTERAGEREDUR
02 09:44:21:147 Empiezo a leer forms vdinterageredur.frm
02 09:44:21:167 Termino parse forms vdinterageredur.frm
02 09:44:21:167 Ejecutando interfase VDINTERAGEREDUR
02 09:46:21:186 Empiezo a leer forms vdinterageredur.frm
02 09:46:21:202 Termino parse forms vdinterageredur.frm
02 09:46:21:202 Ejecutando interfase VDINTERAGEREDUR
02 09:48:21:222 Empiezo a leer forms vdinterageredur.frm
02 09:48:21:231 Termino parse forms vdinterageredur.frm
02 09:48:21:231 Ejecutando interfase VDINTERAGEREDUR
02 09:50:21:247 Empiezo a leer forms vdinterageredur.frm
02 09:50:21:256 Termino parse forms vdinterageredur.frm
02 09:50:21:256 Ejecutando interfase VDINTERAGEREDUR
02 09:52:21:277 Empiezo a leer forms vdinterageredur.frm
02 09:52:21:286 Termino parse forms vdinterageredur.frm
02 09:52:21:286 Ejecutando interfase VDINTERAGEREDUR
02 09:54:21:305 Empiezo a leer forms vdinterageredur.frm
02 09:54:21:313 Termino parse forms vdinterageredur.frm
02 09:54:21:313 Ejecutando interfase VDINTERAGEREDUR
02 09:56:21:331 Empiezo a leer forms vdinterageredur.frm
02 09:56:21:337 Termino parse forms vdinterageredur.frm
02 09:56:21:337 Ejecutando interfase VDINTERAGEREDUR
02 09:58:21:357 Empiezo a leer forms vdinterageredur.frm
02 09:58:21:365 Termino parse forms vdinterageredur.frm
02 09:58:21:366 Ejecutando interfase VDINTERAGEREDUR
02 10:00:21:377 Empiezo a leer forms vdinterageredur.frm
02 10:00:21:388 Termino parse forms vdinterageredur.frm
02 10:00:21:390 Ejecutando interfase VDINTERAGEREDUR
02 10:02:21:402 Empiezo a leer forms vdinterageredur.frm
02 10:02:21:411 Termino parse forms vdinterageredur.frm
02 10:02:21:411 Ejecutando interfase VDINTERAGEREDUR
02 10:04:21:430 Empiezo a leer forms vdinterageredur.frm
02 10:04:21:437 Termino parse forms vdinterageredur.frm
02 10:04:21:437 Ejecutando interfase VDINTERAGEREDUR
02 10:06:21:452 Empiezo a leer forms vdinterageredur.frm
02 10:06:21:461 Termino parse forms vdinterageredur.frm
02 10:06:21:461 Ejecutando interfase VDINTERAGEREDUR
02 10:08:21:470 Empiezo a leer forms vdinterageredur.frm
02 10:08:21:477 Termino parse forms vdinterageredur.frm
02 10:08:21:477 Ejecutando interfase VDINTERAGEREDUR
02 10:10:21:483 Empiezo a leer forms vdinterageredur.frm
02 10:10:21:496 Termino parse forms vdinterageredur.frm
02 10:10:21:497 Ejecutando interfase VDINTERAGEREDUR
02 10:12:21:512 Empiezo a leer forms vdinterageredur.frm
02 10:12:21:522 Termino parse forms vdinterageredur.frm
02 10:12:21:523 Ejecutando interfase VDINTERAGEREDUR
02 10:14:21:536 Empiezo a leer forms vdinterageredur.frm
02 10:14:21:543 Termino parse forms vdinterageredur.frm
02 10:14:21:545 Ejecutando interfase VDINTERAGEREDUR
02 10:16:21:557 Empiezo a leer forms vdinterageredur.frm
02 10:16:21:563 Termino parse forms vdinterageredur.frm
02 10:16:21:563 Ejecutando interfase VDINTERAGEREDUR
02 10:18:21:578 Empiezo a leer forms vdinterageredur.frm
02 10:18:21:590 Termino parse forms vdinterageredur.frm
02 10:18:21:590 Ejecutando interfase VDINTERAGEREDUR
02 10:20:21:601 Empiezo a leer forms vdinterageredur.frm
02 10:20:21:612 Termino parse forms vdinterageredur.frm
02 10:20:21:612 Ejecutando interfase VDINTERAGEREDUR
02 10:22:21:623 Empiezo a leer forms vdinterageredur.frm
02 10:22:21:633 Termino parse forms vdinterageredur.frm
02 10:22:21:633 Ejecutando interfase VDINTERAGEREDUR
02 10:24:21:652 Empiezo a leer forms vdinterageredur.frm
02 10:24:21:660 Termino parse forms vdinterageredur.frm
02 10:24:21:660 Ejecutando interfase VDINTERAGEREDUR
02 10:26:21:670 Empiezo a leer forms vdinterageredur.frm
02 10:26:21:677 Termino parse forms vdinterageredur.frm
02 10:26:21:677 Ejecutando interfase VDINTERAGEREDUR
02 10:28:21:687 Empiezo a leer forms vdinterageredur.frm
02 10:28:21:700 Termino parse forms vdinterageredur.frm
02 10:28:21:700 Ejecutando interfase VDINTERAGEREDUR
02 10:30:21:712 Empiezo a leer forms vdinterageredur.frm
02 10:30:21:722 Termino parse forms vdinterageredur.frm
02 10:30:21:722 Ejecutando interfase VDINTERAGEREDUR
02 10:32:21:741 Empiezo a leer forms vdinterageredur.frm
02 10:32:21:752 Termino parse forms vdinterageredur.frm
02 10:32:21:752 Ejecutando interfase VDINTERAGEREDUR
02 10:34:21:767 Empiezo a leer forms vdinterageredur.frm
02 10:34:21:781 Termino parse forms vdinterageredur.frm
02 10:34:21:782 Ejecutando interfase VDINTERAGEREDUR
02 10:36:21:798 Empiezo a leer forms vdinterageredur.frm
02 10:36:21:808 Termino parse forms vdinterageredur.frm
02 10:36:21:808 Ejecutando interfase VDINTERAGEREDUR
02 10:38:21:820 Empiezo a leer forms vdinterageredur.frm
02 10:38:21:827 Termino parse forms vdinterageredur.frm
02 10:38:21:828 Ejecutando interfase VDINTERAGEREDUR
02 10:40:21:842 Empiezo a leer forms vdinterageredur.frm
02 10:40:21:852 Termino parse forms vdinterageredur.frm
02 10:40:21:852 Ejecutando interfase VDINTERAGEREDUR
02 10:42:21:868 Empiezo a leer forms vdinterageredur.frm
02 10:42:21:878 Termino parse forms vdinterageredur.frm
02 10:42:21:878 Ejecutando interfase VDINTERAGEREDUR
02 10:44:21:892 Empiezo a leer forms vdinterageredur.frm
02 10:44:21:903 Termino parse forms vdinterageredur.frm
02 10:44:21:903 Ejecutando interfase VDINTERAGEREDUR
02 10:46:21:928 Empiezo a leer forms vdinterageredur.frm
02 10:46:21:937 Termino parse forms vdinterageredur.frm
02 10:46:21:937 Ejecutando interfase VDINTERAGEREDUR
02 10:48:21:960 Empiezo a leer forms vdinterageredur.frm
02 10:48:21:973 Termino parse forms vdinterageredur.frm
02 10:48:21:973 Ejecutando interfase VDINTERAGEREDUR
02 10:50:21:983 Empiezo a leer forms vdinterageredur.frm
02 10:50:21:992 Termino parse forms vdinterageredur.frm
02 10:50:21:993 Ejecutando interfase VDINTERAGEREDUR
02 10:52:22:016 Empiezo a leer forms vdinterageredur.frm
02 10:52:22:027 Termino parse forms vdinterageredur.frm
02 10:52:22:027 Ejecutando interfase VDINTERAGEREDUR
02 10:54:22:045 Empiezo a leer forms vdinterageredur.frm
02 10:54:22:052 Termino parse forms vdinterageredur.frm
02 10:54:22:053 Ejecutando interfase VDINTERAGEREDUR
02 10:56:22:073 Empiezo a leer forms vdinterageredur.frm
02 10:56:22:083 Termino parse forms vdinterageredur.frm
02 10:56:22:085 Ejecutando interfase VDINTERAGEREDUR
02 10:58:22:096 Empiezo a leer forms vdinterageredur.frm
02 10:58:22:103 Termino parse forms vdinterageredur.frm
02 10:58:22:103 Ejecutando interfase VDINTERAGEREDUR
02 11:00:22:115 Empiezo a leer forms vdinterageredur.frm
02 11:00:22:125 Termino parse forms vdinterageredur.frm
02 11:00:22:125 Ejecutando interfase VDINTERAGEREDUR
02 11:02:22:137 Empiezo a leer forms vdinterageredur.frm
02 11:02:22:147 Termino parse forms vdinterageredur.frm
02 11:02:22:147 Ejecutando interfase VDINTERAGEREDUR
02 11:04:22:166 Empiezo a leer forms vdinterageredur.frm
02 11:04:22:176 Termino parse forms vdinterageredur.frm
02 11:04:22:176 Ejecutando interfase VDINTERAGEREDUR
02 11:06:22:191 Empiezo a leer forms vdinterageredur.frm
02 11:06:22:207 Termino parse forms vdinterageredur.frm
02 11:06:22:207 Ejecutando interfase VDINTERAGEREDUR
02 11:08:22:215 Empiezo a leer forms vdinterageredur.frm
02 11:08:22:222 Termino parse forms vdinterageredur.frm
02 11:08:22:222 Ejecutando interfase VDINTERAGEREDUR
02 11:10:22:240 Empiezo a leer forms vdinterageredur.frm
02 11:10:22:250 Termino parse forms vdinterageredur.frm
02 11:10:22:250 Ejecutando interfase VDINTERAGEREDUR
02 11:12:22:257 Empiezo a leer forms vdinterageredur.frm
02 11:12:22:263 Termino parse forms vdinterageredur.frm
02 11:12:22:263 Ejecutando interfase VDINTERAGEREDUR
02 11:14:22:287 Empiezo a leer forms vdinterageredur.frm
02 11:14:22:297 Termino parse forms vdinterageredur.frm
02 11:14:22:297 Ejecutando interfase VDINTERAGEREDUR
02 11:16:22:308 Empiezo a leer forms vdinterageredur.frm
02 11:16:22:317 Termino parse forms vdinterageredur.frm
02 11:16:22:318 Ejecutando interfase VDINTERAGEREDUR
02 11:18:22:348 Empiezo a leer forms vdinterageredur.frm
02 11:18:22:361 Termino parse forms vdinterageredur.frm
02 11:18:22:361 Ejecutando interfase VDINTERAGEREDUR
02 11:20:22:373 Empiezo a leer forms vdinterageredur.frm
02 11:20:22:383 Termino parse forms vdinterageredur.frm
02 11:20:22:383 Ejecutando interfase VDINTERAGEREDUR
02 11:22:22:402 Empiezo a leer forms vdinterageredur.frm
02 11:22:22:407 Termino parse forms vdinterageredur.frm
02 11:22:22:407 Ejecutando interfase VDINTERAGEREDUR
02 11:24:22:426 Empiezo a leer forms vdinterageredur.frm
02 11:24:22:440 Termino parse forms vdinterageredur.frm
02 11:24:22:440 Ejecutando interfase VDINTERAGEREDUR
02 11:26:22:462 Empiezo a leer forms vdinterageredur.frm
02 11:26:22:473 Termino parse forms vdinterageredur.frm
02 11:26:22:475 Ejecutando interfase VDINTERAGEREDUR
02 12:02:47:072 Empiezo a leer forms vdinterageredur.frm
02 12:02:47:080 Termino parse forms vdinterageredur.frm
02 12:02:47:080 Ejecutando interfase VDINTERAGEREDUR
02 12:04:47:089 Empiezo a leer forms vdinterageredur.frm
02 12:04:47:095 Termino parse forms vdinterageredur.frm
02 12:04:47:095 Ejecutando interfase VDINTERAGEREDUR
02 12:06:47:117 Empiezo a leer forms vdinterageredur.frm
02 12:06:47:127 Termino parse forms vdinterageredur.frm
02 12:06:47:127 Ejecutando interfase VDINTERAGEREDUR
02 12:08:47:137 Empiezo a leer forms vdinterageredur.frm
02 12:08:47:145 Termino parse forms vdinterageredur.frm
02 12:08:47:145 Ejecutando interfase VDINTERAGEREDUR
02 12:10:47:160 Empiezo a leer forms vdinterageredur.frm
02 12:10:47:174 Termino parse forms vdinterageredur.frm
02 12:10:47:174 Ejecutando interfase VDINTERAGEREDUR
02 12:12:47:192 Empiezo a leer forms vdinterageredur.frm
02 12:12:47:202 Termino parse forms vdinterageredur.frm
02 12:12:47:202 Ejecutando interfase VDINTERAGEREDUR
02 12:14:47:225 Empiezo a leer forms vdinterageredur.frm
02 12:14:47:237 Termino parse forms vdinterageredur.frm
02 12:14:47:237 Ejecutando interfase VDINTERAGEREDUR
02 12:16:47:257 Empiezo a leer forms vdinterageredur.frm
02 12:16:47:265 Termino parse forms vdinterageredur.frm
02 12:16:47:265 Ejecutando interfase VDINTERAGEREDUR
02 12:18:47:282 Empiezo a leer forms vdinterageredur.frm
02 12:18:47:290 Termino parse forms vdinterageredur.frm
02 12:18:47:292 Ejecutando interfase VDINTERAGEREDUR
02 12:20:47:300 Empiezo a leer forms vdinterageredur.frm
02 12:20:47:314 Termino parse forms vdinterageredur.frm
02 12:20:47:314 Ejecutando interfase VDINTERAGEREDUR
02 12:22:47:332 Empiezo a leer forms vdinterageredur.frm
02 12:22:47:340 Termino parse forms vdinterageredur.frm
02 12:22:47:340 Ejecutando interfase VDINTERAGEREDUR
02 12:24:47:357 Empiezo a leer forms vdinterageredur.frm
02 12:24:47:367 Termino parse forms vdinterageredur.frm
02 12:24:47:369 Ejecutando interfase VDINTERAGEREDUR
02 12:26:47:380 Empiezo a leer forms vdinterageredur.frm
02 12:26:47:390 Termino parse forms vdinterageredur.frm
02 12:26:47:390 Ejecutando interfase VDINTERAGEREDUR
02 12:28:47:402 Empiezo a leer forms vdinterageredur.frm
02 12:28:47:410 Termino parse forms vdinterageredur.frm
02 12:28:47:410 Ejecutando interfase VDINTERAGEREDUR
02 12:30:47:425 Empiezo a leer forms vdinterageredur.frm
02 12:30:47:432 Termino parse forms vdinterageredur.frm
02 12:30:47:434 Ejecutando interfase VDINTERAGEREDUR
02 12:32:47:452 Empiezo a leer forms vdinterageredur.frm
02 12:32:47:460 Termino parse forms vdinterageredur.frm
02 12:32:47:460 Ejecutando interfase VDINTERAGEREDUR
02 12:34:47:474 Empiezo a leer forms vdinterageredur.frm
02 12:34:47:485 Termino parse forms vdinterageredur.frm
02 12:34:47:485 Ejecutando interfase VDINTERAGEREDUR
02 12:36:47:499 Empiezo a leer forms vdinterageredur.frm
02 12:36:47:507 Termino parse forms vdinterageredur.frm
02 12:36:47:507 Ejecutando interfase VDINTERAGEREDUR
02 12:38:47:532 Empiezo a leer forms vdinterageredur.frm
02 12:38:47:545 Termino parse forms vdinterageredur.frm
02 12:38:47:545 Ejecutando interfase VDINTERAGEREDUR
02 12:40:47:560 Empiezo a leer forms vdinterageredur.frm
02 12:40:47:570 Termino parse forms vdinterageredur.frm
02 12:40:47:570 Ejecutando interfase VDINTERAGEREDUR
02 12:42:47:585 Empiezo a leer forms vdinterageredur.frm
02 12:42:47:595 Termino parse forms vdinterageredur.frm
02 12:42:47:595 Ejecutando interfase VDINTERAGEREDUR
02 12:44:47:610 Empiezo a leer forms vdinterageredur.frm
02 12:44:47:619 Termino parse forms vdinterageredur.frm
02 12:44:47:620 Ejecutando interfase VDINTERAGEREDUR
02 12:46:47:642 Empiezo a leer forms vdinterageredur.frm
02 12:46:47:654 Termino parse forms vdinterageredur.frm
02 12:46:47:654 Ejecutando interfase VDINTERAGEREDUR
02 12:48:47:677 Empiezo a leer forms vdinterageredur.frm
02 12:48:47:689 Termino parse forms vdinterageredur.frm
02 12:48:47:689 Ejecutando interfase VDINTERAGEREDUR
02 12:50:47:710 Empiezo a leer forms vdinterageredur.frm
02 12:50:47:724 Termino parse forms vdinterageredur.frm
02 12:50:47:725 Ejecutando interfase VDINTERAGEREDUR
02 12:52:47:749 Empiezo a leer forms vdinterageredur.frm
02 12:52:47:762 Termino parse forms vdinterageredur.frm
02 12:52:47:762 Ejecutando interfase VDINTERAGEREDUR
02 12:54:47:782 Empiezo a leer forms vdinterageredur.frm
02 12:54:47:792 Termino parse forms vdinterageredur.frm
02 12:54:47:792 Ejecutando interfase VDINTERAGEREDUR
02 12:56:47:807 Empiezo a leer forms vdinterageredur.frm
02 12:56:47:820 Termino parse forms vdinterageredur.frm
02 12:56:47:822 Ejecutando interfase VDINTERAGEREDUR

00 12:57:00:244 Fichero de log cerrado.

00 12:57:20:437 Fichero de log abierto PID 12956

02 12:57:20:442 Intentando abrir fichero v10.ini
02 12:57:20:450 Cargando driver v10oracle funcion damedriveroracle
02 12:57:21:260 Conectado a base de datos
02 12:57:21:262 Proceso ENVIOREDUR encontrado en tabla VDPROCESOS
02 12:57:21:267 Proceso ENVIOREDUR cargado con función interfasesalida (Librería VDINTERFASES.DLL) direccion 04BFCC80
02 12:57:21:271 PLSQL: INICIALIZADO PAQUETE DE LOG EL DIA 25-03-2022
02 12:57:21:289 Actualizado SID 376 SERIAL 40931 del proceso con PID 12956
00 12:57:21:294 Error al abrir fichero VDST.H
02 12:57:21:295 Empiezo a leer forms vdinterageredur.frm
02 12:57:21:337 Termino parse forms vdinterageredur.frm
02 12:57:21:339 Ejecutando interfase VDINTERAGEREDUR
02 12:59:21:362 Empiezo a leer forms vdinterageredur.frm
02 12:59:21:382 Termino parse forms vdinterageredur.frm
02 12:59:21:382 Ejecutando interfase VDINTERAGEREDUR
02 13:01:21:409 Empiezo a leer forms vdinterageredur.frm
02 13:01:21:427 Termino parse forms vdinterageredur.frm
02 13:01:21:427 Ejecutando interfase VDINTERAGEREDUR
02 13:03:21:440 Empiezo a leer forms vdinterageredur.frm
02 13:03:21:462 Termino parse forms vdinterageredur.frm
02 13:03:21:462 Ejecutando interfase VDINTERAGEREDUR
02 13:05:21:485 Empiezo a leer forms vdinterageredur.frm
02 13:05:21:504 Termino parse forms vdinterageredur.frm
02 13:05:21:505 Ejecutando interfase VDINTERAGEREDUR
02 13:07:21:527 Empiezo a leer forms vdinterageredur.frm
02 13:07:21:534 Termino parse forms vdinterageredur.frm
02 13:07:21:534 Ejecutando interfase VDINTERAGEREDUR
02 13:09:21:550 Empiezo a leer forms vdinterageredur.frm
02 13:09:21:560 Termino parse forms vdinterageredur.frm
02 13:09:21:560 Ejecutando interfase VDINTERAGEREDUR
02 13:11:21:579 Empiezo a leer forms vdinterageredur.frm
02 13:11:21:590 Termino parse forms vdinterageredur.frm
02 13:11:21:592 Ejecutando interfase VDINTERAGEREDUR
02 13:13:21:607 Empiezo a leer forms vdinterageredur.frm
02 13:13:21:620 Termino parse forms vdinterageredur.frm
02 13:13:21:620 Ejecutando interfase VDINTERAGEREDUR
02 13:15:21:632 Empiezo a leer forms vdinterageredur.frm
02 13:15:21:642 Termino parse forms vdinterageredur.frm
02 13:15:21:642 Ejecutando interfase VDINTERAGEREDUR
02 13:17:21:652 Empiezo a leer forms vdinterageredur.frm
02 13:17:21:660 Termino parse forms vdinterageredur.frm
02 13:17:21:660 Ejecutando interfase VDINTERAGEREDUR
02 13:19:21:677 Empiezo a leer forms vdinterageredur.frm
02 13:19:21:690 Termino parse forms vdinterageredur.frm
02 13:19:21:690 Ejecutando interfase VDINTERAGEREDUR
02 13:21:21:712 Empiezo a leer forms vdinterageredur.frm
02 13:21:21:724 Termino parse forms vdinterageredur.frm
02 13:21:21:725 Ejecutando interfase VDINTERAGEREDUR
02 13:23:21:747 Empiezo a leer forms vdinterageredur.frm
02 13:23:21:757 Termino parse forms vdinterageredur.frm
02 13:23:21:757 Ejecutando interfase VDINTERAGEREDUR
02 13:25:21:779 Empiezo a leer forms vdinterageredur.frm
02 13:25:21:787 Termino parse forms vdinterageredur.frm
02 13:25:21:789 Ejecutando interfase VDINTERAGEREDUR
02 13:27:21:795 Empiezo a leer forms vdinterageredur.frm
02 13:27:21:807 Termino parse forms vdinterageredur.frm
02 13:27:21:807 Ejecutando interfase VDINTERAGEREDUR
02 13:29:21:815 Empiezo a leer forms vdinterageredur.frm
02 13:29:21:827 Termino parse forms vdinterageredur.frm
02 13:29:21:829 Ejecutando interfase VDINTERAGEREDUR
02 13:31:21:842 Empiezo a leer forms vdinterageredur.frm
02 13:31:21:855 Termino parse forms vdinterageredur.frm
02 13:31:21:855 Ejecutando interfase VDINTERAGEREDUR
02 13:33:21:865 Empiezo a leer forms vdinterageredur.frm
02 13:33:21:875 Termino parse forms vdinterageredur.frm
02 13:33:21:875 Ejecutando interfase VDINTERAGEREDUR
02 13:35:21:892 Empiezo a leer forms vdinterageredur.frm
02 13:35:21:902 Termino parse forms vdinterageredur.frm
02 13:35:21:902 Ejecutando interfase VDINTERAGEREDUR
02 13:37:21:925 Empiezo a leer forms vdinterageredur.frm
02 13:37:21:935 Termino parse forms vdinterageredur.frm
02 13:37:21:937 Ejecutando interfase VDINTERAGEREDUR
02 13:39:21:945 Empiezo a leer forms vdinterageredur.frm
02 13:39:21:957 Termino parse forms vdinterageredur.frm
02 13:39:21:957 Ejecutando interfase VDINTERAGEREDUR
02 13:41:21:970 Empiezo a leer forms vdinterageredur.frm
02 13:41:21:980 Termino parse forms vdinterageredur.frm
02 13:41:21:982 Ejecutando interfase VDINTERAGEREDUR
02 13:43:21:994 Empiezo a leer forms vdinterageredur.frm
02 13:43:22:005 Termino parse forms vdinterageredur.frm
02 13:43:22:005 Ejecutando interfase VDINTERAGEREDUR
02 13:45:22:017 Empiezo a leer forms vdinterageredur.frm
02 13:45:22:025 Termino parse forms vdinterageredur.frm
02 13:45:22:025 Ejecutando interfase VDINTERAGEREDUR
02 13:47:22:037 Empiezo a leer forms vdinterageredur.frm
02 13:47:22:049 Termino parse forms vdinterageredur.frm
02 13:47:22:049 Ejecutando interfase VDINTERAGEREDUR
02 13:49:22:062 Empiezo a leer forms vdinterageredur.frm
02 13:49:22:070 Termino parse forms vdinterageredur.frm
02 13:49:22:070 Ejecutando interfase VDINTERAGEREDUR
02 13:51:22:085 Empiezo a leer forms vdinterageredur.frm
02 13:51:22:095 Termino parse forms vdinterageredur.frm
02 13:51:22:095 Ejecutando interfase VDINTERAGEREDUR
02 13:53:22:117 Empiezo a leer forms vdinterageredur.frm
02 13:53:22:132 Termino parse forms vdinterageredur.frm
02 13:53:22:132 Ejecutando interfase VDINTERAGEREDUR
02 13:55:22:145 Empiezo a leer forms vdinterageredur.frm
02 13:55:22:155 Termino parse forms vdinterageredur.frm
02 13:55:22:155 Ejecutando interfase VDINTERAGEREDUR
02 13:57:22:167 Empiezo a leer forms vdinterageredur.frm
02 13:57:22:175 Termino parse forms vdinterageredur.frm
02 13:57:22:175 Ejecutando interfase VDINTERAGEREDUR

00 13:58:46:914 Fichero de log cerrado.

