00 10:35:41:535 Fichero de log abierto PID 10668

02 10:35:41:538 Intentando abrir fichero v10.ini
02 10:35:41:542 Cargando driver v10oracle funcion damedriveroracle
02 10:35:41:988 Conectado a base de datos
02 10:35:41:991 Proceso ENVIOMOVIM encontrado en tabla VDPROCESOS
02 10:35:44:477 Proceso ENVIOMOVIM cargado con función interfasesalida (Librería VDINTERFASES.DLL) direccion 05DCCC80
02 10:35:44:485 PLSQL: INICIALIZADO PAQUETE DE LOG EL DIA 08-07-2022
02 10:35:44:497 Actualizado SID 862 SERIAL 14653 del proceso con PID 10668
00 10:35:44:503 Error al abrir fichero VDST.H
02 10:35:44:510 Empiezo a leer forms vdintermovim.frm
02 10:35:44:522 Termino parse forms vdintermovim.frm
02 10:35:44:523 Ejecutando interfase VDINTERMOVIM
02 10:37:44:541 Empiezo a leer forms vdintermovim.frm
02 10:37:44:547 Termino parse forms vdintermovim.frm
02 10:37:44:547 Ejecutando interfase VDINTERMOVIM
02 10:39:44:562 Empiezo a leer forms vdintermovim.frm
02 10:39:44:568 Termino parse forms vdintermovim.frm
02 10:39:44:570 Ejecutando interfase VDINTERMOVIM
02 10:41:44:580 Empiezo a leer forms vdintermovim.frm
02 10:41:44:587 Termino parse forms vdintermovim.frm
02 10:41:44:587 Ejecutando interfase VDINTERMOVIM
02 10:43:44:602 Empiezo a leer forms vdintermovim.frm
02 10:43:44:608 Termino parse forms vdintermovim.frm
02 10:43:44:610 Ejecutando interfase VDINTERMOVIM
02 10:45:44:627 Empiezo a leer forms vdintermovim.frm
02 10:45:44:635 Termino parse forms vdintermovim.frm
02 10:45:44:635 Ejecutando interfase VDINTERMOVIM
02 10:47:44:652 Empiezo a leer forms vdintermovim.frm
02 10:47:44:657 Termino parse forms vdintermovim.frm
02 10:47:44:657 Ejecutando interfase VDINTERMOVIM
02 10:49:44:675 Empiezo a leer forms vdintermovim.frm
02 10:49:44:681 Termino parse forms vdintermovim.frm
02 10:49:44:681 Ejecutando interfase VDINTERMOVIM
02 10:51:44:705 Empiezo a leer forms vdintermovim.frm
02 10:51:44:711 Termino parse forms vdintermovim.frm
02 10:51:44:712 Ejecutando interfase VDINTERMOVIM
02 10:53:44:730 Empiezo a leer forms vdintermovim.frm
02 10:53:44:736 Termino parse forms vdintermovim.frm
02 10:53:44:736 Ejecutando interfase VDINTERMOVIM
02 10:55:44:761 Empiezo a leer forms vdintermovim.frm
02 10:55:44:767 Termino parse forms vdintermovim.frm
02 10:55:44:767 Ejecutando interfase VDINTERMOVIM
02 10:57:44:783 Empiezo a leer forms vdintermovim.frm
02 10:57:44:788 Termino parse forms vdintermovim.frm
02 10:57:44:788 Ejecutando interfase VDINTERMOVIM
02 10:59:44:803 Empiezo a leer forms vdintermovim.frm
02 10:59:44:807 Termino parse forms vdintermovim.frm
02 10:59:44:807 Ejecutando interfase VDINTERMOVIM
02 11:01:44:827 Empiezo a leer forms vdintermovim.frm
02 11:01:44:830 Termino parse forms vdintermovim.frm
02 11:01:44:830 Ejecutando interfase VDINTERMOVIM
02 11:03:44:843 Empiezo a leer forms vdintermovim.frm
02 11:03:44:851 Termino parse forms vdintermovim.frm
02 11:03:44:851 Ejecutando interfase VDINTERMOVIM
02 11:05:44:868 Empiezo a leer forms vdintermovim.frm
02 11:05:44:872 Termino parse forms vdintermovim.frm
02 11:05:44:872 Ejecutando interfase VDINTERMOVIM
02 11:07:44:882 Empiezo a leer forms vdintermovim.frm
02 11:07:44:887 Termino parse forms vdintermovim.frm
02 11:07:44:887 Ejecutando interfase VDINTERMOVIM
02 11:09:44:906 Empiezo a leer forms vdintermovim.frm
02 11:09:44:908 Termino parse forms vdintermovim.frm
02 11:09:44:908 Ejecutando interfase VDINTERMOVIM
02 11:11:44:926 Empiezo a leer forms vdintermovim.frm
02 11:11:44:932 Termino parse forms vdintermovim.frm
02 11:11:44:932 Ejecutando interfase VDINTERMOVIM
02 11:13:44:948 Empiezo a leer forms vdintermovim.frm
02 11:13:44:955 Termino parse forms vdintermovim.frm
02 11:13:44:955 Ejecutando interfase VDINTERMOVIM
02 11:15:44:967 Empiezo a leer forms vdintermovim.frm
02 11:15:44:972 Termino parse forms vdintermovim.frm
02 11:15:44:973 Ejecutando interfase VDINTERMOVIM
02 11:17:44:988 Empiezo a leer forms vdintermovim.frm
02 11:17:44:996 Termino parse forms vdintermovim.frm
02 11:17:44:996 Ejecutando interfase VDINTERMOVIM
02 11:19:45:015 Empiezo a leer forms vdintermovim.frm
02 11:19:45:018 Termino parse forms vdintermovim.frm
02 11:19:45:018 Ejecutando interfase VDINTERMOVIM
02 11:21:45:027 Empiezo a leer forms vdintermovim.frm
02 11:21:45:028 Termino parse forms vdintermovim.frm
02 11:21:45:028 Ejecutando interfase VDINTERMOVIM
02 11:23:45:040 Empiezo a leer forms vdintermovim.frm
02 11:23:45:046 Termino parse forms vdintermovim.frm
02 11:23:45:046 Ejecutando interfase VDINTERMOVIM
02 11:25:45:067 Empiezo a leer forms vdintermovim.frm
02 11:25:45:072 Termino parse forms vdintermovim.frm
02 11:25:45:072 Ejecutando interfase VDINTERMOVIM
02 11:27:45:082 Empiezo a leer forms vdintermovim.frm
02 11:27:45:086 Termino parse forms vdintermovim.frm
02 11:27:45:086 Ejecutando interfase VDINTERMOVIM
02 11:29:45:096 Empiezo a leer forms vdintermovim.frm
02 11:29:45:101 Termino parse forms vdintermovim.frm
02 11:29:45:102 Ejecutando interfase VDINTERMOVIM
02 11:31:45:116 Empiezo a leer forms vdintermovim.frm
02 11:31:45:121 Termino parse forms vdintermovim.frm
02 11:31:45:121 Ejecutando interfase VDINTERMOVIM
02 11:33:45:131 Empiezo a leer forms vdintermovim.frm
02 11:33:45:137 Termino parse forms vdintermovim.frm
02 11:33:45:137 Ejecutando interfase VDINTERMOVIM
02 11:35:45:156 Empiezo a leer forms vdintermovim.frm
02 11:35:45:161 Termino parse forms vdintermovim.frm
02 11:35:45:161 Ejecutando interfase VDINTERMOVIM
02 11:37:45:172 Empiezo a leer forms vdintermovim.frm
02 11:37:45:178 Termino parse forms vdintermovim.frm
02 11:37:45:180 Ejecutando interfase VDINTERMOVIM
02 11:39:45:200 Empiezo a leer forms vdintermovim.frm
02 11:39:45:204 Termino parse forms vdintermovim.frm
02 11:39:45:205 Ejecutando interfase VDINTERMOVIM
02 11:41:45:214 Empiezo a leer forms vdintermovim.frm
02 11:41:45:220 Termino parse forms vdintermovim.frm
02 11:41:45:222 Ejecutando interfase VDINTERMOVIM
02 11:43:45:232 Empiezo a leer forms vdintermovim.frm
02 11:43:45:235 Termino parse forms vdintermovim.frm
02 11:43:45:237 Ejecutando interfase VDINTERMOVIM
02 11:45:45:260 Empiezo a leer forms vdintermovim.frm
02 11:45:45:265 Termino parse forms vdintermovim.frm
02 11:45:45:267 Ejecutando interfase VDINTERMOVIM
02 11:47:45:275 Empiezo a leer forms vdintermovim.frm
02 11:47:45:280 Termino parse forms vdintermovim.frm
02 11:47:45:280 Ejecutando interfase VDINTERMOVIM
02 11:49:45:302 Empiezo a leer forms vdintermovim.frm
02 11:49:45:309 Termino parse forms vdintermovim.frm
02 11:49:45:310 Ejecutando interfase VDINTERMOVIM
02 11:51:45:327 Empiezo a leer forms vdintermovim.frm
02 11:51:45:332 Termino parse forms vdintermovim.frm
02 11:51:45:334 Ejecutando interfase VDINTERMOVIM
02 11:53:45:357 Empiezo a leer forms vdintermovim.frm
02 11:53:45:364 Termino parse forms vdintermovim.frm
02 11:53:45:365 Ejecutando interfase VDINTERMOVIM
02 11:55:45:392 Empiezo a leer forms vdintermovim.frm
02 11:55:45:397 Termino parse forms vdintermovim.frm
02 11:55:45:399 Ejecutando interfase VDINTERMOVIM
02 11:57:45:420 Empiezo a leer forms vdintermovim.frm
02 11:57:45:425 Termino parse forms vdintermovim.frm
02 11:57:45:425 Ejecutando interfase VDINTERMOVIM
02 11:59:45:450 Empiezo a leer forms vdintermovim.frm
02 11:59:45:457 Termino parse forms vdintermovim.frm
02 11:59:45:457 Ejecutando interfase VDINTERMOVIM
02 12:01:45:477 Empiezo a leer forms vdintermovim.frm
02 12:01:45:482 Termino parse forms vdintermovim.frm
02 12:01:45:482 Ejecutando interfase VDINTERMOVIM
02 12:03:45:494 Empiezo a leer forms vdintermovim.frm
02 12:03:45:500 Termino parse forms vdintermovim.frm
02 12:03:45:500 Ejecutando interfase VDINTERMOVIM
02 12:05:45:517 Empiezo a leer forms vdintermovim.frm
02 12:05:45:525 Termino parse forms vdintermovim.frm
02 12:05:45:525 Ejecutando interfase VDINTERMOVIM
02 12:07:45:535 Empiezo a leer forms vdintermovim.frm
02 12:07:45:539 Termino parse forms vdintermovim.frm
02 12:07:45:540 Ejecutando interfase VDINTERMOVIM
02 12:09:45:550 Empiezo a leer forms vdintermovim.frm
02 12:09:45:557 Termino parse forms vdintermovim.frm
02 12:09:45:557 Ejecutando interfase VDINTERMOVIM
02 12:11:45:577 Empiezo a leer forms vdintermovim.frm
02 12:11:45:580 Termino parse forms vdintermovim.frm
02 12:11:45:580 Ejecutando interfase VDINTERMOVIM
02 12:13:45:594 Empiezo a leer forms vdintermovim.frm
02 12:13:45:600 Termino parse forms vdintermovim.frm
02 12:13:45:600 Ejecutando interfase VDINTERMOVIM
02 12:15:45:617 Empiezo a leer forms vdintermovim.frm
02 12:15:45:625 Termino parse forms vdintermovim.frm
02 12:15:45:627 Ejecutando interfase VDINTERMOVIM
02 12:17:45:644 Empiezo a leer forms vdintermovim.frm
02 12:17:45:647 Termino parse forms vdintermovim.frm
02 12:17:45:647 Ejecutando interfase VDINTERMOVIM
02 12:19:45:660 Empiezo a leer forms vdintermovim.frm
02 12:19:45:667 Termino parse forms vdintermovim.frm
02 12:19:45:667 Ejecutando interfase VDINTERMOVIM
02 12:21:45:674 Empiezo a leer forms vdintermovim.frm
02 12:21:45:679 Termino parse forms vdintermovim.frm
02 12:21:45:679 Ejecutando interfase VDINTERMOVIM
02 12:23:45:699 Empiezo a leer forms vdintermovim.frm
02 12:23:45:702 Termino parse forms vdintermovim.frm
02 12:23:45:702 Ejecutando interfase VDINTERMOVIM
02 12:25:45:722 Empiezo a leer forms vdintermovim.frm
02 12:25:45:730 Termino parse forms vdintermovim.frm
02 12:25:45:730 Ejecutando interfase VDINTERMOVIM
02 12:27:45:752 Empiezo a leer forms vdintermovim.frm
02 12:27:45:759 Termino parse forms vdintermovim.frm
02 12:27:45:759 Ejecutando interfase VDINTERMOVIM
02 12:29:45:780 Empiezo a leer forms vdintermovim.frm
02 12:29:45:787 Termino parse forms vdintermovim.frm
02 12:29:45:787 Ejecutando interfase VDINTERMOVIM
02 12:31:45:812 Empiezo a leer forms vdintermovim.frm
02 12:31:45:817 Termino parse forms vdintermovim.frm
02 12:31:45:817 Ejecutando interfase VDINTERMOVIM
02 12:33:45:829 Empiezo a leer forms vdintermovim.frm
02 12:33:45:835 Termino parse forms vdintermovim.frm
02 12:33:45:835 Ejecutando interfase VDINTERMOVIM
02 12:35:45:847 Empiezo a leer forms vdintermovim.frm
02 12:35:45:850 Termino parse forms vdintermovim.frm
02 12:35:45:850 Ejecutando interfase VDINTERMOVIM
02 12:37:45:872 Empiezo a leer forms vdintermovim.frm
02 12:37:45:877 Termino parse forms vdintermovim.frm
02 12:37:45:877 Ejecutando interfase VDINTERMOVIM
02 12:39:45:892 Empiezo a leer forms vdintermovim.frm
02 12:39:45:897 Termino parse forms vdintermovim.frm
02 12:39:45:897 Ejecutando interfase VDINTERMOVIM
02 12:41:45:910 Empiezo a leer forms vdintermovim.frm
02 12:41:45:915 Termino parse forms vdintermovim.frm
02 12:41:45:915 Ejecutando interfase VDINTERMOVIM
02 12:43:45:932 Empiezo a leer forms vdintermovim.frm
02 12:43:45:937 Termino parse forms vdintermovim.frm
02 12:43:45:937 Ejecutando interfase VDINTERMOVIM
02 12:45:45:959 Empiezo a leer forms vdintermovim.frm
02 12:45:45:964 Termino parse forms vdintermovim.frm
02 12:45:45:964 Ejecutando interfase VDINTERMOVIM
02 12:47:45:982 Empiezo a leer forms vdintermovim.frm
02 12:47:45:985 Termino parse forms vdintermovim.frm
02 12:47:45:987 Ejecutando interfase VDINTERMOVIM
02 12:49:46:000 Empiezo a leer forms vdintermovim.frm
02 12:49:46:007 Termino parse forms vdintermovim.frm
02 12:49:46:007 Ejecutando interfase VDINTERMOVIM
02 12:51:46:030 Empiezo a leer forms vdintermovim.frm
02 12:51:46:037 Termino parse forms vdintermovim.frm
02 12:51:46:037 Ejecutando interfase VDINTERMOVIM
02 12:53:46:052 Empiezo a leer forms vdintermovim.frm
02 12:53:46:057 Termino parse forms vdintermovim.frm
02 12:53:46:057 Ejecutando interfase VDINTERMOVIM
02 12:55:46:070 Empiezo a leer forms vdintermovim.frm
02 12:55:46:077 Termino parse forms vdintermovim.frm
02 12:55:46:077 Ejecutando interfase VDINTERMOVIM
02 12:57:46:095 Empiezo a leer forms vdintermovim.frm
02 12:57:46:102 Termino parse forms vdintermovim.frm
02 12:57:46:102 Ejecutando interfase VDINTERMOVIM
02 12:59:46:122 Empiezo a leer forms vdintermovim.frm
02 12:59:46:130 Termino parse forms vdintermovim.frm
02 12:59:46:130 Ejecutando interfase VDINTERMOVIM
02 13:01:46:145 Empiezo a leer forms vdintermovim.frm
02 13:01:46:152 Termino parse forms vdintermovim.frm
02 13:01:46:152 Ejecutando interfase VDINTERMOVIM
02 13:03:46:164 Empiezo a leer forms vdintermovim.frm
02 13:03:46:170 Termino parse forms vdintermovim.frm
02 13:03:46:170 Ejecutando interfase VDINTERMOVIM
02 13:05:46:185 Empiezo a leer forms vdintermovim.frm
02 13:05:46:192 Termino parse forms vdintermovim.frm
02 13:05:46:192 Ejecutando interfase VDINTERMOVIM
02 13:07:46:210 Empiezo a leer forms vdintermovim.frm
02 13:07:46:217 Termino parse forms vdintermovim.frm
02 13:07:46:217 Ejecutando interfase VDINTERMOVIM
02 13:09:46:235 Empiezo a leer forms vdintermovim.frm
02 13:09:46:240 Termino parse forms vdintermovim.frm
02 13:09:46:240 Ejecutando interfase VDINTERMOVIM
02 13:11:46:252 Empiezo a leer forms vdintermovim.frm
02 13:11:46:257 Termino parse forms vdintermovim.frm
02 13:11:46:259 Ejecutando interfase VDINTERMOVIM
02 13:13:46:280 Empiezo a leer forms vdintermovim.frm
02 13:13:46:287 Termino parse forms vdintermovim.frm
02 13:13:46:289 Ejecutando interfase VDINTERMOVIM
02 13:15:46:307 Empiezo a leer forms vdintermovim.frm
02 13:15:46:312 Termino parse forms vdintermovim.frm
02 13:15:46:312 Ejecutando interfase VDINTERMOVIM
02 13:17:46:325 Empiezo a leer forms vdintermovim.frm
02 13:17:46:330 Termino parse forms vdintermovim.frm
02 13:17:46:332 Ejecutando interfase VDINTERMOVIM
02 13:19:46:344 Empiezo a leer forms vdintermovim.frm
02 13:19:46:350 Termino parse forms vdintermovim.frm
02 13:19:46:350 Ejecutando interfase VDINTERMOVIM
02 13:21:46:369 Empiezo a leer forms vdintermovim.frm
02 13:21:46:375 Termino parse forms vdintermovim.frm
02 13:21:46:375 Ejecutando interfase VDINTERMOVIM
02 13:23:46:392 Empiezo a leer forms vdintermovim.frm
02 13:23:46:397 Termino parse forms vdintermovim.frm
02 13:23:46:397 Ejecutando interfase VDINTERMOVIM
02 13:25:46:417 Empiezo a leer forms vdintermovim.frm
02 13:25:46:425 Termino parse forms vdintermovim.frm
02 13:25:46:425 Ejecutando interfase VDINTERMOVIM
02 13:38:28:514 Empiezo a leer forms vdintermovim.frm
02 13:38:28:519 Termino parse forms vdintermovim.frm
02 13:38:28:519 Ejecutando interfase VDINTERMOVIM
02 13:40:28:529 Empiezo a leer forms vdintermovim.frm
02 13:40:28:530 Termino parse forms vdintermovim.frm
02 13:40:28:530 Ejecutando interfase VDINTERMOVIM
02 13:42:28:539 Empiezo a leer forms vdintermovim.frm
02 13:42:28:544 Termino parse forms vdintermovim.frm
02 13:42:28:544 Ejecutando interfase VDINTERMOVIM
02 13:44:28:554 Empiezo a leer forms vdintermovim.frm
02 13:44:28:559 Termino parse forms vdintermovim.frm
02 13:44:28:559 Ejecutando interfase VDINTERMOVIM
02 13:46:28:575 Empiezo a leer forms vdintermovim.frm
02 13:46:28:580 Termino parse forms vdintermovim.frm
02 13:46:28:580 Ejecutando interfase VDINTERMOVIM
02 13:48:28:602 Empiezo a leer forms vdintermovim.frm
02 13:48:28:605 Termino parse forms vdintermovim.frm
02 13:48:28:605 Ejecutando interfase VDINTERMOVIM
02 13:50:28:615 Empiezo a leer forms vdintermovim.frm
02 13:50:28:620 Termino parse forms vdintermovim.frm
02 13:50:28:620 Ejecutando interfase VDINTERMOVIM

00 13:51:15:657 Fichero de log cerrado.

