00 08:59:49:222 Fichero de log abierto PID 7616

02 08:59:49:227 Intentando abrir fichero v10.ini
02 08:59:49:232 Cargando driver v10oracle funcion damedriveroracle
02 08:59:49:755 Conectado a base de datos
02 08:59:49:757 Proceso EQUILIBRA encontrado en tabla VDPROCESOS
02 08:59:49:757 Proceso EQUILIBRA cargado con función vdprocesasprst (Librería VDPEDIDOS.DLL) direccion 05FD0B90
02 08:59:49:760 PLSQL: INICIALIZADO PAQUETE DE LOG EL DIA 27-06-2022
02 08:59:49:770 Actualizado SID 129 SERIAL 8304 del proceso con PID 7616
02 11:55:47:080 Ejecucion número 10001 del proceso EQUILIBRA total 601559
02 14:43:32:380 Ejecucion número 20001 del proceso EQUILIBRA total 1202044

00 17:47:53:385 Fichero de log cerrado.

00 17:48:08:520 Fichero de log abierto PID 13880

02 17:48:08:520 Intentando abrir fichero v10.ini
02 17:48:08:530 Cargando driver v10oracle funcion damedriveroracle
02 17:48:09:115 Conectado a base de datos
02 17:48:09:117 Proceso EQUILIBRA encontrado en tabla VDPROCESOS
02 17:48:09:119 Proceso EQUILIBRA cargado con función vdprocesasprst (Librería VDPEDIDOS.DLL) direccion 05B80B90
02 17:48:09:121 PLSQL: INICIALIZADO PAQUETE DE LOG EL DIA 27-06-2022
02 17:48:09:129 Actualizado SID 257 SERIAL 30799 del proceso con PID 13880

00 17:57:06:535 Fichero de log cerrado.

