00 09:07:46:177 Fichero de log abierto PID 4584

02 09:07:46:180 Intentando abrir fichero v10.ini
02 09:07:46:186 Cargando driver v10oracle funcion damedriveroracle
02 09:07:46:822 Conectado a base de datos
02 09:07:46:825 Proceso EQUILIBRA encontrado en tabla VDPROCESOS
02 09:07:46:826 Proceso EQUILIBRA cargado con función vdprocesasprst (Librería VDPEDIDOS.DLL) direccion 064A0B90
02 09:07:46:828 PLSQL: INICIALIZADO PAQUETE DE LOG EL DIA 22-03-2022
02 09:07:46:836 Actualizado SID 503 SERIAL 2984 del proceso con PID 4584
02 11:55:49:669 Ejecucion número 10001 del proceso EQUILIBRA total 645719
02 14:43:53:514 Ejecucion número 20001 del proceso EQUILIBRA total 1294757

00 17:07:22:545 Fichero de log cerrado.

00 17:07:34:852 Fichero de log abierto PID 7220

02 17:07:34:855 Intentando abrir fichero v10.ini
02 17:07:34:860 Cargando driver v10oracle funcion damedriveroracle
02 17:07:35:710 Conectado a base de datos
02 17:07:35:712 Proceso EQUILIBRA encontrado en tabla VDPROCESOS
02 17:07:35:714 Proceso EQUILIBRA cargado con función vdprocesasprst (Librería VDPEDIDOS.DLL) direccion 05E60B90
02 17:07:35:716 PLSQL: INICIALIZADO PAQUETE DE LOG EL DIA 22-03-2022
02 17:07:35:724 Actualizado SID 384 SERIAL 52662 del proceso con PID 7220

00 17:12:06:680 Fichero de log cerrado.

00 17:12:11:105 Fichero de log abierto PID 11356

02 17:12:11:107 Intentando abrir fichero v10.ini
02 17:12:11:125 Cargando driver v10oracle funcion damedriveroracle
02 17:12:11:927 Conectado a base de datos
02 17:12:11:929 Proceso EQUILIBRA encontrado en tabla VDPROCESOS
02 17:12:11:930 Proceso EQUILIBRA cargado con función vdprocesasprst (Librería VDPEDIDOS.DLL) direccion 06090B90
02 17:12:11:932 PLSQL: INICIALIZADO PAQUETE DE LOG EL DIA 22-03-2022
02 17:12:11:942 Actualizado SID 137 SERIAL 45415 del proceso con PID 11356

00 17:58:54:107 Fichero de log cerrado.

