00 11:54:47:555 Fichero de log abierto PID 10372

02 11:54:47:557 Intentando abrir fichero v10.ini
02 11:54:47:562 Cargando driver v10oracle funcion damedriveroracle
02 11:54:48:059 Conectado a base de datos
02 11:54:48:059 Proceso EQUILIBRA encontrado en tabla VDPROCESOS
02 11:54:48:312 Proceso EQUILIBRA cargado con función vdprocesasprst (Librería VDPEDIDOS.DLL) direccion 03990B90
02 11:54:48:314 PLSQL: INICIALIZADO PAQUETE DE LOG EL DIA 30-06-2022
02 11:54:48:334 Actualizado SID 505 SERIAL 48274 del proceso con PID 10372

00 12:04:30:242 Fichero de log cerrado.

00 12:04:43:097 Fichero de log abierto PID 4668

02 12:04:43:100 Intentando abrir fichero v10.ini
02 12:04:43:107 Cargando driver v10oracle funcion damedriveroracle
02 12:04:43:732 Conectado a base de datos
02 12:04:43:734 Proceso EQUILIBRA encontrado en tabla VDPROCESOS
02 12:04:43:735 Proceso EQUILIBRA cargado con función vdprocesasprst (Librería VDPEDIDOS.DLL) direccion 05B00B90
02 12:04:43:738 PLSQL: INICIALIZADO PAQUETE DE LOG EL DIA 30-06-2022
02 12:04:43:752 Actualizado SID 756 SERIAL 35284 del proceso con PID 4668

00 12:05:30:434 Fichero de log cerrado.

00 12:07:06:587 Fichero de log abierto PID 8772

02 12:07:06:590 Intentando abrir fichero v10.ini
02 12:07:06:595 Cargando driver v10oracle funcion damedriveroracle
02 12:07:07:154 Conectado a base de datos
02 12:07:07:155 Proceso EQUILIBRA encontrado en tabla VDPROCESOS
02 12:07:07:157 Proceso EQUILIBRA cargado con función vdprocesasprst (Librería VDPEDIDOS.DLL) direccion 06260B90
02 12:07:07:158 PLSQL: INICIALIZADO PAQUETE DE LOG EL DIA 30-06-2022
02 12:07:07:167 Actualizado SID 387 SERIAL 34235 del proceso con PID 8772

00 13:58:50:712 Fichero de log cerrado.

00 13:59:07:657 Fichero de log abierto PID 1560

02 13:59:07:657 Intentando abrir fichero v10.ini
02 13:59:07:664 Cargando driver v10oracle funcion damedriveroracle
02 13:59:08:184 Conectado a base de datos
02 13:59:08:185 Proceso EQUILIBRA encontrado en tabla VDPROCESOS
02 13:59:08:187 Proceso EQUILIBRA cargado con función vdprocesasprst (Librería VDPEDIDOS.DLL) direccion 07070B90
02 13:59:08:188 PLSQL: INICIALIZADO PAQUETE DE LOG EL DIA 30-06-2022
02 13:59:08:199 Actualizado SID 10 SERIAL 40176 del proceso con PID 1560
02 16:46:51:245 Ejecucion número 10001 del proceso EQUILIBRA total 587356

00 17:31:35:285 Fichero de log cerrado.

00 17:31:48:472 Fichero de log abierto PID 13828

02 17:31:48:475 Intentando abrir fichero v10.ini
02 17:31:48:480 Cargando driver v10oracle funcion damedriveroracle
02 17:31:49:115 Conectado a base de datos
02 17:31:49:115 Proceso EQUILIBRA encontrado en tabla VDPROCESOS
02 17:31:49:117 Proceso EQUILIBRA cargado con función vdprocesasprst (Librería VDPEDIDOS.DLL) direccion 06260B90
02 17:31:49:119 PLSQL: INICIALIZADO PAQUETE DE LOG EL DIA 30-06-2022
02 17:31:49:132 Actualizado SID 377 SERIAL 59339 del proceso con PID 13828

00 17:46:21:447 Fichero de log cerrado.

00 17:46:33:947 Fichero de log abierto PID 4456

02 17:46:33:950 Intentando abrir fichero v10.ini
02 17:46:34:025 Cargando driver v10oracle funcion damedriveroracle
02 17:46:34:727 Conectado a base de datos
02 17:46:34:729 Proceso EQUILIBRA encontrado en tabla VDPROCESOS
02 17:46:34:730 Proceso EQUILIBRA cargado con función vdprocesasprst (Librería VDPEDIDOS.DLL) direccion 067B0B90
02 17:46:34:732 PLSQL: INICIALIZADO PAQUETE DE LOG EL DIA 30-06-2022
02 17:46:34:740 Actualizado SID 867 SERIAL 46893 del proceso con PID 4456

00 17:49:57:507 Fichero de log cerrado.

00 17:51:15:332 Fichero de log abierto PID 6720

02 17:51:15:332 Intentando abrir fichero v10.ini
02 17:51:15:342 Cargando driver v10oracle funcion damedriveroracle
02 17:51:15:962 Conectado a base de datos
02 17:51:15:965 Proceso EQUILIBRA encontrado en tabla VDPROCESOS
02 17:51:15:967 Proceso EQUILIBRA cargado con función vdprocesasprst (Librería VDPEDIDOS.DLL) direccion 061C0B90
02 17:51:15:969 PLSQL: INICIALIZADO PAQUETE DE LOG EL DIA 30-06-2022
02 17:51:15:977 Actualizado SID 259 SERIAL 19547 del proceso con PID 6720

00 17:52:14:372 Fichero de log cerrado.

