00 14:47:32:149 Fichero de log abierto PID 10392

02 14:47:32:150 Intentando abrir fichero v10.ini
02 14:47:32:150 Cargando driver v10oracle funcion damedriveroracle
02 14:47:32:695 Conectado a base de datos
02 14:47:32:695 Proceso EQUILIBRA encontrado en tabla VDPROCESOS
02 14:47:32:695 Proceso EQUILIBRA cargado con función vdprocesasprst (Librería VDPEDIDOS.DLL) direccion 06A60B90
02 14:47:32:696 PLSQL: INICIALIZADO PAQUETE DE LOG EL DIA 23-06-2022
02 14:47:32:705 Actualizado SID 510 SERIAL 34592 del proceso con PID 10392
00 16:16:47:014 Cursor SELPROVDPROCESOS error 3113 ORA-03113: fin de archivo en el canal de comunicación
Identificador de Proceso: 12992
Identificador de Sesión: 510 Número de Serie: 34592
00 16:16:47:387  Defines
00 16:16:47:402    campo ROWID Valor  error 0 ORA-03113: fin de archivo en el canal de comunicación
Identificador de Proceso: 12992
Identificador de Sesión: 510 Número de Serie: 34592
00 16:16:47:417    campo GRUPOPROC Valor  error 0 ORA-03113: fin de archivo en el canal de comunicación
Identificador de Proceso: 12992
Identificador de Sesión: 510 Número de Serie: 34592
00 16:16:47:422    campo PROCESO Valor EQUILIBRA error 0 ORA-03113: fin de archivo en el canal de comunicación
Identificador de Proceso: 12992
Identificador de Sesión: 510 Número de Serie: 34592
00 16:16:47:422    campo PARAM Valor  error 0 ORA-03113: fin de archivo en el canal de comunicación
Identificador de Proceso: 12992
Identificador de Sesión: 510 Número de Serie: 34592
00 16:16:47:425    campo FUNCIONPROC Valor  error 0 ORA-03113: fin de archivo en el canal de comunicación
Identificador de Proceso: 12992
Identificador de Sesión: 510 Número de Serie: 34592
00 16:16:47:425    campo LIBPROCESO Valor  error 0 ORA-03113: fin de archivo en el canal de comunicación
Identificador de Proceso: 12992
Identificador de Sesión: 510 Número de Serie: 34592
00 16:16:47:434    campo ORDENACION Valor 0 error 0 ORA-03113: fin de archivo en el canal de comunicación
Identificador de Proceso: 12992
Identificador de Sesión: 510 Número de Serie: 34592
00 16:16:47:437    campo PERIODO Valor 0 error 0 ORA-03113: fin de archivo en el canal de comunicación
Identificador de Proceso: 12992
Identificador de Sesión: 510 Número de Serie: 34592
00 16:16:47:442    campo CODSEMAFORO Valor  error 1405 ORA-03113: fin de archivo en el canal de comunicación
Identificador de Proceso: 12992
Identificador de Sesión: 510 Número de Serie: 34592
00 16:16:47:442    campo EJECUCIONES Valor 0 error 0 ORA-03113: fin de archivo en el canal de comunicación
Identificador de Proceso: 12992
Identificador de Sesión: 510 Número de Serie: 34592
00 16:16:47:442    campo EJECUTAINMEDIATO Valor  error 1405 ORA-03113: fin de archivo en el canal de comunicación
Identificador de Proceso: 12992
Identificador de Sesión: 510 Número de Serie: 34592
00 16:16:47:442    campo INFOEXTRA Valor  error 1405 ORA-03113: fin de archivo en el canal de comunicación
Identificador de Proceso: 12992
Identificador de Sesión: 510 Número de Serie: 34592
00 16:16:47:445    campo CODCOMEN Valor 0 error 0 ORA-03113: fin de archivo en el canal de comunicación
Identificador de Proceso: 12992
Identificador de Sesión: 510 Número de Serie: 34592
00 16:16:47:445    campo CODOPEMODIF Valor  error 0 ORA-03113: fin de archivo en el canal de comunicación
Identificador de Proceso: 12992
Identificador de Sesión: 510 Número de Serie: 34592
00 16:16:47:462    campo FECMODIF Valor 0 error 0 ORA-03113: fin de archivo en el canal de comunicación
Identificador de Proceso: 12992
Identificador de Sesión: 510 Número de Serie: 34592
00 16:16:47:465    campo HORAMODIF Valor  error 0 ORA-03113: fin de archivo en el canal de comunicación
Identificador de Proceso: 12992
Identificador de Sesión: 510 Número de Serie: 34592
00 16:16:47:465    campo ACTIVO Valor  error 0 ORA-03113: fin de archivo en el canal de comunicación
Identificador de Proceso: 12992
Identificador de Sesión: 510 Número de Serie: 34592
00 16:16:47:474  Binds
00 16:16:47:474    campo PROCESO Valor EQUILIBRA error 0 ORA-03113: fin de archivo en el canal de comunicación
Identificador de Proceso: 12992
Identificador de Sesión: 510 Número de Serie: 34592
00 16:16:47:477 Programa finaliza por Error Oracle Fatal 3114 en cursor
	SELSPRSTATUS

00 16:16:47:810 Fichero de log cerrado.

00 16:19:02:880 Fichero de log abierto PID 12964

02 16:19:02:884 Intentando abrir fichero v10.ini
02 16:19:02:885 Cargando driver v10oracle funcion damedriveroracle
02 16:19:03:427 Conectado a base de datos
02 16:19:03:429 Proceso EQUILIBRA encontrado en tabla VDPROCESOS
02 16:19:03:429 Proceso EQUILIBRA cargado con función vdprocesasprst (Librería VDPEDIDOS.DLL) direccion 06870B90
02 16:19:03:432 PLSQL: INICIALIZADO PAQUETE DE LOG EL DIA 23-06-2022
02 16:19:03:440 Actualizado SID 388 SERIAL 30476 del proceso con PID 12964

00 16:36:14:769 Fichero de log cerrado.

00 16:37:29:922 Fichero de log abierto PID 7388

02 16:37:29:924 Intentando abrir fichero v10.ini
02 16:37:29:927 Cargando driver v10oracle funcion damedriveroracle
02 16:37:30:559 Conectado a base de datos
02 16:37:30:560 Proceso EQUILIBRA encontrado en tabla VDPROCESOS
02 16:37:30:562 Proceso EQUILIBRA cargado con función vdprocesasprst (Librería VDPEDIDOS.DLL) direccion 06660B90
02 16:37:30:564 PLSQL: INICIALIZADO PAQUETE DE LOG EL DIA 23-06-2022
02 16:37:30:572 Actualizado SID 8 SERIAL 28828 del proceso con PID 7388

00 16:52:15:362 Fichero de log cerrado.

00 16:52:29:955 Fichero de log abierto PID 10096

02 16:52:29:957 Intentando abrir fichero v10.ini
02 16:52:29:962 Cargando driver v10oracle funcion damedriveroracle
02 16:52:30:382 Conectado a base de datos
02 16:52:30:382 Proceso EQUILIBRA encontrado en tabla VDPROCESOS
02 16:52:30:384 Proceso EQUILIBRA cargado con función vdprocesasprst (Librería VDPEDIDOS.DLL) direccion 06380B90
02 16:52:30:386 PLSQL: INICIALIZADO PAQUETE DE LOG EL DIA 23-06-2022
02 16:52:30:392 Actualizado SID 747 SERIAL 40948 del proceso con PID 10096

00 17:06:53:512 Fichero de log cerrado.

00 17:07:21:290 Fichero de log abierto PID 292

02 17:07:21:292 Intentando abrir fichero v10.ini
02 17:07:21:295 Cargando driver v10oracle funcion damedriveroracle
02 17:07:21:860 Conectado a base de datos
02 17:07:21:862 Proceso EQUILIBRA encontrado en tabla VDPROCESOS
02 17:07:21:864 Proceso EQUILIBRA cargado con función vdprocesasprst (Librería VDPEDIDOS.DLL) direccion 06260B90
02 17:07:21:866 PLSQL: INICIALIZADO PAQUETE DE LOG EL DIA 23-06-2022
02 17:07:21:875 Actualizado SID 862 SERIAL 8059 del proceso con PID 292

00 17:17:38:192 Fichero de log cerrado.

00 17:17:45:370 Fichero de log abierto PID 12948

02 17:17:45:372 Intentando abrir fichero v10.ini
02 17:17:45:375 Cargando driver v10oracle funcion damedriveroracle
02 17:17:45:770 Conectado a base de datos
02 17:17:45:772 Proceso EQUILIBRA encontrado en tabla VDPROCESOS
02 17:17:45:774 Proceso EQUILIBRA cargado con función vdprocesasprst (Librería VDPEDIDOS.DLL) direccion 061A0B90
02 17:17:45:775 PLSQL: INICIALIZADO PAQUETE DE LOG EL DIA 23-06-2022
02 17:17:45:785 Actualizado SID 509 SERIAL 51143 del proceso con PID 12948

00 17:45:44:547 Fichero de log cerrado.

