00 09:11:09:382 Fichero de log abierto PID 1736

02 09:11:09:383 Intentando abrir fichero v10.ini
02 09:11:09:388 Cargando driver v10oracle funcion damedriveroracle
02 09:11:10:175 Conectado a base de datos
02 09:11:10:177 Proceso EQUILIBRA encontrado en tabla VDPROCESOS
02 09:11:10:178 Proceso EQUILIBRA cargado con función vdprocesasprst (Librería VDPEDIDOS.DLL) direccion 06710B90
02 09:11:10:181 PLSQL: INICIALIZADO PAQUETE DE LOG EL DIA 04-04-2022
02 09:11:10:188 Actualizado SID 261 SERIAL 39997 del proceso con PID 1736

00 10:22:53:436 Fichero de log cerrado.

00 10:23:02:037 Fichero de log abierto PID 7328

02 10:23:02:057 Intentando abrir fichero v10.ini
02 10:23:02:065 Cargando driver v10oracle funcion damedriveroracle
02 10:23:02:645 Conectado a base de datos
02 10:23:02:647 Proceso EQUILIBRA encontrado en tabla VDPROCESOS
02 10:23:02:647 Proceso EQUILIBRA cargado con función vdprocesasprst (Librería VDPEDIDOS.DLL) direccion 05DA0B90
02 10:23:02:651 PLSQL: INICIALIZADO PAQUETE DE LOG EL DIA 04-04-2022
02 10:23:02:661 Actualizado SID 626 SERIAL 61579 del proceso con PID 7328

00 10:38:58:311 Fichero de log cerrado.

00 10:39:08:613 Fichero de log abierto PID 15376

02 10:39:08:615 Intentando abrir fichero v10.ini
02 10:39:08:622 Cargando driver v10oracle funcion damedriveroracle
02 10:39:09:520 Conectado a base de datos
02 10:39:09:522 Proceso EQUILIBRA encontrado en tabla VDPROCESOS
02 10:39:09:525 Proceso EQUILIBRA cargado con función vdprocesasprst (Librería VDPEDIDOS.DLL) direccion 06290B90
02 10:39:09:527 PLSQL: INICIALIZADO PAQUETE DE LOG EL DIA 04-04-2022
02 10:39:09:536 Actualizado SID 14 SERIAL 52695 del proceso con PID 15376

00 12:14:33:895 Fichero de log cerrado.

00 12:14:45:485 Fichero de log abierto PID 7540

02 12:14:45:487 Intentando abrir fichero v10.ini
02 12:14:45:495 Cargando driver v10oracle funcion damedriveroracle
02 12:14:46:105 Conectado a base de datos
02 12:14:46:107 Proceso EQUILIBRA encontrado en tabla VDPROCESOS
02 12:14:46:107 Proceso EQUILIBRA cargado con función vdprocesasprst (Librería VDPEDIDOS.DLL) direccion 050B0B90
02 12:14:46:110 PLSQL: INICIALIZADO PAQUETE DE LOG EL DIA 04-04-2022
02 12:14:46:122 Actualizado SID 7 SERIAL 50646 del proceso con PID 7540

00 12:39:53:230 Fichero de log cerrado.

00 12:39:57:450 Fichero de log abierto PID 11572

02 12:39:57:452 Intentando abrir fichero v10.ini
02 12:39:57:460 Cargando driver v10oracle funcion damedriveroracle
02 12:39:58:280 Conectado a base de datos
02 12:39:58:282 Proceso EQUILIBRA encontrado en tabla VDPROCESOS
02 12:39:58:284 Proceso EQUILIBRA cargado con función vdprocesasprst (Librería VDPEDIDOS.DLL) direccion 06830B90
02 12:39:58:286 PLSQL: INICIALIZADO PAQUETE DE LOG EL DIA 04-04-2022
02 12:39:58:295 Actualizado SID 506 SERIAL 62002 del proceso con PID 11572

00 12:40:52:377 Fichero de log cerrado.

00 12:40:57:777 Fichero de log abierto PID 1264

02 12:40:57:784 Intentando abrir fichero v10.ini
02 12:40:57:790 Cargando driver v10oracle funcion damedriveroracle
02 12:40:58:585 Conectado a base de datos
02 12:40:58:587 Proceso EQUILIBRA encontrado en tabla VDPROCESOS
02 12:40:58:589 Proceso EQUILIBRA cargado con función vdprocesasprst (Librería VDPEDIDOS.DLL) direccion 06160B90
02 12:40:58:590 PLSQL: INICIALIZADO PAQUETE DE LOG EL DIA 04-04-2022
02 12:40:58:599 Actualizado SID 627 SERIAL 4265 del proceso con PID 1264
02 16:22:48:650 Ejecucion número 10001 del proceso EQUILIBRA total 646187

00 17:13:21:679 Fichero de log cerrado.

00 17:13:27:025 Fichero de log abierto PID 17320

02 17:13:27:027 Intentando abrir fichero v10.ini
02 17:13:27:032 Cargando driver v10oracle funcion damedriveroracle
02 17:13:27:400 Conectado a base de datos
02 17:13:27:404 Proceso EQUILIBRA encontrado en tabla VDPROCESOS
02 17:13:27:405 Proceso EQUILIBRA cargado con función vdprocesasprst (Librería VDPEDIDOS.DLL) direccion 06370B90
02 17:13:27:408 PLSQL: INICIALIZADO PAQUETE DE LOG EL DIA 04-04-2022
02 17:13:27:417 Actualizado SID 625 SERIAL 40673 del proceso con PID 17320

00 17:58:21:369 Fichero de log cerrado.

