00 09:17:44:818 Fichero de log abierto PID 12504

02 09:17:44:821 Intentando abrir fichero v10.ini
02 09:17:44:826 Cargando driver v10oracle funcion damedriveroracle
02 09:17:45:351 Conectado a base de datos
02 09:17:45:351 Proceso EQUILIBRA encontrado en tabla VDPROCESOS
02 09:17:46:030 Proceso EQUILIBRA cargado con función vdprocesasprst (Librería VDPEDIDOS.DLL) direccion 06180B90
02 09:17:46:032 PLSQL: INICIALIZADO PAQUETE DE LOG EL DIA 28-06-2022
02 09:17:46:032 Actualizado SID 869 SERIAL 43524 del proceso con PID 12504

00 09:39:20:132 Fichero de log cerrado.

00 09:39:35:635 Fichero de log abierto PID 7572

02 09:39:35:637 Intentando abrir fichero v10.ini
02 09:39:35:642 Cargando driver v10oracle funcion damedriveroracle
02 09:39:36:281 Conectado a base de datos
02 09:39:36:282 Proceso EQUILIBRA encontrado en tabla VDPROCESOS
02 09:39:36:283 Proceso EQUILIBRA cargado con función vdprocesasprst (Librería VDPEDIDOS.DLL) direccion 05D50B90
02 09:39:36:286 PLSQL: INICIALIZADO PAQUETE DE LOG EL DIA 28-06-2022
02 09:39:36:293 Actualizado SID 503 SERIAL 47702 del proceso con PID 7572

00 12:12:08:737 Fichero de log cerrado.

00 12:12:22:072 Fichero de log abierto PID 12692

02 12:12:22:075 Intentando abrir fichero v10.ini
02 12:12:22:077 Cargando driver v10oracle funcion damedriveroracle
02 12:12:22:759 Conectado a base de datos
02 12:12:22:760 Proceso EQUILIBRA encontrado en tabla VDPROCESOS
02 12:12:22:762 Proceso EQUILIBRA cargado con función vdprocesasprst (Librería VDPEDIDOS.DLL) direccion 05F70B90
02 12:12:22:763 PLSQL: INICIALIZADO PAQUETE DE LOG EL DIA 28-06-2022
02 12:12:22:774 Actualizado SID 377 SERIAL 65083 del proceso con PID 12692

00 12:17:16:449 Fichero de log cerrado.

00 12:17:34:097 Fichero de log abierto PID 1616

02 12:17:34:100 Intentando abrir fichero v10.ini
02 12:17:34:105 Cargando driver v10oracle funcion damedriveroracle
02 12:17:34:664 Conectado a base de datos
02 12:17:34:665 Proceso EQUILIBRA encontrado en tabla VDPROCESOS
02 12:17:34:667 Proceso EQUILIBRA cargado con función vdprocesasprst (Librería VDPEDIDOS.DLL) direccion 05C30B90
02 12:17:34:669 PLSQL: INICIALIZADO PAQUETE DE LOG EL DIA 28-06-2022
02 12:17:34:679 Actualizado SID 258 SERIAL 44649 del proceso con PID 1616

00 12:42:30:060 Fichero de log cerrado.

00 12:42:46:007 Fichero de log abierto PID 11852

02 12:42:46:010 Intentando abrir fichero v10.ini
02 12:42:46:015 Cargando driver v10oracle funcion damedriveroracle
02 12:42:46:595 Conectado a base de datos
02 12:42:46:597 Proceso EQUILIBRA encontrado en tabla VDPROCESOS
02 12:42:46:599 Proceso EQUILIBRA cargado con función vdprocesasprst (Librería VDPEDIDOS.DLL) direccion 06480B90
02 12:42:46:600 PLSQL: INICIALIZADO PAQUETE DE LOG EL DIA 28-06-2022
02 12:42:46:612 Actualizado SID 748 SERIAL 1471 del proceso con PID 11852

00 13:34:12:797 Fichero de log cerrado.

00 13:34:40:025 Fichero de log abierto PID 13408

02 13:34:40:027 Intentando abrir fichero v10.ini
02 13:34:40:032 Cargando driver v10oracle funcion damedriveroracle
02 13:34:40:877 Conectado a base de datos
02 13:34:40:880 Proceso EQUILIBRA encontrado en tabla VDPROCESOS
02 13:34:40:880 Proceso EQUILIBRA cargado con función vdprocesasprst (Librería VDPEDIDOS.DLL) direccion 06A50B90
02 13:34:40:884 PLSQL: INICIALIZADO PAQUETE DE LOG EL DIA 28-06-2022
02 13:34:40:894 Actualizado SID 631 SERIAL 24815 del proceso con PID 13408

00 13:35:55:740 Fichero de log cerrado.

00 13:36:00:215 Fichero de log abierto PID 10208

02 13:36:00:217 Intentando abrir fichero v10.ini
02 13:36:00:222 Cargando driver v10oracle funcion damedriveroracle
02 13:36:00:940 Conectado a base de datos
02 13:36:00:944 Proceso EQUILIBRA encontrado en tabla VDPROCESOS
02 13:36:00:945 Proceso EQUILIBRA cargado con función vdprocesasprst (Librería VDPEDIDOS.DLL) direccion 05B40B90
02 13:36:00:947 PLSQL: INICIALIZADO PAQUETE DE LOG EL DIA 28-06-2022
02 13:36:00:960 Actualizado SID 501 SERIAL 3518 del proceso con PID 10208

00 13:36:42:905 Fichero de log cerrado.

00 13:44:14:812 Fichero de log abierto PID 2208

02 13:44:14:812 Intentando abrir fichero v10.ini
02 13:44:14:819 Cargando driver v10oracle funcion damedriveroracle
02 13:44:15:417 Conectado a base de datos
02 13:44:15:419 Proceso EQUILIBRA encontrado en tabla VDPROCESOS
02 13:44:15:420 Proceso EQUILIBRA cargado con función vdprocesasprst (Librería VDPEDIDOS.DLL) direccion 05950B90
02 13:44:15:421 PLSQL: INICIALIZADO PAQUETE DE LOG EL DIA 28-06-2022
02 13:44:15:427 Actualizado SID 747 SERIAL 9647 del proceso con PID 2208

00 14:45:59:840 Fichero de log cerrado.

00 14:46:22:795 Fichero de log abierto PID 9652

02 14:46:22:799 Intentando abrir fichero v10.ini
02 14:46:22:805 Cargando driver v10oracle funcion damedriveroracle
02 14:46:23:535 Conectado a base de datos
02 14:46:23:537 Proceso EQUILIBRA encontrado en tabla VDPROCESOS
02 14:46:23:540 Proceso EQUILIBRA cargado con función vdprocesasprst (Librería VDPEDIDOS.DLL) direccion 05940B90
02 14:46:23:541 PLSQL: INICIALIZADO PAQUETE DE LOG EL DIA 28-06-2022
02 14:46:23:550 Actualizado SID 258 SERIAL 2092 del proceso con PID 9652

00 17:58:49:100 Fichero de log cerrado.

