00 09:04:44:811 Fichero de log abierto PID 11256

02 09:04:44:811 Intentando abrir fichero v10.ini
02 09:04:44:818 Cargando driver v10oracle funcion damedriveroracle
02 09:04:45:913 Conectado a base de datos
02 09:04:45:915 Proceso EQUILIBRA encontrado en tabla VDPROCESOS
02 09:04:45:917 Proceso EQUILIBRA cargado con función vdprocesasprst (Librería VDPEDIDOS.DLL) direccion 04330B90
02 09:04:45:918 PLSQL: INICIALIZADO PAQUETE DE LOG EL DIA 25-03-2022
02 09:04:45:926 Actualizado SID 255 SERIAL 18773 del proceso con PID 11256

00 09:37:54:926 Fichero de log cerrado.

00 09:38:20:141 Fichero de log abierto PID 12572

02 09:38:20:146 Intentando abrir fichero v10.ini
02 09:38:20:152 Cargando driver v10oracle funcion damedriveroracle
02 09:38:20:956 Conectado a base de datos
02 09:38:20:957 Proceso EQUILIBRA encontrado en tabla VDPROCESOS
02 09:38:20:960 Proceso EQUILIBRA cargado con función vdprocesasprst (Librería VDPEDIDOS.DLL) direccion 06C50B90
02 09:38:20:962 PLSQL: INICIALIZADO PAQUETE DE LOG EL DIA 25-03-2022
02 09:38:20:972 Actualizado SID 626 SERIAL 15988 del proceso con PID 12572

00 12:57:00:262 Fichero de log cerrado.

00 12:57:20:634 Fichero de log abierto PID 10716

02 12:57:20:635 Intentando abrir fichero v10.ini
02 12:57:20:644 Cargando driver v10oracle funcion damedriveroracle
02 12:57:21:600 Conectado a base de datos
02 12:57:21:602 Proceso EQUILIBRA encontrado en tabla VDPROCESOS
02 12:57:21:604 Proceso EQUILIBRA cargado con función vdprocesasprst (Librería VDPEDIDOS.DLL) direccion 05AC0B90
02 12:57:21:606 PLSQL: INICIALIZADO PAQUETE DE LOG EL DIA 25-03-2022
02 12:57:21:615 Actualizado SID 19 SERIAL 56760 del proceso con PID 10716

00 13:58:46:914 Fichero de log cerrado.

