00 09:10:30:693 Fichero de log abierto PID 144

02 09:10:30:696 Intentando abrir fichero v10.ini
02 09:10:30:701 Cargando driver v10oracle funcion damedriveroracle
02 09:10:31:376 Conectado a base de datos
02 09:10:31:377 Proceso EQUILIBRA encontrado en tabla VDPROCESOS
02 09:10:31:377 Proceso EQUILIBRA cargado con función vdprocesasprst (Librería VDPEDIDOS.DLL) direccion 01B90B90
02 09:10:31:380 PLSQL: INICIALIZADO PAQUETE DE LOG EL DIA 06-04-2022
02 09:10:31:386 Actualizado SID 9 SERIAL 25432 del proceso con PID 144

00 09:52:22:432 Fichero de log cerrado.

00 09:52:39:582 Fichero de log abierto PID 1752

02 09:52:39:641 Intentando abrir fichero v10.ini
02 09:52:39:647 Cargando driver v10oracle funcion damedriveroracle
02 09:52:40:493 Conectado a base de datos
02 09:52:40:496 Proceso EQUILIBRA encontrado en tabla VDPROCESOS
02 09:52:40:497 Proceso EQUILIBRA cargado con función vdprocesasprst (Librería VDPEDIDOS.DLL) direccion 05F50B90
02 09:52:40:499 PLSQL: INICIALIZADO PAQUETE DE LOG EL DIA 06-04-2022
02 09:52:40:507 Actualizado SID 10 SERIAL 46046 del proceso con PID 1752
02 13:00:25:020 Ejecucion número 10001 del proceso EQUILIBRA total 649430
02 16:46:31:040 Ejecucion número 20001 del proceso EQUILIBRA total 1298766

00 17:56:19:867 Fichero de log cerrado.

