00 09:08:31:752 Fichero de log abierto PID 10108

02 09:08:31:752 Intentando abrir fichero v10.ini
02 09:08:31:758 Cargando driver v10oracle funcion damedriveroracle
02 09:08:32:302 Conectado a base de datos
02 09:08:32:302 Proceso EQUILIBRA encontrado en tabla VDPROCESOS
02 09:08:32:302 Proceso EQUILIBRA cargado con función vdprocesasprst (Librería VDPEDIDOS.DLL) direccion 06230B90
02 09:08:32:306 PLSQL: INICIALIZADO PAQUETE DE LOG EL DIA 28-03-2022
02 09:08:32:327 Actualizado SID 623 SERIAL 59662 del proceso con PID 10108
02 11:56:43:940 Ejecucion número 10001 del proceso EQUILIBRA total 648800
02 14:45:06:415 Ejecucion número 20001 del proceso EQUILIBRA total 1301802

00 15:19:41:784 Fichero de log cerrado.

00 15:19:48:665 Fichero de log abierto PID 17072

02 15:19:48:667 Intentando abrir fichero v10.ini
02 15:19:48:672 Cargando driver v10oracle funcion damedriveroracle
02 15:19:49:625 Conectado a base de datos
02 15:19:49:627 Proceso EQUILIBRA encontrado en tabla VDPROCESOS
02 15:19:49:629 Proceso EQUILIBRA cargado con función vdprocesasprst (Librería VDPEDIDOS.DLL) direccion 047C0B90
02 15:19:49:632 PLSQL: INICIALIZADO PAQUETE DE LOG EL DIA 28-03-2022
02 15:19:49:642 Actualizado SID 137 SERIAL 50140 del proceso con PID 17072

00 16:06:05:740 Fichero de log cerrado.

00 16:06:21:359 Fichero de log abierto PID 5664

02 16:06:21:365 Intentando abrir fichero v10.ini
02 16:06:21:372 Cargando driver v10oracle funcion damedriveroracle
02 16:06:22:022 Conectado a base de datos
02 16:06:22:025 Proceso EQUILIBRA encontrado en tabla VDPROCESOS
02 16:06:22:025 Proceso EQUILIBRA cargado con función vdprocesasprst (Librería VDPEDIDOS.DLL) direccion 06CE0B90
02 16:06:22:028 PLSQL: INICIALIZADO PAQUETE DE LOG EL DIA 28-03-2022
02 16:06:22:037 Actualizado SID 262 SERIAL 59201 del proceso con PID 5664

00 17:59:49:290 Fichero de log cerrado.

