00 09:09:26:395 Fichero de log abierto PID 17008

02 09:09:26:397 Intentando abrir fichero v10.ini
02 09:09:26:403 Cargando driver v10oracle funcion damedriveroracle
02 09:09:26:750 Conectado a base de datos
02 09:09:26:752 Proceso EQUILIBRA encontrado en tabla VDPROCESOS
02 09:09:26:753 Proceso EQUILIBRA cargado con función vdprocesasprst (Librería VDPEDIDOS.DLL) direccion 064A0B90
02 09:09:26:755 PLSQL: INICIALIZADO PAQUETE DE LOG EL DIA 29-03-2022
02 09:09:26:763 Actualizado SID 378 SERIAL 3011 del proceso con PID 17008
02 11:57:46:035 Ejecucion número 10001 del proceso EQUILIBRA total 649218

00 13:50:25:450 Fichero de log cerrado.

00 13:50:30:205 Fichero de log abierto PID 5200

02 13:50:30:207 Intentando abrir fichero v10.ini
02 13:50:30:214 Cargando driver v10oracle funcion damedriveroracle
02 13:50:31:095 Conectado a base de datos
02 13:50:31:097 Proceso EQUILIBRA encontrado en tabla VDPROCESOS
02 13:50:31:097 Proceso EQUILIBRA cargado con función vdprocesasprst (Librería VDPEDIDOS.DLL) direccion 03C10B90
02 13:50:31:099 PLSQL: INICIALIZADO PAQUETE DE LOG EL DIA 29-03-2022
02 13:50:31:105 Actualizado SID 502 SERIAL 4113 del proceso con PID 5200

00 13:56:42:810 Fichero de log cerrado.

00 13:56:46:430 Fichero de log abierto PID 12156

02 13:56:46:432 Intentando abrir fichero v10.ini
02 13:56:46:437 Cargando driver v10oracle funcion damedriveroracle
02 13:56:47:160 Conectado a base de datos
02 13:56:47:162 Proceso EQUILIBRA encontrado en tabla VDPROCESOS
02 13:56:47:164 Proceso EQUILIBRA cargado con función vdprocesasprst (Librería VDPEDIDOS.DLL) direccion 05CF0B90
02 13:56:47:165 PLSQL: INICIALIZADO PAQUETE DE LOG EL DIA 29-03-2022
02 13:56:47:174 Actualizado SID 261 SERIAL 32083 del proceso con PID 12156

00 15:32:15:834 Fichero de log cerrado.

00 15:32:21:857 Fichero de log abierto PID 17820

02 15:32:21:859 Intentando abrir fichero v10.ini
02 15:32:21:865 Cargando driver v10oracle funcion damedriveroracle
02 15:32:22:694 Conectado a base de datos
02 15:32:22:695 Proceso EQUILIBRA encontrado en tabla VDPROCESOS
02 15:32:22:695 Proceso EQUILIBRA cargado con función vdprocesasprst (Librería VDPEDIDOS.DLL) direccion 04410B90
02 15:32:22:699 PLSQL: INICIALIZADO PAQUETE DE LOG EL DIA 29-03-2022
02 15:32:22:710 Actualizado SID 136 SERIAL 16420 del proceso con PID 17820

00 17:42:37:152 Fichero de log cerrado.

00 17:42:47:944 Fichero de log abierto PID 4168

02 17:42:47:947 Intentando abrir fichero v10.ini
02 17:42:47:964 Cargando driver v10oracle funcion damedriveroracle
02 17:42:48:675 Conectado a base de datos
02 17:42:48:679 Proceso EQUILIBRA encontrado en tabla VDPROCESOS
02 17:42:48:680 Proceso EQUILIBRA cargado con función vdprocesasprst (Librería VDPEDIDOS.DLL) direccion 06400B90
02 17:42:48:686 PLSQL: INICIALIZADO PAQUETE DE LOG EL DIA 29-03-2022
02 17:42:48:700 Actualizado SID 261 SERIAL 2172 del proceso con PID 4168

00 17:45:26:707 Fichero de log cerrado.

00 17:45:32:980 Fichero de log abierto PID 2724

02 17:45:32:982 Intentando abrir fichero v10.ini
02 17:45:32:995 Cargando driver v10oracle funcion damedriveroracle
02 17:45:35:629 Conectado a base de datos
02 17:45:35:634 Proceso EQUILIBRA encontrado en tabla VDPROCESOS
02 17:45:35:637 Proceso EQUILIBRA cargado con función vdprocesasprst (Librería VDPEDIDOS.DLL) direccion 075E0B90
02 17:45:35:643 PLSQL: INICIALIZADO PAQUETE DE LOG EL DIA 29-03-2022
02 17:45:35:665 Actualizado SID 631 SERIAL 6872 del proceso con PID 2724

00 17:58:58:370 Fichero de log cerrado.

