00 09:09:35:322 Fichero de log abierto PID 10680

02 09:09:35:322 Intentando abrir fichero v10.ini
02 09:09:35:328 Cargando driver v10oracle funcion damedriveroracle
02 09:09:36:066 Conectado a base de datos
02 09:09:36:067 Proceso FINMOV encontrado en tabla VDPROCESOS
02 09:09:36:068 Proceso FINMOV cargado con función vdbuscamovst (Librería VDKERNEL.DLL) direccion 6FE01560
02 09:09:36:068 Proceso FINMOVANULADOS encontrado en tabla VDPROCESOS
02 09:09:36:068 Proceso FINMOVANULADOS cargado con función vdbuscamovst (Librería VDKERNEL.DLL) direccion 6FE01560
02 09:09:36:071 PLSQL: INICIALIZADO PAQUETE DE LOG EL DIA 05-04-2022
02 09:09:36:080 Actualizado SID 11 SERIAL 38010 del proceso con PID 10680

00 09:57:03:187 Fichero de log cerrado.

00 09:57:16:528 Fichero de log abierto PID 16264

02 09:57:16:531 Intentando abrir fichero v10.ini
02 09:57:16:537 Cargando driver v10oracle funcion damedriveroracle
02 09:57:16:947 Conectado a base de datos
02 09:57:16:950 Proceso FINMOV encontrado en tabla VDPROCESOS
02 09:57:16:950 Proceso FINMOV cargado con función vdbuscamovst (Librería VDKERNEL.DLL) direccion 6FE01560
02 09:57:16:950 Proceso FINMOVANULADOS encontrado en tabla VDPROCESOS
02 09:57:16:950 Proceso FINMOVANULADOS cargado con función vdbuscamovst (Librería VDKERNEL.DLL) direccion 6FE01560
02 09:57:16:953 PLSQL: INICIALIZADO PAQUETE DE LOG EL DIA 05-04-2022
02 09:57:16:962 Actualizado SID 502 SERIAL 50492 del proceso con PID 16264

00 10:01:40:407 Fichero de log cerrado.

00 10:03:38:753 Fichero de log abierto PID 3736

02 10:03:38:756 Intentando abrir fichero v10.ini
02 10:03:38:762 Cargando driver v10oracle funcion damedriveroracle
02 10:03:39:618 Conectado a base de datos
02 10:03:39:620 Proceso FINMOV encontrado en tabla VDPROCESOS
02 10:03:39:622 Proceso FINMOV cargado con función vdbuscamovst (Librería VDKERNEL.DLL) direccion 6E091560
02 10:03:39:622 Proceso FINMOVANULADOS encontrado en tabla VDPROCESOS
02 10:03:39:622 Proceso FINMOVANULADOS cargado con función vdbuscamovst (Librería VDKERNEL.DLL) direccion 6E091560
02 10:03:39:623 PLSQL: INICIALIZADO PAQUETE DE LOG EL DIA 05-04-2022
02 10:03:39:637 Actualizado SID 8 SERIAL 6654 del proceso con PID 3736
02 13:17:48:602 Ejecucion número 10001 del proceso FINMOV total 645389

00 16:14:51:317 Fichero de log cerrado.

00 16:15:02:149 Fichero de log abierto PID 10564

02 16:15:02:150 Intentando abrir fichero v10.ini
02 16:15:02:157 Cargando driver v10oracle funcion damedriveroracle
02 16:15:03:530 Conectado a base de datos
02 16:15:03:535 Proceso FINMOV encontrado en tabla VDPROCESOS
02 16:15:03:537 Proceso FINMOV cargado con función vdbuscamovst (Librería VDKERNEL.DLL) direccion 6E091560
02 16:15:03:539 Proceso FINMOVANULADOS encontrado en tabla VDPROCESOS
02 16:15:03:539 Proceso FINMOVANULADOS cargado con función vdbuscamovst (Librería VDKERNEL.DLL) direccion 6E091560
02 16:15:03:544 PLSQL: INICIALIZADO PAQUETE DE LOG EL DIA 05-04-2022
02 16:15:03:555 Actualizado SID 749 SERIAL 22050 del proceso con PID 10564

00 17:58:46:537 Fichero de log cerrado.

