00 09:08:33:165 Fichero de log abierto PID 17248

02 09:08:33:166 Intentando abrir fichero v10.ini
02 09:08:33:172 Cargando driver v10oracle funcion damedriveroracle
02 09:08:33:802 Conectado a base de datos
02 09:08:33:803 Proceso FINMOV encontrado en tabla VDPROCESOS
02 09:08:33:805 Proceso FINMOV cargado con función vdbuscamovst (Librería VDKERNEL.DLL) direccion 6E791560
02 09:08:33:805 Proceso FINMOVANULADOS encontrado en tabla VDPROCESOS
02 09:08:33:805 Proceso FINMOVANULADOS cargado con función vdbuscamovst (Librería VDKERNEL.DLL) direccion 6E791560
02 09:08:33:808 PLSQL: INICIALIZADO PAQUETE DE LOG EL DIA 01-04-2022
02 09:08:33:816 Actualizado SID 381 SERIAL 59534 del proceso con PID 17248

00 10:41:41:275 Fichero de log cerrado.

00 10:42:00:965 Fichero de log abierto PID 5952

02 10:42:00:967 Intentando abrir fichero v10.ini
02 10:42:00:972 Cargando driver v10oracle funcion damedriveroracle
02 10:42:01:477 Conectado a base de datos
02 10:42:01:477 Proceso FINMOV encontrado en tabla VDPROCESOS
02 10:42:01:480 Proceso FINMOV cargado con función vdbuscamovst (Librería VDKERNEL.DLL) direccion 6E791560
02 10:42:01:480 Proceso FINMOVANULADOS encontrado en tabla VDPROCESOS
02 10:42:01:480 Proceso FINMOVANULADOS cargado con función vdbuscamovst (Librería VDKERNEL.DLL) direccion 6E791560
02 10:42:01:483 PLSQL: INICIALIZADO PAQUETE DE LOG EL DIA 01-04-2022
02 10:42:01:496 Actualizado SID 389 SERIAL 59417 del proceso con PID 5952

00 12:15:10:340 Fichero de log cerrado.

00 12:15:19:107 Fichero de log abierto PID 4732

02 12:15:19:109 Intentando abrir fichero v10.ini
02 12:15:19:117 Cargando driver v10oracle funcion damedriveroracle
02 12:15:20:009 Conectado a base de datos
02 12:15:20:012 Proceso FINMOV encontrado en tabla VDPROCESOS
02 12:15:20:012 Proceso FINMOV cargado con función vdbuscamovst (Librería VDKERNEL.DLL) direccion 6E791560
02 12:15:20:012 Proceso FINMOVANULADOS encontrado en tabla VDPROCESOS
02 12:15:20:012 Proceso FINMOVANULADOS cargado con función vdbuscamovst (Librería VDKERNEL.DLL) direccion 6E791560
02 12:15:20:015 PLSQL: INICIALIZADO PAQUETE DE LOG EL DIA 01-04-2022
02 12:15:20:025 Actualizado SID 502 SERIAL 54988 del proceso con PID 4732

00 13:10:54:649 Fichero de log cerrado.

00 13:11:07:419 Fichero de log abierto PID 15836

02 13:11:07:420 Intentando abrir fichero v10.ini
02 13:11:07:427 Cargando driver v10oracle funcion damedriveroracle
02 13:11:08:199 Conectado a base de datos
02 13:11:08:200 Proceso FINMOV encontrado en tabla VDPROCESOS
02 13:11:08:202 Proceso FINMOV cargado con función vdbuscamovst (Librería VDKERNEL.DLL) direccion 6E791560
02 13:11:08:202 Proceso FINMOVANULADOS encontrado en tabla VDPROCESOS
02 13:11:08:202 Proceso FINMOVANULADOS cargado con función vdbuscamovst (Librería VDKERNEL.DLL) direccion 6E791560
02 13:11:08:204 PLSQL: INICIALIZADO PAQUETE DE LOG EL DIA 01-04-2022
02 13:11:08:215 Actualizado SID 260 SERIAL 56369 del proceso con PID 15836

00 13:31:06:365 Fichero de log cerrado.

00 13:31:13:840 Fichero de log abierto PID 10700

02 13:31:13:844 Intentando abrir fichero v10.ini
02 13:31:13:850 Cargando driver v10oracle funcion damedriveroracle
02 13:31:14:724 Conectado a base de datos
02 13:31:14:725 Proceso FINMOV encontrado en tabla VDPROCESOS
02 13:31:14:727 Proceso FINMOV cargado con función vdbuscamovst (Librería VDKERNEL.DLL) direccion 6E791560
02 13:31:14:727 Proceso FINMOVANULADOS encontrado en tabla VDPROCESOS
02 13:31:14:727 Proceso FINMOVANULADOS cargado con función vdbuscamovst (Librería VDKERNEL.DLL) direccion 6E791560
02 13:31:14:729 PLSQL: INICIALIZADO PAQUETE DE LOG EL DIA 01-04-2022
02 13:31:14:740 Actualizado SID 133 SERIAL 58793 del proceso con PID 10700

00 13:39:34:107 Fichero de log cerrado.

00 13:39:48:395 Fichero de log abierto PID 8208

02 13:39:48:397 Intentando abrir fichero v10.ini
02 13:39:48:404 Cargando driver v10oracle funcion damedriveroracle
02 13:39:49:232 Conectado a base de datos
02 13:39:49:235 Proceso FINMOV encontrado en tabla VDPROCESOS
02 13:39:49:235 Proceso FINMOV cargado con función vdbuscamovst (Librería VDKERNEL.DLL) direccion 6E791560
02 13:39:49:235 Proceso FINMOVANULADOS encontrado en tabla VDPROCESOS
02 13:39:49:237 Proceso FINMOVANULADOS cargado con función vdbuscamovst (Librería VDKERNEL.DLL) direccion 6E791560
02 13:39:49:238 PLSQL: INICIALIZADO PAQUETE DE LOG EL DIA 01-04-2022
02 13:39:49:247 Actualizado SID 746 SERIAL 12497 del proceso con PID 8208

00 13:41:22:215 Fichero de log cerrado.

00 13:41:28:987 Fichero de log abierto PID 3440

02 13:41:28:990 Intentando abrir fichero v10.ini
02 13:41:28:997 Cargando driver v10oracle funcion damedriveroracle
02 13:41:29:752 Conectado a base de datos
02 13:41:29:754 Proceso FINMOV encontrado en tabla VDPROCESOS
02 13:41:29:754 Proceso FINMOV cargado con función vdbuscamovst (Librería VDKERNEL.DLL) direccion 6E791560
02 13:41:29:755 Proceso FINMOVANULADOS encontrado en tabla VDPROCESOS
02 13:41:29:755 Proceso FINMOVANULADOS cargado con función vdbuscamovst (Librería VDKERNEL.DLL) direccion 6E791560
02 13:41:29:757 PLSQL: INICIALIZADO PAQUETE DE LOG EL DIA 01-04-2022
02 13:41:29:767 Actualizado SID 752 SERIAL 43208 del proceso con PID 3440

00 13:58:39:757 Fichero de log cerrado.

