00 11:41:47:032 Fichero de log abierto PID 10816

02 11:41:47:034 Intentando abrir fichero v10.ini
02 11:41:47:040 Cargando driver v10oracle funcion damedriveroracle
02 11:41:47:520 Conectado a base de datos
02 11:41:47:522 Proceso FINMOV encontrado en tabla VDPROCESOS
02 11:41:47:522 Proceso FINMOV cargado con función vdbuscamovst (Librería VDKERNEL.DLL) direccion 6F3D1560
02 11:41:47:522 Proceso FINMOVANULADOS encontrado en tabla VDPROCESOS
02 11:41:47:522 Proceso FINMOVANULADOS cargado con función vdbuscamovst (Librería VDKERNEL.DLL) direccion 6F3D1560
02 11:41:47:525 PLSQL: INICIALIZADO PAQUETE DE LOG EL DIA 04-07-2022
02 11:41:47:532 Actualizado SID 385 SERIAL 23114 del proceso con PID 10816
02 14:37:45:262 Ejecucion número 10001 del proceso FINMOV total 627481

00 16:28:21:849 Fichero de log cerrado.

00 16:28:33:315 Fichero de log abierto PID 15656

02 16:28:33:317 Intentando abrir fichero v10.ini
02 16:28:33:322 Cargando driver v10oracle funcion damedriveroracle
02 16:28:34:085 Conectado a base de datos
02 16:28:34:087 Proceso FINMOV encontrado en tabla VDPROCESOS
02 16:28:34:087 Proceso FINMOV cargado con función vdbuscamovst (Librería VDKERNEL.DLL) direccion 6F3D1560
02 16:28:34:089 Proceso FINMOVANULADOS encontrado en tabla VDPROCESOS
02 16:28:34:089 Proceso FINMOVANULADOS cargado con función vdbuscamovst (Librería VDKERNEL.DLL) direccion 6F3D1560
02 16:28:34:091 PLSQL: INICIALIZADO PAQUETE DE LOG EL DIA 04-07-2022
02 16:28:34:099 Actualizado SID 127 SERIAL 35586 del proceso con PID 15656

00 17:57:33:832 Fichero de log cerrado.

