00 09:14:07:276 Fichero de log abierto PID 8268

02 09:14:07:277 Intentando abrir fichero v10.ini
02 09:14:07:282 Cargando driver v10oracle funcion damedriveroracle
02 09:14:07:918 Conectado a base de datos
02 09:14:07:918 Proceso FINMOV encontrado en tabla VDPROCESOS
02 09:14:07:918 Proceso FINMOV cargado con función vdbuscamovst (Librería VDKERNEL.DLL) direccion 6C011560
02 09:14:07:918 Proceso FINMOVANULADOS encontrado en tabla VDPROCESOS
02 09:14:07:918 Proceso FINMOVANULADOS cargado con función vdbuscamovst (Librería VDKERNEL.DLL) direccion 6C011560
02 09:14:07:919 PLSQL: INICIALIZADO PAQUETE DE LOG EL DIA 29-06-2022
02 09:14:07:926 Actualizado SID 872 SERIAL 11761 del proceso con PID 8268

00 11:17:59:493 Fichero de log cerrado.

00 11:18:11:495 Fichero de log abierto PID 16148

02 11:18:11:497 Intentando abrir fichero v10.ini
02 11:18:11:502 Cargando driver v10oracle funcion damedriveroracle
02 11:18:12:057 Conectado a base de datos
02 11:18:12:058 Proceso FINMOV encontrado en tabla VDPROCESOS
02 11:18:12:058 Proceso FINMOV cargado con función vdbuscamovst (Librería VDKERNEL.DLL) direccion 6C011560
02 11:18:12:058 Proceso FINMOVANULADOS encontrado en tabla VDPROCESOS
02 11:18:12:058 Proceso FINMOVANULADOS cargado con función vdbuscamovst (Librería VDKERNEL.DLL) direccion 6C011560
02 11:18:12:061 PLSQL: INICIALIZADO PAQUETE DE LOG EL DIA 29-06-2022
02 11:18:12:067 Actualizado SID 752 SERIAL 32016 del proceso con PID 16148

00 11:42:13:492 Fichero de log cerrado.

00 13:46:18:710 Fichero de log abierto PID 10852

02 13:46:18:712 Intentando abrir fichero v10.ini
02 13:46:18:719 Cargando driver v10oracle funcion damedriveroracle
02 13:46:19:230 Conectado a base de datos
02 13:46:19:232 Proceso FINMOV encontrado en tabla VDPROCESOS
02 13:46:19:232 Proceso FINMOV cargado con función vdbuscamovst (Librería VDKERNEL.DLL) direccion 6C011560
02 13:46:19:232 Proceso FINMOVANULADOS encontrado en tabla VDPROCESOS
02 13:46:19:232 Proceso FINMOVANULADOS cargado con función vdbuscamovst (Librería VDKERNEL.DLL) direccion 6C011560
02 13:46:19:236 PLSQL: INICIALIZADO PAQUETE DE LOG EL DIA 29-06-2022
02 13:46:19:247 Actualizado SID 261 SERIAL 33718 del proceso con PID 10852

00 13:50:10:250 Fichero de log cerrado.

00 17:03:13:462 Fichero de log abierto PID 13436

02 17:03:13:464 Intentando abrir fichero v10.ini
02 17:03:13:467 Cargando driver v10oracle funcion damedriveroracle
02 17:03:14:075 Conectado a base de datos
02 17:03:14:077 Proceso FINMOV encontrado en tabla VDPROCESOS
02 17:03:14:079 Proceso FINMOV cargado con función vdbuscamovst (Librería VDKERNEL.DLL) direccion 6C011560
02 17:03:14:079 Proceso FINMOVANULADOS encontrado en tabla VDPROCESOS
02 17:03:14:079 Proceso FINMOVANULADOS cargado con función vdbuscamovst (Librería VDKERNEL.DLL) direccion 6C011560
02 17:03:14:081 PLSQL: INICIALIZADO PAQUETE DE LOG EL DIA 29-06-2022
02 17:03:14:089 Actualizado SID 871 SERIAL 5742 del proceso con PID 13436

00 17:57:09:029 Fichero de log cerrado.

