00 09:17:44:822 Fichero de log abierto PID 10928

02 09:17:44:823 Intentando abrir fichero v10.ini
02 09:17:44:828 Cargando driver v10oracle funcion damedriveroracle
02 09:17:45:508 Conectado a base de datos
02 09:17:45:511 Proceso FINMOV encontrado en tabla VDPROCESOS
02 09:17:45:511 Proceso FINMOV cargado con función vdbuscamovst (Librería VDKERNEL.DLL) direccion 6C001560
02 09:17:45:511 Proceso FINMOVANULADOS encontrado en tabla VDPROCESOS
02 09:17:45:511 Proceso FINMOVANULADOS cargado con función vdbuscamovst (Librería VDKERNEL.DLL) direccion 6C001560
02 09:17:45:513 PLSQL: INICIALIZADO PAQUETE DE LOG EL DIA 28-06-2022
02 09:17:45:521 Actualizado SID 503 SERIAL 9295 del proceso con PID 10928

00 09:39:20:132 Fichero de log cerrado.

00 09:39:35:441 Fichero de log abierto PID 6728

02 09:39:35:442 Intentando abrir fichero v10.ini
02 09:39:35:450 Cargando driver v10oracle funcion damedriveroracle
02 09:39:36:052 Conectado a base de datos
02 09:39:36:053 Proceso FINMOV encontrado en tabla VDPROCESOS
02 09:39:36:055 Proceso FINMOV cargado con función vdbuscamovst (Librería VDKERNEL.DLL) direccion 6C001560
02 09:39:36:055 Proceso FINMOVANULADOS encontrado en tabla VDPROCESOS
02 09:39:36:055 Proceso FINMOVANULADOS cargado con función vdbuscamovst (Librería VDKERNEL.DLL) direccion 6C001560
02 09:39:36:057 PLSQL: INICIALIZADO PAQUETE DE LOG EL DIA 28-06-2022
02 09:39:36:067 Actualizado SID 874 SERIAL 54572 del proceso con PID 6728

00 12:12:08:737 Fichero de log cerrado.

00 12:12:22:075 Fichero de log abierto PID 1172

02 12:12:22:125 Intentando abrir fichero v10.ini
02 12:12:22:135 Cargando driver v10oracle funcion damedriveroracle
02 12:12:22:819 Conectado a base de datos
02 12:12:22:820 Proceso FINMOV encontrado en tabla VDPROCESOS
02 12:12:22:820 Proceso FINMOV cargado con función vdbuscamovst (Librería VDKERNEL.DLL) direccion 6C001560
02 12:12:22:820 Proceso FINMOVANULADOS encontrado en tabla VDPROCESOS
02 12:12:22:820 Proceso FINMOVANULADOS cargado con función vdbuscamovst (Librería VDKERNEL.DLL) direccion 6C001560
02 12:12:22:823 PLSQL: INICIALIZADO PAQUETE DE LOG EL DIA 28-06-2022
02 12:12:22:830 Actualizado SID 501 SERIAL 47845 del proceso con PID 1172

00 12:17:16:447 Fichero de log cerrado.

00 12:17:33:797 Fichero de log abierto PID 16072

02 12:17:33:800 Intentando abrir fichero v10.ini
02 12:17:33:805 Cargando driver v10oracle funcion damedriveroracle
02 12:17:34:347 Conectado a base de datos
02 12:17:34:350 Proceso FINMOV encontrado en tabla VDPROCESOS
02 12:17:34:350 Proceso FINMOV cargado con función vdbuscamovst (Librería VDKERNEL.DLL) direccion 6C001560
02 12:17:34:350 Proceso FINMOVANULADOS encontrado en tabla VDPROCESOS
02 12:17:34:350 Proceso FINMOVANULADOS cargado con función vdbuscamovst (Librería VDKERNEL.DLL) direccion 6C001560
02 12:17:34:352 PLSQL: INICIALIZADO PAQUETE DE LOG EL DIA 28-06-2022
02 12:17:34:362 Actualizado SID 747 SERIAL 5339 del proceso con PID 16072

00 12:42:30:060 Fichero de log cerrado.

00 12:42:45:745 Fichero de log abierto PID 13320

02 12:42:45:747 Intentando abrir fichero v10.ini
02 12:42:45:750 Cargando driver v10oracle funcion damedriveroracle
02 12:42:46:447 Conectado a base de datos
02 12:42:46:450 Proceso FINMOV encontrado en tabla VDPROCESOS
02 12:42:46:450 Proceso FINMOV cargado con función vdbuscamovst (Librería VDKERNEL.DLL) direccion 6C001560
02 12:42:46:450 Proceso FINMOVANULADOS encontrado en tabla VDPROCESOS
02 12:42:46:450 Proceso FINMOVANULADOS cargado con función vdbuscamovst (Librería VDKERNEL.DLL) direccion 6C001560
02 12:42:46:452 PLSQL: INICIALIZADO PAQUETE DE LOG EL DIA 28-06-2022
02 12:42:46:462 Actualizado SID 261 SERIAL 22073 del proceso con PID 13320

00 13:34:12:825 Fichero de log cerrado.

00 13:34:39:980 Fichero de log abierto PID 16148

02 13:34:40:012 Intentando abrir fichero v10.ini
02 13:34:40:019 Cargando driver v10oracle funcion damedriveroracle
02 13:34:40:677 Conectado a base de datos
02 13:34:40:680 Proceso FINMOV encontrado en tabla VDPROCESOS
02 13:34:40:680 Proceso FINMOV cargado con función vdbuscamovst (Librería VDKERNEL.DLL) direccion 6C001560
02 13:34:40:680 Proceso FINMOVANULADOS encontrado en tabla VDPROCESOS
02 13:34:40:680 Proceso FINMOVANULADOS cargado con función vdbuscamovst (Librería VDKERNEL.DLL) direccion 6C001560
02 13:34:40:683 PLSQL: INICIALIZADO PAQUETE DE LOG EL DIA 28-06-2022
02 13:34:40:692 Actualizado SID 257 SERIAL 59738 del proceso con PID 16148

00 13:35:55:742 Fichero de log cerrado.

00 13:36:00:429 Fichero de log abierto PID 8836

02 13:36:00:430 Intentando abrir fichero v10.ini
02 13:36:00:435 Cargando driver v10oracle funcion damedriveroracle
02 13:36:01:212 Conectado a base de datos
02 13:36:01:214 Proceso FINMOV encontrado en tabla VDPROCESOS
02 13:36:01:215 Proceso FINMOV cargado con función vdbuscamovst (Librería VDKERNEL.DLL) direccion 6C001560
02 13:36:01:215 Proceso FINMOVANULADOS encontrado en tabla VDPROCESOS
02 13:36:01:215 Proceso FINMOVANULADOS cargado con función vdbuscamovst (Librería VDKERNEL.DLL) direccion 6C001560
02 13:36:01:217 PLSQL: INICIALIZADO PAQUETE DE LOG EL DIA 28-06-2022
02 13:36:01:225 Actualizado SID 869 SERIAL 53446 del proceso con PID 8836

00 13:36:42:905 Fichero de log cerrado.

00 13:44:14:552 Fichero de log abierto PID 9488

02 13:44:14:570 Intentando abrir fichero v10.ini
02 13:44:14:579 Cargando driver v10oracle funcion damedriveroracle
02 13:44:15:307 Conectado a base de datos
02 13:44:15:309 Proceso FINMOV encontrado en tabla VDPROCESOS
02 13:44:15:309 Proceso FINMOV cargado con función vdbuscamovst (Librería VDKERNEL.DLL) direccion 6C001560
02 13:44:15:309 Proceso FINMOVANULADOS encontrado en tabla VDPROCESOS
02 13:44:15:309 Proceso FINMOVANULADOS cargado con función vdbuscamovst (Librería VDKERNEL.DLL) direccion 6C001560
02 13:44:15:311 PLSQL: INICIALIZADO PAQUETE DE LOG EL DIA 28-06-2022
02 13:44:15:320 Actualizado SID 633 SERIAL 49732 del proceso con PID 9488

00 14:45:59:840 Fichero de log cerrado.

00 14:46:22:760 Fichero de log abierto PID 14304

02 14:46:22:762 Intentando abrir fichero v10.ini
02 14:46:22:767 Cargando driver v10oracle funcion damedriveroracle
02 14:46:23:302 Conectado a base de datos
02 14:46:23:305 Proceso FINMOV encontrado en tabla VDPROCESOS
02 14:46:23:305 Proceso FINMOV cargado con función vdbuscamovst (Librería VDKERNEL.DLL) direccion 6C001560
02 14:46:23:305 Proceso FINMOVANULADOS encontrado en tabla VDPROCESOS
02 14:46:23:305 Proceso FINMOVANULADOS cargado con función vdbuscamovst (Librería VDKERNEL.DLL) direccion 6C001560
02 14:46:23:307 PLSQL: INICIALIZADO PAQUETE DE LOG EL DIA 28-06-2022
02 14:46:23:317 Actualizado SID 384 SERIAL 54627 del proceso con PID 14304

00 17:58:49:099 Fichero de log cerrado.

