00 09:08:31:758 Fichero de log abierto PID 15152

02 09:08:31:761 Intentando abrir fichero v10.ini
02 09:08:31:767 Cargando driver v10oracle funcion damedriveroracle
02 09:08:32:302 Conectado a base de datos
02 09:08:32:302 Proceso FINMOV encontrado en tabla VDPROCESOS
02 09:08:32:305 Proceso FINMOV cargado con función vdbuscamovst (Librería VDKERNEL.DLL) direccion 6FF61560
02 09:08:32:305 Proceso FINMOVANULADOS encontrado en tabla VDPROCESOS
02 09:08:32:305 Proceso FINMOVANULADOS cargado con función vdbuscamovst (Librería VDKERNEL.DLL) direccion 6FF61560
02 09:08:32:307 PLSQL: INICIALIZADO PAQUETE DE LOG EL DIA 28-03-2022
02 09:08:32:317 Actualizado SID 16 SERIAL 25658 del proceso con PID 15152
02 11:56:43:987 Ejecucion número 10001 del proceso FINMOV total 648806
02 14:45:08:885 Ejecucion número 20001 del proceso FINMOV total 1301960

00 15:19:41:784 Fichero de log cerrado.

00 15:19:48:747 Fichero de log abierto PID 5924

02 15:19:48:750 Intentando abrir fichero v10.ini
02 15:19:48:757 Cargando driver v10oracle funcion damedriveroracle
02 15:19:49:680 Conectado a base de datos
02 15:19:49:682 Proceso FINMOV encontrado en tabla VDPROCESOS
02 15:19:49:682 Proceso FINMOV cargado con función vdbuscamovst (Librería VDKERNEL.DLL) direccion 6FF61560
02 15:19:49:684 Proceso FINMOVANULADOS encontrado en tabla VDPROCESOS
02 15:19:49:684 Proceso FINMOVANULADOS cargado con función vdbuscamovst (Librería VDKERNEL.DLL) direccion 6FF61560
02 15:19:49:686 PLSQL: INICIALIZADO PAQUETE DE LOG EL DIA 28-03-2022
02 15:19:49:695 Actualizado SID 502 SERIAL 31554 del proceso con PID 5924

00 16:06:05:725 Fichero de log cerrado.

00 16:06:21:135 Fichero de log abierto PID 9304

02 16:06:21:137 Intentando abrir fichero v10.ini
02 16:06:21:144 Cargando driver v10oracle funcion damedriveroracle
02 16:06:21:972 Conectado a base de datos
02 16:06:21:975 Proceso FINMOV encontrado en tabla VDPROCESOS
02 16:06:21:975 Proceso FINMOV cargado con función vdbuscamovst (Librería VDKERNEL.DLL) direccion 6FF61560
02 16:06:21:975 Proceso FINMOVANULADOS encontrado en tabla VDPROCESOS
02 16:06:21:975 Proceso FINMOVANULADOS cargado con función vdbuscamovst (Librería VDKERNEL.DLL) direccion 6FF61560
02 16:06:21:978 PLSQL: INICIALIZADO PAQUETE DE LOG EL DIA 28-03-2022
02 16:06:21:987 Actualizado SID 378 SERIAL 55518 del proceso con PID 9304

00 17:59:49:285 Fichero de log cerrado.

