00 11:54:47:600 Fichero de log abierto PID 3176

02 11:54:47:602 Intentando abrir fichero v10.ini
02 11:54:47:607 Cargando driver v10oracle funcion damedriveroracle
02 11:54:48:169 Conectado a base de datos
02 11:54:48:170 Proceso FINMOV encontrado en tabla VDPROCESOS
02 11:54:48:170 Proceso FINMOV cargado con función vdbuscamovst (Librería VDKERNEL.DLL) direccion 614C1560
02 11:54:48:170 Proceso FINMOVANULADOS encontrado en tabla VDPROCESOS
02 11:54:48:170 Proceso FINMOVANULADOS cargado con función vdbuscamovst (Librería VDKERNEL.DLL) direccion 614C1560
02 11:54:48:173 PLSQL: INICIALIZADO PAQUETE DE LOG EL DIA 30-06-2022
02 11:54:48:180 Actualizado SID 387 SERIAL 59609 del proceso con PID 3176

00 12:04:30:242 Fichero de log cerrado.

00 12:04:43:130 Fichero de log abierto PID 15460

02 12:04:43:130 Intentando abrir fichero v10.ini
02 12:04:43:139 Cargando driver v10oracle funcion damedriveroracle
02 12:04:43:822 Conectado a base de datos
02 12:04:43:825 Proceso FINMOV encontrado en tabla VDPROCESOS
02 12:04:43:825 Proceso FINMOV cargado con función vdbuscamovst (Librería VDKERNEL.DLL) direccion 614C1560
02 12:04:43:825 Proceso FINMOVANULADOS encontrado en tabla VDPROCESOS
02 12:04:43:825 Proceso FINMOVANULADOS cargado con función vdbuscamovst (Librería VDKERNEL.DLL) direccion 614C1560
02 12:04:43:827 PLSQL: INICIALIZADO PAQUETE DE LOG EL DIA 30-06-2022
02 12:04:43:837 Actualizado SID 866 SERIAL 30708 del proceso con PID 15460

00 12:05:30:429 Fichero de log cerrado.

00 12:07:06:585 Fichero de log abierto PID 2284

02 12:07:06:587 Intentando abrir fichero v10.ini
02 12:07:06:592 Cargando driver v10oracle funcion damedriveroracle
02 12:07:07:255 Conectado a base de datos
02 12:07:07:257 Proceso FINMOV encontrado en tabla VDPROCESOS
02 12:07:07:257 Proceso FINMOV cargado con función vdbuscamovst (Librería VDKERNEL.DLL) direccion 614C1560
02 12:07:07:257 Proceso FINMOVANULADOS encontrado en tabla VDPROCESOS
02 12:07:07:257 Proceso FINMOVANULADOS cargado con función vdbuscamovst (Librería VDKERNEL.DLL) direccion 614C1560
02 12:07:07:260 PLSQL: INICIALIZADO PAQUETE DE LOG EL DIA 30-06-2022
02 12:07:07:267 Actualizado SID 258 SERIAL 176 del proceso con PID 2284

00 13:58:50:710 Fichero de log cerrado.

00 13:59:07:617 Fichero de log abierto PID 1864

02 13:59:07:620 Intentando abrir fichero v10.ini
02 13:59:07:625 Cargando driver v10oracle funcion damedriveroracle
02 13:59:08:364 Conectado a base de datos
02 13:59:08:365 Proceso FINMOV encontrado en tabla VDPROCESOS
02 13:59:08:367 Proceso FINMOV cargado con función vdbuscamovst (Librería VDKERNEL.DLL) direccion 614C1560
02 13:59:08:367 Proceso FINMOVANULADOS encontrado en tabla VDPROCESOS
02 13:59:08:367 Proceso FINMOVANULADOS cargado con función vdbuscamovst (Librería VDKERNEL.DLL) direccion 614C1560
02 13:59:08:369 PLSQL: INICIALIZADO PAQUETE DE LOG EL DIA 30-06-2022
02 13:59:08:380 Actualizado SID 501 SERIAL 28072 del proceso con PID 1864
02 16:47:04:989 Ejecucion número 10001 del proceso FINMOV total 588157

00 17:31:35:287 Fichero de log cerrado.

00 17:31:48:410 Fichero de log abierto PID 15256

02 17:31:48:415 Intentando abrir fichero v10.ini
02 17:31:48:420 Cargando driver v10oracle funcion damedriveroracle
02 17:31:49:120 Conectado a base de datos
02 17:31:49:122 Proceso FINMOV encontrado en tabla VDPROCESOS
02 17:31:49:124 Proceso FINMOV cargado con función vdbuscamovst (Librería VDKERNEL.DLL) direccion 614C1560
02 17:31:49:124 Proceso FINMOVANULADOS encontrado en tabla VDPROCESOS
02 17:31:49:124 Proceso FINMOVANULADOS cargado con función vdbuscamovst (Librería VDKERNEL.DLL) direccion 614C1560
02 17:31:49:125 PLSQL: INICIALIZADO PAQUETE DE LOG EL DIA 30-06-2022
02 17:31:49:134 Actualizado SID 865 SERIAL 25801 del proceso con PID 15256

00 17:46:21:449 Fichero de log cerrado.

00 17:46:33:947 Fichero de log abierto PID 7700

02 17:46:33:949 Intentando abrir fichero v10.ini
02 17:46:33:957 Cargando driver v10oracle funcion damedriveroracle
02 17:46:34:557 Conectado a base de datos
02 17:46:34:559 Proceso FINMOV encontrado en tabla VDPROCESOS
02 17:46:34:559 Proceso FINMOV cargado con función vdbuscamovst (Librería VDKERNEL.DLL) direccion 614C1560
02 17:46:34:559 Proceso FINMOVANULADOS encontrado en tabla VDPROCESOS
02 17:46:34:559 Proceso FINMOVANULADOS cargado con función vdbuscamovst (Librería VDKERNEL.DLL) direccion 614C1560
02 17:46:34:562 PLSQL: INICIALIZADO PAQUETE DE LOG EL DIA 30-06-2022
02 17:46:34:570 Actualizado SID 756 SERIAL 32107 del proceso con PID 7700

00 17:49:57:507 Fichero de log cerrado.

00 17:51:15:124 Fichero de log abierto PID 10796

02 17:51:15:125 Intentando abrir fichero v10.ini
02 17:51:15:130 Cargando driver v10oracle funcion damedriveroracle
02 17:51:15:747 Conectado a base de datos
02 17:51:15:749 Proceso FINMOV encontrado en tabla VDPROCESOS
02 17:51:15:750 Proceso FINMOV cargado con función vdbuscamovst (Librería VDKERNEL.DLL) direccion 70041560
02 17:51:15:750 Proceso FINMOVANULADOS encontrado en tabla VDPROCESOS
02 17:51:15:750 Proceso FINMOVANULADOS cargado con función vdbuscamovst (Librería VDKERNEL.DLL) direccion 70041560
02 17:51:15:750 PLSQL: INICIALIZADO PAQUETE DE LOG EL DIA 30-06-2022
02 17:51:15:762 Actualizado SID 258 SERIAL 29080 del proceso con PID 10796

00 17:52:14:372 Fichero de log cerrado.

