00 09:05:35:995 Fichero de log abierto PID 12292

02 09:05:35:996 Intentando abrir fichero v10.ini
02 09:05:36:001 Cargando driver v10oracle funcion damedriveroracle
02 09:05:36:631 Conectado a base de datos
02 09:05:36:632 Proceso FINMOV encontrado en tabla VDPROCESOS
02 09:05:36:632 Proceso FINMOV cargado con función vdbuscamovst (Librería VDKERNEL.DLL) direccion 705F1560
02 09:05:36:632 Proceso FINMOVANULADOS encontrado en tabla VDPROCESOS
02 09:05:36:632 Proceso FINMOVANULADOS cargado con función vdbuscamovst (Librería VDKERNEL.DLL) direccion 705F1560
02 09:05:36:640 PLSQL: INICIALIZADO PAQUETE DE LOG EL DIA 24-03-2022
02 09:05:36:652 Actualizado SID 378 SERIAL 3833 del proceso con PID 12292

00 10:23:49:042 Fichero de log cerrado.

00 10:23:56:292 Fichero de log abierto PID 7988

02 10:23:56:295 Intentando abrir fichero v10.ini
02 10:23:56:300 Cargando driver v10oracle funcion damedriveroracle
02 10:23:56:983 Conectado a base de datos
02 10:23:56:987 Proceso FINMOV encontrado en tabla VDPROCESOS
02 10:23:56:987 Proceso FINMOV cargado con función vdbuscamovst (Librería VDKERNEL.DLL) direccion 705F1560
02 10:23:56:987 Proceso FINMOVANULADOS encontrado en tabla VDPROCESOS
02 10:23:56:987 Proceso FINMOVANULADOS cargado con función vdbuscamovst (Librería VDKERNEL.DLL) direccion 705F1560
02 10:23:56:990 PLSQL: INICIALIZADO PAQUETE DE LOG EL DIA 24-03-2022
02 10:23:57:001 Actualizado SID 379 SERIAL 41002 del proceso con PID 7988
02 13:33:06:244 Ejecucion número 10001 del proceso FINMOV total 649287
02 17:16:53:097 Ejecucion número 20001 del proceso FINMOV total 1282414

00 17:58:50:005 Fichero de log cerrado.

