00 14:47:32:100 Fichero de log abierto PID 5588

02 14:47:32:100 Intentando abrir fichero v10.ini
02 14:47:32:110 Cargando driver v10oracle funcion damedriveroracle
02 14:47:32:745 Conectado a base de datos
02 14:47:32:745 Proceso FINMOV encontrado en tabla VDPROCESOS
02 14:47:32:745 Proceso FINMOV cargado con función vdbuscamovst (Librería VDKERNEL.DLL) direccion 62681560
02 14:47:32:745 Proceso FINMOVANULADOS encontrado en tabla VDPROCESOS
02 14:47:32:745 Proceso FINMOVANULADOS cargado con función vdbuscamovst (Librería VDKERNEL.DLL) direccion 62681560
02 14:47:32:746 PLSQL: INICIALIZADO PAQUETE DE LOG EL DIA 23-06-2022
02 14:47:32:764 Actualizado SID 18 SERIAL 39453 del proceso con PID 5588
00 16:16:47:450 Programa finaliza por Error Oracle Fatal 3135 en cursor
	SELPROVDPROCESOS

00 16:16:47:805 Fichero de log cerrado.

00 16:19:02:834 Fichero de log abierto PID 5064

02 16:19:02:835 Intentando abrir fichero v10.ini
02 16:19:02:839 Cargando driver v10oracle funcion damedriveroracle
02 16:19:03:420 Conectado a base de datos
02 16:19:03:422 Proceso FINMOV encontrado en tabla VDPROCESOS
02 16:19:03:424 Proceso FINMOV cargado con función vdbuscamovst (Librería VDKERNEL.DLL) direccion 6B981560
02 16:19:03:424 Proceso FINMOVANULADOS encontrado en tabla VDPROCESOS
02 16:19:03:424 Proceso FINMOVANULADOS cargado con función vdbuscamovst (Librería VDKERNEL.DLL) direccion 6B981560
02 16:19:03:425 PLSQL: INICIALIZADO PAQUETE DE LOG EL DIA 23-06-2022
02 16:19:03:434 Actualizado SID 755 SERIAL 20697 del proceso con PID 5064

00 16:36:14:767 Fichero de log cerrado.

00 16:37:29:894 Fichero de log abierto PID 13276

02 16:37:29:895 Intentando abrir fichero v10.ini
02 16:37:29:899 Cargando driver v10oracle funcion damedriveroracle
02 16:37:30:360 Conectado a base de datos
02 16:37:30:362 Proceso FINMOV encontrado en tabla VDPROCESOS
02 16:37:30:362 Proceso FINMOV cargado con función vdbuscamovst (Librería VDKERNEL.DLL) direccion 6B981560
02 16:37:30:362 Proceso FINMOVANULADOS encontrado en tabla VDPROCESOS
02 16:37:30:362 Proceso FINMOVANULADOS cargado con función vdbuscamovst (Librería VDKERNEL.DLL) direccion 6B981560
02 16:37:30:364 PLSQL: INICIALIZADO PAQUETE DE LOG EL DIA 23-06-2022
02 16:37:30:375 Actualizado SID 876 SERIAL 44370 del proceso con PID 13276

00 16:52:15:362 Fichero de log cerrado.

00 16:52:29:652 Fichero de log abierto PID 13140

02 16:52:29:655 Intentando abrir fichero v10.ini
02 16:52:29:690 Cargando driver v10oracle funcion damedriveroracle
02 16:52:30:295 Conectado a base de datos
02 16:52:30:297 Proceso FINMOV encontrado en tabla VDPROCESOS
02 16:52:30:299 Proceso FINMOV cargado con función vdbuscamovst (Librería VDKERNEL.DLL) direccion 6B981560
02 16:52:30:299 Proceso FINMOVANULADOS encontrado en tabla VDPROCESOS
02 16:52:30:299 Proceso FINMOVANULADOS cargado con función vdbuscamovst (Librería VDKERNEL.DLL) direccion 6B981560
02 16:52:30:301 PLSQL: INICIALIZADO PAQUETE DE LOG EL DIA 23-06-2022
02 16:52:30:312 Actualizado SID 261 SERIAL 8247 del proceso con PID 13140

00 17:06:53:495 Fichero de log cerrado.

00 17:07:21:122 Fichero de log abierto PID 6284

02 17:07:21:125 Intentando abrir fichero v10.ini
02 17:07:21:130 Cargando driver v10oracle funcion damedriveroracle
02 17:07:21:650 Conectado a base de datos
02 17:07:21:652 Proceso FINMOV encontrado en tabla VDPROCESOS
02 17:07:21:652 Proceso FINMOV cargado con función vdbuscamovst (Librería VDKERNEL.DLL) direccion 6B981560
02 17:07:21:652 Proceso FINMOVANULADOS encontrado en tabla VDPROCESOS
02 17:07:21:652 Proceso FINMOVANULADOS cargado con función vdbuscamovst (Librería VDKERNEL.DLL) direccion 6B981560
02 17:07:21:656 PLSQL: INICIALIZADO PAQUETE DE LOG EL DIA 23-06-2022
02 17:07:21:665 Actualizado SID 876 SERIAL 27268 del proceso con PID 6284

00 17:17:38:190 Fichero de log cerrado.

00 17:17:45:462 Fichero de log abierto PID 9276

02 17:17:45:465 Intentando abrir fichero v10.ini
02 17:17:45:469 Cargando driver v10oracle funcion damedriveroracle
02 17:17:46:102 Conectado a base de datos
02 17:17:46:105 Proceso FINMOV encontrado en tabla VDPROCESOS
02 17:17:46:105 Proceso FINMOV cargado con función vdbuscamovst (Librería VDKERNEL.DLL) direccion 6B981560
02 17:17:46:105 Proceso FINMOVANULADOS encontrado en tabla VDPROCESOS
02 17:17:46:105 Proceso FINMOVANULADOS cargado con función vdbuscamovst (Librería VDKERNEL.DLL) direccion 6B981560
02 17:17:46:107 PLSQL: INICIALIZADO PAQUETE DE LOG EL DIA 23-06-2022
02 17:17:46:115 Actualizado SID 873 SERIAL 19480 del proceso con PID 9276

00 17:45:44:547 Fichero de log cerrado.

