00 08:59:49:307 Fichero de log abierto PID 4320

02 08:59:49:310 Intentando abrir fichero v10.ini
02 08:59:49:313 Cargando driver v10oracle funcion damedriveroracle
02 08:59:50:020 Conectado a base de datos
02 08:59:50:022 Proceso FINMOV encontrado en tabla VDPROCESOS
02 08:59:50:022 Proceso FINMOV cargado con función vdbuscamovst (Librería VDKERNEL.DLL) direccion 70041560
02 08:59:50:022 Proceso FINMOVANULADOS encontrado en tabla VDPROCESOS
02 08:59:50:022 Proceso FINMOVANULADOS cargado con función vdbuscamovst (Librería VDKERNEL.DLL) direccion 70041560
02 08:59:50:025 PLSQL: INICIALIZADO PAQUETE DE LOG EL DIA 27-06-2022
02 08:59:50:032 Actualizado SID 870 SERIAL 36786 del proceso con PID 4320
02 11:55:58:842 Ejecucion número 10001 del proceso FINMOV total 602248
02 14:43:59:454 Ejecucion número 20001 del proceso FINMOV total 1203589

00 17:47:53:384 Fichero de log cerrado.

00 17:48:08:539 Fichero de log abierto PID 540

02 17:48:08:540 Intentando abrir fichero v10.ini
02 17:48:08:544 Cargando driver v10oracle funcion damedriveroracle
02 17:48:09:244 Conectado a base de datos
02 17:48:09:245 Proceso FINMOV encontrado en tabla VDPROCESOS
02 17:48:09:245 Proceso FINMOV cargado con función vdbuscamovst (Librería VDKERNEL.DLL) direccion 70041560
02 17:48:09:245 Proceso FINMOVANULADOS encontrado en tabla VDPROCESOS
02 17:48:09:245 Proceso FINMOVANULADOS cargado con función vdbuscamovst (Librería VDKERNEL.DLL) direccion 70041560
02 17:48:09:247 PLSQL: INICIALIZADO PAQUETE DE LOG EL DIA 27-06-2022
02 17:48:09:259 Actualizado SID 377 SERIAL 33259 del proceso con PID 540

00 17:57:06:537 Fichero de log cerrado.

