00 09:04:44:858 Fichero de log abierto PID 12400

02 09:04:44:860 Intentando abrir fichero v10.ini
02 09:04:44:866 Cargando driver v10oracle funcion damedriveroracle
02 09:04:45:763 Conectado a base de datos
02 09:04:45:766 Proceso FINMOV encontrado en tabla VDPROCESOS
02 09:04:45:767 Proceso FINMOV cargado con función vdbuscamovst (Librería VDKERNEL.DLL) direccion 6E691560
02 09:04:45:767 Proceso FINMOVANULADOS encontrado en tabla VDPROCESOS
02 09:04:45:767 Proceso FINMOVANULADOS cargado con función vdbuscamovst (Librería VDKERNEL.DLL) direccion 6E691560
02 09:04:45:768 PLSQL: INICIALIZADO PAQUETE DE LOG EL DIA 25-03-2022
02 09:04:45:778 Actualizado SID 503 SERIAL 22012 del proceso con PID 12400

00 09:37:54:927 Fichero de log cerrado.

00 09:38:19:980 Fichero de log abierto PID 11856

02 09:38:19:982 Intentando abrir fichero v10.ini
02 09:38:19:992 Cargando driver v10oracle funcion damedriveroracle
02 09:38:20:657 Conectado a base de datos
02 09:38:20:660 Proceso FINMOV encontrado en tabla VDPROCESOS
02 09:38:20:661 Proceso FINMOV cargado con función vdbuscamovst (Librería VDKERNEL.DLL) direccion 705F1560
02 09:38:20:661 Proceso FINMOVANULADOS encontrado en tabla VDPROCESOS
02 09:38:20:661 Proceso FINMOVANULADOS cargado con función vdbuscamovst (Librería VDKERNEL.DLL) direccion 705F1560
02 09:38:20:663 PLSQL: INICIALIZADO PAQUETE DE LOG EL DIA 25-03-2022
02 09:38:20:673 Actualizado SID 10 SERIAL 37762 del proceso con PID 11856

00 12:57:00:247 Fichero de log cerrado.

00 12:57:20:627 Fichero de log abierto PID 14060

02 12:57:20:629 Intentando abrir fichero v10.ini
02 12:57:20:635 Cargando driver v10oracle funcion damedriveroracle
02 12:57:21:549 Conectado a base de datos
02 12:57:21:550 Proceso FINMOV encontrado en tabla VDPROCESOS
02 12:57:21:552 Proceso FINMOV cargado con función vdbuscamovst (Librería VDKERNEL.DLL) direccion 705F1560
02 12:57:21:552 Proceso FINMOVANULADOS encontrado en tabla VDPROCESOS
02 12:57:21:552 Proceso FINMOVANULADOS cargado con función vdbuscamovst (Librería VDKERNEL.DLL) direccion 705F1560
02 12:57:21:554 PLSQL: INICIALIZADO PAQUETE DE LOG EL DIA 25-03-2022
02 12:57:21:564 Actualizado SID 755 SERIAL 31399 del proceso con PID 14060

00 13:58:46:914 Fichero de log cerrado.

