00 09:43:02:637 Fichero de log abierto PID 11200

02 09:43:02:638 Intentando abrir fichero v10.ini
02 09:43:02:643 Cargando driver v10oracle funcion damedriveroracle
02 09:43:03:467 Conectado a base de datos
02 09:43:03:467 Proceso FINMOV encontrado en tabla VDPROCESOS
02 09:43:03:468 Proceso FINMOV cargado con función vdbuscamovst (Librería VDKERNEL.DLL) direccion 70491560
02 09:43:03:468 Proceso FINMOVANULADOS encontrado en tabla VDPROCESOS
02 09:43:03:468 Proceso FINMOVANULADOS cargado con función vdbuscamovst (Librería VDKERNEL.DLL) direccion 70491560
02 09:43:03:471 PLSQL: INICIALIZADO PAQUETE DE LOG EL DIA 31-03-2022
02 09:43:03:480 Actualizado SID 377 SERIAL 24915 del proceso con PID 11200
02 12:42:05:830 Ejecucion número 10001 del proceso FINMOV total 597164

00 14:17:57:457 Fichero de log cerrado.

00 14:18:05:887 Fichero de log abierto PID 13872

02 14:18:05:890 Intentando abrir fichero v10.ini
02 14:18:05:895 Cargando driver v10oracle funcion damedriveroracle
02 14:18:06:502 Conectado a base de datos
02 14:18:06:505 Proceso FINMOV encontrado en tabla VDPROCESOS
02 14:18:06:505 Proceso FINMOV cargado con función vdbuscamovst (Librería VDKERNEL.DLL) direccion 70491560
02 14:18:06:505 Proceso FINMOVANULADOS encontrado en tabla VDPROCESOS
02 14:18:06:505 Proceso FINMOVANULADOS cargado con función vdbuscamovst (Librería VDKERNEL.DLL) direccion 70491560
02 14:18:06:508 PLSQL: INICIALIZADO PAQUETE DE LOG EL DIA 31-03-2022
02 14:18:06:519 Actualizado SID 628 SERIAL 12390 del proceso con PID 13872

00 17:58:44:717 Fichero de log cerrado.

