00 09:09:26:397 Fichero de log abierto PID 13824

02 09:09:26:398 Intentando abrir fichero v10.ini
02 09:09:26:403 Cargando driver v10oracle funcion damedriveroracle
02 09:09:27:036 Conectado a base de datos
02 09:09:27:037 Proceso FINMOV encontrado en tabla VDPROCESOS
02 09:09:27:037 Proceso FINMOV cargado con función vdbuscamovst (Librería VDKERNEL.DLL) direccion 6FF51560
02 09:09:27:037 Proceso FINMOVANULADOS encontrado en tabla VDPROCESOS
02 09:09:27:037 Proceso FINMOVANULADOS cargado con función vdbuscamovst (Librería VDKERNEL.DLL) direccion 6FF51560
02 09:09:27:039 PLSQL: INICIALIZADO PAQUETE DE LOG EL DIA 29-03-2022
02 09:09:27:048 Actualizado SID 626 SERIAL 4578 del proceso con PID 13824
02 11:57:47:425 Ejecucion número 10001 del proceso FINMOV total 649288

00 13:50:25:450 Fichero de log cerrado.

00 13:50:29:947 Fichero de log abierto PID 16448

02 13:50:29:950 Intentando abrir fichero v10.ini
02 13:50:29:957 Cargando driver v10oracle funcion damedriveroracle
02 13:50:30:610 Conectado a base de datos
02 13:50:30:614 Proceso FINMOV encontrado en tabla VDPROCESOS
02 13:50:30:614 Proceso FINMOV cargado con función vdbuscamovst (Librería VDKERNEL.DLL) direccion 70361560
02 13:50:30:615 Proceso FINMOVANULADOS encontrado en tabla VDPROCESOS
02 13:50:30:615 Proceso FINMOVANULADOS cargado con función vdbuscamovst (Librería VDKERNEL.DLL) direccion 70361560
02 13:50:30:617 PLSQL: INICIALIZADO PAQUETE DE LOG EL DIA 29-03-2022
02 13:50:30:627 Actualizado SID 862 SERIAL 33248 del proceso con PID 16448

00 13:56:42:810 Fichero de log cerrado.

00 13:56:46:157 Fichero de log abierto PID 1188

02 13:56:46:159 Intentando abrir fichero v10.ini
02 13:56:46:164 Cargando driver v10oracle funcion damedriveroracle
02 13:56:46:994 Conectado a base de datos
02 13:56:46:995 Proceso FINMOV encontrado en tabla VDPROCESOS
02 13:56:46:997 Proceso FINMOV cargado con función vdbuscamovst (Librería VDKERNEL.DLL) direccion 70361560
02 13:56:46:997 Proceso FINMOVANULADOS encontrado en tabla VDPROCESOS
02 13:56:46:997 Proceso FINMOVANULADOS cargado con función vdbuscamovst (Librería VDKERNEL.DLL) direccion 70361560
02 13:56:46:999 PLSQL: INICIALIZADO PAQUETE DE LOG EL DIA 29-03-2022
02 13:56:47:009 Actualizado SID 753 SERIAL 58184 del proceso con PID 1188

00 15:32:15:834 Fichero de log cerrado.

00 15:32:21:552 Fichero de log abierto PID 15772

02 15:32:21:552 Intentando abrir fichero v10.ini
02 15:32:21:560 Cargando driver v10oracle funcion damedriveroracle
02 15:32:22:332 Conectado a base de datos
02 15:32:22:335 Proceso FINMOV encontrado en tabla VDPROCESOS
02 15:32:22:335 Proceso FINMOV cargado con función vdbuscamovst (Librería VDKERNEL.DLL) direccion 70361560
02 15:32:22:335 Proceso FINMOVANULADOS encontrado en tabla VDPROCESOS
02 15:32:22:335 Proceso FINMOVANULADOS cargado con función vdbuscamovst (Librería VDKERNEL.DLL) direccion 70361560
02 15:32:22:338 PLSQL: INICIALIZADO PAQUETE DE LOG EL DIA 29-03-2022
02 15:32:22:349 Actualizado SID 137 SERIAL 47757 del proceso con PID 15772
02 17:04:52:542 vdbuscamovst: Procesando movimiento 16810 
02 17:04:52:570 PLSQL:
 FINALIZAMOV :  PROCESANDO MOVTO 16810
 FINALIZAMOV :  FIN PROCESAMIENTO DEL MOVTO 16810 PASA DE ESTADO 4000 A ESTADO 5000


00 17:42:37:152 Fichero de log cerrado.

00 17:42:48:040 Fichero de log abierto PID 10396

02 17:42:48:042 Intentando abrir fichero v10.ini
02 17:42:48:050 Cargando driver v10oracle funcion damedriveroracle
02 17:42:48:847 Conectado a base de datos
02 17:42:48:850 Proceso FINMOV encontrado en tabla VDPROCESOS
02 17:42:48:850 Proceso FINMOV cargado con función vdbuscamovst (Librería VDKERNEL.DLL) direccion 70361560
02 17:42:48:850 Proceso FINMOVANULADOS encontrado en tabla VDPROCESOS
02 17:42:48:850 Proceso FINMOVANULADOS cargado con función vdbuscamovst (Librería VDKERNEL.DLL) direccion 70361560
02 17:42:48:853 PLSQL: INICIALIZADO PAQUETE DE LOG EL DIA 29-03-2022
02 17:42:48:867 Actualizado SID 379 SERIAL 31081 del proceso con PID 10396

00 17:45:26:707 Fichero de log cerrado.

00 17:45:32:839 Fichero de log abierto PID 17708

02 17:45:32:842 Intentando abrir fichero v10.ini
02 17:45:32:854 Cargando driver v10oracle funcion damedriveroracle
02 17:45:34:162 Conectado a base de datos
02 17:45:34:169 Proceso FINMOV encontrado en tabla VDPROCESOS
02 17:45:34:170 Proceso FINMOV cargado con función vdbuscamovst (Librería VDKERNEL.DLL) direccion 70361560
02 17:45:34:172 Proceso FINMOVANULADOS encontrado en tabla VDPROCESOS
02 17:45:34:172 Proceso FINMOVANULADOS cargado con función vdbuscamovst (Librería VDKERNEL.DLL) direccion 70361560
02 17:45:34:179 PLSQL: INICIALIZADO PAQUETE DE LOG EL DIA 29-03-2022
02 17:45:34:210 Actualizado SID 136 SERIAL 7090 del proceso con PID 17708

00 17:58:58:372 Fichero de log cerrado.

