00 09:23:03:948 Fichero de log abierto PID 8328

02 09:23:03:951 Intentando abrir fichero v10.ini
02 09:23:03:957 Cargando driver v10oracle funcion damedriveroracle
02 09:23:04:577 Conectado a base de datos
02 09:23:04:580 Proceso FINMOV encontrado en tabla VDPROCESOS
02 09:23:04:580 Proceso FINMOV cargado con función vdbuscamovst (Librería VDKERNEL.DLL) direccion 70031560
02 09:23:04:580 Proceso FINMOVANULADOS encontrado en tabla VDPROCESOS
02 09:23:04:580 Proceso FINMOVANULADOS cargado con función vdbuscamovst (Librería VDKERNEL.DLL) direccion 70031560
02 09:23:04:582 PLSQL: INICIALIZADO PAQUETE DE LOG EL DIA 05-07-2022
02 09:23:04:591 Actualizado SID 379 SERIAL 43303 del proceso con PID 8328
02 12:40:46:419 Ejecucion número 10001 del proceso FINMOV total 648973

00 13:36:35:289 Fichero de log cerrado.

00 13:36:39:394 Fichero de log abierto PID 8008

02 13:36:39:395 Intentando abrir fichero v10.ini
02 13:36:39:400 Cargando driver v10oracle funcion damedriveroracle
02 13:36:40:164 Conectado a base de datos
02 13:36:40:165 Proceso FINMOV encontrado en tabla VDPROCESOS
02 13:36:40:165 Proceso FINMOV cargado con función vdbuscamovst (Librería VDKERNEL.DLL) direccion 70031560
02 13:36:40:167 Proceso FINMOVANULADOS encontrado en tabla VDPROCESOS
02 13:36:40:167 Proceso FINMOVANULADOS cargado con función vdbuscamovst (Librería VDKERNEL.DLL) direccion 70031560
02 13:36:40:169 PLSQL: INICIALIZADO PAQUETE DE LOG EL DIA 05-07-2022
02 13:36:40:177 Actualizado SID 874 SERIAL 57035 del proceso con PID 8008

00 13:58:57:517 Fichero de log cerrado.

00 13:59:20:437 Fichero de log abierto PID 12236

02 13:59:20:439 Intentando abrir fichero v10.ini
02 13:59:20:445 Cargando driver v10oracle funcion damedriveroracle
02 13:59:21:105 Conectado a base de datos
02 13:59:21:107 Proceso FINMOV encontrado en tabla VDPROCESOS
02 13:59:21:109 Proceso FINMOV cargado con función vdbuscamovst (Librería VDKERNEL.DLL) direccion 70031560
02 13:59:21:109 Proceso FINMOVANULADOS encontrado en tabla VDPROCESOS
02 13:59:21:109 Proceso FINMOVANULADOS cargado con función vdbuscamovst (Librería VDKERNEL.DLL) direccion 70031560
02 13:59:21:111 PLSQL: INICIALIZADO PAQUETE DE LOG EL DIA 05-07-2022
02 13:59:21:120 Actualizado SID 749 SERIAL 40123 del proceso con PID 12236

00 14:52:23:005 Fichero de log cerrado.

00 14:52:50:267 Fichero de log abierto PID 18012

02 14:52:50:269 Intentando abrir fichero v10.ini
02 14:52:50:275 Cargando driver v10oracle funcion damedriveroracle
02 14:52:51:232 Conectado a base de datos
02 14:52:51:235 Proceso FINMOV encontrado en tabla VDPROCESOS
02 14:52:51:235 Proceso FINMOV cargado con función vdbuscamovst (Librería VDKERNEL.DLL) direccion 70031560
02 14:52:51:235 Proceso FINMOVANULADOS encontrado en tabla VDPROCESOS
02 14:52:51:235 Proceso FINMOVANULADOS cargado con función vdbuscamovst (Librería VDKERNEL.DLL) direccion 70031560
02 14:52:51:237 PLSQL: INICIALIZADO PAQUETE DE LOG EL DIA 05-07-2022
02 14:52:51:245 Actualizado SID 131 SERIAL 47617 del proceso con PID 18012

00 14:54:38:089 Fichero de log cerrado.

00 14:54:43:180 Fichero de log abierto PID 17308

02 14:54:43:182 Intentando abrir fichero v10.ini
02 14:54:43:187 Cargando driver v10oracle funcion damedriveroracle
02 14:54:43:897 Conectado a base de datos
02 14:54:43:899 Proceso FINMOV encontrado en tabla VDPROCESOS
02 14:54:43:900 Proceso FINMOV cargado con función vdbuscamovst (Librería VDKERNEL.DLL) direccion 70031560
02 14:54:43:900 Proceso FINMOVANULADOS encontrado en tabla VDPROCESOS
02 14:54:43:900 Proceso FINMOVANULADOS cargado con función vdbuscamovst (Librería VDKERNEL.DLL) direccion 70031560
02 14:54:43:903 PLSQL: INICIALIZADO PAQUETE DE LOG EL DIA 05-07-2022
02 14:54:43:912 Actualizado SID 381 SERIAL 7566 del proceso con PID 17308

00 17:55:06:112 Fichero de log cerrado.

