00 10:16:34:650 Fichero de log abierto PID 8580

02 10:16:34:651 Intentando abrir fichero v10.ini
02 10:16:34:656 Cargando driver v10oracle funcion damedriveroracle
02 10:16:35:170 Conectado a base de datos
02 10:16:35:172 Proceso FINMOV encontrado en tabla VDPROCESOS
02 10:16:35:172 Proceso FINMOV cargado con función vdbuscamovst (Librería VDKERNEL.DLL) direccion 705E1560
02 10:16:35:172 Proceso FINMOVANULADOS encontrado en tabla VDPROCESOS
02 10:16:35:172 Proceso FINMOVANULADOS cargado con función vdbuscamovst (Librería VDKERNEL.DLL) direccion 705E1560
02 10:16:35:174 PLSQL: INICIALIZADO PAQUETE DE LOG EL DIA 30-03-2022
02 10:16:35:187 Actualizado SID 510 SERIAL 57722 del proceso con PID 8580
02 13:21:05:469 Ejecucion número 10001 del proceso FINMOV total 647447

00 13:42:33:554 Fichero de log cerrado.

00 13:42:40:004 Fichero de log abierto PID 17616

02 13:42:40:052 Intentando abrir fichero v10.ini
02 13:42:40:060 Cargando driver v10oracle funcion damedriveroracle
02 13:42:40:967 Conectado a base de datos
02 13:42:40:970 Proceso FINMOV encontrado en tabla VDPROCESOS
02 13:42:40:970 Proceso FINMOV cargado con función vdbuscamovst (Librería VDKERNEL.DLL) direccion 705E1560
02 13:42:40:970 Proceso FINMOVANULADOS encontrado en tabla VDPROCESOS
02 13:42:40:970 Proceso FINMOVANULADOS cargado con función vdbuscamovst (Librería VDKERNEL.DLL) direccion 705E1560
02 13:42:40:974 PLSQL: INICIALIZADO PAQUETE DE LOG EL DIA 30-03-2022
02 13:42:40:985 Actualizado SID 877 SERIAL 42251 del proceso con PID 17616

00 15:19:56:207 Fichero de log cerrado.

00 15:20:00:432 Fichero de log abierto PID 18348

02 15:20:00:434 Intentando abrir fichero v10.ini
02 15:20:00:439 Cargando driver v10oracle funcion damedriveroracle
02 15:20:01:417 Conectado a base de datos
02 15:20:01:419 Proceso FINMOV encontrado en tabla VDPROCESOS
02 15:20:01:420 Proceso FINMOV cargado con función vdbuscamovst (Librería VDKERNEL.DLL) direccion 705E1560
02 15:20:01:420 Proceso FINMOVANULADOS encontrado en tabla VDPROCESOS
02 15:20:01:420 Proceso FINMOVANULADOS cargado con función vdbuscamovst (Librería VDKERNEL.DLL) direccion 705E1560
02 15:20:01:422 PLSQL: INICIALIZADO PAQUETE DE LOG EL DIA 30-03-2022
02 15:20:01:432 Actualizado SID 502 SERIAL 34527 del proceso con PID 18348

00 16:07:52:437 Fichero de log cerrado.

00 16:08:00:260 Fichero de log abierto PID 16276

02 16:08:00:262 Intentando abrir fichero v10.ini
02 16:08:00:270 Cargando driver v10oracle funcion damedriveroracle
02 16:08:02:467 Conectado a base de datos
02 16:08:02:472 Proceso FINMOV encontrado en tabla VDPROCESOS
02 16:08:02:475 Proceso FINMOV cargado con función vdbuscamovst (Librería VDKERNEL.DLL) direccion 705E1560
02 16:08:02:475 Proceso FINMOVANULADOS encontrado en tabla VDPROCESOS
02 16:08:02:475 Proceso FINMOVANULADOS cargado con función vdbuscamovst (Librería VDKERNEL.DLL) direccion 705E1560
02 16:08:02:482 PLSQL: INICIALIZADO PAQUETE DE LOG EL DIA 30-03-2022
02 16:08:02:509 Actualizado SID 379 SERIAL 14396 del proceso con PID 16276

00 17:18:02:692 Fichero de log cerrado.

00 17:18:06:652 Fichero de log abierto PID 16144

02 17:18:06:665 Intentando abrir fichero v10.ini
02 17:18:06:687 Cargando driver v10oracle funcion damedriveroracle
02 17:18:09:409 Conectado a base de datos
02 17:18:09:412 Proceso FINMOV encontrado en tabla VDPROCESOS
02 17:18:09:415 Proceso FINMOV cargado con función vdbuscamovst (Librería VDKERNEL.DLL) direccion 705E1560
02 17:18:09:415 Proceso FINMOVANULADOS encontrado en tabla VDPROCESOS
02 17:18:09:415 Proceso FINMOVANULADOS cargado con función vdbuscamovst (Librería VDKERNEL.DLL) direccion 705E1560
02 17:18:09:421 PLSQL: INICIALIZADO PAQUETE DE LOG EL DIA 30-03-2022
02 17:18:09:445 Actualizado SID 257 SERIAL 10339 del proceso con PID 16144

00 17:59:17:455 Fichero de log cerrado.

