00 11:32:49:720 Fichero de log abierto PID 6084

02 11:32:49:720 Intentando abrir fichero v10.ini
02 11:32:49:720 Cargando driver v10oracle funcion damedriveroracle
02 11:32:49:760 Conectado a base de datos
02 11:32:49:760 Proceso FINMOV encontrado en tabla VDPROCESOS
02 11:32:49:760 Proceso FINMOV cargado con función vdbuscamovst (Librería VDKERNEL.DLL) direccion 5FB61560
02 11:32:49:760 Proceso FINMOVANULADOS encontrado en tabla VDPROCESOS
02 11:32:49:760 Proceso FINMOVANULADOS cargado con función vdbuscamovst (Librería VDKERNEL.DLL) direccion 5FB61560
02 11:32:49:775 PLSQL: INICIALIZADO PAQUETE DE LOG EL DIA 07-05-2020
02 13:23:11:390 vdbuscamovst: Procesando movimiento 16837 
02 13:23:11:409 PLSQL:
 FINALIZAMOV :  PROCESANDO MOVTO 16837
 FINALIZAMOV :  FIN PROCESAMIENTO DEL MOVTO 16837 PASA DE ESTADO 4000 A ESTADO 5000

02 13:26:44:387 vdbuscamovst: Procesando movimiento 16838 
02 13:26:44:392 PLSQL:
 FINALIZAMOV :  PROCESANDO MOVTO 16838
 FINALIZAMOV :  FIN PROCESAMIENTO DEL MOVTO 16838 PASA DE ESTADO 4000 A ESTADO 5000

02 13:30:56:530 vdbuscamovst: Procesando movimiento 16839 
02 13:30:56:535 PLSQL:
 FINALIZAMOV :  PROCESANDO MOVTO 16839
 FINALIZAMOV :  FIN PROCESAMIENTO DEL MOVTO 16839 PASA DE ESTADO 4000 A ESTADO 5000

02 14:02:26:915 vdbuscamovst: Procesando movimiento 16579 
02 14:02:26:922 PLSQL:
 FINALIZAMOV :  PROCESANDO MOVTO 16579
 FINALIZAMOVDEML :  LINEA DE DEMANDA  PEDIDO
 FINALIZAMOV :  FIN PROCESAMIENTO DEL MOVTO 16579 PASA DE ESTADO 4000 A ESTADO 5000

02 14:04:02:354 vdbuscamovst: Procesando movimiento 16581 
02 14:04:02:362 PLSQL:
 FINALIZAMOV :  PROCESANDO MOVTO 16581
 FINALIZAMOVDEML :  LINEA DE DEMANDA  PEDIDO
 FINALIZAMOV :  FIN PROCESAMIENTO DEL MOVTO 16581 PASA DE ESTADO 4000 A ESTADO 5000

02 14:20:16:812 Ejecucion número 10001 del proceso FINMOV total 1534654

00 14:33:59:955 Fichero de log cerrado.

