00 09:11:09:442 Fichero de log abierto PID 1248

02 09:11:09:502 Intentando abrir fichero v10.ini
02 09:11:09:507 Cargando driver v10oracle funcion damedriveroracle
02 09:11:10:362 Conectado a base de datos
02 09:11:10:362 Proceso FINMOV encontrado en tabla VDPROCESOS
02 09:11:10:363 Proceso FINMOV cargado con función vdbuscamovst (Librería VDKERNEL.DLL) direccion 6E031560
02 09:11:10:363 Proceso FINMOVANULADOS encontrado en tabla VDPROCESOS
02 09:11:10:363 Proceso FINMOVANULADOS cargado con función vdbuscamovst (Librería VDKERNEL.DLL) direccion 6E031560
02 09:11:10:365 PLSQL: INICIALIZADO PAQUETE DE LOG EL DIA 04-04-2022
02 09:11:10:371 Actualizado SID 134 SERIAL 10849 del proceso con PID 1248

00 10:22:53:436 Fichero de log cerrado.

00 10:23:02:042 Fichero de log abierto PID 9132

02 10:23:02:051 Intentando abrir fichero v10.ini
02 10:23:02:057 Cargando driver v10oracle funcion damedriveroracle
02 10:23:02:970 Conectado a base de datos
02 10:23:02:972 Proceso FINMOV encontrado en tabla VDPROCESOS
02 10:23:02:972 Proceso FINMOV cargado con función vdbuscamovst (Librería VDKERNEL.DLL) direccion 6E031560
02 10:23:02:972 Proceso FINMOVANULADOS encontrado en tabla VDPROCESOS
02 10:23:02:973 Proceso FINMOVANULADOS cargado con función vdbuscamovst (Librería VDKERNEL.DLL) direccion 6E031560
02 10:23:02:976 PLSQL: INICIALIZADO PAQUETE DE LOG EL DIA 04-04-2022
02 10:23:02:987 Actualizado SID 750 SERIAL 50509 del proceso con PID 9132

00 10:38:58:296 Fichero de log cerrado.

00 10:39:08:587 Fichero de log abierto PID 4940

02 10:39:08:590 Intentando abrir fichero v10.ini
02 10:39:08:596 Cargando driver v10oracle funcion damedriveroracle
02 10:39:09:245 Conectado a base de datos
02 10:39:09:247 Proceso FINMOV encontrado en tabla VDPROCESOS
02 10:39:09:247 Proceso FINMOV cargado con función vdbuscamovst (Librería VDKERNEL.DLL) direccion 6E031560
02 10:39:09:247 Proceso FINMOVANULADOS encontrado en tabla VDPROCESOS
02 10:39:09:247 Proceso FINMOVANULADOS cargado con función vdbuscamovst (Librería VDKERNEL.DLL) direccion 6E031560
02 10:39:09:250 PLSQL: INICIALIZADO PAQUETE DE LOG EL DIA 04-04-2022
02 10:39:09:263 Actualizado SID 506 SERIAL 52251 del proceso con PID 4940

00 12:14:33:880 Fichero de log cerrado.

00 12:14:45:419 Fichero de log abierto PID 3292

02 12:14:45:422 Intentando abrir fichero v10.ini
02 12:14:45:429 Cargando driver v10oracle funcion damedriveroracle
02 12:14:46:110 Conectado a base de datos
02 12:14:46:112 Proceso FINMOV encontrado en tabla VDPROCESOS
02 12:14:46:112 Proceso FINMOV cargado con función vdbuscamovst (Librería VDKERNEL.DLL) direccion 6E031560
02 12:14:46:112 Proceso FINMOVANULADOS encontrado en tabla VDPROCESOS
02 12:14:46:112 Proceso FINMOVANULADOS cargado con función vdbuscamovst (Librería VDKERNEL.DLL) direccion 6E031560
02 12:14:46:129 PLSQL: INICIALIZADO PAQUETE DE LOG EL DIA 04-04-2022
02 12:14:46:147 Actualizado SID 256 SERIAL 63332 del proceso con PID 3292

00 12:39:53:230 Fichero de log cerrado.

00 12:39:57:317 Fichero de log abierto PID 15912

02 12:39:57:325 Intentando abrir fichero v10.ini
02 12:39:57:332 Cargando driver v10oracle funcion damedriveroracle
02 12:39:57:795 Conectado a base de datos
02 12:39:57:797 Proceso FINMOV encontrado en tabla VDPROCESOS
02 12:39:57:797 Proceso FINMOV cargado con función vdbuscamovst (Librería VDKERNEL.DLL) direccion 6E031560
02 12:39:57:799 Proceso FINMOVANULADOS encontrado en tabla VDPROCESOS
02 12:39:57:799 Proceso FINMOVANULADOS cargado con función vdbuscamovst (Librería VDKERNEL.DLL) direccion 6E031560
02 12:39:57:800 PLSQL: INICIALIZADO PAQUETE DE LOG EL DIA 04-04-2022
02 12:39:57:812 Actualizado SID 134 SERIAL 6815 del proceso con PID 15912

00 12:40:52:377 Fichero de log cerrado.

00 12:40:57:754 Fichero de log abierto PID 6296

02 12:40:57:884 Intentando abrir fichero v10.ini
02 12:40:57:890 Cargando driver v10oracle funcion damedriveroracle
02 12:40:58:545 Conectado a base de datos
02 12:40:58:547 Proceso FINMOV encontrado en tabla VDPROCESOS
02 12:40:58:547 Proceso FINMOV cargado con función vdbuscamovst (Librería VDKERNEL.DLL) direccion 6E031560
02 12:40:58:547 Proceso FINMOVANULADOS encontrado en tabla VDPROCESOS
02 12:40:58:547 Proceso FINMOVANULADOS cargado con función vdbuscamovst (Librería VDKERNEL.DLL) direccion 6E031560
02 12:40:58:551 PLSQL: INICIALIZADO PAQUETE DE LOG EL DIA 04-04-2022
02 12:40:58:562 Actualizado SID 385 SERIAL 9607 del proceso con PID 6296
02 16:22:48:760 Ejecucion número 10001 del proceso FINMOV total 646189

00 17:13:21:682 Fichero de log cerrado.

00 17:13:27:077 Fichero de log abierto PID 16672

02 17:13:27:080 Intentando abrir fichero v10.ini
02 17:13:27:087 Cargando driver v10oracle funcion damedriveroracle
02 17:13:27:820 Conectado a base de datos
02 17:13:27:824 Proceso FINMOV encontrado en tabla VDPROCESOS
02 17:13:27:824 Proceso FINMOV cargado con función vdbuscamovst (Librería VDKERNEL.DLL) direccion 6E031560
02 17:13:27:825 Proceso FINMOVANULADOS encontrado en tabla VDPROCESOS
02 17:13:27:825 Proceso FINMOVANULADOS cargado con función vdbuscamovst (Librería VDKERNEL.DLL) direccion 6E031560
02 17:13:27:826 PLSQL: INICIALIZADO PAQUETE DE LOG EL DIA 04-04-2022
02 17:13:27:837 Actualizado SID 14 SERIAL 53523 del proceso con PID 16672

00 17:58:21:352 Fichero de log cerrado.

