00 09:03:09:842 Fichero de log abierto PID 6116

02 09:03:09:843 Intentando abrir fichero v10.ini
02 09:03:09:848 Cargando driver v10oracle funcion damedriveroracle
02 09:03:10:521 Conectado a base de datos
02 09:03:10:522 Proceso FINBULTOS encontrado en tabla VDPROCESOS
02 09:03:10:523 Proceso FINBULTOS cargado con función vdprocesabultost (Librería VDPEDIDOS.DLL) direccion 028B5900
00 09:03:10:525 Proceso FINBULTOST1 no encontrado en tabla VDPROCESOS
00 09:03:10:525 Proceso FINBULTOSB2 no encontrado en tabla VDPROCESOS
02 09:03:10:525 Proceso FINPEDIDOS encontrado en tabla VDPROCESOS
02 09:03:10:525 Proceso FINPEDIDOS cargado con función vdbuscapedst (Librería VDPEDIDOS.DLL) direccion 028BA090
02 09:03:10:527 PLSQL: INICIALIZADO PAQUETE DE LOG EL DIA 18-03-2022
02 09:03:10:537 Actualizado SID 630 SERIAL 18517 del proceso con PID 6116
02 12:10:42:554 Ejecucion número 10001 del proceso FINBULTOS total 645119
02 12:10:42:555 Ejecucion número 10001 del proceso FINPEDIDOS total 645119

00 13:58:12:302 Fichero de log cerrado.

00 13:58:13:012 Fichero de log abierto PID 4580

02 13:58:13:015 Intentando abrir fichero v10.ini
02 13:58:13:022 Cargando driver v10oracle funcion damedriveroracle
02 13:58:13:567 Conectado a base de datos
02 13:58:13:569 Proceso FINBULTOS encontrado en tabla VDPROCESOS
02 13:58:13:570 Proceso FINBULTOS cargado con función vdprocesabultost (Librería VDPEDIDOS.DLL) direccion 06385900
00 13:58:13:570 Proceso FINBULTOST1 no encontrado en tabla VDPROCESOS
00 13:58:13:570 Proceso FINBULTOSB2 no encontrado en tabla VDPROCESOS
02 13:58:13:570 Proceso FINPEDIDOS encontrado en tabla VDPROCESOS
02 13:58:13:570 Proceso FINPEDIDOS cargado con función vdbuscapedst (Librería VDPEDIDOS.DLL) direccion 0638A090
02 13:58:13:572 PLSQL: INICIALIZADO PAQUETE DE LOG EL DIA 18-03-2022
02 13:58:13:580 Actualizado SID 502 SERIAL 57436 del proceso con PID 4580

00 13:59:55:957 Fichero de log cerrado.

