00 09:10:30:652 Fichero de log abierto PID 13208

02 09:10:30:652 Intentando abrir fichero v10.ini
02 09:10:30:657 Cargando driver v10oracle funcion damedriveroracle
02 09:10:31:283 Conectado a base de datos
02 09:10:31:285 Proceso FINBULTOS encontrado en tabla VDPROCESOS
02 09:10:31:285 Proceso FINBULTOS cargado con función vdprocesabultost (Librería VDPEDIDOS.DLL) direccion 05AD5900
00 09:10:31:287 Proceso FINBULTOST1 no encontrado en tabla VDPROCESOS
00 09:10:31:287 Proceso FINBULTOSB2 no encontrado en tabla VDPROCESOS
02 09:10:31:287 Proceso FINPEDIDOS encontrado en tabla VDPROCESOS
02 09:10:31:287 Proceso FINPEDIDOS cargado con función vdbuscapedst (Librería VDPEDIDOS.DLL) direccion 05ADA090
02 09:10:31:288 PLSQL: INICIALIZADO PAQUETE DE LOG EL DIA 06-04-2022
02 09:10:31:298 Actualizado SID 499 SERIAL 41454 del proceso con PID 13208

00 09:52:22:432 Fichero de log cerrado.

00 09:52:39:547 Fichero de log abierto PID 3044

02 09:52:39:548 Intentando abrir fichero v10.ini
02 09:52:39:555 Cargando driver v10oracle funcion damedriveroracle
02 09:52:40:153 Conectado a base de datos
02 09:52:40:172 Proceso FINBULTOS encontrado en tabla VDPROCESOS
02 09:52:40:173 Proceso FINBULTOS cargado con función vdprocesabultost (Librería VDPEDIDOS.DLL) direccion 06285900
00 09:52:40:175 Proceso FINBULTOST1 no encontrado en tabla VDPROCESOS
00 09:52:40:175 Proceso FINBULTOSB2 no encontrado en tabla VDPROCESOS
02 09:52:40:175 Proceso FINPEDIDOS encontrado en tabla VDPROCESOS
02 09:52:40:175 Proceso FINPEDIDOS cargado con función vdbuscapedst (Librería VDPEDIDOS.DLL) direccion 0628A090
02 09:52:40:177 PLSQL: INICIALIZADO PAQUETE DE LOG EL DIA 06-04-2022
02 09:52:40:187 Actualizado SID 635 SERIAL 26174 del proceso con PID 3044
02 13:00:25:737 Ejecucion número 10001 del proceso FINBULTOS total 649504
02 13:00:25:739 Ejecucion número 10001 del proceso FINPEDIDOS total 649504
02 16:46:32:112 Ejecucion número 20001 del proceso FINBULTOS total 1298854
02 16:46:32:112 Ejecucion número 20001 del proceso FINPEDIDOS total 1298854

00 17:56:19:867 Fichero de log cerrado.

