00 09:08:31:822 Fichero de log abierto PID 7196

02 09:08:31:825 Intentando abrir fichero v10.ini
02 09:08:31:830 Cargando driver v10oracle funcion damedriveroracle
02 09:08:32:488 Conectado a base de datos
02 09:08:32:491 Proceso FINBULTOS encontrado en tabla VDPROCESOS
02 09:08:32:491 Proceso FINBULTOS cargado con función vdprocesabultost (Librería VDPEDIDOS.DLL) direccion 067E5900
00 09:08:32:492 Proceso FINBULTOST1 no encontrado en tabla VDPROCESOS
00 09:08:32:492 Proceso FINBULTOSB2 no encontrado en tabla VDPROCESOS
02 09:08:32:492 Proceso FINPEDIDOS encontrado en tabla VDPROCESOS
02 09:08:32:492 Proceso FINPEDIDOS cargado con función vdbuscapedst (Librería VDPEDIDOS.DLL) direccion 067EA090
02 09:08:32:494 PLSQL: INICIALIZADO PAQUETE DE LOG EL DIA 28-03-2022
02 09:08:32:507 Actualizado SID 505 SERIAL 8658 del proceso con PID 7196
02 11:56:43:987 Ejecucion número 10001 del proceso FINBULTOS total 648786
02 11:56:43:987 Ejecucion número 10001 del proceso FINPEDIDOS total 648786
02 14:45:07:975 Ejecucion número 20001 del proceso FINBULTOS total 1301880
02 14:45:07:975 Ejecucion número 20001 del proceso FINPEDIDOS total 1301880

00 15:19:41:784 Fichero de log cerrado.

00 15:19:48:827 Fichero de log abierto PID 15596

02 15:19:48:829 Intentando abrir fichero v10.ini
02 15:19:48:835 Cargando driver v10oracle funcion damedriveroracle
02 15:19:49:700 Conectado a base de datos
02 15:19:49:702 Proceso FINBULTOS encontrado en tabla VDPROCESOS
02 15:19:49:702 Proceso FINBULTOS cargado con función vdprocesabultost (Librería VDPEDIDOS.DLL) direccion 06185900
00 15:19:49:704 Proceso FINBULTOST1 no encontrado en tabla VDPROCESOS
00 15:19:49:704 Proceso FINBULTOSB2 no encontrado en tabla VDPROCESOS
02 15:19:49:704 Proceso FINPEDIDOS encontrado en tabla VDPROCESOS
02 15:19:49:704 Proceso FINPEDIDOS cargado con función vdbuscapedst (Librería VDPEDIDOS.DLL) direccion 0618A090
02 15:19:49:706 PLSQL: INICIALIZADO PAQUETE DE LOG EL DIA 28-03-2022
02 15:19:49:715 Actualizado SID 754 SERIAL 62722 del proceso con PID 15596

00 16:06:05:740 Fichero de log cerrado.

00 16:06:21:332 Fichero de log abierto PID 14372

02 16:06:21:332 Intentando abrir fichero v10.ini
02 16:06:21:340 Cargando driver v10oracle funcion damedriveroracle
02 16:06:22:167 Conectado a base de datos
02 16:06:22:170 Proceso FINBULTOS encontrado en tabla VDPROCESOS
02 16:06:22:170 Proceso FINBULTOS cargado con función vdprocesabultost (Librería VDPEDIDOS.DLL) direccion 063E5900
00 16:06:22:172 Proceso FINBULTOST1 no encontrado en tabla VDPROCESOS
00 16:06:22:172 Proceso FINBULTOSB2 no encontrado en tabla VDPROCESOS
02 16:06:22:172 Proceso FINPEDIDOS encontrado en tabla VDPROCESOS
02 16:06:22:172 Proceso FINPEDIDOS cargado con función vdbuscapedst (Librería VDPEDIDOS.DLL) direccion 063EA090
02 16:06:22:174 PLSQL: INICIALIZADO PAQUETE DE LOG EL DIA 28-03-2022
02 16:06:22:182 Actualizado SID 632 SERIAL 47117 del proceso con PID 14372

00 17:59:49:290 Fichero de log cerrado.

