00 11:41:47:152 Fichero de log abierto PID 2816

02 11:41:47:152 Intentando abrir fichero v10.ini
02 11:41:47:157 Cargando driver v10oracle funcion damedriveroracle
02 11:41:47:767 Conectado a base de datos
02 11:41:47:770 Proceso FINBULTOS encontrado en tabla VDPROCESOS
02 11:41:48:565 Proceso FINBULTOS cargado con función vdprocesabultost (Librería VDPEDIDOS.DLL) direccion 06D05900
00 11:41:48:565 Proceso FINBULTOST1 no encontrado en tabla VDPROCESOS
00 11:41:48:565 Proceso FINBULTOSB2 no encontrado en tabla VDPROCESOS
02 11:41:48:567 Proceso FINPEDIDOS encontrado en tabla VDPROCESOS
02 11:41:48:567 Proceso FINPEDIDOS cargado con función vdbuscapedst (Librería VDPEDIDOS.DLL) direccion 06D0A090
02 11:41:48:569 PLSQL: INICIALIZADO PAQUETE DE LOG EL DIA 04-07-2022
02 11:41:48:589 Actualizado SID 625 SERIAL 52987 del proceso con PID 2816
02 14:37:46:255 Ejecucion número 10001 del proceso FINBULTOS total 627487
02 14:37:47:270 Ejecucion número 10001 del proceso FINPEDIDOS total 627552

00 16:28:21:865 Fichero de log cerrado.

00 16:28:33:327 Fichero de log abierto PID 12576

02 16:28:33:329 Intentando abrir fichero v10.ini
02 16:28:33:334 Cargando driver v10oracle funcion damedriveroracle
02 16:28:34:202 Conectado a base de datos
02 16:28:34:205 Proceso FINBULTOS encontrado en tabla VDPROCESOS
02 16:28:34:205 Proceso FINBULTOS cargado con función vdprocesabultost (Librería VDPEDIDOS.DLL) direccion 05235900
00 16:28:34:207 Proceso FINBULTOST1 no encontrado en tabla VDPROCESOS
00 16:28:34:207 Proceso FINBULTOSB2 no encontrado en tabla VDPROCESOS
02 16:28:34:207 Proceso FINPEDIDOS encontrado en tabla VDPROCESOS
02 16:28:34:207 Proceso FINPEDIDOS cargado con función vdbuscapedst (Librería VDPEDIDOS.DLL) direccion 0523A090
02 16:28:34:209 PLSQL: INICIALIZADO PAQUETE DE LOG EL DIA 04-07-2022
02 16:28:34:220 Actualizado SID 141 SERIAL 6010 del proceso con PID 12576

00 17:57:33:832 Fichero de log cerrado.

