00 10:16:34:690 Fichero de log abierto PID 17636

02 10:16:34:691 Intentando abrir fichero v10.ini
02 10:16:34:697 Cargando driver v10oracle funcion damedriveroracle
02 10:16:35:178 Conectado a base de datos
02 10:16:35:181 Proceso FINBULTOS encontrado en tabla VDPROCESOS
02 10:16:35:402 Proceso FINBULTOS cargado con función vdprocesabultost (Librería VDPEDIDOS.DLL) direccion 05BC5900
00 10:16:35:402 Proceso FINBULTOST1 no encontrado en tabla VDPROCESOS
00 10:16:35:402 Proceso FINBULTOSB2 no encontrado en tabla VDPROCESOS
02 10:16:35:402 Proceso FINPEDIDOS encontrado en tabla VDPROCESOS
02 10:16:35:402 Proceso FINPEDIDOS cargado con función vdbuscapedst (Librería VDPEDIDOS.DLL) direccion 05BCA090
02 10:16:35:405 PLSQL: INICIALIZADO PAQUETE DE LOG EL DIA 30-03-2022
02 10:16:35:425 Actualizado SID 862 SERIAL 61563 del proceso con PID 17636
02 13:21:05:407 Ejecucion número 10001 del proceso FINBULTOS total 647425
02 13:21:05:407 Ejecucion número 10001 del proceso FINPEDIDOS total 647425

00 13:42:33:554 Fichero de log cerrado.

00 13:42:40:007 Fichero de log abierto PID 2860

02 13:42:40:015 Intentando abrir fichero v10.ini
02 13:42:40:022 Cargando driver v10oracle funcion damedriveroracle
02 13:42:40:989 Conectado a base de datos
02 13:42:40:990 Proceso FINBULTOS encontrado en tabla VDPROCESOS
02 13:42:40:992 Proceso FINBULTOS cargado con función vdprocesabultost (Librería VDPEDIDOS.DLL) direccion 03B75900
00 13:42:40:994 Proceso FINBULTOST1 no encontrado en tabla VDPROCESOS
00 13:42:40:994 Proceso FINBULTOSB2 no encontrado en tabla VDPROCESOS
02 13:42:40:994 Proceso FINPEDIDOS encontrado en tabla VDPROCESOS
02 13:42:40:994 Proceso FINPEDIDOS cargado con función vdbuscapedst (Librería VDPEDIDOS.DLL) direccion 03B7A090
02 13:42:40:995 PLSQL: INICIALIZADO PAQUETE DE LOG EL DIA 30-03-2022
02 13:42:41:010 Actualizado SID 872 SERIAL 45599 del proceso con PID 2860

00 15:19:56:207 Fichero de log cerrado.

00 15:20:00:430 Fichero de log abierto PID 14728

02 15:20:00:434 Intentando abrir fichero v10.ini
02 15:20:00:439 Cargando driver v10oracle funcion damedriveroracle
02 15:20:01:329 Conectado a base de datos
02 15:20:01:330 Proceso FINBULTOS encontrado en tabla VDPROCESOS
02 15:20:01:332 Proceso FINBULTOS cargado con función vdprocesabultost (Librería VDPEDIDOS.DLL) direccion 039C5900
00 15:20:01:332 Proceso FINBULTOST1 no encontrado en tabla VDPROCESOS
00 15:20:01:332 Proceso FINBULTOSB2 no encontrado en tabla VDPROCESOS
02 15:20:01:332 Proceso FINPEDIDOS encontrado en tabla VDPROCESOS
02 15:20:01:332 Proceso FINPEDIDOS cargado con función vdbuscapedst (Librería VDPEDIDOS.DLL) direccion 039CA090
02 15:20:01:335 PLSQL: INICIALIZADO PAQUETE DE LOG EL DIA 30-03-2022
02 15:20:01:345 Actualizado SID 628 SERIAL 37002 del proceso con PID 14728

00 16:07:52:437 Fichero de log cerrado.

00 16:08:01:012 Fichero de log abierto PID 18632

02 16:08:01:017 Intentando abrir fichero v10.ini
02 16:08:01:245 Cargando driver v10oracle funcion damedriveroracle
02 16:08:03:365 Conectado a base de datos
02 16:08:03:372 Proceso FINBULTOS encontrado en tabla VDPROCESOS
02 16:08:03:375 Proceso FINBULTOS cargado con función vdprocesabultost (Librería VDPEDIDOS.DLL) direccion 06365900
00 16:08:03:375 Proceso FINBULTOST1 no encontrado en tabla VDPROCESOS
00 16:08:03:375 Proceso FINBULTOSB2 no encontrado en tabla VDPROCESOS
02 16:08:03:377 Proceso FINPEDIDOS encontrado en tabla VDPROCESOS
02 16:08:03:377 Proceso FINPEDIDOS cargado con función vdbuscapedst (Librería VDPEDIDOS.DLL) direccion 0636A090
02 16:08:03:382 PLSQL: INICIALIZADO PAQUETE DE LOG EL DIA 30-03-2022
02 16:08:03:405 Actualizado SID 376 SERIAL 17247 del proceso con PID 18632

00 17:18:02:710 Fichero de log cerrado.

00 17:18:07:087 Fichero de log abierto PID 18644

02 17:18:07:092 Intentando abrir fichero v10.ini
02 17:18:07:104 Cargando driver v10oracle funcion damedriveroracle
02 17:18:10:167 Conectado a base de datos
02 17:18:10:172 Proceso FINBULTOS encontrado en tabla VDPROCESOS
02 17:18:10:177 Proceso FINBULTOS cargado con función vdprocesabultost (Librería VDPEDIDOS.DLL) direccion 03495900
00 17:18:10:177 Proceso FINBULTOST1 no encontrado en tabla VDPROCESOS
00 17:18:10:179 Proceso FINBULTOSB2 no encontrado en tabla VDPROCESOS
02 17:18:10:180 Proceso FINPEDIDOS encontrado en tabla VDPROCESOS
02 17:18:10:180 Proceso FINPEDIDOS cargado con función vdbuscapedst (Librería VDPEDIDOS.DLL) direccion 0349A090
02 17:18:10:185 PLSQL: INICIALIZADO PAQUETE DE LOG EL DIA 30-03-2022
02 17:18:10:212 Actualizado SID 135 SERIAL 3839 del proceso con PID 18644

00 17:59:17:452 Fichero de log cerrado.

