00 09:11:09:457 Fichero de log abierto PID 9384

02 09:11:09:458 Intentando abrir fichero v10.ini
02 09:11:09:463 Cargando driver v10oracle funcion damedriveroracle
02 09:11:10:147 Conectado a base de datos
02 09:11:10:151 Proceso FINBULTOS encontrado en tabla VDPROCESOS
02 09:11:10:152 Proceso FINBULTOS cargado con función vdprocesabultost (Librería VDPEDIDOS.DLL) direccion 06BE5900
00 09:11:10:152 Proceso FINBULTOST1 no encontrado en tabla VDPROCESOS
00 09:11:10:152 Proceso FINBULTOSB2 no encontrado en tabla VDPROCESOS
02 09:11:10:152 Proceso FINPEDIDOS encontrado en tabla VDPROCESOS
02 09:11:10:152 Proceso FINPEDIDOS cargado con función vdbuscapedst (Librería VDPEDIDOS.DLL) direccion 06BEA090
02 09:11:10:155 PLSQL: INICIALIZADO PAQUETE DE LOG EL DIA 04-04-2022
02 09:11:10:163 Actualizado SID 15 SERIAL 34785 del proceso con PID 9384

00 10:22:53:436 Fichero de log cerrado.

00 10:23:02:237 Fichero de log abierto PID 13204

02 10:23:02:297 Intentando abrir fichero v10.ini
02 10:23:02:308 Cargando driver v10oracle funcion damedriveroracle
02 10:23:03:103 Conectado a base de datos
02 10:23:03:106 Proceso FINBULTOS encontrado en tabla VDPROCESOS
02 10:23:03:107 Proceso FINBULTOS cargado con función vdprocesabultost (Librería VDPEDIDOS.DLL) direccion 04BA5900
00 10:23:03:108 Proceso FINBULTOST1 no encontrado en tabla VDPROCESOS
00 10:23:03:108 Proceso FINBULTOSB2 no encontrado en tabla VDPROCESOS
02 10:23:03:108 Proceso FINPEDIDOS encontrado en tabla VDPROCESOS
02 10:23:03:108 Proceso FINPEDIDOS cargado con función vdbuscapedst (Librería VDPEDIDOS.DLL) direccion 04BAA090
02 10:23:03:111 PLSQL: INICIALIZADO PAQUETE DE LOG EL DIA 04-04-2022
02 10:23:03:120 Actualizado SID 382 SERIAL 30992 del proceso con PID 13204

00 10:38:58:311 Fichero de log cerrado.

00 10:39:08:623 Fichero de log abierto PID 3240

02 10:39:08:626 Intentando abrir fichero v10.ini
02 10:39:08:632 Cargando driver v10oracle funcion damedriveroracle
02 10:39:09:385 Conectado a base de datos
02 10:39:09:387 Proceso FINBULTOS encontrado en tabla VDPROCESOS
02 10:39:09:388 Proceso FINBULTOS cargado con función vdprocesabultost (Librería VDPEDIDOS.DLL) direccion 043E5900
00 10:39:09:388 Proceso FINBULTOST1 no encontrado en tabla VDPROCESOS
00 10:39:09:388 Proceso FINBULTOSB2 no encontrado en tabla VDPROCESOS
02 10:39:09:390 Proceso FINPEDIDOS encontrado en tabla VDPROCESOS
02 10:39:09:390 Proceso FINPEDIDOS cargado con función vdbuscapedst (Librería VDPEDIDOS.DLL) direccion 043EA090
02 10:39:09:392 PLSQL: INICIALIZADO PAQUETE DE LOG EL DIA 04-04-2022
02 10:39:09:402 Actualizado SID 868 SERIAL 31496 del proceso con PID 3240

00 12:14:33:895 Fichero de log cerrado.

00 12:14:45:612 Fichero de log abierto PID 14108

02 12:14:45:614 Intentando abrir fichero v10.ini
02 12:14:45:620 Cargando driver v10oracle funcion damedriveroracle
02 12:14:46:522 Conectado a base de datos
02 12:14:46:524 Proceso FINBULTOS encontrado en tabla VDPROCESOS
02 12:14:46:525 Proceso FINBULTOS cargado con función vdprocesabultost (Librería VDPEDIDOS.DLL) direccion 063A5900
00 12:14:46:525 Proceso FINBULTOST1 no encontrado en tabla VDPROCESOS
00 12:14:46:525 Proceso FINBULTOSB2 no encontrado en tabla VDPROCESOS
02 12:14:46:525 Proceso FINPEDIDOS encontrado en tabla VDPROCESOS
02 12:14:46:525 Proceso FINPEDIDOS cargado con función vdbuscapedst (Librería VDPEDIDOS.DLL) direccion 063AA090
02 12:14:46:528 PLSQL: INICIALIZADO PAQUETE DE LOG EL DIA 04-04-2022
02 12:14:46:539 Actualizado SID 8 SERIAL 54919 del proceso con PID 14108

00 12:39:53:230 Fichero de log cerrado.

00 12:39:57:349 Fichero de log abierto PID 12556

02 12:39:57:350 Intentando abrir fichero v10.ini
02 12:39:57:357 Cargando driver v10oracle funcion damedriveroracle
02 12:39:57:912 Conectado a base de datos
02 12:39:57:915 Proceso FINBULTOS encontrado en tabla VDPROCESOS
02 12:39:57:915 Proceso FINBULTOS cargado con función vdprocesabultost (Librería VDPEDIDOS.DLL) direccion 062E5900
00 12:39:57:915 Proceso FINBULTOST1 no encontrado en tabla VDPROCESOS
00 12:39:57:917 Proceso FINBULTOSB2 no encontrado en tabla VDPROCESOS
02 12:39:57:917 Proceso FINPEDIDOS encontrado en tabla VDPROCESOS
02 12:39:57:917 Proceso FINPEDIDOS cargado con función vdbuscapedst (Librería VDPEDIDOS.DLL) direccion 062EA090
02 12:39:57:919 PLSQL: INICIALIZADO PAQUETE DE LOG EL DIA 04-04-2022
02 12:39:57:930 Actualizado SID 139 SERIAL 50160 del proceso con PID 12556

00 12:40:52:377 Fichero de log cerrado.

00 12:40:57:899 Fichero de log abierto PID 17344

02 12:40:57:902 Intentando abrir fichero v10.ini
02 12:40:57:909 Cargando driver v10oracle funcion damedriveroracle
02 12:40:58:610 Conectado a base de datos
02 12:40:58:612 Proceso FINBULTOS encontrado en tabla VDPROCESOS
02 12:40:58:612 Proceso FINBULTOS cargado con función vdprocesabultost (Librería VDPEDIDOS.DLL) direccion 058D5900
00 12:40:58:612 Proceso FINBULTOST1 no encontrado en tabla VDPROCESOS
00 12:40:58:612 Proceso FINBULTOSB2 no encontrado en tabla VDPROCESOS
02 12:40:58:614 Proceso FINPEDIDOS encontrado en tabla VDPROCESOS
02 12:40:58:614 Proceso FINPEDIDOS cargado con función vdbuscapedst (Librería VDPEDIDOS.DLL) direccion 058DA090
02 12:40:58:616 PLSQL: INICIALIZADO PAQUETE DE LOG EL DIA 04-04-2022
02 12:40:58:624 Actualizado SID 872 SERIAL 32770 del proceso con PID 17344
02 16:22:48:760 Ejecucion número 10001 del proceso FINBULTOS total 646175
02 16:22:48:760 Ejecucion número 10001 del proceso FINPEDIDOS total 646175

00 17:13:21:682 Fichero de log cerrado.

00 17:13:27:145 Fichero de log abierto PID 11992

02 17:13:27:147 Intentando abrir fichero v10.ini
02 17:13:27:154 Cargando driver v10oracle funcion damedriveroracle
02 17:13:27:965 Conectado a base de datos
02 17:13:27:967 Proceso FINBULTOS encontrado en tabla VDPROCESOS
02 17:13:27:970 Proceso FINBULTOS cargado con función vdprocesabultost (Librería VDPEDIDOS.DLL) direccion 063B5900
00 17:13:27:970 Proceso FINBULTOST1 no encontrado en tabla VDPROCESOS
00 17:13:27:970 Proceso FINBULTOSB2 no encontrado en tabla VDPROCESOS
02 17:13:27:970 Proceso FINPEDIDOS encontrado en tabla VDPROCESOS
02 17:13:27:970 Proceso FINPEDIDOS cargado con función vdbuscapedst (Librería VDPEDIDOS.DLL) direccion 063BA090
02 17:13:27:972 PLSQL: INICIALIZADO PAQUETE DE LOG EL DIA 04-04-2022
02 17:13:27:982 Actualizado SID 628 SERIAL 3388 del proceso con PID 11992

00 17:58:21:367 Fichero de log cerrado.

