00 14:47:32:100 Fichero de log abierto PID 1920

02 14:47:32:130 Intentando abrir fichero v10.ini
02 14:47:32:130 Cargando driver v10oracle funcion damedriveroracle
02 14:47:32:705 Conectado a base de datos
02 14:47:32:714 Proceso FINBULTOS encontrado en tabla VDPROCESOS
02 14:47:32:714 Proceso FINBULTOS cargado con función vdprocesabultost (Librería VDPEDIDOS.DLL) direccion 064B5900
00 14:47:32:715 Proceso FINBULTOST1 no encontrado en tabla VDPROCESOS
00 14:47:32:715 Proceso FINBULTOSB2 no encontrado en tabla VDPROCESOS
02 14:47:32:715 Proceso FINPEDIDOS encontrado en tabla VDPROCESOS
02 14:47:32:715 Proceso FINPEDIDOS cargado con función vdbuscapedst (Librería VDPEDIDOS.DLL) direccion 064BA090
02 14:47:32:716 PLSQL: INICIALIZADO PAQUETE DE LOG EL DIA 23-06-2022
02 14:47:32:725 Actualizado SID 143 SERIAL 17237 del proceso con PID 1920
00 16:16:47:450 Programa finaliza por Error Oracle Fatal 3135 en cursor
	SELPROVDPROCESOS

00 16:16:47:810 Fichero de log cerrado.

00 16:19:02:895 Fichero de log abierto PID 9256

02 16:19:02:897 Intentando abrir fichero v10.ini
02 16:19:02:900 Cargando driver v10oracle funcion damedriveroracle
02 16:19:03:487 Conectado a base de datos
02 16:19:03:490 Proceso FINBULTOS encontrado en tabla VDPROCESOS
02 16:19:03:492 Proceso FINBULTOS cargado con función vdprocesabultost (Librería VDPEDIDOS.DLL) direccion 05DC5900
00 16:19:03:492 Proceso FINBULTOST1 no encontrado en tabla VDPROCESOS
00 16:19:03:492 Proceso FINBULTOSB2 no encontrado en tabla VDPROCESOS
02 16:19:03:492 Proceso FINPEDIDOS encontrado en tabla VDPROCESOS
02 16:19:03:492 Proceso FINPEDIDOS cargado con función vdbuscapedst (Librería VDPEDIDOS.DLL) direccion 05DCA090
02 16:19:03:493 PLSQL: INICIALIZADO PAQUETE DE LOG EL DIA 23-06-2022
02 16:19:03:502 Actualizado SID 862 SERIAL 35110 del proceso con PID 9256

00 16:36:14:767 Fichero de log cerrado.

00 16:37:29:897 Fichero de log abierto PID 13068

02 16:37:29:897 Intentando abrir fichero v10.ini
02 16:37:29:902 Cargando driver v10oracle funcion damedriveroracle
02 16:37:30:472 Conectado a base de datos
02 16:37:30:472 Proceso FINBULTOS encontrado en tabla VDPROCESOS
02 16:37:30:474 Proceso FINBULTOS cargado con función vdprocesabultost (Librería VDPEDIDOS.DLL) direccion 06425900
00 16:37:30:475 Proceso FINBULTOST1 no encontrado en tabla VDPROCESOS
00 16:37:30:475 Proceso FINBULTOSB2 no encontrado en tabla VDPROCESOS
02 16:37:30:475 Proceso FINPEDIDOS encontrado en tabla VDPROCESOS
02 16:37:30:475 Proceso FINPEDIDOS cargado con función vdbuscapedst (Librería VDPEDIDOS.DLL) direccion 0642A090
02 16:37:30:476 PLSQL: INICIALIZADO PAQUETE DE LOG EL DIA 23-06-2022
02 16:37:30:495 Actualizado SID 388 SERIAL 58947 del proceso con PID 13068

00 16:52:15:362 Fichero de log cerrado.

00 16:52:29:965 Fichero de log abierto PID 9408

02 16:52:29:965 Intentando abrir fichero v10.ini
02 16:52:29:970 Cargando driver v10oracle funcion damedriveroracle
02 16:52:30:707 Conectado a base de datos
02 16:52:30:709 Proceso FINBULTOS encontrado en tabla VDPROCESOS
02 16:52:30:710 Proceso FINBULTOS cargado con función vdprocesabultost (Librería VDPEDIDOS.DLL) direccion 064B5900
00 16:52:30:710 Proceso FINBULTOST1 no encontrado en tabla VDPROCESOS
00 16:52:30:710 Proceso FINBULTOSB2 no encontrado en tabla VDPROCESOS
02 16:52:30:710 Proceso FINPEDIDOS encontrado en tabla VDPROCESOS
02 16:52:30:710 Proceso FINPEDIDOS cargado con función vdbuscapedst (Librería VDPEDIDOS.DLL) direccion 064BA090
02 16:52:30:713 PLSQL: INICIALIZADO PAQUETE DE LOG EL DIA 23-06-2022
02 16:52:30:722 Actualizado SID 873 SERIAL 6078 del proceso con PID 9408

00 17:06:53:509 Fichero de log cerrado.

00 17:07:21:345 Fichero de log abierto PID 13552

02 17:07:21:347 Intentando abrir fichero v10.ini
02 17:07:21:350 Cargando driver v10oracle funcion damedriveroracle
02 17:07:21:880 Conectado a base de datos
02 17:07:21:882 Proceso FINBULTOS encontrado en tabla VDPROCESOS
02 17:07:21:882 Proceso FINBULTOS cargado con función vdprocesabultost (Librería VDPEDIDOS.DLL) direccion 06B35900
00 17:07:21:884 Proceso FINBULTOST1 no encontrado en tabla VDPROCESOS
00 17:07:21:884 Proceso FINBULTOSB2 no encontrado en tabla VDPROCESOS
02 17:07:21:884 Proceso FINPEDIDOS encontrado en tabla VDPROCESOS
02 17:07:21:884 Proceso FINPEDIDOS cargado con función vdbuscapedst (Librería VDPEDIDOS.DLL) direccion 06B3A090
02 17:07:21:886 PLSQL: INICIALIZADO PAQUETE DE LOG EL DIA 23-06-2022
02 17:07:21:892 Actualizado SID 265 SERIAL 64094 del proceso con PID 13552

00 17:17:38:190 Fichero de log cerrado.

00 17:17:45:499 Fichero de log abierto PID 11796

02 17:17:45:500 Intentando abrir fichero v10.ini
02 17:17:45:504 Cargando driver v10oracle funcion damedriveroracle
02 17:17:46:129 Conectado a base de datos
02 17:17:46:130 Proceso FINBULTOS encontrado en tabla VDPROCESOS
02 17:17:46:132 Proceso FINBULTOS cargado con función vdprocesabultost (Librería VDPEDIDOS.DLL) direccion 066E5900
00 17:17:46:132 Proceso FINBULTOST1 no encontrado en tabla VDPROCESOS
00 17:17:46:132 Proceso FINBULTOSB2 no encontrado en tabla VDPROCESOS
02 17:17:46:132 Proceso FINPEDIDOS encontrado en tabla VDPROCESOS
02 17:17:46:132 Proceso FINPEDIDOS cargado con función vdbuscapedst (Librería VDPEDIDOS.DLL) direccion 066EA090
02 17:17:46:134 PLSQL: INICIALIZADO PAQUETE DE LOG EL DIA 23-06-2022
02 17:17:46:140 Actualizado SID 257 SERIAL 40492 del proceso con PID 11796

00 17:45:44:547 Fichero de log cerrado.

