00 09:17:44:942 Fichero de log abierto PID 8108

02 09:17:44:943 Intentando abrir fichero v10.ini
02 09:17:44:948 Cargando driver v10oracle funcion damedriveroracle
02 09:17:45:517 Conectado a base de datos
02 09:17:45:518 Proceso FINBULTOS encontrado en tabla VDPROCESOS
02 09:17:46:030 Proceso FINBULTOS cargado con función vdprocesabultost (Librería VDPEDIDOS.DLL) direccion 05B05900
00 09:17:46:030 Proceso FINBULTOST1 no encontrado en tabla VDPROCESOS
00 09:17:46:030 Proceso FINBULTOSB2 no encontrado en tabla VDPROCESOS
02 09:17:46:030 Proceso FINPEDIDOS encontrado en tabla VDPROCESOS
02 09:17:46:031 Proceso FINPEDIDOS cargado con función vdbuscapedst (Librería VDPEDIDOS.DLL) direccion 05B0A090
02 09:17:46:033 PLSQL: INICIALIZADO PAQUETE DE LOG EL DIA 28-06-2022
02 09:17:46:051 Actualizado SID 870 SERIAL 15155 del proceso con PID 8108

00 09:39:20:132 Fichero de log cerrado.

00 09:39:35:578 Fichero de log abierto PID 824

02 09:39:35:581 Intentando abrir fichero v10.ini
02 09:39:35:587 Cargando driver v10oracle funcion damedriveroracle
02 09:39:36:187 Conectado a base de datos
02 09:39:36:188 Proceso FINBULTOS encontrado en tabla VDPROCESOS
02 09:39:36:190 Proceso FINBULTOS cargado con función vdprocesabultost (Librería VDPEDIDOS.DLL) direccion 05A15900
00 09:39:36:190 Proceso FINBULTOST1 no encontrado en tabla VDPROCESOS
00 09:39:36:190 Proceso FINBULTOSB2 no encontrado en tabla VDPROCESOS
02 09:39:36:191 Proceso FINPEDIDOS encontrado en tabla VDPROCESOS
02 09:39:36:191 Proceso FINPEDIDOS cargado con función vdbuscapedst (Librería VDPEDIDOS.DLL) direccion 05A1A090
02 09:39:36:193 PLSQL: INICIALIZADO PAQUETE DE LOG EL DIA 28-06-2022
02 09:39:36:202 Actualizado SID 8 SERIAL 46505 del proceso con PID 824

00 12:12:08:737 Fichero de log cerrado.

00 12:12:22:247 Fichero de log abierto PID 5216

02 12:12:22:249 Intentando abrir fichero v10.ini
02 12:12:22:255 Cargando driver v10oracle funcion damedriveroracle
02 12:12:22:905 Conectado a base de datos
02 12:12:22:905 Proceso FINBULTOS encontrado en tabla VDPROCESOS
02 12:12:22:907 Proceso FINBULTOS cargado con función vdprocesabultost (Librería VDPEDIDOS.DLL) direccion 06745900
00 12:12:22:907 Proceso FINBULTOST1 no encontrado en tabla VDPROCESOS
00 12:12:22:907 Proceso FINBULTOSB2 no encontrado en tabla VDPROCESOS
02 12:12:22:907 Proceso FINPEDIDOS encontrado en tabla VDPROCESOS
02 12:12:22:907 Proceso FINPEDIDOS cargado con función vdbuscapedst (Librería VDPEDIDOS.DLL) direccion 0674A090
02 12:12:22:910 PLSQL: INICIALIZADO PAQUETE DE LOG EL DIA 28-06-2022
02 12:12:22:917 Actualizado SID 869 SERIAL 17061 del proceso con PID 5216

00 12:17:16:447 Fichero de log cerrado.

00 12:17:33:972 Fichero de log abierto PID 10564

02 12:17:33:974 Intentando abrir fichero v10.ini
02 12:17:33:980 Cargando driver v10oracle funcion damedriveroracle
02 12:17:34:847 Conectado a base de datos
02 12:17:34:849 Proceso FINBULTOS encontrado en tabla VDPROCESOS
02 12:17:34:850 Proceso FINBULTOS cargado con función vdprocesabultost (Librería VDPEDIDOS.DLL) direccion 06735900
00 12:17:34:850 Proceso FINBULTOST1 no encontrado en tabla VDPROCESOS
00 12:17:34:850 Proceso FINBULTOSB2 no encontrado en tabla VDPROCESOS
02 12:17:34:850 Proceso FINPEDIDOS encontrado en tabla VDPROCESOS
02 12:17:34:850 Proceso FINPEDIDOS cargado con función vdbuscapedst (Librería VDPEDIDOS.DLL) direccion 0673A090
02 12:17:34:851 PLSQL: INICIALIZADO PAQUETE DE LOG EL DIA 28-06-2022
02 12:17:34:857 Actualizado SID 874 SERIAL 54334 del proceso con PID 10564

00 12:42:30:060 Fichero de log cerrado.

00 12:42:45:927 Fichero de log abierto PID 14412

02 12:42:45:929 Intentando abrir fichero v10.ini
02 12:42:45:932 Cargando driver v10oracle funcion damedriveroracle
02 12:42:46:432 Conectado a base de datos
02 12:42:46:434 Proceso FINBULTOS encontrado en tabla VDPROCESOS
02 12:42:46:434 Proceso FINBULTOS cargado con función vdprocesabultost (Librería VDPEDIDOS.DLL) direccion 053B5900
00 12:42:46:435 Proceso FINBULTOST1 no encontrado en tabla VDPROCESOS
00 12:42:46:435 Proceso FINBULTOSB2 no encontrado en tabla VDPROCESOS
02 12:42:46:435 Proceso FINPEDIDOS encontrado en tabla VDPROCESOS
02 12:42:46:435 Proceso FINPEDIDOS cargado con función vdbuscapedst (Librería VDPEDIDOS.DLL) direccion 053BA090
02 12:42:46:438 PLSQL: INICIALIZADO PAQUETE DE LOG EL DIA 28-06-2022
02 12:42:46:447 Actualizado SID 868 SERIAL 56278 del proceso con PID 14412

00 13:34:12:817 Fichero de log cerrado.

00 13:34:40:032 Fichero de log abierto PID 10920

02 13:34:40:034 Intentando abrir fichero v10.ini
02 13:34:40:040 Cargando driver v10oracle funcion damedriveroracle
02 13:34:40:799 Conectado a base de datos
02 13:34:40:800 Proceso FINBULTOS encontrado en tabla VDPROCESOS
02 13:34:40:802 Proceso FINBULTOS cargado con función vdprocesabultost (Librería VDPEDIDOS.DLL) direccion 059A5900
00 13:34:40:802 Proceso FINBULTOST1 no encontrado en tabla VDPROCESOS
00 13:34:40:802 Proceso FINBULTOSB2 no encontrado en tabla VDPROCESOS
02 13:34:40:802 Proceso FINPEDIDOS encontrado en tabla VDPROCESOS
02 13:34:40:802 Proceso FINPEDIDOS cargado con función vdbuscapedst (Librería VDPEDIDOS.DLL) direccion 059AA090
02 13:34:40:805 PLSQL: INICIALIZADO PAQUETE DE LOG EL DIA 28-06-2022
02 13:34:40:815 Actualizado SID 507 SERIAL 15153 del proceso con PID 10920

00 13:35:55:744 Fichero de log cerrado.

00 13:36:00:210 Fichero de log abierto PID 9884

02 13:36:00:212 Intentando abrir fichero v10.ini
02 13:36:00:219 Cargando driver v10oracle funcion damedriveroracle
02 13:36:00:935 Conectado a base de datos
02 13:36:00:937 Proceso FINBULTOS encontrado en tabla VDPROCESOS
02 13:36:00:939 Proceso FINBULTOS cargado con función vdprocesabultost (Librería VDPEDIDOS.DLL) direccion 024E5900
00 13:36:00:939 Proceso FINBULTOST1 no encontrado en tabla VDPROCESOS
00 13:36:00:939 Proceso FINBULTOSB2 no encontrado en tabla VDPROCESOS
02 13:36:00:939 Proceso FINPEDIDOS encontrado en tabla VDPROCESOS
02 13:36:00:939 Proceso FINPEDIDOS cargado con función vdbuscapedst (Librería VDPEDIDOS.DLL) direccion 024EA090
02 13:36:00:940 PLSQL: INICIALIZADO PAQUETE DE LOG EL DIA 28-06-2022
02 13:36:00:964 Actualizado SID 262 SERIAL 32936 del proceso con PID 9884

00 13:36:42:904 Fichero de log cerrado.

00 13:44:14:644 Fichero de log abierto PID 2484

02 13:44:14:704 Intentando abrir fichero v10.ini
02 13:44:14:707 Cargando driver v10oracle funcion damedriveroracle
02 13:44:15:405 Conectado a base de datos
02 13:44:15:407 Proceso FINBULTOS encontrado en tabla VDPROCESOS
02 13:44:15:407 Proceso FINBULTOS cargado con función vdprocesabultost (Librería VDPEDIDOS.DLL) direccion 05DF5900
00 13:44:15:407 Proceso FINBULTOST1 no encontrado en tabla VDPROCESOS
00 13:44:15:407 Proceso FINBULTOSB2 no encontrado en tabla VDPROCESOS
02 13:44:15:407 Proceso FINPEDIDOS encontrado en tabla VDPROCESOS
02 13:44:15:409 Proceso FINPEDIDOS cargado con función vdbuscapedst (Librería VDPEDIDOS.DLL) direccion 05DFA090
02 13:44:15:410 PLSQL: INICIALIZADO PAQUETE DE LOG EL DIA 28-06-2022
02 13:44:15:417 Actualizado SID 127 SERIAL 33119 del proceso con PID 2484

00 14:45:59:842 Fichero de log cerrado.

00 14:46:23:067 Fichero de log abierto PID 444

02 14:46:23:067 Intentando abrir fichero v10.ini
02 14:46:23:072 Cargando driver v10oracle funcion damedriveroracle
02 14:46:23:607 Conectado a base de datos
02 14:46:23:609 Proceso FINBULTOS encontrado en tabla VDPROCESOS
02 14:46:23:610 Proceso FINBULTOS cargado con función vdprocesabultost (Librería VDPEDIDOS.DLL) direccion 066E5900
00 14:46:23:610 Proceso FINBULTOST1 no encontrado en tabla VDPROCESOS
00 14:46:23:610 Proceso FINBULTOSB2 no encontrado en tabla VDPROCESOS
02 14:46:23:610 Proceso FINPEDIDOS encontrado en tabla VDPROCESOS
02 14:46:23:610 Proceso FINPEDIDOS cargado con función vdbuscapedst (Librería VDPEDIDOS.DLL) direccion 066EA090
02 14:46:23:613 PLSQL: INICIALIZADO PAQUETE DE LOG EL DIA 28-06-2022
02 14:46:23:630 Actualizado SID 748 SERIAL 63027 del proceso con PID 444

00 17:58:49:099 Fichero de log cerrado.

