00 08:59:49:263 Fichero de log abierto PID 11320

02 08:59:49:265 Intentando abrir fichero v10.ini
02 08:59:49:267 Cargando driver v10oracle funcion damedriveroracle
02 08:59:49:910 Conectado a base de datos
02 08:59:49:912 Proceso FINBULTOS encontrado en tabla VDPROCESOS
02 08:59:49:913 Proceso FINBULTOS cargado con función vdprocesabultost (Librería VDPEDIDOS.DLL) direccion 050B5900
00 08:59:49:913 Proceso FINBULTOST1 no encontrado en tabla VDPROCESOS
00 08:59:49:915 Proceso FINBULTOSB2 no encontrado en tabla VDPROCESOS
02 08:59:49:915 Proceso FINPEDIDOS encontrado en tabla VDPROCESOS
02 08:59:49:915 Proceso FINPEDIDOS cargado con función vdbuscapedst (Librería VDPEDIDOS.DLL) direccion 050BA090
02 08:59:49:917 PLSQL: INICIALIZADO PAQUETE DE LOG EL DIA 27-06-2022
02 08:59:49:925 Actualizado SID 17 SERIAL 38747 del proceso con PID 11320
02 11:55:57:169 Ejecucion número 10001 del proceso FINBULTOS total 602158
02 11:56:00:475 Ejecucion número 10001 del proceso FINPEDIDOS total 602353
02 14:43:54:429 Ejecucion número 20001 del proceso FINBULTOS total 1203365
02 14:43:59:140 Ejecucion número 20001 del proceso FINPEDIDOS total 1203644

00 17:47:53:382 Fichero de log cerrado.

00 17:48:08:645 Fichero de log abierto PID 4756

02 17:48:08:647 Intentando abrir fichero v10.ini
02 17:48:08:652 Cargando driver v10oracle funcion damedriveroracle
02 17:48:09:235 Conectado a base de datos
02 17:48:09:237 Proceso FINBULTOS encontrado en tabla VDPROCESOS
02 17:48:09:239 Proceso FINBULTOS cargado con función vdprocesabultost (Librería VDPEDIDOS.DLL) direccion 05A25900
00 17:48:09:239 Proceso FINBULTOST1 no encontrado en tabla VDPROCESOS
00 17:48:09:240 Proceso FINBULTOSB2 no encontrado en tabla VDPROCESOS
02 17:48:09:240 Proceso FINPEDIDOS encontrado en tabla VDPROCESOS
02 17:48:09:240 Proceso FINPEDIDOS cargado con función vdbuscapedst (Librería VDPEDIDOS.DLL) direccion 05A2A090
02 17:48:09:242 PLSQL: INICIALIZADO PAQUETE DE LOG EL DIA 27-06-2022
02 17:48:09:250 Actualizado SID 504 SERIAL 33686 del proceso con PID 4756

00 17:57:06:537 Fichero de log cerrado.

