00 11:41:47:165 Fichero de log abierto PID 6752

02 11:41:47:167 Intentando abrir fichero v10.ini
02 11:41:47:170 Cargando driver v10oracle funcion damedriveroracle
02 11:41:47:802 Conectado a base de datos
02 11:41:47:804 Proceso GRABAPEDIDOS encontrado en tabla VDPROCESOS
02 11:41:48:565 Proceso GRABAPEDIDOS cargado con función vdbuscapedorigst (Librería VDPEDIDOS.DLL) direccion 06539580
02 11:41:48:565 Proceso VALIDAPEDORIG encontrado en tabla VDPROCESOS
02 11:41:48:565 Proceso VALIDAPEDORIG cargado con función vdbuscapedorigst (Librería VDPEDIDOS.DLL) direccion 06539580
02 11:41:48:569 PLSQL: INICIALIZADO PAQUETE DE LOG EL DIA 04-07-2022
02 11:41:48:589 Actualizado SID 141 SERIAL 34859 del proceso con PID 6752

00 16:28:21:865 Fichero de log cerrado.

00 16:28:33:302 Fichero de log abierto PID 17204

02 16:28:33:304 Intentando abrir fichero v10.ini
02 16:28:33:309 Cargando driver v10oracle funcion damedriveroracle
02 16:28:34:140 Conectado a base de datos
02 16:28:34:142 Proceso GRABAPEDIDOS encontrado en tabla VDPROCESOS
02 16:28:34:144 Proceso GRABAPEDIDOS cargado con función vdbuscapedorigst (Librería VDPEDIDOS.DLL) direccion 06529580
02 16:28:34:144 Proceso VALIDAPEDORIG encontrado en tabla VDPROCESOS
02 16:28:34:144 Proceso VALIDAPEDORIG cargado con función vdbuscapedorigst (Librería VDPEDIDOS.DLL) direccion 06529580
02 16:28:34:146 PLSQL: INICIALIZADO PAQUETE DE LOG EL DIA 04-07-2022
02 16:28:34:155 Actualizado SID 387 SERIAL 23738 del proceso con PID 17204

00 17:57:33:834 Fichero de log cerrado.

