00 09:17:44:845 Fichero de log abierto PID 9100

02 09:17:44:847 Intentando abrir fichero v10.ini
02 09:17:44:847 Cargando driver v10oracle funcion damedriveroracle
02 09:17:45:425 Conectado a base de datos
02 09:17:45:426 Proceso GRABAPEDIDOS encontrado en tabla VDPROCESOS
02 09:17:46:030 Proceso GRABAPEDIDOS cargado con función vdbuscapedorigst (Librería VDPEDIDOS.DLL) direccion 05229580
02 09:17:46:030 Proceso VALIDAPEDORIG encontrado en tabla VDPROCESOS
02 09:17:46:030 Proceso VALIDAPEDORIG cargado con función vdbuscapedorigst (Librería VDPEDIDOS.DLL) direccion 05229580
02 09:17:46:033 PLSQL: INICIALIZADO PAQUETE DE LOG EL DIA 28-06-2022
02 09:17:46:051 Actualizado SID 135 SERIAL 24233 del proceso con PID 9100

00 09:39:20:132 Fichero de log cerrado.

00 09:39:35:606 Fichero de log abierto PID 5788

02 09:39:35:665 Intentando abrir fichero v10.ini
02 09:39:35:671 Cargando driver v10oracle funcion damedriveroracle
02 09:39:36:365 Conectado a base de datos
02 09:39:36:366 Proceso GRABAPEDIDOS encontrado en tabla VDPROCESOS
02 09:39:36:367 Proceso GRABAPEDIDOS cargado con función vdbuscapedorigst (Librería VDPEDIDOS.DLL) direccion 05A09580
02 09:39:36:367 Proceso VALIDAPEDORIG encontrado en tabla VDPROCESOS
02 09:39:36:367 Proceso VALIDAPEDORIG cargado con función vdbuscapedorigst (Librería VDPEDIDOS.DLL) direccion 05A09580
02 09:39:36:369 PLSQL: INICIALIZADO PAQUETE DE LOG EL DIA 28-06-2022
02 09:39:36:378 Actualizado SID 624 SERIAL 60947 del proceso con PID 5788

00 12:12:08:735 Fichero de log cerrado.

00 12:12:22:250 Fichero de log abierto PID 1436

02 12:12:22:252 Intentando abrir fichero v10.ini
02 12:12:22:257 Cargando driver v10oracle funcion damedriveroracle
02 12:12:22:962 Conectado a base de datos
02 12:12:22:962 Proceso GRABAPEDIDOS encontrado en tabla VDPROCESOS
02 12:12:22:965 Proceso GRABAPEDIDOS cargado con función vdbuscapedorigst (Librería VDPEDIDOS.DLL) direccion 06739580
02 12:12:22:965 Proceso VALIDAPEDORIG encontrado en tabla VDPROCESOS
02 12:12:22:965 Proceso VALIDAPEDORIG cargado con función vdbuscapedorigst (Librería VDPEDIDOS.DLL) direccion 06739580
02 12:12:22:967 PLSQL: INICIALIZADO PAQUETE DE LOG EL DIA 28-06-2022
02 12:12:22:972 Actualizado SID 752 SERIAL 7320 del proceso con PID 1436

00 12:17:16:450 Fichero de log cerrado.

00 12:17:33:995 Fichero de log abierto PID 3400

02 12:17:33:997 Intentando abrir fichero v10.ini
02 12:17:34:005 Cargando driver v10oracle funcion damedriveroracle
02 12:17:34:732 Conectado a base de datos
02 12:17:34:734 Proceso GRABAPEDIDOS encontrado en tabla VDPROCESOS
02 12:17:34:735 Proceso GRABAPEDIDOS cargado con función vdbuscapedorigst (Librería VDPEDIDOS.DLL) direccion 06489580
02 12:17:34:735 Proceso VALIDAPEDORIG encontrado en tabla VDPROCESOS
02 12:17:34:735 Proceso VALIDAPEDORIG cargado con función vdbuscapedorigst (Librería VDPEDIDOS.DLL) direccion 06489580
02 12:17:34:737 PLSQL: INICIALIZADO PAQUETE DE LOG EL DIA 28-06-2022
02 12:17:34:745 Actualizado SID 631 SERIAL 20346 del proceso con PID 3400

00 12:42:30:060 Fichero de log cerrado.

00 12:42:45:975 Fichero de log abierto PID 3616

02 12:42:45:975 Intentando abrir fichero v10.ini
02 12:42:45:982 Cargando driver v10oracle funcion damedriveroracle
02 12:42:46:510 Conectado a base de datos
02 12:42:46:512 Proceso GRABAPEDIDOS encontrado en tabla VDPROCESOS
02 12:42:46:512 Proceso GRABAPEDIDOS cargado con función vdbuscapedorigst (Librería VDPEDIDOS.DLL) direccion 03989580
02 12:42:46:512 Proceso VALIDAPEDORIG encontrado en tabla VDPROCESOS
02 12:42:46:512 Proceso VALIDAPEDORIG cargado con función vdbuscapedorigst (Librería VDPEDIDOS.DLL) direccion 03989580
02 12:42:46:516 PLSQL: INICIALIZADO PAQUETE DE LOG EL DIA 28-06-2022
02 12:42:46:524 Actualizado SID 385 SERIAL 11611 del proceso con PID 3616

00 13:34:12:812 Fichero de log cerrado.

00 13:34:40:274 Fichero de log abierto PID 14764

02 13:34:40:275 Intentando abrir fichero v10.ini
02 13:34:40:282 Cargando driver v10oracle funcion damedriveroracle
02 13:34:40:954 Conectado a base de datos
02 13:34:40:955 Proceso GRABAPEDIDOS encontrado en tabla VDPROCESOS
02 13:34:40:955 Proceso GRABAPEDIDOS cargado con función vdbuscapedorigst (Librería VDPEDIDOS.DLL) direccion 05A79580
02 13:34:40:957 Proceso VALIDAPEDORIG encontrado en tabla VDPROCESOS
02 13:34:40:957 Proceso VALIDAPEDORIG cargado con función vdbuscapedorigst (Librería VDPEDIDOS.DLL) direccion 05A79580
02 13:34:40:959 PLSQL: INICIALIZADO PAQUETE DE LOG EL DIA 28-06-2022
02 13:34:40:990 Actualizado SID 7 SERIAL 47853 del proceso con PID 14764

00 13:35:55:744 Fichero de log cerrado.

00 13:36:00:160 Fichero de log abierto PID 4064

02 13:36:00:162 Intentando abrir fichero v10.ini
02 13:36:00:170 Cargando driver v10oracle funcion damedriveroracle
02 13:36:00:599 Conectado a base de datos
02 13:36:00:600 Proceso GRABAPEDIDOS encontrado en tabla VDPROCESOS
02 13:36:00:602 Proceso GRABAPEDIDOS cargado con función vdbuscapedorigst (Librería VDPEDIDOS.DLL) direccion 06769580
02 13:36:00:602 Proceso VALIDAPEDORIG encontrado en tabla VDPROCESOS
02 13:36:00:602 Proceso VALIDAPEDORIG cargado con función vdbuscapedorigst (Librería VDPEDIDOS.DLL) direccion 06769580
02 13:36:00:605 PLSQL: INICIALIZADO PAQUETE DE LOG EL DIA 28-06-2022
02 13:36:00:614 Actualizado SID 257 SERIAL 764 del proceso con PID 4064

00 13:36:42:905 Fichero de log cerrado.

00 13:44:14:650 Fichero de log abierto PID 6128

02 13:44:14:654 Intentando abrir fichero v10.ini
02 13:44:14:659 Cargando driver v10oracle funcion damedriveroracle
02 13:44:15:310 Conectado a base de datos
02 13:44:15:310 Proceso GRABAPEDIDOS encontrado en tabla VDPROCESOS
02 13:44:15:310 Proceso GRABAPEDIDOS cargado con función vdbuscapedorigst (Librería VDPEDIDOS.DLL) direccion 058D9580
02 13:44:15:310 Proceso VALIDAPEDORIG encontrado en tabla VDPROCESOS
02 13:44:15:310 Proceso VALIDAPEDORIG cargado con función vdbuscapedorigst (Librería VDPEDIDOS.DLL) direccion 058D9580
02 13:44:15:317 PLSQL: INICIALIZADO PAQUETE DE LOG EL DIA 28-06-2022
02 13:44:15:325 Actualizado SID 20 SERIAL 29975 del proceso con PID 6128

00 14:45:59:844 Fichero de log cerrado.

00 14:46:22:769 Fichero de log abierto PID 3028

02 14:46:22:772 Intentando abrir fichero v10.ini
02 14:46:22:777 Cargando driver v10oracle funcion damedriveroracle
02 14:46:23:280 Conectado a base de datos
02 14:46:23:282 Proceso GRABAPEDIDOS encontrado en tabla VDPROCESOS
02 14:46:23:285 Proceso GRABAPEDIDOS cargado con función vdbuscapedorigst (Librería VDPEDIDOS.DLL) direccion 05F09580
02 14:46:23:285 Proceso VALIDAPEDORIG encontrado en tabla VDPROCESOS
02 14:46:23:285 Proceso VALIDAPEDORIG cargado con función vdbuscapedorigst (Librería VDPEDIDOS.DLL) direccion 05F09580
02 14:46:23:286 PLSQL: INICIALIZADO PAQUETE DE LOG EL DIA 28-06-2022
02 14:46:23:299 Actualizado SID 747 SERIAL 38904 del proceso con PID 3028

00 17:58:49:099 Fichero de log cerrado.

