00 09:23:04:120 Fichero de log abierto PID 1876

02 09:23:04:122 Intentando abrir fichero v10.ini
02 09:23:04:127 Cargando driver v10oracle funcion damedriveroracle
02 09:23:04:795 Conectado a base de datos
02 09:23:04:797 Proceso GRABAPEDIDOS encontrado en tabla VDPROCESOS
02 09:23:05:642 Proceso GRABAPEDIDOS cargado con función vdbuscapedorigst (Librería VDPEDIDOS.DLL) direccion 06C69580
02 09:23:05:642 Proceso VALIDAPEDORIG encontrado en tabla VDPROCESOS
02 09:23:05:642 Proceso VALIDAPEDORIG cargado con función vdbuscapedorigst (Librería VDPEDIDOS.DLL) direccion 06C69580
02 09:23:05:645 PLSQL: INICIALIZADO PAQUETE DE LOG EL DIA 05-07-2022
02 09:23:05:673 Actualizado SID 10 SERIAL 43039 del proceso con PID 1876

00 13:36:35:289 Fichero de log cerrado.

00 13:36:39:412 Fichero de log abierto PID 16348

02 13:36:39:414 Intentando abrir fichero v10.ini
02 13:36:39:419 Cargando driver v10oracle funcion damedriveroracle
02 13:36:40:185 Conectado a base de datos
02 13:36:40:185 Proceso GRABAPEDIDOS encontrado en tabla VDPROCESOS
02 13:36:40:187 Proceso GRABAPEDIDOS cargado con función vdbuscapedorigst (Librería VDPEDIDOS.DLL) direccion 054E9580
02 13:36:40:187 Proceso VALIDAPEDORIG encontrado en tabla VDPROCESOS
02 13:36:40:187 Proceso VALIDAPEDORIG cargado con función vdbuscapedorigst (Librería VDPEDIDOS.DLL) direccion 054E9580
02 13:36:40:189 PLSQL: INICIALIZADO PAQUETE DE LOG EL DIA 05-07-2022
02 13:36:40:197 Actualizado SID 756 SERIAL 34853 del proceso con PID 16348

00 13:58:57:517 Fichero de log cerrado.

00 13:59:20:584 Fichero de log abierto PID 7616

02 13:59:20:585 Intentando abrir fichero v10.ini
02 13:59:20:592 Cargando driver v10oracle funcion damedriveroracle
02 13:59:21:112 Conectado a base de datos
02 13:59:21:114 Proceso GRABAPEDIDOS encontrado en tabla VDPROCESOS
02 13:59:21:115 Proceso GRABAPEDIDOS cargado con función vdbuscapedorigst (Librería VDPEDIDOS.DLL) direccion 05D69580
02 13:59:21:115 Proceso VALIDAPEDORIG encontrado en tabla VDPROCESOS
02 13:59:21:115 Proceso VALIDAPEDORIG cargado con función vdbuscapedorigst (Librería VDPEDIDOS.DLL) direccion 05D69580
02 13:59:21:116 PLSQL: INICIALIZADO PAQUETE DE LOG EL DIA 05-07-2022
02 13:59:21:125 Actualizado SID 136 SERIAL 17162 del proceso con PID 7616

00 14:52:23:034 Fichero de log cerrado.

00 14:52:50:287 Fichero de log abierto PID 3076

02 14:52:50:287 Intentando abrir fichero v10.ini
02 14:52:50:294 Cargando driver v10oracle funcion damedriveroracle
02 14:52:51:027 Conectado a base de datos
02 14:52:51:030 Proceso GRABAPEDIDOS encontrado en tabla VDPROCESOS
02 14:52:51:030 Proceso GRABAPEDIDOS cargado con función vdbuscapedorigst (Librería VDPEDIDOS.DLL) direccion 05F99580
02 14:52:51:032 Proceso VALIDAPEDORIG encontrado en tabla VDPROCESOS
02 14:52:51:032 Proceso VALIDAPEDORIG cargado con función vdbuscapedorigst (Librería VDPEDIDOS.DLL) direccion 05F99580
02 14:52:51:034 PLSQL: INICIALIZADO PAQUETE DE LOG EL DIA 05-07-2022
02 14:52:51:042 Actualizado SID 384 SERIAL 27491 del proceso con PID 3076

00 14:54:38:089 Fichero de log cerrado.

00 14:54:42:980 Fichero de log abierto PID 2892

02 14:54:42:982 Intentando abrir fichero v10.ini
02 14:54:42:987 Cargando driver v10oracle funcion damedriveroracle
02 14:54:43:704 Conectado a base de datos
02 14:54:43:705 Proceso GRABAPEDIDOS encontrado en tabla VDPROCESOS
02 14:54:43:707 Proceso GRABAPEDIDOS cargado con función vdbuscapedorigst (Librería VDPEDIDOS.DLL) direccion 063D9580
02 14:54:43:707 Proceso VALIDAPEDORIG encontrado en tabla VDPROCESOS
02 14:54:43:707 Proceso VALIDAPEDORIG cargado con función vdbuscapedorigst (Librería VDPEDIDOS.DLL) direccion 063D9580
02 14:54:43:709 PLSQL: INICIALIZADO PAQUETE DE LOG EL DIA 05-07-2022
02 14:54:43:717 Actualizado SID 753 SERIAL 57015 del proceso con PID 2892

00 17:55:06:127 Fichero de log cerrado.

