00 09:08:33:188 Fichero de log abierto PID 6380

02 09:08:33:190 Intentando abrir fichero v10.ini
02 09:08:33:196 Cargando driver v10oracle funcion damedriveroracle
02 09:08:33:995 Conectado a base de datos
02 09:08:33:996 Proceso GRABAPEDIDOS encontrado en tabla VDPROCESOS
02 09:08:33:997 Proceso GRABAPEDIDOS cargado con función vdbuscapedorigst (Librería VDPEDIDOS.DLL) direccion 06699580
02 09:08:33:997 Proceso VALIDAPEDORIG encontrado en tabla VDPROCESOS
02 09:08:33:997 Proceso VALIDAPEDORIG cargado con función vdbuscapedorigst (Librería VDPEDIDOS.DLL) direccion 06699580
02 09:08:34:000 PLSQL: INICIALIZADO PAQUETE DE LOG EL DIA 01-04-2022
02 09:08:34:008 Actualizado SID 633 SERIAL 45812 del proceso con PID 6380

00 10:41:41:278 Fichero de log cerrado.

00 10:42:00:850 Fichero de log abierto PID 12928

02 10:42:00:852 Intentando abrir fichero v10.ini
02 10:42:00:857 Cargando driver v10oracle funcion damedriveroracle
02 10:42:01:592 Conectado a base de datos
02 10:42:01:593 Proceso GRABAPEDIDOS encontrado en tabla VDPROCESOS
02 10:42:01:595 Proceso GRABAPEDIDOS cargado con función vdbuscapedorigst (Librería VDPEDIDOS.DLL) direccion 06469580
02 10:42:01:596 Proceso VALIDAPEDORIG encontrado en tabla VDPROCESOS
02 10:42:01:596 Proceso VALIDAPEDORIG cargado con función vdbuscapedorigst (Librería VDPEDIDOS.DLL) direccion 06469580
02 10:42:01:598 PLSQL: INICIALIZADO PAQUETE DE LOG EL DIA 01-04-2022
02 10:42:01:610 Actualizado SID 381 SERIAL 24605 del proceso con PID 12928

00 12:15:10:342 Fichero de log cerrado.

00 12:15:18:962 Fichero de log abierto PID 15220

02 12:15:18:965 Intentando abrir fichero v10.ini
02 12:15:18:972 Cargando driver v10oracle funcion damedriveroracle
02 12:15:19:402 Conectado a base de datos
02 12:15:19:405 Proceso GRABAPEDIDOS encontrado en tabla VDPROCESOS
02 12:15:19:407 Proceso GRABAPEDIDOS cargado con función vdbuscapedorigst (Librería VDPEDIDOS.DLL) direccion 04699580
02 12:15:19:407 Proceso VALIDAPEDORIG encontrado en tabla VDPROCESOS
02 12:15:19:407 Proceso VALIDAPEDORIG cargado con función vdbuscapedorigst (Librería VDPEDIDOS.DLL) direccion 04699580
02 12:15:19:411 PLSQL: INICIALIZADO PAQUETE DE LOG EL DIA 01-04-2022
02 12:15:19:424 Actualizado SID 260 SERIAL 58284 del proceso con PID 15220

00 13:10:54:649 Fichero de log cerrado.

00 13:11:07:380 Fichero de log abierto PID 15588

02 13:11:07:382 Intentando abrir fichero v10.ini
02 13:11:07:390 Cargando driver v10oracle funcion damedriveroracle
02 13:11:08:000 Conectado a base de datos
02 13:11:08:015 Proceso GRABAPEDIDOS encontrado en tabla VDPROCESOS
02 13:11:08:017 Proceso GRABAPEDIDOS cargado con función vdbuscapedorigst (Librería VDPEDIDOS.DLL) direccion 03C69580
02 13:11:08:017 Proceso VALIDAPEDORIG encontrado en tabla VDPROCESOS
02 13:11:08:017 Proceso VALIDAPEDORIG cargado con función vdbuscapedorigst (Librería VDPEDIDOS.DLL) direccion 03C69580
02 13:11:08:019 PLSQL: INICIALIZADO PAQUETE DE LOG EL DIA 01-04-2022
02 13:11:08:029 Actualizado SID 8 SERIAL 50048 del proceso con PID 15588

00 13:31:06:365 Fichero de log cerrado.

00 13:31:13:604 Fichero de log abierto PID 3888

02 13:31:13:605 Intentando abrir fichero v10.ini
02 13:31:13:612 Cargando driver v10oracle funcion damedriveroracle
02 13:31:14:360 Conectado a base de datos
02 13:31:14:362 Proceso GRABAPEDIDOS encontrado en tabla VDPROCESOS
02 13:31:14:364 Proceso GRABAPEDIDOS cargado con función vdbuscapedorigst (Librería VDPEDIDOS.DLL) direccion 05E39580
02 13:31:14:364 Proceso VALIDAPEDORIG encontrado en tabla VDPROCESOS
02 13:31:14:364 Proceso VALIDAPEDORIG cargado con función vdbuscapedorigst (Librería VDPEDIDOS.DLL) direccion 05E39580
02 13:31:14:367 PLSQL: INICIALIZADO PAQUETE DE LOG EL DIA 01-04-2022
02 13:31:14:379 Actualizado SID 634 SERIAL 3640 del proceso con PID 3888

00 13:39:34:107 Fichero de log cerrado.

00 13:39:48:432 Fichero de log abierto PID 4064

02 13:39:48:432 Intentando abrir fichero v10.ini
02 13:39:48:440 Cargando driver v10oracle funcion damedriveroracle
02 13:39:49:267 Conectado a base de datos
02 13:39:49:269 Proceso GRABAPEDIDOS encontrado en tabla VDPROCESOS
02 13:39:49:270 Proceso GRABAPEDIDOS cargado con función vdbuscapedorigst (Librería VDPEDIDOS.DLL) direccion 03799580
02 13:39:49:270 Proceso VALIDAPEDORIG encontrado en tabla VDPROCESOS
02 13:39:49:270 Proceso VALIDAPEDORIG cargado con función vdbuscapedorigst (Librería VDPEDIDOS.DLL) direccion 03799580
02 13:39:49:273 PLSQL: INICIALIZADO PAQUETE DE LOG EL DIA 01-04-2022
02 13:39:49:282 Actualizado SID 870 SERIAL 63647 del proceso con PID 4064

00 13:41:22:215 Fichero de log cerrado.

00 13:41:29:074 Fichero de log abierto PID 9008

02 13:41:29:075 Intentando abrir fichero v10.ini
02 13:41:29:080 Cargando driver v10oracle funcion damedriveroracle
02 13:41:29:672 Conectado a base de datos
02 13:41:29:674 Proceso GRABAPEDIDOS encontrado en tabla VDPROCESOS
02 13:41:29:675 Proceso GRABAPEDIDOS cargado con función vdbuscapedorigst (Librería VDPEDIDOS.DLL) direccion 06D89580
02 13:41:29:675 Proceso VALIDAPEDORIG encontrado en tabla VDPROCESOS
02 13:41:29:675 Proceso VALIDAPEDORIG cargado con función vdbuscapedorigst (Librería VDPEDIDOS.DLL) direccion 06D89580
02 13:41:29:678 PLSQL: INICIALIZADO PAQUETE DE LOG EL DIA 01-04-2022
02 13:41:29:687 Actualizado SID 389 SERIAL 29300 del proceso con PID 9008

00 13:58:39:755 Fichero de log cerrado.

