00 11:54:47:537 Fichero de log abierto PID 3632

02 11:54:47:537 Intentando abrir fichero v10.ini
02 11:54:47:544 Cargando driver v10oracle funcion damedriveroracle
02 11:54:48:160 Conectado a base de datos
02 11:54:48:160 Proceso GRABAPEDIDOS encontrado en tabla VDPROCESOS
02 11:54:48:312 Proceso GRABAPEDIDOS cargado con función vdbuscapedorigst (Librería VDPEDIDOS.DLL) direccion 063D9580
02 11:54:48:312 Proceso VALIDAPEDORIG encontrado en tabla VDPROCESOS
02 11:54:48:312 Proceso VALIDAPEDORIG cargado con función vdbuscapedorigst (Librería VDPEDIDOS.DLL) direccion 063D9580
02 11:54:48:317 PLSQL: INICIALIZADO PAQUETE DE LOG EL DIA 30-06-2022
02 11:54:48:337 Actualizado SID 625 SERIAL 34615 del proceso con PID 3632

00 12:04:30:242 Fichero de log cerrado.

00 12:04:43:195 Fichero de log abierto PID 15812

02 12:04:43:197 Intentando abrir fichero v10.ini
02 12:04:43:205 Cargando driver v10oracle funcion damedriveroracle
02 12:04:43:595 Conectado a base de datos
02 12:04:43:597 Proceso GRABAPEDIDOS encontrado en tabla VDPROCESOS
02 12:04:43:599 Proceso GRABAPEDIDOS cargado con función vdbuscapedorigst (Librería VDPEDIDOS.DLL) direccion 06569580
02 12:04:43:600 Proceso VALIDAPEDORIG encontrado en tabla VDPROCESOS
02 12:04:43:600 Proceso VALIDAPEDORIG cargado con función vdbuscapedorigst (Librería VDPEDIDOS.DLL) direccion 06569580
02 12:04:43:601 PLSQL: INICIALIZADO PAQUETE DE LOG EL DIA 30-06-2022
02 12:04:43:610 Actualizado SID 387 SERIAL 36106 del proceso con PID 15812

00 12:05:30:429 Fichero de log cerrado.

00 12:07:06:542 Fichero de log abierto PID 10748

02 12:07:06:545 Intentando abrir fichero v10.ini
02 12:07:06:555 Cargando driver v10oracle funcion damedriveroracle
02 12:07:07:157 Conectado a base de datos
02 12:07:07:159 Proceso GRABAPEDIDOS encontrado en tabla VDPROCESOS
02 12:07:07:160 Proceso GRABAPEDIDOS cargado con función vdbuscapedorigst (Librería VDPEDIDOS.DLL) direccion 06159580
02 12:07:07:160 Proceso VALIDAPEDORIG encontrado en tabla VDPROCESOS
02 12:07:07:160 Proceso VALIDAPEDORIG cargado con función vdbuscapedorigst (Librería VDPEDIDOS.DLL) direccion 06159580
02 12:07:07:162 PLSQL: INICIALIZADO PAQUETE DE LOG EL DIA 30-06-2022
02 12:07:07:172 Actualizado SID 501 SERIAL 17148 del proceso con PID 10748

00 13:58:50:710 Fichero de log cerrado.

00 13:59:07:615 Fichero de log abierto PID 4960

02 13:59:07:617 Intentando abrir fichero v10.ini
02 13:59:07:622 Cargando driver v10oracle funcion damedriveroracle
02 13:59:08:439 Conectado a base de datos
02 13:59:08:440 Proceso GRABAPEDIDOS encontrado en tabla VDPROCESOS
02 13:59:08:442 Proceso GRABAPEDIDOS cargado con función vdbuscapedorigst (Librería VDPEDIDOS.DLL) direccion 06DF9580
02 13:59:08:442 Proceso VALIDAPEDORIG encontrado en tabla VDPROCESOS
02 13:59:08:442 Proceso VALIDAPEDORIG cargado con función vdbuscapedorigst (Librería VDPEDIDOS.DLL) direccion 06DF9580
02 13:59:08:444 PLSQL: INICIALIZADO PAQUETE DE LOG EL DIA 30-06-2022
02 13:59:08:455 Actualizado SID 387 SERIAL 17305 del proceso con PID 4960

00 17:31:35:285 Fichero de log cerrado.

00 17:31:48:444 Fichero de log abierto PID 604

02 17:31:48:445 Intentando abrir fichero v10.ini
02 17:31:48:450 Cargando driver v10oracle funcion damedriveroracle
02 17:31:49:077 Conectado a base de datos
02 17:31:49:077 Proceso GRABAPEDIDOS encontrado en tabla VDPROCESOS
02 17:31:49:080 Proceso GRABAPEDIDOS cargado con función vdbuscapedorigst (Librería VDPEDIDOS.DLL) direccion 05EA9580
02 17:31:49:080 Proceso VALIDAPEDORIG encontrado en tabla VDPROCESOS
02 17:31:49:080 Proceso VALIDAPEDORIG cargado con función vdbuscapedorigst (Librería VDPEDIDOS.DLL) direccion 05EA9580
02 17:31:49:081 PLSQL: INICIALIZADO PAQUETE DE LOG EL DIA 30-06-2022
02 17:31:49:090 Actualizado SID 379 SERIAL 64390 del proceso con PID 604

00 17:46:21:449 Fichero de log cerrado.

00 17:46:33:970 Fichero de log abierto PID 4324

02 17:46:33:972 Intentando abrir fichero v10.ini
02 17:46:33:977 Cargando driver v10oracle funcion damedriveroracle
02 17:46:34:540 Conectado a base de datos
02 17:46:34:542 Proceso GRABAPEDIDOS encontrado en tabla VDPROCESOS
02 17:46:34:544 Proceso GRABAPEDIDOS cargado con función vdbuscapedorigst (Librería VDPEDIDOS.DLL) direccion 06EB9580
02 17:46:34:544 Proceso VALIDAPEDORIG encontrado en tabla VDPROCESOS
02 17:46:34:544 Proceso VALIDAPEDORIG cargado con función vdbuscapedorigst (Librería VDPEDIDOS.DLL) direccion 06EB9580
02 17:46:34:544 PLSQL: INICIALIZADO PAQUETE DE LOG EL DIA 30-06-2022
02 17:46:34:555 Actualizado SID 379 SERIAL 3738 del proceso con PID 4324

00 17:49:57:507 Fichero de log cerrado.

00 17:51:15:107 Fichero de log abierto PID 10128

02 17:51:15:107 Intentando abrir fichero v10.ini
02 17:51:15:112 Cargando driver v10oracle funcion damedriveroracle
02 17:51:15:877 Conectado a base de datos
02 17:51:15:879 Proceso GRABAPEDIDOS encontrado en tabla VDPROCESOS
02 17:51:15:880 Proceso GRABAPEDIDOS cargado con función vdbuscapedorigst (Librería VDPEDIDOS.DLL) direccion 05B89580
02 17:51:15:880 Proceso VALIDAPEDORIG encontrado en tabla VDPROCESOS
02 17:51:15:880 Proceso VALIDAPEDORIG cargado con función vdbuscapedorigst (Librería VDPEDIDOS.DLL) direccion 05B89580
02 17:51:15:885 PLSQL: INICIALIZADO PAQUETE DE LOG EL DIA 30-06-2022
02 17:51:15:894 Actualizado SID 10 SERIAL 7020 del proceso con PID 10128

00 17:52:14:372 Fichero de log cerrado.

