00 09:04:44:806 Fichero de log abierto PID 9168

02 09:04:44:807 Intentando abrir fichero v10.ini
02 09:04:44:811 Cargando driver v10oracle funcion damedriveroracle
02 09:04:45:573 Conectado a base de datos
02 09:04:45:573 Proceso GRABAPEDIDOS encontrado en tabla VDPROCESOS
02 09:04:45:577 Proceso GRABAPEDIDOS cargado con función vdbuscapedorigst (Librería VDPEDIDOS.DLL) direccion 03A49580
02 09:04:45:577 Proceso VALIDAPEDORIG encontrado en tabla VDPROCESOS
02 09:04:45:577 Proceso VALIDAPEDORIG cargado con función vdbuscapedorigst (Librería VDPEDIDOS.DLL) direccion 03A49580
02 09:04:45:603 PLSQL: INICIALIZADO PAQUETE DE LOG EL DIA 25-03-2022
02 09:04:45:615 Actualizado SID 874 SERIAL 31314 del proceso con PID 9168

00 09:37:54:927 Fichero de log cerrado.

00 09:38:20:078 Fichero de log abierto PID 1432

02 09:38:20:080 Intentando abrir fichero v10.ini
02 09:38:20:087 Cargando driver v10oracle funcion damedriveroracle
02 09:38:20:882 Conectado a base de datos
02 09:38:20:883 Proceso GRABAPEDIDOS encontrado en tabla VDPROCESOS
02 09:38:20:886 Proceso GRABAPEDIDOS cargado con función vdbuscapedorigst (Librería VDPEDIDOS.DLL) direccion 03E69580
02 09:38:20:886 Proceso VALIDAPEDORIG encontrado en tabla VDPROCESOS
02 09:38:20:886 Proceso VALIDAPEDORIG cargado con función vdbuscapedorigst (Librería VDPEDIDOS.DLL) direccion 03E69580
02 09:38:20:888 PLSQL: INICIALIZADO PAQUETE DE LOG EL DIA 25-03-2022
02 09:38:20:898 Actualizado SID 259 SERIAL 1917 del proceso con PID 1432

00 12:57:00:262 Fichero de log cerrado.

00 12:57:20:564 Fichero de log abierto PID 14716

02 12:57:20:565 Intentando abrir fichero v10.ini
02 12:57:20:572 Cargando driver v10oracle funcion damedriveroracle
02 12:57:21:340 Conectado a base de datos
02 12:57:21:342 Proceso GRABAPEDIDOS encontrado en tabla VDPROCESOS
02 12:57:21:344 Proceso GRABAPEDIDOS cargado con función vdbuscapedorigst (Librería VDPEDIDOS.DLL) direccion 05E09580
02 12:57:21:344 Proceso VALIDAPEDORIG encontrado en tabla VDPROCESOS
02 12:57:21:344 Proceso VALIDAPEDORIG cargado con función vdbuscapedorigst (Librería VDPEDIDOS.DLL) direccion 05E09580
02 12:57:21:346 PLSQL: INICIALIZADO PAQUETE DE LOG EL DIA 25-03-2022
02 12:57:21:355 Actualizado SID 874 SERIAL 39700 del proceso con PID 14716

00 13:58:46:914 Fichero de log cerrado.

