00 09:05:28:067 Fichero de log abierto PID 15808

02 09:05:28:071 Intentando abrir fichero v10.ini
02 09:05:28:077 Cargando driver v10oracle funcion damedriveroracle
02 09:05:29:103 Conectado a base de datos
02 09:05:29:106 Proceso GRABAPEDIDOS encontrado en tabla VDPROCESOS
02 09:05:29:107 Proceso GRABAPEDIDOS cargado con función vdbuscapedorigst (Librería VDPEDIDOS.DLL) direccion 03AA9580
02 09:05:29:107 Proceso VALIDAPEDORIG encontrado en tabla VDPROCESOS
02 09:05:29:107 Proceso VALIDAPEDORIG cargado con función vdbuscapedorigst (Librería VDPEDIDOS.DLL) direccion 03AA9580
02 09:05:29:109 PLSQL: INICIALIZADO PAQUETE DE LOG EL DIA 21-03-2022
02 09:05:29:118 Actualizado SID 386 SERIAL 30193 del proceso con PID 15808

00 17:53:19:350 Fichero de log cerrado.

00 17:53:20:462 Fichero de log abierto PID 16168

02 17:53:20:467 Intentando abrir fichero v10.ini
02 17:53:20:482 Cargando driver v10oracle funcion damedriveroracle
02 17:53:22:274 Conectado a base de datos
02 17:53:22:277 Proceso GRABAPEDIDOS encontrado en tabla VDPROCESOS
02 17:53:22:280 Proceso GRABAPEDIDOS cargado con función vdbuscapedorigst (Librería VDPEDIDOS.DLL) direccion 03969580
02 17:53:22:282 Proceso VALIDAPEDORIG encontrado en tabla VDPROCESOS
02 17:53:22:282 Proceso VALIDAPEDORIG cargado con función vdbuscapedorigst (Librería VDPEDIDOS.DLL) direccion 03969580
02 17:53:22:286 PLSQL: INICIALIZADO PAQUETE DE LOG EL DIA 21-03-2022
02 17:53:22:307 Actualizado SID 631 SERIAL 12949 del proceso con PID 16168

00 17:53:25:012 Fichero de log cerrado.

