00 09:14:07:088 Fichero de log abierto PID 13184

02 09:14:07:090 Intentando abrir fichero v10.ini
02 09:14:07:095 Cargando driver v10oracle funcion damedriveroracle
02 09:14:07:757 Conectado a base de datos
02 09:14:07:757 Proceso GRABAPEDIDOS encontrado en tabla VDPROCESOS
02 09:14:09:120 Proceso GRABAPEDIDOS cargado con función vdbuscapedorigst (Librería VDPEDIDOS.DLL) direccion 06139580
02 09:14:09:120 Proceso VALIDAPEDORIG encontrado en tabla VDPROCESOS
02 09:14:09:120 Proceso VALIDAPEDORIG cargado con función vdbuscapedorigst (Librería VDPEDIDOS.DLL) direccion 06139580
02 09:14:09:123 PLSQL: INICIALIZADO PAQUETE DE LOG EL DIA 29-06-2022
02 09:14:09:145 Actualizado SID 503 SERIAL 29985 del proceso con PID 13184

00 11:17:59:493 Fichero de log cerrado.

00 11:18:11:452 Fichero de log abierto PID 15912

02 11:18:11:453 Intentando abrir fichero v10.ini
02 11:18:11:458 Cargando driver v10oracle funcion damedriveroracle
02 11:18:12:227 Conectado a base de datos
02 11:18:12:230 Proceso GRABAPEDIDOS encontrado en tabla VDPROCESOS
02 11:18:12:231 Proceso GRABAPEDIDOS cargado con función vdbuscapedorigst (Librería VDPEDIDOS.DLL) direccion 03999580
02 11:18:12:231 Proceso VALIDAPEDORIG encontrado en tabla VDPROCESOS
02 11:18:12:231 Proceso VALIDAPEDORIG cargado con función vdbuscapedorigst (Librería VDPEDIDOS.DLL) direccion 03999580
02 11:18:12:233 PLSQL: INICIALIZADO PAQUETE DE LOG EL DIA 29-06-2022
02 11:18:12:241 Actualizado SID 20 SERIAL 3122 del proceso con PID 15912

00 11:42:13:490 Fichero de log cerrado.

00 13:46:18:884 Fichero de log abierto PID 16088

02 13:46:18:885 Intentando abrir fichero v10.ini
02 13:46:18:890 Cargando driver v10oracle funcion damedriveroracle
02 13:46:19:530 Conectado a base de datos
02 13:46:19:532 Proceso GRABAPEDIDOS encontrado en tabla VDPROCESOS
02 13:46:19:534 Proceso GRABAPEDIDOS cargado con función vdbuscapedorigst (Librería VDPEDIDOS.DLL) direccion 02969580
02 13:46:19:534 Proceso VALIDAPEDORIG encontrado en tabla VDPROCESOS
02 13:46:19:534 Proceso VALIDAPEDORIG cargado con función vdbuscapedorigst (Librería VDPEDIDOS.DLL) direccion 02969580
02 13:46:19:536 PLSQL: INICIALIZADO PAQUETE DE LOG EL DIA 29-06-2022
02 13:46:19:545 Actualizado SID 131 SERIAL 10359 del proceso con PID 16088

00 13:50:10:250 Fichero de log cerrado.

00 17:03:13:490 Fichero de log abierto PID 9404

02 17:03:13:539 Intentando abrir fichero v10.ini
02 17:03:13:547 Cargando driver v10oracle funcion damedriveroracle
02 17:03:14:150 Conectado a base de datos
02 17:03:14:152 Proceso GRABAPEDIDOS encontrado en tabla VDPROCESOS
02 17:03:14:152 Proceso GRABAPEDIDOS cargado con función vdbuscapedorigst (Librería VDPEDIDOS.DLL) direccion 06969580
02 17:03:14:152 Proceso VALIDAPEDORIG encontrado en tabla VDPROCESOS
02 17:03:14:152 Proceso VALIDAPEDORIG cargado con función vdbuscapedorigst (Librería VDPEDIDOS.DLL) direccion 06969580
02 17:03:14:156 PLSQL: INICIALIZADO PAQUETE DE LOG EL DIA 29-06-2022
02 17:03:14:164 Actualizado SID 12 SERIAL 64835 del proceso con PID 9404

00 17:57:09:029 Fichero de log cerrado.

