00 09:03:10:040 Fichero de log abierto PID 7568

02 09:03:10:042 Intentando abrir fichero v10.ini
02 09:03:10:048 Cargando driver v10oracle funcion damedriveroracle
02 09:03:10:702 Conectado a base de datos
02 09:03:10:705 Proceso GRABAPEDIDOS encontrado en tabla VDPROCESOS
02 09:03:10:706 Proceso GRABAPEDIDOS cargado con función vdbuscapedorigst (Librería VDPEDIDOS.DLL) direccion 06A79580
02 09:03:10:706 Proceso VALIDAPEDORIG encontrado en tabla VDPROCESOS
02 09:03:10:707 Proceso VALIDAPEDORIG cargado con función vdbuscapedorigst (Librería VDPEDIDOS.DLL) direccion 06A79580
02 09:03:10:708 PLSQL: INICIALIZADO PAQUETE DE LOG EL DIA 18-03-2022
02 09:03:10:717 Actualizado SID 141 SERIAL 55471 del proceso con PID 7568

00 13:58:12:302 Fichero de log cerrado.

00 13:58:12:927 Fichero de log abierto PID 5892

02 13:58:12:944 Intentando abrir fichero v10.ini
02 13:58:12:950 Cargando driver v10oracle funcion damedriveroracle
02 13:58:13:477 Conectado a base de datos
02 13:58:13:479 Proceso GRABAPEDIDOS encontrado en tabla VDPROCESOS
02 13:58:13:480 Proceso GRABAPEDIDOS cargado con función vdbuscapedorigst (Librería VDPEDIDOS.DLL) direccion 05EB9580
02 13:58:13:480 Proceso VALIDAPEDORIG encontrado en tabla VDPROCESOS
02 13:58:13:480 Proceso VALIDAPEDORIG cargado con función vdbuscapedorigst (Librería VDPEDIDOS.DLL) direccion 05EB9580
02 13:58:13:483 PLSQL: INICIALIZADO PAQUETE DE LOG EL DIA 18-03-2022
02 13:58:13:492 Actualizado SID 379 SERIAL 36174 del proceso con PID 5892

00 13:59:55:957 Fichero de log cerrado.

