00 09:07:46:013 Fichero de log abierto PID 7680

02 09:07:46:017 Intentando abrir fichero v10.ini
02 09:07:46:022 Cargando driver v10oracle funcion damedriveroracle
02 09:07:46:567 Conectado a base de datos
02 09:07:46:570 Proceso GRABAPEDIDOS encontrado en tabla VDPROCESOS
02 09:07:46:578 Proceso GRABAPEDIDOS cargado con función vdbuscapedorigst (Librería VDPEDIDOS.DLL) direccion 05F89580
02 09:07:46:578 Proceso VALIDAPEDORIG encontrado en tabla VDPROCESOS
02 09:07:46:578 Proceso VALIDAPEDORIG cargado con función vdbuscapedorigst (Librería VDPEDIDOS.DLL) direccion 05F89580
02 09:07:46:581 PLSQL: INICIALIZADO PAQUETE DE LOG EL DIA 22-03-2022
02 09:07:46:593 Actualizado SID 7 SERIAL 10527 del proceso con PID 7680

00 17:07:22:545 Fichero de log cerrado.

00 17:07:34:659 Fichero de log abierto PID 1072

02 17:07:34:660 Intentando abrir fichero v10.ini
02 17:07:34:667 Cargando driver v10oracle funcion damedriveroracle
02 17:07:35:105 Conectado a base de datos
02 17:07:35:107 Proceso GRABAPEDIDOS encontrado en tabla VDPROCESOS
02 17:07:35:109 Proceso GRABAPEDIDOS cargado con función vdbuscapedorigst (Librería VDPEDIDOS.DLL) direccion 05E19580
02 17:07:35:109 Proceso VALIDAPEDORIG encontrado en tabla VDPROCESOS
02 17:07:35:109 Proceso VALIDAPEDORIG cargado con función vdbuscapedorigst (Librería VDPEDIDOS.DLL) direccion 05E19580
02 17:07:35:111 PLSQL: INICIALIZADO PAQUETE DE LOG EL DIA 22-03-2022
02 17:07:35:120 Actualizado SID 264 SERIAL 26343 del proceso con PID 1072

00 17:12:06:680 Fichero de log cerrado.

00 17:12:11:310 Fichero de log abierto PID 5920

02 17:12:11:312 Intentando abrir fichero v10.ini
02 17:12:11:320 Cargando driver v10oracle funcion damedriveroracle
02 17:12:12:217 Conectado a base de datos
02 17:12:12:220 Proceso GRABAPEDIDOS encontrado en tabla VDPROCESOS
02 17:12:12:220 Proceso GRABAPEDIDOS cargado con función vdbuscapedorigst (Librería VDPEDIDOS.DLL) direccion 065C9580
02 17:12:12:222 Proceso VALIDAPEDORIG encontrado en tabla VDPROCESOS
02 17:12:12:222 Proceso VALIDAPEDORIG cargado con función vdbuscapedorigst (Librería VDPEDIDOS.DLL) direccion 065C9580
02 17:12:12:223 PLSQL: INICIALIZADO PAQUETE DE LOG EL DIA 22-03-2022
02 17:12:12:234 Actualizado SID 7 SERIAL 18644 del proceso con PID 5920

00 17:58:54:109 Fichero de log cerrado.

