00 14:47:32:150 Fichero de log abierto PID 10520

02 14:47:32:150 Intentando abrir fichero v10.ini
02 14:47:32:160 Cargando driver v10oracle funcion damedriveroracle
02 14:47:32:827 Conectado a base de datos
02 14:47:32:835 Proceso GRABAPEDIDOS encontrado en tabla VDPROCESOS
02 14:47:32:835 Proceso GRABAPEDIDOS cargado con función vdbuscapedorigst (Librería VDPEDIDOS.DLL) direccion 06669580
02 14:47:32:835 Proceso VALIDAPEDORIG encontrado en tabla VDPROCESOS
02 14:47:32:837 Proceso VALIDAPEDORIG cargado con función vdbuscapedorigst (Librería VDPEDIDOS.DLL) direccion 06669580
02 14:47:32:837 PLSQL: INICIALIZADO PAQUETE DE LOG EL DIA 23-06-2022
02 14:47:32:847 Actualizado SID 635 SERIAL 53451 del proceso con PID 10520
00 16:16:47:450 Programa finaliza por Error Oracle Fatal 3135 en cursor
	SELPROVDPROCESOS

00 16:16:47:810 Fichero de log cerrado.

00 16:19:02:787 Fichero de log abierto PID 12164

02 16:19:02:790 Intentando abrir fichero v10.ini
02 16:19:02:792 Cargando driver v10oracle funcion damedriveroracle
02 16:19:03:122 Conectado a base de datos
02 16:19:03:125 Proceso GRABAPEDIDOS encontrado en tabla VDPROCESOS
02 16:19:03:125 Proceso GRABAPEDIDOS cargado con función vdbuscapedorigst (Librería VDPEDIDOS.DLL) direccion 06C79580
02 16:19:03:125 Proceso VALIDAPEDORIG encontrado en tabla VDPROCESOS
02 16:19:03:125 Proceso VALIDAPEDORIG cargado con función vdbuscapedorigst (Librería VDPEDIDOS.DLL) direccion 06C79580
02 16:19:03:128 PLSQL: INICIALIZADO PAQUETE DE LOG EL DIA 23-06-2022
02 16:19:03:139 Actualizado SID 143 SERIAL 24418 del proceso con PID 12164

00 16:36:14:770 Fichero de log cerrado.

00 16:37:29:927 Fichero de log abierto PID 9256

02 16:37:29:930 Intentando abrir fichero v10.ini
02 16:37:29:932 Cargando driver v10oracle funcion damedriveroracle
02 16:37:30:577 Conectado a base de datos
02 16:37:30:579 Proceso GRABAPEDIDOS encontrado en tabla VDPROCESOS
02 16:37:30:580 Proceso GRABAPEDIDOS cargado con función vdbuscapedorigst (Librería VDPEDIDOS.DLL) direccion 07009580
02 16:37:30:580 Proceso VALIDAPEDORIG encontrado en tabla VDPROCESOS
02 16:37:30:580 Proceso VALIDAPEDORIG cargado con función vdbuscapedorigst (Librería VDPEDIDOS.DLL) direccion 07009580
02 16:37:30:582 PLSQL: INICIALIZADO PAQUETE DE LOG EL DIA 23-06-2022
02 16:37:30:590 Actualizado SID 510 SERIAL 2947 del proceso con PID 9256

00 16:52:15:362 Fichero de log cerrado.

00 16:52:30:015 Fichero de log abierto PID 11672

02 16:52:30:015 Intentando abrir fichero v10.ini
02 16:52:30:020 Cargando driver v10oracle funcion damedriveroracle
02 16:52:30:710 Conectado a base de datos
02 16:52:30:712 Proceso GRABAPEDIDOS encontrado en tabla VDPROCESOS
02 16:52:30:715 Proceso GRABAPEDIDOS cargado con función vdbuscapedorigst (Librería VDPEDIDOS.DLL) direccion 04419580
02 16:52:30:715 Proceso VALIDAPEDORIG encontrado en tabla VDPROCESOS
02 16:52:30:715 Proceso VALIDAPEDORIG cargado con función vdbuscapedorigst (Librería VDPEDIDOS.DLL) direccion 04419580
02 16:52:30:717 PLSQL: INICIALIZADO PAQUETE DE LOG EL DIA 23-06-2022
02 16:52:30:725 Actualizado SID 755 SERIAL 10650 del proceso con PID 11672

00 17:06:53:509 Fichero de log cerrado.

00 17:07:21:157 Fichero de log abierto PID 2260

02 17:07:21:159 Intentando abrir fichero v10.ini
02 17:07:21:162 Cargando driver v10oracle funcion damedriveroracle
02 17:07:21:772 Conectado a base de datos
02 17:07:21:772 Proceso GRABAPEDIDOS encontrado en tabla VDPROCESOS
02 17:07:21:774 Proceso GRABAPEDIDOS cargado con función vdbuscapedorigst (Librería VDPEDIDOS.DLL) direccion 05219580
02 17:07:21:774 Proceso VALIDAPEDORIG encontrado en tabla VDPROCESOS
02 17:07:21:775 Proceso VALIDAPEDORIG cargado con función vdbuscapedorigst (Librería VDPEDIDOS.DLL) direccion 05219580
02 17:07:21:776 PLSQL: INICIALIZADO PAQUETE DE LOG EL DIA 23-06-2022
02 17:07:21:784 Actualizado SID 878 SERIAL 36361 del proceso con PID 2260

00 17:17:38:192 Fichero de log cerrado.

00 17:17:45:420 Fichero de log abierto PID 2796

02 17:17:45:422 Intentando abrir fichero v10.ini
02 17:17:45:425 Cargando driver v10oracle funcion damedriveroracle
02 17:17:45:965 Conectado a base de datos
02 17:17:45:967 Proceso GRABAPEDIDOS encontrado en tabla VDPROCESOS
02 17:17:45:967 Proceso GRABAPEDIDOS cargado con función vdbuscapedorigst (Librería VDPEDIDOS.DLL) direccion 05BB9580
02 17:17:45:969 Proceso VALIDAPEDORIG encontrado en tabla VDPROCESOS
02 17:17:45:969 Proceso VALIDAPEDORIG cargado con función vdbuscapedorigst (Librería VDPEDIDOS.DLL) direccion 05BB9580
02 17:17:45:971 PLSQL: INICIALIZADO PAQUETE DE LOG EL DIA 23-06-2022
02 17:17:45:980 Actualizado SID 128 SERIAL 54037 del proceso con PID 2796

00 17:45:44:547 Fichero de log cerrado.

