00 08:53:13:780 Fichero de log abierto PID 18704

02 08:53:13:781 Intentando abrir fichero v10.ini
02 08:53:13:782 Cargando driver v10oracle funcion damedriveroracle
02 08:53:13:842 Conectado a base de datos
02 08:53:13:842 Proceso SPOOLIMPREETIQ encontrado en tabla VDPROCESOS
02 08:53:13:843 Proceso SPOOLIMPREETIQ cargado con función vdprocesaspool (Librería VDKERNEL.DLL) direccion 60052520
02 08:53:13:843 Proceso SPOOLFICHEROETIQ encontrado en tabla VDPROCESOS
02 08:53:13:843 Proceso SPOOLFICHEROETIQ cargado con función vdprocesaspool (Librería VDKERNEL.DLL) direccion 60052520
02 08:53:13:847 PLSQL: INICIALIZADO PAQUETE DE LOG EL DIA 26-05-2020
02 08:53:23:912 vdprocesaspool: Tratando impresión 1470 de tipo ETIQ a impresora ZPLPRUEBAS
02 08:53:23:971 Analizado cursor CSELETIQEXPE
02 08:53:23:971 Leidos 1 cursores
02 08:53:23:977 Leyendo 10 campos del cursor CSELETIQEXPE
02 08:53:23:977 CAMPO : COMANDOOUT1 TIPO : 112 LONGITUD :4000  PRECISION : 0  ESCALA : 0 RET=0
02 08:53:23:977 CAMPO : COMANDOOUT2 TIPO : 112 LONGITUD :4000  PRECISION : 0  ESCALA : 0 RET=0
02 08:53:23:977 CAMPO : COMANDOOUT3 TIPO : 112 LONGITUD :4000  PRECISION : 0  ESCALA : 0 RET=0
02 08:53:23:977 CAMPO : COMANDOOUT4 TIPO : 112 LONGITUD :4000  PRECISION : 0  ESCALA : 0 RET=0
02 08:53:23:977 CAMPO : COMANDOOUT5 TIPO : 112 LONGITUD :4000  PRECISION : 0  ESCALA : 0 RET=0
02 08:53:23:977 CAMPO : COMANDOOUT6 TIPO : 112 LONGITUD :4000  PRECISION : 0  ESCALA : 0 RET=0
02 08:53:23:977 CAMPO : COMANDOOUT7 TIPO : 112 LONGITUD :4000  PRECISION : 0  ESCALA : 0 RET=0
02 08:53:23:977 CAMPO : COMANDOOUT8 TIPO : 112 LONGITUD :4000  PRECISION : 0  ESCALA : 0 RET=0
02 08:53:23:977 CAMPO : COMANDOOUT9 TIPO : 112 LONGITUD :4000  PRECISION : 0  ESCALA : 0 RET=0
02 08:53:23:977 CAMPO : COMANDOOUT10 TIPO : 112 LONGITUD :4000  PRECISION : 0  ESCALA : 0 RET=0
02 08:53:24:001 vdprocesaspool: Fin de impresión 1470 de tipo ETIQ a impresora ZPLPRUEBAS


00 08:54:47:077 Fichero de log cerrado.

