00 09:08:33:091 Fichero de log abierto PID 17196

02 09:08:33:092 Intentando abrir fichero v10.ini
02 09:08:33:097 Cargando driver v10oracle funcion damedriveroracle
02 09:08:33:557 Conectado a base de datos
02 09:08:33:558 Proceso INTERFASAMOV encontrado en tabla VDPROCESOS
02 09:08:33:558 Proceso INTERFASAMOV cargado con función vdbuscamovst (Librería VDKERNEL.DLL) direccion 6E791560
02 09:08:33:562 PLSQL: INICIALIZADO PAQUETE DE LOG EL DIA 01-04-2022
02 09:08:33:572 Actualizado SID 873 SERIAL 30411 del proceso con PID 17196

00 10:41:41:292 Fichero de log cerrado.

00 10:42:01:043 Fichero de log abierto PID 16024

02 10:42:01:046 Intentando abrir fichero v10.ini
02 10:42:01:052 Cargando driver v10oracle funcion damedriveroracle
02 10:42:01:876 Conectado a base de datos
02 10:42:01:877 Proceso INTERFASAMOV encontrado en tabla VDPROCESOS
02 10:42:01:878 Proceso INTERFASAMOV cargado con función vdbuscamovst (Librería VDKERNEL.DLL) direccion 6E791560
02 10:42:01:881 PLSQL: INICIALIZADO PAQUETE DE LOG EL DIA 01-04-2022
02 10:42:01:892 Actualizado SID 750 SERIAL 17411 del proceso con PID 16024

00 12:15:10:344 Fichero de log cerrado.

00 12:15:18:957 Fichero de log abierto PID 13504

02 12:15:18:959 Intentando abrir fichero v10.ini
02 12:15:18:965 Cargando driver v10oracle funcion damedriveroracle
02 12:15:19:765 Conectado a base de datos
02 12:15:19:767 Proceso INTERFASAMOV encontrado en tabla VDPROCESOS
02 12:15:19:767 Proceso INTERFASAMOV cargado con función vdbuscamovst (Librería VDKERNEL.DLL) direccion 6E791560
02 12:15:19:770 PLSQL: INICIALIZADO PAQUETE DE LOG EL DIA 01-04-2022
02 12:15:19:782 Actualizado SID 506 SERIAL 16554 del proceso con PID 13504

00 13:10:54:649 Fichero de log cerrado.

00 13:11:07:317 Fichero de log abierto PID 14944

02 13:11:07:319 Intentando abrir fichero v10.ini
02 13:11:07:327 Cargando driver v10oracle funcion damedriveroracle
02 13:11:08:009 Conectado a base de datos
02 13:11:08:010 Proceso INTERFASAMOV encontrado en tabla VDPROCESOS
02 13:11:08:012 Proceso INTERFASAMOV cargado con función vdbuscamovst (Librería VDKERNEL.DLL) direccion 6E791560
02 13:11:08:014 PLSQL: INICIALIZADO PAQUETE DE LOG EL DIA 01-04-2022
02 13:11:08:025 Actualizado SID 254 SERIAL 36965 del proceso con PID 14944

00 13:31:06:402 Fichero de log cerrado.

00 13:31:13:600 Fichero de log abierto PID 7188

02 13:31:13:602 Intentando abrir fichero v10.ini
02 13:31:13:610 Cargando driver v10oracle funcion damedriveroracle
02 13:31:14:347 Conectado a base de datos
02 13:31:14:350 Proceso INTERFASAMOV encontrado en tabla VDPROCESOS
02 13:31:14:350 Proceso INTERFASAMOV cargado con función vdbuscamovst (Librería VDKERNEL.DLL) direccion 6E791560
02 13:31:14:354 PLSQL: INICIALIZADO PAQUETE DE LOG EL DIA 01-04-2022
02 13:31:14:370 Actualizado SID 14 SERIAL 62523 del proceso con PID 7188

00 13:39:34:107 Fichero de log cerrado.

00 13:39:48:425 Fichero de log abierto PID 10028

02 13:39:48:427 Intentando abrir fichero v10.ini
02 13:39:48:432 Cargando driver v10oracle funcion damedriveroracle
02 13:39:49:324 Conectado a base de datos
02 13:39:49:325 Proceso INTERFASAMOV encontrado en tabla VDPROCESOS
02 13:39:49:327 Proceso INTERFASAMOV cargado con función vdbuscamovst (Librería VDKERNEL.DLL) direccion 6E791560
02 13:39:49:329 PLSQL: INICIALIZADO PAQUETE DE LOG EL DIA 01-04-2022
02 13:39:49:339 Actualizado SID 255 SERIAL 38851 del proceso con PID 10028

00 13:41:22:215 Fichero de log cerrado.

00 13:41:29:109 Fichero de log abierto PID 10660

02 13:41:29:110 Intentando abrir fichero v10.ini
02 13:41:29:117 Cargando driver v10oracle funcion damedriveroracle
02 13:41:29:995 Conectado a base de datos
02 13:41:29:997 Proceso INTERFASAMOV encontrado en tabla VDPROCESOS
02 13:41:29:997 Proceso INTERFASAMOV cargado con función vdbuscamovst (Librería VDKERNEL.DLL) direccion 6E791560
02 13:41:30:000 PLSQL: INICIALIZADO PAQUETE DE LOG EL DIA 01-04-2022
02 13:41:30:010 Actualizado SID 750 SERIAL 38131 del proceso con PID 10660

00 13:58:39:757 Fichero de log cerrado.

