00 09:08:31:771 Fichero de log abierto PID 8632

02 09:08:31:772 Intentando abrir fichero v10.ini
02 09:08:31:780 Cargando driver v10oracle funcion damedriveroracle
02 09:08:32:353 Conectado a base de datos
02 09:08:32:356 Proceso INTERFASAMOV encontrado en tabla VDPROCESOS
02 09:08:32:356 Proceso INTERFASAMOV cargado con función vdbuscamovst (Librería VDKERNEL.DLL) direccion 6FF61560
02 09:08:32:358 PLSQL: INICIALIZADO PAQUETE DE LOG EL DIA 28-03-2022
02 09:08:32:366 Actualizado SID 867 SERIAL 51821 del proceso con PID 8632

00 15:19:41:782 Fichero de log cerrado.

00 15:19:48:752 Fichero de log abierto PID 3368

02 15:19:48:755 Intentando abrir fichero v10.ini
02 15:19:48:762 Cargando driver v10oracle funcion damedriveroracle
02 15:19:49:442 Conectado a base de datos
02 15:19:49:445 Proceso INTERFASAMOV encontrado en tabla VDPROCESOS
02 15:19:49:445 Proceso INTERFASAMOV cargado con función vdbuscamovst (Librería VDKERNEL.DLL) direccion 6FF61560
02 15:19:49:447 PLSQL: INICIALIZADO PAQUETE DE LOG EL DIA 28-03-2022
02 15:19:49:457 Actualizado SID 258 SERIAL 8864 del proceso con PID 3368

00 16:06:05:725 Fichero de log cerrado.

00 16:06:21:029 Fichero de log abierto PID 9688

02 16:06:21:032 Intentando abrir fichero v10.ini
02 16:06:21:040 Cargando driver v10oracle funcion damedriveroracle
02 16:06:22:045 Conectado a base de datos
02 16:06:22:047 Proceso INTERFASAMOV encontrado en tabla VDPROCESOS
02 16:06:22:047 Proceso INTERFASAMOV cargado con función vdbuscamovst (Librería VDKERNEL.DLL) direccion 6FF61560
02 16:06:22:051 PLSQL: INICIALIZADO PAQUETE DE LOG EL DIA 28-03-2022
02 16:06:22:062 Actualizado SID 16 SERIAL 16953 del proceso con PID 9688

00 17:59:49:290 Fichero de log cerrado.

