00 10:16:34:585 Fichero de log abierto PID 4212

02 10:16:34:586 Intentando abrir fichero v10.ini
02 10:16:34:591 Cargando driver v10oracle funcion damedriveroracle
02 10:16:34:986 Conectado a base de datos
02 10:16:34:987 Proceso INTERFASAMOV encontrado en tabla VDPROCESOS
02 10:16:34:987 Proceso INTERFASAMOV cargado con función vdbuscamovst (Librería VDKERNEL.DLL) direccion 705E1560
02 10:16:34:990 PLSQL: INICIALIZADO PAQUETE DE LOG EL DIA 30-03-2022
02 10:16:35:000 Actualizado SID 143 SERIAL 42095 del proceso con PID 4212

00 13:42:33:554 Fichero de log cerrado.

00 13:42:40:015 Fichero de log abierto PID 16804

02 13:42:40:024 Intentando abrir fichero v10.ini
02 13:42:40:030 Cargando driver v10oracle funcion damedriveroracle
02 13:42:40:765 Conectado a base de datos
02 13:42:40:767 Proceso INTERFASAMOV encontrado en tabla VDPROCESOS
02 13:42:40:769 Proceso INTERFASAMOV cargado con función vdbuscamovst (Librería VDKERNEL.DLL) direccion 705E1560
02 13:42:40:773 PLSQL: INICIALIZADO PAQUETE DE LOG EL DIA 30-03-2022
02 13:42:40:782 Actualizado SID 376 SERIAL 49386 del proceso con PID 16804

00 15:19:56:207 Fichero de log cerrado.

00 15:20:00:520 Fichero de log abierto PID 4744

02 15:20:00:522 Intentando abrir fichero v10.ini
02 15:20:00:527 Cargando driver v10oracle funcion damedriveroracle
02 15:20:01:477 Conectado a base de datos
02 15:20:01:480 Proceso INTERFASAMOV encontrado en tabla VDPROCESOS
02 15:20:01:480 Proceso INTERFASAMOV cargado con función vdbuscamovst (Librería VDKERNEL.DLL) direccion 705E1560
02 15:20:01:483 PLSQL: INICIALIZADO PAQUETE DE LOG EL DIA 30-03-2022
02 15:20:01:499 Actualizado SID 136 SERIAL 27852 del proceso con PID 4744

00 16:07:52:437 Fichero de log cerrado.

00 16:08:01:015 Fichero de log abierto PID 9120

02 16:08:01:025 Intentando abrir fichero v10.ini
02 16:08:01:147 Cargando driver v10oracle funcion damedriveroracle
02 16:08:03:125 Conectado a base de datos
02 16:08:03:132 Proceso INTERFASAMOV encontrado en tabla VDPROCESOS
02 16:08:03:134 Proceso INTERFASAMOV cargado con función vdbuscamovst (Librería VDKERNEL.DLL) direccion 705E1560
02 16:08:03:139 PLSQL: INICIALIZADO PAQUETE DE LOG EL DIA 30-03-2022
02 16:08:03:169 Actualizado SID 632 SERIAL 13171 del proceso con PID 9120

00 17:18:02:694 Fichero de log cerrado.

00 17:18:06:852 Fichero de log abierto PID 13988

02 17:18:06:857 Intentando abrir fichero v10.ini
02 17:18:06:870 Cargando driver v10oracle funcion damedriveroracle
02 17:18:09:767 Conectado a base de datos
02 17:18:09:774 Proceso INTERFASAMOV encontrado en tabla VDPROCESOS
02 17:18:09:775 Proceso INTERFASAMOV cargado con función vdbuscamovst (Librería VDKERNEL.DLL) direccion 705E1560
02 17:18:09:781 PLSQL: INICIALIZADO PAQUETE DE LOG EL DIA 30-03-2022
02 17:18:09:804 Actualizado SID 7 SERIAL 7910 del proceso con PID 13988

00 17:59:17:455 Fichero de log cerrado.

