00 09:04:44:857 Fichero de log abierto PID 17280

02 09:04:44:858 Intentando abrir fichero v10.ini
02 09:04:44:865 Cargando driver v10oracle funcion damedriveroracle
02 09:04:45:887 Conectado a base de datos
02 09:04:45:888 Proceso INTERFASAMOV encontrado en tabla VDPROCESOS
02 09:04:45:890 Proceso INTERFASAMOV cargado con función vdbuscamovst (Librería VDKERNEL.DLL) direccion 6E691560
02 09:04:45:892 PLSQL: INICIALIZADO PAQUETE DE LOG EL DIA 25-03-2022
02 09:04:45:902 Actualizado SID 382 SERIAL 51339 del proceso con PID 17280

00 09:37:54:927 Fichero de log cerrado.

00 09:38:20:112 Fichero de log abierto PID 9328

02 09:38:20:115 Intentando abrir fichero v10.ini
02 09:38:20:121 Cargando driver v10oracle funcion damedriveroracle
02 09:38:20:982 Conectado a base de datos
02 09:38:20:986 Proceso INTERFASAMOV encontrado en tabla VDPROCESOS
02 09:38:20:986 Proceso INTERFASAMOV cargado con función vdbuscamovst (Librería VDKERNEL.DLL) direccion 705F1560
02 09:38:20:988 PLSQL: INICIALIZADO PAQUETE DE LOG EL DIA 25-03-2022
02 09:38:21:000 Actualizado SID 755 SERIAL 24039 del proceso con PID 9328

00 12:57:00:260 Fichero de log cerrado.

00 12:57:20:439 Fichero de log abierto PID 16476

02 12:57:20:442 Intentando abrir fichero v10.ini
02 12:57:20:449 Cargando driver v10oracle funcion damedriveroracle
02 12:57:21:325 Conectado a base de datos
02 12:57:21:327 Proceso INTERFASAMOV encontrado en tabla VDPROCESOS
02 12:57:21:329 Proceso INTERFASAMOV cargado con función vdbuscamovst (Librería VDKERNEL.DLL) direccion 705F1560
02 12:57:21:331 PLSQL: INICIALIZADO PAQUETE DE LOG EL DIA 25-03-2022
02 12:57:21:342 Actualizado SID 502 SERIAL 61412 del proceso con PID 16476

00 13:58:46:914 Fichero de log cerrado.

