00 09:07:46:021 Fichero de log abierto PID 13324

02 09:07:46:023 Intentando abrir fichero v10.ini
02 09:07:46:030 Cargando driver v10oracle funcion damedriveroracle
02 09:07:46:460 Conectado a base de datos
02 09:07:46:462 Proceso INTERFASAMOV encontrado en tabla VDPROCESOS
02 09:07:46:462 Proceso INTERFASAMOV cargado con función vdbuscamovst (Librería VDKERNEL.DLL) direccion 705F1560
02 09:07:46:465 PLSQL: INICIALIZADO PAQUETE DE LOG EL DIA 22-03-2022
02 09:07:46:473 Actualizado SID 753 SERIAL 64850 del proceso con PID 13324

00 17:07:22:545 Fichero de log cerrado.

00 17:07:34:659 Fichero de log abierto PID 13024

02 17:07:34:662 Intentando abrir fichero v10.ini
02 17:07:34:770 Cargando driver v10oracle funcion damedriveroracle
02 17:07:35:592 Conectado a base de datos
02 17:07:35:594 Proceso INTERFASAMOV encontrado en tabla VDPROCESOS
02 17:07:35:595 Proceso INTERFASAMOV cargado con función vdbuscamovst (Librería VDKERNEL.DLL) direccion 705F1560
02 17:07:35:596 PLSQL: INICIALIZADO PAQUETE DE LOG EL DIA 22-03-2022
02 17:07:35:607 Actualizado SID 875 SERIAL 47309 del proceso con PID 13024

00 17:12:06:680 Fichero de log cerrado.

00 17:12:11:510 Fichero de log abierto PID 13624

02 17:12:11:512 Intentando abrir fichero v10.ini
02 17:12:11:520 Cargando driver v10oracle funcion damedriveroracle
02 17:12:12:254 Conectado a base de datos
02 17:12:12:255 Proceso INTERFASAMOV encontrado en tabla VDPROCESOS
02 17:12:12:255 Proceso INTERFASAMOV cargado con función vdbuscamovst (Librería VDKERNEL.DLL) direccion 705F1560
02 17:12:12:258 PLSQL: INICIALIZADO PAQUETE DE LOG EL DIA 22-03-2022
02 17:12:12:267 Actualizado SID 751 SERIAL 40650 del proceso con PID 13624

00 17:58:54:110 Fichero de log cerrado.

