00 09:17:44:795 Fichero de log abierto PID 7804

02 09:17:44:797 Intentando abrir fichero v10.ini
02 09:17:44:802 Cargando driver v10oracle funcion damedriveroracle
02 09:17:45:270 Conectado a base de datos
02 09:17:45:271 Proceso INTERFASAMOV encontrado en tabla VDPROCESOS
02 09:17:45:271 Proceso INTERFASAMOV cargado con función vdbuscamovst (Librería VDKERNEL.DLL) direccion 6C001560
02 09:17:45:274 PLSQL: INICIALIZADO PAQUETE DE LOG EL DIA 28-06-2022
02 09:17:45:282 Actualizado SID 257 SERIAL 27239 del proceso con PID 7804

00 09:39:20:133 Fichero de log cerrado.

00 09:39:35:592 Fichero de log abierto PID 1208

02 09:39:35:593 Intentando abrir fichero v10.ini
02 09:39:35:598 Cargando driver v10oracle funcion damedriveroracle
02 09:39:36:202 Conectado a base de datos
02 09:39:36:205 Proceso INTERFASAMOV encontrado en tabla VDPROCESOS
02 09:39:36:206 Proceso INTERFASAMOV cargado con función vdbuscamovst (Librería VDKERNEL.DLL) direccion 6C001560
02 09:39:36:207 PLSQL: INICIALIZADO PAQUETE DE LOG EL DIA 28-06-2022
02 09:39:36:217 Actualizado SID 751 SERIAL 54627 del proceso con PID 1208

00 12:12:08:737 Fichero de log cerrado.

00 12:12:22:080 Fichero de log abierto PID 14164

02 12:12:22:082 Intentando abrir fichero v10.ini
02 12:12:22:087 Cargando driver v10oracle funcion damedriveroracle
02 12:12:22:602 Conectado a base de datos
02 12:12:22:604 Proceso INTERFASAMOV encontrado en tabla VDPROCESOS
02 12:12:22:604 Proceso INTERFASAMOV cargado con función vdbuscamovst (Librería VDKERNEL.DLL) direccion 6C001560
02 12:12:22:606 PLSQL: INICIALIZADO PAQUETE DE LOG EL DIA 28-06-2022
02 12:12:22:632 Actualizado SID 874 SERIAL 21910 del proceso con PID 14164

00 12:17:16:447 Fichero de log cerrado.

00 12:17:33:920 Fichero de log abierto PID 15136

02 12:17:33:924 Intentando abrir fichero v10.ini
02 12:17:33:930 Cargando driver v10oracle funcion damedriveroracle
02 12:17:34:787 Conectado a base de datos
02 12:17:34:790 Proceso INTERFASAMOV encontrado en tabla VDPROCESOS
02 12:17:34:792 Proceso INTERFASAMOV cargado con función vdbuscamovst (Librería VDKERNEL.DLL) direccion 6C001560
02 12:17:34:794 PLSQL: INICIALIZADO PAQUETE DE LOG EL DIA 28-06-2022
02 12:17:34:809 Actualizado SID 501 SERIAL 59258 del proceso con PID 15136

00 12:42:30:060 Fichero de log cerrado.

00 12:42:45:732 Fichero de log abierto PID 13940

02 12:42:45:732 Intentando abrir fichero v10.ini
02 12:42:45:739 Cargando driver v10oracle funcion damedriveroracle
02 12:42:46:440 Conectado a base de datos
02 12:42:46:444 Proceso INTERFASAMOV encontrado en tabla VDPROCESOS
02 12:42:46:445 Proceso INTERFASAMOV cargado con función vdbuscamovst (Librería VDKERNEL.DLL) direccion 6C001560
02 12:42:46:446 PLSQL: INICIALIZADO PAQUETE DE LOG EL DIA 28-06-2022
02 12:42:46:462 Actualizado SID 136 SERIAL 41059 del proceso con PID 13940

00 13:34:12:812 Fichero de log cerrado.

00 13:34:40:119 Fichero de log abierto PID 7644

02 13:34:40:122 Intentando abrir fichero v10.ini
02 13:34:40:127 Cargando driver v10oracle funcion damedriveroracle
02 13:34:40:750 Conectado a base de datos
02 13:34:40:752 Proceso INTERFASAMOV encontrado en tabla VDPROCESOS
02 13:34:40:752 Proceso INTERFASAMOV cargado con función vdbuscamovst (Librería VDKERNEL.DLL) direccion 6C001560
02 13:34:40:755 PLSQL: INICIALIZADO PAQUETE DE LOG EL DIA 28-06-2022
02 13:34:40:767 Actualizado SID 868 SERIAL 14780 del proceso con PID 7644

00 13:35:55:740 Fichero de log cerrado.

00 13:35:59:907 Fichero de log abierto PID 10524

02 13:35:59:909 Intentando abrir fichero v10.ini
02 13:35:59:915 Cargando driver v10oracle funcion damedriveroracle
02 13:36:00:580 Conectado a base de datos
02 13:36:00:584 Proceso INTERFASAMOV encontrado en tabla VDPROCESOS
02 13:36:00:585 Proceso INTERFASAMOV cargado con función vdbuscamovst (Librería VDKERNEL.DLL) direccion 6C001560
02 13:36:00:587 PLSQL: INICIALIZADO PAQUETE DE LOG EL DIA 28-06-2022
02 13:36:00:597 Actualizado SID 507 SERIAL 23891 del proceso con PID 10524

00 13:36:42:910 Fichero de log cerrado.

00 13:44:14:654 Fichero de log abierto PID 4788

02 13:44:14:655 Intentando abrir fichero v10.ini
02 13:44:14:660 Cargando driver v10oracle funcion damedriveroracle
02 13:44:15:214 Conectado a base de datos
02 13:44:15:215 Proceso INTERFASAMOV encontrado en tabla VDPROCESOS
02 13:44:15:215 Proceso INTERFASAMOV cargado con función vdbuscamovst (Librería VDKERNEL.DLL) direccion 6C001560
02 13:44:15:218 PLSQL: INICIALIZADO PAQUETE DE LOG EL DIA 28-06-2022
02 13:44:15:225 Actualizado SID 384 SERIAL 63547 del proceso con PID 4788

00 14:45:59:844 Fichero de log cerrado.

00 14:46:22:790 Fichero de log abierto PID 14964

02 14:46:22:790 Intentando abrir fichero v10.ini
02 14:46:22:797 Cargando driver v10oracle funcion damedriveroracle
02 14:46:23:540 Conectado a base de datos
02 14:46:23:542 Proceso INTERFASAMOV encontrado en tabla VDPROCESOS
02 14:46:23:542 Proceso INTERFASAMOV cargado con función vdbuscamovst (Librería VDKERNEL.DLL) direccion 6C001560
02 14:46:23:545 PLSQL: INICIALIZADO PAQUETE DE LOG EL DIA 28-06-2022
02 14:46:23:555 Actualizado SID 508 SERIAL 27355 del proceso con PID 14964

00 17:58:49:099 Fichero de log cerrado.

