00 09:23:03:957 Fichero de log abierto PID 7748

02 09:23:03:958 Intentando abrir fichero v10.ini
02 09:23:03:965 Cargando driver v10oracle funcion damedriveroracle
02 09:23:04:517 Conectado a base de datos
02 09:23:04:521 Proceso INTERFASAMOV encontrado en tabla VDPROCESOS
02 09:23:04:522 Proceso INTERFASAMOV cargado con función vdbuscamovst (Librería VDKERNEL.DLL) direccion 70031560
02 09:23:04:524 PLSQL: INICIALIZADO PAQUETE DE LOG EL DIA 05-07-2022
02 09:23:04:541 Actualizado SID 749 SERIAL 46779 del proceso con PID 7748

00 13:36:35:289 Fichero de log cerrado.

00 13:36:39:432 Fichero de log abierto PID 16844

02 13:36:39:435 Intentando abrir fichero v10.ini
02 13:36:39:440 Cargando driver v10oracle funcion damedriveroracle
02 13:36:40:087 Conectado a base de datos
02 13:36:40:090 Proceso INTERFASAMOV encontrado en tabla VDPROCESOS
02 13:36:40:090 Proceso INTERFASAMOV cargado con función vdbuscamovst (Librería VDKERNEL.DLL) direccion 70031560
02 13:36:40:092 PLSQL: INICIALIZADO PAQUETE DE LOG EL DIA 05-07-2022
02 13:36:40:102 Actualizado SID 136 SERIAL 41044 del proceso con PID 16844

00 13:58:57:517 Fichero de log cerrado.

00 13:59:20:730 Fichero de log abierto PID 15844

02 13:59:20:732 Intentando abrir fichero v10.ini
02 13:59:20:737 Cargando driver v10oracle funcion damedriveroracle
02 13:59:21:390 Conectado a base de datos
02 13:59:21:394 Proceso INTERFASAMOV encontrado en tabla VDPROCESOS
02 13:59:21:394 Proceso INTERFASAMOV cargado con función vdbuscamovst (Librería VDKERNEL.DLL) direccion 70031560
02 13:59:21:396 PLSQL: INICIALIZADO PAQUETE DE LOG EL DIA 05-07-2022
02 13:59:21:405 Actualizado SID 384 SERIAL 64396 del proceso con PID 15844

00 14:52:23:005 Fichero de log cerrado.

00 14:52:50:280 Fichero de log abierto PID 6940

02 14:52:50:282 Intentando abrir fichero v10.ini
02 14:52:50:289 Cargando driver v10oracle funcion damedriveroracle
02 14:52:51:045 Conectado a base de datos
02 14:52:51:047 Proceso INTERFASAMOV encontrado en tabla VDPROCESOS
02 14:52:51:047 Proceso INTERFASAMOV cargado con función vdbuscamovst (Librería VDKERNEL.DLL) direccion 70031560
02 14:52:51:050 PLSQL: INICIALIZADO PAQUETE DE LOG EL DIA 05-07-2022
02 14:52:51:062 Actualizado SID 875 SERIAL 41948 del proceso con PID 6940

00 14:54:38:089 Fichero de log cerrado.

00 14:54:43:142 Fichero de log abierto PID 12276

02 14:54:43:145 Intentando abrir fichero v10.ini
02 14:54:43:150 Cargando driver v10oracle funcion damedriveroracle
02 14:54:43:954 Conectado a base de datos
02 14:54:43:955 Proceso INTERFASAMOV encontrado en tabla VDPROCESOS
02 14:54:43:957 Proceso INTERFASAMOV cargado con función vdbuscamovst (Librería VDKERNEL.DLL) direccion 70031560
02 14:54:43:959 PLSQL: INICIALIZADO PAQUETE DE LOG EL DIA 05-07-2022
02 14:54:43:967 Actualizado SID 141 SERIAL 33192 del proceso con PID 12276

00 17:55:06:112 Fichero de log cerrado.

