00 09:11:09:402 Fichero de log abierto PID 16156

02 09:11:09:405 Intentando abrir fichero v10.ini
02 09:11:09:410 Cargando driver v10oracle funcion damedriveroracle
02 09:11:10:156 Conectado a base de datos
02 09:11:10:157 Proceso INTERFASAMOV encontrado en tabla VDPROCESOS
02 09:11:10:158 Proceso INTERFASAMOV cargado con función vdbuscamovst (Librería VDKERNEL.DLL) direccion 6E031560
02 09:11:10:161 PLSQL: INICIALIZADO PAQUETE DE LOG EL DIA 04-04-2022
02 09:11:10:170 Actualizado SID 138 SERIAL 32256 del proceso con PID 16156

00 10:22:53:437 Fichero de log cerrado.

00 10:23:02:163 Fichero de log abierto PID 3748

02 10:23:02:182 Intentando abrir fichero v10.ini
02 10:23:02:196 Cargando driver v10oracle funcion damedriveroracle
02 10:23:03:042 Conectado a base de datos
02 10:23:03:045 Proceso INTERFASAMOV encontrado en tabla VDPROCESOS
02 10:23:03:046 Proceso INTERFASAMOV cargado con función vdbuscamovst (Librería VDKERNEL.DLL) direccion 6E031560
02 10:23:03:048 PLSQL: INICIALIZADO PAQUETE DE LOG EL DIA 04-04-2022
02 10:23:03:060 Actualizado SID 623 SERIAL 27685 del proceso con PID 3748

00 10:38:58:296 Fichero de log cerrado.

00 10:39:08:435 Fichero de log abierto PID 14016

02 10:39:08:441 Intentando abrir fichero v10.ini
02 10:39:08:447 Cargando driver v10oracle funcion damedriveroracle
02 10:39:09:137 Conectado a base de datos
02 10:39:09:140 Proceso INTERFASAMOV encontrado en tabla VDPROCESOS
02 10:39:09:141 Proceso INTERFASAMOV cargado con función vdbuscamovst (Librería VDKERNEL.DLL) direccion 6E031560
02 10:39:09:143 PLSQL: INICIALIZADO PAQUETE DE LOG EL DIA 04-04-2022
02 10:39:09:155 Actualizado SID 750 SERIAL 48367 del proceso con PID 14016

00 12:14:33:884 Fichero de log cerrado.

00 12:14:45:537 Fichero de log abierto PID 12560

02 12:14:45:540 Intentando abrir fichero v10.ini
02 12:14:45:545 Cargando driver v10oracle funcion damedriveroracle
02 12:14:46:487 Conectado a base de datos
02 12:14:46:490 Proceso INTERFASAMOV encontrado en tabla VDPROCESOS
02 12:14:46:490 Proceso INTERFASAMOV cargado con función vdbuscamovst (Librería VDKERNEL.DLL) direccion 6E031560
02 12:14:46:492 PLSQL: INICIALIZADO PAQUETE DE LOG EL DIA 04-04-2022
02 12:14:46:510 Actualizado SID 868 SERIAL 18770 del proceso con PID 12560

00 12:39:53:232 Fichero de log cerrado.

00 12:39:57:330 Fichero de log abierto PID 15332

02 12:39:57:332 Intentando abrir fichero v10.ini
02 12:39:57:337 Cargando driver v10oracle funcion damedriveroracle
02 12:39:58:097 Conectado a base de datos
02 12:39:58:099 Proceso INTERFASAMOV encontrado en tabla VDPROCESOS
02 12:39:58:099 Proceso INTERFASAMOV cargado con función vdbuscamovst (Librería VDKERNEL.DLL) direccion 6E031560
02 12:39:58:101 PLSQL: INICIALIZADO PAQUETE DE LOG EL DIA 04-04-2022
02 12:39:58:115 Actualizado SID 263 SERIAL 25728 del proceso con PID 15332

00 12:40:52:377 Fichero de log cerrado.

00 12:40:57:759 Fichero de log abierto PID 308

02 12:40:57:780 Intentando abrir fichero v10.ini
02 12:40:57:787 Cargando driver v10oracle funcion damedriveroracle
02 12:40:58:489 Conectado a base de datos
02 12:40:58:492 Proceso INTERFASAMOV encontrado en tabla VDPROCESOS
02 12:40:58:492 Proceso INTERFASAMOV cargado con función vdbuscamovst (Librería VDKERNEL.DLL) direccion 6E031560
02 12:40:58:494 PLSQL: INICIALIZADO PAQUETE DE LOG EL DIA 04-04-2022
02 12:40:58:504 Actualizado SID 377 SERIAL 1029 del proceso con PID 308

00 17:13:21:680 Fichero de log cerrado.

00 17:13:27:170 Fichero de log abierto PID 14736

02 17:13:27:172 Intentando abrir fichero v10.ini
02 17:13:27:240 Cargando driver v10oracle funcion damedriveroracle
02 17:13:28:005 Conectado a base de datos
02 17:13:28:007 Proceso INTERFASAMOV encontrado en tabla VDPROCESOS
02 17:13:28:007 Proceso INTERFASAMOV cargado con función vdbuscamovst (Librería VDKERNEL.DLL) direccion 6E031560
02 17:13:28:010 PLSQL: INICIALIZADO PAQUETE DE LOG EL DIA 04-04-2022
02 17:13:28:020 Actualizado SID 627 SERIAL 13105 del proceso con PID 14736

00 17:58:21:362 Fichero de log cerrado.

