00 09:09:26:438 Fichero de log abierto PID 2776

02 09:09:26:442 Intentando abrir fichero v10.ini
02 09:09:26:447 Cargando driver v10oracle funcion damedriveroracle
02 09:09:26:881 Conectado a base de datos
02 09:09:26:882 Proceso INTERFASAMOV encontrado en tabla VDPROCESOS
02 09:09:26:883 Proceso INTERFASAMOV cargado con función vdbuscamovst (Librería VDKERNEL.DLL) direccion 6FF51560
02 09:09:26:885 PLSQL: INICIALIZADO PAQUETE DE LOG EL DIA 29-03-2022
02 09:09:26:895 Actualizado SID 7 SERIAL 43926 del proceso con PID 2776

00 13:50:25:450 Fichero de log cerrado.

00 13:50:30:202 Fichero de log abierto PID 7416

02 13:50:30:204 Intentando abrir fichero v10.ini
02 13:50:30:210 Cargando driver v10oracle funcion damedriveroracle
02 13:50:30:965 Conectado a base de datos
02 13:50:30:967 Proceso INTERFASAMOV encontrado en tabla VDPROCESOS
02 13:50:30:967 Proceso INTERFASAMOV cargado con función vdbuscamovst (Librería VDKERNEL.DLL) direccion 70361560
02 13:50:30:970 PLSQL: INICIALIZADO PAQUETE DE LOG EL DIA 29-03-2022
02 13:50:30:980 Actualizado SID 752 SERIAL 5014 del proceso con PID 7416

00 13:56:42:807 Fichero de log cerrado.

00 13:56:46:252 Fichero de log abierto PID 17324

02 13:56:46:255 Intentando abrir fichero v10.ini
02 13:56:46:262 Cargando driver v10oracle funcion damedriveroracle
02 13:56:46:922 Conectado a base de datos
02 13:56:46:925 Proceso INTERFASAMOV encontrado en tabla VDPROCESOS
02 13:56:46:925 Proceso INTERFASAMOV cargado con función vdbuscamovst (Librería VDKERNEL.DLL) direccion 70361560
02 13:56:46:927 PLSQL: INICIALIZADO PAQUETE DE LOG EL DIA 29-03-2022
02 13:56:46:937 Actualizado SID 510 SERIAL 59941 del proceso con PID 17324

00 15:32:15:834 Fichero de log cerrado.

00 15:32:21:739 Fichero de log abierto PID 1256

02 15:32:21:740 Intentando abrir fichero v10.ini
02 15:32:21:747 Cargando driver v10oracle funcion damedriveroracle
02 15:32:22:440 Conectado a base de datos
02 15:32:22:442 Proceso INTERFASAMOV encontrado en tabla VDPROCESOS
02 15:32:22:444 Proceso INTERFASAMOV cargado con función vdbuscamovst (Librería VDKERNEL.DLL) direccion 70361560
02 15:32:22:446 PLSQL: INICIALIZADO PAQUETE DE LOG EL DIA 29-03-2022
02 15:32:22:457 Actualizado SID 756 SERIAL 19539 del proceso con PID 1256
02 17:05:23:275 vdbuscamovst: Procesando movimiento 16810 
02 17:05:23:309 PLSQL:
 INTERFASAMOV :  PROCESANDO MOVTO 16810
 INTERFASAMOV :  FIN PROCESAMIENTO DEL MOVTO 16810 PASA DE ESTADO 5000 A ESTADO 6100


00 17:42:37:152 Fichero de log cerrado.

00 17:42:48:032 Fichero de log abierto PID 1860

02 17:42:48:032 Intentando abrir fichero v10.ini
02 17:42:48:040 Cargando driver v10oracle funcion damedriveroracle
02 17:42:49:030 Conectado a base de datos
02 17:42:49:032 Proceso INTERFASAMOV encontrado en tabla VDPROCESOS
02 17:42:49:032 Proceso INTERFASAMOV cargado con función vdbuscamovst (Librería VDKERNEL.DLL) direccion 70361560
02 17:42:49:035 PLSQL: INICIALIZADO PAQUETE DE LOG EL DIA 29-03-2022
02 17:42:49:045 Actualizado SID 632 SERIAL 18298 del proceso con PID 1860

00 17:45:26:707 Fichero de log cerrado.

00 17:45:32:980 Fichero de log abierto PID 18044

02 17:45:33:060 Intentando abrir fichero v10.ini
02 17:45:33:074 Cargando driver v10oracle funcion damedriveroracle
02 17:45:35:735 Conectado a base de datos
02 17:45:35:742 Proceso INTERFASAMOV encontrado en tabla VDPROCESOS
02 17:45:35:742 Proceso INTERFASAMOV cargado con función vdbuscamovst (Librería VDKERNEL.DLL) direccion 70361560
02 17:45:35:749 PLSQL: INICIALIZADO PAQUETE DE LOG EL DIA 29-03-2022
02 17:45:35:775 Actualizado SID 872 SERIAL 12574 del proceso con PID 18044

00 17:58:58:369 Fichero de log cerrado.

