00 16:47:34:867 Fichero de log abierto PID 11072

02 16:47:34:867 Intentando abrir fichero v10.ini
02 16:47:34:870 Cargando driver v10oracle funcion damedriveroracle
02 16:47:36:382 Conectado a base de datos
02 16:47:36:415 Asignando ACCESO a V10LOGIN
02 16:47:36:417 Asignando NIVELLOG a 2
02 16:47:36:417 Asignando PROTEGIDO a 500
02 16:47:36:419 Asignando DEBUGHTTP a 1
02 16:47:36:419 Asignando VISIBLEEXE a 1
02 16:47:36:420 Asignando FICHEROEXE a VDFORM.EXE -OR1
02 16:47:36:420 Asignando CONEXIONBD a REDUR/REDUR@LOCAL
02 16:47:36:420 Asignando SERVIDOR a HTTP://127.0.0.1
02 16:47:36:422 Asignando SERVERPORTFILES a 1235
02 16:47:36:424 Asignando SERVERHTML a HTTP://127.0.0.1:1235/html
02 16:47:36:425 Asignando SERVERIMG a HTTP://127.0.0.1:1235/img
02 16:47:36:427 Asignando SERVERXLS a HTTP://127.0.0.1:1235/xls
02 16:47:36:427 Asignando SERVERPDF a HTTP://127.0.0.1:1235/pdf
02 16:47:36:429 Asignando FILEEXPIRED a 3600
02 16:47:36:429 Asignando TIEMPOESPERA a 240
02 16:47:36:435 Asignando RUTAZIP a E:\V10\productos\REDUR20200430\V10LIB/ZIP
02 16:47:36:437 Asignando RUTAHELP a E:\V10\productos\REDUR20200430\V10LIB\WWW/help/html
02 16:47:36:437 Asignando RUTAPLANTILLAS a E:\V10\productos\REDUR20200430\V10LIB\WWW/html
02 16:47:36:437 Asignando RUTAXLS a E:\V10\productos\REDUR20200430\V10LIB\WWW/xls
02 16:47:36:439 Asignando RUTAPDF a E:\V10\productos\REDUR20200430\V10LIB\WWW/pdf
02 16:47:36:439 Asignando COMPRIMIR a 1
02 16:47:36:445 Escuchando en puerto 1234 con protocolo HTTP
02 16:47:48:465 Sesion 0: Inicio hebra
02 16:47:48:465 Conexion 00A1518C recibe petición
GET /v10LOGIN/&HOST=NINO&EXTRA=NINO& HTTP/1.1
Accept: */*
Accept-Language: es-ES
UA-CPU: AMD64
Accept-Encoding: gzip, deflate
User-Agent: Mozilla/4.0 (compatible; MSIE 7.0; Windows NT 6.2; Win64; x64; Trident/7.0; .NET4.0C; .NET4.0E; .NET CLR 2.0.50727; .NET CLR 3.0.30729; .NET CLR 3.5.30729)
Host: 127.0.0.1:1234
Connection: Keep-Alive

02 16:47:48:465 Tratapeticion: Server cambia de valor de 00000000 a 00A1518C
02 16:47:48:465 Se captura HOST en URL del cliente NINO 
02 16:47:48:465 Ejecutando VDFORM.EXE -OR1 -OUREDUR/REDUR@LOCAL -LNFORM.LOG -LM2 -FWFICHERO=V10LISTENERNINO -FWVISIBLE=1 -FWSESION=0p41NUL6A64K3OGR8iN8IVRMJgw7Ms -FWPUERTO=20000 -FWHOST=NINO -FWTECLADO=0 NINO
02 16:47:48:470 Sesion 1: Inicio hebra
02 16:47:48:592 Sesion 0: Arrancado Proceso v10form
02 16:47:48:592 Sesion 0: Intentando conectar con v10form en puerto 20000
02 16:47:48:592 Conectando con 127.0.0.1 servicio 20000 protocolo tcp
02 16:47:48:602 Encontrado host 127.0.0.1
02 16:47:48:602 Encontrado servicio 20000
02 16:47:49:117 Sesión con v10form establecida
02 16:47:50:119 Envio un total de 0.00 KB
02 16:47:50:119 Enviada la respuesta a socket 00A1518C
02 16:47:50:120 Sesion 0: Sesión rota
02 16:47:50:120 Libera a1518c
02 16:47:50:120 Sesion 0: Fin hebra
02 16:47:50:774 Sesion 1: Sesión rota
02 16:47:50:774 Libera a152dc
02 16:47:50:774 Sesion 1: Fin hebra
02 16:48:36:455 Asignando SERVERHTML a HTTP://127.0.0.1:1235/html
02 18:10:31:435 Sesion 0: Inicio hebra
02 18:10:31:440 Sesion 1: Inicio hebra
02 18:10:31:445 Conexion 00A15624 recibe petición
GET /v10LOGIN/&HOST=NINO&EXTRA=NINO& HTTP/1.1
Accept: */*
Accept-Language: es-ES
UA-CPU: AMD64
Accept-Encoding: gzip, deflate
User-Agent: Mozilla/4.0 (compatible; MSIE 7.0; Windows NT 6.2; Win64; x64; Trident/7.0; .NET4.0C; .NET4.0E; .NET CLR 2.0.50727; .NET CLR 3.0.30729; .NET CLR 3.5.30729)
Host: 127.0.0.1:1234
Connection: Keep-Alive

02 18:10:31:447 Tratapeticion: Server cambia de valor de 00A1518C a 00A15624
02 18:10:31:449 Se captura HOST en URL del cliente NINO 
02 18:10:31:450 Ejecutando VDFORM.EXE -OR1 -OUREDUR/REDUR@LOCAL -LNFORM.LOG -LM2 -FWFICHERO=V10LISTENERNINO -FWVISIBLE=1 -FWSESION=V9dLMNFE6S6y4SD0O5RPxRfLE5P10v -FWPUERTO=20000 -FWHOST=NINO -FWTECLADO=0 NINO
02 18:10:31:459 Sesion 1: Arrancado Proceso v10form
02 18:10:31:460 Sesion 1: Intentando conectar con v10form en puerto 20000
02 18:10:31:460 Conectando con 127.0.0.1 servicio 20000 protocolo tcp
02 18:10:31:460 Encontrado host 127.0.0.1
02 18:10:31:460 Encontrado servicio 20000
02 18:10:31:979 Sesión con v10form establecida
02 18:10:32:979 Envio un total de 0.00 KB
02 18:10:32:979 Enviada la respuesta a socket 00A15624
02 18:10:32:980 Sesion 1: Sesión rota
02 18:10:32:980 Libera a15624
02 18:10:32:980 Sesion 1: Fin hebra
02 18:10:38:844 Asignando SERVERHTML a HTTP://127.0.0.1:1235/html
02 18:10:56:094 Sesion 0: Sesión rota
02 18:10:56:094 Libera a1511c
02 18:10:56:094 Sesion 0: Fin hebra

00 18:10:58:985 Fichero de log cerrado.

