00 08:18:53:692 Fichero de log abierto PID 3556

02 08:18:53:692 Intentando abrir fichero v10.ini
02 08:18:53:700 Cargando driver v10oracle funcion damedriveroracle
02 08:18:54:008 Conectado a base de datos
02 08:18:54:445 Asignando RELEECONF a 500
02 08:18:54:445 Asignando ACCESO a V10LOGIN
02 08:18:54:446 Asignando NIVELLOG a 2
02 08:18:54:446 Asignando PROTEGIDO a 500
02 08:18:54:447 Asignando DEBUGHTTP a 2
02 08:18:54:447 Asignando VISIBLEEXE a 0
02 08:18:54:447 Asignando FICHEROEXE a VDFORM.EXE -OR1
02 08:18:54:447 Asignando CONEXIONBD a REDUR/REDUR@LOCAL
02 08:18:54:448 Asignando SERVIDOR a HTTP://127.0.0.1
02 08:18:54:496 Asignando SERVERPORT a 5000
02 08:18:54:497 Asignando SERVERPORTFILES a 5001
02 08:18:54:497 Asignando PUERTOINICIAL a 5002
02 08:18:54:497 Asignando SERVERHTML a HTTP://127.0.0.1:5001/html
02 08:18:54:497 Asignando SERVERIMG a HTTP://127.0.0.1:5001/img
02 08:18:54:498 Asignando SERVERXLS a HTTP://127.0.0.1:5001/xls
02 08:18:54:498 Asignando SERVERPDF a HTTP://127.0.0.1:5001/pdf
02 08:18:54:500 Asignando FILEEXPIRED a 3600
02 08:18:54:500 Asignando TIEMPOESPERA a 240
02 08:18:54:503 Asignando RUTAZIP a D:/V10/v10lib/ZIP
02 08:18:54:505 Asignando RUTAHELP a C:\V10\REDUR\V10LIB\WWW/help/html
02 08:18:54:505 Asignando RUTAPLANTILLAS a C:\V10\REDUR\V10LIB\WWW/html
02 08:18:54:506 Asignando RUTAXLS a C:\V10\REDUR\V10LIB\WWW/xls
02 08:18:54:506 Asignando RUTAPDF a C:\V10\REDUR\V10LIB\WWW/pdf
02 08:18:54:506 Asignando COMPRIMIR a 1
02 08:18:54:510 Escuchando en puerto 5000 con protocolo HTTP
02 08:19:02:652 Sesion 0: Inicio hebra
02 08:19:02:652 Conexion 0124D244 recibe petición
GET /v10LOGIN HTTP/1.1
Accept: */*
Accept-Language: es-VE,es-ES;q=0.7,es;q=0.3
Accept-Encoding: gzip, deflate
User-Agent: Mozilla/4.0 (compatible; MSIE 7.0; Windows NT 10.0; WOW64; Trident/7.0; .NET4.0C; .NET4.0E; .NET CLR 2.0.50727; .NET CLR 3.0.30729; .NET CLR 3.5.30729; InfoPath.3; Zoom 3.6.0)
Host: 127.0.0.1:5000
Connection: Keep-Alive

02 08:19:02:653 Tratapeticion: Server cambia de valor de 00000000 a 0124D244
02 08:19:02:657 Se captura IP del cliente 127.0.0.1
02 08:19:02:657 Se captura H_NAME del cliente ACTIVATION
02 08:19:02:657 Ejecutando VDFORM.EXE -OR1 -OUREDUR/REDUR@LOCAL -LNFORM.LOG -LM2 -FWFICHERO=V10LISTENERDESKTOP-7S694MU -FWVISIBLE=0 -FWSESION=k0FrE7J34MD7NHcWNL1DVEJ3O8WQaE -FWPUERTO=5002 -FWHOST=ACTIVATION -FWTECLADO=0 
02 08:19:02:691 Sesion 0: Arrancado Proceso v10form
02 08:19:02:691 Sesion 0: Intentando conectar con v10form en puerto 5002
02 08:19:02:691 Conectando con 127.0.0.1 servicio 5002 protocolo tcp
02 08:19:02:691 Encontrado host 127.0.0.1
02 08:19:02:691 Encontrado servicio 5002
02 08:19:04:246 Sesión con v10form establecida
02 08:19:05:257 Envio un total de 0.00 KB
02 08:19:05:257 Enviada la respuesta a socket 0124D244
02 08:19:05:257 Sesion 0: Sesión rota
02 08:19:05:257 Libera 124d244
02 08:19:05:257 Sesion 0: Fin hebra

00 14:21:43:147 Fichero de log cerrado.

00 14:21:45:370 Fichero de log abierto PID 17648

02 14:21:45:370 Intentando abrir fichero v10.ini
02 14:21:45:385 Cargando driver v10oracle funcion damedriveroracle
02 14:21:46:155 Conectado a base de datos
02 14:21:46:170 Asignando RELEECONF a 500
02 14:21:46:170 Asignando ACCESO a V10LOGIN
02 14:21:46:170 Asignando NIVELLOG a 2
02 14:21:46:170 Asignando PROTEGIDO a 500
02 14:21:46:170 Asignando DEBUGHTTP a 2
02 14:21:46:170 Asignando VISIBLEEXE a 0
02 14:21:46:170 Asignando FICHEROEXE a VDFORM.EXE -OR1
02 14:21:46:170 Asignando CONEXIONBD a REDUR/REDUR@LOCAL
02 14:21:46:170 Asignando SERVIDOR a HTTP://127.0.0.1
02 14:21:46:170 Asignando SERVERPORT a 5000
02 14:21:46:170 Asignando SERVERPORTFILES a 5001
02 14:21:46:170 Asignando PUERTOINICIAL a 5002
02 14:21:46:170 Asignando SERVERHTML a HTTP://127.0.0.1:5001/html
02 14:21:46:170 Asignando SERVERIMG a HTTP://127.0.0.1:5001/img
02 14:21:46:170 Asignando SERVERXLS a HTTP://127.0.0.1:5001/xls
02 14:21:46:170 Asignando SERVERPDF a HTTP://127.0.0.1:5001/pdf
02 14:21:46:170 Asignando FILEEXPIRED a 3600
02 14:21:46:170 Asignando TIEMPOESPERA a 240
02 14:21:46:170 Asignando RUTAZIP a D:/V10/v10lib/ZIP
02 14:21:46:170 Asignando RUTAHELP a C:\V10\REDUR\V10LIB\WWW/help/html
02 14:21:46:170 Asignando RUTAPLANTILLAS a C:\V10\REDUR\V10LIB\WWW/html
02 14:21:46:170 Asignando RUTAXLS a C:\V10\REDUR\V10LIB\WWW/xls
02 14:21:46:170 Asignando RUTAPDF a C:\V10\REDUR\V10LIB\WWW/pdf
02 14:21:46:170 Asignando COMPRIMIR a 1
02 14:21:46:187 Escuchando en puerto 5000 con protocolo HTTP
02 14:21:47:775 Sesion 0: Inicio hebra
02 14:21:47:775 Conexion 00B780F4 recibe petición
GET /v10LOGIN HTTP/1.1
Accept: */*
Accept-Language: es-VE,es-ES;q=0.7,es;q=0.3
Accept-Encoding: gzip, deflate
User-Agent: Mozilla/4.0 (compatible; MSIE 7.0; Windows NT 10.0; WOW64; Trident/7.0; .NET4.0C; .NET4.0E; .NET CLR 2.0.50727; .NET CLR 3.0.30729; .NET CLR 3.5.30729; InfoPath.3; Zoom 3.6.0)
Host: 127.0.0.1:5000
Connection: Keep-Alive

02 14:21:47:775 Tratapeticion: Server cambia de valor de 00000000 a 00B780F4
02 14:21:47:875 Se captura IP del cliente 127.0.0.1
02 14:21:47:875 Se captura H_NAME del cliente ACTIVATION
02 14:21:47:875 Ejecutando VDFORM.EXE -OR1 -OUREDUR/REDUR@LOCAL -LNFORM.LOG -LM2 -FWFICHERO=V10LISTENERDESKTOP-7S694MU -FWVISIBLE=0 -FWSESION=GQiRNc2XRKTmV8pF1z6k78C7MKFgtR -FWPUERTO=5002 -FWHOST=ACTIVATION -FWTECLADO=0 
02 14:21:47:890 Sesion 0: Arrancado Proceso v10form
02 14:21:47:890 Sesion 0: Intentando conectar con v10form en puerto 5002
02 14:21:47:890 Conectando con 127.0.0.1 servicio 5002 protocolo tcp
02 14:21:47:890 Encontrado host 127.0.0.1
02 14:21:47:890 Encontrado servicio 5002
02 14:21:48:962 Sesión con v10form establecida
02 14:21:49:964 Envio un total de 0.00 KB
02 14:21:49:964 Enviada la respuesta a socket 00B780F4
02 14:21:49:964 Sesion 0: Sesión rota
02 14:21:49:964 Libera b780f4
02 14:21:49:964 Sesion 0: Fin hebra

00 15:46:55:594 Fichero de log cerrado.

