00 09:23:29:680 Fichero de log abierto PID 11088

02 09:23:29:680 Intentando abrir fichero v10.ini
02 09:23:29:682 Cargando driver v10oracle funcion damedriveroracle
02 09:23:29:760 Conectado a base de datos
02 09:23:29:762 Asignando ACCESO a V10LOGIN
02 09:23:29:762 Asignando NIVELLOG a 2
02 09:23:29:762 Asignando PROTEGIDO a 500
02 09:23:29:763 Asignando DEBUGHTTP a 1
02 09:23:29:763 Asignando VISIBLEEXE a 1
02 09:23:29:763 Asignando FICHEROEXE a VDFORM.EXE -OR1
02 09:23:29:763 Asignando CONEXIONBD a REDUR/REDUR@LOCAL
02 09:23:29:765 Asignando SERVIDOR a HTTP://127.0.0.1
02 09:23:29:766 Asignando SERVERPORTFILES a 1235
02 09:23:29:766 Asignando SERVERHTML a HTTP://127.0.0.1:1235/html
02 09:23:29:800 Asignando SERVERIMG a HTTP://127.0.0.1:1235/img
02 09:23:29:801 Asignando SERVERXLS a HTTP://127.0.0.1:1235/xls
02 09:23:29:801 Asignando SERVERPDF a HTTP://127.0.0.1:1235/pdf
02 09:23:29:801 Asignando FILEEXPIRED a 3600
02 09:23:29:802 Asignando TIEMPOESPERA a 240
02 09:23:29:805 Asignando RUTAZIP a E:\V10\productos\REDUR20200430\V10LIB/ZIP
02 09:23:29:806 Asignando RUTAHELP a E:\V10\productos\REDUR20200430\V10LIB\WWW/help/html
02 09:23:29:806 Asignando RUTAPLANTILLAS a E:\V10\productos\REDUR20200430\V10LIB\WWW/html
02 09:23:29:806 Asignando RUTAXLS a E:\V10\productos\REDUR20200430\V10LIB\WWW/xls
02 09:23:29:807 Asignando RUTAPDF a E:\V10\productos\REDUR20200430\V10LIB\WWW/pdf
02 09:23:29:807 Asignando COMPRIMIR a 1
02 09:23:29:810 Escuchando en puerto 1234 con protocolo HTTP
02 09:23:33:281 Sesion 0: Inicio hebra
02 09:23:33:281 Conexion 00905054 recibe petición
GET /v10LOGIN/&HOST=NINO&EXTRA=NINO& HTTP/1.1
Accept: */*
Accept-Language: es-ES
UA-CPU: AMD64
Accept-Encoding: gzip, deflate
User-Agent: Mozilla/4.0 (compatible; MSIE 7.0; Windows NT 6.2; Win64; x64; Trident/7.0; .NET4.0C; .NET4.0E; .NET CLR 2.0.50727; .NET CLR 3.0.30729; .NET CLR 3.5.30729)
Host: 127.0.0.1:1234
Connection: Keep-Alive

02 09:23:33:281 Tratapeticion: Server cambia de valor de 00000000 a 00905054
02 09:23:33:281 Se captura HOST en URL del cliente NINO 
02 09:23:33:281 Ejecutando VDFORM.EXE -OR1 -OUREDUR/REDUR@LOCAL -LNFORM.LOG -LM2 -FWFICHERO=V10LISTENERNINO -FWVISIBLE=1 -FWSESION=83IPWERCJ95IGz170HF5We64Xu2Ej6 -FWPUERTO=20000 -FWHOST=NINO -FWTECLADO=0 NINO
02 09:23:33:340 Sesion 0: Arrancado Proceso v10form
02 09:23:33:340 Sesion 0: Intentando conectar con v10form en puerto 20000
02 09:23:33:340 Conectando con 127.0.0.1 servicio 20000 protocolo tcp
02 09:23:33:347 Encontrado host 127.0.0.1
02 09:23:33:347 Encontrado servicio 20000
02 09:23:33:852 Sesión con v10form establecida
02 09:23:34:853 Envio un total de 0.00 KB
02 09:23:34:855 Enviada la respuesta a socket 00905054
02 09:23:34:855 Sesion 0: Sesión rota
02 09:23:34:856 Libera 905054
02 09:23:34:856 Sesion 0: Fin hebra
02 09:24:29:820 Asignando SERVERHTML a HTTP://127.0.0.1:1235/html
02 12:04:01:925 Sesion 0: Inicio hebra
02 12:04:01:925 Conexion 00904AA4 recibe petición
GET /V10LOGIN&HOST=NINO& HTTP/1.1
Accept: image/gif, image/jpeg, image/pjpeg, application/x-ms-application, application/xaml+xml, application/x-ms-xbap, */*
Referer: http://127.0.0.1:20000/v10login
Accept-Language: es-ES
UA-CPU: AMD64
Accept-Encoding: gzip, deflate
User-Agent: Mozilla/4.0 (compatible; MSIE 7.0; Windows NT 6.2; Win64; x64; Trident/7.0; .NET4.0C; .NET4.0E; .NET CLR 2.0.50727; .NET CLR 3.0.30729; .NET CLR 3.5.30729)
Connection: Keep-Alive
Cache-Control: no-cache
Host: 127.0.0.1:1234

02 12:04:01:925 Tratapeticion: Server cambia de valor de 00905054 a 00904AA4
02 12:04:01:925 Se captura HOST en URL del cliente NINO 
02 12:04:01:927 Ejecutando VDFORM.EXE -OR1 -OUREDUR/REDUR@LOCAL -LNFORM.LOG -LM2 -FWFICHERO=V10LISTENERNINO -FWVISIBLE=1 -FWSESION=L5QH94c491dS55EXL9P75DRQgPMUJ0 -FWPUERTO=20001 -FWHOST=NINO -FWTECLADO=0 
02 12:04:01:997 Sesion 0: Arrancado Proceso v10form
02 12:04:01:997 Sesion 0: Intentando conectar con v10form en puerto 20001
02 12:04:01:997 Conectando con 127.0.0.1 servicio 20001 protocolo tcp
02 12:04:01:997 Encontrado host 127.0.0.1
02 12:04:01:997 Encontrado servicio 20001
02 12:04:03:002 Sesión con v10form establecida
02 12:04:04:004 Envio un total de 0.00 KB
02 12:04:04:005 Enviada la respuesta a socket 00904AA4
02 12:04:04:005 Sesion 0: Sesión rota
02 12:04:04:005 Libera 904aa4
02 12:04:04:007 Sesion 0: Fin hebra
02 12:04:32:894 Asignando SERVERHTML a HTTP://127.0.0.1:1235/html

00 17:40:20:297 Fichero de log cerrado.

