00 10:51:47:237 Fichero de log abierto PID 8520

02 10:51:47:237 Intentando abrir fichero v10.ini
02 10:51:47:245 Cargando driver v10oracle funcion damedriveroracle
00 10:51:51:732 Error al conectar ORA-12514: TNS:el listener no conoce actualmente el servicio solicitado en el descriptor de conexión
00 10:51:51:792 Error de conexion -1
00 10:51:53:127 Error al conectar ORA-12514: TNS:el listener no conoce actualmente el servicio solicitado en el descriptor de conexión
00 10:51:53:127 Error de conexion -1
00 10:51:54:506 Error al conectar ORA-12514: TNS:el listener no conoce actualmente el servicio solicitado en el descriptor de conexión
00 10:51:54:507 Error de conexion -1
00 10:51:55:952 Error al conectar ORA-12514: TNS:el listener no conoce actualmente el servicio solicitado en el descriptor de conexión
00 10:51:55:952 Error de conexion -1
00 10:51:57:297 Error al conectar ORA-12514: TNS:el listener no conoce actualmente el servicio solicitado en el descriptor de conexión
00 10:51:57:297 Error de conexion -1

00 10:51:57:415 Fichero de log cerrado.

00 10:52:31:780 Fichero de log abierto PID 256

02 10:52:31:780 Intentando abrir fichero v10.ini
02 10:52:31:782 Cargando driver v10oracle funcion damedriveroracle
02 10:52:32:157 Conectado a base de datos
02 10:52:33:222 Asignando RELEECONF a 500
02 10:52:33:235 Asignando ACCESO a V10LOGIN
02 10:52:33:246 Asignando NIVELLOG a 2
02 10:52:33:256 Asignando PROTEGIDO a 500
02 10:52:33:267 Asignando DEBUGHTTP a 2
02 10:52:33:277 Asignando VISIBLEEXE a 0
02 10:52:33:287 Asignando FICHEROEXE a VDFORM.EXE -OR1
02 10:52:33:297 Asignando CONEXIONBD a RDRD/Z4pATa2020#-@RDRD
02 10:52:33:308 Asignando SERVIDOR a HTTP://192.168.1.216
02 10:52:33:328 Asignando SERVERPORT a 5100
02 10:52:33:340 Asignando SERVERPORTFILES a 5101
02 10:52:33:350 Asignando PUERTOINICIAL a 5102
02 10:52:33:360 Asignando SERVERHTML a HTTP://192.168.1.216:5101/html
02 10:52:33:371 Asignando SERVERIMG a HTTP://192.168.1.216:5101/img
02 10:52:33:382 Asignando SERVERXLS a HTTP://192.168.1.216:5101/xls
02 10:52:33:393 Asignando SERVERPDF a HTTP://192.168.1.216:5101/pdf
02 10:52:33:403 Asignando FILEEXPIRED a 3600
02 10:52:33:413 Asignando TIEMPOESPERA a 240
02 10:52:33:542 Asignando RUTAZIP a D:/V10/v10lib/ZIP
02 10:52:33:555 Asignando RUTAHELP a E:\PROYECTOS\REDUR\v10lib\WWW/help/html
02 10:52:33:566 Asignando RUTAPLANTILLAS a E:\PROYECTOS\REDUR\v10lib\WWW/html
02 10:52:33:576 Asignando RUTAXLS a E:\PROYECTOS\REDUR\v10lib\WWW/xls
02 10:52:33:587 Asignando RUTAPDF a E:\PROYECTOS\REDUR\v10lib\WWW/pdf
02 10:52:33:597 Asignando COMPRIMIR a 1
02 10:52:33:686 Escuchando en puerto 5100 con protocolo HTTP

00 10:54:20:522 Fichero de log cerrado.

00 10:58:57:733 Fichero de log abierto PID 7068

02 10:58:57:733 Intentando abrir fichero v10.ini
02 10:58:57:743 Cargando driver v10oracle funcion damedriveroracle
02 10:58:57:832 Conectado a base de datos
02 10:58:58:486 Asignando ACCESO a V10LOGIN
02 10:58:58:487 Asignando NIVELLOG a 2
02 10:58:58:487 Asignando PROTEGIDO a 500
02 10:58:58:487 Asignando DEBUGHTTP a 1
02 10:58:58:488 Asignando VISIBLEEXE a 1
02 10:58:58:490 Asignando FICHEROEXE a VDFORM.EXE -OR1
02 10:58:58:491 Asignando CONEXIONBD a REDUR/REDUR@LOCAL
02 10:58:58:492 Asignando SERVIDOR a HTTP://127.0.0.1
02 10:58:58:495 Asignando SERVERPORTFILES a 1235
02 10:58:58:496 Asignando SERVERHTML a HTTP://127.0.0.1:1235/html
02 10:58:58:497 Asignando SERVERIMG a HTTP://127.0.0.1:1235/img
02 10:58:58:498 Asignando SERVERXLS a HTTP://127.0.0.1:1235/xls
02 10:58:58:500 Asignando SERVERPDF a HTTP://127.0.0.1:1235/pdf
02 10:58:58:501 Asignando FILEEXPIRED a 3600
02 10:58:58:502 Asignando TIEMPOESPERA a 240
02 10:58:58:512 Asignando RUTAZIP a E:\V10\productos\REDUR20200430\V10LIB/ZIP
02 10:58:58:512 Asignando RUTAHELP a E:\V10\productos\REDUR20200430\V10LIB\WWW/help/html
02 10:58:58:513 Asignando RUTAPLANTILLAS a E:\V10\productos\REDUR20200430\V10LIB\WWW/html
02 10:58:58:515 Asignando RUTAXLS a E:\V10\productos\REDUR20200430\V10LIB\WWW/xls
02 10:58:58:515 Asignando RUTAPDF a E:\V10\productos\REDUR20200430\V10LIB\WWW/pdf
02 10:58:58:516 Asignando COMPRIMIR a 1
02 10:58:58:522 Escuchando en puerto 1234 con protocolo HTTP
02 10:59:04:255 Sesion 0: Inicio hebra
02 10:59:04:256 Sesion 1: Inicio hebra
02 10:59:04:256 Conexion 0142F8F4 recibe petición
GET /v10LOGIN/&HOST=NINO&EXTRA=NINO& HTTP/1.1
Accept: */*
Accept-Language: es-ES
UA-CPU: AMD64
Accept-Encoding: gzip, deflate
User-Agent: Mozilla/4.0 (compatible; MSIE 7.0; Windows NT 6.2; Win64; x64; Trident/7.0; .NET4.0C; .NET4.0E; .NET CLR 2.0.50727; .NET CLR 3.0.30729; .NET CLR 3.5.30729)
Host: 127.0.0.1:1234
Connection: Keep-Alive

02 10:59:04:256 Tratapeticion: Server cambia de valor de 00000000 a 0142F8F4
02 10:59:04:256 Se captura HOST en URL del cliente NINO 
02 10:59:04:261 Ejecutando VDFORM.EXE -OR1 -OUREDUR/REDUR@LOCAL -LNFORM.LOG -LM2 -FWFICHERO=V10LISTENERNINO -FWVISIBLE=1 -FWSESION=WI889jW8TR409DSL1V9WkAW25VK7R6 -FWPUERTO=20000 -FWHOST=NINO -FWTECLADO=0 NINO
02 10:59:04:405 Sesion 1: Arrancado Proceso v10form
02 10:59:04:405 Sesion 1: Intentando conectar con v10form en puerto 20000
02 10:59:04:405 Conectando con 127.0.0.1 servicio 20000 protocolo tcp
02 10:59:04:411 Encontrado host 127.0.0.1
02 10:59:04:411 Encontrado servicio 20000
02 10:59:05:416 Sesión con v10form establecida
02 10:59:06:417 Envio un total de 0.00 KB
02 10:59:06:443 Enviada la respuesta a socket 0142F8F4
02 10:59:06:443 Sesion 1: Sesión rota
02 10:59:06:445 Libera 142f8f4
02 10:59:06:445 Sesion 1: Fin hebra
02 10:59:18:876 Sesion 0: Sesión rota
02 10:59:18:876 Libera 142f654
02 10:59:18:876 Sesion 0: Fin hebra
02 10:59:58:532 Asignando SERVERHTML a HTTP://127.0.0.1:1235/html

00 11:07:25:257 Fichero de log cerrado.

