00 12:50:19:992 Fichero de log abierto PID 13560

02 12:50:19:994 Intentando abrir fichero v10.ini
02 12:50:19:995 Cargando driver v10oracle funcion damedriveroracle
00 12:50:19:995 Fichero de log abierto PID 14768

02 12:50:19:999 Intentando abrir fichero v10.ini
02 12:50:20:002 Cargando driver v10oracle funcion damedriveroracle
02 12:50:20:127 Conectado a base de datos
02 12:50:20:127 Asignando RELEECONF a 500
02 12:50:20:127 Asignando ACCESO a V10LOGIN
02 12:50:20:127 Asignando NIVELLOG a 2
02 12:50:20:127 Asignando PROTEGIDO a 500
02 12:50:20:127 Asignando DEBUGHTTP a 2
02 12:50:20:127 Asignando VISIBLEEXE a 0
02 12:50:20:127 Asignando FICHEROEXE a VDFORM.EXE -OR1
02 12:50:20:127 Asignando CONEXIONBD a REDUR/REDUR@LOCAL
02 12:50:20:127 Asignando SERVIDOR a HTTP://127.0.0.1
02 12:50:20:127 Asignando SERVERPORT a 5000
02 12:50:20:127 Asignando SERVERPORTFILES a 5001
02 12:50:20:127 Asignando PUERTOINICIAL a 5002
02 12:50:20:127 Asignando SERVERHTML a HTTP://127.0.0.1:5001/html
02 12:50:20:127 Asignando SERVERIMG a HTTP://127.0.0.1:5001/img
02 12:50:20:127 Asignando SERVERXLS a HTTP://127.0.0.1:5001/xls
02 12:50:20:127 Asignando SERVERPDF a HTTP://127.0.0.1:5001/pdf
02 12:50:20:127 Asignando FILEEXPIRED a 3600
02 12:50:20:127 Asignando TIEMPOESPERA a 240
02 12:50:20:127 Asignando RUTAZIP a C:/V10/v10lib/ZIP
02 12:50:20:127 Asignando RUTAHELP a C:\V10\REDUR\V10LIB\WWW/help/html
02 12:50:20:127 Asignando RUTAPLANTILLAS a C:\V10\REDUR\V10LIB\WWW/html
02 12:50:20:127 Asignando RUTAXLS a C:\V10\REDUR\V10LIB\WWW/xls
02 12:50:20:127 Asignando RUTAPDF a C:\V10\REDUR\V10LIB\WWW/pdf
02 12:50:20:127 Asignando COMPRIMIR a 1
02 12:50:20:127 Conectado a base de datos
02 12:50:20:127 Asignando RELEECONF a 500
02 12:50:20:127 Asignando ACCESO a V10LOGIN
02 12:50:20:127 Escuchando en puerto 5000 con protocolo HTTP
02 12:50:20:127 Asignando NIVELLOG a 2
02 12:50:20:127 Asignando PROTEGIDO a 500
02 12:50:20:127 Asignando DEBUGHTTP a 2
02 12:50:20:127 Asignando VISIBLEEXE a 0
02 12:50:20:127 Asignando FICHEROEXE a VDFORM.EXE -OR1
02 12:50:20:127 Asignando CONEXIONBD a REDUR/REDUR@LOCAL
02 12:50:20:127 Asignando SERVIDOR a HTTP://127.0.0.1
02 12:50:20:127 Asignando SERVERPORT a 5200
02 12:50:20:127 Asignando SERVERPORTFILES a 5101
02 12:50:20:127 Asignando PUERTOINICIAL a 5202
02 12:50:20:127 Asignando SERVERHTML a HTTP://127.0.0.1:5101/html
02 12:50:20:127 Asignando SERVERIMG a HTTP://127.0.0.1:5101/img
02 12:50:20:127 Asignando SERVERXLS a HTTP://127.0.0.1:5101/xls
02 12:50:20:127 Asignando SERVERPDF a HTTP://127.0.0.1:5101/pdf
02 12:50:20:127 Asignando FILEEXPIRED a 3600
02 12:50:20:127 Asignando TIEMPOESPERA a 240
02 12:50:20:127 Asignando RUTAZIP a C:\V10/v10lib/ZIP
02 12:50:20:127 Asignando RUTAHELP a C:/V10/v10lib/WWW/help/html
02 12:50:20:127 Asignando RUTAPLANTILLAS a C:/V10/v10lib/WWW/html
02 12:50:20:127 Asignando RUTAXLS a C:/V10/v10lib/WWW/xls
02 12:50:20:127 Asignando RUTAPDF a C:/V10/v10lib/WWW/pdf
02 12:50:20:127 Asignando COMPRIMIR a 1
02 12:50:20:127 Escuchando en puerto 5200 con protocolo HTTP
