00 09:50:04:662 Fichero de log abierto PID 17692

02 09:50:04:662 Intentando abrir fichero v10.ini
02 09:50:04:662 Cargando driver v10oracle funcion damedriveroracle
02 09:50:04:723 Conectado a base de datos
02 09:50:04:723 Asignando ACCESO a V10LOGIN
02 09:50:04:723 Asignando NIVELLOG a 2
02 09:50:04:723 Asignando PROTEGIDO a 500
02 09:50:04:723 Asignando DEBUGHTTP a 1
02 09:50:04:723 Asignando VISIBLEEXE a 0
02 09:50:04:723 Asignando FICHEROEXE a VDFORM.EXE -OR1
02 09:50:04:723 Asignando CONEXIONBD a REDUR/REDUR@LOCAL
02 09:50:04:723 Asignando SERVIDOR a HTTP://127.0.0.1
02 09:50:04:723 Asignando SERVERPORTFILES a 1235
02 09:50:04:723 Asignando SERVERHTML a HTTP://127.0.0.1:1235/html
02 09:50:04:723 Asignando SERVERIMG a HTTP://127.0.0.1:1235/img
02 09:50:04:723 Asignando SERVERXLS a HTTP://127.0.0.1:1235/xls
02 09:50:04:723 Asignando SERVERPDF a HTTP://127.0.0.1:1235/pdf
02 09:50:04:723 Asignando FILEEXPIRED a 3600
02 09:50:04:723 Asignando TIEMPOESPERA a 240
02 09:50:04:723 Asignando RUTAZIP a E:\V10\productos\REDUR20200430\V10LIB/ZIP
02 09:50:04:723 Asignando RUTAHELP a E:\V10\productos\REDUR20200430\V10LIB\WWW/help/html
02 09:50:04:723 Asignando RUTAPLANTILLAS a E:\V10\productos\REDUR20200430\V10LIB\WWW/html
02 09:50:04:723 Asignando RUTAXLS a E:\V10\productos\REDUR20200430\V10LIB\WWW/xls
02 09:50:04:723 Asignando RUTAPDF a E:\V10\productos\REDUR20200430\V10LIB\WWW/pdf
02 09:50:04:723 Asignando COMPRIMIR a 1
02 09:50:04:723 Escuchando en puerto 1234 con protocolo HTTP
02 09:50:08:527 Sesion 0: Inicio hebra
02 09:50:08:527 Conexion 01188944 recibe petición
GET /v10LOGIN/&HOST=NINO&EXTRA=NINO& HTTP/1.1
Accept: */*
Accept-Language: es-ES
UA-CPU: AMD64
Accept-Encoding: gzip, deflate
User-Agent: Mozilla/4.0 (compatible; MSIE 7.0; Windows NT 6.2; Win64; x64; Trident/7.0; .NET4.0C; .NET4.0E; .NET CLR 2.0.50727; .NET CLR 3.0.30729; .NET CLR 3.5.30729)
Host: 127.0.0.1:1234
Connection: Keep-Alive

02 09:50:08:527 Tratapeticion: Server cambia de valor de 00000000 a 01188944
02 09:50:08:527 Se captura HOST en URL del cliente NINO 
02 09:50:08:527 Ejecutando VDFORM.EXE -OR1 -OUREDUR/REDUR@LOCAL -LNFORM.LOG -LM2 -FWFICHERO=V10LISTENERNINO -FWVISIBLE=0 -FWSESION=AFQ2DSUX9TT51cAAH5Do46pMhIx5UT -FWPUERTO=20000 -FWHOST=NINO -FWTECLADO=0 NINO
02 09:50:08:527 Sesion 0: Arrancado Proceso v10form
02 09:50:08:527 Sesion 0: Intentando conectar con v10form en puerto 20000
02 09:50:08:532 Conectando con 127.0.0.1 servicio 20000 protocolo tcp
02 09:50:08:532 Encontrado host 127.0.0.1
02 09:50:08:532 Encontrado servicio 20000
02 09:50:08:548 Sesion 1: Inicio hebra
02 09:50:09:081 Sesión con v10form establecida
02 09:50:10:083 Envio un total de 0.00 KB
02 09:50:10:083 Enviada la respuesta a socket 01188944
02 09:50:10:083 Sesion 0: Sesión rota
02 09:50:10:083 Libera 1188944
02 09:50:10:083 Sesion 0: Fin hebra
02 09:50:48:427 Sesion 1: Sesión rota
02 09:50:48:427 Libera 118835c
02 09:50:48:427 Sesion 1: Fin hebra

00 09:50:52:107 Fichero de log cerrado.

00 12:27:19:205 Fichero de log abierto PID 9504

02 12:27:19:205 Intentando abrir fichero v10.ini
02 12:27:19:205 Cargando driver v10oracle funcion damedriveroracle
02 12:27:19:422 Conectado a base de datos
02 12:27:19:422 Asignando ACCESO a V10LOGIN
02 12:27:19:422 Asignando NIVELLOG a 2
02 12:27:19:422 Asignando PROTEGIDO a 500
02 12:27:19:422 Asignando DEBUGHTTP a 1
02 12:27:19:422 Asignando VISIBLEEXE a 0
02 12:27:19:422 Asignando FICHEROEXE a VDFORM.EXE -OR1
02 12:27:19:422 Asignando CONEXIONBD a REDUR/REDUR@LOCAL
02 12:27:19:422 Asignando SERVIDOR a HTTP://127.0.0.1
02 12:27:19:422 Asignando SERVERPORTFILES a 1235
02 12:27:19:422 Asignando SERVERHTML a HTTP://127.0.0.1:1235/html
02 12:27:19:422 Asignando SERVERIMG a HTTP://127.0.0.1:1235/img
02 12:27:19:422 Asignando SERVERXLS a HTTP://127.0.0.1:1235/xls
02 12:27:19:422 Asignando SERVERPDF a HTTP://127.0.0.1:1235/pdf
02 12:27:19:422 Asignando FILEEXPIRED a 3600
02 12:27:19:422 Asignando TIEMPOESPERA a 240
02 12:27:19:422 Asignando RUTAZIP a E:\V10\productos\REDUR20200430\V10LIB/ZIP
02 12:27:19:422 Asignando RUTAHELP a E:\V10\productos\REDUR20200430\V10LIB\WWW/help/html
02 12:27:19:422 Asignando RUTAPLANTILLAS a E:\V10\productos\REDUR20200430\V10LIB\WWW/html
02 12:27:19:422 Asignando RUTAXLS a E:\V10\productos\REDUR20200430\V10LIB\WWW/xls
02 12:27:19:422 Asignando RUTAPDF a E:\V10\productos\REDUR20200430\V10LIB\WWW/pdf
02 12:27:19:422 Asignando COMPRIMIR a 1
02 12:27:19:422 Escuchando en puerto 1234 con protocolo HTTP
02 12:27:22:467 Sesion 0: Inicio hebra
02 12:27:22:467 Conexion 00C40C8C recibe petición
GET /v10LOGIN/&HOST=NINO&EXTRA=NINO& HTTP/1.1
Accept: */*
Accept-Language: es-ES
UA-CPU: AMD64
Accept-Encoding: gzip, deflate
User-Agent: Mozilla/4.0 (compatible; MSIE 7.0; Windows NT 6.2; Win64; x64; Trident/7.0; .NET4.0C; .NET4.0E; .NET CLR 2.0.50727; .NET CLR 3.0.30729; .NET CLR 3.5.30729)
Host: 127.0.0.1:1234
Connection: Keep-Alive

02 12:27:22:467 Tratapeticion: Server cambia de valor de 00000000 a 00C40C8C
02 12:27:22:467 Se captura HOST en URL del cliente NINO 
02 12:27:22:467 Ejecutando VDFORM.EXE -OR1 -OUREDUR/REDUR@LOCAL -LNFORM.LOG -LM2 -FWFICHERO=V10LISTENERNINO -FWVISIBLE=0 -FWSESION=qgR0DI0W2i8BuK826587jS188CXnG9 -FWPUERTO=20000 -FWHOST=NINO -FWTECLADO=0 NINO
02 12:27:22:504 Sesion 0: Arrancado Proceso v10form
02 12:27:22:504 Sesion 0: Intentando conectar con v10form en puerto 20000
02 12:27:22:504 Conectando con 127.0.0.1 servicio 20000 protocolo tcp
02 12:27:22:504 Encontrado host 127.0.0.1
02 12:27:22:504 Encontrado servicio 20000
02 12:27:23:049 Sesión con v10form establecida
02 12:27:24:050 Envio un total de 0.00 KB
02 12:27:24:050 Enviada la respuesta a socket 00C40C8C
02 12:27:24:050 Sesion 0: Sesión rota
02 12:27:24:050 Libera c40c8c
02 12:27:24:050 Sesion 0: Fin hebra
02 12:28:19:450 Asignando SERVERHTML a HTTP://127.0.0.1:1235/html

00 12:36:11:824 Fichero de log cerrado.

00 14:38:06:712 Fichero de log abierto PID 12456

02 14:38:06:727 Intentando abrir fichero v10.ini
02 14:38:06:729 Cargando driver v10oracle funcion damedriveroracle
00 14:38:10:082 Error al conectar ORA-12514: TNS:el listener no conoce actualmente el servicio solicitado en el descriptor de conexión
00 14:38:10:102 Error de conexion -1
00 14:38:11:285 Error al conectar ORA-12514: TNS:el listener no conoce actualmente el servicio solicitado en el descriptor de conexión
00 14:38:11:285 Error de conexion -1
00 14:38:12:452 Error al conectar ORA-12514: TNS:el listener no conoce actualmente el servicio solicitado en el descriptor de conexión
00 14:38:12:452 Error de conexion -1
00 14:38:13:582 Error al conectar ORA-12514: TNS:el listener no conoce actualmente el servicio solicitado en el descriptor de conexión
00 14:38:13:582 Error de conexion -1
00 14:38:14:700 Error al conectar ORA-12514: TNS:el listener no conoce actualmente el servicio solicitado en el descriptor de conexión
00 14:38:14:700 Error de conexion -1
00 14:38:15:857 Error al conectar ORA-12514: TNS:el listener no conoce actualmente el servicio solicitado en el descriptor de conexión
00 14:38:15:857 Error de conexion -1
00 14:38:16:980 Error al conectar ORA-12514: TNS:el listener no conoce actualmente el servicio solicitado en el descriptor de conexión
00 14:38:16:980 Error de conexion -1
00 14:38:18:139 Error al conectar ORA-12514: TNS:el listener no conoce actualmente el servicio solicitado en el descriptor de conexión
00 14:38:18:139 Error de conexion -1
00 14:38:19:292 Error al conectar ORA-12514: TNS:el listener no conoce actualmente el servicio solicitado en el descriptor de conexión
00 14:38:19:292 Error de conexion -1
00 14:38:20:424 Error al conectar ORA-12514: TNS:el listener no conoce actualmente el servicio solicitado en el descriptor de conexión
00 14:38:20:424 Error de conexion -1
00 14:38:21:607 Error al conectar ORA-12514: TNS:el listener no conoce actualmente el servicio solicitado en el descriptor de conexión
00 14:38:21:607 Error de conexion -1
00 14:38:22:765 Error al conectar ORA-12514: TNS:el listener no conoce actualmente el servicio solicitado en el descriptor de conexión
00 14:38:22:765 Error de conexion -1
00 14:38:23:907 Error al conectar ORA-12514: TNS:el listener no conoce actualmente el servicio solicitado en el descriptor de conexión
00 14:38:23:907 Error de conexion -1

00 14:38:23:967 Fichero de log cerrado.

