00 11:06:27:983 Fichero de log abierto PID 16748

02 11:06:27:983 Intentando abrir fichero v10.ini
02 11:06:27:987 Cargando driver v10oracle funcion damedriveroracle
02 11:06:29:485 Conectado a base de datos
02 11:06:30:026 Asignando ACCESO a V10LOGIN
02 11:06:30:027 Asignando NIVELLOG a 2
02 11:06:30:027 Asignando PROTEGIDO a 500
02 11:06:30:028 Asignando DEBUGHTTP a 1
02 11:06:30:030 Asignando VISIBLEEXE a 1
02 11:06:30:030 Asignando FICHEROEXE a VDFORM.EXE -OR1
02 11:06:30:031 Asignando CONEXIONBD a REDUR/REDUR@LOCAL
02 11:06:30:070 Asignando SERVIDOR a HTTP://127.0.0.1
02 11:06:30:072 Asignando SERVERPORTFILES a 1235
02 11:06:30:072 Asignando SERVERHTML a HTTP://127.0.0.1:1235/html
02 11:06:30:073 Asignando SERVERIMG a HTTP://127.0.0.1:1235/img
02 11:06:30:075 Asignando SERVERXLS a HTTP://127.0.0.1:1235/xls
02 11:06:30:076 Asignando SERVERPDF a HTTP://127.0.0.1:1235/pdf
02 11:06:30:077 Asignando FILEEXPIRED a 3600
02 11:06:30:077 Asignando TIEMPOESPERA a 240
02 11:06:30:085 Asignando RUTAZIP a E:\V10\productos\REDUR20200430\V10LIB/ZIP
02 11:06:30:085 Asignando RUTAHELP a E:\V10\productos\REDUR20200430\V10LIB\WWW/help/html
02 11:06:30:086 Asignando RUTAPLANTILLAS a E:\V10\productos\REDUR20200430\V10LIB\WWW/html
02 11:06:30:087 Asignando RUTAXLS a E:\V10\productos\REDUR20200430\V10LIB\WWW/xls
02 11:06:30:087 Asignando RUTAPDF a E:\V10\productos\REDUR20200430\V10LIB\WWW/pdf
02 11:06:30:087 Asignando COMPRIMIR a 1
02 11:06:30:092 Escuchando en puerto 1234 con protocolo HTTP
02 11:06:32:942 Sesion 0: Inicio hebra
02 11:06:32:942 Conexion 0140931C recibe petición
GET /v10LOGIN/&HOST=NINO&EXTRA=NINO& HTTP/1.1
Accept: */*
Accept-Language: es-ES
UA-CPU: AMD64
Accept-Encoding: gzip, deflate
User-Agent: Mozilla/4.0 (compatible; MSIE 7.0; Windows NT 6.2; Win64; x64; Trident/7.0; .NET4.0C; .NET4.0E; .NET CLR 2.0.50727; .NET CLR 3.0.30729; .NET CLR 3.5.30729)
Host: 127.0.0.1:1234
Connection: Keep-Alive

02 11:06:32:942 Tratapeticion: Server cambia de valor de 00000000 a 0140931C
02 11:06:32:942 Se captura HOST en URL del cliente NINO 
02 11:06:33:006 Ejecutando VDFORM.EXE -OR1 -OUREDUR/REDUR@LOCAL -LNFORM.LOG -LM2 -FWFICHERO=V10LISTENERNINO -FWVISIBLE=1 -FWSESION=5U1Miw3CBDGUT2f7B2WMVtGW99NlCW -FWPUERTO=20000 -FWHOST=NINO -FWTECLADO=0 NINO
02 11:06:33:082 Sesion 0: Arrancado Proceso v10form
02 11:06:33:082 Sesion 0: Intentando conectar con v10form en puerto 20000
02 11:06:33:082 Conectando con 127.0.0.1 servicio 20000 protocolo tcp
02 11:06:33:091 Encontrado host 127.0.0.1
02 11:06:33:091 Encontrado servicio 20000
02 11:06:34:595 Sesión con v10form establecida
02 11:06:35:597 Envio un total de 0.00 KB
02 11:06:35:597 Enviada la respuesta a socket 0140931C
02 11:06:35:597 Sesion 0: Sesión rota
02 11:06:35:597 Libera 140931c
02 11:06:35:597 Sesion 0: Fin hebra
02 11:07:30:103 Asignando SERVERHTML a HTTP://127.0.0.1:1235/html

00 13:00:12:184 Fichero de log cerrado.

