00 16:05:58:057 Fichero de log abierto PID 4388

02 16:05:58:059 Intentando abrir fichero v10.ini
02 16:05:58:064 Cargando driver v10oracle funcion damedriveroracle
02 16:05:58:187 Conectado a base de datos
02 16:05:59:009 Asignando ACCESO a V10LOGIN
02 16:05:59:010 Asignando NIVELLOG a 2
02 16:05:59:010 Asignando PROTEGIDO a 500
02 16:05:59:012 Asignando DEBUGHTTP a 1
02 16:05:59:012 Asignando VISIBLEEXE a 1
02 16:05:59:014 Asignando FICHEROEXE a VDFORM.EXE -OR1
02 16:05:59:014 Asignando CONEXIONBD a REDUR/REDUR@LOCAL
02 16:05:59:015 Asignando SERVIDOR a HTTP://127.0.0.1
02 16:05:59:017 Asignando SERVERPORTFILES a 1235
02 16:05:59:020 Asignando SERVERHTML a HTTP://127.0.0.1:1235/html
02 16:05:59:022 Asignando SERVERIMG a HTTP://127.0.0.1:1235/img
02 16:05:59:022 Asignando SERVERXLS a HTTP://127.0.0.1:1235/xls
02 16:05:59:024 Asignando SERVERPDF a HTTP://127.0.0.1:1235/pdf
02 16:05:59:025 Asignando FILEEXPIRED a 3600
02 16:05:59:025 Asignando TIEMPOESPERA a 240
02 16:05:59:032 Asignando RUTAZIP a E:\V10\productos\REDUR20200430\V10LIB/ZIP
02 16:05:59:032 Asignando RUTAHELP a E:\V10\productos\REDUR20200430\V10LIB\WWW/help/html
02 16:05:59:034 Asignando RUTAPLANTILLAS a E:\V10\productos\REDUR20200430\V10LIB\WWW/html
02 16:05:59:034 Asignando RUTAXLS a E:\V10\productos\REDUR20200430\V10LIB\WWW/xls
02 16:05:59:035 Asignando RUTAPDF a E:\V10\productos\REDUR20200430\V10LIB\WWW/pdf
02 16:05:59:035 Asignando COMPRIMIR a 1
02 16:05:59:040 Escuchando en puerto 1234 con protocolo HTTP
02 16:06:10:017 Sesion 0: Inicio hebra
02 16:06:10:017 Conexion 03A57524 recibe petición
GET /v10LOGIN/&HOST=NINO&EXTRA=NINO& HTTP/1.1
Accept: */*
Accept-Language: es-ES
UA-CPU: AMD64
Accept-Encoding: gzip, deflate
User-Agent: Mozilla/4.0 (compatible; MSIE 7.0; Windows NT 6.2; Win64; x64; Trident/7.0; .NET4.0C; .NET4.0E; .NET CLR 2.0.50727; .NET CLR 3.0.30729; .NET CLR 3.5.30729)
Host: 127.0.0.1:1234
Connection: Keep-Alive

02 16:06:10:017 Tratapeticion: Server cambia de valor de 00000000 a 03A57524
02 16:06:10:017 Se captura HOST en URL del cliente NINO 
02 16:06:10:020 Ejecutando VDFORM.EXE -OR1 -OUREDUR/REDUR@LOCAL -LNFORM.LOG -LM2 -FWFICHERO=V10LISTENERNINO -FWVISIBLE=1 -FWSESION=UTsE3469HcLfpwI5oBNLTKdH2759jf -FWPUERTO=20000 -FWHOST=NINO -FWTECLADO=0 NINO
02 16:06:10:165 Sesion 0: Arrancado Proceso v10form
02 16:06:10:165 Sesion 0: Intentando conectar con v10form en puerto 20000
02 16:06:10:165 Conectando con 127.0.0.1 servicio 20000 protocolo tcp
02 16:06:10:174 Encontrado host 127.0.0.1
02 16:06:10:174 Encontrado servicio 20000
02 16:06:11:180 Sesión con v10form establecida
02 16:06:12:180 Envio un total de 0.00 KB
02 16:06:12:182 Enviada la respuesta a socket 03A57524
02 16:06:12:182 Sesion 0: Sesión rota
02 16:06:12:182 Libera 3a57524
02 16:06:12:182 Sesion 0: Fin hebra
02 16:06:59:052 Asignando SERVERHTML a HTTP://127.0.0.1:1235/html

00 17:34:49:550 Fichero de log cerrado.

