00 08:05:22:256 Fichero de log abierto PID 12668

02 08:05:22:256 Intentando abrir fichero v10.ini
02 08:05:22:256 Cargando driver v10oracle funcion damedriveroracle
02 08:05:27:063 Conectado a base de datos
02 08:05:27:063 Asignando RELEECONF a 500
02 08:05:27:063 Asignando ACCESO a V10LOGIN
02 08:05:27:063 Asignando NIVELLOG a 2
02 08:05:27:063 Asignando PROTEGIDO a 500
02 08:05:27:063 Asignando DEBUGHTTP a 2
02 08:05:27:063 Asignando VISIBLEEXE a 0
02 08:05:27:063 Asignando FICHEROEXE a VDFORM.EXE -OR1
02 08:05:27:063 Asignando CONEXIONBD a REDUR/REDUR@LOCAL
02 08:05:27:063 Asignando SERVIDOR a HTTP://127.0.0.1
02 08:05:27:063 Asignando SERVERPORT a 5000
02 08:05:27:063 Asignando SERVERPORTFILES a 5001
02 08:05:27:063 Asignando PUERTOINICIAL a 5002
02 08:05:27:063 Asignando SERVERHTML a HTTP://127.0.0.1:5001/html
02 08:05:27:063 Asignando SERVERIMG a HTTP://127.0.0.1:5001/img
02 08:05:27:063 Asignando SERVERXLS a HTTP://127.0.0.1:5001/xls
02 08:05:27:063 Asignando SERVERPDF a HTTP://127.0.0.1:5001/pdf
02 08:05:27:063 Asignando FILEEXPIRED a 3600
02 08:05:27:063 Asignando TIEMPOESPERA a 240
02 08:05:27:080 Asignando RUTAZIP a D:/V10/v10lib/ZIP
02 08:05:27:080 Asignando RUTAHELP a C:\V10\REDUR\V10LIB\WWW/help/html
02 08:05:27:080 Asignando RUTAPLANTILLAS a C:\V10\REDUR\V10LIB\WWW/html
02 08:05:27:080 Asignando RUTAXLS a C:\V10\REDUR\V10LIB\WWW/xls
02 08:05:27:080 Asignando RUTAPDF a C:\V10\REDUR\V10LIB\WWW/pdf
02 08:05:27:080 Asignando COMPRIMIR a 1
02 08:05:27:080 Escuchando en puerto 5000 con protocolo HTTP
02 08:05:28:028 Sesion 0: Inicio hebra
02 08:05:28:028 Conexion 00D6BFF4 recibe petición
GET /v10LOGIN HTTP/1.1
Accept: */*
Accept-Language: es-VE,es-ES;q=0.7,es;q=0.3
Accept-Encoding: gzip, deflate
User-Agent: Mozilla/4.0 (compatible; MSIE 7.0; Windows NT 10.0; WOW64; Trident/7.0; .NET4.0C; .NET4.0E; .NET CLR 2.0.50727; .NET CLR 3.0.30729; .NET CLR 3.5.30729; InfoPath.3; Zoom 3.6.0)
Host: 127.0.0.1:5000
Connection: Keep-Alive

02 08:05:28:028 Tratapeticion: Server cambia de valor de 00000000 a 00D6BFF4
02 08:05:28:028 Se captura IP del cliente 127.0.0.1
02 08:05:28:028 Se captura H_NAME del cliente ACTIVATION
02 08:05:28:028 Ejecutando VDFORM.EXE -OR1 -OUREDUR/REDUR@LOCAL -LNFORM.LOG -LM2 -FWFICHERO=V10LISTENERDESKTOP-7S694MU -FWVISIBLE=0 -FWSESION=Cx74DJ8U77679R3J59GuRaSSUDfBBt -FWPUERTO=5002 -FWHOST=ACTIVATION -FWTECLADO=0 
02 08:05:28:051 Sesion 0: Arrancado Proceso v10form
02 08:05:28:051 Sesion 0: Intentando conectar con v10form en puerto 5002
02 08:05:28:051 Conectando con 127.0.0.1 servicio 5002 protocolo tcp
02 08:05:28:051 Encontrado host 127.0.0.1
02 08:05:28:051 Encontrado servicio 5002
02 08:05:29:100 Sesión con v10form establecida
02 08:05:30:102 Envio un total de 0.00 KB
02 08:05:30:102 Enviada la respuesta a socket 00D6BFF4
02 08:05:30:102 Sesion 0: Sesión rota
02 08:05:30:102 Libera d6bff4
02 08:05:30:102 Sesion 0: Fin hebra
02 10:32:08:267 Sesion 0: Inicio hebra
02 10:32:08:267 Conexion 00D6C144 recibe petición
GET /v10LOGIN HTTP/1.1
Accept: */*
Accept-Language: es-VE,es-ES;q=0.7,es;q=0.3
Accept-Encoding: gzip, deflate
User-Agent: Mozilla/4.0 (compatible; MSIE 7.0; Windows NT 10.0; WOW64; Trident/7.0; .NET4.0C; .NET4.0E; .NET CLR 2.0.50727; .NET CLR 3.0.30729; .NET CLR 3.5.30729; InfoPath.3; Zoom 3.6.0)
Host: 127.0.0.1:5000
Connection: Keep-Alive

02 10:32:08:267 Tratapeticion: Server cambia de valor de 00D6BFF4 a 00D6C144
02 10:32:08:267 Se captura IP del cliente 127.0.0.1
02 10:32:08:267 Se captura H_NAME del cliente ACTIVATION
02 10:32:08:267 Ejecutando VDFORM.EXE -OR1 -OUREDUR/REDUR@LOCAL -LNFORM.LOG -LM2 -FWFICHERO=V10LISTENERDESKTOP-7S694MU -FWVISIBLE=0 -FWSESION=CTqH08xGGA30bh7f3BUr22CsoDcFIL -FWPUERTO=5002 -FWHOST=ACTIVATION -FWTECLADO=0 
02 10:32:08:267 Sesion 0: Arrancado Proceso v10form
02 10:32:08:283 Sesion 0: Intentando conectar con v10form en puerto 5002
02 10:32:08:283 Conectando con 127.0.0.1 servicio 5002 protocolo tcp
02 10:32:08:283 Encontrado host 127.0.0.1
02 10:32:08:283 Encontrado servicio 5002
02 10:32:08:853 Sesión con v10form establecida
02 10:32:09:856 Envio un total de 0.00 KB
02 10:32:09:856 Enviada la respuesta a socket 00D6C144
02 10:32:09:856 Sesion 0: Sesión rota
02 10:32:09:856 Libera d6c144
02 10:32:09:856 Sesion 0: Fin hebra

00 15:17:34:652 Fichero de log cerrado.

