00 08:48:27:563 Fichero de log abierto PID 2808

02 08:48:27:563 Intentando abrir fichero v10.ini
02 08:48:27:567 Cargando driver v10oracle funcion damedriveroracle
02 08:48:27:630 Conectado a base de datos
02 08:48:27:636 Asignando ACCESO a V10LOGIN
02 08:48:27:637 Asignando NIVELLOG a 2
02 08:48:27:637 Asignando PROTEGIDO a 500
02 08:48:27:637 Asignando DEBUGHTTP a 1
02 08:48:27:637 Asignando VISIBLEEXE a 1
02 08:48:27:637 Asignando FICHEROEXE a VDFORM.EXE -OR1
02 08:48:27:637 Asignando CONEXIONBD a REDUR/REDUR@LOCAL
02 08:48:27:638 Asignando SERVIDOR a HTTP://127.0.0.1
02 08:48:27:640 Asignando SERVERPORTFILES a 1235
02 08:48:27:641 Asignando SERVERHTML a HTTP://127.0.0.1:1235/html
02 08:48:27:642 Asignando SERVERIMG a HTTP://127.0.0.1:1235/img
02 08:48:27:642 Asignando SERVERXLS a HTTP://127.0.0.1:1235/xls
02 08:48:27:642 Asignando SERVERPDF a HTTP://127.0.0.1:1235/pdf
02 08:48:27:642 Asignando FILEEXPIRED a 3600
02 08:48:27:642 Asignando TIEMPOESPERA a 240
02 08:48:27:647 Asignando RUTAZIP a E:\V10\productos\REDUR20200430\V10LIB/ZIP
02 08:48:27:647 Asignando RUTAHELP a E:\V10\productos\REDUR20200430\V10LIB\WWW/help/html
02 08:48:27:647 Asignando RUTAPLANTILLAS a E:\V10\productos\REDUR20200430\V10LIB\WWW/html
02 08:48:27:648 Asignando RUTAXLS a E:\V10\productos\REDUR20200430\V10LIB\WWW/xls
02 08:48:27:648 Asignando RUTAPDF a E:\V10\productos\REDUR20200430\V10LIB\WWW/pdf
02 08:48:27:648 Asignando COMPRIMIR a 1
02 08:48:27:652 Escuchando en puerto 1234 con protocolo HTTP
02 08:49:32:157 Sesion 0: Inicio hebra
02 08:49:32:157 Conexion 010A7504 recibe petición
GET /v10LOGIN/&HOST=NINO&EXTRA=NINO& HTTP/1.1
Accept: */*
Accept-Language: es-ES
UA-CPU: AMD64
Accept-Encoding: gzip, deflate
User-Agent: Mozilla/4.0 (compatible; MSIE 7.0; Windows NT 6.2; Win64; x64; Trident/7.0; .NET4.0C; .NET4.0E; .NET CLR 2.0.50727; .NET CLR 3.0.30729; .NET CLR 3.5.30729)
Host: 127.0.0.1:1234
Connection: Keep-Alive

02 08:49:32:157 Tratapeticion: Server cambia de valor de 00000000 a 010A7504
02 08:49:32:157 Se captura HOST en URL del cliente NINO 
02 08:49:32:157 Ejecutando VDFORM.EXE -OR1 -OUREDUR/REDUR@LOCAL -LNFORM.LOG -LM2 -FWFICHERO=V10LISTENERNINO -FWVISIBLE=1 -FWSESION=0I75zEuR5773xy4bLXA63OANj4k6JQ -FWPUERTO=20000 -FWHOST=NINO -FWTECLADO=0 NINO
02 08:49:32:162 Sesion 0: Arrancado Proceso v10form
02 08:49:32:162 Sesion 0: Intentando conectar con v10form en puerto 20000
02 08:49:32:163 Conectando con 127.0.0.1 servicio 20000 protocolo tcp
02 08:49:32:177 Encontrado host 127.0.0.1
02 08:49:32:177 Encontrado servicio 20000
02 08:49:32:688 Sesión con v10form establecida
02 08:49:33:691 Envio un total de 0.00 KB
02 08:49:33:692 Enviada la respuesta a socket 010A7504
02 08:49:33:692 Sesion 0: Sesión rota
02 08:49:33:692 Libera 10a7504
02 08:49:33:692 Sesion 0: Fin hebra
02 08:50:27:693 Asignando SERVERHTML a HTTP://127.0.0.1:1235/html

00 08:54:00:827 Fichero de log cerrado.

