00 09:42:13:141 Fichero de log abierto PID 19828

02 09:42:13:142 Intentando abrir fichero v10.ini
02 09:42:13:147 Cargando driver v10oracle funcion damedriveroracle
00 09:42:13:180 Fichero de log abierto PID 15436

02 09:42:13:182 Intentando abrir fichero v10.ini
02 09:42:13:187 Cargando driver v10oracle funcion damedriveroracle
02 09:42:13:322 Conectado a base de datos
02 09:42:13:328 Asignando RELEECONF a 500
02 09:42:13:330 Asignando ACCESO a V10LOGIN
02 09:42:13:330 Asignando NIVELLOG a 2
02 09:42:13:330 Asignando PROTEGIDO a 500
02 09:42:13:330 Asignando DEBUGHTTP a 2
02 09:42:13:331 Asignando VISIBLEEXE a 0
02 09:42:13:331 Asignando FICHEROEXE a VDFORM.EXE -OR1
02 09:42:13:331 Asignando CONEXIONBD a REDUR/REDUR@LOCAL
02 09:42:13:332 Asignando SERVIDOR a HTTP://127.0.0.1
02 09:42:13:332 Asignando SERVERPORT a 5000
02 09:42:13:332 Asignando SERVERPORTFILES a 5001
02 09:42:13:332 Asignando PUERTOINICIAL a 5002
02 09:42:13:332 Asignando SERVERHTML a HTTP://127.0.0.1:5001/html
02 09:42:13:332 Asignando SERVERIMG a HTTP://127.0.0.1:5001/img
02 09:42:13:333 Asignando SERVERXLS a HTTP://127.0.0.1:5001/xls
02 09:42:13:333 Asignando SERVERPDF a HTTP://127.0.0.1:5001/pdf
02 09:42:13:333 Asignando FILEEXPIRED a 3600
02 09:42:13:333 Asignando TIEMPOESPERA a 240
02 09:42:13:336 Asignando RUTAZIP a C:/V10/v10lib/ZIP
02 09:42:13:336 Asignando RUTAHELP a C:\V10\REDUR\V10LIB\WWW/help/html
02 09:42:13:337 Asignando RUTAPLANTILLAS a C:\V10\REDUR\V10LIB\WWW/html
02 09:42:13:337 Asignando RUTAXLS a C:\V10\REDUR\V10LIB\WWW/xls
02 09:42:13:337 Asignando RUTAPDF a C:\V10\REDUR\V10LIB\WWW/pdf
02 09:42:13:337 Asignando COMPRIMIR a 1
02 09:42:13:338 Escuchando en puerto 5000 con protocolo HTTP
02 09:42:13:357 Conectado a base de datos
02 09:42:13:358 Asignando RELEECONF a 500
02 09:42:13:358 Asignando ACCESO a V10LOGIN
02 09:42:13:358 Asignando NIVELLOG a 2
02 09:42:13:358 Asignando PROTEGIDO a 500
02 09:42:13:360 Asignando DEBUGHTTP a 2
02 09:42:13:360 Asignando VISIBLEEXE a 0
02 09:42:13:360 Asignando FICHEROEXE a VDFORM.EXE -OR1
02 09:42:13:360 Asignando CONEXIONBD a REDUR/REDUR@LOCAL
02 09:42:13:360 Asignando SERVIDOR a HTTP://127.0.0.1
02 09:42:13:360 Asignando SERVERPORT a 5200
02 09:42:13:360 Asignando SERVERPORTFILES a 5101
02 09:42:13:361 Asignando PUERTOINICIAL a 5202
02 09:42:13:361 Asignando SERVERHTML a HTTP://127.0.0.1:5101/html
02 09:42:13:361 Asignando SERVERIMG a HTTP://127.0.0.1:5101/img
02 09:42:13:361 Asignando SERVERXLS a HTTP://127.0.0.1:5101/xls
02 09:42:13:361 Asignando SERVERPDF a HTTP://127.0.0.1:5101/pdf
02 09:42:13:361 Asignando FILEEXPIRED a 3600
02 09:42:13:361 Asignando TIEMPOESPERA a 240
02 09:42:13:362 Asignando RUTAZIP a C:\V10/v10lib/ZIP
02 09:42:13:362 Asignando RUTAHELP a C:/V10/v10lib/WWW/help/html
02 09:42:13:362 Asignando RUTAPLANTILLAS a C:/V10/v10lib/WWW/html
02 09:42:13:362 Asignando RUTAXLS a C:/V10/v10lib/WWW/xls
02 09:42:13:362 Asignando RUTAPDF a C:/V10/v10lib/WWW/pdf
02 09:42:13:362 Asignando COMPRIMIR a 1
02 09:42:13:365 Escuchando en puerto 5200 con protocolo HTTP
02 09:42:16:052 Sesion 0: Inicio hebra
02 09:42:16:068 Sesion 1: Inicio hebra
02 09:42:16:083 Sesion 2: Inicio hebra
02 09:42:16:083 Conexion 01779D54 recibe petición
GET /v10login HTTP/1.1
Accept: text/html, application/xhtml+xml, image/jxr, */*
Accept-Language: es-ES
User-Agent: Mozilla/5.0 (Windows NT 10.0; WOW64; Trident/7.0; rv:11.0) like Gecko
Accept-Encoding: gzip, deflate
Host: 127.0.0.1:5000
Connection: Keep-Alive

02 09:42:16:085 Tratapeticion: Server cambia de valor de 00000000 a 01779D54
02 09:42:16:090 Se captura IP del cliente 127.0.0.1
02 09:42:16:090 Se captura H_NAME del cliente DESKTOP-H0RK6HK
02 09:42:16:091 Ejecutando VDFORM.EXE -OR1 -OUREDUR/REDUR@LOCAL -LNFORM.LOG -LM2 -FWFICHERO=V10LISTENERDESKTOP-H0RK6HK -FWVISIBLE=0 -FWSESION=Ni72S4NBASJB7U4TTxtMII2DR0Vid6 -FWPUERTO=5002 -FWHOST=DESKTOP-H0RK6HK -FWTECLADO=0 
02 09:42:16:662 Sesion 2: Arrancado Proceso v10form
02 09:42:16:662 Sesion 2: Intentando conectar con v10form en puerto 5002
02 09:42:16:662 Conectando con 127.0.0.1 servicio 5002 protocolo tcp
02 09:42:16:667 Encontrado host 127.0.0.1
02 09:42:16:667 Encontrado servicio 5002
02 09:42:17:213 Sesión con v10form establecida
02 09:42:18:223 Envio un total de 0.00 KB
02 09:42:18:226 Enviada la respuesta a socket 01779D54
02 09:42:18:226 Sesion 2: Sesión rota
02 09:42:18:226 Libera 1779d54
02 09:42:18:226 Sesion 2: Fin hebra
