00 08:43:45:588 Fichero de log abierto PID 16932

02 08:43:45:588 Intentando abrir fichero v10.ini
02 08:43:45:588 Cargando driver v10oracle funcion damedriveroracle
02 08:43:47:011 Conectado a base de datos
02 08:43:47:011 Asignando ACCESO a V10LOGIN
02 08:43:47:011 Asignando NIVELLOG a 2
02 08:43:47:011 Asignando PROTEGIDO a 500
02 08:43:47:011 Asignando DEBUGHTTP a 1
02 08:43:47:011 Asignando VISIBLEEXE a 1
02 08:43:47:011 Asignando FICHEROEXE a VDFORM.EXE -OR1
02 08:43:47:011 Asignando CONEXIONBD a REDUR/REDUR@LOCAL
02 08:43:47:011 Asignando SERVIDOR a HTTP://127.0.0.1
02 08:43:47:011 Asignando SERVERPORTFILES a 1235
02 08:43:47:011 Asignando SERVERHTML a HTTP://127.0.0.1:1235/html
02 08:43:47:011 Asignando SERVERIMG a HTTP://127.0.0.1:1235/img
02 08:43:47:011 Asignando SERVERXLS a HTTP://127.0.0.1:1235/xls
02 08:43:47:011 Asignando SERVERPDF a HTTP://127.0.0.1:1235/pdf
02 08:43:47:011 Asignando FILEEXPIRED a 3600
02 08:43:47:011 Asignando TIEMPOESPERA a 240
02 08:43:47:011 Asignando RUTAZIP a E:\V10\productos\REDUR20200430\V10LIB/ZIP
02 08:43:47:011 Asignando RUTAHELP a E:\V10\productos\REDUR20200430\V10LIB\WWW/help/html
02 08:43:47:011 Asignando RUTAPLANTILLAS a E:\V10\productos\REDUR20200430\V10LIB\WWW/html
02 08:43:47:011 Asignando RUTAXLS a E:\V10\productos\REDUR20200430\V10LIB\WWW/xls
02 08:43:47:011 Asignando RUTAPDF a E:\V10\productos\REDUR20200430\V10LIB\WWW/pdf
02 08:43:47:011 Asignando COMPRIMIR a 1
02 08:43:47:026 Escuchando en puerto 1234 con protocolo HTTP
02 08:43:51:261 Sesion 0: Inicio hebra
02 08:43:51:261 Conexion 0136563C recibe petición
GET /v10LOGIN/&HOST=NINO&EXTRA=NINO& HTTP/1.1
Accept: */*
Accept-Language: es-ES
UA-CPU: AMD64
Accept-Encoding: gzip, deflate
User-Agent: Mozilla/4.0 (compatible; MSIE 7.0; Windows NT 6.2; Win64; x64; Trident/7.0; .NET4.0C; .NET4.0E; .NET CLR 2.0.50727; .NET CLR 3.0.30729; .NET CLR 3.5.30729)
Host: 127.0.0.1:1234
Connection: Keep-Alive

02 08:43:51:261 Tratapeticion: Server cambia de valor de 00000000 a 0136563C
02 08:43:51:261 Se captura HOST en URL del cliente NINO 
02 08:43:51:261 Ejecutando VDFORM.EXE -OR1 -OUREDUR/REDUR@LOCAL -LNFORM.LOG -LM2 -FWFICHERO=V10LISTENERNINO -FWVISIBLE=1 -FWSESION=PtoPxXfQCBG8NC3X2KWNry5nKPSuVE -FWPUERTO=20000 -FWHOST=NINO -FWTECLADO=0 NINO
02 08:43:51:303 Sesion 0: Arrancado Proceso v10form
02 08:43:51:303 Sesion 0: Intentando conectar con v10form en puerto 20000
02 08:43:51:303 Conectando con 127.0.0.1 servicio 20000 protocolo tcp
02 08:43:51:303 Encontrado host 127.0.0.1
02 08:43:51:303 Encontrado servicio 20000
02 08:43:51:852 Sesión con v10form establecida
02 08:43:52:856 Envio un total de 0.00 KB
02 08:43:52:856 Enviada la respuesta a socket 0136563C
02 08:43:52:856 Sesion 0: Sesión rota
02 08:43:52:856 Libera 136563c
02 08:43:52:856 Sesion 0: Fin hebra
02 08:44:47:037 Asignando SERVERHTML a HTTP://127.0.0.1:1235/html

00 13:14:32:935 Fichero de log cerrado.

