00 15:41:25:134 Fichero de log abierto PID 9964

02 15:41:25:134 Intentando abrir fichero v10.ini
02 15:41:25:134 Cargando driver v10oracle funcion damedriveroracle
00 15:41:27:427 Error al conectar ORA-12514: TNS:el listener no conoce actualmente el servicio solicitado en el descriptor de conexión
00 15:41:27:450 Error de conexion -1
00 15:41:28:637 Error al conectar ORA-12514: TNS:el listener no conoce actualmente el servicio solicitado en el descriptor de conexión
00 15:41:28:637 Error de conexion -1
00 15:41:29:830 Error al conectar ORA-12514: TNS:el listener no conoce actualmente el servicio solicitado en el descriptor de conexión
00 15:41:29:830 Error de conexion -1
00 15:41:31:002 Error al conectar ORA-12514: TNS:el listener no conoce actualmente el servicio solicitado en el descriptor de conexión
00 15:41:31:002 Error de conexion -1
00 15:41:32:175 Error al conectar ORA-12514: TNS:el listener no conoce actualmente el servicio solicitado en el descriptor de conexión
00 15:41:32:175 Error de conexion -1

00 15:41:32:205 Fichero de log cerrado.

00 15:47:10:782 Fichero de log abierto PID 3580

02 15:47:10:782 Intentando abrir fichero v10.ini
02 15:47:10:782 Cargando driver v10oracle funcion damedriveroracle
02 15:47:11:610 Conectado a base de datos
02 15:47:12:480 Asignando ACCESO a V10LOGIN
02 15:47:12:480 Asignando NIVELLOG a 2
02 15:47:12:480 Asignando PROTEGIDO a 500
02 15:47:12:480 Asignando DEBUGHTTP a 1
02 15:47:12:480 Asignando VISIBLEEXE a 1
02 15:47:12:480 Asignando FICHEROEXE a VDFORM.EXE -OR1
02 15:47:12:495 Asignando CONEXIONBD a REDUR/REDUR@LOCAL
02 15:47:12:495 Asignando SERVIDOR a HTTP://127.0.0.1
02 15:47:12:495 Asignando SERVERPORTFILES a 1235
02 15:47:12:495 Asignando SERVERHTML a HTTP://127.0.0.1:1235/html
02 15:47:12:495 Asignando SERVERIMG a HTTP://127.0.0.1:1235/img
02 15:47:12:495 Asignando SERVERXLS a HTTP://127.0.0.1:1235/xls
02 15:47:12:495 Asignando SERVERPDF a HTTP://127.0.0.1:1235/pdf
02 15:47:12:495 Asignando FILEEXPIRED a 3600
02 15:47:12:495 Asignando TIEMPOESPERA a 240
02 15:47:12:495 Asignando RUTAZIP a E:\V10\productos\REDUR20200430\V10LIB/ZIP
02 15:47:12:495 Asignando RUTAHELP a E:\V10\productos\REDUR20200430\V10LIB\WWW/help/html
02 15:47:12:510 Asignando RUTAPLANTILLAS a E:\V10\productos\REDUR20200430\V10LIB\WWW/html
02 15:47:12:510 Asignando RUTAXLS a E:\V10\productos\REDUR20200430\V10LIB\WWW/xls
02 15:47:12:510 Asignando RUTAPDF a E:\V10\productos\REDUR20200430\V10LIB\WWW/pdf
02 15:47:12:510 Asignando COMPRIMIR a 1
02 15:47:12:514 Escuchando en puerto 1234 con protocolo HTTP
02 15:47:18:724 Sesion 0: Inicio hebra
02 15:47:18:724 Conexion 060A5534 recibe petición
GET /v10LOGIN/&HOST=NINO&EXTRA=NINO& HTTP/1.1
Accept: */*
Accept-Language: es-ES
UA-CPU: AMD64
Accept-Encoding: gzip, deflate
User-Agent: Mozilla/4.0 (compatible; MSIE 7.0; Windows NT 6.2; Win64; x64; Trident/7.0; .NET4.0C; .NET4.0E; .NET CLR 2.0.50727; .NET CLR 3.0.30729; .NET CLR 3.5.30729)
Host: 127.0.0.1:1234
Connection: Keep-Alive

02 15:47:18:724 Tratapeticion: Server cambia de valor de 00000000 a 060A5534
02 15:47:18:724 Se captura HOST en URL del cliente NINO 
02 15:47:18:724 Ejecutando VDFORM.EXE -OR1 -OUREDUR/REDUR@LOCAL -LNFORM.LOG -LM2 -FWFICHERO=V10LISTENERNINO -FWVISIBLE=1 -FWSESION=f5hI96Ajn7K3nQGAh0B91MS9261G3b -FWPUERTO=20000 -FWHOST=NINO -FWTECLADO=0 NINO
02 15:47:18:790 Sesion 0: Arrancado Proceso v10form
02 15:47:18:790 Sesion 0: Intentando conectar con v10form en puerto 20000
02 15:47:18:790 Conectando con 127.0.0.1 servicio 20000 protocolo tcp
02 15:47:18:815 Encontrado host 127.0.0.1
02 15:47:18:815 Encontrado servicio 20000
02 15:47:19:862 Sesión con v10form establecida
02 15:47:20:865 Envio un total de 0.00 KB
02 15:47:20:865 Enviada la respuesta a socket 060A5534
02 15:47:20:865 Sesion 0: Sesión rota
02 15:47:20:865 Libera 60a5534
02 15:47:20:865 Sesion 0: Fin hebra
02 15:48:03:870 Sesion 0: Inicio hebra
02 15:48:03:870 Conexion 060A53AC recibe petición
GET /V10LOGIN&HOST=NINO& HTTP/1.1
Accept: image/gif, image/jpeg, image/pjpeg, application/x-ms-application, application/xaml+xml, application/x-ms-xbap, */*
Referer: http://127.0.0.1:20000/v10login
Accept-Language: es-ES
UA-CPU: AMD64
Accept-Encoding: gzip, deflate
User-Agent: Mozilla/4.0 (compatible; MSIE 7.0; Windows NT 6.2; Win64; x64; Trident/7.0; .NET4.0C; .NET4.0E; .NET CLR 2.0.50727; .NET CLR 3.0.30729; .NET CLR 3.5.30729)
Connection: Keep-Alive
Cache-Control: no-cache
Host: 127.0.0.1:1234

02 15:48:03:870 Tratapeticion: Server cambia de valor de 060A5534 a 060A53AC
02 15:48:03:870 Se captura HOST en URL del cliente NINO 
02 15:48:03:870 Ejecutando VDFORM.EXE -OR1 -OUREDUR/REDUR@LOCAL -LNFORM.LOG -LM2 -FWFICHERO=V10LISTENERNINO -FWVISIBLE=1 -FWSESION=IOnXl1d653VJ5I1fGLOOxDFH391Q1z -FWPUERTO=20001 -FWHOST=NINO -FWTECLADO=0 
02 15:48:03:870 Sesion 0: Arrancado Proceso v10form
02 15:48:03:870 Sesion 0: Intentando conectar con v10form en puerto 20001
02 15:48:03:870 Conectando con 127.0.0.1 servicio 20001 protocolo tcp
02 15:48:03:870 Encontrado host 127.0.0.1
02 15:48:03:870 Encontrado servicio 20001
02 15:48:04:430 Sesión con v10form establecida
02 15:48:05:435 Envio un total de 0.00 KB
02 15:48:05:435 Enviada la respuesta a socket 060A53AC
02 15:48:05:435 Sesion 0: Sesión rota
02 15:48:05:435 Libera 60a53ac
02 15:48:05:435 Sesion 0: Fin hebra
02 15:48:12:525 Asignando SERVERHTML a HTTP://127.0.0.1:1235/html

00 15:57:32:622 Fichero de log cerrado.

