00 18:33:34:657 Fichero de log abierto PID 4868

02 18:33:34:657 Intentando abrir fichero v10.ini
02 18:33:34:662 Cargando driver v10oracle funcion damedriveroracle
02 18:33:34:880 Conectado a base de datos
02 18:33:35:524 Asignando ACCESO a V10LOGIN
02 18:33:35:525 Asignando NIVELLOG a 2
02 18:33:35:527 Asignando PROTEGIDO a 500
02 18:33:35:527 Asignando DEBUGHTTP a 1
02 18:33:35:529 Asignando VISIBLEEXE a 1
02 18:33:35:530 Asignando FICHEROEXE a VDFORM.EXE -OR1
02 18:33:35:530 Asignando CONEXIONBD a REDUR/REDUR@LOCAL
02 18:33:35:532 Asignando SERVIDOR a HTTP://127.0.0.1
02 18:33:35:534 Asignando SERVERPORTFILES a 1235
02 18:33:35:535 Asignando SERVERHTML a HTTP://127.0.0.1:1235/html
02 18:33:35:539 Asignando SERVERIMG a HTTP://127.0.0.1:1235/img
02 18:33:35:539 Asignando SERVERXLS a HTTP://127.0.0.1:1235/xls
02 18:33:35:540 Asignando SERVERPDF a HTTP://127.0.0.1:1235/pdf
02 18:33:35:540 Asignando FILEEXPIRED a 3600
02 18:33:35:542 Asignando TIEMPOESPERA a 240
02 18:33:35:547 Asignando RUTAZIP a E:\V10\productos\REDUR20200430\V10LIB/ZIP
02 18:33:35:549 Asignando RUTAHELP a E:\V10\productos\REDUR20200430\V10LIB\WWW/help/html
02 18:33:35:550 Asignando RUTAPLANTILLAS a E:\V10\productos\REDUR20200430\V10LIB\WWW/html
02 18:33:35:550 Asignando RUTAXLS a E:\V10\productos\REDUR20200430\V10LIB\WWW/xls
02 18:33:35:552 Asignando RUTAPDF a E:\V10\productos\REDUR20200430\V10LIB\WWW/pdf
02 18:33:35:552 Asignando COMPRIMIR a 1
02 18:33:35:557 Escuchando en puerto 1234 con protocolo HTTP
02 18:33:38:700 Sesion 0: Inicio hebra
02 18:33:38:702 Conexion 013AA1E4 recibe petición
GET /v10LOGIN/&HOST=NINO&EXTRA=NINO& HTTP/1.1
Accept: */*
Accept-Language: es-ES
UA-CPU: AMD64
Accept-Encoding: gzip, deflate
User-Agent: Mozilla/4.0 (compatible; MSIE 7.0; Windows NT 6.2; Win64; x64; Trident/7.0; .NET4.0C; .NET4.0E; .NET CLR 2.0.50727; .NET CLR 3.0.30729; .NET CLR 3.5.30729)
Host: 127.0.0.1:1234
Connection: Keep-Alive

02 18:33:38:702 Tratapeticion: Server cambia de valor de 00000000 a 013AA1E4
02 18:33:38:705 Se captura HOST en URL del cliente NINO 
02 18:33:38:707 Ejecutando VDFORM.EXE -OR1 -OUREDUR/REDUR@LOCAL -LNFORM.LOG -LM2 -FWFICHERO=V10LISTENERNINO -FWVISIBLE=1 -FWSESION=25RL7Q4G3S31WK3GDd1zC6V36tR1KG -FWPUERTO=20000 -FWHOST=NINO -FWTECLADO=0 NINO
02 18:33:38:717 Sesion 1: Inicio hebra
02 18:33:38:859 Sesion 0: Arrancado Proceso v10form
02 18:33:38:859 Sesion 0: Intentando conectar con v10form en puerto 20000
02 18:33:38:859 Conectando con 127.0.0.1 servicio 20000 protocolo tcp
02 18:33:38:870 Encontrado host 127.0.0.1
02 18:33:38:870 Encontrado servicio 20000
02 18:33:39:940 Sesión con v10form establecida
02 18:33:40:945 Envio un total de 0.00 KB
02 18:33:40:947 Enviada la respuesta a socket 013AA1E4
02 18:33:40:947 Sesion 0: Sesión rota
02 18:33:40:947 Libera 13aa1e4
02 18:33:40:947 Sesion 0: Fin hebra
02 18:34:08:780 Sesion 1: Sesión rota
02 18:34:08:780 Libera 13aa52c
02 18:34:08:780 Sesion 1: Fin hebra
02 18:34:35:577 Asignando SERVERHTML a HTTP://127.0.0.1:1235/html

00 18:37:11:327 Fichero de log cerrado.

