00 10:48:39:305 Fichero de log abierto PID 10156

02 10:48:39:305 Intentando abrir fichero v10.ini
02 10:48:39:305 Cargando driver v10oracle funcion damedriveroracle
02 10:48:40:407 Conectado a base de datos
02 10:48:40:407 Asignando ACCESO a V10LOGIN
02 10:48:40:407 Asignando NIVELLOG a 2
02 10:48:40:407 Asignando PROTEGIDO a 500
02 10:48:40:407 Asignando DEBUGHTTP a 1
02 10:48:40:407 Asignando VISIBLEEXE a 1
02 10:48:40:407 Asignando FICHEROEXE a VDFORM.EXE -OR1
02 10:48:40:407 Asignando CONEXIONBD a REDUR/REDUR@LOCAL
02 10:48:40:422 Asignando SERVIDOR a HTTP://127.0.0.1
02 10:48:40:422 Asignando SERVERPORTFILES a 1235
02 10:48:40:422 Asignando SERVERHTML a HTTP://127.0.0.1:1235/html
02 10:48:40:422 Asignando SERVERIMG a HTTP://127.0.0.1:1235/img
02 10:48:40:422 Asignando SERVERXLS a HTTP://127.0.0.1:1235/xls
02 10:48:40:422 Asignando SERVERPDF a HTTP://127.0.0.1:1235/pdf
02 10:48:40:422 Asignando FILEEXPIRED a 3600
02 10:48:40:422 Asignando TIEMPOESPERA a 240
02 10:48:40:422 Asignando RUTAZIP a E:\V10\productos\REDUR20200430\V10LIB/ZIP
02 10:48:40:422 Asignando RUTAHELP a E:\V10\productos\REDUR20200430\V10LIB\WWW/help/html
02 10:48:40:422 Asignando RUTAPLANTILLAS a E:\V10\productos\REDUR20200430\V10LIB\WWW/html
02 10:48:40:422 Asignando RUTAXLS a E:\V10\productos\REDUR20200430\V10LIB\WWW/xls
02 10:48:40:422 Asignando RUTAPDF a E:\V10\productos\REDUR20200430\V10LIB\WWW/pdf
02 10:48:40:422 Asignando COMPRIMIR a 1
02 10:48:40:422 Escuchando en puerto 1234 con protocolo HTTP
02 10:48:45:251 Sesion 0: Inicio hebra
02 10:48:45:251 Conexion 015DA15C recibe petición
GET /v10LOGIN/&HOST=NINO&EXTRA=NINO& HTTP/1.1
Accept: */*
Accept-Language: es-ES
UA-CPU: AMD64
Accept-Encoding: gzip, deflate
User-Agent: Mozilla/4.0 (compatible; MSIE 7.0; Windows NT 6.2; Win64; x64; Trident/7.0; .NET4.0C; .NET4.0E; .NET CLR 2.0.50727; .NET CLR 3.0.30729; .NET CLR 3.5.30729)
Host: 127.0.0.1:1234
Connection: Keep-Alive

02 10:48:45:251 Tratapeticion: Server cambia de valor de 00000000 a 015DA15C
02 10:48:45:251 Se captura HOST en URL del cliente NINO 
02 10:48:45:251 Ejecutando VDFORM.EXE -OR1 -OUREDUR/REDUR@LOCAL -LNFORM.LOG -LM2 -FWFICHERO=V10LISTENERNINO -FWVISIBLE=1 -FWSESION=68s00v32HSP5INNO6Ln57Boax5S58K -FWPUERTO=20000 -FWHOST=NINO -FWTECLADO=0 NINO
02 10:48:45:336 Sesion 0: Arrancado Proceso v10form
02 10:48:45:336 Sesion 0: Intentando conectar con v10form en puerto 20000
02 10:48:45:336 Conectando con 127.0.0.1 servicio 20000 protocolo tcp
02 10:48:45:336 Encontrado host 127.0.0.1
02 10:48:45:336 Encontrado servicio 20000
02 10:48:45:883 Sesión con v10form establecida
02 10:48:46:887 Envio un total de 0.00 KB
02 10:48:46:887 Enviada la respuesta a socket 015DA15C
02 10:48:46:887 Sesion 0: Sesión rota
02 10:48:46:887 Libera 15da15c
02 10:48:46:887 Sesion 0: Fin hebra

00 10:49:04:495 Fichero de log cerrado.

