00 16:08:19:049 Fichero de log abierto PID 15684

02 16:08:19:049 Intentando abrir fichero v10.ini
02 16:08:19:050 Cargando driver v10oracle funcion damedriveroracle
02 16:08:19:795 Conectado a base de datos
02 16:08:20:575 Asignando ACCESO a V10LOGIN
02 16:08:20:575 Asignando NIVELLOG a 2
02 16:08:20:577 Asignando PROTEGIDO a 500
02 16:08:20:577 Asignando DEBUGHTTP a 1
02 16:08:20:579 Asignando VISIBLEEXE a 1
02 16:08:20:580 Asignando FICHEROEXE a VDFORM.EXE -OR1
02 16:08:20:580 Asignando CONEXIONBD a REDUR/REDUR@LOCAL
02 16:08:20:617 Asignando SERVIDOR a HTTP://127.0.0.1
02 16:08:20:620 Asignando SERVERPORTFILES a 1235
02 16:08:20:622 Asignando SERVERHTML a HTTP://127.0.0.1:1235/html
02 16:08:20:624 Asignando SERVERIMG a HTTP://127.0.0.1:1235/img
02 16:08:20:625 Asignando SERVERXLS a HTTP://127.0.0.1:1235/xls
02 16:08:20:625 Asignando SERVERPDF a HTTP://127.0.0.1:1235/pdf
02 16:08:20:627 Asignando FILEEXPIRED a 3600
02 16:08:20:627 Asignando TIEMPOESPERA a 240
02 16:08:20:635 Asignando RUTAZIP a E:\V10\productos\REDUR20200430\V10LIB/ZIP
02 16:08:20:635 Asignando RUTAHELP a E:\V10\productos\REDUR20200430\V10LIB\WWW/help/html
02 16:08:20:637 Asignando RUTAPLANTILLAS a E:\V10\productos\REDUR20200430\V10LIB\WWW/html
02 16:08:20:637 Asignando RUTAXLS a E:\V10\productos\REDUR20200430\V10LIB\WWW/xls
02 16:08:20:639 Asignando RUTAPDF a E:\V10\productos\REDUR20200430\V10LIB\WWW/pdf
02 16:08:20:639 Asignando COMPRIMIR a 1
02 16:08:20:645 Escuchando en puerto 1234 con protocolo HTTP
02 16:08:23:697 Sesion 0: Inicio hebra
02 16:08:23:700 Conexion 012C55DC recibe petición
GET /v10LOGIN/&HOST=NINO&EXTRA=NINO& HTTP/1.1
Accept: */*
Accept-Language: es-ES
UA-CPU: AMD64
Accept-Encoding: gzip, deflate
User-Agent: Mozilla/4.0 (compatible; MSIE 7.0; Windows NT 6.2; Win64; x64; Trident/7.0; .NET4.0C; .NET4.0E; .NET CLR 2.0.50727; .NET CLR 3.0.30729; .NET CLR 3.5.30729)
Host: 127.0.0.1:1234
Connection: Keep-Alive

02 16:08:23:700 Tratapeticion: Server cambia de valor de 00000000 a 012C55DC
02 16:08:23:700 Se captura HOST en URL del cliente NINO 
02 16:08:23:702 Ejecutando VDFORM.EXE -OR1 -OUREDUR/REDUR@LOCAL -LNFORM.LOG -LM2 -FWFICHERO=V10LISTENERNINO -FWVISIBLE=1 -FWSESION=OBXR9KSHX0UUA1658LWHO78FNKs01V -FWPUERTO=20000 -FWHOST=NINO -FWTECLADO=0 NINO
02 16:08:23:795 Sesion 0: Arrancado Proceso v10form
02 16:08:23:795 Sesion 0: Intentando conectar con v10form en puerto 20000
02 16:08:23:795 Conectando con 127.0.0.1 servicio 20000 protocolo tcp
02 16:08:23:805 Encontrado host 127.0.0.1
02 16:08:23:805 Encontrado servicio 20000
02 16:08:24:810 Sesión con v10form establecida
02 16:08:25:810 Envio un total de 0.00 KB
02 16:08:25:812 Enviada la respuesta a socket 012C55DC
02 16:08:25:812 Sesion 0: Sesión rota
02 16:08:25:812 Libera 12c55dc
02 16:08:25:812 Sesion 0: Fin hebra
02 16:09:20:654 Asignando SERVERHTML a HTTP://127.0.0.1:1235/html

00 16:29:07:067 Fichero de log cerrado.

