00 09:38:44:271 Fichero de log abierto PID 16340

02 09:38:44:271 Intentando abrir fichero v10.ini
02 09:38:44:276 Cargando driver v10oracle funcion damedriveroracle
02 09:38:47:022 Conectado a base de datos
02 09:38:47:028 Asignando ACCESO a V10LOGIN
02 09:38:47:028 Asignando NIVELLOG a 2
02 09:38:47:030 Asignando PROTEGIDO a 500
02 09:38:47:031 Asignando DEBUGHTTP a 1
02 09:38:47:032 Asignando VISIBLEEXE a 1
02 09:38:47:032 Asignando FICHEROEXE a VDFORM.EXE -OR1
02 09:38:47:032 Asignando CONEXIONBD a REDUR/REDUR@LOCAL
02 09:38:47:033 Asignando SERVIDOR a HTTP://127.0.0.1
02 09:38:47:036 Asignando SERVERPORTFILES a 1235
02 09:38:47:037 Asignando SERVERHTML a HTTP://127.0.0.1:1235/html
02 09:38:47:040 Asignando SERVERIMG a HTTP://127.0.0.1:1235/img
02 09:38:47:041 Asignando SERVERXLS a HTTP://127.0.0.1:1235/xls
02 09:38:47:042 Asignando SERVERPDF a HTTP://127.0.0.1:1235/pdf
02 09:38:47:042 Asignando FILEEXPIRED a 3600
02 09:38:47:042 Asignando TIEMPOESPERA a 240
02 09:38:47:050 Asignando RUTAZIP a E:\V10\productos\REDUR20200430\V10LIB/ZIP
02 09:38:47:051 Asignando RUTAHELP a E:\V10\productos\REDUR20200430\V10LIB\WWW/help/html
02 09:38:47:052 Asignando RUTAPLANTILLAS a E:\V10\productos\REDUR20200430\V10LIB\WWW/html
02 09:38:47:052 Asignando RUTAXLS a E:\V10\productos\REDUR20200430\V10LIB\WWW/xls
02 09:38:47:052 Asignando RUTAPDF a E:\V10\productos\REDUR20200430\V10LIB\WWW/pdf
02 09:38:47:052 Asignando COMPRIMIR a 1
02 09:38:47:057 Escuchando en puerto 1234 con protocolo HTTP
02 09:38:53:772 Sesion 0: Inicio hebra
02 09:38:53:772 Sesion 1: Inicio hebra
02 09:38:53:772 Conexion 00BE2954 recibe petición
GET /v10LOGIN/&HOST=NINO&EXTRA=NINO& HTTP/1.1
Accept: */*
Accept-Language: es-ES
UA-CPU: AMD64
Accept-Encoding: gzip, deflate
User-Agent: Mozilla/4.0 (compatible; MSIE 7.0; Windows NT 6.2; Win64; x64; Trident/7.0; .NET4.0C; .NET4.0E; .NET CLR 2.0.50727; .NET CLR 3.0.30729; .NET CLR 3.5.30729)
Host: 127.0.0.1:1234
Connection: Keep-Alive

02 09:38:53:773 Tratapeticion: Server cambia de valor de 00000000 a 00BE2954
02 09:38:53:773 Se captura HOST en URL del cliente NINO 
02 09:38:53:775 Ejecutando VDFORM.EXE -OR1 -OUREDUR/REDUR@LOCAL -LNFORM.LOG -LM2 -FWFICHERO=V10LISTENERNINO -FWVISIBLE=1 -FWSESION=98Dg1V75FgBHHS6I85R3A9NX5m3NRu -FWPUERTO=20000 -FWHOST=NINO -FWTECLADO=0 NINO
02 09:38:53:877 Sesion 1: Arrancado Proceso v10form
02 09:38:53:877 Sesion 1: Intentando conectar con v10form en puerto 20000
02 09:38:53:877 Conectando con 127.0.0.1 servicio 20000 protocolo tcp
02 09:38:53:887 Encontrado host 127.0.0.1
02 09:38:53:887 Encontrado servicio 20000
02 09:38:54:891 Sesión con v10form establecida
02 09:38:55:892 Envio un total de 0.00 KB
02 09:38:55:893 Enviada la respuesta a socket 00BE2954
02 09:38:55:893 Sesion 1: Sesión rota
02 09:38:55:893 Libera be2954
02 09:38:55:893 Sesion 1: Fin hebra
02 09:39:47:068 Asignando SERVERHTML a HTTP://127.0.0.1:1235/html
02 09:40:33:773 Sesion 0: Fin por Timeout en recepcion de datos
02 09:40:33:776 Libera be2a6c
02 09:40:33:776 Sesion 0: Fin hebra

00 16:11:05:580 Fichero de log cerrado.

