00 09:42:00:735 Fichero de log abierto PID 11644

02 09:42:00:737 Intentando abrir fichero v10.ini
02 09:42:00:741 Cargando driver v10oracle funcion damedriveroracle
02 09:42:00:967 Conectado a base de datos
02 09:42:00:968 Proceso MONOPEDIDO encontrado en tabla VDPROCESOS
02 09:42:00:968 Proceso MONOPEDIDO cargado con función procesoperiodico (Librería VDKERNEL.DLL) direccion 70042D10
02 09:42:00:971 PLSQL: INICIALIZADO PAQUETE DE LOG EL DIA 14-07-2022
02 09:42:00:980 Actualizado SID 16 SERIAL 46116 del proceso con PID 11644
02 09:42:00:986 Analizado cursor CASIGNAMONOPEDIDO
02 09:42:00:987 Leidos 1 cursores
00 09:42:00:991 Cursor CASIGNAMONOPEDIDO error 6550 ORA-06550: línea 1, columna 16:
PLS-00302: el componente 'ASIGNARMONOPEDIDO' se debe declarar
ORA-06550: línea 1, columna 7:
PL/SQL: Statement ignored
00 09:42:00:991  Defines
00 09:42:00:991  Binds
00 09:42:04:000 Cursor CASIGNAMONOPEDIDO error 6550 ORA-06550: línea 1, columna 16:
PLS-00302: el componente 'ASIGNARMONOPEDIDO' se debe declarar
ORA-06550: línea 1, columna 7:
PL/SQL: Statement ignored
00 09:42:04:000  Defines
00 09:42:04:000  Binds
00 09:42:07:007 Cursor CASIGNAMONOPEDIDO error 6550 ORA-06550: línea 1, columna 16:
PLS-00302: el componente 'ASIGNARMONOPEDIDO' se debe declarar
ORA-06550: línea 1, columna 7:
PL/SQL: Statement ignored
00 09:42:07:007  Defines
00 09:42:07:007  Binds
00 09:42:10:012 Cursor CASIGNAMONOPEDIDO error 6550 ORA-06550: línea 1, columna 16:
PLS-00302: el componente 'ASIGNARMONOPEDIDO' se debe declarar
ORA-06550: línea 1, columna 7:
PL/SQL: Statement ignored
00 09:42:10:012  Defines
00 09:42:10:012  Binds
00 09:42:13:026 Cursor CASIGNAMONOPEDIDO error 6550 ORA-06550: línea 1, columna 16:
PLS-00302: el componente 'ASIGNARMONOPEDIDO' se debe declarar
ORA-06550: línea 1, columna 7:
PL/SQL: Statement ignored
00 09:42:13:026  Defines
00 09:42:13:026  Binds
00 09:42:16:040 Cursor CASIGNAMONOPEDIDO error 6550 ORA-06550: línea 1, columna 16:
PLS-00302: el componente 'ASIGNARMONOPEDIDO' se debe declarar
ORA-06550: línea 1, columna 7:
PL/SQL: Statement ignored
00 09:42:16:040  Defines
00 09:42:16:040  Binds
00 09:42:19:048 Cursor CASIGNAMONOPEDIDO error 6550 ORA-06550: línea 1, columna 16:
PLS-00302: el componente 'ASIGNARMONOPEDIDO' se debe declarar
ORA-06550: línea 1, columna 7:
PL/SQL: Statement ignored
00 09:42:19:048  Defines
00 09:42:19:048  Binds
00 09:42:22:061 Cursor CASIGNAMONOPEDIDO error 6550 ORA-06550: línea 1, columna 16:
PLS-00302: el componente 'ASIGNARMONOPEDIDO' se debe declarar
ORA-06550: línea 1, columna 7:
PL/SQL: Statement ignored
00 09:42:22:061  Defines
00 09:42:22:061  Binds
00 09:42:25:067 Cursor CASIGNAMONOPEDIDO error 6550 ORA-06550: línea 1, columna 16:
PLS-00302: el componente 'ASIGNARMONOPEDIDO' se debe declarar
ORA-06550: línea 1, columna 7:
PL/SQL: Statement ignored
00 09:42:25:067  Defines
00 09:42:25:067  Binds
00 09:42:28:082 Cursor CASIGNAMONOPEDIDO error 6550 ORA-06550: línea 1, columna 16:
PLS-00302: el componente 'ASIGNARMONOPEDIDO' se debe declarar
ORA-06550: línea 1, columna 7:
PL/SQL: Statement ignored
00 09:42:28:082  Defines
00 09:42:28:082  Binds

00 09:42:30:115 Fichero de log cerrado.

