00 14:39:13:002 Fichero de log abierto PID 5676

02 14:39:13:002 Intentando abrir fichero v10.ini
02 14:39:13:007 Cargando driver v10oracle funcion damedriveroracle
02 14:39:13:817 Conectado a base de datos
02 14:39:13:819 Proceso MONOPEDIDO encontrado en tabla VDPROCESOS
02 14:39:13:820 Proceso MONOPEDIDO cargado con función procesoperiodico (Librería VDKERNEL.DLL) direccion 68802D10
02 14:39:13:822 PLSQL: INICIALIZADO PAQUETE DE LOG EL DIA 19-07-2022
02 14:39:13:830 Actualizado SID 253 SERIAL 46394 del proceso con PID 5676
02 14:39:13:837 Analizado cursor CASIGNAMONOPEDIDO
02 14:39:13:837 Leidos 1 cursores
00 14:39:13:840 Cursor CASIGNAMONOPEDIDO error 6550 ORA-06550: línea 1, columna 16:
PLS-00302: el componente 'ASIGNARMONOPEDIDO' se debe declarar
ORA-06550: línea 1, columna 7:
PL/SQL: Statement ignored
00 14:39:13:840  Defines
00 14:39:13:840  Binds
00 14:39:16:852 Cursor CASIGNAMONOPEDIDO error 6550 ORA-06550: línea 1, columna 16:
PLS-00302: el componente 'ASIGNARMONOPEDIDO' se debe declarar
ORA-06550: línea 1, columna 7:
PL/SQL: Statement ignored
00 14:39:16:852  Defines
00 14:39:16:852  Binds
00 14:39:19:857 Cursor CASIGNAMONOPEDIDO error 6550 ORA-06550: línea 1, columna 16:
PLS-00302: el componente 'ASIGNARMONOPEDIDO' se debe declarar
ORA-06550: línea 1, columna 7:
PL/SQL: Statement ignored
00 14:39:19:857  Defines
00 14:39:19:857  Binds
00 14:39:22:867 Cursor CASIGNAMONOPEDIDO error 6550 ORA-06550: línea 1, columna 16:
PLS-00302: el componente 'ASIGNARMONOPEDIDO' se debe declarar
ORA-06550: línea 1, columna 7:
PL/SQL: Statement ignored
00 14:39:22:867  Defines
00 14:39:22:867  Binds
00 14:39:25:877 Cursor CASIGNAMONOPEDIDO error 6550 ORA-06550: línea 1, columna 16:
PLS-00302: el componente 'ASIGNARMONOPEDIDO' se debe declarar
ORA-06550: línea 1, columna 7:
PL/SQL: Statement ignored
00 14:39:25:877  Defines
00 14:39:25:877  Binds
00 14:39:28:885 Cursor CASIGNAMONOPEDIDO error 6550 ORA-06550: línea 1, columna 16:
PLS-00302: el componente 'ASIGNARMONOPEDIDO' se debe declarar
ORA-06550: línea 1, columna 7:
PL/SQL: Statement ignored
00 14:39:28:885  Defines
00 14:39:28:885  Binds
00 14:39:31:887 Cursor CASIGNAMONOPEDIDO error 6550 ORA-06550: línea 1, columna 16:
PLS-00302: el componente 'ASIGNARMONOPEDIDO' se debe declarar
ORA-06550: línea 1, columna 7:
PL/SQL: Statement ignored
00 14:39:31:887  Defines
00 14:39:31:887  Binds
00 14:39:34:895 Cursor CASIGNAMONOPEDIDO error 6550 ORA-06550: línea 1, columna 16:
PLS-00302: el componente 'ASIGNARMONOPEDIDO' se debe declarar
ORA-06550: línea 1, columna 7:
PL/SQL: Statement ignored
00 14:39:34:895  Defines
00 14:39:34:895  Binds
00 14:39:37:900 Cursor CASIGNAMONOPEDIDO error 6550 ORA-06550: línea 1, columna 16:
PLS-00302: el componente 'ASIGNARMONOPEDIDO' se debe declarar
ORA-06550: línea 1, columna 7:
PL/SQL: Statement ignored
00 14:39:37:900  Defines
00 14:39:37:900  Binds
00 14:39:40:915 Cursor CASIGNAMONOPEDIDO error 6550 ORA-06550: línea 1, columna 16:
PLS-00302: el componente 'ASIGNARMONOPEDIDO' se debe declarar
ORA-06550: línea 1, columna 7:
PL/SQL: Statement ignored
00 14:39:40:915  Defines
00 14:39:40:915  Binds
00 14:39:43:927 Cursor CASIGNAMONOPEDIDO error 6550 ORA-06550: línea 1, columna 16:
PLS-00302: el componente 'ASIGNARMONOPEDIDO' se debe declarar
ORA-06550: línea 1, columna 7:
PL/SQL: Statement ignored
00 14:39:43:927  Defines
00 14:39:43:927  Binds
00 14:39:46:939 Cursor CASIGNAMONOPEDIDO error 6550 ORA-06550: línea 1, columna 16:
PLS-00302: el componente 'ASIGNARMONOPEDIDO' se debe declarar
ORA-06550: línea 1, columna 7:
PL/SQL: Statement ignored
00 14:39:46:940  Defines
00 14:39:46:940  Binds
00 14:39:49:957 Cursor CASIGNAMONOPEDIDO error 6550 ORA-06550: línea 1, columna 16:
PLS-00302: el componente 'ASIGNARMONOPEDIDO' se debe declarar
ORA-06550: línea 1, columna 7:
PL/SQL: Statement ignored
00 14:39:49:957  Defines
00 14:39:49:957  Binds
00 14:39:52:970 Cursor CASIGNAMONOPEDIDO error 6550 ORA-06550: línea 1, columna 16:
PLS-00302: el componente 'ASIGNARMONOPEDIDO' se debe declarar
ORA-06550: línea 1, columna 7:
PL/SQL: Statement ignored
00 14:39:52:970  Defines
00 14:39:52:972  Binds
00 14:39:55:989 Cursor CASIGNAMONOPEDIDO error 6550 ORA-06550: línea 1, columna 16:
PLS-00302: el componente 'ASIGNARMONOPEDIDO' se debe declarar
ORA-06550: línea 1, columna 7:
PL/SQL: Statement ignored
00 14:39:55:989  Defines
00 14:39:55:989  Binds
00 14:39:59:004 Cursor CASIGNAMONOPEDIDO error 6550 ORA-06550: línea 1, columna 16:
PLS-00302: el componente 'ASIGNARMONOPEDIDO' se debe declarar
ORA-06550: línea 1, columna 7:
PL/SQL: Statement ignored
00 14:39:59:004  Defines
00 14:39:59:004  Binds
00 14:40:02:020 Cursor CASIGNAMONOPEDIDO error 6550 ORA-06550: línea 1, columna 16:
PLS-00302: el componente 'ASIGNARMONOPEDIDO' se debe declarar
ORA-06550: línea 1, columna 7:
PL/SQL: Statement ignored
00 14:40:02:020  Defines
00 14:40:02:020  Binds
00 14:40:05:032 Cursor CASIGNAMONOPEDIDO error 6550 ORA-06550: línea 1, columna 16:
PLS-00302: el componente 'ASIGNARMONOPEDIDO' se debe declarar
ORA-06550: línea 1, columna 7:
PL/SQL: Statement ignored
00 14:40:05:032  Defines
00 14:40:05:032  Binds
00 14:40:08:044 Cursor CASIGNAMONOPEDIDO error 6550 ORA-06550: línea 1, columna 16:
PLS-00302: el componente 'ASIGNARMONOPEDIDO' se debe declarar
ORA-06550: línea 1, columna 7:
PL/SQL: Statement ignored
00 14:40:08:044  Defines
00 14:40:08:044  Binds
00 14:40:11:054 Cursor CASIGNAMONOPEDIDO error 6550 ORA-06550: línea 1, columna 16:
PLS-00302: el componente 'ASIGNARMONOPEDIDO' se debe declarar
ORA-06550: línea 1, columna 7:
PL/SQL: Statement ignored
00 14:40:11:054  Defines
00 14:40:11:054  Binds
00 14:40:14:067 Cursor CASIGNAMONOPEDIDO error 6550 ORA-06550: línea 1, columna 16:
PLS-00302: el componente 'ASIGNARMONOPEDIDO' se debe declarar
ORA-06550: línea 1, columna 7:
PL/SQL: Statement ignored
00 14:40:14:067  Defines
00 14:40:14:067  Binds
00 14:40:17:072 Cursor CASIGNAMONOPEDIDO error 6550 ORA-06550: línea 1, columna 16:
PLS-00302: el componente 'ASIGNARMONOPEDIDO' se debe declarar
ORA-06550: línea 1, columna 7:
PL/SQL: Statement ignored
00 14:40:17:072  Defines
00 14:40:17:072  Binds
00 14:40:20:085 Cursor CASIGNAMONOPEDIDO error 6550 ORA-06550: línea 1, columna 16:
PLS-00302: el componente 'ASIGNARMONOPEDIDO' se debe declarar
ORA-06550: línea 1, columna 7:
PL/SQL: Statement ignored
00 14:40:20:085  Defines
00 14:40:20:085  Binds
00 14:40:23:095 Cursor CASIGNAMONOPEDIDO error 6550 ORA-06550: línea 1, columna 16:
PLS-00302: el componente 'ASIGNARMONOPEDIDO' se debe declarar
ORA-06550: línea 1, columna 7:
PL/SQL: Statement ignored
00 14:40:23:095  Defines
00 14:40:23:095  Binds
00 14:40:26:110 Cursor CASIGNAMONOPEDIDO error 6550 ORA-06550: línea 1, columna 16:
PLS-00302: el componente 'ASIGNARMONOPEDIDO' se debe declarar
ORA-06550: línea 1, columna 7:
PL/SQL: Statement ignored
00 14:40:26:110  Defines
00 14:40:26:110  Binds
00 14:40:29:122 Cursor CASIGNAMONOPEDIDO error 6550 ORA-06550: línea 1, columna 16:
PLS-00302: el componente 'ASIGNARMONOPEDIDO' se debe declarar
ORA-06550: línea 1, columna 7:
PL/SQL: Statement ignored
00 14:40:29:122  Defines
00 14:40:29:122  Binds
00 14:40:32:139 Cursor CASIGNAMONOPEDIDO error 6550 ORA-06550: línea 1, columna 16:
PLS-00302: el componente 'ASIGNARMONOPEDIDO' se debe declarar
ORA-06550: línea 1, columna 7:
PL/SQL: Statement ignored
00 14:40:32:140  Defines
00 14:40:32:140  Binds
00 14:40:35:152 Cursor CASIGNAMONOPEDIDO error 6550 ORA-06550: línea 1, columna 16:
PLS-00302: el componente 'ASIGNARMONOPEDIDO' se debe declarar
ORA-06550: línea 1, columna 7:
PL/SQL: Statement ignored
00 14:40:35:152  Defines
00 14:40:35:152  Binds
00 14:40:38:169 Cursor CASIGNAMONOPEDIDO error 6550 ORA-06550: línea 1, columna 16:
PLS-00302: el componente 'ASIGNARMONOPEDIDO' se debe declarar
ORA-06550: línea 1, columna 7:
PL/SQL: Statement ignored
00 14:40:38:169  Defines
00 14:40:38:169  Binds
00 14:40:41:187 Cursor CASIGNAMONOPEDIDO error 6550 ORA-06550: línea 1, columna 16:
PLS-00302: el componente 'ASIGNARMONOPEDIDO' se debe declarar
ORA-06550: línea 1, columna 7:
PL/SQL: Statement ignored
00 14:40:41:187  Defines
00 14:40:41:187  Binds
00 14:40:44:197 Cursor CASIGNAMONOPEDIDO error 6550 ORA-06550: línea 1, columna 16:
PLS-00302: el componente 'ASIGNARMONOPEDIDO' se debe declarar
ORA-06550: línea 1, columna 7:
PL/SQL: Statement ignored
00 14:40:44:199  Defines
00 14:40:44:199  Binds
00 14:40:47:204 Cursor CASIGNAMONOPEDIDO error 6550 ORA-06550: línea 1, columna 16:
PLS-00302: el componente 'ASIGNARMONOPEDIDO' se debe declarar
ORA-06550: línea 1, columna 7:
PL/SQL: Statement ignored
00 14:40:47:204  Defines
00 14:40:47:204  Binds
00 14:40:50:220 Cursor CASIGNAMONOPEDIDO error 6550 ORA-06550: línea 1, columna 16:
PLS-00302: el componente 'ASIGNARMONOPEDIDO' se debe declarar
ORA-06550: línea 1, columna 7:
PL/SQL: Statement ignored
00 14:40:50:220  Defines
00 14:40:50:220  Binds
00 14:40:53:225 Cursor CASIGNAMONOPEDIDO error 6550 ORA-06550: línea 1, columna 16:
PLS-00302: el componente 'ASIGNARMONOPEDIDO' se debe declarar
ORA-06550: línea 1, columna 7:
PL/SQL: Statement ignored
00 14:40:53:225  Defines
00 14:40:53:225  Binds
00 14:40:56:237 Cursor CASIGNAMONOPEDIDO error 6550 ORA-06550: línea 1, columna 16:
PLS-00302: el componente 'ASIGNARMONOPEDIDO' se debe declarar
ORA-06550: línea 1, columna 7:
PL/SQL: Statement ignored
00 14:40:56:237  Defines
00 14:40:56:237  Binds
00 14:40:59:244 Cursor CASIGNAMONOPEDIDO error 6550 ORA-06550: línea 1, columna 16:
PLS-00302: el componente 'ASIGNARMONOPEDIDO' se debe declarar
ORA-06550: línea 1, columna 7:
PL/SQL: Statement ignored
00 14:40:59:244  Defines
00 14:40:59:244  Binds
00 14:41:02:257 Cursor CASIGNAMONOPEDIDO error 6550 ORA-06550: línea 1, columna 16:
PLS-00302: el componente 'ASIGNARMONOPEDIDO' se debe declarar
ORA-06550: línea 1, columna 7:
PL/SQL: Statement ignored
00 14:41:02:257  Defines
00 14:41:02:257  Binds
00 14:41:05:265 Cursor CASIGNAMONOPEDIDO error 6550 ORA-06550: línea 1, columna 16:
PLS-00302: el componente 'ASIGNARMONOPEDIDO' se debe declarar
ORA-06550: línea 1, columna 7:
PL/SQL: Statement ignored
00 14:41:05:265  Defines
00 14:41:05:265  Binds
00 14:41:08:282 Cursor CASIGNAMONOPEDIDO error 6550 ORA-06550: línea 1, columna 16:
PLS-00302: el componente 'ASIGNARMONOPEDIDO' se debe declarar
ORA-06550: línea 1, columna 7:
PL/SQL: Statement ignored
00 14:41:08:282  Defines
00 14:41:08:282  Binds
00 14:41:11:290 Cursor CASIGNAMONOPEDIDO error 6550 ORA-06550: línea 1, columna 16:
PLS-00302: el componente 'ASIGNARMONOPEDIDO' se debe declarar
ORA-06550: línea 1, columna 7:
PL/SQL: Statement ignored
00 14:41:11:290  Defines
00 14:41:11:290  Binds
00 14:41:14:300 Cursor CASIGNAMONOPEDIDO error 6550 ORA-06550: línea 1, columna 16:
PLS-00302: el componente 'ASIGNARMONOPEDIDO' se debe declarar
ORA-06550: línea 1, columna 7:
PL/SQL: Statement ignored
00 14:41:14:300  Defines
00 14:41:14:300  Binds
00 14:41:17:312 Cursor CASIGNAMONOPEDIDO error 6550 ORA-06550: línea 1, columna 16:
PLS-00302: el componente 'ASIGNARMONOPEDIDO' se debe declarar
ORA-06550: línea 1, columna 7:
PL/SQL: Statement ignored
00 14:41:17:312  Defines
00 14:41:17:312  Binds
00 14:41:20:322 Cursor CASIGNAMONOPEDIDO error 6550 ORA-06550: línea 1, columna 16:
PLS-00302: el componente 'ASIGNARMONOPEDIDO' se debe declarar
ORA-06550: línea 1, columna 7:
PL/SQL: Statement ignored
00 14:41:20:322  Defines
00 14:41:20:322  Binds
00 14:41:23:327 Cursor CASIGNAMONOPEDIDO error 6550 ORA-06550: línea 1, columna 16:
PLS-00302: el componente 'ASIGNARMONOPEDIDO' se debe declarar
ORA-06550: línea 1, columna 7:
PL/SQL: Statement ignored
00 14:41:23:327  Defines
00 14:41:23:327  Binds
00 14:41:26:337 Cursor CASIGNAMONOPEDIDO error 6550 ORA-06550: línea 1, columna 16:
PLS-00302: el componente 'ASIGNARMONOPEDIDO' se debe declarar
ORA-06550: línea 1, columna 7:
PL/SQL: Statement ignored
00 14:41:26:337  Defines
00 14:41:26:337  Binds
00 14:41:29:352 Cursor CASIGNAMONOPEDIDO error 6550 ORA-06550: línea 1, columna 16:
PLS-00302: el componente 'ASIGNARMONOPEDIDO' se debe declarar
ORA-06550: línea 1, columna 7:
PL/SQL: Statement ignored
00 14:41:29:352  Defines
00 14:41:29:352  Binds
00 14:41:32:367 Cursor CASIGNAMONOPEDIDO error 6550 ORA-06550: línea 1, columna 16:
PLS-00302: el componente 'ASIGNARMONOPEDIDO' se debe declarar
ORA-06550: línea 1, columna 7:
PL/SQL: Statement ignored
00 14:41:32:369  Defines
00 14:41:32:369  Binds
00 14:41:35:385 Cursor CASIGNAMONOPEDIDO error 6550 ORA-06550: línea 1, columna 16:
PLS-00302: el componente 'ASIGNARMONOPEDIDO' se debe declarar
ORA-06550: línea 1, columna 7:
PL/SQL: Statement ignored
00 14:41:35:385  Defines
00 14:41:35:385  Binds
00 14:41:38:400 Cursor CASIGNAMONOPEDIDO error 6550 ORA-06550: línea 1, columna 16:
PLS-00302: el componente 'ASIGNARMONOPEDIDO' se debe declarar
ORA-06550: línea 1, columna 7:
PL/SQL: Statement ignored
00 14:41:38:400  Defines
00 14:41:38:400  Binds
00 14:41:41:407 Cursor CASIGNAMONOPEDIDO error 6550 ORA-06550: línea 1, columna 16:
PLS-00302: el componente 'ASIGNARMONOPEDIDO' se debe declarar
ORA-06550: línea 1, columna 7:
PL/SQL: Statement ignored
00 14:41:41:407  Defines
00 14:41:41:407  Binds
00 14:41:44:417 Cursor CASIGNAMONOPEDIDO error 6550 ORA-06550: línea 1, columna 16:
PLS-00302: el componente 'ASIGNARMONOPEDIDO' se debe declarar
ORA-06550: línea 1, columna 7:
PL/SQL: Statement ignored
00 14:41:44:417  Defines
00 14:41:44:417  Binds
00 14:41:47:434 Cursor CASIGNAMONOPEDIDO error 6550 ORA-06550: línea 1, columna 16:
PLS-00302: el componente 'ASIGNARMONOPEDIDO' se debe declarar
ORA-06550: línea 1, columna 7:
PL/SQL: Statement ignored
00 14:41:47:434  Defines
00 14:41:47:434  Binds
00 14:41:50:442 Cursor CASIGNAMONOPEDIDO error 6550 ORA-06550: línea 1, columna 16:
PLS-00302: el componente 'ASIGNARMONOPEDIDO' se debe declarar
ORA-06550: línea 1, columna 7:
PL/SQL: Statement ignored
00 14:41:50:442  Defines
00 14:41:50:442  Binds
00 14:41:53:455 Cursor CASIGNAMONOPEDIDO error 6550 ORA-06550: línea 1, columna 16:
PLS-00302: el componente 'ASIGNARMONOPEDIDO' se debe declarar
ORA-06550: línea 1, columna 7:
PL/SQL: Statement ignored
00 14:41:53:455  Defines
00 14:41:53:455  Binds
00 14:41:56:469 Cursor CASIGNAMONOPEDIDO error 6550 ORA-06550: línea 1, columna 16:
PLS-00302: el componente 'ASIGNARMONOPEDIDO' se debe declarar
ORA-06550: línea 1, columna 7:
PL/SQL: Statement ignored
00 14:41:56:469  Defines
00 14:41:56:469  Binds
00 14:41:59:470 Cursor CASIGNAMONOPEDIDO error 6550 ORA-06550: línea 1, columna 16:
PLS-00302: el componente 'ASIGNARMONOPEDIDO' se debe declarar
ORA-06550: línea 1, columna 7:
PL/SQL: Statement ignored
00 14:41:59:472  Defines
00 14:41:59:472  Binds
00 14:42:02:475 Cursor CASIGNAMONOPEDIDO error 6550 ORA-06550: línea 1, columna 16:
PLS-00302: el componente 'ASIGNARMONOPEDIDO' se debe declarar
ORA-06550: línea 1, columna 7:
PL/SQL: Statement ignored
00 14:42:02:475  Defines
00 14:42:02:475  Binds
00 14:42:05:487 Cursor CASIGNAMONOPEDIDO error 6550 ORA-06550: línea 1, columna 16:
PLS-00302: el componente 'ASIGNARMONOPEDIDO' se debe declarar
ORA-06550: línea 1, columna 7:
PL/SQL: Statement ignored
00 14:42:05:487  Defines
00 14:42:05:487  Binds
00 14:42:08:492 Cursor CASIGNAMONOPEDIDO error 6550 ORA-06550: línea 1, columna 16:
PLS-00302: el componente 'ASIGNARMONOPEDIDO' se debe declarar
ORA-06550: línea 1, columna 7:
PL/SQL: Statement ignored
00 14:42:08:492  Defines
00 14:42:08:492  Binds
00 14:42:11:505 Cursor CASIGNAMONOPEDIDO error 6550 ORA-06550: línea 1, columna 16:
PLS-00302: el componente 'ASIGNARMONOPEDIDO' se debe declarar
ORA-06550: línea 1, columna 7:
PL/SQL: Statement ignored
00 14:42:11:505  Defines
00 14:42:11:505  Binds
00 14:42:14:510 Cursor CASIGNAMONOPEDIDO error 6550 ORA-06550: línea 1, columna 16:
PLS-00302: el componente 'ASIGNARMONOPEDIDO' se debe declarar
ORA-06550: línea 1, columna 7:
PL/SQL: Statement ignored
00 14:42:14:510  Defines
00 14:42:14:510  Binds
00 14:42:17:524 Cursor CASIGNAMONOPEDIDO error 6550 ORA-06550: línea 1, columna 16:
PLS-00302: el componente 'ASIGNARMONOPEDIDO' se debe declarar
ORA-06550: línea 1, columna 7:
PL/SQL: Statement ignored
00 14:42:17:524  Defines
00 14:42:17:524  Binds
00 14:42:20:535 Cursor CASIGNAMONOPEDIDO error 6550 ORA-06550: línea 1, columna 16:
PLS-00302: el componente 'ASIGNARMONOPEDIDO' se debe declarar
ORA-06550: línea 1, columna 7:
PL/SQL: Statement ignored
00 14:42:20:535  Defines
00 14:42:20:535  Binds
00 14:42:23:552 Cursor CASIGNAMONOPEDIDO error 6550 ORA-06550: línea 1, columna 16:
PLS-00302: el componente 'ASIGNARMONOPEDIDO' se debe declarar
ORA-06550: línea 1, columna 7:
PL/SQL: Statement ignored
00 14:42:23:552  Defines
00 14:42:23:552  Binds
00 14:42:26:555 Cursor CASIGNAMONOPEDIDO error 6550 ORA-06550: línea 1, columna 16:
PLS-00302: el componente 'ASIGNARMONOPEDIDO' se debe declarar
ORA-06550: línea 1, columna 7:
PL/SQL: Statement ignored
00 14:42:26:557  Defines
00 14:42:26:557  Binds
00 14:42:29:572 Cursor CASIGNAMONOPEDIDO error 6550 ORA-06550: línea 1, columna 16:
PLS-00302: el componente 'ASIGNARMONOPEDIDO' se debe declarar
ORA-06550: línea 1, columna 7:
PL/SQL: Statement ignored
00 14:42:29:572  Defines
00 14:42:29:572  Binds
00 14:42:32:582 Cursor CASIGNAMONOPEDIDO error 6550 ORA-06550: línea 1, columna 16:
PLS-00302: el componente 'ASIGNARMONOPEDIDO' se debe declarar
ORA-06550: línea 1, columna 7:
PL/SQL: Statement ignored
00 14:42:32:582  Defines
00 14:42:32:582  Binds
00 14:42:35:592 Cursor CASIGNAMONOPEDIDO error 6550 ORA-06550: línea 1, columna 16:
PLS-00302: el componente 'ASIGNARMONOPEDIDO' se debe declarar
ORA-06550: línea 1, columna 7:
PL/SQL: Statement ignored
00 14:42:35:592  Defines
00 14:42:35:592  Binds
00 14:42:38:597 Cursor CASIGNAMONOPEDIDO error 6550 ORA-06550: línea 1, columna 16:
PLS-00302: el componente 'ASIGNARMONOPEDIDO' se debe declarar
ORA-06550: línea 1, columna 7:
PL/SQL: Statement ignored
00 14:42:38:597  Defines
00 14:42:38:599  Binds
00 14:42:41:610 Cursor CASIGNAMONOPEDIDO error 6550 ORA-06550: línea 1, columna 16:
PLS-00302: el componente 'ASIGNARMONOPEDIDO' se debe declarar
ORA-06550: línea 1, columna 7:
PL/SQL: Statement ignored
00 14:42:41:610  Defines
00 14:42:41:610  Binds
00 14:42:44:619 Cursor CASIGNAMONOPEDIDO error 6550 ORA-06550: línea 1, columna 16:
PLS-00302: el componente 'ASIGNARMONOPEDIDO' se debe declarar
ORA-06550: línea 1, columna 7:
PL/SQL: Statement ignored
00 14:42:44:619  Defines
00 14:42:44:619  Binds
00 14:42:47:622 Cursor CASIGNAMONOPEDIDO error 6550 ORA-06550: línea 1, columna 16:
PLS-00302: el componente 'ASIGNARMONOPEDIDO' se debe declarar
ORA-06550: línea 1, columna 7:
PL/SQL: Statement ignored
00 14:42:47:622  Defines
00 14:42:47:622  Binds
00 14:42:50:640 Cursor CASIGNAMONOPEDIDO error 6550 ORA-06550: línea 1, columna 16:
PLS-00302: el componente 'ASIGNARMONOPEDIDO' se debe declarar
ORA-06550: línea 1, columna 7:
PL/SQL: Statement ignored
00 14:42:50:640  Defines
00 14:42:50:640  Binds
00 14:42:53:647 Cursor CASIGNAMONOPEDIDO error 6550 ORA-06550: línea 1, columna 16:
PLS-00302: el componente 'ASIGNARMONOPEDIDO' se debe declarar
ORA-06550: línea 1, columna 7:
PL/SQL: Statement ignored
00 14:42:53:647  Defines
00 14:42:53:647  Binds
00 14:42:56:662 Cursor CASIGNAMONOPEDIDO error 6550 ORA-06550: línea 1, columna 16:
PLS-00302: el componente 'ASIGNARMONOPEDIDO' se debe declarar
ORA-06550: línea 1, columna 7:
PL/SQL: Statement ignored
00 14:42:56:662  Defines
00 14:42:56:662  Binds
00 14:42:59:675 Cursor CASIGNAMONOPEDIDO error 6550 ORA-06550: línea 1, columna 16:
PLS-00302: el componente 'ASIGNARMONOPEDIDO' se debe declarar
ORA-06550: línea 1, columna 7:
PL/SQL: Statement ignored
00 14:42:59:675  Defines
00 14:42:59:675  Binds
00 14:43:02:689 Cursor CASIGNAMONOPEDIDO error 6550 ORA-06550: línea 1, columna 16:
PLS-00302: el componente 'ASIGNARMONOPEDIDO' se debe declarar
ORA-06550: línea 1, columna 7:
PL/SQL: Statement ignored
00 14:43:02:689  Defines
00 14:43:02:689  Binds
00 14:43:05:705 Cursor CASIGNAMONOPEDIDO error 6550 ORA-06550: línea 1, columna 16:
PLS-00302: el componente 'ASIGNARMONOPEDIDO' se debe declarar
ORA-06550: línea 1, columna 7:
PL/SQL: Statement ignored
00 14:43:05:705  Defines
00 14:43:05:705  Binds
00 14:43:08:722 Cursor CASIGNAMONOPEDIDO error 6550 ORA-06550: línea 1, columna 16:
PLS-00302: el componente 'ASIGNARMONOPEDIDO' se debe declarar
ORA-06550: línea 1, columna 7:
PL/SQL: Statement ignored
00 14:43:08:722  Defines
00 14:43:08:722  Binds
00 14:43:11:737 Cursor CASIGNAMONOPEDIDO error 6550 ORA-06550: línea 1, columna 16:
PLS-00302: el componente 'ASIGNARMONOPEDIDO' se debe declarar
ORA-06550: línea 1, columna 7:
PL/SQL: Statement ignored
00 14:43:11:737  Defines
00 14:43:11:737  Binds
00 14:43:14:755 Cursor CASIGNAMONOPEDIDO error 6550 ORA-06550: línea 1, columna 16:
PLS-00302: el componente 'ASIGNARMONOPEDIDO' se debe declarar
ORA-06550: línea 1, columna 7:
PL/SQL: Statement ignored
00 14:43:14:755  Defines
00 14:43:14:755  Binds
00 14:43:17:770 Cursor CASIGNAMONOPEDIDO error 6550 ORA-06550: línea 1, columna 16:
PLS-00302: el componente 'ASIGNARMONOPEDIDO' se debe declarar
ORA-06550: línea 1, columna 7:
PL/SQL: Statement ignored
00 14:43:17:770  Defines
00 14:43:17:770  Binds
00 14:43:20:772 Cursor CASIGNAMONOPEDIDO error 6550 ORA-06550: línea 1, columna 16:
PLS-00302: el componente 'ASIGNARMONOPEDIDO' se debe declarar
ORA-06550: línea 1, columna 7:
PL/SQL: Statement ignored
00 14:43:20:772  Defines
00 14:43:20:772  Binds
00 14:43:23:790 Cursor CASIGNAMONOPEDIDO error 6550 ORA-06550: línea 1, columna 16:
PLS-00302: el componente 'ASIGNARMONOPEDIDO' se debe declarar
ORA-06550: línea 1, columna 7:
PL/SQL: Statement ignored
00 14:43:23:790  Defines
00 14:43:23:790  Binds
00 14:43:26:804 Cursor CASIGNAMONOPEDIDO error 6550 ORA-06550: línea 1, columna 16:
PLS-00302: el componente 'ASIGNARMONOPEDIDO' se debe declarar
ORA-06550: línea 1, columna 7:
PL/SQL: Statement ignored
00 14:43:26:804  Defines
00 14:43:26:804  Binds
00 14:43:29:820 Cursor CASIGNAMONOPEDIDO error 6550 ORA-06550: línea 1, columna 16:
PLS-00302: el componente 'ASIGNARMONOPEDIDO' se debe declarar
ORA-06550: línea 1, columna 7:
PL/SQL: Statement ignored
00 14:43:29:820  Defines
00 14:43:29:820  Binds
00 14:43:32:837 Cursor CASIGNAMONOPEDIDO error 6550 ORA-06550: línea 1, columna 16:
PLS-00302: el componente 'ASIGNARMONOPEDIDO' se debe declarar
ORA-06550: línea 1, columna 7:
PL/SQL: Statement ignored
00 14:43:32:837  Defines
00 14:43:32:837  Binds
00 14:43:35:852 Cursor CASIGNAMONOPEDIDO error 6550 ORA-06550: línea 1, columna 16:
PLS-00302: el componente 'ASIGNARMONOPEDIDO' se debe declarar
ORA-06550: línea 1, columna 7:
PL/SQL: Statement ignored
00 14:43:35:852  Defines
00 14:43:35:852  Binds
00 14:43:38:859 Cursor CASIGNAMONOPEDIDO error 6550 ORA-06550: línea 1, columna 16:
PLS-00302: el componente 'ASIGNARMONOPEDIDO' se debe declarar
ORA-06550: línea 1, columna 7:
PL/SQL: Statement ignored
00 14:43:38:860  Defines
00 14:43:38:860  Binds
00 14:43:41:865 Cursor CASIGNAMONOPEDIDO error 6550 ORA-06550: línea 1, columna 16:
PLS-00302: el componente 'ASIGNARMONOPEDIDO' se debe declarar
ORA-06550: línea 1, columna 7:
PL/SQL: Statement ignored
00 14:43:41:865  Defines
00 14:43:41:865  Binds
00 14:43:44:879 Cursor CASIGNAMONOPEDIDO error 6550 ORA-06550: línea 1, columna 16:
PLS-00302: el componente 'ASIGNARMONOPEDIDO' se debe declarar
ORA-06550: línea 1, columna 7:
PL/SQL: Statement ignored
00 14:43:44:879  Defines
00 14:43:44:879  Binds
00 14:43:47:895 Cursor CASIGNAMONOPEDIDO error 6550 ORA-06550: línea 1, columna 16:
PLS-00302: el componente 'ASIGNARMONOPEDIDO' se debe declarar
ORA-06550: línea 1, columna 7:
PL/SQL: Statement ignored
00 14:43:47:895  Defines
00 14:43:47:895  Binds
00 14:43:50:912 Cursor CASIGNAMONOPEDIDO error 6550 ORA-06550: línea 1, columna 16:
PLS-00302: el componente 'ASIGNARMONOPEDIDO' se debe declarar
ORA-06550: línea 1, columna 7:
PL/SQL: Statement ignored
00 14:43:50:912  Defines
00 14:43:50:912  Binds
00 14:43:53:925 Cursor CASIGNAMONOPEDIDO error 6550 ORA-06550: línea 1, columna 16:
PLS-00302: el componente 'ASIGNARMONOPEDIDO' se debe declarar
ORA-06550: línea 1, columna 7:
PL/SQL: Statement ignored
00 14:43:53:925  Defines
00 14:43:53:925  Binds
00 14:43:56:940 Cursor CASIGNAMONOPEDIDO error 6550 ORA-06550: línea 1, columna 16:
PLS-00302: el componente 'ASIGNARMONOPEDIDO' se debe declarar
ORA-06550: línea 1, columna 7:
PL/SQL: Statement ignored
00 14:43:56:940  Defines
00 14:43:56:940  Binds
00 14:43:59:952 Cursor CASIGNAMONOPEDIDO error 6550 ORA-06550: línea 1, columna 16:
PLS-00302: el componente 'ASIGNARMONOPEDIDO' se debe declarar
ORA-06550: línea 1, columna 7:
PL/SQL: Statement ignored
00 14:43:59:952  Defines
00 14:43:59:952  Binds
00 14:44:02:962 Cursor CASIGNAMONOPEDIDO error 6550 ORA-06550: línea 1, columna 16:
PLS-00302: el componente 'ASIGNARMONOPEDIDO' se debe declarar
ORA-06550: línea 1, columna 7:
PL/SQL: Statement ignored
00 14:44:02:962  Defines
00 14:44:02:962  Binds
00 14:44:05:965 Cursor CASIGNAMONOPEDIDO error 6550 ORA-06550: línea 1, columna 16:
PLS-00302: el componente 'ASIGNARMONOPEDIDO' se debe declarar
ORA-06550: línea 1, columna 7:
PL/SQL: Statement ignored
00 14:44:05:965  Defines
00 14:44:05:965  Binds
00 14:44:08:982 Cursor CASIGNAMONOPEDIDO error 6550 ORA-06550: línea 1, columna 16:
PLS-00302: el componente 'ASIGNARMONOPEDIDO' se debe declarar
ORA-06550: línea 1, columna 7:
PL/SQL: Statement ignored
00 14:44:08:982  Defines
00 14:44:08:982  Binds
00 14:44:12:012 Cursor CASIGNAMONOPEDIDO error 6550 ORA-06550: línea 1, columna 16:
PLS-00302: el componente 'ASIGNARMONOPEDIDO' se debe declarar
ORA-06550: línea 1, columna 7:
PL/SQL: Statement ignored
00 14:44:12:014  Defines
00 14:44:12:014  Binds
00 14:44:15:020 Cursor CASIGNAMONOPEDIDO error 6550 ORA-06550: línea 1, columna 16:
PLS-00302: el componente 'ASIGNARMONOPEDIDO' se debe declarar
ORA-06550: línea 1, columna 7:
PL/SQL: Statement ignored
00 14:44:15:020  Defines
00 14:44:15:020  Binds
00 14:44:18:037 Cursor CASIGNAMONOPEDIDO error 6550 ORA-06550: línea 1, columna 16:
PLS-00302: el componente 'ASIGNARMONOPEDIDO' se debe declarar
ORA-06550: línea 1, columna 7:
PL/SQL: Statement ignored
00 14:44:18:037  Defines
00 14:44:18:037  Binds
00 14:44:21:052 Cursor CASIGNAMONOPEDIDO error 6550 ORA-06550: línea 1, columna 16:
PLS-00302: el componente 'ASIGNARMONOPEDIDO' se debe declarar
ORA-06550: línea 1, columna 7:
PL/SQL: Statement ignored
00 14:44:21:052  Defines
00 14:44:21:052  Binds
00 14:44:24:057 Cursor CASIGNAMONOPEDIDO error 6550 ORA-06550: línea 1, columna 16:
PLS-00302: el componente 'ASIGNARMONOPEDIDO' se debe declarar
ORA-06550: línea 1, columna 7:
PL/SQL: Statement ignored
00 14:44:24:057  Defines
00 14:44:24:057  Binds
00 14:44:27:067 Cursor CASIGNAMONOPEDIDO error 6550 ORA-06550: línea 1, columna 16:
PLS-00302: el componente 'ASIGNARMONOPEDIDO' se debe declarar
ORA-06550: línea 1, columna 7:
PL/SQL: Statement ignored
00 14:44:27:067  Defines
00 14:44:27:067  Binds
00 14:44:30:085 Cursor CASIGNAMONOPEDIDO error 6550 ORA-06550: línea 1, columna 16:
PLS-00302: el componente 'ASIGNARMONOPEDIDO' se debe declarar
ORA-06550: línea 1, columna 7:
PL/SQL: Statement ignored
00 14:44:30:085  Defines
00 14:44:30:085  Binds
00 14:44:33:100 Cursor CASIGNAMONOPEDIDO error 6550 ORA-06550: línea 1, columna 16:
PLS-00302: el componente 'ASIGNARMONOPEDIDO' se debe declarar
ORA-06550: línea 1, columna 7:
PL/SQL: Statement ignored
00 14:44:33:100  Defines
00 14:44:33:100  Binds
00 14:44:36:112 Cursor CASIGNAMONOPEDIDO error 6550 ORA-06550: línea 1, columna 16:
PLS-00302: el componente 'ASIGNARMONOPEDIDO' se debe declarar
ORA-06550: línea 1, columna 7:
PL/SQL: Statement ignored
00 14:44:36:112  Defines
00 14:44:36:112  Binds
00 14:44:39:125 Cursor CASIGNAMONOPEDIDO error 6550 ORA-06550: línea 1, columna 16:
PLS-00302: el componente 'ASIGNARMONOPEDIDO' se debe declarar
ORA-06550: línea 1, columna 7:
PL/SQL: Statement ignored
00 14:44:39:125  Defines
00 14:44:39:125  Binds
00 14:44:42:129 Cursor CASIGNAMONOPEDIDO error 6550 ORA-06550: línea 1, columna 16:
PLS-00302: el componente 'ASIGNARMONOPEDIDO' se debe declarar
ORA-06550: línea 1, columna 7:
PL/SQL: Statement ignored
00 14:44:42:129  Defines
00 14:44:42:129  Binds
00 14:44:45:140 Cursor CASIGNAMONOPEDIDO error 6550 ORA-06550: línea 1, columna 16:
PLS-00302: el componente 'ASIGNARMONOPEDIDO' se debe declarar
ORA-06550: línea 1, columna 7:
PL/SQL: Statement ignored
00 14:44:45:140  Defines
00 14:44:45:140  Binds
00 14:44:48:152 Cursor CASIGNAMONOPEDIDO error 6550 ORA-06550: línea 1, columna 16:
PLS-00302: el componente 'ASIGNARMONOPEDIDO' se debe declarar
ORA-06550: línea 1, columna 7:
PL/SQL: Statement ignored
00 14:44:48:152  Defines
00 14:44:48:152  Binds
00 14:44:51:157 Cursor CASIGNAMONOPEDIDO error 6550 ORA-06550: línea 1, columna 16:
PLS-00302: el componente 'ASIGNARMONOPEDIDO' se debe declarar
ORA-06550: línea 1, columna 7:
PL/SQL: Statement ignored
00 14:44:51:160  Defines
00 14:44:51:160  Binds
00 14:44:54:175 Cursor CASIGNAMONOPEDIDO error 6550 ORA-06550: línea 1, columna 16:
PLS-00302: el componente 'ASIGNARMONOPEDIDO' se debe declarar
ORA-06550: línea 1, columna 7:
PL/SQL: Statement ignored
00 14:44:54:175  Defines
00 14:44:54:175  Binds
00 14:44:57:190 Cursor CASIGNAMONOPEDIDO error 6550 ORA-06550: línea 1, columna 16:
PLS-00302: el componente 'ASIGNARMONOPEDIDO' se debe declarar
ORA-06550: línea 1, columna 7:
PL/SQL: Statement ignored
00 14:44:57:190  Defines
00 14:44:57:192  Binds

00 14:44:58:467 Fichero de log cerrado.

