00 14:39:12:949 Fichero de log abierto PID 14980

02 14:39:12:950 Intentando abrir fichero v10.ini
02 14:39:12:955 Cargando driver v10oracle funcion damedriveroracle
02 14:39:13:739 Conectado a base de datos
02 14:39:13:740 Proceso PERIODICODIA encontrado en tabla VDPROCESOS
02 14:39:13:740 Proceso PERIODICODIA cargado con función procesoperiodico (Librería VDKERNEL.DLL) direccion 68802D10
02 14:39:13:740 Proceso PERIODICOINVEN encontrado en tabla VDPROCESOS
02 14:39:13:740 Proceso PERIODICOINVEN cargado con función procesoperiodico (Librería VDKERNEL.DLL) direccion 68802D10
02 14:39:13:743 PLSQL: INICIALIZADO PAQUETE DE LOG EL DIA 19-07-2022
02 14:39:13:750 Actualizado SID 131 SERIAL 4392 del proceso con PID 14980
02 14:39:13:757 Analizado cursor CSEMAFORO
02 14:39:13:759 Analizado cursor CREVISACLI
02 14:39:13:759 Leidos 2 cursores
00 14:39:13:764 Cursor CREVISACLI error 6550 ORA-06550: línea 1, columna 17:
PLS-00302: el componente 'REVISACLIENTEPEDIDO' se debe declarar
ORA-06550: línea 1, columna 8:
PL/SQL: Statement ignored
00 14:39:13:764  Defines
00 14:39:13:764  Binds
02 14:39:13:772 Analizado cursor CPROCESAINVEN
02 14:39:13:772 Leidos 3 cursores
00 14:39:16:777 Cursor CREVISACLI error 6550 ORA-06550: línea 1, columna 17:
PLS-00302: el componente 'REVISACLIENTEPEDIDO' se debe declarar
ORA-06550: línea 1, columna 8:
PL/SQL: Statement ignored
00 14:39:16:777  Defines
00 14:39:16:777  Binds
00 14:39:19:782 Cursor CREVISACLI error 6550 ORA-06550: línea 1, columna 17:
PLS-00302: el componente 'REVISACLIENTEPEDIDO' se debe declarar
ORA-06550: línea 1, columna 8:
PL/SQL: Statement ignored
00 14:39:19:782  Defines
00 14:39:19:782  Binds
00 14:39:22:789 Cursor CREVISACLI error 6550 ORA-06550: línea 1, columna 17:
PLS-00302: el componente 'REVISACLIENTEPEDIDO' se debe declarar
ORA-06550: línea 1, columna 8:
PL/SQL: Statement ignored
00 14:39:22:789  Defines
00 14:39:22:789  Binds
00 14:39:25:800 Cursor CREVISACLI error 6550 ORA-06550: línea 1, columna 17:
PLS-00302: el componente 'REVISACLIENTEPEDIDO' se debe declarar
ORA-06550: línea 1, columna 8:
PL/SQL: Statement ignored
00 14:39:25:800  Defines
00 14:39:25:800  Binds
00 14:39:28:809 Cursor CREVISACLI error 6550 ORA-06550: línea 1, columna 17:
PLS-00302: el componente 'REVISACLIENTEPEDIDO' se debe declarar
ORA-06550: línea 1, columna 8:
PL/SQL: Statement ignored
00 14:39:28:809  Defines
00 14:39:28:809  Binds
00 14:39:31:827 Cursor CREVISACLI error 6550 ORA-06550: línea 1, columna 17:
PLS-00302: el componente 'REVISACLIENTEPEDIDO' se debe declarar
ORA-06550: línea 1, columna 8:
PL/SQL: Statement ignored
00 14:39:31:827  Defines
00 14:39:31:827  Binds
00 14:39:34:834 Cursor CREVISACLI error 6550 ORA-06550: línea 1, columna 17:
PLS-00302: el componente 'REVISACLIENTEPEDIDO' se debe declarar
ORA-06550: línea 1, columna 8:
PL/SQL: Statement ignored
00 14:39:34:834  Defines
00 14:39:34:834  Binds
00 14:39:37:840 Cursor CREVISACLI error 6550 ORA-06550: línea 1, columna 17:
PLS-00302: el componente 'REVISACLIENTEPEDIDO' se debe declarar
ORA-06550: línea 1, columna 8:
PL/SQL: Statement ignored
00 14:39:37:840  Defines
00 14:39:37:840  Binds
00 14:39:40:855 Cursor CREVISACLI error 6550 ORA-06550: línea 1, columna 17:
PLS-00302: el componente 'REVISACLIENTEPEDIDO' se debe declarar
ORA-06550: línea 1, columna 8:
PL/SQL: Statement ignored
00 14:39:40:857  Defines
00 14:39:40:857  Binds
00 14:39:43:867 Cursor CREVISACLI error 6550 ORA-06550: línea 1, columna 17:
PLS-00302: el componente 'REVISACLIENTEPEDIDO' se debe declarar
ORA-06550: línea 1, columna 8:
PL/SQL: Statement ignored
00 14:39:43:867  Defines
00 14:39:43:867  Binds
00 14:39:46:880 Cursor CREVISACLI error 6550 ORA-06550: línea 1, columna 17:
PLS-00302: el componente 'REVISACLIENTEPEDIDO' se debe declarar
ORA-06550: línea 1, columna 8:
PL/SQL: Statement ignored
00 14:39:46:880  Defines
00 14:39:46:880  Binds
00 14:39:49:895 Cursor CREVISACLI error 6550 ORA-06550: línea 1, columna 17:
PLS-00302: el componente 'REVISACLIENTEPEDIDO' se debe declarar
ORA-06550: línea 1, columna 8:
PL/SQL: Statement ignored
00 14:39:49:897  Defines
00 14:39:49:897  Binds
00 14:39:52:910 Cursor CREVISACLI error 6550 ORA-06550: línea 1, columna 17:
PLS-00302: el componente 'REVISACLIENTEPEDIDO' se debe declarar
ORA-06550: línea 1, columna 8:
PL/SQL: Statement ignored
00 14:39:52:910  Defines
00 14:39:52:910  Binds
00 14:39:55:925 Cursor CREVISACLI error 6550 ORA-06550: línea 1, columna 17:
PLS-00302: el componente 'REVISACLIENTEPEDIDO' se debe declarar
ORA-06550: línea 1, columna 8:
PL/SQL: Statement ignored
00 14:39:55:925  Defines
00 14:39:55:925  Binds
00 14:39:58:942 Cursor CREVISACLI error 6550 ORA-06550: línea 1, columna 17:
PLS-00302: el componente 'REVISACLIENTEPEDIDO' se debe declarar
ORA-06550: línea 1, columna 8:
PL/SQL: Statement ignored
00 14:39:58:942  Defines
00 14:39:58:942  Binds
00 14:40:01:957 Cursor CREVISACLI error 6550 ORA-06550: línea 1, columna 17:
PLS-00302: el componente 'REVISACLIENTEPEDIDO' se debe declarar
ORA-06550: línea 1, columna 8:
PL/SQL: Statement ignored
00 14:40:01:959  Defines
00 14:40:01:959  Binds
00 14:40:04:970 Cursor CREVISACLI error 6550 ORA-06550: línea 1, columna 17:
PLS-00302: el componente 'REVISACLIENTEPEDIDO' se debe declarar
ORA-06550: línea 1, columna 8:
PL/SQL: Statement ignored
00 14:40:04:970  Defines
00 14:40:04:970  Binds
00 14:40:07:982 Cursor CREVISACLI error 6550 ORA-06550: línea 1, columna 17:
PLS-00302: el componente 'REVISACLIENTEPEDIDO' se debe declarar
ORA-06550: línea 1, columna 8:
PL/SQL: Statement ignored
00 14:40:07:982  Defines
00 14:40:07:982  Binds
00 14:40:10:994 Cursor CREVISACLI error 6550 ORA-06550: línea 1, columna 17:
PLS-00302: el componente 'REVISACLIENTEPEDIDO' se debe declarar
ORA-06550: línea 1, columna 8:
PL/SQL: Statement ignored
00 14:40:10:994  Defines
00 14:40:10:994  Binds
00 14:40:14:007 Cursor CREVISACLI error 6550 ORA-06550: línea 1, columna 17:
PLS-00302: el componente 'REVISACLIENTEPEDIDO' se debe declarar
ORA-06550: línea 1, columna 8:
PL/SQL: Statement ignored
00 14:40:14:007  Defines
00 14:40:14:007  Binds
00 14:40:17:025 Cursor CREVISACLI error 6550 ORA-06550: línea 1, columna 17:
PLS-00302: el componente 'REVISACLIENTEPEDIDO' se debe declarar
ORA-06550: línea 1, columna 8:
PL/SQL: Statement ignored
00 14:40:17:025  Defines
00 14:40:17:025  Binds
00 14:40:20:040 Cursor CREVISACLI error 6550 ORA-06550: línea 1, columna 17:
PLS-00302: el componente 'REVISACLIENTEPEDIDO' se debe declarar
ORA-06550: línea 1, columna 8:
PL/SQL: Statement ignored
00 14:40:20:040  Defines
00 14:40:20:040  Binds
00 14:40:23:050 Cursor CREVISACLI error 6550 ORA-06550: línea 1, columna 17:
PLS-00302: el componente 'REVISACLIENTEPEDIDO' se debe declarar
ORA-06550: línea 1, columna 8:
PL/SQL: Statement ignored
00 14:40:23:050  Defines
00 14:40:23:050  Binds
00 14:40:26:065 Cursor CREVISACLI error 6550 ORA-06550: línea 1, columna 17:
PLS-00302: el componente 'REVISACLIENTEPEDIDO' se debe declarar
ORA-06550: línea 1, columna 8:
PL/SQL: Statement ignored
00 14:40:26:065  Defines
00 14:40:26:065  Binds
00 14:40:29:075 Cursor CREVISACLI error 6550 ORA-06550: línea 1, columna 17:
PLS-00302: el componente 'REVISACLIENTEPEDIDO' se debe declarar
ORA-06550: línea 1, columna 8:
PL/SQL: Statement ignored
00 14:40:29:075  Defines
00 14:40:29:075  Binds
00 14:40:32:092 Cursor CREVISACLI error 6550 ORA-06550: línea 1, columna 17:
PLS-00302: el componente 'REVISACLIENTEPEDIDO' se debe declarar
ORA-06550: línea 1, columna 8:
PL/SQL: Statement ignored
00 14:40:32:092  Defines
00 14:40:32:092  Binds
00 14:40:35:105 Cursor CREVISACLI error 6550 ORA-06550: línea 1, columna 17:
PLS-00302: el componente 'REVISACLIENTEPEDIDO' se debe declarar
ORA-06550: línea 1, columna 8:
PL/SQL: Statement ignored
00 14:40:35:107  Defines
00 14:40:35:107  Binds
00 14:40:38:125 Cursor CREVISACLI error 6550 ORA-06550: línea 1, columna 17:
PLS-00302: el componente 'REVISACLIENTEPEDIDO' se debe declarar
ORA-06550: línea 1, columna 8:
PL/SQL: Statement ignored
00 14:40:38:125  Defines
00 14:40:38:125  Binds
00 14:40:41:142 Cursor CREVISACLI error 6550 ORA-06550: línea 1, columna 17:
PLS-00302: el componente 'REVISACLIENTEPEDIDO' se debe declarar
ORA-06550: línea 1, columna 8:
PL/SQL: Statement ignored
00 14:40:41:142  Defines
00 14:40:41:142  Binds
00 14:40:44:152 Cursor CREVISACLI error 6550 ORA-06550: línea 1, columna 17:
PLS-00302: el componente 'REVISACLIENTEPEDIDO' se debe declarar
ORA-06550: línea 1, columna 8:
PL/SQL: Statement ignored
00 14:40:44:152  Defines
00 14:40:44:152  Binds
00 14:40:47:157 Cursor CREVISACLI error 6550 ORA-06550: línea 1, columna 17:
PLS-00302: el componente 'REVISACLIENTEPEDIDO' se debe declarar
ORA-06550: línea 1, columna 8:
PL/SQL: Statement ignored
00 14:40:47:157  Defines
00 14:40:47:157  Binds
00 14:40:50:175 Cursor CREVISACLI error 6550 ORA-06550: línea 1, columna 17:
PLS-00302: el componente 'REVISACLIENTEPEDIDO' se debe declarar
ORA-06550: línea 1, columna 8:
PL/SQL: Statement ignored
00 14:40:50:175  Defines
00 14:40:50:175  Binds
00 14:40:53:180 Cursor CREVISACLI error 6550 ORA-06550: línea 1, columna 17:
PLS-00302: el componente 'REVISACLIENTEPEDIDO' se debe declarar
ORA-06550: línea 1, columna 8:
PL/SQL: Statement ignored
00 14:40:53:180  Defines
00 14:40:53:180  Binds
00 14:40:56:192 Cursor CREVISACLI error 6550 ORA-06550: línea 1, columna 17:
PLS-00302: el componente 'REVISACLIENTEPEDIDO' se debe declarar
ORA-06550: línea 1, columna 8:
PL/SQL: Statement ignored
00 14:40:56:192  Defines
00 14:40:56:192  Binds
00 14:40:59:202 Cursor CREVISACLI error 6550 ORA-06550: línea 1, columna 17:
PLS-00302: el componente 'REVISACLIENTEPEDIDO' se debe declarar
ORA-06550: línea 1, columna 8:
PL/SQL: Statement ignored
00 14:40:59:202  Defines
00 14:40:59:202  Binds
00 14:41:02:210 Cursor CREVISACLI error 6550 ORA-06550: línea 1, columna 17:
PLS-00302: el componente 'REVISACLIENTEPEDIDO' se debe declarar
ORA-06550: línea 1, columna 8:
PL/SQL: Statement ignored
00 14:41:02:210  Defines
00 14:41:02:210  Binds
00 14:41:05:220 Cursor CREVISACLI error 6550 ORA-06550: línea 1, columna 17:
PLS-00302: el componente 'REVISACLIENTEPEDIDO' se debe declarar
ORA-06550: línea 1, columna 8:
PL/SQL: Statement ignored
00 14:41:05:220  Defines
00 14:41:05:220  Binds
00 14:41:08:234 Cursor CREVISACLI error 6550 ORA-06550: línea 1, columna 17:
PLS-00302: el componente 'REVISACLIENTEPEDIDO' se debe declarar
ORA-06550: línea 1, columna 8:
PL/SQL: Statement ignored
00 14:41:08:234  Defines
00 14:41:08:234  Binds
00 14:41:11:245 Cursor CREVISACLI error 6550 ORA-06550: línea 1, columna 17:
PLS-00302: el componente 'REVISACLIENTEPEDIDO' se debe declarar
ORA-06550: línea 1, columna 8:
PL/SQL: Statement ignored
00 14:41:11:245  Defines
00 14:41:11:245  Binds
00 14:41:14:255 Cursor CREVISACLI error 6550 ORA-06550: línea 1, columna 17:
PLS-00302: el componente 'REVISACLIENTEPEDIDO' se debe declarar
ORA-06550: línea 1, columna 8:
PL/SQL: Statement ignored
00 14:41:14:255  Defines
00 14:41:14:255  Binds
00 14:41:17:265 Cursor CREVISACLI error 6550 ORA-06550: línea 1, columna 17:
PLS-00302: el componente 'REVISACLIENTEPEDIDO' se debe declarar
ORA-06550: línea 1, columna 8:
PL/SQL: Statement ignored
00 14:41:17:267  Defines
00 14:41:17:267  Binds
00 14:41:20:277 Cursor CREVISACLI error 6550 ORA-06550: línea 1, columna 17:
PLS-00302: el componente 'REVISACLIENTEPEDIDO' se debe declarar
ORA-06550: línea 1, columna 8:
PL/SQL: Statement ignored
00 14:41:20:277  Defines
00 14:41:20:277  Binds
00 14:41:23:295 Cursor CREVISACLI error 6550 ORA-06550: línea 1, columna 17:
PLS-00302: el componente 'REVISACLIENTEPEDIDO' se debe declarar
ORA-06550: línea 1, columna 8:
PL/SQL: Statement ignored
00 14:41:23:295  Defines
00 14:41:23:295  Binds
00 14:41:26:305 Cursor CREVISACLI error 6550 ORA-06550: línea 1, columna 17:
PLS-00302: el componente 'REVISACLIENTEPEDIDO' se debe declarar
ORA-06550: línea 1, columna 8:
PL/SQL: Statement ignored
00 14:41:26:305  Defines
00 14:41:26:305  Binds
00 14:41:29:322 Cursor CREVISACLI error 6550 ORA-06550: línea 1, columna 17:
PLS-00302: el componente 'REVISACLIENTEPEDIDO' se debe declarar
ORA-06550: línea 1, columna 8:
PL/SQL: Statement ignored
00 14:41:29:322  Defines
00 14:41:29:322  Binds
00 14:41:32:337 Cursor CREVISACLI error 6550 ORA-06550: línea 1, columna 17:
PLS-00302: el componente 'REVISACLIENTEPEDIDO' se debe declarar
ORA-06550: línea 1, columna 8:
PL/SQL: Statement ignored
00 14:41:32:337  Defines
00 14:41:32:337  Binds
00 14:41:35:357 Cursor CREVISACLI error 6550 ORA-06550: línea 1, columna 17:
PLS-00302: el componente 'REVISACLIENTEPEDIDO' se debe declarar
ORA-06550: línea 1, columna 8:
PL/SQL: Statement ignored
00 14:41:35:357  Defines
00 14:41:35:357  Binds
00 14:41:38:370 Cursor CREVISACLI error 6550 ORA-06550: línea 1, columna 17:
PLS-00302: el componente 'REVISACLIENTEPEDIDO' se debe declarar
ORA-06550: línea 1, columna 8:
PL/SQL: Statement ignored
00 14:41:38:370  Defines
00 14:41:38:372  Binds
00 14:41:41:377 Cursor CREVISACLI error 6550 ORA-06550: línea 1, columna 17:
PLS-00302: el componente 'REVISACLIENTEPEDIDO' se debe declarar
ORA-06550: línea 1, columna 8:
PL/SQL: Statement ignored
00 14:41:41:377  Defines
00 14:41:41:377  Binds
00 14:41:44:387 Cursor CREVISACLI error 6550 ORA-06550: línea 1, columna 17:
PLS-00302: el componente 'REVISACLIENTEPEDIDO' se debe declarar
ORA-06550: línea 1, columna 8:
PL/SQL: Statement ignored
00 14:41:44:387  Defines
00 14:41:44:387  Binds
00 14:41:47:402 Cursor CREVISACLI error 6550 ORA-06550: línea 1, columna 17:
PLS-00302: el componente 'REVISACLIENTEPEDIDO' se debe declarar
ORA-06550: línea 1, columna 8:
PL/SQL: Statement ignored
00 14:41:47:402  Defines
00 14:41:47:402  Binds
00 14:41:50:410 Cursor CREVISACLI error 6550 ORA-06550: línea 1, columna 17:
PLS-00302: el componente 'REVISACLIENTEPEDIDO' se debe declarar
ORA-06550: línea 1, columna 8:
PL/SQL: Statement ignored
00 14:41:50:410  Defines
00 14:41:50:410  Binds
00 14:41:53:425 Cursor CREVISACLI error 6550 ORA-06550: línea 1, columna 17:
PLS-00302: el componente 'REVISACLIENTEPEDIDO' se debe declarar
ORA-06550: línea 1, columna 8:
PL/SQL: Statement ignored
00 14:41:53:425  Defines
00 14:41:53:425  Binds
00 14:41:56:440 Cursor CREVISACLI error 6550 ORA-06550: línea 1, columna 17:
PLS-00302: el componente 'REVISACLIENTEPEDIDO' se debe declarar
ORA-06550: línea 1, columna 8:
PL/SQL: Statement ignored
00 14:41:56:440  Defines
00 14:41:56:440  Binds
00 14:41:59:459 Cursor CREVISACLI error 6550 ORA-06550: línea 1, columna 17:
PLS-00302: el componente 'REVISACLIENTEPEDIDO' se debe declarar
ORA-06550: línea 1, columna 8:
PL/SQL: Statement ignored
00 14:41:59:459  Defines
00 14:41:59:459  Binds
00 14:42:02:475 Cursor CREVISACLI error 6550 ORA-06550: línea 1, columna 17:
PLS-00302: el componente 'REVISACLIENTEPEDIDO' se debe declarar
ORA-06550: línea 1, columna 8:
PL/SQL: Statement ignored
00 14:42:02:477  Defines
00 14:42:02:477  Binds
00 14:42:05:489 Cursor CREVISACLI error 6550 ORA-06550: línea 1, columna 17:
PLS-00302: el componente 'REVISACLIENTEPEDIDO' se debe declarar
ORA-06550: línea 1, columna 8:
PL/SQL: Statement ignored
00 14:42:05:489  Defines
00 14:42:05:489  Binds
00 14:42:08:494 Cursor CREVISACLI error 6550 ORA-06550: línea 1, columna 17:
PLS-00302: el componente 'REVISACLIENTEPEDIDO' se debe declarar
ORA-06550: línea 1, columna 8:
PL/SQL: Statement ignored
00 14:42:08:494  Defines
00 14:42:08:494  Binds
00 14:42:11:507 Cursor CREVISACLI error 6550 ORA-06550: línea 1, columna 17:
PLS-00302: el componente 'REVISACLIENTEPEDIDO' se debe declarar
ORA-06550: línea 1, columna 8:
PL/SQL: Statement ignored
00 14:42:11:507  Defines
00 14:42:11:507  Binds
00 14:42:14:510 Cursor CREVISACLI error 6550 ORA-06550: línea 1, columna 17:
PLS-00302: el componente 'REVISACLIENTEPEDIDO' se debe declarar
ORA-06550: línea 1, columna 8:
PL/SQL: Statement ignored
00 14:42:14:510  Defines
00 14:42:14:510  Binds
00 14:42:17:525 Cursor CREVISACLI error 6550 ORA-06550: línea 1, columna 17:
PLS-00302: el componente 'REVISACLIENTEPEDIDO' se debe declarar
ORA-06550: línea 1, columna 8:
PL/SQL: Statement ignored
00 14:42:17:525  Defines
00 14:42:17:525  Binds
00 14:42:20:535 Cursor CREVISACLI error 6550 ORA-06550: línea 1, columna 17:
PLS-00302: el componente 'REVISACLIENTEPEDIDO' se debe declarar
ORA-06550: línea 1, columna 8:
PL/SQL: Statement ignored
00 14:42:20:535  Defines
00 14:42:20:535  Binds
00 14:42:23:554 Cursor CREVISACLI error 6550 ORA-06550: línea 1, columna 17:
PLS-00302: el componente 'REVISACLIENTEPEDIDO' se debe declarar
ORA-06550: línea 1, columna 8:
PL/SQL: Statement ignored
00 14:42:23:554  Defines
00 14:42:23:554  Binds
00 14:42:26:557 Cursor CREVISACLI error 6550 ORA-06550: línea 1, columna 17:
PLS-00302: el componente 'REVISACLIENTEPEDIDO' se debe declarar
ORA-06550: línea 1, columna 8:
PL/SQL: Statement ignored
00 14:42:26:557  Defines
00 14:42:26:557  Binds
00 14:42:29:574 Cursor CREVISACLI error 6550 ORA-06550: línea 1, columna 17:
PLS-00302: el componente 'REVISACLIENTEPEDIDO' se debe declarar
ORA-06550: línea 1, columna 8:
PL/SQL: Statement ignored
00 14:42:29:574  Defines
00 14:42:29:574  Binds
00 14:42:32:582 Cursor CREVISACLI error 6550 ORA-06550: línea 1, columna 17:
PLS-00302: el componente 'REVISACLIENTEPEDIDO' se debe declarar
ORA-06550: línea 1, columna 8:
PL/SQL: Statement ignored
00 14:42:32:582  Defines
00 14:42:32:582  Binds
00 14:42:35:592 Cursor CREVISACLI error 6550 ORA-06550: línea 1, columna 17:
PLS-00302: el componente 'REVISACLIENTEPEDIDO' se debe declarar
ORA-06550: línea 1, columna 8:
PL/SQL: Statement ignored
00 14:42:35:592  Defines
00 14:42:35:592  Binds
00 14:42:38:599 Cursor CREVISACLI error 6550 ORA-06550: línea 1, columna 17:
PLS-00302: el componente 'REVISACLIENTEPEDIDO' se debe declarar
ORA-06550: línea 1, columna 8:
PL/SQL: Statement ignored
00 14:42:38:600  Defines
00 14:42:38:600  Binds
00 14:42:41:610 Cursor CREVISACLI error 6550 ORA-06550: línea 1, columna 17:
PLS-00302: el componente 'REVISACLIENTEPEDIDO' se debe declarar
ORA-06550: línea 1, columna 8:
PL/SQL: Statement ignored
00 14:42:41:610  Defines
00 14:42:41:610  Binds
00 14:42:44:620 Cursor CREVISACLI error 6550 ORA-06550: línea 1, columna 17:
PLS-00302: el componente 'REVISACLIENTEPEDIDO' se debe declarar
ORA-06550: línea 1, columna 8:
PL/SQL: Statement ignored
00 14:42:44:620  Defines
00 14:42:44:620  Binds
00 14:42:47:640 Cursor CREVISACLI error 6550 ORA-06550: línea 1, columna 17:
PLS-00302: el componente 'REVISACLIENTEPEDIDO' se debe declarar
ORA-06550: línea 1, columna 8:
PL/SQL: Statement ignored
00 14:42:47:640  Defines
00 14:42:47:640  Binds
00 14:42:50:655 Cursor CREVISACLI error 6550 ORA-06550: línea 1, columna 17:
PLS-00302: el componente 'REVISACLIENTEPEDIDO' se debe declarar
ORA-06550: línea 1, columna 8:
PL/SQL: Statement ignored
00 14:42:50:655  Defines
00 14:42:50:655  Binds
00 14:42:53:665 Cursor CREVISACLI error 6550 ORA-06550: línea 1, columna 17:
PLS-00302: el componente 'REVISACLIENTEPEDIDO' se debe declarar
ORA-06550: línea 1, columna 8:
PL/SQL: Statement ignored
00 14:42:53:665  Defines
00 14:42:53:665  Binds
00 14:42:56:680 Cursor CREVISACLI error 6550 ORA-06550: línea 1, columna 17:
PLS-00302: el componente 'REVISACLIENTEPEDIDO' se debe declarar
ORA-06550: línea 1, columna 8:
PL/SQL: Statement ignored
00 14:42:56:680  Defines
00 14:42:56:680  Binds
00 14:42:59:692 Cursor CREVISACLI error 6550 ORA-06550: línea 1, columna 17:
PLS-00302: el componente 'REVISACLIENTEPEDIDO' se debe declarar
ORA-06550: línea 1, columna 8:
PL/SQL: Statement ignored
00 14:42:59:692  Defines
00 14:42:59:692  Binds
00 14:43:02:705 Cursor CREVISACLI error 6550 ORA-06550: línea 1, columna 17:
PLS-00302: el componente 'REVISACLIENTEPEDIDO' se debe declarar
ORA-06550: línea 1, columna 8:
PL/SQL: Statement ignored
00 14:43:02:705  Defines
00 14:43:02:705  Binds
00 14:43:05:722 Cursor CREVISACLI error 6550 ORA-06550: línea 1, columna 17:
PLS-00302: el componente 'REVISACLIENTEPEDIDO' se debe declarar
ORA-06550: línea 1, columna 8:
PL/SQL: Statement ignored
00 14:43:05:722  Defines
00 14:43:05:722  Binds
00 14:43:08:740 Cursor CREVISACLI error 6550 ORA-06550: línea 1, columna 17:
PLS-00302: el componente 'REVISACLIENTEPEDIDO' se debe declarar
ORA-06550: línea 1, columna 8:
PL/SQL: Statement ignored
00 14:43:08:740  Defines
00 14:43:08:740  Binds
00 14:43:11:755 Cursor CREVISACLI error 6550 ORA-06550: línea 1, columna 17:
PLS-00302: el componente 'REVISACLIENTEPEDIDO' se debe declarar
ORA-06550: línea 1, columna 8:
PL/SQL: Statement ignored
00 14:43:11:755  Defines
00 14:43:11:755  Binds
00 14:43:14:772 Cursor CREVISACLI error 6550 ORA-06550: línea 1, columna 17:
PLS-00302: el componente 'REVISACLIENTEPEDIDO' se debe declarar
ORA-06550: línea 1, columna 8:
PL/SQL: Statement ignored
00 14:43:14:772  Defines
00 14:43:14:772  Binds
00 14:43:17:785 Cursor CREVISACLI error 6550 ORA-06550: línea 1, columna 17:
PLS-00302: el componente 'REVISACLIENTEPEDIDO' se debe declarar
ORA-06550: línea 1, columna 8:
PL/SQL: Statement ignored
00 14:43:17:785  Defines
00 14:43:17:785  Binds
00 14:43:20:805 Cursor CREVISACLI error 6550 ORA-06550: línea 1, columna 17:
PLS-00302: el componente 'REVISACLIENTEPEDIDO' se debe declarar
ORA-06550: línea 1, columna 8:
PL/SQL: Statement ignored
00 14:43:20:805  Defines
00 14:43:20:805  Binds
00 14:43:23:822 Cursor CREVISACLI error 6550 ORA-06550: línea 1, columna 17:
PLS-00302: el componente 'REVISACLIENTEPEDIDO' se debe declarar
ORA-06550: línea 1, columna 8:
PL/SQL: Statement ignored
00 14:43:23:822  Defines
00 14:43:23:822  Binds
00 14:43:26:837 Cursor CREVISACLI error 6550 ORA-06550: línea 1, columna 17:
PLS-00302: el componente 'REVISACLIENTEPEDIDO' se debe declarar
ORA-06550: línea 1, columna 8:
PL/SQL: Statement ignored
00 14:43:26:837  Defines
00 14:43:26:837  Binds
00 14:43:29:850 Cursor CREVISACLI error 6550 ORA-06550: línea 1, columna 17:
PLS-00302: el componente 'REVISACLIENTEPEDIDO' se debe declarar
ORA-06550: línea 1, columna 8:
PL/SQL: Statement ignored
00 14:43:29:850  Defines
00 14:43:29:850  Binds
00 14:43:32:867 Cursor CREVISACLI error 6550 ORA-06550: línea 1, columna 17:
PLS-00302: el componente 'REVISACLIENTEPEDIDO' se debe declarar
ORA-06550: línea 1, columna 8:
PL/SQL: Statement ignored
00 14:43:32:867  Defines
00 14:43:32:867  Binds
00 14:43:35:885 Cursor CREVISACLI error 6550 ORA-06550: línea 1, columna 17:
PLS-00302: el componente 'REVISACLIENTEPEDIDO' se debe declarar
ORA-06550: línea 1, columna 8:
PL/SQL: Statement ignored
00 14:43:35:885  Defines
00 14:43:35:885  Binds
00 14:43:38:892 Cursor CREVISACLI error 6550 ORA-06550: línea 1, columna 17:
PLS-00302: el componente 'REVISACLIENTEPEDIDO' se debe declarar
ORA-06550: línea 1, columna 8:
PL/SQL: Statement ignored
00 14:43:38:892  Defines
00 14:43:38:892  Binds
00 14:43:41:899 Cursor CREVISACLI error 6550 ORA-06550: línea 1, columna 17:
PLS-00302: el componente 'REVISACLIENTEPEDIDO' se debe declarar
ORA-06550: línea 1, columna 8:
PL/SQL: Statement ignored
00 14:43:41:899  Defines
00 14:43:41:900  Binds
00 14:43:44:912 Cursor CREVISACLI error 6550 ORA-06550: línea 1, columna 17:
PLS-00302: el componente 'REVISACLIENTEPEDIDO' se debe declarar
ORA-06550: línea 1, columna 8:
PL/SQL: Statement ignored
00 14:43:44:912  Defines
00 14:43:44:912  Binds
00 14:43:47:930 Cursor CREVISACLI error 6550 ORA-06550: línea 1, columna 17:
PLS-00302: el componente 'REVISACLIENTEPEDIDO' se debe declarar
ORA-06550: línea 1, columna 8:
PL/SQL: Statement ignored
00 14:43:47:930  Defines
00 14:43:47:930  Binds
00 14:43:50:945 Cursor CREVISACLI error 6550 ORA-06550: línea 1, columna 17:
PLS-00302: el componente 'REVISACLIENTEPEDIDO' se debe declarar
ORA-06550: línea 1, columna 8:
PL/SQL: Statement ignored
00 14:43:50:945  Defines
00 14:43:50:945  Binds
00 14:43:53:955 Cursor CREVISACLI error 6550 ORA-06550: línea 1, columna 17:
PLS-00302: el componente 'REVISACLIENTEPEDIDO' se debe declarar
ORA-06550: línea 1, columna 8:
PL/SQL: Statement ignored
00 14:43:53:955  Defines
00 14:43:53:955  Binds
00 14:43:56:970 Cursor CREVISACLI error 6550 ORA-06550: línea 1, columna 17:
PLS-00302: el componente 'REVISACLIENTEPEDIDO' se debe declarar
ORA-06550: línea 1, columna 8:
PL/SQL: Statement ignored
00 14:43:56:970  Defines
00 14:43:56:970  Binds
00 14:43:59:984 Cursor CREVISACLI error 6550 ORA-06550: línea 1, columna 17:
PLS-00302: el componente 'REVISACLIENTEPEDIDO' se debe declarar
ORA-06550: línea 1, columna 8:
PL/SQL: Statement ignored
00 14:43:59:984  Defines
00 14:43:59:984  Binds
00 14:44:02:995 Cursor CREVISACLI error 6550 ORA-06550: línea 1, columna 17:
PLS-00302: el componente 'REVISACLIENTEPEDIDO' se debe declarar
ORA-06550: línea 1, columna 8:
PL/SQL: Statement ignored
00 14:44:02:997  Defines
00 14:44:02:997  Binds
00 14:44:06:012 Cursor CREVISACLI error 6550 ORA-06550: línea 1, columna 17:
PLS-00302: el componente 'REVISACLIENTEPEDIDO' se debe declarar
ORA-06550: línea 1, columna 8:
PL/SQL: Statement ignored
00 14:44:06:014  Defines
00 14:44:06:014  Binds
00 14:44:09:027 Cursor CREVISACLI error 6550 ORA-06550: línea 1, columna 17:
PLS-00302: el componente 'REVISACLIENTEPEDIDO' se debe declarar
ORA-06550: línea 1, columna 8:
PL/SQL: Statement ignored
00 14:44:09:027  Defines
00 14:44:09:027  Binds
00 14:44:12:054 Cursor CREVISACLI error 6550 ORA-06550: línea 1, columna 17:
PLS-00302: el componente 'REVISACLIENTEPEDIDO' se debe declarar
ORA-06550: línea 1, columna 8:
PL/SQL: Statement ignored
00 14:44:12:054  Defines
00 14:44:12:054  Binds
00 14:44:15:070 Cursor CREVISACLI error 6550 ORA-06550: línea 1, columna 17:
PLS-00302: el componente 'REVISACLIENTEPEDIDO' se debe declarar
ORA-06550: línea 1, columna 8:
PL/SQL: Statement ignored
00 14:44:15:070  Defines
00 14:44:15:070  Binds
00 14:44:18:085 Cursor CREVISACLI error 6550 ORA-06550: línea 1, columna 17:
PLS-00302: el componente 'REVISACLIENTEPEDIDO' se debe declarar
ORA-06550: línea 1, columna 8:
PL/SQL: Statement ignored
00 14:44:18:085  Defines
00 14:44:18:085  Binds
00 14:44:21:100 Cursor CREVISACLI error 6550 ORA-06550: línea 1, columna 17:
PLS-00302: el componente 'REVISACLIENTEPEDIDO' se debe declarar
ORA-06550: línea 1, columna 8:
PL/SQL: Statement ignored
00 14:44:21:100  Defines
00 14:44:21:100  Binds
00 14:44:24:107 Cursor CREVISACLI error 6550 ORA-06550: línea 1, columna 17:
PLS-00302: el componente 'REVISACLIENTEPEDIDO' se debe declarar
ORA-06550: línea 1, columna 8:
PL/SQL: Statement ignored
00 14:44:24:107  Defines
00 14:44:24:107  Binds
00 14:44:27:115 Cursor CREVISACLI error 6550 ORA-06550: línea 1, columna 17:
PLS-00302: el componente 'REVISACLIENTEPEDIDO' se debe declarar
ORA-06550: línea 1, columna 8:
PL/SQL: Statement ignored
00 14:44:27:115  Defines
00 14:44:27:115  Binds
00 14:44:30:132 Cursor CREVISACLI error 6550 ORA-06550: línea 1, columna 17:
PLS-00302: el componente 'REVISACLIENTEPEDIDO' se debe declarar
ORA-06550: línea 1, columna 8:
PL/SQL: Statement ignored
00 14:44:30:132  Defines
00 14:44:30:132  Binds
00 14:44:33:147 Cursor CREVISACLI error 6550 ORA-06550: línea 1, columna 17:
PLS-00302: el componente 'REVISACLIENTEPEDIDO' se debe declarar
ORA-06550: línea 1, columna 8:
PL/SQL: Statement ignored
00 14:44:33:147  Defines
00 14:44:33:149  Binds
00 14:44:36:162 Cursor CREVISACLI error 6550 ORA-06550: línea 1, columna 17:
PLS-00302: el componente 'REVISACLIENTEPEDIDO' se debe declarar
ORA-06550: línea 1, columna 8:
PL/SQL: Statement ignored
00 14:44:36:162  Defines
00 14:44:36:162  Binds
00 14:44:39:172 Cursor CREVISACLI error 6550 ORA-06550: línea 1, columna 17:
PLS-00302: el componente 'REVISACLIENTEPEDIDO' se debe declarar
ORA-06550: línea 1, columna 8:
PL/SQL: Statement ignored
00 14:44:39:172  Defines
00 14:44:39:172  Binds
00 14:44:42:190 Cursor CREVISACLI error 6550 ORA-06550: línea 1, columna 17:
PLS-00302: el componente 'REVISACLIENTEPEDIDO' se debe declarar
ORA-06550: línea 1, columna 8:
PL/SQL: Statement ignored
00 14:44:42:190  Defines
00 14:44:42:190  Binds
00 14:44:45:202 Cursor CREVISACLI error 6550 ORA-06550: línea 1, columna 17:
PLS-00302: el componente 'REVISACLIENTEPEDIDO' se debe declarar
ORA-06550: línea 1, columna 8:
PL/SQL: Statement ignored
00 14:44:45:202  Defines
00 14:44:45:202  Binds
00 14:44:48:217 Cursor CREVISACLI error 6550 ORA-06550: línea 1, columna 17:
PLS-00302: el componente 'REVISACLIENTEPEDIDO' se debe declarar
ORA-06550: línea 1, columna 8:
PL/SQL: Statement ignored
00 14:44:48:217  Defines
00 14:44:48:217  Binds
00 14:44:51:222 Cursor CREVISACLI error 6550 ORA-06550: línea 1, columna 17:
PLS-00302: el componente 'REVISACLIENTEPEDIDO' se debe declarar
ORA-06550: línea 1, columna 8:
PL/SQL: Statement ignored
00 14:44:51:222  Defines
00 14:44:51:222  Binds
00 14:44:54:240 Cursor CREVISACLI error 6550 ORA-06550: línea 1, columna 17:
PLS-00302: el componente 'REVISACLIENTEPEDIDO' se debe declarar
ORA-06550: línea 1, columna 8:
PL/SQL: Statement ignored
00 14:44:54:240  Defines
00 14:44:54:240  Binds
00 14:44:57:255 Cursor CREVISACLI error 6550 ORA-06550: línea 1, columna 17:
PLS-00302: el componente 'REVISACLIENTEPEDIDO' se debe declarar
ORA-06550: línea 1, columna 8:
PL/SQL: Statement ignored
00 14:44:57:255  Defines
00 14:44:57:255  Binds

00 14:44:58:467 Fichero de log cerrado.

