00 09:42:00:733 Fichero de log abierto PID 8600

02 09:42:00:736 Intentando abrir fichero v10.ini
02 09:42:00:741 Cargando driver v10oracle funcion damedriveroracle
02 09:42:01:187 Conectado a base de datos
02 09:42:01:187 Proceso PERIODICODIA encontrado en tabla VDPROCESOS
02 09:42:01:188 Proceso PERIODICODIA cargado con función procesoperiodico (Librería VDKERNEL.DLL) direccion 70042D10
02 09:42:01:188 Proceso PERIODICOINVEN encontrado en tabla VDPROCESOS
02 09:42:01:188 Proceso PERIODICOINVEN cargado con función procesoperiodico (Librería VDKERNEL.DLL) direccion 70042D10
02 09:42:01:191 PLSQL: INICIALIZADO PAQUETE DE LOG EL DIA 14-07-2022
02 09:42:01:201 Actualizado SID 132 SERIAL 18474 del proceso con PID 8600
02 09:42:01:207 Analizado cursor CSEMAFORO
02 09:42:01:207 Analizado cursor CREVISACLI
02 09:42:01:207 Leidos 2 cursores
00 09:42:01:222 Cursor CREVISACLI error 6550 ORA-06550: línea 1, columna 17:
PLS-00302: el componente 'REVISACLIENTEPEDIDO' se debe declarar
ORA-06550: línea 1, columna 8:
PL/SQL: Statement ignored
00 09:42:01:222  Defines
00 09:42:01:222  Binds
02 09:42:01:230 Analizado cursor CPROCESAINVEN
02 09:42:01:230 Leidos 3 cursores
00 09:42:04:233 Cursor CREVISACLI error 6550 ORA-06550: línea 1, columna 17:
PLS-00302: el componente 'REVISACLIENTEPEDIDO' se debe declarar
ORA-06550: línea 1, columna 8:
PL/SQL: Statement ignored
00 09:42:04:233  Defines
00 09:42:04:233  Binds
00 09:42:07:242 Cursor CREVISACLI error 6550 ORA-06550: línea 1, columna 17:
PLS-00302: el componente 'REVISACLIENTEPEDIDO' se debe declarar
ORA-06550: línea 1, columna 8:
PL/SQL: Statement ignored
00 09:42:07:242  Defines
00 09:42:07:242  Binds
00 09:42:10:245 Cursor CREVISACLI error 6550 ORA-06550: línea 1, columna 17:
PLS-00302: el componente 'REVISACLIENTEPEDIDO' se debe declarar
ORA-06550: línea 1, columna 8:
PL/SQL: Statement ignored
00 09:42:10:246  Defines
00 09:42:10:246  Binds
00 09:42:13:257 Cursor CREVISACLI error 6550 ORA-06550: línea 1, columna 17:
PLS-00302: el componente 'REVISACLIENTEPEDIDO' se debe declarar
ORA-06550: línea 1, columna 8:
PL/SQL: Statement ignored
00 09:42:13:257  Defines
00 09:42:13:257  Binds
00 09:42:16:271 Cursor CREVISACLI error 6550 ORA-06550: línea 1, columna 17:
PLS-00302: el componente 'REVISACLIENTEPEDIDO' se debe declarar
ORA-06550: línea 1, columna 8:
PL/SQL: Statement ignored
00 09:42:16:271  Defines
00 09:42:16:272  Binds
00 09:42:19:282 Cursor CREVISACLI error 6550 ORA-06550: línea 1, columna 17:
PLS-00302: el componente 'REVISACLIENTEPEDIDO' se debe declarar
ORA-06550: línea 1, columna 8:
PL/SQL: Statement ignored
00 09:42:19:282  Defines
00 09:42:19:282  Binds
00 09:42:22:292 Cursor CREVISACLI error 6550 ORA-06550: línea 1, columna 17:
PLS-00302: el componente 'REVISACLIENTEPEDIDO' se debe declarar
ORA-06550: línea 1, columna 8:
PL/SQL: Statement ignored
00 09:42:22:292  Defines
00 09:42:22:292  Binds
00 09:42:25:300 Cursor CREVISACLI error 6550 ORA-06550: línea 1, columna 17:
PLS-00302: el componente 'REVISACLIENTEPEDIDO' se debe declarar
ORA-06550: línea 1, columna 8:
PL/SQL: Statement ignored
00 09:42:25:300  Defines
00 09:42:25:300  Binds
00 09:42:28:315 Cursor CREVISACLI error 6550 ORA-06550: línea 1, columna 17:
PLS-00302: el componente 'REVISACLIENTEPEDIDO' se debe declarar
ORA-06550: línea 1, columna 8:
PL/SQL: Statement ignored
00 09:42:28:315  Defines
00 09:42:28:315  Binds

00 09:42:30:115 Fichero de log cerrado.

