00 14:47:32:100 Fichero de log abierto PID 12652

02 14:47:32:100 Intentando abrir fichero v10.ini
02 14:47:32:110 Cargando driver v10oracle funcion damedriveroracle
02 14:47:32:450 Conectado a base de datos
02 14:47:32:450 Proceso PLANIFRADIO encontrado en tabla VDPROCESOS
02 14:47:32:454 Proceso PLANIFRADIO cargado con función planifmov (Librería VDKERNEL.DLL) direccion 62675F50
02 14:47:32:454 PLSQL: INICIALIZADO PAQUETE DE LOG EL DIA 23-06-2022
02 14:47:32:464 Actualizado SID 755 SERIAL 59734 del proceso con PID 12652
02 15:05:54:140 Ejecucion número 10001 del proceso PLANIFRADIO total 69497
00 16:16:47:017 Cursor SELPROVDPROCESOS error 3113 ORA-03113: fin de archivo en el canal de comunicación
Identificador de Proceso: 12252
Identificador de Sesión: 755 Número de Serie: 59734
00 16:16:47:387  Defines
00 16:16:47:402    campo ROWID Valor  error 0 ORA-03113: fin de archivo en el canal de comunicación
Identificador de Proceso: 12252
Identificador de Sesión: 755 Número de Serie: 59734
00 16:16:47:417    campo GRUPOPROC Valor  error 0 ORA-03113: fin de archivo en el canal de comunicación
Identificador de Proceso: 12252
Identificador de Sesión: 755 Número de Serie: 59734
00 16:16:47:422    campo PROCESO Valor PLANIFRADIO error 0 ORA-03113: fin de archivo en el canal de comunicación
Identificador de Proceso: 12252
Identificador de Sesión: 755 Número de Serie: 59734
00 16:16:47:422    campo PARAM Valor  error 1405 ORA-03113: fin de archivo en el canal de comunicación
Identificador de Proceso: 12252
Identificador de Sesión: 755 Número de Serie: 59734
00 16:16:47:425    campo FUNCIONPROC Valor  error 0 ORA-03113: fin de archivo en el canal de comunicación
Identificador de Proceso: 12252
Identificador de Sesión: 755 Número de Serie: 59734
00 16:16:47:425    campo LIBPROCESO Valor  error 0 ORA-03113: fin de archivo en el canal de comunicación
Identificador de Proceso: 12252
Identificador de Sesión: 755 Número de Serie: 59734
00 16:16:47:434    campo ORDENACION Valor 0 error 0 ORA-03113: fin de archivo en el canal de comunicación
Identificador de Proceso: 12252
Identificador de Sesión: 755 Número de Serie: 59734
00 16:16:47:437    campo PERIODO Valor 0 error 0 ORA-03113: fin de archivo en el canal de comunicación
Identificador de Proceso: 12252
Identificador de Sesión: 755 Número de Serie: 59734
00 16:16:47:442    campo CODSEMAFORO Valor  error 1405 ORA-03113: fin de archivo en el canal de comunicación
Identificador de Proceso: 12252
Identificador de Sesión: 755 Número de Serie: 59734
00 16:16:47:442    campo EJECUCIONES Valor 0 error 0 ORA-03113: fin de archivo en el canal de comunicación
Identificador de Proceso: 12252
Identificador de Sesión: 755 Número de Serie: 59734
00 16:16:47:442    campo EJECUTAINMEDIATO Valor  error 1405 ORA-03113: fin de archivo en el canal de comunicación
Identificador de Proceso: 12252
Identificador de Sesión: 755 Número de Serie: 59734
00 16:16:47:442    campo INFOEXTRA Valor  error 1405 ORA-03113: fin de archivo en el canal de comunicación
Identificador de Proceso: 12252
Identificador de Sesión: 755 Número de Serie: 59734
00 16:16:47:445    campo CODCOMEN Valor 0 error 0 ORA-03113: fin de archivo en el canal de comunicación
Identificador de Proceso: 12252
Identificador de Sesión: 755 Número de Serie: 59734
00 16:16:47:445    campo CODOPEMODIF Valor  error 0 ORA-03113: fin de archivo en el canal de comunicación
Identificador de Proceso: 12252
Identificador de Sesión: 755 Número de Serie: 59734
00 16:16:47:462    campo FECMODIF Valor 0 error 0 ORA-03113: fin de archivo en el canal de comunicación
Identificador de Proceso: 12252
Identificador de Sesión: 755 Número de Serie: 59734
00 16:16:47:465    campo HORAMODIF Valor  error 0 ORA-03113: fin de archivo en el canal de comunicación
Identificador de Proceso: 12252
Identificador de Sesión: 755 Número de Serie: 59734
00 16:16:47:470    campo ACTIVO Valor  error 0 ORA-03113: fin de archivo en el canal de comunicación
Identificador de Proceso: 12252
Identificador de Sesión: 755 Número de Serie: 59734
00 16:16:47:474  Binds
00 16:16:47:474    campo PROCESO Valor PLANIFRADIO error 0 ORA-03113: fin de archivo en el canal de comunicación
Identificador de Proceso: 12252
Identificador de Sesión: 755 Número de Serie: 59734
00 16:16:47:477 Programa finaliza por Error Oracle Fatal 3114 en cursor
	SELRECSTATUS

00 16:16:47:810 Fichero de log cerrado.

00 16:19:02:847 Fichero de log abierto PID 2052

02 16:19:02:849 Intentando abrir fichero v10.ini
02 16:19:02:852 Cargando driver v10oracle funcion damedriveroracle
02 16:19:03:564 Conectado a base de datos
02 16:19:03:565 Proceso PLANIFRADIO encontrado en tabla VDPROCESOS
02 16:19:03:567 Proceso PLANIFRADIO cargado con función planifmov (Librería VDKERNEL.DLL) direccion 6B975F50
02 16:19:03:568 PLSQL: INICIALIZADO PAQUETE DE LOG EL DIA 23-06-2022
02 16:19:03:570 Actualizado SID 13 SERIAL 64940 del proceso con PID 2052

00 16:36:14:767 Fichero de log cerrado.

00 16:37:29:927 Fichero de log abierto PID 852

02 16:37:29:930 Intentando abrir fichero v10.ini
02 16:37:29:939 Cargando driver v10oracle funcion damedriveroracle
02 16:37:30:360 Conectado a base de datos
02 16:37:30:362 Proceso PLANIFRADIO encontrado en tabla VDPROCESOS
02 16:37:30:362 Proceso PLANIFRADIO cargado con función planifmov (Librería VDKERNEL.DLL) direccion 6B975F50
02 16:37:30:364 PLSQL: INICIALIZADO PAQUETE DE LOG EL DIA 23-06-2022
02 16:37:30:374 Actualizado SID 757 SERIAL 23539 del proceso con PID 852

00 16:52:15:362 Fichero de log cerrado.

00 16:52:29:974 Fichero de log abierto PID 3992

02 16:52:29:975 Intentando abrir fichero v10.ini
02 16:52:29:979 Cargando driver v10oracle funcion damedriveroracle
02 16:52:30:424 Conectado a base de datos
02 16:52:30:425 Proceso PLANIFRADIO encontrado en tabla VDPROCESOS
02 16:52:30:427 Proceso PLANIFRADIO cargado con función planifmov (Librería VDKERNEL.DLL) direccion 6B975F50
02 16:52:30:428 PLSQL: INICIALIZADO PAQUETE DE LOG EL DIA 23-06-2022
02 16:52:30:440 Actualizado SID 128 SERIAL 60348 del proceso con PID 3992

00 17:06:53:512 Fichero de log cerrado.

00 17:07:21:290 Fichero de log abierto PID 6920

02 17:07:21:292 Intentando abrir fichero v10.ini
02 17:07:21:295 Cargando driver v10oracle funcion damedriveroracle
02 17:07:21:854 Conectado a base de datos
02 17:07:21:855 Proceso PLANIFRADIO encontrado en tabla VDPROCESOS
02 17:07:21:855 Proceso PLANIFRADIO cargado con función planifmov (Librería VDKERNEL.DLL) direccion 6B975F50
02 17:07:21:858 PLSQL: INICIALIZADO PAQUETE DE LOG EL DIA 23-06-2022
02 17:07:21:865 Actualizado SID 266 SERIAL 20910 del proceso con PID 6920

00 17:17:38:192 Fichero de log cerrado.

00 17:17:45:464 Fichero de log abierto PID 2312

02 17:17:45:465 Intentando abrir fichero v10.ini
02 17:17:45:469 Cargando driver v10oracle funcion damedriveroracle
02 17:17:46:080 Conectado a base de datos
02 17:17:46:080 Proceso PLANIFRADIO encontrado en tabla VDPROCESOS
02 17:17:46:082 Proceso PLANIFRADIO cargado con función planifmov (Librería VDKERNEL.DLL) direccion 6B975F50
02 17:17:46:083 PLSQL: INICIALIZADO PAQUETE DE LOG EL DIA 23-06-2022
02 17:17:46:097 Actualizado SID 633 SERIAL 7831 del proceso con PID 2312
02 17:35:59:540 Ejecucion número 10001 del proceso PLANIFRADIO total 69941

00 17:45:44:547 Fichero de log cerrado.

