00 09:11:09:355 Fichero de log abierto PID 16872

00 09:11:09:357 Haciendo bind en puerto -4844 error -1
02 09:11:09:357 Intentando abrir fichero v10.ini
02 09:11:09:362 Cargando driver v10oracle funcion damedriveroracle
02 09:11:09:752 Conectado a base de datos
02 09:11:09:753 Proceso PLANIFRADIO encontrado en tabla VDPROCESOS
02 09:11:09:753 Proceso PLANIFRADIO cargado con función planifmov (Librería VDKERNEL.DLL) direccion 6E025F50
02 09:11:09:756 PLSQL: INICIALIZADO PAQUETE DE LOG EL DIA 04-04-2022
02 09:11:09:766 Actualizado SID 746 SERIAL 14356 del proceso con PID 16872
02 09:29:14:788 Ejecucion número 10001 del proceso PLANIFRADIO total 69993
02 09:47:23:802 Ejecucion número 20001 del proceso PLANIFRADIO total 139974
02 10:05:34:030 Ejecucion número 30001 del proceso PLANIFRADIO total 209960

00 10:22:53:282 Fichero de log cerrado.

00 10:23:02:236 Fichero de log abierto PID 5096

00 10:23:02:297 Haciendo bind en puerto -4844 error -1
02 10:23:02:297 Intentando abrir fichero v10.ini
02 10:23:02:312 Cargando driver v10oracle funcion damedriveroracle
02 10:23:03:100 Conectado a base de datos
02 10:23:03:102 Proceso PLANIFRADIO encontrado en tabla VDPROCESOS
02 10:23:03:102 Proceso PLANIFRADIO cargado con función planifmov (Librería VDKERNEL.DLL) direccion 6E025F50
02 10:23:03:105 PLSQL: INICIALIZADO PAQUETE DE LOG EL DIA 04-04-2022
02 10:23:03:115 Actualizado SID 139 SERIAL 5168 del proceso con PID 5096

00 10:38:58:157 Fichero de log cerrado.

00 10:39:08:610 Fichero de log abierto PID 3260

00 10:39:08:667 Haciendo bind en puerto -4844 error -1
02 10:39:08:668 Intentando abrir fichero v10.ini
02 10:39:08:676 Cargando driver v10oracle funcion damedriveroracle
02 10:39:09:535 Conectado a base de datos
02 10:39:09:537 Proceso PLANIFRADIO encontrado en tabla VDPROCESOS
02 10:39:09:537 Proceso PLANIFRADIO cargado con función planifmov (Librería VDKERNEL.DLL) direccion 6E025F50
02 10:39:09:540 PLSQL: INICIALIZADO PAQUETE DE LOG EL DIA 04-04-2022
02 10:39:09:551 Actualizado SID 253 SERIAL 60587 del proceso con PID 3260
02 10:57:16:332 Ejecucion número 10001 del proceso PLANIFRADIO total 69992
02 11:15:21:531 Ejecucion número 20001 del proceso PLANIFRADIO total 139976
02 11:34:55:898 Ejecucion número 30001 del proceso PLANIFRADIO total 209927
02 11:53:03:972 Ejecucion número 40001 del proceso PLANIFRADIO total 279919
02 12:11:12:387 Ejecucion número 50001 del proceso PLANIFRADIO total 349906

00 12:14:33:740 Fichero de log cerrado.

00 12:14:45:540 Fichero de log abierto PID 8292

02 12:14:45:542 Intentando abrir fichero v10.ini
02 12:14:45:549 Cargando driver v10oracle funcion damedriveroracle
02 12:14:46:429 Conectado a base de datos
02 12:14:46:430 Proceso PLANIFRADIO encontrado en tabla VDPROCESOS
02 12:14:46:432 Proceso PLANIFRADIO cargado con función planifmov (Librería VDKERNEL.DLL) direccion 6E025F50
02 12:14:46:434 PLSQL: INICIALIZADO PAQUETE DE LOG EL DIA 04-04-2022
02 12:14:46:444 Actualizado SID 18 SERIAL 8396 del proceso con PID 8292
02 12:32:54:337 Ejecucion número 10001 del proceso PLANIFRADIO total 69981

00 12:39:53:230 Fichero de log cerrado.

00 12:39:57:447 Fichero de log abierto PID 12892

02 12:39:57:497 Intentando abrir fichero v10.ini
02 12:39:57:502 Cargando driver v10oracle funcion damedriveroracle
02 12:39:58:332 Conectado a base de datos
02 12:39:58:334 Proceso PLANIFRADIO encontrado en tabla VDPROCESOS
02 12:39:58:335 Proceso PLANIFRADIO cargado con función planifmov (Librería VDKERNEL.DLL) direccion 6E025F50
02 12:39:58:337 PLSQL: INICIALIZADO PAQUETE DE LOG EL DIA 04-04-2022
02 12:39:58:345 Actualizado SID 140 SERIAL 18131 del proceso con PID 12892

00 12:40:52:377 Fichero de log cerrado.

00 12:40:57:820 Fichero de log abierto PID 10164

02 12:40:57:822 Intentando abrir fichero v10.ini
02 12:40:57:829 Cargando driver v10oracle funcion damedriveroracle
02 12:40:58:652 Conectado a base de datos
02 12:40:58:655 Proceso PLANIFRADIO encontrado en tabla VDPROCESOS
02 12:40:58:655 Proceso PLANIFRADIO cargado con función planifmov (Librería VDKERNEL.DLL) direccion 6E025F50
02 12:40:58:657 PLSQL: INICIALIZADO PAQUETE DE LOG EL DIA 04-04-2022
02 12:40:58:664 Actualizado SID 18 SERIAL 9281 del proceso con PID 10164
02 12:59:06:027 Ejecucion número 10001 del proceso PLANIFRADIO total 69993
02 13:17:13:495 Ejecucion número 20001 del proceso PLANIFRADIO total 139979
02 13:35:21:477 Ejecucion número 30001 del proceso PLANIFRADIO total 209969
02 13:53:30:032 Ejecucion número 40001 del proceso PLANIFRADIO total 279960
02 14:11:38:445 Ejecucion número 50001 del proceso PLANIFRADIO total 349945
02 14:29:42:862 Ejecucion número 60001 del proceso PLANIFRADIO total 416222
02 14:47:51:435 Ejecucion número 70001 del proceso PLANIFRADIO total 486214
02 15:59:28:717 Ejecucion número 80001 del proceso PLANIFRADIO total 556177
02 16:17:37:207 Ejecucion número 90001 del proceso PLANIFRADIO total 626168
02 16:35:46:002 Ejecucion número 100001 del proceso PLANIFRADIO total 696157
02 16:53:54:675 Ejecucion número 110001 del proceso PLANIFRADIO total 766150
02 17:12:04:010 Ejecucion número 120001 del proceso PLANIFRADIO total 836125

00 17:13:21:679 Fichero de log cerrado.

00 17:13:27:112 Fichero de log abierto PID 9408

02 17:13:27:115 Intentando abrir fichero v10.ini
02 17:13:27:122 Cargando driver v10oracle funcion damedriveroracle
02 17:13:27:992 Conectado a base de datos
02 17:13:27:995 Proceso PLANIFRADIO encontrado en tabla VDPROCESOS
02 17:13:27:995 Proceso PLANIFRADIO cargado con función planifmov (Librería VDKERNEL.DLL) direccion 6E025F50
02 17:13:27:998 PLSQL: INICIALIZADO PAQUETE DE LOG EL DIA 04-04-2022
02 17:13:28:007 Actualizado SID 8 SERIAL 28155 del proceso con PID 9408
02 17:31:34:544 Ejecucion número 10001 del proceso PLANIFRADIO total 69988
02 17:49:42:972 Ejecucion número 20001 del proceso PLANIFRADIO total 139977

00 17:58:21:367 Fichero de log cerrado.

