00 09:09:35:365 Fichero de log abierto PID 7372

00 09:09:35:366 Haciendo bind en puerto -4844 error -1
02 09:09:35:367 Intentando abrir fichero v10.ini
02 09:09:35:372 Cargando driver v10oracle funcion damedriveroracle
02 09:09:35:760 Conectado a base de datos
02 09:09:35:762 Proceso PLANIFRADIO encontrado en tabla VDPROCESOS
02 09:09:35:762 Proceso PLANIFRADIO cargado con función planifmov (Librería VDKERNEL.DLL) direccion 6FDF5F50
02 09:09:35:765 PLSQL: INICIALIZADO PAQUETE DE LOG EL DIA 05-04-2022
02 09:09:35:773 Actualizado SID 388 SERIAL 44716 del proceso con PID 7372
02 09:27:48:297 Ejecucion número 10001 del proceso PLANIFRADIO total 69510
02 09:46:07:526 Ejecucion número 20001 del proceso PLANIFRADIO total 139486

00 09:57:03:048 Fichero de log cerrado.

00 09:57:16:661 Fichero de log abierto PID 2924

00 09:57:16:662 Haciendo bind en puerto -4844 error -1
02 09:57:16:662 Intentando abrir fichero v10.ini
02 09:57:16:668 Cargando driver v10oracle funcion damedriveroracle
02 09:57:17:391 Conectado a base de datos
02 09:57:17:392 Proceso PLANIFRADIO encontrado en tabla VDPROCESOS
02 09:57:17:393 Proceso PLANIFRADIO cargado con función planifmov (Librería VDKERNEL.DLL) direccion 6FDF5F50
02 09:57:17:396 PLSQL: INICIALIZADO PAQUETE DE LOG EL DIA 05-04-2022
02 09:57:17:406 Actualizado SID 633 SERIAL 13163 del proceso con PID 2924

00 10:01:40:233 Fichero de log cerrado.

00 10:03:38:742 Fichero de log abierto PID 3324

00 10:03:38:748 Haciendo bind en puerto -4844 error -1
02 10:03:38:748 Intentando abrir fichero v10.ini
02 10:03:38:756 Cargando driver v10oracle funcion damedriveroracle
02 10:03:39:835 Conectado a base de datos
02 10:03:39:837 Proceso PLANIFRADIO encontrado en tabla VDPROCESOS
02 10:03:39:837 Proceso PLANIFRADIO cargado con función planifmov (Librería VDKERNEL.DLL) direccion 6E085F50
02 10:03:39:839 PLSQL: INICIALIZADO PAQUETE DE LOG EL DIA 05-04-2022
02 10:03:39:848 Actualizado SID 750 SERIAL 31082 del proceso con PID 3324
02 10:21:53:455 Ejecucion número 10001 del proceso PLANIFRADIO total 68671
02 10:40:02:885 Ejecucion número 20001 del proceso PLANIFRADIO total 138656
02 10:58:12:982 Ejecucion número 30001 del proceso PLANIFRADIO total 208648
02 11:42:17:345 Ejecucion número 40001 del proceso PLANIFRADIO total 278631
02 12:00:33:915 Ejecucion número 50001 del proceso PLANIFRADIO total 348615
02 12:18:48:395 Ejecucion número 60001 del proceso PLANIFRADIO total 418600
02 12:37:00:367 Ejecucion número 70001 del proceso PLANIFRADIO total 488582
02 12:55:13:094 Ejecucion número 80001 del proceso PLANIFRADIO total 558562
02 13:13:25:577 Ejecucion número 90001 del proceso PLANIFRADIO total 628525
02 13:31:36:742 Ejecucion número 100001 del proceso PLANIFRADIO total 698491
02 13:49:46:310 Ejecucion número 110001 del proceso PLANIFRADIO total 768461
02 14:07:56:310 Ejecucion número 120001 del proceso PLANIFRADIO total 838434
02 14:26:06:607 Ejecucion número 130001 del proceso PLANIFRADIO total 908419
02 14:44:18:280 Ejecucion número 140001 del proceso PLANIFRADIO total 978406
02 15:51:11:022 Ejecucion número 150001 del proceso PLANIFRADIO total 1048379
02 16:09:23:312 Ejecucion número 160001 del proceso PLANIFRADIO total 1118356

00 16:14:51:194 Fichero de log cerrado.

00 16:15:02:184 Fichero de log abierto PID 1160

02 16:15:02:185 Intentando abrir fichero v10.ini
02 16:15:02:225 Cargando driver v10oracle funcion damedriveroracle
02 16:15:04:410 Conectado a base de datos
02 16:15:04:415 Proceso PLANIFRADIO encontrado en tabla VDPROCESOS
02 16:15:04:417 Proceso PLANIFRADIO cargado con función planifmov (Librería VDKERNEL.DLL) direccion 6E085F50
02 16:15:04:423 PLSQL: INICIALIZADO PAQUETE DE LOG EL DIA 05-04-2022
02 16:15:04:447 Actualizado SID 628 SERIAL 24962 del proceso con PID 1160
02 16:33:14:717 Ejecucion número 10001 del proceso PLANIFRADIO total 69984
02 16:51:22:650 Ejecucion número 20001 del proceso PLANIFRADIO total 139966
02 17:09:33:427 Ejecucion número 30001 del proceso PLANIFRADIO total 209947
02 17:27:41:117 Ejecucion número 40001 del proceso PLANIFRADIO total 279936
02 17:45:51:427 Ejecucion número 50001 del proceso PLANIFRADIO total 349913

00 17:58:46:532 Fichero de log cerrado.

