00 09:14:07:232 Fichero de log abierto PID 10060

02 09:14:07:233 Intentando abrir fichero v10.ini
02 09:14:07:238 Cargando driver v10oracle funcion damedriveroracle
02 09:14:07:822 Conectado a base de datos
02 09:14:07:823 Proceso PLANIFRADIO encontrado en tabla VDPROCESOS
02 09:14:07:823 Proceso PLANIFRADIO cargado con función planifmov (Librería VDKERNEL.DLL) direccion 6C005F50
02 09:14:07:824 PLSQL: INICIALIZADO PAQUETE DE LOG EL DIA 29-06-2022
02 09:14:07:833 Actualizado SID 136 SERIAL 8592 del proceso con PID 10060
02 09:32:17:240 Ejecucion número 10001 del proceso PLANIFRADIO total 76652
02 09:50:27:626 Ejecucion número 20001 del proceso PLANIFRADIO total 153232
02 10:09:17:687 Ejecucion número 30001 del proceso PLANIFRADIO total 221570
02 10:28:12:052 Ejecucion número 40001 del proceso PLANIFRADIO total 288652
02 10:47:03:480 Ejecucion número 50001 del proceso PLANIFRADIO total 355495

00 11:17:59:493 Fichero de log cerrado.

00 11:18:11:415 Fichero de log abierto PID 8964

02 11:18:11:416 Intentando abrir fichero v10.ini
02 11:18:11:421 Cargando driver v10oracle funcion damedriveroracle
02 11:18:12:247 Conectado a base de datos
02 11:18:12:250 Proceso PLANIFRADIO encontrado en tabla VDPROCESOS
02 11:18:12:250 Proceso PLANIFRADIO cargado con función planifmov (Librería VDKERNEL.DLL) direccion 6C005F50
02 11:18:12:252 PLSQL: INICIALIZADO PAQUETE DE LOG EL DIA 29-06-2022
02 11:18:12:258 Actualizado SID 508 SERIAL 56258 del proceso con PID 8964
02 11:36:27:847 Ejecucion número 10001 del proceso PLANIFRADIO total 61750

00 11:42:13:494 Fichero de log cerrado.

00 13:46:18:954 Fichero de log abierto PID 14064

02 13:46:18:955 Intentando abrir fichero v10.ini
02 13:46:18:962 Cargando driver v10oracle funcion damedriveroracle
02 13:46:19:714 Conectado a base de datos
02 13:46:19:715 Proceso PLANIFRADIO encontrado en tabla VDPROCESOS
02 13:46:19:715 Proceso PLANIFRADIO cargado con función planifmov (Librería VDKERNEL.DLL) direccion 6C005F50
02 13:46:19:717 PLSQL: INICIALIZADO PAQUETE DE LOG EL DIA 29-06-2022
02 13:46:19:725 Actualizado SID 384 SERIAL 10970 del proceso con PID 14064

00 13:50:10:265 Fichero de log cerrado.

00 17:03:13:537 Fichero de log abierto PID 8288

02 17:03:13:539 Intentando abrir fichero v10.ini
02 17:03:13:539 Cargando driver v10oracle funcion damedriveroracle
02 17:03:14:217 Conectado a base de datos
02 17:03:14:220 Proceso PLANIFRADIO encontrado en tabla VDPROCESOS
02 17:03:14:220 Proceso PLANIFRADIO cargado con función planifmov (Librería VDKERNEL.DLL) direccion 6C005F50
02 17:03:14:222 PLSQL: INICIALIZADO PAQUETE DE LOG EL DIA 29-06-2022
02 17:03:14:234 Actualizado SID 747 SERIAL 22647 del proceso con PID 8288
02 17:21:28:895 Ejecucion número 10001 del proceso PLANIFRADIO total 61636
02 17:39:23:652 Ejecucion número 20001 del proceso PLANIFRADIO total 120062

00 17:57:09:027 Fichero de log cerrado.

