00 10:16:34:633 Fichero de log abierto PID 3204

00 10:16:34:636 Haciendo bind en puerto -4844 error -1
02 10:16:34:636 Intentando abrir fichero v10.ini
02 10:16:34:641 Cargando driver v10oracle funcion damedriveroracle
02 10:16:35:303 Conectado a base de datos
02 10:16:35:306 Proceso PLANIFRADIO encontrado en tabla VDPROCESOS
02 10:16:35:307 Proceso PLANIFRADIO cargado con función planifmov (Librería VDKERNEL.DLL) direccion 705D5F50
02 10:16:35:308 PLSQL: INICIALIZADO PAQUETE DE LOG EL DIA 30-03-2022
02 10:16:35:318 Actualizado SID 135 SERIAL 33042 del proceso con PID 3204
02 10:34:42:395 Ejecucion número 10001 del proceso PLANIFRADIO total 69993
02 10:52:50:735 Ejecucion número 20001 del proceso PLANIFRADIO total 139986
02 11:27:18:242 Ejecucion número 30001 del proceso PLANIFRADIO total 209965
02 11:45:26:077 Ejecucion número 40001 del proceso PLANIFRADIO total 279958
02 12:03:34:260 Ejecucion número 50001 del proceso PLANIFRADIO total 349950
02 12:21:42:105 Ejecucion número 60001 del proceso PLANIFRADIO total 419943
02 12:39:51:477 Ejecucion número 70001 del proceso PLANIFRADIO total 489932
02 12:58:11:330 Ejecucion número 80001 del proceso PLANIFRADIO total 559915
02 13:16:31:130 Ejecucion número 90001 del proceso PLANIFRADIO total 629906
02 13:34:39:690 Ejecucion número 100001 del proceso PLANIFRADIO total 699889

00 13:42:33:399 Fichero de log cerrado.

00 13:42:40:109 Fichero de log abierto PID 7288

02 13:42:40:110 Intentando abrir fichero v10.ini
02 13:42:40:117 Cargando driver v10oracle funcion damedriveroracle
02 13:42:40:999 Conectado a base de datos
02 13:42:41:000 Proceso PLANIFRADIO encontrado en tabla VDPROCESOS
02 13:42:41:000 Proceso PLANIFRADIO cargado con función planifmov (Librería VDKERNEL.DLL) direccion 705D5F50
02 13:42:41:004 PLSQL: INICIALIZADO PAQUETE DE LOG EL DIA 30-03-2022
02 13:42:41:012 Actualizado SID 9 SERIAL 63353 del proceso con PID 7288
02 14:00:49:350 Ejecucion número 10001 del proceso PLANIFRADIO total 69986
02 14:18:57:074 Ejecucion número 20001 del proceso PLANIFRADIO total 139974

00 15:19:56:207 Fichero de log cerrado.

00 15:20:00:457 Fichero de log abierto PID 3892

02 15:20:00:460 Intentando abrir fichero v10.ini
02 15:20:00:465 Cargando driver v10oracle funcion damedriveroracle
02 15:20:01:510 Conectado a base de datos
02 15:20:01:512 Proceso PLANIFRADIO encontrado en tabla VDPROCESOS
02 15:20:01:512 Proceso PLANIFRADIO cargado con función planifmov (Librería VDKERNEL.DLL) direccion 705D5F50
02 15:20:01:515 PLSQL: INICIALIZADO PAQUETE DE LOG EL DIA 30-03-2022
02 15:20:01:522 Actualizado SID 255 SERIAL 7626 del proceso con PID 3892
02 15:38:07:750 Ejecucion número 10001 del proceso PLANIFRADIO total 69995
02 15:56:15:549 Ejecucion número 20001 del proceso PLANIFRADIO total 139984

00 16:07:52:452 Fichero de log cerrado.

00 16:08:01:219 Fichero de log abierto PID 15708

02 16:08:01:227 Intentando abrir fichero v10.ini
02 16:08:01:327 Cargando driver v10oracle funcion damedriveroracle
02 16:08:03:692 Conectado a base de datos
02 16:08:03:697 Proceso PLANIFRADIO encontrado en tabla VDPROCESOS
02 16:08:03:700 Proceso PLANIFRADIO cargado con función planifmov (Librería VDKERNEL.DLL) direccion 705D5F50
02 16:08:03:708 PLSQL: INICIALIZADO PAQUETE DE LOG EL DIA 30-03-2022
02 16:08:03:745 Actualizado SID 506 SERIAL 58475 del proceso con PID 15708
02 16:26:10:390 Ejecucion número 10001 del proceso PLANIFRADIO total 69994
02 16:44:17:264 Ejecucion número 20001 del proceso PLANIFRADIO total 139985
02 17:02:24:157 Ejecucion número 30001 del proceso PLANIFRADIO total 209974

00 17:18:02:709 Fichero de log cerrado.

00 17:18:07:062 Fichero de log abierto PID 8820

02 17:18:07:067 Intentando abrir fichero v10.ini
02 17:18:07:080 Cargando driver v10oracle funcion damedriveroracle
02 17:18:10:012 Conectado a base de datos
02 17:18:10:017 Proceso PLANIFRADIO encontrado en tabla VDPROCESOS
02 17:18:10:019 Proceso PLANIFRADIO cargado con función planifmov (Librería VDKERNEL.DLL) direccion 705D5F50
02 17:18:10:025 PLSQL: INICIALIZADO PAQUETE DE LOG EL DIA 30-03-2022
02 17:18:10:052 Actualizado SID 632 SERIAL 30799 del proceso con PID 8820
02 17:36:19:080 Ejecucion número 10001 del proceso PLANIFRADIO total 69990
02 17:54:31:005 Ejecucion número 20001 del proceso PLANIFRADIO total 139984

00 17:59:17:480 Fichero de log cerrado.

