00 09:43:02:552 Fichero de log abierto PID 12652

02 09:43:02:553 Intentando abrir fichero v10.ini
02 09:43:02:557 Cargando driver v10oracle funcion damedriveroracle
02 09:43:02:932 Conectado a base de datos
02 09:43:02:933 Proceso PLANIFRADIO encontrado en tabla VDPROCESOS
02 09:43:02:935 Proceso PLANIFRADIO cargado con función planifmov (Librería VDKERNEL.DLL) direccion 70485F50
02 09:43:02:936 PLSQL: INICIALIZADO PAQUETE DE LOG EL DIA 31-03-2022
02 09:43:02:988 Actualizado SID 13 SERIAL 17010 del proceso con PID 12652
02 10:01:59:303 Ejecucion número 10001 del proceso PLANIFRADIO total 67405
02 10:20:52:613 Ejecucion número 20001 del proceso PLANIFRADIO total 134656
02 10:39:44:522 Ejecucion número 30001 del proceso PLANIFRADIO total 202104
02 10:58:38:402 Ejecucion número 40001 del proceso PLANIFRADIO total 269495
02 11:28:44:482 Ejecucion número 50001 del proceso PLANIFRADIO total 336664
02 11:47:43:919 Ejecucion número 60001 del proceso PLANIFRADIO total 404320
02 12:06:43:597 Ejecucion número 70001 del proceso PLANIFRADIO total 471708
02 12:25:43:202 Ejecucion número 80001 del proceso PLANIFRADIO total 539018
02 12:44:32:669 Ejecucion número 90001 del proceso PLANIFRADIO total 605933
02 13:03:31:939 Ejecucion número 100001 del proceso PLANIFRADIO total 673604
02 13:22:24:769 Ejecucion número 110001 del proceso PLANIFRADIO total 741290
02 13:41:22:072 Ejecucion número 120001 del proceso PLANIFRADIO total 808793
02 14:00:08:204 Ejecucion número 130001 del proceso PLANIFRADIO total 875693

00 14:17:57:459 Fichero de log cerrado.

00 14:18:05:984 Fichero de log abierto PID 12432

02 14:18:05:990 Intentando abrir fichero v10.ini
02 14:18:05:995 Cargando driver v10oracle funcion damedriveroracle
02 14:18:06:794 Conectado a base de datos
02 14:18:06:795 Proceso PLANIFRADIO encontrado en tabla VDPROCESOS
02 14:18:06:797 Proceso PLANIFRADIO cargado con función planifmov (Librería VDKERNEL.DLL) direccion 70485F50
02 14:18:06:799 PLSQL: INICIALIZADO PAQUETE DE LOG EL DIA 31-03-2022
02 14:18:06:810 Actualizado SID 382 SERIAL 34476 del proceso con PID 12432
02 15:29:50:779 Ejecucion número 10001 del proceso PLANIFRADIO total 69977
02 15:48:08:062 Ejecucion número 20001 del proceso PLANIFRADIO total 139963
02 16:06:18:467 Ejecucion número 30001 del proceso PLANIFRADIO total 209951
02 16:24:29:939 Ejecucion número 40001 del proceso PLANIFRADIO total 279943
02 16:42:42:667 Ejecucion número 50001 del proceso PLANIFRADIO total 349930
02 17:00:56:279 Ejecucion número 60001 del proceso PLANIFRADIO total 419919
02 17:19:07:545 Ejecucion número 70001 del proceso PLANIFRADIO total 489912
02 17:37:19:267 Ejecucion número 80001 del proceso PLANIFRADIO total 559902
02 17:55:31:407 Ejecucion número 90001 del proceso PLANIFRADIO total 629895

00 17:58:44:720 Fichero de log cerrado.

