00 09:04:44:850 Fichero de log abierto PID 12780

00 09:04:44:851 Haciendo bind en puerto -4844 error -1
02 09:04:44:851 Intentando abrir fichero v10.ini
02 09:04:44:857 Cargando driver v10oracle funcion damedriveroracle
02 09:04:45:890 Conectado a base de datos
02 09:04:45:892 Proceso PLANIFRADIO encontrado en tabla VDPROCESOS
02 09:04:45:892 Proceso PLANIFRADIO cargado con función planifmov (Librería VDKERNEL.DLL) direccion 6E685F50
02 09:04:45:894 PLSQL: INICIALIZADO PAQUETE DE LOG EL DIA 25-03-2022
02 09:04:45:903 Actualizado SID 7 SERIAL 49633 del proceso con PID 12780
02 09:22:53:800 Ejecucion número 10001 del proceso PLANIFRADIO total 68237

00 09:37:54:783 Fichero de log cerrado.

00 09:38:20:137 Fichero de log abierto PID 6672

00 09:38:20:141 Haciendo bind en puerto -4844 error -1
02 09:38:20:141 Intentando abrir fichero v10.ini
02 09:38:20:147 Cargando driver v10oracle funcion damedriveroracle
02 09:38:21:065 Conectado a base de datos
02 09:38:21:067 Proceso PLANIFRADIO encontrado en tabla VDPROCESOS
02 09:38:21:067 Proceso PLANIFRADIO cargado con función planifmov (Librería VDKERNEL.DLL) direccion 705E5F50
02 09:38:21:070 PLSQL: INICIALIZADO PAQUETE DE LOG EL DIA 25-03-2022
02 09:38:21:082 Actualizado SID 382 SERIAL 27395 del proceso con PID 6672
02 09:56:27:685 Ejecucion número 10001 del proceso PLANIFRADIO total 69992
02 10:14:33:972 Ejecucion número 20001 del proceso PLANIFRADIO total 139976
02 10:32:42:358 Ejecucion número 30001 del proceso PLANIFRADIO total 209959
02 10:50:51:807 Ejecucion número 40001 del proceso PLANIFRADIO total 279945
02 11:09:01:246 Ejecucion número 50001 del proceso PLANIFRADIO total 349928
02 11:27:16:413 Ejecucion número 60001 del proceso PLANIFRADIO total 419899
02 12:20:52:877 Ejecucion número 70001 del proceso PLANIFRADIO total 489874
02 12:39:02:804 Ejecucion número 80001 del proceso PLANIFRADIO total 559852

00 12:57:00:122 Fichero de log cerrado.

00 12:57:20:644 Fichero de log abierto PID 4244

02 12:57:20:645 Intentando abrir fichero v10.ini
02 12:57:20:652 Cargando driver v10oracle funcion damedriveroracle
02 12:57:21:594 Conectado a base de datos
02 12:57:21:595 Proceso PLANIFRADIO encontrado en tabla VDPROCESOS
02 12:57:21:595 Proceso PLANIFRADIO cargado con función planifmov (Librería VDKERNEL.DLL) direccion 705E5F50
02 12:57:21:599 PLSQL: INICIALIZADO PAQUETE DE LOG EL DIA 25-03-2022
02 12:57:21:609 Actualizado SID 126 SERIAL 14057 del proceso con PID 4244
02 13:15:27:954 Ejecucion número 10001 del proceso PLANIFRADIO total 69986
02 13:33:34:342 Ejecucion número 20001 del proceso PLANIFRADIO total 139972
02 13:51:39:750 Ejecucion número 30001 del proceso PLANIFRADIO total 209961

00 13:58:46:927 Fichero de log cerrado.

