00 11:54:47:632 Fichero de log abierto PID 8156

02 11:54:47:634 Intentando abrir fichero v10.ini
02 11:54:47:637 Cargando driver v10oracle funcion damedriveroracle
02 11:54:48:200 Conectado a base de datos
02 11:54:48:202 Proceso PLANIFRADIO encontrado en tabla VDPROCESOS
02 11:54:48:204 Proceso PLANIFRADIO cargado con función planifmov (Librería VDKERNEL.DLL) direccion 614B5F50
02 11:54:48:205 PLSQL: INICIALIZADO PAQUETE DE LOG EL DIA 30-06-2022
02 11:54:48:209 Actualizado SID 756 SERIAL 8288 del proceso con PID 8156

00 12:04:30:242 Fichero de log cerrado.

00 12:04:43:160 Fichero de log abierto PID 2832

02 12:04:43:160 Intentando abrir fichero v10.ini
02 12:04:43:165 Cargando driver v10oracle funcion damedriveroracle
02 12:04:43:605 Conectado a base de datos
02 12:04:43:605 Proceso PLANIFRADIO encontrado en tabla VDPROCESOS
02 12:04:43:607 Proceso PLANIFRADIO cargado con función planifmov (Librería VDKERNEL.DLL) direccion 614B5F50
02 12:04:43:609 PLSQL: INICIALIZADO PAQUETE DE LOG EL DIA 30-06-2022
02 12:04:43:617 Actualizado SID 865 SERIAL 24932 del proceso con PID 2832

00 12:05:30:429 Fichero de log cerrado.

00 12:07:06:594 Fichero de log abierto PID 2192

02 12:07:06:595 Intentando abrir fichero v10.ini
02 12:07:06:600 Cargando driver v10oracle funcion damedriveroracle
02 12:07:07:174 Conectado a base de datos
02 12:07:07:175 Proceso PLANIFRADIO encontrado en tabla VDPROCESOS
02 12:07:07:177 Proceso PLANIFRADIO cargado con función planifmov (Librería VDKERNEL.DLL) direccion 614B5F50
02 12:07:07:178 PLSQL: INICIALIZADO PAQUETE DE LOG EL DIA 30-06-2022
02 12:07:07:187 Actualizado SID 751 SERIAL 41581 del proceso con PID 2192
02 12:25:54:469 Ejecucion número 10001 del proceso PLANIFRADIO total 66326
02 12:44:41:070 Ejecucion número 20001 del proceso PLANIFRADIO total 132497
02 13:03:27:805 Ejecucion número 30001 del proceso PLANIFRADIO total 198560
02 13:22:04:409 Ejecucion número 40001 del proceso PLANIFRADIO total 263761
02 13:40:50:730 Ejecucion número 50001 del proceso PLANIFRADIO total 330158

00 13:58:50:710 Fichero de log cerrado.

00 13:59:07:822 Fichero de log abierto PID 10908

02 13:59:07:827 Intentando abrir fichero v10.ini
02 13:59:07:829 Cargando driver v10oracle funcion damedriveroracle
02 13:59:08:570 Conectado a base de datos
02 13:59:08:570 Proceso PLANIFRADIO encontrado en tabla VDPROCESOS
02 13:59:08:570 Proceso PLANIFRADIO cargado con función planifmov (Librería VDKERNEL.DLL) direccion 614B5F50
02 13:59:08:570 PLSQL: INICIALIZADO PAQUETE DE LOG EL DIA 30-06-2022
02 13:59:08:570 Actualizado SID 377 SERIAL 48739 del proceso con PID 10908
02 14:17:58:282 Ejecucion número 10001 del proceso PLANIFRADIO total 66124
02 14:36:45:927 Ejecucion número 20001 del proceso PLANIFRADIO total 132448
02 14:55:33:802 Ejecucion número 30001 del proceso PLANIFRADIO total 198920
02 15:14:25:230 Ejecucion número 40001 del proceso PLANIFRADIO total 265307
02 15:33:07:530 Ejecucion número 50001 del proceso PLANIFRADIO total 331022
02 15:51:43:892 Ejecucion número 60001 del proceso PLANIFRADIO total 395975
02 16:10:31:815 Ejecucion número 70001 del proceso PLANIFRADIO total 460722
02 16:29:24:974 Ejecucion número 80001 del proceso PLANIFRADIO total 526147
02 16:48:13:864 Ejecucion número 90001 del proceso PLANIFRADIO total 592368
02 17:07:07:525 Ejecucion número 100001 del proceso PLANIFRADIO total 658767
02 17:25:59:779 Ejecucion número 110001 del proceso PLANIFRADIO total 725239

00 17:31:35:282 Fichero de log cerrado.

00 17:31:48:452 Fichero de log abierto PID 15228

02 17:31:48:454 Intentando abrir fichero v10.ini
02 17:31:48:455 Cargando driver v10oracle funcion damedriveroracle
02 17:31:48:954 Conectado a base de datos
02 17:31:48:955 Proceso PLANIFRADIO encontrado en tabla VDPROCESOS
02 17:31:48:955 Proceso PLANIFRADIO cargado con función planifmov (Librería VDKERNEL.DLL) direccion 614B5F50
02 17:31:48:958 PLSQL: INICIALIZADO PAQUETE DE LOG EL DIA 30-06-2022
02 17:31:48:967 Actualizado SID 258 SERIAL 14285 del proceso con PID 15228

00 17:46:21:449 Fichero de log cerrado.

00 17:46:33:974 Fichero de log abierto PID 3292

02 17:46:33:977 Intentando abrir fichero v10.ini
02 17:46:33:982 Cargando driver v10oracle funcion damedriveroracle
02 17:46:34:607 Conectado a base de datos
02 17:46:34:609 Proceso PLANIFRADIO encontrado en tabla VDPROCESOS
02 17:46:34:610 Proceso PLANIFRADIO cargado con función planifmov (Librería VDKERNEL.DLL) direccion 614B5F50
02 17:46:34:612 PLSQL: INICIALIZADO PAQUETE DE LOG EL DIA 30-06-2022
02 17:46:34:620 Actualizado SID 866 SERIAL 33080 del proceso con PID 3292

00 17:49:57:507 Fichero de log cerrado.

00 17:51:15:325 Fichero de log abierto PID 13216

02 17:51:15:327 Intentando abrir fichero v10.ini
02 17:51:15:332 Cargando driver v10oracle funcion damedriveroracle
02 17:51:15:987 Conectado a base de datos
02 17:51:15:990 Proceso PLANIFRADIO encontrado en tabla VDPROCESOS
02 17:51:15:990 Proceso PLANIFRADIO cargado con función planifmov (Librería VDKERNEL.DLL) direccion 70035F50
02 17:51:15:993 PLSQL: INICIALIZADO PAQUETE DE LOG EL DIA 30-06-2022
02 17:51:16:002 Actualizado SID 501 SERIAL 20185 del proceso con PID 13216

00 17:52:14:372 Fichero de log cerrado.

