00 09:08:33:126 Fichero de log abierto PID 11808

00 09:08:33:127 Haciendo bind en puerto -4844 error -1
02 09:08:33:127 Intentando abrir fichero v10.ini
02 09:08:33:132 Cargando driver v10oracle funcion damedriveroracle
02 09:08:33:652 Conectado a base de datos
02 09:08:33:655 Proceso PLANIFRADIO encontrado en tabla VDPROCESOS
02 09:08:33:655 Proceso PLANIFRADIO cargado con función planifmov (Librería VDKERNEL.DLL) direccion 6E785F50
02 09:08:33:655 PLSQL: INICIALIZADO PAQUETE DE LOG EL DIA 01-04-2022
02 09:08:33:666 Actualizado SID 380 SERIAL 1178 del proceso con PID 11808
02 09:26:43:257 Ejecucion número 10001 del proceso PLANIFRADIO total 69466
02 09:44:52:613 Ejecucion número 20001 del proceso PLANIFRADIO total 139449
02 10:03:02:078 Ejecucion número 30001 del proceso PLANIFRADIO total 209436
02 10:21:11:813 Ejecucion número 40001 del proceso PLANIFRADIO total 279429
02 10:39:21:842 Ejecucion número 50001 del proceso PLANIFRADIO total 349414

00 10:41:41:148 Fichero de log cerrado.

00 10:42:01:053 Fichero de log abierto PID 11604

00 10:42:01:056 Haciendo bind en puerto -4844 error -1
02 10:42:01:057 Intentando abrir fichero v10.ini
02 10:42:01:063 Cargando driver v10oracle funcion damedriveroracle
02 10:42:02:011 Conectado a base de datos
02 10:42:02:012 Proceso PLANIFRADIO encontrado en tabla VDPROCESOS
02 10:42:02:013 Proceso PLANIFRADIO cargado con función planifmov (Librería VDKERNEL.DLL) direccion 6E785F50
02 10:42:02:016 PLSQL: INICIALIZADO PAQUETE DE LOG EL DIA 01-04-2022
02 10:42:02:022 Actualizado SID 10 SERIAL 53422 del proceso con PID 11604
02 11:00:07:948 Ejecucion número 10001 del proceso PLANIFRADIO total 69990
02 11:18:13:863 Ejecucion número 20001 del proceso PLANIFRADIO total 139980
02 11:52:35:769 Ejecucion número 30001 del proceso PLANIFRADIO total 209959
02 12:10:40:727 Ejecucion número 40001 del proceso PLANIFRADIO total 279950

00 12:15:10:185 Fichero de log cerrado.

00 12:15:19:030 Fichero de log abierto PID 2256

02 12:15:19:034 Intentando abrir fichero v10.ini
02 12:15:19:042 Cargando driver v10oracle funcion damedriveroracle
02 12:15:19:720 Conectado a base de datos
02 12:15:19:722 Proceso PLANIFRADIO encontrado en tabla VDPROCESOS
02 12:15:19:722 Proceso PLANIFRADIO cargado con función planifmov (Librería VDKERNEL.DLL) direccion 6E785F50
02 12:15:19:725 PLSQL: INICIALIZADO PAQUETE DE LOG EL DIA 01-04-2022
02 12:15:19:735 Actualizado SID 503 SERIAL 18843 del proceso con PID 2256
02 12:33:26:262 Ejecucion número 10001 del proceso PLANIFRADIO total 69995
02 12:51:32:552 Ejecucion número 20001 del proceso PLANIFRADIO total 139834
02 13:09:38:427 Ejecucion número 30001 del proceso PLANIFRADIO total 209817

00 13:10:54:649 Fichero de log cerrado.

00 13:11:07:425 Fichero de log abierto PID 3336

02 13:11:07:427 Intentando abrir fichero v10.ini
02 13:11:07:434 Cargando driver v10oracle funcion damedriveroracle
02 13:11:08:137 Conectado a base de datos
02 13:11:08:139 Proceso PLANIFRADIO encontrado en tabla VDPROCESOS
02 13:11:08:140 Proceso PLANIFRADIO cargado con función planifmov (Librería VDKERNEL.DLL) direccion 6E785F50
02 13:11:08:143 PLSQL: INICIALIZADO PAQUETE DE LOG EL DIA 01-04-2022
02 13:11:08:152 Actualizado SID 873 SERIAL 30508 del proceso con PID 3336
02 13:29:15:080 Ejecucion número 10001 del proceso PLANIFRADIO total 69987

00 13:31:06:367 Fichero de log cerrado.

00 13:31:13:805 Fichero de log abierto PID 14512

02 13:31:13:850 Intentando abrir fichero v10.ini
02 13:31:13:860 Cargando driver v10oracle funcion damedriveroracle
02 13:31:14:647 Conectado a base de datos
02 13:31:14:649 Proceso PLANIFRADIO encontrado en tabla VDPROCESOS
02 13:31:14:650 Proceso PLANIFRADIO cargado con función planifmov (Librería VDKERNEL.DLL) direccion 6E785F50
02 13:31:14:652 PLSQL: INICIALIZADO PAQUETE DE LOG EL DIA 01-04-2022
02 13:31:14:660 Actualizado SID 389 SERIAL 10558 del proceso con PID 14512

00 13:39:34:107 Fichero de log cerrado.

00 13:39:48:412 Fichero de log abierto PID 5360

02 13:39:48:415 Intentando abrir fichero v10.ini
02 13:39:48:422 Cargando driver v10oracle funcion damedriveroracle
02 13:39:49:420 Conectado a base de datos
02 13:39:49:420 Proceso PLANIFRADIO encontrado en tabla VDPROCESOS
02 13:39:49:422 Proceso PLANIFRADIO cargado con función planifmov (Librería VDKERNEL.DLL) direccion 6E785F50
02 13:39:49:424 PLSQL: INICIALIZADO PAQUETE DE LOG EL DIA 01-04-2022
02 13:39:49:437 Actualizado SID 507 SERIAL 27828 del proceso con PID 5360

00 13:41:22:215 Fichero de log cerrado.

00 13:41:29:097 Fichero de log abierto PID 1108

02 13:41:29:097 Intentando abrir fichero v10.ini
02 13:41:29:105 Cargando driver v10oracle funcion damedriveroracle
02 13:41:30:075 Conectado a base de datos
02 13:41:30:075 Proceso PLANIFRADIO encontrado en tabla VDPROCESOS
02 13:41:30:077 Proceso PLANIFRADIO cargado con función planifmov (Librería VDKERNEL.DLL) direccion 6E785F50
02 13:41:30:079 PLSQL: INICIALIZADO PAQUETE DE LOG EL DIA 01-04-2022
02 13:41:30:087 Actualizado SID 133 SERIAL 13003 del proceso con PID 1108

00 13:58:39:755 Fichero de log cerrado.

