00 08:59:49:222 Fichero de log abierto PID 10924

02 08:59:49:227 Intentando abrir fichero v10.ini
02 08:59:49:258 Cargando driver v10oracle funcion damedriveroracle
02 08:59:49:852 Conectado a base de datos
02 08:59:49:853 Proceso PLANIFRADIO encontrado en tabla VDPROCESOS
02 08:59:49:853 Proceso PLANIFRADIO cargado con función planifmov (Librería VDKERNEL.DLL) direccion 70035F50
02 08:59:49:857 PLSQL: INICIALIZADO PAQUETE DE LOG EL DIA 27-06-2022
02 08:59:49:866 Actualizado SID 259 SERIAL 56578 del proceso con PID 10924
02 09:18:25:750 Ejecucion número 10001 del proceso PLANIFRADIO total 67802
02 09:37:11:087 Ejecucion número 20001 del proceso PLANIFRADIO total 134914
02 09:55:56:033 Ejecucion número 30001 del proceso PLANIFRADIO total 202019
02 10:14:41:003 Ejecucion número 40001 del proceso PLANIFRADIO total 268832
02 10:33:23:808 Ejecucion número 50001 del proceso PLANIFRADIO total 335734
02 11:00:31:202 Ejecucion número 60001 del proceso PLANIFRADIO total 403003
02 11:19:07:007 Ejecucion número 70001 del proceso PLANIFRADIO total 470402
02 11:37:53:575 Ejecucion número 80001 del proceso PLANIFRADIO total 537670
02 11:56:39:159 Ejecucion número 90001 del proceso PLANIFRADIO total 604636
02 12:15:16:667 Ejecucion número 100001 del proceso PLANIFRADIO total 672375
02 12:34:08:849 Ejecucion número 110001 del proceso PLANIFRADIO total 739487
02 12:52:55:142 Ejecucion número 120001 del proceso PLANIFRADIO total 806803
02 13:11:45:890 Ejecucion número 130001 del proceso PLANIFRADIO total 873804
02 13:30:33:577 Ejecucion número 140001 del proceso PLANIFRADIO total 940906
02 13:49:20:210 Ejecucion número 150001 del proceso PLANIFRADIO total 1008664
02 14:08:04:020 Ejecucion número 160001 del proceso PLANIFRADIO total 1075798
02 14:26:55:160 Ejecucion número 170001 del proceso PLANIFRADIO total 1142548
02 14:45:39:597 Ejecucion número 180001 del proceso PLANIFRADIO total 1209628
02 15:04:25:395 Ejecucion número 190001 del proceso PLANIFRADIO total 1276836
02 16:20:59:662 Ejecucion número 200001 del proceso PLANIFRADIO total 1343795
02 16:39:52:107 Ejecucion número 210001 del proceso PLANIFRADIO total 1410855
02 16:58:43:150 Ejecucion número 220001 del proceso PLANIFRADIO total 1477869
02 17:17:16:875 Ejecucion número 230001 del proceso PLANIFRADIO total 1545893
02 17:36:02:739 Ejecucion número 240001 del proceso PLANIFRADIO total 1613341

00 17:47:53:412 Fichero de log cerrado.

00 17:48:08:652 Fichero de log abierto PID 4216

02 17:48:08:652 Intentando abrir fichero v10.ini
02 17:48:08:660 Cargando driver v10oracle funcion damedriveroracle
02 17:48:09:197 Conectado a base de datos
02 17:48:09:200 Proceso PLANIFRADIO encontrado en tabla VDPROCESOS
02 17:48:09:200 Proceso PLANIFRADIO cargado con función planifmov (Librería VDKERNEL.DLL) direccion 70035F50
02 17:48:09:202 PLSQL: INICIALIZADO PAQUETE DE LOG EL DIA 27-06-2022
02 17:48:09:214 Actualizado SID 10 SERIAL 48525 del proceso con PID 4216

00 17:57:06:535 Fichero de log cerrado.

