00 11:41:47:102 Fichero de log abierto PID 4320

02 11:41:47:104 Intentando abrir fichero v10.ini
02 11:41:47:107 Cargando driver v10oracle funcion damedriveroracle
02 11:41:47:760 Conectado a base de datos
02 11:41:47:760 Proceso PLANIFRADIO encontrado en tabla VDPROCESOS
02 11:41:47:760 Proceso PLANIFRADIO cargado con función planifmov (Librería VDKERNEL.DLL) direccion 6F3C5F50
02 11:41:47:765 PLSQL: INICIALIZADO PAQUETE DE LOG EL DIA 04-07-2022
02 11:41:47:774 Actualizado SID 749 SERIAL 40606 del proceso con PID 4320
02 12:00:29:127 Ejecucion número 10001 del proceso PLANIFRADIO total 66804
02 12:19:13:577 Ejecucion número 20001 del proceso PLANIFRADIO total 133934
02 12:38:03:879 Ejecucion número 30001 del proceso PLANIFRADIO total 201034
02 12:56:20:080 Ejecucion número 40001 del proceso PLANIFRADIO total 270553
02 13:14:37:415 Ejecucion número 50001 del proceso PLANIFRADIO total 340546
02 13:32:55:637 Ejecucion número 60001 del proceso PLANIFRADIO total 410528
02 13:59:17:817 Ejecucion número 70001 del proceso PLANIFRADIO total 480509
02 14:17:37:972 Ejecucion número 80001 del proceso PLANIFRADIO total 550503
02 14:35:55:832 Ejecucion número 90001 del proceso PLANIFRADIO total 620492
02 14:54:15:274 Ejecucion número 100001 del proceso PLANIFRADIO total 690482
02 16:03:11:235 Ejecucion número 110001 del proceso PLANIFRADIO total 760459
02 16:21:20:375 Ejecucion número 120001 del proceso PLANIFRADIO total 830452

00 16:28:21:865 Fichero de log cerrado.

00 16:28:33:349 Fichero de log abierto PID 4592

02 16:28:33:350 Intentando abrir fichero v10.ini
02 16:28:33:357 Cargando driver v10oracle funcion damedriveroracle
02 16:28:34:237 Conectado a base de datos
02 16:28:34:239 Proceso PLANIFRADIO encontrado en tabla VDPROCESOS
02 16:28:34:240 Proceso PLANIFRADIO cargado con función planifmov (Librería VDKERNEL.DLL) direccion 6F3C5F50
02 16:28:34:241 PLSQL: INICIALIZADO PAQUETE DE LOG EL DIA 04-07-2022
02 16:28:34:250 Actualizado SID 261 SERIAL 59724 del proceso con PID 4592
02 16:46:40:442 Ejecucion número 10001 del proceso PLANIFRADIO total 69994
02 17:04:46:672 Ejecucion número 20001 del proceso PLANIFRADIO total 139982
02 17:22:52:632 Ejecucion número 30001 del proceso PLANIFRADIO total 209942
02 17:40:59:397 Ejecucion número 40001 del proceso PLANIFRADIO total 279931

00 17:57:33:832 Fichero de log cerrado.

