00 17:14:20:590 Fichero de log abierto PID 15344

02 17:14:20:590 Intentando abrir fichero v10.ini
02 17:14:20:592 Cargando driver v10oracle funcion damedriveroracle
02 17:14:20:647 Conectado a base de datos
02 17:14:20:650 Proceso PLANIFRADIO encontrado en tabla VDPROCESOS
02 17:14:20:650 Proceso PLANIFRADIO cargado con función planifmov (Librería VDKERNEL.DLL) direccion 5F775F50
02 17:14:20:653 PLSQL: INICIALIZADO PAQUETE DE LOG EL DIA 06-05-2020
02 17:14:20:667 Planificando recurso PRUEBAS3
02 17:14:20:734 PLSQL: DAMEMOV :  PARA RECURSO PRUEBAS3 BUSCANDO MOVIMIENTOS ULTIMA UBICACION PRUEBA2RPN1
02 17:14:33:665 Planificando recurso PRUEBAS2
02 17:14:33:666 PLSQL: DAMEMOV :  PARA RECURSO PRUEBAS2 BUSCANDO MOVIMIENTOS ULTIMA UBICACION CACHE001
02 17:14:34:087 PLSQL: DAMEMOV :  RECURSO PRUEBAS2 PUEDE ASIGNAR 16611 CON PERFIL BULBCE ULTIMA UBICACION CACHE001 UBI MOV N001002100
02 17:14:34:087 PLSQL: DAMEMOV :  RECURSO PRUEBAS2 ASIGNADO MOVIMIENTO 16611 CON PERFIL BULBCE
02 17:14:34:243 PLSQL: DAMEMOV :  RECURSO PRUEBAS2 PUEDE ASIGNAR 16618 CON PERFIL BULBCE ULTIMA UBICACION CACHE001 UBI MOV CACHE003
02 17:14:34:243 PLSQL: DAMEMOV :  RECURSO PRUEBAS2 ASIGNADO MOVIMIENTO 16618 CON PERFIL BULBCE
02 17:14:34:244 PLSQL: DAMEMOV :  RECURSO PRUEBAS2 PUEDE ASIGNAR 16615 CON PERFIL BULBCE ULTIMA UBICACION CACHE001 UBI MOV CACHE003
02 17:14:34:244 PLSQL: DAMEMOV :  RECURSO PRUEBAS2 ASIGNADO MOVIMIENTO 16615 CON PERFIL BULBCE
02 17:14:34:244 PLSQL: DAMEMOV :  RECURSO PRUEBAS2 PUEDE ASIGNAR 16621 CON PERFIL BULBCE ULTIMA UBICACION CACHE001 UBI MOV M008000800
02 17:14:34:244 PLSQL: DAMEMOV :  RECURSO PRUEBAS2 ASIGNADO MOVIMIENTO 16621 CON PERFIL BULBCE
02 17:14:34:244 PLSQL: DAMEMOV :  RECURSO PRUEBAS2 PUEDE ASIGNAR 16617 CON PERFIL BULBCE ULTIMA UBICACION CACHE001 UBI MOV N003001800
02 17:14:34:244 PLSQL: DAMEMOV :  RECURSO PRUEBAS2 ASIGNADO MOVIMIENTO 16617 CON PERFIL BULBCE
02 17:14:34:244 PLSQL: DAMEMOV :  RECURSO PRUEBAS2 PUEDE ASIGNAR 16613 CON PERFIL BULBCE ULTIMA UBICACION CACHE001 UBI MOV N002005700
02 17:14:34:244 PLSQL: DAMEMOV :  RECURSO PRUEBAS2 ASIGNADO MOVIMIENTO 16613 CON PERFIL BULBCE
02 17:14:34:244 PLSQL: DAMEMOV :  RECURSO PRUEBAS2 PUEDE ASIGNAR 16609 CON PERFIL BULBCE ULTIMA UBICACION CACHE001 UBI MOV N001002200
02 17:14:34:244 PLSQL: DAMEMOV :  RECURSO PRUEBAS2 ASIGNADO MOVIMIENTO 16609 CON PERFIL BULBCE
02 17:14:34:244 PLSQL: DAMEMOV :  RECURSO PRUEBAS2 PUEDE ASIGNAR 16440 CON PERFIL BULBCE ULTIMA UBICACION CACHE001 UBI MOV M003000400
02 17:14:34:244 PLSQL: DAMEMOV :  RECURSO PRUEBAS2 ASIGNADO MOVIMIENTO 16440 CON PERFIL BULBCE
02 17:14:34:244 PLSQL: DAMEMOV :  RECURSO PRUEBAS2 PUEDE ASIGNAR 16438 CON PERFIL BULBCE ULTIMA UBICACION CACHE001 UBI MOV N002001800
02 17:14:34:244 PLSQL: DAMEMOV :  RECURSO PRUEBAS2 ASIGNADO MOVIMIENTO 16438 CON PERFIL BULBCE
02 17:14:34:244 PLSQL: DAMEMOV :  RECURSO PRUEBAS2 PUEDE ASIGNAR 16573 CON PERFIL BULBCE ULTIMA UBICACION CACHE001 UBI MOV CACHE001
02 17:14:34:244 PLSQL: DAMEMOV :  RECURSO PRUEBAS2 ASIGNADO MOVIMIENTO 16573 CON PERFIL BULBCE
02 17:15:29:379 Planificando recurso PRUEBAS2
02 17:15:29:380 PLSQL: DAMEMOV :  PARA RECURSO PRUEBAS2 BUSCANDO MOVIMIENTOS ULTIMA UBICACION CACHE001
02 17:15:29:387 PLSQL: DAMEMOV :  RECURSO PRUEBAS2 PUEDE ASIGNAR 16611 CON PERFIL BULBCE ULTIMA UBICACION CACHE001 UBI MOV N001002100
02 17:15:29:388 PLSQL: DAMEMOV :  RECURSO PRUEBAS2 ASIGNADO MOVIMIENTO 16611 CON PERFIL BULBCE
02 17:15:29:389 PLSQL: DAMEMOV :  RECURSO PRUEBAS2 PUEDE ASIGNAR 16618 CON PERFIL BULBCE ULTIMA UBICACION CACHE001 UBI MOV CACHE003
02 17:15:29:389 PLSQL: DAMEMOV :  RECURSO PRUEBAS2 ASIGNADO MOVIMIENTO 16618 CON PERFIL BULBCE
02 17:15:29:390 PLSQL: DAMEMOV :  RECURSO PRUEBAS2 PUEDE ASIGNAR 16615 CON PERFIL BULBCE ULTIMA UBICACION CACHE001 UBI MOV CACHE003
02 17:15:29:390 PLSQL: DAMEMOV :  RECURSO PRUEBAS2 ASIGNADO MOVIMIENTO 16615 CON PERFIL BULBCE
02 17:15:29:390 PLSQL: DAMEMOV :  RECURSO PRUEBAS2 PUEDE ASIGNAR 16621 CON PERFIL BULBCE ULTIMA UBICACION CACHE001 UBI MOV M008000800
02 17:15:29:390 PLSQL: DAMEMOV :  RECURSO PRUEBAS2 ASIGNADO MOVIMIENTO 16621 CON PERFIL BULBCE
02 17:15:29:390 PLSQL: DAMEMOV :  RECURSO PRUEBAS2 PUEDE ASIGNAR 16617 CON PERFIL BULBCE ULTIMA UBICACION CACHE001 UBI MOV N003001800
02 17:15:29:390 PLSQL: DAMEMOV :  RECURSO PRUEBAS2 ASIGNADO MOVIMIENTO 16617 CON PERFIL BULBCE
02 17:15:29:390 PLSQL: DAMEMOV :  RECURSO PRUEBAS2 PUEDE ASIGNAR 16613 CON PERFIL BULBCE ULTIMA UBICACION CACHE001 UBI MOV N002005700
02 17:15:29:390 PLSQL: DAMEMOV :  RECURSO PRUEBAS2 ASIGNADO MOVIMIENTO 16613 CON PERFIL BULBCE
02 17:15:29:390 PLSQL: DAMEMOV :  RECURSO PRUEBAS2 PUEDE ASIGNAR 16609 CON PERFIL BULBCE ULTIMA UBICACION CACHE001 UBI MOV N001002200
02 17:15:29:390 PLSQL: DAMEMOV :  RECURSO PRUEBAS2 ASIGNADO MOVIMIENTO 16609 CON PERFIL BULBCE
02 17:15:29:390 PLSQL: DAMEMOV :  RECURSO PRUEBAS2 PUEDE ASIGNAR 16440 CON PERFIL BULBCE ULTIMA UBICACION CACHE001 UBI MOV M003000400
02 17:15:29:390 PLSQL: DAMEMOV :  RECURSO PRUEBAS2 ASIGNADO MOVIMIENTO 16440 CON PERFIL BULBCE
02 17:15:29:390 PLSQL: DAMEMOV :  RECURSO PRUEBAS2 PUEDE ASIGNAR 16438 CON PERFIL BULBCE ULTIMA UBICACION CACHE001 UBI MOV N002001800
02 17:15:29:390 PLSQL: DAMEMOV :  RECURSO PRUEBAS2 ASIGNADO MOVIMIENTO 16438 CON PERFIL BULBCE
02 17:15:29:390 PLSQL: DAMEMOV :  RECURSO PRUEBAS2 PUEDE ASIGNAR 16573 CON PERFIL BULBCE ULTIMA UBICACION CACHE001 UBI MOV CACHE001
02 17:15:29:390 PLSQL: DAMEMOV :  RECURSO PRUEBAS2 ASIGNADO MOVIMIENTO 16573 CON PERFIL BULBCE
02 17:16:05:505 Planificando recurso PRUEBAS2
02 17:16:05:506 PLSQL: DAMEMOV :  PARA RECURSO PRUEBAS2 BUSCANDO MOVIMIENTOS ULTIMA UBICACION CACHE001
02 17:16:05:514 PLSQL: DAMEMOV :  RECURSO PRUEBAS2 PUEDE ASIGNAR 16611 CON PERFIL BULBCE ULTIMA UBICACION CACHE001 UBI MOV N001002100
02 17:16:05:515 PLSQL: DAMEMOV :  RECURSO PRUEBAS2 ASIGNADO MOVIMIENTO 16611 CON PERFIL BULBCE
02 17:16:05:515 PLSQL: DAMEMOV :  RECURSO PRUEBAS2 PUEDE ASIGNAR 16618 CON PERFIL BULBCE ULTIMA UBICACION CACHE001 UBI MOV CACHE003
02 17:16:05:515 PLSQL: DAMEMOV :  RECURSO PRUEBAS2 ASIGNADO MOVIMIENTO 16618 CON PERFIL BULBCE
02 17:16:05:517 PLSQL: DAMEMOV :  RECURSO PRUEBAS2 PUEDE ASIGNAR 16615 CON PERFIL BULBCE ULTIMA UBICACION CACHE001 UBI MOV CACHE003
02 17:16:05:517 PLSQL: DAMEMOV :  RECURSO PRUEBAS2 ASIGNADO MOVIMIENTO 16615 CON PERFIL BULBCE
02 17:16:05:517 PLSQL: DAMEMOV :  RECURSO PRUEBAS2 PUEDE ASIGNAR 16621 CON PERFIL BULBCE ULTIMA UBICACION CACHE001 UBI MOV M008000800
02 17:16:05:517 PLSQL: DAMEMOV :  RECURSO PRUEBAS2 ASIGNADO MOVIMIENTO 16621 CON PERFIL BULBCE
02 17:16:05:517 PLSQL: DAMEMOV :  RECURSO PRUEBAS2 PUEDE ASIGNAR 16617 CON PERFIL BULBCE ULTIMA UBICACION CACHE001 UBI MOV N003001800
02 17:16:05:517 PLSQL: DAMEMOV :  RECURSO PRUEBAS2 ASIGNADO MOVIMIENTO 16617 CON PERFIL BULBCE
02 17:16:05:517 PLSQL: DAMEMOV :  RECURSO PRUEBAS2 PUEDE ASIGNAR 16613 CON PERFIL BULBCE ULTIMA UBICACION CACHE001 UBI MOV N002005700
02 17:16:05:517 PLSQL: DAMEMOV :  RECURSO PRUEBAS2 ASIGNADO MOVIMIENTO 16613 CON PERFIL BULBCE
02 17:16:05:517 PLSQL: DAMEMOV :  RECURSO PRUEBAS2 PUEDE ASIGNAR 16609 CON PERFIL BULBCE ULTIMA UBICACION CACHE001 UBI MOV N001002200
02 17:16:05:517 PLSQL: DAMEMOV :  RECURSO PRUEBAS2 ASIGNADO MOVIMIENTO 16609 CON PERFIL BULBCE
02 17:16:05:517 PLSQL: DAMEMOV :  RECURSO PRUEBAS2 PUEDE ASIGNAR 16440 CON PERFIL BULBCE ULTIMA UBICACION CACHE001 UBI MOV M003000400
02 17:16:05:517 PLSQL: DAMEMOV :  RECURSO PRUEBAS2 ASIGNADO MOVIMIENTO 16440 CON PERFIL BULBCE
02 17:16:05:517 PLSQL: DAMEMOV :  RECURSO PRUEBAS2 PUEDE ASIGNAR 16438 CON PERFIL BULBCE ULTIMA UBICACION CACHE001 UBI MOV N002001800
02 17:16:05:517 PLSQL: DAMEMOV :  RECURSO PRUEBAS2 ASIGNADO MOVIMIENTO 16438 CON PERFIL BULBCE
02 17:16:05:517 PLSQL: DAMEMOV :  RECURSO PRUEBAS2 PUEDE ASIGNAR 16573 CON PERFIL BULBCE ULTIMA UBICACION CACHE001 UBI MOV CACHE001
02 17:16:05:517 PLSQL: DAMEMOV :  RECURSO PRUEBAS2 ASIGNADO MOVIMIENTO 16573 CON PERFIL BULBCE
02 17:16:08:245 Planificando recurso PRUEBAS3
02 17:16:08:246 PLSQL: DAMEMOV :  PARA RECURSO PRUEBAS3 BUSCANDO MOVIMIENTOS ULTIMA UBICACION PRUEBA2RPN1
02 17:16:09:692 Planificando recurso PRUEBAS3
02 17:16:09:694 PLSQL: DAMEMOV :  PARA RECURSO PRUEBAS3 BUSCANDO MOVIMIENTOS ULTIMA UBICACION PRUEBA2RPN1
02 17:19:03:112 Planificando recurso PRUEBAS3
02 17:19:03:114 PLSQL: DAMEMOV :  PARA RECURSO PRUEBAS3 BUSCANDO MOVIMIENTOS ULTIMA UBICACION PRUEBA2RPN1
02 17:19:05:852 Planificando recurso PRUEBAS3
02 17:19:05:853 PLSQL: DAMEMOV :  PARA RECURSO PRUEBAS3 BUSCANDO MOVIMIENTOS ULTIMA UBICACION PRUEBA2RPN1
02 17:20:01:025 Planificando recurso PRUEBAS3
02 17:20:01:026 PLSQL: DAMEMOV :  PARA RECURSO PRUEBAS3 BUSCANDO MOVIMIENTOS ULTIMA UBICACION PRUEBA2RPN1
02 17:20:02:235 Planificando recurso PRUEBAS3
02 17:20:02:235 PLSQL: DAMEMOV :  PARA RECURSO PRUEBAS3 BUSCANDO MOVIMIENTOS ULTIMA UBICACION PRUEBA2RPN1
02 17:20:06:372 Planificando recurso PRUEBAS3
02 17:20:06:373 PLSQL: DAMEMOV :  PARA RECURSO PRUEBAS3 BUSCANDO MOVIMIENTOS ULTIMA UBICACION PRUEBA2RPN1
02 17:22:30:920 Planificando recurso PRUEBAS3
02 17:22:30:922 PLSQL: DAMEMOV :  PARA RECURSO PRUEBAS3 BUSCANDO MOVIMIENTOS ULTIMA UBICACION PRUEBA2RPN1
02 17:22:32:130 Planificando recurso PRUEBAS3
02 17:22:32:131 PLSQL: DAMEMOV :  PARA RECURSO PRUEBAS3 BUSCANDO MOVIMIENTOS ULTIMA UBICACION PRUEBA2RPN1
02 17:28:44:590 Planificando recurso PRUEBAS2
02 17:28:44:591 PLSQL: DAMEMOV :  PARA RECURSO PRUEBAS2 BUSCANDO MOVIMIENTOS ULTIMA UBICACION CACHE001
02 17:28:44:599 PLSQL: DAMEMOV :  RECURSO PRUEBAS2 PUEDE ASIGNAR 16611 CON PERFIL BULBCE ULTIMA UBICACION CACHE001 UBI MOV N001002100
02 17:28:44:599 PLSQL: DAMEMOV :  RECURSO PRUEBAS2 ASIGNADO MOVIMIENTO 16611 CON PERFIL BULBCE
02 17:28:44:600 PLSQL: DAMEMOV :  RECURSO PRUEBAS2 PUEDE ASIGNAR 16618 CON PERFIL BULBCE ULTIMA UBICACION CACHE001 UBI MOV CACHE003
02 17:28:44:600 PLSQL: DAMEMOV :  RECURSO PRUEBAS2 ASIGNADO MOVIMIENTO 16618 CON PERFIL BULBCE
02 17:28:44:602 PLSQL: DAMEMOV :  RECURSO PRUEBAS2 PUEDE ASIGNAR 16615 CON PERFIL BULBCE ULTIMA UBICACION CACHE001 UBI MOV CACHE003
02 17:28:44:602 PLSQL: DAMEMOV :  RECURSO PRUEBAS2 ASIGNADO MOVIMIENTO 16615 CON PERFIL BULBCE
02 17:28:44:603 PLSQL: DAMEMOV :  RECURSO PRUEBAS2 PUEDE ASIGNAR 16621 CON PERFIL BULBCE ULTIMA UBICACION CACHE001 UBI MOV M008000800
02 17:28:44:603 PLSQL: DAMEMOV :  RECURSO PRUEBAS2 ASIGNADO MOVIMIENTO 16621 CON PERFIL BULBCE
02 17:28:44:603 PLSQL: DAMEMOV :  RECURSO PRUEBAS2 PUEDE ASIGNAR 16617 CON PERFIL BULBCE ULTIMA UBICACION CACHE001 UBI MOV N003001800
02 17:28:44:603 PLSQL: DAMEMOV :  RECURSO PRUEBAS2 ASIGNADO MOVIMIENTO 16617 CON PERFIL BULBCE
02 17:28:44:603 PLSQL: DAMEMOV :  RECURSO PRUEBAS2 PUEDE ASIGNAR 16613 CON PERFIL BULBCE ULTIMA UBICACION CACHE001 UBI MOV N002005700
02 17:28:44:603 PLSQL: DAMEMOV :  RECURSO PRUEBAS2 ASIGNADO MOVIMIENTO 16613 CON PERFIL BULBCE
02 17:28:44:603 PLSQL: DAMEMOV :  RECURSO PRUEBAS2 PUEDE ASIGNAR 16609 CON PERFIL BULBCE ULTIMA UBICACION CACHE001 UBI MOV N001002200
02 17:28:44:603 PLSQL: DAMEMOV :  RECURSO PRUEBAS2 ASIGNADO MOVIMIENTO 16609 CON PERFIL BULBCE
02 17:28:44:603 PLSQL: DAMEMOV :  RECURSO PRUEBAS2 PUEDE ASIGNAR 16440 CON PERFIL BULBCE ULTIMA UBICACION CACHE001 UBI MOV M003000400
02 17:28:44:603 PLSQL: DAMEMOV :  RECURSO PRUEBAS2 ASIGNADO MOVIMIENTO 16440 CON PERFIL BULBCE
02 17:28:44:603 PLSQL: DAMEMOV :  RECURSO PRUEBAS2 PUEDE ASIGNAR 16438 CON PERFIL BULBCE ULTIMA UBICACION CACHE001 UBI MOV N002001800
02 17:28:44:603 PLSQL: DAMEMOV :  RECURSO PRUEBAS2 ASIGNADO MOVIMIENTO 16438 CON PERFIL BULBCE
02 17:28:44:603 PLSQL: DAMEMOV :  RECURSO PRUEBAS2 PUEDE ASIGNAR 16573 CON PERFIL BULBCE ULTIMA UBICACION CACHE001 UBI MOV CACHE001
02 17:28:44:603 PLSQL: DAMEMOV :  RECURSO PRUEBAS2 ASIGNADO MOVIMIENTO 16573 CON PERFIL BULBCE
02 17:33:02:142 Ejecucion número 10001 del proceso PLANIFRADIO total 58996
02 17:47:52:577 Planificando recurso PRUEBAS2
02 17:47:52:579 PLSQL: DAMEMOV :  PARA RECURSO PRUEBAS2 BUSCANDO MOVIMIENTOS ULTIMA UBICACION CACHE001
02 17:47:52:587 PLSQL: DAMEMOV :  RECURSO PRUEBAS2 PUEDE ASIGNAR 16611 CON PERFIL BULBCE ULTIMA UBICACION CACHE001 UBI MOV N001002100
02 17:47:52:587 PLSQL: DAMEMOV :  RECURSO PRUEBAS2 ASIGNADO MOVIMIENTO 16611 CON PERFIL BULBCE
02 17:47:52:587 PLSQL: DAMEMOV :  RECURSO PRUEBAS2 PUEDE ASIGNAR 16618 CON PERFIL BULBCE ULTIMA UBICACION CACHE001 UBI MOV CACHE003
02 17:47:52:587 PLSQL: DAMEMOV :  RECURSO PRUEBAS2 ASIGNADO MOVIMIENTO 16618 CON PERFIL BULBCE
02 17:47:52:587 PLSQL: DAMEMOV :  RECURSO PRUEBAS2 PUEDE ASIGNAR 16615 CON PERFIL BULBCE ULTIMA UBICACION CACHE001 UBI MOV CACHE003
02 17:47:52:587 PLSQL: DAMEMOV :  RECURSO PRUEBAS2 ASIGNADO MOVIMIENTO 16615 CON PERFIL BULBCE
02 17:47:52:587 PLSQL: DAMEMOV :  RECURSO PRUEBAS2 PUEDE ASIGNAR 16621 CON PERFIL BULBCE ULTIMA UBICACION CACHE001 UBI MOV M008000800
02 17:47:52:587 PLSQL: DAMEMOV :  RECURSO PRUEBAS2 ASIGNADO MOVIMIENTO 16621 CON PERFIL BULBCE
02 17:47:52:587 PLSQL: DAMEMOV :  RECURSO PRUEBAS2 PUEDE ASIGNAR 16617 CON PERFIL BULBCE ULTIMA UBICACION CACHE001 UBI MOV N003001800
02 17:47:52:587 PLSQL: DAMEMOV :  RECURSO PRUEBAS2 ASIGNADO MOVIMIENTO 16617 CON PERFIL BULBCE
02 17:47:52:587 PLSQL: DAMEMOV :  RECURSO PRUEBAS2 PUEDE ASIGNAR 16613 CON PERFIL BULBCE ULTIMA UBICACION CACHE001 UBI MOV N002005700
02 17:47:52:587 PLSQL: DAMEMOV :  RECURSO PRUEBAS2 ASIGNADO MOVIMIENTO 16613 CON PERFIL BULBCE
02 17:47:52:587 PLSQL: DAMEMOV :  RECURSO PRUEBAS2 PUEDE ASIGNAR 16609 CON PERFIL BULBCE ULTIMA UBICACION CACHE001 UBI MOV N001002200
02 17:47:52:587 PLSQL: DAMEMOV :  RECURSO PRUEBAS2 ASIGNADO MOVIMIENTO 16609 CON PERFIL BULBCE
02 17:47:52:595 PLSQL: DAMEMOV :  RECURSO PRUEBAS2 PUEDE ASIGNAR 16440 CON PERFIL BULBCE ULTIMA UBICACION CACHE001 UBI MOV M003000400
02 17:47:52:595 PLSQL: DAMEMOV :  RECURSO PRUEBAS2 ASIGNADO MOVIMIENTO 16440 CON PERFIL BULBCE
02 17:47:52:596 PLSQL: DAMEMOV :  RECURSO PRUEBAS2 PUEDE ASIGNAR 16438 CON PERFIL BULBCE ULTIMA UBICACION CACHE001 UBI MOV N002001800
02 17:47:52:596 PLSQL: DAMEMOV :  RECURSO PRUEBAS2 ASIGNADO MOVIMIENTO 16438 CON PERFIL BULBCE
02 17:47:52:596 PLSQL: DAMEMOV :  RECURSO PRUEBAS2 PUEDE ASIGNAR 16573 CON PERFIL BULBCE ULTIMA UBICACION CACHE001 UBI MOV CACHE001
02 17:47:52:596 PLSQL: DAMEMOV :  RECURSO PRUEBAS2 ASIGNADO MOVIMIENTO 16573 CON PERFIL BULBCE
02 17:51:40:459 Ejecucion número 20001 del proceso PLANIFRADIO total 117729
02 17:51:52:262 Planificando recurso PRUEBAS3
02 17:51:52:263 PLSQL: DAMEMOV :  PARA RECURSO PRUEBAS3 BUSCANDO MOVIMIENTOS ULTIMA UBICACION CACHE006

00 18:05:05:472 Fichero de log cerrado.

