00 09:23:03:948 Fichero de log abierto PID 10316

02 09:23:03:951 Intentando abrir fichero v10.ini
02 09:23:04:016 Cargando driver v10oracle funcion damedriveroracle
02 09:23:04:745 Conectado a base de datos
02 09:23:04:747 Proceso PLANIFRADIO encontrado en tabla VDPROCESOS
02 09:23:04:747 Proceso PLANIFRADIO cargado con función planifmov (Librería VDKERNEL.DLL) direccion 70025F50
02 09:23:04:749 PLSQL: INICIALIZADO PAQUETE DE LOG EL DIA 05-07-2022
02 09:23:04:781 Actualizado SID 385 SERIAL 41502 del proceso con PID 10316
02 09:41:13:447 Ejecucion número 10001 del proceso PLANIFRADIO total 69970
02 09:59:23:197 Ejecucion número 20001 del proceso PLANIFRADIO total 139947
02 10:17:31:688 Ejecucion número 30001 del proceso PLANIFRADIO total 209939
02 10:35:41:667 Ejecucion número 40001 del proceso PLANIFRADIO total 279928
02 11:22:52:447 Ejecucion número 50001 del proceso PLANIFRADIO total 349907
02 11:41:01:427 Ejecucion número 60001 del proceso PLANIFRADIO total 419890
02 11:59:12:737 Ejecucion número 70001 del proceso PLANIFRADIO total 489881
02 12:17:41:050 Ejecucion número 80001 del proceso PLANIFRADIO total 559858
02 12:35:48:745 Ejecucion número 90001 del proceso PLANIFRADIO total 629850
02 12:53:57:969 Ejecucion número 100001 del proceso PLANIFRADIO total 699835
02 13:12:07:735 Ejecucion número 110001 del proceso PLANIFRADIO total 769828
02 13:30:17:155 Ejecucion número 120001 del proceso PLANIFRADIO total 839821

00 13:36:35:289 Fichero de log cerrado.

00 13:36:39:437 Fichero de log abierto PID 3136

02 13:36:39:439 Intentando abrir fichero v10.ini
02 13:36:39:445 Cargando driver v10oracle funcion damedriveroracle
02 13:36:40:027 Conectado a base de datos
02 13:36:40:027 Proceso PLANIFRADIO encontrado en tabla VDPROCESOS
02 13:36:40:029 Proceso PLANIFRADIO cargado con función planifmov (Librería VDKERNEL.DLL) direccion 70025F50
02 13:36:40:030 PLSQL: INICIALIZADO PAQUETE DE LOG EL DIA 05-07-2022
02 13:36:40:045 Actualizado SID 10 SERIAL 9782 del proceso con PID 3136

00 13:58:57:564 Fichero de log cerrado.

00 13:59:20:730 Fichero de log abierto PID 16248

02 13:59:20:730 Intentando abrir fichero v10.ini
02 13:59:20:737 Cargando driver v10oracle funcion damedriveroracle
02 13:59:21:500 Conectado a base de datos
02 13:59:21:500 Proceso PLANIFRADIO encontrado en tabla VDPROCESOS
02 13:59:21:502 Proceso PLANIFRADIO cargado con función planifmov (Librería VDKERNEL.DLL) direccion 70025F50
02 13:59:21:503 PLSQL: INICIALIZADO PAQUETE DE LOG EL DIA 05-07-2022
02 13:59:21:512 Actualizado SID 13 SERIAL 22799 del proceso con PID 16248
02 14:17:31:402 Ejecucion número 10001 del proceso PLANIFRADIO total 69980
02 14:35:38:949 Ejecucion número 20001 del proceso PLANIFRADIO total 139973

00 14:52:23:034 Fichero de log cerrado.

00 14:52:50:260 Fichero de log abierto PID 16780

02 14:52:50:260 Intentando abrir fichero v10.ini
02 14:52:50:267 Cargando driver v10oracle funcion damedriveroracle
02 14:52:50:675 Conectado a base de datos
02 14:52:50:677 Proceso PLANIFRADIO encontrado en tabla VDPROCESOS
02 14:52:50:679 Proceso PLANIFRADIO cargado con función planifmov (Librería VDKERNEL.DLL) direccion 70025F50
02 14:52:50:681 PLSQL: INICIALIZADO PAQUETE DE LOG EL DIA 05-07-2022
02 14:52:50:690 Actualizado SID 745 SERIAL 1760 del proceso con PID 16780

00 14:54:38:089 Fichero de log cerrado.

00 14:54:43:114 Fichero de log abierto PID 12992

02 14:54:43:115 Intentando abrir fichero v10.ini
02 14:54:43:122 Cargando driver v10oracle funcion damedriveroracle
02 14:54:43:502 Conectado a base de datos
02 14:54:43:505 Proceso PLANIFRADIO encontrado en tabla VDPROCESOS
02 14:54:43:505 Proceso PLANIFRADIO cargado con función planifmov (Librería VDKERNEL.DLL) direccion 70025F50
02 14:54:43:507 PLSQL: INICIALIZADO PAQUETE DE LOG EL DIA 05-07-2022
02 14:54:43:517 Actualizado SID 631 SERIAL 53226 del proceso con PID 12992
02 15:12:51:954 Ejecucion número 10001 del proceso PLANIFRADIO total 69987
02 15:31:00:502 Ejecucion número 20001 del proceso PLANIFRADIO total 139980
02 16:04:59:854 Ejecucion número 30001 del proceso PLANIFRADIO total 209962
02 16:23:07:645 Ejecucion número 40001 del proceso PLANIFRADIO total 279946
02 16:41:15:442 Ejecucion número 50001 del proceso PLANIFRADIO total 349928
02 16:59:22:847 Ejecucion número 60001 del proceso PLANIFRADIO total 419921
02 17:17:30:337 Ejecucion número 70001 del proceso PLANIFRADIO total 489901
02 17:35:38:197 Ejecucion número 80001 del proceso PLANIFRADIO total 559886

00 17:55:06:142 Fichero de log cerrado.

