00 09:22:31:678 Fichero de log abierto PID 8956

02 09:22:31:681 Intentando abrir fichero v10.ini
02 09:22:31:686 Cargando driver v10oracle funcion damedriveroracle
02 09:22:32:197 Conectado a base de datos
02 09:22:32:198 Proceso PLANIFRADIO encontrado en tabla VDPROCESOS
02 09:22:32:198 Proceso PLANIFRADIO cargado con función planifmov (Librería VDKERNEL.DLL) direccion 67BA5F50
02 09:22:32:201 PLSQL: INICIALIZADO PAQUETE DE LOG EL DIA 01-07-2022
02 09:22:32:205 Actualizado SID 263 SERIAL 64476 del proceso con PID 8956
02 09:41:24:308 Ejecucion número 10001 del proceso PLANIFRADIO total 66511
02 10:00:12:348 Ejecucion número 20001 del proceso PLANIFRADIO total 133216
02 10:19:05:525 Ejecucion número 30001 del proceso PLANIFRADIO total 199790
02 10:37:56:420 Ejecucion número 40001 del proceso PLANIFRADIO total 266360
02 10:57:58:707 Ejecucion número 50001 del proceso PLANIFRADIO total 333261
02 11:34:45:206 Ejecucion número 60001 del proceso PLANIFRADIO total 399790
02 11:53:32:467 Ejecucion número 70001 del proceso PLANIFRADIO total 466117
02 12:12:12:364 Ejecucion número 80001 del proceso PLANIFRADIO total 533484
02 12:31:02:375 Ejecucion número 90001 del proceso PLANIFRADIO total 599782
02 12:49:44:627 Ejecucion número 100001 del proceso PLANIFRADIO total 666658
02 13:08:05:464 Ejecucion número 110001 del proceso PLANIFRADIO total 735522

00 13:10:20:349 Fichero de log cerrado.

