00 09:08:31:840 Fichero de log abierto PID 15440

00 09:08:31:841 Haciendo bind en puerto -4844 error -1
02 09:08:31:841 Intentando abrir fichero v10.ini
02 09:08:31:847 Cargando driver v10oracle funcion damedriveroracle
02 09:08:32:446 Conectado a base de datos
02 09:08:32:447 Proceso PLANIFRADIO encontrado en tabla VDPROCESOS
02 09:08:32:448 Proceso PLANIFRADIO cargado con función planifmov (Librería VDKERNEL.DLL) direccion 6FF55F50
02 09:08:32:451 PLSQL: INICIALIZADO PAQUETE DE LOG EL DIA 28-03-2022
02 09:08:32:460 Actualizado SID 626 SERIAL 27951 del proceso con PID 15440
02 09:26:43:522 Ejecucion número 10001 del proceso PLANIFRADIO total 69741
02 09:44:49:190 Ejecucion número 20001 del proceso PLANIFRADIO total 139716
02 10:02:56:032 Ejecucion número 30001 del proceso PLANIFRADIO total 209710
02 10:21:02:760 Ejecucion número 40001 del proceso PLANIFRADIO total 279702
02 10:39:09:178 Ejecucion número 50001 del proceso PLANIFRADIO total 349686
02 10:57:15:757 Ejecucion número 60001 del proceso PLANIFRADIO total 419672
02 11:15:22:722 Ejecucion número 70001 del proceso PLANIFRADIO total 489656
02 11:33:34:972 Ejecucion número 80001 del proceso PLANIFRADIO total 559635
02 11:51:45:309 Ejecucion número 90001 del proceso PLANIFRADIO total 629607
02 12:09:55:715 Ejecucion número 100001 del proceso PLANIFRADIO total 699596
02 12:28:06:567 Ejecucion número 110001 del proceso PLANIFRADIO total 769584
02 12:46:16:552 Ejecucion número 120001 del proceso PLANIFRADIO total 839568
02 13:04:25:834 Ejecucion número 130001 del proceso PLANIFRADIO total 909547
02 13:22:31:177 Ejecucion número 140001 del proceso PLANIFRADIO total 979537
02 13:40:29:500 Ejecucion número 150001 del proceso PLANIFRADIO total 1049517
02 13:58:26:274 Ejecucion número 160001 del proceso PLANIFRADIO total 1119501
02 14:16:20:705 Ejecucion número 170001 del proceso PLANIFRADIO total 1189472
02 14:34:16:227 Ejecucion número 180001 del proceso PLANIFRADIO total 1259451
02 14:52:11:250 Ejecucion número 190001 del proceso PLANIFRADIO total 1329444
02 15:10:06:170 Ejecucion número 200001 del proceso PLANIFRADIO total 1399437

00 15:19:41:629 Fichero de log cerrado.

00 15:19:48:755 Fichero de log abierto PID 9348

02 15:19:48:757 Intentando abrir fichero v10.ini
02 15:19:48:765 Cargando driver v10oracle funcion damedriveroracle
02 15:19:49:675 Conectado a base de datos
02 15:19:49:677 Proceso PLANIFRADIO encontrado en tabla VDPROCESOS
02 15:19:49:677 Proceso PLANIFRADIO cargado con función planifmov (Librería VDKERNEL.DLL) direccion 6FF55F50
02 15:19:49:680 PLSQL: INICIALIZADO PAQUETE DE LOG EL DIA 28-03-2022
02 15:19:49:690 Actualizado SID 626 SERIAL 5940 del proceso con PID 9348
02 15:37:57:312 Ejecucion número 10001 del proceso PLANIFRADIO total 69979
02 15:56:06:387 Ejecucion número 20001 del proceso PLANIFRADIO total 139785

00 16:06:05:740 Fichero de log cerrado.

00 16:06:21:362 Fichero de log abierto PID 4320

02 16:06:21:365 Intentando abrir fichero v10.ini
02 16:06:21:372 Cargando driver v10oracle funcion damedriveroracle
02 16:06:22:164 Conectado a base de datos
02 16:06:22:167 Proceso PLANIFRADIO encontrado en tabla VDPROCESOS
02 16:06:22:167 Proceso PLANIFRADIO cargado con función planifmov (Librería VDKERNEL.DLL) direccion 6FF55F50
02 16:06:22:169 PLSQL: INICIALIZADO PAQUETE DE LOG EL DIA 28-03-2022
02 16:06:22:179 Actualizado SID 13 SERIAL 10812 del proceso con PID 4320
02 16:24:27:762 Ejecucion número 10001 del proceso PLANIFRADIO total 69991
02 16:42:34:562 Ejecucion número 20001 del proceso PLANIFRADIO total 139982
02 17:00:40:690 Ejecucion número 30001 del proceso PLANIFRADIO total 209949
02 17:18:48:912 Ejecucion número 40001 del proceso PLANIFRADIO total 279925
02 17:36:57:650 Ejecucion número 50001 del proceso PLANIFRADIO total 349917
02 17:55:06:132 Ejecucion número 60001 del proceso PLANIFRADIO total 419909

00 17:59:49:285 Fichero de log cerrado.

