00 09:11:09:442 Fichero de log abierto PID 13300

02 09:11:09:442 Intentando abrir fichero v10.ini
02 09:11:09:448 Cargando driver v10oracle funcion damedriveroracle
02 09:11:10:312 Conectado a base de datos
02 09:11:10:323 Actualizado SID 873 SERIAL 13464 del proceso con PID 13300
02 09:11:10:324 PLSQL: INICIALIZADO PAQUETE DE LOG EL DIA 04-04-2022
00 09:11:10:331 Error al abrir fichero VDST.H

00 10:22:54:215 Fichero de log cerrado.

00 10:23:02:253 Fichero de log abierto PID 15056

02 10:23:02:256 Intentando abrir fichero v10.ini
02 10:23:02:262 Cargando driver v10oracle funcion damedriveroracle
02 10:23:02:992 Conectado a base de datos
02 10:23:03:008 Actualizado SID 261 SERIAL 2998 del proceso con PID 15056
02 10:23:03:010 PLSQL: INICIALIZADO PAQUETE DE LOG EL DIA 04-04-2022
00 10:23:03:017 Error al abrir fichero VDST.H

00 10:38:59:076 Fichero de log cerrado.

00 10:39:08:621 Fichero de log abierto PID 17244

02 10:39:08:622 Intentando abrir fichero v10.ini
02 10:39:08:630 Cargando driver v10oracle funcion damedriveroracle
02 10:39:09:490 Conectado a base de datos
02 10:39:09:508 Actualizado SID 865 SERIAL 49437 del proceso con PID 17244
02 10:39:09:509 PLSQL: INICIALIZADO PAQUETE DE LOG EL DIA 04-04-2022
00 10:39:09:515 Error al abrir fichero VDST.H

00 12:14:34:667 Fichero de log cerrado.

00 12:14:45:542 Fichero de log abierto PID 5020

00 12:14:45:545 Haciendo bind en puerto -4844 error -1
02 12:14:45:547 Intentando abrir fichero v10.ini
02 12:14:45:555 Cargando driver v10oracle funcion damedriveroracle
02 12:14:46:207 Conectado a base de datos
02 12:14:46:227 Actualizado SID 261 SERIAL 43724 del proceso con PID 5020
02 12:14:46:228 PLSQL: INICIALIZADO PAQUETE DE LOG EL DIA 04-04-2022
00 12:14:46:235 Error al abrir fichero VDST.H

00 12:39:53:854 Fichero de log cerrado.

00 12:39:57:460 Fichero de log abierto PID 13000

00 12:39:57:462 Haciendo bind en puerto -4844 error -1
02 12:39:57:462 Intentando abrir fichero v10.ini
02 12:39:57:470 Cargando driver v10oracle funcion damedriveroracle
02 12:39:58:160 Conectado a base de datos
02 12:39:58:177 Actualizado SID 746 SERIAL 60999 del proceso con PID 13000
02 12:39:58:178 PLSQL: INICIALIZADO PAQUETE DE LOG EL DIA 04-04-2022
00 12:39:58:184 Error al abrir fichero VDST.H

00 12:40:53:017 Fichero de log cerrado.

00 12:40:57:815 Fichero de log abierto PID 8892

00 12:40:57:815 Haciendo bind en puerto -4844 error -1
02 12:40:57:815 Intentando abrir fichero v10.ini
02 12:40:57:822 Cargando driver v10oracle funcion damedriveroracle
02 12:40:58:615 Conectado a base de datos
02 12:40:58:629 Actualizado SID 750 SERIAL 24317 del proceso con PID 8892
02 12:40:58:630 PLSQL: INICIALIZADO PAQUETE DE LOG EL DIA 04-04-2022
00 12:40:58:635 Error al abrir fichero VDST.H

00 17:13:22:284 Fichero de log cerrado.

00 17:13:27:122 Fichero de log abierto PID 11856

00 17:13:27:192 Haciendo bind en puerto -4844 error -1
02 17:13:27:192 Intentando abrir fichero v10.ini
02 17:13:27:200 Cargando driver v10oracle funcion damedriveroracle
02 17:13:27:809 Conectado a base de datos
02 17:13:27:824 Actualizado SID 872 SERIAL 10821 del proceso con PID 11856
02 17:13:27:825 PLSQL: INICIALIZADO PAQUETE DE LOG EL DIA 04-04-2022
00 17:13:27:832 Error al abrir fichero VDST.H

00 17:58:22:060 Fichero de log cerrado.

