00 09:17:47:727 Fichero de log abierto PID 9836

02 09:17:47:727 Intentando abrir fichero v10.ini
02 09:17:47:732 Cargando driver v10oracle funcion damedriveroracle
02 09:17:47:886 Conectado a base de datos
02 09:17:48:522 Actualizado SID 501 SERIAL 63499 del proceso con PID 9836
02 09:17:48:522 PLSQL: INICIALIZADO PAQUETE DE LOG EL DIA 28-06-2022
00 09:17:48:522 Error al abrir fichero VDST.H

00 09:39:20:998 Fichero de log cerrado.

00 09:39:35:767 Fichero de log abierto PID 9048

02 09:39:35:768 Intentando abrir fichero v10.ini
02 09:39:35:776 Cargando driver v10oracle funcion damedriveroracle
02 09:39:36:405 Conectado a base de datos
02 09:39:36:417 Actualizado SID 631 SERIAL 17532 del proceso con PID 9048
02 09:39:36:417 PLSQL: INICIALIZADO PAQUETE DE LOG EL DIA 28-06-2022
00 09:39:36:421 Error al abrir fichero VDST.H

00 12:12:09:605 Fichero de log cerrado.

00 12:12:22:232 Fichero de log abierto PID 4864

02 12:12:22:235 Intentando abrir fichero v10.ini
02 12:12:22:240 Cargando driver v10oracle funcion damedriveroracle
02 12:12:22:935 Conectado a base de datos
02 12:12:22:949 Actualizado SID 507 SERIAL 50652 del proceso con PID 4864
02 12:12:22:950 PLSQL: INICIALIZADO PAQUETE DE LOG EL DIA 28-06-2022
00 12:12:22:955 Error al abrir fichero VDST.H

00 12:17:17:317 Fichero de log cerrado.

00 12:17:34:102 Fichero de log abierto PID 14532

02 12:17:34:104 Intentando abrir fichero v10.ini
02 12:17:34:110 Cargando driver v10oracle funcion damedriveroracle
02 12:17:34:802 Conectado a base de datos
02 12:17:34:815 Actualizado SID 384 SERIAL 58676 del proceso con PID 14532
02 12:17:34:817 PLSQL: INICIALIZADO PAQUETE DE LOG EL DIA 28-06-2022
00 12:17:34:824 Error al abrir fichero VDST.H

00 12:42:30:927 Fichero de log cerrado.

00 12:42:45:907 Fichero de log abierto PID 2308

02 12:42:45:912 Intentando abrir fichero v10.ini
02 12:42:45:917 Cargando driver v10oracle funcion damedriveroracle
02 12:42:46:572 Conectado a base de datos
02 12:42:46:585 Actualizado SID 630 SERIAL 13881 del proceso con PID 2308
02 12:42:46:586 PLSQL: INICIALIZADO PAQUETE DE LOG EL DIA 28-06-2022
00 12:42:46:590 Error al abrir fichero VDST.H

00 13:34:13:662 Fichero de log cerrado.

00 13:34:40:260 Fichero de log abierto PID 1828

02 13:34:40:262 Intentando abrir fichero v10.ini
02 13:34:40:269 Cargando driver v10oracle funcion damedriveroracle
02 13:34:40:942 Conectado a base de datos
02 13:34:40:959 Actualizado SID 752 SERIAL 57296 del proceso con PID 1828
02 13:34:40:961 PLSQL: INICIALIZADO PAQUETE DE LOG EL DIA 28-06-2022
00 13:34:40:969 Error al abrir fichero VDST.H

00 13:35:56:522 Fichero de log cerrado.

00 13:36:00:474 Fichero de log abierto PID 8292

02 13:36:00:475 Intentando abrir fichero v10.ini
02 13:36:00:482 Cargando driver v10oracle funcion damedriveroracle
02 13:36:01:297 Conectado a base de datos
02 13:36:01:309 Actualizado SID 376 SERIAL 32772 del proceso con PID 8292
02 13:36:01:309 PLSQL: INICIALIZADO PAQUETE DE LOG EL DIA 28-06-2022
00 13:36:01:315 Error al abrir fichero VDST.H

00 13:36:43:742 Fichero de log cerrado.

00 13:44:14:814 Fichero de log abierto PID 11632

02 13:44:14:815 Intentando abrir fichero v10.ini
02 13:44:14:820 Cargando driver v10oracle funcion damedriveroracle
02 13:44:15:427 Conectado a base de datos
02 13:44:15:440 Actualizado SID 10 SERIAL 46212 del proceso con PID 11632
02 13:44:15:441 PLSQL: INICIALIZADO PAQUETE DE LOG EL DIA 28-06-2022
00 13:44:15:442 Error al abrir fichero VDST.H

00 14:46:00:697 Fichero de log cerrado.

00 14:46:23:024 Fichero de log abierto PID 8832

02 14:46:23:027 Intentando abrir fichero v10.ini
02 14:46:23:035 Cargando driver v10oracle funcion damedriveroracle
02 14:46:23:649 Conectado a base de datos
02 14:46:23:662 Actualizado SID 507 SERIAL 53259 del proceso con PID 8832
02 14:46:23:663 PLSQL: INICIALIZADO PAQUETE DE LOG EL DIA 28-06-2022
00 14:46:23:667 Error al abrir fichero VDST.H

00 17:58:49:970 Fichero de log cerrado.

