00 09:04:45:061 Fichero de log abierto PID 6468

02 09:04:45:062 Intentando abrir fichero v10.ini
02 09:04:45:068 Cargando driver v10oracle funcion damedriveroracle
02 09:04:45:982 Conectado a base de datos
02 09:04:46:007 Actualizado SID 862 SERIAL 61008 del proceso con PID 6468
02 09:04:46:008 PLSQL: INICIALIZADO PAQUETE DE LOG EL DIA 25-03-2022
00 09:04:46:007 Error al abrir fichero VDST.H

00 09:37:55:702 Fichero de log cerrado.

00 09:38:20:208 Fichero de log abierto PID 1864

02 09:38:20:211 Intentando abrir fichero v10.ini
02 09:38:20:217 Cargando driver v10oracle funcion damedriveroracle
02 09:38:21:066 Conectado a base de datos
02 09:38:21:083 Actualizado SID 623 SERIAL 59049 del proceso con PID 1864
02 09:38:21:085 PLSQL: INICIALIZADO PAQUETE DE LOG EL DIA 25-03-2022
00 09:38:21:091 Error al abrir fichero VDST.H

00 12:57:01:029 Fichero de log cerrado.

00 12:57:20:575 Fichero de log abierto PID 11748

00 12:57:20:577 Haciendo bind en puerto -4844 error -1
02 12:57:20:577 Intentando abrir fichero v10.ini
02 12:57:20:585 Cargando driver v10oracle funcion damedriveroracle
02 12:57:21:490 Conectado a base de datos
02 12:57:21:505 Actualizado SID 132 SERIAL 7422 del proceso con PID 11748
02 12:57:21:507 PLSQL: INICIALIZADO PAQUETE DE LOG EL DIA 25-03-2022
00 12:57:21:512 Error al abrir fichero VDST.H

00 13:58:47:560 Fichero de log cerrado.

