00 11:54:50:169 Fichero de log abierto PID 1148

02 11:54:50:170 Intentando abrir fichero v10.ini
02 11:54:50:175 Cargando driver v10oracle funcion damedriveroracle
02 11:54:50:329 Conectado a base de datos
02 11:54:50:850 Actualizado SID 508 SERIAL 62108 del proceso con PID 1148
02 11:54:50:851 PLSQL: INICIALIZADO PAQUETE DE LOG EL DIA 30-06-2022
00 11:54:50:867 Error al abrir fichero VDST.H

00 12:04:30:985 Fichero de log cerrado.

00 12:04:43:127 Fichero de log abierto PID 16208

02 12:04:43:130 Intentando abrir fichero v10.ini
02 12:04:43:137 Cargando driver v10oracle funcion damedriveroracle
02 12:04:43:882 Conectado a base de datos
02 12:04:43:895 Actualizado SID 20 SERIAL 49193 del proceso con PID 16208
02 12:04:43:896 PLSQL: INICIALIZADO PAQUETE DE LOG EL DIA 30-06-2022
00 12:04:43:900 Error al abrir fichero VDST.H

00 12:05:31:140 Fichero de log cerrado.

00 12:07:06:572 Fichero de log abierto PID 4544

02 12:07:06:574 Intentando abrir fichero v10.ini
02 12:07:06:580 Cargando driver v10oracle funcion damedriveroracle
02 12:07:07:187 Conectado a base de datos
02 12:07:07:197 Actualizado SID 507 SERIAL 6081 del proceso con PID 4544
02 12:07:07:199 PLSQL: INICIALIZADO PAQUETE DE LOG EL DIA 30-06-2022
00 12:07:07:204 Error al abrir fichero VDST.H

00 13:58:51:539 Fichero de log cerrado.

00 13:59:07:827 Fichero de log abierto PID 2424

02 13:59:07:829 Intentando abrir fichero v10.ini
02 13:59:07:829 Cargando driver v10oracle funcion damedriveroracle
02 13:59:08:517 Conectado a base de datos
02 13:59:08:532 Actualizado SID 12 SERIAL 992 del proceso con PID 2424
02 13:59:08:533 PLSQL: INICIALIZADO PAQUETE DE LOG EL DIA 30-06-2022
00 13:59:08:537 Error al abrir fichero VDST.H

00 17:31:36:092 Fichero de log cerrado.

00 17:31:48:509 Fichero de log abierto PID 15528

02 17:31:48:510 Intentando abrir fichero v10.ini
02 17:31:48:515 Cargando driver v10oracle funcion damedriveroracle
02 17:31:49:170 Conectado a base de datos
02 17:31:49:182 Actualizado SID 378 SERIAL 29173 del proceso con PID 15528
02 17:31:49:183 PLSQL: INICIALIZADO PAQUETE DE LOG EL DIA 30-06-2022
00 17:31:49:187 Error al abrir fichero VDST.H

00 17:46:22:309 Fichero de log cerrado.

00 17:46:34:042 Fichero de log abierto PID 4792

02 17:46:34:044 Intentando abrir fichero v10.ini
02 17:46:34:049 Cargando driver v10oracle funcion damedriveroracle
02 17:46:34:740 Conectado a base de datos
02 17:46:34:752 Actualizado SID 263 SERIAL 46952 del proceso con PID 4792
02 17:46:34:752 PLSQL: INICIALIZADO PAQUETE DE LOG EL DIA 30-06-2022
00 17:46:34:757 Error al abrir fichero VDST.H

00 17:49:58:302 Fichero de log cerrado.

00 17:51:15:332 Fichero de log abierto PID 9448

02 17:51:15:332 Intentando abrir fichero v10.ini
02 17:51:15:340 Cargando driver v10oracle funcion damedriveroracle
02 17:51:15:927 Conectado a base de datos
02 17:51:15:942 Actualizado SID 14 SERIAL 10650 del proceso con PID 9448
02 17:51:15:942 PLSQL: INICIALIZADO PAQUETE DE LOG EL DIA 30-06-2022
00 17:51:15:947 Error al abrir fichero VDST.H

00 17:52:15:167 Fichero de log cerrado.

