00 17:09:17:764 Fichero de log abierto PID 18428

02 17:09:17:764 Intentando abrir fichero v10.ini
02 17:09:17:767 Cargando driver v10oracle funcion damedriveroracle
02 17:09:17:827 Conectado a base de datos
02 17:09:17:836 PLSQL: INICIALIZADO PAQUETE DE LOG EL DIA 30-04-2020
00 17:09:17:842 Error al abrir fichero VDST.H
02 17:09:21:240 Recibida conexion de direccion 127.000.000.001 puerto 23
02 17:09:21:242 PRUEBAS2 asociado a conexion 0
02 17:09:21:245 PRUEBAS2 llcargaradfrm - Cargando pantalla VDRUSER
02 17:09:21:250 PRUEBAS2 Leyendo caracteristicas del bloque 
02 17:09:21:250 PRUEBAS2 Leidas caracteristicas del bloque 
02 17:09:21:255 PRUEBAS2 llejecutaradfrm - Inicio ejecución trigers
02 17:09:21:257 PRUEBAS2 Inicio de pantalla
02 17:09:21:259 PRUEBAS2 PRUEBAS2
02 17:09:21:259 PRUEBAS2 
02 17:09:21:259 PRUEBAS2   /*IDENTIFIQUESE*/
02 17:09:21:259 PRUEBAS2 
02 17:09:21:259 PRUEBAS2       IDENTIFICACION
02 17:09:21:259 PRUEBAS2 
02 17:09:21:259 PRUEBAS2     USUARIO:
02 17:09:21:259 PRUEBAS2     PASSWORD:
02 17:09:21:259 PRUEBAS2 
02 17:09:21:259 PRUEBAS2 
02 17:09:21:259 PRUEBAS2 
02 17:09:21:259 PRUEBAS2 Fin de pantalla
02 17:09:21:259 PRUEBAS2 llejecutaradfrm - Fin ejecución trigers
02 17:09:21:259 PRUEBAS2 llcargaradfrm - Fin carga pantalla VDRUSER
02 17:09:23:187 PRUEBAS2 Recibido ENTER del terminal
02 17:09:23:192 PRUEBAS2 me devuelve campo CODOPE valor V10 scaneado 0
02 17:09:23:207 PRUEBAS2 Ejecutando triger PPOSTUPDATE en bloque vdruser.pan ret 0
02 17:09:23:220 PRUEBAS2 llcargaradfrm - Cargando pantalla VDPICKUNIPP
02 17:09:23:220 PRUEBAS2 Empiezo a leer forms vdpickunipp.frm
02 17:09:23:224 PRUEBAS2 Leyendo caracteristicas del bloque 
02 17:09:23:224 PRUEBAS2 Leidas caracteristicas del bloque 
02 17:09:23:235 PRUEBAS2 Leyendo caracteristicas del bloque 
02 17:09:23:235 PRUEBAS2 Leidas caracteristicas del bloque 
02 17:09:23:245 PRUEBAS2 Leyendo caracteristicas del bloque 
02 17:09:23:245 PRUEBAS2 Leidas caracteristicas del bloque 
02 17:09:23:252 PRUEBAS2 Leyendo caracteristicas del bloque 
02 17:09:23:252 PRUEBAS2 Leidas caracteristicas del bloque 
02 17:09:23:270 PRUEBAS2 Leyendo caracteristicas del bloque 
02 17:09:23:270 PRUEBAS2 Leidas caracteristicas del bloque 
02 17:09:23:284 PRUEBAS2 Leyendo caracteristicas del bloque 
02 17:09:23:284 PRUEBAS2 Leidas caracteristicas del bloque 
02 17:09:23:295 PRUEBAS2 Leyendo caracteristicas del bloque 
02 17:09:23:295 PRUEBAS2 Leidas caracteristicas del bloque 
02 17:09:23:304 PRUEBAS2 Leyendo caracteristicas del bloque 
02 17:09:23:304 PRUEBAS2 Leidas caracteristicas del bloque 
02 17:09:23:310 PRUEBAS2 Leyendo caracteristicas del bloque 
02 17:09:23:310 PRUEBAS2 Leidas caracteristicas del bloque 
02 17:09:23:317 PRUEBAS2 Leyendo caracteristicas del bloque 
02 17:09:23:317 PRUEBAS2 Leidas caracteristicas del bloque 
02 17:09:23:322 PRUEBAS2 Leyendo caracteristicas del bloque 
02 17:09:23:322 PRUEBAS2 Leidas caracteristicas del bloque 
02 17:09:23:325 PRUEBAS2 Termino parse forms vdpickunipp.frm
02 17:09:23:327 PRUEBAS2 llejecutaradfrm - Inicio ejecución trigers
00 17:09:23:330 PRUEBAS2 Cursor CMATENCUERSO Error ORA-02000: falta la palabra clave WITHIN
02 17:19:16:720 PRUEBAS2 Ejecutando triger PPREQUERY en bloque VDPICKUNIPPMAT.PAN ret 0
02 17:19:16:720 PRUEBAS2 llejecutaradfrm - Fin ejecución trigers
02 17:19:16:720 PRUEBAS2 llcargaradfrm - Fin carga pantalla VDPICKUNIPP
02 17:19:16:720 PRUEBAS2 Inicio de pantalla
02 17:19:16:720 PRUEBAS2 PRUEBAS2   V10
02 17:19:16:720 PRUEBAS2 MONOPEDIDO
02 17:19:16:720 PRUEBAS2 
02 17:19:16:720 PRUEBAS2 
02 17:19:16:720 PRUEBAS2 
02 17:19:16:720 PRUEBAS2 LEER MATRICULA
02 17:19:16:720 PRUEBAS2 
02 17:19:16:720 PRUEBAS2 
02 17:19:16:720 PRUEBAS2 Fin de pantalla
02 17:19:19:670 PRUEBAS2 Recibido ENTER del terminal
02 17:19:19:675 PRUEBAS2 Ejecutando triger PPOSTCHANGE en bloque VDPICKUNIPPMAT.PAN campo MATCAJA ret 0
02 17:19:19:675 PRUEBAS2 fcargarfrm - Inicio bloque  recurso PRUEBAS2
02 17:19:19:675 PRUEBAS2 fcargarfrm - Fin bloque  recurso PRUEBAS2
02 17:19:19:677 PRUEBAS2 fejecutaradio - Nivel FORM. Fin cadena de trigers en bloque VDPICKUNIPPMAT.PAN
02 17:19:19:677 PRUEBAS2 Ejecutando triger PPOSTQUERY en bloque VDPICKUNIPPMAT.PAN ret 0
02 17:19:19:685 PRUEBAS2 Buscando trabajos
02 17:19:19:687 PRUEBAS2 llcargaradfrm - Cargando pantalla VDMENUV10
02 17:19:19:689 PRUEBAS2 Empiezo a leer forms vdmenuv10.frm
02 17:19:19:692 PRUEBAS2 Leyendo caracteristicas del bloque 
02 17:19:19:692 PRUEBAS2 Leidas caracteristicas del bloque 
02 17:19:19:695 PRUEBAS2 Termino parse forms vdmenuv10.frm
02 17:19:19:697 PRUEBAS2 llejecutaradfrm - Inicio ejecución trigers
02 17:19:19:699 PRUEBAS2 fposicionabloque - Fin bloque VDMENUV10.PAN
02 17:19:19:699 PRUEBAS2 fejecutaradio - Nivel FORM. Fin cadena de trigers en bloque VDMENUV10.PAN
02 17:19:19:699 PRUEBAS2 Ejecutando triger PPREFORM en bloque VDMENUV10.PAN ret 0
02 17:19:19:700 PRUEBAS2 llejecutaradfrm - Fin ejecución trigers
02 17:19:19:700 PRUEBAS2 llcargaradfrm - Fin carga pantalla VDMENUV10
02 17:19:19:705 PRUEBAS2 Inicio de pantalla
02 17:19:19:705 PRUEBAS2  PRUEBAS2   V10
02 17:19:19:705 PRUEBAS2  MENU DE SUPERVISOR
02 17:19:19:705 PRUEBAS2  0.- BUSCAR TRABAJO
02 17:19:19:705 PRUEBAS2  1.- RECEPCIONAR
02 17:19:19:705 PRUEBAS2  2.- UBICAR
02 17:19:19:705 PRUEBAS2  3.- PICKING
02 17:19:19:705 PRUEBAS2  4.- MONOPEDIDO
02 17:19:19:705 PRUEBAS2  5.- CAMBIA UBICACION
02 17:19:19:707 PRUEBAS2  6.- TRANSFERENCIA
02 17:19:19:707 PRUEBAS2  7.- CONSULTA MATRICULA
02 17:19:19:707 PRUEBAS2  8.- CONSULTA UBICACION
02 17:19:19:707 PRUEBAS2  9.- SALIR
02 17:19:19:707 PRUEBAS2  OPCION 0
02 17:19:19:707 PRUEBAS2 Fin de pantalla
02 17:19:23:624 PRUEBAS2 Recibido ENTER del terminal
02 17:19:23:625 PRUEBAS2 me devuelve campo OPCION valor  1 scaneado 0
02 17:19:23:629 PRUEBAS2 fcargarfrm - Inicio bloque VDRECEPCION.FRM recurso PRUEBAS2
02 17:19:23:629 PRUEBAS2 fcargarfrm - Fin bloque VDRECEPCION.FRM recurso PRUEBAS2
02 17:19:23:630 PRUEBAS2 fejecutaradio - Nivel FORM. Fin cadena de trigers en bloque VDMENUV10.PAN
02 17:19:23:630 PRUEBAS2 Ejecutando triger PPOSTCHANGE en bloque VDMENUV10.PAN campo OPCION ret 0
02 17:19:23:632 PRUEBAS2 llcargaradfrm - Cargando pantalla VDRECEPCION.FRM
02 17:19:23:632 PRUEBAS2 Empiezo a leer forms vdrecepcion.frm
02 17:19:23:637 PRUEBAS2 Leyendo caracteristicas del bloque 
02 17:19:23:637 PRUEBAS2 Leidas caracteristicas del bloque 
02 17:19:23:645 PRUEBAS2 Leyendo caracteristicas del bloque 
02 17:19:23:645 PRUEBAS2 Leidas caracteristicas del bloque 
02 17:19:23:657 PRUEBAS2 Leyendo caracteristicas del bloque 
02 17:19:23:657 PRUEBAS2 Leidas caracteristicas del bloque 
02 17:19:23:669 PRUEBAS2 Leyendo caracteristicas del bloque 
02 17:19:23:669 PRUEBAS2 Leidas caracteristicas del bloque 
02 17:19:23:689 PRUEBAS2 Leyendo caracteristicas del bloque 
02 17:19:23:689 PRUEBAS2 Leidas caracteristicas del bloque 
02 17:19:23:705 PRUEBAS2 Leyendo caracteristicas del bloque 
02 17:19:23:705 PRUEBAS2 Leidas caracteristicas del bloque 
02 17:19:23:722 PRUEBAS2 Leyendo caracteristicas del bloque 
02 17:19:23:722 PRUEBAS2 Leidas caracteristicas del bloque 
02 17:19:23:734 PRUEBAS2 Leyendo caracteristicas del bloque 
02 17:19:23:734 PRUEBAS2 Leidas caracteristicas del bloque 
02 17:19:23:742 PRUEBAS2 Leyendo caracteristicas del bloque 
02 17:19:23:742 PRUEBAS2 Leidas caracteristicas del bloque 
02 17:19:23:750 PRUEBAS2 Leyendo caracteristicas del bloque 
02 17:19:23:750 PRUEBAS2 Leidas caracteristicas del bloque 
02 17:19:23:757 PRUEBAS2 Leyendo caracteristicas del bloque 
02 17:19:23:757 PRUEBAS2 Leidas caracteristicas del bloque 
02 17:19:23:772 PRUEBAS2 Leyendo caracteristicas del bloque 
02 17:19:23:772 PRUEBAS2 Leidas caracteristicas del bloque 
02 17:19:23:782 PRUEBAS2 Leyendo caracteristicas del bloque 
02 17:19:23:782 PRUEBAS2 Leidas caracteristicas del bloque 
02 17:19:23:785 PRUEBAS2 Termino parse forms vdrecepcion.frm
02 17:19:23:879 PRUEBAS2 llejecutaradfrm - Inicio ejecución trigers
02 17:19:23:880 PRUEBAS2 fposicionabloque - Fin bloque VDRECPULMON.PAN
02 17:19:23:882 PRUEBAS2 fejecutaradio - Nivel FORM. Fin cadena de trigers en bloque VDRECPULMON.PAN
02 17:19:23:882 PRUEBAS2 Ejecutando triger PPREFORM en bloque VDRECPULMON.PAN ret 0
02 17:19:23:890 PRUEBAS2 Ejecutando triger PPREQUERY en bloque VDRECPULMON.PAN ret 0
02 17:19:23:890 PRUEBAS2 llejecutaradfrm - Fin ejecución trigers
02 17:19:23:890 PRUEBAS2 llcargaradfrm - Fin carga pantalla VDRECEPCION.FRM
02 17:19:23:897 PRUEBAS2 Inicio de pantalla
02 17:19:23:897 PRUEBAS2  PRUEBAS2   V10
02 17:19:23:897 PRUEBAS2 
02 17:19:23:899 PRUEBAS2 /* LEER PULMON DE ENTRADAS */
02 17:19:23:899 PRUEBAS2  PULMON
02 17:19:23:899 PRUEBAS2 
02 17:19:23:899 PRUEBAS2 Fin de pantalla
02 17:19:24:530 PRUEBAS2 Recibido ENTER del terminal
02 17:19:24:535 PRUEBAS2 fcargarfrm - Inicio bloque  recurso PRUEBAS2
02 17:19:24:535 PRUEBAS2 fcargarfrm - Fin bloque  recurso PRUEBAS2
02 17:19:24:537 PRUEBAS2 fejecutaradio - Nivel FORM. Fin cadena de trigers en bloque VDRECPULMON.PAN
02 17:19:24:537 PRUEBAS2 Ejecutando triger PPOSTCHANGE en bloque VDRECPULMON.PAN campo PULMON ret 0
02 17:19:24:555 PRUEBAS2 Buscando trabajos
02 17:19:24:555 PRUEBAS2 llcargaradfrm - Cargando pantalla VDMENUV10
02 17:19:24:557 PRUEBAS2 Empiezo a leer forms vdmenuv10.frm
02 17:19:24:560 PRUEBAS2 Leyendo caracteristicas del bloque 
02 17:19:24:560 PRUEBAS2 Leidas caracteristicas del bloque 
02 17:19:24:562 PRUEBAS2 Termino parse forms vdmenuv10.frm
02 17:19:24:565 PRUEBAS2 llejecutaradfrm - Inicio ejecución trigers
02 17:19:24:565 PRUEBAS2 fposicionabloque - Fin bloque VDMENUV10.PAN
02 17:19:24:565 PRUEBAS2 fejecutaradio - Nivel FORM. Fin cadena de trigers en bloque VDMENUV10.PAN
02 17:19:24:567 PRUEBAS2 Ejecutando triger PPREFORM en bloque VDMENUV10.PAN ret 0
02 17:19:24:567 PRUEBAS2 llejecutaradfrm - Fin ejecución trigers
02 17:19:24:567 PRUEBAS2 llcargaradfrm - Fin carga pantalla VDMENUV10
02 17:19:24:575 PRUEBAS2 Inicio de pantalla
02 17:19:24:575 PRUEBAS2  PRUEBAS2   V10
02 17:19:24:575 PRUEBAS2  MENU DE SUPERVISOR
02 17:19:24:575 PRUEBAS2  0.- BUSCAR TRABAJO
02 17:19:24:575 PRUEBAS2  1.- RECEPCIONAR
02 17:19:24:575 PRUEBAS2  2.- UBICAR
02 17:19:24:575 PRUEBAS2  3.- PICKING
02 17:19:24:575 PRUEBAS2  4.- MONOPEDIDO
02 17:19:24:575 PRUEBAS2  5.- CAMBIA UBICACION
02 17:19:24:575 PRUEBAS2  6.- TRANSFERENCIA
02 17:19:24:575 PRUEBAS2  7.- CONSULTA MATRICULA
02 17:19:24:575 PRUEBAS2  8.- CONSULTA UBICACION
02 17:19:24:575 PRUEBAS2  9.- SALIR
02 17:19:24:575 PRUEBAS2  OPCION 0
02 17:19:24:575 PRUEBAS2 Fin de pantalla
02 17:19:25:174 PRUEBAS2 Recibido ENTER del terminal
02 17:19:25:177 PRUEBAS2 me devuelve campo OPCION valor  2 scaneado 0
02 17:19:25:179 PRUEBAS2 fcargarfrm - Inicio bloque VDUBICAENTRADAS.FRM recurso PRUEBAS2
02 17:19:25:179 PRUEBAS2 fcargarfrm - Fin bloque VDUBICAENTRADAS.FRM recurso PRUEBAS2
02 17:19:25:180 PRUEBAS2 fejecutaradio - Nivel FORM. Fin cadena de trigers en bloque VDMENUV10.PAN
02 17:19:25:180 PRUEBAS2 Ejecutando triger PPOSTCHANGE en bloque VDMENUV10.PAN campo OPCION ret 0
02 17:19:25:182 PRUEBAS2 llcargaradfrm - Cargando pantalla VDUBICAENTRADAS.FRM
02 17:19:25:182 PRUEBAS2 Empiezo a leer forms vdubicaentradas.frm
02 17:19:25:187 PRUEBAS2 Leyendo caracteristicas del bloque 
02 17:19:25:187 PRUEBAS2 Leidas caracteristicas del bloque 
02 17:19:25:194 PRUEBAS2 Leyendo caracteristicas del bloque 
02 17:19:25:194 PRUEBAS2 Leidas caracteristicas del bloque 
02 17:19:25:202 PRUEBAS2 Leyendo caracteristicas del bloque 
02 17:19:25:202 PRUEBAS2 Leidas caracteristicas del bloque 
02 17:19:25:205 PRUEBAS2 Termino parse forms vdubicaentradas.frm
02 17:19:25:207 PRUEBAS2 llejecutaradfrm - Inicio ejecución trigers
02 17:19:25:209 PRUEBAS2 fposicionabloque - Fin bloque VDUBICAENTRADAS1.PAN
02 17:19:25:209 PRUEBAS2 fejecutaradio - Nivel FORM. Fin cadena de trigers en bloque VDUBICAENTRADAS1.PAN
02 17:19:25:209 PRUEBAS2 Ejecutando triger PPREFORM en bloque VDUBICAENTRADAS1.PAN ret 0
02 17:19:25:210 PRUEBAS2 Ejecutando triger PPREQUERY en bloque VDUBICAENTRADAS1.PAN ret 0
02 17:19:25:210 PRUEBAS2 llejecutaradfrm - Fin ejecución trigers
02 17:19:25:210 PRUEBAS2 llcargaradfrm - Fin carga pantalla VDUBICAENTRADAS.FRM
02 17:19:25:217 PRUEBAS2 Inicio de pantalla
02 17:19:25:217 PRUEBAS2 PRUEBAS2 V10
02 17:19:25:217 PRUEBAS2 
02 17:19:25:217 PRUEBAS2 UBICACION DE CONTENEDOR
02 17:19:25:217 PRUEBAS2 
02 17:19:25:217 PRUEBAS2  MATRICULA:
02 17:19:25:217 PRUEBAS2 Fin de pantalla
02 17:19:25:939 PRUEBAS2 Recibido ENTER del terminal
02 17:19:25:944 PRUEBAS2 Ejecutando triger PPOSTCHANGE en bloque VDUBICAENTRADAS1.PAN campo CODMAT ret 0
02 17:19:25:947 PRUEBAS2 fejecutaradio - Nivel FORM. Fin cadena de trigers en bloque VDUBICAENTRADAS1.PAN
02 17:19:25:947 PRUEBAS2 Ejecutando triger PPOSTQUERY en bloque VDUBICAENTRADAS1.PAN ret 0
02 17:19:26:060 PRUEBAS2 Buscando trabajos
02 17:19:26:062 PRUEBAS2 llcargaradfrm - Cargando pantalla VDMENUV10
02 17:19:26:062 PRUEBAS2 Empiezo a leer forms vdmenuv10.frm
02 17:19:26:069 PRUEBAS2 Leyendo caracteristicas del bloque 
02 17:19:26:070 PRUEBAS2 Leidas caracteristicas del bloque 
02 17:19:26:072 PRUEBAS2 Termino parse forms vdmenuv10.frm
02 17:19:26:077 PRUEBAS2 llejecutaradfrm - Inicio ejecución trigers
02 17:19:26:079 PRUEBAS2 fposicionabloque - Fin bloque VDMENUV10.PAN
02 17:19:26:080 PRUEBAS2 fejecutaradio - Nivel FORM. Fin cadena de trigers en bloque VDMENUV10.PAN
02 17:19:26:080 PRUEBAS2 Ejecutando triger PPREFORM en bloque VDMENUV10.PAN ret 0
02 17:19:26:082 PRUEBAS2 llejecutaradfrm - Fin ejecución trigers
02 17:19:26:082 PRUEBAS2 llcargaradfrm - Fin carga pantalla VDMENUV10
02 17:19:26:097 PRUEBAS2 Inicio de pantalla
02 17:19:26:097 PRUEBAS2  PRUEBAS2   V10
02 17:19:26:097 PRUEBAS2  MENU DE SUPERVISOR
02 17:19:26:097 PRUEBAS2  0.- BUSCAR TRABAJO
02 17:19:26:097 PRUEBAS2  1.- RECEPCIONAR
02 17:19:26:097 PRUEBAS2  2.- UBICAR
02 17:19:26:097 PRUEBAS2  3.- PICKING
02 17:19:26:097 PRUEBAS2  4.- MONOPEDIDO
02 17:19:26:097 PRUEBAS2  5.- CAMBIA UBICACION
02 17:19:26:097 PRUEBAS2  6.- TRANSFERENCIA
02 17:19:26:097 PRUEBAS2  7.- CONSULTA MATRICULA
02 17:19:26:097 PRUEBAS2  8.- CONSULTA UBICACION
02 17:19:26:097 PRUEBAS2  9.- SALIR
02 17:19:26:099 PRUEBAS2  OPCION 0
02 17:19:26:099 PRUEBAS2 Fin de pantalla
02 17:19:26:467 PRUEBAS2 Recibido ENTER del terminal
02 17:19:26:470 PRUEBAS2 me devuelve campo OPCION valor  3 scaneado 0
02 17:19:26:472 PRUEBAS2 fcargarfrm - Inicio bloque VDPICKUNIVD.FRM recurso PRUEBAS2
02 17:19:26:472 PRUEBAS2 fcargarfrm - Fin bloque VDPICKUNIVD.FRM recurso PRUEBAS2
02 17:19:26:472 PRUEBAS2 fejecutaradio - Nivel FORM. Fin cadena de trigers en bloque VDMENUV10.PAN
02 17:19:26:474 PRUEBAS2 Ejecutando triger PPOSTCHANGE en bloque VDMENUV10.PAN campo OPCION ret 0
02 17:19:26:475 PRUEBAS2 llcargaradfrm - Cargando pantalla VDPICKUNIVD.FRM
02 17:19:26:475 PRUEBAS2 Empiezo a leer forms vdpickunivd.frm
02 17:19:26:479 PRUEBAS2 Leyendo caracteristicas del bloque 
02 17:19:26:480 PRUEBAS2 Leidas caracteristicas del bloque 
02 17:19:26:485 PRUEBAS2 Leyendo caracteristicas del bloque 
02 17:19:26:485 PRUEBAS2 Leidas caracteristicas del bloque 
02 17:19:26:494 PRUEBAS2 Leyendo caracteristicas del bloque 
02 17:19:26:494 PRUEBAS2 Leidas caracteristicas del bloque 
02 17:19:26:499 PRUEBAS2 Leyendo caracteristicas del bloque 
02 17:19:26:499 PRUEBAS2 Leidas caracteristicas del bloque 
02 17:19:26:509 PRUEBAS2 Leyendo caracteristicas del bloque 
02 17:19:26:509 PRUEBAS2 Leidas caracteristicas del bloque 
02 17:19:26:522 PRUEBAS2 Leyendo caracteristicas del bloque 
02 17:19:26:522 PRUEBAS2 Leidas caracteristicas del bloque 
02 17:19:26:532 PRUEBAS2 Leyendo caracteristicas del bloque 
02 17:19:26:532 PRUEBAS2 Leidas caracteristicas del bloque 
02 17:19:26:540 PRUEBAS2 Leyendo caracteristicas del bloque 
02 17:19:26:540 PRUEBAS2 Leidas caracteristicas del bloque 
02 17:19:26:545 PRUEBAS2 Leyendo caracteristicas del bloque 
02 17:19:26:545 PRUEBAS2 Leidas caracteristicas del bloque 
02 17:19:26:552 PRUEBAS2 Leyendo caracteristicas del bloque 
02 17:19:26:552 PRUEBAS2 Leidas caracteristicas del bloque 
02 17:19:26:557 PRUEBAS2 Leyendo caracteristicas del bloque 
02 17:19:26:557 PRUEBAS2 Leidas caracteristicas del bloque 
02 17:19:26:559 PRUEBAS2 Termino parse forms vdpickunivd.frm
02 17:19:26:562 PRUEBAS2 llejecutaradfrm - Inicio ejecución trigers
02 17:19:26:564 PRUEBAS2 Ejecutando triger PPREQUERY en bloque VDPICKUNIVDMAT.PAN ret 0
02 17:19:26:564 PRUEBAS2 llejecutaradfrm - Fin ejecución trigers
02 17:19:26:564 PRUEBAS2 llcargaradfrm - Fin carga pantalla VDPICKUNIVD.FRM
02 17:19:26:575 PRUEBAS2 Inicio de pantalla
02 17:19:26:575 PRUEBAS2 PRUEBAS2   V10
02 17:19:26:575 PRUEBAS2 PICKING DE UNIDADES
02 17:19:26:575 PRUEBAS2 
02 17:19:26:577 PRUEBAS2 LEER MATRICULA
02 17:19:26:577 PRUEBAS2 
02 17:19:26:577 PRUEBAS2 
02 17:19:26:577 PRUEBAS2 Fin de pantalla
02 17:19:27:157 PRUEBAS2 Recibido ENTER del terminal
02 17:19:27:160 PRUEBAS2 Ejecutando triger PPOSTCHANGE en bloque VDPICKUNIVDMAT.PAN campo MATCAJA ret 0
02 17:19:27:162 PRUEBAS2 fcargarfrm - Inicio bloque  recurso PRUEBAS2
02 17:19:27:162 PRUEBAS2 fcargarfrm - Fin bloque  recurso PRUEBAS2
02 17:19:27:162 PRUEBAS2 fejecutaradio - Nivel FORM. Fin cadena de trigers en bloque VDPICKUNIVDMAT.PAN
02 17:19:27:162 PRUEBAS2 Ejecutando triger PPOSTQUERY en bloque VDPICKUNIVDMAT.PAN ret 0
02 17:19:27:172 PRUEBAS2 Buscando trabajos
02 17:19:27:174 PRUEBAS2 llcargaradfrm - Cargando pantalla VDMENUV10
02 17:19:27:174 PRUEBAS2 Empiezo a leer forms vdmenuv10.frm
02 17:19:27:177 PRUEBAS2 Leyendo caracteristicas del bloque 
02 17:19:27:177 PRUEBAS2 Leidas caracteristicas del bloque 
02 17:19:27:180 PRUEBAS2 Termino parse forms vdmenuv10.frm
02 17:19:27:182 PRUEBAS2 llejecutaradfrm - Inicio ejecución trigers
02 17:19:27:182 PRUEBAS2 fposicionabloque - Fin bloque VDMENUV10.PAN
02 17:19:27:182 PRUEBAS2 fejecutaradio - Nivel FORM. Fin cadena de trigers en bloque VDMENUV10.PAN
02 17:19:27:182 PRUEBAS2 Ejecutando triger PPREFORM en bloque VDMENUV10.PAN ret 0
02 17:19:27:184 PRUEBAS2 llejecutaradfrm - Fin ejecución trigers
02 17:19:27:184 PRUEBAS2 llcargaradfrm - Fin carga pantalla VDMENUV10
02 17:19:27:190 PRUEBAS2 Inicio de pantalla
02 17:19:27:190 PRUEBAS2  PRUEBAS2   V10
02 17:19:27:190 PRUEBAS2  MENU DE SUPERVISOR
02 17:19:27:190 PRUEBAS2  0.- BUSCAR TRABAJO
02 17:19:27:190 PRUEBAS2  1.- RECEPCIONAR
02 17:19:27:190 PRUEBAS2  2.- UBICAR
02 17:19:27:190 PRUEBAS2  3.- PICKING
02 17:19:27:190 PRUEBAS2  4.- MONOPEDIDO
02 17:19:27:190 PRUEBAS2  5.- CAMBIA UBICACION
02 17:19:27:192 PRUEBAS2  6.- TRANSFERENCIA
02 17:19:27:192 PRUEBAS2  7.- CONSULTA MATRICULA
02 17:19:27:192 PRUEBAS2  8.- CONSULTA UBICACION
02 17:19:27:192 PRUEBAS2  9.- SALIR
02 17:19:27:192 PRUEBAS2  OPCION 0
02 17:19:27:192 PRUEBAS2 Fin de pantalla
02 17:19:28:157 PRUEBAS2 Recibido ENTER del terminal
02 17:19:28:160 PRUEBAS2 me devuelve campo OPCION valor  4 scaneado 0
02 17:19:28:162 PRUEBAS2 fcargarfrm - Inicio bloque VDPICKUNIPP recurso PRUEBAS2
02 17:19:28:162 PRUEBAS2 fcargarfrm - Fin bloque VDPICKUNIPP recurso PRUEBAS2
02 17:19:28:162 PRUEBAS2 fejecutaradio - Nivel FORM. Fin cadena de trigers en bloque VDMENUV10.PAN
02 17:19:28:162 PRUEBAS2 Ejecutando triger PPOSTCHANGE en bloque VDMENUV10.PAN campo OPCION ret 0
02 17:19:28:165 PRUEBAS2 llcargaradfrm - Cargando pantalla VDPICKUNIPP
02 17:19:28:165 PRUEBAS2 Empiezo a leer forms vdpickunipp.frm
02 17:19:28:170 PRUEBAS2 Leyendo caracteristicas del bloque 
02 17:19:28:170 PRUEBAS2 Leidas caracteristicas del bloque 
02 17:19:28:177 PRUEBAS2 Leyendo caracteristicas del bloque 
02 17:19:28:177 PRUEBAS2 Leidas caracteristicas del bloque 
02 17:19:28:185 PRUEBAS2 Leyendo caracteristicas del bloque 
02 17:19:28:185 PRUEBAS2 Leidas caracteristicas del bloque 
02 17:19:28:192 PRUEBAS2 Leyendo caracteristicas del bloque 
02 17:19:28:192 PRUEBAS2 Leidas caracteristicas del bloque 
02 17:19:28:202 PRUEBAS2 Leyendo caracteristicas del bloque 
02 17:19:28:202 PRUEBAS2 Leidas caracteristicas del bloque 
02 17:19:28:212 PRUEBAS2 Leyendo caracteristicas del bloque 
02 17:19:28:212 PRUEBAS2 Leidas caracteristicas del bloque 
02 17:19:28:225 PRUEBAS2 Leyendo caracteristicas del bloque 
02 17:19:28:225 PRUEBAS2 Leidas caracteristicas del bloque 
02 17:19:28:234 PRUEBAS2 Leyendo caracteristicas del bloque 
02 17:19:28:234 PRUEBAS2 Leidas caracteristicas del bloque 
02 17:19:28:239 PRUEBAS2 Leyendo caracteristicas del bloque 
02 17:19:28:239 PRUEBAS2 Leidas caracteristicas del bloque 
02 17:19:28:242 PRUEBAS2 Leyendo caracteristicas del bloque 
02 17:19:28:242 PRUEBAS2 Leidas caracteristicas del bloque 
02 17:19:28:249 PRUEBAS2 Leyendo caracteristicas del bloque 
02 17:19:28:249 PRUEBAS2 Leidas caracteristicas del bloque 
02 17:19:28:250 PRUEBAS2 Termino parse forms vdpickunipp.frm
02 17:19:28:254 PRUEBAS2 llejecutaradfrm - Inicio ejecución trigers
02 17:19:28:262 PRUEBAS2 Ejecutando triger PPREQUERY en bloque VDPICKUNIPPMAT.PAN ret 0
02 17:19:28:262 PRUEBAS2 llejecutaradfrm - Fin ejecución trigers
02 17:19:28:264 PRUEBAS2 llcargaradfrm - Fin carga pantalla VDPICKUNIPP
02 17:19:28:270 PRUEBAS2 Inicio de pantalla
02 17:19:28:270 PRUEBAS2 PRUEBAS2   V10
02 17:19:28:270 PRUEBAS2 MONOPEDIDO
02 17:19:28:270 PRUEBAS2 
02 17:19:28:270 PRUEBAS2 MAT. EN CURSO:
02 17:19:28:270 PRUEBAS2 
02 17:19:28:270 PRUEBAS2 LEER MATRICULA
02 17:19:28:270 PRUEBAS2 
02 17:19:28:270 PRUEBAS2 
02 17:19:28:270 PRUEBAS2 Fin de pantalla
02 17:19:29:640 PRUEBAS2 Recibido ENTER del terminal
02 17:19:29:644 PRUEBAS2 Ejecutando triger PPOSTCHANGE en bloque VDPICKUNIPPMAT.PAN campo MATCAJA ret 0
02 17:19:29:645 PRUEBAS2 fcargarfrm - Inicio bloque  recurso PRUEBAS2
02 17:19:29:645 PRUEBAS2 fcargarfrm - Fin bloque  recurso PRUEBAS2
02 17:19:29:645 PRUEBAS2 fejecutaradio - Nivel FORM. Fin cadena de trigers en bloque VDPICKUNIPPMAT.PAN
02 17:19:29:645 PRUEBAS2 Ejecutando triger PPOSTQUERY en bloque VDPICKUNIPPMAT.PAN ret 0
02 17:19:29:655 PRUEBAS2 Buscando trabajos
02 17:19:29:655 PRUEBAS2 llcargaradfrm - Cargando pantalla VDMENUV10
02 17:19:29:657 PRUEBAS2 Empiezo a leer forms vdmenuv10.frm
02 17:19:29:660 PRUEBAS2 Leyendo caracteristicas del bloque 
02 17:19:29:660 PRUEBAS2 Leidas caracteristicas del bloque 
02 17:19:29:662 PRUEBAS2 Termino parse forms vdmenuv10.frm
02 17:19:29:665 PRUEBAS2 llejecutaradfrm - Inicio ejecución trigers
02 17:19:29:665 PRUEBAS2 fposicionabloque - Fin bloque VDMENUV10.PAN
02 17:19:29:665 PRUEBAS2 fejecutaradio - Nivel FORM. Fin cadena de trigers en bloque VDMENUV10.PAN
02 17:19:29:665 PRUEBAS2 Ejecutando triger PPREFORM en bloque VDMENUV10.PAN ret 0
02 17:19:29:667 PRUEBAS2 llejecutaradfrm - Fin ejecución trigers
02 17:19:29:667 PRUEBAS2 llcargaradfrm - Fin carga pantalla VDMENUV10
02 17:19:29:674 PRUEBAS2 Inicio de pantalla
02 17:19:29:674 PRUEBAS2  PRUEBAS2   V10
02 17:19:29:674 PRUEBAS2  MENU DE SUPERVISOR
02 17:19:29:674 PRUEBAS2  0.- BUSCAR TRABAJO
02 17:19:29:674 PRUEBAS2  1.- RECEPCIONAR
02 17:19:29:674 PRUEBAS2  2.- UBICAR
02 17:19:29:674 PRUEBAS2  3.- PICKING
02 17:19:29:674 PRUEBAS2  4.- MONOPEDIDO
02 17:19:29:674 PRUEBAS2  5.- CAMBIA UBICACION
02 17:19:29:674 PRUEBAS2  6.- TRANSFERENCIA
02 17:19:29:674 PRUEBAS2  7.- CONSULTA MATRICULA
02 17:19:29:674 PRUEBAS2  8.- CONSULTA UBICACION
02 17:19:29:674 PRUEBAS2  9.- SALIR
02 17:19:29:674 PRUEBAS2  OPCION 0
02 17:19:29:674 PRUEBAS2 Fin de pantalla
02 17:19:31:220 PRUEBAS2 Recibido ENTER del terminal
02 17:19:31:222 PRUEBAS2 me devuelve campo OPCION valor  5 scaneado 0
02 17:19:31:225 PRUEBAS2 fcargarfrm - Inicio bloque VDREUBICACNT.FRM recurso PRUEBAS2
02 17:19:31:225 PRUEBAS2 fcargarfrm - Fin bloque VDREUBICACNT.FRM recurso PRUEBAS2
02 17:19:31:225 PRUEBAS2 fejecutaradio - Nivel FORM. Fin cadena de trigers en bloque VDMENUV10.PAN
02 17:19:31:225 PRUEBAS2 Ejecutando triger PPOSTCHANGE en bloque VDMENUV10.PAN campo OPCION ret 0
02 17:19:31:227 PRUEBAS2 llcargaradfrm - Cargando pantalla VDREUBICACNT.FRM
02 17:19:31:227 PRUEBAS2 Empiezo a leer forms vdreubicacnt.frm
02 17:19:31:232 PRUEBAS2 Leyendo caracteristicas del bloque 
02 17:19:31:232 PRUEBAS2 Leidas caracteristicas del bloque 
02 17:19:31:235 PRUEBAS2 Termino parse forms vdreubicacnt.frm
02 17:19:31:237 PRUEBAS2 llejecutaradfrm - Inicio ejecución trigers
02 17:19:31:239 PRUEBAS2 fposicionabloque - Fin bloque VDREUBICACNT.PAN
02 17:19:31:239 PRUEBAS2 fejecutaradio - Nivel FORM. Fin cadena de trigers en bloque VDREUBICACNT.PAN
02 17:19:31:239 PRUEBAS2 Ejecutando triger PPREFORM en bloque VDREUBICACNT.PAN ret 0
02 17:19:31:242 PRUEBAS2 Ejecutando triger PPREQUERY en bloque VDREUBICACNT.PAN ret 0
02 17:19:31:242 PRUEBAS2 llejecutaradfrm - Fin ejecución trigers
02 17:19:31:242 PRUEBAS2 llcargaradfrm - Fin carga pantalla VDREUBICACNT.FRM
02 17:19:31:247 PRUEBAS2 Inicio de pantalla
02 17:19:31:247 PRUEBAS2 PRUEBAS2   V10
02 17:19:31:249 PRUEBAS2 REUBICACION DE CONTENEDOR
02 17:19:31:249 PRUEBAS2 
02 17:19:31:249 PRUEBAS2  CONTENEDOR:
02 17:19:31:250 PRUEBAS2  A UBICACION:
02 17:19:31:250 PRUEBAS2  CHEQUEAR FLUJO: N
02 17:19:31:250 PRUEBAS2 
02 17:19:31:250 PRUEBAS2 Fin de pantalla
02 17:19:32:065 PRUEBAS2 Recibido ENTER del terminal
02 17:19:32:070 PRUEBAS2 Ejecutando triger PPOSTCHANGE en bloque VDREUBICACNT.PAN campo CODMAT ret 0
02 17:19:32:072 PRUEBAS2 Ejecutando triger PPOSTCHANGE en bloque VDREUBICACNT.PAN campo CODUBIDEST ret 0
02 17:19:32:074 PRUEBAS2 fcargarfrm - Inicio bloque  recurso PRUEBAS2
02 17:19:32:074 PRUEBAS2 fcargarfrm - Fin bloque  recurso PRUEBAS2
02 17:19:32:074 PRUEBAS2 fejecutaradio - Nivel FORM. Fin cadena de trigers en bloque VDREUBICACNT.PAN
02 17:19:32:075 PRUEBAS2 Ejecutando triger PPOSTQUERY en bloque VDREUBICACNT.PAN ret 0
02 17:19:32:077 PRUEBAS2 Buscando trabajos
02 17:19:32:079 PRUEBAS2 llcargaradfrm - Cargando pantalla VDMENUV10
02 17:19:32:079 PRUEBAS2 Empiezo a leer forms vdmenuv10.frm
02 17:19:32:082 PRUEBAS2 Leyendo caracteristicas del bloque 
02 17:19:32:082 PRUEBAS2 Leidas caracteristicas del bloque 
02 17:19:32:084 PRUEBAS2 Termino parse forms vdmenuv10.frm
02 17:19:32:085 PRUEBAS2 llejecutaradfrm - Inicio ejecución trigers
02 17:19:32:087 PRUEBAS2 fposicionabloque - Fin bloque VDMENUV10.PAN
02 17:19:32:087 PRUEBAS2 fejecutaradio - Nivel FORM. Fin cadena de trigers en bloque VDMENUV10.PAN
02 17:19:32:087 PRUEBAS2 Ejecutando triger PPREFORM en bloque VDMENUV10.PAN ret 0
02 17:19:32:089 PRUEBAS2 llejecutaradfrm - Fin ejecución trigers
02 17:19:32:089 PRUEBAS2 llcargaradfrm - Fin carga pantalla VDMENUV10
02 17:19:32:099 PRUEBAS2 Inicio de pantalla
02 17:19:32:099 PRUEBAS2  PRUEBAS2   V10
02 17:19:32:099 PRUEBAS2  MENU DE SUPERVISOR
02 17:19:32:099 PRUEBAS2  0.- BUSCAR TRABAJO
02 17:19:32:099 PRUEBAS2  1.- RECEPCIONAR
02 17:19:32:099 PRUEBAS2  2.- UBICAR
02 17:19:32:099 PRUEBAS2  3.- PICKING
02 17:19:32:099 PRUEBAS2  4.- MONOPEDIDO
02 17:19:32:099 PRUEBAS2  5.- CAMBIA UBICACION
02 17:19:32:099 PRUEBAS2  6.- TRANSFERENCIA
02 17:19:32:099 PRUEBAS2  7.- CONSULTA MATRICULA
02 17:19:32:099 PRUEBAS2  8.- CONSULTA UBICACION
02 17:19:32:099 PRUEBAS2  9.- SALIR
02 17:19:32:099 PRUEBAS2  OPCION 0
02 17:19:32:099 PRUEBAS2 Fin de pantalla
02 17:19:32:615 PRUEBAS2 Recibido ENTER del terminal
02 17:19:32:617 PRUEBAS2 me devuelve campo OPCION valor  6 scaneado 0
02 17:19:32:619 PRUEBAS2 fcargarfrm - Inicio bloque VDMEZCLA.FRM recurso PRUEBAS2
02 17:19:32:619 PRUEBAS2 fcargarfrm - Fin bloque VDMEZCLA.FRM recurso PRUEBAS2
02 17:19:32:620 PRUEBAS2 fejecutaradio - Nivel FORM. Fin cadena de trigers en bloque VDMENUV10.PAN
02 17:19:32:620 PRUEBAS2 Ejecutando triger PPOSTCHANGE en bloque VDMENUV10.PAN campo OPCION ret 0
02 17:19:32:622 PRUEBAS2 llcargaradfrm - Cargando pantalla VDMEZCLA.FRM
02 17:19:32:622 PRUEBAS2 Empiezo a leer forms vdmezcla.frm
02 17:19:32:625 PRUEBAS2 Leyendo caracteristicas del bloque 
02 17:19:32:625 PRUEBAS2 Leidas caracteristicas del bloque 
02 17:19:32:630 PRUEBAS2 Leyendo caracteristicas del bloque 
02 17:19:32:630 PRUEBAS2 Leidas caracteristicas del bloque 
02 17:19:32:635 PRUEBAS2 Termino parse forms vdmezcla.frm
02 17:19:32:637 PRUEBAS2 llejecutaradfrm - Inicio ejecución trigers
02 17:19:32:640 PRUEBAS2 Ejecutando triger PPREQUERY en bloque VDMEZCLA1.PAN ret 0
02 17:19:32:640 PRUEBAS2 llejecutaradfrm - Fin ejecución trigers
02 17:19:32:640 PRUEBAS2 llcargaradfrm - Fin carga pantalla VDMEZCLA.FRM
02 17:19:32:645 PRUEBAS2 Inicio de pantalla
02 17:19:32:645 PRUEBAS2  PRUEBAS2   V10
02 17:19:32:645 PRUEBAS2 MEZCLA DE PALETS
02 17:19:32:645 PRUEBAS2 LEA MATRICULA ORIGEN
02 17:19:32:645 PRUEBAS2 
02 17:19:32:645 PRUEBAS2 Fin de pantalla
02 17:19:33:267 PRUEBAS2 Recibido ENTER del terminal
02 17:19:33:272 PRUEBAS2 fejecutaradio - Nivel FORM. Fin cadena de trigers en bloque VDMEZCLA1.PAN
02 17:19:33:272 PRUEBAS2 Ejecutando triger PPOSTCHANGE en bloque VDMEZCLA1.PAN campo CODMATORI ret 0
02 17:19:33:277 PRUEBAS2 Buscando trabajos
02 17:19:33:277 PRUEBAS2 llcargaradfrm - Cargando pantalla VDMENUV10
02 17:19:33:279 PRUEBAS2 Empiezo a leer forms vdmenuv10.frm
02 17:19:33:282 PRUEBAS2 Leyendo caracteristicas del bloque 
02 17:19:33:282 PRUEBAS2 Leidas caracteristicas del bloque 
02 17:19:33:284 PRUEBAS2 Termino parse forms vdmenuv10.frm
02 17:19:33:287 PRUEBAS2 llejecutaradfrm - Inicio ejecución trigers
02 17:19:33:287 PRUEBAS2 fposicionabloque - Fin bloque VDMENUV10.PAN
02 17:19:33:287 PRUEBAS2 fejecutaradio - Nivel FORM. Fin cadena de trigers en bloque VDMENUV10.PAN
02 17:19:33:287 PRUEBAS2 Ejecutando triger PPREFORM en bloque VDMENUV10.PAN ret 0
02 17:19:33:289 PRUEBAS2 llejecutaradfrm - Fin ejecución trigers
02 17:19:33:289 PRUEBAS2 llcargaradfrm - Fin carga pantalla VDMENUV10
02 17:19:33:297 PRUEBAS2 Inicio de pantalla
02 17:19:33:297 PRUEBAS2  PRUEBAS2   V10
02 17:19:33:297 PRUEBAS2  MENU DE SUPERVISOR
02 17:19:33:297 PRUEBAS2  0.- BUSCAR TRABAJO
02 17:19:33:297 PRUEBAS2  1.- RECEPCIONAR
02 17:19:33:297 PRUEBAS2  2.- UBICAR
02 17:19:33:297 PRUEBAS2  3.- PICKING
02 17:19:33:297 PRUEBAS2  4.- MONOPEDIDO
02 17:19:33:297 PRUEBAS2  5.- CAMBIA UBICACION
02 17:19:33:297 PRUEBAS2  6.- TRANSFERENCIA
02 17:19:33:297 PRUEBAS2  7.- CONSULTA MATRICULA
02 17:19:33:297 PRUEBAS2  8.- CONSULTA UBICACION
02 17:19:33:297 PRUEBAS2  9.- SALIR
02 17:19:33:297 PRUEBAS2  OPCION 0
02 17:19:33:297 PRUEBAS2 Fin de pantalla
02 17:19:34:440 PRUEBAS2 Recibido ENTER del terminal
02 17:19:34:442 PRUEBAS2 me devuelve campo OPCION valor  7 scaneado 0
02 17:19:34:445 PRUEBAS2 fcargarfrm - Inicio bloque VDCONSCNT.FRM recurso PRUEBAS2
02 17:19:34:445 PRUEBAS2 fcargarfrm - Fin bloque VDCONSCNT.FRM recurso PRUEBAS2
02 17:19:34:445 PRUEBAS2 fejecutaradio - Nivel FORM. Fin cadena de trigers en bloque VDMENUV10.PAN
02 17:19:34:445 PRUEBAS2 Ejecutando triger PPOSTCHANGE en bloque VDMENUV10.PAN campo OPCION ret 0
02 17:19:34:447 PRUEBAS2 llcargaradfrm - Cargando pantalla VDCONSCNT.FRM
02 17:19:34:449 PRUEBAS2 Empiezo a leer forms vdconscnt.frm
02 17:19:34:452 PRUEBAS2 Leyendo caracteristicas del bloque 
02 17:19:34:452 PRUEBAS2 Leidas caracteristicas del bloque 
02 17:19:34:457 PRUEBAS2 Leyendo caracteristicas del bloque 
02 17:19:34:457 PRUEBAS2 Leidas caracteristicas del bloque 
02 17:19:34:464 PRUEBAS2 Termino parse forms vdconscnt.frm
02 17:19:34:465 PRUEBAS2 llejecutaradfrm - Inicio ejecución trigers
02 17:19:34:465 PRUEBAS2 fposicionabloque - Fin bloque VDCONSCNT.PAN
02 17:19:34:467 PRUEBAS2 fejecutaradio - Nivel FORM. Fin cadena de trigers en bloque VDCONSCNT.PAN
02 17:19:34:467 PRUEBAS2 Ejecutando triger PPREFORM en bloque VDCONSCNT.PAN ret 0
02 17:19:34:469 PRUEBAS2 Ejecutando triger PPREQUERY en bloque VDCONSCNT.PAN ret 0
02 17:19:34:469 PRUEBAS2 llejecutaradfrm - Fin ejecución trigers
02 17:19:34:469 PRUEBAS2 llcargaradfrm - Fin carga pantalla VDCONSCNT.FRM
02 17:19:34:474 PRUEBAS2 Inicio de pantalla
02 17:19:34:474 PRUEBAS2 PRUEBAS2   V10
02 17:19:34:474 PRUEBAS2 CONSULTA DE CONTENEDOR
02 17:19:34:474 PRUEBAS2 
02 17:19:34:474 PRUEBAS2   MATRICULA
02 17:19:34:474 PRUEBAS2 Fin de pantalla
02 17:19:34:999 PRUEBAS2 Recibido ENTER del terminal
02 17:19:35:002 PRUEBAS2 Ejecutando triger PPOSTCHANGE en bloque VDCONSCNT.PAN campo CODMAT ret 0
02 17:19:35:005 PRUEBAS2 fcargarfrm - Inicio bloque  recurso PRUEBAS2
02 17:19:35:005 PRUEBAS2 fcargarfrm - Fin bloque  recurso PRUEBAS2
02 17:19:35:005 PRUEBAS2 fejecutaradio - Nivel FORM. Fin cadena de trigers en bloque VDCONSCNT.PAN
02 17:19:35:007 PRUEBAS2 fejecutaradio - Nivel FORM. Fin cadena de trigers en bloque VDCONSCNT.PAN
02 17:19:35:007 PRUEBAS2 Ejecutando triger PPOSTQUERY en bloque VDCONSCNT.PAN ret 0
02 17:19:35:012 PRUEBAS2 Buscando trabajos
02 17:19:35:015 PRUEBAS2 llcargaradfrm - Cargando pantalla VDMENUV10
02 17:19:35:015 PRUEBAS2 Empiezo a leer forms vdmenuv10.frm
02 17:19:35:019 PRUEBAS2 Leyendo caracteristicas del bloque 
02 17:19:35:019 PRUEBAS2 Leidas caracteristicas del bloque 
02 17:19:35:020 PRUEBAS2 Termino parse forms vdmenuv10.frm
02 17:19:35:022 PRUEBAS2 llejecutaradfrm - Inicio ejecución trigers
02 17:19:35:024 PRUEBAS2 fposicionabloque - Fin bloque VDMENUV10.PAN
02 17:19:35:024 PRUEBAS2 fejecutaradio - Nivel FORM. Fin cadena de trigers en bloque VDMENUV10.PAN
02 17:19:35:024 PRUEBAS2 Ejecutando triger PPREFORM en bloque VDMENUV10.PAN ret 0
02 17:19:35:025 PRUEBAS2 llejecutaradfrm - Fin ejecución trigers
02 17:19:35:025 PRUEBAS2 llcargaradfrm - Fin carga pantalla VDMENUV10
02 17:19:35:034 PRUEBAS2 Inicio de pantalla
02 17:19:35:034 PRUEBAS2  PRUEBAS2   V10
02 17:19:35:034 PRUEBAS2  MENU DE SUPERVISOR
02 17:19:35:034 PRUEBAS2  0.- BUSCAR TRABAJO
02 17:19:35:034 PRUEBAS2  1.- RECEPCIONAR
02 17:19:35:034 PRUEBAS2  2.- UBICAR
02 17:19:35:034 PRUEBAS2  3.- PICKING
02 17:19:35:034 PRUEBAS2  4.- MONOPEDIDO
02 17:19:35:034 PRUEBAS2  5.- CAMBIA UBICACION
02 17:19:35:034 PRUEBAS2  6.- TRANSFERENCIA
02 17:19:35:034 PRUEBAS2  7.- CONSULTA MATRICULA
02 17:19:35:034 PRUEBAS2  8.- CONSULTA UBICACION
02 17:19:35:034 PRUEBAS2  9.- SALIR
02 17:19:35:034 PRUEBAS2  OPCION 0
02 17:19:35:034 PRUEBAS2 Fin de pantalla
02 17:19:35:674 PRUEBAS2 Recibido ENTER del terminal
02 17:19:35:677 PRUEBAS2 me devuelve campo OPCION valor  8 scaneado 0
02 17:19:35:677 PRUEBAS2 fcargarfrm - Inicio bloque VDCONSUBI.FRM recurso PRUEBAS2
02 17:19:35:679 PRUEBAS2 fcargarfrm - Fin bloque VDCONSUBI.FRM recurso PRUEBAS2
02 17:19:35:679 PRUEBAS2 fejecutaradio - Nivel FORM. Fin cadena de trigers en bloque VDMENUV10.PAN
02 17:19:35:680 PRUEBAS2 Ejecutando triger PPOSTCHANGE en bloque VDMENUV10.PAN campo OPCION ret 0
02 17:19:35:682 PRUEBAS2 llcargaradfrm - Cargando pantalla VDCONSUBI.FRM
02 17:19:35:682 PRUEBAS2 Empiezo a leer forms vdconsubi.frm
02 17:19:35:685 PRUEBAS2 Leyendo caracteristicas del bloque 
02 17:19:35:685 PRUEBAS2 Leidas caracteristicas del bloque 
02 17:19:35:692 PRUEBAS2 Leyendo caracteristicas del bloque 
02 17:19:35:692 PRUEBAS2 Leidas caracteristicas del bloque 
02 17:19:35:697 PRUEBAS2 Leyendo caracteristicas del bloque 
02 17:19:35:697 PRUEBAS2 Leidas caracteristicas del bloque 
02 17:19:35:704 PRUEBAS2 Termino parse forms vdconsubi.frm
02 17:19:35:705 PRUEBAS2 llejecutaradfrm - Inicio ejecución trigers
02 17:19:35:707 PRUEBAS2 fposicionabloque - Fin bloque VDCONSUBI.PAN
02 17:19:35:707 PRUEBAS2 fejecutaradio - Nivel FORM. Fin cadena de trigers en bloque VDCONSUBI.PAN
02 17:19:35:707 PRUEBAS2 Ejecutando triger PPREFORM en bloque VDCONSUBI.PAN ret 0
02 17:19:35:709 PRUEBAS2 Ejecutando triger PPREQUERY en bloque VDCONSUBI.PAN ret 0
02 17:19:35:709 PRUEBAS2 llejecutaradfrm - Fin ejecución trigers
02 17:19:35:709 PRUEBAS2 llcargaradfrm - Fin carga pantalla VDCONSUBI.FRM
02 17:19:35:712 PRUEBAS2 Inicio de pantalla
02 17:19:35:712 PRUEBAS2 PRUEBAS2   V10
02 17:19:35:712 PRUEBAS2 CONSULTA DE UBICACION
02 17:19:35:712 PRUEBAS2 
02 17:19:35:712 PRUEBAS2 
02 17:19:35:712 PRUEBAS2 
02 17:19:35:712 PRUEBAS2   UBICACION
02 17:19:35:712 PRUEBAS2 
02 17:19:35:712 PRUEBAS2 
02 17:19:35:712 PRUEBAS2 
02 17:19:35:712 PRUEBAS2 
02 17:19:35:712 PRUEBAS2 Fin de pantalla
02 17:19:36:327 PRUEBAS2 Recibido ENTER del terminal
02 17:19:36:330 PRUEBAS2 Ejecutando triger PPOSTCHANGE en bloque VDCONSUBI.PAN campo CODUBI ret 0
02 17:19:36:332 PRUEBAS2 fcargarfrm - Inicio bloque  recurso PRUEBAS2
02 17:19:36:332 PRUEBAS2 fcargarfrm - Fin bloque  recurso PRUEBAS2
02 17:19:36:332 PRUEBAS2 fejecutaradio - Nivel FORM. Fin cadena de trigers en bloque VDCONSUBI.PAN
02 17:19:36:332 PRUEBAS2 Ejecutando triger PPOSTQUERY en bloque VDCONSUBI.PAN ret 0
02 17:19:36:337 PRUEBAS2 Buscando trabajos
02 17:19:36:339 PRUEBAS2 llcargaradfrm - Cargando pantalla VDMENUV10
02 17:19:36:340 PRUEBAS2 Empiezo a leer forms vdmenuv10.frm
02 17:19:36:344 PRUEBAS2 Leyendo caracteristicas del bloque 
02 17:19:36:344 PRUEBAS2 Leidas caracteristicas del bloque 
02 17:19:36:345 PRUEBAS2 Termino parse forms vdmenuv10.frm
02 17:19:36:347 PRUEBAS2 llejecutaradfrm - Inicio ejecución trigers
02 17:19:36:347 PRUEBAS2 fposicionabloque - Fin bloque VDMENUV10.PAN
02 17:19:36:349 PRUEBAS2 fejecutaradio - Nivel FORM. Fin cadena de trigers en bloque VDMENUV10.PAN
02 17:19:36:349 PRUEBAS2 Ejecutando triger PPREFORM en bloque VDMENUV10.PAN ret 0
02 17:19:36:350 PRUEBAS2 llejecutaradfrm - Fin ejecución trigers
02 17:19:36:350 PRUEBAS2 llcargaradfrm - Fin carga pantalla VDMENUV10
02 17:19:36:360 PRUEBAS2 Inicio de pantalla
02 17:19:36:360 PRUEBAS2  PRUEBAS2   V10
02 17:19:36:362 PRUEBAS2  MENU DE SUPERVISOR
02 17:19:36:362 PRUEBAS2  0.- BUSCAR TRABAJO
02 17:19:36:362 PRUEBAS2  1.- RECEPCIONAR
02 17:19:36:362 PRUEBAS2  2.- UBICAR
02 17:19:36:362 PRUEBAS2  3.- PICKING
02 17:19:36:362 PRUEBAS2  4.- MONOPEDIDO
02 17:19:36:362 PRUEBAS2  5.- CAMBIA UBICACION
02 17:19:36:362 PRUEBAS2  6.- TRANSFERENCIA
02 17:19:36:362 PRUEBAS2  7.- CONSULTA MATRICULA
02 17:19:36:362 PRUEBAS2  8.- CONSULTA UBICACION
02 17:19:36:362 PRUEBAS2  9.- SALIR
02 17:19:36:362 PRUEBAS2  OPCION 0
02 17:19:36:362 PRUEBAS2 Fin de pantalla

00 17:19:42:394 Fichero de log cerrado.

00 17:23:25:939 Fichero de log abierto PID 6512

02 17:23:25:939 Intentando abrir fichero v10.ini
02 17:23:25:942 Cargando driver v10oracle funcion damedriveroracle
02 17:23:26:012 Conectado a base de datos
02 17:23:26:022 PLSQL: INICIALIZADO PAQUETE DE LOG EL DIA 30-04-2020
00 17:23:26:030 Error al abrir fichero VDST.H
02 17:23:27:857 Recibida conexion de direccion 127.000.000.001 puerto 23
02 17:23:27:859 PRUEBAS2 asociado a conexion 0
02 17:23:27:887 PRUEBAS2 llcargaradfrm - Cargando pantalla VDRUSER
02 17:23:27:892 PRUEBAS2 Leyendo caracteristicas del bloque 
02 17:23:27:892 PRUEBAS2 Leidas caracteristicas del bloque 
02 17:23:27:900 PRUEBAS2 llejecutaradfrm - Inicio ejecución trigers
02 17:23:27:902 PRUEBAS2 Inicio de pantalla
02 17:23:27:902 PRUEBAS2 PRUEBAS2
02 17:23:27:902 PRUEBAS2 
02 17:23:27:902 PRUEBAS2   /*IDENTIFIQUESE*/
02 17:23:27:902 PRUEBAS2 
02 17:23:27:902 PRUEBAS2       IDENTIFICACION
02 17:23:27:902 PRUEBAS2 
02 17:23:27:902 PRUEBAS2     USUARIO:
02 17:23:27:902 PRUEBAS2     PASSWORD:
02 17:23:27:902 PRUEBAS2 
02 17:23:27:902 PRUEBAS2 
02 17:23:27:902 PRUEBAS2 
02 17:23:27:902 PRUEBAS2 Fin de pantalla
02 17:23:27:902 PRUEBAS2 llejecutaradfrm - Fin ejecución trigers
02 17:23:27:902 PRUEBAS2 llcargaradfrm - Fin carga pantalla VDRUSER
02 17:23:29:500 PRUEBAS2 Recibido ENTER del terminal
02 17:23:29:504 PRUEBAS2 me devuelve campo CODOPE valor V10 scaneado 0
02 17:23:29:519 PRUEBAS2 Ejecutando triger PPOSTUPDATE en bloque vdruser.pan ret 0
02 17:23:29:532 PRUEBAS2 llcargaradfrm - Cargando pantalla VDMENUV10
02 17:23:29:532 PRUEBAS2 Empiezo a leer forms vdmenuv10.frm
02 17:23:29:535 PRUEBAS2 Leyendo caracteristicas del bloque 
02 17:23:29:535 PRUEBAS2 Leidas caracteristicas del bloque 
02 17:23:29:539 PRUEBAS2 Termino parse forms vdmenuv10.frm
02 17:23:29:540 PRUEBAS2 llejecutaradfrm - Inicio ejecución trigers
02 17:23:29:542 PRUEBAS2 llejecutaradfrm - Fin ejecución trigers
02 17:23:29:542 PRUEBAS2 llcargaradfrm - Fin carga pantalla VDMENUV10
02 17:23:29:542 PRUEBAS2 Inicio de pantalla
02 17:23:29:542 PRUEBAS2  PRUEBAS2   V10
02 17:23:29:542 PRUEBAS2  MENU DE SUPERVISOR
02 17:23:29:542 PRUEBAS2  0.- BUSCAR TRABAJO
02 17:23:29:542 PRUEBAS2  1.- RECEPCIONAR
02 17:23:29:542 PRUEBAS2  2.- UBICAR
02 17:23:29:542 PRUEBAS2  3.- PICKING
02 17:23:29:542 PRUEBAS2  4.- MONOPEDIDO
02 17:23:29:542 PRUEBAS2  5.- CAMBIA UBICACION
02 17:23:29:542 PRUEBAS2  6.- TRANSFERENCIA
02 17:23:29:542 PRUEBAS2  7.- CONSULTA MATRICULA
02 17:23:29:542 PRUEBAS2  8.- CONSULTA UBICACION
02 17:23:29:542 PRUEBAS2  9.- SALIR
02 17:23:29:542 PRUEBAS2  OPCION 0
02 17:23:29:542 PRUEBAS2 Fin de pantalla
02 17:23:31:452 PRUEBAS2 Recibido ENTER del terminal
02 17:23:31:470 PRUEBAS2 Ejecutando triger PPOSTCHANGE en bloque VDMENUV10.PAN campo OPCION ret 0
02 17:23:31:470 PRUEBAS2 flimpiabloque - Inicio bloque 
02 17:23:31:470 PRUEBAS2 flimpiabloque - Fin bloque 
02 17:23:31:472 PRUEBAS2 Ejecutando triger PPOSTQUERY en bloque VDMENUV10.PAN ret 0
02 17:23:36:532 PRUEBAS2 llcargaradfrm - Cargando pantalla BULBCE
02 17:23:36:532 PRUEBAS2 Empiezo a leer forms bulbce.frm
02 17:23:36:537 PRUEBAS2 Leyendo caracteristicas del bloque 
02 17:23:36:537 PRUEBAS2 Leidas caracteristicas del bloque 
02 17:23:36:557 PRUEBAS2 Leyendo caracteristicas del bloque 
02 17:23:36:557 PRUEBAS2 Leidas caracteristicas del bloque 
02 17:23:36:577 PRUEBAS2 Leyendo caracteristicas del bloque 
02 17:23:36:577 PRUEBAS2 Leidas caracteristicas del bloque 
02 17:23:36:587 PRUEBAS2 Leyendo caracteristicas del bloque 
02 17:23:36:587 PRUEBAS2 Leidas caracteristicas del bloque 
02 17:23:36:600 PRUEBAS2 Leyendo caracteristicas del bloque 
02 17:23:36:600 PRUEBAS2 Leidas caracteristicas del bloque 
02 17:23:36:612 PRUEBAS2 Leyendo caracteristicas del bloque 
02 17:23:36:612 PRUEBAS2 Leidas caracteristicas del bloque 
02 17:23:36:617 PRUEBAS2 Leyendo caracteristicas del bloque 
02 17:23:36:617 PRUEBAS2 Leidas caracteristicas del bloque 
02 17:23:36:622 PRUEBAS2 Leyendo caracteristicas del bloque 
02 17:23:36:622 PRUEBAS2 Leidas caracteristicas del bloque 
02 17:23:36:627 PRUEBAS2 Leyendo caracteristicas del bloque 
02 17:23:36:627 PRUEBAS2 Leidas caracteristicas del bloque 
02 17:23:36:627 PRUEBAS2 Termino parse forms bulbce.frm
02 17:23:36:630 PRUEBAS2 llejecutaradfrm - Inicio ejecución trigers
PRUEBAS2 02 17:23:36:637 PLSQL: CONGELA :  CONGELANDO MOVIMIENTO 16611
PRUEBAS2 02 17:23:36:638 PLSQL: BULBCE1 :  CCONGELAMOVS: CONGELADO MOVTO 16611
02 17:23:36:645 PRUEBAS2 Ejecutando triger PPREQUERY en bloque BULBCE1.PAN ret 0
02 17:23:36:645 PRUEBAS2 llejecutaradfrm - Fin ejecución trigers
02 17:23:36:645 PRUEBAS2 llcargaradfrm - Fin carga pantalla BULBCE
02 17:23:36:645 PRUEBAS2 Inicio de pantalla
02 17:23:36:645 PRUEBAS2 PRUEBAS2   V10
02 17:23:36:645 PRUEBAS2 CAJA COMPLETA
02 17:23:36:645 PRUEBAS2 
02 17:23:36:645 PRUEBAS2 ARTICULO: BEL72208B43S3
02 17:23:36:645 PRUEBAS2 
02 17:23:36:645 PRUEBAS2 UBI: N-001-0021-00
02 17:23:36:645 PRUEBAS2 
02 17:23:36:645 PRUEBAS2 
02 17:23:36:645 PRUEBAS2 Fin de pantalla
02 17:23:38:797 PRUEBAS2 Recibido ENTER del terminal
02 17:23:38:800 PRUEBAS2 Ejecutando triger PPOSTCHANGE en bloque BULBCE1.PAN campo CODUBIR ret 0
02 17:23:38:802 PRUEBAS2 fcargarfrm - Inicio bloque  recurso PRUEBAS2
02 17:23:38:802 PRUEBAS2 fcargarfrm - Fin bloque  recurso PRUEBAS2
02 17:23:38:802 PRUEBAS2 fejecutaradio - Nivel FORM. Fin cadena de trigers en bloque BULBCE1.PAN
02 17:23:38:802 PRUEBAS2 fejecutaradio - Nivel FORM. Fin cadena de trigers en bloque BULBCE1.PAN
02 17:23:38:802 PRUEBAS2 Ejecutando triger PPOSTQUERY en bloque BULBCE1.PAN ret 0
02 17:23:38:810 PRUEBAS2 Buscando trabajos
02 17:23:38:812 PRUEBAS2 llcargaradfrm - Cargando pantalla VDMENUV10
02 17:23:38:812 PRUEBAS2 Empiezo a leer forms vdmenuv10.frm
02 17:23:38:815 PRUEBAS2 Leyendo caracteristicas del bloque 
02 17:23:38:815 PRUEBAS2 Leidas caracteristicas del bloque 
02 17:23:38:819 PRUEBAS2 Termino parse forms vdmenuv10.frm
02 17:23:38:822 PRUEBAS2 llejecutaradfrm - Inicio ejecución trigers
02 17:23:38:822 PRUEBAS2 fposicionabloque - Fin bloque VDMENUV10.PAN
02 17:23:38:822 PRUEBAS2 fejecutaradio - Nivel FORM. Fin cadena de trigers en bloque VDMENUV10.PAN
02 17:23:38:822 PRUEBAS2 Ejecutando triger PPREFORM en bloque VDMENUV10.PAN ret 0
02 17:23:38:824 PRUEBAS2 llejecutaradfrm - Fin ejecución trigers
02 17:23:38:825 PRUEBAS2 llcargaradfrm - Fin carga pantalla VDMENUV10
02 17:23:38:832 PRUEBAS2 Inicio de pantalla
02 17:23:38:832 PRUEBAS2  PRUEBAS2   V10
02 17:23:38:832 PRUEBAS2  MENU DE SUPERVISOR
02 17:23:38:832 PRUEBAS2  0.- BUSCAR TRABAJO
02 17:23:38:832 PRUEBAS2  1.- RECEPCIONAR
02 17:23:38:832 PRUEBAS2  2.- UBICAR
02 17:23:38:832 PRUEBAS2  3.- PICKING
02 17:23:38:832 PRUEBAS2  4.- MONOPEDIDO
02 17:23:38:832 PRUEBAS2  5.- CAMBIA UBICACION
02 17:23:38:832 PRUEBAS2  6.- TRANSFERENCIA
02 17:23:38:832 PRUEBAS2  7.- CONSULTA MATRICULA
02 17:23:38:832 PRUEBAS2  8.- CONSULTA UBICACION
02 17:23:38:832 PRUEBAS2  9.- SALIR
02 17:23:38:832 PRUEBAS2  OPCION 0
02 17:23:38:832 PRUEBAS2 Fin de pantalla
02 17:23:42:079 PRUEBAS2 Recibido ENTER del terminal
02 17:23:42:080 PRUEBAS2 me devuelve campo OPCION valor  5 scaneado 0
02 17:23:42:082 PRUEBAS2 fcargarfrm - Inicio bloque VDREUBICACNT.FRM recurso PRUEBAS2
02 17:23:42:082 PRUEBAS2 fcargarfrm - Fin bloque VDREUBICACNT.FRM recurso PRUEBAS2
02 17:23:42:084 PRUEBAS2 fejecutaradio - Nivel FORM. Fin cadena de trigers en bloque VDMENUV10.PAN
02 17:23:42:084 PRUEBAS2 Ejecutando triger PPOSTCHANGE en bloque VDMENUV10.PAN campo OPCION ret 0
02 17:23:42:085 PRUEBAS2 llcargaradfrm - Cargando pantalla VDREUBICACNT.FRM
02 17:23:42:085 PRUEBAS2 Empiezo a leer forms vdreubicacnt.frm
02 17:23:42:089 PRUEBAS2 Leyendo caracteristicas del bloque 
02 17:23:42:089 PRUEBAS2 Leidas caracteristicas del bloque 
02 17:23:42:095 PRUEBAS2 Termino parse forms vdreubicacnt.frm
02 17:23:42:097 PRUEBAS2 llejecutaradfrm - Inicio ejecución trigers
02 17:23:42:097 PRUEBAS2 fposicionabloque - Fin bloque VDREUBICACNT.PAN
02 17:23:42:097 PRUEBAS2 fejecutaradio - Nivel FORM. Fin cadena de trigers en bloque VDREUBICACNT.PAN
02 17:23:42:097 PRUEBAS2 Ejecutando triger PPREFORM en bloque VDREUBICACNT.PAN ret 0
02 17:23:42:100 PRUEBAS2 Ejecutando triger PPREQUERY en bloque VDREUBICACNT.PAN ret 0
02 17:23:42:102 PRUEBAS2 llejecutaradfrm - Fin ejecución trigers
02 17:23:42:102 PRUEBAS2 llcargaradfrm - Fin carga pantalla VDREUBICACNT.FRM
02 17:23:42:110 PRUEBAS2 Inicio de pantalla
02 17:23:42:110 PRUEBAS2 PRUEBAS2   V10
02 17:23:42:110 PRUEBAS2 REUBICACION DE CONTENEDOR
02 17:23:42:110 PRUEBAS2 
02 17:23:42:110 PRUEBAS2  CONTENEDOR:
02 17:23:42:110 PRUEBAS2  A UBICACION:
02 17:23:42:110 PRUEBAS2  CHEQUEAR FLUJO: N
02 17:23:42:112 PRUEBAS2 
02 17:23:42:112 PRUEBAS2 Fin de pantalla
02 17:23:44:400 PRUEBAS2 Ejecutando triger PPOSTCHANGE en bloque VDREUBICACNT.PAN campo CODMAT ret 0
02 17:23:44:615 PRUEBAS2 Ejecutando triger PPOSTCHANGE en bloque VDREUBICACNT.PAN campo CODUBIDEST ret 0
02 17:23:44:617 PRUEBAS2 Ejecutando triger PPOSTCHANGE en bloque VDREUBICACNT.PAN campo CODMAT ret 0
02 17:23:44:932 PRUEBAS2 Ejecutando triger PPOSTCHANGE en bloque VDREUBICACNT.PAN campo CODUBIDEST ret 0
02 17:23:44:935 PRUEBAS2 Ejecutando triger PPOSTCHANGE en bloque VDREUBICACNT.PAN campo CODMAT ret 0
02 17:23:45:347 PRUEBAS2 Ejecutando triger PPOSTCHANGE en bloque VDREUBICACNT.PAN campo CODUBIDEST ret 0
02 17:23:45:349 PRUEBAS2 Ejecutando triger PPOSTCHANGE en bloque VDREUBICACNT.PAN campo CODMAT ret 0
02 17:23:46:145 PRUEBAS2 Ejecutando triger PPOSTCHANGE en bloque VDREUBICACNT.PAN campo CODUBIDEST ret 0
02 17:23:46:147 PRUEBAS2 Ejecutando triger PPOSTCHANGE en bloque VDREUBICACNT.PAN campo CODMAT ret 0
02 17:23:46:557 PRUEBAS2 Ejecutando triger PPOSTCHANGE en bloque VDREUBICACNT.PAN campo CODUBIDEST ret 0
02 17:23:46:560 PRUEBAS2 Ejecutando triger PPOSTCHANGE en bloque VDREUBICACNT.PAN campo CODMAT ret 0
02 17:23:46:975 PRUEBAS2 Ejecutando triger PPOSTCHANGE en bloque VDREUBICACNT.PAN campo CODUBIDEST ret 0
02 17:23:46:977 PRUEBAS2 Ejecutando triger PPOSTCHANGE en bloque VDREUBICACNT.PAN campo CODMAT ret 0
02 17:23:47:440 PRUEBAS2 Ejecutando triger PPOSTCHANGE en bloque VDREUBICACNT.PAN campo CODUBIDEST ret 0
02 17:23:47:442 PRUEBAS2 Ejecutando triger PPOSTCHANGE en bloque VDREUBICACNT.PAN campo CODMAT ret 0
02 17:23:47:662 PRUEBAS2 Ejecutando triger PPOSTCHANGE en bloque VDREUBICACNT.PAN campo CODUBIDEST ret 0
02 17:23:47:664 PRUEBAS2 Ejecutando triger PPOSTCHANGE en bloque VDREUBICACNT.PAN campo CODMAT ret 0
02 17:23:47:835 PRUEBAS2 Ejecutando triger PPOSTCHANGE en bloque VDREUBICACNT.PAN campo CODUBIDEST ret 0
02 17:23:47:837 PRUEBAS2 Ejecutando triger PPOSTCHANGE en bloque VDREUBICACNT.PAN campo CODMAT ret 0
02 17:23:48:130 PRUEBAS2 Ejecutando triger PPOSTCHANGE en bloque VDREUBICACNT.PAN campo CODUBIDEST ret 0
02 17:23:48:130 PRUEBAS2 Ejecutando triger PPOSTCHANGE en bloque VDREUBICACNT.PAN campo CODMAT ret 0
02 17:23:48:309 PRUEBAS2 Ejecutando triger PPOSTCHANGE en bloque VDREUBICACNT.PAN campo CODUBIDEST ret 0
02 17:23:48:312 PRUEBAS2 Ejecutando triger PPOSTCHANGE en bloque VDREUBICACNT.PAN campo CODMAT ret 0
02 17:23:48:460 PRUEBAS2 Ejecutando triger PPOSTCHANGE en bloque VDREUBICACNT.PAN campo CODUBIDEST ret 0
02 17:23:48:462 PRUEBAS2 Ejecutando triger PPOSTCHANGE en bloque VDREUBICACNT.PAN campo CODMAT ret 0
02 17:23:48:952 PRUEBAS2 Recibido ENTER del terminal
02 17:23:48:957 PRUEBAS2 Ejecutando triger PPOSTCHANGE en bloque VDREUBICACNT.PAN campo CODMAT ret 0
02 17:23:48:959 PRUEBAS2 Ejecutando triger PPOSTCHANGE en bloque VDREUBICACNT.PAN campo CODUBIDEST ret 0
02 17:23:48:960 PRUEBAS2 fcargarfrm - Inicio bloque  recurso PRUEBAS2
02 17:23:48:960 PRUEBAS2 fcargarfrm - Fin bloque  recurso PRUEBAS2
02 17:23:48:960 PRUEBAS2 fejecutaradio - Nivel FORM. Fin cadena de trigers en bloque VDREUBICACNT.PAN
02 17:23:48:960 PRUEBAS2 Ejecutando triger PPOSTQUERY en bloque VDREUBICACNT.PAN ret 0
02 17:23:48:965 PRUEBAS2 Buscando trabajos
02 17:23:48:965 PRUEBAS2 llcargaradfrm - Cargando pantalla VDMENUV10
02 17:23:48:967 PRUEBAS2 Empiezo a leer forms vdmenuv10.frm
02 17:23:48:970 PRUEBAS2 Leyendo caracteristicas del bloque 
02 17:23:48:970 PRUEBAS2 Leidas caracteristicas del bloque 
02 17:23:48:972 PRUEBAS2 Termino parse forms vdmenuv10.frm
02 17:23:48:975 PRUEBAS2 llejecutaradfrm - Inicio ejecución trigers
02 17:23:48:977 PRUEBAS2 fposicionabloque - Fin bloque VDMENUV10.PAN
02 17:23:48:977 PRUEBAS2 fejecutaradio - Nivel FORM. Fin cadena de trigers en bloque VDMENUV10.PAN
02 17:23:48:977 PRUEBAS2 Ejecutando triger PPREFORM en bloque VDMENUV10.PAN ret 0
02 17:23:48:977 PRUEBAS2 llejecutaradfrm - Fin ejecución trigers
02 17:23:48:977 PRUEBAS2 llcargaradfrm - Fin carga pantalla VDMENUV10
02 17:23:49:000 PRUEBAS2 Inicio de pantalla
02 17:23:49:000 PRUEBAS2  PRUEBAS2   V10
02 17:23:49:000 PRUEBAS2  MENU DE SUPERVISOR
02 17:23:49:000 PRUEBAS2  0.- BUSCAR TRABAJO
02 17:23:49:000 PRUEBAS2  1.- RECEPCIONAR
02 17:23:49:000 PRUEBAS2  2.- UBICAR
02 17:23:49:000 PRUEBAS2  3.- PICKING
02 17:23:49:002 PRUEBAS2  4.- MONOPEDIDO
02 17:23:49:002 PRUEBAS2  5.- CAMBIA UBICACION
02 17:23:49:002 PRUEBAS2  6.- TRANSFERENCIA
02 17:23:49:002 PRUEBAS2  7.- CONSULTA MATRICULA
02 17:23:49:002 PRUEBAS2  8.- CONSULTA UBICACION
02 17:23:49:002 PRUEBAS2  9.- SALIR
02 17:23:49:002 PRUEBAS2  OPCION 0
02 17:23:49:002 PRUEBAS2 Fin de pantalla
02 17:23:52:452 PRUEBAS2 Recibido ENTER del terminal
02 17:23:52:455 PRUEBAS2 me devuelve campo OPCION valor  6 scaneado 0
02 17:23:52:457 PRUEBAS2 fcargarfrm - Inicio bloque VDMEZCLA.FRM recurso PRUEBAS2
02 17:23:52:457 PRUEBAS2 fcargarfrm - Fin bloque VDMEZCLA.FRM recurso PRUEBAS2
02 17:23:52:457 PRUEBAS2 fejecutaradio - Nivel FORM. Fin cadena de trigers en bloque VDMENUV10.PAN
02 17:23:52:457 PRUEBAS2 Ejecutando triger PPOSTCHANGE en bloque VDMENUV10.PAN campo OPCION ret 0
02 17:23:52:460 PRUEBAS2 llcargaradfrm - Cargando pantalla VDMEZCLA.FRM
02 17:23:52:460 PRUEBAS2 Empiezo a leer forms vdmezcla.frm
02 17:23:52:464 PRUEBAS2 Leyendo caracteristicas del bloque 
02 17:23:52:464 PRUEBAS2 Leidas caracteristicas del bloque 
02 17:23:52:470 PRUEBAS2 Leyendo caracteristicas del bloque 
02 17:23:52:470 PRUEBAS2 Leidas caracteristicas del bloque 
02 17:23:52:475 PRUEBAS2 Termino parse forms vdmezcla.frm
02 17:23:52:477 PRUEBAS2 llejecutaradfrm - Inicio ejecución trigers
02 17:23:52:479 PRUEBAS2 Ejecutando triger PPREQUERY en bloque VDMEZCLA1.PAN ret 0
02 17:23:52:480 PRUEBAS2 llejecutaradfrm - Fin ejecución trigers
02 17:23:52:480 PRUEBAS2 llcargaradfrm - Fin carga pantalla VDMEZCLA.FRM
02 17:23:52:500 PRUEBAS2 Inicio de pantalla
02 17:23:52:500 PRUEBAS2  PRUEBAS2   V10
02 17:23:52:500 PRUEBAS2 MEZCLA DE PALETS
02 17:23:52:500 PRUEBAS2 LEA MATRICULA ORIGEN
02 17:23:52:500 PRUEBAS2 
02 17:23:52:500 PRUEBAS2 Fin de pantalla
02 17:23:53:317 PRUEBAS2 Recibido ENTER del terminal
02 17:23:53:322 PRUEBAS2 fejecutaradio - Nivel FORM. Fin cadena de trigers en bloque VDMEZCLA1.PAN
02 17:23:53:322 PRUEBAS2 Ejecutando triger PPOSTCHANGE en bloque VDMEZCLA1.PAN campo CODMATORI ret 0
02 17:23:53:329 PRUEBAS2 Buscando trabajos
02 17:23:53:330 PRUEBAS2 llcargaradfrm - Cargando pantalla VDMENUV10
02 17:23:53:330 PRUEBAS2 Empiezo a leer forms vdmenuv10.frm
02 17:23:53:335 PRUEBAS2 Leyendo caracteristicas del bloque 
02 17:23:53:335 PRUEBAS2 Leidas caracteristicas del bloque 
02 17:23:53:337 PRUEBAS2 Termino parse forms vdmenuv10.frm
02 17:23:53:339 PRUEBAS2 llejecutaradfrm - Inicio ejecución trigers
02 17:23:53:340 PRUEBAS2 fposicionabloque - Fin bloque VDMENUV10.PAN
02 17:23:53:340 PRUEBAS2 fejecutaradio - Nivel FORM. Fin cadena de trigers en bloque VDMENUV10.PAN
02 17:23:53:340 PRUEBAS2 Ejecutando triger PPREFORM en bloque VDMENUV10.PAN ret 0
02 17:23:53:342 PRUEBAS2 llejecutaradfrm - Fin ejecución trigers
02 17:23:53:342 PRUEBAS2 llcargaradfrm - Fin carga pantalla VDMENUV10
02 17:23:53:349 PRUEBAS2 Inicio de pantalla
02 17:23:53:349 PRUEBAS2  PRUEBAS2   V10
02 17:23:53:350 PRUEBAS2  MENU DE SUPERVISOR
02 17:23:53:350 PRUEBAS2  0.- BUSCAR TRABAJO
02 17:23:53:350 PRUEBAS2  1.- RECEPCIONAR
02 17:23:53:350 PRUEBAS2  2.- UBICAR
02 17:23:53:350 PRUEBAS2  3.- PICKING
02 17:23:53:350 PRUEBAS2  4.- MONOPEDIDO
02 17:23:53:350 PRUEBAS2  5.- CAMBIA UBICACION
02 17:23:53:350 PRUEBAS2  6.- TRANSFERENCIA
02 17:23:53:350 PRUEBAS2  7.- CONSULTA MATRICULA
02 17:23:53:350 PRUEBAS2  8.- CONSULTA UBICACION
02 17:23:53:350 PRUEBAS2  9.- SALIR
02 17:23:53:350 PRUEBAS2  OPCION 0
02 17:23:53:350 PRUEBAS2 Fin de pantalla
02 17:23:55:625 PRUEBAS2 Recibido esc
02 17:23:55:644 PRUEBAS2 llcargaradfrm - Cargando pantalla VDRUSER
02 17:23:55:657 PRUEBAS2 Leyendo caracteristicas del bloque 
02 17:23:55:657 PRUEBAS2 Leidas caracteristicas del bloque 
02 17:23:55:662 PRUEBAS2 llejecutaradfrm - Inicio ejecución trigers
02 17:23:55:665 PRUEBAS2 llejecutaradfrm - Fin ejecución trigers
02 17:23:55:665 PRUEBAS2 llcargaradfrm - Fin carga pantalla VDRUSER
02 17:23:55:665 PRUEBAS2 Inicio de pantalla
02 17:23:55:665 PRUEBAS2 PRUEBAS2
02 17:23:55:665 PRUEBAS2 
02 17:23:55:665 PRUEBAS2   /*IDENTIFIQUESE*/
02 17:23:55:665 PRUEBAS2 
02 17:23:55:665 PRUEBAS2       IDENTIFICACION
02 17:23:55:665 PRUEBAS2 
02 17:23:55:665 PRUEBAS2     USUARIO:
02 17:23:55:665 PRUEBAS2     PASSWORD:
02 17:23:55:665 PRUEBAS2 
02 17:23:55:665 PRUEBAS2 
02 17:23:55:665 PRUEBAS2 
02 17:23:55:665 PRUEBAS2 Fin de pantalla
02 17:23:57:435 PRUEBAS2 Conexión 0 anulada

00 17:24:01:702 Fichero de log cerrado.

