00 08:50:13:778 Fichero de log abierto PID 16556

02 08:50:13:778 Intentando abrir fichero v10.ini
02 08:50:13:787 Cargando driver v10oracle funcion damedriveroracle
02 08:50:13:882 Conectado a base de datos
02 08:50:13:957 PLSQL: INICIALIZADO PAQUETE DE LOG EL DIA 12-01-2021
00 08:50:13:977 Error al abrir fichero VDST.H
02 08:50:21:930 Recibida conexion de direccion 192.168.056.001 puerto 23
02 08:50:22:041 Conexion de direccion 192.168.056.001 no asignada a 14 terminal(es)
02 08:53:02:032 Recibida conexion de direccion 127.000.000.001 puerto 23
02 08:53:02:032 PRUEBAS2 asociado a conexion 0
02 08:53:02:157 PRUEBAS2 llcargaradfrm - Cargando pantalla VDRUSER
02 08:53:02:230 PRUEBAS2 Leyendo caracteristicas del bloque 
02 08:53:02:230 PRUEBAS2 Leidas caracteristicas del bloque 
02 08:53:02:422 PRUEBAS2 llejecutaradfrm - Inicio ejecución trigers
02 08:53:02:436 PRUEBAS2 Inicio de pantalla
02 08:53:02:436 PRUEBAS2 PRUEBAS2
02 08:53:02:436 PRUEBAS2 
02 08:53:02:436 PRUEBAS2   /*IDENTIFIQUESE*/
02 08:53:02:436 PRUEBAS2 
02 08:53:02:436 PRUEBAS2       IDENTIFICACION
02 08:53:02:436 PRUEBAS2 
02 08:53:02:436 PRUEBAS2     USUARIO:
02 08:53:02:436 PRUEBAS2     PASSWORD:
02 08:53:02:436 PRUEBAS2 
02 08:53:02:436 PRUEBAS2 
02 08:53:02:436 PRUEBAS2 
02 08:53:02:437 PRUEBAS2 Fin de pantalla
02 08:53:02:437 PRUEBAS2 llejecutaradfrm - Fin ejecución trigers
02 08:53:02:437 PRUEBAS2 llcargaradfrm - Fin carga pantalla VDRUSER
02 08:53:29:448 PRUEBAS2 Recibida conexion de direccion 127.000.000.001 puerto 23
02 08:53:29:450 PRUEBAS3 asociado a conexion 1
02 08:53:29:473 PRUEBAS3 llcargaradfrm - Cargando pantalla VDRUSER
02 08:53:29:478 PRUEBAS3 Leyendo caracteristicas del bloque 
02 08:53:29:478 PRUEBAS3 Leidas caracteristicas del bloque 
02 08:53:29:482 PRUEBAS3 llejecutaradfrm - Inicio ejecución trigers
02 08:53:29:483 PRUEBAS3 Inicio de pantalla
02 08:53:29:483 PRUEBAS3 PRUEBAS3
02 08:53:29:483 PRUEBAS3 
02 08:53:29:483 PRUEBAS3   /*IDENTIFIQUESE*/
02 08:53:29:483 PRUEBAS3 
02 08:53:29:483 PRUEBAS3       IDENTIFICACION
02 08:53:29:483 PRUEBAS3 
02 08:53:29:483 PRUEBAS3     USUARIO:
02 08:53:29:483 PRUEBAS3     PASSWORD:
02 08:53:29:483 PRUEBAS3 
02 08:53:29:483 PRUEBAS3 
02 08:53:29:483 PRUEBAS3 
02 08:53:29:483 PRUEBAS3 Fin de pantalla
02 08:53:29:483 PRUEBAS3 llejecutaradfrm - Fin ejecución trigers
02 08:53:29:483 PRUEBAS3 llcargaradfrm - Fin carga pantalla VDRUSER
02 08:53:34:325 PRUEBAS3 Conexión 1 anulada
02 08:53:35:153 PRUEBAS2 Conexión 0 anulada

00 08:53:57:982 Fichero de log cerrado.

