00 10:16:34:817 Fichero de log abierto PID 16604

02 10:16:34:820 Intentando abrir fichero v10.ini
02 10:16:34:825 Cargando driver v10oracle funcion damedriveroracle
02 10:16:35:622 Conectado a base de datos
02 10:16:35:645 Actualizado SID 631 SERIAL 25932 del proceso con PID 16604
02 10:16:35:646 PLSQL: INICIALIZADO PAQUETE DE LOG EL DIA 30-03-2022
00 10:16:35:647 Error al abrir fichero VDST.H
00 13:42:31:082 Fichero de log abierto PID 14820

02 13:42:31:085 Intentando abrir fichero v10.ini
02 13:42:31:087 Cargando driver v10oracle funcion damedriveroracle
02 13:42:31:239 Conectado a base de datos
02 13:42:31:247 Actualizado SID 377 SERIAL 7228 del proceso con PID 14820
02 13:42:31:249 PLSQL: INICIALIZADO PAQUETE DE LOG EL DIA 30-03-2022
00 13:42:31:252 Error al abrir fichero VDST.H

00 13:42:31:255 Fichero de log cerrado.


00 13:42:34:330 Fichero de log cerrado.

00 13:42:40:157 Fichero de log abierto PID 6372

00 13:42:40:159 Haciendo bind en puerto -4844 error -1
02 13:42:40:160 Intentando abrir fichero v10.ini
02 13:42:40:165 Cargando driver v10oracle funcion damedriveroracle
02 13:42:41:045 Conectado a base de datos
02 13:42:41:065 Actualizado SID 374 SERIAL 46451 del proceso con PID 6372
02 13:42:41:066 PLSQL: INICIALIZADO PAQUETE DE LOG EL DIA 30-03-2022
00 13:42:41:072 Error al abrir fichero VDST.H

00 15:19:56:814 Fichero de log cerrado.

00 15:20:00:600 Fichero de log abierto PID 9828

00 15:20:00:600 Haciendo bind en puerto -4844 error -1
02 15:20:00:600 Intentando abrir fichero v10.ini
02 15:20:00:607 Cargando driver v10oracle funcion damedriveroracle
02 15:20:01:579 Conectado a base de datos
02 15:20:01:589 Actualizado SID 257 SERIAL 4709 del proceso con PID 9828
02 15:20:01:590 PLSQL: INICIALIZADO PAQUETE DE LOG EL DIA 30-03-2022
00 15:20:01:592 Error al abrir fichero VDST.H

00 16:07:53:045 Fichero de log cerrado.

00 16:08:01:327 Fichero de log abierto PID 14832

00 16:08:01:332 Haciendo bind en puerto -4844 error -1
02 16:08:01:334 Intentando abrir fichero v10.ini
02 16:08:01:440 Cargando driver v10oracle funcion damedriveroracle
02 16:08:03:402 Conectado a base de datos
02 16:08:03:424 Actualizado SID 631 SERIAL 22439 del proceso con PID 14832
02 16:08:03:425 PLSQL: INICIALIZADO PAQUETE DE LOG EL DIA 30-03-2022
00 16:08:03:500 Error al abrir fichero VDST.H

00 17:18:03:335 Fichero de log cerrado.

00 17:18:07:085 Fichero de log abierto PID 9520

00 17:18:07:089 Haciendo bind en puerto -4844 error -1
02 17:18:07:089 Intentando abrir fichero v10.ini
02 17:18:07:102 Cargando driver v10oracle funcion damedriveroracle
02 17:18:10:010 Conectado a base de datos
02 17:18:10:052 Actualizado SID 868 SERIAL 50929 del proceso con PID 9520
02 17:18:10:054 PLSQL: INICIALIZADO PAQUETE DE LOG EL DIA 30-03-2022
00 17:18:10:070 Error al abrir fichero VDST.H

00 17:59:18:172 Fichero de log cerrado.

