00 09:23:08:853 Fichero de log abierto PID 6984

02 09:23:08:856 Intentando abrir fichero v10.ini
02 09:23:08:861 Cargando driver v10oracle funcion damedriveroracle
02 09:23:09:048 Conectado a base de datos
02 09:23:09:872 Actualizado SID 502 SERIAL 24584 del proceso con PID 6984
02 09:23:09:872 PLSQL: INICIALIZADO PAQUETE DE LOG EL DIA 05-07-2022
00 09:23:09:878 Error al abrir fichero VDST.H

00 13:36:35:984 Fichero de log cerrado.

00 13:36:39:440 Fichero de log abierto PID 14016

02 13:36:39:442 Intentando abrir fichero v10.ini
02 13:36:39:449 Cargando driver v10oracle funcion damedriveroracle
02 13:36:40:245 Conectado a base de datos
02 13:36:40:257 Actualizado SID 504 SERIAL 13833 del proceso con PID 14016
02 13:36:40:259 PLSQL: INICIALIZADO PAQUETE DE LOG EL DIA 05-07-2022
00 13:36:40:264 Error al abrir fichero VDST.H

00 13:58:58:250 Fichero de log cerrado.

00 13:59:20:695 Fichero de log abierto PID 444

02 13:59:20:697 Intentando abrir fichero v10.ini
02 13:59:20:702 Cargando driver v10oracle funcion damedriveroracle
02 13:59:21:522 Conectado a base de datos
02 13:59:21:535 Actualizado SID 502 SERIAL 7247 del proceso con PID 444
02 13:59:21:537 PLSQL: INICIALIZADO PAQUETE DE LOG EL DIA 05-07-2022
00 13:59:21:544 Error al abrir fichero VDST.H

00 14:52:23:789 Fichero de log cerrado.

00 14:52:50:405 Fichero de log abierto PID 11816

02 14:52:50:407 Intentando abrir fichero v10.ini
02 14:52:50:412 Cargando driver v10oracle funcion damedriveroracle
02 14:52:51:195 Conectado a base de datos
02 14:52:51:209 Actualizado SID 631 SERIAL 43871 del proceso con PID 11816
02 14:52:51:210 PLSQL: INICIALIZADO PAQUETE DE LOG EL DIA 05-07-2022
00 14:52:51:215 Error al abrir fichero VDST.H

00 14:54:38:864 Fichero de log cerrado.

00 14:54:43:135 Fichero de log abierto PID 14964

02 14:54:43:137 Intentando abrir fichero v10.ini
02 14:54:43:142 Cargando driver v10oracle funcion damedriveroracle
02 14:54:43:949 Conectado a base de datos
02 14:54:43:962 Actualizado SID 13 SERIAL 44207 del proceso con PID 14964
02 14:54:43:963 PLSQL: INICIALIZADO PAQUETE DE LOG EL DIA 05-07-2022
00 14:54:43:969 Error al abrir fichero VDST.H

00 17:55:06:869 Fichero de log cerrado.

