00 09:09:26:461 Fichero de log abierto PID 7172

02 09:09:26:462 Intentando abrir fichero v10.ini
02 09:09:26:467 Cargando driver v10oracle funcion damedriveroracle
02 09:09:27:075 Conectado a base de datos
02 09:09:27:107 Actualizado SID 867 SERIAL 46510 del proceso con PID 7172
02 09:09:27:109 PLSQL: INICIALIZADO PAQUETE DE LOG EL DIA 29-03-2022
00 09:09:27:115 Error al abrir fichero VDST.H

00 13:50:26:150 Fichero de log cerrado.

00 13:50:30:205 Fichero de log abierto PID 8340

00 13:50:30:207 Haciendo bind en puerto -4844 error -1
02 13:50:30:207 Intentando abrir fichero v10.ini
02 13:50:30:215 Cargando driver v10oracle funcion damedriveroracle
02 13:50:31:060 Conectado a base de datos
02 13:50:31:075 Actualizado SID 631 SERIAL 36198 del proceso con PID 8340
02 13:50:31:076 PLSQL: INICIALIZADO PAQUETE DE LOG EL DIA 29-03-2022
00 13:50:31:082 Error al abrir fichero VDST.H

00 13:56:43:412 Fichero de log cerrado.

00 13:56:46:405 Fichero de log abierto PID 17216

00 13:56:46:407 Haciendo bind en puerto -4844 error -1
02 13:56:46:407 Intentando abrir fichero v10.ini
02 13:56:46:412 Cargando driver v10oracle funcion damedriveroracle
02 13:56:47:080 Conectado a base de datos
02 13:56:47:094 Actualizado SID 379 SERIAL 15704 del proceso con PID 17216
02 13:56:47:095 PLSQL: INICIALIZADO PAQUETE DE LOG EL DIA 29-03-2022
00 13:56:47:100 Error al abrir fichero VDST.H

00 15:32:16:392 Fichero de log cerrado.

00 15:32:21:905 Fichero de log abierto PID 14804

00 15:32:21:907 Haciendo bind en puerto -4844 error -1
02 15:32:21:907 Intentando abrir fichero v10.ini
02 15:32:21:915 Cargando driver v10oracle funcion damedriveroracle
02 15:32:22:700 Conectado a base de datos
02 15:32:22:715 Actualizado SID 385 SERIAL 28547 del proceso con PID 14804
02 15:32:22:717 PLSQL: INICIALIZADO PAQUETE DE LOG EL DIA 29-03-2022
00 15:32:22:722 Error al abrir fichero VDST.H

00 17:42:37:752 Fichero de log cerrado.

00 17:42:48:047 Fichero de log abierto PID 12052

00 17:42:48:047 Haciendo bind en puerto -4844 error -1
02 17:42:48:049 Intentando abrir fichero v10.ini
02 17:42:48:055 Cargando driver v10oracle funcion damedriveroracle
02 17:42:48:965 Conectado a base de datos
02 17:42:48:984 Actualizado SID 132 SERIAL 9537 del proceso con PID 12052
02 17:42:48:985 PLSQL: INICIALIZADO PAQUETE DE LOG EL DIA 29-03-2022
00 17:42:48:992 Error al abrir fichero VDST.H

00 17:45:27:265 Fichero de log cerrado.

00 17:45:32:820 Fichero de log abierto PID 18236

00 17:45:32:822 Haciendo bind en puerto -4844 error -1
02 17:45:32:824 Intentando abrir fichero v10.ini
02 17:45:32:834 Cargando driver v10oracle funcion damedriveroracle
02 17:45:34:569 Conectado a base de datos
02 17:45:34:609 Actualizado SID 385 SERIAL 65288 del proceso con PID 18236
02 17:45:34:612 PLSQL: INICIALIZADO PAQUETE DE LOG EL DIA 29-03-2022
00 17:45:34:627 Error al abrir fichero VDST.H

00 17:58:59:005 Fichero de log cerrado.

