00 09:08:32:062 Fichero de log abierto PID 9748

02 09:08:32:063 Intentando abrir fichero v10.ini
02 09:08:32:067 Cargando driver v10oracle funcion damedriveroracle
02 09:08:32:710 Conectado a base de datos
02 09:08:32:732 Actualizado SID 259 SERIAL 1547 del proceso con PID 9748
02 09:08:32:733 PLSQL: INICIALIZADO PAQUETE DE LOG EL DIA 28-03-2022
00 09:08:32:732 Error al abrir fichero VDST.H

00 15:19:42:540 Fichero de log cerrado.

00 15:19:48:950 Fichero de log abierto PID 8108

00 15:19:48:952 Haciendo bind en puerto -4844 error -1
02 15:19:48:952 Intentando abrir fichero v10.ini
02 15:19:48:959 Cargando driver v10oracle funcion damedriveroracle
02 15:19:49:759 Conectado a base de datos
02 15:19:49:770 Actualizado SID 261 SERIAL 52897 del proceso con PID 8108
02 15:19:49:772 PLSQL: INICIALIZADO PAQUETE DE LOG EL DIA 28-03-2022
00 15:19:49:775 Error al abrir fichero VDST.H

00 16:06:06:345 Fichero de log cerrado.

00 16:06:21:440 Fichero de log abierto PID 7044

00 16:06:21:442 Haciendo bind en puerto -4844 error -1
02 16:06:21:442 Intentando abrir fichero v10.ini
02 16:06:21:449 Cargando driver v10oracle funcion damedriveroracle
02 16:06:22:167 Conectado a base de datos
02 16:06:22:180 Actualizado SID 258 SERIAL 16246 del proceso con PID 7044
02 16:06:22:182 PLSQL: INICIALIZADO PAQUETE DE LOG EL DIA 28-03-2022
00 16:06:22:187 Error al abrir fichero VDST.H

00 17:59:49:960 Fichero de log cerrado.

