00 09:08:33:241 Fichero de log abierto PID 14236

02 09:08:33:242 Intentando abrir fichero v10.ini
02 09:08:33:248 Cargando driver v10oracle funcion damedriveroracle
02 09:08:33:926 Conectado a base de datos
02 09:08:33:927 Proceso RECARGAS encontrado en tabla VDPROCESOS
02 09:08:33:928 Proceso RECARGAS cargado con función vdrecargasalm (Librería VDKERNEL.DLL) direccion 6E788920
02 09:08:33:928 Proceso RESERVA encontrado en tabla VDPROCESOS
02 09:08:33:928 Proceso RESERVA cargado con función vdbuscademc (Librería VDKERNEL.DLL) direccion 6E7867B0
02 09:08:33:929 PLSQL: INICIALIZADO PAQUETE DE LOG EL DIA 01-04-2022
02 09:08:33:940 Actualizado SID 14 SERIAL 61623 del proceso con PID 14236

00 10:41:41:295 Fichero de log cerrado.

00 10:42:01:035 Fichero de log abierto PID 15788

02 10:42:01:037 Intentando abrir fichero v10.ini
02 10:42:01:043 Cargando driver v10oracle funcion damedriveroracle
02 10:42:01:958 Conectado a base de datos
02 10:42:01:961 Proceso RECARGAS encontrado en tabla VDPROCESOS
02 10:42:01:961 Proceso RECARGAS cargado con función vdrecargasalm (Librería VDKERNEL.DLL) direccion 6E788920
02 10:42:01:962 Proceso RESERVA encontrado en tabla VDPROCESOS
02 10:42:01:962 Proceso RESERVA cargado con función vdbuscademc (Librería VDKERNEL.DLL) direccion 6E7867B0
02 10:42:01:965 PLSQL: INICIALIZADO PAQUETE DE LOG EL DIA 01-04-2022
02 10:42:01:977 Actualizado SID 873 SERIAL 57252 del proceso con PID 15788

00 12:15:10:340 Fichero de log cerrado.

00 12:15:19:025 Fichero de log abierto PID 9668

02 12:15:19:027 Intentando abrir fichero v10.ini
02 12:15:19:035 Cargando driver v10oracle funcion damedriveroracle
02 12:15:19:965 Conectado a base de datos
02 12:15:19:965 Proceso RECARGAS encontrado en tabla VDPROCESOS
02 12:15:19:967 Proceso RECARGAS cargado con función vdrecargasalm (Librería VDKERNEL.DLL) direccion 6E788920
02 12:15:19:967 Proceso RESERVA encontrado en tabla VDPROCESOS
02 12:15:19:967 Proceso RESERVA cargado con función vdbuscademc (Librería VDKERNEL.DLL) direccion 6E7867B0
02 12:15:19:970 PLSQL: INICIALIZADO PAQUETE DE LOG EL DIA 01-04-2022
02 12:15:19:982 Actualizado SID 750 SERIAL 58873 del proceso con PID 9668

00 13:10:54:654 Fichero de log cerrado.

00 13:11:06:930 Fichero de log abierto PID 12084

02 13:11:06:932 Intentando abrir fichero v10.ini
02 13:11:06:940 Cargando driver v10oracle funcion damedriveroracle
02 13:11:07:700 Conectado a base de datos
02 13:11:07:704 Proceso RECARGAS encontrado en tabla VDPROCESOS
02 13:11:07:705 Proceso RECARGAS cargado con función vdrecargasalm (Librería VDKERNEL.DLL) direccion 6E788920
02 13:11:07:705 Proceso RESERVA encontrado en tabla VDPROCESOS
02 13:11:07:705 Proceso RESERVA cargado con función vdbuscademc (Librería VDKERNEL.DLL) direccion 6E7867B0
02 13:11:07:708 PLSQL: INICIALIZADO PAQUETE DE LOG EL DIA 01-04-2022
02 13:11:07:719 Actualizado SID 253 SERIAL 2107 del proceso con PID 12084

00 13:31:06:372 Fichero de log cerrado.

00 13:31:13:745 Fichero de log abierto PID 15860

02 13:31:13:747 Intentando abrir fichero v10.ini
02 13:31:13:757 Cargando driver v10oracle funcion damedriveroracle
02 13:31:14:552 Conectado a base de datos
02 13:31:14:555 Proceso RECARGAS encontrado en tabla VDPROCESOS
02 13:31:14:555 Proceso RECARGAS cargado con función vdrecargasalm (Librería VDKERNEL.DLL) direccion 6E788920
02 13:31:14:555 Proceso RESERVA encontrado en tabla VDPROCESOS
02 13:31:14:555 Proceso RESERVA cargado con función vdbuscademc (Librería VDKERNEL.DLL) direccion 6E7867B0
02 13:31:14:558 PLSQL: INICIALIZADO PAQUETE DE LOG EL DIA 01-04-2022
02 13:31:14:570 Actualizado SID 625 SERIAL 40030 del proceso con PID 15860

00 13:39:34:107 Fichero de log cerrado.

00 13:39:48:424 Fichero de log abierto PID 3736

02 13:39:48:529 Intentando abrir fichero v10.ini
02 13:39:48:537 Cargando driver v10oracle funcion damedriveroracle
02 13:39:49:432 Conectado a base de datos
02 13:39:49:434 Proceso RECARGAS encontrado en tabla VDPROCESOS
02 13:39:49:434 Proceso RECARGAS cargado con función vdrecargasalm (Librería VDKERNEL.DLL) direccion 6E788920
02 13:39:49:435 Proceso RESERVA encontrado en tabla VDPROCESOS
02 13:39:49:435 Proceso RESERVA cargado con función vdbuscademc (Librería VDKERNEL.DLL) direccion 6E7867B0
02 13:39:49:436 PLSQL: INICIALIZADO PAQUETE DE LOG EL DIA 01-04-2022
02 13:39:49:445 Actualizado SID 388 SERIAL 59030 del proceso con PID 3736

00 13:41:22:215 Fichero de log cerrado.

00 13:41:29:090 Fichero de log abierto PID 17188

02 13:41:29:092 Intentando abrir fichero v10.ini
02 13:41:29:099 Cargando driver v10oracle funcion damedriveroracle
02 13:41:30:080 Conectado a base de datos
02 13:41:30:082 Proceso RECARGAS encontrado en tabla VDPROCESOS
02 13:41:30:082 Proceso RECARGAS cargado con función vdrecargasalm (Librería VDKERNEL.DLL) direccion 6E788920
02 13:41:30:082 Proceso RESERVA encontrado en tabla VDPROCESOS
02 13:41:30:082 Proceso RESERVA cargado con función vdbuscademc (Librería VDKERNEL.DLL) direccion 6E7867B0
02 13:41:30:085 PLSQL: INICIALIZADO PAQUETE DE LOG EL DIA 01-04-2022
02 13:41:30:094 Actualizado SID 254 SERIAL 30986 del proceso con PID 17188

00 13:58:39:755 Fichero de log cerrado.

