00 09:05:28:095 Fichero de log abierto PID 15080

02 09:05:28:097 Intentando abrir fichero v10.ini
02 09:05:28:102 Cargando driver v10oracle funcion damedriveroracle
02 09:05:29:028 Conectado a base de datos
02 09:05:29:031 Proceso RECARGAS encontrado en tabla VDPROCESOS
02 09:05:29:031 Proceso RECARGAS cargado con función vdrecargasalm (Librería VDKERNEL.DLL) direccion 6FFD8920
02 09:05:29:031 Proceso RESERVA encontrado en tabla VDPROCESOS
02 09:05:29:031 Proceso RESERVA cargado con función vdbuscademc (Librería VDKERNEL.DLL) direccion 6FFD67B0
02 09:05:29:031 PLSQL: INICIALIZADO PAQUETE DE LOG EL DIA 21-03-2022
02 09:05:29:043 Actualizado SID 624 SERIAL 58039 del proceso con PID 15080

00 17:53:19:355 Fichero de log cerrado.

00 17:53:20:447 Fichero de log abierto PID 3484

02 17:53:20:452 Intentando abrir fichero v10.ini
02 17:53:20:465 Cargando driver v10oracle funcion damedriveroracle
02 17:53:21:794 Conectado a base de datos
02 17:53:21:800 Proceso RECARGAS encontrado en tabla VDPROCESOS
02 17:53:21:800 Proceso RECARGAS cargado con función vdrecargasalm (Librería VDKERNEL.DLL) direccion 6FFD8920
02 17:53:21:802 Proceso RESERVA encontrado en tabla VDPROCESOS
02 17:53:21:802 Proceso RESERVA cargado con función vdbuscademc (Librería VDKERNEL.DLL) direccion 6FFD67B0
02 17:53:21:807 PLSQL: INICIALIZADO PAQUETE DE LOG EL DIA 21-03-2022
02 17:53:21:855 Actualizado SID 507 SERIAL 63307 del proceso con PID 3484

00 17:53:25:010 Fichero de log cerrado.

