00 09:09:26:253 Fichero de log abierto PID 7708

02 09:09:26:255 Intentando abrir fichero v10.ini
02 09:09:26:260 Cargando driver v10oracle funcion damedriveroracle
02 09:09:26:747 Conectado a base de datos
02 09:09:26:750 Proceso RECARGAS encontrado en tabla VDPROCESOS
02 09:09:26:750 Proceso RECARGAS cargado con función vdrecargasalm (Librería VDKERNEL.DLL) direccion 6FF48920
02 09:09:26:751 Proceso RESERVA encontrado en tabla VDPROCESOS
02 09:09:26:751 Proceso RESERVA cargado con función vdbuscademc (Librería VDKERNEL.DLL) direccion 6FF467B0
02 09:09:26:752 PLSQL: INICIALIZADO PAQUETE DE LOG EL DIA 29-03-2022
02 09:09:26:761 Actualizado SID 862 SERIAL 28089 del proceso con PID 7708

00 13:50:25:450 Fichero de log cerrado.

00 13:50:29:950 Fichero de log abierto PID 1184

02 13:50:29:952 Intentando abrir fichero v10.ini
02 13:50:29:957 Cargando driver v10oracle funcion damedriveroracle
02 13:50:30:750 Conectado a base de datos
02 13:50:30:752 Proceso RECARGAS encontrado en tabla VDPROCESOS
02 13:50:30:754 Proceso RECARGAS cargado con función vdrecargasalm (Librería VDKERNEL.DLL) direccion 70358920
02 13:50:30:754 Proceso RESERVA encontrado en tabla VDPROCESOS
02 13:50:30:754 Proceso RESERVA cargado con función vdbuscademc (Librería VDKERNEL.DLL) direccion 703567B0
02 13:50:30:755 PLSQL: INICIALIZADO PAQUETE DE LOG EL DIA 29-03-2022
02 13:50:30:765 Actualizado SID 128 SERIAL 63332 del proceso con PID 1184

00 13:56:42:810 Fichero de log cerrado.

00 13:56:46:267 Fichero de log abierto PID 15516

02 13:56:46:267 Intentando abrir fichero v10.ini
02 13:56:46:279 Cargando driver v10oracle funcion damedriveroracle
02 13:56:47:024 Conectado a base de datos
02 13:56:47:025 Proceso RECARGAS encontrado en tabla VDPROCESOS
02 13:56:47:025 Proceso RECARGAS cargado con función vdrecargasalm (Librería VDKERNEL.DLL) direccion 70358920
02 13:56:47:025 Proceso RESERVA encontrado en tabla VDPROCESOS
02 13:56:47:025 Proceso RESERVA cargado con función vdbuscademc (Librería VDKERNEL.DLL) direccion 703567B0
02 13:56:47:028 PLSQL: INICIALIZADO PAQUETE DE LOG EL DIA 29-03-2022
02 13:56:47:037 Actualizado SID 862 SERIAL 15335 del proceso con PID 15516

00 15:32:15:834 Fichero de log cerrado.

00 15:32:21:749 Fichero de log abierto PID 6216

02 15:32:21:795 Intentando abrir fichero v10.ini
02 15:32:21:802 Cargando driver v10oracle funcion damedriveroracle
02 15:32:22:619 Conectado a base de datos
02 15:32:22:620 Proceso RECARGAS encontrado en tabla VDPROCESOS
02 15:32:22:620 Proceso RECARGAS cargado con función vdrecargasalm (Librería VDKERNEL.DLL) direccion 70358920
02 15:32:22:620 Proceso RESERVA encontrado en tabla VDPROCESOS
02 15:32:22:620 Proceso RESERVA cargado con función vdbuscademc (Librería VDKERNEL.DLL) direccion 703567B0
02 15:32:22:623 PLSQL: INICIALIZADO PAQUETE DE LOG EL DIA 29-03-2022
02 15:32:22:634 Actualizado SID 631 SERIAL 61558 del proceso con PID 6216

00 17:42:37:152 Fichero de log cerrado.

00 17:42:47:965 Fichero de log abierto PID 16660

02 17:42:47:967 Intentando abrir fichero v10.ini
02 17:42:47:975 Cargando driver v10oracle funcion damedriveroracle
02 17:42:48:847 Conectado a base de datos
02 17:42:48:849 Proceso RECARGAS encontrado en tabla VDPROCESOS
02 17:42:48:849 Proceso RECARGAS cargado con función vdrecargasalm (Librería VDKERNEL.DLL) direccion 70358920
02 17:42:48:849 Proceso RESERVA encontrado en tabla VDPROCESOS
02 17:42:48:849 Proceso RESERVA cargado con función vdbuscademc (Librería VDKERNEL.DLL) direccion 703567B0
02 17:42:48:851 PLSQL: INICIALIZADO PAQUETE DE LOG EL DIA 29-03-2022
02 17:42:48:867 Actualizado SID 874 SERIAL 19776 del proceso con PID 16660

00 17:45:26:707 Fichero de log cerrado.

00 17:45:32:462 Fichero de log abierto PID 14972

02 17:45:32:465 Intentando abrir fichero v10.ini
02 17:45:32:470 Cargando driver v10oracle funcion damedriveroracle
02 17:45:33:612 Conectado a base de datos
02 17:45:33:619 Proceso RECARGAS encontrado en tabla VDPROCESOS
02 17:45:33:620 Proceso RECARGAS cargado con función vdrecargasalm (Librería VDKERNEL.DLL) direccion 70358920
02 17:45:33:622 Proceso RESERVA encontrado en tabla VDPROCESOS
02 17:45:33:622 Proceso RESERVA cargado con función vdbuscademc (Librería VDKERNEL.DLL) direccion 703567B0
02 17:45:33:628 PLSQL: INICIALIZADO PAQUETE DE LOG EL DIA 29-03-2022
02 17:45:33:655 Actualizado SID 263 SERIAL 55112 del proceso con PID 14972

00 17:58:58:370 Fichero de log cerrado.

