00 09:08:31:897 Fichero de log abierto PID 832

02 09:08:31:901 Intentando abrir fichero v10.ini
02 09:08:31:911 Cargando driver v10oracle funcion damedriveroracle
02 09:08:32:656 Conectado a base de datos
02 09:08:32:657 Proceso RECARGAS encontrado en tabla VDPROCESOS
02 09:08:32:657 Proceso RECARGAS cargado con función vdrecargasalm (Librería VDKERNEL.DLL) direccion 6FF58920
02 09:08:32:657 Proceso RESERVA encontrado en tabla VDPROCESOS
02 09:08:32:657 Proceso RESERVA cargado con función vdbuscademc (Librería VDKERNEL.DLL) direccion 6FF567B0
02 09:08:32:660 PLSQL: INICIALIZADO PAQUETE DE LOG EL DIA 28-03-2022
02 09:08:32:668 Actualizado SID 632 SERIAL 42536 del proceso con PID 832

00 15:19:41:784 Fichero de log cerrado.

00 15:19:48:642 Fichero de log abierto PID 3432

02 15:19:48:644 Intentando abrir fichero v10.ini
02 15:19:48:650 Cargando driver v10oracle funcion damedriveroracle
02 15:19:49:559 Conectado a base de datos
02 15:19:49:560 Proceso RECARGAS encontrado en tabla VDPROCESOS
02 15:19:49:560 Proceso RECARGAS cargado con función vdrecargasalm (Librería VDKERNEL.DLL) direccion 6FF58920
02 15:19:49:562 Proceso RESERVA encontrado en tabla VDPROCESOS
02 15:19:49:562 Proceso RESERVA cargado con función vdbuscademc (Librería VDKERNEL.DLL) direccion 6FF567B0
02 15:19:49:565 PLSQL: INICIALIZADO PAQUETE DE LOG EL DIA 28-03-2022
02 15:19:49:577 Actualizado SID 755 SERIAL 31689 del proceso con PID 3432

00 16:06:05:725 Fichero de log cerrado.

00 16:06:21:142 Fichero de log abierto PID 5952

02 16:06:21:144 Intentando abrir fichero v10.ini
02 16:06:21:150 Cargando driver v10oracle funcion damedriveroracle
02 16:06:22:040 Conectado a base de datos
02 16:06:22:042 Proceso RECARGAS encontrado en tabla VDPROCESOS
02 16:06:22:042 Proceso RECARGAS cargado con función vdrecargasalm (Librería VDKERNEL.DLL) direccion 6FF58920
02 16:06:22:042 Proceso RESERVA encontrado en tabla VDPROCESOS
02 16:06:22:042 Proceso RESERVA cargado con función vdbuscademc (Librería VDKERNEL.DLL) direccion 6FF567B0
02 16:06:22:045 PLSQL: INICIALIZADO PAQUETE DE LOG EL DIA 28-03-2022
02 16:06:22:057 Actualizado SID 259 SERIAL 9287 del proceso con PID 5952

00 17:59:49:290 Fichero de log cerrado.

