00 09:43:02:565 Fichero de log abierto PID 15148

02 09:43:02:567 Intentando abrir fichero v10.ini
02 09:43:02:572 Cargando driver v10oracle funcion damedriveroracle
02 09:43:03:056 Conectado a base de datos
02 09:43:03:057 Proceso RECARGAS encontrado en tabla VDPROCESOS
02 09:43:03:057 Proceso RECARGAS cargado con función vdrecargasalm (Librería VDKERNEL.DLL) direccion 70488920
02 09:43:03:057 Proceso RESERVA encontrado en tabla VDPROCESOS
02 09:43:03:058 Proceso RESERVA cargado con función vdbuscademc (Librería VDKERNEL.DLL) direccion 704867B0
02 09:43:03:060 PLSQL: INICIALIZADO PAQUETE DE LOG EL DIA 31-03-2022
02 09:43:03:070 Actualizado SID 133 SERIAL 41893 del proceso con PID 15148

00 14:17:57:457 Fichero de log cerrado.

00 14:18:05:869 Fichero de log abierto PID 11116

02 14:18:05:870 Intentando abrir fichero v10.ini
02 14:18:05:877 Cargando driver v10oracle funcion damedriveroracle
02 14:18:06:462 Conectado a base de datos
02 14:18:06:465 Proceso RECARGAS encontrado en tabla VDPROCESOS
02 14:18:06:465 Proceso RECARGAS cargado con función vdrecargasalm (Librería VDKERNEL.DLL) direccion 70488920
02 14:18:06:465 Proceso RESERVA encontrado en tabla VDPROCESOS
02 14:18:06:465 Proceso RESERVA cargado con función vdbuscademc (Librería VDKERNEL.DLL) direccion 704867B0
02 14:18:06:468 PLSQL: INICIALIZADO PAQUETE DE LOG EL DIA 31-03-2022
02 14:18:06:480 Actualizado SID 135 SERIAL 64756 del proceso con PID 11116

00 17:58:44:720 Fichero de log cerrado.

