00 09:11:09:442 Fichero de log abierto PID 9508

02 09:11:09:445 Intentando abrir fichero v10.ini
02 09:11:09:450 Cargando driver v10oracle funcion damedriveroracle
02 09:11:10:328 Conectado a base de datos
02 09:11:10:331 Proceso RECARGAS encontrado en tabla VDPROCESOS
02 09:11:10:332 Proceso RECARGAS cargado con función vdrecargasalm (Librería VDKERNEL.DLL) direccion 6E028920
02 09:11:10:332 Proceso RESERVA encontrado en tabla VDPROCESOS
02 09:11:10:332 Proceso RESERVA cargado con función vdbuscademc (Librería VDKERNEL.DLL) direccion 6E0267B0
02 09:11:10:333 PLSQL: INICIALIZADO PAQUETE DE LOG EL DIA 04-04-2022
02 09:11:10:340 Actualizado SID 14 SERIAL 50345 del proceso con PID 9508

00 10:22:53:436 Fichero de log cerrado.

00 10:23:01:950 Fichero de log abierto PID 12852

02 10:23:01:952 Intentando abrir fichero v10.ini
02 10:23:01:957 Cargando driver v10oracle funcion damedriveroracle
02 10:23:02:841 Conectado a base de datos
02 10:23:02:842 Proceso RECARGAS encontrado en tabla VDPROCESOS
02 10:23:02:842 Proceso RECARGAS cargado con función vdrecargasalm (Librería VDKERNEL.DLL) direccion 6E028920
02 10:23:02:843 Proceso RESERVA encontrado en tabla VDPROCESOS
02 10:23:02:843 Proceso RESERVA cargado con función vdbuscademc (Librería VDKERNEL.DLL) direccion 6E0267B0
02 10:23:02:846 PLSQL: INICIALIZADO PAQUETE DE LOG EL DIA 04-04-2022
02 10:23:02:857 Actualizado SID 377 SERIAL 62295 del proceso con PID 12852

00 10:38:58:296 Fichero de log cerrado.

00 10:39:08:401 Fichero de log abierto PID 4856

02 10:39:08:403 Intentando abrir fichero v10.ini
02 10:39:08:412 Cargando driver v10oracle funcion damedriveroracle
02 10:39:09:026 Conectado a base de datos
02 10:39:09:027 Proceso RECARGAS encontrado en tabla VDPROCESOS
02 10:39:09:028 Proceso RECARGAS cargado con función vdrecargasalm (Librería VDKERNEL.DLL) direccion 6E028920
02 10:39:09:028 Proceso RESERVA encontrado en tabla VDPROCESOS
02 10:39:09:028 Proceso RESERVA cargado con función vdbuscademc (Librería VDKERNEL.DLL) direccion 6E0267B0
02 10:39:09:031 PLSQL: INICIALIZADO PAQUETE DE LOG EL DIA 04-04-2022
02 10:39:09:042 Actualizado SID 873 SERIAL 11771 del proceso con PID 4856

00 12:14:33:880 Fichero de log cerrado.

00 12:14:45:522 Fichero de log abierto PID 8180

02 12:14:45:525 Intentando abrir fichero v10.ini
02 12:14:45:532 Cargando driver v10oracle funcion damedriveroracle
02 12:14:46:487 Conectado a base de datos
02 12:14:46:490 Proceso RECARGAS encontrado en tabla VDPROCESOS
02 12:14:46:490 Proceso RECARGAS cargado con función vdrecargasalm (Librería VDKERNEL.DLL) direccion 6E028920
02 12:14:46:490 Proceso RESERVA encontrado en tabla VDPROCESOS
02 12:14:46:490 Proceso RESERVA cargado con función vdbuscademc (Librería VDKERNEL.DLL) direccion 6E0267B0
02 12:14:46:492 PLSQL: INICIALIZADO PAQUETE DE LOG EL DIA 04-04-2022
02 12:14:46:510 Actualizado SID 752 SERIAL 4395 del proceso con PID 8180

00 12:39:53:232 Fichero de log cerrado.

00 12:39:57:427 Fichero de log abierto PID 3908

02 12:39:57:457 Intentando abrir fichero v10.ini
02 12:39:57:462 Cargando driver v10oracle funcion damedriveroracle
02 12:39:58:237 Conectado a base de datos
02 12:39:58:240 Proceso RECARGAS encontrado en tabla VDPROCESOS
02 12:39:58:240 Proceso RECARGAS cargado con función vdrecargasalm (Librería VDKERNEL.DLL) direccion 6E028920
02 12:39:58:240 Proceso RESERVA encontrado en tabla VDPROCESOS
02 12:39:58:240 Proceso RESERVA cargado con función vdbuscademc (Librería VDKERNEL.DLL) direccion 6E0267B0
02 12:39:58:243 PLSQL: INICIALIZADO PAQUETE DE LOG EL DIA 04-04-2022
02 12:39:58:257 Actualizado SID 138 SERIAL 27060 del proceso con PID 3908

00 12:40:52:377 Fichero de log cerrado.

00 12:40:57:769 Fichero de log abierto PID 4264

02 12:40:57:844 Intentando abrir fichero v10.ini
02 12:40:57:850 Cargando driver v10oracle funcion damedriveroracle
02 12:40:58:364 Conectado a base de datos
02 12:40:58:367 Proceso RECARGAS encontrado en tabla VDPROCESOS
02 12:40:58:367 Proceso RECARGAS cargado con función vdrecargasalm (Librería VDKERNEL.DLL) direccion 6E028920
02 12:40:58:367 Proceso RESERVA encontrado en tabla VDPROCESOS
02 12:40:58:367 Proceso RESERVA cargado con función vdbuscademc (Librería VDKERNEL.DLL) direccion 6E0267B0
02 12:40:58:370 PLSQL: INICIALIZADO PAQUETE DE LOG EL DIA 04-04-2022
02 12:40:58:379 Actualizado SID 502 SERIAL 11438 del proceso con PID 4264

00 17:13:21:677 Fichero de log cerrado.

00 17:13:27:142 Fichero de log abierto PID 13096

02 17:13:27:147 Intentando abrir fichero v10.ini
02 17:13:27:227 Cargando driver v10oracle funcion damedriveroracle
02 17:13:27:915 Conectado a base de datos
02 17:13:27:917 Proceso RECARGAS encontrado en tabla VDPROCESOS
02 17:13:27:917 Proceso RECARGAS cargado con función vdrecargasalm (Librería VDKERNEL.DLL) direccion 6E028920
02 17:13:27:917 Proceso RESERVA encontrado en tabla VDPROCESOS
02 17:13:27:917 Proceso RESERVA cargado con función vdbuscademc (Librería VDKERNEL.DLL) direccion 6E0267B0
02 17:13:27:919 PLSQL: INICIALIZADO PAQUETE DE LOG EL DIA 04-04-2022
02 17:13:27:930 Actualizado SID 253 SERIAL 41568 del proceso con PID 13096

00 17:58:21:364 Fichero de log cerrado.

