00 09:10:30:607 Fichero de log abierto PID 4204

02 09:10:30:610 Intentando abrir fichero v10.ini
02 09:10:30:615 Cargando driver v10oracle funcion damedriveroracle
02 09:10:31:135 Conectado a base de datos
02 09:10:31:136 Proceso RECARGAS encontrado en tabla VDPROCESOS
02 09:10:31:137 Proceso RECARGAS cargado con función vdrecargasalm (Librería VDKERNEL.DLL) direccion 6F888920
02 09:10:31:137 Proceso RESERVA encontrado en tabla VDPROCESOS
02 09:10:31:137 Proceso RESERVA cargado con función vdbuscademc (Librería VDKERNEL.DLL) direccion 6F8867B0
02 09:10:31:137 PLSQL: INICIALIZADO PAQUETE DE LOG EL DIA 06-04-2022
02 09:10:31:152 Actualizado SID 628 SERIAL 32713 del proceso con PID 4204

00 09:52:22:432 Fichero de log cerrado.

00 09:52:39:485 Fichero de log abierto PID 6300

02 09:52:39:487 Intentando abrir fichero v10.ini
02 09:52:39:495 Cargando driver v10oracle funcion damedriveroracle
02 09:52:40:305 Conectado a base de datos
02 09:52:40:307 Proceso RECARGAS encontrado en tabla VDPROCESOS
02 09:52:40:308 Proceso RECARGAS cargado con función vdrecargasalm (Librería VDKERNEL.DLL) direccion 6F888920
02 09:52:40:308 Proceso RESERVA encontrado en tabla VDPROCESOS
02 09:52:40:308 Proceso RESERVA cargado con función vdbuscademc (Librería VDKERNEL.DLL) direccion 6F8867B0
02 09:52:40:311 PLSQL: INICIALIZADO PAQUETE DE LOG EL DIA 06-04-2022
02 09:52:40:321 Actualizado SID 879 SERIAL 39457 del proceso con PID 6300

00 17:56:19:867 Fichero de log cerrado.

