00 11:41:47:022 Fichero de log abierto PID 15192

02 11:41:47:024 Intentando abrir fichero v10.ini
02 11:41:47:030 Cargando driver v10oracle funcion damedriveroracle
02 11:41:47:470 Conectado a base de datos
02 11:41:47:472 Proceso RECARGAS encontrado en tabla VDPROCESOS
02 11:41:47:472 Proceso RECARGAS cargado con función vdrecargasalm (Librería VDKERNEL.DLL) direccion 6F3C8920
02 11:41:47:472 Proceso RESERVA encontrado en tabla VDPROCESOS
02 11:41:47:472 Proceso RESERVA cargado con función vdbuscademc (Librería VDKERNEL.DLL) direccion 6F3C67B0
02 11:41:47:475 PLSQL: INICIALIZADO PAQUETE DE LOG EL DIA 04-07-2022
02 11:41:47:485 Actualizado SID 11 SERIAL 28815 del proceso con PID 15192

00 16:28:21:865 Fichero de log cerrado.

00 16:28:33:297 Fichero de log abierto PID 14836

02 16:28:33:300 Intentando abrir fichero v10.ini
02 16:28:33:305 Cargando driver v10oracle funcion damedriveroracle
02 16:28:34:154 Conectado a base de datos
02 16:28:34:155 Proceso RECARGAS encontrado en tabla VDPROCESOS
02 16:28:34:155 Proceso RECARGAS cargado con función vdrecargasalm (Librería VDKERNEL.DLL) direccion 6F3C8920
02 16:28:34:157 Proceso RESERVA encontrado en tabla VDPROCESOS
02 16:28:34:157 Proceso RESERVA cargado con función vdbuscademc (Librería VDKERNEL.DLL) direccion 6F3C67B0
02 16:28:34:158 PLSQL: INICIALIZADO PAQUETE DE LOG EL DIA 04-07-2022
02 16:28:34:169 Actualizado SID 756 SERIAL 52953 del proceso con PID 14836

00 17:57:33:832 Fichero de log cerrado.

