00 11:54:47:625 Fichero de log abierto PID 13376

02 11:54:47:627 Intentando abrir fichero v10.ini
02 11:54:47:632 Cargando driver v10oracle funcion damedriveroracle
02 11:54:48:077 Conectado a base de datos
02 11:54:48:080 Proceso RECARGAS encontrado en tabla VDPROCESOS
02 11:54:48:080 Proceso RECARGAS cargado con función vdrecargasalm (Librería VDKERNEL.DLL) direccion 614B8920
02 11:54:48:080 Proceso RESERVA encontrado en tabla VDPROCESOS
02 11:54:48:080 Proceso RESERVA cargado con función vdbuscademc (Librería VDKERNEL.DLL) direccion 614B67B0
02 11:54:48:080 PLSQL: INICIALIZADO PAQUETE DE LOG EL DIA 30-06-2022
02 11:54:48:090 Actualizado SID 12 SERIAL 11797 del proceso con PID 13376

00 12:04:30:242 Fichero de log cerrado.

00 12:04:43:095 Fichero de log abierto PID 7868

02 12:04:43:097 Intentando abrir fichero v10.ini
02 12:04:43:102 Cargando driver v10oracle funcion damedriveroracle
02 12:04:43:305 Conectado a base de datos
02 12:04:43:307 Proceso RECARGAS encontrado en tabla VDPROCESOS
02 12:04:43:309 Proceso RECARGAS cargado con función vdrecargasalm (Librería VDKERNEL.DLL) direccion 614B8920
02 12:04:43:309 Proceso RESERVA encontrado en tabla VDPROCESOS
02 12:04:43:309 Proceso RESERVA cargado con función vdbuscademc (Librería VDKERNEL.DLL) direccion 614B67B0
02 12:04:43:311 PLSQL: INICIALIZADO PAQUETE DE LOG EL DIA 30-06-2022
02 12:04:43:320 Actualizado SID 625 SERIAL 47983 del proceso con PID 7868

00 12:05:30:429 Fichero de log cerrado.

00 12:07:06:452 Fichero de log abierto PID 8092

02 12:07:06:454 Intentando abrir fichero v10.ini
02 12:07:06:459 Cargando driver v10oracle funcion damedriveroracle
02 12:07:07:107 Conectado a base de datos
02 12:07:07:110 Proceso RECARGAS encontrado en tabla VDPROCESOS
02 12:07:07:110 Proceso RECARGAS cargado con función vdrecargasalm (Librería VDKERNEL.DLL) direccion 614B8920
02 12:07:07:110 Proceso RESERVA encontrado en tabla VDPROCESOS
02 12:07:07:110 Proceso RESERVA cargado con función vdbuscademc (Librería VDKERNEL.DLL) direccion 614B67B0
02 12:07:07:110 PLSQL: INICIALIZADO PAQUETE DE LOG EL DIA 30-06-2022
02 12:07:07:122 Actualizado SID 379 SERIAL 22886 del proceso con PID 8092

00 13:58:50:712 Fichero de log cerrado.

00 13:59:07:672 Fichero de log abierto PID 13908

02 13:59:07:674 Intentando abrir fichero v10.ini
02 13:59:07:677 Cargando driver v10oracle funcion damedriveroracle
02 13:59:08:425 Conectado a base de datos
02 13:59:08:427 Proceso RECARGAS encontrado en tabla VDPROCESOS
02 13:59:08:427 Proceso RECARGAS cargado con función vdrecargasalm (Librería VDKERNEL.DLL) direccion 614B8920
02 13:59:08:427 Proceso RESERVA encontrado en tabla VDPROCESOS
02 13:59:08:427 Proceso RESERVA cargado con función vdbuscademc (Librería VDKERNEL.DLL) direccion 614B67B0
02 13:59:08:429 PLSQL: INICIALIZADO PAQUETE DE LOG EL DIA 30-06-2022
02 13:59:08:440 Actualizado SID 866 SERIAL 25051 del proceso con PID 13908

00 17:31:35:285 Fichero de log cerrado.

00 17:31:48:237 Fichero de log abierto PID 14268

02 17:31:48:237 Intentando abrir fichero v10.ini
02 17:31:48:242 Cargando driver v10oracle funcion damedriveroracle
02 17:31:48:817 Conectado a base de datos
02 17:31:48:820 Proceso RECARGAS encontrado en tabla VDPROCESOS
02 17:31:48:820 Proceso RECARGAS cargado con función vdrecargasalm (Librería VDKERNEL.DLL) direccion 614B8920
02 17:31:48:820 Proceso RESERVA encontrado en tabla VDPROCESOS
02 17:31:48:820 Proceso RESERVA cargado con función vdbuscademc (Librería VDKERNEL.DLL) direccion 614B67B0
02 17:31:48:823 PLSQL: INICIALIZADO PAQUETE DE LOG EL DIA 30-06-2022
02 17:31:48:832 Actualizado SID 866 SERIAL 49750 del proceso con PID 14268

00 17:46:21:449 Fichero de log cerrado.

00 17:46:33:957 Fichero de log abierto PID 11124

02 17:46:33:959 Intentando abrir fichero v10.ini
02 17:46:33:965 Cargando driver v10oracle funcion damedriveroracle
02 17:46:34:729 Conectado a base de datos
02 17:46:34:730 Proceso RECARGAS encontrado en tabla VDPROCESOS
02 17:46:34:730 Proceso RECARGAS cargado con función vdrecargasalm (Librería VDKERNEL.DLL) direccion 614B8920
02 17:46:34:730 Proceso RESERVA encontrado en tabla VDPROCESOS
02 17:46:34:730 Proceso RESERVA cargado con función vdbuscademc (Librería VDKERNEL.DLL) direccion 614B67B0
02 17:46:34:733 PLSQL: INICIALIZADO PAQUETE DE LOG EL DIA 30-06-2022
02 17:46:34:740 Actualizado SID 10 SERIAL 7780 del proceso con PID 11124

00 17:49:57:507 Fichero de log cerrado.

00 17:51:15:149 Fichero de log abierto PID 15572

02 17:51:15:150 Intentando abrir fichero v10.ini
02 17:51:15:157 Cargando driver v10oracle funcion damedriveroracle
02 17:51:15:862 Conectado a base de datos
02 17:51:15:865 Proceso RECARGAS encontrado en tabla VDPROCESOS
02 17:51:15:865 Proceso RECARGAS cargado con función vdrecargasalm (Librería VDKERNEL.DLL) direccion 70038920
02 17:51:15:865 Proceso RESERVA encontrado en tabla VDPROCESOS
02 17:51:15:865 Proceso RESERVA cargado con función vdbuscademc (Librería VDKERNEL.DLL) direccion 700367B0
02 17:51:15:867 PLSQL: INICIALIZADO PAQUETE DE LOG EL DIA 30-06-2022
02 17:51:15:877 Actualizado SID 379 SERIAL 26532 del proceso con PID 15572

00 17:52:14:372 Fichero de log cerrado.

