00 09:17:44:807 Fichero de log abierto PID 2788

02 09:17:44:857 Intentando abrir fichero v10.ini
02 09:17:44:862 Cargando driver v10oracle funcion damedriveroracle
02 09:17:45:520 Conectado a base de datos
02 09:17:45:521 Proceso RECARGAS encontrado en tabla VDPROCESOS
02 09:17:45:522 Proceso RECARGAS cargado con función vdrecargasalm (Librería VDKERNEL.DLL) direccion 6BFF8920
02 09:17:45:522 Proceso RESERVA encontrado en tabla VDPROCESOS
02 09:17:45:522 Proceso RESERVA cargado con función vdbuscademc (Librería VDKERNEL.DLL) direccion 6BFF67B0
02 09:17:45:523 PLSQL: INICIALIZADO PAQUETE DE LOG EL DIA 28-06-2022
02 09:17:45:531 Actualizado SID 623 SERIAL 3636 del proceso con PID 2788

00 09:39:20:132 Fichero de log cerrado.

00 09:39:35:446 Fichero de log abierto PID 13780

02 09:39:35:447 Intentando abrir fichero v10.ini
02 09:39:35:453 Cargando driver v10oracle funcion damedriveroracle
02 09:39:36:037 Conectado a base de datos
02 09:39:36:038 Proceso RECARGAS encontrado en tabla VDPROCESOS
02 09:39:36:040 Proceso RECARGAS cargado con función vdrecargasalm (Librería VDKERNEL.DLL) direccion 6BFF8920
02 09:39:36:040 Proceso RESERVA encontrado en tabla VDPROCESOS
02 09:39:36:040 Proceso RESERVA cargado con función vdbuscademc (Librería VDKERNEL.DLL) direccion 6BFF67B0
02 09:39:36:042 PLSQL: INICIALIZADO PAQUETE DE LOG EL DIA 28-06-2022
02 09:39:36:052 Actualizado SID 7 SERIAL 18197 del proceso con PID 13780

00 12:12:08:737 Fichero de log cerrado.

00 12:12:22:080 Fichero de log abierto PID 1100

02 12:12:22:082 Intentando abrir fichero v10.ini
02 12:12:22:087 Cargando driver v10oracle funcion damedriveroracle
02 12:12:22:849 Conectado a base de datos
02 12:12:22:850 Proceso RECARGAS encontrado en tabla VDPROCESOS
02 12:12:22:852 Proceso RECARGAS cargado con función vdrecargasalm (Librería VDKERNEL.DLL) direccion 6BFF8920
02 12:12:22:852 Proceso RESERVA encontrado en tabla VDPROCESOS
02 12:12:22:852 Proceso RESERVA cargado con función vdbuscademc (Librería VDKERNEL.DLL) direccion 6BFF67B0
02 12:12:22:853 PLSQL: INICIALIZADO PAQUETE DE LOG EL DIA 28-06-2022
02 12:12:22:862 Actualizado SID 7 SERIAL 45364 del proceso con PID 1100

00 12:17:16:447 Fichero de log cerrado.

00 12:17:33:937 Fichero de log abierto PID 11244

02 12:17:33:939 Intentando abrir fichero v10.ini
02 12:17:33:944 Cargando driver v10oracle funcion damedriveroracle
02 12:17:34:695 Conectado a base de datos
02 12:17:34:697 Proceso RECARGAS encontrado en tabla VDPROCESOS
02 12:17:34:697 Proceso RECARGAS cargado con función vdrecargasalm (Librería VDKERNEL.DLL) direccion 6BFF8920
02 12:17:34:697 Proceso RESERVA encontrado en tabla VDPROCESOS
02 12:17:34:697 Proceso RESERVA cargado con función vdbuscademc (Librería VDKERNEL.DLL) direccion 6BFF67B0
02 12:17:34:700 PLSQL: INICIALIZADO PAQUETE DE LOG EL DIA 28-06-2022
02 12:17:34:710 Actualizado SID 630 SERIAL 39368 del proceso con PID 11244

00 12:42:30:060 Fichero de log cerrado.

00 12:42:45:764 Fichero de log abierto PID 5360

02 12:42:45:765 Intentando abrir fichero v10.ini
02 12:42:45:770 Cargando driver v10oracle funcion damedriveroracle
02 12:42:46:517 Conectado a base de datos
02 12:42:46:519 Proceso RECARGAS encontrado en tabla VDPROCESOS
02 12:42:46:519 Proceso RECARGAS cargado con función vdrecargasalm (Librería VDKERNEL.DLL) direccion 6BFF8920
02 12:42:46:519 Proceso RESERVA encontrado en tabla VDPROCESOS
02 12:42:46:519 Proceso RESERVA cargado con función vdbuscademc (Librería VDKERNEL.DLL) direccion 6BFF67B0
02 12:42:46:522 PLSQL: INICIALIZADO PAQUETE DE LOG EL DIA 28-06-2022
02 12:42:46:532 Actualizado SID 8 SERIAL 48843 del proceso con PID 5360

00 13:34:12:799 Fichero de log cerrado.

00 13:34:40:225 Fichero de log abierto PID 11508

02 13:34:40:225 Intentando abrir fichero v10.ini
02 13:34:40:232 Cargando driver v10oracle funcion damedriveroracle
02 13:34:40:970 Conectado a base de datos
02 13:34:40:972 Proceso RECARGAS encontrado en tabla VDPROCESOS
02 13:34:40:974 Proceso RECARGAS cargado con función vdrecargasalm (Librería VDKERNEL.DLL) direccion 6BFF8920
02 13:34:40:975 Proceso RESERVA encontrado en tabla VDPROCESOS
02 13:34:40:975 Proceso RESERVA cargado con función vdbuscademc (Librería VDKERNEL.DLL) direccion 6BFF67B0
02 13:34:40:977 PLSQL: INICIALIZADO PAQUETE DE LOG EL DIA 28-06-2022
02 13:34:40:990 Actualizado SID 384 SERIAL 12475 del proceso con PID 11508

00 13:35:55:742 Fichero de log cerrado.

00 13:36:00:180 Fichero de log abierto PID 15716

02 13:36:00:182 Intentando abrir fichero v10.ini
02 13:36:00:190 Cargando driver v10oracle funcion damedriveroracle
02 13:36:00:879 Conectado a base de datos
02 13:36:00:880 Proceso RECARGAS encontrado en tabla VDPROCESOS
02 13:36:00:880 Proceso RECARGAS cargado con función vdrecargasalm (Librería VDKERNEL.DLL) direccion 6BFF8920
02 13:36:00:880 Proceso RESERVA encontrado en tabla VDPROCESOS
02 13:36:00:880 Proceso RESERVA cargado con función vdbuscademc (Librería VDKERNEL.DLL) direccion 6BFF67B0
02 13:36:00:884 PLSQL: INICIALIZADO PAQUETE DE LOG EL DIA 28-06-2022
02 13:36:00:895 Actualizado SID 505 SERIAL 57794 del proceso con PID 15716

00 13:36:42:907 Fichero de log cerrado.

00 13:44:14:544 Fichero de log abierto PID 14076

02 13:44:14:547 Intentando abrir fichero v10.ini
02 13:44:14:552 Cargando driver v10oracle funcion damedriveroracle
02 13:44:15:250 Conectado a base de datos
02 13:44:15:250 Proceso RECARGAS encontrado en tabla VDPROCESOS
02 13:44:15:250 Proceso RECARGAS cargado con función vdrecargasalm (Librería VDKERNEL.DLL) direccion 6BFF8920
02 13:44:15:250 Proceso RESERVA encontrado en tabla VDPROCESOS
02 13:44:15:250 Proceso RESERVA cargado con función vdbuscademc (Librería VDKERNEL.DLL) direccion 6BFF67B0
02 13:44:15:255 PLSQL: INICIALIZADO PAQUETE DE LOG EL DIA 28-06-2022
02 13:44:15:262 Actualizado SID 501 SERIAL 47360 del proceso con PID 14076

00 14:45:59:844 Fichero de log cerrado.

00 14:46:22:757 Fichero de log abierto PID 11924

02 14:46:22:759 Intentando abrir fichero v10.ini
02 14:46:22:765 Cargando driver v10oracle funcion damedriveroracle
02 14:46:23:620 Conectado a base de datos
02 14:46:23:622 Proceso RECARGAS encontrado en tabla VDPROCESOS
02 14:46:23:622 Proceso RECARGAS cargado con función vdrecargasalm (Librería VDKERNEL.DLL) direccion 6BFF8920
02 14:46:23:624 Proceso RESERVA encontrado en tabla VDPROCESOS
02 14:46:23:624 Proceso RESERVA cargado con función vdbuscademc (Librería VDKERNEL.DLL) direccion 6BFF67B0
02 14:46:23:625 PLSQL: INICIALIZADO PAQUETE DE LOG EL DIA 28-06-2022
02 14:46:23:635 Actualizado SID 128 SERIAL 11091 del proceso con PID 11924

00 17:58:49:100 Fichero de log cerrado.

