00 10:16:34:697 Fichero de log abierto PID 17084

02 10:16:34:751 Intentando abrir fichero v10.ini
02 10:16:34:757 Cargando driver v10oracle funcion damedriveroracle
02 10:16:35:558 Conectado a base de datos
02 10:16:35:561 Proceso RECARGAS encontrado en tabla VDPROCESOS
02 10:16:35:562 Proceso RECARGAS cargado con función vdrecargasalm (Librería VDKERNEL.DLL) direccion 705D8920
02 10:16:35:562 Proceso RESERVA encontrado en tabla VDPROCESOS
02 10:16:35:562 Proceso RESERVA cargado con función vdbuscademc (Librería VDKERNEL.DLL) direccion 705D67B0
02 10:16:35:564 PLSQL: INICIALIZADO PAQUETE DE LOG EL DIA 30-03-2022
02 10:16:35:572 Actualizado SID 507 SERIAL 18783 del proceso con PID 17084

00 13:42:33:554 Fichero de log cerrado.

00 13:42:40:010 Fichero de log abierto PID 13020

02 13:42:40:014 Intentando abrir fichero v10.ini
02 13:42:40:020 Cargando driver v10oracle funcion damedriveroracle
02 13:42:40:795 Conectado a base de datos
02 13:42:40:797 Proceso RECARGAS encontrado en tabla VDPROCESOS
02 13:42:40:799 Proceso RECARGAS cargado con función vdrecargasalm (Librería VDKERNEL.DLL) direccion 705D8920
02 13:42:40:799 Proceso RESERVA encontrado en tabla VDPROCESOS
02 13:42:40:799 Proceso RESERVA cargado con función vdbuscademc (Librería VDKERNEL.DLL) direccion 705D67B0
02 13:42:40:801 PLSQL: INICIALIZADO PAQUETE DE LOG EL DIA 30-03-2022
02 13:42:40:812 Actualizado SID 632 SERIAL 209 del proceso con PID 13020

00 15:19:56:209 Fichero de log cerrado.

00 15:20:00:202 Fichero de log abierto PID 5024

02 15:20:00:204 Intentando abrir fichero v10.ini
02 15:20:00:212 Cargando driver v10oracle funcion damedriveroracle
02 15:20:01:147 Conectado a base de datos
02 15:20:01:149 Proceso RECARGAS encontrado en tabla VDPROCESOS
02 15:20:01:150 Proceso RECARGAS cargado con función vdrecargasalm (Librería VDKERNEL.DLL) direccion 705D8920
02 15:20:01:150 Proceso RESERVA encontrado en tabla VDPROCESOS
02 15:20:01:150 Proceso RESERVA cargado con función vdbuscademc (Librería VDKERNEL.DLL) direccion 705D67B0
02 15:20:01:153 PLSQL: INICIALIZADO PAQUETE DE LOG EL DIA 30-03-2022
02 15:20:01:165 Actualizado SID 143 SERIAL 8256 del proceso con PID 5024

00 16:07:52:437 Fichero de log cerrado.

00 16:08:01:327 Fichero de log abierto PID 7600

02 16:08:01:337 Intentando abrir fichero v10.ini
02 16:08:01:357 Cargando driver v10oracle funcion damedriveroracle
02 16:08:03:700 Conectado a base de datos
02 16:08:03:705 Proceso RECARGAS encontrado en tabla VDPROCESOS
02 16:08:03:707 Proceso RECARGAS cargado con función vdrecargasalm (Librería VDKERNEL.DLL) direccion 705D8920
02 16:08:03:707 Proceso RESERVA encontrado en tabla VDPROCESOS
02 16:08:03:707 Proceso RESERVA cargado con función vdbuscademc (Librería VDKERNEL.DLL) direccion 705D67B0
02 16:08:03:714 PLSQL: INICIALIZADO PAQUETE DE LOG EL DIA 30-03-2022
02 16:08:03:755 Actualizado SID 15 SERIAL 14081 del proceso con PID 7600

00 17:18:02:715 Fichero de log cerrado.

00 17:18:06:830 Fichero de log abierto PID 19300

02 17:18:06:834 Intentando abrir fichero v10.ini
02 17:18:06:850 Cargando driver v10oracle funcion damedriveroracle
02 17:18:09:674 Conectado a base de datos
02 17:18:09:679 Proceso RECARGAS encontrado en tabla VDPROCESOS
02 17:18:09:680 Proceso RECARGAS cargado con función vdrecargasalm (Librería VDKERNEL.DLL) direccion 705D8920
02 17:18:09:682 Proceso RESERVA encontrado en tabla VDPROCESOS
02 17:18:09:682 Proceso RESERVA cargado con función vdbuscademc (Librería VDKERNEL.DLL) direccion 705D67B0
02 17:18:09:686 PLSQL: INICIALIZADO PAQUETE DE LOG EL DIA 30-03-2022
02 17:18:09:714 Actualizado SID 260 SERIAL 42971 del proceso con PID 19300

00 17:59:17:457 Fichero de log cerrado.

