00 14:47:32:129 Fichero de log abierto PID 1712

02 14:47:32:130 Intentando abrir fichero v10.ini
02 14:47:32:130 Cargando driver v10oracle funcion damedriveroracle
02 14:47:32:745 Conectado a base de datos
02 14:47:32:745 Proceso RECARGAS encontrado en tabla VDPROCESOS
02 14:47:32:745 Proceso RECARGAS cargado con función vdrecargasalm (Librería VDKERNEL.DLL) direccion 62678920
02 14:47:32:745 Proceso RESERVA encontrado en tabla VDPROCESOS
02 14:47:32:745 Proceso RESERVA cargado con función vdbuscademc (Librería VDKERNEL.DLL) direccion 626767B0
02 14:47:32:746 PLSQL: INICIALIZADO PAQUETE DE LOG EL DIA 23-06-2022
02 14:47:32:765 Actualizado SID 144 SERIAL 30415 del proceso con PID 1712
00 16:16:47:445 Programa finaliza por Error Oracle Fatal 3135 en cursor
	SELPROEJECUTAINMEDIATO

00 16:16:47:810 Fichero de log cerrado.

00 16:19:02:812 Fichero de log abierto PID 2324

02 16:19:02:812 Intentando abrir fichero v10.ini
02 16:19:02:820 Cargando driver v10oracle funcion damedriveroracle
02 16:19:03:437 Conectado a base de datos
02 16:19:03:440 Proceso RECARGAS encontrado en tabla VDPROCESOS
02 16:19:03:440 Proceso RECARGAS cargado con función vdrecargasalm (Librería VDKERNEL.DLL) direccion 6B978920
02 16:19:03:440 Proceso RESERVA encontrado en tabla VDPROCESOS
02 16:19:03:440 Proceso RESERVA cargado con función vdbuscademc (Librería VDKERNEL.DLL) direccion 6B9767B0
02 16:19:03:443 PLSQL: INICIALIZADO PAQUETE DE LOG EL DIA 23-06-2022
02 16:19:03:452 Actualizado SID 266 SERIAL 51682 del proceso con PID 2324

00 16:36:14:770 Fichero de log cerrado.

00 16:37:29:960 Fichero de log abierto PID 5712

02 16:37:29:962 Intentando abrir fichero v10.ini
02 16:37:29:965 Cargando driver v10oracle funcion damedriveroracle
02 16:37:30:515 Conectado a base de datos
02 16:37:30:517 Proceso RECARGAS encontrado en tabla VDPROCESOS
02 16:37:30:519 Proceso RECARGAS cargado con función vdrecargasalm (Librería VDKERNEL.DLL) direccion 6B978920
02 16:37:30:519 Proceso RESERVA encontrado en tabla VDPROCESOS
02 16:37:30:519 Proceso RESERVA cargado con función vdbuscademc (Librería VDKERNEL.DLL) direccion 6B9767B0
02 16:37:30:521 PLSQL: INICIALIZADO PAQUETE DE LOG EL DIA 23-06-2022
02 16:37:30:529 Actualizado SID 261 SERIAL 10545 del proceso con PID 5712

00 16:52:15:364 Fichero de log cerrado.

00 16:52:29:977 Fichero de log abierto PID 12108

02 16:52:29:980 Intentando abrir fichero v10.ini
02 16:52:29:985 Cargando driver v10oracle funcion damedriveroracle
02 16:52:30:385 Conectado a base de datos
02 16:52:30:387 Proceso RECARGAS encontrado en tabla VDPROCESOS
02 16:52:30:387 Proceso RECARGAS cargado con función vdrecargasalm (Librería VDKERNEL.DLL) direccion 6B978920
02 16:52:30:387 Proceso RESERVA encontrado en tabla VDPROCESOS
02 16:52:30:387 Proceso RESERVA cargado con función vdbuscademc (Librería VDKERNEL.DLL) direccion 6B9767B0
02 16:52:30:389 PLSQL: INICIALIZADO PAQUETE DE LOG EL DIA 23-06-2022
02 16:52:30:400 Actualizado SID 256 SERIAL 59717 del proceso con PID 12108

00 17:06:53:509 Fichero de log cerrado.

00 17:07:21:295 Fichero de log abierto PID 13388

02 17:07:21:295 Intentando abrir fichero v10.ini
02 17:07:21:302 Cargando driver v10oracle funcion damedriveroracle
02 17:07:21:919 Conectado a base de datos
02 17:07:21:919 Proceso RECARGAS encontrado en tabla VDPROCESOS
02 17:07:21:919 Proceso RECARGAS cargado con función vdrecargasalm (Librería VDKERNEL.DLL) direccion 6B978920
02 17:07:21:919 Proceso RESERVA encontrado en tabla VDPROCESOS
02 17:07:21:919 Proceso RESERVA cargado con función vdbuscademc (Librería VDKERNEL.DLL) direccion 6B9767B0
02 17:07:21:919 PLSQL: INICIALIZADO PAQUETE DE LOG EL DIA 23-06-2022
02 17:07:21:925 Actualizado SID 376 SERIAL 9340 del proceso con PID 13388

00 17:17:38:190 Fichero de log cerrado.

00 17:17:45:420 Fichero de log abierto PID 8864

02 17:17:45:447 Intentando abrir fichero v10.ini
02 17:17:45:450 Cargando driver v10oracle funcion damedriveroracle
02 17:17:46:112 Conectado a base de datos
02 17:17:46:112 Proceso RECARGAS encontrado en tabla VDPROCESOS
02 17:17:46:112 Proceso RECARGAS cargado con función vdrecargasalm (Librería VDKERNEL.DLL) direccion 6B978920
02 17:17:46:114 Proceso RESERVA encontrado en tabla VDPROCESOS
02 17:17:46:114 Proceso RESERVA cargado con función vdbuscademc (Librería VDKERNEL.DLL) direccion 6B9767B0
02 17:17:46:115 PLSQL: INICIALIZADO PAQUETE DE LOG EL DIA 23-06-2022
02 17:17:46:135 Actualizado SID 8 SERIAL 11098 del proceso con PID 8864

00 17:45:44:547 Fichero de log cerrado.

