00 09:05:36:050 Fichero de log abierto PID 10152

02 09:05:36:051 Intentando abrir fichero v10.ini
02 09:05:36:057 Cargando driver v10oracle funcion damedriveroracle
02 09:05:36:802 Conectado a base de datos
02 09:05:36:805 Proceso RECARGAS encontrado en tabla VDPROCESOS
02 09:05:36:805 Proceso RECARGAS cargado con función vdrecargasalm (Librería VDKERNEL.DLL) direccion 705E8920
02 09:05:36:805 Proceso RESERVA encontrado en tabla VDPROCESOS
02 09:05:36:805 Proceso RESERVA cargado con función vdbuscademc (Librería VDKERNEL.DLL) direccion 705E67B0
02 09:05:36:808 PLSQL: INICIALIZADO PAQUETE DE LOG EL DIA 24-03-2022
02 09:05:36:817 Actualizado SID 626 SERIAL 22601 del proceso con PID 10152

00 10:23:49:043 Fichero de log cerrado.

00 10:23:56:527 Fichero de log abierto PID 5632

02 10:23:56:528 Intentando abrir fichero v10.ini
02 10:23:56:535 Cargando driver v10oracle funcion damedriveroracle
02 10:23:57:291 Conectado a base de datos
02 10:23:57:292 Proceso RECARGAS encontrado en tabla VDPROCESOS
02 10:23:57:292 Proceso RECARGAS cargado con función vdrecargasalm (Librería VDKERNEL.DLL) direccion 705E8920
02 10:23:57:292 Proceso RESERVA encontrado en tabla VDPROCESOS
02 10:23:57:292 Proceso RESERVA cargado con función vdbuscademc (Librería VDKERNEL.DLL) direccion 705E67B0
02 10:23:57:294 PLSQL: INICIALIZADO PAQUETE DE LOG EL DIA 24-03-2022
02 10:23:57:301 Actualizado SID 143 SERIAL 16311 del proceso con PID 5632

00 17:58:50:005 Fichero de log cerrado.

