00 09:09:35:413 Fichero de log abierto PID 9740

02 09:09:35:416 Intentando abrir fichero v10.ini
02 09:09:35:422 Cargando driver v10oracle funcion damedriveroracle
02 09:09:36:121 Conectado a base de datos
02 09:09:36:122 Proceso RECARGAS encontrado en tabla VDPROCESOS
02 09:09:36:122 Proceso RECARGAS cargado con función vdrecargasalm (Librería VDKERNEL.DLL) direccion 6FDF8920
02 09:09:36:122 Proceso RESERVA encontrado en tabla VDPROCESOS
02 09:09:36:122 Proceso RESERVA cargado con función vdbuscademc (Librería VDKERNEL.DLL) direccion 6FDF67B0
02 09:09:36:125 PLSQL: INICIALIZADO PAQUETE DE LOG EL DIA 05-04-2022
02 09:09:36:135 Actualizado SID 384 SERIAL 64041 del proceso con PID 9740

00 09:57:03:202 Fichero de log cerrado.

00 09:57:16:580 Fichero de log abierto PID 17080

02 09:57:16:581 Intentando abrir fichero v10.ini
02 09:57:16:587 Cargando driver v10oracle funcion damedriveroracle
02 09:57:17:221 Conectado a base de datos
02 09:57:17:222 Proceso RECARGAS encontrado en tabla VDPROCESOS
02 09:57:17:223 Proceso RECARGAS cargado con función vdrecargasalm (Librería VDKERNEL.DLL) direccion 6FDF8920
02 09:57:17:223 Proceso RESERVA encontrado en tabla VDPROCESOS
02 09:57:17:223 Proceso RESERVA cargado con función vdbuscademc (Librería VDKERNEL.DLL) direccion 6FDF67B0
02 09:57:17:226 PLSQL: INICIALIZADO PAQUETE DE LOG EL DIA 05-04-2022
02 09:57:17:237 Actualizado SID 509 SERIAL 16998 del proceso con PID 17080

00 10:01:40:410 Fichero de log cerrado.

00 10:03:38:662 Fichero de log abierto PID 3792

02 10:03:38:663 Intentando abrir fichero v10.ini
02 10:03:38:671 Cargando driver v10oracle funcion damedriveroracle
02 10:03:39:240 Conectado a base de datos
02 10:03:39:241 Proceso RECARGAS encontrado en tabla VDPROCESOS
02 10:03:39:242 Proceso RECARGAS cargado con función vdrecargasalm (Librería VDKERNEL.DLL) direccion 6E088920
02 10:03:39:242 Proceso RESERVA encontrado en tabla VDPROCESOS
02 10:03:39:242 Proceso RESERVA cargado con función vdbuscademc (Librería VDKERNEL.DLL) direccion 6E0867B0
02 10:03:39:244 PLSQL: INICIALIZADO PAQUETE DE LOG EL DIA 05-04-2022
02 10:03:39:255 Actualizado SID 625 SERIAL 1856 del proceso con PID 3792

00 16:14:51:332 Fichero de log cerrado.

00 16:15:02:230 Fichero de log abierto PID 7828

02 16:15:02:232 Intentando abrir fichero v10.ini
02 16:15:02:240 Cargando driver v10oracle funcion damedriveroracle
02 16:15:03:575 Conectado a base de datos
02 16:15:03:577 Proceso RECARGAS encontrado en tabla VDPROCESOS
02 16:15:03:577 Proceso RECARGAS cargado con función vdrecargasalm (Librería VDKERNEL.DLL) direccion 6E088920
02 16:15:03:577 Proceso RESERVA encontrado en tabla VDPROCESOS
02 16:15:03:577 Proceso RESERVA cargado con función vdbuscademc (Librería VDKERNEL.DLL) direccion 6E0867B0
02 16:15:03:583 PLSQL: INICIALIZADO PAQUETE DE LOG EL DIA 05-04-2022
02 16:15:03:622 Actualizado SID 869 SERIAL 36965 del proceso con PID 7828

00 17:58:46:537 Fichero de log cerrado.

