00 14:47:32:099 Fichero de log abierto PID 13052

02 14:47:32:100 Intentando abrir fichero v10.ini
02 14:47:32:100 Cargando driver v10oracle funcion damedriveroracle
02 14:47:32:725 Conectado a base de datos
02 14:47:32:725 Proceso PEDIDOS encontrado en tabla VDPROCESOS
02 14:47:32:725 Proceso PEDIDOS cargado con función vdbuscapedstprio (Librería VDPEDIDOS.DLL) direccion 05FD9BF0
02 14:47:32:725 Proceso RESERVA encontrado en tabla VDPROCESOS
02 14:47:32:725 Proceso RESERVA cargado con función vdbuscademc (Librería VDKERNEL.DLL) direccion 626767B0
02 14:47:32:726 PLSQL: INICIALIZADO PAQUETE DE LOG EL DIA 23-06-2022
02 14:47:32:735 Actualizado SID 388 SERIAL 46294 del proceso con PID 13052
00 16:16:47:445 Programa finaliza por Error Oracle Fatal 3135 en cursor
	SELPROVDPROCESOS

00 16:16:47:810 Fichero de log cerrado.

00 16:19:02:927 Fichero de log abierto PID 12484

02 16:19:02:929 Intentando abrir fichero v10.ini
02 16:19:02:932 Cargando driver v10oracle funcion damedriveroracle
02 16:19:03:574 Conectado a base de datos
02 16:19:03:574 Proceso PEDIDOS encontrado en tabla VDPROCESOS
02 16:19:03:574 Proceso PEDIDOS cargado con función vdbuscapedstprio (Librería VDPEDIDOS.DLL) direccion 06559BF0
02 16:19:03:577 Proceso RESERVA encontrado en tabla VDPROCESOS
02 16:19:03:577 Proceso RESERVA cargado con función vdbuscademc (Librería VDKERNEL.DLL) direccion 6B9767B0
02 16:19:03:579 PLSQL: INICIALIZADO PAQUETE DE LOG EL DIA 23-06-2022
02 16:19:03:584 Actualizado SID 376 SERIAL 3932 del proceso con PID 12484

00 16:36:14:769 Fichero de log cerrado.

00 16:37:29:890 Fichero de log abierto PID 11736

02 16:37:29:892 Intentando abrir fichero v10.ini
02 16:37:29:897 Cargando driver v10oracle funcion damedriveroracle
02 16:37:30:334 Conectado a base de datos
02 16:37:30:335 Proceso PEDIDOS encontrado en tabla VDPROCESOS
02 16:37:30:337 Proceso PEDIDOS cargado con función vdbuscapedstprio (Librería VDPEDIDOS.DLL) direccion 066F9BF0
02 16:37:30:337 Proceso RESERVA encontrado en tabla VDPROCESOS
02 16:37:30:337 Proceso RESERVA cargado con función vdbuscademc (Librería VDKERNEL.DLL) direccion 6B9767B0
02 16:37:30:339 PLSQL: INICIALIZADO PAQUETE DE LOG EL DIA 23-06-2022
02 16:37:30:349 Actualizado SID 862 SERIAL 3948 del proceso con PID 11736

00 16:52:15:362 Fichero de log cerrado.

00 16:52:30:027 Fichero de log abierto PID 6728

02 16:52:30:029 Intentando abrir fichero v10.ini
02 16:52:30:032 Cargando driver v10oracle funcion damedriveroracle
02 16:52:30:615 Conectado a base de datos
02 16:52:30:615 Proceso PEDIDOS encontrado en tabla VDPROCESOS
02 16:52:30:617 Proceso PEDIDOS cargado con función vdbuscapedstprio (Librería VDPEDIDOS.DLL) direccion 05B49BF0
02 16:52:30:617 Proceso RESERVA encontrado en tabla VDPROCESOS
02 16:52:30:617 Proceso RESERVA cargado con función vdbuscademc (Librería VDKERNEL.DLL) direccion 6B9767B0
02 16:52:30:620 PLSQL: INICIALIZADO PAQUETE DE LOG EL DIA 23-06-2022
02 16:52:30:627 Actualizado SID 263 SERIAL 64426 del proceso con PID 6728

00 17:06:53:509 Fichero de log cerrado.

00 17:07:21:157 Fichero de log abierto PID 10304

02 17:07:21:157 Intentando abrir fichero v10.ini
02 17:07:21:162 Cargando driver v10oracle funcion damedriveroracle
02 17:07:21:677 Conectado a base de datos
02 17:07:21:679 Proceso PEDIDOS encontrado en tabla VDPROCESOS
02 17:07:21:680 Proceso PEDIDOS cargado con función vdbuscapedstprio (Librería VDPEDIDOS.DLL) direccion 02039BF0
02 17:07:21:680 Proceso RESERVA encontrado en tabla VDPROCESOS
02 17:07:21:680 Proceso RESERVA cargado con función vdbuscademc (Librería VDKERNEL.DLL) direccion 6B9767B0
02 17:07:21:682 PLSQL: INICIALIZADO PAQUETE DE LOG EL DIA 23-06-2022
02 17:07:21:692 Actualizado SID 261 SERIAL 51661 del proceso con PID 10304

00 17:17:38:192 Fichero de log cerrado.

00 17:17:45:510 Fichero de log abierto PID 14116

02 17:17:45:512 Intentando abrir fichero v10.ini
02 17:17:45:515 Cargando driver v10oracle funcion damedriveroracle
02 17:17:46:165 Conectado a base de datos
02 17:17:46:165 Proceso PEDIDOS encontrado en tabla VDPROCESOS
02 17:17:46:169 Proceso PEDIDOS cargado con función vdbuscapedstprio (Librería VDPEDIDOS.DLL) direccion 05BB9BF0
02 17:17:46:169 Proceso RESERVA encontrado en tabla VDPROCESOS
02 17:17:46:169 Proceso RESERVA cargado con función vdbuscademc (Librería VDKERNEL.DLL) direccion 6B9767B0
02 17:17:46:170 PLSQL: INICIALIZADO PAQUETE DE LOG EL DIA 23-06-2022
02 17:17:46:170 Actualizado SID 143 SERIAL 4255 del proceso con PID 14116

00 17:45:44:547 Fichero de log cerrado.

