00 11:54:47:520 Fichero de log abierto PID 8932

02 11:54:47:522 Intentando abrir fichero v10.ini
02 11:54:47:527 Cargando driver v10oracle funcion damedriveroracle
02 11:54:47:915 Conectado a base de datos
02 11:54:47:917 Proceso PEDIDOS encontrado en tabla VDPROCESOS
02 11:54:48:312 Proceso PEDIDOS cargado con función vdbuscapedstprio (Librería VDPEDIDOS.DLL) direccion 04D89BF0
02 11:54:48:312 Proceso RESERVA encontrado en tabla VDPROCESOS
02 11:54:48:312 Proceso RESERVA cargado con función vdbuscademc (Librería VDKERNEL.DLL) direccion 614B67B0
02 11:54:48:314 PLSQL: INICIALIZADO PAQUETE DE LOG EL DIA 30-06-2022
02 11:54:48:334 Actualizado SID 867 SERIAL 64738 del proceso con PID 8932

00 12:04:30:242 Fichero de log cerrado.

00 12:04:43:260 Fichero de log abierto PID 6728

02 12:04:43:262 Intentando abrir fichero v10.ini
02 12:04:43:265 Cargando driver v10oracle funcion damedriveroracle
02 12:04:43:860 Conectado a base de datos
02 12:04:43:862 Proceso PEDIDOS encontrado en tabla VDPROCESOS
02 12:04:43:864 Proceso PEDIDOS cargado con función vdbuscapedstprio (Librería VDPEDIDOS.DLL) direccion 07E49BF0
02 12:04:43:864 Proceso RESERVA encontrado en tabla VDPROCESOS
02 12:04:43:864 Proceso RESERVA cargado con función vdbuscademc (Librería VDKERNEL.DLL) direccion 614B67B0
02 12:04:43:866 PLSQL: INICIALIZADO PAQUETE DE LOG EL DIA 30-06-2022
02 12:04:43:874 Actualizado SID 263 SERIAL 53824 del proceso con PID 6728

00 12:05:30:429 Fichero de log cerrado.

00 12:07:06:619 Fichero de log abierto PID 7496

02 12:07:06:620 Intentando abrir fichero v10.ini
02 12:07:06:625 Cargando driver v10oracle funcion damedriveroracle
02 12:07:07:110 Conectado a base de datos
02 12:07:07:110 Proceso PEDIDOS encontrado en tabla VDPROCESOS
02 12:07:07:110 Proceso PEDIDOS cargado con función vdbuscapedstprio (Librería VDPEDIDOS.DLL) direccion 05BA9BF0
02 12:07:07:112 Proceso RESERVA encontrado en tabla VDPROCESOS
02 12:07:07:112 Proceso RESERVA cargado con función vdbuscademc (Librería VDKERNEL.DLL) direccion 614B67B0
02 12:07:07:115 PLSQL: INICIALIZADO PAQUETE DE LOG EL DIA 30-06-2022
02 12:07:07:124 Actualizado SID 10 SERIAL 49081 del proceso con PID 7496

00 13:58:50:710 Fichero de log cerrado.

00 13:59:07:829 Fichero de log abierto PID 8508

02 13:59:07:829 Intentando abrir fichero v10.ini
02 13:59:07:840 Cargando driver v10oracle funcion damedriveroracle
02 13:59:08:362 Conectado a base de datos
02 13:59:08:364 Proceso PEDIDOS encontrado en tabla VDPROCESOS
02 13:59:08:365 Proceso PEDIDOS cargado con función vdbuscapedstprio (Librería VDPEDIDOS.DLL) direccion 07C99BF0
02 13:59:08:365 Proceso RESERVA encontrado en tabla VDPROCESOS
02 13:59:08:365 Proceso RESERVA cargado con función vdbuscademc (Librería VDKERNEL.DLL) direccion 614B67B0
02 13:59:08:368 PLSQL: INICIALIZADO PAQUETE DE LOG EL DIA 30-06-2022
02 13:59:08:375 Actualizado SID 378 SERIAL 54112 del proceso con PID 8508
02 16:47:19:532 Ejecucion número 10001 del proceso PEDIDOS total 589017

00 17:31:35:282 Fichero de log cerrado.

00 17:31:48:440 Fichero de log abierto PID 7716

02 17:31:48:442 Intentando abrir fichero v10.ini
02 17:31:48:445 Cargando driver v10oracle funcion damedriveroracle
02 17:31:49:025 Conectado a base de datos
02 17:31:49:025 Proceso PEDIDOS encontrado en tabla VDPROCESOS
02 17:31:49:027 Proceso PEDIDOS cargado con función vdbuscapedstprio (Librería VDPEDIDOS.DLL) direccion 06D99BF0
02 17:31:49:027 Proceso RESERVA encontrado en tabla VDPROCESOS
02 17:31:49:027 Proceso RESERVA cargado con función vdbuscademc (Librería VDKERNEL.DLL) direccion 614B67B0
02 17:31:49:030 PLSQL: INICIALIZADO PAQUETE DE LOG EL DIA 30-06-2022
02 17:31:49:040 Actualizado SID 137 SERIAL 9583 del proceso con PID 7716

00 17:46:21:449 Fichero de log cerrado.

00 17:46:34:044 Fichero de log abierto PID 16280

02 17:46:34:045 Intentando abrir fichero v10.ini
02 17:46:34:050 Cargando driver v10oracle funcion damedriveroracle
02 17:46:34:709 Conectado a base de datos
02 17:46:34:710 Proceso PEDIDOS encontrado en tabla VDPROCESOS
02 17:46:34:712 Proceso PEDIDOS cargado con función vdbuscapedstprio (Librería VDPEDIDOS.DLL) direccion 049E9BF0
02 17:46:34:712 Proceso RESERVA encontrado en tabla VDPROCESOS
02 17:46:34:712 Proceso RESERVA cargado con función vdbuscademc (Librería VDKERNEL.DLL) direccion 614B67B0
02 17:46:34:714 PLSQL: INICIALIZADO PAQUETE DE LOG EL DIA 30-06-2022
02 17:46:34:722 Actualizado SID 747 SERIAL 27860 del proceso con PID 16280

00 17:49:57:507 Fichero de log cerrado.

00 17:51:15:332 Fichero de log abierto PID 15552

02 17:51:15:332 Intentando abrir fichero v10.ini
02 17:51:15:340 Cargando driver v10oracle funcion damedriveroracle
02 17:51:16:000 Conectado a base de datos
02 17:51:16:000 Proceso PEDIDOS encontrado en tabla VDPROCESOS
02 17:51:16:002 Proceso PEDIDOS cargado con función vdbuscapedstprio (Librería VDPEDIDOS.DLL) direccion 06709BF0
02 17:51:16:002 Proceso RESERVA encontrado en tabla VDPROCESOS
02 17:51:16:002 Proceso RESERVA cargado con función vdbuscademc (Librería VDKERNEL.DLL) direccion 700367B0
02 17:51:16:004 PLSQL: INICIALIZADO PAQUETE DE LOG EL DIA 30-06-2022
02 17:51:16:012 Actualizado SID 627 SERIAL 49617 del proceso con PID 15552

00 17:52:14:372 Fichero de log cerrado.

