00 17:57:01:700 Fichero de log abierto PID 10580

02 17:57:01:700 Intentando abrir fichero v10.ini
02 17:57:01:709 Cargando driver v10oracle funcion damedriveroracle
02 17:57:01:755 Conectado a base de datos
02 17:57:01:769 Proceso PEDIDOS encontrado en tabla VDPROCESOS
02 17:57:01:770 Proceso PEDIDOS cargado con función vdbuscapedstprio (Librería VDPEDIDOS.DLL) direccion 055C9BF0
02 17:57:01:770 Proceso RESERVA encontrado en tabla VDPROCESOS
02 17:57:01:770 Proceso RESERVA cargado con función vdbuscademc (Librería VDKERNEL.DLL) direccion 5F7767B0
02 17:57:01:773 PLSQL: INICIALIZADO PAQUETE DE LOG EL DIA 06-05-2020
02 17:57:01:862 vdbuscapedstprio: Procesando cabecera de pedido. VDPEDIDOCAB: coddiv BEL anoped 2020 codped 798808 seqped 1 
02 17:57:02:714 PLSQL: CREADEMANDAPEDIDO :  CREADA CABECERA DE DEMANDA PEDIDO  4071 PARA EL PEDIDO  BEL
02 17:57:02:778 PLSQL: CREADEMANDAPEDIDO :  INSERTADO LÍNEA DE DEMANDA. LINDEMANDA: 3 , CODART: BEL6009750 , CODLOT: , TIPOREDONDEO: N, CANTIDAD: 1, UBIC. DESTINO: EXPN1415, AREA DESTINO: EXPEDN1415 PEDIDOHOST 180527
02 17:57:02:804 creademandapedido: generadas 1 lineas de demandas en demanda PEDIDO 4071
02 17:57:02:807 RESERVA: Tratando Cabecera de Demanda VDDEMANDACAB: tipodemanda PEDIDO coddemanda 4071 
02 17:57:02:918 PLSQL: RESERVAPEDIDOSTD :  INICIO  *******  VDDEM.RESERVAPEDIDOSTD  ********
02 17:57:02:918 PLSQL: RESERVAPEDIDOSTD :  DEMANDA 4071
02 17:57:02:918 PLSQL: -----------LOG :  UNIDADES: DATOS DEMANDA - 4071-PEDIDO-3
02 17:57:02:918 PLSQL: -----------LOG :  UNIDADES: DATOS DEMANDA - EXPN1415
02 17:57:02:918 PLSQL: RESERVAPEDIDOSTD :  INICIO RESERVA DE 1  UN DE ARTICULO  BEL6009750  Y LOTE     DE LINEA DE DEMANDA '4071-PEDIDO-3 UNIAGRUPA='U' TIPOREDONDEO='N'
02 17:57:02:918 PLSQL: -------------- :  CONTENEDORES: INICIO RESERVA -----------
02 17:57:02:918 PLSQL: CONTENEDORES :  FALTA: 1 MAXUNI: 0
02 17:57:02:918 PLSQL: CONTENEDORES :  TAREA: PEDCONTE NO SE RESERVA POR CONTENEDORES AL NO SUPERAR EL MINPAL 1 4
02 17:57:02:918 PLSQL: -------------- :  CONTENEDORES: FIN RESERVA --------------
02 17:57:02:918 PLSQL: -------------- :  EMBALAJES: INICIO RESERVA --------------
02 17:57:02:918 PLSQL: EMBALAJES :  TAREA: PEDEMBA , RESERVADIFERIDA DE: 1
02 17:57:02:935 PLSQL: CREAMOV :  CREADO MOVTO  16827 
02 17:57:02:937 PLSQL: RESERVAPEDIDODIF :   CREADO MOVTO 16827 PARA RESERVA DE CAJAS
02 17:57:02:937 PLSQL: EMBALAJES :  TAREA: PEDEMBA , RESERVADO: 1
02 17:57:02:937 PLSQL: -------------- :  EMBALAJES: FIN RESERVA ----------------- PEDUNI
02 17:57:02:937 PLSQL: -------------- :  UNIDADES: INICIO RESERVA ---------------
02 17:57:02:937 PLSQL: -----------LOG :  UNIDADES: N-N
02 17:57:02:937 PLSQL: UNIDADES :  NO RESERVA POR UNIDADES AL FALTAR POR RESERVAR: 0  UN
02 17:57:02:937 PLSQL: -------------- :  UNIDADES: FIN RESERVA ------------------ 0
02 17:57:02:937 PLSQL: RESERVAPEDIDOSTD :  FINAL RESERVA. HA RESERVADO 1  UN DE UN TOTAL DE 1  UN  UN DE ARTICULO 'BEL6009750'DE LINEA DE DEMANDA '4071-PEDIDO-3
02 17:57:02:979 RESERVA: Finalizado procesamiento de Demanda. VDDEMANDACAB: tipodemanda PEDIDO coddemanda 4071 
02 17:57:03:047 vdlanzapedidosstd: pedido VDPEDIDOCAB: coddiv BEL anoped 2020 codped 798808 seqped 1  pasa a estado 2500
02 17:57:03:067 vdbuscapedstprio: Procesando cabecera de pedido. VDPEDIDOCAB: coddiv BEL anoped 2020 codped 798835 seqped 1 
02 17:57:03:075 PLSQL: CREADEMANDAPEDIDO :  CREADA CABECERA DE DEMANDA PEDIDO  4072 PARA EL PEDIDO  BEL
02 17:57:03:075 PLSQL: CREADEMANDAPEDIDO :  INSERTADO LÍNEA DE DEMANDA. LINDEMANDA: 17 , CODART: BEL2A , CODLOT: , TIPOREDONDEO: N, CANTIDAD: 24, UBIC. DESTINO: EXPN1415, AREA DESTINO: EXPEDN1415 PEDIDOHOST 180527
02 17:57:03:075 PLSQL: CREADEMANDAPEDIDO :  INSERTADO LÍNEA DE DEMANDA. LINDEMANDA: 18 , CODART: BEL228A , CODLOT: , TIPOREDONDEO: N, CANTIDAD: 12, UBIC. DESTINO: EXPN1415, AREA DESTINO: EXPEDN1415 PEDIDOHOST 180527
02 17:57:03:075 PLSQL: CREADEMANDAPEDIDO :  INSERTADO LÍNEA DE DEMANDA. LINDEMANDA: 19 , CODART: BEL228C , CODLOT: , TIPOREDONDEO: N, CANTIDAD: 12, UBIC. DESTINO: EXPN1415, AREA DESTINO: EXPEDN1415 PEDIDOHOST 180527
02 17:57:03:075 PLSQL: CREADEMANDAPEDIDO :  INSERTADO LÍNEA DE DEMANDA. LINDEMANDA: 27 , CODART: BEL54603 , CODLOT: , TIPOREDONDEO: N, CANTIDAD: 12, UBIC. DESTINO: EXPN1415, AREA DESTINO: EXPEDN1415 PEDIDOHOST 180527
02 17:57:03:075 PLSQL: CREADEMANDAPEDIDO :  INSERTADO LÍNEA DE DEMANDA. LINDEMANDA: 33 , CODART: BELM1900 , CODLOT: , TIPOREDONDEO: N, CANTIDAD: 6, UBIC. DESTINO: EXPN1415, AREA DESTINO: EXPEDN1415 PEDIDOHOST 180527
02 17:57:03:075 PLSQL: CREADEMANDAPEDIDO :  INSERTADO LÍNEA DE DEMANDA. LINDEMANDA: 28 , CODART: BEL598220600 , CODLOT: , TIPOREDONDEO: N, CANTIDAD: 12, UBIC. DESTINO: EXPN1415, AREA DESTINO: EXPEDN1415 PEDIDOHOST 180527
02 17:57:03:075 PLSQL: CREADEMANDAPEDIDO :  INSERTADO LÍNEA DE DEMANDA. LINDEMANDA: 29 , CODART: BEL598220700 , CODLOT: , TIPOREDONDEO: N, CANTIDAD: 12, UBIC. DESTINO: EXPN1415, AREA DESTINO: EXPEDN1415 PEDIDOHOST 180527
02 17:57:03:075 PLSQL: CREADEMANDAPEDIDO :  INSERTADO LÍNEA DE DEMANDA. LINDEMANDA: 30 , CODART: BEL598222800 , CODLOT: , TIPOREDONDEO: N, CANTIDAD: 12, UBIC. DESTINO: EXPN1415, AREA DESTINO: EXPEDN1415 PEDIDOHOST 180527
02 17:57:03:075 PLSQL: CREADEMANDAPEDIDO :  INSERTADO LÍNEA DE DEMANDA. LINDEMANDA: 31 , CODART: BEL5982221000 , CODLOT: , TIPOREDONDEO: N, CANTIDAD: 12, UBIC. DESTINO: EXPN1415, AREA DESTINO: EXPEDN1415 PEDIDOHOST 180527
02 17:57:03:085 creademandapedido: generadas 9 lineas de demandas en demanda PEDIDO 4072
02 17:57:03:085 RESERVA: Tratando Cabecera de Demanda VDDEMANDACAB: tipodemanda PEDIDO coddemanda 4072 
02 17:57:03:093 PLSQL: RESERVAPEDIDOSTD :  INICIO  *******  VDDEM.RESERVAPEDIDOSTD  ********
02 17:57:03:093 PLSQL: RESERVAPEDIDOSTD :  DEMANDA 4072
02 17:57:03:093 PLSQL: -----------LOG :  UNIDADES: DATOS DEMANDA - 4072-PEDIDO-17
02 17:57:03:093 PLSQL: -----------LOG :  UNIDADES: DATOS DEMANDA - EXPN1415
02 17:57:03:093 PLSQL: RESERVAPEDIDOSTD :  INICIO RESERVA DE 24  UN DE ARTICULO  BEL2A  Y LOTE     DE LINEA DE DEMANDA '4072-PEDIDO-17 UNIAGRUPA='U' TIPOREDONDEO='N'
02 17:57:03:093 PLSQL: -------------- :  CONTENEDORES: INICIO RESERVA -----------
02 17:57:03:094 PLSQL: CONTENEDORES :  FALTA: 24 MAXUNI: 11
02 17:57:03:094 PLSQL: CONTENEDORES :  TAREA: PEDCONTE NO SE RESERVA POR CONTENEDORES AL NO SUPERAR EL MINPAL 2 5
02 17:57:03:094 PLSQL: -------------- :  CONTENEDORES: FIN RESERVA --------------
02 17:57:03:094 PLSQL: -------------- :  EMBALAJES: INICIO RESERVA --------------
02 17:57:03:094 PLSQL: EMBALAJES :  TAREA: PEDEMBA , RESERVADIFERIDA DE: 24
02 17:57:03:094 PLSQL: CREAMOV :  CREADO MOVTO  16828 
02 17:57:03:094 PLSQL: RESERVAPEDIDODIF :   CREADO MOVTO 16828 PARA RESERVA DE CAJAS
02 17:57:03:094 PLSQL: EMBALAJES :  TAREA: PEDEMBA , RESERVADO: 24
02 17:57:03:094 PLSQL: -------------- :  EMBALAJES: FIN RESERVA ----------------- PEDUNI
02 17:57:03:094 PLSQL: -------------- :  UNIDADES: INICIO RESERVA ---------------
02 17:57:03:094 PLSQL: -----------LOG :  UNIDADES: N-N
02 17:57:03:094 PLSQL: UNIDADES :  NO RESERVA POR UNIDADES AL FALTAR POR RESERVAR: 0  UN
02 17:57:03:094 PLSQL: -------------- :  UNIDADES: FIN RESERVA ------------------ 0
02 17:57:03:094 PLSQL: RESERVAPEDIDOSTD :  FINAL RESERVA. HA RESERVADO 24  UN DE UN TOTAL DE 24  UN  UN DE ARTICULO 'BEL2A'DE LINEA DE DEMANDA '4072-PEDIDO-17
02 17:57:03:115 PLSQL: RESERVAPEDIDOSTD :  INICIO  *******  VDDEM.RESERVAPEDIDOSTD  ********
02 17:57:03:115 PLSQL: RESERVAPEDIDOSTD :  DEMANDA 4072
02 17:57:03:115 PLSQL: -----------LOG :  UNIDADES: DATOS DEMANDA - 4072-PEDIDO-18
02 17:57:03:115 PLSQL: -----------LOG :  UNIDADES: DATOS DEMANDA - EXPN1415
02 17:57:03:115 PLSQL: RESERVAPEDIDOSTD :  INICIO RESERVA DE 12  UN DE ARTICULO  BEL228A  Y LOTE     DE LINEA DE DEMANDA '4072-PEDIDO-18 UNIAGRUPA='U' TIPOREDONDEO='N'
02 17:57:03:115 PLSQL: -------------- :  CONTENEDORES: INICIO RESERVA -----------
02 17:57:03:116 PLSQL: CONTENEDORES :  FALTA: 12 MAXUNI: 11
02 17:57:03:116 PLSQL: CONTENEDORES :  TAREA: PEDCONTE NO SE RESERVA POR CONTENEDORES AL NO SUPERAR EL MINPAL 1 5
02 17:57:03:116 PLSQL: -------------- :  CONTENEDORES: FIN RESERVA --------------
02 17:57:03:116 PLSQL: -------------- :  EMBALAJES: INICIO RESERVA --------------
02 17:57:03:116 PLSQL: EMBALAJES :  TAREA: PEDEMBA , RESERVADIFERIDA DE: 12
02 17:57:03:116 PLSQL: CREAMOV :  CREADO MOVTO  16829 
02 17:57:03:116 PLSQL: RESERVAPEDIDODIF :   CREADO MOVTO 16829 PARA RESERVA DE CAJAS
02 17:57:03:116 PLSQL: EMBALAJES :  TAREA: PEDEMBA , RESERVADO: 12
02 17:57:03:116 PLSQL: -------------- :  EMBALAJES: FIN RESERVA ----------------- PEDUNI
02 17:57:03:116 PLSQL: -------------- :  UNIDADES: INICIO RESERVA ---------------
02 17:57:03:116 PLSQL: -----------LOG :  UNIDADES: N-N
02 17:57:03:118 PLSQL: UNIDADES :  NO RESERVA POR UNIDADES AL FALTAR POR RESERVAR: 0  UN
02 17:57:03:118 PLSQL: -------------- :  UNIDADES: FIN RESERVA ------------------ 0
02 17:57:03:118 PLSQL: RESERVAPEDIDOSTD :  FINAL RESERVA. HA RESERVADO 12  UN DE UN TOTAL DE 12  UN  UN DE ARTICULO 'BEL228A'DE LINEA DE DEMANDA '4072-PEDIDO-18
02 17:57:03:135 PLSQL: RESERVAPEDIDOSTD :  INICIO  *******  VDDEM.RESERVAPEDIDOSTD  ********
02 17:57:03:135 PLSQL: RESERVAPEDIDOSTD :  DEMANDA 4072
02 17:57:03:135 PLSQL: -----------LOG :  UNIDADES: DATOS DEMANDA - 4072-PEDIDO-19
02 17:57:03:135 PLSQL: -----------LOG :  UNIDADES: DATOS DEMANDA - EXPN1415
02 17:57:03:135 PLSQL: RESERVAPEDIDOSTD :  INICIO RESERVA DE 12  UN DE ARTICULO  BEL228C  Y LOTE     DE LINEA DE DEMANDA '4072-PEDIDO-19 UNIAGRUPA='U' TIPOREDONDEO='N'
02 17:57:03:135 PLSQL: -------------- :  CONTENEDORES: INICIO RESERVA -----------
02 17:57:03:135 PLSQL: CONTENEDORES :  FALTA: 12 MAXUNI: 11
02 17:57:03:135 PLSQL: CONTENEDORES :  TAREA: PEDCONTE NO SE RESERVA POR CONTENEDORES AL NO SUPERAR EL MINPAL 1 5
02 17:57:03:135 PLSQL: -------------- :  CONTENEDORES: FIN RESERVA --------------
02 17:57:03:135 PLSQL: -------------- :  EMBALAJES: INICIO RESERVA --------------
02 17:57:03:135 PLSQL: EMBALAJES :  TAREA: PEDEMBA , RESERVADIFERIDA DE: 12
02 17:57:03:135 PLSQL: CREAMOV :  CREADO MOVTO  16830 
02 17:57:03:135 PLSQL: RESERVAPEDIDODIF :   CREADO MOVTO 16830 PARA RESERVA DE CAJAS
02 17:57:03:135 PLSQL: EMBALAJES :  TAREA: PEDEMBA , RESERVADO: 12
02 17:57:03:135 PLSQL: -------------- :  EMBALAJES: FIN RESERVA ----------------- PEDUNI
02 17:57:03:135 PLSQL: -------------- :  UNIDADES: INICIO RESERVA ---------------
02 17:57:03:135 PLSQL: -----------LOG :  UNIDADES: N-N
02 17:57:03:135 PLSQL: UNIDADES :  NO RESERVA POR UNIDADES AL FALTAR POR RESERVAR: 0  UN
02 17:57:03:135 PLSQL: -------------- :  UNIDADES: FIN RESERVA ------------------ 0
02 17:57:03:135 PLSQL: RESERVAPEDIDOSTD :  FINAL RESERVA. HA RESERVADO 12  UN DE UN TOTAL DE 12  UN  UN DE ARTICULO 'BEL228C'DE LINEA DE DEMANDA '4072-PEDIDO-19
02 17:57:03:155 PLSQL: RESERVAPEDIDOSTD :  INICIO  *******  VDDEM.RESERVAPEDIDOSTD  ********
02 17:57:03:155 PLSQL: RESERVAPEDIDOSTD :  DEMANDA 4072
02 17:57:03:155 PLSQL: -----------LOG :  UNIDADES: DATOS DEMANDA - 4072-PEDIDO-27
02 17:57:03:155 PLSQL: -----------LOG :  UNIDADES: DATOS DEMANDA - EXPN1415
02 17:57:03:155 PLSQL: RESERVAPEDIDOSTD :  INICIO RESERVA DE 12  UN DE ARTICULO  BEL54603  Y LOTE     DE LINEA DE DEMANDA '4072-PEDIDO-27 UNIAGRUPA='U' TIPOREDONDEO='N'
02 17:57:03:155 PLSQL: -------------- :  CONTENEDORES: INICIO RESERVA -----------
02 17:57:03:155 PLSQL: CONTENEDORES :  FALTA: 12 MAXUNI: 5
02 17:57:03:155 PLSQL: CONTENEDORES :  TAREA: PEDCONTE NO SE RESERVA POR CONTENEDORES AL NO SUPERAR EL MINPAL 2 5
02 17:57:03:155 PLSQL: -------------- :  CONTENEDORES: FIN RESERVA --------------
02 17:57:03:155 PLSQL: -------------- :  EMBALAJES: INICIO RESERVA --------------
02 17:57:03:155 PLSQL: EMBALAJES :  TAREA: PEDEMBA , RESERVADIFERIDA DE: 12
02 17:57:03:155 PLSQL: CREAMOV :  CREADO MOVTO  16831 
02 17:57:03:155 PLSQL: RESERVAPEDIDODIF :   CREADO MOVTO 16831 PARA RESERVA DE CAJAS
02 17:57:03:155 PLSQL: EMBALAJES :  TAREA: PEDEMBA , RESERVADO: 12
02 17:57:03:155 PLSQL: -------------- :  EMBALAJES: FIN RESERVA ----------------- PEDUNI
02 17:57:03:155 PLSQL: -------------- :  UNIDADES: INICIO RESERVA ---------------
02 17:57:03:155 PLSQL: -----------LOG :  UNIDADES: N-N
02 17:57:03:155 PLSQL: UNIDADES :  NO RESERVA POR UNIDADES AL FALTAR POR RESERVAR: 0  UN
02 17:57:03:155 PLSQL: -------------- :  UNIDADES: FIN RESERVA ------------------ 0
02 17:57:03:155 PLSQL: RESERVAPEDIDOSTD :  FINAL RESERVA. HA RESERVADO 12  UN DE UN TOTAL DE 12  UN  UN DE ARTICULO 'BEL54603'DE LINEA DE DEMANDA '4072-PEDIDO-27
02 17:57:03:176 PLSQL: RESERVAPEDIDOSTD :  INICIO  *******  VDDEM.RESERVAPEDIDOSTD  ********
02 17:57:03:176 PLSQL: RESERVAPEDIDOSTD :  DEMANDA 4072
02 17:57:03:176 PLSQL: -----------LOG :  UNIDADES: DATOS DEMANDA - 4072-PEDIDO-28
02 17:57:03:176 PLSQL: -----------LOG :  UNIDADES: DATOS DEMANDA - EXPN1415
02 17:57:03:176 PLSQL: RESERVAPEDIDOSTD :  INICIO RESERVA DE 12  UN DE ARTICULO  BEL598220600  Y LOTE     DE LINEA DE DEMANDA '4072-PEDIDO-28 UNIAGRUPA='U' TIPOREDONDEO='N'
02 17:57:03:176 PLSQL: -------------- :  CONTENEDORES: INICIO RESERVA -----------
02 17:57:03:177 PLSQL: CONTENEDORES :  FALTA: 12 MAXUNI: 5
02 17:57:03:177 PLSQL: CONTENEDORES :  TAREA: PEDCONTE NO SE RESERVA POR CONTENEDORES AL NO SUPERAR EL MINPAL 2 7
02 17:57:03:177 PLSQL: -------------- :  CONTENEDORES: FIN RESERVA --------------
02 17:57:03:177 PLSQL: -------------- :  EMBALAJES: INICIO RESERVA --------------
02 17:57:03:177 PLSQL: EMBALAJES :  TAREA: PEDEMBA , RESERVADIFERIDA DE: 12
02 17:57:03:177 PLSQL: CREAMOV :  CREADO MOVTO  16832 
02 17:57:03:177 PLSQL: RESERVAPEDIDODIF :   CREADO MOVTO 16832 PARA RESERVA DE CAJAS
02 17:57:03:177 PLSQL: EMBALAJES :  TAREA: PEDEMBA , RESERVADO: 12
02 17:57:03:177 PLSQL: -------------- :  EMBALAJES: FIN RESERVA ----------------- PEDUNI
02 17:57:03:177 PLSQL: -------------- :  UNIDADES: INICIO RESERVA ---------------
02 17:57:03:177 PLSQL: -----------LOG :  UNIDADES: N-N
02 17:57:03:177 PLSQL: UNIDADES :  NO RESERVA POR UNIDADES AL FALTAR POR RESERVAR: 0  UN
02 17:57:03:177 PLSQL: -------------- :  UNIDADES: FIN RESERVA ------------------ 0
02 17:57:03:177 PLSQL: RESERVAPEDIDOSTD :  FINAL RESERVA. HA RESERVADO 12  UN DE UN TOTAL DE 12  UN  UN DE ARTICULO 'BEL598220600'DE LINEA DE DEMANDA '4072-PEDIDO-28
02 17:57:03:196 PLSQL: RESERVAPEDIDOSTD :  INICIO  *******  VDDEM.RESERVAPEDIDOSTD  ********
02 17:57:03:196 PLSQL: RESERVAPEDIDOSTD :  DEMANDA 4072
02 17:57:03:196 PLSQL: -----------LOG :  UNIDADES: DATOS DEMANDA - 4072-PEDIDO-29
02 17:57:03:196 PLSQL: -----------LOG :  UNIDADES: DATOS DEMANDA - EXPN1415
02 17:57:03:196 PLSQL: RESERVAPEDIDOSTD :  INICIO RESERVA DE 12  UN DE ARTICULO  BEL598220700  Y LOTE     DE LINEA DE DEMANDA '4072-PEDIDO-29 UNIAGRUPA='U' TIPOREDONDEO='N'
02 17:57:03:196 PLSQL: -------------- :  CONTENEDORES: INICIO RESERVA -----------
02 17:57:03:196 PLSQL: CONTENEDORES :  FALTA: 12 MAXUNI: 5
02 17:57:03:197 PLSQL: CONTENEDORES :  TAREA: PEDCONTE NO SE RESERVA POR CONTENEDORES AL NO SUPERAR EL MINPAL 2 6
02 17:57:03:197 PLSQL: -------------- :  CONTENEDORES: FIN RESERVA --------------
02 17:57:03:197 PLSQL: -------------- :  EMBALAJES: INICIO RESERVA --------------
02 17:57:03:197 PLSQL: EMBALAJES :  TAREA: PEDEMBA , RESERVADIFERIDA DE: 12
02 17:57:03:197 PLSQL: CREAMOV :  CREADO MOVTO  16833 
02 17:57:03:197 PLSQL: RESERVAPEDIDODIF :   CREADO MOVTO 16833 PARA RESERVA DE CAJAS
02 17:57:03:197 PLSQL: EMBALAJES :  TAREA: PEDEMBA , RESERVADO: 12
02 17:57:03:197 PLSQL: -------------- :  EMBALAJES: FIN RESERVA ----------------- PEDUNI
02 17:57:03:197 PLSQL: -------------- :  UNIDADES: INICIO RESERVA ---------------
02 17:57:03:197 PLSQL: -----------LOG :  UNIDADES: N-N
02 17:57:03:197 PLSQL: UNIDADES :  NO RESERVA POR UNIDADES AL FALTAR POR RESERVAR: 0  UN
02 17:57:03:197 PLSQL: -------------- :  UNIDADES: FIN RESERVA ------------------ 0
02 17:57:03:197 PLSQL: RESERVAPEDIDOSTD :  FINAL RESERVA. HA RESERVADO 12  UN DE UN TOTAL DE 12  UN  UN DE ARTICULO 'BEL598220700'DE LINEA DE DEMANDA '4072-PEDIDO-29
02 17:57:03:217 PLSQL: RESERVAPEDIDOSTD :  INICIO  *******  VDDEM.RESERVAPEDIDOSTD  ********
02 17:57:03:217 PLSQL: RESERVAPEDIDOSTD :  DEMANDA 4072
02 17:57:03:217 PLSQL: -----------LOG :  UNIDADES: DATOS DEMANDA - 4072-PEDIDO-30
02 17:57:03:217 PLSQL: -----------LOG :  UNIDADES: DATOS DEMANDA - EXPN1415
02 17:57:03:217 PLSQL: RESERVAPEDIDOSTD :  INICIO RESERVA DE 12  UN DE ARTICULO  BEL598222800  Y LOTE     DE LINEA DE DEMANDA '4072-PEDIDO-30 UNIAGRUPA='U' TIPOREDONDEO='N'
02 17:57:03:217 PLSQL: -------------- :  CONTENEDORES: INICIO RESERVA -----------
02 17:57:03:217 PLSQL: CONTENEDORES :  FALTA: 12 MAXUNI: 5
02 17:57:03:218 PLSQL: CONTENEDORES :  TAREA: PEDCONTE NO SE RESERVA POR CONTENEDORES AL NO SUPERAR EL MINPAL 2 6
02 17:57:03:218 PLSQL: -------------- :  CONTENEDORES: FIN RESERVA --------------
02 17:57:03:218 PLSQL: -------------- :  EMBALAJES: INICIO RESERVA --------------
02 17:57:03:218 PLSQL: EMBALAJES :  TAREA: PEDEMBA , RESERVADIFERIDA DE: 12
02 17:57:03:220 PLSQL: CREAMOV :  CREADO MOVTO  16834 
02 17:57:03:220 PLSQL: RESERVAPEDIDODIF :   CREADO MOVTO 16834 PARA RESERVA DE CAJAS
02 17:57:03:220 PLSQL: EMBALAJES :  TAREA: PEDEMBA , RESERVADO: 12
02 17:57:03:220 PLSQL: -------------- :  EMBALAJES: FIN RESERVA ----------------- PEDUNI
02 17:57:03:220 PLSQL: -------------- :  UNIDADES: INICIO RESERVA ---------------
02 17:57:03:220 PLSQL: -----------LOG :  UNIDADES: N-N
02 17:57:03:220 PLSQL: UNIDADES :  NO RESERVA POR UNIDADES AL FALTAR POR RESERVAR: 0  UN
02 17:57:03:220 PLSQL: -------------- :  UNIDADES: FIN RESERVA ------------------ 0
02 17:57:03:220 PLSQL: RESERVAPEDIDOSTD :  FINAL RESERVA. HA RESERVADO 12  UN DE UN TOTAL DE 12  UN  UN DE ARTICULO 'BEL598222800'DE LINEA DE DEMANDA '4072-PEDIDO-30
02 17:57:03:237 PLSQL: RESERVAPEDIDOSTD :  INICIO  *******  VDDEM.RESERVAPEDIDOSTD  ********
02 17:57:03:237 PLSQL: RESERVAPEDIDOSTD :  DEMANDA 4072
02 17:57:03:237 PLSQL: -----------LOG :  UNIDADES: DATOS DEMANDA - 4072-PEDIDO-31
02 17:57:03:237 PLSQL: -----------LOG :  UNIDADES: DATOS DEMANDA - EXPN1415
02 17:57:03:237 PLSQL: RESERVAPEDIDOSTD :  INICIO RESERVA DE 12  UN DE ARTICULO  BEL5982221000  Y LOTE     DE LINEA DE DEMANDA '4072-PEDIDO-31 UNIAGRUPA='U' TIPOREDONDEO='N'
02 17:57:03:237 PLSQL: -------------- :  CONTENEDORES: INICIO RESERVA -----------
02 17:57:03:237 PLSQL: CONTENEDORES :  FALTA: 12 MAXUNI: 5
02 17:57:03:237 PLSQL: CONTENEDORES :  TAREA: PEDCONTE NO SE RESERVA POR CONTENEDORES AL NO SUPERAR EL MINPAL 2 5
02 17:57:03:237 PLSQL: -------------- :  CONTENEDORES: FIN RESERVA --------------
02 17:57:03:237 PLSQL: -------------- :  EMBALAJES: INICIO RESERVA --------------
02 17:57:03:237 PLSQL: EMBALAJES :  TAREA: PEDEMBA , RESERVADIFERIDA DE: 12
02 17:57:03:237 PLSQL: CREAMOV :  CREADO MOVTO  16835 
02 17:57:03:237 PLSQL: RESERVAPEDIDODIF :   CREADO MOVTO 16835 PARA RESERVA DE CAJAS
02 17:57:03:237 PLSQL: EMBALAJES :  TAREA: PEDEMBA , RESERVADO: 12
02 17:57:03:237 PLSQL: -------------- :  EMBALAJES: FIN RESERVA ----------------- PEDUNI
02 17:57:03:237 PLSQL: -------------- :  UNIDADES: INICIO RESERVA ---------------
02 17:57:03:237 PLSQL: -----------LOG :  UNIDADES: N-N
02 17:57:03:237 PLSQL: UNIDADES :  NO RESERVA POR UNIDADES AL FALTAR POR RESERVAR: 0  UN
02 17:57:03:237 PLSQL: -------------- :  UNIDADES: FIN RESERVA ------------------ 0
02 17:57:03:237 PLSQL: RESERVAPEDIDOSTD :  FINAL RESERVA. HA RESERVADO 12  UN DE UN TOTAL DE 12  UN  UN DE ARTICULO 'BEL5982221000'DE LINEA DE DEMANDA '4072-PEDIDO-31
02 17:57:03:257 PLSQL: RESERVAPEDIDOSTD :  INICIO  *******  VDDEM.RESERVAPEDIDOSTD  ********
02 17:57:03:257 PLSQL: RESERVAPEDIDOSTD :  DEMANDA 4072
02 17:57:03:257 PLSQL: -----------LOG :  UNIDADES: DATOS DEMANDA - 4072-PEDIDO-33
02 17:57:03:257 PLSQL: -----------LOG :  UNIDADES: DATOS DEMANDA - EXPN1415
02 17:57:03:258 PLSQL: RESERVAPEDIDOSTD :  INICIO RESERVA DE 6  UN DE ARTICULO  BELM1900  Y LOTE     DE LINEA DE DEMANDA '4072-PEDIDO-33 UNIAGRUPA='U' TIPOREDONDEO='N'
02 17:57:03:258 PLSQL: -------------- :  CONTENEDORES: INICIO RESERVA -----------
02 17:57:03:258 PLSQL: CONTENEDORES :  NO RESERVA POR CONTENEDORES AL TENER TAREACONTE A NULO
02 17:57:03:258 PLSQL: -------------- :  CONTENEDORES: FIN RESERVA --------------
02 17:57:03:258 PLSQL: -------------- :  EMBALAJES: INICIO RESERVA --------------
02 17:57:03:258 PLSQL: -------------- :  EMBALAJES: FIN RESERVA ----------------- PEDUNI
02 17:57:03:258 PLSQL: -------------- :  UNIDADES: INICIO RESERVA ---------------
02 17:57:03:258 PLSQL: -----------LOG :  UNIDADES: N-N
02 17:57:03:258 PLSQL: -----------LOG :  UNIDADES: DIFERUNI<>0
02 17:57:03:258 PLSQL: -----------LOG :  UNIDADES: MATRICULA ORIGEN-10000707
02 17:57:03:258 PLSQL: -----------LOG :  UNIDADES: MATRICULA DESTINO-1000
02 17:57:03:258 PLSQL: CREAMOV :  CREADO MOVTO  16836 
02 17:57:03:258 PLSQL: RESERVAPEDIDODIF :   CREADO MOVTO 16836 PARA RESERVA DE CAJAS
02 17:57:03:258 PLSQL: -------------- :  UNIDADES: FIN RESERVA ------------------ 6
02 17:57:03:258 PLSQL: RESERVAPEDIDOSTD :  FINAL RESERVA. HA RESERVADO 6  UN DE UN TOTAL DE 6  UN  UN DE ARTICULO 'BELM1900'DE LINEA DE DEMANDA '4072-PEDIDO-33
02 17:57:03:272 RESERVA: Finalizado procesamiento de Demanda. VDDEMANDACAB: tipodemanda PEDIDO coddemanda 4072 
02 17:57:03:312 vdlanzapedidosstd: pedido VDPEDIDOCAB: coddiv BEL anoped 2020 codped 798835 seqped 1  pasa a estado 2500

00 18:05:40:690 Fichero de log cerrado.

