00 09:09:26:392 Fichero de log abierto PID 9360

02 09:09:26:395 Intentando abrir fichero v10.ini
02 09:09:26:400 Cargando driver v10oracle funcion damedriveroracle
02 09:09:26:992 Conectado a base de datos
02 09:09:26:993 Proceso PEDIDOS encontrado en tabla VDPROCESOS
02 09:09:26:995 Proceso PEDIDOS cargado con función vdbuscapedstprio (Librería VDPEDIDOS.DLL) direccion 057E9BF0
02 09:09:26:996 Proceso RESERVA encontrado en tabla VDPROCESOS
02 09:09:26:996 Proceso RESERVA cargado con función vdbuscademc (Librería VDKERNEL.DLL) direccion 6FF467B0
02 09:09:26:997 PLSQL: INICIALIZADO PAQUETE DE LOG EL DIA 29-03-2022
02 09:09:27:006 Actualizado SID 507 SERIAL 48853 del proceso con PID 9360
02 11:57:47:857 Ejecucion número 10001 del proceso PEDIDOS total 649319

00 13:50:25:450 Fichero de log cerrado.

00 13:50:30:185 Fichero de log abierto PID 6448

02 13:50:30:187 Intentando abrir fichero v10.ini
02 13:50:30:195 Cargando driver v10oracle funcion damedriveroracle
02 13:50:30:949 Conectado a base de datos
02 13:50:30:950 Proceso PEDIDOS encontrado en tabla VDPROCESOS
02 13:50:30:952 Proceso PEDIDOS cargado con función vdbuscapedstprio (Librería VDPEDIDOS.DLL) direccion 066D9BF0
02 13:50:30:952 Proceso RESERVA encontrado en tabla VDPROCESOS
02 13:50:30:952 Proceso RESERVA cargado con función vdbuscademc (Librería VDKERNEL.DLL) direccion 703567B0
02 13:50:30:955 PLSQL: INICIALIZADO PAQUETE DE LOG EL DIA 29-03-2022
02 13:50:30:965 Actualizado SID 510 SERIAL 5878 del proceso con PID 6448

00 13:56:42:810 Fichero de log cerrado.

00 13:56:46:405 Fichero de log abierto PID 15872

02 13:56:46:407 Intentando abrir fichero v10.ini
02 13:56:46:412 Cargando driver v10oracle funcion damedriveroracle
02 13:56:47:154 Conectado a base de datos
02 13:56:47:155 Proceso PEDIDOS encontrado en tabla VDPROCESOS
02 13:56:47:157 Proceso PEDIDOS cargado con función vdbuscapedstprio (Librería VDPEDIDOS.DLL) direccion 03D49BF0
02 13:56:47:157 Proceso RESERVA encontrado en tabla VDPROCESOS
02 13:56:47:157 Proceso RESERVA cargado con función vdbuscademc (Librería VDKERNEL.DLL) direccion 703567B0
02 13:56:47:159 PLSQL: INICIALIZADO PAQUETE DE LOG EL DIA 29-03-2022
02 13:56:47:167 Actualizado SID 502 SERIAL 35056 del proceso con PID 15872

00 15:32:15:834 Fichero de log cerrado.

00 15:32:21:892 Fichero de log abierto PID 13732

02 15:32:21:895 Intentando abrir fichero v10.ini
02 15:32:21:900 Cargando driver v10oracle funcion damedriveroracle
02 15:32:22:695 Conectado a base de datos
02 15:32:22:697 Proceso PEDIDOS encontrado en tabla VDPROCESOS
02 15:32:22:699 Proceso PEDIDOS cargado con función vdbuscapedstprio (Librería VDPEDIDOS.DLL) direccion 05BF9BF0
02 15:32:22:700 Proceso RESERVA encontrado en tabla VDPROCESOS
02 15:32:22:700 Proceso RESERVA cargado con función vdbuscademc (Librería VDKERNEL.DLL) direccion 703567B0
02 15:32:22:701 PLSQL: INICIALIZADO PAQUETE DE LOG EL DIA 29-03-2022
02 15:32:22:710 Actualizado SID 263 SERIAL 41808 del proceso con PID 13732

00 17:42:37:152 Fichero de log cerrado.

00 17:42:48:054 Fichero de log abierto PID 4160

02 17:42:48:055 Intentando abrir fichero v10.ini
02 17:42:48:062 Cargando driver v10oracle funcion damedriveroracle
02 17:42:48:685 Conectado a base de datos
02 17:42:48:690 Proceso PEDIDOS encontrado en tabla VDPROCESOS
02 17:42:48:692 Proceso PEDIDOS cargado con función vdbuscapedstprio (Librería VDPEDIDOS.DLL) direccion 05929BF0
02 17:42:48:692 Proceso RESERVA encontrado en tabla VDPROCESOS
02 17:42:48:692 Proceso RESERVA cargado con función vdbuscademc (Librería VDKERNEL.DLL) direccion 703567B0
02 17:42:48:695 PLSQL: INICIALIZADO PAQUETE DE LOG EL DIA 29-03-2022
02 17:42:48:705 Actualizado SID 7 SERIAL 45082 del proceso con PID 4160

00 17:45:26:707 Fichero de log cerrado.

00 17:45:32:814 Fichero de log abierto PID 5536

02 17:45:32:817 Intentando abrir fichero v10.ini
02 17:45:32:830 Cargando driver v10oracle funcion damedriveroracle
02 17:45:35:320 Conectado a base de datos
02 17:45:35:327 Proceso PEDIDOS encontrado en tabla VDPROCESOS
02 17:45:35:330 Proceso PEDIDOS cargado con función vdbuscapedstprio (Librería VDPEDIDOS.DLL) direccion 06479BF0
02 17:45:35:330 Proceso RESERVA encontrado en tabla VDPROCESOS
02 17:45:35:330 Proceso RESERVA cargado con función vdbuscademc (Librería VDKERNEL.DLL) direccion 703567B0
02 17:45:35:337 PLSQL: INICIALIZADO PAQUETE DE LOG EL DIA 29-03-2022
02 17:45:35:377 Actualizado SID 502 SERIAL 733 del proceso con PID 5536

00 17:58:58:369 Fichero de log cerrado.

