00 10:50:33:742 Fichero de log abierto PID 14476

02 10:50:33:742 Intentando abrir fichero v10.ini
02 10:50:33:747 Cargando driver v10oracle funcion damedriveroracle
02 10:50:33:811 Conectado a base de datos
02 10:50:33:813 Proceso PEDIDOS encontrado en tabla VDPROCESOS
02 10:50:33:816 Proceso PEDIDOS cargado con función vdbuscapedstprio (Librería VDPEDIDOS.DLL) direccion 041B9BF0
02 10:50:33:816 Proceso RESERVA encontrado en tabla VDPROCESOS
02 10:50:33:816 Proceso RESERVA cargado con función vdbuscademc (Librería VDKERNEL.DLL) direccion 600567B0
02 10:50:33:818 PLSQL: INICIALIZADO PAQUETE DE LOG EL DIA 22-01-2021
02 10:50:33:887 vdbuscapedstprio: Procesando cabecera de pedido. VDPEDIDOCAB: coddiv BEL anoped 2020 codped 799299-959615 seqped 1 
02 10:50:33:901 PLSQL: CREADEMANDAPEDIDO :  CREADA CABECERA DE DEMANDA PEDIDO  4078 PARA EL PEDIDO  BEL
02 10:50:33:964 PLSQL: CREADEMANDAPEDIDO :  INSERTADO LÍNEA DE DEMANDA. LINDEMANDA: 7 , CODART: BEL1B , CODLOT: , TIPOREDONDEO: N, CANTIDAD: 12, UBIC. DESTINO: EXPN1415, AREA DESTINO: EXPEDN1415 PEDIDOHOST 180714
02 10:50:33:965 PLSQL: CREADEMANDAPEDIDO :  INSERTADO LÍNEA DE DEMANDA. LINDEMANDA: 6 , CODART: BEL4B , CODLOT: , TIPOREDONDEO: N, CANTIDAD: 12, UBIC. DESTINO: EXPN1415, AREA DESTINO: EXPEDN1415 PEDIDOHOST 180714
02 10:50:33:966 PLSQL: CREADEMANDAPEDIDO :  INSERTADO LÍNEA DE DEMANDA. LINDEMANDA: 1 , CODART: BEL6001225 , CODLOT: , TIPOREDONDEO: N, CANTIDAD: 2, UBIC. DESTINO: EXPN1415, AREA DESTINO: EXPEDN1415 PEDIDOHOST 180714
02 10:50:33:970 creademandapedido: generadas 3 lineas de demandas en demanda PEDIDO 4078
02 10:50:33:972 RESERVA: Tratando Cabecera de Demanda VDDEMANDACAB: tipodemanda PEDIDO coddemanda 4078 
02 10:50:33:991 PLSQL: RESERVAPEDIDOSTD :  INICIO  *******  VDDEM.RESERVAPEDIDOSTD  ********
02 10:50:33:991 PLSQL: RESERVAPEDIDOSTD :  DEMANDA 4078
02 10:50:33:991 PLSQL: -----------LOG :  UNIDADES: DATOS DEMANDA - 4078-PEDIDO-1
02 10:50:33:992 PLSQL: -----------LOG :  UNIDADES: DATOS DEMANDA - EXPN1415
02 10:50:33:993 PLSQL: RESERVAPEDIDOSTD :  INICIO RESERVA DE 2  UN DE ARTICULO  BEL6001225  Y LOTE     DE LINEA DE DEMANDA '4078-PEDIDO-1 UNIAGRUPA='U' TIPOREDONDEO='N'
02 10:50:33:993 PLSQL: -------------- :  CONTENEDORES: INICIO RESERVA -----------
02 10:50:33:993 PLSQL: CONTENEDORES :  NO RESERVA POR CONTENEDORES AL TENER TAREACONTE A NULO
02 10:50:33:993 PLSQL: -------------- :  CONTENEDORES: FIN RESERVA --------------
02 10:50:33:993 PLSQL: -------------- :  EMBALAJES: INICIO RESERVA --------------
02 10:50:33:993 PLSQL: -------------- :  EMBALAJES: FIN RESERVA ----------------- PEDUNI
02 10:50:33:993 PLSQL: -------------- :  UNIDADES: INICIO RESERVA ---------------
02 10:50:33:993 PLSQL: -----------LOG :  UNIDADES: N-N
02 10:50:33:993 PLSQL: -----------LOG :  UNIDADES: DIFERUNI<>0
02 10:50:33:993 PLSQL: -----------LOG :  UNIDADES: MATRICULA ORIGEN-10000707
02 10:50:33:994 PLSQL: -----------LOG :  UNIDADES: MATRICULA DESTINO-1000
02 10:50:33:996 PLSQL: CREAMOV :  CREADO MOVTO  16866 
02 10:50:33:997 PLSQL: RESERVAPEDIDODIF :   CREADO MOVTO 16866 PARA RESERVA DE CAJAS
02 10:50:33:997 PLSQL: -------------- :  UNIDADES: FIN RESERVA ------------------ 2
02 10:50:33:997 PLSQL: RESERVAPEDIDOSTD :  FINAL RESERVA. HA RESERVADO 2  UN DE UN TOTAL DE 2  UN  UN DE ARTICULO 'BEL6001225'DE LINEA DE DEMANDA '4078-PEDIDO-1
02 10:50:34:009 PLSQL: RESERVAPEDIDOSTD :  INICIO  *******  VDDEM.RESERVAPEDIDOSTD  ********
02 10:50:34:009 PLSQL: RESERVAPEDIDOSTD :  DEMANDA 4078
02 10:50:34:009 PLSQL: -----------LOG :  UNIDADES: DATOS DEMANDA - 4078-PEDIDO-6
02 10:50:34:009 PLSQL: -----------LOG :  UNIDADES: DATOS DEMANDA - EXPN1415
02 10:50:34:009 PLSQL: RESERVAPEDIDOSTD :  INICIO RESERVA DE 12  UN DE ARTICULO  BEL4B  Y LOTE     DE LINEA DE DEMANDA '4078-PEDIDO-6 UNIAGRUPA='U' TIPOREDONDEO='N'
02 10:50:34:009 PLSQL: -------------- :  CONTENEDORES: INICIO RESERVA -----------
02 10:50:34:009 PLSQL: CONTENEDORES :  FALTA: 12 MAXUNI: 11
02 10:50:34:009 PLSQL: CONTENEDORES :  TAREA: PEDCONTE NO SE RESERVA POR CONTENEDORES AL NO SUPERAR EL MINPAL 1 8
02 10:50:34:009 PLSQL: -------------- :  CONTENEDORES: FIN RESERVA --------------
02 10:50:34:009 PLSQL: -------------- :  EMBALAJES: INICIO RESERVA --------------
02 10:50:34:009 PLSQL: EMBALAJES :  TAREA: PEDEMBA , RESERVADIFERIDA DE: 12
02 10:50:34:010 PLSQL: CREAMOV :  CREADO MOVTO  16867 
02 10:50:34:010 PLSQL: RESERVAPEDIDODIF :   CREADO MOVTO 16867 PARA RESERVA DE CAJAS
02 10:50:34:010 PLSQL: EMBALAJES :  TAREA: PEDEMBA , RESERVADO: 12
02 10:50:34:010 PLSQL: -------------- :  EMBALAJES: FIN RESERVA ----------------- PEDUNI
02 10:50:34:010 PLSQL: -------------- :  UNIDADES: INICIO RESERVA ---------------
02 10:50:34:010 PLSQL: -----------LOG :  UNIDADES: N-N
02 10:50:34:010 PLSQL: UNIDADES :  NO RESERVA POR UNIDADES AL FALTAR POR RESERVAR: 0  UN
02 10:50:34:010 PLSQL: -------------- :  UNIDADES: FIN RESERVA ------------------ 0
02 10:50:34:010 PLSQL: RESERVAPEDIDOSTD :  FINAL RESERVA. HA RESERVADO 12  UN DE UN TOTAL DE 12  UN  UN DE ARTICULO 'BEL4B'DE LINEA DE DEMANDA '4078-PEDIDO-6
02 10:50:34:020 PLSQL: RESERVAPEDIDOSTD :  INICIO  *******  VDDEM.RESERVAPEDIDOSTD  ********
02 10:50:34:020 PLSQL: RESERVAPEDIDOSTD :  DEMANDA 4078
02 10:50:34:020 PLSQL: -----------LOG :  UNIDADES: DATOS DEMANDA - 4078-PEDIDO-7
02 10:50:34:020 PLSQL: -----------LOG :  UNIDADES: DATOS DEMANDA - EXPN1415
02 10:50:34:021 PLSQL: RESERVAPEDIDOSTD :  INICIO RESERVA DE 12  UN DE ARTICULO  BEL1B  Y LOTE     DE LINEA DE DEMANDA '4078-PEDIDO-7 UNIAGRUPA='U' TIPOREDONDEO='N'
02 10:50:34:021 PLSQL: -------------- :  CONTENEDORES: INICIO RESERVA -----------
02 10:50:34:021 PLSQL: CONTENEDORES :  FALTA: 12 MAXUNI: 11
02 10:50:34:021 PLSQL: CONTENEDORES :  TAREA: PEDCONTE NO SE RESERVA POR CONTENEDORES AL NO SUPERAR EL MINPAL 1 14
02 10:50:34:021 PLSQL: -------------- :  CONTENEDORES: FIN RESERVA --------------
02 10:50:34:021 PLSQL: -------------- :  EMBALAJES: INICIO RESERVA --------------
02 10:50:34:021 PLSQL: EMBALAJES :  TAREA: PEDEMBA , RESERVADIFERIDA DE: 12
02 10:50:34:022 PLSQL: CREAMOV :  CREADO MOVTO  16868 
02 10:50:34:022 PLSQL: RESERVAPEDIDODIF :   CREADO MOVTO 16868 PARA RESERVA DE CAJAS
02 10:50:34:022 PLSQL: EMBALAJES :  TAREA: PEDEMBA , RESERVADO: 12
02 10:50:34:022 PLSQL: -------------- :  EMBALAJES: FIN RESERVA ----------------- PEDUNI
02 10:50:34:022 PLSQL: -------------- :  UNIDADES: INICIO RESERVA ---------------
02 10:50:34:022 PLSQL: -----------LOG :  UNIDADES: N-N
02 10:50:34:023 PLSQL: UNIDADES :  NO RESERVA POR UNIDADES AL FALTAR POR RESERVAR: 0  UN
02 10:50:34:023 PLSQL: -------------- :  UNIDADES: FIN RESERVA ------------------ 0
02 10:50:34:023 PLSQL: RESERVAPEDIDOSTD :  FINAL RESERVA. HA RESERVADO 12  UN DE UN TOTAL DE 12  UN  UN DE ARTICULO 'BEL1B'DE LINEA DE DEMANDA '4078-PEDIDO-7
02 10:50:34:031 RESERVA: Finalizado procesamiento de Demanda. VDDEMANDACAB: tipodemanda PEDIDO coddemanda 4078 
02 10:50:34:038 vdlanzapedidosstd: pedido VDPEDIDOCAB: coddiv BEL anoped 2020 codped 799299-959615 seqped 1  pasa a estado 2500
02 10:50:34:043 vdbuscapedstprio: Procesando cabecera de pedido. VDPEDIDOCAB: coddiv BEL anoped 2020 codped 799302-959616 seqped 1 
02 10:50:34:048 PLSQL: CREADEMANDAPEDIDO :  CREADA CABECERA DE DEMANDA PEDIDO  4079 PARA EL PEDIDO  BEL
02 10:50:34:048 PLSQL: CREADEMANDAPEDIDO :  INSERTADO LÍNEA DE DEMANDA. LINDEMANDA: 5 , CODART: BEL7231047S1P , CODLOT: , TIPOREDONDEO: N, CANTIDAD: 1, UBIC. DESTINO: EXPN1415, AREA DESTINO: EXPEDN1415 PEDIDOHOST 180715
02 10:50:34:048 creademandapedido: generadas 1 lineas de demandas en demanda PEDIDO 4079
02 10:50:34:048 RESERVA: Tratando Cabecera de Demanda VDDEMANDACAB: tipodemanda PEDIDO coddemanda 4079 
02 10:50:34:053 PLSQL: RESERVAPEDIDOSTD :  INICIO  *******  VDDEM.RESERVAPEDIDOSTD  ********
02 10:50:34:053 PLSQL: RESERVAPEDIDOSTD :  DEMANDA 4079
02 10:50:34:053 PLSQL: -----------LOG :  UNIDADES: DATOS DEMANDA - 4079-PEDIDO-5
02 10:50:34:053 PLSQL: -----------LOG :  UNIDADES: DATOS DEMANDA - EXPN1415
02 10:50:34:054 PLSQL: RESERVAPEDIDOSTD :  INICIO RESERVA DE 1  UN DE ARTICULO  BEL7231047S1P  Y LOTE     DE LINEA DE DEMANDA '4079-PEDIDO-5 UNIAGRUPA='U' TIPOREDONDEO='N'
02 10:50:34:054 PLSQL: -------------- :  CONTENEDORES: INICIO RESERVA -----------
02 10:50:34:054 PLSQL: CONTENEDORES :  NO RESERVA POR CONTENEDORES AL TENER TAREACONTE A NULO
02 10:50:34:054 PLSQL: -------------- :  CONTENEDORES: FIN RESERVA --------------
02 10:50:34:054 PLSQL: -------------- :  EMBALAJES: INICIO RESERVA --------------
02 10:50:34:054 PLSQL: -------------- :  EMBALAJES: FIN RESERVA ----------------- PEDUNI
02 10:50:34:054 PLSQL: -------------- :  UNIDADES: INICIO RESERVA ---------------
02 10:50:34:054 PLSQL: -----------LOG :  UNIDADES: N-N
02 10:50:34:054 PLSQL: -----------LOG :  UNIDADES: DIFERUNI<>0
02 10:50:34:054 PLSQL: -----------LOG :  UNIDADES: MATRICULA ORIGEN-10000707
02 10:50:34:054 PLSQL: -----------LOG :  UNIDADES: MATRICULA DESTINO-1000
02 10:50:34:103 PLSQL: CREAMOV :  CREADO MOVTO  16869 
02 10:50:34:104 PLSQL: RESERVAPEDIDODIF :   CREADO MOVTO 16869 PARA RESERVA DE CAJAS
02 10:50:34:104 PLSQL: -------------- :  UNIDADES: FIN RESERVA ------------------ 1
02 10:50:34:104 PLSQL: RESERVAPEDIDOSTD :  FINAL RESERVA. HA RESERVADO 1  UN DE UN TOTAL DE 1  UN  UN DE ARTICULO 'BEL7231047S1P'DE LINEA DE DEMANDA '4079-PEDIDO-5
02 10:50:34:116 RESERVA: Finalizado procesamiento de Demanda. VDDEMANDACAB: tipodemanda PEDIDO coddemanda 4079 
02 10:50:34:121 vdlanzapedidosstd: pedido VDPEDIDOCAB: coddiv BEL anoped 2020 codped 799302-959616 seqped 1  pasa a estado 2500
02 10:50:34:128 vdbuscapedstprio: Procesando cabecera de pedido. VDPEDIDOCAB: coddiv BEL anoped 2020 codped 799306-959617 seqped 1 
02 10:50:34:134 PLSQL: CREADEMANDAPEDIDO :  CREADA CABECERA DE DEMANDA PEDIDO  4080 PARA EL PEDIDO  BEL
02 10:50:34:135 PLSQL: CREADEMANDAPEDIDO :  INSERTADO LÍNEA DE DEMANDA. LINDEMANDA: 15 , CODART: BELBP4180 , CODLOT: , TIPOREDONDEO: N, CANTIDAD: 6, UBIC. DESTINO: EXPN1415, AREA DESTINO: EXPEDN1415 PEDIDOHOST 180716
02 10:50:34:135 PLSQL: CREADEMANDAPEDIDO :  INSERTADO LÍNEA DE DEMANDA. LINDEMANDA: 7 , CODART: BEL5900140 , CODLOT: , TIPOREDONDEO: N, CANTIDAD: 6, UBIC. DESTINO: EXPN1415, AREA DESTINO: EXPEDN1415 PEDIDOHOST 180716
02 10:50:34:137 creademandapedido: generadas 2 lineas de demandas en demanda PEDIDO 4080
02 10:50:34:137 RESERVA: Tratando Cabecera de Demanda VDDEMANDACAB: tipodemanda PEDIDO coddemanda 4080 
02 10:50:34:147 PLSQL: RESERVAPEDIDOSTD :  INICIO  *******  VDDEM.RESERVAPEDIDOSTD  ********
02 10:50:34:147 PLSQL: RESERVAPEDIDOSTD :  DEMANDA 4080
02 10:50:34:147 PLSQL: -----------LOG :  UNIDADES: DATOS DEMANDA - 4080-PEDIDO-7
02 10:50:34:147 PLSQL: -----------LOG :  UNIDADES: DATOS DEMANDA - EXPN1415
02 10:50:34:147 PLSQL: RESERVAPEDIDOSTD :  INICIO RESERVA DE 6  UN DE ARTICULO  BEL5900140  Y LOTE     DE LINEA DE DEMANDA '4080-PEDIDO-7 UNIAGRUPA='U' TIPOREDONDEO='N'
02 10:50:34:147 PLSQL: -------------- :  CONTENEDORES: INICIO RESERVA -----------
02 10:50:34:147 PLSQL: CONTENEDORES :  FALTA: 6 MAXUNI: 5
02 10:50:34:147 PLSQL: CONTENEDORES :  TAREA: PEDCONTE NO SE RESERVA POR CONTENEDORES AL NO SUPERAR EL MINPAL 1 3
02 10:50:34:148 PLSQL: -------------- :  CONTENEDORES: FIN RESERVA --------------
02 10:50:34:148 PLSQL: -------------- :  EMBALAJES: INICIO RESERVA --------------
02 10:50:34:148 PLSQL: EMBALAJES :  TAREA: PEDEMBA , RESERVADIFERIDA DE: 6
02 10:50:34:150 PLSQL: CREAMOV :  CREADO MOVTO  16870 
02 10:50:34:150 PLSQL: RESERVAPEDIDODIF :   CREADO MOVTO 16870 PARA RESERVA DE CAJAS
02 10:50:34:150 PLSQL: EMBALAJES :  TAREA: PEDEMBA , RESERVADO: 6
02 10:50:34:150 PLSQL: -------------- :  EMBALAJES: FIN RESERVA ----------------- PEDUNI
02 10:50:34:150 PLSQL: -------------- :  UNIDADES: INICIO RESERVA ---------------
02 10:50:34:150 PLSQL: -----------LOG :  UNIDADES: N-N
02 10:50:34:150 PLSQL: UNIDADES :  NO RESERVA POR UNIDADES AL FALTAR POR RESERVAR: 0  UN
02 10:50:34:150 PLSQL: -------------- :  UNIDADES: FIN RESERVA ------------------ 0
02 10:50:34:151 PLSQL: RESERVAPEDIDOSTD :  FINAL RESERVA. HA RESERVADO 6  UN DE UN TOTAL DE 6  UN  UN DE ARTICULO 'BEL5900140'DE LINEA DE DEMANDA '4080-PEDIDO-7
02 10:50:34:168 PLSQL: RESERVAPEDIDOSTD :  INICIO  *******  VDDEM.RESERVAPEDIDOSTD  ********
02 10:50:34:168 PLSQL: RESERVAPEDIDOSTD :  DEMANDA 4080
02 10:50:34:168 PLSQL: -----------LOG :  UNIDADES: DATOS DEMANDA - 4080-PEDIDO-15
02 10:50:34:169 PLSQL: -----------LOG :  UNIDADES: DATOS DEMANDA - EXPN1415
02 10:50:34:169 PLSQL: RESERVAPEDIDOSTD :  INICIO RESERVA DE 6  UN DE ARTICULO  BELBP4180  Y LOTE     DE LINEA DE DEMANDA '4080-PEDIDO-15 UNIAGRUPA='U' TIPOREDONDEO='N'
02 10:50:34:169 PLSQL: -------------- :  CONTENEDORES: INICIO RESERVA -----------
02 10:50:34:170 PLSQL: CONTENEDORES :  FALTA: 6 MAXUNI: 5
02 10:50:34:170 PLSQL: CONTENEDORES :  TAREA: PEDCONTE NO SE RESERVA POR CONTENEDORES AL NO SUPERAR EL MINPAL 1 11
02 10:50:34:170 PLSQL: -------------- :  CONTENEDORES: FIN RESERVA --------------
02 10:50:34:170 PLSQL: -------------- :  EMBALAJES: INICIO RESERVA --------------
02 10:50:34:170 PLSQL: EMBALAJES :  TAREA: PEDEMBA , RESERVADIFERIDA DE: 6
02 10:50:34:172 PLSQL: CREAMOV :  CREADO MOVTO  16871 
02 10:50:34:172 PLSQL: RESERVAPEDIDODIF :   CREADO MOVTO 16871 PARA RESERVA DE CAJAS
02 10:50:34:172 PLSQL: EMBALAJES :  TAREA: PEDEMBA , RESERVADO: 6
02 10:50:34:172 PLSQL: -------------- :  EMBALAJES: FIN RESERVA ----------------- PEDUNI
02 10:50:34:172 PLSQL: -------------- :  UNIDADES: INICIO RESERVA ---------------
02 10:50:34:172 PLSQL: -----------LOG :  UNIDADES: N-N
02 10:50:34:173 PLSQL: UNIDADES :  NO RESERVA POR UNIDADES AL FALTAR POR RESERVAR: 0  UN
02 10:50:34:173 PLSQL: -------------- :  UNIDADES: FIN RESERVA ------------------ 0
02 10:50:34:173 PLSQL: RESERVAPEDIDOSTD :  FINAL RESERVA. HA RESERVADO 6  UN DE UN TOTAL DE 6  UN  UN DE ARTICULO 'BELBP4180'DE LINEA DE DEMANDA '4080-PEDIDO-15
02 10:50:34:178 RESERVA: Finalizado procesamiento de Demanda. VDDEMANDACAB: tipodemanda PEDIDO coddemanda 4080 
02 10:50:34:182 vdlanzapedidosstd: pedido VDPEDIDOCAB: coddiv BEL anoped 2020 codped 799306-959617 seqped 1  pasa a estado 2500

00 11:12:15:718 Fichero de log cerrado.

