00 11:32:57:803 Fichero de log abierto PID 6996

02 11:32:57:803 Intentando abrir fichero v10.ini
02 11:32:57:803 Cargando driver v10oracle funcion damedriveroracle
02 11:32:57:853 Conectado a base de datos
02 11:32:57:853 Proceso PEDIDOS encontrado en tabla VDPROCESOS
02 11:32:57:868 Proceso PEDIDOS cargado con función vdbuscapedstprio (Librería VDPEDIDOS.DLL) direccion 03C79BF0
02 11:32:57:868 Proceso RESERVA encontrado en tabla VDPROCESOS
02 11:32:57:868 Proceso RESERVA cargado con función vdbuscademc (Librería VDKERNEL.DLL) direccion 5FB567B0
02 11:32:57:869 PLSQL: INICIALIZADO PAQUETE DE LOG EL DIA 07-05-2020
02 13:43:18:972 vdbuscapedstprio: Procesando cabecera de pedido. VDPEDIDOCAB: coddiv BEL anoped 2020 codped 798808 seqped 1 
02 13:43:19:035 PLSQL: CREADEMANDAPEDIDO :  CREADA CABECERA DE DEMANDA PEDIDO  4073 PARA EL PEDIDO  BEL
02 13:43:19:037 PLSQL: CREADEMANDAPEDIDO :  INSERTADO LÍNEA DE DEMANDA. LINDEMANDA: 3 , CODART: BEL6009750 , CODLOT: , TIPOREDONDEO: N, CANTIDAD: 1, UBIC. DESTINO: EXPN1415, AREA DESTINO: EXPEDN1415 PEDIDOHOST 180527
02 13:43:19:037 creademandapedido: generadas 1 lineas de demandas en demanda PEDIDO 4073
02 13:43:19:039 RESERVA: Tratando Cabecera de Demanda VDDEMANDACAB: tipodemanda PEDIDO coddemanda 4073 
02 13:43:19:049 PLSQL: RESERVAPEDIDOSTD :  INICIO  *******  VDDEM.RESERVAPEDIDOSTD  ********
02 13:43:19:049 PLSQL: RESERVAPEDIDOSTD :  DEMANDA 4073
02 13:43:19:049 PLSQL: -----------LOG :  UNIDADES: DATOS DEMANDA - 4073-PEDIDO-3
02 13:43:19:050 PLSQL: -----------LOG :  UNIDADES: DATOS DEMANDA - EXPN1415
02 13:43:19:050 PLSQL: RESERVAPEDIDOSTD :  INICIO RESERVA DE 1  UN DE ARTICULO  BEL6009750  Y LOTE     DE LINEA DE DEMANDA '4073-PEDIDO-3 UNIAGRUPA='U' TIPOREDONDEO='N'
02 13:43:19:050 PLSQL: -------------- :  CONTENEDORES: INICIO RESERVA -----------
02 13:43:19:050 PLSQL: CONTENEDORES :  FALTA: 1 MAXUNI: 0
02 13:43:19:050 PLSQL: CONTENEDORES :  TAREA: PEDCONTE NO SE RESERVA POR CONTENEDORES AL NO SUPERAR EL MINPAL 1 4
02 13:43:19:050 PLSQL: -------------- :  CONTENEDORES: FIN RESERVA --------------
02 13:43:19:050 PLSQL: -------------- :  EMBALAJES: INICIO RESERVA --------------
02 13:43:19:051 PLSQL: EMBALAJES :  TAREA: PEDEMBA , RESERVADIFERIDA DE: 1
02 13:43:19:053 PLSQL: CREAMOV :  CREADO MOVTO  16840 
02 13:43:19:054 PLSQL: RESERVAPEDIDODIF :   CREADO MOVTO 16840 PARA RESERVA DE CAJAS
02 13:43:19:054 PLSQL: EMBALAJES :  TAREA: PEDEMBA , RESERVADO: 1
02 13:43:19:054 PLSQL: -------------- :  EMBALAJES: FIN RESERVA ----------------- PEDUNI
02 13:43:19:054 PLSQL: -------------- :  UNIDADES: INICIO RESERVA ---------------
02 13:43:19:054 PLSQL: -----------LOG :  UNIDADES: N-N
02 13:43:19:054 PLSQL: UNIDADES :  NO RESERVA POR UNIDADES AL FALTAR POR RESERVAR: 0  UN
02 13:43:19:054 PLSQL: -------------- :  UNIDADES: FIN RESERVA ------------------ 0
02 13:43:19:054 PLSQL: RESERVAPEDIDOSTD :  FINAL RESERVA. HA RESERVADO 1  UN DE UN TOTAL DE 1  UN  UN DE ARTICULO 'BEL6009750'DE LINEA DE DEMANDA '4073-PEDIDO-3
02 13:43:19:090 RESERVA: Finalizado procesamiento de Demanda. VDDEMANDACAB: tipodemanda PEDIDO coddemanda 4073 
02 13:43:19:094 vdlanzapedidosstd: pedido VDPEDIDOCAB: coddiv BEL anoped 2020 codped 798808 seqped 1  pasa a estado 2500
02 13:43:19:099 vdbuscapedstprio: Procesando cabecera de pedido. VDPEDIDOCAB: coddiv BEL anoped 2020 codped 798835 seqped 1 
02 13:43:19:102 PLSQL: CREADEMANDAPEDIDO :  CREADA CABECERA DE DEMANDA PEDIDO  4074 PARA EL PEDIDO  BEL
02 13:43:19:103 PLSQL: CREADEMANDAPEDIDO :  INSERTADO LÍNEA DE DEMANDA. LINDEMANDA: 17 , CODART: BEL2A , CODLOT: , TIPOREDONDEO: N, CANTIDAD: 24, UBIC. DESTINO: EXPN1415, AREA DESTINO: EXPEDN1415 PEDIDOHOST 180527
02 13:43:19:103 PLSQL: CREADEMANDAPEDIDO :  INSERTADO LÍNEA DE DEMANDA. LINDEMANDA: 18 , CODART: BEL228A , CODLOT: , TIPOREDONDEO: N, CANTIDAD: 12, UBIC. DESTINO: EXPN1415, AREA DESTINO: EXPEDN1415 PEDIDOHOST 180527
02 13:43:19:103 PLSQL: CREADEMANDAPEDIDO :  INSERTADO LÍNEA DE DEMANDA. LINDEMANDA: 19 , CODART: BEL228C , CODLOT: , TIPOREDONDEO: N, CANTIDAD: 12, UBIC. DESTINO: EXPN1415, AREA DESTINO: EXPEDN1415 PEDIDOHOST 180527
02 13:43:19:103 PLSQL: CREADEMANDAPEDIDO :  INSERTADO LÍNEA DE DEMANDA. LINDEMANDA: 27 , CODART: BEL54603 , CODLOT: , TIPOREDONDEO: N, CANTIDAD: 12, UBIC. DESTINO: EXPN1415, AREA DESTINO: EXPEDN1415 PEDIDOHOST 180527
02 13:43:19:104 PLSQL: CREADEMANDAPEDIDO :  INSERTADO LÍNEA DE DEMANDA. LINDEMANDA: 33 , CODART: BELM1900 , CODLOT: , TIPOREDONDEO: N, CANTIDAD: 6, UBIC. DESTINO: EXPN1415, AREA DESTINO: EXPEDN1415 PEDIDOHOST 180527
02 13:43:19:104 PLSQL: CREADEMANDAPEDIDO :  INSERTADO LÍNEA DE DEMANDA. LINDEMANDA: 28 , CODART: BEL598220600 , CODLOT: , TIPOREDONDEO: N, CANTIDAD: 12, UBIC. DESTINO: EXPN1415, AREA DESTINO: EXPEDN1415 PEDIDOHOST 180527
02 13:43:19:104 PLSQL: CREADEMANDAPEDIDO :  INSERTADO LÍNEA DE DEMANDA. LINDEMANDA: 29 , CODART: BEL598220700 , CODLOT: , TIPOREDONDEO: N, CANTIDAD: 12, UBIC. DESTINO: EXPN1415, AREA DESTINO: EXPEDN1415 PEDIDOHOST 180527
02 13:43:19:104 PLSQL: CREADEMANDAPEDIDO :  INSERTADO LÍNEA DE DEMANDA. LINDEMANDA: 30 , CODART: BEL598222800 , CODLOT: , TIPOREDONDEO: N, CANTIDAD: 12, UBIC. DESTINO: EXPN1415, AREA DESTINO: EXPEDN1415 PEDIDOHOST 180527
02 13:43:19:104 PLSQL: CREADEMANDAPEDIDO :  INSERTADO LÍNEA DE DEMANDA. LINDEMANDA: 31 , CODART: BEL5982221000 , CODLOT: , TIPOREDONDEO: N, CANTIDAD: 12, UBIC. DESTINO: EXPN1415, AREA DESTINO: EXPEDN1415 PEDIDOHOST 180527
02 13:43:19:107 creademandapedido: generadas 9 lineas de demandas en demanda PEDIDO 4074
02 13:43:19:107 RESERVA: Tratando Cabecera de Demanda VDDEMANDACAB: tipodemanda PEDIDO coddemanda 4074 
02 13:43:19:111 PLSQL: RESERVAPEDIDOSTD :  INICIO  *******  VDDEM.RESERVAPEDIDOSTD  ********
02 13:43:19:111 PLSQL: RESERVAPEDIDOSTD :  DEMANDA 4074
02 13:43:19:111 PLSQL: -----------LOG :  UNIDADES: DATOS DEMANDA - 4074-PEDIDO-17
02 13:43:19:111 PLSQL: -----------LOG :  UNIDADES: DATOS DEMANDA - EXPN1415
02 13:43:19:112 PLSQL: RESERVAPEDIDOSTD :  INICIO RESERVA DE 24  UN DE ARTICULO  BEL2A  Y LOTE     DE LINEA DE DEMANDA '4074-PEDIDO-17 UNIAGRUPA='U' TIPOREDONDEO='N'
02 13:43:19:112 PLSQL: -------------- :  CONTENEDORES: INICIO RESERVA -----------
02 13:43:19:112 PLSQL: CONTENEDORES :  FALTA: 24 MAXUNI: 11
02 13:43:19:112 PLSQL: CONTENEDORES :  TAREA: PEDCONTE NO SE RESERVA POR CONTENEDORES AL NO SUPERAR EL MINPAL 2 5
02 13:43:19:112 PLSQL: -------------- :  CONTENEDORES: FIN RESERVA --------------
02 13:43:19:112 PLSQL: -------------- :  EMBALAJES: INICIO RESERVA --------------
02 13:43:19:112 PLSQL: EMBALAJES :  TAREA: PEDEMBA , RESERVADIFERIDA DE: 24
02 13:43:19:113 PLSQL: CREAMOV :  CREADO MOVTO  16841 
02 13:43:19:113 PLSQL: RESERVAPEDIDODIF :   CREADO MOVTO 16841 PARA RESERVA DE CAJAS
02 13:43:19:113 PLSQL: EMBALAJES :  TAREA: PEDEMBA , RESERVADO: 24
02 13:43:19:113 PLSQL: -------------- :  EMBALAJES: FIN RESERVA ----------------- PEDUNI
02 13:43:19:113 PLSQL: -------------- :  UNIDADES: INICIO RESERVA ---------------
02 13:43:19:113 PLSQL: -----------LOG :  UNIDADES: N-N
02 13:43:19:113 PLSQL: UNIDADES :  NO RESERVA POR UNIDADES AL FALTAR POR RESERVAR: 0  UN
02 13:43:19:113 PLSQL: -------------- :  UNIDADES: FIN RESERVA ------------------ 0
02 13:43:19:113 PLSQL: RESERVAPEDIDOSTD :  FINAL RESERVA. HA RESERVADO 24  UN DE UN TOTAL DE 24  UN  UN DE ARTICULO 'BEL2A'DE LINEA DE DEMANDA '4074-PEDIDO-17
02 13:43:19:121 PLSQL: RESERVAPEDIDOSTD :  INICIO  *******  VDDEM.RESERVAPEDIDOSTD  ********
02 13:43:19:121 PLSQL: RESERVAPEDIDOSTD :  DEMANDA 4074
02 13:43:19:121 PLSQL: -----------LOG :  UNIDADES: DATOS DEMANDA - 4074-PEDIDO-18
02 13:43:19:121 PLSQL: -----------LOG :  UNIDADES: DATOS DEMANDA - EXPN1415
02 13:43:19:122 PLSQL: RESERVAPEDIDOSTD :  INICIO RESERVA DE 12  UN DE ARTICULO  BEL228A  Y LOTE     DE LINEA DE DEMANDA '4074-PEDIDO-18 UNIAGRUPA='U' TIPOREDONDEO='N'
02 13:43:19:122 PLSQL: -------------- :  CONTENEDORES: INICIO RESERVA -----------
02 13:43:19:122 PLSQL: CONTENEDORES :  FALTA: 12 MAXUNI: 11
02 13:43:19:122 PLSQL: CONTENEDORES :  TAREA: PEDCONTE NO SE RESERVA POR CONTENEDORES AL NO SUPERAR EL MINPAL 1 5
02 13:43:19:122 PLSQL: -------------- :  CONTENEDORES: FIN RESERVA --------------
02 13:43:19:122 PLSQL: -------------- :  EMBALAJES: INICIO RESERVA --------------
02 13:43:19:122 PLSQL: EMBALAJES :  TAREA: PEDEMBA , RESERVADIFERIDA DE: 12
02 13:43:19:123 PLSQL: CREAMOV :  CREADO MOVTO  16842 
02 13:43:19:123 PLSQL: RESERVAPEDIDODIF :   CREADO MOVTO 16842 PARA RESERVA DE CAJAS
02 13:43:19:123 PLSQL: EMBALAJES :  TAREA: PEDEMBA , RESERVADO: 12
02 13:43:19:123 PLSQL: -------------- :  EMBALAJES: FIN RESERVA ----------------- PEDUNI
02 13:43:19:123 PLSQL: -------------- :  UNIDADES: INICIO RESERVA ---------------
02 13:43:19:123 PLSQL: -----------LOG :  UNIDADES: N-N
02 13:43:19:123 PLSQL: UNIDADES :  NO RESERVA POR UNIDADES AL FALTAR POR RESERVAR: 0  UN
02 13:43:19:123 PLSQL: -------------- :  UNIDADES: FIN RESERVA ------------------ 0
02 13:43:19:123 PLSQL: RESERVAPEDIDOSTD :  FINAL RESERVA. HA RESERVADO 12  UN DE UN TOTAL DE 12  UN  UN DE ARTICULO 'BEL228A'DE LINEA DE DEMANDA '4074-PEDIDO-18
02 13:43:19:130 PLSQL: RESERVAPEDIDOSTD :  INICIO  *******  VDDEM.RESERVAPEDIDOSTD  ********
02 13:43:19:130 PLSQL: RESERVAPEDIDOSTD :  DEMANDA 4074
02 13:43:19:130 PLSQL: -----------LOG :  UNIDADES: DATOS DEMANDA - 4074-PEDIDO-19
02 13:43:19:130 PLSQL: -----------LOG :  UNIDADES: DATOS DEMANDA - EXPN1415
02 13:43:19:131 PLSQL: RESERVAPEDIDOSTD :  INICIO RESERVA DE 12  UN DE ARTICULO  BEL228C  Y LOTE     DE LINEA DE DEMANDA '4074-PEDIDO-19 UNIAGRUPA='U' TIPOREDONDEO='N'
02 13:43:19:131 PLSQL: -------------- :  CONTENEDORES: INICIO RESERVA -----------
02 13:43:19:131 PLSQL: CONTENEDORES :  FALTA: 12 MAXUNI: 11
02 13:43:19:131 PLSQL: CONTENEDORES :  TAREA: PEDCONTE NO SE RESERVA POR CONTENEDORES AL NO SUPERAR EL MINPAL 1 5
02 13:43:19:131 PLSQL: -------------- :  CONTENEDORES: FIN RESERVA --------------
02 13:43:19:131 PLSQL: -------------- :  EMBALAJES: INICIO RESERVA --------------
02 13:43:19:131 PLSQL: EMBALAJES :  TAREA: PEDEMBA , RESERVADIFERIDA DE: 12
02 13:43:19:132 PLSQL: CREAMOV :  CREADO MOVTO  16843 
02 13:43:19:132 PLSQL: RESERVAPEDIDODIF :   CREADO MOVTO 16843 PARA RESERVA DE CAJAS
02 13:43:19:132 PLSQL: EMBALAJES :  TAREA: PEDEMBA , RESERVADO: 12
02 13:43:19:132 PLSQL: -------------- :  EMBALAJES: FIN RESERVA ----------------- PEDUNI
02 13:43:19:132 PLSQL: -------------- :  UNIDADES: INICIO RESERVA ---------------
02 13:43:19:132 PLSQL: -----------LOG :  UNIDADES: N-N
02 13:43:19:132 PLSQL: UNIDADES :  NO RESERVA POR UNIDADES AL FALTAR POR RESERVAR: 0  UN
02 13:43:19:132 PLSQL: -------------- :  UNIDADES: FIN RESERVA ------------------ 0
02 13:43:19:132 PLSQL: RESERVAPEDIDOSTD :  FINAL RESERVA. HA RESERVADO 12  UN DE UN TOTAL DE 12  UN  UN DE ARTICULO 'BEL228C'DE LINEA DE DEMANDA '4074-PEDIDO-19
02 13:43:19:139 PLSQL: RESERVAPEDIDOSTD :  INICIO  *******  VDDEM.RESERVAPEDIDOSTD  ********
02 13:43:19:139 PLSQL: RESERVAPEDIDOSTD :  DEMANDA 4074
02 13:43:19:139 PLSQL: -----------LOG :  UNIDADES: DATOS DEMANDA - 4074-PEDIDO-27
02 13:43:19:139 PLSQL: -----------LOG :  UNIDADES: DATOS DEMANDA - EXPN1415
02 13:43:19:140 PLSQL: RESERVAPEDIDOSTD :  INICIO RESERVA DE 12  UN DE ARTICULO  BEL54603  Y LOTE     DE LINEA DE DEMANDA '4074-PEDIDO-27 UNIAGRUPA='U' TIPOREDONDEO='N'
02 13:43:19:140 PLSQL: -------------- :  CONTENEDORES: INICIO RESERVA -----------
02 13:43:19:140 PLSQL: CONTENEDORES :  FALTA: 12 MAXUNI: 5
02 13:43:19:140 PLSQL: CONTENEDORES :  TAREA: PEDCONTE NO SE RESERVA POR CONTENEDORES AL NO SUPERAR EL MINPAL 2 5
02 13:43:19:140 PLSQL: -------------- :  CONTENEDORES: FIN RESERVA --------------
02 13:43:19:140 PLSQL: -------------- :  EMBALAJES: INICIO RESERVA --------------
02 13:43:19:140 PLSQL: EMBALAJES :  TAREA: PEDEMBA , RESERVADIFERIDA DE: 12
02 13:43:19:141 PLSQL: CREAMOV :  CREADO MOVTO  16844 
02 13:43:19:141 PLSQL: RESERVAPEDIDODIF :   CREADO MOVTO 16844 PARA RESERVA DE CAJAS
02 13:43:19:141 PLSQL: EMBALAJES :  TAREA: PEDEMBA , RESERVADO: 12
02 13:43:19:141 PLSQL: -------------- :  EMBALAJES: FIN RESERVA ----------------- PEDUNI
02 13:43:19:141 PLSQL: -------------- :  UNIDADES: INICIO RESERVA ---------------
02 13:43:19:141 PLSQL: -----------LOG :  UNIDADES: N-N
02 13:43:19:141 PLSQL: UNIDADES :  NO RESERVA POR UNIDADES AL FALTAR POR RESERVAR: 0  UN
02 13:43:19:141 PLSQL: -------------- :  UNIDADES: FIN RESERVA ------------------ 0
02 13:43:19:141 PLSQL: RESERVAPEDIDOSTD :  FINAL RESERVA. HA RESERVADO 12  UN DE UN TOTAL DE 12  UN  UN DE ARTICULO 'BEL54603'DE LINEA DE DEMANDA '4074-PEDIDO-27
02 13:43:19:149 PLSQL: RESERVAPEDIDOSTD :  INICIO  *******  VDDEM.RESERVAPEDIDOSTD  ********
02 13:43:19:149 PLSQL: RESERVAPEDIDOSTD :  DEMANDA 4074
02 13:43:19:149 PLSQL: -----------LOG :  UNIDADES: DATOS DEMANDA - 4074-PEDIDO-28
02 13:43:19:149 PLSQL: -----------LOG :  UNIDADES: DATOS DEMANDA - EXPN1415
02 13:43:19:150 PLSQL: RESERVAPEDIDOSTD :  INICIO RESERVA DE 12  UN DE ARTICULO  BEL598220600  Y LOTE     DE LINEA DE DEMANDA '4074-PEDIDO-28 UNIAGRUPA='U' TIPOREDONDEO='N'
02 13:43:19:150 PLSQL: -------------- :  CONTENEDORES: INICIO RESERVA -----------
02 13:43:19:150 PLSQL: CONTENEDORES :  FALTA: 12 MAXUNI: 5
02 13:43:19:150 PLSQL: CONTENEDORES :  TAREA: PEDCONTE NO SE RESERVA POR CONTENEDORES AL NO SUPERAR EL MINPAL 2 7
02 13:43:19:150 PLSQL: -------------- :  CONTENEDORES: FIN RESERVA --------------
02 13:43:19:150 PLSQL: -------------- :  EMBALAJES: INICIO RESERVA --------------
02 13:43:19:150 PLSQL: EMBALAJES :  TAREA: PEDEMBA , RESERVADIFERIDA DE: 12
02 13:43:19:151 PLSQL: CREAMOV :  CREADO MOVTO  16845 
02 13:43:19:151 PLSQL: RESERVAPEDIDODIF :   CREADO MOVTO 16845 PARA RESERVA DE CAJAS
02 13:43:19:151 PLSQL: EMBALAJES :  TAREA: PEDEMBA , RESERVADO: 12
02 13:43:19:151 PLSQL: -------------- :  EMBALAJES: FIN RESERVA ----------------- PEDUNI
02 13:43:19:151 PLSQL: -------------- :  UNIDADES: INICIO RESERVA ---------------
02 13:43:19:151 PLSQL: -----------LOG :  UNIDADES: N-N
02 13:43:19:151 PLSQL: UNIDADES :  NO RESERVA POR UNIDADES AL FALTAR POR RESERVAR: 0  UN
02 13:43:19:151 PLSQL: -------------- :  UNIDADES: FIN RESERVA ------------------ 0
02 13:43:19:152 PLSQL: RESERVAPEDIDOSTD :  FINAL RESERVA. HA RESERVADO 12  UN DE UN TOTAL DE 12  UN  UN DE ARTICULO 'BEL598220600'DE LINEA DE DEMANDA '4074-PEDIDO-28
02 13:43:19:159 PLSQL: RESERVAPEDIDOSTD :  INICIO  *******  VDDEM.RESERVAPEDIDOSTD  ********
02 13:43:19:159 PLSQL: RESERVAPEDIDOSTD :  DEMANDA 4074
02 13:43:19:159 PLSQL: -----------LOG :  UNIDADES: DATOS DEMANDA - 4074-PEDIDO-29
02 13:43:19:159 PLSQL: -----------LOG :  UNIDADES: DATOS DEMANDA - EXPN1415
02 13:43:19:160 PLSQL: RESERVAPEDIDOSTD :  INICIO RESERVA DE 12  UN DE ARTICULO  BEL598220700  Y LOTE     DE LINEA DE DEMANDA '4074-PEDIDO-29 UNIAGRUPA='U' TIPOREDONDEO='N'
02 13:43:19:160 PLSQL: -------------- :  CONTENEDORES: INICIO RESERVA -----------
02 13:43:19:160 PLSQL: CONTENEDORES :  FALTA: 12 MAXUNI: 5
02 13:43:19:160 PLSQL: CONTENEDORES :  TAREA: PEDCONTE NO SE RESERVA POR CONTENEDORES AL NO SUPERAR EL MINPAL 2 6
02 13:43:19:160 PLSQL: -------------- :  CONTENEDORES: FIN RESERVA --------------
02 13:43:19:160 PLSQL: -------------- :  EMBALAJES: INICIO RESERVA --------------
02 13:43:19:160 PLSQL: EMBALAJES :  TAREA: PEDEMBA , RESERVADIFERIDA DE: 12
02 13:43:19:161 PLSQL: CREAMOV :  CREADO MOVTO  16846 
02 13:43:19:162 PLSQL: RESERVAPEDIDODIF :   CREADO MOVTO 16846 PARA RESERVA DE CAJAS
02 13:43:19:162 PLSQL: EMBALAJES :  TAREA: PEDEMBA , RESERVADO: 12
02 13:43:19:162 PLSQL: -------------- :  EMBALAJES: FIN RESERVA ----------------- PEDUNI
02 13:43:19:162 PLSQL: -------------- :  UNIDADES: INICIO RESERVA ---------------
02 13:43:19:162 PLSQL: -----------LOG :  UNIDADES: N-N
02 13:43:19:162 PLSQL: UNIDADES :  NO RESERVA POR UNIDADES AL FALTAR POR RESERVAR: 0  UN
02 13:43:19:162 PLSQL: -------------- :  UNIDADES: FIN RESERVA ------------------ 0
02 13:43:19:162 PLSQL: RESERVAPEDIDOSTD :  FINAL RESERVA. HA RESERVADO 12  UN DE UN TOTAL DE 12  UN  UN DE ARTICULO 'BEL598220700'DE LINEA DE DEMANDA '4074-PEDIDO-29
02 13:43:19:170 PLSQL: RESERVAPEDIDOSTD :  INICIO  *******  VDDEM.RESERVAPEDIDOSTD  ********
02 13:43:19:170 PLSQL: RESERVAPEDIDOSTD :  DEMANDA 4074
02 13:43:19:170 PLSQL: -----------LOG :  UNIDADES: DATOS DEMANDA - 4074-PEDIDO-30
02 13:43:19:170 PLSQL: -----------LOG :  UNIDADES: DATOS DEMANDA - EXPN1415
02 13:43:19:170 PLSQL: RESERVAPEDIDOSTD :  INICIO RESERVA DE 12  UN DE ARTICULO  BEL598222800  Y LOTE     DE LINEA DE DEMANDA '4074-PEDIDO-30 UNIAGRUPA='U' TIPOREDONDEO='N'
02 13:43:19:170 PLSQL: -------------- :  CONTENEDORES: INICIO RESERVA -----------
02 13:43:19:171 PLSQL: CONTENEDORES :  FALTA: 12 MAXUNI: 5
02 13:43:19:171 PLSQL: CONTENEDORES :  TAREA: PEDCONTE NO SE RESERVA POR CONTENEDORES AL NO SUPERAR EL MINPAL 2 6
02 13:43:19:171 PLSQL: -------------- :  CONTENEDORES: FIN RESERVA --------------
02 13:43:19:171 PLSQL: -------------- :  EMBALAJES: INICIO RESERVA --------------
02 13:43:19:171 PLSQL: EMBALAJES :  TAREA: PEDEMBA , RESERVADIFERIDA DE: 12
02 13:43:19:172 PLSQL: CREAMOV :  CREADO MOVTO  16847 
02 13:43:19:172 PLSQL: RESERVAPEDIDODIF :   CREADO MOVTO 16847 PARA RESERVA DE CAJAS
02 13:43:19:172 PLSQL: EMBALAJES :  TAREA: PEDEMBA , RESERVADO: 12
02 13:43:19:172 PLSQL: -------------- :  EMBALAJES: FIN RESERVA ----------------- PEDUNI
02 13:43:19:172 PLSQL: -------------- :  UNIDADES: INICIO RESERVA ---------------
02 13:43:19:172 PLSQL: -----------LOG :  UNIDADES: N-N
02 13:43:19:172 PLSQL: UNIDADES :  NO RESERVA POR UNIDADES AL FALTAR POR RESERVAR: 0  UN
02 13:43:19:172 PLSQL: -------------- :  UNIDADES: FIN RESERVA ------------------ 0
02 13:43:19:172 PLSQL: RESERVAPEDIDOSTD :  FINAL RESERVA. HA RESERVADO 12  UN DE UN TOTAL DE 12  UN  UN DE ARTICULO 'BEL598222800'DE LINEA DE DEMANDA '4074-PEDIDO-30
02 13:43:19:180 PLSQL: RESERVAPEDIDOSTD :  INICIO  *******  VDDEM.RESERVAPEDIDOSTD  ********
02 13:43:19:180 PLSQL: RESERVAPEDIDOSTD :  DEMANDA 4074
02 13:43:19:180 PLSQL: -----------LOG :  UNIDADES: DATOS DEMANDA - 4074-PEDIDO-31
02 13:43:19:180 PLSQL: -----------LOG :  UNIDADES: DATOS DEMANDA - EXPN1415
02 13:43:19:180 PLSQL: RESERVAPEDIDOSTD :  INICIO RESERVA DE 12  UN DE ARTICULO  BEL5982221000  Y LOTE     DE LINEA DE DEMANDA '4074-PEDIDO-31 UNIAGRUPA='U' TIPOREDONDEO='N'
02 13:43:19:180 PLSQL: -------------- :  CONTENEDORES: INICIO RESERVA -----------
02 13:43:19:180 PLSQL: CONTENEDORES :  FALTA: 12 MAXUNI: 5
02 13:43:19:180 PLSQL: CONTENEDORES :  TAREA: PEDCONTE NO SE RESERVA POR CONTENEDORES AL NO SUPERAR EL MINPAL 2 5
02 13:43:19:180 PLSQL: -------------- :  CONTENEDORES: FIN RESERVA --------------
02 13:43:19:180 PLSQL: -------------- :  EMBALAJES: INICIO RESERVA --------------
02 13:43:19:180 PLSQL: EMBALAJES :  TAREA: PEDEMBA , RESERVADIFERIDA DE: 12
02 13:43:19:181 PLSQL: CREAMOV :  CREADO MOVTO  16848 
02 13:43:19:181 PLSQL: RESERVAPEDIDODIF :   CREADO MOVTO 16848 PARA RESERVA DE CAJAS
02 13:43:19:181 PLSQL: EMBALAJES :  TAREA: PEDEMBA , RESERVADO: 12
02 13:43:19:181 PLSQL: -------------- :  EMBALAJES: FIN RESERVA ----------------- PEDUNI
02 13:43:19:181 PLSQL: -------------- :  UNIDADES: INICIO RESERVA ---------------
02 13:43:19:181 PLSQL: -----------LOG :  UNIDADES: N-N
02 13:43:19:181 PLSQL: UNIDADES :  NO RESERVA POR UNIDADES AL FALTAR POR RESERVAR: 0  UN
02 13:43:19:181 PLSQL: -------------- :  UNIDADES: FIN RESERVA ------------------ 0
02 13:43:19:181 PLSQL: RESERVAPEDIDOSTD :  FINAL RESERVA. HA RESERVADO 12  UN DE UN TOTAL DE 12  UN  UN DE ARTICULO 'BEL5982221000'DE LINEA DE DEMANDA '4074-PEDIDO-31
02 13:43:19:190 PLSQL: RESERVAPEDIDOSTD :  INICIO  *******  VDDEM.RESERVAPEDIDOSTD  ********
02 13:43:19:190 PLSQL: RESERVAPEDIDOSTD :  DEMANDA 4074
02 13:43:19:190 PLSQL: -----------LOG :  UNIDADES: DATOS DEMANDA - 4074-PEDIDO-33
02 13:43:19:190 PLSQL: -----------LOG :  UNIDADES: DATOS DEMANDA - EXPN1415
02 13:43:19:191 PLSQL: RESERVAPEDIDOSTD :  INICIO RESERVA DE 6  UN DE ARTICULO  BELM1900  Y LOTE     DE LINEA DE DEMANDA '4074-PEDIDO-33 UNIAGRUPA='U' TIPOREDONDEO='N'
02 13:43:19:191 PLSQL: -------------- :  CONTENEDORES: INICIO RESERVA -----------
02 13:43:19:191 PLSQL: CONTENEDORES :  NO RESERVA POR CONTENEDORES AL TENER TAREACONTE A NULO
02 13:43:19:191 PLSQL: -------------- :  CONTENEDORES: FIN RESERVA --------------
02 13:43:19:191 PLSQL: -------------- :  EMBALAJES: INICIO RESERVA --------------
02 13:43:19:191 PLSQL: -------------- :  EMBALAJES: FIN RESERVA ----------------- PEDUNI
02 13:43:19:191 PLSQL: -------------- :  UNIDADES: INICIO RESERVA ---------------
02 13:43:19:191 PLSQL: -----------LOG :  UNIDADES: N-N
02 13:43:19:191 PLSQL: -----------LOG :  UNIDADES: DIFERUNI<>0
02 13:43:19:191 PLSQL: -----------LOG :  UNIDADES: MATRICULA ORIGEN-10000707
02 13:43:19:191 PLSQL: -----------LOG :  UNIDADES: MATRICULA DESTINO-1000
02 13:43:19:192 PLSQL: CREAMOV :  CREADO MOVTO  16849 
02 13:43:19:192 PLSQL: RESERVAPEDIDODIF :   CREADO MOVTO 16849 PARA RESERVA DE CAJAS
02 13:43:19:192 PLSQL: -------------- :  UNIDADES: FIN RESERVA ------------------ 6
02 13:43:19:192 PLSQL: RESERVAPEDIDOSTD :  FINAL RESERVA. HA RESERVADO 6  UN DE UN TOTAL DE 6  UN  UN DE ARTICULO 'BELM1900'DE LINEA DE DEMANDA '4074-PEDIDO-33
02 13:43:19:197 RESERVA: Finalizado procesamiento de Demanda. VDDEMANDACAB: tipodemanda PEDIDO coddemanda 4074 
02 13:43:19:210 vdlanzapedidosstd: pedido VDPEDIDOCAB: coddiv BEL anoped 2020 codped 798835 seqped 1  pasa a estado 2500
02 14:20:28:127 Ejecucion número 10001 del proceso PEDIDOS total 1536071

00 14:33:59:965 Fichero de log cerrado.

