00 09:08:33:186 Fichero de log abierto PID 1508

02 09:08:33:187 Intentando abrir fichero v10.ini
02 09:08:33:192 Cargando driver v10oracle funcion damedriveroracle
02 09:08:33:713 Conectado a base de datos
02 09:08:33:716 Proceso PEDIDOS encontrado en tabla VDPROCESOS
02 09:08:33:717 Proceso PEDIDOS cargado con función vdbuscapedstprio (Librería VDPEDIDOS.DLL) direccion 059B9BF0
02 09:08:33:717 Proceso RESERVA encontrado en tabla VDPROCESOS
02 09:08:33:717 Proceso RESERVA cargado con función vdbuscademc (Librería VDKERNEL.DLL) direccion 6E7867B0
02 09:08:33:719 PLSQL: INICIALIZADO PAQUETE DE LOG EL DIA 01-04-2022
02 09:08:33:728 Actualizado SID 624 SERIAL 19261 del proceso con PID 1508

00 10:41:41:295 Fichero de log cerrado.

00 10:42:01:061 Fichero de log abierto PID 2096

02 10:42:01:062 Intentando abrir fichero v10.ini
02 10:42:01:070 Cargando driver v10oracle funcion damedriveroracle
02 10:42:01:887 Conectado a base de datos
02 10:42:01:888 Proceso PEDIDOS encontrado en tabla VDPROCESOS
02 10:42:01:891 Proceso PEDIDOS cargado con función vdbuscapedstprio (Librería VDPEDIDOS.DLL) direccion 05C49BF0
02 10:42:01:892 Proceso RESERVA encontrado en tabla VDPROCESOS
02 10:42:01:892 Proceso RESERVA cargado con función vdbuscademc (Librería VDKERNEL.DLL) direccion 6E7867B0
02 10:42:01:894 PLSQL: INICIALIZADO PAQUETE DE LOG EL DIA 01-04-2022
02 10:42:01:903 Actualizado SID 8 SERIAL 13106 del proceso con PID 2096

00 12:15:10:342 Fichero de log cerrado.

00 12:15:19:152 Fichero de log abierto PID 10996

02 12:15:19:155 Intentando abrir fichero v10.ini
02 12:15:19:162 Cargando driver v10oracle funcion damedriveroracle
02 12:15:20:140 Conectado a base de datos
02 12:15:20:142 Proceso PEDIDOS encontrado en tabla VDPROCESOS
02 12:15:20:142 Proceso PEDIDOS cargado con función vdbuscapedstprio (Librería VDPEDIDOS.DLL) direccion 06359BF0
02 12:15:20:142 Proceso RESERVA encontrado en tabla VDPROCESOS
02 12:15:20:142 Proceso RESERVA cargado con función vdbuscademc (Librería VDKERNEL.DLL) direccion 6E7867B0
02 12:15:20:146 PLSQL: INICIALIZADO PAQUETE DE LOG EL DIA 01-04-2022
02 12:15:20:155 Actualizado SID 140 SERIAL 26755 del proceso con PID 10996

00 13:10:54:649 Fichero de log cerrado.

00 13:11:07:405 Fichero de log abierto PID 13392

02 13:11:07:410 Intentando abrir fichero v10.ini
02 13:11:07:420 Cargando driver v10oracle funcion damedriveroracle
02 13:11:08:292 Conectado a base de datos
02 13:11:08:295 Proceso PEDIDOS encontrado en tabla VDPROCESOS
02 13:11:08:295 Proceso PEDIDOS cargado con función vdbuscapedstprio (Librería VDPEDIDOS.DLL) direccion 061B9BF0
02 13:11:08:297 Proceso RESERVA encontrado en tabla VDPROCESOS
02 13:11:08:297 Proceso RESERVA cargado con función vdbuscademc (Librería VDKERNEL.DLL) direccion 6E7867B0
02 13:11:08:299 PLSQL: INICIALIZADO PAQUETE DE LOG EL DIA 01-04-2022
02 13:11:08:307 Actualizado SID 381 SERIAL 59658 del proceso con PID 13392

00 13:31:06:365 Fichero de log cerrado.

00 13:31:13:814 Fichero de log abierto PID 16828

02 13:31:13:815 Intentando abrir fichero v10.ini
02 13:31:13:822 Cargando driver v10oracle funcion damedriveroracle
02 13:31:14:662 Conectado a base de datos
02 13:31:14:665 Proceso PEDIDOS encontrado en tabla VDPROCESOS
02 13:31:14:665 Proceso PEDIDOS cargado con función vdbuscapedstprio (Librería VDPEDIDOS.DLL) direccion 05DE9BF0
02 13:31:14:665 Proceso RESERVA encontrado en tabla VDPROCESOS
02 13:31:14:665 Proceso RESERVA cargado con función vdbuscademc (Librería VDKERNEL.DLL) direccion 6E7867B0
02 13:31:14:668 PLSQL: INICIALIZADO PAQUETE DE LOG EL DIA 01-04-2022
02 13:31:14:677 Actualizado SID 746 SERIAL 885 del proceso con PID 16828

00 13:39:34:107 Fichero de log cerrado.

00 13:39:48:479 Fichero de log abierto PID 14016

02 13:39:48:480 Intentando abrir fichero v10.ini
02 13:39:48:487 Cargando driver v10oracle funcion damedriveroracle
02 13:39:49:332 Conectado a base de datos
02 13:39:49:334 Proceso PEDIDOS encontrado en tabla VDPROCESOS
02 13:39:49:335 Proceso PEDIDOS cargado con función vdbuscapedstprio (Librería VDPEDIDOS.DLL) direccion 05A89BF0
02 13:39:49:335 Proceso RESERVA encontrado en tabla VDPROCESOS
02 13:39:49:335 Proceso RESERVA cargado con función vdbuscademc (Librería VDKERNEL.DLL) direccion 6E7867B0
02 13:39:49:339 PLSQL: INICIALIZADO PAQUETE DE LOG EL DIA 01-04-2022
02 13:39:49:349 Actualizado SID 873 SERIAL 39077 del proceso con PID 14016

00 13:41:22:215 Fichero de log cerrado.

00 13:41:29:089 Fichero de log abierto PID 1656

02 13:41:29:090 Intentando abrir fichero v10.ini
02 13:41:29:095 Cargando driver v10oracle funcion damedriveroracle
02 13:41:29:982 Conectado a base de datos
02 13:41:29:985 Proceso PEDIDOS encontrado en tabla VDPROCESOS
02 13:41:29:985 Proceso PEDIDOS cargado con función vdbuscapedstprio (Librería VDPEDIDOS.DLL) direccion 05879BF0
02 13:41:29:985 Proceso RESERVA encontrado en tabla VDPROCESOS
02 13:41:29:985 Proceso RESERVA cargado con función vdbuscademc (Librería VDKERNEL.DLL) direccion 6E7867B0
02 13:41:29:988 PLSQL: INICIALIZADO PAQUETE DE LOG EL DIA 01-04-2022
02 13:41:29:997 Actualizado SID 502 SERIAL 8928 del proceso con PID 1656

00 13:58:39:757 Fichero de log cerrado.

