00 09:05:28:053 Fichero de log abierto PID 12748

02 09:05:28:055 Intentando abrir fichero v10.ini
02 09:05:28:062 Cargando driver v10oracle funcion damedriveroracle
02 09:05:28:968 Conectado a base de datos
02 09:05:28:971 Proceso PEDIDOS encontrado en tabla VDPROCESOS
02 09:05:28:972 Proceso PEDIDOS cargado con función vdbuscapedstprio (Librería VDPEDIDOS.DLL) direccion 06079BF0
02 09:05:28:972 Proceso RESERVA encontrado en tabla VDPROCESOS
02 09:05:28:972 Proceso RESERVA cargado con función vdbuscademc (Librería VDKERNEL.DLL) direccion 6FFD67B0
02 09:05:28:975 PLSQL: INICIALIZADO PAQUETE DE LOG EL DIA 21-03-2022
02 09:05:28:982 Actualizado SID 504 SERIAL 47821 del proceso con PID 12748
02 11:53:17:747 Ejecucion número 10001 del proceso PEDIDOS total 638470
02 15:50:07:710 Ejecucion número 20001 del proceso PEDIDOS total 1242227

00 17:53:19:384 Fichero de log cerrado.

00 17:53:20:677 Fichero de log abierto PID 10736

02 17:53:20:682 Intentando abrir fichero v10.ini
02 17:53:20:697 Cargando driver v10oracle funcion damedriveroracle
02 17:53:22:235 Conectado a base de datos
02 17:53:22:240 Proceso PEDIDOS encontrado en tabla VDPROCESOS
02 17:53:22:244 Proceso PEDIDOS cargado con función vdbuscapedstprio (Librería VDPEDIDOS.DLL) direccion 066F9BF0
02 17:53:22:245 Proceso RESERVA encontrado en tabla VDPROCESOS
02 17:53:22:245 Proceso RESERVA cargado con función vdbuscademc (Librería VDKERNEL.DLL) direccion 6FFD67B0
02 17:53:22:249 PLSQL: INICIALIZADO PAQUETE DE LOG EL DIA 21-03-2022
02 17:53:22:270 Actualizado SID 255 SERIAL 14801 del proceso con PID 10736

00 17:53:25:012 Fichero de log cerrado.

