00 09:17:44:806 Fichero de log abierto PID 6672

02 09:17:44:807 Intentando abrir fichero v10.ini
02 09:17:44:812 Cargando driver v10oracle funcion damedriveroracle
02 09:17:45:355 Conectado a base de datos
02 09:17:45:356 Proceso PEDIDOS encontrado en tabla VDPROCESOS
02 09:17:46:030 Proceso PEDIDOS cargado con función vdbuscapedstprio (Librería VDPEDIDOS.DLL) direccion 06279BF0
02 09:17:46:030 Proceso RESERVA encontrado en tabla VDPROCESOS
02 09:17:46:030 Proceso RESERVA cargado con función vdbuscademc (Librería VDKERNEL.DLL) direccion 6BFF67B0
02 09:17:46:032 PLSQL: INICIALIZADO PAQUETE DE LOG EL DIA 28-06-2022
02 09:17:46:050 Actualizado SID 630 SERIAL 38652 del proceso con PID 6672

00 09:39:20:132 Fichero de log cerrado.

00 09:39:35:565 Fichero de log abierto PID 4040

02 09:39:35:567 Intentando abrir fichero v10.ini
02 09:39:35:572 Cargando driver v10oracle funcion damedriveroracle
02 09:39:35:933 Conectado a base de datos
02 09:39:35:936 Proceso PEDIDOS encontrado en tabla VDPROCESOS
02 09:39:35:937 Proceso PEDIDOS cargado con función vdbuscapedstprio (Librería VDPEDIDOS.DLL) direccion 06319BF0
02 09:39:35:937 Proceso RESERVA encontrado en tabla VDPROCESOS
02 09:39:35:937 Proceso RESERVA cargado con función vdbuscademc (Librería VDKERNEL.DLL) direccion 6BFF67B0
02 09:39:35:939 PLSQL: INICIALIZADO PAQUETE DE LOG EL DIA 28-06-2022
02 09:39:35:947 Actualizado SID 508 SERIAL 23564 del proceso con PID 4040

00 12:12:08:737 Fichero de log cerrado.

00 12:12:22:077 Fichero de log abierto PID 2116

02 12:12:22:137 Intentando abrir fichero v10.ini
02 12:12:22:145 Cargando driver v10oracle funcion damedriveroracle
02 12:12:22:864 Conectado a base de datos
02 12:12:22:865 Proceso PEDIDOS encontrado en tabla VDPROCESOS
02 12:12:22:867 Proceso PEDIDOS cargado con función vdbuscapedstprio (Librería VDPEDIDOS.DLL) direccion 055D9BF0
02 12:12:22:867 Proceso RESERVA encontrado en tabla VDPROCESOS
02 12:12:22:867 Proceso RESERVA cargado con función vdbuscademc (Librería VDKERNEL.DLL) direccion 6BFF67B0
02 12:12:22:869 PLSQL: INICIALIZADO PAQUETE DE LOG EL DIA 28-06-2022
02 12:12:22:875 Actualizado SID 261 SERIAL 34540 del proceso con PID 2116

00 12:17:16:447 Fichero de log cerrado.

00 12:17:33:947 Fichero de log abierto PID 5060

02 12:17:33:947 Intentando abrir fichero v10.ini
02 12:17:33:952 Cargando driver v10oracle funcion damedriveroracle
02 12:17:34:637 Conectado a base de datos
02 12:17:34:639 Proceso PEDIDOS encontrado en tabla VDPROCESOS
02 12:17:34:640 Proceso PEDIDOS cargado con función vdbuscapedstprio (Librería VDPEDIDOS.DLL) direccion 067A9BF0
02 12:17:34:640 Proceso RESERVA encontrado en tabla VDPROCESOS
02 12:17:34:640 Proceso RESERVA cargado con función vdbuscademc (Librería VDKERNEL.DLL) direccion 6BFF67B0
02 12:17:34:643 PLSQL: INICIALIZADO PAQUETE DE LOG EL DIA 28-06-2022
02 12:17:34:652 Actualizado SID 134 SERIAL 14192 del proceso con PID 5060

00 12:42:30:060 Fichero de log cerrado.

00 12:42:45:745 Fichero de log abierto PID 12780

02 12:42:45:747 Intentando abrir fichero v10.ini
02 12:42:45:750 Cargando driver v10oracle funcion damedriveroracle
02 12:42:46:430 Conectado a base de datos
02 12:42:46:432 Proceso PEDIDOS encontrado en tabla VDPROCESOS
02 12:42:46:434 Proceso PEDIDOS cargado con función vdbuscapedstprio (Librería VDPEDIDOS.DLL) direccion 05F29BF0
02 12:42:46:434 Proceso RESERVA encontrado en tabla VDPROCESOS
02 12:42:46:434 Proceso RESERVA cargado con función vdbuscademc (Librería VDKERNEL.DLL) direccion 6BFF67B0
02 12:42:46:436 PLSQL: INICIALIZADO PAQUETE DE LOG EL DIA 28-06-2022
02 12:42:46:447 Actualizado SID 501 SERIAL 38221 del proceso con PID 12780

00 13:34:12:820 Fichero de log cerrado.

00 13:34:40:312 Fichero de log abierto PID 13588

02 13:34:40:315 Intentando abrir fichero v10.ini
02 13:34:40:320 Cargando driver v10oracle funcion damedriveroracle
02 13:34:41:050 Conectado a base de datos
02 13:34:41:052 Proceso PEDIDOS encontrado en tabla VDPROCESOS
02 13:34:41:054 Proceso PEDIDOS cargado con función vdbuscapedstprio (Librería VDPEDIDOS.DLL) direccion 05EB9BF0
02 13:34:41:054 Proceso RESERVA encontrado en tabla VDPROCESOS
02 13:34:41:054 Proceso RESERVA cargado con función vdbuscademc (Librería VDKERNEL.DLL) direccion 6BFF67B0
02 13:34:41:055 PLSQL: INICIALIZADO PAQUETE DE LOG EL DIA 28-06-2022
02 13:34:41:062 Actualizado SID 748 SERIAL 52099 del proceso con PID 13588

00 13:35:55:742 Fichero de log cerrado.

00 13:36:00:430 Fichero de log abierto PID 11244

02 13:36:00:432 Intentando abrir fichero v10.ini
02 13:36:00:440 Cargando driver v10oracle funcion damedriveroracle
02 13:36:01:199 Conectado a base de datos
02 13:36:01:200 Proceso PEDIDOS encontrado en tabla VDPROCESOS
02 13:36:01:202 Proceso PEDIDOS cargado con función vdbuscapedstprio (Librería VDPEDIDOS.DLL) direccion 05D69BF0
02 13:36:01:202 Proceso RESERVA encontrado en tabla VDPROCESOS
02 13:36:01:202 Proceso RESERVA cargado con función vdbuscademc (Librería VDKERNEL.DLL) direccion 6BFF67B0
02 13:36:01:204 PLSQL: INICIALIZADO PAQUETE DE LOG EL DIA 28-06-2022
02 13:36:01:217 Actualizado SID 259 SERIAL 1539 del proceso con PID 11244

00 13:36:42:907 Fichero de log cerrado.

00 13:44:14:645 Fichero de log abierto PID 1280

02 13:44:14:647 Intentando abrir fichero v10.ini
02 13:44:14:652 Cargando driver v10oracle funcion damedriveroracle
02 13:44:15:260 Conectado a base de datos
02 13:44:15:262 Proceso PEDIDOS encontrado en tabla VDPROCESOS
02 13:44:15:262 Proceso PEDIDOS cargado con función vdbuscapedstprio (Librería VDPEDIDOS.DLL) direccion 05B69BF0
02 13:44:15:262 Proceso RESERVA encontrado en tabla VDPROCESOS
02 13:44:15:262 Proceso RESERVA cargado con función vdbuscademc (Librería VDKERNEL.DLL) direccion 6BFF67B0
02 13:44:15:265 PLSQL: INICIALIZADO PAQUETE DE LOG EL DIA 28-06-2022
02 13:44:15:275 Actualizado SID 508 SERIAL 58067 del proceso con PID 1280

00 14:45:59:840 Fichero de log cerrado.

00 14:46:22:972 Fichero de log abierto PID 8960

02 14:46:22:977 Intentando abrir fichero v10.ini
02 14:46:22:982 Cargando driver v10oracle funcion damedriveroracle
02 14:46:23:355 Conectado a base de datos
02 14:46:23:355 Proceso PEDIDOS encontrado en tabla VDPROCESOS
02 14:46:23:359 Proceso PEDIDOS cargado con función vdbuscapedstprio (Librería VDPEDIDOS.DLL) direccion 06269BF0
02 14:46:23:359 Proceso RESERVA encontrado en tabla VDPROCESOS
02 14:46:23:359 Proceso RESERVA cargado con función vdbuscademc (Librería VDKERNEL.DLL) direccion 6BFF67B0
02 14:46:23:362 PLSQL: INICIALIZADO PAQUETE DE LOG EL DIA 28-06-2022
02 14:46:23:370 Actualizado SID 10 SERIAL 39786 del proceso con PID 8960

00 17:58:49:097 Fichero de log cerrado.

