00 09:11:09:382 Fichero de log abierto PID 2348

02 09:11:09:383 Intentando abrir fichero v10.ini
02 09:11:09:388 Cargando driver v10oracle funcion damedriveroracle
02 09:11:09:987 Conectado a base de datos
02 09:11:09:990 Proceso PEDIDOS encontrado en tabla VDPROCESOS
02 09:11:09:991 Proceso PEDIDOS cargado con función vdbuscapedstprio (Librería VDPEDIDOS.DLL) direccion 06D59BF0
02 09:11:09:991 Proceso RESERVA encontrado en tabla VDPROCESOS
02 09:11:09:991 Proceso RESERVA cargado con función vdbuscademc (Librería VDKERNEL.DLL) direccion 6E0267B0
02 09:11:09:993 PLSQL: INICIALIZADO PAQUETE DE LOG EL DIA 04-04-2022
02 09:11:10:005 Actualizado SID 752 SERIAL 42638 del proceso con PID 2348

00 10:22:53:436 Fichero de log cerrado.

00 10:23:02:253 Fichero de log abierto PID 17004

02 10:23:02:256 Intentando abrir fichero v10.ini
02 10:23:02:262 Cargando driver v10oracle funcion damedriveroracle
02 10:23:03:092 Conectado a base de datos
02 10:23:03:093 Proceso PEDIDOS encontrado en tabla VDPROCESOS
02 10:23:03:096 Proceso PEDIDOS cargado con función vdbuscapedstprio (Librería VDPEDIDOS.DLL) direccion 06519BF0
02 10:23:03:096 Proceso RESERVA encontrado en tabla VDPROCESOS
02 10:23:03:096 Proceso RESERVA cargado con función vdbuscademc (Librería VDKERNEL.DLL) direccion 6E0267B0
02 10:23:03:098 PLSQL: INICIALIZADO PAQUETE DE LOG EL DIA 04-04-2022
02 10:23:03:107 Actualizado SID 253 SERIAL 56488 del proceso con PID 17004

00 10:38:58:311 Fichero de log cerrado.

00 10:39:08:607 Fichero de log abierto PID 8392

02 10:39:08:608 Intentando abrir fichero v10.ini
02 10:39:08:615 Cargando driver v10oracle funcion damedriveroracle
02 10:39:09:335 Conectado a base de datos
02 10:39:09:337 Proceso PEDIDOS encontrado en tabla VDPROCESOS
02 10:39:09:340 Proceso PEDIDOS cargado con función vdbuscapedstprio (Librería VDPEDIDOS.DLL) direccion 05B09BF0
02 10:39:09:341 Proceso RESERVA encontrado en tabla VDPROCESOS
02 10:39:09:341 Proceso RESERVA cargado con función vdbuscademc (Librería VDKERNEL.DLL) direccion 6E0267B0
02 10:39:09:343 PLSQL: INICIALIZADO PAQUETE DE LOG EL DIA 04-04-2022
02 10:39:09:352 Actualizado SID 753 SERIAL 50248 del proceso con PID 8392

00 12:14:33:895 Fichero de log cerrado.

00 12:14:45:489 Fichero de log abierto PID 8616

02 12:14:45:490 Intentando abrir fichero v10.ini
02 12:14:45:497 Cargando driver v10oracle funcion damedriveroracle
02 12:14:46:105 Conectado a base de datos
02 12:14:46:107 Proceso PEDIDOS encontrado en tabla VDPROCESOS
02 12:14:46:109 Proceso PEDIDOS cargado con función vdbuscapedstprio (Librería VDPEDIDOS.DLL) direccion 06359BF0
02 12:14:46:110 Proceso RESERVA encontrado en tabla VDPROCESOS
02 12:14:46:110 Proceso RESERVA cargado con función vdbuscademc (Librería VDKERNEL.DLL) direccion 6E0267B0
02 12:14:46:112 PLSQL: INICIALIZADO PAQUETE DE LOG EL DIA 04-04-2022
02 12:14:46:150 Actualizado SID 134 SERIAL 5356 del proceso con PID 8616

00 12:39:53:230 Fichero de log cerrado.

00 12:39:57:475 Fichero de log abierto PID 9340

02 12:39:57:477 Intentando abrir fichero v10.ini
02 12:39:57:482 Cargando driver v10oracle funcion damedriveroracle
02 12:39:58:275 Conectado a base de datos
02 12:39:58:277 Proceso PEDIDOS encontrado en tabla VDPROCESOS
02 12:39:58:279 Proceso PEDIDOS cargado con función vdbuscapedstprio (Librería VDPEDIDOS.DLL) direccion 05529BF0
02 12:39:58:280 Proceso RESERVA encontrado en tabla VDPROCESOS
02 12:39:58:280 Proceso RESERVA cargado con función vdbuscademc (Librería VDKERNEL.DLL) direccion 6E0267B0
02 12:39:58:281 PLSQL: INICIALIZADO PAQUETE DE LOG EL DIA 04-04-2022
02 12:39:58:290 Actualizado SID 750 SERIAL 3011 del proceso con PID 9340

00 12:40:52:377 Fichero de log cerrado.

00 12:40:57:769 Fichero de log abierto PID 15344

02 12:40:57:845 Intentando abrir fichero v10.ini
02 12:40:57:850 Cargando driver v10oracle funcion damedriveroracle
02 12:40:58:592 Conectado a base de datos
02 12:40:58:595 Proceso PEDIDOS encontrado en tabla VDPROCESOS
02 12:40:58:595 Proceso PEDIDOS cargado con función vdbuscapedstprio (Librería VDPEDIDOS.DLL) direccion 05B79BF0
02 12:40:58:595 Proceso RESERVA encontrado en tabla VDPROCESOS
02 12:40:58:595 Proceso RESERVA cargado con función vdbuscademc (Librería VDKERNEL.DLL) direccion 6E0267B0
02 12:40:58:598 PLSQL: INICIALIZADO PAQUETE DE LOG EL DIA 04-04-2022
02 12:40:58:605 Actualizado SID 256 SERIAL 20427 del proceso con PID 15344
02 16:22:48:822 Ejecucion número 10001 del proceso PEDIDOS total 646162

00 17:13:21:677 Fichero de log cerrado.

00 17:13:27:137 Fichero de log abierto PID 6240

02 17:13:27:139 Intentando abrir fichero v10.ini
02 17:13:27:145 Cargando driver v10oracle funcion damedriveroracle
02 17:13:28:010 Conectado a base de datos
02 17:13:28:012 Proceso PEDIDOS encontrado en tabla VDPROCESOS
02 17:13:28:012 Proceso PEDIDOS cargado con función vdbuscapedstprio (Librería VDPEDIDOS.DLL) direccion 05F59BF0
02 17:13:28:014 Proceso RESERVA encontrado en tabla VDPROCESOS
02 17:13:28:014 Proceso RESERVA cargado con función vdbuscademc (Librería VDKERNEL.DLL) direccion 6E0267B0
02 17:13:28:016 PLSQL: INICIALIZADO PAQUETE DE LOG EL DIA 04-04-2022
02 17:13:28:025 Actualizado SID 11 SERIAL 51996 del proceso con PID 6240

00 17:58:21:355 Fichero de log cerrado.

