00 09:14:07:252 Fichero de log abierto PID 14552

02 09:14:07:252 Intentando abrir fichero v10.ini
02 09:14:07:258 Cargando driver v10oracle funcion damedriveroracle
02 09:14:07:882 Conectado a base de datos
02 09:14:07:883 Proceso PEDIDOS encontrado en tabla VDPROCESOS
02 09:14:09:120 Proceso PEDIDOS cargado con función vdbuscapedstprio (Librería VDPEDIDOS.DLL) direccion 03FB9BF0
02 09:14:09:120 Proceso RESERVA encontrado en tabla VDPROCESOS
02 09:14:09:120 Proceso RESERVA cargado con función vdbuscademc (Librería VDKERNEL.DLL) direccion 6C0067B0
02 09:14:09:125 PLSQL: INICIALIZADO PAQUETE DE LOG EL DIA 29-06-2022
02 09:14:09:145 Actualizado SID 633 SERIAL 63504 del proceso con PID 14552

00 11:17:59:492 Fichero de log cerrado.

00 11:18:11:493 Fichero de log abierto PID 15400

02 11:18:11:495 Intentando abrir fichero v10.ini
02 11:18:11:501 Cargando driver v10oracle funcion damedriveroracle
02 11:18:12:102 Conectado a base de datos
02 11:18:12:103 Proceso PEDIDOS encontrado en tabla VDPROCESOS
02 11:18:12:105 Proceso PEDIDOS cargado con función vdbuscapedstprio (Librería VDPEDIDOS.DLL) direccion 05C89BF0
02 11:18:12:105 Proceso RESERVA encontrado en tabla VDPROCESOS
02 11:18:12:105 Proceso RESERVA cargado con función vdbuscademc (Librería VDKERNEL.DLL) direccion 6C0067B0
02 11:18:12:107 PLSQL: INICIALIZADO PAQUETE DE LOG EL DIA 29-06-2022
02 11:18:12:117 Actualizado SID 871 SERIAL 50244 del proceso con PID 15400

00 11:42:13:492 Fichero de log cerrado.

00 13:46:18:939 Fichero de log abierto PID 1892

02 13:46:18:940 Intentando abrir fichero v10.ini
02 13:46:18:945 Cargando driver v10oracle funcion damedriveroracle
02 13:46:19:699 Conectado a base de datos
02 13:46:19:700 Proceso PEDIDOS encontrado en tabla VDPROCESOS
02 13:46:19:702 Proceso PEDIDOS cargado con función vdbuscapedstprio (Librería VDPEDIDOS.DLL) direccion 061E9BF0
02 13:46:19:702 Proceso RESERVA encontrado en tabla VDPROCESOS
02 13:46:19:702 Proceso RESERVA cargado con función vdbuscademc (Librería VDKERNEL.DLL) direccion 6C0067B0
02 13:46:19:704 PLSQL: INICIALIZADO PAQUETE DE LOG EL DIA 29-06-2022
02 13:46:19:712 Actualizado SID 259 SERIAL 1434 del proceso con PID 1892

00 13:50:10:250 Fichero de log cerrado.

00 17:03:13:615 Fichero de log abierto PID 13684

02 17:03:13:617 Intentando abrir fichero v10.ini
02 17:03:13:622 Cargando driver v10oracle funcion damedriveroracle
02 17:03:14:085 Conectado a base de datos
02 17:03:14:087 Proceso PEDIDOS encontrado en tabla VDPROCESOS
02 17:03:14:087 Proceso PEDIDOS cargado con función vdbuscapedstprio (Librería VDPEDIDOS.DLL) direccion 060A9BF0
02 17:03:14:087 Proceso RESERVA encontrado en tabla VDPROCESOS
02 17:03:14:087 Proceso RESERVA cargado con función vdbuscademc (Librería VDKERNEL.DLL) direccion 6C0067B0
02 17:03:14:089 PLSQL: INICIALIZADO PAQUETE DE LOG EL DIA 29-06-2022
02 17:03:14:097 Actualizado SID 872 SERIAL 13830 del proceso con PID 13684

00 17:57:09:027 Fichero de log cerrado.

