00 09:09:35:392 Fichero de log abierto PID 13296

02 09:09:35:393 Intentando abrir fichero v10.ini
02 09:09:35:400 Cargando driver v10oracle funcion damedriveroracle
02 09:09:36:332 Conectado a base de datos
02 09:09:36:332 Proceso PEDIDOS encontrado en tabla VDPROCESOS
02 09:09:36:332 Proceso PEDIDOS cargado con función vdbuscapedstprio (Librería VDPEDIDOS.DLL) direccion 05F59BF0
02 09:09:36:332 Proceso RESERVA encontrado en tabla VDPROCESOS
02 09:09:36:332 Proceso RESERVA cargado con función vdbuscademc (Librería VDKERNEL.DLL) direccion 6FDF67B0
02 09:09:36:338 PLSQL: INICIALIZADO PAQUETE DE LOG EL DIA 05-04-2022
02 09:09:36:350 Actualizado SID 377 SERIAL 54955 del proceso con PID 13296

00 09:57:03:202 Fichero de log cerrado.

00 09:57:16:528 Fichero de log abierto PID 13344

02 09:57:16:531 Intentando abrir fichero v10.ini
02 09:57:16:597 Cargando driver v10oracle funcion damedriveroracle
02 09:57:17:451 Conectado a base de datos
02 09:57:17:452 Proceso PEDIDOS encontrado en tabla VDPROCESOS
02 09:57:17:453 Proceso PEDIDOS cargado con función vdbuscapedstprio (Librería VDPEDIDOS.DLL) direccion 06819BF0
02 09:57:17:453 Proceso RESERVA encontrado en tabla VDPROCESOS
02 09:57:17:453 Proceso RESERVA cargado con función vdbuscademc (Librería VDKERNEL.DLL) direccion 6FDF67B0
02 09:57:17:456 PLSQL: INICIALIZADO PAQUETE DE LOG EL DIA 05-04-2022
02 09:57:17:463 Actualizado SID 11 SERIAL 37032 del proceso con PID 13344

00 10:01:40:427 Fichero de log cerrado.

00 10:03:38:712 Fichero de log abierto PID 11204

02 10:03:38:712 Intentando abrir fichero v10.ini
02 10:03:38:722 Cargando driver v10oracle funcion damedriveroracle
02 10:03:39:678 Conectado a base de datos
02 10:03:39:681 Proceso PEDIDOS encontrado en tabla VDPROCESOS
02 10:03:39:682 Proceso PEDIDOS cargado con función vdbuscapedstprio (Librería VDPEDIDOS.DLL) direccion 066D9BF0
02 10:03:39:682 Proceso RESERVA encontrado en tabla VDPROCESOS
02 10:03:39:682 Proceso RESERVA cargado con función vdbuscademc (Librería VDKERNEL.DLL) direccion 6E0867B0
02 10:03:39:685 PLSQL: INICIALIZADO PAQUETE DE LOG EL DIA 05-04-2022
02 10:03:39:695 Actualizado SID 380 SERIAL 31391 del proceso con PID 11204
02 13:17:48:804 Ejecucion número 10001 del proceso PEDIDOS total 645400

00 16:14:51:349 Fichero de log cerrado.

00 16:15:02:165 Fichero de log abierto PID 16352

02 16:15:02:167 Intentando abrir fichero v10.ini
02 16:15:02:172 Cargando driver v10oracle funcion damedriveroracle
02 16:15:03:904 Conectado a base de datos
02 16:15:03:910 Proceso PEDIDOS encontrado en tabla VDPROCESOS
02 16:15:03:915 Proceso PEDIDOS cargado con función vdbuscapedstprio (Librería VDPEDIDOS.DLL) direccion 05F09BF0
02 16:15:03:915 Proceso RESERVA encontrado en tabla VDPROCESOS
02 16:15:03:915 Proceso RESERVA cargado con función vdbuscademc (Librería VDKERNEL.DLL) direccion 6E0867B0
02 16:15:03:923 PLSQL: INICIALIZADO PAQUETE DE LOG EL DIA 05-04-2022
02 16:15:03:954 Actualizado SID 501 SERIAL 36109 del proceso con PID 16352

00 17:58:46:532 Fichero de log cerrado.

