00 08:59:49:261 Fichero de log abierto PID 1424

02 08:59:49:343 Intentando abrir fichero v10.ini
02 08:59:49:350 Cargando driver v10oracle funcion damedriveroracle
02 08:59:50:090 Conectado a base de datos
02 08:59:50:092 Proceso PEDIDOS encontrado en tabla VDPROCESOS
02 08:59:50:092 Proceso PEDIDOS cargado con función vdbuscapedstprio (Librería VDPEDIDOS.DLL) direccion 05DA9BF0
02 08:59:50:092 Proceso RESERVA encontrado en tabla VDPROCESOS
02 08:59:50:092 Proceso RESERVA cargado con función vdbuscademc (Librería VDKERNEL.DLL) direccion 700367B0
02 08:59:50:094 PLSQL: INICIALIZADO PAQUETE DE LOG EL DIA 27-06-2022
02 08:59:50:098 Actualizado SID 135 SERIAL 32038 del proceso con PID 1424
02 11:56:13:734 Ejecucion número 10001 del proceso PEDIDOS total 603119
02 14:44:28:634 Ejecucion número 20001 del proceso PEDIDOS total 1205428

00 17:47:53:412 Fichero de log cerrado.

00 17:48:08:520 Fichero de log abierto PID 9352

02 17:48:08:520 Intentando abrir fichero v10.ini
02 17:48:08:530 Cargando driver v10oracle funcion damedriveroracle
02 17:48:09:130 Conectado a base de datos
02 17:48:09:132 Proceso PEDIDOS encontrado en tabla VDPROCESOS
02 17:48:09:135 Proceso PEDIDOS cargado con función vdbuscapedstprio (Librería VDPEDIDOS.DLL) direccion 06469BF0
02 17:48:09:135 Proceso RESERVA encontrado en tabla VDPROCESOS
02 17:48:09:135 Proceso RESERVA cargado con función vdbuscademc (Librería VDKERNEL.DLL) direccion 700367B0
02 17:48:09:137 PLSQL: INICIALIZADO PAQUETE DE LOG EL DIA 27-06-2022
02 17:48:09:145 Actualizado SID 869 SERIAL 47038 del proceso con PID 9352

00 17:57:06:537 Fichero de log cerrado.

