00 11:41:47:150 Fichero de log abierto PID 5636

02 11:41:47:152 Intentando abrir fichero v10.ini
02 11:41:47:157 Cargando driver v10oracle funcion damedriveroracle
02 11:41:47:719 Conectado a base de datos
02 11:41:47:720 Proceso PEDIDOS encontrado en tabla VDPROCESOS
02 11:41:48:565 Proceso PEDIDOS cargado con función vdbuscapedstprio (Librería VDPEDIDOS.DLL) direccion 054E9BF0
02 11:41:48:565 Proceso RESERVA encontrado en tabla VDPROCESOS
02 11:41:48:565 Proceso RESERVA cargado con función vdbuscademc (Librería VDKERNEL.DLL) direccion 6F3C67B0
02 11:41:48:569 PLSQL: INICIALIZADO PAQUETE DE LOG EL DIA 04-07-2022
02 11:41:48:587 Actualizado SID 387 SERIAL 55587 del proceso con PID 5636
02 14:37:53:335 Ejecucion número 10001 del proceso PEDIDOS total 627941

00 16:28:21:849 Fichero de log cerrado.

00 16:28:33:349 Fichero de log abierto PID 13516

02 16:28:33:350 Intentando abrir fichero v10.ini
02 16:28:33:357 Cargando driver v10oracle funcion damedriveroracle
02 16:28:34:207 Conectado a base de datos
02 16:28:34:210 Proceso PEDIDOS encontrado en tabla VDPROCESOS
02 16:28:34:210 Proceso PEDIDOS cargado con función vdbuscapedstprio (Librería VDPEDIDOS.DLL) direccion 05E59BF0
02 16:28:34:210 Proceso RESERVA encontrado en tabla VDPROCESOS
02 16:28:34:212 Proceso RESERVA cargado con función vdbuscademc (Librería VDKERNEL.DLL) direccion 6F3C67B0
02 16:28:34:214 PLSQL: INICIALIZADO PAQUETE DE LOG EL DIA 04-07-2022
02 16:28:34:222 Actualizado SID 623 SERIAL 9118 del proceso con PID 13516

00 17:57:33:832 Fichero de log cerrado.

