00 09:43:02:611 Fichero de log abierto PID 12764

02 09:43:02:611 Intentando abrir fichero v10.ini
02 09:43:02:617 Cargando driver v10oracle funcion damedriveroracle
02 09:43:03:432 Conectado a base de datos
02 09:43:03:433 Proceso PEDIDOS encontrado en tabla VDPROCESOS
02 09:43:03:435 Proceso PEDIDOS cargado con función vdbuscapedstprio (Librería VDPEDIDOS.DLL) direccion 06E09BF0
02 09:43:03:435 Proceso RESERVA encontrado en tabla VDPROCESOS
02 09:43:03:435 Proceso RESERVA cargado con función vdbuscademc (Librería VDKERNEL.DLL) direccion 704867B0
02 09:43:03:449 PLSQL: INICIALIZADO PAQUETE DE LOG EL DIA 31-03-2022
02 09:43:03:457 Actualizado SID 8 SERIAL 2324 del proceso con PID 12764
02 12:42:25:190 Ejecucion número 10001 del proceso PEDIDOS total 598305

00 14:17:57:457 Fichero de log cerrado.

00 14:18:05:917 Fichero de log abierto PID 5652

02 14:18:05:919 Intentando abrir fichero v10.ini
02 14:18:05:925 Cargando driver v10oracle funcion damedriveroracle
02 14:18:06:712 Conectado a base de datos
02 14:18:06:715 Proceso PEDIDOS encontrado en tabla VDPROCESOS
02 14:18:06:715 Proceso PEDIDOS cargado con función vdbuscapedstprio (Librería VDPEDIDOS.DLL) direccion 067F9BF0
02 14:18:06:717 Proceso RESERVA encontrado en tabla VDPROCESOS
02 14:18:06:717 Proceso RESERVA cargado con función vdbuscademc (Librería VDKERNEL.DLL) direccion 704867B0
02 14:18:06:719 PLSQL: INICIALIZADO PAQUETE DE LOG EL DIA 31-03-2022
02 14:18:06:729 Actualizado SID 746 SERIAL 36057 del proceso con PID 5652

00 17:58:44:717 Fichero de log cerrado.

