00 09:07:46:037 Fichero de log abierto PID 12764

02 09:07:46:038 Intentando abrir fichero v10.ini
02 09:07:46:043 Cargando driver v10oracle funcion damedriveroracle
02 09:07:46:572 Conectado a base de datos
02 09:07:46:572 Proceso PEDIDOS encontrado en tabla VDPROCESOS
02 09:07:46:573 Proceso PEDIDOS cargado con función vdbuscapedstprio (Librería VDPEDIDOS.DLL) direccion 065B9BF0
02 09:07:46:573 Proceso RESERVA encontrado en tabla VDPROCESOS
02 09:07:46:573 Proceso RESERVA cargado con función vdbuscademc (Librería VDKERNEL.DLL) direccion 705E67B0
02 09:07:46:578 PLSQL: INICIALIZADO PAQUETE DE LOG EL DIA 22-03-2022
02 09:07:46:588 Actualizado SID 382 SERIAL 45562 del proceso con PID 12764
02 11:55:51:005 Ejecucion número 10001 del proceso PEDIDOS total 645821
02 14:43:55:099 Ejecucion número 20001 del proceso PEDIDOS total 1294874

00 17:07:22:545 Fichero de log cerrado.

00 17:07:34:859 Fichero de log abierto PID 10660

02 17:07:34:860 Intentando abrir fichero v10.ini
02 17:07:34:867 Cargando driver v10oracle funcion damedriveroracle
02 17:07:35:669 Conectado a base de datos
02 17:07:35:670 Proceso PEDIDOS encontrado en tabla VDPROCESOS
02 17:07:35:672 Proceso PEDIDOS cargado con función vdbuscapedstprio (Librería VDPEDIDOS.DLL) direccion 05369BF0
02 17:07:35:672 Proceso RESERVA encontrado en tabla VDPROCESOS
02 17:07:35:672 Proceso RESERVA cargado con función vdbuscademc (Librería VDKERNEL.DLL) direccion 705E67B0
02 17:07:35:675 PLSQL: INICIALIZADO PAQUETE DE LOG EL DIA 22-03-2022
02 17:07:35:684 Actualizado SID 255 SERIAL 23215 del proceso con PID 10660

00 17:12:06:680 Fichero de log cerrado.

00 17:12:11:465 Fichero de log abierto PID 16480

02 17:12:11:475 Intentando abrir fichero v10.ini
02 17:12:11:480 Cargando driver v10oracle funcion damedriveroracle
02 17:12:12:125 Conectado a base de datos
02 17:12:12:127 Proceso PEDIDOS encontrado en tabla VDPROCESOS
02 17:12:12:129 Proceso PEDIDOS cargado con función vdbuscapedstprio (Librería VDPEDIDOS.DLL) direccion 06249BF0
02 17:12:12:129 Proceso RESERVA encontrado en tabla VDPROCESOS
02 17:12:12:129 Proceso RESERVA cargado con función vdbuscademc (Librería VDKERNEL.DLL) direccion 705E67B0
02 17:12:12:131 PLSQL: INICIALIZADO PAQUETE DE LOG EL DIA 22-03-2022
02 17:12:12:140 Actualizado SID 377 SERIAL 25924 del proceso con PID 16480

00 17:58:54:104 Fichero de log cerrado.

