00 09:10:30:455 Fichero de log abierto PID 9144

02 09:10:30:456 Intentando abrir fichero v10.ini
02 09:10:30:462 Cargando driver v10oracle funcion damedriveroracle
02 09:10:30:882 Conectado a base de datos
02 09:10:30:883 Proceso PEDIDOS encontrado en tabla VDPROCESOS
02 09:10:30:907 Proceso PEDIDOS cargado con función vdbuscapedstprio (Librería VDPEDIDOS.DLL) direccion 05999BF0
02 09:10:30:907 Proceso RESERVA encontrado en tabla VDPROCESOS
02 09:10:30:907 Proceso RESERVA cargado con función vdbuscademc (Librería VDKERNEL.DLL) direccion 6F8867B0
02 09:10:30:910 PLSQL: INICIALIZADO PAQUETE DE LOG EL DIA 06-04-2022
02 09:10:30:917 Actualizado SID 509 SERIAL 52299 del proceso con PID 9144

00 09:52:22:448 Fichero de log cerrado.

00 09:52:39:555 Fichero de log abierto PID 3064

02 09:52:39:557 Intentando abrir fichero v10.ini
02 09:52:39:565 Cargando driver v10oracle funcion damedriveroracle
02 09:52:40:441 Conectado a base de datos
02 09:52:40:442 Proceso PEDIDOS encontrado en tabla VDPROCESOS
02 09:52:40:443 Proceso PEDIDOS cargado con función vdbuscapedstprio (Librería VDPEDIDOS.DLL) direccion 064B9BF0
02 09:52:40:443 Proceso RESERVA encontrado en tabla VDPROCESOS
02 09:52:40:443 Proceso RESERVA cargado con función vdbuscademc (Librería VDKERNEL.DLL) direccion 6F8867B0
02 09:52:40:447 PLSQL: INICIALIZADO PAQUETE DE LOG EL DIA 06-04-2022
02 09:52:40:456 Actualizado SID 266 SERIAL 42733 del proceso con PID 3064
02 13:00:26:097 Ejecucion número 10001 del proceso PEDIDOS total 649514
02 16:46:33:127 Ejecucion número 20001 del proceso PEDIDOS total 1298907

00 17:56:19:867 Fichero de log cerrado.

