00 11:41:50:725 Fichero de log abierto PID 8784

02 11:41:50:725 Intentando abrir fichero v10.ini
02 11:41:50:732 Cargando driver v10oracle funcion damedriveroracle
02 11:41:50:887 Conectado a base de datos
02 11:41:50:887 Asignando RELEECONF a 500
02 11:41:50:887 Asignando ACCESO a V10LOGIN
02 11:41:50:887 Asignando NIVELLOG a 2
02 11:41:50:887 Asignando PROTEGIDO a 500
02 11:41:50:887 Asignando DEBUGHTTP a 2
02 11:41:50:887 Asignando VISIBLEEXE a 0
02 11:41:50:887 Asignando FICHEROEXE a VDFORM.EXE -OR1
02 11:41:50:887 Asignando CONEXIONBD a REDUR/REDUR@LOCAL
02 11:41:50:887 Asignando SERVIDOR a HTTP://127.0.0.1
02 11:41:50:887 Asignando SERVERPORT a 5000
02 11:41:50:887 Asignando SERVERPORTFILES a 5001
02 11:41:50:887 Asignando PUERTOINICIAL a 5002
02 11:41:50:887 Asignando SERVERHTML a HTTP://127.0.0.1:5001/html
02 11:41:50:887 Asignando SERVERIMG a HTTP://127.0.0.1:5001/img
02 11:41:50:887 Asignando SERVERXLS a HTTP://127.0.0.1:5001/xls
02 11:41:50:887 Asignando SERVERPDF a HTTP://127.0.0.1:5001/pdf
02 11:41:50:887 Asignando FILEEXPIRED a 3600
02 11:41:50:887 Asignando TIEMPOESPERA a 240
02 11:41:50:897 Asignando RUTAZIP a C:/V10/v10lib/ZIP
02 11:41:50:897 Asignando RUTAHELP a C:\V10\REDUR\V10LIB\WWW/help/html
02 11:41:50:897 Asignando RUTAPLANTILLAS a C:\V10\REDUR\V10LIB\WWW/html
02 11:41:50:897 Asignando RUTAXLS a C:\V10\REDUR\V10LIB\WWW/xls
02 11:41:50:897 Asignando RUTAPDF a C:\V10\REDUR\V10LIB\WWW/pdf
02 11:41:50:897 Asignando COMPRIMIR a 1
02 11:41:50:897 Escuchando en puerto 5001 con protocolo HTTP
00 16:28:33:334 Fichero de log abierto PID 2540

02 16:28:33:335 Intentando abrir fichero v10.ini
02 16:28:33:340 Cargando driver v10oracle funcion damedriveroracle
02 16:28:34:277 Conectado a base de datos
02 16:28:34:282 Asignando RELEECONF a 500
02 16:28:34:282 Asignando ACCESO a V10LOGIN
02 16:28:34:282 Asignando NIVELLOG a 2
02 16:28:34:282 Asignando PROTEGIDO a 500
02 16:28:34:282 Asignando DEBUGHTTP a 2
02 16:28:34:282 Asignando VISIBLEEXE a 0
02 16:28:34:282 Asignando FICHEROEXE a VDFORM.EXE -OR1
02 16:28:34:282 Asignando CONEXIONBD a REDUR/REDUR@LOCAL
02 16:28:34:282 Asignando SERVIDOR a HTTP://127.0.0.1
02 16:28:34:282 Asignando SERVERPORT a 5000
02 16:28:34:282 Asignando SERVERPORTFILES a 5001
02 16:28:34:282 Asignando PUERTOINICIAL a 5002
02 16:28:34:282 Asignando SERVERHTML a HTTP://127.0.0.1:5001/html
02 16:28:34:282 Asignando SERVERIMG a HTTP://127.0.0.1:5001/img
02 16:28:34:284 Asignando SERVERXLS a HTTP://127.0.0.1:5001/xls
02 16:28:34:284 Asignando SERVERPDF a HTTP://127.0.0.1:5001/pdf
02 16:28:34:284 Asignando FILEEXPIRED a 3600
02 16:28:34:284 Asignando TIEMPOESPERA a 240
02 16:28:34:285 Asignando RUTAZIP a C:/V10/v10lib/ZIP
02 16:28:34:285 Asignando RUTAHELP a C:\V10\REDUR\V10LIB\WWW/help/html
02 16:28:34:285 Asignando RUTAPLANTILLAS a C:\V10\REDUR\V10LIB\WWW/html
02 16:28:34:285 Asignando RUTAXLS a C:\V10\REDUR\V10LIB\WWW/xls
02 16:28:34:285 Asignando RUTAPDF a C:\V10\REDUR\V10LIB\WWW/pdf
02 16:28:34:285 Asignando COMPRIMIR a 1
02 16:28:34:287 Escuchando en puerto 5001 con protocolo HTTP
