00 09:22:37:763 Fichero de log abierto PID 1212

02 09:22:37:766 Intentando abrir fichero v10.ini
02 09:22:37:767 Cargando driver v10oracle funcion damedriveroracle
02 09:22:37:925 Conectado a base de datos
02 09:22:37:925 Asignando RELEECONF a 500
02 09:22:37:925 Asignando ACCESO a V10LOGIN
02 09:22:37:925 Asignando NIVELLOG a 2
02 09:22:37:925 Asignando PROTEGIDO a 500
02 09:22:37:925 Asignando DEBUGHTTP a 2
02 09:22:37:925 Asignando VISIBLEEXE a 0
02 09:22:37:925 Asignando FICHEROEXE a VDFORM.EXE -OR1
02 09:22:37:925 Asignando CONEXIONBD a REDUR/REDUR@LOCAL
02 09:22:37:925 Asignando SERVIDOR a HTTP://127.0.0.1
02 09:22:37:925 Asignando SERVERPORT a 5000
02 09:22:37:925 Asignando SERVERPORTFILES a 5001
02 09:22:37:925 Asignando PUERTOINICIAL a 5002
02 09:22:37:925 Asignando SERVERHTML a HTTP://127.0.0.1:5001/html
02 09:22:37:925 Asignando SERVERIMG a HTTP://127.0.0.1:5001/img
02 09:22:37:925 Asignando SERVERXLS a HTTP://127.0.0.1:5001/xls
02 09:22:37:925 Asignando SERVERPDF a HTTP://127.0.0.1:5001/pdf
02 09:22:37:925 Asignando FILEEXPIRED a 3600
02 09:22:37:925 Asignando TIEMPOESPERA a 240
02 09:22:37:925 Asignando RUTAZIP a C:/V10/v10lib/ZIP
02 09:22:37:925 Asignando RUTAHELP a C:\V10\REDUR\V10LIB\WWW/help/html
02 09:22:37:936 Asignando RUTAPLANTILLAS a C:\V10\REDUR\V10LIB\WWW/html
02 09:22:37:936 Asignando RUTAXLS a C:\V10\REDUR\V10LIB\WWW/xls
02 09:22:37:936 Asignando RUTAPDF a C:\V10\REDUR\V10LIB\WWW/pdf
02 09:22:37:936 Asignando COMPRIMIR a 1
02 09:22:37:936 Escuchando en puerto 5001 con protocolo HTTP
