00 14:39:16:047 Fichero de log abierto PID 1680

02 14:39:16:050 Intentando abrir fichero v10.ini
02 14:39:16:054 Cargando driver v10oracle funcion damedriveroracle
02 14:39:16:257 Conectado a base de datos
02 14:39:16:260 Asignando RELEECONF a 500
02 14:39:16:260 Asignando ACCESO a V10LOGIN
02 14:39:16:260 Asignando NIVELLOG a 2
02 14:39:16:260 Asignando PROTEGIDO a 500
02 14:39:16:260 Asignando DEBUGHTTP a 2
02 14:39:16:260 Asignando VISIBLEEXE a 0
02 14:39:16:260 Asignando FICHEROEXE a VDFORM.EXE -OR1
02 14:39:16:260 Asignando CONEXIONBD a REDUR/REDUR@LOCAL
02 14:39:16:262 Asignando SERVIDOR a HTTP://127.0.0.1
02 14:39:16:262 Asignando SERVERPORT a 5000
02 14:39:16:262 Asignando SERVERPORTFILES a 5001
02 14:39:16:262 Asignando PUERTOINICIAL a 5002
02 14:39:16:264 Asignando SERVERHTML a HTTP://127.0.0.1:5001/html
02 14:39:16:264 Asignando SERVERIMG a HTTP://127.0.0.1:5001/img
02 14:39:16:264 Asignando SERVERXLS a HTTP://127.0.0.1:5001/xls
02 14:39:16:264 Asignando SERVERPDF a HTTP://127.0.0.1:5001/pdf
02 14:39:16:264 Asignando FILEEXPIRED a 3600
02 14:39:16:264 Asignando TIEMPOESPERA a 240
02 14:39:16:265 Asignando RUTAZIP a C:/V10/v10lib/ZIP
02 14:39:16:265 Asignando RUTAHELP a C:\V10\REDUR\V10LIB\WWW/help/html
02 14:39:16:265 Asignando RUTAPLANTILLAS a C:\V10\REDUR\V10LIB\WWW/html
02 14:39:16:265 Asignando RUTAXLS a C:\V10\REDUR\V10LIB\WWW/xls
02 14:39:16:265 Asignando RUTAPDF a C:\V10\REDUR\V10LIB\WWW/pdf
02 14:39:16:265 Asignando COMPRIMIR a 1
02 14:39:16:267 Escuchando en puerto 5001 con protocolo HTTP
