00 09:17:47:726 Fichero de log abierto PID 11160

02 09:17:47:727 Intentando abrir fichero v10.ini
02 09:17:47:732 Cargando driver v10oracle funcion damedriveroracle
02 09:17:47:875 Conectado a base de datos
02 09:17:47:877 Asignando RELEECONF a 500
02 09:17:47:877 Asignando ACCESO a V10LOGIN
02 09:17:47:878 Asignando NIVELLOG a 2
02 09:17:47:878 Asignando PROTEGIDO a 500
02 09:17:47:878 Asignando DEBUGHTTP a 2
02 09:17:47:878 Asignando VISIBLEEXE a 0
02 09:17:47:878 Asignando FICHEROEXE a VDFORM.EXE -OR1
02 09:17:47:878 Asignando CONEXIONBD a REDUR/REDUR@LOCAL
02 09:17:47:878 Asignando SERVIDOR a HTTP://127.0.0.1
02 09:17:47:880 Asignando SERVERPORT a 5000
02 09:17:47:880 Asignando SERVERPORTFILES a 5001
02 09:17:47:880 Asignando PUERTOINICIAL a 5002
02 09:17:47:880 Asignando SERVERHTML a HTTP://127.0.0.1:5001/html
02 09:17:47:880 Asignando SERVERIMG a HTTP://127.0.0.1:5001/img
02 09:17:47:881 Asignando SERVERXLS a HTTP://127.0.0.1:5001/xls
02 09:17:47:881 Asignando SERVERPDF a HTTP://127.0.0.1:5001/pdf
02 09:17:47:881 Asignando FILEEXPIRED a 3600
02 09:17:47:881 Asignando TIEMPOESPERA a 240
02 09:17:47:882 Asignando RUTAZIP a C:/V10/v10lib/ZIP
02 09:17:47:882 Asignando RUTAHELP a C:\V10\REDUR\V10LIB\WWW/help/html
02 09:17:47:883 Asignando RUTAPLANTILLAS a C:\V10\REDUR\V10LIB\WWW/html
02 09:17:47:883 Asignando RUTAXLS a C:\V10\REDUR\V10LIB\WWW/xls
02 09:17:47:883 Asignando RUTAPDF a C:\V10\REDUR\V10LIB\WWW/pdf
02 09:17:47:883 Asignando COMPRIMIR a 1
02 09:17:47:886 Escuchando en puerto 5001 con protocolo HTTP
00 09:39:35:582 Fichero de log abierto PID 8492

02 09:39:35:585 Intentando abrir fichero v10.ini
02 09:39:35:590 Cargando driver v10oracle funcion damedriveroracle
02 09:39:36:397 Conectado a base de datos
02 09:39:36:402 Asignando RELEECONF a 500
02 09:39:36:403 Asignando ACCESO a V10LOGIN
02 09:39:36:403 Asignando NIVELLOG a 2
02 09:39:36:403 Asignando PROTEGIDO a 500
02 09:39:36:403 Asignando DEBUGHTTP a 2
02 09:39:36:403 Asignando VISIBLEEXE a 0
02 09:39:36:403 Asignando FICHEROEXE a VDFORM.EXE -OR1
02 09:39:36:405 Asignando CONEXIONBD a REDUR/REDUR@LOCAL
02 09:39:36:405 Asignando SERVIDOR a HTTP://127.0.0.1
02 09:39:36:405 Asignando SERVERPORT a 5000
02 09:39:36:406 Asignando SERVERPORTFILES a 5001
02 09:39:36:406 Asignando PUERTOINICIAL a 5002
02 09:39:36:406 Asignando SERVERHTML a HTTP://127.0.0.1:5001/html
02 09:39:36:407 Asignando SERVERIMG a HTTP://127.0.0.1:5001/img
02 09:39:36:407 Asignando SERVERXLS a HTTP://127.0.0.1:5001/xls
02 09:39:36:407 Asignando SERVERPDF a HTTP://127.0.0.1:5001/pdf
02 09:39:36:407 Asignando FILEEXPIRED a 3600
02 09:39:36:407 Asignando TIEMPOESPERA a 240
02 09:39:36:410 Asignando RUTAZIP a C:/V10/v10lib/ZIP
02 09:39:36:410 Asignando RUTAHELP a C:\V10\REDUR\V10LIB\WWW/help/html
02 09:39:36:411 Asignando RUTAPLANTILLAS a C:\V10\REDUR\V10LIB\WWW/html
02 09:39:36:411 Asignando RUTAXLS a C:\V10\REDUR\V10LIB\WWW/xls
02 09:39:36:411 Asignando RUTAPDF a C:\V10\REDUR\V10LIB\WWW/pdf
02 09:39:36:411 Asignando COMPRIMIR a 1
02 09:39:36:412 Escuchando en puerto 5001 con protocolo HTTP
00 12:12:22:210 Fichero de log abierto PID 6008

02 12:12:22:212 Intentando abrir fichero v10.ini
02 12:12:22:217 Cargando driver v10oracle funcion damedriveroracle
02 12:12:22:942 Conectado a base de datos
02 12:12:22:947 Asignando RELEECONF a 500
02 12:12:22:947 Asignando ACCESO a V10LOGIN
02 12:12:22:947 Asignando NIVELLOG a 2
02 12:12:22:947 Asignando PROTEGIDO a 500
02 12:12:22:947 Asignando DEBUGHTTP a 2
02 12:12:22:949 Asignando VISIBLEEXE a 0
02 12:12:22:949 Asignando FICHEROEXE a VDFORM.EXE -OR1
02 12:12:22:949 Asignando CONEXIONBD a REDUR/REDUR@LOCAL
02 12:12:22:949 Asignando SERVIDOR a HTTP://127.0.0.1
02 12:12:22:950 Asignando SERVERPORT a 5000
02 12:12:22:950 Asignando SERVERPORTFILES a 5001
02 12:12:22:950 Asignando PUERTOINICIAL a 5002
02 12:12:22:950 Asignando SERVERHTML a HTTP://127.0.0.1:5001/html
02 12:12:22:950 Asignando SERVERIMG a HTTP://127.0.0.1:5001/img
02 12:12:22:950 Asignando SERVERXLS a HTTP://127.0.0.1:5001/xls
02 12:12:22:952 Asignando SERVERPDF a HTTP://127.0.0.1:5001/pdf
02 12:12:22:952 Asignando FILEEXPIRED a 3600
02 12:12:22:952 Asignando TIEMPOESPERA a 240
02 12:12:22:954 Asignando RUTAZIP a C:/V10/v10lib/ZIP
02 12:12:22:955 Asignando RUTAHELP a C:\V10\REDUR\V10LIB\WWW/help/html
02 12:12:22:955 Asignando RUTAPLANTILLAS a C:\V10\REDUR\V10LIB\WWW/html
02 12:12:22:955 Asignando RUTAXLS a C:\V10\REDUR\V10LIB\WWW/xls
02 12:12:22:955 Asignando RUTAPDF a C:\V10\REDUR\V10LIB\WWW/pdf
02 12:12:22:955 Asignando COMPRIMIR a 1
02 12:12:22:957 Escuchando en puerto 5001 con protocolo HTTP
00 12:17:33:989 Fichero de log abierto PID 4708

02 12:17:33:990 Intentando abrir fichero v10.ini
02 12:17:33:997 Cargando driver v10oracle funcion damedriveroracle
02 12:17:34:765 Conectado a base de datos
02 12:17:34:772 Asignando RELEECONF a 500
02 12:17:34:772 Asignando ACCESO a V10LOGIN
02 12:17:34:772 Asignando NIVELLOG a 2
02 12:17:34:772 Asignando PROTEGIDO a 500
02 12:17:34:772 Asignando DEBUGHTTP a 2
02 12:17:34:772 Asignando VISIBLEEXE a 0
02 12:17:34:772 Asignando FICHEROEXE a VDFORM.EXE -OR1
02 12:17:34:774 Asignando CONEXIONBD a REDUR/REDUR@LOCAL
02 12:17:34:774 Asignando SERVIDOR a HTTP://127.0.0.1
02 12:17:34:775 Asignando SERVERPORT a 5000
02 12:17:34:775 Asignando SERVERPORTFILES a 5001
02 12:17:34:775 Asignando PUERTOINICIAL a 5002
02 12:17:34:775 Asignando SERVERHTML a HTTP://127.0.0.1:5001/html
02 12:17:34:775 Asignando SERVERIMG a HTTP://127.0.0.1:5001/img
02 12:17:34:775 Asignando SERVERXLS a HTTP://127.0.0.1:5001/xls
02 12:17:34:775 Asignando SERVERPDF a HTTP://127.0.0.1:5001/pdf
02 12:17:34:777 Asignando FILEEXPIRED a 3600
02 12:17:34:777 Asignando TIEMPOESPERA a 240
02 12:17:34:780 Asignando RUTAZIP a C:/V10/v10lib/ZIP
02 12:17:34:780 Asignando RUTAHELP a C:\V10\REDUR\V10LIB\WWW/help/html
02 12:17:34:780 Asignando RUTAPLANTILLAS a C:\V10\REDUR\V10LIB\WWW/html
02 12:17:34:780 Asignando RUTAXLS a C:\V10\REDUR\V10LIB\WWW/xls
02 12:17:34:780 Asignando RUTAPDF a C:\V10\REDUR\V10LIB\WWW/pdf
02 12:17:34:780 Asignando COMPRIMIR a 1
02 12:17:34:782 Escuchando en puerto 5001 con protocolo HTTP
00 12:42:45:969 Fichero de log abierto PID 8492

02 12:42:45:970 Intentando abrir fichero v10.ini
02 12:42:45:975 Cargando driver v10oracle funcion damedriveroracle
02 12:42:46:612 Conectado a base de datos
02 12:42:46:617 Asignando RELEECONF a 500
02 12:42:46:617 Asignando ACCESO a V10LOGIN
02 12:42:46:617 Asignando NIVELLOG a 2
02 12:42:46:617 Asignando PROTEGIDO a 500
02 12:42:46:617 Asignando DEBUGHTTP a 2
02 12:42:46:617 Asignando VISIBLEEXE a 0
02 12:42:46:617 Asignando FICHEROEXE a VDFORM.EXE -OR1
02 12:42:46:617 Asignando CONEXIONBD a REDUR/REDUR@LOCAL
02 12:42:46:622 Asignando SERVIDOR a HTTP://127.0.0.1
02 12:42:46:622 Asignando SERVERPORT a 5000
02 12:42:46:622 Asignando SERVERPORTFILES a 5001
02 12:42:46:622 Asignando PUERTOINICIAL a 5002
02 12:42:46:622 Asignando SERVERHTML a HTTP://127.0.0.1:5001/html
02 12:42:46:622 Asignando SERVERIMG a HTTP://127.0.0.1:5001/img
02 12:42:46:622 Asignando SERVERXLS a HTTP://127.0.0.1:5001/xls
02 12:42:46:622 Asignando SERVERPDF a HTTP://127.0.0.1:5001/pdf
02 12:42:46:622 Asignando FILEEXPIRED a 3600
02 12:42:46:622 Asignando TIEMPOESPERA a 240
02 12:42:46:622 Asignando RUTAZIP a C:/V10/v10lib/ZIP
02 12:42:46:622 Asignando RUTAHELP a C:\V10\REDUR\V10LIB\WWW/help/html
02 12:42:46:622 Asignando RUTAPLANTILLAS a C:\V10\REDUR\V10LIB\WWW/html
02 12:42:46:622 Asignando RUTAXLS a C:\V10\REDUR\V10LIB\WWW/xls
02 12:42:46:622 Asignando RUTAPDF a C:\V10\REDUR\V10LIB\WWW/pdf
02 12:42:46:622 Asignando COMPRIMIR a 1
02 12:42:46:622 Escuchando en puerto 5001 con protocolo HTTP
00 13:34:40:204 Fichero de log abierto PID 6648

02 13:34:40:205 Intentando abrir fichero v10.ini
02 13:34:40:212 Cargando driver v10oracle funcion damedriveroracle
02 13:34:40:965 Conectado a base de datos
02 13:34:40:974 Asignando RELEECONF a 500
02 13:34:40:974 Asignando ACCESO a V10LOGIN
02 13:34:40:974 Asignando NIVELLOG a 2
02 13:34:40:975 Asignando PROTEGIDO a 500
02 13:34:40:975 Asignando DEBUGHTTP a 2
02 13:34:40:975 Asignando VISIBLEEXE a 0
02 13:34:40:975 Asignando FICHEROEXE a VDFORM.EXE -OR1
02 13:34:40:975 Asignando CONEXIONBD a REDUR/REDUR@LOCAL
02 13:34:40:975 Asignando SERVIDOR a HTTP://127.0.0.1
02 13:34:40:975 Asignando SERVERPORT a 5000
02 13:34:40:977 Asignando SERVERPORTFILES a 5001
02 13:34:40:977 Asignando PUERTOINICIAL a 5002
02 13:34:40:977 Asignando SERVERHTML a HTTP://127.0.0.1:5001/html
02 13:34:40:977 Asignando SERVERIMG a HTTP://127.0.0.1:5001/img
02 13:34:40:977 Asignando SERVERXLS a HTTP://127.0.0.1:5001/xls
02 13:34:40:977 Asignando SERVERPDF a HTTP://127.0.0.1:5001/pdf
02 13:34:40:979 Asignando FILEEXPIRED a 3600
02 13:34:40:979 Asignando TIEMPOESPERA a 240
02 13:34:40:982 Asignando RUTAZIP a C:/V10/v10lib/ZIP
02 13:34:40:982 Asignando RUTAHELP a C:\V10\REDUR\V10LIB\WWW/help/html
02 13:34:40:982 Asignando RUTAPLANTILLAS a C:\V10\REDUR\V10LIB\WWW/html
02 13:34:40:982 Asignando RUTAXLS a C:\V10\REDUR\V10LIB\WWW/xls
02 13:34:40:982 Asignando RUTAPDF a C:\V10\REDUR\V10LIB\WWW/pdf
02 13:34:40:982 Asignando COMPRIMIR a 1
02 13:34:40:985 Escuchando en puerto 5001 con protocolo HTTP
00 13:36:00:485 Fichero de log abierto PID 9792

02 13:36:00:485 Intentando abrir fichero v10.ini
02 13:36:00:492 Cargando driver v10oracle funcion damedriveroracle
02 13:36:01:297 Conectado a base de datos
02 13:36:01:300 Asignando RELEECONF a 500
02 13:36:01:300 Asignando ACCESO a V10LOGIN
02 13:36:01:300 Asignando NIVELLOG a 2
02 13:36:01:300 Asignando PROTEGIDO a 500
02 13:36:01:300 Asignando DEBUGHTTP a 2
02 13:36:01:300 Asignando VISIBLEEXE a 0
02 13:36:01:300 Asignando FICHEROEXE a VDFORM.EXE -OR1
02 13:36:01:300 Asignando CONEXIONBD a REDUR/REDUR@LOCAL
02 13:36:01:300 Asignando SERVIDOR a HTTP://127.0.0.1
02 13:36:01:300 Asignando SERVERPORT a 5000
02 13:36:01:300 Asignando SERVERPORTFILES a 5001
02 13:36:01:300 Asignando PUERTOINICIAL a 5002
02 13:36:01:307 Asignando SERVERHTML a HTTP://127.0.0.1:5001/html
02 13:36:01:309 Asignando SERVERIMG a HTTP://127.0.0.1:5001/img
02 13:36:01:309 Asignando SERVERXLS a HTTP://127.0.0.1:5001/xls
02 13:36:01:309 Asignando SERVERPDF a HTTP://127.0.0.1:5001/pdf
02 13:36:01:309 Asignando FILEEXPIRED a 3600
02 13:36:01:309 Asignando TIEMPOESPERA a 240
02 13:36:01:309 Asignando RUTAZIP a C:/V10/v10lib/ZIP
02 13:36:01:309 Asignando RUTAHELP a C:\V10\REDUR\V10LIB\WWW/help/html
02 13:36:01:309 Asignando RUTAPLANTILLAS a C:\V10\REDUR\V10LIB\WWW/html
02 13:36:01:309 Asignando RUTAXLS a C:\V10\REDUR\V10LIB\WWW/xls
02 13:36:01:309 Asignando RUTAPDF a C:\V10\REDUR\V10LIB\WWW/pdf
02 13:36:01:309 Asignando COMPRIMIR a 1
02 13:36:01:315 Escuchando en puerto 5001 con protocolo HTTP
00 13:44:14:652 Fichero de log abierto PID 15180

02 13:44:14:654 Intentando abrir fichero v10.ini
02 13:44:14:659 Cargando driver v10oracle funcion damedriveroracle
02 13:44:15:400 Conectado a base de datos
02 13:44:15:407 Asignando RELEECONF a 500
02 13:44:15:407 Asignando ACCESO a V10LOGIN
02 13:44:15:407 Asignando NIVELLOG a 2
02 13:44:15:407 Asignando PROTEGIDO a 500
02 13:44:15:407 Asignando DEBUGHTTP a 2
02 13:44:15:407 Asignando VISIBLEEXE a 0
02 13:44:15:407 Asignando FICHEROEXE a VDFORM.EXE -OR1
02 13:44:15:407 Asignando CONEXIONBD a REDUR/REDUR@LOCAL
02 13:44:15:409 Asignando SERVIDOR a HTTP://127.0.0.1
02 13:44:15:409 Asignando SERVERPORT a 5000
02 13:44:15:409 Asignando SERVERPORTFILES a 5001
02 13:44:15:409 Asignando PUERTOINICIAL a 5002
02 13:44:15:410 Asignando SERVERHTML a HTTP://127.0.0.1:5001/html
02 13:44:15:410 Asignando SERVERIMG a HTTP://127.0.0.1:5001/img
02 13:44:15:410 Asignando SERVERXLS a HTTP://127.0.0.1:5001/xls
02 13:44:15:410 Asignando SERVERPDF a HTTP://127.0.0.1:5001/pdf
02 13:44:15:410 Asignando FILEEXPIRED a 3600
02 13:44:15:410 Asignando TIEMPOESPERA a 240
02 13:44:15:414 Asignando RUTAZIP a C:/V10/v10lib/ZIP
02 13:44:15:414 Asignando RUTAHELP a C:\V10\REDUR\V10LIB\WWW/help/html
02 13:44:15:414 Asignando RUTAPLANTILLAS a C:\V10\REDUR\V10LIB\WWW/html
02 13:44:15:415 Asignando RUTAXLS a C:\V10\REDUR\V10LIB\WWW/xls
02 13:44:15:415 Asignando RUTAPDF a C:\V10\REDUR\V10LIB\WWW/pdf
02 13:44:15:415 Asignando COMPRIMIR a 1
02 13:44:15:417 Escuchando en puerto 5001 con protocolo HTTP
00 14:46:23:004 Fichero de log abierto PID 3092

02 14:46:23:004 Intentando abrir fichero v10.ini
02 14:46:23:010 Cargando driver v10oracle funcion damedriveroracle
02 14:46:23:584 Conectado a base de datos
02 14:46:23:590 Asignando RELEECONF a 500
02 14:46:23:590 Asignando ACCESO a V10LOGIN
02 14:46:23:590 Asignando NIVELLOG a 2
02 14:46:23:590 Asignando PROTEGIDO a 500
02 14:46:23:590 Asignando DEBUGHTTP a 2
02 14:46:23:590 Asignando VISIBLEEXE a 0
02 14:46:23:590 Asignando FICHEROEXE a VDFORM.EXE -OR1
02 14:46:23:590 Asignando CONEXIONBD a REDUR/REDUR@LOCAL
02 14:46:23:592 Asignando SERVIDOR a HTTP://127.0.0.1
02 14:46:23:592 Asignando SERVERPORT a 5000
02 14:46:23:592 Asignando SERVERPORTFILES a 5001
02 14:46:23:592 Asignando PUERTOINICIAL a 5002
02 14:46:23:592 Asignando SERVERHTML a HTTP://127.0.0.1:5001/html
02 14:46:23:592 Asignando SERVERIMG a HTTP://127.0.0.1:5001/img
02 14:46:23:594 Asignando SERVERXLS a HTTP://127.0.0.1:5001/xls
02 14:46:23:594 Asignando SERVERPDF a HTTP://127.0.0.1:5001/pdf
02 14:46:23:594 Asignando FILEEXPIRED a 3600
02 14:46:23:594 Asignando TIEMPOESPERA a 240
02 14:46:23:595 Asignando RUTAZIP a C:/V10/v10lib/ZIP
02 14:46:23:597 Asignando RUTAHELP a C:\V10\REDUR\V10LIB\WWW/help/html
02 14:46:23:597 Asignando RUTAPLANTILLAS a C:\V10\REDUR\V10LIB\WWW/html
02 14:46:23:597 Asignando RUTAXLS a C:\V10\REDUR\V10LIB\WWW/xls
02 14:46:23:597 Asignando RUTAPDF a C:\V10\REDUR\V10LIB\WWW/pdf
02 14:46:23:597 Asignando COMPRIMIR a 1
02 14:46:23:600 Escuchando en puerto 5001 con protocolo HTTP
