00 10:35:44:592 Fichero de log abierto PID 16784

02 10:35:44:595 Intentando abrir fichero v10.ini
02 10:35:44:600 Cargando driver v10oracle funcion damedriveroracle
02 10:35:44:767 Conectado a base de datos
02 10:35:44:772 Asignando RELEECONF a 500
02 10:35:44:772 Asignando ACCESO a V10LOGIN
02 10:35:44:772 Asignando NIVELLOG a 2
02 10:35:44:772 Asignando PROTEGIDO a 500
02 10:35:44:772 Asignando DEBUGHTTP a 2
02 10:35:44:772 Asignando VISIBLEEXE a 0
02 10:35:44:773 Asignando FICHEROEXE a VDFORM.EXE -OR1
02 10:35:44:773 Asignando CONEXIONBD a REDUR/REDUR@LOCAL
02 10:35:44:773 Asignando SERVIDOR a HTTP://127.0.0.1
02 10:35:44:773 Asignando SERVERPORT a 5000
02 10:35:44:773 Asignando SERVERPORTFILES a 5001
02 10:35:44:775 Asignando PUERTOINICIAL a 5002
02 10:35:44:775 Asignando SERVERHTML a HTTP://127.0.0.1:5001/html
02 10:35:44:775 Asignando SERVERIMG a HTTP://127.0.0.1:5001/img
02 10:35:44:775 Asignando SERVERXLS a HTTP://127.0.0.1:5001/xls
02 10:35:44:775 Asignando SERVERPDF a HTTP://127.0.0.1:5001/pdf
02 10:35:44:775 Asignando FILEEXPIRED a 3600
02 10:35:44:775 Asignando TIEMPOESPERA a 240
02 10:35:44:777 Asignando RUTAZIP a C:/V10/v10lib/ZIP
02 10:35:44:777 Asignando RUTAHELP a C:\V10\REDUR\V10LIB\WWW/help/html
02 10:35:44:777 Asignando RUTAPLANTILLAS a C:\V10\REDUR\V10LIB\WWW/html
02 10:35:44:777 Asignando RUTAXLS a C:\V10\REDUR\V10LIB\WWW/xls
02 10:35:44:777 Asignando RUTAPDF a C:\V10\REDUR\V10LIB\WWW/pdf
02 10:35:44:777 Asignando COMPRIMIR a 1
02 10:35:44:778 Escuchando en puerto 5001 con protocolo HTTP
