00 09:39:45:225 Fichero de log abierto PID 17836

02 09:39:45:233 Intentando abrir fichero v10.ini
02 09:39:45:238 Cargando driver v10oracle funcion damedriveroracle
02 09:39:45:462 Conectado a base de datos
02 09:39:45:470 Asignando RELEECONF a 500
02 09:39:45:470 Asignando ACCESO a V10LOGIN
02 09:39:45:471 Asignando NIVELLOG a 2
02 09:39:45:471 Asignando PROTEGIDO a 500
02 09:39:45:471 Asignando DEBUGHTTP a 2
02 09:39:45:471 Asignando VISIBLEEXE a 0
02 09:39:45:472 Asignando FICHEROEXE a VDFORM.EXE -OR1
02 09:39:45:472 Asignando CONEXIONBD a REDUR/REDUR@LOCAL
02 09:39:45:472 Asignando SERVIDOR a HTTP://127.0.0.1
02 09:39:45:472 Asignando SERVERPORT a 5000
02 09:39:45:472 Asignando SERVERPORTFILES a 5001
02 09:39:45:473 Asignando PUERTOINICIAL a 5002
02 09:39:45:473 Asignando SERVERHTML a HTTP://127.0.0.1:5001/html
02 09:39:45:473 Asignando SERVERIMG a HTTP://127.0.0.1:5001/img
02 09:39:45:473 Asignando SERVERXLS a HTTP://127.0.0.1:5001/xls
02 09:39:45:473 Asignando SERVERPDF a HTTP://127.0.0.1:5001/pdf
02 09:39:45:475 Asignando FILEEXPIRED a 3600
02 09:39:45:475 Asignando TIEMPOESPERA a 240
02 09:39:45:477 Asignando RUTAZIP a C:/V10/v10lib/ZIP
02 09:39:45:477 Asignando RUTAHELP a C:\V10\REDUR\V10LIB\WWW/help/html
02 09:39:45:477 Asignando RUTAPLANTILLAS a C:\V10\REDUR\V10LIB\WWW/html
02 09:39:45:477 Asignando RUTAXLS a C:\V10\REDUR\V10LIB\WWW/xls
02 09:39:45:477 Asignando RUTAPDF a C:\V10\REDUR\V10LIB\WWW/pdf
02 09:39:45:477 Asignando COMPRIMIR a 1
02 09:39:45:478 Escuchando en puerto 5001 con protocolo HTTP
