00 08:59:52:128 Fichero de log abierto PID 3396

02 08:59:52:132 Intentando abrir fichero v10.ini
02 08:59:52:132 Cargando driver v10oracle funcion damedriveroracle
02 08:59:52:257 Conectado a base de datos
02 08:59:52:257 Asignando RELEECONF a 500
02 08:59:52:257 Asignando ACCESO a V10LOGIN
02 08:59:52:257 Asignando NIVELLOG a 2
02 08:59:52:257 Asignando PROTEGIDO a 500
02 08:59:52:257 Asignando DEBUGHTTP a 2
02 08:59:52:257 Asignando VISIBLEEXE a 0
02 08:59:52:257 Asignando FICHEROEXE a VDFORM.EXE -OR1
02 08:59:52:257 Asignando CONEXIONBD a REDUR/REDUR@LOCAL
02 08:59:52:257 Asignando SERVIDOR a HTTP://127.0.0.1
02 08:59:52:257 Asignando SERVERPORT a 5000
02 08:59:52:257 Asignando SERVERPORTFILES a 5001
02 08:59:52:257 Asignando PUERTOINICIAL a 5002
02 08:59:52:257 Asignando SERVERHTML a HTTP://127.0.0.1:5001/html
02 08:59:52:257 Asignando SERVERIMG a HTTP://127.0.0.1:5001/img
02 08:59:52:257 Asignando SERVERXLS a HTTP://127.0.0.1:5001/xls
02 08:59:52:257 Asignando SERVERPDF a HTTP://127.0.0.1:5001/pdf
02 08:59:52:257 Asignando FILEEXPIRED a 3600
02 08:59:52:257 Asignando TIEMPOESPERA a 240
02 08:59:52:257 Asignando RUTAZIP a C:/V10/v10lib/ZIP
02 08:59:52:257 Asignando RUTAHELP a C:\V10\REDUR\V10LIB\WWW/help/html
02 08:59:52:257 Asignando RUTAPLANTILLAS a C:\V10\REDUR\V10LIB\WWW/html
02 08:59:52:257 Asignando RUTAXLS a C:\V10\REDUR\V10LIB\WWW/xls
02 08:59:52:257 Asignando RUTAPDF a C:\V10\REDUR\V10LIB\WWW/pdf
02 08:59:52:257 Asignando COMPRIMIR a 1
02 08:59:52:275 Escuchando en puerto 5001 con protocolo HTTP
00 17:48:08:637 Fichero de log abierto PID 14100

02 17:48:08:639 Intentando abrir fichero v10.ini
02 17:48:08:644 Cargando driver v10oracle funcion damedriveroracle
02 17:48:09:247 Conectado a base de datos
02 17:48:09:254 Asignando RELEECONF a 500
02 17:48:09:254 Asignando ACCESO a V10LOGIN
02 17:48:09:254 Asignando NIVELLOG a 2
02 17:48:09:255 Asignando PROTEGIDO a 500
02 17:48:09:255 Asignando DEBUGHTTP a 2
02 17:48:09:255 Asignando VISIBLEEXE a 0
02 17:48:09:255 Asignando FICHEROEXE a VDFORM.EXE -OR1
02 17:48:09:255 Asignando CONEXIONBD a REDUR/REDUR@LOCAL
02 17:48:09:255 Asignando SERVIDOR a HTTP://127.0.0.1
02 17:48:09:255 Asignando SERVERPORT a 5000
02 17:48:09:255 Asignando SERVERPORTFILES a 5001
02 17:48:09:257 Asignando PUERTOINICIAL a 5002
02 17:48:09:257 Asignando SERVERHTML a HTTP://127.0.0.1:5001/html
02 17:48:09:257 Asignando SERVERIMG a HTTP://127.0.0.1:5001/img
02 17:48:09:257 Asignando SERVERXLS a HTTP://127.0.0.1:5001/xls
02 17:48:09:257 Asignando SERVERPDF a HTTP://127.0.0.1:5001/pdf
02 17:48:09:257 Asignando FILEEXPIRED a 3600
02 17:48:09:259 Asignando TIEMPOESPERA a 240
02 17:48:09:260 Asignando RUTAZIP a C:/V10/v10lib/ZIP
02 17:48:09:260 Asignando RUTAHELP a C:\V10\REDUR\V10LIB\WWW/help/html
02 17:48:09:262 Asignando RUTAPLANTILLAS a C:\V10\REDUR\V10LIB\WWW/html
02 17:48:09:262 Asignando RUTAXLS a C:\V10\REDUR\V10LIB\WWW/xls
02 17:48:09:262 Asignando RUTAPDF a C:\V10\REDUR\V10LIB\WWW/pdf
02 17:48:09:262 Asignando COMPRIMIR a 1
02 17:48:09:264 Escuchando en puerto 5001 con protocolo HTTP
