00 11:54:50:154 Fichero de log abierto PID 1992

02 11:54:50:155 Intentando abrir fichero v10.ini
02 11:54:50:160 Cargando driver v10oracle funcion damedriveroracle
02 11:54:50:309 Conectado a base de datos
02 11:54:50:310 Asignando RELEECONF a 500
02 11:54:50:310 Asignando ACCESO a V10LOGIN
02 11:54:50:310 Asignando NIVELLOG a 2
02 11:54:50:310 Asignando PROTEGIDO a 500
02 11:54:50:310 Asignando DEBUGHTTP a 2
02 11:54:50:310 Asignando VISIBLEEXE a 0
02 11:54:50:310 Asignando FICHEROEXE a VDFORM.EXE -OR1
02 11:54:50:310 Asignando CONEXIONBD a REDUR/REDUR@LOCAL
02 11:54:50:310 Asignando SERVIDOR a HTTP://127.0.0.1
02 11:54:50:310 Asignando SERVERPORT a 5000
02 11:54:50:310 Asignando SERVERPORTFILES a 5001
02 11:54:50:310 Asignando PUERTOINICIAL a 5002
02 11:54:50:310 Asignando SERVERHTML a HTTP://127.0.0.1:5001/html
02 11:54:50:310 Asignando SERVERIMG a HTTP://127.0.0.1:5001/img
02 11:54:50:310 Asignando SERVERXLS a HTTP://127.0.0.1:5001/xls
02 11:54:50:310 Asignando SERVERPDF a HTTP://127.0.0.1:5001/pdf
02 11:54:50:310 Asignando FILEEXPIRED a 3600
02 11:54:50:310 Asignando TIEMPOESPERA a 240
02 11:54:50:310 Asignando RUTAZIP a C:/V10/v10lib/ZIP
02 11:54:50:310 Asignando RUTAHELP a C:\V10\REDUR\V10LIB\WWW/help/html
02 11:54:50:310 Asignando RUTAPLANTILLAS a C:\V10\REDUR\V10LIB\WWW/html
02 11:54:50:310 Asignando RUTAXLS a C:\V10\REDUR\V10LIB\WWW/xls
02 11:54:50:310 Asignando RUTAPDF a C:\V10\REDUR\V10LIB\WWW/pdf
02 11:54:50:310 Asignando COMPRIMIR a 1
02 11:54:50:310 Escuchando en puerto 5001 con protocolo HTTP
00 12:04:43:129 Fichero de log abierto PID 15900

02 12:04:43:130 Intentando abrir fichero v10.ini
02 12:04:43:135 Cargando driver v10oracle funcion damedriveroracle
02 12:04:43:840 Conectado a base de datos
02 12:04:43:847 Asignando RELEECONF a 500
02 12:04:43:847 Asignando ACCESO a V10LOGIN
02 12:04:43:847 Asignando NIVELLOG a 2
02 12:04:43:847 Asignando PROTEGIDO a 500
02 12:04:43:847 Asignando DEBUGHTTP a 2
02 12:04:43:849 Asignando VISIBLEEXE a 0
02 12:04:43:849 Asignando FICHEROEXE a VDFORM.EXE -OR1
02 12:04:43:849 Asignando CONEXIONBD a REDUR/REDUR@LOCAL
02 12:04:43:850 Asignando SERVIDOR a HTTP://127.0.0.1
02 12:04:43:850 Asignando SERVERPORT a 5000
02 12:04:43:850 Asignando SERVERPORTFILES a 5001
02 12:04:43:850 Asignando PUERTOINICIAL a 5002
02 12:04:43:850 Asignando SERVERHTML a HTTP://127.0.0.1:5001/html
02 12:04:43:850 Asignando SERVERIMG a HTTP://127.0.0.1:5001/img
02 12:04:43:852 Asignando SERVERXLS a HTTP://127.0.0.1:5001/xls
02 12:04:43:852 Asignando SERVERPDF a HTTP://127.0.0.1:5001/pdf
02 12:04:43:852 Asignando FILEEXPIRED a 3600
02 12:04:43:852 Asignando TIEMPOESPERA a 240
02 12:04:43:855 Asignando RUTAZIP a C:/V10/v10lib/ZIP
02 12:04:43:855 Asignando RUTAHELP a C:\V10\REDUR\V10LIB\WWW/help/html
02 12:04:43:857 Asignando RUTAPLANTILLAS a C:\V10\REDUR\V10LIB\WWW/html
02 12:04:43:857 Asignando RUTAXLS a C:\V10\REDUR\V10LIB\WWW/xls
02 12:04:43:857 Asignando RUTAPDF a C:\V10\REDUR\V10LIB\WWW/pdf
02 12:04:43:857 Asignando COMPRIMIR a 1
02 12:04:43:859 Escuchando en puerto 5001 con protocolo HTTP
00 12:07:06:587 Fichero de log abierto PID 6448

02 12:07:06:590 Intentando abrir fichero v10.ini
02 12:07:06:595 Cargando driver v10oracle funcion damedriveroracle
02 12:07:07:284 Conectado a base de datos
02 12:07:07:287 Asignando RELEECONF a 500
02 12:07:07:290 Asignando ACCESO a V10LOGIN
02 12:07:07:290 Asignando NIVELLOG a 2
02 12:07:07:290 Asignando PROTEGIDO a 500
02 12:07:07:290 Asignando DEBUGHTTP a 2
02 12:07:07:290 Asignando VISIBLEEXE a 0
02 12:07:07:290 Asignando FICHEROEXE a VDFORM.EXE -OR1
02 12:07:07:290 Asignando CONEXIONBD a REDUR/REDUR@LOCAL
02 12:07:07:290 Asignando SERVIDOR a HTTP://127.0.0.1
02 12:07:07:292 Asignando SERVERPORT a 5000
02 12:07:07:292 Asignando SERVERPORTFILES a 5001
02 12:07:07:292 Asignando PUERTOINICIAL a 5002
02 12:07:07:292 Asignando SERVERHTML a HTTP://127.0.0.1:5001/html
02 12:07:07:292 Asignando SERVERIMG a HTTP://127.0.0.1:5001/img
02 12:07:07:292 Asignando SERVERXLS a HTTP://127.0.0.1:5001/xls
02 12:07:07:292 Asignando SERVERPDF a HTTP://127.0.0.1:5001/pdf
02 12:07:07:292 Asignando FILEEXPIRED a 3600
02 12:07:07:292 Asignando TIEMPOESPERA a 240
02 12:07:07:292 Asignando RUTAZIP a C:/V10/v10lib/ZIP
02 12:07:07:292 Asignando RUTAHELP a C:\V10\REDUR\V10LIB\WWW/help/html
02 12:07:07:292 Asignando RUTAPLANTILLAS a C:\V10\REDUR\V10LIB\WWW/html
02 12:07:07:292 Asignando RUTAXLS a C:\V10\REDUR\V10LIB\WWW/xls
02 12:07:07:292 Asignando RUTAPDF a C:\V10\REDUR\V10LIB\WWW/pdf
02 12:07:07:292 Asignando COMPRIMIR a 1
02 12:07:07:292 Escuchando en puerto 5001 con protocolo HTTP
00 13:59:07:829 Fichero de log abierto PID 8920

02 13:59:07:829 Intentando abrir fichero v10.ini
02 13:59:07:829 Cargando driver v10oracle funcion damedriveroracle
02 13:59:08:570 Conectado a base de datos
02 13:59:08:570 Asignando RELEECONF a 500
02 13:59:08:570 Asignando ACCESO a V10LOGIN
02 13:59:08:570 Asignando NIVELLOG a 2
02 13:59:08:570 Asignando PROTEGIDO a 500
02 13:59:08:570 Asignando DEBUGHTTP a 2
02 13:59:08:570 Asignando VISIBLEEXE a 0
02 13:59:08:570 Asignando FICHEROEXE a VDFORM.EXE -OR1
02 13:59:08:570 Asignando CONEXIONBD a REDUR/REDUR@LOCAL
02 13:59:08:570 Asignando SERVIDOR a HTTP://127.0.0.1
02 13:59:08:570 Asignando SERVERPORT a 5000
02 13:59:08:570 Asignando SERVERPORTFILES a 5001
02 13:59:08:570 Asignando PUERTOINICIAL a 5002
02 13:59:08:570 Asignando SERVERHTML a HTTP://127.0.0.1:5001/html
02 13:59:08:570 Asignando SERVERIMG a HTTP://127.0.0.1:5001/img
02 13:59:08:570 Asignando SERVERXLS a HTTP://127.0.0.1:5001/xls
02 13:59:08:570 Asignando SERVERPDF a HTTP://127.0.0.1:5001/pdf
02 13:59:08:570 Asignando FILEEXPIRED a 3600
02 13:59:08:570 Asignando TIEMPOESPERA a 240
02 13:59:08:570 Asignando RUTAZIP a C:/V10/v10lib/ZIP
02 13:59:08:570 Asignando RUTAHELP a C:\V10\REDUR\V10LIB\WWW/help/html
02 13:59:08:570 Asignando RUTAPLANTILLAS a C:\V10\REDUR\V10LIB\WWW/html
02 13:59:08:570 Asignando RUTAXLS a C:\V10\REDUR\V10LIB\WWW/xls
02 13:59:08:570 Asignando RUTAPDF a C:\V10\REDUR\V10LIB\WWW/pdf
02 13:59:08:570 Asignando COMPRIMIR a 1
02 13:59:08:585 Escuchando en puerto 5001 con protocolo HTTP
00 17:31:48:509 Fichero de log abierto PID 10540

02 17:31:48:510 Intentando abrir fichero v10.ini
02 17:31:48:515 Cargando driver v10oracle funcion damedriveroracle
02 17:31:49:075 Conectado a base de datos
02 17:31:49:080 Asignando RELEECONF a 500
02 17:31:49:082 Asignando ACCESO a V10LOGIN
02 17:31:49:082 Asignando NIVELLOG a 2
02 17:31:49:082 Asignando PROTEGIDO a 500
02 17:31:49:082 Asignando DEBUGHTTP a 2
02 17:31:49:082 Asignando VISIBLEEXE a 0
02 17:31:49:082 Asignando FICHEROEXE a VDFORM.EXE -OR1
02 17:31:49:082 Asignando CONEXIONBD a REDUR/REDUR@LOCAL
02 17:31:49:082 Asignando SERVIDOR a HTTP://127.0.0.1
02 17:31:49:082 Asignando SERVERPORT a 5000
02 17:31:49:084 Asignando SERVERPORTFILES a 5001
02 17:31:49:084 Asignando PUERTOINICIAL a 5002
02 17:31:49:085 Asignando SERVERHTML a HTTP://127.0.0.1:5001/html
02 17:31:49:085 Asignando SERVERIMG a HTTP://127.0.0.1:5001/img
02 17:31:49:085 Asignando SERVERXLS a HTTP://127.0.0.1:5001/xls
02 17:31:49:085 Asignando SERVERPDF a HTTP://127.0.0.1:5001/pdf
02 17:31:49:085 Asignando FILEEXPIRED a 3600
02 17:31:49:085 Asignando TIEMPOESPERA a 240
02 17:31:49:085 Asignando RUTAZIP a C:/V10/v10lib/ZIP
02 17:31:49:085 Asignando RUTAHELP a C:\V10\REDUR\V10LIB\WWW/help/html
02 17:31:49:089 Asignando RUTAPLANTILLAS a C:\V10\REDUR\V10LIB\WWW/html
02 17:31:49:090 Asignando RUTAXLS a C:\V10\REDUR\V10LIB\WWW/xls
02 17:31:49:090 Asignando RUTAPDF a C:\V10\REDUR\V10LIB\WWW/pdf
02 17:31:49:090 Asignando COMPRIMIR a 1
02 17:31:49:092 Escuchando en puerto 5001 con protocolo HTTP
00 17:46:34:067 Fichero de log abierto PID 15728

02 17:46:34:089 Intentando abrir fichero v10.ini
02 17:46:34:095 Cargando driver v10oracle funcion damedriveroracle
02 17:46:34:740 Conectado a base de datos
02 17:46:34:745 Asignando RELEECONF a 500
02 17:46:34:745 Asignando ACCESO a V10LOGIN
02 17:46:34:745 Asignando NIVELLOG a 2
02 17:46:34:745 Asignando PROTEGIDO a 500
02 17:46:34:745 Asignando DEBUGHTTP a 2
02 17:46:34:745 Asignando VISIBLEEXE a 0
02 17:46:34:745 Asignando FICHEROEXE a VDFORM.EXE -OR1
02 17:46:34:745 Asignando CONEXIONBD a REDUR/REDUR@LOCAL
02 17:46:34:745 Asignando SERVIDOR a HTTP://127.0.0.1
02 17:46:34:745 Asignando SERVERPORT a 5000
02 17:46:34:745 Asignando SERVERPORTFILES a 5001
02 17:46:34:745 Asignando PUERTOINICIAL a 5002
02 17:46:34:745 Asignando SERVERHTML a HTTP://127.0.0.1:5001/html
02 17:46:34:745 Asignando SERVERIMG a HTTP://127.0.0.1:5001/img
02 17:46:34:745 Asignando SERVERXLS a HTTP://127.0.0.1:5001/xls
02 17:46:34:745 Asignando SERVERPDF a HTTP://127.0.0.1:5001/pdf
02 17:46:34:752 Asignando FILEEXPIRED a 3600
02 17:46:34:752 Asignando TIEMPOESPERA a 240
02 17:46:34:754 Asignando RUTAZIP a C:/V10/v10lib/ZIP
02 17:46:34:754 Asignando RUTAHELP a C:\V10\REDUR\V10LIB\WWW/help/html
02 17:46:34:755 Asignando RUTAPLANTILLAS a C:\V10\REDUR\V10LIB\WWW/html
02 17:46:34:755 Asignando RUTAXLS a C:\V10\REDUR\V10LIB\WWW/xls
02 17:46:34:755 Asignando RUTAPDF a C:\V10\REDUR\V10LIB\WWW/pdf
02 17:46:34:755 Asignando COMPRIMIR a 1
02 17:46:34:757 Escuchando en puerto 5001 con protocolo HTTP
00 17:51:15:332 Fichero de log abierto PID 10248

02 17:51:15:340 Intentando abrir fichero v10.ini
02 17:51:15:345 Cargando driver v10oracle funcion damedriveroracle
02 17:51:16:047 Conectado a base de datos
02 17:51:16:047 Asignando RELEECONF a 500
02 17:51:16:047 Asignando ACCESO a V10LOGIN
02 17:51:16:047 Asignando NIVELLOG a 2
02 17:51:16:047 Asignando PROTEGIDO a 500
02 17:51:16:047 Asignando DEBUGHTTP a 2
02 17:51:16:055 Asignando VISIBLEEXE a 0
02 17:51:16:055 Asignando FICHEROEXE a VDFORM.EXE -OR1
02 17:51:16:055 Asignando CONEXIONBD a REDUR/REDUR@LOCAL
02 17:51:16:055 Asignando SERVIDOR a HTTP://127.0.0.1
02 17:51:16:055 Asignando SERVERPORT a 5000
02 17:51:16:055 Asignando SERVERPORTFILES a 5001
02 17:51:16:055 Asignando PUERTOINICIAL a 5002
02 17:51:16:057 Asignando SERVERHTML a HTTP://127.0.0.1:5001/html
02 17:51:16:057 Asignando SERVERIMG a HTTP://127.0.0.1:5001/img
02 17:51:16:057 Asignando SERVERXLS a HTTP://127.0.0.1:5001/xls
02 17:51:16:057 Asignando SERVERPDF a HTTP://127.0.0.1:5001/pdf
02 17:51:16:057 Asignando FILEEXPIRED a 3600
02 17:51:16:057 Asignando TIEMPOESPERA a 240
02 17:51:16:057 Asignando RUTAZIP a C:/V10/v10lib/ZIP
02 17:51:16:057 Asignando RUTAHELP a C:\V10\REDUR\V10LIB\WWW/help/html
02 17:51:16:057 Asignando RUTAPLANTILLAS a C:\V10\REDUR\V10LIB\WWW/html
02 17:51:16:057 Asignando RUTAXLS a C:\V10\REDUR\V10LIB\WWW/xls
02 17:51:16:057 Asignando RUTAPDF a C:\V10\REDUR\V10LIB\WWW/pdf
02 17:51:16:057 Asignando COMPRIMIR a 1
02 17:51:16:062 Escuchando en puerto 5001 con protocolo HTTP
