00 09:14:14:088 Fichero de log abierto PID 8156

02 09:14:14:092 Intentando abrir fichero v10.ini
02 09:14:14:097 Cargando driver v10oracle funcion damedriveroracle
02 09:14:14:297 Conectado a base de datos
02 09:14:14:305 Asignando RELEECONF a 500
02 09:14:14:305 Asignando ACCESO a V10LOGIN
02 09:14:14:305 Asignando NIVELLOG a 2
02 09:14:14:305 Asignando PROTEGIDO a 500
02 09:14:14:305 Asignando DEBUGHTTP a 2
02 09:14:14:305 Asignando VISIBLEEXE a 0
02 09:14:14:305 Asignando FICHEROEXE a VDFORM.EXE -OR1
02 09:14:14:305 Asignando CONEXIONBD a REDUR/REDUR@LOCAL
02 09:14:14:305 Asignando SERVIDOR a HTTP://127.0.0.1
02 09:14:14:305 Asignando SERVERPORT a 5000
02 09:14:14:305 Asignando SERVERPORTFILES a 5001
02 09:14:14:305 Asignando PUERTOINICIAL a 5002
02 09:14:14:305 Asignando SERVERHTML a HTTP://127.0.0.1:5001/html
02 09:14:14:305 Asignando SERVERIMG a HTTP://127.0.0.1:5001/img
02 09:14:14:305 Asignando SERVERXLS a HTTP://127.0.0.1:5001/xls
02 09:14:14:305 Asignando SERVERPDF a HTTP://127.0.0.1:5001/pdf
02 09:14:14:312 Asignando FILEEXPIRED a 3600
02 09:14:14:312 Asignando TIEMPOESPERA a 240
02 09:14:14:312 Asignando RUTAZIP a C:/V10/v10lib/ZIP
02 09:14:14:312 Asignando RUTAHELP a C:\V10\REDUR\V10LIB\WWW/help/html
02 09:14:14:312 Asignando RUTAPLANTILLAS a C:\V10\REDUR\V10LIB\WWW/html
02 09:14:14:312 Asignando RUTAXLS a C:\V10\REDUR\V10LIB\WWW/xls
02 09:14:14:312 Asignando RUTAPDF a C:\V10\REDUR\V10LIB\WWW/pdf
02 09:14:14:312 Asignando COMPRIMIR a 1
02 09:14:14:312 Escuchando en puerto 5001 con protocolo HTTP
00 11:18:11:570 Fichero de log abierto PID 9540

02 11:18:11:572 Intentando abrir fichero v10.ini
02 11:18:11:580 Cargando driver v10oracle funcion damedriveroracle
02 11:18:12:296 Conectado a base de datos
02 11:18:12:301 Asignando RELEECONF a 500
02 11:18:12:302 Asignando ACCESO a V10LOGIN
02 11:18:12:302 Asignando NIVELLOG a 2
02 11:18:12:302 Asignando PROTEGIDO a 500
02 11:18:12:302 Asignando DEBUGHTTP a 2
02 11:18:12:302 Asignando VISIBLEEXE a 0
02 11:18:12:302 Asignando FICHEROEXE a VDFORM.EXE -OR1
02 11:18:12:302 Asignando CONEXIONBD a REDUR/REDUR@LOCAL
02 11:18:12:302 Asignando SERVIDOR a HTTP://127.0.0.1
02 11:18:12:302 Asignando SERVERPORT a 5000
02 11:18:12:302 Asignando SERVERPORTFILES a 5001
02 11:18:12:302 Asignando PUERTOINICIAL a 5002
02 11:18:12:303 Asignando SERVERHTML a HTTP://127.0.0.1:5001/html
02 11:18:12:303 Asignando SERVERIMG a HTTP://127.0.0.1:5001/img
02 11:18:12:305 Asignando SERVERXLS a HTTP://127.0.0.1:5001/xls
02 11:18:12:305 Asignando SERVERPDF a HTTP://127.0.0.1:5001/pdf
02 11:18:12:305 Asignando FILEEXPIRED a 3600
02 11:18:12:305 Asignando TIEMPOESPERA a 240
02 11:18:12:307 Asignando RUTAZIP a C:/V10/v10lib/ZIP
02 11:18:12:307 Asignando RUTAHELP a C:\V10\REDUR\V10LIB\WWW/help/html
02 11:18:12:307 Asignando RUTAPLANTILLAS a C:\V10\REDUR\V10LIB\WWW/html
02 11:18:12:307 Asignando RUTAXLS a C:\V10\REDUR\V10LIB\WWW/xls
02 11:18:12:307 Asignando RUTAPDF a C:\V10\REDUR\V10LIB\WWW/pdf
02 11:18:12:308 Asignando COMPRIMIR a 1
02 11:18:12:310 Escuchando en puerto 5001 con protocolo HTTP
00 13:46:19:120 Fichero de log abierto PID 14328

02 13:46:19:122 Intentando abrir fichero v10.ini
02 13:46:19:127 Cargando driver v10oracle funcion damedriveroracle
02 13:46:19:740 Conectado a base de datos
02 13:46:19:745 Asignando RELEECONF a 500
02 13:46:19:745 Asignando ACCESO a V10LOGIN
02 13:46:19:747 Asignando NIVELLOG a 2
02 13:46:19:747 Asignando PROTEGIDO a 500
02 13:46:19:747 Asignando DEBUGHTTP a 2
02 13:46:19:747 Asignando VISIBLEEXE a 0
02 13:46:19:747 Asignando FICHEROEXE a VDFORM.EXE -OR1
02 13:46:19:747 Asignando CONEXIONBD a REDUR/REDUR@LOCAL
02 13:46:19:747 Asignando SERVIDOR a HTTP://127.0.0.1
02 13:46:19:747 Asignando SERVERPORT a 5000
02 13:46:19:749 Asignando SERVERPORTFILES a 5001
02 13:46:19:749 Asignando PUERTOINICIAL a 5002
02 13:46:19:749 Asignando SERVERHTML a HTTP://127.0.0.1:5001/html
02 13:46:19:749 Asignando SERVERIMG a HTTP://127.0.0.1:5001/img
02 13:46:19:750 Asignando SERVERXLS a HTTP://127.0.0.1:5001/xls
02 13:46:19:750 Asignando SERVERPDF a HTTP://127.0.0.1:5001/pdf
02 13:46:19:750 Asignando FILEEXPIRED a 3600
02 13:46:19:750 Asignando TIEMPOESPERA a 240
02 13:46:19:752 Asignando RUTAZIP a C:/V10/v10lib/ZIP
02 13:46:19:754 Asignando RUTAHELP a C:\V10\REDUR\V10LIB\WWW/help/html
02 13:46:19:754 Asignando RUTAPLANTILLAS a C:\V10\REDUR\V10LIB\WWW/html
02 13:46:19:754 Asignando RUTAXLS a C:\V10\REDUR\V10LIB\WWW/xls
02 13:46:19:755 Asignando RUTAPDF a C:\V10\REDUR\V10LIB\WWW/pdf
02 13:46:19:755 Asignando COMPRIMIR a 1
02 13:46:19:757 Escuchando en puerto 5001 con protocolo HTTP
00 17:03:13:657 Fichero de log abierto PID 11592

02 17:03:13:659 Intentando abrir fichero v10.ini
02 17:03:13:664 Cargando driver v10oracle funcion damedriveroracle
02 17:03:14:270 Conectado a base de datos
02 17:03:14:270 Asignando RELEECONF a 500
02 17:03:14:270 Asignando ACCESO a V10LOGIN
02 17:03:14:270 Asignando NIVELLOG a 2
02 17:03:14:280 Asignando PROTEGIDO a 500
02 17:03:14:280 Asignando DEBUGHTTP a 2
02 17:03:14:280 Asignando VISIBLEEXE a 0
02 17:03:14:280 Asignando FICHEROEXE a VDFORM.EXE -OR1
02 17:03:14:280 Asignando CONEXIONBD a REDUR/REDUR@LOCAL
02 17:03:14:280 Asignando SERVIDOR a HTTP://127.0.0.1
02 17:03:14:280 Asignando SERVERPORT a 5000
02 17:03:14:280 Asignando SERVERPORTFILES a 5001
02 17:03:14:280 Asignando PUERTOINICIAL a 5002
02 17:03:14:280 Asignando SERVERHTML a HTTP://127.0.0.1:5001/html
02 17:03:14:280 Asignando SERVERIMG a HTTP://127.0.0.1:5001/img
02 17:03:14:280 Asignando SERVERXLS a HTTP://127.0.0.1:5001/xls
02 17:03:14:280 Asignando SERVERPDF a HTTP://127.0.0.1:5001/pdf
02 17:03:14:280 Asignando FILEEXPIRED a 3600
02 17:03:14:280 Asignando TIEMPOESPERA a 240
02 17:03:14:280 Asignando RUTAZIP a C:/V10/v10lib/ZIP
02 17:03:14:280 Asignando RUTAHELP a C:\V10\REDUR\V10LIB\WWW/help/html
02 17:03:14:280 Asignando RUTAPLANTILLAS a C:\V10\REDUR\V10LIB\WWW/html
02 17:03:14:280 Asignando RUTAXLS a C:\V10\REDUR\V10LIB\WWW/xls
02 17:03:14:280 Asignando RUTAPDF a C:\V10\REDUR\V10LIB\WWW/pdf
02 17:03:14:280 Asignando COMPRIMIR a 1
02 17:03:14:280 Escuchando en puerto 5001 con protocolo HTTP
