00 09:09:25:837 Fichero de log abierto PID 5536

02 09:09:25:841 Intentando abrir fichero v10.ini
02 09:09:25:847 Cargando driver v10oracle funcion damedriveroracle
02 09:09:26:482 Conectado a base de datos
02 09:09:26:485 Proceso CALIFSTOCK encontrado en tabla VDPROCESOS
02 09:09:26:485 Proceso CALIFSTOCK cargado con función vdprocesaloteshistst (Librería VDKERNEL.DLL) direccion 6FF428D0
02 09:09:26:487 PLSQL: INICIALIZADO PAQUETE DE LOG EL DIA 29-03-2022
02 09:09:26:522 Actualizado SID 877 SERIAL 9322 del proceso con PID 5536

00 13:50:25:434 Fichero de log cerrado.

00 13:50:30:169 Fichero de log abierto PID 16996

02 13:50:30:172 Intentando abrir fichero v10.ini
02 13:50:30:177 Cargando driver v10oracle funcion damedriveroracle
02 13:50:30:959 Conectado a base de datos
02 13:50:30:960 Proceso CALIFSTOCK encontrado en tabla VDPROCESOS
02 13:50:30:962 Proceso CALIFSTOCK cargado con función vdprocesaloteshistst (Librería VDKERNEL.DLL) direccion 703528D0
02 13:50:30:964 PLSQL: INICIALIZADO PAQUETE DE LOG EL DIA 29-03-2022
02 13:50:30:979 Actualizado SID 261 SERIAL 19999 del proceso con PID 16996

00 13:56:42:792 Fichero de log cerrado.

00 13:56:45:797 Fichero de log abierto PID 17128

02 13:56:45:797 Intentando abrir fichero v10.ini
02 13:56:45:804 Cargando driver v10oracle funcion damedriveroracle
02 13:56:46:645 Conectado a base de datos
02 13:56:46:647 Proceso CALIFSTOCK encontrado en tabla VDPROCESOS
02 13:56:46:647 Proceso CALIFSTOCK cargado con función vdprocesaloteshistst (Librería VDKERNEL.DLL) direccion 703528D0
02 13:56:46:650 PLSQL: INICIALIZADO PAQUETE DE LOG EL DIA 29-03-2022
02 13:56:46:657 Actualizado SID 18 SERIAL 44141 del proceso con PID 17128

00 15:32:15:819 Fichero de log cerrado.

00 15:32:21:127 Fichero de log abierto PID 16192

02 15:32:21:139 Intentando abrir fichero v10.ini
02 15:32:21:167 Cargando driver v10oracle funcion damedriveroracle
02 15:32:22:160 Conectado a base de datos
02 15:32:22:162 Proceso CALIFSTOCK encontrado en tabla VDPROCESOS
02 15:32:22:164 Proceso CALIFSTOCK cargado con función vdprocesaloteshistst (Librería VDKERNEL.DLL) direccion 703528D0
02 15:32:22:166 PLSQL: INICIALIZADO PAQUETE DE LOG EL DIA 29-03-2022
02 15:32:22:175 Actualizado SID 262 SERIAL 47080 del proceso con PID 16192

00 17:42:37:135 Fichero de log cerrado.

00 17:42:47:340 Fichero de log abierto PID 14984

02 17:42:47:345 Intentando abrir fichero v10.ini
02 17:42:47:352 Cargando driver v10oracle funcion damedriveroracle
02 17:42:48:387 Conectado a base de datos
02 17:42:48:390 Proceso CALIFSTOCK encontrado en tabla VDPROCESOS
02 17:42:48:392 Proceso CALIFSTOCK cargado con función vdprocesaloteshistst (Librería VDKERNEL.DLL) direccion 703528D0
02 17:42:48:394 PLSQL: INICIALIZADO PAQUETE DE LOG EL DIA 29-03-2022
02 17:42:48:404 Actualizado SID 755 SERIAL 28806 del proceso con PID 14984

00 17:45:26:690 Fichero de log cerrado.

00 17:45:32:729 Fichero de log abierto PID 8340

02 17:45:32:732 Intentando abrir fichero v10.ini
02 17:45:32:742 Cargando driver v10oracle funcion damedriveroracle
02 17:45:34:404 Conectado a base de datos
02 17:45:34:409 Proceso CALIFSTOCK encontrado en tabla VDPROCESOS
02 17:45:34:410 Proceso CALIFSTOCK cargado con función vdprocesaloteshistst (Librería VDKERNEL.DLL) direccion 703528D0
02 17:45:34:416 PLSQL: INICIALIZADO PAQUETE DE LOG EL DIA 29-03-2022
02 17:45:34:445 Actualizado SID 18 SERIAL 40099 del proceso con PID 8340

00 17:58:58:337 Fichero de log cerrado.

