00 09:09:26:031 Fichero de log abierto PID 8132

02 09:09:26:032 Intentando abrir fichero v10.ini
02 09:09:26:037 Cargando driver v10oracle funcion damedriveroracle
02 09:09:26:601 Conectado a base de datos
02 09:09:26:602 Proceso FUENTESTOCK encontrado en tabla VDPROCESOS
02 09:09:26:603 Proceso FUENTESTOCK cargado con función procesoperiodico (Librería VDKERNEL.DLL) direccion 6FF52D10
02 09:09:26:606 PLSQL: INICIALIZADO PAQUETE DE LOG EL DIA 29-03-2022
02 09:09:26:617 Actualizado SID 260 SERIAL 8347 del proceso con PID 8132
02 09:09:26:622 Analizado cursor TRATAFUENTE
02 09:09:26:622 Leidos 1 cursores

00 13:50:25:434 Fichero de log cerrado.

00 13:50:29:507 Fichero de log abierto PID 5612

02 13:50:29:509 Intentando abrir fichero v10.ini
02 13:50:29:517 Cargando driver v10oracle funcion damedriveroracle
02 13:50:30:449 Conectado a base de datos
02 13:50:30:452 Proceso FUENTESTOCK encontrado en tabla VDPROCESOS
02 13:50:30:452 Proceso FUENTESTOCK cargado con función procesoperiodico (Librería VDKERNEL.DLL) direccion 70362D10
02 13:50:30:455 PLSQL: INICIALIZADO PAQUETE DE LOG EL DIA 29-03-2022
02 13:50:30:467 Actualizado SID 258 SERIAL 54443 del proceso con PID 5612
02 13:50:30:467 Analizado cursor TRATAFUENTE
02 13:50:30:467 Leidos 1 cursores

00 13:56:42:810 Fichero de log cerrado.

00 13:56:45:780 Fichero de log abierto PID 2448

02 13:56:45:782 Intentando abrir fichero v10.ini
02 13:56:45:787 Cargando driver v10oracle funcion damedriveroracle
02 13:56:46:620 Conectado a base de datos
02 13:56:46:622 Proceso FUENTESTOCK encontrado en tabla VDPROCESOS
02 13:56:46:624 Proceso FUENTESTOCK cargado con función procesoperiodico (Librería VDKERNEL.DLL) direccion 70362D10
02 13:56:46:625 PLSQL: INICIALIZADO PAQUETE DE LOG EL DIA 29-03-2022
02 13:56:46:635 Actualizado SID 877 SERIAL 15002 del proceso con PID 2448
02 13:56:46:637 Analizado cursor TRATAFUENTE
02 13:56:46:637 Leidos 1 cursores

00 15:32:15:834 Fichero de log cerrado.

00 15:32:21:202 Fichero de log abierto PID 17872

02 15:32:21:204 Intentando abrir fichero v10.ini
02 15:32:21:214 Cargando driver v10oracle funcion damedriveroracle
02 15:32:22:100 Conectado a base de datos
02 15:32:22:102 Proceso FUENTESTOCK encontrado en tabla VDPROCESOS
02 15:32:22:102 Proceso FUENTESTOCK cargado con función procesoperiodico (Librería VDKERNEL.DLL) direccion 70362D10
02 15:32:22:106 PLSQL: INICIALIZADO PAQUETE DE LOG EL DIA 29-03-2022
02 15:32:22:115 Actualizado SID 255 SERIAL 7798 del proceso con PID 17872
02 15:32:22:117 Analizado cursor TRATAFUENTE
02 15:32:22:117 Leidos 1 cursores

00 17:42:37:135 Fichero de log cerrado.

00 17:42:47:867 Fichero de log abierto PID 10020

02 17:42:47:902 Intentando abrir fichero v10.ini
02 17:42:47:927 Cargando driver v10oracle funcion damedriveroracle
02 17:42:48:775 Conectado a base de datos
02 17:42:48:777 Proceso FUENTESTOCK encontrado en tabla VDPROCESOS
02 17:42:48:779 Proceso FUENTESTOCK cargado con función procesoperiodico (Librería VDKERNEL.DLL) direccion 70362D10
02 17:42:48:781 PLSQL: INICIALIZADO PAQUETE DE LOG EL DIA 29-03-2022
02 17:42:48:792 Actualizado SID 631 SERIAL 57281 del proceso con PID 10020
02 17:42:48:799 Analizado cursor TRATAFUENTE
02 17:42:48:799 Leidos 1 cursores

00 17:45:26:690 Fichero de log cerrado.

00 17:45:32:140 Fichero de log abierto PID 7900

02 17:45:32:142 Intentando abrir fichero v10.ini
02 17:45:32:150 Cargando driver v10oracle funcion damedriveroracle
02 17:45:33:379 Conectado a base de datos
02 17:45:33:382 Proceso FUENTESTOCK encontrado en tabla VDPROCESOS
02 17:45:33:382 Proceso FUENTESTOCK cargado con función procesoperiodico (Librería VDKERNEL.DLL) direccion 70362D10
02 17:45:33:385 PLSQL: INICIALIZADO PAQUETE DE LOG EL DIA 29-03-2022
02 17:45:33:405 Actualizado SID 752 SERIAL 10258 del proceso con PID 7900
02 17:45:33:405 Analizado cursor TRATAFUENTE
02 17:45:33:405 Leidos 1 cursores

00 17:58:58:369 Fichero de log cerrado.

