00 09:04:44:425 Fichero de log abierto PID 9148

02 09:04:44:426 Intentando abrir fichero v10.ini
02 09:04:44:432 Cargando driver v10oracle funcion damedriveroracle
02 09:04:45:692 Conectado a base de datos
02 09:04:45:693 Proceso FUENTESTOCK encontrado en tabla VDPROCESOS
02 09:04:45:695 Proceso FUENTESTOCK cargado con función procesoperiodico (Librería VDKERNEL.DLL) direccion 6E692D10
02 09:04:45:697 PLSQL: INICIALIZADO PAQUETE DE LOG EL DIA 25-03-2022
02 09:04:45:707 Actualizado SID 626 SERIAL 49305 del proceso con PID 9148
02 09:04:45:713 Analizado cursor TRATAFUENTE
02 09:04:45:713 Leidos 1 cursores

00 09:37:54:911 Fichero de log cerrado.

00 09:38:19:602 Fichero de log abierto PID 3828

02 09:38:19:606 Intentando abrir fichero v10.ini
02 09:38:19:620 Cargando driver v10oracle funcion damedriveroracle
02 09:38:20:305 Conectado a base de datos
02 09:38:20:307 Proceso FUENTESTOCK encontrado en tabla VDPROCESOS
02 09:38:20:307 Proceso FUENTESTOCK cargado con función procesoperiodico (Librería VDKERNEL.DLL) direccion 705F2D10
02 09:38:20:310 PLSQL: INICIALIZADO PAQUETE DE LOG EL DIA 25-03-2022
02 09:38:20:322 Actualizado SID 632 SERIAL 4795 del proceso con PID 3828
02 09:38:20:323 Analizado cursor TRATAFUENTE
02 09:38:20:323 Leidos 1 cursores

00 12:57:00:262 Fichero de log cerrado.

00 12:57:20:375 Fichero de log abierto PID 8816

02 12:57:20:377 Intentando abrir fichero v10.ini
02 12:57:20:382 Cargando driver v10oracle funcion damedriveroracle
02 12:57:21:107 Conectado a base de datos
02 12:57:21:110 Proceso FUENTESTOCK encontrado en tabla VDPROCESOS
02 12:57:21:110 Proceso FUENTESTOCK cargado con función procesoperiodico (Librería VDKERNEL.DLL) direccion 705F2D10
02 12:57:21:112 PLSQL: INICIALIZADO PAQUETE DE LOG EL DIA 25-03-2022
02 12:57:21:122 Actualizado SID 507 SERIAL 29009 del proceso con PID 8816
02 12:57:21:122 Analizado cursor TRATAFUENTE
02 12:57:21:124 Leidos 1 cursores

00 13:58:46:912 Fichero de log cerrado.

