00 10:16:34:612 Fichero de log abierto PID 16564

02 10:16:34:757 Intentando abrir fichero v10.ini
02 10:16:34:763 Cargando driver v10oracle funcion damedriveroracle
02 10:16:35:378 Conectado a base de datos
02 10:16:35:381 Proceso CALIFSTOCK encontrado en tabla VDPROCESOS
02 10:16:35:382 Proceso CALIFSTOCK cargado con función vdprocesaloteshistst (Librería VDKERNEL.DLL) direccion 705D28D0
02 10:16:35:383 PLSQL: INICIALIZADO PAQUETE DE LOG EL DIA 30-03-2022
02 10:16:35:462 Actualizado SID 872 SERIAL 6854 del proceso con PID 16564

00 13:42:33:537 Fichero de log cerrado.

00 13:42:40:005 Fichero de log abierto PID 5780

02 13:42:40:012 Intentando abrir fichero v10.ini
02 13:42:40:024 Cargando driver v10oracle funcion damedriveroracle
02 13:42:40:757 Conectado a base de datos
02 13:42:40:760 Proceso CALIFSTOCK encontrado en tabla VDPROCESOS
02 13:42:40:760 Proceso CALIFSTOCK cargado con función vdprocesaloteshistst (Librería VDKERNEL.DLL) direccion 705D28D0
02 13:42:40:763 PLSQL: INICIALIZADO PAQUETE DE LOG EL DIA 30-03-2022
02 13:42:40:774 Actualizado SID 14 SERIAL 23559 del proceso con PID 5780

00 15:19:56:209 Fichero de log cerrado.

00 15:20:00:002 Fichero de log abierto PID 8668

02 15:20:00:004 Intentando abrir fichero v10.ini
02 15:20:00:012 Cargando driver v10oracle funcion damedriveroracle
02 15:20:00:927 Conectado a base de datos
02 15:20:00:929 Proceso CALIFSTOCK encontrado en tabla VDPROCESOS
02 15:20:00:930 Proceso CALIFSTOCK cargado con función vdprocesaloteshistst (Librería VDKERNEL.DLL) direccion 705D28D0
02 15:20:00:932 PLSQL: INICIALIZADO PAQUETE DE LOG EL DIA 30-03-2022
02 15:20:00:942 Actualizado SID 632 SERIAL 33269 del proceso con PID 8668

00 16:07:52:437 Fichero de log cerrado.

00 16:08:00:199 Fichero de log abierto PID 2792

02 16:08:00:200 Intentando abrir fichero v10.ini
02 16:08:00:209 Cargando driver v10oracle funcion damedriveroracle
02 16:08:02:439 Conectado a base de datos
02 16:08:02:444 Proceso CALIFSTOCK encontrado en tabla VDPROCESOS
02 16:08:02:445 Proceso CALIFSTOCK cargado con función vdprocesaloteshistst (Librería VDKERNEL.DLL) direccion 705D28D0
02 16:08:02:452 PLSQL: INICIALIZADO PAQUETE DE LOG EL DIA 30-03-2022
02 16:08:02:480 Actualizado SID 510 SERIAL 23171 del proceso con PID 2792

00 17:18:02:695 Fichero de log cerrado.

00 17:18:06:155 Fichero de log abierto PID 6596

02 17:18:06:157 Intentando abrir fichero v10.ini
02 17:18:06:167 Cargando driver v10oracle funcion damedriveroracle
02 17:18:08:085 Conectado a base de datos
02 17:18:08:092 Proceso CALIFSTOCK encontrado en tabla VDPROCESOS
02 17:18:08:095 Proceso CALIFSTOCK cargado con función vdprocesaloteshistst (Librería VDKERNEL.DLL) direccion 705D28D0
02 17:18:08:101 PLSQL: INICIALIZADO PAQUETE DE LOG EL DIA 30-03-2022
02 17:18:08:147 Actualizado SID 862 SERIAL 3430 del proceso con PID 6596

00 17:59:17:432 Fichero de log cerrado.

