00 09:09:35:318 Fichero de log abierto PID 16544

02 09:09:35:321 Intentando abrir fichero v10.ini
02 09:09:35:326 Cargando driver v10oracle funcion damedriveroracle
02 09:09:36:142 Conectado a base de datos
02 09:09:36:145 Proceso CALIFSTOCK encontrado en tabla VDPROCESOS
02 09:09:36:146 Proceso CALIFSTOCK cargado con función vdprocesaloteshistst (Librería VDKERNEL.DLL) direccion 6FDF28D0
02 09:09:36:148 PLSQL: INICIALIZADO PAQUETE DE LOG EL DIA 05-04-2022
02 09:09:36:157 Actualizado SID 868 SERIAL 40465 del proceso con PID 16544

00 09:57:03:172 Fichero de log cerrado.

00 09:57:15:877 Fichero de log abierto PID 12632

02 09:57:15:878 Intentando abrir fichero v10.ini
02 09:57:15:886 Cargando driver v10oracle funcion damedriveroracle
02 09:57:16:817 Conectado a base de datos
02 09:57:16:820 Proceso CALIFSTOCK encontrado en tabla VDPROCESOS
02 09:57:16:821 Proceso CALIFSTOCK cargado con función vdprocesaloteshistst (Librería VDKERNEL.DLL) direccion 6FDF28D0
02 09:57:16:823 PLSQL: INICIALIZADO PAQUETE DE LOG EL DIA 05-04-2022
02 09:57:16:833 Actualizado SID 504 SERIAL 24775 del proceso con PID 12632

00 10:01:40:410 Fichero de log cerrado.

00 10:03:38:101 Fichero de log abierto PID 9424

02 10:03:38:102 Intentando abrir fichero v10.ini
02 10:03:38:110 Cargando driver v10oracle funcion damedriveroracle
02 10:03:38:795 Conectado a base de datos
02 10:03:38:797 Proceso CALIFSTOCK encontrado en tabla VDPROCESOS
02 10:03:38:797 Proceso CALIFSTOCK cargado con función vdprocesaloteshistst (Librería VDKERNEL.DLL) direccion 6E0828D0
02 10:03:38:801 PLSQL: INICIALIZADO PAQUETE DE LOG EL DIA 05-04-2022
02 10:03:38:812 Actualizado SID 377 SERIAL 3537 del proceso con PID 9424

00 16:14:51:302 Fichero de log cerrado.

00 16:15:01:609 Fichero de log abierto PID 4392

02 16:15:01:612 Intentando abrir fichero v10.ini
02 16:15:01:670 Cargando driver v10oracle funcion damedriveroracle
02 16:15:02:647 Conectado a base de datos
02 16:15:02:650 Proceso CALIFSTOCK encontrado en tabla VDPROCESOS
02 16:15:02:652 Proceso CALIFSTOCK cargado con función vdprocesaloteshistst (Librería VDKERNEL.DLL) direccion 6E0828D0
02 16:15:02:658 PLSQL: INICIALIZADO PAQUETE DE LOG EL DIA 05-04-2022
02 16:15:02:679 Actualizado SID 872 SERIAL 50505 del proceso con PID 4392

00 17:58:46:505 Fichero de log cerrado.

