00 09:23:03:335 Fichero de log abierto PID 10604

02 09:23:03:337 Intentando abrir fichero v10.ini
02 09:23:03:342 Cargando driver v10oracle funcion damedriveroracle
02 09:23:03:875 Conectado a base de datos
02 09:23:03:877 Proceso CALIFSTOCK encontrado en tabla VDPROCESOS
02 09:23:03:878 Proceso CALIFSTOCK cargado con función vdprocesaloteshistst (Librería VDKERNEL.DLL) direccion 700228D0
02 09:23:03:882 PLSQL: INICIALIZADO PAQUETE DE LOG EL DIA 05-07-2022
02 09:23:03:996 Actualizado SID 381 SERIAL 50971 del proceso con PID 10604

00 13:36:35:289 Fichero de log cerrado.

00 13:36:38:750 Fichero de log abierto PID 8964

02 13:36:38:750 Intentando abrir fichero v10.ini
02 13:36:38:760 Cargando driver v10oracle funcion damedriveroracle
02 13:36:39:237 Conectado a base de datos
02 13:36:39:240 Proceso CALIFSTOCK encontrado en tabla VDPROCESOS
02 13:36:39:240 Proceso CALIFSTOCK cargado con función vdprocesaloteshistst (Librería VDKERNEL.DLL) direccion 700228D0
02 13:36:39:244 PLSQL: INICIALIZADO PAQUETE DE LOG EL DIA 05-07-2022
02 13:36:39:414 Actualizado SID 502 SERIAL 56348 del proceso con PID 8964

00 13:58:57:487 Fichero de log cerrado.

00 13:59:19:947 Fichero de log abierto PID 18200

02 13:59:19:949 Intentando abrir fichero v10.ini
02 13:59:19:955 Cargando driver v10oracle funcion damedriveroracle
02 13:59:20:784 Conectado a base de datos
02 13:59:20:785 Proceso CALIFSTOCK encontrado en tabla VDPROCESOS
02 13:59:20:785 Proceso CALIFSTOCK cargado con función vdprocesaloteshistst (Librería VDKERNEL.DLL) direccion 700228D0
02 13:59:20:789 PLSQL: INICIALIZADO PAQUETE DE LOG EL DIA 05-07-2022
02 13:59:20:797 Actualizado SID 382 SERIAL 48208 del proceso con PID 18200

00 14:52:22:972 Fichero de log cerrado.

00 14:52:50:265 Fichero de log abierto PID 2208

02 14:52:50:310 Intentando abrir fichero v10.ini
02 14:52:50:334 Cargando driver v10oracle funcion damedriveroracle
02 14:52:50:840 Conectado a base de datos
02 14:52:50:842 Proceso CALIFSTOCK encontrado en tabla VDPROCESOS
02 14:52:50:842 Proceso CALIFSTOCK cargado con función vdprocesaloteshistst (Librería VDKERNEL.DLL) direccion 700228D0
02 14:52:50:845 PLSQL: INICIALIZADO PAQUETE DE LOG EL DIA 05-07-2022
02 14:52:50:854 Actualizado SID 13 SERIAL 10778 del proceso con PID 2208

00 14:54:38:074 Fichero de log cerrado.

00 14:54:42:535 Fichero de log abierto PID 10308

02 14:54:42:537 Intentando abrir fichero v10.ini
02 14:54:42:542 Cargando driver v10oracle funcion damedriveroracle
02 14:54:43:320 Conectado a base de datos
02 14:54:43:322 Proceso CALIFSTOCK encontrado en tabla VDPROCESOS
02 14:54:43:322 Proceso CALIFSTOCK cargado con función vdprocesaloteshistst (Librería VDKERNEL.DLL) direccion 700228D0
02 14:54:43:324 PLSQL: INICIALIZADO PAQUETE DE LOG EL DIA 05-07-2022
02 14:54:43:335 Actualizado SID 875 SERIAL 5542 del proceso con PID 10308

00 17:55:06:095 Fichero de log cerrado.

