00 11:41:46:805 Fichero de log abierto PID 9960

02 11:41:46:807 Intentando abrir fichero v10.ini
02 11:41:46:812 Cargando driver v10oracle funcion damedriveroracle
02 11:41:47:467 Conectado a base de datos
02 11:41:47:467 Proceso FUENTESTOCK encontrado en tabla VDPROCESOS
02 11:41:47:469 Proceso FUENTESTOCK cargado con función procesoperiodico (Librería VDKERNEL.DLL) direccion 6F3D2D10
02 11:41:47:471 PLSQL: INICIALIZADO PAQUETE DE LOG EL DIA 04-07-2022
02 11:41:47:482 Actualizado SID 745 SERIAL 12246 del proceso con PID 9960
02 11:41:47:489 Analizado cursor TRATAFUENTE
02 11:41:47:489 Leidos 1 cursores

00 16:28:21:849 Fichero de log cerrado.

00 16:28:32:874 Fichero de log abierto PID 16996

02 16:28:32:875 Intentando abrir fichero v10.ini
02 16:28:32:882 Cargando driver v10oracle funcion damedriveroracle
02 16:28:33:170 Conectado a base de datos
02 16:28:33:174 Proceso FUENTESTOCK encontrado en tabla VDPROCESOS
02 16:28:33:174 Proceso FUENTESTOCK cargado con función procesoperiodico (Librería VDKERNEL.DLL) direccion 6F3D2D10
02 16:28:33:176 PLSQL: INICIALIZADO PAQUETE DE LOG EL DIA 04-07-2022
02 16:28:33:320 Actualizado SID 11 SERIAL 35573 del proceso con PID 16996
02 16:28:33:320 Analizado cursor TRATAFUENTE
02 16:28:33:320 Leidos 1 cursores

00 17:57:33:832 Fichero de log cerrado.

