00 09:43:02:510 Fichero de log abierto PID 14656

02 09:43:02:511 Intentando abrir fichero v10.ini
02 09:43:02:517 Cargando driver v10oracle funcion damedriveroracle
02 09:43:03:000 Conectado a base de datos
02 09:43:03:001 Proceso FUENTESTOCK encontrado en tabla VDPROCESOS
02 09:43:03:002 Proceso FUENTESTOCK cargado con función procesoperiodico (Librería VDKERNEL.DLL) direccion 70492D10
02 09:43:03:004 PLSQL: INICIALIZADO PAQUETE DE LOG EL DIA 31-03-2022
02 09:43:03:012 Actualizado SID 746 SERIAL 14709 del proceso con PID 14656
02 09:43:03:022 Analizado cursor TRATAFUENTE
02 09:43:03:022 Leidos 1 cursores

00 14:17:57:457 Fichero de log cerrado.

00 14:18:05:359 Fichero de log abierto PID 10344

02 14:18:05:362 Intentando abrir fichero v10.ini
02 14:18:05:372 Cargando driver v10oracle funcion damedriveroracle
02 14:18:06:309 Conectado a base de datos
02 14:18:06:310 Proceso FUENTESTOCK encontrado en tabla VDPROCESOS
02 14:18:06:310 Proceso FUENTESTOCK cargado con función procesoperiodico (Librería VDKERNEL.DLL) direccion 70492D10
02 14:18:06:313 PLSQL: INICIALIZADO PAQUETE DE LOG EL DIA 31-03-2022
02 14:18:06:325 Actualizado SID 130 SERIAL 38209 del proceso con PID 10344
02 14:18:06:327 Analizado cursor TRATAFUENTE
02 14:18:06:327 Leidos 1 cursores

00 17:58:44:700 Fichero de log cerrado.

