00 08:59:49:307 Fichero de log abierto PID 9604

02 08:59:49:310 Intentando abrir fichero v10.ini
02 08:59:49:313 Cargando driver v10oracle funcion damedriveroracle
02 08:59:50:013 Conectado a base de datos
02 08:59:50:016 Proceso FUENTESTOCK encontrado en tabla VDPROCESOS
02 08:59:50:017 Proceso FUENTESTOCK cargado con función procesoperiodico (Librería VDKERNEL.DLL) direccion 70042D10
02 08:59:50:018 PLSQL: INICIALIZADO PAQUETE DE LOG EL DIA 27-06-2022
02 08:59:50:027 Actualizado SID 748 SERIAL 14204 del proceso con PID 9604
02 08:59:50:028 Analizado cursor TRATAFUENTE
02 08:59:50:028 Leidos 1 cursores

00 17:47:53:385 Fichero de log cerrado.

00 17:48:08:042 Fichero de log abierto PID 4440

02 17:48:08:045 Intentando abrir fichero v10.ini
02 17:48:08:050 Cargando driver v10oracle funcion damedriveroracle
02 17:48:08:732 Conectado a base de datos
02 17:48:08:735 Proceso FUENTESTOCK encontrado en tabla VDPROCESOS
02 17:48:08:735 Proceso FUENTESTOCK cargado con función procesoperiodico (Librería VDKERNEL.DLL) direccion 70042D10
02 17:48:08:737 PLSQL: INICIALIZADO PAQUETE DE LOG EL DIA 27-06-2022
02 17:48:08:745 Actualizado SID 376 SERIAL 32029 del proceso con PID 4440
02 17:48:08:754 Analizado cursor TRATAFUENTE
02 17:48:08:754 Leidos 1 cursores

00 17:57:06:537 Fichero de log cerrado.

