00 09:07:45:512 Fichero de log abierto PID 7412

02 09:07:45:515 Intentando abrir fichero v10.ini
02 09:07:45:520 Cargando driver v10oracle funcion damedriveroracle
02 09:07:46:146 Conectado a base de datos
02 09:07:46:147 Proceso FUENTESTOCK encontrado en tabla VDPROCESOS
02 09:07:46:148 Proceso FUENTESTOCK cargado con función procesoperiodico (Librería VDKERNEL.DLL) direccion 705F2D10
02 09:07:46:150 PLSQL: INICIALIZADO PAQUETE DE LOG EL DIA 22-03-2022
02 09:07:46:183 Actualizado SID 264 SERIAL 57853 del proceso con PID 7412
02 09:07:46:190 Analizado cursor TRATAFUENTE
02 09:07:46:190 Leidos 1 cursores

00 17:07:22:545 Fichero de log cerrado.

00 17:07:34:525 Fichero de log abierto PID 6172

02 17:07:34:527 Intentando abrir fichero v10.ini
02 17:07:34:535 Cargando driver v10oracle funcion damedriveroracle
02 17:07:35:145 Conectado a base de datos
02 17:07:35:147 Proceso FUENTESTOCK encontrado en tabla VDPROCESOS
02 17:07:35:147 Proceso FUENTESTOCK cargado con función procesoperiodico (Librería VDKERNEL.DLL) direccion 705F2D10
02 17:07:35:150 PLSQL: INICIALIZADO PAQUETE DE LOG EL DIA 22-03-2022
02 17:07:35:160 Actualizado SID 873 SERIAL 58947 del proceso con PID 6172
02 17:07:35:160 Analizado cursor TRATAFUENTE
02 17:07:35:160 Leidos 1 cursores

00 17:12:06:664 Fichero de log cerrado.

00 17:12:10:875 Fichero de log abierto PID 14432

02 17:12:10:877 Intentando abrir fichero v10.ini
02 17:12:10:882 Cargando driver v10oracle funcion damedriveroracle
02 17:12:12:034 Conectado a base de datos
02 17:12:12:037 Proceso FUENTESTOCK encontrado en tabla VDPROCESOS
02 17:12:12:037 Proceso FUENTESTOCK cargado con función procesoperiodico (Librería VDKERNEL.DLL) direccion 705F2D10
02 17:12:12:039 PLSQL: INICIALIZADO PAQUETE DE LOG EL DIA 22-03-2022
02 17:12:12:049 Actualizado SID 862 SERIAL 38761 del proceso con PID 14432
02 17:12:12:049 Analizado cursor TRATAFUENTE
02 17:12:12:049 Leidos 1 cursores

00 17:58:54:110 Fichero de log cerrado.

