00 09:04:44:432 Fichero de log abierto PID 13204

02 09:04:44:433 Intentando abrir fichero v10.ini
02 09:04:44:440 Cargando driver v10oracle funcion damedriveroracle
02 09:04:45:427 Conectado a base de datos
02 09:04:45:430 Proceso CALIFSTOCK encontrado en tabla VDPROCESOS
02 09:04:45:431 Proceso CALIFSTOCK cargado con función vdprocesaloteshistst (Librería VDKERNEL.DLL) direccion 6E6828D0
02 09:04:45:433 PLSQL: INICIALIZADO PAQUETE DE LOG EL DIA 25-03-2022
02 09:04:45:442 Actualizado SID 501 SERIAL 36309 del proceso con PID 13204

00 09:37:54:911 Fichero de log cerrado.

00 09:38:19:433 Fichero de log abierto PID 13004

02 09:38:19:437 Intentando abrir fichero v10.ini
02 09:38:19:443 Cargando driver v10oracle funcion damedriveroracle
02 09:38:20:556 Conectado a base de datos
02 09:38:20:558 Proceso CALIFSTOCK encontrado en tabla VDPROCESOS
02 09:38:20:560 Proceso CALIFSTOCK cargado con función vdprocesaloteshistst (Librería VDKERNEL.DLL) direccion 705E28D0
02 09:38:20:562 PLSQL: INICIALIZADO PAQUETE DE LOG EL DIA 25-03-2022
02 09:38:20:572 Actualizado SID 501 SERIAL 25986 del proceso con PID 13004

00 12:57:00:229 Fichero de log cerrado.

00 12:57:20:395 Fichero de log abierto PID 14012

02 12:57:20:397 Intentando abrir fichero v10.ini
02 12:57:20:410 Cargando driver v10oracle funcion damedriveroracle
02 12:57:21:122 Conectado a base de datos
02 12:57:21:125 Proceso CALIFSTOCK encontrado en tabla VDPROCESOS
02 12:57:21:127 Proceso CALIFSTOCK cargado con función vdprocesaloteshistst (Librería VDKERNEL.DLL) direccion 705E28D0
02 12:57:21:129 PLSQL: INICIALIZADO PAQUETE DE LOG EL DIA 25-03-2022
02 12:57:21:147 Actualizado SID 871 SERIAL 61001 del proceso con PID 14012

00 13:58:46:895 Fichero de log cerrado.

