00 14:47:31:724 Fichero de log abierto PID 12104

02 14:47:31:725 Intentando abrir fichero v10.ini
02 14:47:31:725 Cargando driver v10oracle funcion damedriveroracle
02 14:47:32:050 Conectado a base de datos
02 14:47:32:060 Proceso FUENTESTOCK encontrado en tabla VDPROCESOS
02 14:47:32:060 Proceso FUENTESTOCK cargado con función procesoperiodico (Librería VDKERNEL.DLL) direccion 62682D10
02 14:47:32:061 PLSQL: INICIALIZADO PAQUETE DE LOG EL DIA 23-06-2022
02 14:47:32:120 Actualizado SID 508 SERIAL 34321 del proceso con PID 12104
02 14:47:32:340 Analizado cursor TRATAFUENTE
02 14:47:32:340 Leidos 1 cursores
00 16:16:47:445 Programa finaliza por Error Oracle Fatal 3135 en cursor
	SELPROEJECUTAINMEDIATO

00 16:16:47:805 Fichero de log cerrado.

00 16:19:02:512 Fichero de log abierto PID 8612

02 16:19:02:512 Intentando abrir fichero v10.ini
02 16:19:02:517 Cargando driver v10oracle funcion damedriveroracle
02 16:19:03:229 Conectado a base de datos
02 16:19:03:230 Proceso FUENTESTOCK encontrado en tabla VDPROCESOS
02 16:19:03:232 Proceso FUENTESTOCK cargado con función procesoperiodico (Librería VDKERNEL.DLL) direccion 6B982D10
02 16:19:03:234 PLSQL: INICIALIZADO PAQUETE DE LOG EL DIA 23-06-2022
02 16:19:03:244 Actualizado SID 633 SERIAL 34499 del proceso con PID 8612
02 16:19:03:245 Analizado cursor TRATAFUENTE
02 16:19:03:245 Leidos 1 cursores

00 16:36:14:754 Fichero de log cerrado.

00 16:37:29:485 Fichero de log abierto PID 968

02 16:37:29:487 Intentando abrir fichero v10.ini
02 16:37:29:492 Cargando driver v10oracle funcion damedriveroracle
02 16:37:30:067 Conectado a base de datos
02 16:37:30:069 Proceso FUENTESTOCK encontrado en tabla VDPROCESOS
02 16:37:30:070 Proceso FUENTESTOCK cargado con función procesoperiodico (Librería VDKERNEL.DLL) direccion 6B982D10
02 16:37:30:072 PLSQL: INICIALIZADO PAQUETE DE LOG EL DIA 23-06-2022
02 16:37:30:080 Actualizado SID 266 SERIAL 13678 del proceso con PID 968
02 16:37:30:080 Analizado cursor TRATAFUENTE
02 16:37:30:080 Leidos 1 cursores

00 16:52:15:364 Fichero de log cerrado.

00 16:52:29:502 Fichero de log abierto PID 7428

02 16:52:29:502 Intentando abrir fichero v10.ini
02 16:52:29:507 Cargando driver v10oracle funcion damedriveroracle
02 16:52:30:225 Conectado a base de datos
02 16:52:30:227 Proceso FUENTESTOCK encontrado en tabla VDPROCESOS
02 16:52:30:227 Proceso FUENTESTOCK cargado con función procesoperiodico (Librería VDKERNEL.DLL) direccion 6B982D10
02 16:52:30:230 PLSQL: INICIALIZADO PAQUETE DE LOG EL DIA 23-06-2022
02 16:52:30:239 Actualizado SID 862 SERIAL 58418 del proceso con PID 7428
02 16:52:30:240 Analizado cursor TRATAFUENTE
02 16:52:30:240 Leidos 1 cursores

00 17:06:53:494 Fichero de log cerrado.

00 17:07:20:674 Fichero de log abierto PID 7200

02 17:07:20:675 Intentando abrir fichero v10.ini
02 17:07:20:680 Cargando driver v10oracle funcion damedriveroracle
02 17:07:21:445 Conectado a base de datos
02 17:07:21:449 Proceso FUENTESTOCK encontrado en tabla VDPROCESOS
02 17:07:21:450 Proceso FUENTESTOCK cargado con función procesoperiodico (Librería VDKERNEL.DLL) direccion 6B982D10
02 17:07:21:450 PLSQL: INICIALIZADO PAQUETE DE LOG EL DIA 23-06-2022
02 17:07:21:462 Actualizado SID 387 SERIAL 50096 del proceso con PID 7200
02 17:07:21:464 Analizado cursor TRATAFUENTE
02 17:07:21:464 Leidos 1 cursores

00 17:17:38:192 Fichero de log cerrado.

00 17:17:45:205 Fichero de log abierto PID 4676

02 17:17:45:209 Intentando abrir fichero v10.ini
02 17:17:45:214 Cargando driver v10oracle funcion damedriveroracle
02 17:17:45:704 Conectado a base de datos
02 17:17:45:705 Proceso FUENTESTOCK encontrado en tabla VDPROCESOS
02 17:17:45:705 Proceso FUENTESTOCK cargado con función procesoperiodico (Librería VDKERNEL.DLL) direccion 6B982D10
02 17:17:45:708 PLSQL: INICIALIZADO PAQUETE DE LOG EL DIA 23-06-2022
02 17:17:45:719 Actualizado SID 634 SERIAL 20812 del proceso con PID 4676
02 17:17:45:720 Analizado cursor TRATAFUENTE
02 17:17:45:720 Leidos 1 cursores

00 17:45:44:532 Fichero de log cerrado.

