00 09:07:45:512 Fichero de log abierto PID 5028

02 09:07:45:552 Intentando abrir fichero v10.ini
02 09:07:45:557 Cargando driver v10oracle funcion damedriveroracle
02 09:07:46:316 Conectado a base de datos
02 09:07:46:317 Proceso CALIFSTOCK encontrado en tabla VDPROCESOS
02 09:07:46:317 Proceso CALIFSTOCK cargado con función vdprocesaloteshistst (Librería VDKERNEL.DLL) direccion 705E28D0
02 09:07:46:320 PLSQL: INICIALIZADO PAQUETE DE LOG EL DIA 22-03-2022
02 09:07:46:336 Actualizado SID 875 SERIAL 58239 del proceso con PID 5028

00 17:07:22:530 Fichero de log cerrado.

00 17:07:34:687 Fichero de log abierto PID 10572

02 17:07:34:690 Intentando abrir fichero v10.ini
02 17:07:34:697 Cargando driver v10oracle funcion damedriveroracle
02 17:07:35:265 Conectado a base de datos
02 17:07:35:267 Proceso CALIFSTOCK encontrado en tabla VDPROCESOS
02 17:07:35:267 Proceso CALIFSTOCK cargado con función vdprocesaloteshistst (Librería VDKERNEL.DLL) direccion 705E28D0
02 17:07:35:269 PLSQL: INICIALIZADO PAQUETE DE LOG EL DIA 22-03-2022
02 17:07:35:280 Actualizado SID 631 SERIAL 54380 del proceso con PID 10572

00 17:12:06:664 Fichero de log cerrado.

00 17:12:10:870 Fichero de log abierto PID 11500

02 17:12:10:874 Intentando abrir fichero v10.ini
02 17:12:10:880 Cargando driver v10oracle funcion damedriveroracle
02 17:12:11:802 Conectado a base de datos
02 17:12:11:804 Proceso CALIFSTOCK encontrado en tabla VDPROCESOS
02 17:12:11:804 Proceso CALIFSTOCK cargado con función vdprocesaloteshistst (Librería VDKERNEL.DLL) direccion 705E28D0
02 17:12:11:806 PLSQL: INICIALIZADO PAQUETE DE LOG EL DIA 22-03-2022
02 17:12:11:817 Actualizado SID 753 SERIAL 39479 del proceso con PID 11500

00 17:58:54:109 Fichero de log cerrado.

