00 11:54:47:085 Fichero de log abierto PID 9732

02 11:54:47:087 Intentando abrir fichero v10.ini
02 11:54:47:092 Cargando driver v10oracle funcion damedriveroracle
02 11:54:47:767 Conectado a base de datos
02 11:54:47:770 Proceso CALIFSTOCK encontrado en tabla VDPROCESOS
02 11:54:47:770 Proceso CALIFSTOCK cargado con función vdprocesaloteshistst (Librería VDKERNEL.DLL) direccion 614B28D0
02 11:54:47:772 PLSQL: INICIALIZADO PAQUETE DE LOG EL DIA 30-06-2022
02 11:54:47:780 Actualizado SID 507 SERIAL 21136 del proceso con PID 9732

00 12:04:30:227 Fichero de log cerrado.

00 12:04:42:772 Fichero de log abierto PID 8916

02 12:04:42:775 Intentando abrir fichero v10.ini
02 12:04:42:780 Cargando driver v10oracle funcion damedriveroracle
02 12:04:43:112 Conectado a base de datos
02 12:04:43:182 Proceso CALIFSTOCK encontrado en tabla VDPROCESOS
02 12:04:43:184 Proceso CALIFSTOCK cargado con función vdprocesaloteshistst (Librería VDKERNEL.DLL) direccion 614B28D0
02 12:04:43:186 PLSQL: INICIALIZADO PAQUETE DE LOG EL DIA 30-06-2022
02 12:04:43:195 Actualizado SID 747 SERIAL 6870 del proceso con PID 8916

00 12:05:30:412 Fichero de log cerrado.

00 12:07:05:945 Fichero de log abierto PID 1540

02 12:07:05:945 Intentando abrir fichero v10.ini
02 12:07:05:952 Cargando driver v10oracle funcion damedriveroracle
02 12:07:06:475 Conectado a base de datos
02 12:07:06:477 Proceso CALIFSTOCK encontrado en tabla VDPROCESOS
02 12:07:06:479 Proceso CALIFSTOCK cargado con función vdprocesaloteshistst (Librería VDKERNEL.DLL) direccion 614B28D0
02 12:07:06:480 PLSQL: INICIALIZADO PAQUETE DE LOG EL DIA 30-06-2022
02 12:07:06:517 Actualizado SID 503 SERIAL 58429 del proceso con PID 1540

00 13:58:50:670 Fichero de log cerrado.

00 13:59:07:330 Fichero de log abierto PID 1532

02 13:59:07:332 Intentando abrir fichero v10.ini
02 13:59:07:339 Cargando driver v10oracle funcion damedriveroracle
02 13:59:08:280 Conectado a base de datos
02 13:59:08:280 Proceso CALIFSTOCK encontrado en tabla VDPROCESOS
02 13:59:08:280 Proceso CALIFSTOCK cargado con función vdprocesaloteshistst (Librería VDKERNEL.DLL) direccion 614B28D0
02 13:59:08:286 PLSQL: INICIALIZADO PAQUETE DE LOG EL DIA 30-06-2022
02 13:59:08:295 Actualizado SID 263 SERIAL 45219 del proceso con PID 1532

00 17:31:35:259 Fichero de log cerrado.

00 17:31:47:855 Fichero de log abierto PID 8072

02 17:31:47:865 Intentando abrir fichero v10.ini
02 17:31:47:872 Cargando driver v10oracle funcion damedriveroracle
02 17:31:48:342 Conectado a base de datos
02 17:31:48:345 Proceso CALIFSTOCK encontrado en tabla VDPROCESOS
02 17:31:48:347 Proceso CALIFSTOCK cargado con función vdprocesaloteshistst (Librería VDKERNEL.DLL) direccion 614B28D0
02 17:31:48:349 PLSQL: INICIALIZADO PAQUETE DE LOG EL DIA 30-06-2022
02 17:31:48:395 Actualizado SID 633 SERIAL 20410 del proceso con PID 8072

00 17:46:21:422 Fichero de log cerrado.

00 17:46:33:420 Fichero de log abierto PID 14780

02 17:46:33:424 Intentando abrir fichero v10.ini
02 17:46:33:437 Cargando driver v10oracle funcion damedriveroracle
02 17:46:33:937 Conectado a base de datos
02 17:46:33:940 Proceso CALIFSTOCK encontrado en tabla VDPROCESOS
02 17:46:33:942 Proceso CALIFSTOCK cargado con función vdprocesaloteshistst (Librería VDKERNEL.DLL) direccion 614B28D0
02 17:46:33:944 PLSQL: INICIALIZADO PAQUETE DE LOG EL DIA 30-06-2022
02 17:46:33:955 Actualizado SID 628 SERIAL 31118 del proceso con PID 14780

00 17:49:57:490 Fichero de log cerrado.

00 17:51:14:740 Fichero de log abierto PID 13344

02 17:51:14:740 Intentando abrir fichero v10.ini
02 17:51:14:745 Cargando driver v10oracle funcion damedriveroracle
02 17:51:15:454 Conectado a base de datos
02 17:51:15:455 Proceso CALIFSTOCK encontrado en tabla VDPROCESOS
02 17:51:15:455 Proceso CALIFSTOCK cargado con función vdprocesaloteshistst (Librería VDKERNEL.DLL) direccion 700328D0
02 17:51:15:458 PLSQL: INICIALIZADO PAQUETE DE LOG EL DIA 30-06-2022
02 17:51:15:467 Actualizado SID 623 SERIAL 62505 del proceso con PID 13344

00 17:52:14:359 Fichero de log cerrado.

