00 09:08:31:307 Fichero de log abierto PID 10532

02 09:08:31:310 Intentando abrir fichero v10.ini
02 09:08:31:316 Cargando driver v10oracle funcion damedriveroracle
02 09:08:32:020 Conectado a base de datos
02 09:08:32:022 Proceso FUENTESTOCK encontrado en tabla VDPROCESOS
02 09:08:32:022 Proceso FUENTESTOCK cargado con función procesoperiodico (Librería VDKERNEL.DLL) direccion 6FF62D10
02 09:08:32:025 PLSQL: INICIALIZADO PAQUETE DE LOG EL DIA 28-03-2022
02 09:08:32:057 Actualizado SID 754 SERIAL 27844 del proceso con PID 10532
02 09:08:32:062 Analizado cursor TRATAFUENTE
02 09:08:32:063 Leidos 1 cursores

00 15:19:41:767 Fichero de log cerrado.

00 15:19:48:440 Fichero de log abierto PID 11092

02 15:19:48:442 Intentando abrir fichero v10.ini
02 15:19:48:450 Cargando driver v10oracle funcion damedriveroracle
02 15:19:49:445 Conectado a base de datos
02 15:19:49:447 Proceso FUENTESTOCK encontrado en tabla VDPROCESOS
02 15:19:49:447 Proceso FUENTESTOCK cargado con función procesoperiodico (Librería VDKERNEL.DLL) direccion 6FF62D10
02 15:19:49:450 PLSQL: INICIALIZADO PAQUETE DE LOG EL DIA 28-03-2022
02 15:19:49:460 Actualizado SID 7 SERIAL 58177 del proceso con PID 11092
02 15:19:49:462 Analizado cursor TRATAFUENTE
02 15:19:49:462 Leidos 1 cursores

00 16:06:05:725 Fichero de log cerrado.

00 16:06:21:372 Fichero de log abierto PID 4588

02 16:06:21:374 Intentando abrir fichero v10.ini
02 16:06:21:380 Cargando driver v10oracle funcion damedriveroracle
02 16:06:22:150 Conectado a base de datos
02 16:06:22:150 Proceso FUENTESTOCK encontrado en tabla VDPROCESOS
02 16:06:22:152 Proceso FUENTESTOCK cargado con función procesoperiodico (Librería VDKERNEL.DLL) direccion 6FF62D10
02 16:06:22:154 PLSQL: INICIALIZADO PAQUETE DE LOG EL DIA 28-03-2022
02 16:06:22:164 Actualizado SID 505 SERIAL 49282 del proceso con PID 4588
02 16:06:22:165 Analizado cursor TRATAFUENTE
02 16:06:22:165 Leidos 1 cursores

00 17:59:49:290 Fichero de log cerrado.

