00 09:14:07:028 Fichero de log abierto PID 8084

02 09:14:07:031 Intentando abrir fichero v10.ini
02 09:14:07:037 Cargando driver v10oracle funcion damedriveroracle
02 09:14:07:528 Conectado a base de datos
02 09:14:07:531 Proceso FUENTESTOCK encontrado en tabla VDPROCESOS
02 09:14:07:532 Proceso FUENTESTOCK cargado con función procesoperiodico (Librería VDKERNEL.DLL) direccion 6C012D10
02 09:14:07:534 PLSQL: INICIALIZADO PAQUETE DE LOG EL DIA 29-06-2022
02 09:14:07:543 Actualizado SID 628 SERIAL 31045 del proceso con PID 8084
02 09:14:07:550 Analizado cursor TRATAFUENTE
02 09:14:07:551 Leidos 1 cursores

00 11:17:59:493 Fichero de log cerrado.

00 11:18:10:960 Fichero de log abierto PID 2984

02 11:18:10:962 Intentando abrir fichero v10.ini
02 11:18:10:967 Cargando driver v10oracle funcion damedriveroracle
02 11:18:11:373 Conectado a base de datos
02 11:18:11:376 Proceso FUENTESTOCK encontrado en tabla VDPROCESOS
02 11:18:11:377 Proceso FUENTESTOCK cargado con función procesoperiodico (Librería VDKERNEL.DLL) direccion 6C012D10
02 11:18:11:379 PLSQL: INICIALIZADO PAQUETE DE LOG EL DIA 29-06-2022
02 11:18:11:401 Actualizado SID 254 SERIAL 63260 del proceso con PID 2984
02 11:18:11:402 Analizado cursor TRATAFUENTE
02 11:18:11:402 Leidos 1 cursores

00 11:42:13:490 Fichero de log cerrado.

00 13:46:18:294 Fichero de log abierto PID 7816

02 13:46:18:295 Intentando abrir fichero v10.ini
02 13:46:18:302 Cargando driver v10oracle funcion damedriveroracle
02 13:46:19:082 Conectado a base de datos
02 13:46:19:084 Proceso FUENTESTOCK encontrado en tabla VDPROCESOS
02 13:46:19:084 Proceso FUENTESTOCK cargado con función procesoperiodico (Librería VDKERNEL.DLL) direccion 6C012D10
02 13:46:19:086 PLSQL: INICIALIZADO PAQUETE DE LOG EL DIA 29-06-2022
02 13:46:19:097 Actualizado SID 627 SERIAL 61523 del proceso con PID 7816
02 13:46:19:102 Analizado cursor TRATAFUENTE
02 13:46:19:102 Leidos 1 cursores

00 13:50:10:250 Fichero de log cerrado.

00 17:03:12:937 Fichero de log abierto PID 8940

02 17:03:12:940 Intentando abrir fichero v10.ini
02 17:03:12:947 Cargando driver v10oracle funcion damedriveroracle
02 17:03:13:752 Conectado a base de datos
02 17:03:13:755 Proceso FUENTESTOCK encontrado en tabla VDPROCESOS
02 17:03:13:755 Proceso FUENTESTOCK cargado con función procesoperiodico (Librería VDKERNEL.DLL) direccion 6C012D10
02 17:03:13:758 PLSQL: INICIALIZADO PAQUETE DE LOG EL DIA 29-06-2022
02 17:03:13:769 Actualizado SID 508 SERIAL 23248 del proceso con PID 8940
02 17:03:13:770 Analizado cursor TRATAFUENTE
02 17:03:13:770 Leidos 1 cursores

00 17:57:09:012 Fichero de log cerrado.

