00 09:08:32:728 Fichero de log abierto PID 15080

02 09:08:32:732 Intentando abrir fichero v10.ini
02 09:08:32:737 Cargando driver v10oracle funcion damedriveroracle
02 09:08:33:385 Conectado a base de datos
02 09:08:33:387 Proceso FUENTESTOCK encontrado en tabla VDPROCESOS
02 09:08:33:388 Proceso FUENTESTOCK cargado con función procesoperiodico (Librería VDKERNEL.DLL) direccion 6E792D10
02 09:08:33:390 PLSQL: INICIALIZADO PAQUETE DE LOG EL DIA 01-04-2022
02 09:08:33:407 Actualizado SID 388 SERIAL 56314 del proceso con PID 15080
02 09:08:33:412 Analizado cursor TRATAFUENTE
02 09:08:33:412 Leidos 1 cursores

00 10:41:41:258 Fichero de log cerrado.

00 10:42:00:570 Fichero de log abierto PID 12080

02 10:42:00:572 Intentando abrir fichero v10.ini
02 10:42:00:578 Cargando driver v10oracle funcion damedriveroracle
02 10:42:01:495 Conectado a base de datos
02 10:42:01:497 Proceso FUENTESTOCK encontrado en tabla VDPROCESOS
02 10:42:01:498 Proceso FUENTESTOCK cargado con función procesoperiodico (Librería VDKERNEL.DLL) direccion 6E792D10
02 10:42:01:501 PLSQL: INICIALIZADO PAQUETE DE LOG EL DIA 01-04-2022
02 10:42:01:512 Actualizado SID 134 SERIAL 36220 del proceso con PID 12080
02 10:42:01:513 Analizado cursor TRATAFUENTE
02 10:42:01:513 Leidos 1 cursores

00 12:15:10:325 Fichero de log cerrado.

00 12:15:18:929 Fichero de log abierto PID 3824

02 12:15:18:930 Intentando abrir fichero v10.ini
02 12:15:18:937 Cargando driver v10oracle funcion damedriveroracle
02 12:15:19:652 Conectado a base de datos
02 12:15:19:659 Proceso FUENTESTOCK encontrado en tabla VDPROCESOS
02 12:15:19:660 Proceso FUENTESTOCK cargado con función procesoperiodico (Librería VDKERNEL.DLL) direccion 6E792D10
02 12:15:19:662 PLSQL: INICIALIZADO PAQUETE DE LOG EL DIA 01-04-2022
02 12:15:19:672 Actualizado SID 753 SERIAL 23999 del proceso con PID 3824
02 12:15:19:674 Analizado cursor TRATAFUENTE
02 12:15:19:674 Leidos 1 cursores

00 13:10:54:649 Fichero de log cerrado.

00 13:11:06:937 Fichero de log abierto PID 12244

02 13:11:06:939 Intentando abrir fichero v10.ini
02 13:11:06:947 Cargando driver v10oracle funcion damedriveroracle
02 13:11:07:747 Conectado a base de datos
02 13:11:07:749 Proceso FUENTESTOCK encontrado en tabla VDPROCESOS
02 13:11:07:750 Proceso FUENTESTOCK cargado con función procesoperiodico (Librería VDKERNEL.DLL) direccion 6E792D10
02 13:11:07:752 PLSQL: INICIALIZADO PAQUETE DE LOG EL DIA 01-04-2022
02 13:11:07:762 Actualizado SID 10 SERIAL 45547 del proceso con PID 12244
02 13:11:07:764 Analizado cursor TRATAFUENTE
02 13:11:07:764 Leidos 1 cursores

00 13:31:06:350 Fichero de log cerrado.

00 13:31:13:732 Fichero de log abierto PID 10604

02 13:31:13:735 Intentando abrir fichero v10.ini
02 13:31:13:742 Cargando driver v10oracle funcion damedriveroracle
02 13:31:14:595 Conectado a base de datos
02 13:31:14:597 Proceso FUENTESTOCK encontrado en tabla VDPROCESOS
02 13:31:14:597 Proceso FUENTESTOCK cargado con función procesoperiodico (Librería VDKERNEL.DLL) direccion 6E792D10
02 13:31:14:600 PLSQL: INICIALIZADO PAQUETE DE LOG EL DIA 01-04-2022
02 13:31:14:610 Actualizado SID 139 SERIAL 5534 del proceso con PID 10604
02 13:31:14:612 Analizado cursor TRATAFUENTE
02 13:31:14:612 Leidos 1 cursores

00 13:39:34:107 Fichero de log cerrado.

00 13:39:47:824 Fichero de log abierto PID 7684

02 13:39:47:827 Intentando abrir fichero v10.ini
02 13:39:47:832 Cargando driver v10oracle funcion damedriveroracle
02 13:39:48:677 Conectado a base de datos
02 13:39:48:679 Proceso FUENTESTOCK encontrado en tabla VDPROCESOS
02 13:39:48:680 Proceso FUENTESTOCK cargado con función procesoperiodico (Librería VDKERNEL.DLL) direccion 6E792D10
02 13:39:48:682 PLSQL: INICIALIZADO PAQUETE DE LOG EL DIA 01-04-2022
02 13:39:48:695 Actualizado SID 389 SERIAL 40128 del proceso con PID 7684
02 13:39:48:695 Analizado cursor TRATAFUENTE
02 13:39:48:695 Leidos 1 cursores

00 13:41:22:215 Fichero de log cerrado.

00 13:41:28:944 Fichero de log abierto PID 16260

02 13:41:28:945 Intentando abrir fichero v10.ini
02 13:41:28:952 Cargando driver v10oracle funcion damedriveroracle
02 13:41:29:510 Conectado a base de datos
02 13:41:29:512 Proceso FUENTESTOCK encontrado en tabla VDPROCESOS
02 13:41:29:514 Proceso FUENTESTOCK cargado con función procesoperiodico (Librería VDKERNEL.DLL) direccion 6E792D10
02 13:41:29:515 PLSQL: INICIALIZADO PAQUETE DE LOG EL DIA 01-04-2022
02 13:41:29:525 Actualizado SID 253 SERIAL 29818 del proceso con PID 16260
02 13:41:29:527 Analizado cursor TRATAFUENTE
02 13:41:29:527 Leidos 1 cursores

00 13:58:39:759 Fichero de log cerrado.

