00 09:05:35:611 Fichero de log abierto PID 8516

02 09:05:35:612 Intentando abrir fichero v10.ini
02 09:05:35:618 Cargando driver v10oracle funcion damedriveroracle
02 09:05:36:367 Conectado a base de datos
02 09:05:36:370 Proceso FUENTESTOCK encontrado en tabla VDPROCESOS
02 09:05:36:371 Proceso FUENTESTOCK cargado con función procesoperiodico (Librería VDKERNEL.DLL) direccion 705F2D10
02 09:05:36:373 PLSQL: INICIALIZADO PAQUETE DE LOG EL DIA 24-03-2022
02 09:05:36:382 Actualizado SID 9 SERIAL 21992 del proceso con PID 8516
02 09:05:36:388 Analizado cursor TRATAFUENTE
02 09:05:36:390 Leidos 1 cursores

00 10:23:49:043 Fichero de log cerrado.

00 10:23:55:732 Fichero de log abierto PID 17268

02 10:23:55:732 Intentando abrir fichero v10.ini
02 10:23:55:742 Cargando driver v10oracle funcion damedriveroracle
02 10:23:56:481 Conectado a base de datos
02 10:23:56:482 Proceso FUENTESTOCK encontrado en tabla VDPROCESOS
02 10:23:56:483 Proceso FUENTESTOCK cargado con función procesoperiodico (Librería VDKERNEL.DLL) direccion 705F2D10
02 10:23:56:486 PLSQL: INICIALIZADO PAQUETE DE LOG EL DIA 24-03-2022
02 10:23:56:497 Actualizado SID 874 SERIAL 22454 del proceso con PID 17268
02 10:23:56:497 Analizado cursor TRATAFUENTE
02 10:23:56:497 Leidos 1 cursores

00 17:58:50:005 Fichero de log cerrado.

